Running observer at: 1456797222535
production-topology1-1-1456797222,0.0,0.0,0,0,1456797222829
Running observer at: 1456797223341
production-topology1-1-1456797222,0.0,0.0,0,0,1456797223663
Running observer at: 1456797229271
production-topology2-2-1456797229,0.0,0.0,0,0,1456797229652
production-topology1-1-1456797222,0.0,0.0,0,0,1456797229653
Running observer at: 1456797234069
production-topology2-2-1456797229,0.0,0.0,0,0,1456797234544
production-topology1-1-1456797222,0.0,0.0,0,0,1456797234544
Running observer at: 1456797236214
production-topology3-3-1456797235,0.0,0.0,0,0,1456797236685
production-topology2-2-1456797229,0.0,0.0,0,0,1456797236714
production-topology1-1-1456797222,0.0,0.0,80,0,1456797236714
Running observer at: 1456797243312
production-topology3-3-1456797235,0.0,0.0,0,0,1456797244044
production-topology2-2-1456797229,1.3037037037037038,0.32592592592592595,300,120,1456797244045
production-topology4-4-1456797243,0.0,0.0,0,0,1456797244045
production-topology1-1-1456797222,0.5484330484330484,0.09140550807217473,520,200,1456797244045
Running observer at: 1456797244953
production-topology3-3-1456797235,0.0,0.0,0,0,1456797245481
production-topology2-2-1456797229,0.09721495435781147,0.2801837316123031,520,40,1456797245481
production-topology4-4-1456797243,0.0,0.0,0,0,1456797245482
production-topology1-1-1456797222,1.2,0.24977614977614976,100,120,1456797245482
Running observer at: 1456797256180
production-topology3-3-1456797235,0.928487927772832,0.232121981943208,1600,2720,1456797256768
production-topology2-2-1456797229,1.169032290216379,0.4283251580463157,1840,1280,1456797256768
production-topology4-4-1456797243,0.0,0.0,0,0,1456797256769
production-topology1-1-1456797222,1.1286548604511122,0.35963598861052004,2320,1620,1456797256769
Running observer at: 1456797267473
production-topology3-3-1456797235,1.047619690936474,0.39522152374186115,2420,4400,1456797268109
production-topology2-2-1456797229,1.0079629810831336,0.5111305613372897,2180,1540,1456797268110
production-topology4-4-1456797243,0.7605594405594405,0.19013986013986012,780,1080,1456797268110
production-topology1-1-1456797222,0.9633815335137335,0.4267188269330993,2280,1380,1456797268110
Running observer at: 1456797278877
production-topology3-3-1456797235,1.0013268182781556,0.4962390728312436,2160,3880,1456797279595
production-topology2-2-1456797229,1.0125255739940897,0.5738049379193897,2400,1620,1456797279595
production-topology4-4-1456797243,1.0471521942110178,0.36154232695409166,2340,4360,1456797279595
production-topology1-1-1456797222,0.9556184538526028,0.4796087896250497,2080,1440,1456797279595
Running observer at: 1456797290226
production-topology3-3-1456797235,0.9301510637163026,0.5582265001005376,2120,3740,1456797290838
production-topology2-2-1456797229,1.143957115329285,0.6371551798538225,2300,1480,1456797290839
production-topology4-4-1456797243,1.0129749915762174,0.47011443772444594,2360,4300,1456797290839
production-topology1-1-1456797222,1.0835288189006873,0.5345106104682894,2300,1440,1456797290839
Running observer at: 1456797301484
production-topology3-3-1456797235,1.040269494637457,0.6184818744176526,2360,4340,1456797302087
production-topology2-2-1456797229,1.0421761032691397,0.6776572721953542,1920,1260,1456797302087
production-topology4-4-1456797243,0.9858319716920638,0.5437883711483914,2200,3940,1456797302087
production-topology1-1-1456797222,1.19492819534855,0.5895454092083111,2380,1540,1456797302088
Running observer at: 1456797312642
production-topology3-3-1456797235,1.050453748246626,0.6664787492875386,2420,4340,1456797313234
production-topology2-2-1456797229,0.854620865029945,0.6937448715439534,2460,1460,1456797313234
production-topology4-4-1456797243,1.0720293723444898,0.6098184962979036,2060,3720,1456797313234
production-topology1-1-1456797222,0.744008541146966,0.6014271885882077,1880,1220,1456797313234
Running observer at: 1456797323849
production-topology3-3-1456797235,0.9061146675374553,0.6904423411125302,1820,3200,1456797324458
production-topology2-2-1456797229,1.166888413510035,0.7331735000411269,2220,1560,1456797324458
production-topology4-4-1456797243,0.9329214906566164,0.6457188290044272,2380,4220,1456797324458
production-topology1-1-1456797222,1.083987085664505,0.6358957526650861,2500,1540,1456797324459
Running observer at: 1456797335115
production-topology3-3-1456797235,1.1018778043069544,0.727845565039296,2340,4400,1456797335672
production-topology2-2-1456797229,0.9636137147951932,0.7508996704068243,2360,1400,1456797335673
production-topology4-4-1456797243,0.9859963113520024,0.6797465772391847,2420,4320,1456797335673
production-topology1-1-1456797222,1.016523783185841,0.6612709546998031,2240,1460,1456797335673
Running observer at: 1456797346252
production-topology3-3-1456797235,0.9129296561715283,0.7432692393003153,2460,4260,1456797346804
production-topology2-2-1456797229,0.9168380587529129,0.7627524124315448,2060,1340,1456797346804
production-topology4-4-1456797243,1.0350445755712305,0.7120463952693707,1940,3540,1456797346805
production-topology1-1-1456797222,0.900440717159141,0.6762190648535117,2280,1480,1456797346805
Running observer at: 1456797357428
production-topology3-3-1456797235,1.0758157722683355,0.7688497418363168,1960,3500,1456797358050
production-topology2-2-1456797229,1.0752713238245706,0.7835870065244133,2320,1460,1456797358050
production-topology4-4-1456797243,0.9809636554513126,0.7344561669511992,2240,4080,1456797358050
production-topology1-1-1456797222,1.0232537320530442,0.6966328688064254,2060,1360,1456797358050
Running observer at: 1456797368603
production-topology3-3-1456797235,1.0012068888273609,0.7854466809071058,2200,4080,1456797369139
production-topology2-2-1456797229,0.9215059479856063,0.7922069403657378,2400,1500,1456797369140
production-topology4-4-1456797243,1.0315642243666745,0.7573106329062357,2340,4380,1456797369140
production-topology1-1-1456797222,1.1710198980323732,0.7229877037634225,2260,1380,1456797369140
Running observer at: 1456797379692
production-topology3-3-1456797235,1.0093885101429996,0.8003761361894987,2480,4380,1456797380292
production-topology2-2-1456797229,1.1297497237245755,0.8120623982103753,1940,1220,1456797380292
production-topology4-4-1456797243,0.917353755881805,0.7687422845473478,2040,3440,1456797380293
production-topology1-1-1456797222,0.8697362073219687,0.7307113092138723,2300,1480,1456797380293
Running observer at: 1456797390973
production-topology3-3-1456797235,1.0285588051404377,0.8146375529989324,2000,3580,1456797391542
production-topology2-2-1456797229,0.9538147158589867,0.8199375269686315,2240,1520,1456797391542
production-topology4-4-1456797243,1.0495470863032248,0.7874626046644063,2260,4100,1456797391543
production-topology1-1-1456797222,1.0963814279831976,0.7489948151523386,2040,1380,1456797391543
Running observer at: 1456797402182
production-topology3-3-1456797235,0.9382074118909358,0.8219063682278738,2160,3920,1456797402712
production-topology2-2-1456797229,0.9938999583412109,0.8290934444092937,2360,1540,1456797402713
production-topology4-4-1456797243,0.9769263337432454,0.7993040877318337,2400,4340,1456797402713
production-topology1-1-1456797222,1.021089460491764,0.7619517030256446,2360,1500,1456797402713
Running observer at: 1456797413259
production-topology3-3-1456797235,0.9849149282839846,0.8309623993421021,2480,4340,1456797413874
production-topology2-2-1456797229,1.15943661971831,0.8456106031747446,1900,1240,1456797413874
production-topology4-4-1456797243,1.00706460803235,0.8115252948083347,1860,3380,1456797413874
production-topology1-1-1456797222,1.0379971186198127,0.7744992219162886,2180,1420,1456797413874
Running observer at: 1456797424490
production-topology3-3-1456797235,1.1066215171558922,0.8454707739638806,2120,3960,1456797425108
production-topology2-2-1456797229,0.8859761142360167,0.8475327703681385,2380,1460,1456797425108
production-topology4-4-1456797243,0.9663725238322012,0.8201279186429938,2400,4180,1456797425109
production-topology1-1-1456797222,0.9904339250493095,0.7838876872698982,2080,1360,1456797425109
Running observer at: 1456797435718
production-topology3-3-1456797235,0.919354112922391,0.849164940911806,2060,3660,1456797436236
production-topology2-2-1456797229,1.1249981175265804,0.860144831602613,2380,1540,1456797436236
production-topology4-4-1456797243,1.0172680239199083,0.8305037136575684,2340,4340,1456797436237
production-topology1-1-1456797222,1.07261052218103,0.7959178053911954,2360,1520,1456797436237
Running observer at: 1456797446870
production-topology3-3-1456797235,1.0033487495399303,0.8565070270369549,2440,4280,1456797447510
production-topology2-2-1456797229,0.9828678229665072,0.8654806138358259,1900,1260,1456797447510
production-topology4-4-1456797243,0.9786598134399391,0.8379115186466869,2040,3780,1456797447510
production-topology1-1-1456797222,0.8947886722891626,0.7998726400671141,2380,1460,1456797447510
Running observer at: 1456797458025
production-topology3-3-1456797235,1.0074360997309961,0.8633674394321386,2260,4200,1456797458763
production-topology2-2-1456797229,0.9332071320764371,0.8683025520958513,2480,1520,1456797458763
production-topology4-4-1456797243,1.0816178314539133,0.8495165811613167,2120,3780,1456797458764
production-topology1-1-1456797222,1.0683416268141266,0.8101983703266147,1900,1260,1456797458764
Running observer at: 1456797469314
production-topology3-3-1456797235,1.0075373668904897,0.869635697147719,1900,3400,1456797469869
production-topology2-2-1456797229,0.9047973354370187,0.869762343429498,2260,1460,1456797469869
production-topology4-4-1456797243,0.9221756683941329,0.8528192669446265,2480,4380,1456797469870
production-topology1-1-1456797222,1.0103550041565788,0.8176115789869838,2320,1460,1456797469870
Running observer at: 1456797480445
production-topology3-3-1456797235,1.053747333986511,0.8773070153493353,2360,4360,1456797481072
production-topology2-2-1456797229,0.8995390209175762,0.8709076002559625,1920,1280,1456797481073
production-topology4-4-1456797243,1.025414492050006,0.8603234071665995,2100,3900,1456797481073
production-topology1-1-1456797222,0.8999999999999998,0.8205540225945914,2340,1480,1456797481073
Running observer at: 1456797491565
production-topology3-3-1456797235,0.9531664821981236,0.8803413940232869,2360,4180,1456797492143
production-topology2-2-1456797229,1.2705837108723324,0.8857104191676799,2400,1540,1456797492144
production-topology4-4-1456797243,1.0705999305371439,0.8690849289737056,1980,3720,1456797492144
production-topology1-1-1456797222,0.9843585880452241,0.8262024558859926,1960,1220,1456797492144
Running observer at: 1456797502703
production-topology3-3-1456797235,0.9541650027082358,0.8831807635880927,1920,3380,1456797503303
production-topology2-2-1456797229,0.8218881792408997,0.8834310534560093,2260,1500,1456797503303
production-topology4-4-1456797243,1.004514375352623,0.8745021068288623,2500,4300,1456797503304
production-topology1-1-1456797222,0.9740550198732908,0.8311308746855691,2320,1540,1456797503304
Running observer at: 1456797513796
production-topology3-3-1456797235,1.0667780190262626,0.8899806619376546,2380,4400,1456797514353
production-topology2-2-1456797229,1.1087926806676807,0.8912021440495151,2100,1300,1456797514353
production-topology4-4-1456797243,0.9656854391755225,0.8780091580729648,2180,3880,1456797514353
production-topology1-1-1456797222,1.0000279611284248,0.8644651400565166,2380,1440,1456797514353
Running observer at: 1456797524831
production-topology3-3-1456797235,0.9823162458922863,0.8932783613646056,2360,4140,1456797525422
production-topology2-2-1456797229,1.0442305202010962,0.8963030899212345,2180,1420,1456797525422
production-topology4-4-1456797243,1.0233683328831675,0.8833928312140833,2020,3660,1456797525422
production-topology1-1-1456797222,0.9864906278205746,0.8973481609838692,1960,1160,1456797525422
Running observer at: 1456797535914
production-topology3-3-1456797235,0.9853658536585366,0.8964537921333618,1900,3440,1456797536536
production-topology2-2-1456797229,0.9614996820078491,0.9283530793214961,2320,1520,1456797536536
production-topology4-4-1456797243,1.0120691387855683,0.8879884136273505,2340,4360,1456797536536
production-topology1-1-1456797222,1.0203760007667682,0.9313606943427614,2340,1540,1456797536536
Running observer at: 1456797547119
production-topology3-3-1456797235,1.0180603225913816,0.9005073431486291,2360,4340,1456797547677
production-topology2-2-1456797229,1.087516831626133,0.9646036403757006,2060,1300,1456797547678
production-topology4-4-1456797243,0.9562673667814271,0.8903428602878359,2220,3800,1456797547678
production-topology1-1-1456797222,1.0695688487106745,0.9670129892997839,2260,1400,1456797547678
Running observer at: 1456797558114
production-topology3-3-1456797235,0.9462300647248914,0.9320483453061255,2380,4140,1456797558744
production-topology2-2-1456797229,1.0405224353736264,0.9992877215548215,2280,1480,1456797558745
production-topology4-4-1456797243,1.0965172663541085,0.897215340490045,1980,3760,1456797558745
production-topology1-1-1456797222,0.884920100213812,0.9965103259735776,1960,1260,1456797558745
Running observer at: 1456797569327
production-topology3-3-1456797235,0.995100077306825,0.9652183478830197,1880,3360,1456797569879
production-topology2-2-1456797229,0.9513891112326623,0.9875439018057867,2280,1400,1456797569880
production-topology4-4-1456797243,0.8843280751803527,0.9266929429960569,2500,4380,1456797569880
production-topology1-1-1456797222,1.0204478683236078,1.012244153303263,2440,1520,1456797569880
Running observer at: 1456797580465
production-topology3-3-1456797235,1.0394387231095712,0.9998663053200054,2380,4320,1456797581060
production-topology2-2-1456797229,0.985292934679453,1.0171465011498413,2000,1300,1456797581060
production-topology4-4-1456797243,1.0577106264280605,0.9619499638769923,2160,3820,1456797581060
production-topology1-1-1456797222,1.1315334991010664,1.0099619366066317,2220,1520,1456797581061
Running observer at: 1456797591533
production-topology3-3-1456797235,1.0462656324562345,1.0037922288094523,2260,4220,1456797592123
production-topology2-2-1456797229,0.9334924791667218,1.009295174114853,2340,1500,1456797592124
production-topology4-4-1456797243,0.9986526528880477,0.9952383856399272,2040,3620,1456797592124
production-topology1-1-1456797222,0.8604911202313799,1.001023145265974,1980,1160,1456797592124
Running observer at: 1456797602593
production-topology3-3-1456797235,0.968140286901845,1.0011429153416314,1940,3480,1456797603092
production-topology2-2-1456797229,1.1004864677057125,1.0123792903356055,2260,1460,1456797603092
production-topology4-4-1456797243,1.0211337703224015,1.0039241966320258,2340,4380,1456797603093
production-topology1-1-1456797222,0.9342586755371355,1.0000523833334207,2360,1560,1456797603093
Running observer at: 1456797613718
production-topology3-3-1456797235,0.9877485810520753,1.0006903074340951,2420,4280,1456797614276
production-topology2-2-1456797229,1.0469440388630378,1.0135265724979037,1900,1220,1456797614276
production-topology4-4-1456797243,1.0305904411457738,1.0033721381965177,2160,3820,1456797614276
production-topology1-1-1456797222,0.9845391761166513,1.001016407408889,2260,1400,1456797614276
Running observer at: 1456797624756
production-topology3-3-1456797235,0.9341224071924579,1.0008226855499671,2300,4040,1456797625317
production-topology2-2-1456797229,1.073439021562323,1.0111759693723383,2400,1540,1456797625317
production-topology4-4-1456797243,0.9566336386306545,1.0014940930983323,2040,3700,1456797625317
production-topology1-1-1456797222,1.2366168650755647,1.0061193422813848,1960,1300,1456797625317
Running observer at: 1456797635888
production-topology3-3-1456797235,1.0336497030067173,1.0006020258289423,1900,3540,1456797636389
production-topology2-2-1456797229,0.8635913092551855,1.0052231429052065,2340,1380,1456797636389
production-topology4-4-1456797243,0.9964082407156412,1.001846635399118,2480,4280,1456797636390
production-topology1-1-1456797222,0.9175353899026266,0.9968729154331875,2400,1540,1456797636390
Running observer at: 1456797647005
production-topology3-3-1456797235,1.0501767217297515,1.0005927916117132,2380,4340,1456797647604
production-topology2-2-1456797229,1.032973404970729,1.0111682275698992,1860,1220,1456797647604
production-topology4-4-1456797243,1.02098180305672,1.0001450497561926,2120,3920,1456797647604
production-topology1-1-1456797222,0.9683018648321116,1.0043493595560256,2320,1480,1456797647605
Running observer at: 1456797658155
production-topology3-3-1456797235,0.9663396119091731,1.002600289757437,2340,4120,1456797658741
production-topology2-2-1456797229,1.0710526842491652,1.0079737032612035,2420,1500,1456797658741
production-topology4-4-1456797243,1.0350755132078824,1.0035501838412346,2000,3720,1456797658742
production-topology1-1-1456797222,1.0194429413179413,1.0021978880778069,2000,1360,1456797658742
Running observer at: 1456797669217
production-topology3-3-1456797235,1.0557784616768067,1.001063645003099,1920,3500,1456797669729
production-topology2-2-1456797229,0.8945621222358404,1.0056719835092252,2320,1480,1456797669729
production-topology4-4-1456797243,0.953731698991337,1.002474696762546,2420,4340,1456797669730
production-topology1-1-1456797222,0.9735135445362718,1.0007642134561543,2280,1400,1456797669730
Running observer at: 1456797680275
production-topology3-3-1456797235,1.022361370011601,1.004711368797768,2360,4280,1456797680836
production-topology2-2-1456797229,1.0867520435407743,1.0113357830021539,1920,1200,1456797680837
production-topology4-4-1456797243,1.0615956854711368,1.0033597337592093,2160,3920,1456797680837
production-topology1-1-1456797222,1.1248829707876886,1.0082456219104394,2260,1560,1456797680837
Running observer at: 1456797691342
production-topology3-3-1456797235,0.9722993134453275,1.0012608201703344,2260,4160,1456797691991
production-topology2-2-1456797229,1.0303799759019865,1.0098394047380677,2420,1600,1456797691991
production-topology4-4-1456797243,0.9351616607564732,1.0018330006027147,2060,3640,1456797691991
production-topology1-1-1456797222,0.8992514276894583,1.0041122117649863,1940,1200,1456797691991
Running observer at: 1456797702539
production-topology3-3-1456797235,1.0150694444444446,1.0017229053575705,2000,3460,1456797703025
production-topology2-2-1456797229,1.1369664527819108,1.0170214215646112,2240,1460,1456797703025
production-topology4-4-1456797243,0.9506096230066305,0.9991345138907133,2420,4280,1456797703025
production-topology1-1-1456797222,1.0001602564102563,0.9984168903775825,2420,1580,1456797703025
Running observer at: 1456797713686
production-topology3-3-1456797235,0.967651270677194,1.0003316640420437,2380,4300,1456797714238
production-topology2-2-1456797229,0.833535613252781,1.0071476178822178,1920,1200,1456797714239
production-topology4-4-1456797243,1.0055927893058434,1.002075815004848,2220,3980,1456797714239
production-topology1-1-1456797222,0.9655543487181816,1.001610828424123,2240,1480,1456797714239
Running observer at: 1456797724808
production-topology3-3-1456797235,1.0338166264806823,1.000506924753385,2320,4160,1456797725386
production-topology2-2-1456797229,0.985056681552731,1.008189016738676,2440,1500,1456797725387
production-topology4-4-1456797243,1.041528032087724,1.0018085131976648,2000,3600,1456797725387
production-topology1-1-1456797222,1.096097495484036,1.0016013640074841,2080,1320,1456797725387
Running observer at: 1456797735944
production-topology3-3-1456797235,0.9923642854033347,1.0023121538704651,1900,3420,1456797736439
production-topology2-2-1456797229,1.0914230905144124,1.011439787811116,2280,1480,1456797736439
production-topology4-4-1456797243,0.9896397670488748,1.0022322943078523,2360,4300,1456797736439
production-topology1-1-1456797222,1.1553322256044578,1.006076122844574,2260,1520,1456797736439
Running observer at: 1456797747071
production-topology3-3-1456797235,0.9469431335730445,1.0010464273801005,2460,4320,1456797747629
production-topology2-2-1456797229,0.9140939988511421,1.0032617004488773,2120,1360,1456797747629
production-topology4-4-1456797243,1.0399114823795133,1.0033271901194243,2160,4020,1456797747629
production-topology1-1-1456797222,0.9510311184132858,1.0031772561710233,2240,1420,1456797747629
Running observer at: 1456797758126
production-topology3-3-1456797235,1.0545079023130874,0.9993093068853403,2220,4180,1456797758712
production-topology2-2-1456797229,1.1106578251386257,1.0107510908122976,2200,1460,1456797758712
production-topology4-4-1456797243,0.987518796992481,1.0040320658914337,2100,3680,1456797758712
production-topology1-1-1456797222,1.055208495082048,1.0053364085054477,2040,1340,1456797758712
Running observer at: 1456797769280
production-topology3-3-1456797235,0.9751050466986622,1.0011676713445492,2000,3440,1456797769806
production-topology2-2-1456797229,1.0432611991061065,1.0080265268649484,2240,1420,1456797769806
production-topology4-4-1456797243,1.0113777319211308,1.0038357228248078,2380,4160,1456797769806
production-topology1-1-1456797222,0.8784476444944886,0.998864312582563,2340,1460,1456797769806
Running observer at: 1456797780428
production-topology3-3-1456797235,1.060168229452644,1.0030616540083064,2380,4380,1456797780974
production-topology2-2-1456797229,0.9345913077146051,1.006417309689885,2240,1460,1456797780974
production-topology4-4-1456797243,1.0323771756528513,1.0056263015652382,2120,3920,1456797780974
production-topology1-1-1456797222,1.0330877188072816,1.0034742807998336,2300,1380,1456797780974
Running observer at: 1456797791528
production-topology3-3-1456797235,1.0196584816479792,1.0034690667388726,2260,4120,1456797792103
production-topology2-2-1456797229,0.872299519326327,1.004387055931548,2180,1320,1456797792103
production-topology4-4-1456797243,0.9570961763785997,1.0014755797293942,2040,3680,1456797792103
production-topology1-1-1456797222,0.9743311641444,1.0003405987108427,2180,1480,1456797792103
Running observer at: 1456797802677
production-topology3-3-1456797235,0.8672848425470638,0.9987939825940917,1980,3440,1456797803291
production-topology2-2-1456797229,1.0927770859277708,1.010653047614573,2240,1460,1456797803291
production-topology4-4-1456797243,0.9890233695845392,1.0037038364357411,2440,4340,1456797803291
production-topology1-1-1456797222,1.0087102767973888,1.0002857744655365,2080,1380,1456797803291
Running observer at: 1456797813909
production-topology3-3-1456797235,1.0571862249898936,0.9989086122942045,2440,4460,1456797814459
production-topology2-2-1456797229,0.9696359871028184,1.012989613154081,2140,1380,1456797814459
production-topology4-4-1456797243,1.0220268777614137,1.0035909159594547,2300,4140,1456797814459
production-topology1-1-1456797222,0.9545053527761568,1.0021026195580751,2400,1360,1456797814460
Running observer at: 1456797824965
production-topology3-3-1456797235,1.058996939683082,1.0024362942103697,2220,4020,1456797825587
production-topology2-2-1456797229,1.0464842525147615,1.0055196312088288,2180,1380,1456797825587
production-topology4-4-1456797243,0.946235145734091,0.9994454231326864,1980,3440,1456797825587
production-topology1-1-1456797222,1.1087636688131168,1.0062494555836714,2040,1540,1456797825588
Running observer at: 1456797836145
production-topology3-3-1456797235,0.8558557991875135,0.999159320759679,1920,3460,1456797836711
production-topology2-2-1456797229,1.056918292883205,1.0133539683302388,2280,1460,1456797836711
production-topology4-4-1456797243,1.024960543848799,1.0001269620825588,2360,4360,1456797836712
production-topology1-1-1456797222,0.8610039506901517,1.0024810866109002,2220,1320,1456797836712
Running observer at: 1456797847309
production-topology3-3-1456797235,1.0338620709077753,0.9980621224890629,2420,4400,1456797847833
production-topology2-2-1456797229,0.8945694583603465,1.006213194253328,2300,1460,1456797847833
production-topology4-4-1456797243,1.0116034763637376,1.001657563322166,2240,4140,1456797847833
production-topology1-1-1456797222,1.068414908785065,1.0047606515327883,2300,1480,1456797847833
/var/nimbus/storm/bin/storm rebalance production-topology3 -e spout_head=11
1456797848126
/var/nimbus/storm/bin/storm rebalance production-topology2 -e spout_head=9
Running observer at: 1456797858334
production-topology2-2-1456797229,1.0003291643903676,1.0003291643903676,122220,78040,1456797858875
production-topology3-3-1456797235,1.000516953606085,1.000516953606085,120980,217760,1456797858876
production-topology4-4-1456797243,0.9030855865721061,0.9976481384451307,2040,3380,1456797858876
production-topology1-1-1456797222,0.9598737921768999,1.0038734236779991,2160,1420,1456797858876
Running observer at: 1456797869445
production-topology2-2-1456797229,7.8125,4.4064145821951834,40,100,1456797869959
production-topology3-3-1456797235,0.6840277777777778,0.8422723656919313,80,140,1456797869959
production-topology4-4-1456797243,0.9905461448324236,0.9969307053133591,2380,4360,1456797869959
production-topology1-1-1456797222,1.0969452657353251,1.0064257325102843,2180,1300,1456797869959
Running observer at: 1456797880627
production-topology2-2-1456797229,1.0,3.270943054796789,0,0,1456797881145
production-topology3-3-1456797235,2.0,1.2281815771279543,0,0,1456797881145
production-topology4-4-1456797243,1.0488918114213799,1.0000181868013578,2280,4100,1456797881145
production-topology1-1-1456797222,1.0579427083333333,1.0060381944977062,2260,1500,1456797881145
Running observer at: 1456797886125
production-topology2-2-1456797229,1.0,2.7032072910975917,0,0,1456797886755
production-topology3-3-1456797235,2.0,1.4211361828459657,0,0,1456797886755
production-topology4-4-1456797243,0.8880048800035132,0.9930677739230045,960,1720,1456797886755
production-topology1-1-1456797222,0.8395867001853003,1.0045270811634226,1200,780,1456797886755
Running observer at: 1456797887305
production-topology2-2-1456797229,1.0,2.362565832878073,0,0,1456797887800
production-topology3-3-1456797235,0.0,1.1369089462767725,108980,0,1456797887801
production-topology4-4-1456797243,1.3321939397335503,1.0079966360747779,380,700,1456797887801
production-topology1-1-1456797222,1.4,1.017178818885969,100,100,1456797887801
Running observer at: 1456797891651
production-topology2-2-1456797229,1.0011606051217399,2.135664961585351,0,31260,1456797892226
production-topology3-3-1456797235,0.9928544308592959,1.1128998603738598,73100,130860,1456797892226
production-topology4-4-1456797243,0.969307657859382,1.0050498704558217,580,1060,1456797892226
production-topology1-1-1456797222,0.8082844574780059,1.006403850831867,960,400,1456797892227
Running observer at: 1456797902683
production-topology2-2-1456797229,1.0011606051217399,1.973592910661978,0,31260,1456797903227
production-topology3-3-1456797235,0.8445749081728842,1.074567724345149,1780,2720,1456797903227
production-topology4-4-1456797243,1.0756967193657125,1.0076180060050772,2380,4280,1456797903227
production-topology1-1-1456797222,1.0635534822373844,1.013172596232067,2060,1480,1456797903227
Running observer at: 1456797913771
production-topology2-2-1456797229,0.9158185564435563,1.8413711163846753,1360,800,1456797914311
production-topology3-3-1456797235,1.011475895007552,1.0666812456779493,2660,4760,1456797914311
production-topology4-4-1456797243,0.891276817228948,1.0032894409019621,2260,3880,1456797914311
production-topology1-1-1456797222,0.9173829728737098,1.012610072809953,2380,1460,1456797914312
Running observer at: 1456797924855
production-topology2-2-1456797229,1.0768023882306832,1.7564190354786762,1900,1280,1456797925425
production-topology3-3-1456797235,0.976645252213285,1.0566772464040977,2400,4340,1456797925425
production-topology4-4-1456797243,1.1002107668735692,1.005610118426222,1980,3740,1456797925425
production-topology1-1-1456797222,1.0724407890524503,1.0155401265744797,2000,1280,1456797925425
Running observer at: 1456797935918
production-topology2-2-1456797229,0.9388073946276916,1.674657871393578,2160,1320,1456797936422
production-topology3-3-1456797235,0.9780154791205717,1.0488110696757451,2240,4020,1456797936422
production-topology4-4-1456797243,0.9343416739291672,1.0048670529361725,2480,4280,1456797936422
production-topology1-1-1456797222,1.024541691306919,1.0084709541155246,2240,1540,1456797936422
Running observer at: 1456797946948
production-topology2-2-1456797229,0.9970747587489827,1.6130594066077057,1980,1280,1456797947481
production-topology3-3-1456797235,1.1054003900400025,1.053955553345223,2600,4740,1456797947481
production-topology4-4-1456797243,1.0970824145385434,1.0082228587302693,1980,3700,1456797947481
production-topology1-1-1456797222,0.9197283465678759,1.0085440526710332,2360,1500,1456797947481
Running observer at: 1456797957961
production-topology2-2-1456797229,1.2318810303093204,1.5812945419161737,1820,1220,1456797958588
production-topology3-3-1456797235,0.9387964921470318,1.0443589649120404,2020,3560,1456797958588
production-topology4-4-1456797243,0.9902663374361489,1.0071990098762504,2200,3960,1456797958588
production-topology1-1-1456797222,1.0204711386270362,1.0102830284641973,1880,1220,1456797958588
Running observer at: 1456797969190
production-topology2-2-1456797229,0.7797863067130639,1.5196400622851651,2120,1360,1456797969700
production-topology3-3-1456797235,0.9581854581854582,1.0377302336253802,2640,4720,1456797969700
production-topology4-4-1456797243,0.9625127289019969,1.0047802503993877,2360,4280,1456797969700
production-topology1-1-1456797222,1.0392781626193441,1.0109442025075774,2420,1540,1456797969700
Running observer at: 1456797980228
production-topology2-2-1456797229,0.9878267636116043,1.4816533980941966,2040,1260,1456797980761
production-topology3-3-1456797235,1.0118528033916467,1.035881845751542,2720,4840,1456797980762
production-topology4-4-1456797243,1.009127418765973,1.0066267743918755,2080,3720,1456797980762
production-topology1-1-1456797222,1.0589456323971138,1.0137919387696053,2260,1380,1456797980762
Running observer at: 1456797991240
production-topology2-2-1456797229,1.0598133102297784,1.453530725569902,1780,1180,1456797991863
production-topology3-3-1456797235,0.9764684500478995,1.0319209527046325,1980,3560,1456797991863
production-topology4-4-1456797243,0.9852094923472803,1.0040805679544136,2200,3940,1456797991863
production-topology1-1-1456797222,0.9193914894212892,1.0069422227240588,1980,1240,1456797991863
Running observer at: 1456798002252
production-topology2-2-1456797229,1.0953284976805795,1.4311430863268193,1960,1260,1456798002786
production-topology3-3-1456797235,0.9645449831384308,1.027709954606745,2660,4820,1456798002786
production-topology4-4-1456797243,1.0213443464221874,1.0069533241432707,2380,4360,1456798002786
production-topology1-1-1456797222,1.1472736934137702,1.0152096315815355,2420,1520,1456798002787
Running observer at: 1456798013255
production-topology2-2-1456797229,0.9832596758720049,1.404797003358889,2100,1380,1456798013811
production-topology3-3-1456797235,1.0740462547290632,1.0304356193198225,2520,4560,1456798013811
production-topology4-4-1456797243,0.9559727850951255,1.0071320962128871,1880,3220,1456798013811
production-topology1-1-1456797222,0.9633951406649617,1.0139841277233592,2000,1340,1456798013811
Running observer at: 1456798024401
production-topology2-2-1456797229,1.0633636911073177,1.3858284860115795,1980,1200,1456798024932
production-topology3-3-1456797235,0.9825525539775877,1.0277754490230315,2120,3760,1456798024932
production-topology4-4-1456797243,1.0510620721086188,1.0086477389729795,2260,4320,1456798024932
production-topology1-1-1456797222,1.012468668532477,1.0155479383838355,2140,1360,1456798024932
Running observer at: 1456798035597
production-topology2-2-1456797229,1.0275116315136474,1.3669697041958988,1920,1260,1456798036151
production-topology3-3-1456797235,1.04451600906493,1.0286565311305,2600,4880,1456798036151
production-topology4-4-1456797243,1.0211995688526212,1.0079701235318093,2480,4440,1456798036151
production-topology1-1-1456797222,0.9473372381284009,1.010589263138648,2460,1540,1456798036151
Running observer at: 1456798046706
production-topology2-2-1456797229,0.9660894660894661,1.3469256922905772,2040,1360,1456798047321
production-topology3-3-1456797235,0.9979910188639176,1.027123255517171,2540,4560,1456798047321
production-topology4-4-1456797243,0.9166581041192626,1.0055374014341558,1900,3260,1456798047321
production-topology1-1-1456797222,1.0681265527480843,1.007682407376769,2140,1360,1456798047321
Running observer at: 1456798057841
production-topology2-2-1456797229,1.0191631504922645,1.3313179522049434,1980,1240,1456798058332
production-topology3-3-1456797235,1.0021889122520022,1.0259359058378772,2200,3820,1456798058332
production-topology4-4-1456797243,1.0413116121701687,1.0055840724271774,2300,4340,1456798058332
production-topology1-1-1456797222,1.043375670112645,1.0107605591000808,2040,1360,1456798058332
Running observer at: 1456798068936
production-topology2-2-1456797229,1.090706626975267,1.3203810737854125,1920,1300,1456798069463
production-topology3-3-1456797235,1.0148407484208866,1.0254315805007412,2560,4740,1456798069463
production-topology4-4-1456797243,1.0678930869493481,1.0082632154257398,2280,4100,1456798069463
production-topology1-1-1456797222,1.0459654075871656,1.0104524561835846,2420,1500,1456798069463
Running observer at: 1456798079999
production-topology2-2-1456797229,0.8163054991250367,1.2984647444523527,2060,1160,1456798080553
production-topology3-3-1456797235,0.9482227818153506,1.022074676210072,2540,4440,1456798080553
production-topology4-4-1456797243,0.9535568488384694,1.0063358526563178,1980,3440,1456798080553
production-topology1-1-1456797222,0.9644009712318662,1.0133175670748307,2200,1380,1456798080553
Running observer at: 1456798091090
production-topology2-2-1456797229,1.0456833546706197,1.2879321865447804,1940,1340,1456798091594
production-topology3-3-1456797235,0.9401272893091608,1.0186602017558675,2160,3660,1456798091595
production-topology4-4-1456797243,0.9852452070896953,1.0047647870375458,2440,4280,1456798091595
production-topology1-1-1456797222,0.8410215151351627,1.0069153602857601,2040,1280,1456798091595
Running observer at: 1456798102135
production-topology2-2-1456797229,1.0398736427166813,1.2780098447916566,1860,1200,1456798102620
production-topology3-3-1456797235,1.1072234257364766,1.0222027307150918,2540,4860,1456798102620
production-topology4-4-1456797243,1.004593995772984,1.0063480476840252,2180,4120,1456798102620
production-topology1-1-1456797222,1.152895370135817,1.012867500485474,2220,1580,1456798102620
Running observer at: 1456798113080
production-topology2-2-1456797229,0.9051652734734609,1.263669668971726,1980,1160,1456798113763
production-topology3-3-1456797235,0.9596472338949118,1.019796750068162,2100,3640,1456798113763
production-topology4-4-1456797243,0.9343400799473317,1.004525271362785,2000,3360,1456798113763
production-topology1-1-1456797222,1.0655323493919984,1.014761569571961,1980,1180,1456798113763
Running observer at: 1456798124306
production-topology2-2-1456797229,1.162545253665139,1.259924320256667,2140,1400,1456798124792
production-topology3-3-1456797235,1.0148397032798275,1.019613155742668,2560,4720,1456798124792
production-topology4-4-1456797243,1.0471786348375314,1.0053636632653222,2380,4420,1456798124792
production-topology1-1-1456797222,0.9134723985332375,1.0133938044305302,2420,1600,1456798124793
Running observer at: 1456798135310
production-topology2-2-1456797229,0.9144268513209545,1.2475851249375345,1920,1280,1456798135871
production-topology3-3-1456797235,0.9941540284526338,1.0187039011965953,2760,4880,1456798135871
production-topology4-4-1456797243,0.9858774378950304,1.0066850730040202,2000,3740,1456798135872
production-topology1-1-1456797222,0.9941892521305656,1.0095746572077784,2260,1500,1456798135872
Running observer at: 1456798146429
production-topology2-2-1456797229,0.9857299880525688,1.2385556374587425,1800,1200,1456798147144
production-topology3-3-1456797235,1.0046867327982711,1.0182205505621702,1880,3560,1456798147144
production-topology4-4-1456797243,1.0163839347769545,1.0063991860349586,2200,3840,1456798147144
production-topology1-1-1456797222,1.042089374439004,1.0156108379994069,1920,1160,1456798147144
Running observer at: 1456798157684
production-topology2-2-1456797229,0.9928104696197337,1.230364131864109,2180,1380,1456798158179
production-topology3-3-1456797235,0.961412269282172,1.0163269411861704,2700,4720,1456798158179
production-topology4-4-1456797243,0.9628128639254678,1.0047728322870164,2440,4360,1456798158180
production-topology1-1-1456797222,0.9240924995031516,1.010800091023343,2420,1520,1456798158180
Running observer at: 1456798168647
production-topology2-2-1456797229,1.0883691158116304,1.2332987969114844,1940,1280,1456798169177
production-topology3-3-1456797235,1.069686172040377,1.0186325818006465,2620,4800,1456798169178
production-topology4-4-1456797243,1.1080012274104725,1.0116033536482951,2020,3680,1456798169178
production-topology1-1-1456797222,0.9354763540031398,1.0099868430842178,2340,1500,1456798169178
Running observer at: 1456798179655
production-topology2-2-1456797229,0.8797111383729648,1.0022058348572498,1840,1100,1456798180334
production-topology3-3-1456797235,0.9368786400698893,1.0270609438770506,2020,3540,1456798180334
production-topology4-4-1456797243,1.0435390322709324,1.013369783229579,2180,3880,1456798180334
production-topology1-1-1456797222,1.1620032100631745,1.0121554412284792,1860,1240,1456798180334
Running observer at: 1456798190899
production-topology2-2-1456797229,1.021258001475225,1.002914434906424,2180,1420,1456798191391
production-topology3-3-1456797235,0.9897637481509143,0.9933864021487476,2600,4740,1456798191391
production-topology4-4-1456797243,0.920392528563912,1.0090864738009968,2380,4280,1456798191392
production-topology1-1-1456797222,1.00349239869861,1.010340430907322,2400,1560,1456798191392
Running observer at: 1456798201869
production-topology2-2-1456797229,1.073975277987535,1.0053802775060086,1960,1220,1456798202495
production-topology3-3-1456797235,0.9662554716702736,0.9589282512044232,2760,4780,1456798202495
production-topology4-4-1456797243,1.1195668347966874,1.0168052056274357,2000,3760,1456798202495
production-topology1-1-1456797222,0.9973236767986927,1.0155983301277685,2380,1500,1456798202495
Running observer at: 1456798213033
production-topology2-2-1456797229,0.929596366894754,1.0030334897358335,1860,1180,1456798213798
production-topology3-3-1456797235,1.059864808834692,0.9942570781655796,1960,3600,1456798213798
production-topology4-4-1456797243,0.9116104716026898,1.0027857566897405,2240,3840,1456798213799
production-topology1-1-1456797222,0.9206491121910888,0.9996199672008049,1880,1200,1456798213799
/var/nimbus/storm/bin/storm rebalance production-topology1 -e spout_head=11
1456798214099
/var/nimbus/storm/bin/storm rebalance production-topology4 -e bolt_output_1=9
Running observer at: 1456798224266
production-topology2-2-1456797229,0.8965511930548266,0.9995465093336032,2180,1400,1456798224718
production-topology3-3-1456797235,0.9441681706662934,0.9926342028258129,2700,4760,1456798224718
production-topology4-4-1456797243,0.9981007623795197,0.9981007623795197,190820,343140,1456798224718
production-topology1-1-1456797222,1.0002290104500686,1.0002290104500686,195080,124960,1456798224719
Running observer at: 1456798235177
production-topology2-2-1456797229,1.1364236428062517,1.0040552772564204,1880,1300,1456798235809
production-topology3-3-1456797235,1.0811374192841345,1.0005196198628545,2580,4840,1456798235809
production-topology4-4-1456797243,7.722222222222222,4.360161492300871,0,100,1456798235809
production-topology1-1-1456797222,0.6399999999999999,0.8201145052250343,100,100,1456798235809
Running observer at: 1456798246288
production-topology2-2-1456797229,0.9982723212361251,1.0068037360828395,1860,1140,1456798246772
production-topology3-3-1456797235,1.0444912262506303,1.0016201309042907,2020,3540,1456798246772
production-topology4-4-1456797243,2.0,3.5734409948672474,0,0,1456798246773
production-topology1-1-1456797222,1.0,0.8800763368166895,0,0,1456798246773
Running observer at: 1456798252489
production-topology2-2-1456797229,0.7784725133633791,0.9968594069205959,1160,680,1456798253198
production-topology3-3-1456797235,0.9627130982917877,1.001155725773574,1380,2480,1456798253199
production-topology4-4-1456797243,2.0,3.1800807461504355,0,0,1456798253199
production-topology1-1-1456797222,1.0,0.9100572526125171,0,0,1456798253199
Running observer at: 1456798253796
production-topology2-2-1456797229,3.385416666666666,1.078413049321895,240,260,1456798254398
production-topology3-3-1456797235,0.7673616705874771,0.9941339321558041,620,1180,1456798254398
production-topology4-4-1456797243,0.0,2.5440645969203484,0,0,1456798254398
production-topology1-1-1456797222,1.0,0.9280458020900137,0,0,1456798254398
Running observer at: 1456798257442
production-topology2-2-1456797229,0.9322389769039893,1.0762518565937287,800,460,1456798257854
production-topology3-3-1456797235,0.9527310924369747,0.9890449555690365,680,1160,1456798257854
production-topology4-4-1456797243,0.0,2.120053830766957,0,0,1456798257855
production-topology1-1-1456797222,0.0025008525633738775,0.7737883105022405,175940,140,1456798257855
Running observer at: 1456798268470
production-topology2-2-1456797229,0.9674195681468408,1.0674364745216458,1900,1240,1456798268935
production-topology3-3-1456797235,1.0461320609293683,0.9926228078617811,2660,4820,1456798268935
production-topology4-4-1456797243,0.0,1.817188997800249,240,0,1456798268935
production-topology1-1-1456797222,0.9923917092631704,0.8050173674680876,118760,75440,1456798268935
Running observer at: 1456798279427
production-topology2-2-1456797229,0.9649107876358806,1.0736072905524066,1900,1200,1456798279937
production-topology3-3-1456797235,1.001380616251105,0.9940626464639692,1980,3500,1456798279937
production-topology4-4-1456797243,1.096088997986714,1.727051497823557,1640,3320,1456798279938
production-topology1-1-1456797222,0.9043524831746128,0.8174342569314033,2460,1540,1456798279938
Running observer at: 1456798290488
production-topology2-2-1456797229,1.0417473148120115,1.0754046422590866,2080,1320,1456798291076
production-topology3-3-1456797235,1.0561493085174218,0.9955391966348286,2580,4880,1456798291076
production-topology4-4-1456797243,1.0274914089347078,1.6493225990581293,1940,3520,1456798291076
production-topology1-1-1456797222,1.0503784895526922,0.8433169494448798,2320,1560,1456798291076
Running observer at: 1456798301459
production-topology2-2-1456797229,1.1040176998807236,1.076878121914118,1700,1120,1456798302135
production-topology3-3-1456797235,0.9525605836528177,0.9947422677549924,2020,3580,1456798302135
production-topology4-4-1456797243,0.9683319268757367,1.58122353183989,2360,4140,1456798302135
production-topology1-1-1456797222,1.1212119257882878,0.8711064470792206,2300,1460,1456798302135
Running observer at: 1456798312653
production-topology2-2-1456797229,0.9188646563607277,1.0709959938701232,2200,1360,1456798313116
production-topology3-3-1456797235,1.018025122581496,0.9965249390697615,2680,4800,1456798313117
production-topology4-4-1456797243,1.0350600262525032,1.5315723040592184,2380,4340,1456798313117
production-topology1-1-1456797222,0.9616757471002164,0.8793400198084019,2640,1700,1456798313117
Running observer at: 1456798323583
production-topology2-2-1456797229,1.04647868852459,1.073103294291876,1940,1260,1456798324108
production-topology3-3-1456797235,0.9863545269182523,0.9936018814760678,2660,4760,1456798324108
production-topology4-4-1456797243,0.9692140620787648,1.4847091172275142,1980,3500,1456798324108
production-topology1-1-1456797222,0.9853387838573979,0.8881732501458183,2240,1400,1456798324109
Running observer at: 1456798334738
production-topology2-2-1456797229,1.0084697910784868,1.0712734976242482,1840,1220,1456798335402
production-topology3-3-1456797235,1.104118333235247,0.9976540741179896,2040,3620,1456798335402
production-topology4-4-1456797243,0.9771326724922442,1.445664775324801,2260,4040,1456798335403
production-topology1-1-1456797222,1.1066605279812147,0.9049799638254641,2320,1520,1456798335403
Running observer at: 1456798345902
production-topology2-2-1456797229,0.8600672636654646,1.0656920186959755,2200,1360,1456798346395
production-topology3-3-1456797235,0.9778708767609132,0.9954325697078558,2620,4700,1456798346396
production-topology4-4-1456797243,0.9940006029784094,1.4134030487286304,2400,4380,1456798346396
production-topology1-1-1456797222,0.8935178809163109,0.9041612436176675,2740,1660,1456798346396
Running observer at: 1456798356924
production-topology2-2-1456797229,1.173469387755102,1.0726046827514968,1920,1280,1456798357525
production-topology3-3-1456797235,0.9744016467821394,0.9946462573051298,2680,4860,1456798357525
production-topology4-4-1456797243,0.9692144973861694,1.3837904786391328,1900,3500,1456798357526
production-topology1-1-1456797222,1.11907600528188,0.9184888943952816,2080,1520,1456798357526
Running observer at: 1456798368046
production-topology2-2-1456797229,0.9368927789394779,1.0698623370330702,1880,1140,1456798368766
production-topology3-3-1456797235,1.0549179704051805,0.9964038925769024,1980,3560,1456798368766
production-topology4-4-1456797243,1.034778531602417,1.3619772319493382,2380,4140,1456798368766
production-topology1-1-1456797222,0.9472886935947272,0.9202888818452469,2440,1540,1456798368766
Running observer at: 1456798379278
production-topology2-2-1456797229,0.9601969735296657,1.0655120152515503,2140,1380,1456798379770
production-topology3-3-1456797235,1.0193540415307432,0.9965543356805643,2600,4760,1456798379770
production-topology4-4-1456797243,1.0675032591259281,1.3446552335479611,2380,4320,1456798379770
production-topology1-1-1456797222,0.9831890845155183,0.9239888937670275,2720,1680,1456798379771
Running observer at: 1456798390234
production-topology2-2-1456797229,1.220002295684114,1.0789685751368527,1940,1240,1456798390786
production-topology3-3-1456797235,0.9852793525822662,0.9977895547061281,2660,4760,1456798390787
production-topology4-4-1456797243,0.9494740054696964,1.3227007208769463,1920,3460,1456798390787
production-topology1-1-1456797222,1.124363887376432,0.935120837856439,2180,1480,1456798390787
Running observer at: 1456798401316
production-topology2-2-1456797229,0.8928651390189851,1.0738746346151318,1860,1160,1456798401828
production-topology3-3-1456797235,0.9829672727572565,0.9992175541543983,2060,3500,1456798401828
production-topology4-4-1456797243,0.9994086151206893,1.305685346889775,2260,4100,1456798401828
production-topology1-1-1456797222,0.9106439261649903,0.9338325793463627,2460,1500,1456798401829
Running observer at: 1456798412491
production-topology2-2-1456797229,0.9833284501009157,1.0719897948612729,2160,1440,1456798413026
production-topology3-3-1456797235,0.9581745027277162,0.9942492567207728,2640,4840,1456798413027
production-topology4-4-1456797243,1.0341977854840143,1.292110968819487,2100,3700,1456798413027
production-topology1-1-1456797222,1.0388034446231251,0.9390811226102007,2580,1700,1456798413027
Running observer at: 1456798423529
production-topology2-2-1456797229,1.00064226305592,1.0751723611806883,1860,1180,1456798424078
production-topology3-3-1456797235,1.0315860942061623,0.996647218731148,2640,4800,1456798424078
production-topology4-4-1456797243,0.9970394000469371,1.2780599417350798,2280,4200,1456798424078
production-topology1-1-1456797222,0.9302804338518622,0.9386620421931371,2240,1420,1456798424078
Running observer at: 1456798434557
production-topology2-2-1456797229,1.0475251273861756,1.0713383569713895,1900,1240,1456798435062
production-topology3-3-1456797235,0.9938233922402141,0.9959466750298274,2020,3580,1456798435062
production-topology4-4-1456797243,0.9547187130672334,1.2633626131592686,2280,4100,1456798435063
production-topology1-1-1456797222,0.9764594938140071,0.9403801081759039,2340,1540,1456798435063
Running observer at: 1456798445708
production-topology2-2-1456797229,0.9475236404154063,1.072441583274538,2180,1320,1456798446233
production-topology3-3-1456797235,0.9851241896832855,0.9956456804041824,2700,4760,1456798446233
production-topology4-4-1456797243,1.02791642509505,1.2531258223738677,1860,3400,1456798446233
production-topology1-1-1456797222,0.9841125708637402,0.9422815195971141,2780,1640,1456798446233
Running observer at: 1456798456853
production-topology2-2-1456797229,0.9905703093616556,1.0726029273181743,1960,1260,1456798457353
production-topology3-3-1456797235,1.0607100440457922,0.9975131241124332,2580,4800,1456798457353
production-topology4-4-1456797243,0.9492424503882657,1.240464015207801,2500,4300,1456798457354
production-topology1-1-1456797222,1.1407996341585456,0.9505531077038404,2180,1560,1456798457354
Running observer at: 1456798467885
production-topology2-2-1456797229,0.8925835648875537,1.069262030493768,1880,1120,1456798468427
production-topology3-3-1456797235,0.9788851638221392,0.998095553930432,1940,3500,1456798468427
production-topology4-4-1456797243,1.0517376253186885,1.2329149596122366,2240,4160,1456798468427
production-topology1-1-1456797222,0.9838890887915855,0.9518865469473502,2340,1440,1456798468428
Running observer at: 1456798479049
production-topology2-2-1456797229,1.2845108007333126,1.0758000866578241,2080,1420,1456798479614
production-topology3-3-1456797235,0.9864236149874748,0.9953201353620021,2660,4820,1456798479614
production-topology4-4-1456797243,0.9723199459529801,1.222892074471496,1960,3500,1456798479614
production-topology1-1-1456797222,0.9435792839098326,0.9515670368305227,2740,1700,1456798479614
Running observer at: 1456798490223
production-topology2-2-1456797229,0.9209056655109698,1.0771732375624241,1960,1260,1456798490763
production-topology3-3-1456797235,1.0093816806061446,0.9977369033798773,2560,4560,1456798490764
production-topology4-4-1456797243,1.0007635145702556,1.21466509077145,2380,4340,1456798490764
production-topology1-1-1456797222,0.9723130285783267,0.9523354068952562,2200,1380,1456798490764
Running observer at: 1456798501282
production-topology2-2-1456797229,0.8873496128648004,1.0727096246087435,1920,1160,1456798501828
production-topology3-3-1456797235,1.05121355915038,0.9997852304131928,2120,3800,1456798501828
production-topology4-4-1456797243,1.0253634218907164,1.2079043168828523,2260,4100,1456798501828
production-topology1-1-1456797222,1.0802259554698264,0.9569029264872052,2440,1640,1456798501828
Running observer at: 1456798512490
production-topology2-2-1456797229,0.9272838459180314,1.0678199102064265,2120,1440,1456798513019
production-topology3-3-1456797235,0.9361171677484661,0.9987806202824657,2660,4740,1456798513019
production-topology4-4-1456797243,0.9353255094729558,1.1985050476618213,2060,3560,1456798513019
production-topology1-1-1456797222,1.0381716030534354,0.9597052946446614,2600,1680,1456798513020
Running observer at: 1456798523644
production-topology2-2-1456797229,1.2691901697615982,1.0791397036353212,1980,1280,1456798524184
production-topology3-3-1456797235,1.0169637460137448,0.9973505848551008,2020,3620,1456798524184
production-topology4-4-1456797243,1.0190771470034528,1.1925241176398758,2300,4120,1456798524184
production-topology1-1-1456797222,0.9686202372707833,0.9600024593988654,2180,1440,1456798524184
Running observer at: 1456798534695
production-topology2-2-1456797229,1.0186894234853459,1.0832109779830053,1880,1200,1456798535209
production-topology3-3-1456797235,1.0030870506768195,0.9993145475221182,2660,4800,1456798535209
production-topology4-4-1456797243,1.0328943572732645,1.1936839041363336,2280,4280,1456798535209
production-topology1-1-1456797222,0.9524241865297028,0.9584089652681865,2500,1480,1456798535210
Running observer at: 1456798545667
production-topology2-2-1456797229,0.8734086981661642,1.074443813161669,2160,1280,1456798546274
production-topology3-3-1456797235,1.0283038833589055,0.9975534296579439,2680,4720,1456798546274
production-topology4-4-1456797243,0.986254476511481,0.9691516459459759,1880,3320,1456798546275
production-topology1-1-1456797222,1.0669061517736866,0.9726391703273094,2620,1800,1456798546275
Running observer at: 1456798556766
production-topology2-2-1456797229,1.0359693660556892,1.0757003813223212,1600,1120,1456798557423
production-topology3-3-1456797235,0.9940893001982871,0.9958733654561992,1920,3660,1456798557423
production-topology4-4-1456797243,0.9356920126258435,0.933674713033504,2400,4220,1456798557423
production-topology1-1-1456797222,0.9908309183334123,0.9723335342717567,1940,1340,1456798557423
Running observer at: 1456798567955
production-topology2-2-1456797229,1.0047310155640579,1.0832423313956772,2160,1280,1456798568477
production-topology3-3-1456797235,0.9449181245155079,0.9952801996636566,2700,4720,1456798568477
production-topology4-4-1456797243,1.0974426072243313,0.9035894666076484,2400,4280,1456798568477
production-topology1-1-1456797222,0.9688842285510894,0.9712963418901264,2680,1720,1456798568477
Running observer at: 1456798578969
production-topology2-2-1456797229,1.114200240626931,1.0075351171943525,2160,1380,1456798579529
production-topology3-3-1456797235,1.0552589008407185,1.0048767740054312,2600,4700,1456798579529
production-topology4-4-1456797243,0.9071392513400389,0.9338274416523162,1880,3460,1456798579529
production-topology1-1-1456797222,1.0138855176685013,0.9717591924790765,2580,1560,1456798579529
Running observer at: 1456798589983
production-topology2-2-1456797229,1.0316783958353417,1.0108497644920642,1640,1040,1456798590705
production-topology3-3-1456797235,1.061927769802949,1.0085166632509637,1940,3680,1456798590705
production-topology4-4-1456797243,1.0341795236748992,0.9683000924414796,2300,4180,1456798590706
production-topology1-1-1456797222,0.9044046515469975,1.0018226524451974,2040,1300,1456798590706
Running observer at: 1456798601181
production-topology2-2-1456797229,0.8607152377918118,1.0072929534802302,2180,1280,1456798601690
production-topology3-3-1456797235,0.9057738069102254,1.003838054783659,2760,4680,1456798601690
production-topology4-4-1456797243,1.0266818307140886,1.0025228201319494,2460,4280,1456798601690
production-topology1-1-1456797222,1.1553298970407724,1.0072539253711172,2660,1760,1456798601690
Running observer at: 1456798612139
production-topology2-2-1456797229,1.1351762390059705,1.0129684685259,2120,1440,1456798612763
production-topology3-3-1456797235,1.0124818817308627,1.0042080969663176,2660,4820,1456798612763
production-topology4-4-1456797243,0.9348398552666844,0.9971478487079481,1820,3460,1456798612763
production-topology1-1-1456797222,0.9580383216458447,1.0090434533201582,2560,1620,1456798612763
Running observer at: 1456798623239
production-topology2-2-1456797229,1.0542852382874224,1.0133863993084136,1720,1060,1456798623985
production-topology3-3-1456797235,1.0906129425403588,1.0053568847670822,1880,3640,1456798623985
production-topology4-4-1456797243,1.0190030330043827,0.9968649028436041,2340,4160,1456798623985
production-topology1-1-1456797222,0.9172995759295057,1.0046074895327188,2120,1420,1456798623985
Running observer at: 1456798634475
production-topology2-2-1456797229,0.9098892681125861,1.006915451582809,2100,1360,1456798635055
production-topology3-3-1456797235,0.9173386024848846,1.0041828187281512,2660,4700,1456798635055
production-topology4-4-1456797243,1.0360287922186364,0.9991214650217006,2380,4320,1456798635055
production-topology1-1-1456797222,1.023179348422561,1.0013397369538612,2600,1640,1456798635056
Running observer at: 1456798645538
production-topology2-2-1456797229,1.003186875175248,1.0097261922099596,2160,1360,1456798646117
production-topology3-3-1456797235,1.0708964441048283,1.005945196112262,2620,4740,1456798646117
production-topology4-4-1456797243,1.0181668151401522,0.9985583579846223,2000,3500,1456798646117
production-topology1-1-1456797222,0.968730180191945,1.0015748847235852,2580,1640,1456798646117
Running observer at: 1456798656582
production-topology2-2-1456797229,1.184768383300688,1.0143358487024965,1720,1080,1456798657240
production-topology3-3-1456797235,1.006161299271341,1.0066054218573652,2060,3660,1456798657240
production-topology4-4-1456797243,0.9917803030303031,0.9993105660163403,2280,4160,1456798657240
production-topology1-1-1456797222,1.044436209166166,1.0035447989005444,2100,1320,1456798657240
Running observer at: 1456798667810
production-topology2-2-1456797229,0.9200824374821619,1.011389603582619,2080,1340,1456798668304
production-topology3-3-1456797235,1.0199336798036738,1.0037992667429794,2580,4800,1456798668304
production-topology4-4-1456797243,0.9812429378531073,0.9994475748617023,2360,4300,1456798668304
production-topology1-1-1456797222,0.871534453950927,0.9957072630995346,2680,1660,1456798668304
Running observer at: 1456798678787
production-topology2-2-1456797229,0.9751178646997882,1.0152246236170965,2120,1340,1456798679314
production-topology3-3-1456797235,1.0068045542243733,1.004763722658428,2660,4720,1456798679314
production-topology4-4-1456797243,1.0473549658144181,1.0012260536229025,1880,3420,1456798679314
production-topology1-1-1456797222,1.3085993969644276,1.0095433136344718,2460,1660,1456798679315
Running observer at: 1456798689818
production-topology2-2-1456797229,1.0074978268005952,1.0096922382519464,1740,1140,1456798690397
production-topology3-3-1456797235,0.9945336420255084,1.0054347891665405,2020,3600,1456798690397
production-topology4-4-1456797243,0.9801835792842919,1.0015916896861732,2380,4140,1456798690397
production-topology1-1-1456797222,0.9047732293080926,1.0023998877686788,2080,1340,1456798690398
Running observer at: 1456798701054
production-topology2-2-1456797229,0.9216736828677128,1.0091849350495543,2100,1260,1456798701559
production-topology3-3-1456797235,1.026971056980813,1.0045032253857282,2620,4760,1456798701559
production-topology4-4-1456797243,1.0106184073344944,1.000786352210576,2380,4380,1456798701560
production-topology1-1-1456797222,1.0417099763286712,1.0055472638598104,2680,1740,1456798701560
Running observer at: 1456798712100
production-topology2-2-1456797229,1.1771869637672698,1.016417934724141,2140,1340,1456798712614
production-topology3-3-1456797235,0.9871493111974732,1.0034297343746192,2700,4800,1456798712614
production-topology4-4-1456797243,0.955483635896007,0.9970523647695785,1920,3440,1456798712614
production-topology1-1-1456797222,0.8850617936930575,1.0022763541657285,2540,1600,1456798712614
Running observer at: 1456798723146
production-topology2-2-1456797229,0.9282397777629798,1.0066925174601031,1720,1120,1456798723713
production-topology3-3-1456797235,0.9720249367549222,1.0029879205137078,1940,3540,1456798723713
production-topology4-4-1456797243,1.0576169264026194,1.000657128800676,2300,4180,1456798723713
production-topology1-1-1456797222,1.2868760495420515,1.0076934262379156,2120,1400,1456798723713
Running observer at: 1456798734436
production-topology2-2-1456797229,0.9158252299387468,1.0074578538240953,2060,1300,1456798734955
production-topology3-3-1456797235,1.0361667134784405,1.004761235204414,2660,4780,1456798734955
production-topology4-4-1456797243,0.9770777623466672,0.999912767041542,2400,4260,1456798734955
production-topology1-1-1456797222,0.9629732666468825,1.009437737587312,2600,1720,1456798734956
Running observer at: 1456798745461
production-topology2-2-1456797229,1.0705602520720183,1.010365580556465,2180,1400,1456798745969
production-topology3-3-1456797235,0.9800920277422216,1.005491819371564,2640,4740,1456798745970
production-topology4-4-1456797243,1.0035829307568438,0.9988922718839696,2000,3500,1456798745970
production-topology1-1-1456797222,0.9066588561350466,1.0050329179710429,2580,1580,1456798745970
Running observer at: 1456798756515
production-topology2-2-1456797229,0.943189206931962,1.0084504786856665,1740,1120,1456798757089
production-topology3-3-1456797235,1.0051347665690193,1.0046101084503258,2000,3580,1456798757089
production-topology4-4-1456797243,1.0250240935199555,0.9998250949997369,2220,4120,1456798757089
production-topology1-1-1456797222,1.1068094982823664,1.0109172201187264,2040,1360,1456798757090
Running observer at: 1456798767807
production-topology2-2-1456797229,1.0990845149119555,1.0101691249365259,2100,1320,1456798768332
production-topology3-3-1456797235,1.0485772377301303,1.006435236633323,2640,4800,1456798768332
production-topology4-4-1456797243,0.9258926508503305,0.9988642262591736,2420,4220,1456798768332
production-topology1-1-1456797222,1.0032716612747759,1.0118109590340854,2700,1700,1456798768332
Running observer at: 1456798778873
production-topology2-2-1456797229,1.111678926914426,1.0156409678198264,2040,1360,1456798779413
production-topology3-3-1456797235,0.9825324613801154,1.0063488456898841,2520,4560,1456798779413
production-topology4-4-1456797243,1.1196563793879137,1.0019222247356023,1940,3580,1456798779413
production-topology1-1-1456797222,0.9507945644415395,1.010700358820012,2740,1660,1456798779413
Running observer at: 1456798789946
production-topology2-2-1456797229,0.9621191496411047,1.0146925958291413,1840,1200,1456798790435
production-topology3-3-1456797235,0.9240796498278607,1.0017944992159529,2200,3800,1456798790435
production-topology4-4-1456797243,0.968723705042521,1.002571599890744,2240,4100,1456798790436
production-topology1-1-1456797222,0.9589597702656067,1.0046390300235808,1940,1240,1456798790436
Running observer at: 1456798801205
production-topology2-2-1456797229,0.9628381778492646,1.0170344162611982,2000,1260,1456798801731
production-topology3-3-1456797235,1.0405284128606453,1.0038492741839031,2600,4740,1456798801731
production-topology4-4-1456797243,1.0297143537452431,1.0018374908382959,2420,4320,1456798801732
production-topology1-1-1456797222,0.9600041040238153,1.0038428638646553,2600,1720,1456798801732
Running observer at: 1456798812272
production-topology2-2-1456797229,0.9542351453855877,1.0060252277496073,2260,1440,1456798812819
production-topology3-3-1456797235,0.9698555719735951,1.0032970060834405,2580,4560,1456798812819
production-topology4-4-1456797243,0.9070250600240095,0.9996609946406635,2040,3440,1456798812819
production-topology1-1-1456797222,1.1957239767553254,1.012247686959505,2620,1700,1456798812819
Running observer at: 1456798823384
production-topology2-2-1456797229,0.9893875417936063,1.0083079569590288,1640,1080,1456798823876
production-topology3-3-1456797235,0.9515377802211227,1.0013688760706065,2140,3780,1456798823877
production-topology4-4-1456797243,1.0052355141640854,0.9998100612937912,2240,4120,1456798823877
production-topology1-1-1456797222,0.9235441412052471,1.0106220573804023,2080,1300,1456798823877
Running observer at: 1456798834607
production-topology2-2-1456797229,1.1587306644443427,1.01735399201168,2160,1300,1456798835098
production-topology3-3-1456797235,1.044886854167157,1.001157985904499,2600,4820,1456798835099
production-topology4-4-1456797243,0.9648099721677705,0.997791612969693,2380,4360,1456798835099
production-topology1-1-1456797222,1.0090742050450001,1.0082503323662415,2580,1680,1456798835099
Running observer at: 1456798845601
production-topology2-2-1456797229,0.8739949453771648,1.0155776953269846,2000,1280,1456798846157
production-topology3-3-1456797235,0.9900927536913382,1.0029571721025947,2520,4460,1456798846157
production-topology4-4-1456797243,1.1091863036681158,1.0035869727761981,1980,3460,1456798846157
production-topology1-1-1456797222,0.9390141370217469,1.0049450834985185,2360,1580,1456798846157
Running observer at: 1456798856647
production-topology2-2-1456797229,1.1120141018861271,1.010338493064469,1860,1260,1456798857143
production-topology3-3-1456797235,0.9968671821211023,1.0022872866395067,2160,3880,1456798857143
production-topology4-4-1456797243,0.9454364672598303,1.0011322834514111,2280,4080,1456798857143
production-topology1-1-1456797222,0.9458868197974026,1.0041873029160724,2300,1480,1456798857144
Running observer at: 1456798867836
production-topology2-2-1456797229,0.8210384886111176,1.0037501285686614,2100,1280,1456798868353
production-topology3-3-1456797235,1.0227248737666943,1.0029418807425026,2640,4700,1456798868353
production-topology4-4-1456797243,1.029600965569345,1.0010225037279468,2420,4360,1456798868353
production-topology1-1-1456797222,1.0086533079417497,1.0060616069631407,2680,1780,1456798868353
Running observer at: 1456798878900
production-topology2-2-1456797229,1.1445678409453541,1.012788766661301,1960,1300,1456798879466
production-topology3-3-1456797235,0.9634237800427617,1.0007792106319644,2540,4620,1456798879466
production-topology4-4-1456797243,1.0306028749473641,1.0025007836758097,1760,3500,1456798879466
production-topology1-1-1456797222,1.1695692699963365,1.0094837109038957,2320,1540,1456798879466
Running observer at: 1456798890040
production-topology2-2-1456797229,0.870281987758671,1.0072658540514003,1880,1160,1456798890497
production-topology3-3-1456797235,1.033080712319856,1.00207892436935,2040,3800,1456798890497
production-topology4-4-1456797243,1.0040306059391702,1.004778736786254,2340,4080,1456798890497
production-topology1-1-1456797222,0.9924594616183401,1.0095379956800599,2280,1460,1456798890497
Running observer at: 1456798901189
production-topology2-2-1456797229,1.0974058498333306,1.0103550151937095,2080,1340,1456798901713
production-topology3-3-1456797235,1.0314266734509272,1.0049625426671975,2640,4720,1456798901713
production-topology4-4-1456797243,1.0077051482777675,1.0017874881547018,2440,4280,1456798901713
production-topology1-1-1456797222,1.0016926417524528,1.0106316094534387,2660,1660,1456798901713
Running observer at: 1456798912274
production-topology2-2-1456797229,0.8590700831494993,1.0018506766111286,2040,1280,1456798912937
production-topology3-3-1456797235,1.006981288430612,1.003353288920194,2640,4580,1456798912937
production-topology4-4-1456797243,0.9319654337190187,1.0026150275673342,1980,3460,1456798912937
production-topology1-1-1456797222,1.0314693874717067,1.0112177384468788,2300,1580,1456798912937
Running observer at: 1456798923494
production-topology2-2-1456797229,1.3152761795071453,1.0113039360668554,1800,1200,1456798924029
production-topology3-3-1456797235,1.0015215197119658,1.0013397472504943,2100,3840,1456798924029
production-topology4-4-1456797243,1.0420403606293864,1.0028770554658173,2260,4120,1456798924029
production-topology1-1-1456797222,0.8321717488080369,1.0088099750222468,2320,1400,1456798924029
Running observer at: 1456798934673
production-topology2-2-1456797229,0.8911269003802683,1.0123176581531372,2160,1280,1456798935175
production-topology3-3-1456797235,0.9556775769921746,1.0030032062532261,2620,4760,1456798935175
production-topology4-4-1456797243,0.9390287279759121,0.9999552853745448,2360,4320,1456798935175
production-topology1-1-1456797222,1.0698977664079565,1.005962237334486,2660,1700,1456798935175
Running observer at: 1456798945736
production-topology2-2-1456797229,1.040446734907751,1.00916000801653,2040,1360,1456798946325
production-topology3-3-1456797235,1.0348929726971046,1.0037502426187674,2480,4580,1456798946326
production-topology4-4-1456797243,1.0487467220214128,1.0037521809330359,1960,3480,1456798946326
production-topology1-1-1456797222,0.9949761482145525,1.0071934982201096,2300,1520,1456798946326
Running observer at: 1456798956846
production-topology2-2-1456797229,1.0884360859184266,1.01029836960423,1780,1220,1456798957260
production-topology3-3-1456797235,0.9471218372765356,0.9989672057766401,2200,3800,1456798957260
production-topology4-4-1456797243,1.0635505387684216,1.005237097791837,2220,4080,1456798957261
production-topology1-1-1456797222,1.0069143537319272,1.0101806574801901,2320,1400,1456798957261
Running observer at: 1456798967956
production-topology2-2-1456797229,0.9352581035485636,1.011143997452096,2140,1340,1456798968486
production-topology3-3-1456797235,1.0381604327509777,1.0029946001188432,2620,4840,1456798968486
production-topology4-4-1456797243,1.005541000391056,1.0042208380642512,2420,4360,1456798968487
production-topology1-1-1456797222,1.0230909298240507,1.0101777101935732,2640,1760,1456798968487
Running observer at: 1456798979081
production-topology2-2-1456797229,0.9951268880668187,1.0108753312151482,2020,1260,1456798979670
production-topology3-3-1456797235,0.945836209473012,0.9988259256311159,2420,4200,1456798979670
production-topology4-4-1456797243,0.9334991314456378,1.0013985819411004,1940,3440,1456798979670
production-topology1-1-1456797222,0.9703438285689763,1.0102314984728074,2380,1520,1456798979670
Running observer at: 1456798990186
production-topology2-2-1456797229,1.0860744757158487,1.0075855342956535,1820,1200,1456798990684
production-topology3-3-1456797235,1.0469418623628943,1.0001852777341678,2140,4020,1456798990684
production-topology4-4-1456797243,1.0273888889700045,1.0025855348057573,2280,4140,1456798990684
production-topology1-1-1456797222,0.9003962202755038,1.0054301655097853,2260,1380,1456798990684
Running observer at: 1456799001405
production-topology2-2-1456797229,0.9523701243531321,1.0086617905246857,2140,1280,1456799001937
production-topology3-3-1456797235,0.9713755645253814,0.9985666738915578,2700,4720,1456799001938
production-topology4-4-1456797243,1.009192731421737,1.0035171945913783,2460,4420,1456799001938
production-topology1-1-1456797222,1.2494662043314886,1.0180278905224707,2640,1720,1456799001938
Running observer at: 1456799012553
production-topology2-2-1456797229,1.0186809098639458,1.0101138920301576,2040,1300,1456799013113
production-topology3-3-1456797235,1.0174342167155865,0.9989209959745983,2580,4700,1456799013113
production-topology4-4-1456797243,1.0068238213399505,1.0021661564422293,1860,3380,1456799013113
production-topology1-1-1456797222,0.7897019976564909,1.0007313105455393,2540,1580,1456799013113
Running observer at: 1456799023589
production-topology2-2-1456797229,0.8475857584634612,1.0047834897522532,1840,1140,1456799024048
production-topology3-3-1456797235,0.9866726564839772,0.9986589631232139,2120,3760,1456799024048
production-topology4-4-1456797243,1.0431212166191208,1.0042640776867238,2340,4080,1456799024048
production-topology1-1-1456797222,1.152715251820891,1.0089960446292994,2140,1340,1456799024048
Running observer at: 1456799034735
production-topology2-2-1456797229,1.1104849034613393,1.011077197105374,2140,1260,1456799035205
production-topology3-3-1456797235,1.0324499030381382,0.9988415913251247,2600,4780,1456799035205
production-topology4-4-1456797243,0.9050314505137507,1.0007445124593655,2440,4360,1456799035205
production-topology1-1-1456797222,0.9220273819763872,1.0050066248175566,2620,1700,1456799035205
Running observer at: 1456799045680
production-topology2-2-1456797229,1.0346170742684135,1.0063248674554124,2000,1340,1456799046187
production-topology3-3-1456797235,1.0425728397625735,1.000689042277295,2120,3920,1456799046187
production-topology4-4-1456797243,1.1117907997555259,1.005954751254683,1780,3260,1456799046187
production-topology1-1-1456797222,1.1681391709429705,1.0144425373925536,2220,1540,1456799046187
Running observer at: 1456799056535
production-topology2-2-1456797229,1.0228304940834383,1.0094778913327611,1860,1260,1456799056912
production-topology3-3-1456797235,0.9441749012142713,0.9997607077592733,2540,4560,1456799056912
production-topology4-4-1456797243,0.9676039017709128,1.0029543171002926,2360,4320,1456799056912
production-topology1-1-1456797222,0.991446333989289,1.0045948802074618,1980,1220,1456799056912
Running observer at: 1456799067263
production-topology2-2-1456797229,0.8312550264550264,1.0066588845499702,900,520,1456799067609
production-topology3-3-1456797235,1.0075652086465454,0.9988073242648767,2660,4760,1456799067609
production-topology4-4-1456797243,1.0008175580281566,1.003745643623009,1940,3440,1456799067609
production-topology1-1-1456797222,1.0,1.0058291046525656,0,0,1456799067609
