Running observer at: 1457752878369
production-topology1-1-1457752878,0.0,0.0,0,0,1457752878832
Running observer at: 1457752879262
production-topology1-1-1457752878,0.0,0.0,0,0,1457752879605
Running observer at: 1457752885210
production-topology2-2-1457752885,0.0,0.0,0,0,1457752885772
production-topology1-1-1457752878,0.0,0.0,0,0,1457752885772
Running observer at: 1457752890047
production-topology2-2-1457752885,0.0,0.0,0,0,1457752890397
production-topology1-1-1457752878,0.0,0.0,0,0,1457752890398
Running observer at: 1457752892208
production-topology2-2-1457752885,0.0,0.0,0,0,1457752892639
production-topology1-1-1457752878,0.0,0.0,0,0,1457752892639
production-topology3-3-1457752892,0.0,0.0,0,0,1457752892639
Running observer at: 1457752899276
production-topology2-2-1457752885,0.0,0.0,0,0,1457752899806
production-topology4-4-1457752899,0.0,0.0,0,0,1457752899806
production-topology1-1-1457752878,0.0,0.0,0,0,1457752899806
production-topology3-3-1457752892,0.0,0.0,0,0,1457752899806
Running observer at: 1457752900849
production-topology2-2-1457752885,0.0,0.0,0,0,1457752901354
production-topology4-4-1457752899,0.0,0.0,0,0,1457752901354
production-topology1-1-1457752878,0.0,0.0,0,0,1457752901355
production-topology3-3-1457752892,0.0,0.0,0,0,1457752901355
Running observer at: 1457752911967
production-topology2-2-1457752885,0.0,0.0,0,0,1457752912420
production-topology4-4-1457752899,0.0,0.0,0,0,1457752912421
production-topology1-1-1457752878,0.0,0.0,0,0,1457752912421
production-topology3-3-1457752892,0.0,0.0,0,0,1457752912421
Running observer at: 1457752922945
production-topology2-2-1457752885,0.0,0.0,0,0,1457752923372
production-topology4-4-1457752899,0.0,0.0,0,0,1457752923372
production-topology1-1-1457752878,0.0,0.0,0,0,1457752923372
production-topology3-3-1457752892,0.0,0.0,0,0,1457752923373
Running observer at: 1457752933902
production-topology2-2-1457752885,0.0,0.0,0,0,1457752934362
production-topology4-4-1457752899,0.0,0.0,0,0,1457752934362
production-topology1-1-1457752878,0.0,0.0,0,0,1457752934362
production-topology3-3-1457752892,0.0,0.0,0,0,1457752934363
Running observer at: 1457752944862
production-topology2-2-1457752885,0.0,0.0,0,0,1457752945311
production-topology4-4-1457752899,0.0,0.0,0,0,1457752945311
production-topology1-1-1457752878,0.0,0.0,0,0,1457752945312
production-topology3-3-1457752892,0.0,0.0,0,0,1457752945312
Running observer at: 1457752955753
production-topology2-2-1457752885,0.0,0.0,0,0,1457752956160
production-topology4-4-1457752899,0.0,0.0,0,0,1457752956160
production-topology1-1-1457752878,0.0,0.0,0,0,1457752956160
production-topology3-3-1457752892,0.0,0.0,0,0,1457752956160
Running observer at: 1457752966608
production-topology2-2-1457752885,0.0,0.0,0,0,1457752966999
production-topology4-4-1457752899,0.0,0.0,0,0,1457752966999
production-topology1-1-1457752878,0.0,0.0,0,0,1457752967000
production-topology3-3-1457752892,0.0,0.0,0,0,1457752967000
Running observer at: 1457752977459
production-topology2-2-1457752885,0.0,0.0,0,0,1457752977858
production-topology4-4-1457752899,0.0,0.0,0,0,1457752977858
production-topology1-1-1457752878,0.0,0.0,0,0,1457752977859
production-topology3-3-1457752892,0.0,0.0,0,0,1457752977859
Running observer at: 1457752988292
production-topology2-2-1457752885,0.0,0.0,0,0,1457752988691
production-topology4-4-1457752899,0.0,0.0,0,0,1457752988691
production-topology1-1-1457752878,0.0,0.0,0,0,1457752988691
production-topology3-3-1457752892,0.0,0.0,0,0,1457752988691
