cluster.needsSchedulingTopologies(topologies).size() > 0
Before calling EvenScheduler: 
Size of cluster.needsSchedulingTopologies(topologies): 1
targets.length() : 0
victims.length(): 0
Id of topology: production-topology1-1-1457752878
TOPOLOGY INFO 
production-topology1-1-1457752878
Topology Uptime: 0
Topology Status: ACTIVE
Topology Sched Status: null
Topology Num Workers: 0
********* END CLUSTER INFO **********
********* CLUSTER INFO: **********
NUMBER OF TOPOLOGIES: 1
NUMBER OF SUPERVISORS: 5
NIMBUS UPTIME: 22
SUPERVISOR ID: ac6f1fbb-a5b7-4572-a29e-364cb9a728cb
SUPERVISOR HOST: pc271.emulab.net
SUPERVISOR USED WORKERS0
SUPERVISOR GET NUMBER OF TOTAL WORKERS4
SUPERVISOR GET UPTIME SECS1884
SUPERVISOR ID: e7123429-a5d6-47c8-8f86-9efa911b1c1a
SUPERVISOR HOST: pc258.emulab.net
SUPERVISOR USED WORKERS0
SUPERVISOR GET NUMBER OF TOTAL WORKERS4
SUPERVISOR GET UPTIME SECS1883
SUPERVISOR ID: cc477528-c5f6-4189-ac4b-42c1e045bf79
SUPERVISOR HOST: pc333.emulab.net
SUPERVISOR USED WORKERS0
SUPERVISOR GET NUMBER OF TOTAL WORKERS4
SUPERVISOR GET UPTIME SECS1882
SUPERVISOR ID: 37272d61-331d-44c9-9361-c2ddcd609d9a
SUPERVISOR HOST: pc342.emulab.net
SUPERVISOR USED WORKERS4
SUPERVISOR GET NUMBER OF TOTAL WORKERS4
SUPERVISOR GET UPTIME SECS1848
SUPERVISOR ID: a16c9668-00f6-4a5e-803f-643b46659486
SUPERVISOR HOST: pc252.emulab.net
SUPERVISOR USED WORKERS0
SUPERVISOR GET NUMBER OF TOTAL WORKERS4
SUPERVISOR GET UPTIME SECS1883
production-topology1-1-1457752878,0.0,0.0,1457752878832
TOPOLOGY INFO 
production-topology1-1-1457752878
Topology Uptime: 1
Topology Status: ACTIVE
Topology Sched Status: null
Topology Num Workers: 5
********* END CLUSTER INFO **********
********* CLUSTER INFO: **********
NUMBER OF TOPOLOGIES: 1
NUMBER OF SUPERVISORS: 5
NIMBUS UPTIME: 23
SUPERVISOR ID: ac6f1fbb-a5b7-4572-a29e-364cb9a728cb
SUPERVISOR HOST: pc271.emulab.net
SUPERVISOR USED WORKERS0
SUPERVISOR GET NUMBER OF TOTAL WORKERS4
SUPERVISOR GET UPTIME SECS1884
SUPERVISOR ID: e7123429-a5d6-47c8-8f86-9efa911b1c1a
SUPERVISOR HOST: pc258.emulab.net
SUPERVISOR USED WORKERS0
SUPERVISOR GET NUMBER OF TOTAL WORKERS4
SUPERVISOR GET UPTIME SECS1883
SUPERVISOR ID: cc477528-c5f6-4189-ac4b-42c1e045bf79
SUPERVISOR HOST: pc333.emulab.net
SUPERVISOR USED WORKERS0
SUPERVISOR GET NUMBER OF TOTAL WORKERS4
SUPERVISOR GET UPTIME SECS1882
SUPERVISOR ID: 37272d61-331d-44c9-9361-c2ddcd609d9a
SUPERVISOR HOST: pc342.emulab.net
SUPERVISOR USED WORKERS4
SUPERVISOR GET NUMBER OF TOTAL WORKERS4
SUPERVISOR GET UPTIME SECS1848
SUPERVISOR ID: a16c9668-00f6-4a5e-803f-643b46659486
SUPERVISOR HOST: pc252.emulab.net
SUPERVISOR USED WORKERS0
SUPERVISOR GET NUMBER OF TOTAL WORKERS4
SUPERVISOR GET UPTIME SECS1883
production-topology1-1-1457752878,0.0,0.0,1457752879606
The sorted order of receivers: 
***The sorted order of receivers: 
******The sorted order of givers: 
***There are no givers! *Sob* 
Receivers:  
cluster.needsSchedulingTopologies(topologies).size() > 0
Before calling EvenScheduler: 
Size of cluster.needsSchedulingTopologies(topologies): 1
targets.length() : 0
victims.length(): 0
Id of topology: production-topology2-2-1457752885
TOPOLOGY INFO 
production-topology1-1-1457752878
Topology Uptime: 7
Topology Status: ACTIVE
Topology Sched Status: null
Topology Num Workers: 5
production-topology2-2-1457752885
Topology Uptime: 0
Topology Status: ACTIVE
Topology Sched Status: null
Topology Num Workers: 0
********* END CLUSTER INFO **********
********* CLUSTER INFO: **********
NUMBER OF TOPOLOGIES: 2
NUMBER OF SUPERVISORS: 5
NIMBUS UPTIME: 29
SUPERVISOR ID: ac6f1fbb-a5b7-4572-a29e-364cb9a728cb
SUPERVISOR HOST: pc271.emulab.net
SUPERVISOR USED WORKERS1
SUPERVISOR GET NUMBER OF TOTAL WORKERS4
SUPERVISOR GET UPTIME SECS1889
SUPERVISOR ID: e7123429-a5d6-47c8-8f86-9efa911b1c1a
SUPERVISOR HOST: pc258.emulab.net
SUPERVISOR USED WORKERS1
SUPERVISOR GET NUMBER OF TOTAL WORKERS4
SUPERVISOR GET UPTIME SECS1888
SUPERVISOR ID: cc477528-c5f6-4189-ac4b-42c1e045bf79
SUPERVISOR HOST: pc333.emulab.net
SUPERVISOR USED WORKERS1
SUPERVISOR GET NUMBER OF TOTAL WORKERS4
SUPERVISOR GET UPTIME SECS1887
SUPERVISOR ID: 37272d61-331d-44c9-9361-c2ddcd609d9a
SUPERVISOR HOST: pc342.emulab.net
SUPERVISOR USED WORKERS1
SUPERVISOR GET NUMBER OF TOTAL WORKERS4
SUPERVISOR GET UPTIME SECS1890
SUPERVISOR ID: a16c9668-00f6-4a5e-803f-643b46659486
SUPERVISOR HOST: pc252.emulab.net
SUPERVISOR USED WORKERS1
SUPERVISOR GET NUMBER OF TOTAL WORKERS4
SUPERVISOR GET UPTIME SECS1888
production-topology2-2-1457752885,0.0,0.0,1457752885772
production-topology1-1-1457752878,0.0,0.0,1457752885773
TOPOLOGY INFO 
production-topology1-1-1457752878
Topology Uptime: 12
Topology Status: ACTIVE
Topology Sched Status: null
Topology Num Workers: 5
production-topology2-2-1457752885
Topology Uptime: 5
Topology Status: ACTIVE
Topology Sched Status: null
Topology Num Workers: 5
********* END CLUSTER INFO **********
********* CLUSTER INFO: **********
NUMBER OF TOPOLOGIES: 2
NUMBER OF SUPERVISORS: 5
NIMBUS UPTIME: 34
SUPERVISOR ID: ac6f1fbb-a5b7-4572-a29e-364cb9a728cb
SUPERVISOR HOST: pc271.emulab.net
SUPERVISOR USED WORKERS2
SUPERVISOR GET NUMBER OF TOTAL WORKERS4
SUPERVISOR GET UPTIME SECS1894
SUPERVISOR ID: e7123429-a5d6-47c8-8f86-9efa911b1c1a
SUPERVISOR HOST: pc258.emulab.net
SUPERVISOR USED WORKERS1
SUPERVISOR GET NUMBER OF TOTAL WORKERS4
SUPERVISOR GET UPTIME SECS1893
SUPERVISOR ID: cc477528-c5f6-4189-ac4b-42c1e045bf79
SUPERVISOR HOST: pc333.emulab.net
SUPERVISOR USED WORKERS1
SUPERVISOR GET NUMBER OF TOTAL WORKERS4
SUPERVISOR GET UPTIME SECS1892
SUPERVISOR ID: 37272d61-331d-44c9-9361-c2ddcd609d9a
SUPERVISOR HOST: pc342.emulab.net
SUPERVISOR USED WORKERS2
SUPERVISOR GET NUMBER OF TOTAL WORKERS4
SUPERVISOR GET UPTIME SECS1895
SUPERVISOR ID: a16c9668-00f6-4a5e-803f-643b46659486
SUPERVISOR HOST: pc252.emulab.net
SUPERVISOR USED WORKERS1
SUPERVISOR GET NUMBER OF TOTAL WORKERS4
SUPERVISOR GET UPTIME SECS1893
production-topology2-2-1457752885,0.0,0.0,1457752890397
production-topology1-1-1457752878,0.0,0.0,1457752890398
The sorted order of receivers: 
***The sorted order of receivers: 
******The sorted order of givers: 
***There are no givers! *Sob* 
Receivers:  
cluster.needsSchedulingTopologies(topologies).size() > 0
Before calling EvenScheduler: 
Size of cluster.needsSchedulingTopologies(topologies): 1
targets.length() : 0
victims.length(): 0
Id of topology: production-topology3-3-1457752892
TOPOLOGY INFO 
production-topology1-1-1457752878
Topology Uptime: 14
Topology Status: ACTIVE
Topology Sched Status: null
Topology Num Workers: 5
production-topology2-2-1457752885
Topology Uptime: 7
Topology Status: ACTIVE
Topology Sched Status: null
Topology Num Workers: 5
production-topology3-3-1457752892
Topology Uptime: 0
Topology Status: ACTIVE
Topology Sched Status: null
Topology Num Workers: 0
********* END CLUSTER INFO **********
********* CLUSTER INFO: **********
NUMBER OF TOPOLOGIES: 3
NUMBER OF SUPERVISORS: 5
NIMBUS UPTIME: 36
SUPERVISOR ID: ac6f1fbb-a5b7-4572-a29e-364cb9a728cb
SUPERVISOR HOST: pc271.emulab.net
SUPERVISOR USED WORKERS2
SUPERVISOR GET NUMBER OF TOTAL WORKERS4
SUPERVISOR GET UPTIME SECS1894
SUPERVISOR ID: e7123429-a5d6-47c8-8f86-9efa911b1c1a
SUPERVISOR HOST: pc258.emulab.net
SUPERVISOR USED WORKERS2
SUPERVISOR GET NUMBER OF TOTAL WORKERS4
SUPERVISOR GET UPTIME SECS1898
SUPERVISOR ID: cc477528-c5f6-4189-ac4b-42c1e045bf79
SUPERVISOR HOST: pc333.emulab.net
SUPERVISOR USED WORKERS1
SUPERVISOR GET NUMBER OF TOTAL WORKERS4
SUPERVISOR GET UPTIME SECS1892
SUPERVISOR ID: 37272d61-331d-44c9-9361-c2ddcd609d9a
SUPERVISOR HOST: pc342.emulab.net
SUPERVISOR USED WORKERS2
SUPERVISOR GET NUMBER OF TOTAL WORKERS4
SUPERVISOR GET UPTIME SECS1895
SUPERVISOR ID: a16c9668-00f6-4a5e-803f-643b46659486
SUPERVISOR HOST: pc252.emulab.net
SUPERVISOR USED WORKERS2
SUPERVISOR GET NUMBER OF TOTAL WORKERS4
SUPERVISOR GET UPTIME SECS1898
production-topology2-2-1457752885,0.0,0.0,1457752892639
production-topology1-1-1457752878,0.0,0.0,1457752892639
production-topology3-3-1457752892,0.0,0.0,1457752892640
cluster.needsSchedulingTopologies(topologies).size() > 0
Before calling EvenScheduler: 
Size of cluster.needsSchedulingTopologies(topologies): 1
targets.length() : 0
victims.length(): 0
Id of topology: production-topology4-4-1457752899
TOPOLOGY INFO 
production-topology1-1-1457752878
Topology Uptime: 21
Topology Status: ACTIVE
Topology Sched Status: null
Topology Num Workers: 5
production-topology2-2-1457752885
Topology Uptime: 14
Topology Status: ACTIVE
Topology Sched Status: null
Topology Num Workers: 5
production-topology3-3-1457752892
Topology Uptime: 7
Topology Status: ACTIVE
Topology Sched Status: null
Topology Num Workers: 5
production-topology4-4-1457752899
Topology Uptime: 0
Topology Status: ACTIVE
Topology Sched Status: null
Topology Num Workers: 0
********* END CLUSTER INFO **********
********* CLUSTER INFO: **********
NUMBER OF TOPOLOGIES: 4
NUMBER OF SUPERVISORS: 5
NIMBUS UPTIME: 43
SUPERVISOR ID: ac6f1fbb-a5b7-4572-a29e-364cb9a728cb
SUPERVISOR HOST: pc271.emulab.net
SUPERVISOR USED WORKERS3
SUPERVISOR GET NUMBER OF TOTAL WORKERS4
SUPERVISOR GET UPTIME SECS1904
SUPERVISOR ID: e7123429-a5d6-47c8-8f86-9efa911b1c1a
SUPERVISOR HOST: pc258.emulab.net
SUPERVISOR USED WORKERS3
SUPERVISOR GET NUMBER OF TOTAL WORKERS4
SUPERVISOR GET UPTIME SECS1903
SUPERVISOR ID: cc477528-c5f6-4189-ac4b-42c1e045bf79
SUPERVISOR HOST: pc333.emulab.net
SUPERVISOR USED WORKERS3
SUPERVISOR GET NUMBER OF TOTAL WORKERS4
SUPERVISOR GET UPTIME SECS1902
SUPERVISOR ID: 37272d61-331d-44c9-9361-c2ddcd609d9a
SUPERVISOR HOST: pc342.emulab.net
SUPERVISOR USED WORKERS2
SUPERVISOR GET NUMBER OF TOTAL WORKERS4
SUPERVISOR GET UPTIME SECS1900
SUPERVISOR ID: a16c9668-00f6-4a5e-803f-643b46659486
SUPERVISOR HOST: pc252.emulab.net
SUPERVISOR USED WORKERS3
SUPERVISOR GET NUMBER OF TOTAL WORKERS4
SUPERVISOR GET UPTIME SECS1903
production-topology2-2-1457752885,0.0,0.0,1457752899806
production-topology4-4-1457752899,0.0,0.0,1457752899806
production-topology1-1-1457752878,0.0,0.0,1457752899806
production-topology3-3-1457752892,0.0,0.0,1457752899807
TOPOLOGY INFO 
production-topology1-1-1457752878
Topology Uptime: 22
Topology Status: ACTIVE
Topology Sched Status: null
Topology Num Workers: 5
production-topology2-2-1457752885
Topology Uptime: 15
Topology Status: ACTIVE
Topology Sched Status: null
Topology Num Workers: 5
production-topology3-3-1457752892
Topology Uptime: 9
Topology Status: ACTIVE
Topology Sched Status: null
Topology Num Workers: 5
production-topology4-4-1457752899
Topology Uptime: 2
Topology Status: ACTIVE
Topology Sched Status: null
Topology Num Workers: 5
********* END CLUSTER INFO **********
********* CLUSTER INFO: **********
NUMBER OF TOPOLOGIES: 4
NUMBER OF SUPERVISORS: 5
NIMBUS UPTIME: 45
SUPERVISOR ID: ac6f1fbb-a5b7-4572-a29e-364cb9a728cb
SUPERVISOR HOST: pc271.emulab.net
SUPERVISOR USED WORKERS3
SUPERVISOR GET NUMBER OF TOTAL WORKERS4
SUPERVISOR GET UPTIME SECS1904
SUPERVISOR ID: e7123429-a5d6-47c8-8f86-9efa911b1c1a
SUPERVISOR HOST: pc258.emulab.net
SUPERVISOR USED WORKERS3
SUPERVISOR GET NUMBER OF TOTAL WORKERS4
SUPERVISOR GET UPTIME SECS1903
SUPERVISOR ID: cc477528-c5f6-4189-ac4b-42c1e045bf79
SUPERVISOR HOST: pc333.emulab.net
SUPERVISOR USED WORKERS3
SUPERVISOR GET NUMBER OF TOTAL WORKERS4
SUPERVISOR GET UPTIME SECS1902
SUPERVISOR ID: 37272d61-331d-44c9-9361-c2ddcd609d9a
SUPERVISOR HOST: pc342.emulab.net
SUPERVISOR USED WORKERS3
SUPERVISOR GET NUMBER OF TOTAL WORKERS4
SUPERVISOR GET UPTIME SECS1905
SUPERVISOR ID: a16c9668-00f6-4a5e-803f-643b46659486
SUPERVISOR HOST: pc252.emulab.net
SUPERVISOR USED WORKERS3
SUPERVISOR GET NUMBER OF TOTAL WORKERS4
SUPERVISOR GET UPTIME SECS1903
production-topology2-2-1457752885,0.0,0.0,1457752901354
production-topology4-4-1457752899,0.0,0.0,1457752901355
production-topology1-1-1457752878,0.0,0.0,1457752901355
production-topology3-3-1457752892,0.0,0.0,1457752901355
The sorted order of receivers: 
***The sorted order of receivers: 
******The sorted order of givers: 
***There are no givers! *Sob* 
Receivers:  
TOPOLOGY INFO 
production-topology1-1-1457752878
Topology Uptime: 34
Topology Status: ACTIVE
Topology Sched Status: null
Topology Num Workers: 5
production-topology2-2-1457752885
Topology Uptime: 27
Topology Status: ACTIVE
Topology Sched Status: null
Topology Num Workers: 5
production-topology3-3-1457752892
Topology Uptime: 20
Topology Status: ACTIVE
Topology Sched Status: null
Topology Num Workers: 5
production-topology4-4-1457752899
Topology Uptime: 13
Topology Status: ACTIVE
Topology Sched Status: null
Topology Num Workers: 5
********* END CLUSTER INFO **********
********* CLUSTER INFO: **********
NUMBER OF TOPOLOGIES: 4
NUMBER OF SUPERVISORS: 5
NIMBUS UPTIME: 56
SUPERVISOR ID: ac6f1fbb-a5b7-4572-a29e-364cb9a728cb
SUPERVISOR HOST: pc271.emulab.net
SUPERVISOR USED WORKERS4
SUPERVISOR GET NUMBER OF TOTAL WORKERS4
SUPERVISOR GET UPTIME SECS1914
SUPERVISOR ID: e7123429-a5d6-47c8-8f86-9efa911b1c1a
SUPERVISOR HOST: pc258.emulab.net
SUPERVISOR USED WORKERS4
SUPERVISOR GET NUMBER OF TOTAL WORKERS4
SUPERVISOR GET UPTIME SECS1913
SUPERVISOR ID: cc477528-c5f6-4189-ac4b-42c1e045bf79
SUPERVISOR HOST: pc333.emulab.net
SUPERVISOR USED WORKERS4
SUPERVISOR GET NUMBER OF TOTAL WORKERS4
SUPERVISOR GET UPTIME SECS1912
SUPERVISOR ID: 37272d61-331d-44c9-9361-c2ddcd609d9a
SUPERVISOR HOST: pc342.emulab.net
SUPERVISOR USED WORKERS4
SUPERVISOR GET NUMBER OF TOTAL WORKERS4
SUPERVISOR GET UPTIME SECS1915
SUPERVISOR ID: a16c9668-00f6-4a5e-803f-643b46659486
SUPERVISOR HOST: pc252.emulab.net
SUPERVISOR USED WORKERS4
SUPERVISOR GET NUMBER OF TOTAL WORKERS4
SUPERVISOR GET UPTIME SECS1918
production-topology2-2-1457752885,0.0,0.0,1457752912421
production-topology4-4-1457752899,0.0,0.0,1457752912421
production-topology1-1-1457752878,0.0,0.0,1457752912421
production-topology3-3-1457752892,0.0,0.0,1457752912421
The sorted order of receivers: 
***The sorted order of receivers: 
******The sorted order of givers: 
***There are no givers! *Sob* 
Receivers:  
TOPOLOGY INFO 
production-topology1-1-1457752878
Topology Uptime: 44
Topology Status: ACTIVE
Topology Sched Status: null
Topology Num Workers: 5
production-topology2-2-1457752885
Topology Uptime: 38
Topology Status: ACTIVE
Topology Sched Status: null
Topology Num Workers: 5
production-topology3-3-1457752892
Topology Uptime: 31
Topology Status: ACTIVE
Topology Sched Status: null
Topology Num Workers: 5
production-topology4-4-1457752899
Topology Uptime: 24
Topology Status: ACTIVE
Topology Sched Status: null
Topology Num Workers: 5
********* END CLUSTER INFO **********
********* CLUSTER INFO: **********
NUMBER OF TOPOLOGIES: 4
NUMBER OF SUPERVISORS: 5
NIMBUS UPTIME: 67
SUPERVISOR ID: ac6f1fbb-a5b7-4572-a29e-364cb9a728cb
SUPERVISOR HOST: pc271.emulab.net
SUPERVISOR USED WORKERS4
SUPERVISOR GET NUMBER OF TOTAL WORKERS4
SUPERVISOR GET UPTIME SECS1924
SUPERVISOR ID: e7123429-a5d6-47c8-8f86-9efa911b1c1a
SUPERVISOR HOST: pc258.emulab.net
SUPERVISOR USED WORKERS4
SUPERVISOR GET NUMBER OF TOTAL WORKERS4
SUPERVISOR GET UPTIME SECS1928
SUPERVISOR ID: cc477528-c5f6-4189-ac4b-42c1e045bf79
SUPERVISOR HOST: pc333.emulab.net
SUPERVISOR USED WORKERS4
SUPERVISOR GET NUMBER OF TOTAL WORKERS4
SUPERVISOR GET UPTIME SECS1927
SUPERVISOR ID: 37272d61-331d-44c9-9361-c2ddcd609d9a
SUPERVISOR HOST: pc342.emulab.net
SUPERVISOR USED WORKERS4
SUPERVISOR GET NUMBER OF TOTAL WORKERS4
SUPERVISOR GET UPTIME SECS1925
SUPERVISOR ID: a16c9668-00f6-4a5e-803f-643b46659486
SUPERVISOR HOST: pc252.emulab.net
SUPERVISOR USED WORKERS4
SUPERVISOR GET NUMBER OF TOTAL WORKERS4
SUPERVISOR GET UPTIME SECS1928
production-topology2-2-1457752885,0.0,0.0,1457752923372
production-topology4-4-1457752899,0.0,0.0,1457752923372
production-topology1-1-1457752878,0.0,0.0,1457752923373
production-topology3-3-1457752892,0.0,0.0,1457752923373
The sorted order of receivers: 
***The sorted order of receivers: 
******The sorted order of givers: 
***There are no givers! *Sob* 
Receivers:  
TOPOLOGY INFO 
production-topology1-1-1457752878
Topology Uptime: 55
Topology Status: ACTIVE
Topology Sched Status: null
Topology Num Workers: 5
production-topology2-2-1457752885
Topology Uptime: 49
Topology Status: ACTIVE
Topology Sched Status: null
Topology Num Workers: 5
production-topology3-3-1457752892
Topology Uptime: 42
Topology Status: ACTIVE
Topology Sched Status: null
Topology Num Workers: 5
production-topology4-4-1457752899
Topology Uptime: 35
Topology Status: ACTIVE
Topology Sched Status: null
Topology Num Workers: 5
********* END CLUSTER INFO **********
********* CLUSTER INFO: **********
NUMBER OF TOPOLOGIES: 4
NUMBER OF SUPERVISORS: 5
NIMBUS UPTIME: 78
SUPERVISOR ID: ac6f1fbb-a5b7-4572-a29e-364cb9a728cb
SUPERVISOR HOST: pc271.emulab.net
SUPERVISOR USED WORKERS4
SUPERVISOR GET NUMBER OF TOTAL WORKERS4
SUPERVISOR GET UPTIME SECS1939
SUPERVISOR ID: e7123429-a5d6-47c8-8f86-9efa911b1c1a
SUPERVISOR HOST: pc258.emulab.net
SUPERVISOR USED WORKERS4
SUPERVISOR GET NUMBER OF TOTAL WORKERS4
SUPERVISOR GET UPTIME SECS1938
SUPERVISOR ID: cc477528-c5f6-4189-ac4b-42c1e045bf79
SUPERVISOR HOST: pc333.emulab.net
SUPERVISOR USED WORKERS4
SUPERVISOR GET NUMBER OF TOTAL WORKERS4
SUPERVISOR GET UPTIME SECS1937
SUPERVISOR ID: 37272d61-331d-44c9-9361-c2ddcd609d9a
SUPERVISOR HOST: pc342.emulab.net
SUPERVISOR USED WORKERS4
SUPERVISOR GET NUMBER OF TOTAL WORKERS4
SUPERVISOR GET UPTIME SECS1935
SUPERVISOR ID: a16c9668-00f6-4a5e-803f-643b46659486
SUPERVISOR HOST: pc252.emulab.net
SUPERVISOR USED WORKERS4
SUPERVISOR GET NUMBER OF TOTAL WORKERS4
SUPERVISOR GET UPTIME SECS1938
production-topology2-2-1457752885,0.0,0.0,1457752934362
production-topology4-4-1457752899,0.0,0.0,1457752934362
production-topology1-1-1457752878,0.0,0.0,1457752934362
production-topology3-3-1457752892,0.0,0.0,1457752934363
The sorted order of receivers: 
***The sorted order of receivers: 
******The sorted order of givers: 
***There are no givers! *Sob* 
Receivers:  
TOPOLOGY INFO 
production-topology1-1-1457752878
Topology Uptime: 66
Topology Status: ACTIVE
Topology Sched Status: null
Topology Num Workers: 5
production-topology2-2-1457752885
Topology Uptime: 59
Topology Status: ACTIVE
Topology Sched Status: null
Topology Num Workers: 5
production-topology3-3-1457752892
Topology Uptime: 53
Topology Status: ACTIVE
Topology Sched Status: null
Topology Num Workers: 5
production-topology4-4-1457752899
Topology Uptime: 46
Topology Status: ACTIVE
Topology Sched Status: null
Topology Num Workers: 5
********* END CLUSTER INFO **********
********* CLUSTER INFO: **********
NUMBER OF TOPOLOGIES: 4
NUMBER OF SUPERVISORS: 5
NIMBUS UPTIME: 89
SUPERVISOR ID: ac6f1fbb-a5b7-4572-a29e-364cb9a728cb
SUPERVISOR HOST: pc271.emulab.net
SUPERVISOR USED WORKERS4
SUPERVISOR GET NUMBER OF TOTAL WORKERS4
SUPERVISOR GET UPTIME SECS1949
SUPERVISOR ID: e7123429-a5d6-47c8-8f86-9efa911b1c1a
SUPERVISOR HOST: pc258.emulab.net
SUPERVISOR USED WORKERS4
SUPERVISOR GET NUMBER OF TOTAL WORKERS4
SUPERVISOR GET UPTIME SECS1948
SUPERVISOR ID: cc477528-c5f6-4189-ac4b-42c1e045bf79
SUPERVISOR HOST: pc333.emulab.net
SUPERVISOR USED WORKERS4
SUPERVISOR GET NUMBER OF TOTAL WORKERS4
SUPERVISOR GET UPTIME SECS1947
SUPERVISOR ID: 37272d61-331d-44c9-9361-c2ddcd609d9a
SUPERVISOR HOST: pc342.emulab.net
SUPERVISOR USED WORKERS4
SUPERVISOR GET NUMBER OF TOTAL WORKERS4
SUPERVISOR GET UPTIME SECS1950
SUPERVISOR ID: a16c9668-00f6-4a5e-803f-643b46659486
SUPERVISOR HOST: pc252.emulab.net
SUPERVISOR USED WORKERS4
SUPERVISOR GET NUMBER OF TOTAL WORKERS4
SUPERVISOR GET UPTIME SECS1948
production-topology2-2-1457752885,0.0,0.0,1457752945311
production-topology4-4-1457752899,0.0,0.0,1457752945312
production-topology1-1-1457752878,0.0,0.0,1457752945312
production-topology3-3-1457752892,0.0,0.0,1457752945312
The sorted order of receivers: 
***The sorted order of receivers: 
******The sorted order of givers: 
***There are no givers! *Sob* 
Receivers:  
TOPOLOGY INFO 
production-topology1-1-1457752878
Topology Uptime: 77
Topology Status: ACTIVE
Topology Sched Status: null
Topology Num Workers: 5
production-topology2-2-1457752885
Topology Uptime: 70
Topology Status: ACTIVE
Topology Sched Status: null
Topology Num Workers: 5
production-topology3-3-1457752892
Topology Uptime: 63
Topology Status: ACTIVE
Topology Sched Status: null
Topology Num Workers: 5
production-topology4-4-1457752899
Topology Uptime: 56
Topology Status: ACTIVE
Topology Sched Status: null
Topology Num Workers: 5
********* END CLUSTER INFO **********
********* CLUSTER INFO: **********
NUMBER OF TOPOLOGIES: 4
NUMBER OF SUPERVISORS: 5
NIMBUS UPTIME: 100
SUPERVISOR ID: ac6f1fbb-a5b7-4572-a29e-364cb9a728cb
SUPERVISOR HOST: pc271.emulab.net
SUPERVISOR USED WORKERS4
SUPERVISOR GET NUMBER OF TOTAL WORKERS4
SUPERVISOR GET UPTIME SECS1959
SUPERVISOR ID: e7123429-a5d6-47c8-8f86-9efa911b1c1a
SUPERVISOR HOST: pc258.emulab.net
SUPERVISOR USED WORKERS4
SUPERVISOR GET NUMBER OF TOTAL WORKERS4
SUPERVISOR GET UPTIME SECS1958
SUPERVISOR ID: cc477528-c5f6-4189-ac4b-42c1e045bf79
SUPERVISOR HOST: pc333.emulab.net
SUPERVISOR USED WORKERS4
SUPERVISOR GET NUMBER OF TOTAL WORKERS4
SUPERVISOR GET UPTIME SECS1958
SUPERVISOR ID: 37272d61-331d-44c9-9361-c2ddcd609d9a
SUPERVISOR HOST: pc342.emulab.net
SUPERVISOR USED WORKERS4
SUPERVISOR GET NUMBER OF TOTAL WORKERS4
SUPERVISOR GET UPTIME SECS1960
SUPERVISOR ID: a16c9668-00f6-4a5e-803f-643b46659486
SUPERVISOR HOST: pc252.emulab.net
SUPERVISOR USED WORKERS4
SUPERVISOR GET NUMBER OF TOTAL WORKERS4
SUPERVISOR GET UPTIME SECS1958
production-topology2-2-1457752885,0.0,0.0,1457752956160
production-topology4-4-1457752899,0.0,0.0,1457752956160
production-topology1-1-1457752878,0.0,0.0,1457752956160
production-topology3-3-1457752892,0.0,0.0,1457752956160
The sorted order of receivers: 
***The sorted order of receivers: 
******The sorted order of givers: 
***There are no givers! *Sob* 
Receivers:  
TOPOLOGY INFO 
production-topology1-1-1457752878
Topology Uptime: 88
Topology Status: ACTIVE
Topology Sched Status: null
Topology Num Workers: 5
production-topology2-2-1457752885
Topology Uptime: 81
Topology Status: ACTIVE
Topology Sched Status: null
Topology Num Workers: 5
production-topology3-3-1457752892
Topology Uptime: 74
Topology Status: ACTIVE
Topology Sched Status: null
Topology Num Workers: 5
production-topology4-4-1457752899
Topology Uptime: 67
Topology Status: ACTIVE
Topology Sched Status: null
Topology Num Workers: 5
********* END CLUSTER INFO **********
********* CLUSTER INFO: **********
NUMBER OF TOPOLOGIES: 4
NUMBER OF SUPERVISORS: 5
NIMBUS UPTIME: 110
SUPERVISOR ID: ac6f1fbb-a5b7-4572-a29e-364cb9a728cb
SUPERVISOR HOST: pc271.emulab.net
SUPERVISOR USED WORKERS4
SUPERVISOR GET NUMBER OF TOTAL WORKERS4
SUPERVISOR GET UPTIME SECS1969
SUPERVISOR ID: e7123429-a5d6-47c8-8f86-9efa911b1c1a
SUPERVISOR HOST: pc258.emulab.net
SUPERVISOR USED WORKERS4
SUPERVISOR GET NUMBER OF TOTAL WORKERS4
SUPERVISOR GET UPTIME SECS1968
SUPERVISOR ID: cc477528-c5f6-4189-ac4b-42c1e045bf79
SUPERVISOR HOST: pc333.emulab.net
SUPERVISOR USED WORKERS4
SUPERVISOR GET NUMBER OF TOTAL WORKERS4
SUPERVISOR GET UPTIME SECS1968
SUPERVISOR ID: 37272d61-331d-44c9-9361-c2ddcd609d9a
SUPERVISOR HOST: pc342.emulab.net
SUPERVISOR USED WORKERS4
SUPERVISOR GET NUMBER OF TOTAL WORKERS4
SUPERVISOR GET UPTIME SECS1970
SUPERVISOR ID: a16c9668-00f6-4a5e-803f-643b46659486
SUPERVISOR HOST: pc252.emulab.net
SUPERVISOR USED WORKERS4
SUPERVISOR GET NUMBER OF TOTAL WORKERS4
SUPERVISOR GET UPTIME SECS1968
production-topology2-2-1457752885,0.0,0.0,1457752966999
production-topology4-4-1457752899,0.0,0.0,1457752967000
production-topology1-1-1457752878,0.0,0.0,1457752967000
production-topology3-3-1457752892,0.0,0.0,1457752967000
The sorted order of receivers: 
***The sorted order of receivers: 
******The sorted order of givers: 
***There are no givers! *Sob* 
Receivers:  
TOPOLOGY INFO 
production-topology1-1-1457752878
Topology Uptime: 99
Topology Status: ACTIVE
Topology Sched Status: null
Topology Num Workers: 5
production-topology2-2-1457752885
Topology Uptime: 92
Topology Status: ACTIVE
Topology Sched Status: null
Topology Num Workers: 5
production-topology3-3-1457752892
Topology Uptime: 85
Topology Status: ACTIVE
Topology Sched Status: null
Topology Num Workers: 5
production-topology4-4-1457752899
Topology Uptime: 78
Topology Status: ACTIVE
Topology Sched Status: null
Topology Num Workers: 5
********* END CLUSTER INFO **********
********* CLUSTER INFO: **********
NUMBER OF TOPOLOGIES: 4
NUMBER OF SUPERVISORS: 5
NIMBUS UPTIME: 121
SUPERVISOR ID: ac6f1fbb-a5b7-4572-a29e-364cb9a728cb
SUPERVISOR HOST: pc271.emulab.net
SUPERVISOR USED WORKERS4
SUPERVISOR GET NUMBER OF TOTAL WORKERS4
SUPERVISOR GET UPTIME SECS1979
SUPERVISOR ID: e7123429-a5d6-47c8-8f86-9efa911b1c1a
SUPERVISOR HOST: pc258.emulab.net
SUPERVISOR USED WORKERS4
SUPERVISOR GET NUMBER OF TOTAL WORKERS4
SUPERVISOR GET UPTIME SECS1978
SUPERVISOR ID: cc477528-c5f6-4189-ac4b-42c1e045bf79
SUPERVISOR HOST: pc333.emulab.net
SUPERVISOR USED WORKERS4
SUPERVISOR GET NUMBER OF TOTAL WORKERS4
SUPERVISOR GET UPTIME SECS1978
SUPERVISOR ID: 37272d61-331d-44c9-9361-c2ddcd609d9a
SUPERVISOR HOST: pc342.emulab.net
SUPERVISOR USED WORKERS4
SUPERVISOR GET NUMBER OF TOTAL WORKERS4
SUPERVISOR GET UPTIME SECS1975
SUPERVISOR ID: a16c9668-00f6-4a5e-803f-643b46659486
SUPERVISOR HOST: pc252.emulab.net
SUPERVISOR USED WORKERS4
SUPERVISOR GET NUMBER OF TOTAL WORKERS4
SUPERVISOR GET UPTIME SECS1978
production-topology2-2-1457752885,0.0,0.0,1457752977858
production-topology4-4-1457752899,0.0,0.0,1457752977858
production-topology1-1-1457752878,0.0,0.0,1457752977859
production-topology3-3-1457752892,0.0,0.0,1457752977859
The sorted order of receivers: 
***The sorted order of receivers: 
******The sorted order of givers: 
***There are no givers! *Sob* 
Receivers:  
TOPOLOGY INFO 
production-topology1-1-1457752878
Topology Uptime: 110
Topology Status: ACTIVE
Topology Sched Status: null
Topology Num Workers: 5
production-topology2-2-1457752885
Topology Uptime: 103
Topology Status: ACTIVE
Topology Sched Status: null
Topology Num Workers: 5
production-topology3-3-1457752892
Topology Uptime: 96
Topology Status: ACTIVE
Topology Sched Status: null
Topology Num Workers: 5
production-topology4-4-1457752899
Topology Uptime: 89
Topology Status: ACTIVE
Topology Sched Status: null
Topology Num Workers: 5
********* END CLUSTER INFO **********
********* CLUSTER INFO: **********
NUMBER OF TOPOLOGIES: 4
NUMBER OF SUPERVISORS: 5
NIMBUS UPTIME: 132
SUPERVISOR ID: ac6f1fbb-a5b7-4572-a29e-364cb9a728cb
SUPERVISOR HOST: pc271.emulab.net
SUPERVISOR USED WORKERS4
SUPERVISOR GET NUMBER OF TOTAL WORKERS4
SUPERVISOR GET UPTIME SECS1979
SUPERVISOR ID: e7123429-a5d6-47c8-8f86-9efa911b1c1a
SUPERVISOR HOST: pc258.emulab.net
SUPERVISOR USED WORKERS4
SUPERVISOR GET NUMBER OF TOTAL WORKERS4
SUPERVISOR GET UPTIME SECS1978
SUPERVISOR ID: cc477528-c5f6-4189-ac4b-42c1e045bf79
SUPERVISOR HOST: pc333.emulab.net
SUPERVISOR USED WORKERS4
SUPERVISOR GET NUMBER OF TOTAL WORKERS4
SUPERVISOR GET UPTIME SECS1978
SUPERVISOR ID: 37272d61-331d-44c9-9361-c2ddcd609d9a
SUPERVISOR HOST: pc342.emulab.net
SUPERVISOR USED WORKERS4
SUPERVISOR GET NUMBER OF TOTAL WORKERS4
SUPERVISOR GET UPTIME SECS1975
SUPERVISOR ID: a16c9668-00f6-4a5e-803f-643b46659486
SUPERVISOR HOST: pc252.emulab.net
SUPERVISOR USED WORKERS4
SUPERVISOR GET NUMBER OF TOTAL WORKERS4
SUPERVISOR GET UPTIME SECS1978
production-topology2-2-1457752885,0.0,0.0,1457752988691
production-topology4-4-1457752899,0.0,0.0,1457752988691
production-topology1-1-1457752878,0.0,0.0,1457752988691
production-topology3-3-1457752892,0.0,0.0,1457752988692
The sorted order of receivers: 
***The sorted order of receivers: 
******The sorted order of givers: 
***There are no givers! *Sob* 
Receivers:  
