production-topology1-1-1457752878,0.0,0.0,1457752878832
production-topology1-1-1457752878,0.0,0.0,1457752879605
production-topology2-2-1457752885,0.0,0.0,1457752885772
production-topology1-1-1457752878,0.0,0.0,1457752885773
production-topology2-2-1457752885,0.0,0.0,1457752890397
production-topology1-1-1457752878,0.0,0.0,1457752890398
production-topology2-2-1457752885,0.0,0.0,1457752892639
production-topology1-1-1457752878,0.0,0.0,1457752892639
production-topology3-3-1457752892,0.0,0.0,1457752892640
production-topology2-2-1457752885,0.0,0.0,1457752899806
production-topology4-4-1457752899,0.0,0.0,1457752899806
production-topology1-1-1457752878,0.0,0.0,1457752899806
production-topology3-3-1457752892,0.0,0.0,1457752899807
production-topology2-2-1457752885,0.0,0.0,1457752901354
production-topology4-4-1457752899,0.0,0.0,1457752901354
production-topology1-1-1457752878,0.0,0.0,1457752901355
production-topology3-3-1457752892,0.0,0.0,1457752901355
production-topology2-2-1457752885,0.0,0.0,1457752912421
production-topology4-4-1457752899,0.0,0.0,1457752912421
production-topology1-1-1457752878,0.0,0.0,1457752912421
production-topology3-3-1457752892,0.0,0.0,1457752912421
production-topology2-2-1457752885,0.0,0.0,1457752923372
production-topology4-4-1457752899,0.0,0.0,1457752923372
production-topology1-1-1457752878,0.0,0.0,1457752923372
production-topology3-3-1457752892,0.0,0.0,1457752923373
production-topology2-2-1457752885,0.0,0.0,1457752934362
production-topology4-4-1457752899,0.0,0.0,1457752934362
production-topology1-1-1457752878,0.0,0.0,1457752934362
production-topology3-3-1457752892,0.0,0.0,1457752934363
production-topology2-2-1457752885,0.0,0.0,1457752945311
production-topology4-4-1457752899,0.0,0.0,1457752945312
production-topology1-1-1457752878,0.0,0.0,1457752945312
production-topology3-3-1457752892,0.0,0.0,1457752945312
production-topology2-2-1457752885,0.0,0.0,1457752956160
production-topology4-4-1457752899,0.0,0.0,1457752956160
production-topology1-1-1457752878,0.0,0.0,1457752956160
production-topology3-3-1457752892,0.0,0.0,1457752956160
production-topology2-2-1457752885,0.0,0.0,1457752966999
production-topology4-4-1457752899,0.0,0.0,1457752967000
production-topology1-1-1457752878,0.0,0.0,1457752967000
production-topology3-3-1457752892,0.0,0.0,1457752967000
production-topology2-2-1457752885,0.0,0.0,1457752977858
production-topology4-4-1457752899,0.0,0.0,1457752977858
production-topology1-1-1457752878,0.0,0.0,1457752977859
production-topology3-3-1457752892,0.0,0.0,1457752977859
production-topology2-2-1457752885,0.0,0.0,1457752988691
production-topology4-4-1457752899,0.0,0.0,1457752988691
production-topology1-1-1457752878,0.0,0.0,1457752988691
production-topology3-3-1457752892,0.0,0.0,1457752988692
