Running observer at: 1456812724850
production-topology1-1-1456812724,0.0,0.0,0,0,1456812725153
Running observer at: 1456812725717
production-topology1-1-1456812724,0.0,0.0,0,0,1456812726040
Running observer at: 1456812731858
production-topology1-1-1456812724,0.0,0.0,0,0,1456812732521
production-topology2-2-1456812731,0.0,0.0,0,0,1456812732521
Running observer at: 1456812736435
production-topology1-1-1456812724,0.0,0.0,0,0,1456812736930
production-topology2-2-1456812731,0.0,0.0,0,0,1456812736930
Running observer at: 1456812739010
production-topology1-1-1456812724,0.9122807017543857,0.18245614035087715,400,220,1456812739510
production-topology3-3-1456812738,0.0,0.0,0,0,1456812739510
production-topology2-2-1456812731,0.0,0.0,0,0,1456812739510
Running observer at: 1456812746494
production-topology1-1-1456812724,1.2101683169443331,0.3537415031164531,1780,1160,1456812747118
production-topology3-3-1456812738,0.0,0.0,0,0,1456812747118
production-topology2-2-1456812731,0.0,0.0,80,0,1456812747118
production-topology4-4-1456812745,0.0,0.0,0,0,1456812747119
Running observer at: 1456812747819
production-topology1-1-1456812724,1.0,0.44606414552838836,0,0,1456812748434
production-topology3-3-1456812738,0.0,0.0,0,0,1456812748434
production-topology2-2-1456812731,0.0,0.0,120,0,1456812748434
production-topology4-4-1456812745,0.0,0.0,0,0,1456812748434
Running observer at: 1456812759071
production-topology1-1-1456812724,0.7890601171569037,0.4889386419819528,2520,1540,1456812759620
production-topology3-3-1456812738,0.0554147465437788,0.0138536866359447,620,80,1456812759620
production-topology2-2-1456812731,1.142531342024565,0.1904218903374275,1440,1040,1456812759620
production-topology4-4-1456812745,0.0,0.0,0,0,1456812759620
Running observer at: 1456812770234
production-topology1-1-1456812724,1.050091526711897,0.5512889625075021,1800,1180,1456812770964
production-topology3-3-1456812738,1.251443789035392,0.2613717071158342,2200,4780,1456812770964
production-topology2-2-1456812731,0.8282024943722331,0.28153340519954256,1980,1200,1456812770964
production-topology4-4-1456812745,0.7822765837104073,0.19556914592760183,680,1040,1456812770965
Running observer at: 1456812781634
production-topology1-1-1456812724,1.0408861332523451,0.6002486795819865,2400,1540,1456812782249
production-topology3-3-1456812738,0.9682487039634304,0.37918453992376683,2300,4260,1456812782249
production-topology2-2-1456812731,1.1118286085873677,0.3853203056230207,2420,1580,1456812782249
production-topology4-4-1456812745,1.022841013074748,0.3610235193570311,2460,4600,1456812782249
Running observer at: 1456812792917
production-topology1-1-1456812724,1.1967914732124834,0.6544798426393044,2380,1560,1456812793520
production-topology3-3-1456812738,1.0914283034011947,0.4809336489919708,2040,3740,1456812793520
production-topology2-2-1456812731,0.9626937067524518,0.449472905748513,2240,1460,1456812793520
production-topology4-4-1456812745,1.0280339949905168,0.472191931962612,2300,4180,1456812793521
Running observer at: 1456812804108
production-topology1-1-1456812724,0.9055654689719692,0.6754036448336932,1900,1180,1456812804764
production-topology3-3-1456812738,0.9212747997007159,0.5359762928305639,2460,4320,1456812804764
production-topology2-2-1456812731,0.9488361101264329,0.49940922618630507,1960,1200,1456812804764
production-topology4-4-1456812745,1.030478665080254,0.5519471795508466,1880,3420,1456812804764
Running observer at: 1456812815301
production-topology1-1-1456812724,0.8947241379310346,0.692274451995027,2320,1500,1456812815855
production-topology3-3-1456812738,1.0468253399287883,0.5927372980637,2080,3940,1456812815855
production-topology2-2-1456812731,0.9298330411096152,0.538538663906606,2460,1560,1456812815856
production-topology4-4-1456812745,0.9900685045008034,0.6067123451695912,2440,4280,1456812815856
Running observer at: 1456812826482
production-topology1-1-1456812724,0.9684447158608311,0.7120008994140131,2460,1540,1456812827022
production-topology3-3-1456812738,1.130886277669632,0.6465521960242931,2080,3680,1456812827023
production-topology2-2-1456812731,1.1442344450958215,0.5890133123390406,2300,1480,1456812827023
production-topology4-4-1456812745,0.9897890676076846,0.6492764254404905,2320,4280,1456812827023
Running observer at: 1456812837757
production-topology1-1-1456812724,0.9469518753851442,0.7276642978120885,2220,1440,1456812838379
production-topology3-3-1456812738,0.92427486696992,0.6717997115648047,2400,4220,1456812838379
production-topology2-2-1456812731,0.9531343947846265,0.6170226263733164,1880,1240,1456812838379
production-topology4-4-1456812745,0.9431185024129092,0.6786606331377323,1960,3360,1456812838380
Running observer at: 1456812848916
production-topology1-1-1456812724,1.006895905009019,0.7451162732618967,1960,1200,1456812849498
production-topology3-3-1456812738,0.9797263311573077,0.6974602631975132,2160,4000,1456812849498
production-topology2-2-1456812731,1.07762758654054,0.6499229806709753,2380,1500,1456812849498
production-topology4-4-1456812745,1.0698127871976078,0.7142199198704482,2320,4400,1456812849498
Running observer at: 1456812860175
production-topology1-1-1456812724,1.162145634762181,0.7696474121736782,2420,1500,1456812860801
production-topology3-3-1456812738,1.0097059383433558,0.7214791612856549,2040,3680,1456812860801
production-topology2-2-1456812731,0.9669245186227351,0.6710564165344259,2360,1520,1456812860801
production-topology4-4-1456812745,0.987279342997428,0.7369748717976966,2340,4180,1456812860801
Running observer at: 1456812871399
production-topology1-1-1456812724,0.9940206511615918,0.7821125921174511,2400,1620,1456812871946
production-topology3-3-1456812738,1.0664504633302403,0.7461199685745539,2420,4380,1456812871946
production-topology2-2-1456812731,0.9990843339040606,0.691558161370028,2360,1560,1456812871946
production-topology4-4-1456812745,0.9772272935237516,0.7554558273150854,2260,3940,1456812871947
Running observer at: 1456812882392
production-topology1-1-1456812724,1.005942003202277,0.793893087437705,1800,1180,1456812882947
production-topology3-3-1456812738,0.9552882581439177,0.7600645212125114,2140,3780,1456812882947
production-topology2-2-1456812731,0.98015873015873,0.7085346654164222,1920,1140,1456812882947
production-topology4-4-1456812745,0.9681431736987294,0.7706477806282029,2100,3700,1456812882948
Running observer at: 1456812893635
production-topology1-1-1456812724,0.9639119087957755,0.8023940285056085,2440,1540,1456812894240
production-topology3-3-1456812738,1.0258394209442763,0.7766754524457468,2140,3980,1456812894240
production-topology2-2-1456812731,0.9933327805031748,0.7243567829212418,2300,1580,1456812894240
production-topology4-4-1456812745,1.0262291994654282,0.7876865418840179,2300,4240,1456812894241
Running observer at: 1456812904815
production-topology1-1-1456812724,0.9330746589269316,0.8086169156685286,2400,1580,1456812905337
production-topology3-3-1456812738,1.0273008103292072,0.7914181205565385,2320,4060,1456812905337
production-topology2-2-1456812731,0.9935493944754633,0.7385248151083061,2420,1480,1456812905338
production-topology4-4-1456812745,0.9814908063271035,0.7997993084117108,2260,4000,1456812905338
Running observer at: 1456812915915
production-topology1-1-1456812724,1.0853531812271564,0.8211958368302844,1740,1160,1456812916444
production-topology3-3-1456812738,0.9820723653132606,0.8020100230430232,2280,4160,1456812916444
production-topology2-2-1456812731,1.0063239237463506,0.7519147705402084,1880,1240,1456812916444
production-topology4-4-1456812745,1.0630094031104003,0.8152822551586925,2020,3820,1456812916445
Running observer at: 1456812927166
production-topology1-1-1456812724,1.0866608026990234,0.8327377918680555,2460,1560,1456812927724
production-topology3-3-1456812738,0.9451161313667291,0.8095419234811129,2080,3680,1456812927724
production-topology2-2-1456812731,1.0375660547978232,0.7655172126477138,2420,1620,1456812927725
production-topology4-4-1456812745,1.017391304347826,0.8265105356691999,2300,4140,1456812927725
Running observer at: 1456812938277
production-topology1-1-1456812724,0.9923424840086134,0.8393879873739122,2460,1560,1456812938787
production-topology3-3-1456812738,1.1555492408865793,0.8268422893513863,2200,4140,1456812938788
production-topology2-2-1456812731,0.9788291313715042,0.7752132089533407,2340,1400,1456812938788
production-topology4-4-1456812745,0.9528746783836484,0.8331612800225918,2420,4240,1456812938788
Running observer at: 1456812949348
production-topology1-1-1456812724,0.9623225600724159,0.8443053702818523,1840,1140,1456812950223
production-topology3-3-1456812738,0.9430565314475967,0.8323763008797772,2320,4100,1456812950223
production-topology2-2-1456812731,1.0623580715821626,0.787697768198072,1940,1280,1456812950223
production-topology4-4-1456812745,1.0262955643390423,0.8428179942384144,1980,3520,1456812950224
Running observer at: 1456812960798
production-topology1-1-1456812724,0.9205558401639344,0.8472380806619324,2380,1480,1456812961347
production-topology3-3-1456812738,0.937432973702482,0.8371516041899002,2360,4140,1456812961347
production-topology2-2-1456812731,0.933339016426353,0.7937661535409171,2340,1540,1456812961347
production-topology4-4-1456812745,1.057092214362879,0.8530215285300555,2340,4360,1456812961347
Running observer at: 1456812971858
production-topology1-1-1456812724,0.9945978365795375,0.8526958493996214,2380,1540,1456812972374
production-topology3-3-1456812738,1.082380762631976,0.8478137415134688,2000,3660,1456812972374
production-topology2-2-1456812731,1.0420061362361972,0.8036957528487282,2300,1480,1456812972375
production-topology4-4-1456812745,0.899736044700973,0.8551449156287336,2280,4060,1456812972375
Running observer at: 1456812983029
production-topology1-1-1456812724,1.0006874820195628,0.8579812648503335,1920,1300,1456812983713
production-topology3-3-1456812738,0.9735090273821672,0.8530510450913312,2300,4080,1456812983713
production-topology2-2-1456812731,1.030155463063594,0.8124057417031462,1980,1240,1456812983713
production-topology4-4-1456812745,1.0231576663011697,0.862449817831883,1980,3400,1456812983713
Running observer at: 1456812994225
production-topology1-1-1456812724,1.0050625372245385,0.8630530328632372,2280,1380,1456812994743
production-topology3-3-1456812738,0.9399291707654653,0.8565261701182966,2300,4080,1456812994744
production-topology2-2-1456812731,1.0256279809220985,0.8203028616742185,2420,1540,1456812994744
production-topology4-4-1456812745,1.005778499708434,0.868421846243406,2340,4440,1456812994744
Running observer at: 1456813005277
production-topology1-1-1456812724,0.9821397568521664,0.8670225903295349,2380,1600,1456813005825
production-topology3-3-1456812738,1.101143038704182,0.8659345112177538,1960,3720,1456813005825
production-topology2-2-1456812731,0.8910458464668702,0.8228293968453846,2200,1480,1456813005826
production-topology4-4-1456812745,1.0678669311982716,0.8763996496416006,2280,4160,1456813005826
Running observer at: 1456813016401
production-topology1-1-1456812724,1.0364892959487555,0.9015722335278267,2000,1220,1456813017091
production-topology3-3-1456812738,1.0032376567398118,0.871019812903756,2300,4160,1456813017091
production-topology2-2-1456812731,1.1071697485199594,0.8326342365583009,1940,1200,1456813017091
production-topology4-4-1456812745,0.9121894575604701,0.8777761807154032,2060,3420,1456813017092
Running observer at: 1456813027669
production-topology1-1-1456812724,1.0344268054648604,0.9360531270433221,2240,1420,1456813028215
production-topology3-3-1456812738,0.987110700977978,0.875165916049264,2300,4080,1456813028216
production-topology2-2-1456812731,0.960711249536268,0.8369034703242331,2380,1560,1456813028216
production-topology4-4-1456812745,0.9857695421917699,0.8817759348441575,2360,4240,1456813028216
Running observer at: 1456813038723
production-topology1-1-1456812724,0.9884475895621407,0.9690013800287268,2440,1500,1456813039275
production-topology3-3-1456812738,0.934283796274908,0.8772044636432517,2100,3660,1456813039275
production-topology2-2-1456812731,0.9944898032051851,0.8700531304310726,2280,1460,1456813039275
production-topology4-4-1456812745,1.049876817368994,0.887779537791473,2180,4180,1456813039275
Running observer at: 1456813049833
production-topology1-1-1456812724,1.048447324676576,1.0039496241846126,2040,1340,1456813050482
production-topology3-3-1456812738,1.0424085944074453,0.8827112680020581,2180,4060,1456813050482
production-topology2-2-1456812731,1.005475450489474,0.9035689787807217,1960,1220,1456813050482
production-topology4-4-1456812745,0.9636129636129636,0.8903944835094555,1960,3420,1456813050482
Running observer at: 1456813060940
production-topology1-1-1456812724,1.0941226359702216,1.0100110219918073,2240,1400,1456813061495
production-topology3-3-1456812738,0.9934117759245095,0.9158249938662084,2400,4240,1456813061496
production-topology2-2-1456812731,1.077643511677213,0.9394904291699622,2360,1500,1456813061496
production-topology4-4-1456812745,1.020172323556709,0.8947204115110305,2420,4320,1456813061496
Running observer at: 1456813071983
production-topology1-1-1456812724,0.9030949974607192,0.9997752446756869,2340,1560,1456813072438
production-topology3-3-1456812738,1.0287576046761304,0.9501169140220794,2020,3640,1456813072439
production-topology2-2-1456812731,0.9300735853155208,0.9704928820138129,2340,1540,1456813072439
production-topology4-4-1456812745,0.9949807650476865,0.9278864370126201,2340,4240,1456813072439
Running observer at: 1456813082978
production-topology1-1-1456812724,1.0034054518472235,0.9998887597372611,1900,1220,1456813083711
production-topology3-3-1456812738,1.0088899863463805,0.9837465802336254,2260,4200,1456813083712
production-topology2-2-1456812731,1.1506908421964592,1.0088492434203615,1900,1180,1456813083712
production-topology4-4-1456812745,0.9569247592567476,0.9597839289878449,1920,3420,1456813083712
Running observer at: 1456813094197
production-topology1-1-1456812724,0.9785250085969244,1.0062042561185953,2440,1460,1456813094739
production-topology3-3-1456812738,1.0008821225716544,1.0152621594345546,2300,4080,1456813094739
production-topology2-2-1456812731,0.9409444918046415,1.0021296817463643,2420,1600,1456813094740
production-topology4-4-1456812745,1.0593769482714717,0.9950964939302273,2380,4360,1456813094740
Running observer at: 1456813105185
production-topology1-1-1456812724,0.970954865766813,1.0035663674204258,2260,1580,1456813105670
production-topology3-3-1456812738,0.9540711151002759,1.0053497369700506,2080,3720,1456813105670
production-topology2-2-1456812731,1.1226718268156173,1.0119453261611437,2280,1460,1456813105670
production-topology4-4-1456812745,0.9681223625908664,1.0012913532262426,2300,4040,1456813105670
Running observer at: 1456813116314
production-topology1-1-1456812724,1.008211720312784,1.0024772203224404,1980,1180,1456813116949
production-topology3-3-1456812738,1.089383720441047,1.009387570852638,2220,4140,1456813116950
production-topology2-2-1456812731,0.8381103280787545,1.0028213834775235,1960,1180,1456813116950
production-topology4-4-1456812745,1.0240027112367538,1.0013300764983095,1900,3460,1456813116950
Running observer at: 1456813127541
production-topology1-1-1456812724,1.0571894576012224,0.997823819802065,2280,1460,1456813128101
production-topology3-3-1456812738,0.939535964621622,1.004324492893319,2340,4160,1456813128101
production-topology2-2-1456812731,0.949836093857833,1.002392796381036,2440,1520,1456813128101
production-topology4-4-1456812745,0.9777912820616804,0.9996553194006814,2440,4300,1456813128101
Running observer at: 1456813138625
production-topology1-1-1456812724,1.0211667009704553,1.0016771942020144,2360,1560,1456813139142
production-topology3-3-1456812738,1.0473676694592537,1.0085275885519367,2020,3680,1456813139142
production-topology2-2-1456812731,1.0465597496874128,1.0056502510330687,2280,1460,1456813139142
production-topology4-4-1456812745,0.9874328167652506,0.9982204577901813,2300,4080,1456813139142
Running observer at: 1456813149688
production-topology1-1-1456812724,0.9655765920826163,1.0040389426737337,2100,1260,1456813150331
production-topology3-3-1456812738,0.9579060604164482,1.0055636125681922,2280,4100,1456813150331
production-topology2-2-1456812731,1.0446705678940307,1.0094781685925491,1920,1280,1456813150331
production-topology4-4-1456812745,1.063609320315602,1.0006718183173415,1900,3500,1456813150331
Running observer at: 1456813160883
production-topology1-1-1456812724,1.1390447804574666,1.009725611493622,2120,1400,1456813161413
production-topology3-3-1456812738,1.0252032750577005,1.002040845814461,2240,4180,1456813161413
production-topology2-2-1456812731,0.9080841285901062,1.001606491375692,2440,1560,1456813161413
production-topology4-4-1456812745,1.0095539320503684,1.0013306471320975,2400,4320,1456813161413
Running observer at: 1456813171842
production-topology1-1-1456812724,0.9192059785684934,1.0088007482664,2420,1520,1456813172325
production-topology3-3-1456812738,0.9955745091972432,1.0044175005553717,2040,3560,1456813172325
production-topology2-2-1456812731,1.0260731206032287,1.004037782236312,2200,1480,1456813172325
production-topology4-4-1456812745,1.019311549329973,1.0038704153626665,2240,4120,1456813172325
Running observer at: 1456813182872
production-topology1-1-1456812724,0.9970770227248508,1.008473452190261,1920,1220,1456813183641
production-topology3-3-1456812738,0.958823740194287,1.003720747523271,2340,4140,1456813183641
production-topology2-2-1456812731,1.0929567029018328,1.0045487527816885,1980,1240,1456813183641
production-topology4-4-1456812745,0.9162060283673874,0.9987501900683259,2020,3420,1456813183642
Running observer at: 1456813194226
production-topology1-1-1456812724,0.9631525583609718,1.001840349643554,2360,1440,1456813194779
production-topology3-3-1456812738,1.0838266574226263,1.0061914381592465,2200,4200,1456813194779
production-topology2-2-1456812731,1.0999704305635578,1.0089836165130495,2340,1520,1456813194779
production-topology4-4-1456812745,1.0820683359681342,1.0019098231673496,2280,4340,1456813194780
Running observer at: 1456813205256
production-topology1-1-1456812724,1.0103805617582273,1.0023856799967752,2340,1540,1456813205768
production-topology3-3-1456812738,0.9850406816580178,1.0034777787701727,1980,3640,1456813205768
production-topology2-2-1456812731,0.8278063027442681,1.003274348807723,2260,1440,1456813205768
production-topology4-4-1456812745,0.9316005257212885,1.0003889309072673,2360,4160,1456813205768
Running observer at: 1456813216297
production-topology1-1-1456812724,0.9877375309823022,1.0017788642561094,1920,1180,1456813216949
production-topology3-3-1456812738,0.9467642205765678,1.0031936441845941,2380,4180,1456813216949
production-topology2-2-1456812731,1.0545076470745907,1.0057526460382518,1980,1300,1456813216949
production-topology4-4-1456812745,1.0331335147440028,1.0025552756087766,1900,3500,1456813216949
Running observer at: 1456813227560
production-topology1-1-1456812724,0.9623094627602605,1.0017254493882588,2300,1440,1456813228075
production-topology3-3-1456812738,1.0550301629804106,1.0041666689191322,2240,4040,1456813228075
production-topology2-2-1456812731,0.9172036251244171,1.0032150075256263,2400,1540,1456813228075
production-topology4-4-1456812745,1.0793755594928998,1.0043268209430256,2360,4260,1456813228075
Running observer at: 1456813238565
production-topology1-1-1456812724,1.213378500164895,1.0110689107628577,2320,1600,1456813239146
production-topology3-3-1456812738,0.9753770739064855,1.0024358777050415,2080,3700,1456813239146
production-topology2-2-1456812731,1.0882483653090287,1.006371639886745,2320,1420,1456813239146
production-topology4-4-1456812745,0.9052153492960646,1.0017843057086577,2380,4000,1456813239146
Running observer at: 1456813249685
production-topology1-1-1456812724,0.8956857876470755,1.0047466643101883,1980,1200,1456813250326
production-topology3-3-1456812738,1.0143179236568316,1.003510729649827,2220,4100,1456813250326
production-topology2-2-1456812731,0.9909580023922634,1.0058594425082756,1920,1240,1456813250326
production-topology4-4-1456812745,1.0943006647355467,1.0028273477628291,1920,3580,1456813250326
Running observer at: 1456813260897
production-topology1-1-1456812724,0.925468515742129,0.9993735880782916,2320,1440,1456813261456
production-topology3-3-1456812738,1.0342013079526204,1.0064802355360236,2360,4180,1456813261456
production-topology2-2-1456812731,0.9636450912483747,1.0033954103899607,2380,1560,1456813261456
production-topology4-4-1456812745,0.9595602431617687,1.000899645723294,2340,4280,1456813261457
Running observer at: 1456813271925
production-topology1-1-1456812724,1.1428494896053987,1.0043904882648511,2380,1580,1456813272404
production-topology3-3-1456812738,0.8940875988747337,0.9977648474689621,2080,3580,1456813272404
production-topology2-2-1456812731,1.1452249139564274,1.0089419364761247,2220,1500,1456813272404
production-topology4-4-1456812745,1.0817286821209562,1.0051947791812041,2280,4120,1456813272404
Running observer at: 1456813282910
production-topology1-1-1456812724,0.9204025763907686,1.002993155475463,1860,1240,1456813283451
production-topology3-3-1456812738,1.0373159213193042,1.0009068271313522,2280,4180,1456813283452
production-topology2-2-1456812731,0.9910630447660151,1.0065654355822529,2020,1200,1456813283452
production-topology4-4-1456812745,0.9640275925808579,1.003119180122598,1980,3520,1456813283452
Running observer at: 1456813294166
production-topology1-1-1456812724,1.1084380511463845,1.0092558958415447,2240,1400,1456813294719
production-topology3-3-1456812738,1.0625767857404145,1.0050782875326167,2180,4140,1456813294719
production-topology2-2-1456812731,0.9608666391860546,1.0074830230075764,2400,1580,1456813294719
production-topology4-4-1456812745,0.9331300920950053,0.9989871093803356,2320,4080,1456813294719
Running observer at: 1456813305196
production-topology1-1-1456812724,0.958704739195231,1.0080594592620675,2440,1560,1456813305699
production-topology3-3-1456812738,0.9854891831083421,1.0018485682151623,2160,3620,1456813305700
production-topology2-2-1456812731,1.039964028357472,1.0074149527449523,2300,1500,1456813305700
production-topology4-4-1456812745,1.0766964220576034,1.0048857886255567,2300,4380,1456813305700
Running observer at: 1456813316246
production-topology1-1-1456812724,1.00374766718107,1.008161465434118,1920,1180,1456813316761
production-topology3-3-1456812738,0.9823207944005792,1.0021422937824427,2240,4200,1456813316761
production-topology2-2-1456812731,0.9048620850864889,1.0032385068123821,1960,1260,1456813316761
production-topology4-4-1456812745,0.9508063330940167,1.0024740775186516,2040,3380,1456813316761
Running observer at: 1456813327400
production-topology1-1-1456812724,1.0300258527114747,1.0089935759503492,2200,1520,1456813327979
production-topology3-3-1456812738,0.9245290461752294,1.0016289562961016,2220,3820,1456813327979
production-topology2-2-1456812731,1.038553793287251,1.0036693672245538,2440,1500,1456813327979
production-topology4-4-1456812745,0.9964734080719773,1.0021639077974362,2260,4140,1456813327980
Running observer at: 1456813338470
production-topology1-1-1456812724,0.8861957776029372,1.0057954433087082,2480,1540,1456813339022
production-topology3-3-1456812738,1.1246878784322085,1.0024137842870358,2140,4020,1456813339022
production-topology2-2-1456812731,1.1137960085750573,1.01109437262816,2200,1440,1456813339022
production-topology4-4-1456812745,1.0877314247625858,1.0028260575829135,2320,4360,1456813339022
Running observer at: 1456813349539
production-topology1-1-1456812724,1.045316889131319,1.0060896964147934,2040,1260,1456813350047
production-topology3-3-1456812738,1.0346889365024257,1.003462160279123,2180,4100,1456813350047
production-topology2-2-1456812731,0.923205720235988,1.0049622383520276,1960,1240,1456813350047
production-topology4-4-1456812745,0.9299015115468097,1.0034164593824582,2020,3440,1456813350047
Running observer at: 1456813360716
production-topology1-1-1456812724,1.0869821432680313,1.0078415410082324,2220,1460,1456813361291
production-topology3-3-1456812738,0.9239327010708591,1.0013562269488856,2280,3900,1456813361291
production-topology2-2-1456812731,0.9820510980836675,1.005673566636941,2420,1600,1456813361291
production-topology4-4-1456812745,0.9986865413280468,1.003847026020334,2200,4120,1456813361291
Running observer at: 1456813371857
production-topology1-1-1456812724,1.0034334998155008,1.0083410713500112,2360,1540,1456813372304
production-topology3-3-1456812738,1.0582316388475235,1.0054878217013061,2100,3960,1456813372304
production-topology2-2-1456812731,1.1015402515458204,1.009241914914962,2260,1400,1456813372305
production-topology4-4-1456812745,1.0134807836389808,1.0026338248960005,2480,4400,1456813372305
Running observer at: 1456813382786
production-topology1-1-1456812724,0.9609211775878442,1.0054235331137202,1860,1240,1456813383335
production-topology3-3-1456812738,0.9783225629144582,1.00335162065154,2300,4060,1456813383335
production-topology2-2-1456812731,1.0791206656415557,1.0116967554200313,1940,1300,1456813383335
production-topology4-4-1456812745,1.0005348396878295,1.003864554098496,1960,3500,1456813383336
Running observer at: 1456813394007
production-topology1-1-1456812724,1.0304040984892051,1.003299581864353,2300,1380,1456813394585
production-topology3-3-1456812738,1.0911487290848585,1.006609519090218,2020,3740,1456813394585
production-topology2-2-1456812731,0.9199777845887929,1.0064412311837507,2360,1480,1456813394585
production-topology4-4-1456812745,0.9608928873379103,1.0018885728912026,2180,4040,1456813394585
Running observer at: 1456813405183
production-topology1-1-1456812724,0.8729351505049512,1.0022942536324944,2500,1560,1456813405749
production-topology3-3-1456812738,0.9700873701080495,1.0046538446046156,2300,4120,1456813405749
production-topology2-2-1456812731,0.9381404020122621,1.006710125073642,2420,1480,1456813405749
production-topology4-4-1456812745,1.0092751350769227,1.0023650518921772,2480,4380,1456813405749
Running observer at: 1456813416298
production-topology1-1-1456812724,1.1053168808944387,1.0056913012674014,1980,1320,1456813416776
production-topology3-3-1456812738,0.9763938382335197,1.0035706396675201,2300,4160,1456813416776
production-topology2-2-1456812731,0.8582043343653251,0.9969605748126042,1880,1160,1456813416776
production-topology4-4-1456812745,1.0344690825176472,1.0049498626675406,1880,3420,1456813416777
Running observer at: 1456813427504
production-topology1-1-1456812724,0.9808252029808933,1.0057679744135335,2180,1340,1456813428063
production-topology3-3-1456812738,1.0019031984995748,1.003604675531784,2120,3840,1456813428063
production-topology2-2-1456812731,1.1644171628451712,1.0044096638472886,2380,1600,1456813428064
production-topology4-4-1456812745,1.0414711103876564,1.0043530014047468,2280,4040,1456813428064
Running observer at: 1456813438556
production-topology1-1-1456812724,1.0395209306276334,1.0080535099088943,2380,1540,1456813439053
production-topology3-3-1456812738,0.9582737923757632,1.0037447647743003,2200,3880,1456813439054
production-topology2-2-1456812731,1.01914334219728,1.0009587143600107,2260,1460,1456813439054
production-topology4-4-1456812745,1.0113855455665672,1.0057951075039369,2460,4420,1456813439054
Running observer at: 1456813449604
production-topology1-1-1456812724,1.0163066390664957,1.0083233405340182,2080,1360,1456813450106
production-topology3-3-1456812738,1.0293721309297326,1.0017443784572564,2320,4060,1456813450106
production-topology2-2-1456812731,1.015873590982287,1.0068841564567952,1980,1240,1456813450106
production-topology4-4-1456812745,1.0631189266582182,1.007098981351319,1900,3400,1456813450106
Running observer at: 1456813460801
production-topology1-1-1456812724,0.8873120764158772,1.002660761161173,2160,1340,1456813461301
production-topology3-3-1456812738,1.0334884838811211,1.0048761290992398,2220,4020,1456813461301
production-topology2-2-1456812731,0.8750336049752993,1.0043907401607108,2420,1540,1456813461301
production-topology4-4-1456812745,0.9295188297187744,1.0054898996065555,2360,4160,1456813461302
Running observer at: 1456813471849
production-topology1-1-1456812724,1.073652542653009,1.0044102892172584,2380,1540,1456813472357
production-topology3-3-1456812738,0.9422019693228431,1.0013706057613594,2120,3800,1456813472357
production-topology2-2-1456812731,1.0327350086424678,1.0039299154592127,2180,1460,1456813472357
production-topology4-4-1456812745,1.0924784784213313,1.008991421661758,2300,4400,1456813472357
Running observer at: 1456813482888
production-topology1-1-1456812724,1.1262174521160695,1.0097649845517067,2000,1340,1456813483407
production-topology3-3-1456812738,0.969242515548447,1.0017484875990925,2280,4120,1456813483407
production-topology2-2-1456812731,1.0272616523994227,1.003349618276059,1980,1220,1456813483407
production-topology4-4-1456812745,0.9361428975995715,1.004742540904557,1940,3360,1456813483407
Running observer at: 1456813494066
production-topology1-1-1456812724,0.8121770297826637,0.9988693928625467,2220,1340,1456813494653
production-topology3-3-1456812738,0.9747043395841581,1.0000651897499746,2100,3720,1456813494653
production-topology2-2-1456812731,1.0320737238408402,1.007482604784417,2360,1600,1456813494653
production-topology4-4-1456812745,0.9525705759633818,1.0028430957016574,2340,4180,1456813494653
/var/nimbus/storm/bin/storm rebalance production-topology1 -e spout_head=11
1456813495030
/var/nimbus/storm/bin/storm rebalance production-topology2 -e spout_head=9
Running observer at: 1456813505258
production-topology1-1-1456812724,1.0004131999899182,1.0004131999899182,152560,97340,1456813505809
production-topology3-3-1456812738,1.0571851991499561,1.002118879415065,2280,4140,1456813505810
production-topology2-2-1456812731,0.9977336616685025,0.9977336616685025,149640,95940,1456813505810
production-topology4-4-1456812745,1.001457216683177,1.0022479512800975,2420,4260,1456813505810
Running observer at: 1456813516440
production-topology1-1-1456812724,4.0,2.500206599994959,20,60,1456813516947
production-topology3-3-1456812738,0.9997852778012447,1.0034842640019634,2240,4120,1456813516947
production-topology2-2-1456812731,1.5,1.2488668308342512,20,20,1456813516947
production-topology4-4-1456812745,1.0379795983369102,1.0063070702790815,1920,3600,1456813516947
Running observer at: 1456813527594
production-topology1-1-1456812724,1.0,2.000137733329973,0,0,1456813528190
production-topology3-3-1456812738,1.0159081427384304,1.0012203135124902,2260,4180,1456813528191
production-topology2-2-1456812731,1.0,1.1659112205561675,0,0,1456813528191
production-topology4-4-1456812745,0.9847479544274388,1.0030630575610582,2220,4060,1456813528191
Running observer at: 1456813533382
production-topology1-1-1456812724,1.0,1.7501032999974795,0,0,1456813533891
production-topology3-3-1456812738,0.8632814621347888,0.9971616728617161,1080,1700,1456813533891
production-topology2-2-1456812731,1.0,1.1244334154171256,0,0,1456813533891
production-topology4-4-1456812745,0.8722521313320344,1.001084777748083,1260,2200,1456813533892
Running observer at: 1456813534530
production-topology1-1-1456812724,1.0,1.6000826399979835,0,0,1456813535093
production-topology3-3-1456812738,1.3505855986119144,1.0106223854628942,280,700,1456813535093
production-topology2-2-1456812731,1.0,1.0995467323337005,0,0,1456813535093
production-topology4-4-1456812745,0.95,0.9983136605899496,120,220,1456813535093
Running observer at: 1456813538650
production-topology1-1-1456812724,0.0013215451505900696,1.3336224575234181,137580,160,1456813539147
production-topology3-3-1456812738,0.9742432432212769,1.00792948813759,740,1220,1456813539147
production-topology2-2-1456812731,0.9921205130507456,1.081642362453208,0,19200,1456813539148
production-topology4-4-1456812745,1.2812666168275526,1.0050433625011046,1060,1920,1456813539148
Running observer at: 1456813549698
production-topology1-1-1456812724,0.9895674894439856,1.2844717477977847,92940,58860,1456813550213
production-topology3-3-1456812738,0.9997829721294238,1.0087430180783545,2260,4120,1456813550213
production-topology2-2-1456812731,102386.83694683695,14627.618114430239,280,19200,1456813550214
production-topology4-4-1456812745,0.9225729732022905,1.0056219499646455,1960,3440,1456813550214
Running observer at: 1456813560868
production-topology1-1-1456812724,0.6152066701255992,1.2008136130887617,1860,740,1456813561418
production-topology3-3-1456812738,1.0259919903906116,1.009132153636147,2160,3940,1456813561418
production-topology2-2-1456812731,1.2131389565904749,12799.317492496033,1700,1240,1456813561418
production-topology4-4-1456812745,1.0150373039325364,1.0029798379378785,2260,4060,1456813561418
Running observer at: 1456813571982
production-topology1-1-1456812724,1.1147512926031447,1.1912511330348043,2600,1820,1456813572557
production-topology3-3-1456812738,0.9683874473480583,1.0069383582826616,2200,3820,1456813572558
production-topology2-2-1456812731,1.0246637629764184,11377.284955970137,2000,1280,1456813572558
production-topology4-4-1456812745,0.9897503552894255,1.0039861750088004,2460,4320,1456813572558
Running observer at: 1456813583211
production-topology1-1-1456812724,1.1147817913935882,1.1836041988706827,2080,1560,1456813583671
production-topology3-3-1456812738,1.0519577838548335,1.0122006977819984,2260,4240,1456813583671
production-topology2-2-1456812731,0.8930284066330206,10239.645763213786,1800,1160,1456813583671
production-topology4-4-1456812745,1.0782836255470287,1.0038713397896695,1860,3560,1456813583671
Running observer at: 1456813594335
production-topology1-1-1456812724,0.978349018010647,1.1649446369743157,2560,1740,1456813594919
production-topology3-3-1456812738,0.9661769929113733,1.0098294001684005,2300,4040,1456813594919
production-topology2-2-1456812731,1.0895142240297226,9308.867922396537,2120,1400,1456813594919
production-topology4-4-1456812745,0.9677401603317404,1.0039950920480323,2320,4080,1456813594919
Running observer at: 1456813605438
production-topology1-1-1456812724,0.9586484817799308,1.147753290708117,2640,1680,1456813605912
production-topology3-3-1456812738,1.085295951800806,1.010586705703747,2060,3720,1456813605913
production-topology2-2-1456812731,0.9231862680138542,8533.205861052493,1980,1200,1456813605913
production-topology4-4-1456812745,0.9992438927773686,1.006198885404111,2420,4340,1456813605913
Running observer at: 1456813616353
production-topology1-1-1456812724,1.1355124276472592,1.1468116858572819,2200,1500,1456813616858
production-topology3-3-1456812738,0.9705510638094248,1.0100887683937831,2300,4180,1456813616858
production-topology2-2-1456812731,0.9601578566145917,7876.879268498965,1900,1220,1456813616858
production-topology4-4-1456812745,1.0276974346076457,1.0045655858224456,1920,3500,1456813616858
Running observer at: 1456813627403
production-topology1-1-1456812724,1.0539413673982696,1.1401780916816382,2460,1540,1456813627963
production-topology3-3-1456812738,0.9911396376732511,1.0103827298362054,1900,3440,1456813627963
production-topology2-2-1456812731,1.0255361066909148,7314.318287613803,2060,1320,1456813627963
production-topology4-4-1456812745,1.0216096882678083,1.0069256976615721,2260,4120,1456813627963
Running observer at: 1456813638609
production-topology1-1-1456812724,0.8437394106171999,1.120415512944009,2380,1400,1456813639147
production-topology3-3-1456812738,0.9600035453477405,1.0115652131419557,2480,4360,1456813639147
production-topology2-2-1456812731,1.1070215189557815,6826.770869874146,1860,1160,1456813639147
production-topology4-4-1456812745,1.0066978490518008,1.0072665123608995,1920,3480,1456813639147
Running observer at: 1456813649580
production-topology1-1-1456812724,1.1355569579494678,1.1213618532568501,2420,1620,1456813650103
production-topology3-3-1456812738,1.0018556122854951,1.0074708042703986,2240,4120,1456813650103
production-topology2-2-1456812731,0.9688494293585203,6400.158243596346,2000,1380,1456813650103
production-topology4-4-1456812745,0.9606543013149533,1.0030306082459786,2440,4360,1456813650103
Running observer at: 1456813660655
production-topology1-1-1456812724,0.9594851221224848,1.1118396926018874,2600,1600,1456813661264
production-topology3-3-1456812738,1.072129865478718,1.008718835236275,1940,3460,1456813661265
production-topology2-2-1456812731,0.9049145299145298,6023.731577180674,1980,1200,1456813661265
production-topology4-4-1456812745,0.987088165434003,1.0049368300422181,2320,4120,1456813661265
Running observer at: 1456813671850
production-topology1-1-1456812724,0.9203750644596647,1.1012027688162085,2260,1380,1456813672470
production-topology3-3-1456812738,0.9978115105233749,1.0111814622180255,2320,4180,1456813672470
production-topology2-2-1456812731,1.0348864388069796,5689.137316583904,1960,1240,1456813672471
production-topology4-4-1456812745,1.0134657728458158,1.0054294710928107,1860,3480,1456813672471
Running observer at: 1456813682989
production-topology1-1-1456812724,1.136165130240029,1.1030428931016727,2380,1640,1456813683496
production-topology3-3-1456812738,0.9834837694075229,1.0086898665700255,2380,4280,1456813683496
production-topology2-2-1456812731,1.001485627418463,5389.7617465335625,2080,1320,1456813683496
production-topology4-4-1456812745,1.0412254971757129,1.0063542948773683,2400,4300,1456813683497
Running observer at: 1456813693977
production-topology1-1-1456812724,0.8392916438986351,1.0898553306415208,2500,1500,1456813694550
production-topology3-3-1456812738,1.0211611618331542,1.0101178198673153,1920,3500,1456813694551
production-topology2-2-1456812731,0.9238904525166475,5120.31985372951,1940,1200,1456813694551
production-topology4-4-1456812745,1.0098823499958327,1.006665878554302,2280,4140,1456813694551
Running observer at: 1456813705038
production-topology1-1-1456812724,1.2169744450487894,1.095908621803772,2440,1580,1456813705686
production-topology3-3-1456812738,1.0275852524112419,1.0079990373115282,2240,4140,1456813705686
production-topology2-2-1456812731,1.2510267796215644,4876.554671493801,1940,1280,1456813705686
production-topology4-4-1456812745,0.929765359299506,1.0056282942863553,1980,3520,1456813705687
Running observer at: 1456813716181
production-topology1-1-1456812724,0.951156966674336,1.0893290011160703,2340,1500,1456813716726
production-topology3-3-1456812738,0.9610865396363002,1.0076990096291367,2320,4200,1456813716726
production-topology2-2-1456812731,0.840903041928962,4654.931318382352,2060,1320,1456813716726
production-topology4-4-1456812745,1.0876104210144524,1.0082394704842728,2260,4080,1456813716727
Running observer at: 1456813727196
production-topology1-1-1456812724,0.9396630161823663,1.0828217843798222,2460,1600,1456813727790
production-topology3-3-1456812738,1.052581618280387,1.0102386022973657,2060,3620,1456813727790
production-topology2-2-1456812731,1.0375551095936824,4452.588111283537,2040,1260,1456813727790
production-topology4-4-1456812745,0.9592015826002114,1.0057305538203585,2420,4380,1456813727791
Running observer at: 1456813738256
production-topology1-1-1456812724,1.0078973559144586,1.0796999331937653,2220,1400,1456813739019
production-topology3-3-1456812738,0.8968249437434735,1.0067359938054956,2320,4100,1456813739019
production-topology2-2-1456812731,1.001887286211057,4267.105351950315,1760,1140,1456813739019
production-topology4-4-1456812745,1.0102198638998567,1.004688845604098,1940,3440,1456813739020
Running observer at: 1456813749495
production-topology1-1-1456812724,1.0214165459514701,1.0773685977040737,2560,1640,1456813750124
production-topology3-3-1456812738,1.1100308413274182,1.0117945621038842,2280,4120,1456813750124
production-topology2-2-1456812731,1.0565362193702703,4096.463399321077,2140,1440,1456813750124
production-topology4-4-1456812745,1.0321486300094638,1.0053809484188614,2280,4120,1456813750125
Running observer at: 1456813760676
production-topology1-1-1456812724,1.052574470624108,1.0764149774317673,2720,1660,1456813761215
production-topology3-3-1456812738,0.9904496016484698,1.0104971444611754,2000,3660,1456813761216
production-topology2-2-1456812731,0.8390836422836423,3938.9393871795846,1980,1280,1456813761216
production-topology4-4-1456812745,1.0039850380183621,1.0034098187975329,2400,4340,1456813761216
Running observer at: 1456813771684
production-topology1-1-1456812724,0.9469506524673765,1.0716200024330862,2260,1440,1456813772370
production-topology3-3-1456812738,0.9744332961724266,1.0085286382042191,2340,4120,1456813772370
production-topology2-2-1456812731,1.2448703944260746,3793.0988495208753,1840,1220,1456813772370
production-topology4-4-1456812745,1.0076844801419396,1.0060153404783052,1900,3500,1456813772370
Running observer at: 1456813782738
production-topology1-1-1456812724,1.0770085693530898,1.0718124512516576,2280,1500,1456813783302
production-topology3-3-1456812738,0.9927709202790067,1.0102142699027579,2280,4200,1456813783303
production-topology2-2-1456812731,0.8587147259095068,3657.6617018496263,2140,1340,1456813783303
production-topology4-4-1456812745,0.9245824994099219,1.0004188078445915,2300,3900,1456813783303
Running observer at: 1456813793761
production-topology1-1-1456812724,1.0568476392757113,1.071296423252487,2540,1620,1456813794288
production-topology3-3-1456812738,1.0175220359126764,1.0118235872482322,2020,3660,1456813794288
production-topology2-2-1456812731,1.1551606288448393,3531.5752693937375,2000,1300,1456813794288
production-topology4-4-1456812745,1.0099337512164974,1.0028785029651557,2460,4540,1456813794288
Running observer at: 1456813804889
production-topology1-1-1456812724,0.9791721009092551,1.0682256125077128,2220,1460,1456813805408
production-topology3-3-1456812738,0.943909572961256,1.010797095027469,2340,4160,1456813805409
production-topology2-2-1456812731,0.9177626451562622,3413.8866858354513,1820,1160,1456813805409
production-topology4-4-1456812745,1.0713679293443108,1.00683841474452,1900,3440,1456813805409
Running observer at: 1456813816102
production-topology1-1-1456812724,0.9416523096773965,1.066266916163962,2580,1600,1456813816641
production-topology3-3-1456812738,1.0293179825455732,1.0098681878073228,2260,4080,1456813816641
production-topology2-2-1456812731,1.1858684395465366,3413.8929569947136,2140,1400,1456813816641
production-topology4-4-1456812745,0.9434438506470673,1.0049046358766498,2320,4120,1456813816641
Running observer at: 1456813827087
production-topology1-1-1456812724,1.0175465726245037,0.9668518019181122,2420,1600,1456813827604
production-topology3-3-1456812738,1.001657374186938,1.0099305910201792,2120,3800,1456813827604
production-topology2-2-1456812731,0.8938642227914047,3413.8727524688065,2060,1240,1456813827604
production-topology4-4-1456812745,0.9895522071453104,1.0032903895035965,2360,4360,1456813827604
Running observer at: 1456813838215
production-topology1-1-1456812724,1.0834716985040367,0.9696341918682466,2520,1640,1456813838805
production-topology3-3-1456812738,1.0363599548685338,1.0106123180911826,2180,4100,1456813838805
production-topology2-2-1456812731,0.98838413712675,3413.8723652733775,1720,1080,1456813838806
production-topology4-4-1456812745,1.0426617638518945,1.005220849817745,1940,3460,1456813838806
Running observer at: 1456813849477
production-topology1-1-1456812724,0.961361919369978,0.968346255847246,2280,1460,1456813850031
production-topology3-3-1456812738,0.983288495772087,1.0146125525457592,2260,4040,1456813850031
production-topology2-2-1456812731,1.0099140296323394,3413.872695741032,2200,1440,1456813850031
production-topology4-4-1456812745,0.978427117086618,1.0087600160095642,2260,4080,1456813850031
Running observer at: 1456813860612
production-topology1-1-1456812724,1.0403886436106984,0.9696925439676025,2580,1700,1456813861102
production-topology3-3-1456812738,0.9943471876552115,1.0027379388472026,2060,3620,1456813861102
production-topology2-2-1456812731,1.0388207830320815,3413.873989767133,2000,1280,1456813861102
production-topology4-4-1456812745,1.0228630717005998,1.011188785066251,2500,4420,1456813861102
Running observer at: 1456813871676
production-topology1-1-1456812724,0.8840149924418539,0.9991156588773114,2300,1360,1456813872179
production-topology3-3-1456812738,1.0536233728988154,1.005383943169787,2260,4340,1456813872179
production-topology2-2-1456812731,1.1993342538373144,3413.8808968918256,1880,1220,1456813872179
production-topology4-4-1456812745,1.0065335387401713,1.0020310157966716,1960,3480,1456813872180
Running observer at: 1456813882802
production-topology1-1-1456812724,1.2001040998575463,1.0061335458910967,2340,1520,1456813883350
production-topology3-3-1456812738,0.9292045695794405,1.0030313297514541,2340,4000,1456813883350
production-topology2-2-1456812731,0.8881989036124135,1.0159386273814872,2060,1300,1456813883351
production-topology4-4-1456812745,1.0028952358415824,1.0047084245513147,2200,4100,1456813883351
Running observer at: 1456813893962
production-topology1-1-1456812724,0.9389130442817956,1.01692375836297,2620,1660,1456813894441
production-topology3-3-1456812738,1.0192214433391076,1.0028056448497373,2040,3580,1456813894441
production-topology2-2-1456812731,0.9473793203878621,1.0070799728414002,2100,1340,1456813894441
production-topology4-4-1456812745,1.0047101449275362,1.0043641859178145,2380,4280,1456813894441
Running observer at: 1456813905027
production-topology1-1-1456812724,0.8978958431066356,1.009695243379753,2380,1420,1456813905529
production-topology3-3-1456812738,1.0986875334271058,1.0071489810523724,2260,4260,1456813905529
production-topology2-2-1456812731,1.0473362844052498,1.0078357235556947,1760,1200,1456813905529
production-topology4-4-1456812745,0.9410112464377245,1.0027395489560913,2000,3480,1456813905529
Running observer at: 1456813916162
production-topology1-1-1456812724,0.9334447340061064,1.0036506748001703,2340,1500,1456813916712
production-topology3-3-1456812738,0.9663087525352554,1.0042940133417195,2300,4020,1456813916712
production-topology2-2-1456812731,0.8904327452484321,1.0077492015095417,2100,1280,1456813916712
production-topology4-4-1456812745,0.9928121392843401,0.9998904994140017,2260,4120,1456813916712
Running observer at: 1456813927327
production-topology1-1-1456812724,1.1483601758571935,1.009317713395055,2600,1820,1456813927889
production-topology3-3-1456812738,0.9765796810154606,1.004640769611856,2080,3760,1456813927889
production-topology2-2-1456812731,1.0383742531024973,1.0060445358119676,2080,1340,1456813927889
production-topology4-4-1456812745,1.0732645346498981,1.0034079785579402,2400,4360,1456813927889
Running observer at: 1456813938460
production-topology1-1-1456812724,0.9136937773901881,1.0078192232487304,2360,1380,1456813938961
production-topology3-3-1456812738,0.9989644249512671,1.0017630520502045,2280,4080,1456813938961
production-topology2-2-1456812731,0.8342533182886444,1.0030801041544606,1840,1180,1456813938962
production-topology4-4-1456812745,0.9274855617671041,1.0010160341909313,1960,3420,1456813938962
Running observer at: 1456813949611
production-topology1-1-1456812724,0.932379557301359,1.0010481275705339,2340,1560,1456813950183
production-topology3-3-1456812738,1.061276767966715,1.004787242188781,2240,4180,1456813950183
production-topology2-2-1456812731,1.128359889035162,1.0086868385684797,2120,1200,1456813950183
production-topology4-4-1456812745,1.04096942109043,1.0014584337403576,2280,4220,1456813950184
Running observer at: 1456813960740
production-topology1-1-1456812724,1.1621558717871752,1.0046552777168305,2620,1740,1456813961231
production-topology3-3-1456812738,0.939870178840767,1.0030782602276982,2040,3660,1456813961231
production-topology2-2-1456812731,0.9926898293277604,1.0075919626563743,2000,1340,1456813961231
production-topology4-4-1456812745,0.9626652146251868,0.9994936179522701,2420,4300,1456813961232
Running observer at: 1456813971838
production-topology1-1-1456812724,0.7649466791935032,1.0020288533360404,2320,1400,1456813972326
production-topology3-3-1456812738,0.9689568229395091,1.0033767028140903,2300,4060,1456813972326
production-topology2-2-1456812731,1.0542271150460807,1.0058321491927178,1900,1180,1456813972327
production-topology4-4-1456812745,1.1511656920077973,1.00430921271747,1800,3460,1456813972327
Running observer at: 1456813982998
production-topology1-1-1456812724,1.2875947589854548,1.0070967800372401,2360,1560,1456813983530
production-topology3-3-1456812738,1.0107025282242437,1.0036716000120487,2300,4120,1456813983531
production-topology2-2-1456812731,0.9837013875317568,1.006327214465159,2000,1320,1456813983531
production-topology4-4-1456812745,0.9173279663427871,1.0028650015517309,2400,4180,1456813983531
Running observer at: 1456813994118
production-topology1-1-1456812724,0.917188502088866,1.005686892702786,2600,1680,1456813994610
production-topology3-3-1456812738,1.05901389956046,1.0032344011481067,2060,3800,1456813994610
production-topology2-2-1456812731,1.0360446662016662,1.0106982190080636,2040,1280,1456813994610
production-topology4-4-1456812745,1.0991498531474866,1.0066003911421804,2360,4340,1456813994611
Running observer at: 1456814005184
production-topology1-1-1456812724,1.147797635800732,1.0132676450808218,2280,1500,1456814005699
production-topology3-3-1456812738,0.9540347612413985,1.001775176172041,2340,4040,1456814005699
production-topology2-2-1456812731,1.039122212310437,1.010839411458179,1900,1220,1456814005699
production-topology4-4-1456812745,0.873710779743287,1.001941891372096,1900,3460,1456814005699
Running observer at: 1456814016364
production-topology1-1-1456812724,0.9554285714285713,1.0072430931204397,2340,1520,1456814016972
production-topology3-3-1456812738,0.9885506465517242,1.0019440720768478,2300,4180,1456814016972
production-topology2-2-1456812731,0.9710194413680372,1.0098238719231647,2080,1340,1456814016972
production-topology4-4-1456812745,1.073515072503274,1.0030182105496814,2320,4240,1456814016972
Running observer at: 1456814027562
production-topology1-1-1456812724,0.9534749217293371,1.0110492023814632,2680,1700,1456814028024
production-topology3-3-1456812738,1.0244292031828095,1.0020530067885027,1940,3660,1456814028024
production-topology2-2-1456812731,0.9332506140639639,1.0101358773080753,2020,1300,1456814028024
production-topology4-4-1456812745,1.0394801346649258,1.0040048033719846,2420,4260,1456814028025
Running observer at: 1456814038589
production-topology1-1-1456812724,1.0142991337021188,1.0042933586699074,2260,1440,1456814039047
production-topology3-3-1456812738,1.0469056532279475,1.0026970201490597,2240,4060,1456814039047
production-topology2-2-1456812731,1.050308541399804,1.00344526936735,1760,1200,1456814039047
production-topology4-4-1456812745,0.9523171796034081,1.0047565307154482,1900,3420,1456814039048
Running observer at: 1456814049612
production-topology1-1-1456812724,1.105284492526179,1.0094309428649688,2360,1520,1456814050174
production-topology3-3-1456812738,0.9773997571640831,1.0032407940666526,2320,4080,1456814050174
production-topology2-2-1456812731,1.0831092959806297,1.011518811169072,2040,1260,1456814050174
production-topology4-4-1456812745,0.9560727068507389,1.0003719402433244,2400,4220,1456814050175
Running observer at: 1456814060642
production-topology1-1-1456812724,0.8854070132265621,1.0076224094331085,2280,1440,1456814061315
production-topology3-3-1456812738,1.007065774040163,1.0017235992586448,1940,3500,1456814061315
production-topology2-2-1456812731,0.9205315644944129,1.0076180263324297,1780,1080,1456814061315
production-topology4-4-1456812745,1.0264970051372977,1.0026151209945606,1880,3400,1456814061316
Running observer at: 1456814071839
production-topology1-1-1456812724,1.0155483851011373,1.0078774437393312,2620,1700,1456814072340
production-topology3-3-1456812738,0.9633558341369335,1.0039412956050937,2380,4300,1456814072341
production-topology2-2-1456812731,1.089665078549148,1.0105439527436995,2140,1380,1456814072341
production-topology4-4-1456812745,1.0373551953097406,1.0035196320415567,2380,4360,1456814072341
Running observer at: 1456814082877
production-topology1-1-1456812724,1.0039932370505904,1.0072966667759686,2360,1580,1456814083468
production-topology3-3-1456812738,0.9991464439663122,1.0002451490263902,2380,4120,1456814083468
production-topology2-2-1456812731,0.8441130409087398,1.0034631801283151,1960,1260,1456814083468
production-topology4-4-1456812745,0.9691050842029284,1.0014181805146722,2300,4040,1456814083468
Running observer at: 1456814093909
production-topology1-1-1456812724,0.9439750213638677,1.0036766851339607,2360,1420,1456814094564
production-topology3-3-1456812738,0.9047162074744983,0.997387369220591,1920,3460,1456814094564
production-topology2-2-1456812731,1.1630455101269483,1.0142619090564253,1880,1220,1456814094564
production-topology4-4-1456812745,1.0624020154768812,1.003365413096623,1900,3480,1456814094564
/var/nimbus/storm/bin/storm rebalance production-topology3 -e spout_head=11
1456814094848
/var/nimbus/storm/bin/storm rebalance production-topology4 -e bolt_output_1=9
Running observer at: 1456814105019
production-topology1-1-1456812724,0.9913417464581885,1.0051563882669876,2600,1640,1456814105465
production-topology3-3-1456812738,1.000168442309146,1.000168442309146,267360,482080,1456814105465
production-topology2-2-1456812731,1.006535958728247,1.0063174278664977,2100,1420,1456814105465
production-topology4-4-1456812745,1.0011118488077102,1.0011118488077102,265540,478240,1456814105465
Running observer at: 1456814115933
production-topology1-1-1456812724,1.0994420605288968,1.0059041713061814,2280,1500,1456814116589
production-topology3-3-1456812738,4.0,2.500084221154573,20,20,1456814116590
production-topology2-2-1456812731,0.8778322030622145,1.0069546771049214,2020,1180,1456814116590
production-topology4-4-1456812745,0.5745948266609424,0.7878533377343263,220,300,1456814116590
Running observer at: 1456814127181
production-topology1-1-1456812724,0.9243411968197213,1.0014872898909817,2380,1500,1456814127839
production-topology3-3-1456812738,2.0,2.3333894807697155,0,0,1456814127839
production-topology2-2-1456812731,1.0541720191338857,1.0035883901145561,1840,1200,1456814127839
production-topology4-4-1456812745,2.0,1.1919022251562177,0,0,1456814127839
Running observer at: 1456814133179
production-topology1-1-1456812724,0.8660377358490565,0.9977161443889752,1340,720,1456814133892
production-topology3-3-1456812738,2.0,2.2500421105772865,0,0,1456814133892
production-topology2-2-1456812731,0.9769664392648151,1.0055618499181747,1140,720,1456814133893
production-topology4-4-1456812745,2.0,1.3939266688671632,0,0,1456814133893
Running observer at: 1456814134352
production-topology1-1-1456812724,1.2817337461300307,1.0090521922707294,340,300,1456814134963
production-topology3-3-1456812738,0.0,1.8000336884618293,240660,0,1456814134963
production-topology2-2-1456812731,0.9401709401709402,0.9973719332723214,300,200,1456814134963
production-topology4-4-1456812745,2.0,1.5151413350937306,0,0,1456814134964
Running observer at: 1456814138281
production-topology1-1-1456812724,1.1246950895261754,1.0126238095007851,920,620,1456814138721
production-topology3-3-1456812738,0.9972521512602286,1.6662367655948958,161020,289360,1456814138721
production-topology2-2-1456812731,1.2453155310298167,1.0090869768802684,700,480,1456814138722
production-topology4-4-1456812745,0.0,1.2626177792447755,0,0,1456814138722
Running observer at: 1456814149139
production-topology1-1-1456812724,1.0553190818521798,1.0116853889457231,2420,1560,1456814149651
production-topology3-3-1456812738,0.3092575349179123,1.4723825897838982,1540,860,1456814149651
production-topology2-2-1456812731,1.0193235336092479,1.010118290096352,1920,1280,1456814149651
production-topology4-4-1456812745,0.0,1.0822438107812362,0,0,1456814149651
Running observer at: 1456814160132
production-topology1-1-1456812724,1.005367423565171,1.013152239085563,2300,1380,1456814160669
production-topology3-3-1456812738,1.198383656094213,1.4381327230726877,2160,4400,1456814160669
production-topology2-2-1456812731,0.8836152541635867,1.0059083309140602,1920,1140,1456814160669
production-topology4-4-1456812745,0.2102204106280193,0.973240885762084,920,420,1456814160669
Running observer at: 1456814171304
production-topology1-1-1456812724,1.0264200001133716,1.0126866176356522,2420,1640,1456814171795
production-topology3-3-1456812738,1.019670320352083,1.391636900548176,2420,4780,1456814171796
production-topology2-2-1456812731,1.2125912556317797,1.011700680000717,2040,1340,1456814171796
production-topology4-4-1456812745,0.4989182134968651,0.920538366621504,1780,1420,1456814171796
Running observer at: 1456814182305
production-topology1-1-1456812724,0.9637373453779348,1.0153440294001883,2540,1620,1456814182789
production-topology3-3-1456812738,1.0247333161591112,1.3549465421092695,2500,4600,1456814182790
production-topology2-2-1456812731,0.884789581704811,1.0012158575963,2080,1360,1456814182790
production-topology4-4-1456812745,0.3747622999696065,0.8659607599563144,1840,1400,1456814182790
Running observer at: 1456814193318
production-topology1-1-1456812724,0.9455837455375101,1.0068600175895204,2260,1440,1456814193888
production-topology3-3-1456812738,1.0861583137590252,1.3305112486228836,2360,4440,1456814193888
production-topology2-2-1456812731,1.0802672789977479,1.007618136775811,1860,1140,1456814193888
production-topology4-4-1456812745,0.3862566308757619,0.8223512936762641,1660,1180,1456814193888
Running observer at: 1456814204565
production-topology1-1-1456812724,1.0781419673021235,1.011500981690198,2400,1620,1456814205142
production-topology3-3-1456812738,1.003850469994836,1.3032895170705463,2340,4360,1456814205143
production-topology2-2-1456812731,0.9704874549547508,1.0083884079280405,1980,1320,1456814205143
production-topology4-4-1456812745,0.40941604605406057,0.7879400230410805,1720,1240,1456814205143
Running observer at: 1456814215694
production-topology1-1-1456812724,1.042426959042058,1.0163186855547122,2560,1540,1456814216157
production-topology3-3-1456812738,0.9801830933923956,1.2784351767876116,2580,4620,1456814216157
production-topology2-2-1456812731,0.9547518531821307,1.0053022602206032,2060,1360,1456814216157
production-topology4-4-1456812745,0.4250956221851456,0.7600289152829316,1860,1320,1456814216158
Running observer at: 1456814226729
production-topology1-1-1456812724,0.9542631156507475,1.0170126316095334,2340,1400,1456814227209
production-topology3-3-1456812738,0.990090584620945,1.2578391344899926,2400,4180,1456814227209
production-topology2-2-1456812731,1.0463386727688786,1.0104991244712846,1840,1180,1456814227209
production-topology4-4-1456812745,0.38216729928686444,0.733038799854641,1680,1240,1456814227209
Running observer at: 1456814237687
production-topology1-1-1456812724,0.9295064828881076,1.0097175085105639,2420,1560,1456814238295
production-topology3-3-1456812738,1.0123409399158039,1.2414725881850468,2220,4040,1456814238295
production-topology2-2-1456812731,0.9521546952397112,1.007625139209192,2100,1300,1456814238295
production-topology4-4-1456812745,0.3958726457212248,0.7105610562457466,1660,1140,1456814238295
Running observer at: 1456814248836
production-topology1-1-1456812724,1.0572537169230436,1.0145028398283256,2220,1400,1456814249458
production-topology3-3-1456812738,1.017299433128971,1.227461765994042,2360,4300,1456814249458
production-topology2-2-1456812731,1.087012987012987,1.0160504615000032,1760,1080,1456814249458
production-topology4-4-1456812745,0.4099273355370916,0.6917714487014557,1700,1240,1456814249458
Running observer at: 1456814259927
production-topology1-1-1456812724,0.9698085430521782,1.0157504726866862,2600,1660,1456814260397
production-topology3-3-1456812738,1.0274739654709477,1.2156977777279776,2740,4880,1456814260398
production-topology2-2-1456812731,1.0356309213851393,1.012959495911669,2160,1340,1456814260398
production-topology4-4-1456812745,0.40338945395459525,0.6748078019516404,1960,1420,1456814260398
Running observer at: 1456814270858
production-topology1-1-1456812724,1.0079426520960832,1.0106100320303166,2420,1580,1456814271419
production-topology3-3-1456812738,1.0309665678901982,1.20543493273699,2180,3900,1456814271419
production-topology2-2-1456812731,1.122917006802721,1.0173004018275011,1960,1280,1456814271419
production-topology4-4-1456812745,0.41177632643319884,0.6601949422006158,1660,1220,1456814271419
Running observer at: 1456814281990
production-topology1-1-1456812724,0.9481793147245872,1.0167177865480195,2260,1460,1456814282634
production-topology3-3-1456812738,0.9808788023066164,1.1936161890301282,2380,4360,1456814282634
production-topology2-2-1456812731,0.7996326681779287,1.0088139202652293,1780,1120,1456814282634
production-topology4-4-1456812745,0.36149364528488026,0.6444738213103139,1720,1220,1456814282634
Running observer at: 1456814293148
production-topology1-1-1456812724,1.0322773446558768,1.0082072060703668,2660,1660,1456814293654
production-topology3-3-1456812738,1.016821681664613,1.1847764636618525,2660,4860,1456814293654
production-topology2-2-1456812731,0.9298337581958194,1.007018332620698,2240,1420,1456814293654
production-topology4-4-1456812745,0.43038342943550223,0.6337693017165733,1960,1380,1456814293654
Running observer at: 1456814304117
production-topology1-1-1456812724,1.04609009009009,1.0125039256704078,2280,1540,1456814304678
production-topology3-3-1456812738,0.990396524670718,1.175520276090846,2240,4020,1456814304678
production-topology2-2-1456812731,1.175251227421241,1.0116585513280172,1880,1240,1456814304678
production-topology4-4-1456812745,0.3329255854605521,0.6194434104662866,1680,1160,1456814304678
Running observer at: 1456814315241
production-topology1-1-1456812724,0.9188732879662329,1.0048731140759244,2340,1440,1456814315949
production-topology3-3-1456812738,1.0114556550170453,1.1680627933147643,2360,4200,1456814315949
production-topology2-2-1456812731,0.9729384051974577,1.009452424424251,1860,1160,1456814315949
production-topology4-4-1456812745,0.4552828801383448,0.6119815681786529,1680,1200,1456814315949
Running observer at: 1456814326457
production-topology1-1-1456812724,1.0229886961389913,1.0071251182329384,2620,1760,1456814326957
production-topology3-3-1456812738,0.968650393742116,1.1593926889855186,2680,4800,1456814326957
production-topology2-2-1456812731,0.9526125052467473,1.008838859886875,2160,1380,1456814326957
production-topology4-4-1456812745,0.37759558208913613,0.6017908731312825,1900,1400,1456814326957
Running observer at: 1456814337423
production-topology1-1-1456812724,1.1380972589081002,1.0132791961388972,2340,1500,1456814338035
production-topology3-3-1456812738,1.0388300727120825,1.1543692466407922,2240,4060,1456814338035
production-topology2-2-1456812731,1.0297109785875282,1.0120542053709936,1980,1260,1456814338035
production-topology4-4-1456812745,0.35175868681078715,0.5913728653679287,1760,1220,1456814338035
Running observer at: 1456814348631
production-topology1-1-1456812724,0.9641136109241794,1.0116063453796325,2340,1440,1456814349136
production-topology3-3-1456812738,0.9685396357348544,1.1469360622045546,2400,4320,1456814349136
production-topology2-2-1456812731,0.9293594992014392,1.0080225706310482,1820,1200,1456814349136
production-topology4-4-1456812745,0.43557215175840447,0.5851408368235477,1640,1140,1456814349136
Running observer at: 1456814359719
production-topology1-1-1456812724,0.8081069538731563,1.0017004274245316,2620,1700,1456814360283
production-topology3-3-1456812738,0.9668716242794468,1.1400105068997428,2540,4540,1456814360283
production-topology2-2-1456812731,1.0180800420237042,1.005854928832484,2200,1360,1456814360283
production-topology4-4-1456812745,0.37622377622377623,0.577105565262018,1900,1360,1456814360283
Running observer at: 1456814370752
production-topology1-1-1456812724,1.326587939667822,1.016406458305907,2320,1500,1456814371354
production-topology3-3-1456812738,1.0219116628180573,1.135636475637458,2400,4180,1456814371354
production-topology2-2-1456812731,1.0222442212903828,1.0092453507256829,1860,1320,1456814371354
production-topology4-4-1456812745,0.46464278305366036,0.5729402770320788,1740,1280,1456814371354
Running observer at: 1456814381941
production-topology1-1-1456812724,0.875377126593794,1.0117340830223287,2340,1460,1456814382558
production-topology3-3-1456812738,1.0564439462720974,1.1328081710172666,2300,4440,1456814382558
production-topology2-2-1456812731,1.0127581769869007,1.0066817873402747,1880,1180,1456814382558
production-topology4-4-1456812745,0.35215446071038536,0.5650550693063041,1680,1160,1456814382559
Running observer at: 1456814393159
production-topology1-1-1456812724,1.0420341551463885,1.013002113625522,2660,1740,1456814393674
production-topology3-3-1456812738,1.0506183574681462,1.1299740395155728,2480,4460,1456814393674
production-topology2-2-1456812731,1.0459428478438206,1.0134094475714444,2180,1380,1456814393674
production-topology4-4-1456812745,0.4053496378552547,0.5595479854631644,1940,1320,1456814393674
Running observer at: 1456814404161
production-topology1-1-1456812724,1.0942818279371576,1.0180123405112984,2280,1440,1456814404662
production-topology3-3-1456812738,1.0052452533432727,1.1258164133098296,2400,4300,1456814404662
production-topology2-2-1456812731,0.8437860963711429,1.0027674671129174,1960,1280,1456814404663
production-topology4-4-1456812745,0.41095618004286727,0.5545949252824879,1700,1280,1456814404663
/var/nimbus/storm/bin/storm rebalance production-topology4 -e bolt_output_2=11
1456814405008
/var/nimbus/storm/bin/storm rebalance production-topology3 -e spout_head=10
Running observer at: 1456814415149
production-topology1-1-1456812724,0.8797986612803114,1.0142942376720359,2380,1500,1456814415652
production-topology3-3-1456812738,0.9978311698447815,0.9978311698447815,220180,395540,1456814415652
production-topology2-2-1456812731,1.0487455197132616,1.0041744524790845,1900,1120,1456814415652
production-topology4-4-1456812745,0.3953218403493014,0.3953218403493014,41420,29540,1456814415653
Running observer at: 1456814426260
production-topology1-1-1456812724,1.0327413736149287,1.0120708814415704,2620,1580,1456814426823
production-topology3-3-1456812738,0.8787878787878787,0.9383095243163301,220,360,1456814426824
production-topology2-2-1456812731,1.0337552690178644,1.0093718880109397,2060,1380,1456814426824
production-topology4-4-1456812745,0.6312500000000001,0.5132859201746507,160,160,1456814426824
Running observer at: 1456814437300
production-topology1-1-1456812724,1.0734600577326658,1.0170415101386685,2140,1380,1456814437901
production-topology3-3-1456812738,2.0,1.2922063495442202,0,0,1456814437901
production-topology2-2-1456812731,1.1874883823106952,1.0138157667835002,1960,1220,1456814437902
production-topology4-4-1456812745,2.0,1.0088572801164337,0,0,1456814437902
Running observer at: 1456814443482
production-topology1-1-1456812724,0.9798803709517996,1.0208362646420932,1400,920,1456814444018
production-topology3-3-1456812738,2.0,1.469154762158165,0,0,1456814444018
production-topology2-2-1456812731,1.0188389081122644,1.0152115157450816,1080,700,1456814444018
production-topology4-4-1456812745,2.0,1.2566429600873255,0,0,1456814444019
Running observer at: 1456814444606
production-topology1-1-1456812724,0.46902192829794637,0.993745870714357,480,200,1456814445050
production-topology3-3-1456812738,0.0,1.1753238097265322,209820,0,1456814445051
production-topology2-2-1456812731,0.7003367003367004,1.0072170410839403,240,160,1456814445051
production-topology4-4-1456812745,2.0,1.4053143680698603,0,0,1456814445051
Running observer at: 1456814448481
production-topology1-1-1456812724,1.0809289232934556,0.9922869985065997,620,460,1456814448982
production-topology3-3-1456812738,1.0116338171459036,1.1480421442964273,194040,353360,1456814448982
production-topology2-2-1456812731,0.8408643181782927,0.9937353339888895,580,320,1456814448982
production-topology4-4-1456812745,1.2245733190056998,1.3751908598925002,0,22080,1456814448983
Running observer at: 1456814459553
production-topology1-1-1456812724,1.0769202524383248,0.993007037526138,2600,1620,1456814460024
production-topology3-3-1456812738,0.7476915490992468,1.0908492021254015,1840,2580,1456814460025
production-topology2-2-1456812731,0.9960961275660181,0.9929610871207817,2140,1340,1456814460025
production-topology4-4-1456812745,1.2245733190056998,1.353674068337243,0,22080,1456814460025
Running observer at: 1456814470497
production-topology1-1-1456812724,1.010304671358471,0.9931716124525812,2000,1340,1456814471093
production-topology3-3-1456812738,1.0229216905343286,1.0823582631765174,2180,3920,1456814471093
production-topology2-2-1456812731,1.044260965003076,0.9983159441487647,1900,1240,1456814471093
production-topology4-4-1456812745,0.8851413737777374,1.2951074815173047,1540,2440,1456814471093
Running observer at: 1456814481540
production-topology1-1-1456812724,1.0883045773035356,0.9952344316922535,2680,1700,1456814482128
production-topology3-3-1456812738,0.964164704326101,1.0692256455264713,2140,3920,1456814482128
production-topology2-2-1456812731,0.8232543030826778,0.9853380457304614,1940,1140,1456814482128
production-topology4-4-1456812745,1.0985239534870381,1.2732648672917195,2120,4120,1456814482128
Running observer at: 1456814492651
production-topology1-1-1456812724,0.8519627638418834,0.9915086123077186,2480,1620,1456814493203
production-topology3-3-1456812738,0.9581673524587742,1.0581198162197016,2220,3820,1456814493203
production-topology2-2-1456812731,1.164012951307541,0.9946454913838857,1980,1400,1456814493203
production-topology4-4-1456812745,1.0165697097923327,1.2475953515417808,2260,3980,1456814493203
Running observer at: 1456814503735
production-topology1-1-1456812724,1.2362190013838787,1.0011964541692642,2080,1340,1456814504329
production-topology3-3-1456812738,1.0391038163215016,1.056391088956229,2260,4120,1456814504329
production-topology2-2-1456812731,1.1040572256706302,0.9954384896063152,1940,1240,1456814504329
production-topology4-4-1456812745,0.9592988939351854,1.221386582668454,2260,4140,1456814504329
Running observer at: 1456814514792
production-topology1-1-1456812724,0.9636975860578345,0.9973816414611212,2760,1740,1456814515317
production-topology3-3-1456812738,0.9608697297274884,1.048430975687167,2140,3960,1456814515317
production-topology2-2-1456812731,0.9237247128230192,0.9938797315352575,1940,1260,1456814515318
production-topology4-4-1456812745,1.0088025433131425,1.2036712460555115,2160,3820,1456814515318
Running observer at: 1456814525868
production-topology1-1-1456812724,0.9402784156703015,0.9939766900153959,2440,1600,1456814526439
production-topology3-3-1456812738,0.994814574393025,1.0443066371260792,2280,3920,1456814526439
production-topology2-2-1456812731,1.0692601299225903,0.9976966740932729,2140,1320,1456814526439
production-topology4-4-1456812745,1.0374878847410516,1.1908879105697838,2140,3940,1456814526439
Running observer at: 1456814536993
production-topology1-1-1456812724,1.049459149719371,0.9971498911510167,2100,1280,1456814537543
production-topology3-3-1456812738,1.061490463279613,1.0455340532799031,2200,4140,1456814537543
production-topology2-2-1456812731,1.022373817845395,0.9968978455958233,1920,1240,1456814537543
production-topology4-4-1456812745,0.9711928651059087,1.1751954073223643,2340,4080,1456814537543
Running observer at: 1456814548065
production-topology1-1-1456812724,0.8733251321502863,0.9952771794597559,2740,1740,1456814548416
production-topology3-3-1456812738,0.9321830199015608,1.037977317721347,2200,3820,1456814548416
production-topology2-2-1456812731,0.9077777371194379,0.995418613658481,1920,1240,1456814548416
production-topology4-4-1456812745,1.058408508910517,1.1674096140949077,2140,3940,1456814548416
Running observer at: 1456814558860
production-topology1-1-1456812724,1.4132519071164318,1.0071437857995356,1840,1340,1456814559250
production-topology3-3-1456812738,1.1315882503276309,1.0438280010092398,2160,3920,1456814559250
production-topology2-2-1456812731,1.218510068340973,0.9998018497027471,1920,1300,1456814559250
production-topology4-4-1456812745,0.9360368247523293,1.1529488147609965,2200,3960,1456814559250
Running observer at: 1456814569611
production-topology1-1-1456812724,0.0,0.9748168343644629,0,0,1456814570015
production-topology3-3-1456812738,1.0119492033264958,1.041952777616137,1960,3680,1456814570015
production-topology2-2-1456812731,0.8469051974288335,0.9935109922375368,1180,740,1456814570015
production-topology4-4-1456812745,0.9998571972581873,1.1439434254961254,2080,3640,1456814570015
