Running observer at: 1456612957786
production-topology1-1-1456612957,0.0,0.0,0,0,1456612958083
Running observer at: 1456612958813
production-topology1-1-1456612957,0.0,0.0,0,0,1456612959134
Running observer at: 1456612964701
production-topology1-1-1456612957,0.0,0.0,0,0,1456612965051
production-topology2-2-1456612964,0.0,0.0,0,0,1456612965052
Running observer at: 1456612969554
production-topology1-1-1456612957,0.0,0.0,0,0,1456612969985
production-topology2-2-1456612964,0.0,0.0,0,0,1456612969985
Running observer at: 1456612971620
production-topology3-3-1456612971,0.0,0.0,0,0,1456612972064
production-topology1-1-1456612957,0.0,0.0,120,0,1456612972064
production-topology2-2-1456612964,0.0,0.0,0,0,1456612972064
Running observer at: 1456612979018
production-topology4-4-1456612978,0.0,0.0,0,0,1456612979631
production-topology3-3-1456612971,0.0,0.0,0,0,1456612979631
production-topology1-1-1456612957,0.5465587044534412,0.09109311740890687,380,0,1456612979632
production-topology2-2-1456612964,0.0,0.0,80,0,1456612979632
Running observer at: 1456612980394
production-topology4-4-1456612978,0.0,0.0,0,0,1456612980958
production-topology3-3-1456612971,0.0,0.0,0,0,1456612980958
production-topology1-1-1456612957,1.7777777777777777,0.3320480688901742,120,0,1456612980959
production-topology2-2-1456612964,0.0,0.0,0,0,1456612980959
Running observer at: 1456612991572
production-topology4-4-1456612978,0.0,0.0,0,0,1456612992166
production-topology3-3-1456612971,0.18958333333333333,0.04739583333333333,640,0,1456612992166
production-topology1-1-1456612957,1.0917896223543757,0.42701576307319933,2320,0,1456612992166
production-topology2-2-1456612964,1.0833715484337876,0.1805619247389646,1620,0,1456612992167
Running observer at: 1456613002807
production-topology4-4-1456612978,0.9825982991743862,0.24564957479359656,740,0,1456613003605
production-topology3-3-1456612971,1.0939320899925322,0.2567030846651731,2260,0,1456613003606
production-topology1-1-1456612957,1.0358313414457485,0.49466193844792705,1960,0,1456613003606
production-topology2-2-1456612964,0.9134477045703664,0.2852598932863077,2000,0,1456613003606
Running observer at: 1456613014230
production-topology4-4-1456612978,1.0129406044278002,0.3991077807204373,2340,0,1456613014886
production-topology3-3-1456612971,1.144730614447679,0.4047076729622574,2220,0,1456613014886
production-topology1-1-1456612957,0.9634562643094126,0.5415413710340756,2460,0,1456613014886
production-topology2-2-1456612964,1.0541731525058542,0.381374050688751,2400,0,1456613014887
Running observer at: 1456613025468
production-topology4-4-1456612978,0.9889263300527742,0.49741087227582675,2420,0,1456613026032
production-topology3-3-1456612971,1.005577803199052,0.4905462629960852,2100,0,1456613026033
production-topology1-1-1456612957,1.0818556584397778,0.5906608517073213,2300,0,1456613026033
production-topology2-2-1456612964,1.0378950032713539,0.45432082319792916,2220,0,1456613026033
Running observer at: 1456613036595
production-topology4-4-1456612978,0.9034773290363224,0.5554203660987547,2000,0,1456613037366
production-topology3-3-1456612971,0.9573377004628818,0.5488951926794348,2280,0,1456613037366
production-topology1-1-1456612957,1.0135100858397745,0.6258982878850258,1900,0,1456613037367
production-topology2-2-1456612964,0.8812871600253003,0.49701745688066623,2040,0,1456613037367
Running observer at: 1456613047926
production-topology4-4-1456612978,1.1147990286425395,0.6253426989167278,2240,0,1456613048470
production-topology3-3-1456612971,1.1147488022631937,0.6117678159665191,2240,0,1456613048471
production-topology1-1-1456612957,0.9538174824163399,0.6511228413105115,2460,0,1456613048471
production-topology2-2-1456612964,1.0300529133122305,0.5454752256471721,2340,0,1456613048471
Running observer at: 1456613059072
production-topology4-4-1456612978,0.9479547851415371,0.6611884862750399,2480,0,1456613059698
production-topology3-3-1456612971,0.9323273073544369,0.6438237651053108,2120,0,1456613059698
production-topology1-1-1456612957,0.9704706310846859,0.6739333977229525,2260,0,1456613059698
production-topology2-2-1456612964,0.9522182110239871,0.5793704744285734,2300,0,1456613059699
Running observer at: 1456613070322
production-topology4-4-1456612978,1.133613837342497,0.7084310213817856,1800,0,1456613070955
production-topology3-3-1456612971,1.0324241146559436,0.6791510696099138,2380,0,1456613070955
production-topology1-1-1456612957,1.1195693317071118,0.7036424599885631,2480,0,1456613070955
production-topology2-2-1456612964,1.0440727602705824,0.6151168041087278,1940,0,1456613070955
Running observer at: 1456613081505
production-topology4-4-1456612978,0.8995613223140495,0.7258065032847187,2500,0,1456613082040
production-topology3-3-1456612971,0.9554398972568836,0.7021751385804946,2300,0,1456613082040
production-topology1-1-1456612957,0.9377102726962832,0.7182716982827956,1860,0,1456613082041
production-topology2-2-1456612964,1.044170045045045,0.6457634641756077,2420,0,1456613082041
Running observer at: 1456613092809
production-topology4-4-1456612978,1.0670889637660095,0.7542467083248262,2260,0,1456613093412
production-topology3-3-1456612971,1.0669851322481645,0.7302374457857,2040,0,1456613093413
production-topology1-1-1456612957,0.9193761609963004,0.7301013725600606,2440,0,1456613093413
production-topology2-2-1456612964,0.9384627658553439,0.6652767509542569,2240,0,1456613093413
Running observer at: 1456613104000
production-topology4-4-1456612978,0.9334620961240041,0.7680325073863015,2480,0,1456613104499
production-topology3-3-1456612971,1.0111332385016598,0.7503014309796973,2280,0,1456613104500
production-topology1-1-1456612957,1.0830865701563857,0.749711661315412,2320,0,1456613104500
production-topology2-2-1456612964,1.2721461929248257,0.7032060910774174,2420,0,1456613104500
Running observer at: 1456613114985
production-topology4-4-1456612978,1.053554578395702,0.78842694102983,1880,0,1456613115505
production-topology3-3-1456612971,0.9304921104962104,0.7623141429474648,2320,0,1456613115506
production-topology1-1-1456612957,1.1737191258898754,0.7720278436614363,1820,0,1456613115506
production-topology2-2-1456612964,0.802419508768715,0.7090421744710231,2000,0,1456613115506
Running observer at: 1456613126211
production-topology4-4-1456612978,1.036753786759307,0.8049820640784618,2300,0,1456613126781
production-topology3-3-1456612971,1.0518636873788392,0.7804109894744257,2000,0,1456613126781
production-topology1-1-1456612957,0.9604135481782521,0.7814471288872771,2440,0,1456613126782
production-topology2-2-1456612964,1.0635247228810472,0.7287356493826911,2260,0,1456613126782
Running observer at: 1456613137391
production-topology4-4-1456612978,0.9180527581288803,0.8120489824566129,2440,0,1456613137925
production-topology3-3-1456612971,1.0381149165036418,0.795570044005556,2240,0,1456613137925
production-topology1-1-1456612957,0.9137465737923404,0.7877471024541849,2320,0,1456613137926
production-topology2-2-1456612964,1.0096628523327709,0.7435212916432216,2380,0,1456613137926
Running observer at: 1456613148486
production-topology4-4-1456612978,1.1005871140171346,0.8290218137248789,1860,0,1456613149043
production-topology3-3-1456612971,0.9834122658839318,0.806005722998799,2340,0,1456613149043
production-topology1-1-1456612957,1.0230520234623683,0.7984427806818296,1920,0,1456613149043
production-topology2-2-1456612964,0.99371309870526,0.7560308819963235,1960,0,1456613149044
Running observer at: 1456613159737
production-topology4-4-1456612978,0.9976468486509331,0.8383898712207708,2320,0,1456613160195
production-topology3-3-1456612971,0.9482934504657745,0.8134945507602188,2060,0,1456613160195
production-topology1-1-1456612957,1.042611821858629,0.809058825950386,2360,0,1456613160196
production-topology2-2-1456612964,0.8729674353720737,0.7615992892999307,2260,0,1456613160196
Running observer at: 1456613170807
production-topology4-4-1456612978,0.9833486139023164,0.8460192787303257,2460,0,1456613171313
production-topology3-3-1456612971,1.0649160030650076,0.8260656233754583,2280,0,1456613171313
production-topology1-1-1456612957,1.0241378878408678,0.8180204535291562,2340,0,1456613171314
production-topology2-2-1456612964,1.2151803668267531,0.7822166110056954,2480,0,1456613171314
Running observer at: 1456613181873
production-topology4-4-1456612978,1.0690387915746145,0.8571702543725401,1820,0,1456613182456
production-topology3-3-1456612971,0.9565874342295376,0.8322809477018429,2260,0,1456613182456
production-topology1-1-1456612957,1.0309615805750065,0.8265380986109903,1860,0,1456613182456
production-topology2-2-1456612964,0.9460749488984785,0.7893408865662511,1900,0,1456613182457
Running observer at: 1456613193133
production-topology4-4-1456612978,0.9647477934643216,0.8622929943292916,2280,0,1456613193640
production-topology3-3-1456612971,1.061867866565445,0.8427167167410977,2260,0,1456613193640
production-topology1-1-1456612957,1.0275140913508258,0.8342679444855994,2340,0,1456613193640
production-topology2-2-1456612964,1.0482882859297389,0.8001303615397298,2220,0,1456613193641
Running observer at: 1456613204190
production-topology4-4-1456612978,1.017769607843137,0.8693601131253756,2460,0,1456613204695
production-topology3-3-1456612971,0.916220539270092,0.8459125351119235,2120,0,1456613204696
production-topology1-1-1456612957,0.890587557779692,0.8363538560890843,2360,0,1456613204696
production-topology2-2-1456612964,0.8318529512660309,0.8013992651287819,2480,0,1456613204696
Running observer at: 1456613215244
production-topology4-4-1456612978,0.9095700729343661,0.8711083722475056,1920,0,1456613216005
production-topology3-3-1456612971,0.9544225501637006,0.850433785739081,2280,0,1456613216005
production-topology1-1-1456612957,1.1609695246031628,0.84794727282173,1920,0,1456613216005
production-topology2-2-1456612964,1.18618738638175,0.816198808253896,1960,0,1456613216005
Running observer at: 1456613226605
production-topology4-4-1456612978,1.0778361526961049,0.8797220297661972,2260,0,1456613227093
production-topology3-3-1456612971,1.076864729087231,0.859491023473007,2300,0,1456613227093
production-topology1-1-1456612957,1.0199257321263355,0.8538775645218888,2440,0,1456613227093
production-topology2-2-1456612964,0.9624921931500535,0.8216170817685686,2360,0,1456613227093
Running observer at: 1456613237658
production-topology4-4-1456612978,0.9839263841412721,0.8838902039412002,2420,0,1456613238114
production-topology3-3-1456612971,0.9182263858898501,0.8617500758736547,2100,0,1456613238114
production-topology1-1-1456612957,0.9436224717319563,0.8568690614288911,2260,0,1456613238114
production-topology2-2-1456612964,0.9582560469579262,0.8264970448110457,2260,0,1456613238114
Running observer at: 1456613248655
production-topology4-4-1456612978,1.0483956253021822,0.8902173355320072,1840,0,1456613249279
production-topology3-3-1456612971,1.0954875413761846,0.8704070190404151,2220,0,1456613249279
production-topology1-1-1456612957,1.1017867194592033,0.8935952854108644,1900,0,1456613249279
production-topology2-2-1456612964,1.005536938949543,0.8326708342640974,1980,0,1456613249279
Running observer at: 1456613259875
production-topology4-4-1456612978,0.958304272759458,0.8927390739478388,2320,0,1456613260385
production-topology3-3-1456612971,0.9503916406383899,0.8732636126689142,2300,0,1456613260385
production-topology1-1-1456612957,0.9707650273224044,0.9259541196549446,2440,0,1456613260386
production-topology2-2-1456612964,1.1330680476927208,0.8426840747117181,2380,0,1456613260386
Running observer at: 1456613270934
production-topology4-4-1456612978,1.0360540820330557,0.8978574670937393,2380,0,1456613271443
production-topology3-3-1456612971,1.0198500477875843,0.8783183173281787,2040,0,1456613271443
production-topology1-1-1456612957,1.017629179331307,0.9598750922993216,2300,0,1456613271443
production-topology2-2-1456612964,0.9694822549199706,0.8750001498757172,2300,0,1456613271444
Running observer at: 1456613282030
production-topology4-4-1456612978,1.0314940219819497,0.90246562415885,1860,0,1456613282704
production-topology3-3-1456612971,0.9985050850986961,0.8823245429205292,2340,0,1456613282705
production-topology1-1-1456612957,0.9058235960420704,0.9900692121673905,1940,0,1456613282705
production-topology2-2-1456612964,0.8642831967574235,0.9038095897676313,1940,0,1456613282705
Running observer at: 1456613293261
production-topology4-4-1456612978,0.9502031567636564,0.9040568752456769,2360,0,1456613293850
production-topology3-3-1456612971,1.053867032983989,0.9174534440199955,2180,0,1456613293850
production-topology1-1-1456612957,1.1134379270547836,1.0271838097358832,2340,0,1456613293850
production-topology2-2-1456612964,1.0674237030480296,0.9393903798692322,2320,0,1456613293850
Running observer at: 1456613304406
production-topology4-4-1456612978,1.0338013864525748,0.9385169214607626,2400,0,1456613304917
production-topology3-3-1456612971,0.9742554526331328,0.9499286257744333,2100,0,1456613304917
production-topology1-1-1456612957,0.852792999465702,1.0373916195696251,2340,0,1456613304917
production-topology2-2-1456612964,1.0398301788955147,0.974051385832416,2320,0,1456613304918
Running observer at: 1456613315498
production-topology4-4-1456612978,0.8863202064887339,0.9680609283437204,2020,0,1456613316125
production-topology3-3-1456612971,0.9835706470146628,0.9827143140082554,2280,0,1456613316125
production-topology1-1-1456612957,1.1245257029848923,1.0156165504098624,2000,0,1456613316125
production-topology2-2-1456612964,0.8986691307626568,1.0040070235245044,1920,0,1456613316125
Running observer at: 1456613326634
production-topology4-4-1456612978,1.1260860683204434,1.0055971306210685,2180,0,1456613327218
production-topology3-3-1456612971,1.0808322881427923,1.012422612501904,2260,0,1456613327218
production-topology1-1-1456612957,0.9792268302144128,1.0118644573385303,2240,0,1456613327219
production-topology2-2-1456612964,1.01992031278448,1.0018919823361943,2420,0,1456613327219
Running observer at: 1456613337713
production-topology4-4-1456612978,1.0005990677521006,1.0061971562403258,2380,0,1456613338225
production-topology3-3-1456612971,0.9237054282973421,1.0067483904453978,2040,0,1456613338226
production-topology1-1-1456612957,1.140679812802017,1.0153594063837392,2340,0,1456613338226
production-topology2-2-1456612964,1.0144996145808052,1.0052603793365422,2300,0,1456613338226
Running observer at: 1456613348812
production-topology4-4-1456612978,0.9740926048577252,1.0049022229213234,1960,0,1456613349453
production-topology3-3-1456612971,1.0206316554984158,1.0026117584804224,2300,0,1456613349453
production-topology1-1-1456612957,0.9345435483350161,1.0143956491845925,1940,0,1456613349454
production-topology2-2-1456612964,0.9825753330342581,1.0028737853541558,1860,0,1456613349454
Running observer at: 1456613359967
production-topology4-4-1456612978,0.9822923515533024,1.0046810903046741,2360,0,1456613360467
production-topology3-3-1456612971,0.9342457631430343,1.0002340238118885,2280,0,1456613360468
production-topology1-1-1456612957,1.0401746905658815,1.013006283588796,2320,0,1456613360468
production-topology2-2-1456612964,0.9958245575139492,1.0014714371622422,2480,0,1456613360468
Running observer at: 1456613371002
production-topology4-4-1456612978,0.9840514407913048,1.0073668940298404,2360,0,1456613371517
production-topology3-3-1456612971,1.017126016174179,1.0022269676689315,2060,0,1456613371517
production-topology1-1-1456612957,1.007679952789058,1.0128119458204388,2240,0,1456613371518
production-topology2-2-1456612964,1.0588710167522553,1.0073908990531406,2300,0,1456613371518
Running observer at: 1456613382159
production-topology4-4-1456612978,1.1237125995190511,1.0076640130590575,1820,0,1456613382838
production-topology3-3-1456612971,1.0227535227535227,0.9991604583519424,2220,0,1456613382838
production-topology1-1-1456612957,0.8728181531086256,1.0101119681768482,2060,0,1456613382838
production-topology2-2-1456612964,0.8769748647957996,1.0022882974359262,1860,0,1456613382838
Running observer at: 1456613393361
production-topology4-4-1456612978,0.9308681537361536,1.007094458678878,2420,0,1456613393865
production-topology3-3-1456612971,0.9694386824366016,1.0003975041880149,2320,0,1456613393866
production-topology1-1-1456612957,1.0717389070588033,1.0134875773759855,2260,0,1456613393866
production-topology2-2-1456612964,1.091104344679731,1.0069178352244512,2400,0,1456613393866
Running observer at: 1456613404409
production-topology4-4-1456612978,1.025598454011719,1.0034939459011851,2440,0,1456613404903
production-topology3-3-1456612971,0.9826210450246646,0.9987374018669721,2060,0,1456613404903
production-topology1-1-1456612957,1.0649490735820595,1.0116669021051505,2340,0,1456613404903
production-topology2-2-1456612964,0.9855712295367469,1.0049677841999898,2340,0,1456613404903
Running observer at: 1456613415463
production-topology4-4-1456612978,1.0226932290399644,1.0075983427920492,1820,0,1456613416130
production-topology3-3-1456612971,1.0553112366722162,1.0020664465141498,2340,0,1456613416130
production-topology1-1-1456612957,0.813433037012031,1.0075243275823422,2040,0,1456613416131
production-topology2-2-1456612964,1.0610394140216253,1.005530096499209,1940,0,1456613416131
Running observer at: 1456613426677
production-topology4-4-1456612978,0.9587141531288186,1.003985849104143,2360,0,1456613427205
production-topology3-3-1456612971,0.9899981114655027,0.9995002124880611,2240,0,1456613427205
production-topology1-1-1456612957,1.2575698757763978,1.0187974514083453,2240,0,1456613427205
production-topology2-2-1456612964,1.0193448389809103,1.0082261656033948,2340,0,1456613427205
Running observer at: 1456613437712
production-topology4-4-1456612978,1.0218201251088672,1.0069311167369717,2380,0,1456613438220
production-topology3-3-1456612971,0.975448347219734,0.998310716111997,2100,0,1456613438220
production-topology1-1-1456612957,0.9249017005682151,1.0135246224220729,2320,0,1456613438220
production-topology2-2-1456612964,0.8470712960508879,0.9940570023742634,2300,0,1456613438221
Running observer at: 1456613448765
production-topology4-4-1456612978,0.9651896642876023,1.003985619600035,1940,0,1456613449439
production-topology3-3-1456612971,1.0423247838383354,1.002038471890068,2300,0,1456613449440
production-topology1-1-1456612957,0.9013597788350265,1.0044459775202446,2040,0,1456613449440
production-topology2-2-1456612964,1.1897253819846205,1.006967198148127,1880,0,1456613449440
Running observer at: 1456613459963
production-topology4-4-1456612978,1.0158859973304732,1.0032900266190738,2220,0,1456613460429
production-topology3-3-1456612971,0.9563247094714424,0.9988538392931545,2320,0,1456613460429
production-topology1-1-1456612957,1.0657657657657655,1.0079577181064951,2280,0,1456613460429
production-topology2-2-1456612964,0.9248192087809929,1.0023436810114585,2520,0,1456613460429
Running observer at: 1456613470951
production-topology4-4-1456612978,0.9581810018149248,1.004627634741942,2500,0,1456613471499
production-topology3-3-1456612971,1.0676755803702616,0.9998391947553752,1900,0,1456613471499
production-topology1-1-1456612957,0.9821539914451533,1.0102379653615887,2320,0,1456613471499
production-topology2-2-1456612964,0.9672792981660903,1.0009308958725691,2120,0,1456613471499
Running observer at: 1456613481996
production-topology4-4-1456612978,1.0852426089490959,1.0041161512396741,1860,0,1456613482675
production-topology3-3-1456612971,0.9534980543463922,0.9988420543707904,2340,0,1456613482675
production-topology1-1-1456612957,0.9549565146914383,1.0079681150692246,1980,0,1456613482675
production-topology2-2-1456612964,1.2020352239193073,1.0078749667130373,1980,0,1456613482676
Running observer at: 1456613493254
production-topology4-4-1456612978,1.0270482603815938,1.0050961982973627,2320,0,1456613493756
production-topology3-3-1456612971,1.0161802051547968,1.001104946193758,2280,0,1456613493756
production-topology1-1-1456612957,1.0405871138266012,1.0079006248014903,2340,0,1456613493756
production-topology2-2-1456612964,0.9787489348439483,1.0114010166954333,2240,0,1456613493756
Running observer at: 1456613504289
production-topology4-4-1456612978,0.9612515892208264,1.0043596308079799,2380,0,1456613504772
production-topology3-3-1456612971,0.9932384115750164,0.9987156931440917,2100,0,1456613504772
production-topology1-1-1456612957,0.9616643155276974,1.0058181723910513,2280,0,1456613504772
production-topology2-2-1456612964,1.0010158364437614,1.0042621990160001,2400,0,1456613504772
Running observer at: 1456613515343
production-topology4-4-1456612978,1.006309940319718,1.0022686690994833,1980,0,1456613515891
production-topology3-3-1456612971,0.9905817236415866,0.9998488361244932,2200,0,1456613515891
production-topology1-1-1456612957,1.2526698195663533,1.0132084470240963,2060,0,1456613515891
production-topology2-2-1456612964,0.9736104374818122,1.0051800486354445,1980,0,1456613515891
Running observer at: 1456613526551
production-topology4-4-1456612978,1.0390654755365873,1.0047459251685589,2280,0,1456613527158
production-topology3-3-1456612971,1.0100163646930524,0.9981204527287468,2220,0,1456613527159
production-topology1-1-1456612957,0.8689263624848278,1.0079221893952297,2280,0,1456613527159
production-topology2-2-1456612964,1.0790690610252316,1.006206074471961,2260,0,1456613527159
Running observer at: 1456613537722
production-topology4-4-1456612978,0.9347762631058688,1.001979480343983,2420,0,1456613538232
production-topology3-3-1456612971,0.9796782505615191,1.0002357097717944,2120,0,1456613538232
production-topology1-1-1456612957,1.0437192118226601,1.0130265778633287,2280,0,1456613538232
production-topology2-2-1456612964,0.9564020676699064,1.0103577116854234,2460,0,1456613538233
Running observer at: 1456613548768
production-topology4-4-1456612978,0.9909086083653779,1.00469076485835,1920,0,1456613549359
production-topology3-3-1456612971,1.0565305926283415,1.0036393111872826,2280,0,1456613549360
production-topology1-1-1456612957,0.8801733916970802,1.003666706766459,2020,0,1456613549360
production-topology2-2-1456612964,0.9450085452900371,1.0023184169823665,1940,0,1456613549360
Running observer at: 1456613559998
production-topology4-4-1456612978,1.1245104490745164,1.0062465747376306,2220,0,1456613560499
production-topology3-3-1456612971,0.94228274308569,0.999153244987231,2360,0,1456613560499
production-topology1-1-1456612957,0.9862908220441997,1.0025455430970545,2380,0,1456613560499
production-topology2-2-1456612964,0.9992827438988799,1.003544768673994,2300,0,1456613560499
Running observer at: 1456613571071
production-topology4-4-1456612978,0.9573456574816881,1.0053605505156444,2380,0,1456613571570
production-topology3-3-1456612971,1.000606603401935,1.001899252237634,2000,0,1456613571570
production-topology1-1-1456612957,1.0677220134037615,1.0066821944861146,2280,0,1456613571570
production-topology2-2-1456612964,1.1365768182047895,1.009488794382223,2320,0,1456613571570
Running observer at: 1456613582151
production-topology4-4-1456612978,0.9078288019920523,1.0006749897386402,1980,0,1456613582763
production-topology3-3-1456612971,1.0469070234721112,1.0002799016408315,2280,0,1456613582763
production-topology1-1-1456612957,1.0343014856188428,1.0044326866914361,2100,0,1456613582763
production-topology2-2-1456612964,0.9381781981085119,1.0072435030208553,1940,0,1456613582763
Running observer at: 1456613593453
production-topology4-4-1456612978,1.073299271147417,1.004508156351572,2300,0,1456613593964
production-topology3-3-1456612971,1.0109283504144584,1.0022977919667004,2220,0,1456613593964
production-topology1-1-1456612957,0.9746256332850117,1.0045613735568564,2200,0,1456613593964
production-topology2-2-1456612964,0.9706981446387714,1.001831172919057,2460,0,1456613593965
Running observer at: 1456613604519
production-topology4-4-1456612978,0.9218708535673896,1.0007020487360498,2420,0,1456613604996
production-topology3-3-1456612971,0.9195377481673401,0.9989540486460255,2140,0,1456613604996
production-topology1-1-1456612957,1.071431136436213,1.00635477212702,2280,0,1456613604996
production-topology2-2-1456612964,0.9941892330751096,1.0026547388575615,2240,0,1456613604996
/var/nimbus/storm/bin/storm rebalance production-topology3 -e spout_head=11
1456613605352
/var/nimbus/storm/bin/storm rebalance production-topology2 -e spout_head=9
Running observer at: 1456613615623
production-topology4-4-1456612978,1.0638503492283016,1.001780592977595,1880,0,1456613616172
production-topology3-3-1456612971,0.9976690917047222,0.9976690917047222,124400,0,1456613616172
production-topology1-1-1456612957,0.8527106744459875,1.0045843414071505,2080,0,1456613616172
production-topology2-2-1456612964,0.9988831349334589,0.9988831349334589,125220,0,1456613616172
Running observer at: 1456613626807
production-topology4-4-1456612978,0.9722116971661245,1.0025142109910103,2360,0,1456613627325
production-topology3-3-1456612971,5.9375,3.467584545852361,40,0,1456613627325
production-topology1-1-1456612957,1.099996300938872,1.0041362872032868,2260,0,1456613627326
production-topology2-2-1456612964,17.654320987654323,9.32660206129389,200,0,1456613627326
Running observer at: 1456613637889
production-topology4-4-1456612978,1.050653830766525,1.0030759591348088,2400,0,1456613638470
production-topology3-3-1456612971,2.0,2.9783896972349075,0,0,1456613638470
production-topology1-1-1456612957,0.9191956982782359,1.006349710497038,2280,0,1456613638470
production-topology2-2-1456612964,1.0,6.551068040862593,0,0,1456613638471
Running observer at: 1456613643944
production-topology4-4-1456612978,0.9427647487757338,1.0049574438777087,1180,0,1456613644458
production-topology3-3-1456612971,2.0,2.7337922729261805,0,0,1456613644458
production-topology1-1-1456612957,1.0946904810084195,1.0053552030978223,1240,0,1456613644459
production-topology2-2-1456612964,1.0,5.163301030646945,0,0,1456613644459
Running observer at: 1456613645119
production-topology4-4-1456612978,2.0,1.0340879082670273,0,0,1456613645568
production-topology3-3-1456612971,0.0,2.1870338183409443,112020,0,1456613645568
production-topology1-1-1456612957,0.75,0.9977143087573419,120,0,1456613645568
production-topology2-2-1456612964,1.0,4.330640824517556,0,0,1456613645568
Running observer at: 1456613649060
production-topology4-4-1456612978,1.252313398831519,1.0424783859696747,720,0,1456613649687
production-topology3-3-1456612971,0.9917859151889412,1.9878258344822772,75140,0,1456613649687
production-topology1-1-1456612957,1.064084695792013,0.9951611381903417,700,0,1456613649688
production-topology2-2-1456612964,1.0082006249644055,3.7769007912586976,0,0,1456613649688
/var/nimbus/storm/bin/storm rebalance production-topology1 -e spout_head=11
1456613650032
/var/nimbus/storm/bin/storm rebalance production-topology4 -e bolt_output_1=9
Running observer at: 1456613660216
production-topology4-4-1456612978,1.0005914950658448,1.0005914950658448,131300,0,1456613660695
production-topology3-3-1456612971,0.8815315384883788,1.8297837921974345,1840,0,1456613660695
production-topology1-1-1456612957,1.0018266536620475,1.0018266536620475,135440,0,1456613660695
production-topology2-2-1456612964,1.0082006249644055,3.381372196073799,0,0,1456613660696
Running observer at: 1456613671288
production-topology4-4-1456612978,1.4886363636363638,1.2446139293511043,120,0,1456613671806
production-topology3-3-1456612971,0.9733127347631164,1.7227249100181448,2620,0,1456613671806
production-topology1-1-1456612957,1.4181818181818182,1.2100042359219327,220,0,1456613671806
production-topology2-2-1456612964,1.0291456727514736,3.087343880658508,1520,0,1456613671806
Running observer at: 1456613682294
production-topology4-4-1456612978,2.0,1.4964092862340694,0,0,1456613682959
production-topology3-3-1456612971,0.9818882922331198,1.640409730264253,2260,0,1456613682959
production-topology1-1-1456612957,1.0,1.1400028239479552,0,0,1456613682959
production-topology2-2-1456612964,0.8643230349840981,2.8403415644724626,1800,0,1456613682959
Running observer at: 1456613688906
production-topology4-4-1456612978,2.0,1.6223069646755521,0,0,1456613689560
production-topology3-3-1456612971,1.0864234613454924,1.585011103372377,1640,0,1456613689560
production-topology1-1-1456612957,1.0,1.1050021179609664,0,0,1456613689560
production-topology2-2-1456612964,0.8975079314800568,2.646058201173222,1260,0,1456613689560
Running observer at: 1456613690088
production-topology4-4-1456612978,2.0,1.6978455717404415,0,0,1456613690617
production-topology3-3-1456612971,2.0,1.622737366702161,0,0,1456613690617
production-topology1-1-1456612957,1.1436585191389774,1.1127333981965686,95060,0,1456613690617
production-topology2-2-1456612964,1.3499999999999999,2.5282347283392927,220,0,1456613690617
Running observer at: 1456613693532
production-topology4-4-1456612978,0.0,1.4148713097837013,0,0,1456613693970
production-topology3-3-1456612971,1.1002794342177282,1.5791992056617916,760,0,1456613693970
production-topology1-1-1456612957,0.9960083541932571,1.0932792241960165,81700,0,1456613693971
production-topology2-2-1456612964,2.134645128028871,2.495435594980091,440,0,1456613693971
Running observer at: 1456613704365
production-topology4-4-1456612978,0.0,1.2127468369574583,0,0,1456613704876
production-topology3-3-1456612971,0.8993571617620243,1.5269036638233477,2620,0,1456613704877
production-topology1-1-1456612957,0.6710955968585233,1.0329672774335175,1920,0,1456613704877
production-topology2-2-1456612964,0.8761321929911495,2.3708737948270957,2040,0,1456613704877
Running observer at: 1456613715335
production-topology4-4-1456612978,0.9060194917833232,1.1744059188106915,1500,0,1456613715853
production-topology3-3-1456612971,1.0738109227206445,1.494539896601726,2140,0,1456613715853
production-topology1-1-1456612957,1.0921493605815622,1.040365037827023,2380,0,1456613715853
production-topology2-2-1456612964,1.1448268991282688,2.2832990165628937,2000,0,1456613715853
Running observer at: 1456613726405
production-topology4-4-1456612978,1.0569552880526327,1.1613558487264628,2100,0,1456613726899
production-topology3-3-1456612971,0.9686861189675893,1.4594829780927836,2580,0,1456613726899
production-topology1-1-1456612957,0.9636868920435071,1.0318452438510768,2360,0,1456613726899
production-topology2-2-1456612964,1.0454782908724682,2.2007776348501986,2000,0,1456613726899
Running observer at: 1456613737487
production-topology4-4-1456612978,0.9518358934814952,1.140403853201966,2200,0,1456613738030
production-topology3-3-1456612971,1.0509819580963065,1.4339516643430037,2360,0,1456613738031
production-topology1-1-1456612957,1.1183033467177044,1.0404910541377395,2480,0,1456613738031
production-topology2-2-1456612964,0.9899915332507707,2.1251035035002346,1960,0,1456613738031
Running observer at: 1456613748406
production-topology4-4-1456612978,1.0022873816069535,1.127847810329692,2160,0,1456613748998
production-topology3-3-1456612971,0.9597302360716184,1.4060562862093928,2340,0,1456613748998
production-topology1-1-1456612957,0.995207133226824,1.036374334054929,2120,0,1456613748998
production-topology2-2-1456612964,0.9485009004569744,2.0558915856741606,1860,0,1456613748998
Running observer at: 1456613759523
production-topology4-4-1456612978,1.0552290657806271,1.1217962482839368,2280,0,1456613760006
production-topology3-3-1456612971,1.0123890874393333,1.3841858862777228,2440,0,1456613760007
production-topology1-1-1456612957,0.846127481087559,1.0205204296409816,2500,0,1456613760007
production-topology2-2-1456612964,0.9574837752701891,1.9948689295406068,2200,0,1456613760007
Running observer at: 1456613770615
production-topology4-4-1456612978,0.9908934448672602,1.1117268018672692,2200,0,1456613771170
production-topology3-3-1456612971,0.9986630943692429,1.3638952130193818,2420,0,1456613771170
production-topology1-1-1456612957,1.154551523748276,1.030830513803081,2720,0,1456613771170
production-topology2-2-1456612964,0.8224539118671002,1.9331628759788433,1740,0,1456613771170
Running observer at: 1456613781752
production-topology4-4-1456612978,0.9929159899152666,1.1032403152992691,2040,0,1456613782292
production-topology3-3-1456612971,1.048389271841105,1.348119915960468,2360,0,1456613782293
production-topology1-1-1456612957,1.0011764213428302,1.0287123643416345,2000,0,1456613782293
production-topology2-2-1456612964,1.195250374351777,1.89626725089749,1940,0,1456613782293
Running observer at: 1456613792811
production-topology4-4-1456612978,0.97944025917544,1.094986978224347,2420,0,1456613793330
production-topology3-3-1456612971,0.8976793473442515,1.3266703650739815,2620,0,1456613793330
production-topology1-1-1456612957,1.038194181818182,1.0293444855067377,2540,0,1456613793330
production-topology2-2-1456612964,1.1042794413675854,1.8585535456817805,2240,0,1456613793330
Running observer at: 1456613803758
production-topology4-4-1456612978,0.9987434209300468,1.0889717558934533,2180,0,1456613804357
production-topology3-3-1456612971,1.1078915560806513,1.316725873756103,2140,0,1456613804357
production-topology1-1-1456612957,1.0104264524348014,1.0281621084397417,2640,0,1456613804358
production-topology2-2-1456612964,0.8613039445592843,1.8132240183580306,1700,0,1456613804358
Running observer at: 1456613814925
production-topology4-4-1456612978,1.042295863364943,1.086226115156482,2100,0,1456613815415
production-topology3-3-1456612971,0.9563374837128666,1.3010568133194405,2480,0,1456613815415
production-topology1-1-1456612957,0.8999356364172727,1.020619374791361,2200,0,1456613815415
production-topology2-2-1456612964,1.1001702754668317,1.782221681710587,2080,0,1456613815415
Running observer at: 1456613825983
production-topology4-4-1456612978,0.963057182450131,1.079383396672796,2300,0,1456613826465
production-topology3-3-1456612971,1.0702703658961905,1.2914407113434718,2580,0,1456613826465
production-topology1-1-1456612957,0.984211450821751,1.0185967123486048,2480,0,1456613826465
production-topology2-2-1456612964,0.9440355003381269,1.7472972574867345,2100,0,1456613826465
Running observer at: 1456613836959
production-topology4-4-1456612978,1.0345406454830437,1.0770232518733354,2200,0,1456613837507
production-topology3-3-1456612971,0.9597952878264114,1.2781748944027895,2280,0,1456613837507
production-topology1-1-1456612957,1.0618348397396848,1.020872403263925,2560,0,1456613837507
production-topology2-2-1456612964,0.9140771253274326,1.7139684522003622,1780,0,1456613837507
Running observer at: 1456613848039
production-topology4-4-1456612978,0.9716478314770405,1.0717544808535204,2060,0,1456613848646
production-topology3-3-1456612971,0.969020621250196,1.266284345435382,2440,0,1456613848646
production-topology1-1-1456612957,0.9434507760280957,1.0170013219021334,2220,0,1456613848647
production-topology2-2-1456612964,1.0230895670146067,1.6873961873855257,2000,0,1456613848647
Running observer at: 1456613859329
production-topology4-4-1456612978,1.002329861383037,1.0684485465930211,2260,0,1456613859830
production-topology3-3-1456612971,0.9944566246317104,1.256216652072283,2620,0,1456613859830
production-topology1-1-1456612957,1.0206567419008616,1.0171753895211206,2500,0,1456613859830
production-topology2-2-1456612964,1.0650348778992285,1.6643457685156628,2180,0,1456613859830
Running observer at: 1456613870317
production-topology4-4-1456612978,0.9913626674174476,1.0649446429941316,2300,0,1456613870870
production-topology3-3-1456612971,1.0054140612525522,1.2472594166858642,2120,0,1456613870871
production-topology1-1-1456612957,0.9194266159276758,1.0127322634486913,2680,0,1456613870871
production-topology2-2-1456612964,0.9468658603861118,1.6387214860824646,1740,0,1456613870871
Running observer at: 1456613881381
production-topology4-4-1456612978,1.0204406827603276,1.0630096882013575,2080,0,1456613881951
production-topology3-3-1456612971,1.038378324879785,1.2400566204166892,2440,0,1456613881951
production-topology1-1-1456612957,1.1534657751941704,1.0188511117854513,2000,0,1456613881951
production-topology2-2-1456612964,1.132890285220667,1.6212790308803335,2060,0,1456613881951
Running observer at: 1456613892487
production-topology4-4-1456612978,1.026272278635724,1.0614789628027894,2220,0,1456613892985
production-topology3-3-1456612971,0.971140103821897,1.231092736530196,2740,0,1456613892986
production-topology1-1-1456612957,0.9620229555236731,1.0164832719412105,2500,0,1456613892986
production-topology2-2-1456612964,0.8470492157269208,1.5954713703752197,2000,0,1456613892986
Running observer at: 1456613903542
production-topology4-4-1456612978,0.991189569606751,1.0586673870749477,2360,0,1456613904133
production-topology3-3-1456612971,1.0246604960655619,1.2319924500088908,2200,0,1456613904134
production-topology1-1-1456612957,0.9848586024401629,1.0152182851611686,2600,0,1456613904134
production-topology2-2-1456612964,1.2461252587276037,1.6037127745016913,1900,0,1456613904134
Running observer at: 1456613914578
production-topology4-4-1456612978,1.0476253317595337,1.0582426926397395,1980,0,1456613915117
production-topology3-3-1456612971,1.0652446129216586,1.0695839371062792,2360,0,1456613915118
production-topology1-1-1456612957,1.0817071326383336,1.0177755485256748,2240,0,1456613915118
production-topology2-2-1456612964,0.8763571033084813,1.044447311690163,2040,0,1456613915118
Running observer at: 1456613925709
production-topology4-4-1456612978,0.9884990231446303,1.0556595937695503,2140,0,1456613926300
production-topology3-3-1456612971,0.9572089298945907,1.034824234769432,2620,0,1456613926300
production-topology1-1-1456612957,0.9513216337459794,1.0153142924227232,2560,0,1456613926300
production-topology2-2-1456612964,1.0429691820977414,1.0458796177600875,1920,0,1456613926300
Running observer at: 1456613936864
production-topology4-4-1456612978,0.944210605511598,1.0516792727603377,2520,0,1456613937363
production-topology3-3-1456612971,0.9781337072325689,1.0007620250105176,2240,0,1456613937363
production-topology1-1-1456612957,1.0066939511653719,1.0150064230921034,2480,0,1456613937364
production-topology2-2-1456612964,1.021448511166253,1.0465945681322961,1920,0,1456613937364
Running observer at: 1456613947936
production-topology4-4-1456612978,1.0056579695570707,1.05009233127057,1920,0,1456613948485
production-topology3-3-1456612971,1.0079758950589048,1.034361221512481,2380,0,1456613948485
production-topology1-1-1456612957,1.0784030569161984,1.017192513913624,2260,0,1456613948485
production-topology2-2-1456612964,1.0847892927720326,1.0494208778913638,2100,0,1456613948485
Running observer at: 1456613959096
production-topology4-4-1456612978,1.0343341716824481,1.0495670592842992,2200,0,1456613959545
production-topology3-3-1456612971,1.0209791929004015,1.03533433076953,2660,0,1456613959545
production-topology1-1-1456612957,0.9190188782963217,1.013920059393047,2500,0,1456613959546
production-topology2-2-1456612964,0.9255864337568057,1.0466670715177773,1920,0,1456613959546
Running observer at: 1456613970024
production-topology4-4-1456612978,1.0371422672651027,1.0507854183576077,2300,0,1456613970615
production-topology3-3-1456612971,1.0046279701733174,1.0394375451590276,2220,0,1456613970615
production-topology1-1-1456612957,1.037922458956032,1.0151232529028469,2400,0,1456613970615
production-topology2-2-1456612964,0.9675732183907791,1.0453128246319896,2060,0,1456613970615
Running observer at: 1456613981168
production-topology4-4-1456612978,0.9499049478111078,1.032827704496766,2140,0,1456613981658
production-topology3-3-1456612971,0.9907545686045816,1.04001893962041,2460,0,1456613981658
production-topology1-1-1456612957,0.9904692768532324,1.000866168191894,2320,0,1456613981658
production-topology2-2-1456612964,1.0732390126868243,1.0467826026298348,1920,0,1456613981658
Running observer at: 1456613992242
production-topology4-4-1456612978,1.0395691609977324,1.0008133431966904,2160,0,1456613992837
production-topology3-3-1456612971,0.9361187250079593,1.0384932873795711,2540,0,1456613992837
production-topology1-1-1456612957,0.9932695211764978,1.0006418188977773,2580,0,1456613992837
production-topology2-2-1456612964,0.8806904273137977,1.047328182374158,2060,0,1456613992837
Running observer at: 1456614003346
production-topology4-4-1456612978,0.9514923125712367,0.965863086949065,2320,0,1456614003905
production-topology3-3-1456612971,1.0789590454016507,1.0382444735147767,2200,0,1456614003905
production-topology1-1-1456612957,1.0374665998234855,1.00189070555856,2360,0,1456614003906
production-topology2-2-1456612964,0.9200701716175049,1.0480802570454062,1980,0,1456614003906
Running observer at: 1456614014472
production-topology4-4-1456612978,1.027629267794806,0.9334507292088917,2120,0,1456614014959
production-topology3-3-1456612971,0.9531956609125161,1.0033509955451938,2540,0,1456614014959
production-topology1-1-1456612957,0.9996298702116081,0.9970897505943143,2340,0,1456614014959
production-topology2-2-1456612964,1.2476971030736128,1.0446701604811934,1980,0,1456614014959
Running observer at: 1456614025553
production-topology4-4-1456612978,1.0045690253537898,0.9669363633873513,2180,0,1456614026162
production-topology3-3-1456612971,1.0239798877299067,1.0008076773289332,2520,0,1456614026162
production-topology1-1-1456612957,1.008214192212664,0.9974966118616279,2520,0,1456614026162
production-topology2-2-1456612964,0.8612668458497946,1.0022242177418905,2040,0,1456614026162
Running observer at: 1456614036559
production-topology4-4-1456612978,1.067085412945472,1.0025058771522004,2140,0,1456614037085
production-topology3-3-1456612971,1.0322898392338442,1.0052387665779938,2260,0,1456614037085
production-topology1-1-1456612957,0.9040273644282131,1.0052610041139507,2420,0,1456614037085
production-topology2-2-1456612964,1.1119384932820495,1.0100844277515872,1960,0,1456614037086
Running observer at: 1456614047589
production-topology4-4-1456612978,0.9553182101739428,1.004149167765221,2320,0,1456614048091
production-topology3-3-1456612971,0.9940027152781579,1.0025784929965775,2540,0,1456614048091
production-topology1-1-1456612957,1.2075672476974648,1.0091082670178142,2300,0,1456614048091
production-topology2-2-1456612964,1.0333727637691128,1.0063692899062822,2020,0,1456614048091
Running observer at: 1456614058598
production-topology4-4-1456612978,0.9714239497331876,1.001298123154573,2120,0,1456614059222
production-topology3-3-1456612971,0.9533595641058307,1.0020676078345192,2380,0,1456614059222
production-topology1-1-1456612957,0.9913354442023723,1.0100298854231098,2500,0,1456614059222
production-topology2-2-1456612964,0.9849473411307197,1.0043515915815573,1740,0,1456614059222
Running observer at: 1456614069716
production-topology4-4-1456612978,0.9781270848458686,1.0021744962000523,2260,0,1456614070368
production-topology3-3-1456612971,1.0115477784852889,1.0007531351808185,2260,0,1456614070368
production-topology1-1-1456612957,0.8083646750073334,0.9996985963660975,2220,0,1456614070368
production-topology2-2-1456612964,0.9500088891898986,1.003018836779528,2000,0,1456614070368
Running observer at: 1456614080822
production-topology4-4-1456612978,0.9691075210249487,1.0010685008473186,2300,0,1456614081316
production-topology3-3-1456612971,0.9621654396431196,1.0008343086332017,2680,0,1456614081316
production-topology1-1-1456612957,1.0414555991410848,1.0012402118965729,2520,0,1456614081316
production-topology2-2-1456612964,1.1135104350529397,1.0085191545993937,2220,0,1456614081316
Running observer at: 1456614091793
production-topology4-4-1456612978,1.0336615597327363,1.0003495839790557,2080,0,1456614092324
production-topology3-3-1456612971,0.992055250783699,1.0001565140780138,2320,0,1456614092324
production-topology1-1-1456612957,1.0705126388996642,1.0087197171569764,2600,0,1456614092324
production-topology2-2-1456612964,0.7558515113274443,1.0017980791346355,1720,0,1456614092324
Running observer at: 1456614102873
production-topology4-4-1456612978,1.0373789344433464,1.0018991002982587,2060,0,1456614103473
production-topology3-3-1456612971,1.0699063913087614,1.0025312906426644,2260,0,1456614103473
production-topology1-1-1456612957,0.9656239637448879,1.0024221318235302,2180,0,1456614103473
production-topology2-2-1456612964,1.1506715686274511,1.0127386676933139,2040,0,1456614103473
Running observer at: 1456614114048
production-topology4-4-1456612978,0.9761715037890584,1.0013409507607183,2500,0,1456614114558
production-topology3-3-1456612971,0.9963386097811364,1.000796268573999,2720,0,1456614114558
production-topology1-1-1456612957,0.8837110012797317,0.9985066178214269,2480,0,1456614114558
production-topology2-2-1456612964,1.1323737446329782,1.0106427800360207,2120,0,1456614114558
Running observer at: 1456614125035
production-topology4-4-1456612978,1.032751177167032,1.003117981360438,2160,0,1456614125667
production-topology3-3-1456612971,0.9931042965707945,1.0039771002148838,2160,0,1456614125668
production-topology1-1-1456612957,1.1755193043731387,1.0030841219065922,2720,0,1456614125668
production-topology2-2-1456612964,0.8094716652136007,1.0008158541642211,1760,0,1456614125668
Running observer at: 1456614136203
production-topology4-4-1456612978,0.9426773873324423,1.001249113573851,2020,0,1456614136784
production-topology3-3-1456612971,0.921325970402306,0.997758247358939,2520,0,1456614136784
production-topology1-1-1456612957,1.0669474916892183,1.0049681565484063,2000,0,1456614136784
production-topology2-2-1456612964,1.0555338271217602,1.0072901835829704,2060,0,1456614136784
Running observer at: 1456614147320
production-topology4-4-1456612978,1.0096194727891157,1.0001599005546569,2400,0,1456614147855
production-topology3-3-1456612971,0.9756657425509795,0.9984025226535428,2660,0,1456614147855
production-topology1-1-1456612957,0.9230270532452759,1.005737870442673,2600,0,1456614147855
production-topology2-2-1456612964,1.0025311649827264,1.0040355465668336,2160,0,1456614147855
Running observer at: 1456614158332
production-topology4-4-1456612978,1.1122037995360001,1.0051314544575194,2140,0,1456614158876
production-topology3-3-1456612971,1.003909207684723,0.9961904840464939,2160,0,1456614158876
production-topology1-1-1456612957,1.0256083147568316,1.0071177659071755,2640,0,1456614158876
production-topology2-2-1456612964,1.110281080703226,1.0095770659123369,1700,0,1456614158877
Running observer at: 1456614169397
production-topology4-4-1456612978,0.9586629845250536,1.0026021990922527,2020,0,1456614169887
production-topology3-3-1456612971,1.053597821999611,0.9993172351856006,2400,0,1456614169887
production-topology1-1-1456612957,1.0265691148773162,1.0059422417450965,2040,0,1456614169887
production-topology2-2-1456612964,0.9065415051997453,1.0093258785747474,2080,0,1456614169887
Running observer at: 1456614180495
production-topology4-4-1456612978,1.0135532090271497,1.0039990450105898,2320,0,1456614181028
production-topology3-3-1456612971,1.0015050395223883,1.000400049128007,2540,0,1456614181028
production-topology1-1-1456612957,0.9487697209399959,1.0061195399088265,2640,0,1456614181029
production-topology2-2-1456612964,1.145040265477373,1.0133909018568399,2200,0,1456614181029
Running observer at: 1456614191592
production-topology4-4-1456612978,0.9089679349854747,1.0008869807973377,2260,0,1456614192171
production-topology3-3-1456612971,1.1146811975954836,1.0044075348934662,2280,0,1456614192171
production-topology1-1-1456612957,1.0174789855764639,1.0060136146980134,2320,0,1456614192171
production-topology2-2-1456612964,0.823583656251533,1.0053425278019164,1720,0,1456614192171
Running observer at: 1456614202692
production-topology4-4-1456612978,1.0719322305679804,1.0035726329023555,2040,0,1456614203180
production-topology3-3-1456612971,0.9038891270194389,1.0010233704190292,2480,0,1456614203181
production-topology1-1-1456612957,1.056245848873448,1.0105742557962059,2400,0,1456614203181
production-topology2-2-1456612964,1.0786678151019236,1.0097359262924435,2100,0,1456614203181
Running observer at: 1456614213795
production-topology4-4-1456612978,0.9368995798196875,1.000787929471001,2180,0,1456614214416
production-topology3-3-1456612971,1.023169100400756,1.000516396269728,2520,0,1456614214416
production-topology1-1-1456612957,0.903835866441139,1.0022532588377713,2580,0,1456614214416
production-topology2-2-1456612964,1.02330692352471,1.006083147569245,1980,0,1456614214417
Running observer at: 1456614225020
production-topology4-4-1456612978,1.0293299010416652,1.0008898502178656,2460,0,1456614225596
production-topology3-3-1456612971,1.0153328324400412,1.0019894872236663,2360,0,1456614225596
production-topology1-1-1456612957,1.1237039089235419,1.0076426239511003,2600,0,1456614225596
production-topology2-2-1456612964,0.914342636182742,1.0083262615844388,1960,0,1456614225596
Running observer at: 1456614236100
production-topology4-4-1456612978,1.1056944919557714,1.0047066809628329,1960,0,1456614236592
production-topology3-3-1456612971,0.9798062732225917,1.000494346462234,2420,0,1456614236592
production-topology1-1-1456612957,0.956212240267968,1.006687745212027,2100,0,1456614236592
production-topology2-2-1456612964,1.126363092298903,1.004334189370149,1960,0,1456614236592
Running observer at: 1456614247225
production-topology4-4-1456612978,1.0068014267843635,1.0033458841303273,2300,0,1456614247760
production-topology3-3-1456612971,1.017775136792315,0.9989120305912559,2520,0,1456614247760
production-topology1-1-1456612957,0.9463232080419581,1.002174947725481,2560,0,1456614247760
production-topology2-2-1456612964,0.9482648464348942,1.0067311141410291,2160,0,1456614247760
Running observer at: 1456614258325
production-topology4-4-1456612978,0.8739618479786082,0.9995279782914601,2080,0,1456614258868
production-topology3-3-1456612971,0.976341707108193,0.9995497898317093,2260,0,1456614258868
production-topology1-1-1456612957,1.1402054722740889,1.0084710756764184,2420,0,1456614258868
production-topology2-2-1456612964,1.0884989412797605,1.0082487727804297,1680,0,1456614258869
Running observer at: 1456614269439
production-topology4-4-1456612978,1.0288739570803171,1.0023500900104174,2360,0,1456614270019
production-topology3-3-1456612971,1.0024023518441774,1.000358744652096,2540,0,1456614270019
production-topology1-1-1456612957,1.077829282646898,1.010842253392469,2280,0,1456614270019
production-topology2-2-1456612964,0.8459114687133656,1.0023975380320003,2120,0,1456614270019
Running observer at: 1456614280572
production-topology4-4-1456612978,1.0221187038433535,1.0028987811532935,2300,0,1456614281168
production-topology3-3-1456612971,1.014750010510677,1.0005845485004885,2500,0,1456614281168
production-topology1-1-1456612957,0.8782018113183409,1.004168878539207,2580,0,1456614281168
production-topology2-2-1456612964,1.0496781925285867,1.0012271680238853,2220,0,1456614281168
Running observer at: 1456614291794
production-topology4-4-1456612978,0.9888516077607102,1.0013826956892355,1980,0,1456614292383
production-topology3-3-1456612971,1.0272016700256543,1.0007919644046634,2340,0,1456614292383
production-topology1-1-1456612957,1.1000370806811928,1.0102028186187029,2620,0,1456614292383
production-topology2-2-1456612964,0.9077186963979417,1.0006315767785898,1620,0,1456614292383
Running observer at: 1456614302949
production-topology4-4-1456612978,0.9995788290065493,1.0001305810806171,2280,0,1456614303451
production-topology3-3-1456612971,0.9991654557017542,1.0006098805889447,2400,0,1456614303451
production-topology1-1-1456612957,0.934416262522567,1.0067526120709207,2120,0,1456614303451
production-topology2-2-1456612964,1.0262852343846038,1.002588643978384,2200,0,1456614303451
Running observer at: 1456614314127
production-topology4-4-1456612978,1.0465390382615827,1.0033517174289663,2300,0,1456614314678
production-topology3-3-1456612971,1.0354403710810607,1.0020994073381608,2500,0,1456614314678
production-topology1-1-1456612957,0.910235965047891,1.004078168344076,2620,0,1456614314678
production-topology2-2-1456612964,1.007924897543016,1.000411506806924,2140,0,1456614314678
Running observer at: 1456614325300
production-topology4-4-1456612978,0.9934294974780806,1.0018137286449778,2280,0,1456614325873
production-topology3-3-1456612971,0.9403752300436239,1.0022412908393497,2380,0,1456614325874
production-topology1-1-1456612957,1.0541578903464457,1.0061077806497412,2540,0,1456614325874
production-topology2-2-1456612964,1.0166074446706859,1.0049420740521533,1720,0,1456614325874
Running observer at: 1456614336311
production-topology4-4-1456612978,0.9736660754758925,1.002552854075133,1980,0,1456614336842
production-topology3-3-1456612971,0.9940465147370976,0.9994108731505311,2380,0,1456614336842
production-topology1-1-1456612957,0.8959635626579575,1.0013910127442236,2180,0,1456614336842
production-topology2-2-1456612964,0.9517925440255539,1.005999486465755,2060,0,1456614336842
Running observer at: 1456614347400
production-topology4-4-1456612978,0.9595240271683732,1.0002826793875852,2400,0,1456614347937
production-topology3-3-1456612971,0.9971500973551244,1.0008760210319516,2580,0,1456614347937
production-topology1-1-1456612957,1.1333932005248717,1.0058497904213322,2480,0,1456614347938
production-topology2-2-1456612964,1.0519343654504343,0.9994740618783158,2120,0,1456614347938
Running observer at: 1456614358532
production-topology4-4-1456612978,0.952866202910023,0.9985592519727929,2020,0,1456614359091
production-topology3-3-1456612971,0.9796855094407717,0.9993995417556469,2360,0,1456614359091
production-topology1-1-1456612957,0.9897958049213832,1.0052358441782896,2560,0,1456614359091
production-topology2-2-1456612964,0.7790693566053069,0.9967341455701662,1660,0,1456614359091
Running observer at: 1456614369576
production-topology4-4-1456612978,1.0917773192368854,0.9993823155158401,2260,0,1456614370072
production-topology3-3-1456612971,1.0757893768544642,1.0008495263430008,2440,0,1456614370073
production-topology1-1-1456612957,0.8343619240956472,1.0029136628338706,2200,0,1456614370073
production-topology2-2-1456612964,1.326420364044704,1.0038835412622549,2100,0,1456614370073
Running observer at: 1456614380534
production-topology4-4-1456612978,0.9684480884169349,0.9998199781239399,2280,0,1456614380972
production-topology3-3-1456612971,0.9425855439422306,0.9991356206318032,2520,0,1456614380972
production-topology1-1-1456612957,1.118296933197087,0.9999379856838583,2480,0,1456614380972
production-topology2-2-1456612964,0.8824084482640526,0.9988513974120862,2200,0,1456614380972
Running observer at: 1456614391483
production-topology4-4-1456612978,1.0164819646151924,1.0013219119533399,2180,0,1456614392308
production-topology3-3-1456612971,1.048119011002011,1.0022942688616758,2060,0,1456614392308
production-topology1-1-1456612957,0.9796726498016252,0.9995492258704998,2200,0,1456614392308
production-topology2-2-1456612964,0.8055693039246496,0.9928721295052172,1640,0,1456614392308
Running observer at: 1456614402888
production-topology4-4-1456612978,1.0434280067429071,1.003498609349908,2180,0,1456614403364
production-topology3-3-1456612971,1.0109020001550388,1.0022727429173341,2600,0,1456614403364
production-topology1-1-1456612957,0.9688849937946616,1.0048999031634107,2640,0,1456614403364
production-topology2-2-1456612964,1.3052158869490824,1.0047123627638566,2160,0,1456614403364
Running observer at: 1456614413812
production-topology4-4-1456612978,0.9759333607568901,1.0037261373409727,2200,0,1456614414302
production-topology3-3-1456612971,1.0335685315136005,1.0046528459796835,2580,0,1456614414302
production-topology1-1-1456612957,1.1178065858533905,1.007444936053821,2520,0,1456614414302
production-topology2-2-1456612964,0.8939651606486028,0.9973941869503786,2200,0,1456614414302
Running observer at: 1456614424837
production-topology4-4-1456612978,1.0005241090146753,1.0026215556503706,2160,0,1456614425529
production-topology3-3-1456612971,0.9885037943141919,1.0045344640973666,2100,0,1456614425529
production-topology1-1-1456612957,0.8390884109415824,0.9997307951218847,2120,0,1456614425529
production-topology2-2-1456612964,0.9749382057931926,1.0046970767659036,1600,0,1456614425530
Running observer at: 1456614436095
production-topology4-4-1456612978,0.9865260739568218,1.0009264603008199,2280,0,1456614436550
production-topology3-3-1456612971,0.9969185659130056,1.0021015365841746,2680,0,1456614436550
production-topology1-1-1456612957,1.079431532006127,1.0035243807305927,2600,0,1456614436550
production-topology2-2-1456612964,0.9531717668081303,0.9981137500385929,2200,0,1456614436551
Running observer at: 1456614447018
production-topology4-4-1456612978,1.0621549115963131,1.003792573894395,2120,0,1456614447503
production-topology3-3-1456612971,1.0143641278711129,1.0027023871871736,2500,0,1456614447503
production-topology1-1-1456612957,0.9831549570644411,1.0068391792567497,2580,0,1456614447503
production-topology2-2-1456612964,1.1170798375156605,0.9976039531346823,2160,0,1456614447503
Running observer at: 1456614458042
production-topology4-4-1456612978,0.9474265816323452,1.0009484207099055,2180,0,1456614458687
production-topology3-3-1456612971,0.9788551888371366,1.0022274169293852,2120,0,1456614458687
production-topology1-1-1456612957,0.9749249847056196,1.0001527019344991,2120,0,1456614458688
production-topology2-2-1456612964,0.9688495440918454,1.0029165490972904,1660,0,1456614458688
Running observer at: 1456614469271
production-topology4-4-1456612978,1.061309646692109,1.0049028293552278,2300,0,1456614469800
production-topology3-3-1456612971,0.9659716126279498,1.0037156050035734,2660,0,1456614469800
production-topology1-1-1456612957,1.2398877634746652,1.0059173776606807,2500,0,1456614469800
production-topology2-2-1456612964,0.997277335022978,1.000974666027331,2120,0,1456614469801
Running observer at: 1456614480361
production-topology4-4-1456612978,0.9341214638228142,1.002386229056351,2200,0,1456614480866
production-topology3-3-1456612971,1.0544734484420304,1.006342528533275,2480,0,1456614480866
production-topology1-1-1456612957,0.8581017375408714,1.0037532004705336,2660,0,1456614480866
production-topology2-2-1456612964,0.9541501976284585,0.999361967115522,2180,0,1456614480866
Running observer at: 1456614491428
production-topology4-4-1456612978,1.0148428472297502,0.999140863979476,2200,0,1456614491980
production-topology3-3-1456612971,0.917584460256695,1.0034650369523408,2140,0,1456614491980
production-topology1-1-1456612957,1.0059316172465043,1.0030973105535228,2140,0,1456614491980
production-topology2-2-1456612964,1.2372012405232466,1.003592639109523,1620,0,1456614491980
Running observer at: 1456614502760
production-topology4-4-1456612978,0.99756747446742,1.000437680310888,2220,0,1456614503266
production-topology3-3-1456612971,1.0335558912920555,1.0027969725954222,2700,0,1456614503266
production-topology1-1-1456612957,1.0570765202127912,1.0041142240647054,2620,0,1456614503266
production-topology2-2-1456612964,0.9461915976626509,1.0049143088582864,2180,0,1456614503266
Running observer at: 1456614513761
production-topology4-4-1456612978,1.136478656758997,1.004535195235283,2060,0,1456614514266
production-topology3-3-1456612971,0.9929609433426516,1.0025121693894312,2520,0,1456614514266
production-topology1-1-1456612957,0.9741747299274617,1.004961057697621,2520,0,1456614514266
production-topology2-2-1456612964,0.8978745269067849,0.9966754509059333,2200,0,1456614514266
Running observer at: 1456614524845
production-topology4-4-1456612978,0.9035122634243133,1.0043533395165776,2320,0,1456614525321
production-topology3-3-1456612971,1.0918949675579803,1.0017526283881812,2020,0,1456614525321
production-topology1-1-1456612957,0.9877642374364373,1.0039705660929534,2140,0,1456614525321
production-topology2-2-1456612964,1.1118421437956472,1.0062840671574038,1640,0,1456614525321
Running observer at: 1456614536125
production-topology4-4-1456612978,1.0115354898110978,1.0023401148246818,2200,0,1456614536586
production-topology3-3-1456612971,0.9341655390892563,1.0027618421238418,2600,0,1456614536586
production-topology1-1-1456612957,0.975787275899356,1.0012886136604837,2620,0,1456614536587
production-topology2-2-1456612964,1.0099582472071558,1.0039937482275785,2140,0,1456614536587
Running observer at: 1456614547159
production-topology4-4-1456612978,0.9724029679026936,1.0035235610941151,2280,0,1456614547634
production-topology3-3-1456612971,1.0121262113455372,1.0023937458220014,2640,0,1456614547634
production-topology1-1-1456612957,1.019561591220255,1.0051461378197877,2520,0,1456614547634
production-topology2-2-1456612964,1.0487384485941746,1.0048414657298939,2180,0,1456614547634
Running observer at: 1456614558128
production-topology4-4-1456612978,1.0393736000638225,1.0038583510615202,2000,0,1456614558629
production-topology3-3-1456612971,0.9523115570370486,1.0002930366419016,2180,0,1456614558629
production-topology1-1-1456612957,0.9365508513575702,0.9989077025675887,2120,0,1456614558629
production-topology2-2-1456612964,0.8975772765246449,1.0042826204079573,1540,0,1456614558629
Running observer at: 1456614569348
production-topology4-4-1456612978,1.0472241924720198,1.0019093410787285,2360,0,1456614569875
production-topology3-3-1456612971,1.0432572306760775,1.0024080685570176,2500,0,1456614569875
production-topology1-1-1456612957,1.0619313132961543,1.002431671668528,2560,0,1456614569875
production-topology2-2-1456612964,1.150999872883249,1.0051038464274353,2280,0,1456614569875
Running observer at: 1456614580513
production-topology4-4-1456612978,0.9231494131363813,0.9991209406237959,2260,0,1456614581042
production-topology3-3-1456612971,0.9675060611462534,1.0007324327021487,2680,0,1456614581042
production-topology1-1-1456612957,1.1046834790641349,1.0077103473692675,2660,0,1456614581042
production-topology2-2-1456612964,0.982436097977419,1.0062428881455197,2140,0,1456614581042
Running observer at: 1456614591472
production-topology4-4-1456612978,1.013338184798872,1.0037668185178046,2020,0,1456614592008
production-topology3-3-1456612971,1.0938963089265261,1.0046509194294266,2100,0,1456614592008
production-topology1-1-1456612957,0.8515857310690499,0.9980896893290995,2140,0,1456614592008
production-topology2-2-1456612964,0.9410861334024408,1.0013291278829421,1640,0,1456614592008
Running observer at: 1456614602773
production-topology4-4-1456612978,1.0353514356309106,1.0039827344694912,2420,0,1456614603294
production-topology3-3-1456612971,0.9791695388896458,1.0038764923309424,2460,0,1456614603294
production-topology1-1-1456612957,1.0001484096361721,0.9955003268954085,2580,0,1456614603294
production-topology2-2-1456612964,0.8731569000587471,1.0022373089277883,2140,0,1456614603294
Running observer at: 1456614613904
production-topology4-4-1456612978,1.0311805975032717,1.0042847975914886,2160,0,1456614614450
production-topology3-3-1456612971,0.9358827709924818,1.0012475843470023,2680,0,1456614614450
production-topology1-1-1456612957,1.0944229112833765,1.0027076968942432,2580,0,1456614614450
production-topology2-2-1456612964,1.1921589539860857,1.0069866676430381,2160,0,1456614614450
Running observer at: 1456614624944
production-topology4-4-1456612978,1.0006918835163525,1.00467947345001,2160,0,1456614625432
production-topology3-3-1456612971,1.0670197800375316,1.0025748546807318,2080,0,1456614625432
production-topology1-1-1456612957,0.9310382850460941,0.9970744037064064,2120,0,1456614625432
production-topology2-2-1456612964,1.0030234048889315,1.0101634912594044,1680,0,1456614625432
Running observer at: 1456614636134
production-topology4-4-1456612978,0.9600450632657613,1.0033616812586503,2280,0,1456614636643
production-topology3-3-1456612971,0.9786260609993616,1.001890208190652,2640,0,1456614636643
production-topology1-1-1456612957,0.972386011654528,0.998340062010805,2520,0,1456614636644
production-topology2-2-1456612964,0.9071315725475676,1.0061917025315033,2220,0,1456614636644
Running observer at: 1456614647293
production-topology4-4-1456612978,1.0025104575486095,1.001894061901551,2060,0,1456614647795
production-topology3-3-1456612971,0.943702604945905,0.9988322826528133,2440,0,1456614647795
production-topology1-1-1456612957,1.030100207346512,1.0023355367540925,2660,0,1456614647795
production-topology2-2-1456612964,1.107651916043362,1.0095159364815147,1780,0,1456614647795
Running observer at: 1456614658318
production-topology4-4-1456612978,1.0107604254600036,1.0024717595009485,2260,0,1456614658803
production-topology3-3-1456612971,1.0358037376059976,1.0020132329048925,2300,0,1456614658803
production-topology1-1-1456612957,1.070105353362234,1.0028671188546188,2080,0,1456614658803
production-topology2-2-1456612964,0.947054791646267,1.0071975147140342,1980,0,1456614658804
Running observer at: 1456614669354
production-topology4-4-1456612978,1.0155766942982565,1.0038687801283606,2180,0,1456614669848
production-topology3-3-1456612971,1.036355621848868,1.0034235364752848,2460,0,1456614669848
production-topology1-1-1456612957,0.991530183717271,1.006052672889929,2540,0,1456614669848
production-topology2-2-1456612964,0.9314865155895077,1.0065206470994992,2180,0,1456614669848
Running observer at: 1456614680317
production-topology4-4-1456612978,0.9224684914104723,1.0026335956030974,2120,0,1456614681115
production-topology3-3-1456612971,0.9665951672874958,1.0024050388063641,2160,0,1456614681115
production-topology1-1-1456612957,1.0503035138131893,1.0032830166662063,2060,0,1456614681116
production-topology2-2-1456612964,1.0697669956929217,1.007115068107582,1620,0,1456614681116
Running observer at: 1456614691565
production-topology4-4-1456612978,1.0611142395788105,1.006241863492057,2240,0,1456614691988
production-topology3-3-1456612971,1.0500997957865637,1.0047521816845573,2620,0,1456614691988
production-topology1-1-1456612957,1.0887180958904001,1.0065804263651734,2620,0,1456614691988
production-topology2-2-1456612964,1.0061513813289513,1.0146844689317036,2180,0,1456614691988
Running observer at: 1456614702446
production-topology4-4-1456612978,1.0324266413864485,1.004263507563709,2300,0,1456614702907
production-topology3-3-1456612971,0.9479464556806718,1.000490750978764,2600,0,1456614702907
production-topology1-1-1456612957,0.8870925684485005,1.0083381145102686,2600,0,1456614702907
production-topology2-2-1456612964,0.905549938699082,1.000655454753516,2140,0,1456614702907
Running observer at: 1456614713425
production-topology4-4-1456612978,0.972011757083786,1.0043822965192706,2100,0,1456614714188
production-topology3-3-1456612971,0.9908348941383575,1.002099062651968,2080,0,1456614714188
production-topology1-1-1456612957,0.9819636279176311,1.0037936710009534,2120,0,1456614714189
production-topology2-2-1456612964,1.0837030045198641,1.0073652732953766,1700,0,1456614714189
Running observer at: 1456614724638
production-topology4-4-1456612978,0.9935470844772117,1.0036178005146712,2200,0,1456614725166
production-topology3-3-1456612971,1.0230482613915597,1.0012633709982863,2600,0,1456614725166
production-topology1-1-1456612957,1.008567011937367,1.0047568164054783,2600,0,1456614725166
production-topology2-2-1456612964,0.9902614132063903,1.0135216769381015,2140,0,1456614725166
Running observer at: 1456614735608
production-topology4-4-1456612978,0.9870163257362488,1.0017374111477826,2360,0,1456614736090
production-topology3-3-1456612971,1.031300192165558,1.0019433107319704,2520,0,1456614736091
production-topology1-1-1456612957,0.8893721709696325,1.002106388977977,2640,0,1456614736091
production-topology2-2-1456612964,1.1344067371368372,1.0078280386110265,2160,0,1456614736091
Running observer at: 1456614746635
production-topology4-4-1456612978,1.1294876341443418,1.0068558869273643,1960,0,1456614747131
production-topology3-3-1456612971,0.9480756974715567,0.9990935495972355,2200,0,1456614747131
production-topology1-1-1456612957,1.0877281958533354,1.0011037759779753,2020,0,1456614747132
production-topology2-2-1456612964,0.9316759594952966,1.0090850652392498,1640,0,1456614747132
Running observer at: 1456614757904
production-topology4-4-1456612978,0.8671240014064436,1.0024092166737566,2320,0,1456614758390
production-topology3-3-1456612971,0.9638102509853949,0.9982704314862755,2600,0,1456614758390
production-topology1-1-1456612957,1.0647442024661269,1.0086256356954602,2720,0,1456614758391
production-topology2-2-1456612964,0.9162976826556108,1.0071303811346637,2180,0,1456614758391
Running observer at: 1456614768959
production-topology4-4-1456612978,1.0372817673964247,1.0041010731217435,2360,0,1456614769564
production-topology3-3-1456612971,1.0266461785764553,0.9992613519083907,2580,0,1456614769565
production-topology1-1-1456612957,0.9355503872921968,1.0038295975383291,2500,0,1456614769565
production-topology2-2-1456612964,0.9865665871424876,1.0082435418124758,2120,0,1456614769565
Running observer at: 1456614780083
production-topology4-4-1456612978,1.0815738275578026,1.0047483703204598,1980,0,1456614780454
production-topology3-3-1456612971,1.0293271587669257,0.9997601196049178,2040,0,1456614780454
production-topology1-1-1456612957,1.1186059115354148,1.0083446293540281,2040,0,1456614780454
production-topology2-2-1456612964,1.121045751633987,1.0083757389497532,1620,0,1456614780454
Running observer at: 1456614790952
production-topology4-4-1456612978,0.9553189015062005,1.0050114476495884,2280,0,1456614791287
production-topology3-3-1456612971,0.9799887089378614,0.9997979036082753,2640,0,1456614791287
production-topology1-1-1456612957,0.9118700716487212,1.0062427989187983,2580,0,1456614791287
production-topology2-2-1456612964,0.9269123293817466,1.00697783179275,2240,0,1456614791287
