Running observer at: 1456109572176
production-topology1-1-1456109571,0.0,0.0,1456109572284
Running observer at: 1456109578648
production-topology1-1-1456109571,0.0,0.0,1456109578792
production-topology2-2-1456109578,0.0,0.0,1456109578793
Running observer at: 1456109581933
production-topology1-1-1456109571,0.0,0.0,1456109582107
production-topology2-2-1456109578,0.0,0.0,1456109582108
Running observer at: 1456109585777
production-topology3-3-1456109585,0.0,0.0,1456109585963
production-topology1-1-1456109571,0.0,0.0,1456109585964
production-topology2-2-1456109578,0.0,0.0,1456109585964
Running observer at: 1456109592597
production-topology3-3-1456109585,0.0,0.0,1456109593005
production-topology1-1-1456109571,0.08372579801151231,0.01674515960230246,1456109593005
production-topology2-2-1456109578,0.0,0.0,1456109593006
Running observer at: 1456109593683
production-topology4-4-1456109592,0.0,0.0,1456109593877
production-topology3-3-1456109585,0.0,0.0,1456109593877
production-topology1-1-1456109571,0.4307692307692307,0.08574917146345717,1456109593877
production-topology2-2-1456109578,0.0,0.0,1456109593877
Running observer at: 1456109603748
production-topology4-4-1456109592,0.0,0.0,1456109604049
production-topology3-3-1456109585,0.0,0.0,1456109604049
production-topology1-1-1456109571,1.036806933914934,0.22161456609938243,1456109604049
production-topology2-2-1456109578,0.9067039371387198,0.1511173228564533,1456109604050
Running observer at: 1456109614795
production-topology4-4-1456109592,0.91875,0.30624999999999997,1456109615152
production-topology3-3-1456109585,1.202089176555196,0.2404178353110392,1456109615153
production-topology1-1-1456109571,1.1981050959774362,0.34367588233413915,1456109615153
production-topology2-2-1456109578,1.0932973459289252,0.2857144690096636,1456109615153
Running observer at: 1456109625854
production-topology4-4-1456109592,0.9422202578109602,0.46524256445274004,1456109626141
production-topology3-3-1456109585,1.0332444212520215,0.37255559963453627,1456109626141
production-topology1-1-1456109571,0.9831848097662208,0.41473242982659264,1456109626141
production-topology2-2-1456109578,0.9693647890527275,0.3711707590150466,1456109626141
Running observer at: 1456109636964
production-topology4-4-1456109592,0.9968856936175683,0.5715711902857057,1456109637236
production-topology3-3-1456109585,0.9920511125988507,0.46105495862943835,1456109637237
production-topology1-1-1456109571,1.125834736456011,0.4858426604895345,1456109637237
production-topology2-2-1456109578,0.90203607742373,0.4301557943937892,1456109637237
Running observer at: 1456109647866
production-topology4-4-1456109592,1.002169922746719,0.6433376456958746,1456109648189
production-topology3-3-1456109585,0.9752375573572984,0.5253277834704209,1456109648190
production-topology1-1-1456109571,0.8593753448846707,0.5198001772527288,1456109648190
production-topology2-2-1456109578,1.1398271761908125,0.5011229325734915,1456109648190
Running observer at: 1456109658833
production-topology4-4-1456109592,1.057946083838941,0.7025674225734555,1456109659101
production-topology3-3-1456109585,1.0819010010800443,0.5871692520937124,1456109659101
production-topology1-1-1456109571,1.0905685885649656,0.5673642115287485,1456109659102
production-topology2-2-1456109578,1.0920838243046875,0.5548466500036002,1456109659103
Running observer at: 1456109669744
production-topology4-4-1456109592,0.9955915461949175,0.7391954380261383,1456109670006
production-topology3-3-1456109585,0.998949354954206,0.6283472623797618,1456109670007
production-topology1-1-1456109571,1.1010665838252045,0.6084182401669375,1456109670007
production-topology2-2-1456109578,0.8263059500164784,0.5774682583380067,1456109670008
Running observer at: 1456109680591
production-topology4-4-1456109592,1.0816091957822667,0.7772414111101527,1456109680794
production-topology3-3-1456109585,0.9273781367167939,0.655531887319492,1456109680794
production-topology1-1-1456109571,0.9245323047251686,0.6309978162068111,1456109680795
production-topology2-2-1456109578,1.0824881943264821,0.6163159457217356,1456109680795
Running observer at: 1456109691555
production-topology4-4-1456109592,0.9975978809110508,0.7992770580902424,1456109691800
production-topology3-3-1456109585,1.0156864240217347,0.6855447653780121,1456109691801
production-topology1-1-1456109571,0.9817158557961059,0.6543790188460973,1456109691801
production-topology2-2-1456109578,1.0301365503960376,0.6458745603413286,1456109691801
Running observer at: 1456109702500
production-topology4-4-1456109592,1.017393527107813,0.8191058280009306,1456109702772
production-topology3-3-1456109585,1.0511899089586008,0.7136713148842113,1456109702773
production-topology1-1-1456109571,0.9753933002238727,0.6744424114322083,1456109702773
production-topology2-2-1456109578,1.0457396035755926,0.6725322298902795,1456109702773
Running observer at: 1456109713434
production-topology4-4-1456109592,0.9676222320090245,0.831482195001605,1456109713637
production-topology3-3-1456109585,0.963989658955334,0.7315511966035773,1456109713637
production-topology1-1-1456109571,1.0007285996996156,0.6936357166244087,1456109713637
production-topology2-2-1456109578,0.9642590286425903,0.6907651548122989,1456109713637
Running observer at: 1456109724180
production-topology4-4-1456109592,0.9836089755136745,0.8431842550409951,1456109724444
production-topology3-3-1456109585,1.046201532533959,0.7525278856656027,1456109724445
production-topology1-1-1456109571,0.9165627465686317,0.7060205516213099,1456109724445
production-topology2-2-1456109578,0.9977795001215766,0.7088248221834329,1456109724446
Running observer at: 1456109734948
production-topology4-4-1456109592,1.0423205715968271,0.8574082776521259,1456109735185
production-topology3-3-1456109585,0.9943731367879974,0.7676432138607524,1456109735185
production-topology1-1-1456109571,0.9783733423490236,0.7203549090280317,1456109735186
production-topology2-2-1456109578,1.0619430832171919,0.728442503351975,1456109735186
Running observer at: 1456109745885
production-topology4-4-1456109592,0.9559516934336103,0.8639778387042248,1456109746102
production-topology3-3-1456109585,0.9877813957135162,0.780592518675621,1456109746102
production-topology1-1-1456109571,1.1375884251734165,0.741216584835301,1456109746103
production-topology2-2-1456109578,0.9268730489073883,0.7388862162759442,1456109746103
Running observer at: 1456109756642
production-topology4-4-1456109592,1.0105272696857694,0.8731371781405715,1456109756929
production-topology3-3-1456109585,0.9367768492329769,0.7892694259288073,1456109756929
production-topology1-1-1456109571,0.9188948983338832,0.749677456906662,1456109756930
production-topology2-2-1456109578,1.0480586501258338,0.7543448379684387,1456109756930
Running observer at: 1456109767548
production-topology4-4-1456109592,1.1013646220269355,0.8865623218985929,1456109767767
production-topology3-3-1456109585,1.052489983974359,0.8031231395101522,1456109767767
production-topology1-1-1456109571,1.1215214924595325,0.7665794585227016,1456109767768
production-topology2-2-1456109578,0.9769349824997637,0.7649443686604065,1456109767768
Running observer at: 1456109778413
production-topology4-4-1456109592,0.9581878712781964,0.8905415190863485,1456109778643
production-topology3-3-1456109585,1.0302208261673083,0.8144780238430099,1456109778643
production-topology1-1-1456109571,0.8070507054234244,0.7683390779531678,1456109778643
production-topology2-2-1456109578,1.0269684688572143,0.7768545550329886,1456109778643
Running observer at: 1456109789237
production-topology4-4-1456109592,0.9011224058862394,0.8910984078652903,1456109789435
production-topology3-3-1456109585,1.0059113102223827,0.8235938946229802,1456109789435
production-topology1-1-1456109571,1.1228090311257208,0.7831086593353577,1456109789435
production-topology2-2-1456109578,1.0007348460571717,0.7865884807296922,1456109789436
Running observer at: 1456109800014
production-topology4-4-1456109592,1.1041790627847425,0.9017524406112628,1456109800380
production-topology3-3-1456109585,0.9995328543396806,0.8315911200646483,1456109800380
production-topology1-1-1456109571,0.9976842704871536,0.7916916837814294,1456109800380
production-topology2-2-1456109578,0.9682321409728817,0.7941569665731584,1456109800381
Running observer at: 1456109811067
production-topology4-4-1456109592,0.9359539017536879,0.903381081618045,1456109811276
production-topology3-3-1456109585,0.9899299042197524,0.8384754150279138,1456109811277
production-topology1-1-1456109571,0.946214464838728,0.7976348676682486,1456109811277
production-topology2-2-1456109578,1.0287517278043592,0.8035407570224063,1456109811277
Running observer at: 1456109821919
production-topology4-4-1456109592,1.03478758346015,0.9093541044290497,1456109822140
production-topology3-3-1456109585,0.9688711592980837,0.8439085710391708,1456109822140
production-topology1-1-1456109571,1.0083835344837524,0.8054403738466006,1456109822141
production-topology2-2-1456109578,1.0246120521372193,0.8120434991422069,1456109822141
Running observer at: 1456109832764
production-topology4-4-1456109592,0.9495489231647123,0.9111017052436438,1456109833069
production-topology3-3-1456109585,1.0356876430481172,0.8515797339195287,1456109833069
production-topology1-1-1456109571,0.9830808524415321,0.8117846766535625,1456109833070
production-topology2-2-1456109578,0.8704127086689104,0.81420532171727,1456109833070
Running observer at: 1456109843632
production-topology4-4-1456109592,1.0035346728742955,0.914953078894921,1456109843848
production-topology3-3-1456109585,1.0853231625290447,0.8605698657891254,1456109843848
production-topology1-1-1456109571,0.8840862498739442,0.814277834350817,1456109843848
production-topology2-2-1456109578,1.0258648778070463,0.821764591577619,1456109843849
Running observer at: 1456109854338
production-topology4-4-1456109592,1.0474912663667684,0.9202546063937949,1456109854558
production-topology3-3-1456109585,0.9613806942744629,0.8643036001774712,1456109854558
production-topology1-1-1456109571,1.1206289992048017,0.8244895398459497,1456109854558
production-topology2-2-1456109578,1.1248785346138843,0.8322167965099041,1456109854559
Running observer at: 1456109865109
production-topology4-4-1456109592,1.0048338861671542,0.9235076556158472,1456109865318
production-topology3-3-1456109585,0.9585807401195909,0.8676706408896898,1456109865318
production-topology1-1-1456109571,1.1068129865122345,0.8613833060630243,1456109865318
production-topology2-2-1456109578,0.9099761429475631,0.8348087747244928,1456109865318
Running observer at: 1456109875834
production-topology4-4-1456109592,0.9585442647902107,0.9248053078074903,1456109876036
production-topology3-3-1456109585,1.0204115730304606,0.8729375695841991,1456109876036
production-topology1-1-1456109571,0.9580583351075154,0.8933185838999415,1456109876036
production-topology2-2-1456109578,1.0542875338284778,0.8699516925187754,1456109876037
Running observer at: 1456109886654
production-topology4-4-1456109592,0.9645387778768626,0.9262243603099678,1456109886886
production-topology3-3-1456109585,0.9811403985030988,0.8765443305481624,1456109886886
production-topology1-1-1456109571,1.0549461483279448,0.9284834555108731,1456109886887
production-topology2-2-1456109578,1.0880747331874159,0.9062208502916892,1456109886887
Running observer at: 1456109897447
production-topology4-4-1456109592,1.12322162394784,0.9330173694009289,1456109897679
production-topology3-3-1456109585,1.005943732227767,0.910075788289088,1456109897679
production-topology1-1-1456109571,1.0131941242342402,0.9622565929853477,1456109897680
production-topology2-2-1456109578,0.9154312879055302,0.9367352265552069,1456109897680
Running observer at: 1456109908161
production-topology4-4-1456109592,1.0023757346393916,0.9353293149088776,1456109908468
production-topology3-3-1456109585,0.9999404034996738,0.9434071350724105,1456109908468
production-topology1-1-1456109571,0.9169227338864818,0.9900298241811799,1456109908468
production-topology2-2-1456109578,0.9760755359492298,0.9692710777535146,1456109908468
Running observer at: 1456109919105
production-topology4-4-1456109592,0.9399253657751214,0.966660160434715,1456109919319
production-topology3-3-1456109585,0.9867176288081299,0.9762977226993481,1456109919319
production-topology1-1-1456109571,1.0934160213539783,1.0121180505340048,1456109919320
production-topology2-2-1456109578,1.10175828289761,1.0059963538501016,1456109919320
Running observer at: 1456109929881
production-topology4-4-1456109592,1.0150182175298303,1.0004941010190427,1456109930141
production-topology3-3-1456109585,1.0118610757207156,1.010026425223372,1456109930141
production-topology1-1-1456109571,0.9123276723276722,1.0079687418144294,1456109930141
production-topology2-2-1456109578,1.001746050637149,1.0091644243000493,1456109930141
Running observer at: 1456109940593
production-topology4-4-1456109592,0.9725931363634346,1.0022888722311571,1456109940833
production-topology3-3-1456109585,1.0433367951736559,1.0047346791773206,1456109940834
production-topology1-1-1456109571,1.0307894056370284,1.002391552136416,1456109940834
production-topology2-2-1456109578,0.8986483422074617,1.0026761241760007,1456109940834
Running observer at: 1456109951344
production-topology4-4-1456109592,1.0268198539769937,1.005108858770025,1456109951558
production-topology3-3-1456109585,0.9031880890759671,1.0003994681047854,1456109951559
production-topology1-1-1456109571,1.0906552902091682,1.0059739014845142,1456109951559
production-topology2-2-1456109578,1.0992936474250141,1.0070070861217435,1456109951559
Running observer at: 1456109962096
production-topology4-4-1456109592,0.9784530023230413,1.0044944357268741,1456109962299
production-topology3-3-1456109585,1.1006380057915757,1.0040190312112096,1456109962299
production-topology1-1-1456109571,0.8625065995272229,0.9971962969202213,1456109962299
production-topology2-2-1456109578,0.9795195712508373,1.0095898692493137,1456109962299
Running observer at: 1456109972864
production-topology4-4-1456109592,0.9820337335962337,1.0038232294218579,1456109973095
production-topology3-3-1456109585,1.0196576137103777,1.0054996997563124,1456109973095
production-topology1-1-1456109571,0.9545851875397329,1.0003699583420564,1456109973095
production-topology2-2-1456109578,0.9453779362344551,1.003108227917435,1456109973096
Running observer at: 1456109983662
production-topology4-4-1456109592,1.03929458368774,1.0032015127501515,1456109983856
production-topology3-3-1456109585,0.9981896550357552,1.0027093215548362,1456109983856
production-topology1-1-1456109571,1.148158919766489,1.002289636048774,1456109983857
production-topology2-2-1456109578,0.9726473219869436,0.9991270111735103,1456109983857
Running observer at: 1456109994426
production-topology4-4-1456109592,0.9684070211131519,1.0022953619140924,1456109994636
production-topology3-3-1456109585,0.9780801047411979,1.0020136798810693,1456109994636
production-topology1-1-1456109571,0.9523661138244469,0.9973329537154153,1456109994636
production-topology2-2-1456109578,1.0655556955645162,1.0071020026917783,1456109994636
Running observer at: 1456110005203
production-topology4-4-1456109592,1.0055607503592983,0.9997604137333268,1456110005415
production-topology3-3-1456109585,0.9773792547940277,1.0036803838169768,1456110005415
production-topology1-1-1456109571,1.3490182669047999,1.0114824857880695,1456110005416
production-topology2-2-1456109578,1.0153805040996053,1.0048650796842158,1456110005416
Running observer at: 1456110016137
production-topology4-4-1456109592,1.0231951615542763,1.0006136564214343,1456110016314
production-topology3-3-1456109585,1.059407582853455,1.0051377557780343,1456110016314
production-topology1-1-1456109571,0.8183179482457481,1.0060358888697245,1456110016314
production-topology2-2-1456109578,0.9579371242423428,1.0024584321457592,1456110016315
Running observer at: 1456110026818
production-topology4-4-1456109592,1.0068084746079002,1.000260821338104,1456110027101
production-topology3-3-1456109585,0.9890359374092024,1.0030659567263875,1456110027101
production-topology1-1-1456109571,0.9745242968161086,1.0060069220894658,1456110027102
production-topology2-2-1456109578,0.887207591703445,0.997174031750021,1456110027102
Running observer at: 1456110037584
production-topology4-4-1456109592,1.0435592021309892,1.0027920536755026,1456110037774
production-topology3-3-1456109585,0.9097911329517365,1.0012593391929343,1456110037774
production-topology1-1-1456109571,1.0289126949929588,1.006946391932577,1456110037775
production-topology2-2-1456109578,0.986713396433053,0.9979225106763697,1456110037775
Running observer at: 1456110048384
production-topology4-4-1456109592,1.0103708771790942,1.00368411706435,1456110048632
production-topology3-3-1456109585,1.03063372318839,1.000740412214749,1456110048632
production-topology1-1-1456109571,0.8252207711376592,1.0039016594182113,1456110048632
production-topology2-2-1456109578,1.0961471784303893,1.0012014332866637,1456110048632
Running observer at: 1456110059222
production-topology4-4-1456109592,0.9515675175628535,1.0006590152632178,1456110059410
production-topology3-3-1456109585,1.0338909378816994,1.0020576722512056,1456110059410
production-topology1-1-1456109571,1.089042540724247,1.0075906326973854,1456110059410
production-topology2-2-1456109578,1.0009068696048844,0.9991668928329198,1456110059411
Running observer at: 1456110069988
production-topology4-4-1456109592,1.0076313297590724,1.0023816698073997,1456110070219
production-topology3-3-1456109585,1.000219649531576,1.0024722807118076,1456110070219
production-topology1-1-1456109571,1.075125275099783,1.0055085276949312,1456110070219
production-topology2-2-1456109578,1.0133244503664225,1.0020486062148877,1456110070220
Running observer at: 1456110080712
production-topology4-4-1456109592,0.9900194601835679,1.0016980761573262,1456110080913
production-topology3-3-1456109585,0.9853315401862802,1.004090770410251,1456110080914
production-topology1-1-1456109571,0.9779138599714227,1.0074758264161823,1456110080914
production-topology2-2-1456109578,1.0660123629769476,1.0026470633099247,1456110080914
Running observer at: 1456110091490
production-topology4-4-1456109592,1.0853940314397472,1.0011657231377533,1456110091693
production-topology3-3-1456109585,0.9958998848157348,1.0022044337716303,1456110091693
production-topology1-1-1456109571,1.064142639772151,1.0055631979932695,1456110091694
production-topology2-2-1456109578,0.9023903762507975,1.0001622431016257,1456110091694
Running observer at: 1456110102163
production-topology4-4-1456109592,0.9349008433075789,1.000389488872066,1456110102441
production-topology3-3-1456109585,0.981766904519198,1.0005893030500266,1456110102441
production-topology1-1-1456109571,1.0544455682351492,1.013809693420327,1456110102441
production-topology2-2-1456109578,1.167606671843604,1.004850183201172,1456110102441
Running observer at: 1456110113030
production-topology4-4-1456109592,1.0050799816999603,1.00385474139919,1456110113227
production-topology3-3-1456109585,1.0311966911540673,1.0014321490810827,1456110113227
production-topology1-1-1456109571,0.9323739464301494,1.007461857263808,1456110113227
production-topology2-2-1456109578,0.914305450682099,1.0019692033553365,1456110113228
Running observer at: 1456110123764
production-topology4-4-1456109592,1.0098863380546526,1.0007116505748537,1456110123989
production-topology3-3-1456109585,1.0556224529438814,1.0033018023678892,1456110123989
production-topology1-1-1456109571,0.959413834014802,1.006186176048063,1456110123989
production-topology2-2-1456109578,1.0918815471394037,1.0060908502275538,1456110123990
Running observer at: 1456110134590
production-topology4-4-1456109592,0.9953536138381662,1.0026916409776698,1456110134776
production-topology3-3-1456109585,0.9462349993709203,1.0018453055395948,1456110134776
production-topology1-1-1456109571,0.856860615683112,1.0032077144095424,1456110134776
production-topology2-2-1456109578,0.9778820250286203,1.0043951934683626,1456110134776
Running observer at: 1456110145320
production-topology4-4-1456109592,1.0414063280765924,1.002912265798218,1456110145589
production-topology3-3-1456109585,1.0321738106880025,1.003955393919259,1456110145590
production-topology1-1-1456109571,1.0849334211398978,1.0057593772980808,1456110145590
production-topology2-2-1456109578,1.007352608795965,1.003819878690321,1456110145590
Running observer at: 1456110156160
production-topology4-4-1456109592,0.9972779514063919,1.0045032334062738,1456110156352
production-topology3-3-1456109585,0.972165207042101,1.001837979385725,1456110156352
production-topology1-1-1456109571,1.0570841182372923,1.0082261528246061,1456110156352
production-topology2-2-1456109578,0.8892239651315558,1.004446920572409,1456110156352
Running observer at: 1456110166968
production-topology4-4-1456109592,0.9208404208404208,1.001746758338478,1456110167172
production-topology3-3-1456109585,1.0064868871862842,0.9992101035409663,1456110167172
production-topology1-1-1456109571,0.9201669747855975,1.0094288436549945,1456110167173
production-topology2-2-1456109578,1.1513538416925644,1.0086298860352596,1456110167173
Running observer at: 1456110177658
production-topology4-4-1456109592,1.0086869961283622,1.0004532826638644,1456110177845
production-topology3-3-1456109585,1.0116172803907932,1.0008846564115106,1456110177845
production-topology1-1-1456109571,1.2650564464017733,1.0142430918948935,1456110177846
production-topology2-2-1456109578,0.9070874232205225,1.0013701823221477,1456110177846
Running observer at: 1456110188465
production-topology4-4-1456109592,1.028691679086231,1.0012485424278337,1456110188666
production-topology3-3-1456109585,1.0267042856940622,1.0031554412639931,1456110188666
production-topology1-1-1456109571,0.8832884213116771,1.0067922730548748,1456110188667
production-topology2-2-1456109578,1.0934599828947684,1.0074863103203877,1456110188667
Running observer at: 1456110199086
production-topology4-4-1456109592,1.0204622507380123,1.0033124752927602,1456110199379
production-topology3-3-1456109585,0.9690342858685355,1.0014428650252623,1456110199379
production-topology1-1-1456109571,1.0867211606127865,1.0110810339050507,1456110199379
production-topology2-2-1456109578,0.9919596170584821,1.0054087130947211,1456110199379
Running observer at: 1456110209935
production-topology4-4-1456109592,1.0340066220079107,1.0056280700971287,1456110210129
production-topology3-3-1456109585,0.9734958940750956,1.0011880482109954,1456110210129
production-topology1-1-1456109571,0.9542439862542953,1.0077242951692622,1456110210130
production-topology2-2-1456109578,0.9784118757843737,1.00175328451462,1456110210130
Running observer at: 1456110220634
production-topology4-4-1456109592,0.9761058728086096,1.000724211725821,1456110220831
production-topology3-3-1456109585,1.010240342160225,1.0013312685420772,1456110220831
production-topology1-1-1456109571,0.9857116699218748,1.00680821335885,1456110220831
production-topology2-2-1456109578,0.9236842105263159,1.0020283819353126,1456110220831
Running observer at: 1456110231322
production-topology4-4-1456109592,0.9956556880177814,1.0005002101717675,1456110231503
production-topology3-3-1456109585,0.9458981059590816,0.9995298586240577,1456110231503
production-topology1-1-1456109571,1.1037440140965415,1.013035589365852,1456110231503
production-topology2-2-1456109578,1.034268573421695,1.0039681498510615,1456110231503
Running observer at: 1456110242096
production-topology4-4-1456109592,1.004242848729276,1.0026441262702392,1456110242288
production-topology3-3-1456109585,1.0518133836401113,1.001699717118457,1456110242288
production-topology1-1-1456109571,1.048236990361253,1.0115296216660947,1456110242288
production-topology2-2-1456109578,0.9919555297794168,1.0003080580804553,1456110242289
Running observer at: 1456110252866
production-topology4-4-1456109592,1.0459125328089174,1.0036739367795418,1456110253128
production-topology3-3-1456109585,1.0342769261518279,1.0024469121328277,1456110253128
production-topology1-1-1456109571,0.9203315104582046,1.0117964162704456,1456110253128
production-topology2-2-1456109578,1.0888971937976146,1.003213096185804,1456110253128
Running observer at: 1456110263609
production-topology4-4-1456109592,0.9642696436606741,1.0033964870227834,1456110263806
production-topology3-3-1456109585,0.9341870464639777,0.9988085871758383,1456110263806
production-topology1-1-1456109571,1.1408950982713713,1.0154666060249238,1456110263806
production-topology2-2-1456109578,0.8737328264404814,1.0023825789935714,1456110263806
Running observer at: 1456110274499
production-topology4-4-1456109592,0.9230905822588447,0.9999388446321783,1456110274682
production-topology3-3-1456109585,1.102738939120505,1.0054602821773229,1456110274682
production-topology1-1-1456109571,0.7804211103130483,1.005125466695053,1456110274682
production-topology2-2-1456109578,1.0651393248464507,1.0012441015742857,1456110274683
Running observer at: 1456110285364
production-topology4-4-1456109592,1.0547128240332124,1.0024808386891844,1456110285559
production-topology3-3-1456109585,0.9159076249052944,0.9993026028144467,1456110285559
production-topology1-1-1456109571,0.9952180028129395,1.0095491801379104,1456110285559
production-topology2-2-1456109578,0.9149916857551511,0.999093172057763,1456110285559
Running observer at: 1456110296023
production-topology4-4-1456109592,1.0750636425682483,1.005581835654918,1456110296304
production-topology3-3-1456109585,1.0538316011873565,1.0004417357303461,1456110296305
production-topology1-1-1456109571,1.1143937710426524,1.0148761329213412,1456110296305
production-topology2-2-1456109578,1.0192395785616126,1.0015552268020016,1456110296305
Running observer at: 1456110306774
production-topology4-4-1456109592,0.9524502154978245,1.0026870233819207,1456110306939
production-topology3-3-1456109585,0.9972012396581365,1.0004087885510922,1456110306939
production-topology1-1-1456109571,0.9600177304964539,1.0086047599456733,1456110306939
production-topology2-2-1456109578,0.9954345674525235,1.002314801650854,1456110306939
Running observer at: 1456110317386
production-topology4-4-1456109592,0.9013558610555634,1.0004519847133344,1456110317677
production-topology3-3-1456109585,0.9199796255135717,0.9984721059101713,1456110317677
production-topology1-1-1456109571,1.0065349523500111,1.0104103878965254,1456110317677
production-topology2-2-1456109578,1.1038361860761445,1.0035908180012418,1456110317678
Running observer at: 1456110328152
production-topology4-4-1456109592,1.1291329805762982,1.004571059053901,1456110328345
production-topology3-3-1456109585,1.077336825924039,1.0018040249478384,1456110328345
production-topology1-1-1456109571,1.0572750069657286,1.0006856125652233,1456110328346
production-topology2-2-1456109578,1.1432414024458426,1.0078528479461164,1456110328346
Running observer at: 1456110338888
production-topology4-4-1456109592,1.0016493666432091,1.003852865890199,1456110339082
production-topology3-3-1456109585,0.8739899523792594,0.9956234372653652,1456110339083
production-topology1-1-1456109571,0.945832881645204,1.004936110345205,1456110339083
production-topology2-2-1456109578,0.8152664091696373,1.0030971574436929,1456110339083
Running observer at: 1456110349560
production-topology4-4-1456109592,0.9516207689830402,1.0020132757027036,1456110349768
production-topology3-3-1456109585,1.1741416746408841,1.001793628506421,1456110349768
production-topology1-1-1456109571,1.062743972445465,1.007876766199517,1456110349768
production-topology2-2-1456109578,0.9834687973550076,1.0063058642987448,1456110349768
Running observer at: 1456110360336
production-topology4-4-1456109592,1.088738980152674,1.0035192683034262,1456110360530
production-topology3-3-1456109585,0.9744787922358016,1.0039498838158898,1456110360531
production-topology1-1-1456109571,1.0179291229656195,1.0075106471319388,1456110360531
production-topology2-2-1456109578,0.9884077147282866,1.0063623415752527,1456110360531
Running observer at: 1456110371083
production-topology4-4-1456109592,0.9981810595873171,1.003112941050367,1456110371282
production-topology3-3-1456109585,1.0179660823225178,1.0035276291203608,1456110371282
production-topology1-1-1456109571,0.9580663429572222,1.0119388328592576,1456110371282
production-topology2-2-1456109578,0.9544786374732555,1.0016400568766817,1456110371282
Running observer at: 1456110381862
production-topology4-4-1456109592,1.0203646606351189,1.0054061791527757,1456110382091
production-topology3-3-1456109585,0.9823102222550264,1.001808271932805,1456110382091
production-topology1-1-1456109571,1.0338828838665064,1.0101001776306662,1456110382091
production-topology2-2-1456109578,1.1638699909013361,1.0070721609198967,1456110382091
Running observer at: 1456110392766
production-topology4-4-1456109592,0.895621114314209,1.0016725053046138,1456110392961
production-topology3-3-1456109585,1.0151601563958543,1.0023062888282808,1456110392961
production-topology1-1-1456109571,0.9919127291408196,1.0073264260987007,1456110392961
production-topology2-2-1456109578,0.8817813811138624,1.0026873919448114,1456110392961
Running observer at: 1456110403403
production-topology4-4-1456109592,1.0021323707405982,1.0020762689898481,1456110403721
production-topology3-3-1456109585,1.0374846812127638,1.004044726862497,1456110403721
production-topology1-1-1456109571,1.123407565885442,1.0121762162958345,1456110403721
production-topology2-2-1456109578,1.077640754637595,1.0030750050001662,1456110403722
Running observer at: 1456110414206
production-topology4-4-1456109592,1.0632555096112517,1.0013383182622315,1456110414412
production-topology3-3-1456109585,0.9376754046100045,1.0021039108556393,1456110414413
production-topology1-1-1456109571,0.8084709895676546,1.0036538279556848,1456110414413
production-topology2-2-1456109578,0.9993459736592532,1.0063068582471149,1456110414413
Running observer at: 1456110425055
production-topology4-4-1456109592,0.9242263215262883,1.0009825008695217,1456110425263
production-topology3-3-1456109585,1.080727830189944,1.0054026083779974,1456110425263
production-topology1-1-1456109571,1.1321172124255037,1.00624288276203,1456110425263
production-topology2-2-1456109578,1.0763525327286787,1.0032650536099506,1456110425263
Running observer at: 1456110435722
production-topology4-4-1456109592,1.0776760045038052,1.0034023682963167,1456110436000
production-topology3-3-1456109585,0.9778078230181033,1.003622979440132,1456110436000
production-topology1-1-1456109571,0.8752031641566386,1.0043371900195794,1456110436000
production-topology2-2-1456109578,0.9450500556173526,1.0042898737744588,1456110436000
Running observer at: 1456110446474
production-topology4-4-1456109592,1.0588236804740752,1.0050336130436306,1456110446666
production-topology3-3-1456109585,1.0100325052777357,1.002103314517927,1456110446666
production-topology1-1-1456109571,1.0371749195173319,1.006929226202997,1456110446667
production-topology2-2-1456109578,1.1165105736116205,1.0051108413235328,1456110446667
Running observer at: 1456110457186
production-topology4-4-1456109592,0.9368247809467684,1.0030826519472507,1456110457341
production-topology3-3-1456109585,0.9890838461240761,1.0035316094096989,1456110457341
production-topology1-1-1456109571,0.8840175573515302,1.0078344575919445,1456110457342
production-topology2-2-1456109578,0.9356843173854668,1.0037042510687608,1456110457342
Running observer at: 1456110467810
production-topology4-4-1456109592,0.9746454149185608,1.0008572881753166,1456110468010
production-topology3-3-1456109585,0.9614526793367717,1.0011742383646576,1456110468010
production-topology1-1-1456109571,1.0594456146263374,1.0069848640414922,1456110468010
production-topology2-2-1456109578,0.9779356185157516,1.002723684726087,1456110468011
Running observer at: 1456110478524
production-topology4-4-1456109592,0.9901145158971746,1.000618506991676,1456110478725
production-topology3-3-1456109585,1.0203826555352054,1.0027814866477613,1456110478725
production-topology1-1-1456109571,1.085221892217631,1.007922789840837,1456110478726
production-topology2-2-1456109578,0.846208517515818,1.0012898364722291,1456110478726
Running observer at: 1456110489237
production-topology4-4-1456109592,1.0895126211260844,1.0062409136678645,1456110489429
production-topology3-3-1456109585,1.0281562589402142,1.003503799039559,1456110489429
production-topology1-1-1456109571,1.0008745110274049,1.0106130410488974,1456110489429
production-topology2-2-1456109578,1.074175700339074,0.9987172317604461,1456110489429
Running observer at: 1456110499978
production-topology4-4-1456109592,0.9427198656862671,1.0040420093197948,1456110500177
production-topology3-3-1456109585,0.9788292075787324,1.0024108632791568,1456110500177
production-topology1-1-1456109571,0.9763621998905536,1.0009898994985234,1456110500178
production-topology2-2-1456109578,0.9471000049823125,1.0000509844858394,1456110500178
Running observer at: 1456110510638
production-topology4-4-1456109592,1.0008718311329676,1.003114681054686,1456110510830
production-topology3-3-1456109585,1.0576759606604411,1.003443252444703,1456110510830
production-topology1-1-1456109571,1.0199015719361921,1.005543671186007,1456110510831
production-topology2-2-1456109578,0.9813976562401199,0.9963155735973509,1456110510831
Running observer at: 1456110521399
production-topology4-4-1456109592,1.036838186725583,1.003660545587605,1456110521591
production-topology3-3-1456109585,0.9219687131050768,1.0018744000192543,1456110521591
production-topology1-1-1456109571,0.9550310234088856,1.001153999945877,1456110521591
production-topology2-2-1456109578,1.0823495274370831,0.9993285706099709,1456110521591
Running observer at: 1456110532140
production-topology4-4-1456109592,0.9574731738047875,1.001109430647501,1456110532393
production-topology3-3-1456109585,1.0984238363638426,1.0060386647622126,1456110532394
production-topology1-1-1456109571,1.0665163531933306,1.0048964121771784,1456110532394
production-topology2-2-1456109578,1.1326241326241322,1.0044689791712964,1456110532394
Running observer at: 1456110542910
production-topology4-4-1456109592,0.9931554250177974,1.0016777490544737,1456110543134
production-topology3-3-1456109585,0.9757763433832913,1.0048898648029814,1456110543134
production-topology1-1-1456109571,1.0716546120945283,1.0077611769162667,1456110543135
production-topology2-2-1456109578,0.7971367191433655,1.0002507294585314,1456110543135
Running observer at: 1456110553720
production-topology4-4-1456109592,1.0152043977043979,1.0023293727106943,1456110553962
production-topology3-3-1456109585,0.986645971694156,1.0062481269941508,1456110553962
production-topology1-1-1456109571,0.9874896684076887,1.0038860320599716,1456110553963
production-topology2-2-1456109578,1.1832505172636754,1.0052167942532642,1456110553963
Running observer at: 1456110564508
production-topology4-4-1456109592,1.0135644397527481,1.0026400924114767,1456110564819
production-topology3-3-1456109585,0.9835634975143903,1.00397313078996,1456110564819
production-topology1-1-1456109571,0.9461506450270497,1.000483153882165,1456110564819
production-topology2-2-1456109578,1.0319177532445898,1.0065488683687698,1456110564819
Running observer at: 1456110575325
production-topology4-4-1456109592,0.9744244073570062,1.000257154896413,1456110575525
production-topology3-3-1456109585,1.0595162147793726,1.004814440410878,1456110575525
production-topology1-1-1456109571,1.0294363739892471,1.004119982666533,1456110575526
production-topology2-2-1456109578,0.9234786823198011,1.001034917986176,1456110575526
Running observer at: 1456110586136
production-topology4-4-1456109592,0.8857374637388018,0.997639415565684,1456110586335
production-topology3-3-1456109585,0.9739903099950641,1.0061412158619143,1456110586336
production-topology1-1-1456109571,0.9209855307023164,0.9967896637475645,1456110586336
production-topology2-2-1456109578,0.9213661990293186,1.0026226970724705,1456110586336
Running observer at: 1456110596807
production-topology4-4-1456109592,1.1361052291524172,1.0047399037954698,1456110597025
production-topology3-3-1456109585,0.9651990412197231,1.0015565525985548,1456110597025
production-topology1-1-1456109571,1.0748540842948975,1.006604096213626,1456110597025
production-topology2-2-1456109578,1.0635851779070096,1.0025708921744891,1456110597025
Running observer at: 1456110607488
production-topology4-4-1456109592,0.9603428103837813,1.0015942366738222,1456110607679
production-topology3-3-1456109585,1.0694192548666632,1.0066736069306004,1456110607680
production-topology1-1-1456109571,0.9877329644729181,1.0063545949356256,1456110607680
production-topology2-2-1456109578,1.032942337674757,1.0065025805718095,1456110607680
Running observer at: 1456110618175
production-topology4-4-1456109592,1.0280027665283402,1.0000255408058252,1456110618346
production-topology3-3-1456109585,1.0078871811989627,1.0051421262643208,1456110618346
production-topology1-1-1456109571,0.980582888503012,1.001894232184304,1456110618346
production-topology2-2-1456109578,1.1885685920011302,1.0121468810197936,1456110618346
Running observer at: 1456110628824
production-topology4-4-1456109592,1.0374943068889366,1.0028603438521955,1456110629004
production-topology3-3-1456109585,0.9961470296385906,1.0051069859303359,1456110629004
production-topology1-1-1456109571,1.012286224081336,1.0036365153038003,1456110629005
production-topology2-2-1456109578,0.9225934381932133,1.0097188433778164,1456110629005
Running observer at: 1456110639562
production-topology4-4-1456109592,0.9255482300401046,1.00366675615168,1456110639806
production-topology3-3-1456109585,0.9900797503013437,1.007443656756595,1456110639806
production-topology1-1-1456109571,1.0651541466321977,1.0055904884465399,1456110639806
production-topology2-2-1456109578,1.003337636255964,1.0063688917171438,1456110639806
Running observer at: 1456110650275
production-topology4-4-1456109592,1.1028531025573205,1.0027907602177144,1456110650468
production-topology3-3-1456109585,0.9018378479367324,1.0015936908236847,1456110650469
production-topology1-1-1456109571,1.0125512813330366,1.0040996975921168,1456110650469
production-topology2-2-1456109578,1.0447424675968244,1.003085593888843,1456110650469
Running observer at: 1456110660978
production-topology4-4-1456109592,0.9885933445802627,1.002355559482283,1456110661178
production-topology3-3-1456109585,1.0672905437702946,1.0080370438700526,1456110661178
production-topology1-1-1456109571,0.8602595920546671,1.0012472546057656,1456110661179
production-topology2-2-1456109578,0.8270544974248081,1.0034785301640154,1456110661179
Running observer at: 1456110671644
production-topology4-4-1456109592,0.9983255788889132,1.0039123864791455,1456110671992
production-topology3-3-1456109585,1.0059168366853926,1.0024295492715363,1456110671992
production-topology1-1-1456109571,1.2836114447987588,1.0086095036842087,1456110671992
production-topology2-2-1456109578,1.1695546494009816,1.0096813918988812,1456110671992
Running observer at: 1456110682589
production-topology4-4-1456109592,1.03873137054828,1.002245466158999,1456110682827
production-topology3-3-1456109585,0.9984165531388343,1.0032274746349708,1456110682827
production-topology1-1-1456109571,0.8247164839464917,1.0021690823835712,1456110682827
production-topology2-2-1456109578,1.0013630168105407,1.010113235301623,1456110682827
Running observer at: 1456110693396
production-topology4-4-1456109592,0.9504997219721096,1.000656088238492,1456110693635
production-topology3-3-1456109585,0.9978225023887324,1.0025560219705112,1456110693635
production-topology1-1-1456109571,0.9187021927728054,1.0008569440440906,1456110693635
production-topology2-2-1456109578,0.9996976562525468,1.0116205359275992,1456110693636
Running observer at: 1456110704150
production-topology4-4-1456109592,0.9794374972525391,0.9992918494590728,1456110704467
production-topology3-3-1456109585,1.0477234436186187,1.0047364626826307,1456110704467
production-topology1-1-1456109571,1.0642044249555418,1.001867662080392,1456110704467
production-topology2-2-1456109578,0.8301446855101079,1.0004963590812248,1456110704467
Running observer at: 1456110714964
production-topology4-4-1456109592,0.9566672001698884,1.0013267189875954,1456110715170
production-topology3-3-1456109585,0.9329417036128295,1.0019958475898634,1456110715171
production-topology1-1-1456109571,1.0990258707905767,1.0054381001353836,1456110715171
production-topology2-2-1456109578,1.1183373266266452,1.0083815572649841,1456110715171
Running observer at: 1456110725754
production-topology4-4-1456109592,1.0828565149060965,1.0040175237931122,1456110725946
production-topology3-3-1456109585,0.9986177955687188,1.000700284735062,1456110725946
production-topology1-1-1456109571,0.9563575707753112,0.9998697669650459,1456110725946
production-topology2-2-1456109578,0.9478501382951975,1.0040552033869043,1456110725947
Running observer at: 1456110736416
production-topology4-4-1456109592,0.9731048249671358,1.0010125009716415,1456110736631
production-topology3-3-1456109585,1.0258215207536934,1.0036384886065184,1456110736631
production-topology1-1-1456109571,0.9988953807034547,1.0062172466695725,1456110736631
production-topology2-2-1456109578,1.1152047111336347,1.0079171613027171,1456110736632
Running observer at: 1456110747137
production-topology4-4-1456109592,1.0491911271257182,1.0051779944916224,1456110747329
production-topology3-3-1456109585,1.0401895711500975,1.0022872133051903,1456110747329
production-topology1-1-1456109571,1.1183394885325801,1.005757989206475,1456110747329
production-topology2-2-1456109578,0.9368548092845715,1.0032672371879137,1456110747329
Running observer at: 1456110757903
production-topology4-4-1456109592,0.9516381701401316,1.0009767333461668,1456110758104
production-topology3-3-1456109585,0.9853271202348864,1.0025378565457497,1456110758104
production-topology1-1-1456109571,0.8699912891986062,1.0055842600412073,1456110758104
production-topology2-2-1456109578,1.0743343188108467,1.0075767126276969,1456110758104
Running observer at: 1456110768573
production-topology4-4-1456109592,1.0452259341479113,1.0005234751352947,1456110768766
production-topology3-3-1456109585,1.0758461619853315,1.0047316451026693,1456110768766
production-topology1-1-1456109571,1.1360171765968865,1.008879001943859,1456110768766
production-topology2-2-1456109578,0.947344407763998,1.0019378404327763,1456110768766
Running observer at: 1456110779396
production-topology4-4-1456109592,1.0250533306760925,1.0034644267929387,1456110779579
production-topology3-3-1456109585,0.9341777510985576,1.002901441935152,1456110779579
production-topology1-1-1456109571,1.042495334577446,1.0141615945180562,1456110779580
production-topology2-2-1456109578,1.009235796228705,1.0043895563942176,1456110779580
Running observer at: 1456110790056
production-topology4-4-1456109592,1.008687243190582,1.004599154402006,1456110790327
production-topology3-3-1456109585,1.0094849314990837,1.0045025170072293,1456110790328
production-topology1-1-1456109571,0.921316327447529,1.0095572849454293,1456110790328
production-topology2-2-1456109578,1.1095460387689868,1.0087765704026588,1456110790328
Running observer at: 1456110800913
production-topology4-4-1456109592,0.9697929804054262,1.0039217698856144,1456110801133
production-topology3-3-1456109585,0.9836059776245067,1.0032766277435394,1456110801134
production-topology1-1-1456109571,0.9085606055629639,1.0036685753902739,1456110801134
production-topology2-2-1456109578,1.017177544094561,1.0144755379552834,1456110801134
Running observer at: 1456110811634
production-topology4-4-1456109592,1.0200202983379338,1.0016053591260095,1456110811909
production-topology3-3-1456109585,1.0135847206681812,1.0027909098011383,1456110811909
production-topology1-1-1456109571,1.2270838754235314,1.0112088875368113,1456110811909
production-topology2-2-1456109578,0.9982560462084838,1.0119448828175974,1456110811909
Running observer at: 1456110822365
production-topology4-4-1456109592,1.0052332101689618,1.0036891372754326,1456110822590
production-topology3-3-1456109585,0.9576744007176423,1.0020857495724351,1456110822590
production-topology1-1-1456109571,1.0097014925373133,1.0123201972917033,1456110822590
production-topology2-2-1456109578,0.9766676828433747,1.0129304720796326,1456110822590
Running observer at: 1456110833234
production-topology4-4-1456109592,0.9660493986813206,1.0025283895270443,1456110833426
production-topology3-3-1456109585,1.062269841257468,1.0022388789256695,1456110833426
production-topology1-1-1456109571,0.9013938647559336,1.0083699403856947,1456110833426
production-topology2-2-1456109578,0.9841768965650777,1.0130231134237977,1456110833427
Running observer at: 1456110843934
production-topology4-4-1456109592,0.9971969188311662,1.0012070139305638,1456110844168
production-topology3-3-1456109585,1.0003290195218248,1.0048508891395609,1456110844168
production-topology1-1-1456109571,1.0249835978563278,1.010701692867276,1456110844168
production-topology2-2-1456109578,0.8698856909542282,1.005940985541036,1456110844168
Running observer at: 1456110854688
production-topology4-4-1456109592,1.001345562091423,1.0026694268734515,1456110854875
production-topology3-3-1456109585,1.0427933222436794,1.0029965386688888,1456110854875
production-topology1-1-1456109571,0.9573358950562241,1.007062344262706,1456110854875
production-topology2-2-1456109578,1.0107721226142277,1.0018792518740391,1456110854875
Running observer at: 1456110865363
production-topology4-4-1456109592,1.0244944204652615,1.0037140600550336,1456110865609
production-topology3-3-1456109585,0.916814768327047,1.0010311528336806,1456110865609
production-topology1-1-1456109571,0.9301050010375598,1.0023440238941403,1456110865610
production-topology2-2-1456109578,0.9561721078989703,1.007180431499226,1456110865610
Running observer at: 1456110876206
production-topology4-4-1456109592,1.0806225520511235,1.0058946651999245,1456110876369
production-topology3-3-1456109585,0.9493594660086258,0.9997882693108298,1456110876369
production-topology1-1-1456109571,1.0281066112634565,1.0036979219893327,1456110876369
production-topology2-2-1456109578,1.1085108705211315,1.0046891099411412,1456110876369
Running observer at: 1456110886852
production-topology4-4-1456109592,0.9554199845532549,1.0039565166932745,1456110887036
production-topology3-3-1456109585,1.0864269447440968,1.0032170508851534,1456110887036
production-topology1-1-1456109571,1.120848874309082,1.0095211962987338,1456110887036
production-topology2-2-1456109578,0.9518800275400449,1.0020211857509898,1456110887036
Running observer at: 1456110897672
production-topology4-4-1456109592,0.9200452784544138,1.002143879063188,1456110897859
production-topology3-3-1456109585,0.9915110370144756,1.0009502116263234,1456110897859
production-topology1-1-1456109571,0.9759923870538313,1.0077397300675532,1456110897859
production-topology2-2-1456109578,0.9501566384793164,1.002910450956307,1456110897859
Running observer at: 1456110908319
production-topology4-4-1456109592,1.0434852835267816,1.0074021397227875,1456110908606
production-topology3-3-1456109585,0.978068790602433,1.0010861609799024,1456110908606
production-topology1-1-1456109571,1.032828989508996,1.0114678453611092,1456110908606
production-topology2-2-1456109578,1.044889912999844,1.007027908088658,1456110908607
Running observer at: 1456110919177
production-topology4-4-1456109592,0.971695541705346,1.0019218168078852,1456110919388
production-topology3-3-1456109585,1.0322395147704548,1.0033208434315932,1456110919388
production-topology1-1-1456109571,0.8948556204876204,1.0054678965675334,1456110919388
production-topology2-2-1456109578,1.0117888297014972,1.005301363148474,1456110919388
Running observer at: 1456110929918
production-topology4-4-1456109592,1.0188582238574662,1.0038723305903414,1456110930223
production-topology3-3-1456109585,0.952962571715662,0.9994389539932268,1456110930223
production-topology1-1-1456109571,1.090723485693021,1.008900913941537,1456110930223
production-topology2-2-1456109578,0.9790565165826317,1.0035051691120698,1456110930224
Running observer at: 1456110940680
production-topology4-4-1456109592,1.113228881679483,1.0067132010953794,1456110940879
production-topology3-3-1456109585,0.9984852231687673,0.9991255553922203,1456110940879
production-topology1-1-1456109571,1.0682759038084433,1.011824014451718,1456110940880
production-topology2-2-1456109578,1.118215118215118,1.0011600533192027,1456110940880
Running observer at: 1456110951444
production-topology4-4-1456109592,0.9216718340985095,1.0028524520023654,1456110951641
production-topology3-3-1456109585,1.0676605947591737,1.0015093408962397,1456110951642
production-topology1-1-1456109571,0.9806760216735643,1.0107703410381257,1456110951642
production-topology2-2-1456109578,0.9254115521855485,1.0012539904522806,1456110951642
Running observer at: 1456110962115
production-topology4-4-1456109592,1.040390940850679,1.0066805423627179,1456110962306
production-topology3-3-1456109585,0.9973503596609818,1.001751694541561,1456110962307
production-topology1-1-1456109571,1.0225559895833334,1.0093504024698303,1456110962307
production-topology2-2-1456109578,0.9837258046066459,1.0006002627306365,1456110962307
Running observer at: 1456110972855
production-topology4-4-1456109592,0.9173385329290085,1.0004967233751076,1456110973055
production-topology3-3-1456109585,0.9923910173592954,1.0047701335223131,1456110973055
production-topology1-1-1456109571,1.0782093583059182,1.011539005035593,1456110973055
production-topology2-2-1456109578,1.1812747651390156,1.0051513393153764,1456110973055
Running observer at: 1456110983514
production-topology4-4-1456109592,0.9967758339007187,1.0007694730191226,1456110983754
production-topology3-3-1456109585,1.0476229603067837,1.0041145474068627,1456110983755
production-topology1-1-1456109571,0.901958997936929,1.0129289852316683,1456110983755
production-topology2-2-1456109578,0.7895369063192663,1.0039007529451915,1456110983755
Running observer at: 1456110994254
production-topology4-4-1456109592,1.091921946330206,1.0038893519338326,1456110994441
production-topology3-3-1456109585,0.9659186388809878,1.002781274146716,1456110994441
production-topology1-1-1456109571,1.0867120682401405,1.0063656726797143,1456110994441
production-topology2-2-1456109578,1.0648280643257486,1.000409866776017,1456110994441
Running observer at: 1456111004909
production-topology4-4-1456109592,0.883127641872119,0.9987025609779605,1456111005136
production-topology3-3-1456109585,0.9906760684146328,1.0025232579892425,1456111005136
production-topology1-1-1456109571,0.8924784726288288,1.0086244056357923,1456111005136
production-topology2-2-1456109578,1.0731297944412697,1.0028020926970413,1456111005136
Running observer at: 1456111015782
production-topology4-4-1456109592,1.0636748120300752,1.0024750639798925,1456111015983
production-topology3-3-1456109585,1.0327734800892996,1.0036882905792615,1456111015983
production-topology1-1-1456109571,1.085046032100151,1.014169200280037,1456111015984
production-topology2-2-1456109578,0.9266818976843831,1.0003682340781026,1456111015984
Running observer at: 1456111026523
production-topology4-4-1456109592,1.0191758195134588,1.003799674721923,1456111026843
production-topology3-3-1456109585,1.015312928510174,1.0026079400756465,1456111026844
production-topology1-1-1456109571,0.7832047394898879,1.0048025440978485,1456111026844
production-topology2-2-1456109578,0.9783414381488563,1.0053081258327274,1456111026844
Running observer at: 1456111037432
production-topology4-4-1456109592,0.996589628816405,1.0051304223434738,1456111037663
production-topology3-3-1456109585,0.9243310843081485,1.0023209194321572,1456111037664
production-topology1-1-1456109571,1.1245082544030705,1.0056519568849316,1456111037664
production-topology2-2-1456109578,1.014082010582011,1.0018329486312396,1456111037664
Running observer at: 1456111048144
production-topology4-4-1456109592,1.000668422067314,1.0023908192488478,1456111048374
production-topology3-3-1456109585,1.1288867111249214,1.006663216617364,1456111048374
production-topology1-1-1456109571,1.016299026721619,1.0076500054164752,1456111048374
production-topology2-2-1456109578,1.003349824336613,1.0036829381659536,1456111048374
Running observer at: 1456111058860
production-topology4-4-1456109592,1.0042912246692464,1.0034303659055845,1456111059155
production-topology3-3-1456109585,0.9638285188828571,1.0045967832216693,1456111059156
production-topology1-1-1456109571,1.0502815138238062,1.009362876520487,1456111059156
production-topology2-2-1456109578,1.0138339920948614,1.0003039141979946,1456111059156
Running observer at: 1456111069692
production-topology4-4-1456109592,0.9900154175243505,1.0014578422522056,1456111069892
production-topology3-3-1456109585,1.00295212514841,1.003355535021613,1456111069892
production-topology1-1-1456109571,0.9633596060863593,1.004196880438946,1456111069892
production-topology2-2-1456109578,1.0928292836088913,1.0055030633421385,1456111069892
Running observer at: 1456111080397
production-topology4-4-1456109592,0.9742972816118177,1.0022131459679284,1456111080586
production-topology3-3-1456109585,1.0067786276466024,1.0040705852686704,1456111080586
production-topology1-1-1456109571,1.1045756654410943,1.012016359647029,1456111080586
production-topology2-2-1456109578,0.9888701316781972,1.0026542571043835,1456111080587
Running observer at: 1456111091070
production-topology4-4-1456109592,1.034857212642986,1.0018675219177644,1456111091259
production-topology3-3-1456109585,0.986659471111212,1.0010976955728663,1456111091260
production-topology1-1-1456109571,0.9359450349251625,1.0053472882579715,1456111091260
production-topology2-2-1456109578,0.833117622474607,0.9988466975947372,1456111091260
Running observer at: 1456111101746
production-topology4-4-1456109592,0.9533935359835464,0.9994788620946795,1456111101948
production-topology3-3-1456109585,0.9740668228916306,1.0024273312993022,1456111101948
production-topology1-1-1456109571,0.9315198306688607,1.001648104794352,1456111101948
production-topology2-2-1456109578,1.0782563194502632,1.0011473817021224,1456111101948
Running observer at: 1456111112495
production-topology4-4-1456109592,1.0372611255539255,1.0004313248401244,1456111112694
production-topology3-3-1456109585,0.9506364147561035,1.000465714074536,1456111112694
production-topology1-1-1456109571,1.064782013007036,1.0064302943130021,1456111112695
production-topology2-2-1456109578,1.0409880204546995,0.9988621144249795,1456111112695
Running observer at: 1456111123169
production-topology4-4-1456109592,0.9130765211991745,0.9985407761999158,1456111123370
production-topology3-3-1456109585,1.137524583663759,1.0055963342758445,1456111123371
production-topology1-1-1456109571,0.9420647027738409,1.0075470975533647,1456111123371
production-topology2-2-1456109578,0.935046944743728,0.9961244277799519,1456111123371
Running observer at: 1456111134036
production-topology4-4-1456109592,1.0531218541934764,0.9996441613951006,1456111134222
production-topology3-3-1456109585,0.9915068831634422,1.0048604063590199,1456111134222
production-topology1-1-1456109571,1.0533045404276626,1.0017544530535025,1456111134223
production-topology2-2-1456109578,1.0887782055495563,0.9991418330913208,1456111134223
Running observer at: 1456111144668
production-topology4-4-1456109592,0.9946797131649636,0.9992923781616341,1456111145017
production-topology3-3-1456109585,0.9112070789829717,1.0033114956345308,1456111145017
production-topology1-1-1456109571,1.1916384350272875,1.0078190178031683,1456111145017
production-topology2-2-1456109578,0.9486921293193578,0.9982093146405204,1456111145017
Running observer at: 1456111155581
production-topology4-4-1456109592,1.017155451306572,1.0009959132491424,1456111155775
production-topology3-3-1456109585,1.0851070289018296,1.0040727352226761,1456111155775
production-topology1-1-1456109571,0.7966309261735918,1.0043269198504237,1456111155776
production-topology2-2-1456109578,1.0155543837775993,0.9992552308809376,1456111155776
Running observer at: 1456111166340
production-topology4-4-1456109592,1.0070952600056646,1.001325857954959,1456111166535
production-topology3-3-1456109585,0.9404135608240034,1.002075553266082,1456111166536
production-topology1-1-1456109571,1.1590010551386134,1.0087941684264998,1456111166536
production-topology2-2-1456109578,0.9881763716843217,1.0031982535719408,1456111166536
Running observer at: 1456111177110
production-topology4-4-1456109592,1.0717134500085375,1.003671454218863,1456111177304
production-topology3-3-1456109585,0.9881221719457014,1.0002531815894828,1456111177304
production-topology1-1-1456109571,1.0451239182130052,1.011720435865059,1456111177304
production-topology2-2-1456109578,1.3626460948189618,1.0149273859787653,1456111177304
Running observer at: 1456111187825
production-topology4-4-1456109592,0.97380138160852,1.0019816862569715,1456111188157
production-topology3-3-1456109585,0.9891064445510983,1.0026629041302846,1456111188157
production-topology1-1-1456109571,1.0310267372607367,1.0150844937391648,1456111188158
production-topology2-2-1456109578,0.8973814554421344,1.0129676975635373,1456111188158
Running observer at: 1456111198596
production-topology4-4-1456109592,1.0679606129776138,1.001559621621188,1456111198818
production-topology3-3-1456109585,1.0468447594193808,1.005912413910643,1456111198818
production-topology1-1-1456109571,0.9088602695011717,1.0111096156804222,1456111198818
production-topology2-2-1456109578,0.8397948410148345,1.0040104965799943,1456111198818
Running observer at: 1456111209297
production-topology4-4-1456109592,1.008779119930975,1.0033382594671119,1456111209494
production-topology3-3-1456109585,1.0282764083796223,1.0039740626984939,1456111209494
production-topology1-1-1456109571,1.0953445300645621,1.0102594708722714,1456111209494
production-topology2-2-1456109578,1.0675291236788562,1.007865466451288,1456111209494
Running observer at: 1456111219957
production-topology4-4-1456109592,0.8851986475307059,1.0021767051029884,1456111220155
production-topology3-3-1456109585,0.9380162852704212,1.0021909043070254,1456111220155
production-topology1-1-1456109571,1.050587426814262,1.0127459721976193,1456111220156
production-topology2-2-1456109578,1.000640995648716,1.0095482783569345,1456111220156
Running observer at: 1456111230587
production-topology4-4-1456109592,1.0317256392979033,1.0017847169620258,1456111230766
production-topology3-3-1456109585,1.0731993552506371,1.0053619231286324,1456111230767
production-topology1-1-1456109571,0.9970770852858485,1.0115542420568475,1456111230767
production-topology2-2-1456109578,0.9122046267757822,1.0051254354827992,1456111230767
Running observer at: 1456111241264
production-topology4-4-1456109592,1.040728814512124,1.004085826055585,1456111241454
production-topology3-3-1456109585,0.912596867756235,1.001373834894825,1456111241455
production-topology1-1-1456109571,0.9601729919317541,1.013731487771652,1456111241455
production-topology2-2-1456109578,1.0455896171783243,1.0062521283986934,1456111241455
Running observer at: 1456111251964
production-topology4-4-1456109592,0.9815646672336973,1.0028427075014594,1456111252169
production-topology3-3-1456109585,1.0499354688367681,1.0046062647988616,1456111252169
production-topology1-1-1456109571,1.0494859384797484,1.012356902864543,1456111252169
production-topology2-2-1456109578,1.068632449726287,1.0092379928368151,1456111252170
Running observer at: 1456111262631
production-topology4-4-1456109592,0.9824038965766537,0.9984818746646984,1456111262875
production-topology3-3-1456109585,1.0108239255298077,1.0050175548775628,1456111262875
production-topology1-1-1456109571,0.9488298510425298,1.0083753677723457,1456111262875
production-topology2-2-1456109578,1.041534390869734,1.006681968591969,1456111262875
Running observer at: 1456111273420
production-topology4-4-1456109592,1.0309717936487952,1.002125206649708,1456111273612
production-topology3-3-1456109585,0.9731595958601578,1.001867521580929,1456111273613
production-topology1-1-1456109571,1.0358361035122399,1.0102140371669683,1456111273613
production-topology2-2-1456109578,0.9153532040773347,1.0063466903216953,1456111273613
Running observer at: 1456111284105
production-topology4-4-1456109592,1.0138801882607873,1.0012415148967115,1456111284310
production-topology3-3-1456109585,0.9796450609287364,1.0012773449565209,1456111284310
production-topology1-1-1456109571,1.0816040997946417,1.012182307507345,1456111284310
production-topology2-2-1456109578,1.2226720449727928,1.014311565000567,1456111284310
Running observer at: 1456111294938
production-topology4-4-1456109592,1.0239579618322754,1.004795495860154,1456111295174
production-topology3-3-1456109585,1.0711749638819303,1.0039034765072754,1456111295174
production-topology1-1-1456109571,1.012410680178239,1.0099890182364226,1456111295174
production-topology2-2-1456109578,0.9128323222792601,1.0053634835719085,1456111295174
Running observer at: 1456111305736
production-topology4-4-1456109592,0.9375504702688642,1.0028213170724254,1456111306019
production-topology3-3-1456109585,0.9406677546284801,1.000338302984665,1456111306019
production-topology1-1-1456109571,0.9928110542508379,1.013017420113553,1456111306020
production-topology2-2-1456109578,1.0431713554987214,1.0138179652112236,1456111306020
Running observer at: 1456111316593
production-topology4-4-1456109592,0.9942044798659044,0.9995640681902818,1456111316785
production-topology3-3-1456109585,1.0138668908187376,1.0019365780492566,1456111316785
production-topology1-1-1456109571,0.8442354762448743,1.004934867047044,1456111316785
production-topology2-2-1456109578,0.9384717339234939,1.0096060875311486,1456111316785
Running observer at: 1456111327358
production-topology4-4-1456109592,0.9880959680397965,1.003063012395871,1456111327635
production-topology3-3-1456109585,1.0256338644164606,1.0031018379159844,1456111327635
production-topology1-1-1456109571,0.9732507775370037,1.0076272772106498,1456111327636
production-topology2-2-1456109578,0.9226327616159747,1.0045895197703052,1456111327636
Running observer at: 1456111338118
production-topology4-4-1456109592,1.0634423897581793,1.0030552649868079,1456111338328
production-topology3-3-1456109585,0.9465854202710862,1.0002289025887103,1456111338328
production-topology1-1-1456109571,1.1795879886359548,1.0107786757618433,1456111338328
production-topology2-2-1456109578,1.2174545666872096,1.0142819420703995,1456111338329
Running observer at: 1456111348873
production-topology4-4-1456109592,0.9915067450709097,1.0021329625053896,1456111349066
production-topology3-3-1456109585,1.0621797254352359,1.0017911291528792,1456111349066
production-topology1-1-1456109571,0.8629825825864079,1.013437937198394,1456111349067
production-topology2-2-1456109578,1.0225773585428295,1.0157564727501986,1456111349067
Running observer at: 1456111359554
production-topology4-4-1456109592,1.0112476294052617,1.002621562525018,1456111359780
production-topology3-3-1456109585,0.9521494314953867,1.002718407392454,1456111359780
production-topology1-1-1456109571,1.128678335870117,1.013576939913962,1456111359780
production-topology2-2-1456109578,0.8623962020216435,1.0107002791315196,1456111359780
Running observer at: 1456111370313
production-topology4-4-1456109592,0.9321501228912561,1.0003376192191495,1456111370508
production-topology3-3-1456109585,1.054162423416076,1.000227597802159,1456111370508
production-topology1-1-1456109571,1.0061074262055383,1.0132372198967594,1456111370508
production-topology2-2-1456109578,1.1040875157097914,1.0140582021772924,1456111370508
Running observer at: 1456111380980
production-topology4-4-1456109592,1.1018346367260126,1.0035890662877085,1456111381185
production-topology3-3-1456109585,0.9332447705513564,0.9992081395244424,1456111381185
production-topology1-1-1456109571,1.090096603500296,1.0145643895526424,1456111381185
production-topology2-2-1456109578,0.8729164709990487,1.0093609514740984,1456111381185
Running observer at: 1456111391658
production-topology4-4-1456109592,0.9934996385417363,1.0037052069882877,1456111391854
production-topology3-3-1456109585,1.1185573185458972,1.0030616459710253,1456111391854
production-topology1-1-1456109571,0.845179392852372,1.0106250491115096,1456111391854
production-topology2-2-1456109578,1.167045832812107,1.011834836447539,1456111391855
Running observer at: 1456111402302
production-topology4-4-1456109592,1.0285852000090798,1.0055148042681965,1456111402453
production-topology3-3-1456109585,0.9082332571335807,0.9997768002872578,1456111402453
production-topology1-1-1456109571,1.0479321801127597,1.0087369329338984,1456111402453
production-topology2-2-1456109578,0.7941247941247941,1.0053433251957589,1456111402454
Running observer at: 1456111412977
production-topology4-4-1456109592,0.9659473301447032,1.0032178081849206,1456111413134
production-topology3-3-1456109585,1.0251288588164713,1.0010591132107665,1456111413134
production-topology1-1-1456109571,0.9645933014354066,1.0096918751509067,1456111413134
production-topology2-2-1456109578,1.0227240114795917,1.0116635381625916,1456111413134
Running observer at: 1456111423465
production-topology4-4-1456109592,0.9590794535244902,1.0034073387696185,1456111423581
production-topology3-3-1456109585,0.9073555622814096,0.9988354045237595,1456111423581
production-topology1-1-1456109571,1.0,1.0119745474619448,1456111423581
production-topology2-2-1456109578,1.0,1.0090549941809164,1456111423581
