Running observer at: 1456171323084
production-topology1-1-1456171322,0.0,0.0,1456171323185
Running observer at: 1456171329378
production-topology2-2-1456171329,0.0,0.0,1456171329517
production-topology1-1-1456171322,0.0,0.0,1456171329518
Running observer at: 1456171332808
production-topology2-2-1456171329,0.0,0.0,1456171332968
production-topology1-1-1456171322,0.0,0.0,1456171332969
Running observer at: 1456171336575
production-topology3-3-1456171336,0.0,0.0,1456171336724
production-topology2-2-1456171329,0.0,0.0,1456171336725
production-topology1-1-1456171322,0.0,0.0,1456171336725
Running observer at: 1456171343576
production-topology3-3-1456171336,0.0,0.0,1456171343881
production-topology2-2-1456171329,0.9662208504801095,0.24155521262002738,1456171343882
production-topology4-4-1456171343,0.0,0.0,1456171343882
production-topology1-1-1456171322,0.0,0.0,1456171343882
Running observer at: 1456171344524
production-topology3-3-1456171336,0.0,0.0,1456171344743
production-topology2-2-1456171329,0.9380466472303206,0.380853499542086,1456171344743
production-topology4-4-1456171343,0.0,0.0,1456171344743
production-topology1-1-1456171322,0.0,0.0,1456171344743
Running observer at: 1456171355378
production-topology3-3-1456171336,0.9244129554655871,0.23110323886639678,1456171355695
production-topology2-2-1456171329,0.9945617486888902,0.4831382077332201,1456171355695
production-topology4-4-1456171343,0.0,0.0,1456171355696
production-topology1-1-1456171322,0.9624267334867603,0.13748953335525146,1456171355696
Running observer at: 1456171366561
production-topology3-3-1456171336,1.075447861271026,0.39997216334732266,1456171366850
production-topology2-2-1456171329,1.0250818153751158,0.5605587231106338,1456171366850
production-topology4-4-1456171343,0.5386996904024768,0.1346749226006192,1456171366851
production-topology1-1-1456171322,0.9667700573194395,0.24114959885077497,1456171366851
Running observer at: 1456171377660
production-topology3-3-1456171336,0.9915264973136295,0.4985645523417071,1456171377929
production-topology2-2-1456171329,0.8910615513392964,0.6018715766392166,1456171377929
production-topology4-4-1456171343,1.0509811774381856,0.3179361735681325,1456171377929
production-topology1-1-1456171322,1.0563262973609022,0.33172478757412244,1456171377930
Running observer at: 1456171388639
production-topology3-3-1456171336,1.0158264724851707,0.5724591123622018,1456171388998
production-topology2-2-1456171329,1.223245791191073,0.6709131560338674,1456171388998
production-topology4-4-1456171343,0.9906399270570174,0.43005346581627996,1456171388999
production-topology1-1-1456171322,1.0558304853041698,0.40413535734712713,1456171388999
Running observer at: 1456171399731
production-topology3-3-1456171336,0.9815886393713813,0.6236003032383493,1456171399978
production-topology2-2-1456171329,0.9402576396819282,0.6978476043986734,1456171399978
production-topology4-4-1456171343,1.0121106803741542,0.5132044964674048,1456171399978
production-topology1-1-1456171322,1.0214673419873823,0.46025644685987754,1456171399979
Running observer at: 1456171410596
production-topology3-3-1456171336,0.9790470254619448,0.6630943834854155,1456171410890
production-topology2-2-1456171329,1.0758117488650527,0.7322079811683444,1456171410890
production-topology4-4-1456171343,1.0096618232416934,0.5752616623141908,1456171410890
production-topology1-1-1456171322,1.063954538250835,0.5105646211424574,1456171410891
Running observer at: 1456171421470
production-topology3-3-1456171336,0.9584847054902289,0.6926334156858969,1456171421726
production-topology2-2-1456171329,0.9949022836711491,0.7540991730435781,1456171421726
production-topology4-4-1456171343,0.9597701421385633,0.617984826739121,1456171421727
production-topology1-1-1456171322,0.9014332100059246,0.5406314356704164,1456171421727
Running observer at: 1456171432324
production-topology3-3-1456171336,1.0182103972184167,0.7222313230979441,1456171432545
production-topology2-2-1456171329,1.0553120087746795,0.7772693911767397,1456171432546
production-topology4-4-1456171343,1.05376633674424,0.661562977739633,1456171432546
production-topology1-1-1456171322,0.9695336325878293,0.571267306878803,1456171432546
Running observer at: 1456171443125
production-topology3-3-1456171336,1.0100109336147862,0.746212957307681,1456171443399
production-topology2-2-1456171329,1.1030407725468443,0.8005387755603186,1456171443399
production-topology4-4-1456171343,0.9837833822067292,0.6908557417820963,1456171443400
production-topology1-1-1456171322,1.0842225344319125,0.6054643220490104,1456171443400
Running observer at: 1456171454084
production-topology3-3-1456171336,0.9653939849281699,0.7630730363554109,1456171454297
production-topology2-2-1456171329,0.8873026844785508,0.8063230361548673,1456171454297
production-topology4-4-1456171343,0.9918858560794044,0.7159415846402052,1456171454297
production-topology1-1-1456171322,0.9548634243837442,0.6273017659449311,1456171454298
Running observer at: 1456171464866
production-topology3-3-1456171336,1.0179059226043086,0.7812753853731893,1456171465168
production-topology2-2-1456171329,1.0314682011422682,0.8203946089665799,1456171465168
production-topology4-4-1456171343,1.0125344850988212,0.738756423137022,1456171465169
production-topology1-1-1456171322,1.1569534641574009,0.6584577481927234,1456171465169
Running observer at: 1456171475708
production-topology3-3-1456171336,0.9897338404775167,0.7951726157134777,1456171475916
production-topology2-2-1456171329,0.9151846277882287,0.8259704924266769,1456171475916
production-topology4-4-1456171343,0.9415906229756296,0.7532445802683511,1456171475917
production-topology1-1-1456171322,0.9435591291838313,0.6742967138033406,1456171475917
Running observer at: 1456171486505
production-topology3-3-1456171336,1.0216646216834862,0.8093283660866033,1456171486772
production-topology2-2-1456171329,1.1366265644659768,0.8432291630955269,1456171486772
production-topology4-4-1456171343,1.0138589999999998,0.7706188749171277,1456171486772
production-topology1-1-1456171322,1.0096439432929396,0.6919465679870037,1456171486772
Running observer at: 1456171497287
production-topology3-3-1456171336,0.9142421005219972,0.8154997622298618,1456171497504
production-topology2-2-1456171329,0.9520486452529225,0.8489565042617057,1456171497505
production-topology4-4-1456171343,1.0346292486504547,0.7871195232754606,1456171497505
production-topology1-1-1456171322,0.8873770026641885,0.7017180897208629,1456171497505
Running observer at: 1456171508038
production-topology3-3-1456171336,1.0658782740981152,0.8294096795558759,1456171508253
production-topology2-2-1456171329,1.0545233535651855,0.8592348467268796,1456171508254
production-topology4-4-1456171343,1.0418698258925163,0.8021048351941109,1456171508254
production-topology1-1-1456171322,1.0905398313011538,0.7202334107484958,1456171508254
Running observer at: 1456171518756
production-topology3-3-1456171336,0.9633369571531842,0.8364584836399447,1456171518966
production-topology2-2-1456171329,0.8607058236687866,0.8593048932479228,1456171518966
production-topology4-4-1456171343,0.9658489869454782,0.8112017325136313,1456171518966
production-topology1-1-1456171322,0.8709912625664873,0.7270860403765863,1456171518967
Running observer at: 1456171529485
production-topology3-3-1456171336,0.968771497828083,0.8430741343493515,1456171529696
production-topology2-2-1456171329,1.081089728088809,0.8693860221043267,1456171529697
production-topology4-4-1456171343,1.0452630721196734,0.8235207503876335,1456171529697
production-topology1-1-1456171322,1.0161588816711353,0.7396544247806972,1456171529697
Running observer at: 1456171540210
production-topology3-3-1456171336,1.0305220081494795,0.852000223577929,1456171540423
production-topology2-2-1456171329,0.982752914951989,0.8743150174455294,1456171540423
production-topology4-4-1456171343,0.9440518202758248,0.8295473038820431,1456171540423
production-topology1-1-1456171322,0.9997126562175499,0.7504901844238994,1456171540424
Running observer at: 1456171551057
production-topology3-3-1456171336,0.969920989105244,0.8573602583746252,1456171551264
production-topology2-2-1456171329,1.0206904571568651,0.8804139941001683,1456171551264
production-topology4-4-1456171343,0.9782358804513946,0.8366277122901074,1456171551264
production-topology1-1-1456171322,1.0811224394587433,0.7637154746252931,1456171551265
Running observer at: 1456171561794
production-topology3-3-1456171336,1.072753469927297,0.8667251806160456,1456171562113
production-topology2-2-1456171329,0.9778232477451926,0.8843103642459692,1456171562114
production-topology4-4-1456171343,0.9343349205930691,0.8410689490311511,1456171562114
production-topology1-1-1456171322,1.013240026013825,0.7733125727556213,1456171562114
Running observer at: 1456171572801
production-topology3-3-1456171336,1.0023577540018545,0.8723765378404543,1456171573009
production-topology2-2-1456171329,0.9231716367657177,0.885805028573652,1456171573009
production-topology4-4-1456171343,1.0337177600307554,0.8494449842920034,1456171573009
production-topology1-1-1456171322,0.9087554739253924,0.7783289765026498,1456171573010
Running observer at: 1456171583544
production-topology3-3-1456171336,1.0872842549391266,0.8809728465244012,1456171583812
production-topology2-2-1456171329,1.1413087657498984,0.8952681299505499,1456171583812
production-topology4-4-1456171343,1.0508880743229032,0.8578384463766242,1456171583812
production-topology1-1-1456171322,1.0752118847199506,0.7889319375104106,1456171583812
Running observer at: 1456171594333
production-topology3-3-1456171336,0.9368269480877318,0.883121081199914,1456171594544
production-topology2-2-1456171329,1.0074651621206796,0.899275166813769,1456171594544
production-topology4-4-1456171343,1.016535727735703,0.8641863376309874,1456171594544
production-topology1-1-1456171322,1.0416924664602685,0.7976478178190264,1456171594544
Running observer at: 1456171605099
production-topology3-3-1456171336,0.9703645077593561,0.886352319220634,1456171605305
production-topology2-2-1456171329,0.9638216238793212,0.9015009067125811,1456171605306
production-topology4-4-1456171343,0.9687967213114754,0.8682098139263907,1456171605306
production-topology1-1-1456171322,0.8816587574125523,0.8004481824721439,1456171605306
Running observer at: 1456171615786
production-topology3-3-1456171336,1.073433000091077,0.893033772108864,1456171615981
production-topology2-2-1456171329,0.8600069613644274,0.9001177752009759,1456171615982
production-topology4-4-1456171343,1.054350225846333,0.8751039032567589,1456171615982
production-topology1-1-1456171322,1.0900942708723025,0.8367846581678874,1456171615982
Running observer at: 1456171626674
production-topology3-3-1456171336,0.9972227084841121,0.8966264940528381,1456171626870
production-topology2-2-1456171329,1.1934249492806055,0.9398986068436628,1456171626871
production-topology4-4-1456171343,0.9441237138228094,0.8775688964912607,1456171626871
production-topology1-1-1456171322,0.9839832441005235,0.8695840996379048,1456171626871
Running observer at: 1456171637373
production-topology3-3-1456171336,1.0087469045598814,0.9003638410697395,1456171637569
production-topology2-2-1456171329,0.8790784886346531,0.9692012231314846,1456171637569
production-topology4-4-1456171343,1.045211265552616,0.883349667838204,1456171637569
production-topology1-1-1456171322,1.0027807407326523,0.9030101243289933,1456171637570
Running observer at: 1456171648284
production-topology3-3-1456171336,0.9612611188336501,0.9324058783641946,1456171648468
production-topology2-2-1456171329,1.079863095995837,1.005196659664679,1456171648468
production-topology4-4-1456171343,0.9558722210040715,0.8857670862770662,1456171648468
production-topology1-1-1456171322,1.1862227813973125,0.9425508837089037,1456171648469
Running observer at: 1456171658970
production-topology3-3-1456171336,0.9393380224376657,0.9637171457787835,1456171659318
production-topology2-2-1456171329,0.8726463255930634,1.0020775088351108,1456171659318
production-topology4-4-1456171343,1.107340569619046,0.922678438597701,1456171659318
production-topology1-1-1456171322,1.0432054584470876,0.9773243989904733,1456171659319
Running observer at: 1456171669889
production-topology3-3-1456171336,1.0797467327446792,0.9997087035369394,1456171670087
production-topology2-2-1456171329,1.0241837186388947,1.00494874454873,1456171670087
production-topology4-4-1456171343,0.9497284997301356,0.9543360552553721,1456171670088
production-topology1-1-1456171322,0.8156238940456298,1.0045118621253275,1456171670088
Running observer at: 1456171680593
production-topology3-3-1456171336,0.9595478929035448,1.0008798681182047,1456171680832
production-topology2-2-1456171329,1.0305271644667306,1.0061475917413245,1456171680833
production-topology4-4-1456171343,1.0258490431292835,0.9885310233596817,1456171680833
production-topology1-1-1456171322,1.1634596020015249,1.0112129577424864,1456171680833
Running observer at: 1456171691387
production-topology3-3-1456171336,0.9672325553125906,0.9972726912529237,1456171691595
production-topology2-2-1456171329,1.1018108369871602,1.0087052257950595,1456171691595
production-topology4-4-1456171343,0.9257471996602431,1.0014326070016073,1456171691595
production-topology1-1-1456171322,1.0152265480358567,1.0128281740997003,1456171691596
Running observer at: 1456171702098
production-topology3-3-1456171336,1.1064652952074576,1.001103984516051,1456171702301
production-topology2-2-1456171329,1.0820063775654791,1.0150700533359323,1456171702302
production-topology4-4-1456171343,1.1079640533873456,1.0033320361999125,1456171702302
production-topology1-1-1456171322,0.9081994825708061,1.007890613606697,1456171702302
Running observer at: 1456171712868
production-topology3-3-1456171336,1.0048002367269235,1.0007364433241095,1456171713072
production-topology2-2-1456171329,0.9272435910874476,1.0052033133324783,1456171713072
production-topology4-4-1456171343,0.9396875311851455,1.0016336230041836,1456171713072
production-topology1-1-1456171322,1.0248591857580618,1.00685823695516,1456171713072
Running observer at: 1456171723563
production-topology3-3-1456171336,0.9862629007465962,1.0008922520366168,1456171723806
production-topology2-2-1456171329,1.1058346948950828,1.0107225485062499,1456171723806
production-topology4-4-1456171343,1.0130807744356187,1.0016659594728992,1456171723807
production-topology1-1-1456171322,1.030807215242113,1.007169566063651,1456171723807
Running observer at: 1456171734292
production-topology3-3-1456171336,0.9862682536117349,1.0011329596416096,1456171734497
production-topology2-2-1456171329,0.8652889867123176,1.003705123101159,1456171734498
production-topology4-4-1456171343,1.034333712629408,1.0024883557858228,1456171734498
production-topology1-1-1456171322,0.9546741854636591,1.003526887637412,1456171734498
Running observer at: 1456171745111
production-topology3-3-1456171336,1.0269016786602556,1.003413525413944,1456171745330
production-topology2-2-1456171329,0.9883715070834735,1.0034874305482362,1456171745330
production-topology4-4-1456171343,0.8867797094485723,1.0000553413628233,1456171745331
production-topology1-1-1456171322,1.0488046149616992,1.0084392678026044,1456171745331
Running observer at: 1456171755781
production-topology3-3-1456171336,0.9830056334883448,1.0022400332896082,1456171756046
production-topology2-2-1456171329,1.1046904017426844,1.0051333769805029,1456171756047
production-topology4-4-1456171343,1.0325809354263897,0.999349161318895,1456171756047
production-topology1-1-1456171322,0.9582880718113496,1.0080644157767218,1456171756047
Running observer at: 1456171766725
production-topology3-3-1456171336,0.9835879054175432,1.0013592656830332,1456171766922
production-topology2-2-1456171329,0.9505495218667167,1.0000503352911654,1456171766923
production-topology4-4-1456171343,1.078260329811314,1.0024983929057145,1456171766923
production-topology1-1-1456171322,1.0331906591337099,1.0063633532667815,1456171766923
Running observer at: 1456171777548
production-topology3-3-1456171336,1.0602527412489167,1.0045212242270585,1456171777805
production-topology2-2-1456171329,0.9255799501915345,1.0013262441482649,1456171777805
production-topology4-4-1456171343,1.0120317060514865,1.0031699212381173,1456171777805
production-topology1-1-1456171322,0.8949643722171993,1.0043667181945635,1456171777806
Running observer at: 1456171788291
production-topology3-3-1456171336,1.0238156006204133,1.0047182134942618,1456171788494
production-topology2-2-1456171329,1.022350462313646,1.0010223195206442,1456171788494
production-topology4-4-1456171343,0.8677986952366581,0.9983453949093785,1456171788494
production-topology1-1-1456171322,1.1425369780862995,1.0038861686588598,1456171788495
Running observer at: 1456171798976
production-topology3-3-1456171336,0.9901767729655492,1.0047329779105296,1456171799161
production-topology2-2-1456171329,0.9844976690764138,1.0033327542302504,1456171799162
production-topology4-4-1456171343,1.02689273603082,1.001188798677885,1456171799162
production-topology1-1-1456171322,1.0372710493462605,1.0070098993309409,1456171799162
Running observer at: 1456171809649
production-topology3-3-1456171336,1.003079431819987,1.0041134715817461,1456171809858
production-topology2-2-1456171329,1.0756905242341277,1.0013015528891884,1456171809858
production-topology4-4-1456171343,0.9165341754762903,0.9979446378604279,1456171809858
production-topology1-1-1456171322,0.8635156349442065,1.0021389557193163,1456171809859
Running observer at: 1456171820346
production-topology3-3-1456171336,0.9405501383107489,1.0049904061747046,1456171820613
production-topology2-2-1456171329,1.0534952666287007,1.004683106935048,1456171820613
production-topology4-4-1456171343,1.0488051600237287,0.9984171682395371,1456171820614
production-topology1-1-1456171322,1.047441870299013,1.0074744513071439,1456171820614
Running observer at: 1456171831074
production-topology3-3-1456171336,1.03675759927264,1.0040197170138554,1456171831271
production-topology2-2-1456171329,0.9840026505720169,1.0023324168352756,1456171831271
production-topology4-4-1456171343,0.989313582263549,0.9966652934519048,1456171831271
production-topology1-1-1456171322,1.0272118743844618,1.0053635194099209,1456171831272
Running observer at: 1456171841732
production-topology3-3-1456171336,0.8958756955753095,1.0017710082945928,1456171841924
production-topology2-2-1456171329,1.1116856249633897,1.0106984102117622,1456171841924
production-topology4-4-1456171343,1.0526098618855415,0.9995573226165736,1456171841925
production-topology1-1-1456171322,1.0045243042017826,1.0098146207977643,1456171841925
Running observer at: 1456171852390
production-topology3-3-1456171336,1.0446027012024446,1.0042987150737384,1456171852579
production-topology2-2-1456171329,0.9640244034452877,1.006796232723645,1456171852579
production-topology4-4-1456171343,0.946453324035584,0.996263664347104,1456171852579
production-topology1-1-1456171322,1.0765943501343647,1.0118291364132053,1456171852580
Running observer at: 1456171863034
production-topology3-3-1456171336,1.095760937094989,1.0064733460385886,1456171863221
production-topology2-2-1456171329,0.9244791666666665,1.0048537744474677,1456171863221
production-topology4-4-1456171343,1.0602545110467447,1.0001370873728013,1456171863221
production-topology1-1-1456171322,0.9918420024671052,1.0115667812881906,1456171863222
Running observer at: 1456171873692
production-topology3-3-1456171336,0.985201419316367,1.0069826937122928,1456171873883
production-topology2-2-1456171329,1.146104432570733,1.0090342402945967,1456171873883
production-topology4-4-1456171343,0.9825430691247782,1.0002806603285805,1456171873883
production-topology1-1-1456171322,0.9883109292811221,1.00847306428227,1456171873883
Running observer at: 1456171884350
production-topology3-3-1456171336,0.9798719342757038,1.0038866425239066,1456171884554
production-topology2-2-1456171329,0.9052254098360657,1.0066143123642926,1456171884555
production-topology4-4-1456171343,1.0180502895369627,1.0030711726267103,1456171884555
production-topology1-1-1456171322,0.9173651076119259,1.0052772336688731,1456171884555
Running observer at: 1456171895029
production-topology3-3-1456171336,1.0212699766203104,1.0045170499445217,1456171895216
production-topology2-2-1456171329,0.9041508321766842,1.005980285544658,1456171895216
production-topology4-4-1456171343,1.0263821840483809,1.0028266534272978,1456171895217
production-topology1-1-1456171322,1.071916871752803,1.0107159469297868,1456171895217
Running observer at: 1456171905850
production-topology3-3-1456171336,0.8583012801630834,0.9968842841186535,1456171906049
production-topology2-2-1456171329,1.0854725306649124,1.0041190777084918,1456171906049
production-topology4-4-1456171343,0.9831022164988009,1.0005671248331611,1456171906049
production-topology1-1-1456171322,0.9939143254290919,1.0080060282867582,1456171906050
Running observer at: 1456171916537
production-topology3-3-1456171336,1.023947009901971,0.999788286179128,1456171916733
production-topology2-2-1456171329,0.9133943408977986,1.000983383667729,1456171916733
production-topology4-4-1456171343,0.9607561834227683,0.9987078066893964,1456171916733
production-topology1-1-1456171322,1.0598700758670072,1.0086119486003162,1456171916733
Running observer at: 1456171927442
production-topology3-3-1456171336,1.0525260625501205,1.0025270046721535,1456171927629
production-topology2-2-1456171329,1.0816990232742727,1.0049126303142275,1456171927630
production-topology4-4-1456171343,1.0085327652675504,1.0000323414879324,1456171927630
production-topology1-1-1456171322,0.9542410714285714,1.0110313590675168,1456171927630
Running observer at: 1456171938410
production-topology3-3-1456171336,1.041981937657281,1.0014786359243604,1456171938610
production-topology2-2-1456171329,0.9033348922545601,1.0063568946772319,1456171938610
production-topology4-4-1456171343,0.9693364664660454,0.9971985495085893,1456171938611
production-topology1-1-1456171322,1.0173380143931652,1.0086061505182122,1456171938611
Running observer at: 1456171949094
production-topology3-3-1456171336,0.9790045615684262,1.0008713643605043,1456171949293
production-topology2-2-1456171329,1.204990062074503,1.0067423984370285,1456171949293
production-topology4-4-1456171343,1.0490955098028698,1.0006976093745914,1456171949293
production-topology1-1-1456171322,0.9277049269526896,1.0067302066132846,1456171949294
Running observer at: 1456171959833
production-topology3-3-1456171336,0.922349933114553,0.9979914653123266,1456171960019
production-topology2-2-1456171329,1.0068830601092895,1.0110025508195164,1456171960019
production-topology4-4-1456171343,0.9988294456262229,0.9991515487103784,1456171960019
production-topology1-1-1456171322,1.1527082341261923,1.0117277897264025,1456171960020
Running observer at: 1456171970496
production-topology3-3-1456171336,1.0760723769680611,1.0018185072501404,1456171970682
production-topology2-2-1456171329,0.83850083859223,1.0029571422393961,1456171970682
production-topology4-4-1456171343,1.0813877304078308,1.0033353990238372,1456171970682
production-topology1-1-1456171322,1.0041772759267371,1.0056596062107166,1456171970682
Running observer at: 1456171981238
production-topology3-3-1456171336,1.0012663408954225,1.0038827845320657,1456171981436
production-topology2-2-1456171329,1.1244923156208948,1.0113520085736571,1456171981437
production-topology4-4-1456171343,0.8916660110149489,0.9961462470703671,1456171981437
production-topology1-1-1456171322,1.0167300296911461,1.0047770919188517,1456171981437
Running observer at: 1456171991920
production-topology3-3-1456171336,1.0029673279054774,1.0013234710374257,1456171992110
production-topology2-2-1456171329,0.8500547357169352,1.005547709142925,1456171992110
production-topology4-4-1456171343,1.1489809176837487,1.0027879943354874,1456171992110
production-topology1-1-1456171322,1.0401865348821335,1.0122625132800684,1456171992110
Running observer at: 1456172002660
production-topology3-3-1456171336,1.0148344270665886,1.0031663555095272,1456172002853
production-topology2-2-1456171329,1.0191986736368406,1.0051700927819287,1456172002853
production-topology4-4-1456171343,0.9432208245066206,1.0000337203813987,1456172002854
production-topology1-1-1456171322,0.9380038761211911,1.0047473224173908,1456172002854
Running observer at: 1456172013318
production-topology3-3-1456171336,1.0239972863362556,1.0050585132103158,1456172013521
production-topology2-2-1456171329,0.9696687370600414,1.0007653561176915,1456172013521
production-topology4-4-1456171343,0.9927107476093127,1.0022658386463676,1456172013522
production-topology1-1-1456171322,0.9769160714698472,1.0034703065318569,1456172013522
Running observer at: 1456172024091
production-topology3-3-1456171336,0.9719086021505376,1.0005732901084186,1456172024312
production-topology2-2-1456171329,1.1403989181879648,1.0027117741384408,1456172024312
production-topology4-4-1456171343,1.0211934368498468,0.9993734847617846,1456172024312
production-topology1-1-1456171322,0.9410140226303287,1.0045641245338408,1456172024312
Running observer at: 1456172034787
production-topology3-3-1456171336,1.002216790523242,1.0004871752349627,1456172034979
production-topology2-2-1456171329,0.9114196148678908,1.0021843082644557,1456172034979
production-topology4-4-1456171343,1.0148954766164069,1.0018804162761599,1456172034979
production-topology1-1-1456171322,1.1016966199746139,1.0071253723410594,1456172034979
Running observer at: 1456172045800
production-topology3-3-1456171336,0.9874842313528309,1.0005278862551703,1456172046065
production-topology2-2-1456171329,0.9598229567821995,0.9973172503273596,1456172046065
production-topology4-4-1456171343,0.9949953323470038,1.0012775682065393,1456172046066
production-topology1-1-1456171322,0.9384688730111108,1.0040474276000262,1456172046066
Running observer at: 1456172056532
production-topology3-3-1456171336,1.0084331957360062,1.0012667176593126,1456172056968
production-topology2-2-1456171329,1.0892431652541463,1.0047823896120873,1456172056968
production-topology4-4-1456171343,1.0503686699017047,1.0018120667822827,1456172056969
production-topology1-1-1456171322,1.1630594772451224,1.0109936039927416,1456172056969
Running observer at: 1456172067433
production-topology3-3-1456171336,0.9833763348213218,0.9998158728646814,1456172067637
production-topology2-2-1456171329,0.8760989453852792,1.001039970888814,1456172067637
production-topology4-4-1456171343,0.9981051732287807,1.0055229155749563,1456172067637
production-topology1-1-1456171322,0.9950190681986297,1.0092007524339726,1456172067638
Running observer at: 1456172078289
production-topology3-3-1456171336,1.0314313420072079,1.0014300631486437,1456172078481
production-topology2-2-1456171329,1.0498310253212213,0.9992113250080988,1456172078482
production-topology4-4-1456171343,0.9782647257120471,1.0037123752511448,1456172078482
production-topology1-1-1456171322,0.9188777597807427,1.0078870753662856,1456172078482
Running observer at: 1456172088970
production-topology3-3-1456171336,1.0529779314955423,1.0037430640179104,1456172089154
production-topology2-2-1456171329,0.9995375944104997,1.0008442607595582,1456172089154
production-topology4-4-1456171343,0.9792950118679582,1.0004135313196996,1456172089154
production-topology1-1-1456171322,1.0157468393421922,1.0073056147065684,1456172089155
Running observer at: 1456172099721
production-topology3-3-1456171336,0.9464732927143749,0.9999504157334257,1456172099904
production-topology2-2-1456171329,1.0175141978743643,1.0039087356823193,1456172099904
production-topology4-4-1456171343,1.0069790072210603,1.000245108025352,1456172099904
production-topology1-1-1456171322,1.0912409523364186,1.013848167377209,1456172099904
Running observer at: 1456172110380
production-topology3-3-1456171336,0.9848490625231573,0.9986515311301837,1456172110586
production-topology2-2-1456171329,0.991808455281181,1.0028906687812371,1456172110586
production-topology4-4-1456171343,0.8917312967780713,1.0010428614100657,1456172110587
production-topology1-1-1456171322,1.040033770047976,1.0104313937759317,1456172110587
Running observer at: 1456172121132
production-topology3-3-1456171336,1.0149289469738187,0.999476603597126,1456172121319
production-topology2-2-1456171329,1.048356334676084,1.0050192909678928,1456172121319
production-topology4-4-1456171343,1.1065399227326345,1.0036977676334595,1456172121319
production-topology1-1-1456171322,0.9178909164827997,1.0064520560138164,1456172121319
Running observer at: 1456172131788
production-topology3-3-1456171336,0.9912563223173485,0.9990824999470381,1456172131999
production-topology2-2-1456171329,0.9532844253309721,1.000939087671121,1456172131999
production-topology4-4-1456171343,0.9242947817072731,1.0039564545078257,1456172131999
production-topology1-1-1456171322,0.9742493094538003,1.0101431784974695,1456172131999
Running observer at: 1456172142486
production-topology3-3-1456171336,0.9887926349874276,1.000690583169594,1456172142673
production-topology2-2-1456171329,1.108174745704162,1.0027617369736364,1456172142674
production-topology4-4-1456171343,1.033540210092132,1.0034476228434392,1456172142674
production-topology1-1-1456171322,1.0185130666267896,1.0091788850417287,1456172142674
Running observer at: 1456172153149
production-topology3-3-1456171336,1.0644059969989694,1.0016121964271385,1456172153377
production-topology2-2-1456171329,0.8672838623922707,0.9988711107009781,1456172153377
production-topology4-4-1456171343,1.0727330272470055,1.0062282710095543,1456172153378
production-topology1-1-1456171322,1.1133626000773387,1.012050575898158,1456172153378
Running observer at: 1456172163911
production-topology3-3-1456171336,0.9882913030555871,1.004692716676481,1456172164121
production-topology2-2-1456171329,0.9589463359955163,0.9937798010687156,1456172164121
production-topology4-4-1456171343,0.95216651650212,1.0028801594967738,1456172164122
production-topology1-1-1456171322,0.9057609275917063,1.0087584633444888,1456172164122
Running observer at: 1456172174596
production-topology3-3-1456171336,0.9406952127617019,1.001229133728456,1456172174795
production-topology2-2-1456171329,1.1158375491865766,0.9988402392600919,1456172174795
production-topology4-4-1456171343,0.9883045511807416,1.0042752004016124,1456172174795
production-topology1-1-1456171322,1.085987178001383,1.0090715576067228,1456172174795
Running observer at: 1456172185387
production-topology3-3-1456171336,1.0451812939851217,0.999543145624794,1456172185596
production-topology2-2-1456171329,0.9402248156876131,0.9993650942274567,1456172185596
production-topology4-4-1456171343,0.9857028050533327,1.0017901435351653,1456172185596
production-topology1-1-1456171322,0.9702616676174003,1.0083522131117324,1456172185597
Running observer at: 1456172196081
production-topology3-3-1456171336,1.0207139572928758,1.0007268968906777,1456172196307
production-topology2-2-1456171329,1.1917377578816224,1.0008862050711531,1456172196307
production-topology4-4-1456171343,0.9883267253895318,1.001982932077324,1456172196307
production-topology1-1-1456171322,1.002035069011294,1.0088096844360717,1456172196307
Running observer at: 1456172207000
production-topology3-3-1456171336,0.9574672255489953,0.9999800732664539,1456172207162
production-topology2-2-1456171329,0.9072531640531545,1.0009537968783895,1456172207163
production-topology4-4-1456171343,1.0630206896947967,1.0034819454159183,1456172207163
production-topology1-1-1456171322,1.0500345953366186,1.0132320006935616,1456172207163
Running observer at: 1456172217676
production-topology3-3-1456171336,1.0524248809401446,1.001018570077115,1456172217974
production-topology2-2-1456171329,1.1187737266731679,1.0081078933616054,1456172217974
production-topology4-4-1456171343,0.9724832888827406,1.0016853155770635,1456172217974
production-topology1-1-1456171322,0.8643372277036109,1.0063126792252548,1456172217975
Running observer at: 1456172228432
production-topology3-3-1456171336,0.9491949598988285,1.0040483594016398,1456172228631
production-topology2-2-1456171329,0.9900932985380413,1.0049285856240433,1456172228631
production-topology4-4-1456171343,0.9225339511032099,0.9996663733972105,1456172228631
production-topology1-1-1456171322,1.0983263483965013,1.0097930799908352,1456172228631
Running observer at: 1456172239201
production-topology3-3-1456171336,1.072558851931825,1.0056687541359683,1456172239404
production-topology2-2-1456171329,0.9715967810593412,1.0068686669627611,1456172239405
production-topology4-4-1456171343,1.0533244751006616,1.0027519831198068,1456172239405
production-topology1-1-1456171322,0.9924534078904672,1.0075458577249508,1456172239405
Running observer at: 1456172249880
production-topology3-3-1456171336,0.9862990135194171,1.0034611858349447,1456172250068
production-topology2-2-1456171329,1.1589749999999999,1.0094445328536186,1456172250068
production-topology4-4-1456171343,1.0494049048002343,1.0041143877708965,1456172250068
production-topology1-1-1456171322,0.8686459149634084,1.0046926858427785,1456172250068
Running observer at: 1456172260533
production-topology3-3-1456171336,1.0271488756543103,1.002966750434846,1456172260733
production-topology2-2-1456171329,0.8777954883004063,1.0085932193884803,1456172260733
production-topology4-4-1456171343,0.9700081517008636,1.0041367772787237,1456172260734
production-topology1-1-1456171322,1.0809792843691146,1.0068140615086434,1456172260734
Running observer at: 1456172271271
production-topology3-3-1456171336,0.9487126024033286,1.001957018462676,1456172271449
production-topology2-2-1456171329,1.0548054136970457,1.0035870644425653,1456172271449
production-topology4-4-1456171343,0.9514567666083034,1.0008821525055713,1456172271450
production-topology1-1-1456171322,0.9247919049434491,1.0067169607750022,1456172271450
Running observer at: 1456172281917
production-topology3-3-1456171336,1.0183923941227313,1.0051584338296151,1456172282110
production-topology2-2-1456171329,1.0070400221485127,1.0035922965105393,1456172282111
production-topology4-4-1456171343,1.074860588972431,1.003416523950445,1456172282111
production-topology1-1-1456171322,1.0345610038551207,1.0027787197659663,1456172282111
Running observer at: 1456172292560
production-topology3-3-1456171336,1.0116017458865172,1.0030094127935638,1456172292745
production-topology2-2-1456171329,1.2250687266808045,1.0164778927801583,1456172292745
production-topology4-4-1456171343,0.9527805867153211,0.9991296191606948,1456172292745
production-topology1-1-1456171322,1.1742561397382054,1.0084480152263486,1456172292745
Running observer at: 1456172303256
production-topology3-3-1456171336,1.0075279141251292,1.0032181319012206,1456172303461
production-topology2-2-1456171329,0.8028085443037973,1.0057551004029217,1456172303462
production-topology4-4-1456171343,0.9977936600475351,1.0026672074617808,1456172303462
production-topology1-1-1456171322,0.883196086108577,1.0039968837735964,1456172303462
Running observer at: 1456172313929
production-topology3-3-1456171336,0.9302624022823117,1.0007946343804486,1456172314122
production-topology2-2-1456171329,1.005369430020338,1.010932256879702,1456172314122
production-topology4-4-1456171343,0.9938303009731582,0.9974955202380945,1456172314123
production-topology1-1-1456171322,1.1191283449909273,1.0066282774438895,1456172314123
Running observer at: 1456172324716
production-topology3-3-1456171336,1.0575797264480087,1.0022194776931626,1456172324904
production-topology2-2-1456171329,0.9947979350095156,1.0101188989254577,1456172324904
production-topology4-4-1456171343,1.0712265069519633,1.0017623763196057,1456172324904
production-topology1-1-1456171322,0.8967367322251906,1.0052527059806895,1456172324905
Running observer at: 1456172335371
production-topology3-3-1456171336,0.9473323155427045,0.9996639786667108,1456172335600
production-topology2-2-1456171329,1.127319983565853,1.0153739404756514,1456172335601
production-topology4-4-1456171343,1.0179023870751005,1.0026020976351322,1456172335601
production-topology1-1-1456171322,1.0394972861313705,1.007338746469407,1456172335601
Running observer at: 1456172346290
production-topology3-3-1456171336,1.1372617123659186,1.0051757490072235,1456172346481
production-topology2-2-1456171329,0.9846876694086311,1.0101835655163405,1456172346481
production-topology4-4-1456171343,1.040119991183032,1.0032329827795716,1456172346481
production-topology1-1-1456171322,1.124819750988943,1.0134656040813608,1456172346481
Running observer at: 1456172356963
production-topology3-3-1456171336,0.9486378550876148,1.0033897844927027,1456172357335
production-topology2-2-1456171329,1.1611984192629352,1.0185095256628418,1456172357335
production-topology4-4-1456171343,0.9487434001925714,1.0010279135654438,1456172357336
production-topology1-1-1456171322,0.839590683555653,1.004728739534062,1456172357336
Running observer at: 1456172367846
production-topology3-3-1456171336,1.1003346020359253,1.0071514635154726,1456172368040
production-topology2-2-1456171329,0.879938177684048,1.0158466996929034,1456172368040
production-topology4-4-1456171343,0.9957642197654526,1.001053543146059,1456172368040
production-topology1-1-1456171322,1.0151549455355442,1.0072849419515433,1456172368041
Running observer at: 1456172378692
production-topology3-3-1456171336,0.9635860444710999,1.005656558473309,1456172378884
production-topology2-2-1456171329,0.9698079479000532,1.0118655257811002,1456172378884
production-topology4-4-1456171343,1.006363040523808,0.9995866888334624,1456172378884
production-topology1-1-1456171322,0.9615395547978886,1.0005676112033022,1456172378884
Running observer at: 1456172389428
production-topology3-3-1456171336,1.041948938567406,1.0076089785981786,1456172389626
production-topology2-2-1456171329,0.9919677815044119,1.0157278203184046,1456172389626
production-topology4-4-1456171343,1.070179878548121,1.0019891790107738,1456172389626
production-topology1-1-1456171322,1.0938822466001068,1.0038630504833512,1456172389627
Running observer at: 1456172400176
production-topology3-3-1456171336,0.9856409826691847,1.006082633286911,1456172400361
production-topology2-2-1456171329,0.9983741738707802,1.0140125919367233,1456172400361
production-topology4-4-1456171343,0.9850716788695881,1.0022160774493585,1456172400361
production-topology1-1-1456171322,1.0521169938692023,1.0083043582863,1456172400361
Running observer at: 1456172410753
production-topology3-3-1456171336,1.0612565690494635,1.0063585878720418,1456172410943
production-topology2-2-1456171329,0.8975205236071219,1.0106120229099438,1456172410943
production-topology4-4-1456171343,0.9880077448857826,1.002506501883286,1456172410943
production-topology1-1-1456171322,0.8591896916167514,1.003085786695452,1456172410943
Running observer at: 1456172421474
production-topology3-3-1456171336,0.9470647156204293,1.0063783019689103,1456172421677
production-topology2-2-1456171329,1.112327827363858,1.0137724772262604,1456172421678
production-topology4-4-1456171343,0.9546785723086888,1.0007631540528734,1456172421678
production-topology1-1-1456171322,1.1267755718458665,1.0042702740124334,1456172421678
Running observer at: 1456172432140
production-topology3-3-1456171336,0.9997939145876302,1.0068764637043928,1456172432344
production-topology2-2-1456171329,0.9882141628323332,1.0136526674779653,1456172432344
production-topology4-4-1456171343,1.03398647486706,1.0055049933225064,1456172432345
production-topology1-1-1456171322,0.8661851886082467,0.9984753212977757,1456172432345
Running observer at: 1456172442982
production-topology3-3-1456171336,1.020244552203065,1.0070536505453673,1456172443183
production-topology2-2-1456171329,0.963851059918261,1.010835824986038,1456172443183
production-topology4-4-1456171343,1.0081671542133832,1.0022259010385313,1456172443183
production-topology1-1-1456171322,1.0134353188932603,1.0016601347114578,1456172443184
Running observer at: 1456172453650
production-topology3-3-1456171336,0.9715145366802385,1.0063955910241305,1456172453853
production-topology2-2-1456171329,1.1125779540379257,1.0161456092762697,1456172453853
production-topology4-4-1456171343,0.9557964129900165,1.0032759554146227,1456172453853
production-topology1-1-1456171322,1.0931604874254601,1.0056238406438465,1456172453853
Running observer at: 1456172464635
production-topology3-3-1456171336,0.9528544017824789,1.0051976499172988,1456172464900
production-topology2-2-1456171329,0.9018095254487408,1.0092667686010892,1456172464900
production-topology4-4-1456171343,1.0397174930785895,1.0034818648475046,1456172464901
production-topology1-1-1456171322,0.9601433406999444,1.0036781831129518,1456172464901
Running observer at: 1456172475553
production-topology3-3-1456171336,1.0433183578643705,1.004494728612812,1456172475843
production-topology2-2-1456171329,0.9683058735364986,1.0126341689725635,1456172475843
production-topology4-4-1456171343,1.0252999182578049,1.0019007612145312,1456172475844
production-topology1-1-1456171322,0.9418763147940462,0.9979619736035086,1456172475844
Running observer at: 1456172486318
production-topology3-3-1456171336,1.0295973302718928,1.0058715961866889,1456172486507
production-topology2-2-1456171329,1.0034966774778689,1.0141191803553085,1456172486508
production-topology4-4-1456171343,0.9948823646410043,1.0033246228191608,1456172486508
production-topology1-1-1456171322,1.0372678254642127,1.0023455368659253,1456172486508
Running observer at: 1456172497083
production-topology3-3-1456171336,0.9634991084237536,1.0066317260420907,1456172497274
production-topology2-2-1456171329,1.1169945645752095,1.0141577475349295,1456172497274
production-topology4-4-1456171343,1.0102441234033999,1.0040559418932495,1456172497274
production-topology1-1-1456171322,0.9468185858585858,0.9977065837944988,1456172497274
Running observer at: 1456172507737
production-topology3-3-1456171336,1.1606956987364696,1.0104822062004688,1456172507926
production-topology2-2-1456171329,1.0445685354776264,1.01763587152793,1456172507926
production-topology4-4-1456171343,1.0041718288019172,1.0046715760182023,1456172507926
production-topology1-1-1456171322,1.1816382358046325,1.00475246940074,1456172507926
Running observer at: 1456172518448
production-topology3-3-1456171336,0.9788359622625569,1.0090862730327916,1456172518644
production-topology2-2-1456171329,0.9616705148466759,1.009966963426765,1456172518644
production-topology4-4-1456171343,0.9220514203608763,1.0024623991839137,1456172518645
production-topology1-1-1456171322,0.9365297594166933,1.00256895908092,1456172518645
Running observer at: 1456172529089
production-topology3-3-1456171336,0.922041207820399,1.0079054057751717,1456172529285
production-topology2-2-1456171329,1.071682961556716,1.0154479566768837,1456172529285
production-topology4-4-1456171343,1.0384137601528907,1.0016421681991836,1456172529285
production-topology1-1-1456171322,0.9903473091916108,1.0005793828760863,1456172529285
Running observer at: 1456172539800
production-topology3-3-1456171336,0.9871285746775009,1.0057288622330836,1456172539990
production-topology2-2-1456171329,1.0095421415022476,1.011806903837853,1456172539990
production-topology4-4-1456171343,0.9969579103562409,1.002457988914967,1456172539991
production-topology1-1-1456171322,1.1016584385624448,1.0084900899047142,1456172539991
Running observer at: 1456172550447
production-topology3-3-1456171336,1.040662302422112,1.0087777736505263,1456172550651
production-topology2-2-1456171329,0.9377974468674949,1.0100637087821684,1456172550651
production-topology4-4-1456171343,1.090277740882092,1.008049448574263,1456172550651
production-topology1-1-1456171322,0.8722864285370895,1.0009554259094007,1456172550651
Running observer at: 1456172561158
production-topology3-3-1456171336,1.0285558910280046,1.007311008287066,1456172561358
production-topology2-2-1456171329,1.0361047351385568,1.0122139739181424,1456172561358
production-topology4-4-1456171343,0.9796945280186278,1.005595117004862,1456172561359
production-topology1-1-1456171322,1.1355985327883593,1.0057269300726637,1456172561359
Running observer at: 1456172571846
production-topology3-3-1456171336,1.0371926105584564,1.0090074615217006,1456172572066
production-topology2-2-1456171329,0.8724984051398421,1.0026647540894704,1456172572066
production-topology4-4-1456171343,1.0529634035158209,1.005713733628715,1456172572066
production-topology1-1-1456171322,0.8179474315260439,1.0040369806247513,1456172572066
Running observer at: 1456172582530
production-topology3-3-1456171336,0.9627794241235801,1.0068618131373428,1456172582711
production-topology2-2-1456171329,0.9704094337465221,1.005751885604341,1456172582711
production-topology4-4-1456171343,0.9789407454287851,1.0060114867529788,1456172582712
production-topology1-1-1456171322,1.0959635803075831,1.004536457156034,1456172582712
Running observer at: 1456172593170
production-topology3-3-1456171336,1.0463416728100308,1.010116115484233,1456172593374
production-topology2-2-1456171329,1.130216106834987,1.0082655753756056,1456172593374
production-topology4-4-1456171343,0.9833210058546522,1.0070736280611905,1456172593375
production-topology1-1-1456171322,0.9198880683962313,1.0043729959377932,1456172593375
Running observer at: 1456172603937
production-topology3-3-1456171336,0.9751879857426424,1.0086759685382303,1456172604089
production-topology2-2-1456171329,0.9895923188172208,1.0076839852645625,1456172604089
production-topology4-4-1456171343,1.0907010342108752,1.0076016429024721,1456172604089
production-topology1-1-1456171322,1.0192112279089363,1.0038613367395872,1456172604089
Running observer at: 1456172614611
production-topology3-3-1456171336,1.00956933309639,1.008608221445226,1456172614795
production-topology2-2-1456171329,0.9638540972212375,0.9989768309492436,1456172614795
production-topology4-4-1456171343,0.9399356525815088,1.007173478431345,1456172614795
production-topology1-1-1456171322,1.1532298698855898,1.0031604610778333,1456172614795
Running observer at: 1456172625404
production-topology3-3-1456171336,1.0472343094774526,1.00993176795697,1456172625605
production-topology2-2-1456171329,1.034937311815007,1.0067144565329507,1456172625605
production-topology4-4-1456171343,0.9705502627577999,1.0062653651883537,1456172625605
production-topology1-1-1456171322,0.771999746006951,0.9994539164077791,1456172625605
Running observer at: 1456172636049
production-topology3-3-1456171336,0.897680182122355,1.0088456939516381,1456172636286
production-topology2-2-1456171329,1.1036753499911396,1.0099913205319775,1456172636286
production-topology4-4-1456171343,1.1592945665546575,1.0117808407077369,1456172636286
production-topology1-1-1456171322,1.3394401051685283,1.0067976417470326,1456172636286
Running observer at: 1456172646963
production-topology3-3-1456171336,1.1244042999392914,1.0110731797346808,1456172647152
production-topology2-2-1456171329,0.8556619708263158,1.005353455059204,1456172647152
production-topology4-4-1456171343,0.9094013531679952,1.006386668914938,1456172647152
production-topology1-1-1456171322,0.9442684615168383,1.0083820327234205,1456172647152
Running observer at: 1456172657684
production-topology3-3-1456171336,0.9401961245555865,1.010835306701777,1456172657994
production-topology2-2-1456171329,0.9652973906073347,0.9999527019605867,1456172657994
production-topology4-4-1456171343,1.0688609457047855,1.0080852875359274,1456172657994
production-topology1-1-1456171322,1.0336454902357781,1.0081869728602342,1456172657994
Running observer at: 1456172668491
production-topology3-3-1456171336,0.9557435918323014,1.0047847026839898,1456172668693
production-topology2-2-1456171329,1.081120851496391,1.0031671413635121,1456172668693
production-topology4-4-1456171343,0.9683819613791385,1.0056940198757975,1456172668693
production-topology1-1-1456171322,0.9632095603926591,1.0027999665070246,1456172668693
Running observer at: 1456172679242
production-topology3-3-1456171336,1.0830388747393211,1.0092647366723797,1456172679476
production-topology2-2-1456171329,1.1905487856201376,1.004145486908752,1456172679476
production-topology4-4-1456171343,0.99421516581371,1.0072097453965023,1456172679476
production-topology1-1-1456171322,1.0472488590204903,1.009721905689186,1456172679476
Running observer at: 1456172689937
production-topology3-3-1456171336,0.9800495908124872,1.0052552362982654,1456172690135
production-topology2-2-1456171329,0.9105407890213278,1.005165573953328,1456172690135
production-topology4-4-1456171343,1.0522096950668378,1.0090912612398817,1456172690135
production-topology1-1-1456171322,0.9666185324611666,1.0081040252533733,1456172690135
Running observer at: 1456172700645
production-topology3-3-1456171336,1.0044660018961657,1.0066179015457672,1456172700842
production-topology2-2-1456171329,1.0433377469744507,1.0076165672558082,1456172700842
production-topology4-4-1456171343,0.9108207343163179,1.005906517699632,1456172700842
production-topology1-1-1456171322,0.9593383667539508,1.0080306523185754,1456172700843
Running observer at: 1456172711312
production-topology3-3-1456171336,1.001861402170505,1.0052816503325375,1456172711482
production-topology2-2-1456171329,0.8783596470848358,1.003829629441822,1456172711482
production-topology4-4-1456171343,1.0496593549975062,1.005222500247945,1456172711482
production-topology1-1-1456171322,0.9216366443912339,1.0022891322449463,1456172711482
Running observer at: 1456172722005
production-topology3-3-1456171336,0.9852009501052512,1.0052669825804061,1456172722184
production-topology2-2-1456171329,0.9835474809925424,1.0033354063458808,1456172722184
production-topology4-4-1456171343,1.0284593346273867,1.0066687554398714,1456172722184
production-topology1-1-1456171322,1.0776115883705137,1.0031389520616567,1456172722184
Running observer at: 1456172732642
production-topology3-3-1456171336,0.9837517264331475,1.002683487826529,1456172732836
production-topology2-2-1456171329,1.0553267521797451,1.0085956139649683,1456172732836
production-topology4-4-1456171343,0.9717032293088682,1.0061252715873077,1456172732836
production-topology1-1-1456171322,1.102431665601023,1.0112470178611324,1456172732836
Running observer at: 1456172743300
production-topology3-3-1456171336,0.9962163001231046,1.004321873976618,1456172743462
production-topology2-2-1456171329,1.032618222000182,1.0059386271195123,1456172743462
production-topology4-4-1456171343,0.9675017773099299,1.0065527117540158,1456172743462
production-topology1-1-1456171322,0.923606453255331,1.0044747139081145,1456172743463
Running observer at: 1456172753922
production-topology3-3-1456171336,1.0156682697114103,1.0048510191474107,1456172754106
production-topology2-2-1456171329,0.950602587310636,1.0046849079354558,1456172754106
production-topology4-4-1456171343,1.153218194836668,1.0105271024196694,1456172754106
production-topology1-1-1456171322,1.0318528089585184,1.0099969679197902,1456172754106
Running observer at: 1456172764570
production-topology3-3-1456171336,1.0244464244464246,1.0049910815555227,1456172764764
production-topology2-2-1456171329,1.0211869774965645,1.006596105188066,1456172764764
production-topology4-4-1456171343,0.900485705996179,1.0069377208124293,1456172764765
production-topology1-1-1456171322,0.9413964346349745,1.0075956717778474,1456172764765
Running observer at: 1456172775222
production-topology3-3-1456171336,0.9617608765683912,1.0046659595517944,1456172775416
production-topology2-2-1456171329,1.1135891558669817,1.0066298119157013,1456172775416
production-topology4-4-1456171343,1.161749648385137,1.0138028286589333,1456172775416
production-topology1-1-1456171322,1.247944839191346,1.0127551501700434,1456172775416
Running observer at: 1456172785936
production-topology3-3-1456171336,0.977919642329373,1.0055014675700245,1456172786120
production-topology2-2-1456171329,0.9089516311150884,1.0068678821045796,1456172786120
production-topology4-4-1456171343,0.8980693581964967,1.0090812241628635,1456172786120
production-topology1-1-1456171322,0.9231291452773888,1.0115213436559582,1456172786120
Running observer at: 1456172796586
production-topology3-3-1456171336,1.0030924545361368,1.0041606041257498,1456172796817
production-topology2-2-1456171329,1.1214456596035545,1.0119725416401482,1456172796817
production-topology4-4-1456171343,1.1421979332610104,1.0129778246629706,1456172796817
production-topology1-1-1456171322,0.9056431906029099,1.0103135728495871,1456172796817
Running observer at: 1456172807358
production-topology3-3-1456171336,1.0611662681260214,1.0052129020542209,1456172807561
production-topology2-2-1456171329,0.9241535791081369,1.0093277716944904,1456172807562
production-topology4-4-1456171343,0.9406097319858996,1.0111687369078004,1456172807562
production-topology1-1-1456171322,1.067640644217312,1.011326000141357,1456172807562
Running observer at: 1456172818037
production-topology3-3-1456171336,1.0408761663058335,1.007792137316957,1456172818316
production-topology2-2-1456171329,1.1075333397914044,1.0090123975350302,1456172818316
production-topology4-4-1456171343,1.0260138058122954,1.0116943929880966,1456172818316
production-topology1-1-1456171322,1.0025144183463246,1.0131825278909485,1456172818317
Running observer at: 1456172828927
production-topology3-3-1456171336,0.9058541583787278,0.9992974193050321,1456172829111
production-topology2-2-1456171329,0.8709409383269764,1.003224810963342,1456172829111
production-topology4-4-1456171343,0.9828936492629838,1.010985120336799,1456172829112
production-topology1-1-1456171322,1.0671322933981162,1.0093656631440646,1456172829112
Running observer at: 1456172839591
production-topology3-3-1456171336,1.056391660743328,1.001882609254391,1456172840049
production-topology2-2-1456171329,1.0764581957168433,1.0070510669923476,1456172840049
production-topology4-4-1456171343,1.0083399798940964,1.013861405654573,1456172840049
production-topology1-1-1456171322,0.8945518551700726,1.0079663996691772,1456172840049
Running observer at: 1456172850563
production-topology3-3-1456171336,0.9692439161075788,1.0034560328639637,1456172850745
production-topology2-2-1456171329,0.977300804864574,1.0039049951026093,1456172850745
production-topology4-4-1456171343,1.0047529071903307,1.0127393772224875,1456172850745
production-topology1-1-1456171322,1.1597524272745838,1.0136132369386097,1456172850746
Running observer at: 1456172861364
production-topology3-3-1456171336,1.045960521459814,1.0054170977567076,1456172861556
production-topology2-2-1456171329,1.0417218476903871,1.0049776519755473,1456172861556
production-topology4-4-1456171343,0.975441756070681,1.0120221720796354,1456172861556
production-topology1-1-1456171322,1.0928598066882156,1.0133199492094687,1456172861556
Running observer at: 1456172872019
production-topology3-3-1456171336,1.0012670662670664,1.004103923218206,1456172872215
production-topology2-2-1456171329,1.0038173791859066,1.0071783163861612,1456172872215
production-topology4-4-1456171343,1.0199439517598412,1.0096777124422271,1456172872216
production-topology1-1-1456171322,0.8374633546866455,1.0121591800811207,1456172872216
Running observer at: 1456172882782
production-topology3-3-1456171336,0.9805442890629201,1.0025035364860364,1456172882968
production-topology2-2-1456171329,0.9429895865209423,1.0040744780989073,1456172882969
production-topology4-4-1456171343,0.9669647410721249,1.0092533862106772,1456172882969
production-topology1-1-1456171322,0.959748926441184,1.0062975265362146,1456172882969
Running observer at: 1456172893448
production-topology3-3-1456171336,0.8656432820162343,0.996785225534629,1456172893639
production-topology2-2-1456171329,1.0185349902265401,1.0089423642684638,1456172893639
production-topology4-4-1456171343,1.1316552318156166,1.0118764471540036,1456172893639
production-topology1-1-1456171322,1.0692996356742988,1.0146759333411564,1456172893639
Running observer at: 1456172904221
production-topology3-3-1456171336,1.0917074207388477,1.0010828254218045,1456172904408
production-topology2-2-1456171329,0.9624205462544455,1.0086760680187281,1456172904408
production-topology4-4-1456171343,1.001906779661017,1.0126419816284113,1456172904409
production-topology1-1-1456171322,0.8506953322348978,1.006500325072067,1456172904409
Running observer at: 1456172914860
production-topology3-3-1456171336,0.958499497397013,0.9981547529080373,1456172915102
production-topology2-2-1456171329,0.9780644008981426,1.0036043444874996,1456172915102
production-topology4-4-1456171343,1.0292086698900245,1.0141715704295906,1456172915103
production-topology1-1-1456171322,1.0643766538342405,1.0113166112533338,1456172915103
Running observer at: 1456172925715
production-topology3-3-1456171336,1.0294752407667134,0.9999643280755064,1456172925899
production-topology2-2-1456171329,1.0677922240422242,1.0062110079949997,1456172925899
production-topology4-4-1456171343,0.9569384434203788,1.0097128174032408,1456172925899
production-topology1-1-1456171322,1.0860268615004407,1.0135437990397174,1456172925899
Running observer at: 1456172936407
production-topology3-3-1456171336,0.9443938476701108,0.9977918118946305,1456172936630
production-topology2-2-1456171329,0.9265704584040745,1.0049682200344277,1456172936630
production-topology4-4-1456171343,0.9546627572990449,1.0102037208938253,1456172936630
production-topology1-1-1456171322,1.0626401674635149,1.0105241422923148,1456172936630
Running observer at: 1456172947368
production-topology3-3-1456171336,1.0791118789979812,0.9988543975453148,1456172947560
production-topology2-2-1456171329,0.9902318048385464,1.0034780364685458,1456172947560
production-topology4-4-1456171343,1.0364502216468807,1.0124003861901278,1456172947561
production-topology1-1-1456171322,1.0234963677950977,1.0189073630185865,1456172947561
Running observer at: 1456172958060
production-topology3-3-1456171336,0.9272916901876663,0.9998414478141584,1456172958426
production-topology2-2-1456171329,0.9511290388173812,0.9983931594294205,1456172958426
production-topology4-4-1456171343,1.0355867997809012,1.008276793964336,1456172958426
production-topology1-1-1456171322,1.0068272059487067,1.0078202663779257,1456172958427
Running observer at: 1456172968889
production-topology3-3-1456171336,1.0282074733907598,0.9966348869292073,1456172969074
production-topology2-2-1456171329,1.0914522373154951,1.0062528349790598,1456172969074
production-topology4-4-1456171343,0.8997501554731983,1.0079550873745096,1456172969074
production-topology1-1-1456171322,0.894811910279999,1.0061717146700309,1456172969074
Running observer at: 1456172979745
production-topology3-3-1456171336,0.9154565468525542,0.9958102343391063,1456172979940
production-topology2-2-1456171329,0.9734820846248129,1.0065256581129756,1456172979940
production-topology4-4-1456171343,1.1823131768789303,1.0117368284136479,1456172979940
production-topology1-1-1456171322,0.975869602219372,1.0042458517361508,1456172979941
Running observer at: 1456172990404
production-topology3-3-1456171336,1.0391406346462526,0.9985901357662379,1456172990589
production-topology2-2-1456171329,1.0587460760475071,1.0057798322646794,1456172990590
production-topology4-4-1456171343,0.8788646886875047,1.0087529193239266,1456172990590
production-topology1-1-1456171322,1.0520012149370832,1.007205573554298,1456172990590
Running observer at: 1456173001148
production-topology3-3-1456171336,1.0329782587177108,0.9969214485655178,1456173001345
production-topology2-2-1456171329,1.0402791915079248,1.0007708457942726,1456173001345
production-topology4-4-1456171343,0.9987946602821456,1.008905569139541,1456173001345
production-topology1-1-1456171322,0.9850873332097849,1.0051335226939413,1456173001345
Running observer at: 1456173011815
production-topology3-3-1456171336,1.0219767051096615,0.9983190190420902,1456173012009
production-topology2-2-1456171329,1.096737162788644,1.0069773915865166,1456173012009
production-topology4-4-1456171343,1.011553428802912,1.007550360264077,1456173012009
production-topology1-1-1456171322,1.0046338899459324,1.0064007012767668,1456173012010
Running observer at: 1456173022591
production-topology3-3-1456171336,1.0443487879316993,0.9996484452432747,1456173022767
production-topology2-2-1456171329,0.8962600173865504,1.0020748006002531,1456173022767
production-topology4-4-1456171343,0.9606797190845047,1.0092123264230166,1456173022767
production-topology1-1-1456171322,1.0330941866615515,1.0088592286070202,1456173022767
Running observer at: 1456173033236
production-topology3-3-1456171336,0.9289965885640652,0.99721961812306,1456173033440
production-topology2-2-1456171329,1.0994117647058823,1.0094432045209547,1456173033440
production-topology4-4-1456171343,1.1128322815069802,1.011318090639999,1456173033440
production-topology1-1-1456171322,1.0053516126490638,1.0116497275489478,1456173033440
Running observer at: 1456173044025
production-topology3-3-1456171336,0.9865798615491439,0.9972655818378565,1456173044217
production-topology2-2-1456171329,0.8848809108102914,1.006154318848213,1456173044217
production-topology4-4-1456171343,1.0089312874618255,1.0106671557344802,1456173044218
production-topology1-1-1456171322,1.007723006804679,1.00932010816342,1456173044218
Running observer at: 1456173054676
production-topology3-3-1456171336,1.0054324560021013,0.9979882728234882,1456173054941
production-topology2-2-1456171329,1.0039113799757022,1.0044404731080783,1456173054942
production-topology4-4-1456171343,0.9755438107361458,1.0107951751153894,1456173054942
production-topology1-1-1456171322,0.9922834348703604,1.0056485004723978,1456173054942
Running observer at: 1456173065443
production-topology3-3-1456171336,1.0296900506957254,0.999104064509242,1456173065640
production-topology2-2-1456171329,1.0812977797735912,1.0060631250338585,1456173065640
production-topology4-4-1456171343,0.9366125442370921,1.0097655340129614,1456173065641
production-topology1-1-1456171322,1.0385669125395154,1.0094805157818707,1456173065641
Running observer at: 1456173076149
production-topology3-3-1456171336,1.0019282023365323,0.998646062263413,1456173076334
production-topology2-2-1456171329,1.1506666014932851,1.0127319255066134,1456173076334
production-topology4-4-1456171343,1.1282686499546966,1.0089338825168956,1456173076334
production-topology1-1-1456171322,0.9743166313973386,1.0075626431964981,1456173076334
Running observer at: 1456173086942
production-topology3-3-1456171336,0.9487007953658206,0.9961212079607262,1456173087133
production-topology2-2-1456171329,0.8827094795579317,1.008116008908659,1456173087133
production-topology4-4-1456171343,0.9525542030410458,1.0106694990850578,1456173087134
production-topology1-1-1456171322,1.0808817231394974,1.0122121528133157,1456173087134
Running observer at: 1456173097685
production-topology3-3-1456171336,1.0868010684373024,1.0002892143563564,1456173097956
production-topology2-2-1456171329,0.9282712054974587,1.0019387438963414,1456173097956
production-topology4-4-1456171343,1.0957474116539747,1.0084694245273524,1456173097956
production-topology1-1-1456171322,0.8424494505214188,0.9986956398576514,1456173097956
Running observer at: 1456173108509
production-topology3-3-1456171336,1.0045926112908348,1.0011783133217387,1456173108697
production-topology2-2-1456171329,1.0556041662593676,1.006827161734484,1456173108697
production-topology4-4-1456171343,0.9465866180847147,1.0100866665236266,1456173108697
production-topology1-1-1456171322,1.104113040144586,1.0047284363532247,1456173108697
Running observer at: 1456173119238
production-topology3-3-1456171336,1.059456928838951,1.0030571291318324,1456173119481
production-topology2-2-1456171329,0.8533717148778238,0.9978913635769597,1456173119481
production-topology4-4-1456171343,1.0182267777132186,1.0059542946720332,1456173119481
production-topology1-1-1456171322,0.992416408395633,1.0076208769463155,1456173119482
Running observer at: 1456173129942
production-topology3-3-1456171336,0.9438205301789144,0.9991456045335955,1456173130127
production-topology2-2-1456171329,1.2638173428936594,1.0092134890364772,1456173130128
production-topology4-4-1456171343,0.9581529916012153,1.0065390699925438,1456173130128
production-topology1-1-1456171322,1.0007860122629846,1.0053923892145045,1456173130128
Running observer at: 1456173140658
production-topology3-3-1456171336,1.088649843798008,1.0007380604500014,1456173140841
production-topology2-2-1456171329,0.9594706368899917,1.00427806560643,1456173140841
production-topology4-4-1456171343,1.030785523730236,1.006698127256475,1456173140841
production-topology1-1-1456171322,0.9273320347880349,1.0028863097625615,1456173140841
Running observer at: 1456173151256
production-topology3-3-1456171336,0.8873294982771917,1.00012057177995,1456173151405
production-topology2-2-1456171329,0.9850853713829294,1.0080828800416284,1456173151405
production-topology4-4-1456171343,1.0047713334983361,1.0074273833976535,1456173151406
production-topology1-1-1456171322,0.9786162035727713,0.99993577343505,1456173151406
Running observer at: 1456173161858
production-topology3-3-1456171336,1.1010136047227468,1.0016079699125975,1456173162032
production-topology2-2-1456171329,1.01336317170775,1.0059797125746586,1456173162032
production-topology4-4-1456171343,0.9902589454613455,1.0068246822498952,1456173162032
production-topology1-1-1456171322,1.3075487394957983,1.0137023362459077,1456173162032
Running observer at: 1456173172402
production-topology3-3-1456171336,0.9596921412804331,1.0012895774183592,1456173172529
production-topology2-2-1456171329,1.0,1.0067363524125061,1456173172529
production-topology4-4-1456171343,0.9731077311418511,1.0057698430482793,1456173172529
production-topology1-1-1456171322,1.0,1.0083772553367547,1456173172529
