Running observer at: 1456786691595
production-topology1-1-1456786691,0.0,0.0,0,0,1456786691828
Running observer at: 1456786692432
production-topology1-1-1456786691,0.0,0.0,0,0,1456786692768
Running observer at: 1456786698501
production-topology2-2-1456786698,0.0,0.0,0,0,1456786698882
production-topology1-1-1456786691,0.0,0.0,0,0,1456786698883
Running observer at: 1456786703177
production-topology2-2-1456786698,0.0,0.0,0,0,1456786703606
production-topology1-1-1456786691,0.0,0.0,0,0,1456786703606
Running observer at: 1456786705585
production-topology2-2-1456786698,0.0,0.0,0,0,1456786706294
production-topology1-1-1456786691,0.0,0.0,220,0,1456786706294
production-topology3-3-1456786705,0.0,0.0,0,0,1456786706295
Running observer at: 1456786712828
production-topology2-2-1456786698,0.0,0.0,60,0,1456786713652
production-topology1-1-1456786691,1.084888146291655,0.18081469104860917,640,220,1456786713652
production-topology4-4-1456786712,0.0,0.0,0,0,1456786713652
production-topology3-3-1456786705,0.0,0.0,0,0,1456786713653
Running observer at: 1456786714356
production-topology2-2-1456786698,0.0,0.0,0,0,1456786714970
production-topology1-1-1456786691,0.8357075023741691,0.2743708069522606,260,140,1456786714971
production-topology4-4-1456786712,0.0,0.0,0,0,1456786714971
production-topology3-3-1456786705,0.0,0.0,0,0,1456786714971
Running observer at: 1456786725671
production-topology2-2-1456786698,0.9601113172541745,0.16001855287569575,1540,920,1456786726255
production-topology1-1-1456786691,1.2656203175415985,0.39827699577592784,2240,1680,1456786726256
production-topology4-4-1456786712,0.0,0.0,0,0,1456786726256
production-topology3-3-1456786705,0.375,0.09375,320,40,1456786726256
Running observer at: 1456786736819
production-topology2-2-1456786698,1.0032139392882844,0.2804750366489227,2040,1360,1456786737555
production-topology1-1-1456786691,0.818525422781527,0.44497126544321663,2200,1420,1456786737555
production-topology4-4-1456786712,0.7085227272727272,0.1771306818181818,800,1040,1456786737556
production-topology3-3-1456786705,0.9820265788330017,0.2714053157666004,2200,4140,1456786737556
Running observer at: 1456786748320
production-topology2-2-1456786698,0.9718298562754755,0.3668943891022418,2480,1600,1456786749042
production-topology1-1-1456786691,1.1982310902269382,0.5202972479215887,2220,1440,1456786749043
production-topology4-4-1456786712,1.0630893254122034,0.3543224105369861,2260,4420,1456786749043
production-topology3-3-1456786705,1.1130515153966034,0.4116796823716009,2360,4460,1456786749043
Running observer at: 1456786759763
production-topology2-2-1456786698,1.0307979245057894,0.4406614485915249,2200,1500,1456786760423
production-topology1-1-1456786691,0.9842953163052451,0.5624788905019211,2360,1540,1456786760423
production-topology4-4-1456786712,1.0119853616947967,0.4639329023966212,2480,4360,1456786760423
production-topology3-3-1456786705,0.9783752131166252,0.49263618676374726,1920,3480,1456786760424
Running observer at: 1456786771055
production-topology2-2-1456786698,1.0527123191274135,0.5018665356451137,2120,1400,1456786771564
production-topology1-1-1456786691,0.9160752788248252,0.5919452561954964,2320,1480,1456786771564
production-topology4-4-1456786712,1.0722632971302244,0.5508372445014217,2240,4140,1456786771564
production-topology3-3-1456786705,0.9819131130952186,0.5537958025551812,2400,4420,1456786771564
Running observer at: 1456786782073
production-topology2-2-1456786698,0.9271997438081206,0.5405331909326598,2240,1380,1456786782695
production-topology1-1-1456786691,1.0688163229847913,0.6286276459485192,1940,1200,1456786782696
production-topology4-4-1456786712,0.9503095610156553,0.6007712840657009,2080,3680,1456786782696
production-topology3-3-1456786705,1.0000438594767518,0.6033789199909113,2340,4140,1456786782696
Running observer at: 1456786793334
production-topology2-2-1456786698,0.9760226617847207,0.5768239801703315,2280,1480,1456786793977
production-topology1-1-1456786691,1.054287556415216,0.6590319252675689,2400,1540,1456786793977
production-topology4-4-1456786712,1.0451046833138113,0.6501416617599354,2220,4180,1456786793977
production-topology3-3-1456786705,0.9089588189588189,0.6339369098877021,1900,3440,1456786793978
Running observer at: 1456786804568
production-topology2-2-1456786698,1.076551437440551,0.6152645538065022,2100,1380,1456786805173
production-topology1-1-1456786691,0.9025199905794745,0.6752644629550293,2240,1400,1456786805173
production-topology4-4-1456786712,1.0638972397249784,0.6915172195564396,2300,4100,1456786805173
production-topology3-3-1456786705,1.125758653153376,0.6786479774573088,2360,4340,1456786805173
Running observer at: 1456786815730
production-topology2-2-1456786698,1.0907050886639618,0.6492245920106064,2220,1420,1456786816312
production-topology1-1-1456786691,1.1640298253698371,0.7058122981059548,2300,1480,1456786816312
production-topology4-4-1456786712,0.8791034321420874,0.7085705116096803,2100,3720,1456786816312
production-topology3-3-1456786705,1.0422055473113738,0.7089444416118141,2280,4160,1456786816313
Running observer at: 1456786826976
production-topology2-2-1456786698,1.0164977072093901,0.6737094663571921,2380,1460,1456786827640
production-topology1-1-1456786691,0.9280923184719362,0.7188875934216008,2020,1280,1456786827641
production-topology4-4-1456786712,1.1456517563863653,0.744993948674404,2240,4080,1456786827641
production-topology3-3-1456786705,0.9986823390736681,0.7312319721858029,2100,3900,1456786827641
Running observer at: 1456786838253
production-topology2-2-1456786698,0.9424223518242233,0.6905040216988816,2340,1540,1456786838763
production-topology1-1-1456786691,1.0647279148319406,0.7381009446110641,2280,1440,1456786838763
production-topology4-4-1456786712,0.9139632745632544,0.7579915891273926,2420,4260,1456786838763
production-topology3-3-1456786705,0.9797081083410577,0.7489802676254639,2260,3860,1456786838764
Running observer at: 1456786849287
production-topology2-2-1456786698,1.0619228653472403,0.7123521889723144,1940,1280,1456786849970
production-topology1-1-1456786691,0.9800925320560216,0.7508373439502725,2340,1460,1456786849970
production-topology4-4-1456786712,1.0037648382369238,0.7755468212066449,1940,3520,1456786849970
production-topology3-3-1456786705,1.0053568407249474,0.7660720391654294,2240,4140,1456786849971
Running observer at: 1456786860583
production-topology2-2-1456786698,0.8555015142146282,0.7203049292635542,2400,1500,1456786861201
production-topology1-1-1456786691,0.9285956070407703,0.7597252571047973,2000,1340,1456786861201
production-topology4-4-1456786712,0.992715553865981,0.7900247367172673,2260,4100,1456786861202
production-topology3-3-1456786705,1.0031180218878477,0.7808874130855805,2500,4360,1456786861202
Running observer at: 1456786871809
production-topology2-2-1456786698,1.1552668822436547,0.7431976636309279,2340,1500,1456786872332
production-topology1-1-1456786691,0.88935,0.7658978639093308,2500,1540,1456786872333
production-topology4-4-1456786712,1.0323445048309179,0.8051697222243704,2440,4400,1456786872333
production-topology3-3-1456786705,1.0206715170640486,0.7949923603784316,1860,3520,1456786872333
Running observer at: 1456786882957
production-topology2-2-1456786698,0.8998668250065208,0.7510311216997075,1980,1300,1456786883611
production-topology1-1-1456786691,1.1549033095946672,0.7835799296223006,2220,1420,1456786883611
production-topology4-4-1456786712,0.9978435184646712,0.8165034749443881,2140,3900,1456786883612
production-topology3-3-1456786705,0.8911029563819415,0.800331837934182,2380,4060,1456786883612
Running observer at: 1456786894149
production-topology2-2-1456786698,1.1067299414649439,0.7679691607361473,2320,1440,1456786894735
production-topology1-1-1456786691,1.0553816900733597,0.795397397467999,1880,1240,1456786894735
production-topology4-4-1456786712,0.9281395655074643,0.8227054799756702,2060,3700,1456786894736
production-topology3-3-1456786705,1.0408120942731247,0.8129886935309686,2340,4400,1456786894736
Running observer at: 1456786905311
production-topology2-2-1456786698,1.0142543859649122,0.7791639437010911,2240,1500,1456786905870
production-topology1-1-1456786691,0.9354691523041113,0.8012337205861703,2460,1560,1456786905870
production-topology4-4-1456786712,1.0233166454757363,0.8332639623704106,2420,4260,1456786905871
production-topology3-3-1456786705,0.9687827697251401,0.8207783973406771,2040,3440,1456786905871
Running observer at: 1456786916479
production-topology2-2-1456786698,0.846712219832999,0.7821008252720436,2180,1360,1456786917093
production-topology1-1-1456786691,0.9767145105934496,0.8082529521864614,2320,1460,1456786917093
production-topology4-4-1456786712,1.055869001466348,0.8443942143252073,2120,3940,1456786917093
production-topology3-3-1456786705,1.1112012987012987,0.8346080593102305,2280,4080,1456786917094
Running observer at: 1456786927615
production-topology2-2-1456786698,1.0393224218545591,0.7928183917963151,2160,1380,1456786928383
production-topology1-1-1456786691,1.0912554397380634,0.8191376632461385,1820,1220,1456786928383
production-topology4-4-1456786712,0.9609141082175445,0.8499427807010329,2100,3680,1456786928383
production-topology3-3-1456786705,1.072875770567946,0.845438409821945,2220,4300,1456786928384
Running observer at: 1456786938933
production-topology2-2-1456786698,1.0721379330812277,0.8039911734477115,2300,1500,1456786939525
production-topology1-1-1456786691,0.9746698373480204,0.8248981141388008,2500,1600,1456786939525
production-topology4-4-1456786712,1.018722706358632,0.8576145955036509,2340,4340,1456786939526
production-topology3-3-1456786705,0.896913874970904,0.8476764735240735,2020,3500,1456786939526
Running observer at: 1456786950140
production-topology2-2-1456786698,0.9757357469715664,0.8105967339678598,2280,1440,1456786950673
production-topology1-1-1456786691,0.8778689467231634,0.8267899295882424,2280,1480,1456786950673
production-topology4-4-1456786712,1.0057468183112874,0.8640551269300699,2300,4140,1456786950674
production-topology3-3-1456786705,1.05647564407231,0.8563764389635834,2420,4340,1456786950674
Running observer at: 1456786961219
production-topology2-2-1456786698,1.0701373103818812,0.8202093479091198,1940,1320,1456786961824
production-topology1-1-1456786691,0.9749541592566274,0.8318990409561177,2300,1500,1456786961824
production-topology4-4-1456786712,1.0049825221356707,0.8699271017303033,2060,3620,1456786961824
production-topology3-3-1456786705,0.9977947421148778,0.8620331710896352,2320,4080,1456786961825
Running observer at: 1456786972417
production-topology2-2-1456786698,0.9824697720691885,0.8260043630576936,2300,1460,1456786973051
production-topology1-1-1456786691,1.1608808425844448,0.8428651010103951,2040,1340,1456786973051
production-topology4-4-1456786712,0.957749189110904,0.8734399852255272,2300,4140,1456786973051
production-topology3-3-1456786705,0.9422169242978737,0.8651171615976444,1860,3480,1456786973052
Running observer at: 1456786983658
production-topology2-2-1456786698,1.0310801361732624,0.8330759414409892,2420,1580,1456786984146
production-topology1-1-1456786691,0.839496091837403,0.8708483040716419,2480,1500,1456786984146
production-topology4-4-1456786712,1.01508310581464,0.8788877975558778,2420,4340,1456786984146
production-topology3-3-1456786705,1.0093672177811444,0.8704597562711073,2420,4280,1456786984146
Running observer at: 1456786994656
production-topology2-2-1456786698,0.928720763800489,0.8362641021863058,1900,1280,1456786995276
production-topology1-1-1456786691,1.1967865091077676,0.9107411877085675,2080,1400,1456786995277
production-topology4-4-1456786712,0.9865907901622187,0.8828767972820385,1960,3520,1456786995277
production-topology3-3-1456786705,1.0328130014113457,0.8762580864546872,2220,4220,1456786995277
Running observer at: 1456787005875
production-topology2-2-1456786698,1.152009359612755,0.8746644141733976,2340,1460,1456787006496
production-topology1-1-1456786691,0.9449431776120505,0.9422392936289692,2060,1340,1456787006496
production-topology4-4-1456786712,1.050651980622972,0.8888687681156433,2260,4100,1456787006497
production-topology3-3-1456786705,1.0013620747564815,0.8805720170857836,2140,3620,1456787006497
Running observer at: 1456787017115
production-topology2-2-1456786698,0.8105167150817959,0.9016816380094574,2380,1500,1456787017601
production-topology1-1-1456786691,1.1230694025940833,0.9796749403821053,2300,1580,1456787017601
production-topology4-4-1456786712,0.9523823123811699,0.8910588903316959,2460,4320,1456787017601
production-topology3-3-1456786705,0.9673351852637727,0.8834641226917166,2280,4080,1456787017601
Running observer at: 1456787028025
production-topology2-2-1456786698,1.0826465010317394,0.9377698547105154,1900,1220,1456787028678
production-topology1-1-1456786691,0.8291351764936076,1.007312779598559,2180,1340,1456787028678
production-topology4-4-1456786712,0.949796545233067,0.8930168121617417,1860,3440,1456787028678
production-topology3-3-1456786705,0.9769105999851795,0.9160278093578892,2260,4080,1456787028678
Running observer at: 1456787039318
production-topology2-2-1456786698,0.8877510862512366,0.9673615575855566,2340,1500,1456787039914
production-topology1-1-1456786691,1.1731994009010358,1.0102564880855385,1980,1260,1456787039914
production-topology4-4-1456786712,1.1283222485808695,0.930627553781104,2320,4240,1456787039914
production-topology3-3-1456786705,1.0517132350124356,0.951084917191637,2020,3740,1456787039914
Running observer at: 1456787050484
production-topology2-2-1456786698,1.1921164726605624,1.0070987733409087,2360,1540,1456787050993
production-topology1-1-1456786691,1.0475223474543334,1.0173169829215438,2440,1560,1456787050993
production-topology4-4-1456786712,1.0012847832970468,0.9640037132243388,2360,4260,1456787050994
production-topology3-3-1456786705,0.9764025010905919,0.9836316672279902,2300,4120,1456787050994
Running observer at: 1456787061481
production-topology2-2-1456786698,0.929016648640538,1.0060622843871208,1940,1220,1456787062056
production-topology1-1-1456786691,0.8865755564985919,1.0046821575534435,2240,1420,1456787062057
production-topology4-4-1456786712,0.9336760668219911,0.9951262487850718,2020,3660,1456787062057
production-topology3-3-1456786705,1.0070868558793422,1.004701229090635,2260,4140,1456787062057
Running observer at: 1456787072605
production-topology2-2-1456786698,0.9066217328635316,1.0028425441729625,2280,1440,1456787073197
production-topology1-1-1456786691,1.101771165225307,1.0141236823015696,2000,1320,1456787073198
production-topology4-4-1456786712,1.1072309027202818,1.0084165212999903,2140,3960,1456787073198
production-topology3-3-1456786705,1.0493787152767755,1.0069463003054273,2000,3580,1456787073198
Running observer at: 1456787083764
production-topology2-2-1456786698,1.0825087999274765,1.0065318422946958,2420,1580,1456787084360
production-topology1-1-1456786691,0.905289048678879,1.004358947583301,2360,1560,1456787084360
production-topology4-4-1456786712,0.9313400793204507,1.0040248797635987,2480,4300,1456787084360
production-topology3-3-1456786705,1.0227723431898692,1.0039369945652032,2280,4060,1456787084361
Running observer at: 1456787094862
production-topology2-2-1456786698,0.9337887697451861,1.0032982038026759,1880,1200,1456787095443
production-topology1-1-1456786691,1.1333071596828423,1.0093260090292209,2180,1320,1456787095443
production-topology4-4-1456786712,0.9220937997637026,1.0010284943658954,2060,3680,1456787095443
production-topology3-3-1456786705,0.9475859492733264,1.0029106857704264,2380,4080,1456787095443
Running observer at: 1456787106028
production-topology2-2-1456786698,0.9758637303203147,1.0007365841757723,2320,1480,1456787106649
production-topology1-1-1456786691,0.9828264758497316,1.011551048930051,2040,1340,1456787106649
production-topology4-4-1456786712,1.0596002799470208,1.0006063937931222,2140,4000,1456787106649
production-topology3-3-1456786705,0.9420430759716474,1.001581684532974,2080,3720,1456787106649
Running observer at: 1456787117203
production-topology2-2-1456786698,1.032542746828461,1.0042480176097837,2380,1520,1456787117701
production-topology1-1-1456786691,1.0978184377199156,1.0125177860878884,2320,1560,1456787117702
production-topology4-4-1456786712,0.9844172528326374,1.0017433168536882,2400,4300,1456787117702
production-topology3-3-1456786705,1.0803166115828575,1.0042574429365108,2200,4200,1456787117702
Running observer at: 1456787128309
production-topology2-2-1456786698,1.233656709010173,1.0128358191839655,1920,1240,1456787128873
production-topology1-1-1456786691,0.9150302846069024,1.0078758770276113,2280,1380,1456787128873
production-topology4-4-1456786712,1.0314230971316913,1.001287263980951,2140,3860,1456787128873
production-topology3-3-1456786705,0.9968731897975913,1.00718792196447,2400,4020,1456787128873
Running observer at: 1456787139514
production-topology2-2-1456786698,0.8881678638941398,1.0065563667324187,2300,1480,1456787140060
production-topology1-1-1456786691,1.0350361021092727,1.0122930807452712,2000,1360,1456787140060
production-topology4-4-1456786712,1.004485172205807,0.9993068617303117,2100,3680,1456787140060
production-topology3-3-1456786705,0.9771968480241917,1.0022358617934972,2100,4000,1456787140060
Running observer at: 1456787150657
production-topology2-2-1456786698,0.8606950962464393,0.9988893669851677,2420,1480,1456787151151
production-topology1-1-1456786691,1.045089383462099,1.0083283993483467,2380,1540,1456787151151
production-topology4-4-1456786712,0.9847415802962561,1.002828133335451,2440,4380,1456787151151
production-topology3-3-1456786705,0.9905397978779562,1.0005136701457167,2180,3920,1456787151151
Running observer at: 1456787161749
production-topology2-2-1456786698,1.2467228771103667,1.0065635393152002,1860,1200,1456787162387
production-topology1-1-1456786691,0.8220063211554802,1.0047921994377982,2140,1380,1456787162387
production-topology4-4-1456786712,1.0245279869758428,0.9987906743550999,2100,3920,1456787162387
production-topology3-3-1456786705,0.9860554577824904,1.0000927741026773,2300,4040,1456787162387
Running observer at: 1456787172954
production-topology2-2-1456786698,0.9908708402397042,1.0081784889290497,2440,1540,1456787173530
production-topology1-1-1456786691,1.1478188211307827,1.0075618963144264,2240,1400,1456787173530
production-topology4-4-1456786712,0.9106741548355302,0.9986810370308425,2100,3660,1456787173530
production-topology3-3-1456786705,0.9825852979626865,1.0001886804233984,2420,4260,1456787173530
Running observer at: 1456787184194
production-topology2-2-1456786698,1.044586104104563,1.0076005968876272,2300,1520,1456787184690
production-topology1-1-1456786691,1.0080350620891163,1.008493313982196,2280,1500,1456787184690
production-topology4-4-1456786712,1.0954322955657143,1.0017366189418022,2380,4300,1456787184690
production-topology3-3-1456786705,1.1326181694734139,1.0044307247150137,1840,3580,1456787184690
Running observer at: 1456787195289
production-topology2-2-1456786698,0.9311979297323704,1.0101238107382184,2340,1440,1456787195866
production-topology1-1-1456786691,0.9836378361864382,1.0103280549537184,2280,1420,1456787195866
production-topology4-4-1456786712,0.994874184529357,1.0018085732972482,2280,4180,1456787195866
production-topology3-3-1456786705,0.9606877139717104,1.0030163811178094,2320,4100,1456787195867
Running observer at: 1456787206383
production-topology2-2-1456786698,1.1950585304681873,1.0114501990123697,1920,1260,1456787206965
production-topology1-1-1456786691,1.0409432208621374,1.0153811623157896,2060,1260,1456787206965
production-topology4-4-1456786712,1.001915588698335,1.0007942760928286,1960,3420,1456787206965
production-topology3-3-1456786705,1.0825998741167369,1.0050806596862323,2340,4240,1456787206966
Running observer at: 1456787217588
production-topology2-2-1456786698,0.9690720049423126,1.0137570383435628,2280,1480,1456787218089
production-topology1-1-1456786691,1.004898441571839,1.0103810000483622,2240,1520,1456787218089
production-topology4-4-1456786712,0.9798781328036514,1.000195429904128,2360,4340,1456787218089
production-topology3-3-1456786705,0.9603369099799337,1.0073884581394987,1960,3540,1456787218089
Running observer at: 1456787228669
production-topology2-2-1456786698,0.9291479531161941,1.0078376387319377,2440,1400,1456787229251
production-topology1-1-1456786691,1.0315969985574978,1.0095881769978332,2340,1440,1456787229251
production-topology4-4-1456786712,0.9930386648243721,1.0023587332146915,2300,4140,1456787229251
production-topology3-3-1456786705,0.9770198411396098,1.005262049701715,2280,4120,1456787229251
Running observer at: 1456787239763
production-topology2-2-1456786698,1.251214431020644,1.015736306900462,1960,1400,1456787240297
production-topology1-1-1456786691,0.9846702024468851,1.0112282120025922,2000,1320,1456787240297
production-topology4-4-1456786712,0.9837266156462585,1.001039065553709,1960,3420,1456787240297
production-topology3-3-1456786705,1.0220123983371572,1.0070363706554486,2400,4360,1456787240297
Running observer at: 1456787250874
production-topology2-2-1456786698,0.8935395492708794,1.0172972178817246,2260,1420,1456787251443
production-topology1-1-1456786691,0.8698911960196272,1.0076674348501315,2280,1400,1456787251443
production-topology4-4-1456786712,0.9732876473643524,0.9982863537503093,2400,4360,1456787251443
production-topology3-3-1456786705,0.9643821802912712,1.0021424000417811,1980,3340,1456787251443
Running observer at: 1456787262027
production-topology2-2-1456786698,0.9424574083539856,1.0140683840983722,2260,1480,1456787262590
production-topology1-1-1456786691,1.1179321506552096,1.0085566585473698,2400,1520,1456787262590
production-topology4-4-1456786712,0.9979422157056912,0.9995206239999141,2260,4160,1456787262590
production-topology3-3-1456786705,0.9877712055044099,0.99930558120633,2240,4220,1456787262590
Running observer at: 1456787273097
production-topology2-2-1456786698,1.0691862389394289,1.0139699942936458,2020,1320,1456787273674
production-topology1-1-1456786691,1.0508656194930706,1.011096517952205,1980,1260,1456787273674
production-topology4-4-1456786712,1.0523081778082224,1.0006401397149005,1920,3420,1456787273674
production-topology3-3-1456786705,0.993885878285609,1.00253798131682,2440,4260,1456787273674
Running observer at: 1456787284245
production-topology2-2-1456786698,0.8802450231955096,1.010786970167777,2400,1500,1456787284752
production-topology1-1-1456786691,0.8116814226654042,1.0088902671502795,2260,1440,1456787284752
production-topology4-4-1456786712,0.9657718856834775,0.99930764196064,2440,4280,1456787284752
production-topology3-3-1456786705,1.0362696514012302,1.001864448227784,1940,3520,1456787284752
Running observer at: 1456787295287
production-topology2-2-1456786698,1.0275885118937857,1.0093686768848407,2200,1380,1456787295836
production-topology1-1-1456786691,1.0604686998394863,1.0117407518363748,2320,1440,1456787295836
production-topology4-4-1456786712,1.1039697332800782,1.0026072156654537,2240,4100,1456787295836
production-topology3-3-1456786705,0.9876128577831851,1.001525052083394,2240,4040,1456787295836
Running observer at: 1456787306311
production-topology2-2-1456786698,1.057397107897664,1.01186625474579,1980,1260,1456787306876
production-topology1-1-1456786691,1.0642690196674873,1.008520357739143,1880,1240,1456787306876
production-topology4-4-1456786712,0.9050278307951276,1.0008498370549277,2000,3560,1456787306876
production-topology3-3-1456786705,1.0576401266852522,1.0053724921629734,2040,3780,1456787306876
Running observer at: 1456787317479
production-topology2-2-1456786698,1.0696563614396333,1.0131521289213357,2340,1500,1456787317978
production-topology1-1-1456786691,0.9652938381306031,1.0127136159489163,2480,1520,1456787317978
production-topology4-4-1456786712,0.9560721434409605,0.9988828049758051,2380,4280,1456787317978
production-topology3-3-1456786705,0.9937234709210135,1.0048510339343026,2300,4060,1456787317978
Running observer at: 1456787328565
production-topology2-2-1456786698,0.94855220473387,1.0138131769524483,2200,1320,1456787329138
production-topology1-1-1456786691,0.9730896396878214,1.0052570536349181,2260,1500,1456787329139
production-topology4-4-1456786712,1.0768285383267697,1.0018907299146234,2180,4080,1456787329139
production-topology3-3-1456786705,1.002022812395039,1.0038246943004256,2240,4080,1456787329139
Running observer at: 1456787339601
production-topology2-2-1456786698,0.9621079427923578,1.0074831297251017,2060,1400,1456787340221
production-topology1-1-1456786691,0.9812211945833568,1.0064663208672946,2000,1180,1456787340221
production-topology4-4-1456786712,1.0061670524100577,1.000407898974193,2020,3500,1456787340221
production-topology3-3-1456786705,0.9623112451653508,1.002522999980721,2080,3700,1456787340221
Running observer at: 1456787350826
production-topology2-2-1456786698,1.0794457223404628,1.0164474299670572,2400,1520,1456787351393
production-topology1-1-1456786691,1.0272303702421812,1.0032716864555646,2240,1500,1456787351393
production-topology4-4-1456786712,0.9987627642635395,1.0019539140369385,2420,4360,1456787351393
production-topology3-3-1456786705,1.0369927473127565,1.0048449187156874,2300,4100,1456787351393
Running observer at: 1456787361912
production-topology2-2-1456786698,0.8211486564934841,1.0077308351491154,2220,1320,1456787362408
production-topology1-1-1456786691,1.047980921457017,1.0105665446210115,2380,1480,1456787362408
production-topology4-4-1456786712,0.9363356825741301,1.001505218614974,2220,3840,1456787362408
production-topology3-3-1456786705,0.9896986252453142,1.0052711862243584,2280,4160,1456787362409
Running observer at: 1456787373020
production-topology2-2-1456786698,1.1076028464179175,1.0150592271546715,2000,1420,1456787373657
production-topology1-1-1456786691,1.1644822096672947,1.010275971579887,1920,1240,1456787373658
production-topology4-4-1456786712,1.03754932122436,0.9984794543697569,1960,3580,1456787373658
production-topology3-3-1456786705,0.9038643700557323,1.0003428907258016,2120,3640,1456787373658
Running observer at: 1456787384253
production-topology2-2-1456786698,1.0233232231144151,1.009432785503133,2400,1540,1456787384757
production-topology1-1-1456786691,1.0255797566719866,1.009544551887142,2320,1600,1456787384757
production-topology4-4-1456786712,1.044119916145553,0.9999072921313737,2360,4400,1456787384757
production-topology3-3-1456786705,1.02421487950728,1.0019366366730247,2280,4060,1456787384757
Running observer at: 1456787395264
production-topology2-2-1456786698,1.0706817614128485,1.014154955928877,2180,1440,1456787395768
production-topology1-1-1456786691,0.8362137456165984,1.0078658248577423,2320,1540,1456787395768
production-topology4-4-1456786712,1.129989249925005,1.0064510649014742,2220,3920,1456787395768
production-topology3-3-1456786705,1.0342892138372688,1.0028433819382887,2300,4160,1456787395768
Running observer at: 1456787406354
production-topology2-2-1456786698,0.9922072693811822,1.017007807146132,2040,1300,1456787406996
production-topology1-1-1456786691,0.983751550593656,1.0039318377033541,1900,1180,1456787406996
production-topology4-4-1456786712,0.8233342118217533,0.9969878418715232,2100,3700,1456787406996
production-topology3-3-1456786705,1.004838152083233,1.0013586964985042,1900,3640,1456787406997
Running observer at: 1456787417630
production-topology2-2-1456786698,0.8567378145534648,1.0094821076336649,2400,1460,1456787418134
production-topology1-1-1456786691,0.9725127788247176,1.0061726287082153,2500,1580,1456787418134
production-topology4-4-1456786712,1.032177439366158,1.00034908720638,2360,4260,1456787418134
production-topology3-3-1456786705,1.011775221344142,1.0009921257703134,2320,4120,1456787418135
Running observer at: 1456787428660
production-topology2-2-1456786698,1.1327342649639487,1.016113624140957,2120,1500,1456787429214
production-topology1-1-1456786691,1.0831122393117922,1.004499464695847,2200,1480,1456787429214
production-topology4-4-1456786712,0.9997013258135217,1.0029360047413742,2180,3980,1456787429214
production-topology3-3-1456786705,1.035053568609671,1.0039077130815246,2280,4160,1456787429214
Running observer at: 1456787439815
production-topology2-2-1456786698,0.9769735134786569,1.0161506169129018,2100,1320,1456787440468
production-topology1-1-1456786691,1.0185491276400367,1.005690219755524,1980,1180,1456787440469
production-topology4-4-1456786712,1.055937692092342,1.0028139184795515,1980,3720,1456787440469
production-topology3-3-1456786705,0.9838343562863074,1.00530075575868,2040,3600,1456787440469
Running observer at: 1456787451002
production-topology2-2-1456786698,1.05747013794962,1.0169815299502738,2320,1520,1456787451509
production-topology1-1-1456786691,0.9300006592827004,1.0000962938076166,2400,1500,1456787451509
production-topology4-4-1456786712,0.9747979797979797,1.0024932760450629,2500,4320,1456787451509
production-topology3-3-1456786705,0.955220655786779,1.0011308905654777,2340,4160,1456787451509
Running observer at: 1456787462017
production-topology2-2-1456786698,0.9057499358241003,1.0060513041774048,2220,1400,1456787462515
production-topology1-1-1456786691,1.1106086390121985,1.0066155722877932,2300,1480,1456787462515
production-topology4-4-1456786712,0.9341037376048817,0.9992492973941693,2260,4100,1456787462515
production-topology3-3-1456786705,1.0020946181233263,1.0013049381763353,2340,4200,1456787462515
Running observer at: 1456787473085
production-topology2-2-1456786698,1.0270800850460664,1.0106817115491353,2100,1300,1456787473743
production-topology1-1-1456786691,0.9701610692911501,1.0044530711938557,1860,1200,1456787473743
production-topology4-4-1456786712,1.0531937421079776,1.0008729163909085,1880,3400,1456787473743
production-topology3-3-1456786705,1.096045385108438,1.0052665560791434,1980,3700,1456787473743
Running observer at: 1456787484287
production-topology2-2-1456786698,0.9978015589568255,1.015251926972815,2360,1580,1456787484841
production-topology1-1-1456786691,0.9670597377790213,1.0018520830044197,2460,1560,1456787484841
production-topology4-4-1456786712,1.0045686704033003,1.0015338193944767,2480,4340,1456787484841
production-topology3-3-1456786705,0.9574520852901538,1.0041636323262166,2340,4100,1456787484841
Running observer at: 1456787495351
production-topology2-2-1456786698,0.9470996561540768,1.0052644862742721,2140,1360,1456787495831
production-topology1-1-1456786691,1.0980578817672928,1.01105380169148,2220,1500,1456787495831
production-topology4-4-1456786712,1.0103318037393572,1.001060613286594,2260,4140,1456787495831
production-topology3-3-1456786705,1.0066137520338596,1.0048489088012622,2260,4180,1456787495831
Running observer at: 1456787506402
production-topology2-2-1456786698,1.2004230263533986,1.0122495591447287,1960,1320,1456787507062
production-topology1-1-1456786691,0.8307255448843343,1.0004840258165986,2000,1160,1456787507063
production-topology4-4-1456786712,1.0100117436381084,1.00437186624668,1900,3420,1456787507063
production-topology3-3-1456786705,0.9541764150943396,1.0039019460389842,2000,3620,1456787507063
Running observer at: 1456787517596
production-topology2-2-1456786698,0.9031979196282766,1.0075366196621856,2460,1580,1456787518122
production-topology1-1-1456786691,1.19047865994501,1.0065654790784617,2300,1560,1456787518122
production-topology4-4-1456786712,0.9915483529981266,1.0009090681610937,2420,4380,1456787518122
production-topology3-3-1456786705,1.0978547266480585,1.0027431646114724,2300,4100,1456787518122
Running observer at: 1456787528602
production-topology2-2-1456786698,0.9819161017575384,1.009227225396358,2140,1340,1456787529145
production-topology1-1-1456786691,0.887854545646891,1.0033727027271435,2340,1480,1456787529145
production-topology4-4-1456786712,1.0668273801984154,1.0033075080167289,2040,3600,1456787529145
production-topology3-3-1456786705,0.9744259273812539,1.0032011050584573,2220,4160,1456787529146
Running observer at: 1456787539692
production-topology2-2-1456786698,1.1797781295811602,1.0087178787001236,2040,1360,1456787540323
production-topology1-1-1456786691,1.0530597377367654,1.0037765866229644,1900,1240,1456787540323
production-topology4-4-1456786712,0.9964897856789748,1.0031266479160836,2220,4000,1456787540323
production-topology3-3-1456786705,0.9936503117310875,1.0002361196456022,2160,3680,1456787540323
Running observer at: 1456787550922
production-topology2-2-1456786698,0.904678652344554,1.0065714336135316,2540,1520,1456787551416
production-topology1-1-1456786691,1.0001244349978478,1.003617453070498,2520,1580,1456787551416
production-topology4-4-1456786712,0.9600189709490194,1.0024646758542626,2360,4260,1456787551416
production-topology3-3-1456786705,0.9777877116722256,1.0008178130353451,2240,4100,1456787551416
Running observer at: 1456787561984
production-topology2-2-1456786698,1.101978082891221,1.012332437939366,1980,1420,1456787562467
production-topology1-1-1456786691,1.0918096876596166,1.0056245427072354,2220,1420,1456787562467
production-topology4-4-1456786712,1.0032830163540396,1.0028061542385849,2060,3680,1456787562468
production-topology3-3-1456786705,1.000040160960811,1.0015851570293852,2260,4160,1456787562468
Running observer at: 1456787573006
production-topology2-2-1456786698,0.8343523425062574,0.9984370349888864,2100,1340,1456787573605
production-topology1-1-1456786691,0.9029773645158261,1.0029014481095335,1960,1240,1456787573605
production-topology4-4-1456786712,0.9628478540744574,1.0021101955195248,2140,3860,1456787573605
production-topology3-3-1456786705,1.1031156085311877,1.0042885973691862,1940,3720,1456787573605
Running observer at: 1456787584199
production-topology2-2-1456786698,1.0673307025467915,1.0042300734314167,2460,1580,1456787584655
production-topology1-1-1456786691,0.9734219858156031,1.006352474436066,2400,1520,1456787584655
production-topology4-4-1456786712,1.0771331182304593,1.0055717112150617,2440,4380,1456787584656
production-topology3-3-1456786705,0.9270114491225521,1.0030429063302289,2360,4120,1456787584656
Running observer at: 1456787595177
production-topology2-2-1456786698,0.9658077622721176,1.0050084185620212,2120,1320,1456787595767
production-topology1-1-1456786691,1.1745223839854184,1.008238815547073,2300,1480,1456787595767
production-topology4-4-1456786712,0.9664812984017137,1.0045230139715957,2040,3640,1456787595767
production-topology3-3-1456786705,1.0707675850870282,1.0058094523163161,2300,4080,1456787595767
Running observer at: 1456787606246
production-topology2-2-1456786698,0.9454808365653952,1.0008849051495534,2040,1340,1456787606826
production-topology1-1-1456786691,0.842801403207331,1.0013033416708816,1940,1240,1456787606827
production-topology4-4-1456786712,0.9570232013181754,1.0013468480885943,2160,3920,1456787606827
production-topology3-3-1456786705,0.9177914353928958,1.003272970886559,2100,3740,1456787606827
Running observer at: 1456787617435
production-topology2-2-1456786698,1.0453094515366512,1.0063870527609247,2280,1480,1456787617981
production-topology1-1-1456786691,1.1689272376267565,1.0132115355029268,2220,1460,1456787617982
production-topology4-4-1456786712,1.0199237223493516,1.0031519093107901,2300,4080,1456787617982
production-topology3-3-1456786705,0.9452851984457415,1.0002401557880427,2160,3860,1456787617982
Running observer at: 1456787628548
production-topology2-2-1456786698,1.1464998976106766,1.0103507656181545,2340,1460,1456787629082
production-topology1-1-1456786691,0.83018313757764,1.0055353500941986,2460,1520,1456787629082
production-topology4-4-1456786712,1.0209151400310263,1.0003834228691548,2160,3860,1456787629082
production-topology3-3-1456786705,1.0903951723730292,1.0036662329410375,2420,4400,1456787629082
Running observer at: 1456787639549
production-topology2-2-1456786698,0.9333252930801949,1.0062150384575719,2000,1240,1456787640089
production-topology1-1-1456786691,1.0703161452225125,1.0057369209460327,1980,1260,1456787640089
production-topology4-4-1456786712,0.9732373423127292,1.0026570732530748,2180,3920,1456787640089
production-topology3-3-1456786705,1.041567445154219,1.0031304768900031,2020,3660,1456787640089
Running observer at: 1456787650791
production-topology2-2-1456786698,0.8569773571720939,0.9991257383153207,2340,1500,1456787651322
production-topology1-1-1456786691,1.0156249999999998,1.0074146263416794,2240,1480,1456787651323
production-topology4-4-1456786712,1.019068294632412,1.0047569449594564,2240,4020,1456787651323
production-topology3-3-1456786705,0.9745653496103266,1.0024918728463135,2120,3860,1456787651323
Running observer at: 1456787661888
production-topology2-2-1456786698,1.1706653070647992,1.0065295083930184,2260,1480,1456787662439
production-topology1-1-1456786691,0.9470075152797975,1.006545222194745,2300,1600,1456787662439
production-topology4-4-1456786712,0.9966721555868843,1.0020850655347937,2220,4020,1456787662439
production-topology3-3-1456786705,0.9931029724967982,1.0021945448497056,2480,4380,1456787662439
Running observer at: 1456787672925
production-topology2-2-1456786698,1.0360931027436704,1.0089956803913955,1960,1260,1456787673419
production-topology1-1-1456786691,1.116949936658783,1.0110695135972594,1960,1220,1456787673419
production-topology4-4-1456786712,1.003053358095375,1.001981275724304,2160,3880,1456787673419
production-topology3-3-1456786705,1.021336186568572,1.0041620428964797,1900,3460,1456787673420
Running observer at: 1456787684051
production-topology2-2-1456786698,1.0059892677048687,1.0065471319035424,2440,1500,1456787684592
production-topology1-1-1456786691,1.0787261750304604,1.0127860404235354,2300,1380,1456787684592
production-topology4-4-1456786712,1.0133294748679365,1.0024668327444508,2260,4060,1456787684592
production-topology3-3-1456786705,0.9683200817631455,1.001872954044826,2280,4120,1456787684593
Running observer at: 1456787695142
production-topology2-2-1456786698,0.9014428219940095,1.0092236040868932,2000,1200,1456787695665
production-topology1-1-1456786691,0.9767272572940416,1.0104109182847696,2420,1540,1456787695665
production-topology4-4-1456786712,0.978005592379271,1.0038558297379556,2160,3980,1456787695665
production-topology3-3-1456786705,1.0320203496619293,1.0032836781920464,2440,4340,1456787695666
Running observer at: 1456787706125
production-topology2-2-1456786698,1.0633247925642824,1.0077476689584386,2340,1460,1456787706657
production-topology1-1-1456786691,1.021344382588949,1.005639657382158,1960,1220,1456787706657
production-topology4-4-1456786712,1.052155002727342,1.0043426857880549,2160,3920,1456787706657
production-topology3-3-1456786705,1.0217548494354898,1.0072133608380385,1920,3460,1456787706657
Running observer at: 1456787717268
production-topology2-2-1456786698,1.009916730472053,1.0073007858703602,2220,1500,1456787717826
production-topology1-1-1456786691,0.9414973853580052,1.002836911671692,2260,1460,1456787717826
production-topology4-4-1456786712,0.9839522076364182,1.002337095504417,2300,4040,1456787717826
production-topology3-3-1456786705,0.9588005748248265,1.00503288401529,2320,4120,1456787717826
Running observer at: 1456787728385
production-topology2-2-1456786698,0.903054572358527,1.0017132129018826,2000,1220,1456787728961
production-topology1-1-1456786691,1.1232724642932634,1.0124055356275805,2140,1400,1456787728961
production-topology4-4-1456786712,0.9507758805841924,0.9963633165263899,1920,3520,1456787728961
production-topology3-3-1456786705,1.061979042978313,1.0059558783199916,2360,4340,1456787728961
Running observer at: 1456787739455
production-topology2-2-1456786698,1.0607294394955802,1.0039972852390293,2380,1540,1456787739949
production-topology1-1-1456786691,0.9338271618425437,1.010741389335877,2200,1340,1456787739949
production-topology4-4-1456786712,1.0764446021454668,1.0048003295371803,2460,4340,1456787739949
production-topology3-3-1456786705,0.949690257523681,1.0041176151680065,1940,3500,1456787739950
Running observer at: 1456787750456
production-topology2-2-1456786698,0.9621972129922226,1.0075125985203213,2240,1420,1456787750935
production-topology1-1-1456786691,1.0563128606585572,1.0135347253970048,2300,1520,1456787750935
production-topology4-4-1456786712,0.9503691823330143,1.0020733876360757,2240,4180,1456787750935
production-topology3-3-1456786705,0.9805459026036474,1.0030766378766567,2360,4060,1456787750935
Running observer at: 1456787761477
production-topology2-2-1456786698,1.0147897656150155,1.0035811152086902,1940,1280,1456787762137
production-topology1-1-1456786691,0.9203488494163098,1.0081092790671555,2060,1300,1456787762137
production-topology4-4-1456786712,0.9716476190982913,1.0011382640789013,2020,3500,1456787762138
production-topology3-3-1456786705,0.989303316216952,1.0015516294635658,2000,3760,1456787762138
Running observer at: 1456787772600
production-topology2-2-1456786698,1.0338749122524584,1.0054778285011503,2460,1500,1456787773099
production-topology1-1-1456786691,1.101184881160163,1.010863804184493,2240,1360,1456787773099
production-topology4-4-1456786712,1.1001515409732643,1.0026120590415988,2340,4280,1456787773099
production-topology3-3-1456786705,1.007615422122419,1.002344331658103,2260,4020,1456787773100
Running observer at: 1456787783639
production-topology2-2-1456786698,0.9996681168624333,1.0035510944649106,2260,1500,1456787784141
production-topology1-1-1456786691,0.8679192129084459,1.0087944226386845,2360,1440,1456787784141
production-topology4-4-1456786712,0.9742826794000321,1.0025948823616673,2300,4140,1456787784141
production-topology3-3-1456786705,1.051364458749887,1.0055491250902064,2200,4160,1456787784141
Running observer at: 1456787794733
production-topology2-2-1456786698,0.9986756372157333,1.0066486178446317,1920,1260,1456787795499
production-topology1-1-1456786691,1.0625233883688763,1.0071915809505738,2020,1340,1456787795499
production-topology4-4-1456786712,0.9871485984977726,1.0043630443914302,1900,3420,1456787795499
production-topology3-3-1456786705,0.9916659304414406,1.005201502167477,2100,3740,1456787795500
Running observer at: 1456787805972
production-topology2-2-1456786698,0.973157531979819,1.00485119940909,2420,1580,1456787806452
production-topology1-1-1456786691,1.063828428563723,1.0103138262596596,2260,1460,1456787806452
production-topology4-4-1456786712,1.0176063397846684,1.00317679764732,2360,4360,1456787806453
production-topology3-3-1456786705,0.9386097797695916,0.9999536486561823,2280,3940,1456787806453
/var/nimbus/storm/bin/storm rebalance production-topology3 -e spout_head=11
1456787806734
/var/nimbus/storm/bin/storm rebalance production-topology2 -e spout_head=9
Running observer at: 1456787816906
production-topology2-2-1456786698,1.0003970386859151,1.0003970386859151,217920,139900,1456787817362
production-topology1-1-1456786691,0.966675008341675,1.0103010019450815,2280,1540,1456787817363
production-topology4-4-1456786712,0.9723706795342759,1.0021035312850193,2340,4160,1456787817363
production-topology3-3-1456786705,1.001189915465273,1.001189915465273,216600,389960,1456787817363
Running observer at: 1456787827832
production-topology2-2-1456786698,0.0,0.5001985193429576,40,40,1456787828403
production-topology1-1-1456786691,0.9547335244368146,1.0055235233673987,1980,1180,1456787828403
production-topology4-4-1456786712,1.0760292262270639,1.0042934453679426,1900,3420,1456787828403
production-topology3-3-1456786705,1.6666666666666667,1.3339282910659698,60,140,1456787828403
Running observer at: 1456787839053
production-topology2-2-1456786698,1.0,0.6667990128953051,0,0,1456787839572
production-topology1-1-1456786691,0.9877790874700673,1.01075864145359,2280,1500,1456787839572
production-topology4-4-1456786712,0.8645205091351337,0.9994437375511768,2340,4080,1456787839572
production-topology3-3-1456786705,2.0,1.5559521940439798,0,0,1456787839573
Running observer at: 1456787845283
production-topology2-2-1456786698,1.0,0.7500992596714788,0,0,1456787845812
production-topology1-1-1456786691,1.0312084257206209,1.00544963364611,1260,780,1456787845812
production-topology4-4-1456786712,1.3419025908887305,1.0111222121475303,1140,2200,1456787845812
production-topology3-3-1456786705,2.0,1.6669641455329849,0,0,1456787845813
Running observer at: 1456787846336
production-topology2-2-1456786698,1.0,0.8000794077371831,0,0,1456787846959
production-topology1-1-1456786691,2.008928571428571,1.0428187678388328,160,120,1456787846959
production-topology4-4-1456786712,0.29673327664399096,0.9854524086957159,140,220,1456787846959
production-topology3-3-1456786705,0.0,1.3335713164263878,195060,0,1456787846959
Running observer at: 1456787850057
production-topology2-2-1456786698,1.0019329219664521,0.833721660108728,0,56000,1456787850551
production-topology1-1-1456786691,0.9695206611570248,1.0400341319528414,1000,640,1456787850551
production-topology4-4-1456786712,1.0731876418942354,0.9880090039028915,980,1740,1456787850551
production-topology3-3-1456786705,0.9983331585994653,1.2776982901219007,130440,234080,1456787850551
Running observer at: 1456787861018
production-topology2-2-1456786698,1.0019329219664521,0.8577518403741171,0,56000,1456787861537
production-topology1-1-1456786691,0.9506800279476649,1.0383859850511687,1900,1240,1456787861537
production-topology4-4-1456786712,0.9714493020693779,0.9883900149402366,2100,3660,1456787861537
production-topology3-3-1456786705,0.8436503057377374,1.2156914352098773,1860,2800,1456787861538
Running observer at: 1456787872162
production-topology2-2-1456786698,0.9313700974263173,0.8669541225056421,1300,800,1456787872771
production-topology1-1-1456786691,1.0632237122179649,1.0374331192031137,2280,1500,1456787872771
production-topology4-4-1456786712,0.9868294520116456,0.9878415627954901,2240,4140,1456787872771
production-topology3-3-1456786705,0.9734675903034692,1.1854134545965764,2460,4280,1456787872771
Running observer at: 1456787883280
production-topology2-2-1456786698,0.9900231967055567,0.8806284640834103,2080,1340,1456787883817
production-topology1-1-1456786691,1.0042924936541957,1.0408102901743925,2440,1540,1456787883817
production-topology4-4-1456786712,1.0083509199134197,0.9893583316567888,1920,3520,1456787883817
production-topology3-3-1456786705,1.101786198665469,1.1761215372708977,2300,4420,1456787883818
Running observer at: 1456787894305
production-topology2-2-1456786698,1.0982136385076826,0.9023869815258376,1920,1280,1456787894845
production-topology1-1-1456786691,0.9609672871426813,1.040395133551962,1880,1120,1456787894845
production-topology4-4-1456786712,0.9752201424316638,0.9859612324634955,2460,4340,1456787894845
production-topology3-3-1456786705,0.9109999847580335,1.1496093820196114,2520,4420,1456787894845
Running observer at: 1456787905411
production-topology2-2-1456786698,0.8225000921947305,0.8951245370411914,1980,1200,1456787905900
production-topology1-1-1456786691,1.0437977144216142,1.0360376445665018,2300,1480,1456787905900
production-topology4-4-1456786712,1.0560354823747682,0.9889463719292642,2240,4000,1456787905900
production-topology3-3-1456786705,0.9468577009967128,1.1311774110175297,2420,4400,1456787905901
Running observer at: 1456787916577
production-topology2-2-1456786698,1.061691542288557,0.9090051208118052,2060,1320,1456787917276
production-topology1-1-1456786691,0.9494500887822058,1.039592600752331,2440,1520,1456787917276
production-topology4-4-1456786712,0.9675008144577067,0.9892956257005818,1960,3560,1456787917276
production-topology3-3-1456786705,1.0223768216385614,1.122110695235949,2340,4240,1456787917276
Running observer at: 1456787927721
production-topology2-2-1456786698,1.2941296970207836,0.9386300882124959,1900,1280,1456787928226
production-topology1-1-1456786691,1.0577125341285811,1.0358854439690584,1940,1300,1456787928226
production-topology4-4-1456786712,0.9477356396180661,0.9868893562762058,2460,4280,1456787928227
production-topology3-3-1456786705,1.0433816500012918,1.116054614833283,2580,4600,1456787928227
Running observer at: 1456787938801
production-topology2-2-1456786698,0.9176554676175217,0.9371319010271406,1980,1280,1456787939297
production-topology1-1-1456786691,0.9636237723495341,1.0403334651281217,2280,1400,1456787939297
production-topology4-4-1456786712,1.1081306173778105,0.9897965388544318,2200,4100,1456787939297
production-topology3-3-1456786705,0.9820283731288648,1.106481311854396,2480,4280,1456787939298
Running observer at: 1456787949952
production-topology2-2-1456786698,0.8966449958098741,0.9344327740126561,2040,1260,1456787950547
production-topology1-1-1456786691,1.0526709096399076,1.0397452906087015,2380,1580,1456787950547
production-topology4-4-1456786712,1.0327085832646028,0.9917789135528278,1920,3460,1456787950547
production-topology3-3-1456786705,1.0476864094040157,1.1025616516910373,2260,4260,1456787950548
Running observer at: 1456787961001
production-topology2-2-1456786698,1.1640031250395175,0.948780920951835,1960,1280,1456787961485
production-topology1-1-1456786691,1.0276553539793642,1.0401463024080135,1940,1220,1456787961485
production-topology4-4-1456786712,0.9543158779376505,0.9896204996630023,2540,4440,1456787961485
production-topology3-3-1456786705,1.0229654402099033,1.0975868884734665,2540,4500,1456787961485
Running observer at: 1456787971974
production-topology2-2-1456786698,0.9808019596328678,0.9506645114624839,1940,1240,1456787972473
production-topology1-1-1456786691,0.9508760309110982,1.0402752529290569,2320,1460,1456787972473
production-topology4-4-1456786712,1.0566502270066034,0.9916197687103262,2140,4040,1456787972474
production-topology3-3-1456786705,0.9496219576822902,1.088883069015162,2380,4280,1456787972474
Running observer at: 1456787982931
production-topology2-2-1456786698,0.9951882219163327,0.9531380509321422,1900,1220,1456787983549
production-topology1-1-1456786691,0.9081670364062565,1.0333158229206394,2120,1340,1456787983550
production-topology4-4-1456786712,0.9338606631463774,0.9893133455453597,1980,3560,1456787983550
production-topology3-3-1456786705,0.9911578828054486,1.0834538920035113,2320,4140,1456787983550
Running observer at: 1456787994109
production-topology2-2-1456786698,0.826207713009418,0.9464575068309461,1920,1220,1456787994706
production-topology1-1-1456786691,1.2302702230318963,1.0383672911873538,2140,1380,1456787994706
production-topology4-4-1456786712,0.9740902959078589,0.9880053729133571,2280,4120,1456787994707
production-topology3-3-1456786705,1.039313485924148,1.0811307127361764,2300,4260,1456787994707
Running observer at: 1456788005258
production-topology2-2-1456786698,0.9129795680239926,0.9447836098905984,2180,1400,1456788005741
production-topology1-1-1456786691,0.8564343335697953,1.0343575270632122,2400,1500,1456788005741
production-topology4-4-1456786712,1.021341434873029,0.9894499009964824,2420,4320,1456788005741
production-topology3-3-1456786705,1.01005249734884,1.0775768019668095,2680,4760,1456788005741
Running observer at: 1456788016188
production-topology2-2-1456786698,1.176040828265278,0.9557958583846309,1840,1220,1456788016755
production-topology1-1-1456786691,1.149033880699492,1.0386138436668972,2000,1320,1456788016755
production-topology4-4-1456786712,1.0955400207285535,0.9908960682631893,1920,3540,1456788016755
production-topology3-3-1456786705,1.0326962814810037,1.0754396343246284,2220,4060,1456788016755
Running observer at: 1456788027370
production-topology2-2-1456786698,1.1269278350515464,0.9635745845967634,1940,1220,1456788027982
production-topology1-1-1456786691,0.9917125695323552,1.0402876831393755,2220,1460,1456788027982
production-topology4-4-1456786712,0.9375696819989181,0.9893499840752729,2320,4140,1456788027982
production-topology3-3-1456786705,0.9315759677582118,1.0689003767534275,2420,4260,1456788027983
Running observer at: 1456788038456
production-topology2-2-1456786698,0.9277426963680232,0.9620166764129052,2020,1320,1456788038943
production-topology1-1-1456786691,1.0086569735539266,1.0364671667813978,2360,1540,1456788038943
production-topology4-4-1456786712,1.0459946027034408,0.9925239414792478,2400,4280,1456788038943
production-topology3-3-1456786705,1.0349685961636395,1.067425081945176,2640,4740,1456788038943
Running observer at: 1456788049405
production-topology2-2-1456786698,0.9080274160732993,0.959767123898755,1960,1300,1456788050003
production-topology1-1-1456786691,0.9199646824211934,1.0360050841340194,2020,1240,1456788050003
production-topology4-4-1456786712,0.9217380459460645,0.9873670562726011,1920,3460,1456788050003
production-topology3-3-1456786705,0.9678340775205218,1.0632754567608154,2220,4060,1456788050003
Running observer at: 1456788060594
production-topology2-2-1456786698,1.110757840139484,0.9658067525483841,1960,1220,1456788061206
production-topology1-1-1456786691,1.0082015795599628,1.0344013747640661,2180,1440,1456788061206
production-topology4-4-1456786712,1.0626406550356455,0.9911094386960221,2260,4160,1456788061206
production-topology3-3-1456786705,0.9766468181487691,1.0598103112163335,2400,4340,1456788061206
Running observer at: 1456788071814
production-topology2-2-1456786698,0.936391824490203,0.964675409161531,2020,1320,1456788072305
production-topology1-1-1456786691,1.027346807108094,1.037967973353792,2460,1580,1456788072305
production-topology4-4-1456786712,1.021597971535076,0.992774450443915,2400,4360,1456788072305
production-topology3-3-1456786705,1.0747106455379694,1.060383400997935,2620,4720,1456788072305
Running observer at: 1456788082769
production-topology2-2-1456786698,1.0029638360750954,0.9660934990472186,2020,1220,1456788083354
production-topology1-1-1456786691,0.9768148846952883,1.033822306804963,2040,1240,1456788083354
production-topology4-4-1456786712,0.9621895680627929,0.9881757180135661,1980,3420,1456788083354
production-topology3-3-1456786705,0.9778742111820301,1.0573275050788273,2260,4060,1456788083354
Running observer at: 1456788093950
production-topology2-2-1456786698,0.9319984950114819,0.9648758203316566,1980,1240,1456788094421
production-topology1-1-1456786691,1.0035243795145525,1.0383424790251665,2120,1400,1456788094421
production-topology4-4-1456786712,0.9919512505661596,0.9887646703857702,2300,4140,1456788094422
production-topology3-3-1456786705,0.9834357923497268,1.0546885153385024,2400,4360,1456788094422
Running observer at: 1456788105128
production-topology2-2-1456786698,1.0396879842625353,0.9674555501223765,1980,1320,1456788105613
production-topology1-1-1456786691,1.0025133618236797,1.0363421448069934,2480,1560,1456788105613
production-topology4-4-1456786712,1.043654387913221,0.9906481966996185,2440,4340,1456788105613
production-topology3-3-1456786705,1.0374091985650602,1.0540926768290733,2660,4760,1456788105613
Running observer at: 1456788116091
production-topology2-2-1456786698,1.0347790459467368,0.9696996666498553,2000,1300,1456788116706
production-topology1-1-1456786691,1.066328735949978,1.0364254883865351,2000,1260,1456788116706
production-topology4-4-1456786712,0.95128096501781,0.9884373508740566,1840,3400,1456788116706
production-topology3-3-1456786705,0.9852540791243918,1.0517980569055838,2200,4000,1456788116706
Running observer at: 1456788127176
production-topology2-2-1456786698,0.9088434971675367,0.966647881932576,1920,1260,1456788127671
production-topology1-1-1456786691,1.1268362093821638,1.0417641950878846,2140,1360,1456788127671
production-topology4-4-1456786712,1.0275648781547146,0.9902771574947379,2340,4160,1456788127671
production-topology3-3-1456786705,0.9925843615683188,1.0515112051090187,2460,4300,1456788127671
Running observer at: 1456788138267
production-topology2-2-1456786698,1.1405204790936163,1.0046652312356965,2060,1260,1456788138858
production-topology1-1-1456786691,1.0017879645234764,1.0433326764241069,2460,1480,1456788138858
production-topology4-4-1456786712,1.0946706830371895,0.9908985393884088,1880,3520,1456788138858
production-topology3-3-1456786705,1.0681090998744702,1.0315592862159455,2260,4320,1456788138858
Running observer at: 1456788149375
production-topology2-2-1456786698,0.988095238095238,1.0042684058388713,2020,1240,1456788149896
production-topology1-1-1456786691,0.9055786943493253,1.040592663320082,2020,1420,1456788149896
production-topology4-4-1456786712,0.9387064137308039,0.993371402874931,2460,4340,1456788149896
production-topology3-3-1456786705,0.8660957396225127,0.993762477536696,2560,4460,1456788149896
Running observer at: 1456788160439
production-topology2-2-1456786698,1.0323172226724557,1.0053456465946198,1860,1280,1456788160922
production-topology1-1-1456786691,0.889635242768245,1.0358735572216695,2160,1360,1456788160923
production-topology4-4-1456786712,0.9583750604093557,0.9805871518589518,2320,4120,1456788160923
production-topology3-3-1456786705,1.108955507584451,0.9640609944561774,2400,4380,1456788160923
Running observer at: 1456788171509
production-topology2-2-1456786698,1.0334117487899468,1.0064593715542847,2080,1200,1456788172132
production-topology1-1-1456786691,1.1626037844613395,1.0076627309894284,2300,1540,1456788172133
production-topology4-4-1456786712,1.0608170435951378,1.0060566107573234,1840,3440,1456788172133
production-topology3-3-1456786705,0.9721502277263878,0.996466002047057,2400,4340,1456788172133
Running observer at: 1456788182725
production-topology2-2-1456786698,1.0075082770173325,1.0066452167226474,2060,1260,1456788183246
production-topology1-1-1456786691,0.9145085371142084,1.0058289935213347,2080,1340,1456788183246
production-topology4-4-1456786712,0.9897047186187627,1.003273846648141,2380,4380,1456788183246
production-topology3-3-1456786705,1.029781168271555,0.9975142690361267,2480,4580,1456788183246
Running observer at: 1456788193824
production-topology2-2-1456786698,1.0711343808034446,1.0089519320172138,1800,1340,1456788194282
production-topology1-1-1456786691,1.0110441491027629,1.0078411308931712,2240,1380,1456788194282
production-topology4-4-1456786712,0.9784435560296352,1.0035069884468162,2360,4100,1456788194282
production-topology3-3-1456786705,0.9693456784302663,1.0017041147925443,2420,4260,1456788194282
Running observer at: 1456788204828
production-topology2-2-1456786698,0.8619672544549195,1.0066385039181671,2060,1180,1456788205408
production-topology1-1-1456786691,0.923050363745238,1.0031686859440803,2380,1540,1456788205408
production-topology4-4-1456786712,0.9779988466937218,1.0032126349362187,1940,3500,1456788205409
production-topology3-3-1456786705,1.04327293491713,1.0040309596129997,2320,4260,1456788205409
Running observer at: 1456788215943
production-topology2-2-1456786698,1.07963724769875,1.0096256389512734,1760,1160,1456788216513
production-topology1-1-1456786691,1.1991391593135887,1.0096635747993934,1840,1180,1456788216513
production-topology4-4-1456786712,0.9850043137214067,1.0024344147298183,2340,4080,1456788216514
production-topology3-3-1456786705,1.0064302142417958,1.0008524267988774,2320,4120,1456788216514
Running observer at: 1456788227037
production-topology2-2-1456786698,0.9564488293715062,1.004900145313401,2240,1400,1456788227522
production-topology1-1-1456786691,1.0419307149279853,1.01236235572557,2400,1560,1456788227522
production-topology4-4-1456786712,0.9965551057302993,1.0031455801731062,2360,4360,1456788227522
production-topology3-3-1456786705,0.9296714108984554,1.0014748076702247,2660,4700,1456788227522
Running observer at: 1456788237983
production-topology2-2-1456786698,0.9405090376647596,1.0088337768290687,1980,1220,1456788238491
production-topology1-1-1456786691,0.9293125699585326,1.0085461842434675,2300,1460,1456788238491
production-topology4-4-1456786712,1.0253487014191525,1.0021226874745854,1960,3420,1456788238491
production-topology3-3-1456786705,1.0297943754316887,1.004239363484724,2240,4020,1456788238491
Running observer at: 1456788249085
production-topology2-2-1456786698,1.1745317652703788,1.0125951175951295,1720,1220,1456788249695
production-topology1-1-1456786691,0.9372688398674597,1.0081401426129761,1900,1240,1456788249695
production-topology4-4-1456786712,1.0096684174527475,1.0035282742410867,2220,4180,1456788249695
production-topology3-3-1456786705,1.0050976409127885,1.0036633907938648,2460,4400,1456788249695
Running observer at: 1456788260153
production-topology2-2-1456786698,1.028799715909091,1.0037507848914065,2220,1320,1456788260633
production-topology1-1-1456786691,1.0809632748232068,1.008915167302797,2400,1540,1456788260633
production-topology4-4-1456786712,0.9505654776628902,1.0036226021759143,2460,4280,1456788260634
production-topology3-3-1456786705,0.9722960334919374,1.001293870243553,2640,4720,1456788260634
Running observer at: 1456788271111
production-topology2-2-1456786698,0.8714844207981435,1.0022117499974272,2020,1280,1456788271649
production-topology1-1-1456786691,0.9735727259369564,1.0092467990890444,2160,1360,1456788271649
production-topology4-4-1456786712,1.0298488620199147,1.0010132103306513,1920,3480,1456788271649
production-topology3-3-1456786705,1.0535884007491094,1.003679204497561,2180,4100,1456788271650
Running observer at: 1456788282149
production-topology2-2-1456786698,1.2340714547698122,1.0134592986294249,1800,1240,1456788282859
production-topology1-1-1456786691,1.106308531439745,1.0110347198157057,2020,1300,1456788282859
production-topology4-4-1456786712,1.0286517631478858,1.0008779829934273,2240,4060,1456788282860
production-topology3-3-1456786705,0.9996216830554826,1.00207704695261,2460,4220,1456788282860
Running observer at: 1456788293456
production-topology2-2-1456786698,1.0163945227653348,1.0085390118869522,2120,1380,1456788293942
production-topology1-1-1456786691,0.9534643766191239,1.008561687237031,2400,1540,1456788293943
production-topology4-4-1456786712,1.0111689800676877,1.002773086397762,2460,4460,1456788293943
production-topology3-3-1456786705,1.0745432391742695,1.0037963069180889,2580,4740,1456788293943
Running observer at: 1456788304416
production-topology2-2-1456786698,0.9280223832577685,1.0067796926744488,1980,1200,1456788304933
production-topology1-1-1456786691,0.9940565883257936,1.0100010391508543,2120,1340,1456788304933
production-topology4-4-1456786712,0.9990518912388573,1.0008531418721704,1960,3420,1456788304933
production-topology3-3-1456786705,0.917967298402081,1.0027411516087485,2240,4020,1456788304933
Running observer at: 1456788315532
production-topology2-2-1456786698,1.0109613239124304,1.0073054627409854,1800,1160,1456788316037
production-topology1-1-1456786691,0.9452070081464122,1.0112357048755258,2060,1320,1456788316038
production-topology4-4-1456786712,0.9457062551273911,1.0012479949382043,2320,4200,1456788316038
production-topology3-3-1456786705,1.0265642604670964,1.0039213641974702,2460,4420,1456788316038
Running observer at: 1456788326771
production-topology2-2-1456786698,0.9470604299472877,1.0113338866389143,2260,1420,1456788327284
production-topology1-1-1456786691,0.9557073170731706,1.002083608010235,2460,1580,1456788327284
production-topology4-4-1456786712,1.0266578485492313,1.0030002466929167,2400,4280,1456788327284
production-topology3-3-1456786705,0.9830093315953489,1.0020445590531768,2660,4800,1456788327285
Running observer at: 1456788337830
production-topology2-2-1456786698,1.0361113322453526,1.0154382787796263,1980,1220,1456788338386
production-topology1-1-1456786691,1.0931545762968744,1.0099742827678044,2220,1520,1456788338386
production-topology4-4-1456786712,1.0125732411031358,1.0027079735672535,1880,3460,1456788338387
production-topology3-3-1456786705,1.0171866091602617,1.0022823627802242,2160,3960,1456788338387
Running observer at: 1456788348918
production-topology2-2-1456786698,1.0043887147335424,1.0097165416619018,1760,1180,1456788349404
production-topology1-1-1456786691,0.9050982710211319,1.0018430957785258,2020,1220,1456788349404
production-topology4-4-1456786712,0.9438971358352902,0.9976532107374779,2320,4080,1456788349404
production-topology3-3-1456786705,1.0164955891515555,1.001742339702576,2340,4340,1456788349404
Running observer at: 1456788360142
production-topology2-2-1456786698,1.0442862158580852,1.0069618210221198,2240,1340,1456788360615
production-topology1-1-1456786691,1.024635922886537,1.002940540890332,2360,1520,1456788360615
production-topology4-4-1456786712,1.0716392898545304,1.0021221976659984,2200,4060,1456788360615
production-topology3-3-1456786705,1.0096786367308754,1.004345762001665,2680,4760,1456788360615
Running observer at: 1456788371072
production-topology2-2-1456786698,0.8776952695269528,1.0052935734607509,1920,1300,1456788371593
production-topology1-1-1456786691,1.0943716138750974,1.0057976955677042,2300,1440,1456788371593
production-topology4-4-1456786712,0.9834589260947098,1.000037675112374,2100,3760,1456788371593
production-topology3-3-1456786705,1.0017756073559645,1.003239329041409,2280,4040,1456788371593
Running observer at: 1456788382138
production-topology2-2-1456786698,1.0604626125266197,1.0103747466758615,1820,1160,1456788382638
production-topology1-1-1456786691,1.0041676677441902,1.0086044617451373,1940,1260,1456788382638
production-topology4-4-1456786712,1.0249047053012097,1.0034765637575456,2300,4120,1456788382639
production-topology3-3-1456786705,1.0068065936149515,1.0045384129112231,2420,4340,1456788382639
Running observer at: 1456788393294
production-topology2-2-1456786698,0.964501261640523,1.0054995273925629,2120,1420,1456788393883
production-topology1-1-1456786691,1.0292236474634169,1.0093051973419194,2320,1600,1456788393883
production-topology4-4-1456786712,0.9964285714285714,1.0012694943039764,1960,3420,1456788393883
production-topology3-3-1456786705,0.9820651088466104,1.0047190226011513,2320,4260,1456788393883
Running observer at: 1456788404372
production-topology2-2-1456786698,1.053183931368823,1.0093925976218503,2020,1280,1456788404843
production-topology1-1-1456786691,0.8619317195904911,1.0037913610913325,2380,1400,1456788404843
production-topology4-4-1456786712,1.029705610793188,1.0015397489459135,2400,4380,1456788404843
production-topology3-3-1456786705,1.0310270001490713,1.003262901088188,2540,4540,1456788404843
Running observer at: 1456788415392
production-topology2-2-1456786698,1.0179545397421184,1.0098922877440843,1800,1140,1456788415898
production-topology1-1-1456786691,0.9755554236831655,1.003749379057595,1880,1240,1456788415898
production-topology4-4-1456786712,0.9943947986035523,1.0026132566306054,2300,4060,1456788415898
production-topology3-3-1456786705,0.9955885294117646,1.0038533783625128,2400,4320,1456788415898
Running observer at: 1456788426407
production-topology2-2-1456786698,0.9887258719077457,1.011783200307293,2120,1480,1456788427033
production-topology1-1-1456786691,0.9840680161943322,1.0031008336135876,2500,1520,1456788427033
production-topology4-4-1456786712,0.995791344872732,1.0027412597741576,1860,3480,1456788427033
production-topology3-3-1456786705,1.0157029506404107,1.0049289503055354,2320,4260,1456788427033
Running observer at: 1456788437508
production-topology2-2-1456786698,1.0067271701541336,1.0106845065036798,1780,1080,1456788438109
production-topology1-1-1456786691,1.0656513848338987,1.005205434380595,1760,1200,1456788438109
production-topology4-4-1456786712,1.009589730582677,1.001605771196473,2280,4160,1456788438109
production-topology3-3-1456786705,0.8776168723930112,0.9996025394331338,2380,4060,1456788438109
Running observer at: 1456788448649
production-topology2-2-1456786698,1.0330414918522635,1.0106265880338638,2040,1280,1456788449169
production-topology1-1-1456786691,1.0257824154200412,1.0038538903629304,2380,1560,1456788449169
production-topology4-4-1456786712,0.9547322234678994,1.0017208131448094,2440,4260,1456788449169
production-topology3-3-1456786705,1.0605707044757615,1.002113093611513,2560,4820,1456788449169
Running observer at: 1456788459626
production-topology2-2-1456786698,0.9453746314002321,1.0118442925082871,2000,1240,1456788460223
production-topology1-1-1456786691,1.087204618689581,1.0025328373398443,2400,1500,1456788460223
production-topology4-4-1456786712,1.0044425296754034,1.000950068195499,1960,3480,1456788460223
production-topology3-3-1456786705,1.0291991771882538,1.0033335874655107,2280,3900,1456788460223
Running observer at: 1456788470727
production-topology2-2-1456786698,0.9818990078375985,1.0065569101330865,1920,1240,1456788471422
production-topology1-1-1456786691,0.8485197952587199,0.9974238983643524,1880,1140,1456788471422
production-topology4-4-1456786712,1.0540178894326977,0.9995949750753491,2220,4160,1456788471422
production-topology3-3-1456786705,1.021047840664818,1.0017648788251887,2440,4300,1456788471423
/var/nimbus/storm/bin/storm rebalance production-topology1 -e spout_head=11
1456788471690
/var/nimbus/storm/bin/storm rebalance production-topology4 -e bolt_output_1=9
Running observer at: 1456788481860
production-topology2-2-1456786698,1.0345933345704121,1.008106846682259,2040,1300,1456788482386
production-topology1-1-1456786691,1.0007902041264423,1.0007902041264423,351800,225020,1456788482386
production-topology4-4-1456786712,0.9999497060980268,0.9999497060980268,347300,624940,1456788482387
production-topology3-3-1456786705,0.955698926133282,1.004751651708881,2640,4900,1456788482387
Running observer at: 1456788492865
production-topology2-2-1456786698,1.183872377654618,1.0131586851816645,1980,1280,1456788493414
production-topology1-1-1456786691,1.0335937499999999,1.017191977063221,120,140,1456788493415
production-topology4-4-1456786712,0.5,0.7499748530490133,0,20,1456788493415
production-topology3-3-1456786705,1.0176621221698656,1.0017085388617282,2260,4040,1456788493415
Running observer at: 1456788504030
production-topology2-2-1456786698,0.9037263830749361,1.0088358396578305,1960,1260,1456788504585
production-topology1-1-1456786691,1.0,1.0114613180421472,0,0,1456788504585
production-topology4-4-1456786712,2.0,1.1666499020326755,0,0,1456788504585
production-topology3-3-1456786705,0.9674277188400479,1.0015511218988502,2440,4400,1456788504585
Running observer at: 1456788510047
production-topology2-2-1456786698,0.8145765915862997,1.0024047834767962,1080,760,1456788510545
production-topology1-1-1456786691,1.0,1.0085959885316105,0,0,1456788510545
production-topology4-4-1456786712,2.0,1.3749874265245068,0,0,1456788510545
production-topology3-3-1456786705,1.2266231791391295,1.0081125222611027,1260,2380,1456788510545
Running observer at: 1456788511228
production-topology2-2-1456786698,1.2923076923076922,1.0097772271936043,260,120,1456788511858
production-topology1-1-1456786691,1.0,1.0068767908252885,0,0,1456788511859
production-topology4-4-1456786712,2.0,1.4999899412196054,0,0,1456788511859
production-topology3-3-1456786705,0.7227670288894779,0.9998932339430765,280,420,1456788511859
Running observer at: 1456788515140
production-topology2-2-1456786698,1.3678248834498834,1.0266391481601032,660,440,1456788515450
production-topology1-1-1456786691,4.5076720578424476E-4,0.8391391202220376,316920,100,1456788515451
production-topology4-4-1456786712,2.0,1.5833249510163379,0,0,1456788515451
production-topology3-3-1456786705,1.0041026655483285,0.9985875582974498,1020,1940,1456788515451
Running observer at: 1456788525829
production-topology2-2-1456786698,0.7271805607169037,1.014890591927375,1980,1200,1456788526264
production-topology1-1-1456786691,0.9975571044016568,0.8617702608191261,212200,135440,1456788526265
production-topology4-4-1456786712,0.0,1.357135672299718,200,0,1456788526265
production-topology3-3-1456786705,0.9202977487291211,0.995716476113694,2040,3540,1456788526265
Running observer at: 1456788536693
production-topology2-2-1456786698,1.3069418386491556,1.0265736922366298,1000,680,1456788537147
production-topology1-1-1456786691,1.0,0.8790489782167353,0,0,1456788537147
production-topology4-4-1456786712,1.1363599695555262,1.3295387094566942,1640,3180,1456788537147
production-topology3-3-1456786705,1.0566859216649847,0.9999502931392451,2640,4760,1456788537148
