Running observer at: 1456156682557
production-topology1-1-1456156682,0.0,0.0,1456156682648
Running observer at: 1456156688630
production-topology1-1-1456156682,0.0,0.0,1456156688759
production-topology2-2-1456156688,0.0,0.0,1456156688759
Running observer at: 1456156691864
production-topology1-1-1456156682,0.0,0.0,1456156691986
production-topology2-2-1456156688,0.0,0.0,1456156691986
Running observer at: 1456156695552
production-topology1-1-1456156682,0.0,0.0,1456156695753
production-topology2-2-1456156688,0.0,0.0,1456156695754
production-topology3-3-1456156695,0.0,0.0,1456156695754
Running observer at: 1456156702500
production-topology4-4-1456156702,0.0,0.0,1456156702730
production-topology1-1-1456156682,0.0,0.0,1456156702730
production-topology2-2-1456156688,0.0,0.0,1456156702731
production-topology3-3-1456156695,0.0,0.0,1456156702731
Running observer at: 1456156703332
production-topology4-4-1456156702,0.0,0.0,1456156703560
production-topology1-1-1456156682,0.0,0.0,1456156703561
production-topology2-2-1456156688,0.0,0.0,1456156703561
production-topology3-3-1456156695,0.0,0.0,1456156703561
Running observer at: 1456156714095
production-topology4-4-1456156702,0.0,0.0,1456156714289
production-topology1-1-1456156682,0.0,0.0,1456156714289
production-topology2-2-1456156688,0.0,0.0,1456156714289
production-topology3-3-1456156695,0.0,0.0,1456156714290
Running observer at: 1456156724819
production-topology4-4-1456156702,0.0,0.0,1456156725019
production-topology1-1-1456156682,0.0,0.0,1456156725020
production-topology2-2-1456156688,0.0,0.0,1456156725020
production-topology3-3-1456156695,0.0,0.0,1456156725020
Running observer at: 1456156735526
production-topology4-4-1456156702,0.0,0.0,1456156735731
production-topology1-1-1456156682,0.0,0.0,1456156735731
production-topology2-2-1456156688,0.0,0.0,1456156735732
production-topology3-3-1456156695,0.0,0.0,1456156735732
Running observer at: 1456156746220
production-topology4-4-1456156702,0.0,0.0,1456156746383
production-topology1-1-1456156682,0.0,0.0,1456156746383
production-topology2-2-1456156688,0.0,0.0,1456156746384
production-topology3-3-1456156695,0.0,0.0,1456156746384
Running observer at: 1456156756827
production-topology4-4-1456156702,0.0,0.0,1456156757003
production-topology1-1-1456156682,0.0,0.0,1456156757003
production-topology2-2-1456156688,0.0,0.0,1456156757003
production-topology3-3-1456156695,0.0,0.0,1456156757003
Running observer at: 1456156767423
production-topology4-4-1456156702,0.0,0.0,1456156767563
production-topology1-1-1456156682,0.0,0.0,1456156767563
production-topology2-2-1456156688,0.0,0.0,1456156767564
production-topology3-3-1456156695,0.0,0.0,1456156767564
Running observer at: 1456156777987
production-topology4-4-1456156702,0.0,0.0,1456156778150
production-topology1-1-1456156682,0.0,0.0,1456156778150
production-topology2-2-1456156688,0.0,0.0,1456156778150
production-topology3-3-1456156695,0.0,0.0,1456156778151
Running observer at: 1456156788541
production-topology4-4-1456156702,0.0,0.0,1456156788688
production-topology1-1-1456156682,0.0,0.0,1456156788689
production-topology2-2-1456156688,0.0,0.0,1456156788689
production-topology3-3-1456156695,0.0,0.0,1456156788689
Running observer at: 1456156799103
production-topology4-4-1456156702,0.0,0.0,1456156799260
production-topology1-1-1456156682,0.0,0.0,1456156799260
production-topology2-2-1456156688,0.0,0.0,1456156799260
production-topology3-3-1456156695,0.0,0.0,1456156799261
Running observer at: 1456156809658
production-topology4-4-1456156702,0.0,0.0,1456156809811
production-topology1-1-1456156682,0.0,0.0,1456156809811
production-topology2-2-1456156688,0.0,0.0,1456156809811
production-topology3-3-1456156695,0.0,0.0,1456156809812
Running observer at: 1456156820252
production-topology4-4-1456156702,0.0,0.0,1456156820387
production-topology1-1-1456156682,0.0,0.0,1456156820387
production-topology2-2-1456156688,0.0,0.0,1456156820387
production-topology3-3-1456156695,0.0,0.0,1456156820387
Running observer at: 1456156831000
production-topology4-4-1456156702,0.0,0.0,1456156831227
production-topology1-1-1456156682,0.0,0.0,1456156831227
production-topology2-2-1456156688,0.0,0.0,1456156831228
production-topology3-3-1456156695,0.0,0.0,1456156831228
Running observer at: 1456156841750
production-topology4-4-1456156702,0.0,0.0,1456156841977
production-topology1-1-1456156682,0.0,0.0,1456156841977
production-topology2-2-1456156688,0.0,0.0,1456156841977
production-topology3-3-1456156695,0.0,0.0,1456156841978
Running observer at: 1456156852483
production-topology4-4-1456156702,0.0,0.0,1456156852659
production-topology1-1-1456156682,0.0,0.0,1456156852659
production-topology2-2-1456156688,0.0,0.0,1456156852659
production-topology3-3-1456156695,0.0,0.0,1456156852660
Running observer at: 1456156863112
production-topology4-4-1456156702,0.0,0.0,1456156863287
production-topology1-1-1456156682,0.0,0.0,1456156863288
production-topology2-2-1456156688,0.0,0.0,1456156863288
production-topology3-3-1456156695,0.0,0.0,1456156863288
Running observer at: 1456156873720
production-topology4-4-1456156702,0.0,0.0,1456156873890
production-topology1-1-1456156682,0.0,0.0,1456156873890
production-topology2-2-1456156688,0.0,0.0,1456156873891
production-topology3-3-1456156695,0.0,0.0,1456156873891
Running observer at: 1456156884296
production-topology4-4-1456156702,0.0,0.0,1456156884465
production-topology1-1-1456156682,0.0,0.0,1456156884465
production-topology2-2-1456156688,0.0,0.0,1456156884466
production-topology3-3-1456156695,0.0,0.0,1456156884466
Running observer at: 1456156894893
production-topology4-4-1456156702,0.0,0.0,1456156895115
production-topology1-1-1456156682,0.0,0.0,1456156895115
production-topology2-2-1456156688,0.0,0.0,1456156895116
production-topology3-3-1456156695,0.0,0.0,1456156895116
Running observer at: 1456156905523
production-topology4-4-1456156702,0.0,0.0,1456156905688
production-topology1-1-1456156682,0.0,0.0,1456156905688
production-topology2-2-1456156688,0.0,0.0,1456156905688
production-topology3-3-1456156695,0.0,0.0,1456156905689
Running observer at: 1456156916092
production-topology4-4-1456156702,0.0,0.0,1456156916258
production-topology1-1-1456156682,0.0,0.0,1456156916259
production-topology2-2-1456156688,0.0,0.0,1456156916259
production-topology3-3-1456156695,0.0,0.0,1456156916259
Running observer at: 1456156926658
production-topology4-4-1456156702,0.0,0.0,1456156926817
production-topology1-1-1456156682,0.0,0.0,1456156926818
production-topology2-2-1456156688,0.0,0.0,1456156926818
production-topology3-3-1456156695,0.0,0.0,1456156926818
Running observer at: 1456156937195
production-topology4-4-1456156702,0.0,0.0,1456156937347
production-topology1-1-1456156682,0.0,0.0,1456156937348
production-topology2-2-1456156688,0.0,0.0,1456156937348
production-topology3-3-1456156695,0.0,0.0,1456156937348
Running observer at: 1456156947769
production-topology4-4-1456156702,0.0,0.0,1456156947932
production-topology1-1-1456156682,0.0,0.0,1456156947932
production-topology2-2-1456156688,0.0,0.0,1456156947933
production-topology3-3-1456156695,0.0,0.0,1456156947933
Running observer at: 1456156958424
production-topology4-4-1456156702,0.5312545577991802,0.020432867607660776,1456156958717
production-topology1-1-1456156682,0.7051038062283737,0.023503460207612455,1456156958717
production-topology2-2-1456156688,0.2581335871052162,0.008901158176041939,1456156958717
production-topology3-3-1456156695,0.0,0.0,1456156958717
Running observer at: 1456156969220
production-topology4-4-1456156702,1.1121791339661973,0.06086791450982879,1456156969437
production-topology1-1-1456156682,0.9780361757541516,0.05610466606608418,1456156969438
production-topology2-2-1456156688,1.4146715244043486,0.055760170383652156,1456156969438
production-topology3-3-1456156695,0.1542526101349631,0.005509021790534397,1456156969439
Running observer at: 1456156980012
production-topology4-4-1456156702,1.0353707093221707,0.09567158575312672,1456156980201
production-topology1-1-1456156682,1.2149186088284418,0.09660195302703224,1456156980201
production-topology2-2-1456156688,1.121003078808986,0.09312693967728501,1456156980201
production-topology3-3-1456156695,0.13707817638470043,0.010045889190333225,1456156980202
Running observer at: 1456156990678
production-topology4-4-1456156702,1.0314249005147427,0.12793894143456175,1456156990882
production-topology1-1-1456156682,0.9460526789896587,0.12813704232668752,1456156990882
production-topology2-2-1456156688,0.9264908241194003,0.12400996714793171,1456156990882
production-topology3-3-1456156695,0.19519793072424652,0.016217623908130335,1456156990883
Running observer at: 1456157001395
production-topology4-4-1456156702,0.9249124643111818,0.15450472553044908,1456157001641
production-topology1-1-1456156682,0.9381226719869897,0.15940779805958719,1456157001642
production-topology2-2-1456156688,1.2985504523966063,0.16729498222781858,1456157001642
production-topology3-3-1456156695,0.11368516920717092,0.020007129548369366,1456157001642
Running observer at: 1456157012152
production-topology4-4-1456156702,1.034917847962681,0.18900198712920513,1456157012345
production-topology1-1-1456156682,1.032205703985526,0.19381465485910473,1456157012345
production-topology2-2-1456156688,1.0948314406167576,0.2037893635817105,1456157012345
production-topology3-3-1456156695,0.12217194570135748,0.024079527738414614,1456157012346
Running observer at: 1456157022860
production-topology4-4-1456156702,1.0453237769751529,0.22384611302837687,1456157023088
production-topology1-1-1456156682,0.9523665753301084,0.22556020737010835,1456157023088
production-topology2-2-1456156688,1.037843217264682,0.23838413749053322,1456157023089
production-topology3-3-1456156695,0.11434960335535929,0.027891181183593256,1456157023089
Running observer at: 1456157033638
production-topology4-4-1456156702,0.9316353894986711,0.2549006260116659,1456157033874
production-topology1-1-1456156682,1.0883106772273545,0.2618372299443535,1456157033874
production-topology2-2-1456156688,1.1021290208439085,0.2751217715186635,1456157033874
production-topology3-3-1456156695,0.12888392857142858,0.032187312135974214,1456157033874
Running observer at: 1456157044372
production-topology4-4-1456156702,1.0430724681256218,0.28966970828252,1456157044573
production-topology1-1-1456156682,0.9100181964081874,0.2921711698246264,1456157044573
production-topology2-2-1456156688,1.0925847891222569,0.3115412644894054,1456157044574
production-topology3-3-1456156695,0.14353653907082933,0.03697186343833519,1456157044574
Running observer at: 1456157055127
production-topology4-4-1456156702,0.9444019865747459,0.3211497745016782,1456157055343
production-topology1-1-1456156682,1.0463221466980799,0.3270485747145624,1456157055343
production-topology2-2-1456156688,1.0432128553810873,0.34631502633544164,1456157055343
production-topology3-3-1456156695,0.16890758547008544,0.04260211628733804,1456157055343
Running observer at: 1456157065832
production-topology4-4-1456156702,1.0780090536567966,0.35708340962357143,1456157066080
production-topology1-1-1456156682,1.0674082545867274,0.3626288498674533,1456157066080
production-topology2-2-1456156688,1.0559669374475666,0.3815139242503605,1456157066080
production-topology3-3-1456156695,0.09284873949579832,0.04569707427053132,1456157066080
Running observer at: 1456157076643
production-topology4-4-1456156702,0.9674704904145195,0.3893324259707221,1456157076850
production-topology1-1-1456156682,1.0493507192955536,0.3976072071773051,1456157076850
production-topology2-2-1456156688,1.070815372291009,0.4172077699933941,1456157076850
production-topology3-3-1456156695,0.11546494936325444,0.04954590591597314,1456157076851
Running observer at: 1456157087461
production-topology4-4-1456156702,1.0059589072821709,0.42286438954679445,1456157087661
production-topology1-1-1456156682,0.8989014278261102,0.4275705881048421,1456157087661
production-topology2-2-1456156688,0.9910914265129613,0.45024415087715947,1456157087662
production-topology3-3-1456156695,0.14541458000287905,0.05439305858273577,1456157087662
Running observer at: 1456157098133
production-topology4-4-1456156702,1.0516716063568696,0.4579201097586901,1456157098362
production-topology1-1-1456156682,0.9502132528736081,0.459244363200629,1456157098363
production-topology2-2-1456156688,0.9900011704576489,0.48324418989241447,1456157098363
production-topology3-3-1456156695,0.09125218918736323,0.057434798222314544,1456157098363
Running observer at: 1456157108944
production-topology4-4-1456156702,0.9457867017774851,0.48944633315127295,1456157109149
production-topology1-1-1456156682,0.972543243616179,0.49166247132116836,1456157109150
production-topology2-2-1456156688,0.9726514414578379,0.5156659046076757,1456157109150
production-topology3-3-1456156695,0.16584381801773107,0.06296292548957225,1456157109150
Running observer at: 1456157119699
production-topology4-4-1456156702,1.077965466167822,0.525378515356867,1456157119954
production-topology1-1-1456156682,1.160600224231484,0.5303491454622178,1456157119954
production-topology2-2-1456156688,0.9987564126843305,0.5489577850304868,1456157119955
production-topology3-3-1456156695,0.11555271383915885,0.06681468261754421,1456157119955
Running observer at: 1456157130487
production-topology4-4-1456156702,0.9636132159854187,0.5574989558897143,1456157130685
production-topology1-1-1456156682,0.8476497416492937,0.5586041368505277,1456157130686
production-topology2-2-1456156688,1.0431993555034307,0.5837310968806011,1456157130686
production-topology3-3-1456156695,0.14644837201228178,0.0716962950179536,1456157130686
Running observer at: 1456157141230
production-topology4-4-1456156702,0.9011731482981156,0.5875380608329849,1456157141432
production-topology1-1-1456156682,0.9672346002621233,0.5908452901925985,1456157141432
production-topology2-2-1456156688,0.8795118061706825,0.6130481570862905,1456157141433
production-topology3-3-1456156695,0.0860696412505623,0.07456528305963901,1456157141433
Running observer at: 1456157152114
production-topology4-4-1456156702,1.0401249697093449,0.6222088931566297,1456157152318
production-topology1-1-1456156682,1.072386496553536,0.626591506744383,1456157152318
production-topology2-2-1456156688,0.9989828337154038,0.6463475848768039,1456157152319
production-topology3-3-1456156695,0.1592463630639967,0.07987349516177224,1456157152319
Running observer at: 1456157162816
production-topology4-4-1456156702,1.073216777476234,0.6579827857391708,1456157163045
production-topology1-1-1456156682,1.077696807373759,0.6625147336568417,1456157163045
production-topology2-2-1456156688,0.9003511189078199,0.676359288840398,1456157163045
production-topology3-3-1456156695,0.16707616707616707,0.08544270073097779,1456157163046
Running observer at: 1456157173548
production-topology4-4-1456156702,0.9416915299363321,0.6893725034037153,1456157173745
production-topology1-1-1456156682,0.8450870485282805,0.6906843019411177,1456157173746
production-topology2-2-1456156688,1.0263637615612349,0.7105714142257724,1456157173746
production-topology3-3-1456156695,0.10742308493645392,0.0890234702288596,1456157173746
Running observer at: 1456157184323
production-topology4-4-1456156702,1.0573731626363205,0.7246182754915925,1456157184504
production-topology1-1-1456156682,1.0702313785229072,0.7263586812252146,1456157184504
production-topology2-2-1456156688,1.1321481967248508,0.7483096874499342,1456157184504
production-topology3-3-1456156695,0.17883540849394508,0.0949846505119911,1456157184504
Running observer at: 1456157194975
production-topology4-4-1456156702,1.0232538838529623,0.7587267382866913,1456157195211
production-topology1-1-1456156682,1.0672723495112453,0.7619344262089228,1456157195211
production-topology2-2-1456156688,0.9479955893733889,0.7799095404290471,1456157195211
production-topology3-3-1456156695,0.09911386796632699,0.09828844611086866,1456157195212
Running observer at: 1456157205743
production-topology4-4-1456156702,0.9712081553933047,0.7911003434664682,1456157205943
production-topology1-1-1456156682,0.9614916969709014,0.7939841494412863,1456157205943
production-topology2-2-1456156688,1.1681024221670533,0.8188462878346155,1456157205943
production-topology3-3-1456156695,0.13166741933865223,0.10267736008882374,1456157205944
Running observer at: 1456157216441
production-topology4-4-1456156702,1.007304737299828,0.8246771680431292,1456157216676
production-topology1-1-1456156682,0.895507537032344,0.8238344006756978,1456157216677
production-topology2-2-1456156688,0.8625210373208458,0.8475969890786438,1456157216677
production-topology3-3-1456156695,0.2264050649499566,0.11022419558715563,1456157216677
Running observer at: 1456157227234
production-topology4-4-1456156702,1.013241705153992,0.8584518915482622,1456157227434
production-topology1-1-1456156682,1.114331226746474,0.8609787749005802,1456157227434
production-topology2-2-1456156688,1.0370377640558175,0.882164914547171,1456157227435
production-topology3-3-1456156695,0.08881994284954811,0.11318486034880723,1456157227435
Running observer at: 1456157237961
production-topology4-4-1456156702,1.0011338640290717,0.8918230203492313,1456157238155
production-topology1-1-1456156682,1.0570968375214163,0.896215336151294,1456157238156
production-topology2-2-1456156688,0.810211650282753,0.9091719695565961,1456157238156
production-topology3-3-1456156695,0.14909171466548513,0.11815458417099008,1456157238156
Running observer at: 1456157248691
production-topology4-4-1456156702,0.9818617162224776,0.9245517442233139,1456157248894
production-topology1-1-1456156682,1.0152377358595608,0.9300565940132794,1456157248894
production-topology2-2-1456156688,1.1789399650081671,0.9484699683902016,1456157248894
production-topology3-3-1456156695,0.1390811622629352,0.12279062291308791,1456157248894
Running observer at: 1456157259383
production-topology4-4-1456156702,1.0180696812825285,0.9584874002660649,1456157259657
production-topology1-1-1456156682,1.0580422733428199,0.9653246697913734,1456157259657
production-topology2-2-1456156688,0.8134673940243231,0.9755855481910124,1456157259658
production-topology3-3-1456156695,0.08339390872285607,0.12557041987051645,1456157259658
Running observer at: 1456157270246
production-topology4-4-1456156702,0.9239371866330268,0.9892853064871657,1456157270445
production-topology1-1-1456156682,0.8667352206697776,0.9942158438136993,1456157270445
production-topology2-2-1456156688,1.0632792956191766,1.0110281913783181,1456157270445
production-topology3-3-1456156695,0.17971906565656565,0.13156105539240195,1456157270446
Running observer at: 1456157280971
production-topology4-4-1456156702,1.0839190245555725,1.0077074553790455,1456157281231
production-topology1-1-1456156682,1.019096758971119,1.0046822755717908,1456157281231
production-topology2-2-1456156688,0.9514029476408534,1.0341371700628395,1456157281231
production-topology3-3-1456156695,0.12576896787423103,0.135753354321543,1456157281231
Running observer at: 1456157291752
production-topology4-4-1456156702,0.9325422978548874,1.0017195608420018,1456157291981
production-topology1-1-1456156682,1.1160373330079914,1.0092823141469187,1456157291981
production-topology2-2-1456156688,0.9982535335546455,1.0202565703678494,1456157291981
production-topology3-3-1456156695,0.1199583658600052,0.13461021284571106,1456157291982
Running observer at: 1456157302508
production-topology4-4-1456156702,0.9962127341437685,1.0004142950027217,1456157302745
production-topology1-1-1456156682,0.8152397931059719,0.9959596869561698,1456157302745
production-topology2-2-1456156688,1.1412081894009602,1.0209300740542486,1456157302745
production-topology3-3-1456156695,0.13802889576883387,0.13464190349184882,1456157302745
Running observer at: 1456157313220
production-topology4-4-1456156702,1.0347190933685984,1.0005241014311834,1456157313514
production-topology1-1-1456156682,1.066529583382434,0.9999755837692622,1456157313514
production-topology2-2-1456156688,0.989412489823253,1.0230274629110436,1456157313515
production-topology3-3-1456156695,0.12236419494484012,0.13221411229920196,1456157313515
Running observer at: 1456157323995
production-topology4-4-1456156702,0.9658987444939208,1.001890310770608,1456157324196
production-topology1-1-1456156682,1.0299882196124184,1.00303776869011,1456157324196
production-topology2-2-1456156688,1.0828877183867303,1.0158387051107143,1456157324196
production-topology3-3-1456156695,0.11121634103850245,0.13213181802691304,1456157324196
Running observer at: 1456157334673
production-topology4-4-1456156702,1.0288692808223387,1.00168869186593,1456157334863
production-topology1-1-1456156682,0.9516243125415417,1.0003517223086436,1456157334863
production-topology2-2-1456156688,0.870138702059606,1.0083489471588092,1456157334864
production-topology3-3-1456156695,0.11607018173838449,0.13192842589481393,1456157334864
Running observer at: 1456157345421
production-topology4-4-1456156702,1.0963923728364513,1.00339097839464,1456157345627
production-topology1-1-1456156682,1.041996873601416,1.0033393989176873,1456157345627
production-topology2-2-1456156688,1.025626568152643,1.0079417255217413,1456157345628
production-topology3-3-1456156695,0.15614445538981142,0.13332158762929566,1456157345628
Running observer at: 1456157356082
production-topology4-4-1456156702,0.8841317511416151,1.0018075237827382,1456157356276
production-topology1-1-1456156682,1.1423076923076922,1.005139299420365,1456157356276
production-topology2-2-1456156688,1.0795816601209127,1.0071901468309747,1456157356277
production-topology3-3-1456156695,0.19179280590351372,0.13541855020703186,1456157356277
Running observer at: 1456157366884
production-topology4-4-1456156702,1.080152957037161,1.0030435400797892,1456157367076
production-topology1-1-1456156682,1.011425489675009,1.008519542529259,1456157367077
production-topology2-2-1456156688,0.9441953570693826,1.0022438324292124,1456157367077
production-topology3-3-1456156695,0.09660468319559229,0.1338541550111906,1456157367077
Running observer at: 1456157377545
production-topology4-4-1456156702,0.9944670602323327,1.0047123758683754,1456157377812
production-topology1-1-1456156682,0.8822013137245336,1.0030488480968076,1456157377812
production-topology2-2-1456156688,1.0123305908465527,1.0012144236113945,1456157377813
production-topology3-3-1456156695,0.16250074338388343,0.13364059360831723,1456157377813
Running observer at: 1456157388394
production-topology4-4-1456156702,0.9788935093813143,1.0014085243925261,1456157388576
production-topology1-1-1456156682,1.1124096823010645,1.0045488956872854,1456157388576
production-topology2-2-1456156688,1.058246529506662,1.0012904100133642,1456157388576
production-topology3-3-1456156695,0.1569282431954754,0.1357765770649731,1456157388576
Running observer at: 1456157399064
production-topology4-4-1456156702,1.0657821030110872,1.004685578145745,1456157399280
production-topology1-1-1456156682,1.0226351297972855,1.0036583760373432,1456157399281
production-topology2-2-1456156688,0.877929467947376,0.9948608798685766,1456157399281
production-topology3-3-1456156695,0.11579818031430936,0.1357876847633416,1456157399281
Running observer at: 1456157409801
production-topology4-4-1456156702,0.926054660565411,1.0020221032551861,1456157410003
production-topology1-1-1456156682,1.0103457572967594,1.007373187019698,1456157410003
production-topology2-2-1456156688,1.0944535640952537,0.998306284454653,1456157410003
production-topology3-3-1456156695,0.12383212860071206,0.1350682697166027,1456157410003
Running observer at: 1456157420542
production-topology4-4-1456156702,1.0391149073694577,1.0016035466222728,1456157420782
production-topology1-1-1456156682,1.0068762609227233,1.0092619539546686,1456157420783
production-topology2-2-1456156688,1.1019394427676223,1.0020375601983187,1456157420783
production-topology3-3-1456156695,0.14891640866873063,0.1369904103659816,1456157420783
Running observer at: 1456157431232
production-topology4-4-1456156702,1.0026073232323232,1.003497567337434,1456157431466
production-topology1-1-1456156682,0.8564637249311101,1.0053926366651662,1456157431466
production-topology2-2-1456156688,0.8520704067394285,0.9980181923743718,1456157431466
production-topology3-3-1456156695,0.08640109890109891,0.13434231972876054,1456157431466
Running observer at: 1456157442018
production-topology4-4-1456156702,0.9244024352146052,0.9983787996389933,1456157442201
production-topology1-1-1456156682,1.1589308289687554,1.0053369901564089,1456157442202
production-topology2-2-1456156688,0.9408115792194365,0.996086697925542,1456157442202
production-topology3-3-1456156695,0.16418079429775337,0.13596325574404705,1456157442202
Running observer at: 1456157452766
production-topology4-4-1456156702,0.9589620755632979,0.9982237616249227,1456157452985
production-topology1-1-1456156682,0.8144383573276746,1.0042299440123545,1456157452986
production-topology2-2-1456156688,1.1451424788803428,0.9994848020381057,1456157452986
production-topology3-3-1456156695,0.14841732979664013,0.13602888767019233,1456157452986
Running observer at: 1456157463436
production-topology4-4-1456156702,1.0215570998436745,1.0022365600097747,1456157463612
production-topology1-1-1456156682,0.9508339789310072,1.003683256634651,1456157463612
production-topology2-2-1456156688,0.9106865589197967,1.0005239604630762,1456157463613
production-topology3-3-1456156695,0.16748440748440752,0.13874271321132045,1456157463613
Running observer at: 1456157474164
production-topology4-4-1456156702,1.128871560825976,1.0051947797136627,1456157474348
production-topology1-1-1456156682,1.0382879791809632,1.0025466393888987,1456157474348
production-topology2-2-1456156688,0.9722071721484769,0.9996314384108452,1456157474349
production-topology3-3-1456156695,0.11165714709591276,0.13715640601238432,1456157474349
Running observer at: 1456157484893
production-topology4-4-1456156702,0.8642347585949461,0.9982287124176196,1456157485159
production-topology1-1-1456156682,1.101648246331981,1.003345020687506,1456157485159
production-topology2-2-1456156688,1.0561717397938881,1.0048254591070476,1456157485159
production-topology3-3-1456156695,0.1245051549327865,0.13573737227427166,1456157485159
Running observer at: 1456157495759
production-topology4-4-1456156702,1.0732303284330165,1.0026133390341758,1456157496032
production-topology1-1-1456156682,1.0084098857195294,1.0087891152605477,1456157496032
production-topology2-2-1456156688,0.9854346230470797,1.0034611544899092,1456157496033
production-topology3-3-1456156695,0.11299682406239783,0.1359231635784698,1456157496033
Running observer at: 1456157506551
production-topology4-4-1456156702,1.0296293801715772,1.001688546285351,1456157506773
production-topology1-1-1456156682,0.8680982667831821,1.0020513448692234,1456157506773
production-topology2-2-1456156688,0.9645581807485311,0.9978748206240319,1456157506773
production-topology3-3-1456156695,0.1223443465889771,0.13404012818163755,1456157506773
Running observer at: 1456157517253
production-topology4-4-1456156702,0.9700951160301923,0.9999165873579253,1456157517485
production-topology1-1-1456156682,1.037826725371194,1.001069824064555,1456157517485
production-topology2-2-1456156688,1.194982580050572,1.0061077203132711,1456157517485
production-topology3-3-1456156695,0.1277748917748918,0.13499549564192304,1456157517485
Running observer at: 1456157527974
production-topology4-4-1456156702,0.984629330783177,1.000363959870921,1456157528170
production-topology1-1-1456156682,0.9891409675117516,1.0019914664159169,1456157528170
production-topology2-2-1456156688,0.9192264408347995,0.9978118542688629,1456157528171
production-topology3-3-1456156695,0.16947337606310858,0.1362556941994049,1456157528171
Running observer at: 1456157538721
production-topology4-4-1456156702,1.0620897548430792,1.0021901271223628,1456157538935
production-topology1-1-1456156682,0.9401950314511333,1.0034810495632096,1456157538935
production-topology2-2-1456156688,0.9895170113286863,1.0020450534024574,1456157538935
production-topology3-3-1456156695,0.13175639520689736,0.13310073854130292,1456157538935
Running observer at: 1456157549419
production-topology4-4-1456156702,0.890603714711721,0.9981021941076204,1456157549585
production-topology1-1-1456156682,1.0258252375695223,1.000530849923978,1456157549586
production-topology2-2-1456156688,0.9732812011898674,0.9999198346402592,1456157549587
production-topology3-3-1456156695,0.1207747210351377,0.1341658978141559,1456157549587
Running observer at: 1456157560120
production-topology4-4-1456156702,1.043864036472949,0.999526533189083,1456157560306
production-topology1-1-1456156682,1.1033344520006216,1.0020721037399514,1456157560306
production-topology2-2-1456156688,0.9552455512907473,1.0047542980071924,1456157560307
production-topology3-3-1456156695,0.12004464074560406,0.13319766201682653,1456157560307
Running observer at: 1456157570841
production-topology4-4-1456156702,1.0348336062129657,1.0012922628554326,1456157571081
production-topology1-1-1456156682,0.9295742167496445,0.999216653102954,1456157571081
production-topology2-2-1456156688,1.0192342342342342,0.999430773648061,1456157571081
production-topology3-3-1456156695,0.2024071409639923,0.13530852797352846,1456157571081
Running observer at: 1456157581606
production-topology4-4-1456156702,0.9865727421361365,1.000242364883886,1456157581781
production-topology1-1-1456156682,1.0234844777573413,0.9980647265834383,1456157581781
production-topology2-2-1456156688,1.1191869474067995,1.009621425427477,1456157581781
production-topology3-3-1456156695,0.09481357792163257,0.13568918361348764,1456157581782
Running observer at: 1456157592337
production-topology4-4-1456156702,0.9846174015020627,1.002265038712854,1456157592535
production-topology1-1-1456156682,0.8549021266222053,0.9976702901151859,1456157592535
production-topology2-2-1456156688,0.9797830139081392,1.006838216037109,1456157592535
production-topology3-3-1456156695,0.2391124358337473,0.1376689626193937,1456157592535
Running observer at: 1456157603187
production-topology4-4-1456156702,0.9952956721995645,0.9993109269676537,1456157603405
production-topology1-1-1456156682,1.029559936578969,0.9980190627021143,1456157603405
production-topology2-2-1456156688,0.944780554213941,1.0066174695895453,1456157603406
production-topology3-3-1456156695,0.09430370042753944,0.13662012037117063,1456157603406
Running observer at: 1456157613903
production-topology4-4-1456156702,0.939835092712118,0.9995540201295614,1456157614101
production-topology1-1-1456156682,1.1912179201898827,1.0005250822748437,1456157614101
production-topology2-2-1456156688,1.1494471030436375,1.0116572552391787,1456157614101
production-topology3-3-1456156695,0.11069068200563428,0.13631119757602497,1456157614101
Running observer at: 1456157624640
production-topology4-4-1456156702,1.1754299345863735,1.0055279268109816,1456157624818
production-topology1-1-1456156682,1.0089267583865058,1.0069813144508615,1456157624819
production-topology2-2-1456156688,0.9275708128078819,1.0045360093527427,1456157624819
production-topology3-3-1456156695,0.16850751879699247,0.13732715167696358,1456157624819
Running observer at: 1456157635347
production-topology4-4-1456156702,0.9075166587231592,1.0012878456561338,1456157635567
production-topology1-1-1456156682,0.8201358280252686,0.9987681892722893,1456157635567
production-topology2-2-1456156688,0.9532528342769306,1.0033306875011987,1456157635568
production-topology3-3-1456156695,0.1191740494978479,0.1372208134953972,1456157635568
Running observer at: 1456157646084
production-topology4-4-1456156702,1.1086029148627123,1.0060446513350934,1456157646310
production-topology1-1-1456156682,1.1783138831895557,1.003712378058194,1456157646310
production-topology2-2-1456156688,1.0489279410246966,1.0021986949224642,1456157646310
production-topology3-3-1456156695,0.1694980694980695,0.13916353777738272,1456157646311
Running observer at: 1456157656823
production-topology4-4-1456156702,0.9296784258715018,1.0027382895033987,1456157657071
production-topology1-1-1456156682,0.9523066397890662,1.0037351222997781,1456157657071
production-topology2-2-1456156688,1.0405609314188304,1.007879435901105,1456157657071
production-topology3-3-1456156695,0.11883498488119798,0.13925569788214318,1456157657072
Running observer at: 1456157667551
production-topology4-4-1456156702,1.0539885707053744,1.0013248294323627,1456157667749
production-topology1-1-1456156682,1.0577670645852466,1.0042607953325724,1456157667749
production-topology2-2-1456156688,1.0539403835238204,1.008823229746811,1456157667749
production-topology3-3-1456156695,0.11464701842991318,0.13787244998347992,1456157667749
Running observer at: 1456157678359
production-topology4-4-1456156702,1.0055062035744229,1.0053706445134565,1456157678549
production-topology1-1-1456156682,0.9423649267399267,0.9975960364803136,1456157678550
production-topology2-2-1456156688,0.8653497217331565,1.0016821651338856,1456157678550
production-topology3-3-1456156695,0.12189129497953027,0.1355423996193471,1456157678550
Running observer at: 1456157689049
production-topology4-4-1456156702,0.9085946003641459,0.999652032624356,1456157689268
production-topology1-1-1456156682,0.9980896091681384,0.9971515071300845,1456157689268
production-topology2-2-1456156688,1.2505337103678962,1.0118934435771696,1456157689268
production-topology3-3-1456156695,0.15369239221112174,0.13744532325319808,1456157689268
Running observer at: 1456157699816
production-topology4-4-1456156702,0.9898035905992373,0.9994965836365861,1456157700003
production-topology1-1-1456156682,1.0600951067707995,1.0030813002316268,1456157700003
production-topology2-2-1456156688,0.9222117848218423,1.008889483376346,1456157700003
production-topology3-3-1456156695,0.1584355905670858,0.13730981815930487,1456157700003
Running observer at: 1456157710473
production-topology4-4-1456156702,1.1364657520633556,1.0047489917259873,1456157710764
production-topology1-1-1456156682,1.0406178033887876,1.0006882376012176,1456157710765
production-topology2-2-1456156688,0.8721763611811765,1.002687144432163,1456157710765
production-topology3-3-1456156695,0.16379787260794126,0.13753880580638705,1456157710765
Running observer at: 1456157721383
production-topology4-4-1456156702,0.977950250279696,1.0018212633016077,1456157721570
production-topology1-1-1456156682,0.8632482073887202,0.9953753401875988,1456157721570
production-topology2-2-1456156688,1.0159114353079872,1.0072865433441835,1456157721570
production-topology3-3-1456156695,0.12500463323325547,0.13784568757035193,1456157721570
Running observer at: 1456157732084
production-topology4-4-1456156702,0.9659725209957752,1.0031518586492865,1456157732276
production-topology1-1-1456156682,1.074451806305081,0.9975122084878761,1456157732276
production-topology2-2-1456156688,1.0322076708568755,1.0052116802362376,1456157732276
production-topology3-3-1456156695,0.128376263959788,0.13799715874898777,1456157732277
Running observer at: 1456157742797
production-topology4-4-1456156702,0.9289873492545111,0.999480940045455,1456157742988
production-topology1-1-1456156682,0.9866883669690932,0.9968392786894218,1456157742988
production-topology2-2-1456156688,1.030299730069845,1.0028236898129783,1456157742988
production-topology3-3-1456156695,0.10999512206331499,0.13669978252880724,1456157742988
Running observer at: 1456157753513
production-topology4-4-1456156702,1.0644135349367847,1.0015411471022702,1456157753733
production-topology1-1-1456156682,0.939093425436018,0.9995936020395854,1456157753733
production-topology2-2-1456156688,1.002708013431521,1.0078449433693812,1456157753733
production-topology3-3-1456156695,0.13594025769988066,0.13835108782209998,1456157753733
Running observer at: 1456157764268
production-topology4-4-1456156702,1.044282128603104,1.0055371368818868,1456157764468
production-topology1-1-1456156682,1.0400026802465827,0.9956293304155132,1456157764468
production-topology2-2-1456156688,1.0543995848565464,1.0116312102239517,1456157764468
production-topology3-3-1456156695,0.15992921013412814,0.13820936834997916,1456157764468
Running observer at: 1456157775034
production-topology4-4-1456156702,0.9888457558683206,1.006533259558721,1456157775234
production-topology1-1-1456156682,1.0282383882390835,1.00275599811256,1456157775234
production-topology2-2-1456156688,0.9218352421258721,1.0041876356654693,1456157775234
production-topology3-3-1456156695,0.10332202405373137,0.13670619149188218,1456157775235
Running observer at: 1456157785760
production-topology4-4-1456156702,0.9688198623695261,1.0047753516429159,1456157785944
production-topology1-1-1456156682,1.1264238413831742,1.0086089935276323,1456157785944
production-topology2-2-1456156688,1.0087349947686646,1.0074559168604318,1456157785945
production-topology3-3-1456156695,0.1744391581590511,0.13693801651437035,1456157785945
Running observer at: 1456157796466
production-topology4-4-1456156702,0.9694752726539166,0.9994621420371809,1456157796687
production-topology1-1-1456156682,1.0082152016938715,1.0076065676113959,1456157796688
production-topology2-2-1456156688,1.0751121862232975,1.010886083996259,1456157796688
production-topology3-3-1456156695,0.11392070396679702,0.13701346841006645,1456157796688
Running observer at: 1456157807154
production-topology4-4-1456156702,1.0639605703221262,1.0061196690947536,1456157807427
production-topology1-1-1456156682,0.8702113388558497,0.9998920040288584,1456157807427
production-topology2-2-1456156688,1.067757542831948,1.011272277430861,1456157807427
production-topology3-3-1456156695,0.12890175626965258,0.137160021787962,1456157807428
Running observer at: 1456157817986
production-topology4-4-1456156702,0.9377453135809168,1.001603501933017,1456157818175
production-topology1-1-1456156682,1.008722956255224,0.9999024397133814,1456157818175
production-topology2-2-1456156688,0.9667061010647289,1.0106479933647827,1456157818175
production-topology3-3-1456156695,0.134961709486166,0.13789218463542097,1456157818175
Running observer at: 1456157828844
production-topology4-4-1456156702,0.9990698646596999,1.0005848514159543,1456157829035
production-topology1-1-1456156682,1.0627825424788773,1.0063919155699048,1456157829035
production-topology2-2-1456156688,1.0504076231280326,1.0135096414440994,1456157829035
production-topology3-3-1456156695,0.12840385421030584,0.13809416822279857,1456157829035
Running observer at: 1456157839502
production-topology4-4-1456156702,0.9680861296032455,1.0005178852017227,1456157839692
production-topology1-1-1456156682,0.9823099809418099,1.0045413574222586,1456157839692
production-topology2-2-1456156688,0.9577274854636175,1.005601138291201,1456157839692
production-topology3-3-1456156695,0.11448240912526629,0.13765108546781102,1456157839692
Running observer at: 1456157850173
production-topology4-4-1456156702,1.0053573945318417,1.0012088206600116,1456157850365
production-topology1-1-1456156682,0.9280847652084417,1.0025061506788149,1456157850366
production-topology2-2-1456156688,0.9253051092096332,1.0058037605703622,1456157850366
production-topology3-3-1456156695,0.1453708684477915,0.13684766854730046,1456157850366
Running observer at: 1456157860916
production-topology4-4-1456156702,1.0428640679813619,1.0005679644312877,1456157861107
production-topology1-1-1456156682,0.9496509214466533,1.0028213470119989,1456157861107
production-topology2-2-1456156688,1.1580733969061796,1.0114223067562786,1456157861107
production-topology3-3-1456156695,0.1706846673095468,0.1381452776173888,1456157861107
Running observer at: 1456157871574
production-topology4-4-1456156702,0.89847100599313,1.0008302074740014,1456157871760
production-topology1-1-1456156682,1.2156654529745836,1.0091493541921674,1456157871760
production-topology2-2-1456156688,0.8630898708154097,1.0077492624104634,1456157871760
production-topology3-3-1456156695,0.13192705719772901,0.13851702215614187,1456157871760
Running observer at: 1456157882308
production-topology4-4-1456156702,1.0925972645341457,1.0024546484093746,1456157882491
production-topology1-1-1456156682,0.864140184080642,1.0011762119281684,1456157882492
production-topology2-2-1456156688,1.0666980811015994,1.0114643467374917,1456157882492
production-topology3-3-1456156695,0.10625379477838495,0.13805732729056788,1456157882492
Running observer at: 1456157893005
production-topology4-4-1456156702,0.9868346990604048,1.0008546848376225,1456157893197
production-topology1-1-1456156682,1.1169875168679317,1.0074233219321111,1456157893198
production-topology2-2-1456156688,0.9519629288510246,1.0092219698913847,1456157893198
production-topology3-3-1456156695,0.15742604912335303,0.13655795756254654,1456157893198
Running observer at: 1456157903790
production-topology4-4-1456156702,1.0638425253991293,1.003430344279722,1456157904013
production-topology1-1-1456156682,0.9394877837317726,1.0046234321312588,1456157904013
production-topology2-2-1456156688,1.0215367240680233,1.0059669624467589,1456157904013
production-topology3-3-1456156695,0.13624063797228514,0.13793885956423496,1456157904013
Running observer at: 1456157914564
production-topology4-4-1456156702,1.0036298315009455,1.0040640919463515,1456157914880
production-topology1-1-1456156682,1.066599360933045,1.011680006608287,1456157914880
production-topology2-2-1456156688,0.99781250968315,1.0065679456392593,1456157914880
production-topology3-3-1456156695,0.11225148987945117,0.13371016136575842,1456157914880
Running observer at: 1456157925376
production-topology4-4-1456156702,0.9330010078201743,1.0019876031337052,1456157925554
production-topology1-1-1456156682,0.9339034456983908,1.0084914569122678,1456157925554
production-topology2-2-1456156688,1.0470131462711123,1.0099756987078317,1456157925555
production-topology3-3-1456156695,0.13747814685314685,0.13514930957994536,1456157925555
Running observer at: 1456157936180
production-topology4-4-1456156702,1.030280791116113,1.0050024597471716,1456157936450
production-topology1-1-1456156682,0.992318241654051,1.00186146762774,1456157936450
production-topology2-2-1456156688,1.065442040505979,1.007175529956576,1456157936451
production-topology3-3-1456156695,0.2414932928913192,0.13950939660946818,1456157936451
Running observer at: 1456157946931
production-topology4-4-1456156702,1.0367384160889606,1.0003794091305913,1456157947152
production-topology1-1-1456156682,1.0376848429793273,1.0028200704475005,1456157947152
production-topology2-2-1456156688,0.8830946809320823,1.005692992227383,1456157947152
production-topology3-3-1456156695,0.04847220576034135,0.13550821950824649,1456157947152
Running observer at: 1456157957693
production-topology4-4-1456156702,1.0142167742803336,1.0039360796491639,1456157957885
production-topology1-1-1456156682,1.1345824062576473,1.0133016230552465,1456157957885
production-topology2-2-1456156688,1.0563827706433069,1.0091306567729286,1456157957886
production-topology3-3-1456156695,0.14996114996115,0.13653445619035656,1456157957886
Running observer at: 1456157968372
production-topology4-4-1456156702,0.9505726505973959,0.9986684041736534,1456157968660
production-topology1-1-1456156682,1.0093515493464775,1.0076695452604771,1456157968661
production-topology2-2-1456156688,1.1317689815624332,1.0118920247908532,1456157968661
production-topology3-3-1456156695,0.11946800006501498,0.13486678720925474,1456157968661
Running observer at: 1456157979144
production-topology4-4-1456156702,1.0608060649022029,1.0030393254746768,1456157979330
production-topology1-1-1456156682,0.9366288438087207,1.0071469520611323,1456157979331
production-topology2-2-1456156688,0.8867574035468487,1.006765240528454,1456157979331
production-topology3-3-1456156695,0.12627791563275434,0.13511488490097326,1456157979331
Running observer at: 1456157989718
production-topology4-4-1456156702,0.8968696628514912,0.9978020285462139,1456157989973
production-topology1-1-1456156682,0.9680632678377973,1.004156825502884,1456157989973
production-topology2-2-1456156688,1.143775786848987,1.009759753972626,1456157989973
production-topology3-3-1456156695,0.11715829624920533,0.13519859416161634,1456157989974
Running observer at: 1456158000501
production-topology4-4-1456156702,0.9217420004677797,0.9950098884426591,1456158000691
production-topology1-1-1456156682,0.9927739474383628,1.0058371261928318,1456158000691
production-topology2-2-1456156688,0.8902237007287511,1.0105888866058124,1456158000691
production-topology3-3-1456156695,0.15216802901531967,0.136207818629476,1456158000691
Running observer at: 1456158011243
production-topology4-4-1456156702,1.1322727433197644,1.0024658265411797,1456158011442
production-topology1-1-1456156682,1.0857932003040167,1.0087605792306946,1456158011442
production-topology2-2-1456156688,1.0387080986974688,1.0035280328834648,1456158011442
production-topology3-3-1456156695,0.15171305699228288,0.13614184078884803,1456158011442
Running observer at: 1456158021994
production-topology4-4-1456156702,0.9850959605561682,1.0023089055397443,1456158022179
production-topology1-1-1456156682,0.9461291334715705,1.0049617134540536,1456158022179
production-topology2-2-1456156688,0.9877747252747252,1.0057134642318943,1456158022179
production-topology3-3-1456156695,0.13106785063752277,0.13522958279119593,1456158022180
Running observer at: 1456158032710
production-topology4-4-1456156702,1.042469416461957,0.9991756943530308,1456158032906
production-topology1-1-1456156682,1.0663025996029616,1.0058178733278593,1456158032907
production-topology2-2-1456156688,1.033264486999369,1.011083068425834,1456158032907
production-topology3-3-1456156695,0.1406926406926407,0.13445940839401924,1456158032907
Running observer at: 1456158043448
production-topology4-4-1456156702,0.9428390372480532,0.9980053205853092,1456158043670
production-topology1-1-1456156682,0.9788815026080921,1.0096723165018384,1456158043670
production-topology2-2-1456156688,1.030173524504718,1.0115584713990584,1456158043670
production-topology3-3-1456156695,0.12294690700166705,0.134390817519633,1456158043670
Running observer at: 1456158054214
production-topology4-4-1456156702,1.0006239280855866,0.9991603674883032,1456158054442
production-topology1-1-1456156682,0.8956818070664515,1.0037133165272174,1456158054442
production-topology2-2-1456156688,0.9516325221134057,1.0088726331076094,1456158054442
production-topology3-3-1456156695,0.12857620320855617,0.1343974821612586,1456158054442
Running observer at: 1456158065008
production-topology4-4-1456156702,0.9274979747271821,0.9991107216707255,1456158065271
production-topology1-1-1456156682,1.1094389311944395,1.0078050020013956,1456158065272
production-topology2-2-1456156688,0.9206807581057957,1.0052186673754744,1456158065272
production-topology3-3-1456156695,0.1149161105141825,0.13456151510962083,1456158065272
Running observer at: 1456158075772
production-topology4-4-1456156702,0.9839612545142004,0.9964289789899727,1456158075964
production-topology1-1-1456156682,0.9364252403301638,1.0077160624978672,1456158075964
production-topology2-2-1456156688,1.0541425570955456,1.0069331521642753,1456158075964
production-topology3-3-1456156695,0.1228323881537492,0.1341245861247498,1456158075965
Running observer at: 1456158086528
production-topology4-4-1456156702,1.1805393598628473,1.0009708866986307,1456158086764
production-topology1-1-1456156682,1.1154298231888593,1.010230300595943,1456158086764
production-topology2-2-1456156688,0.9478052357353299,1.003380007193568,1456158086764
production-topology3-3-1456156695,0.22035432561748347,0.13613875664086164,1456158086764
Running observer at: 1456158097195
production-topology4-4-1456156702,0.9677963186982614,1.0002692387929621,1456158097376
production-topology1-1-1456156682,1.0445278651552021,1.0107732831598135,1456158097376
production-topology2-2-1456156688,0.9967583373310185,1.0058774437004063,1456158097376
production-topology3-3-1456156695,0.0941855974400353,0.13583420908707178,1456158097376
Running observer at: 1456158107908
production-topology4-4-1456156702,1.0329350465437557,1.0024064115987696,1456158108101
production-topology1-1-1456156682,1.049102867332307,1.008195917358118,1456158108101
production-topology2-2-1456156688,0.9875718966144885,1.0051720070952672,1456158108101
production-topology3-3-1456156695,0.13891174458475256,0.13464996196792847,1456158108101
Running observer at: 1456158118592
production-topology4-4-1456156702,0.9736687695021027,1.0025461948270427,1456158118781
production-topology1-1-1456156682,0.8849547184568606,1.0040872345835512,1456158118782
production-topology2-2-1456156688,1.1197756616976273,1.0066607896110782,1456158118782
production-topology3-3-1456156695,0.15450096857200682,0.13600263745476882,1456158118782
Running observer at: 1456158129292
production-topology4-4-1456156702,1.027645189933829,1.0013356821474324,1456158129478
production-topology1-1-1456156682,0.9861051845530192,1.007950362773457,1456158129479
production-topology2-2-1456156688,0.9394868432160252,1.0023850996238806,1456158129479
production-topology3-3-1456156695,0.10121188927159075,0.13507964188816673,1456158129479
Running observer at: 1456158139919
production-topology4-4-1456156702,0.9288336430979744,1.0010386264646678,1456158140118
production-topology1-1-1456156682,0.949824757771164,1.0059870894906549,1456158140118
production-topology2-2-1456156688,0.9882097975221253,1.0031018895057937,1456158140118
production-topology3-3-1456156695,0.16709300322071863,0.13615068501265182,1456158140119
Running observer at: 1456158150603
production-topology4-4-1456156702,1.1141664313074418,1.0048751786862593,1456158150796
production-topology1-1-1456156682,0.962582965460812,1.0026471035900526,1456158150796
production-topology2-2-1456156688,1.0116844974143546,1.0018111186486711,1456158150796
production-topology3-3-1456156695,0.11193438140806562,0.13560170258591048,1456158150797
Running observer at: 1456158161243
production-topology4-4-1456156702,0.9536494029241631,1.0043939544636233,1456158161460
production-topology1-1-1456156682,0.9688056196912322,1.0021969582150332,1456158161460
production-topology2-2-1456156688,1.006647648986574,1.003441790766103,1456158161460
production-topology3-3-1456156695,0.16200274348422494,0.13718571373120908,1456158161461
Running observer at: 1456158172004
production-topology4-4-1456156702,1.0264143209687764,1.005095852011521,1456158172183
production-topology1-1-1456156682,1.1108020063684136,1.0082875329203658,1456158172183
production-topology2-2-1456156688,1.0942230071698964,1.0090723873647787,1456158172183
production-topology3-3-1456156695,0.11402792572125826,0.136140948973658,1456158172183
Running observer at: 1456158182755
production-topology4-4-1456156702,0.9757256805481638,1.0028579057637477,1456158182972
production-topology1-1-1456156682,1.078519313409423,1.0125831459857912,1456158182972
production-topology2-2-1456156688,0.9477564530171769,1.0020618225684785,1456158182972
production-topology3-3-1456156695,0.12834671668145886,0.13472968395272172,1456158182972
Running observer at: 1456158193428
production-topology4-4-1456156702,1.0068152169702627,1.0064693794629855,1456158193703
production-topology1-1-1456156682,1.0242930141579927,1.006204064691905,1456158193704
production-topology2-2-1456156688,1.0039657874824344,1.0067576864573795,1456158193704
production-topology3-3-1456156695,0.11704938020727493,0.13423376138637325,1456158193704
Running observer at: 1456158204251
production-topology4-4-1456156702,1.021523573109738,1.0041002564155053,1456158204444
production-topology1-1-1456156682,1.0487156589219944,1.01235658051995,1456158204445
production-topology2-2-1456156688,0.9931264771079987,1.0043052996575927,1456158204445
production-topology3-3-1456156695,0.1965352662524697,0.13724314376884275,1456158204445
Running observer at: 1456158215070
production-topology4-4-1456156702,0.9783006841898421,1.0038157892531532,1456158215257
production-topology1-1-1456156682,0.9897857723944681,1.0081165223708346,1456158215257
production-topology2-2-1456156688,1.0217692752036502,1.0066321778693468,1456158215257
production-topology3-3-1456156695,0.12043331016756573,0.13601005247031653,1456158215257
Running observer at: 1456158225794
production-topology4-4-1456156702,1.0484827672327672,1.0033037973142744,1456158226034
production-topology1-1-1456156682,1.0177117257486146,1.0107239871047293,1456158226034
production-topology2-2-1456156688,1.0290495015880914,1.0068826037866825,1456158226035
production-topology3-3-1456156695,0.15562699362041468,0.13665626432525416,1456158226035
Running observer at: 1456158236476
production-topology4-4-1456156702,0.9774073075386018,1.0024297131821962,1456158236713
production-topology1-1-1456156682,1.0149188539998661,1.00900130354029,1456158236713
production-topology2-2-1456156688,1.062171150023263,1.0090278917980195,1456158236713
production-topology3-3-1456156695,0.14119192164332314,0.1376209453840499,1456158236713
Running observer at: 1456158247207
production-topology4-4-1456156702,0.979509665607422,1.0039800017751046,1456158247395
production-topology1-1-1456156682,1.0044610276086428,1.0113532229372983,1456158247396
production-topology2-2-1456156688,1.0198272373090915,1.0081216948326188,1456158247396
production-topology3-3-1456156695,0.1058783303559423,0.1365676181674764,1456158247396
Running observer at: 1456158257847
production-topology4-4-1456156702,0.9867832877266428,1.0025300849954555,1456158258056
production-topology1-1-1456156682,0.9432862272997772,1.0097188224588227,1456158258056
production-topology2-2-1456156688,0.9338101162517874,1.0037339640241458,1456158258056
production-topology3-3-1456156695,0.14506142506142505,0.1333532225731466,1456158258057
Running observer at: 1456158268592
production-topology4-4-1456156702,1.0337507899379983,1.0024304974570901,1456158268803
production-topology1-1-1456156682,0.9210307484669753,1.005830352641744,1456158268803
production-topology2-2-1456156688,0.9976500608640744,1.0075524766885455,1456158268803
production-topology3-3-1456156695,0.16919623209190796,0.13737735678419882,1456158268803
Running observer at: 1456158279296
production-topology4-4-1456156702,1.0479647586050287,1.0035554302679135,1456158279519
production-topology1-1-1456156682,1.3023527625986642,1.0114226978531113,1456158279520
production-topology2-2-1456156688,1.015623145076599,1.0061938225029885,1456158279520
production-topology3-3-1456156695,0.1261534498857014,0.13658376678168385,1456158279520
Running observer at: 1456158289974
production-topology4-4-1456156702,1.0405383435544289,1.0065542866998145,1456158290148
production-topology1-1-1456156682,0.9325201374993589,1.0088616507915409,1456158290148
production-topology2-2-1456156688,1.0400706975179155,1.0031372130348382,1456158290149
production-topology3-3-1456156695,0.12634456955786597,0.1368129857647789,1456158290149
Running observer at: 1456158300601
production-topology4-4-1456156702,0.9796527640182288,1.0038491766703486,1456158300792
production-topology1-1-1456156682,0.8337100292840155,1.0054310236407173,1456158300792
production-topology2-2-1456156688,1.0464645961035164,1.0084607861200603,1456158300792
production-topology3-3-1456156695,0.13382594417077176,0.13706458671604613,1456158300792
Running observer at: 1456158311325
production-topology4-4-1456156702,0.9668598136491028,1.0061821816969356,1456158311510
production-topology1-1-1456156682,1.0096865353273239,1.0068184658903683,1456158311511
production-topology2-2-1456156688,0.9384161048500863,1.0016154633867635,1456158311511
production-topology3-3-1456156695,0.0954578061823399,0.13634123704715062,1456158311511
Running observer at: 1456158322032
production-topology4-4-1456156702,1.0060643719242996,1.008992927412153,1456158322211
production-topology1-1-1456156682,1.0133770560077207,1.0075052361760135,1456158322212
production-topology2-2-1456156688,0.9865265437554595,1.0048255581543206,1456158322212
production-topology3-3-1456156695,0.188911603332656,0.13756602285772848,1456158322212
Running observer at: 1456158332673
production-topology4-4-1456156702,1.0045252981025699,1.0047346792382466,1456158332852
production-topology1-1-1456156682,1.0332043298058708,1.0057522738260753,1456158332852
production-topology2-2-1456156688,0.9670645524969484,1.0024374399476366,1456158332852
production-topology3-3-1456156695,0.11834671424323519,0.1364538114327602,1456158332852
Running observer at: 1456158343410
production-topology4-4-1456156702,1.0257324888689812,1.006089230182007,1456158343626
production-topology1-1-1456156682,1.0693548387096776,1.0098597973340122,1456158343627
production-topology2-2-1456156688,1.1009570821335524,1.0062101851762641,1456158343627
production-topology3-3-1456156695,0.12114144720527698,0.13612293131835201,1456158343627
Running observer at: 1456158354089
production-topology4-4-1456156702,0.9955388867899291,1.0045248791929395,1456158354293
production-topology1-1-1456156682,0.984181343770385,1.0071224221395927,1456158354294
production-topology2-2-1456156688,1.095483983523965,1.0082841683937507,1456158354294
production-topology3-3-1456156695,0.11713605156228107,0.13533771168067335,1456158354294
Running observer at: 1456158364808
production-topology4-4-1456156702,0.9953251873104172,1.0062744175283516,1456158365019
production-topology1-1-1456156682,1.1256280021018241,1.012013972122717,1456158365020
production-topology2-2-1456156688,0.8131221880123823,1.0010491238440062,1456158365020
production-topology3-3-1456156695,0.14191835712254652,0.1359700933513693,1456158365020
Running observer at: 1456158375698
production-topology4-4-1456156702,1.0081331144113461,1.0065247237392103,1456158375883
production-topology1-1-1456156682,0.8852862260927633,1.0116674527569274,1456158375884
production-topology2-2-1456156688,1.164061528467016,1.0081300907224597,1456158375884
production-topology3-3-1456156695,0.10339572192513369,0.13513074397525526,1456158375884
Running observer at: 1456158386328
production-topology4-4-1456156702,1.04678041078661,1.0105008049411912,1456158386544
production-topology1-1-1456156682,0.9919506653683872,1.0077511772293923,1456158386544
production-topology2-2-1456156688,1.0985239037172136,1.0140581955761738,1456158386544
production-topology3-3-1456156695,0.1739068508759436,0.13709710198731398,1456158386544
Running observer at: 1456158397105
production-topology4-4-1456156702,0.9836394413096354,1.0104900778343724,1456158397297
production-topology1-1-1456156682,0.9008491422651931,1.0065653072938936,1456158397297
production-topology2-2-1456156688,0.886663076772452,1.0084755462320707,1456158397297
production-topology3-3-1456156695,0.12724358974358976,0.13724414204030866,1456158397298
Running observer at: 1456158407823
production-topology4-4-1456156702,1.0249328449328452,1.0053031940033723,1456158408059
production-topology1-1-1456156682,1.074011903753283,1.0051847099793745,1456158408059
production-topology2-2-1456156688,0.8157335101952937,1.0040731553807363,1456158408060
production-topology3-3-1456156695,0.1598192245387156,0.13522630533768307,1456158408060
Running observer at: 1456158418533
production-topology4-4-1456156702,0.9163950927873117,1.0035898198063407,1456158418723
production-topology1-1-1456156682,0.9208959028550242,1.0010636445693686,1456158418723
production-topology2-2-1456156688,1.2098429190998499,1.0111759747730305,1456158418723
production-topology3-3-1456156695,0.09855147986054447,0.13537183475170006,1456158418723
Running observer at: 1456158429245
production-topology4-4-1456156702,1.147297430242977,1.0074018992629814,1456158429463
production-topology1-1-1456156682,1.0881239242685026,1.0023643464672416,1456158429464
production-topology2-2-1456156688,0.9226046125365008,1.0090103986370975,1456158429464
production-topology3-3-1456156695,0.11691542288557212,0.13463862402839408,1456158429464
Running observer at: 1456158439907
production-topology4-4-1456156702,0.9029960228715911,1.0050461410419642,1456158440140
production-topology1-1-1456156682,1.0753484730136127,1.0087108049524667,1456158440141
production-topology2-2-1456156688,1.0547383346390162,1.0068424877351438,1456158440141
production-topology3-3-1456156695,0.1677343791422194,0.1350797377140678,1456158440141
Running observer at: 1456158450622
production-topology4-4-1456156702,1.0682641395301946,1.00640010602851,1456158450843
production-topology1-1-1456156682,0.9220260010329862,1.0065748321684653,1456158450844
production-topology2-2-1456156688,0.9661170904449551,1.0077301626427748,1456158450844
production-topology3-3-1456156695,0.1246956168831169,0.135862528634452,1456158450844
Running observer at: 1456158461451
production-topology4-4-1456156702,0.9240800273750611,1.0062416521710795,1456158461635
production-topology1-1-1456156682,1.1224870659904402,1.0123302424424414,1456158461635
production-topology2-2-1456156688,1.0088324677603338,1.0084175849840482,1456158461635
production-topology3-3-1456156695,0.09958297564342103,0.13361219438187544,1456158461635
Running observer at: 1456158472111
production-topology4-4-1456156702,1.0893351182507809,1.0054139417358572,1456158472297
production-topology1-1-1456156682,0.956753480362781,1.0121359262725071,1456158472297
production-topology2-2-1456156688,0.9688067555053587,1.0069883269204152,1456158472297
production-topology3-3-1456156695,0.14930582790807123,0.13485790926520896,1456158472297
Running observer at: 1456158482882
production-topology4-4-1456156702,0.9994001089730102,1.0069389652708187,1456158483078
production-topology1-1-1456156682,1.0240613067289617,1.0139777825070981,1456158483078
production-topology2-2-1456156688,1.035805193820825,1.0079602450815568,1456158483078
production-topology3-3-1456156695,0.1314293833475419,0.13383879726065287,1456158483078
Running observer at: 1456158493574
production-topology4-4-1456156702,0.95507164136757,1.0045608759507787,1456158493801
production-topology1-1-1456156682,0.9496208239393318,1.0086050764261287,1456158493801
production-topology2-2-1456156688,0.9206074919942417,1.0021730612423683,1456158493802
production-topology3-3-1456156695,0.1579484921857803,0.13530281614280362,1456158493802
Running observer at: 1456158504261
production-topology4-4-1456156702,1.0618455474903827,1.007431538182186,1456158504459
production-topology1-1-1456156682,0.9770347095359883,1.0052222562970143,1456158504459
production-topology2-2-1456156688,1.105836276565045,1.007442388693964,1456158504459
production-topology3-3-1456156695,0.1124941830226383,0.1347743983541763,1456158504459
Running observer at: 1456158514951
production-topology4-4-1456156702,0.9139769184233795,1.004336928230623,1456158515090
production-topology1-1-1456156682,1.0708688752774818,1.0067747850009972,1456158515090
production-topology2-2-1456156688,1.0215647958621572,1.0080290223066215,1456158515090
production-topology3-3-1456156695,0.1373999811325609,0.13545275171835244,1456158515090
Running observer at: 1456158525547
production-topology4-4-1456156702,1.0945547633381645,1.006771301238237,1456158525718
production-topology1-1-1456156682,1.0,1.0051509297035974,1456158525718
production-topology2-2-1456156688,0.9625979530775073,1.0070114048389383,1456158525718
production-topology3-3-1456156695,0.20666666666666667,0.13579046506549236,1456158525718
