Running observer at: 1456633271831
production-topology1-1-1456633271,0.0,0.0,0,0,1456633272027
Running observer at: 1456633272743
production-topology1-1-1456633271,0.0,0.0,0,0,1456633272899
Running observer at: 1456633278122
production-topology1-1-1456633271,0.0,0.0,0,0,1456633278417
production-topology2-2-1456633277,0.0,0.0,0,0,1456633278417
Running observer at: 1456633283072
production-topology1-1-1456633271,0.0,0.0,0,0,1456633283380
production-topology2-2-1456633277,0.0,0.0,0,0,1456633283380
Running observer at: 1456633284546
production-topology3-3-1456633284,0.0,0.0,0,0,1456633284925
production-topology1-1-1456633271,0.0,0.0,0,0,1456633284926
production-topology2-2-1456633277,0.0,0.0,0,0,1456633284926
Running observer at: 1456633291136
production-topology4-4-1456633290,0.0,0.0,0,0,1456633291574
production-topology3-3-1456633284,0.0,0.0,0,0,1456633291574
production-topology1-1-1456633271,0.0,0.0,0,0,1456633291575
production-topology2-2-1456633277,0.0,0.0,0,0,1456633291575
Running observer at: 1456633293629
production-topology4-4-1456633290,0.0,0.0,0,0,1456633294045
production-topology3-3-1456633284,0.0,0.0,0,0,1456633294045
production-topology1-1-1456633271,0.0,0.0,0,0,1456633294046
production-topology2-2-1456633277,0.0,0.0,0,0,1456633294046
Running observer at: 1456633304397
production-topology4-4-1456633290,0.0,0.0,0,0,1456633304794
production-topology3-3-1456633284,0.0,0.0,0,0,1456633304795
production-topology1-1-1456633271,0.0,0.0,0,0,1456633304795
production-topology2-2-1456633277,0.0,0.0,0,0,1456633304795
Running observer at: 1456633315135
production-topology4-4-1456633290,0.0,0.0,0,0,1456633315474
production-topology3-3-1456633284,0.0,0.0,0,0,1456633315475
production-topology1-1-1456633271,0.0,0.0,0,0,1456633315475
production-topology2-2-1456633277,0.0,0.0,0,0,1456633315475
Running observer at: 1456633325774
production-topology4-4-1456633290,0.0,0.0,0,0,1456633326128
production-topology3-3-1456633284,0.0,0.0,0,0,1456633326128
production-topology1-1-1456633271,0.0,0.0,0,0,1456633326129
production-topology2-2-1456633277,0.0,0.0,0,0,1456633326129
Running observer at: 1456633336426
production-topology4-4-1456633290,0.0,0.0,0,0,1456633336770
production-topology3-3-1456633284,0.0,0.0,0,0,1456633336770
production-topology1-1-1456633271,0.0,0.0,0,0,1456633336770
production-topology2-2-1456633277,0.0,0.0,0,0,1456633336770
Running observer at: 1456633347057
production-topology4-4-1456633290,0.0,0.0,0,0,1456633347376
production-topology3-3-1456633284,0.0,0.0,0,0,1456633347376
production-topology1-1-1456633271,0.0,0.0,0,0,1456633347377
production-topology2-2-1456633277,0.0,0.0,0,0,1456633347377
Running observer at: 1456633357658
production-topology4-4-1456633290,0.0,0.0,0,0,1456633357970
production-topology3-3-1456633284,0.0,0.0,0,0,1456633357970
production-topology1-1-1456633271,0.0,0.0,0,0,1456633357971
production-topology2-2-1456633277,0.0,0.0,0,0,1456633357971
Running observer at: 1456633368240
production-topology4-4-1456633290,0.0,0.0,0,0,1456633368499
production-topology3-3-1456633284,0.0,0.0,0,0,1456633368499
production-topology1-1-1456633271,0.0,0.0,0,0,1456633368499
production-topology2-2-1456633277,0.0,0.0,0,0,1456633368499
Running observer at: 1456633378744
production-topology4-4-1456633290,0.0,0.0,0,0,1456633379036
production-topology3-3-1456633284,0.0,0.0,0,0,1456633379036
production-topology1-1-1456633271,0.0,0.0,0,0,1456633379037
production-topology2-2-1456633277,0.0,0.0,0,0,1456633379037
Running observer at: 1456633389288
production-topology4-4-1456633290,0.0,0.0,0,0,1456633389573
production-topology3-3-1456633284,0.0,0.0,0,0,1456633389574
production-topology1-1-1456633271,0.0,0.0,0,0,1456633389574
production-topology2-2-1456633277,0.0,0.0,0,0,1456633389574
Running observer at: 1456633399803
production-topology4-4-1456633290,0.0,0.0,0,0,1456633400081
production-topology3-3-1456633284,0.0,0.0,0,0,1456633400081
production-topology1-1-1456633271,0.0,0.0,0,0,1456633400082
production-topology2-2-1456633277,0.0,0.0,0,0,1456633400082
Running observer at: 1456633410313
production-topology4-4-1456633290,0.0,0.0,0,0,1456633410578
production-topology3-3-1456633284,0.0,0.0,0,0,1456633410579
production-topology1-1-1456633271,0.0,0.0,0,0,1456633410579
production-topology2-2-1456633277,0.0,0.0,0,0,1456633410579
Running observer at: 1456633420815
production-topology4-4-1456633290,0.0,0.0,0,0,1456633421085
production-topology3-3-1456633284,0.0,0.0,0,0,1456633421086
production-topology1-1-1456633271,0.0,0.0,0,0,1456633421086
production-topology2-2-1456633277,0.0,0.0,0,0,1456633421086
Running observer at: 1456633431329
production-topology4-4-1456633290,0.0,0.0,0,0,1456633431609
production-topology3-3-1456633284,0.0,0.0,0,0,1456633431609
production-topology1-1-1456633271,0.0,0.0,0,0,1456633431609
production-topology2-2-1456633277,0.0,0.0,0,0,1456633431609
Running observer at: 1456633441847
production-topology4-4-1456633290,0.0,0.0,0,0,1456633442119
production-topology3-3-1456633284,0.0,0.0,0,0,1456633442119
production-topology1-1-1456633271,0.0,0.0,0,0,1456633442120
production-topology2-2-1456633277,0.0,0.0,0,0,1456633442120
Running observer at: 1456633452355
production-topology4-4-1456633290,0.0,0.0,0,0,1456633452629
production-topology3-3-1456633284,0.0,0.0,0,0,1456633452629
production-topology1-1-1456633271,0.0,0.0,0,0,1456633452630
production-topology2-2-1456633277,0.0,0.0,0,0,1456633452630
Running observer at: 1456633462859
production-topology4-4-1456633290,0.0,0.0,0,0,1456633463131
production-topology3-3-1456633284,0.0,0.0,0,0,1456633463131
production-topology1-1-1456633271,0.0,0.0,0,0,1456633463132
production-topology2-2-1456633277,0.0,0.0,0,0,1456633463132
Running observer at: 1456633473364
production-topology4-4-1456633290,0.0,0.0,0,0,1456633473624
production-topology3-3-1456633284,0.0,0.0,0,0,1456633473625
production-topology1-1-1456633271,0.0,0.0,0,0,1456633473625
production-topology2-2-1456633277,0.0,0.0,0,0,1456633473625
Running observer at: 1456633483851
production-topology4-4-1456633290,0.0,0.0,0,0,1456633484058
production-topology3-3-1456633284,0.0,0.0,0,0,1456633484058
production-topology1-1-1456633271,0.0,0.0,0,0,1456633484059
production-topology2-2-1456633277,0.0,0.0,0,0,1456633484059
Running observer at: 1456633494241
production-topology4-4-1456633290,0.0,0.0,0,0,1456633494419
production-topology3-3-1456633284,0.0,0.0,0,0,1456633494419
production-topology1-1-1456633271,0.0,0.0,0,0,1456633494419
production-topology2-2-1456633277,0.0,0.0,0,0,1456633494420
Running observer at: 1456633504588
production-topology4-4-1456633290,0.0,0.0,0,0,1456633504751
production-topology3-3-1456633284,0.0,0.0,0,0,1456633504751
production-topology1-1-1456633271,0.0,0.0,0,0,1456633504752
production-topology2-2-1456633277,0.0,0.0,0,0,1456633504752
