Running observer at: 1456113049797
production-topology1-1-1456113049,0.0,0.0,1456113049896
Running observer at: 1456113056128
production-topology1-1-1456113049,0.0,0.0,1456113056253
production-topology2-2-1456113055,0.0,0.0,1456113056253
Running observer at: 1456113059702
production-topology1-1-1456113049,0.0,0.0,1456113059859
production-topology2-2-1456113055,0.0,0.0,1456113059859
Running observer at: 1456113062716
production-topology3-3-1456113062,0.0,0.0,1456113062881
production-topology1-1-1456113049,0.0,0.0,1456113062882
production-topology2-2-1456113055,0.0,0.0,1456113062882
Running observer at: 1456113069165
production-topology3-3-1456113062,0.0,0.0,1456113069379
production-topology1-1-1456113049,0.0,0.0,1456113069379
production-topology4-4-1456113068,0.0,0.0,1456113069379
production-topology2-2-1456113055,0.0,0.0,1456113069380
Running observer at: 1456113070332
production-topology3-3-1456113062,0.0,0.0,1456113070579
production-topology1-1-1456113049,0.0,0.0,1456113070579
production-topology4-4-1456113068,0.0,0.0,1456113070579
production-topology2-2-1456113055,0.0,0.0,1456113070580
Running observer at: 1456113081262
production-topology3-3-1456113062,0.0,0.0,1456113081559
production-topology1-1-1456113049,0.0,0.0,1456113081560
production-topology4-4-1456113068,0.0,0.0,1456113081560
production-topology2-2-1456113055,0.678906691134952,0.11315111518915866,1456113081560
Running observer at: 1456113092372
production-topology3-3-1456113062,0.5067460317460317,0.10134920634920634,1456113092691
production-topology1-1-1456113049,0.47115976044732294,0.05889497005591537,1456113092691
production-topology4-4-1456113068,0.3868102268102268,0.0967025567025567,1456113092691
production-topology2-2-1456113055,0.9170488095394903,0.22799364295349175,1456113092692
Running observer at: 1456113103394
production-topology3-3-1456113062,1.0521255301464503,0.25981192698208033,1456113103700
production-topology1-1-1456113049,1.078192493384833,0.17215025042579513,1456113103700
production-topology4-4-1456113068,1.2209369296294705,0.3215494312879395,1456113103700
production-topology2-2-1456113055,1.1016341200979831,0.33719870259655316,1456113103700
Running observer at: 1456113114436
production-topology3-3-1456113062,1.0538695116481485,0.3732487247915186,1456113114775
production-topology1-1-1456113049,1.0282195532119143,0.25775718070440706,1456113114775
production-topology4-4-1456113068,1.044953192809734,0.4421167248749052,1456113114776
production-topology2-2-1456113055,0.9869855817997394,0.40939724473024053,1456113114776
Running observer at: 1456113125480
production-topology3-3-1456113062,1.0715301888663182,0.46053390780086856,1456113125744
production-topology1-1-1456113049,1.099392432462053,0.3342694763187385,1456113125744
production-topology4-4-1456113068,1.041419321396933,0.5277313815209091,1456113125744
production-topology2-2-1456113055,0.9501837717998293,0.46347589743719936,1456113125745
Running observer at: 1456113136386
production-topology3-3-1456113062,0.981373699029901,0.5184049957152055,1456113136661
production-topology1-1-1456113049,0.963439712596068,0.3867003293418492,1456113136662
production-topology4-4-1456113068,0.9945043611873119,0.5860780039792095,1456113136662
production-topology2-2-1456113055,0.9980548396970683,0.5120739830971874,1456113136662
Running observer at: 1456113147348
production-topology3-3-1456113062,0.9566387939673211,0.562228375540417,1456113147634
production-topology1-1-1456113049,0.900514364610109,0.4262244859009462,1456113147635
production-topology4-4-1456113068,0.9783755002067026,0.6296666146711531,1456113147635
production-topology2-2-1456113055,0.8836683666813683,0.5430401817292024,1456113147635
Running observer at: 1456113158304
production-topology3-3-1456113062,1.0615838595490616,0.607624328632112,1456113158553
production-topology1-1-1456113049,1.121235767552001,0.4758681488760215,1456113158554
production-topology4-4-1456113068,0.9323367240526724,0.6599336256093051,1456113158554
production-topology2-2-1456113055,1.07291657621202,0.5837999043817269,1456113158554
Running observer at: 1456113169221
production-topology3-3-1456113062,1.0210931416175324,0.6420800630475637,1456113169419
production-topology1-1-1456113049,0.8985932950864458,0.5040498252900498,1456113169419
production-topology4-4-1456113068,1.1318054173814025,0.7028310612249503,1456113169420
production-topology2-2-1456113055,1.060903988080801,0.6178787675030893,1456113169420
Running observer at: 1456113180039
production-topology3-3-1456113062,0.9979110352184767,0.6694516762914802,1456113180279
production-topology1-1-1456113049,1.1998031421724604,0.5475344075952004,1456113180280
production-topology4-4-1456113068,0.9451380470242936,0.7230233100415622,1456113180280
production-topology2-2-1456113055,1.0678210408312228,0.6478749190582982,1456113180281
Running observer at: 1456113190954
production-topology3-3-1456113062,0.9764263552901815,0.6913784390771017,1456113191193
production-topology1-1-1456113049,0.9215656525396462,0.569536245533109,1456113191194
production-topology4-4-1456113068,1.013279648490284,0.7453507206914639,1456113191194
production-topology2-2-1456113055,1.0641166528881583,0.6738900274226645,1456113191194
Running observer at: 1456113201835
production-topology3-3-1456113062,1.019125318327446,0.7132282310271246,1456113202084
production-topology1-1-1456113049,1.025303457373611,0.5948566461909147,1456113202084
production-topology4-4-1456113068,1.0433458816166115,0.7666360893289744,1456113202085
production-topology2-2-1456113055,0.8033717344950836,0.6815065984269244,1456113202085
Running observer at: 1456113212628
production-topology3-3-1456113062,0.9880587373370598,0.7304051376714955,1456113212873
production-topology1-1-1456113049,0.9441614789662328,0.6132411110738263,1456113212874
production-topology4-4-1456113068,0.9276539504485461,0.7773706134036125,1456113212874
production-topology2-2-1456113055,1.0557865001018931,0.7022999262977561,1456113212875
Running observer at: 1456113223489
production-topology3-3-1456113062,0.9912572728599635,0.7457493809178759,1456113223741
production-topology1-1-1456113049,1.0008987921268397,0.6326239951264769,1456113223742
production-topology4-4-1456113068,1.0082385245835181,0.7917998578523566,1456113223742
production-topology2-2-1456113055,0.8933416641244329,0.7123547546044232,1456113223742
Running observer at: 1456113234381
production-topology3-3-1456113062,0.9713400489305095,0.7582821958074667,1456113234610
production-topology1-1-1456113049,1.0693316286535521,0.6534195967230043,1456113234610
production-topology4-4-1456113068,1.0674084519750862,0.8080121280948702,1456113234611
production-topology2-2-1456113055,1.149532923583825,0.7342136630533933,1456113234611
Running observer at: 1456113245152
production-topology3-3-1456113062,1.0399637276785714,0.7731075395901564,1456113245432
production-topology1-1-1456113049,0.9830361231331703,0.6684021661052846,1456113245433
production-topology4-4-1456113068,0.9429020108512007,0.8155060104702219,1456113245433
production-topology2-2-1456113055,0.9388255360623782,0.7439570855776307,1456113245433
Running observer at: 1456113256060
production-topology3-3-1456113062,1.0175648753794193,0.7853304063796196,1456113256282
production-topology1-1-1456113049,0.907061367683451,0.6787786531304222,1456113256283
production-topology4-4-1456113068,1.0370555002457857,0.8271665099320937,1456113256283
production-topology2-2-1456113055,1.0434797482211275,0.7575717520614261,1456113256283
Running observer at: 1456113266946
production-topology3-3-1456113062,0.9294752980662497,0.7921944488408876,1456113267171
production-topology1-1-1456113049,1.2649460367965044,0.703202294116509,1456113267171
production-topology4-4-1456113068,0.9339358567939595,0.8325049772751869,1456113267171
production-topology2-2-1456113055,0.9868878571313598,0.7675420174992493,1456113267172
Running observer at: 1456113277776
production-topology3-3-1456113062,1.0647740327175812,0.8045844299261918,1456113278035
production-topology1-1-1456113049,0.855437741827358,0.709291712024943,1456113278035
production-topology4-4-1456113068,1.1162449740403169,0.8460164056925741,1456113278035
production-topology2-2-1456113055,1.1318315420341405,0.7827207476882032,1456113278036
Running observer at: 1456113288627
production-topology3-3-1456113062,1.0464444951264076,0.8151000849348968,1456113288835
production-topology1-1-1456113049,1.0690789473684212,0.7231296826150768,1456113288835
production-topology4-4-1456113068,0.9400854366763458,0.850292270737291,1456113288836
production-topology2-2-1456113055,0.8504594323960898,0.7854302950765186,1456113288836
Running observer at: 1456113299401
production-topology3-3-1456113062,0.9504102627837205,0.8207380090119312,1456113299617
production-topology1-1-1456113049,0.9096786177093292,0.7300389024333824,1456113299617
production-topology4-4-1456113068,1.0043425599557674,0.8569901093989638,1456113299618
production-topology2-2-1456113055,0.9897293899628172,0.7932879525721456,1456113299618
Running observer at: 1456113310203
production-topology3-3-1456113062,0.9728088058478128,0.8268208408853664,1456113310420
production-topology1-1-1456113049,1.055773656419612,0.7416722865043192,1456113310420
production-topology4-4-1456113068,1.0000593257090047,0.8629513267452155,1456113310421
production-topology2-2-1456113055,1.0066042428357216,0.801188555915241,1456113310421
Running observer at: 1456113320952
production-topology3-3-1456113062,1.1411582463751508,0.838910741096512,1456113321232
production-topology1-1-1456113049,0.8400216561616459,0.7450636440787097,1456113321233
production-topology4-4-1456113068,0.9955431131019037,0.8682549981994829,1456113321233
production-topology2-2-1456113055,0.9862951304313665,0.8077995050051026,1456113321233
Running observer at: 1456113331976
production-topology3-3-1456113062,0.9702226755012888,0.8437741460744668,1456113332245
production-topology1-1-1456113049,1.3625218135847335,0.7656455830622438,1456113332245
production-topology4-4-1456113068,1.0517498021113396,0.8753124906576312,1456113332245
production-topology2-2-1456113055,1.0949771662149816,0.817702182977857,1456113332246
Running observer at: 1456113342882
production-topology3-3-1456113062,0.9599261474781884,0.8479224318388854,1456113343095
production-topology1-1-1456113049,0.8400435161345938,0.7936470336000636,1456113343095
production-topology4-4-1456113068,0.9310350305604973,0.8773762884318115,1456113343096
production-topology2-2-1456113055,1.0093221621899064,0.8240895156182586,1456113343096
Running observer at: 1456113353703
production-topology3-3-1456113062,1.030911408240128,0.8542323965423766,1456113353954
production-topology1-1-1456113049,1.052328113976432,0.828724637399278,1456113353954
production-topology4-4-1456113068,1.0831561401439775,0.8847255688501031,1456113353954
production-topology2-2-1456113055,1.125031852363587,0.8615905773637116,1456113353955
Running observer at: 1456113364573
production-topology3-3-1456113062,0.9755371420694001,0.858275888059944,1456113364787
production-topology1-1-1456113049,0.922744312653192,0.8594827811543844,1456113364787
production-topology4-4-1456113068,0.9256286586804605,0.8861360202235636,1456113364788
production-topology2-2-1456113055,0.9051491174680462,0.8917622146126464,1456113364788
Running observer at: 1456113375347
production-topology3-3-1456113062,1.0377975897870455,0.8928691410528455,1456113375594
production-topology1-1-1456113049,1.1012951145381589,0.8961926183056564,1456113375595
production-topology4-4-1456113068,1.0811077855374496,0.8926350790673597,1456113375595
production-topology2-2-1456113055,0.8856000184231333,0.9212822152267509,1456113375595
Running observer at: 1456113386082
production-topology3-3-1456113062,1.032506660927508,0.9272860297504292,1456113386290
production-topology1-1-1456113049,1.1065548868867479,0.9330777812018813,1456113386290
production-topology4-4-1456113068,0.9956788714550819,0.9258243747825291,1456113386291
production-topology2-2-1456113055,1.1969837784845478,0.9611816745095692,1456113386291
Running observer at: 1456113396915
production-topology3-3-1456113062,0.8963218278764497,0.9571634240129775,1456113397130
production-topology1-1-1456113049,0.9709675387420712,0.965443365826617,1456113397131
production-topology4-4-1456113068,0.9593354565426526,0.9578022233339509,1456113397131
production-topology2-2-1456113055,0.9639987759179801,0.9933149670401684,1456113397131
Running observer at: 1456113407738
production-topology3-3-1456113062,0.9791500347307176,0.9898017585040014,1456113407980
production-topology1-1-1456113049,0.9685782328647367,0.9977293069221083,1456113407980
production-topology4-4-1456113068,1.0851715148364343,0.9939746071618321,1456113407980
production-topology2-2-1456113055,0.94807907207392,1.002287379738134,1456113407981
Running observer at: 1456113418552
production-topology3-3-1456113062,1.0481169362952703,1.0078474553223093,1456113418824
production-topology1-1-1456113049,0.9392017453098166,1.0133307064175248,1456113418824
production-topology4-4-1456113068,0.9830453660979014,1.0138491118047546,1456113418825
production-topology2-2-1456113055,1.1288088711516773,1.0093460484585401,1456113418825
Running observer at: 1456113429356
production-topology3-3-1456113062,1.0300546219895241,1.0071117583837452,1456113429595
production-topology1-1-1456113049,1.017433560181976,1.0113054086440958,1456113429595
production-topology4-4-1456113068,0.8745670399175072,1.002303448814356,1456113429595
production-topology2-2-1456113055,1.0208332732750045,1.006652686897774,1456113429595
Running observer at: 1456113440190
production-topology3-3-1456113062,1.0437555381325068,1.0067746259332238,1456113440391
production-topology1-1-1456113049,1.1091470232719767,1.0140029909794313,1456113440391
production-topology4-4-1456113068,1.110557371440702,1.0044902547687216,1456113440391
production-topology2-2-1456113055,0.8726765606293497,1.0028423861920945,1456113440392
Running observer at: 1456113450893
production-topology3-3-1456113062,0.9477842730249446,1.0026497620718446,1456113451104
production-topology1-1-1456113049,0.8613193092881692,1.0060672202069685,1456113451104
production-topology4-4-1456113068,0.9906600249066001,1.0027982782190439,1456113451104
production-topology2-2-1456113055,1.0662596555852528,1.0067115823182753,1456113451105
Running observer at: 1456113461662
production-topology3-3-1456113062,1.0531770410449375,1.0050432068056794,1456113461883
production-topology1-1-1456113049,1.020092353614782,1.0079556415742592,1456113461883
production-topology4-4-1456113068,1.0559205717037246,1.0048454852362576,1456113461883
production-topology2-2-1456113055,0.8910874072164394,1.0031460012355877,1456113461884
Running observer at: 1456113472377
production-topology3-3-1456113062,1.0392042239934283,1.0077953878065495,1456113472586
production-topology1-1-1456113049,0.8812087912087911,1.0073121224608819,1456113472586
production-topology4-4-1456113068,0.8949687473448615,1.0020652601408628,1456113472595
production-topology2-2-1456113055,0.9760340247692596,1.006224856505184,1456113472596
Running observer at: 1456113483189
production-topology3-3-1456113062,0.9319943766199794,1.00347573837558,1456113483430
production-topology1-1-1456113049,0.9806730983538702,1.0026267001542775,1456113483430
production-topology4-4-1456113068,0.9653260482286369,1.0031649042800617,1456113483430
production-topology2-2-1456113055,1.167208042303281,1.0093679053748927,1456113483430
Running observer at: 1456113494065
production-topology3-3-1456113062,1.093624430193512,1.0058934479947792,1456113494267
production-topology1-1-1456113049,1.091503332565294,1.0090570347369057,1456113494268
production-topology4-4-1456113068,1.0826837390358266,1.001527515001876,1456113494268
production-topology2-2-1456113055,0.9335701288017922,1.0051234433989258,1456113494268
Running observer at: 1456113504867
production-topology3-3-1456113062,0.9624089923332693,1.0047100465652725,1456113505121
production-topology1-1-1456113049,1.1784054908317771,1.0083437796922163,1456113505121
production-topology4-4-1456113068,0.9946771601892085,1.0031788187740398,1456113505121
production-topology2-2-1456113055,1.08435880454955,1.0056747021895367,1456113505121
Running observer at: 1456113515622
production-topology3-3-1456113062,1.0764327395411606,1.0080435927069715,1456113515839
production-topology1-1-1456113049,0.8498555455999812,1.0059534427942276,1456113515839
production-topology4-4-1456113068,0.9483924223658537,1.0010159112365589,1456113515839
production-topology2-2-1456113055,0.9323173173173173,1.0012813910038418,1456113515839
Running observer at: 1456113526404
production-topology3-3-1456113062,0.971086241680037,1.0064422901520582,1456113526632
production-topology1-1-1456113049,1.0669809294615862,1.0073426918638269,1456113526632
production-topology4-4-1456113068,0.9972925786950176,0.9994808011391723,1456113526632
production-topology2-2-1456113055,1.0219829236923252,1.00856843064375,1456113526632
Running observer at: 1456113537211
production-topology3-3-1456113062,1.0110904484747372,1.0072100138566473,1456113537419
production-topology1-1-1456113049,1.053515574598344,1.0109878283848972,1456113537420
production-topology4-4-1456113068,1.000086535133264,1.0018952206286629,1456113537420
production-topology2-2-1456113055,1.0626102051746613,1.0087958874795089,1456113537420
Running observer at: 1456113547968
production-topology3-3-1456113062,0.9378990649622694,1.0054314069267243,1456113548171
production-topology1-1-1456113049,0.8703521182733551,1.006636272589781,1456113548171
production-topology4-4-1456113068,1.0393351443987937,1.0029317746225055,1456113548171
production-topology2-2-1456113055,0.9954525777026897,1.0121995845987841,1456113548172
Running observer at: 1456113558763
production-topology3-3-1456113062,1.0225653717627403,1.0071389176877985,1456113558963
production-topology1-1-1456113049,0.9561014227302344,1.0028619323923373,1456113558963
production-topology4-4-1456113068,0.9571978126780528,0.9992580866459375,1456113558964
production-topology2-2-1456113055,1.1817103910895497,1.013272166848975,1456113558964
Running observer at: 1456113569529
production-topology3-3-1456113062,1.038955222465861,1.007105300847375,1456113569818
production-topology1-1-1456113049,1.0589747927096371,1.0053932213782195,1456113569818
production-topology4-4-1456113068,1.0301010289602524,1.002164720582906,1456113569819
production-topology2-2-1456113055,0.7514358545668802,1.0070258441324582,1456113569819
Running observer at: 1456113580305
production-topology3-3-1456113062,1.0270342723102002,1.0074209474117344,1456113580493
production-topology1-1-1456113049,1.0046131276323886,1.0086449467098508,1456113580493
production-topology4-4-1456113068,1.0316697000437602,1.001985193909505,1456113580494
production-topology2-2-1456113055,0.9613502186588921,1.0042881931470506,1456113580494
Running observer at: 1456113591106
production-topology3-3-1456113062,0.9521481773787797,1.0081767100554855,1456113591343
production-topology1-1-1456113049,1.1076490132900316,1.0034017125929684,1456113591344
production-topology4-4-1456113068,0.9514016375560553,1.002567386601575,1456113591344
production-topology2-2-1456113055,1.1839419705374348,1.0108566635939196,1456113591344
Running observer at: 1456113601980
production-topology3-3-1456113062,1.0380595906629715,1.007286228653665,1456113602191
production-topology1-1-1456113049,0.9190281964472207,1.0055213944136303,1456113602191
production-topology4-4-1456113068,1.026817633164117,0.999586475239035,1456113602191
production-topology2-2-1456113055,0.9614484145990994,1.0051772260127516,1456113602191
Running observer at: 1456113612713
production-topology3-3-1456113062,0.97041586425894,1.004751940958083,1456113612922
production-topology1-1-1456113049,1.0653970726079747,1.005398665254949,1456113612922
production-topology4-4-1456113068,0.9688248766737139,1.0005444565722807,1456113612923
production-topology2-2-1456113055,0.9433410934862669,1.0082732813824244,1456113612923
Running observer at: 1456113623492
production-topology3-3-1456113062,1.004218684628661,1.0065455550195808,1456113623707
production-topology1-1-1456113049,1.058353481461471,1.0103544940466869,1456113623707
production-topology4-4-1456113068,1.0703661083407918,1.0027452415184481,1456113623707
production-topology2-2-1456113055,0.9521364755412264,1.007020184235038,1456113623708
Running observer at: 1456113634257
production-topology3-3-1456113062,0.9910920047031158,1.0071549949814242,1456113634484
production-topology1-1-1456113049,0.837812661287277,1.0030891275422757,1456113634484
production-topology4-4-1456113068,0.9409180132882797,1.0007738644377573,1456113634484
production-topology2-2-1456113055,1.1213710307198232,1.0108457438311749,1456113634484
Running observer at: 1456113645060
production-topology3-3-1456113062,0.9806951915060023,1.0018062264857859,1456113645304
production-topology1-1-1456113049,1.038307535348149,1.0096986568484927,1456113645304
production-topology4-4-1456113068,1.078135595272692,1.0035269471767836,1456113645304
production-topology2-2-1456113055,0.9336892054562621,1.009092212998671,1456113645304
Running observer at: 1456113655847
production-topology3-3-1456113062,0.9812214351205923,1.0021728518064292,1456113656053
production-topology1-1-1456113049,1.1366078122685919,1.0021681901379547,1456113656053
production-topology4-4-1456113068,0.9413837568925876,0.9998480790028252,1456113656053
production-topology2-2-1456113055,0.9838331160365057,1.0053874113260555,1456113656054
Running observer at: 1456113666706
production-topology3-3-1456113062,1.079443173150267,1.0061567526621653,1456113666910
production-topology1-1-1456113049,0.9834408305502427,1.0069481006184762,1456113666910
production-topology4-4-1456113068,1.0508183307487575,1.0038408556757672,1456113666910
production-topology2-2-1456113055,1.0612199839817191,1.0071173387191157,1456113666911
Running observer at: 1456113677471
production-topology3-3-1456113062,0.9434003693731672,1.0032397180332666,1456113677766
production-topology1-1-1456113049,0.9345245857227625,1.003021316343354,1456113677766
production-topology4-4-1456113068,0.9299690098382506,0.9987346179989097,1456113677766
production-topology2-2-1456113055,1.0498686140262417,1.0046118974412044,1456113677766
Running observer at: 1456113688256
production-topology3-3-1456113062,1.0026178112578692,1.0041424070062157,1456113688482
production-topology1-1-1456113049,1.1560254402399046,1.0107973539295776,1456113688482
production-topology4-4-1456113068,1.0892852638482493,1.0041898381711694,1456113688482
production-topology2-2-1456113055,1.0303845709815094,1.00878641255832,1456113688482
Running observer at: 1456113699061
production-topology3-3-1456113062,0.943753618769174,1.0010076079722865,1456113699263
production-topology1-1-1456113049,0.9219093283546907,1.0048178277234618,1456113699263
production-topology4-4-1456113068,1.0250173847316704,1.00232015814431,1456113699263
production-topology2-2-1456113055,1.022709980239777,1.0133567446188747,1456113699263
Running observer at: 1456113709822
production-topology3-3-1456113062,1.156759024769784,1.0051493534336957,1456113710104
production-topology1-1-1456113049,0.9882352941176471,1.0008738412978253,1456113710104
production-topology4-4-1456113068,0.9482502876229126,1.0007392053499042,1456113710104
production-topology2-2-1456113055,0.8462520830817534,1.0016656881054482,1456113710105
Running observer at: 1456113720656
production-topology3-3-1456113062,0.927002838300359,1.0061720537811594,1456113720864
production-topology1-1-1456113049,0.9957261242533374,1.0016991274815341,1456113720864
production-topology4-4-1456113068,1.042676973613696,1.0035172559189391,1456113720864
production-topology2-2-1456113055,1.0414540816326532,1.0042475316292707,1456113720864
Running observer at: 1456113731399
production-topology3-3-1456113062,0.9975726823586601,1.0067861420354243,1456113731699
production-topology1-1-1456113049,1.087007227825602,1.0056467606468964,1456113731699
production-topology4-4-1456113068,0.9889133732493967,1.000308651199371,1456113731699
production-topology2-2-1456113055,0.9961374451358845,1.005849477398003,1456113731699
Running observer at: 1456113742175
production-topology3-3-1456113062,0.9738295027577857,1.0043098942508413,1456113742360
production-topology1-1-1456113049,0.9216395644840907,1.005061354619372,1456113742360
production-topology4-4-1456113068,0.9153016461248057,0.9980505272002679,1456113742360
production-topology2-2-1456113055,1.0631787091964084,1.003661805332827,1456113742360
Running observer at: 1456113752921
production-topology3-3-1456113062,1.0332097298622887,1.0044150645132668,1456113753123
production-topology1-1-1456113049,1.0313637334161514,1.005525693727178,1456113753123
production-topology4-4-1456113068,1.079169501316224,1.0048706092468918,1456113753124
production-topology2-2-1456113055,0.8764922687832098,0.998850438516434,1456113753124
Running observer at: 1456113763696
production-topology3-3-1456113062,0.903013864086363,0.9997236753783951,1456113763897
production-topology1-1-1456113049,1.339840806040295,1.0132154864861218,1456113763897
production-topology4-4-1456113068,0.940559269856454,0.9992040058607501,1456113763897
production-topology2-2-1456113055,1.0370821102919134,1.0043306235051859,1456113763898
Running observer at: 1456113774455
production-topology3-3-1456113062,1.0866846702947497,1.004353688620722,1456113774691
production-topology1-1-1456113049,0.832231678623841,1.0122458987973109,1456113774691
production-topology4-4-1456113068,1.0107995452823038,0.9998753232066069,1456113774691
production-topology2-2-1456113055,1.1419058083726945,1.0068521619314341,1456113774692
Running observer at: 1456113785256
production-topology3-3-1456113062,0.973370321354644,1.0016934646310458,1456113785455
production-topology1-1-1456113049,1.0413450448052524,1.0129543218369932,1456113785455
production-topology4-4-1456113068,1.03637516880271,0.9992238097765731,1456113785455
production-topology2-2-1456113055,0.9478765391932565,1.0087451329973278,1456113785456
Running observer at: 1456113796065
production-topology3-3-1456113062,1.037777901734012,1.0016459205557318,1456113796266
production-topology1-1-1456113049,0.9293697532153403,1.0145596872372116,1456113796267
production-topology4-4-1456113068,0.9563996423526337,1.001271506276832,1456113796267
production-topology2-2-1456113055,0.959151663226406,1.0081823876125662,1456113796267
Running observer at: 1456113806709
production-topology3-3-1456113062,1.0054637775621669,1.0040949005871382,1456113806910
production-topology1-1-1456113049,1.0773042649591225,1.017780726124053,1456113806910
production-topology4-4-1456113068,0.9803025252115767,1.0017707221762635,1456113806910
production-topology2-2-1456113055,0.9392300257083345,1.0005831203927347,1456113806910
Running observer at: 1456113817518
production-topology3-3-1456113062,0.9686106009200626,0.9999277729446897,1456113817713
production-topology1-1-1456113049,0.9803219282187853,1.0140746793125028,1456113817713
production-topology4-4-1456113068,0.94945259219838,0.9973296839483485,1456113817714
production-topology2-2-1456113055,1.0575596294106056,1.0047161037463617,1456113817714
Running observer at: 1456113828188
production-topology3-3-1456113062,1.0066434944154456,1.0014022563474287,1456113828431
production-topology1-1-1456113049,0.9343091870258194,1.0059381358523043,1456113828431
production-topology4-4-1456113068,1.073461086181963,0.9999558148147737,1456113828431
production-topology2-2-1456113055,0.9897133386143954,1.0015612548818567,1456113828431
Running observer at: 1456113839033
production-topology3-3-1456113062,1.0056323927513522,0.9990422447877685,1456113839229
production-topology1-1-1456113049,1.1031109738583451,1.0143799834609164,1456113839230
production-topology4-4-1456113068,1.0002797963509402,1.0016853939476098,1456113839230
production-topology2-2-1456113055,1.079745577191581,1.0064755302109987,1456113839230
Running observer at: 1456113849849
production-topology3-3-1456113062,0.9462655294727114,0.9982148877141909,1456113850055
production-topology1-1-1456113049,0.9289385889706184,1.0097785721112174,1456113850055
production-topology4-4-1456113068,1.0153140861565824,1.0022861108629955,1456113850055
production-topology2-2-1456113055,1.120329044009636,1.0097537342215757,1456113850055
Running observer at: 1456113860669
production-topology3-3-1456113062,1.1032410369135421,1.0012865739954846,1456113860879
production-topology1-1-1456113049,0.9731426013357758,1.0070994730024652,1456113860879
production-topology4-4-1456113068,0.9965414425164993,1.0021679411091031,1456113860879
production-topology2-2-1456113055,0.9306472236580787,1.0053549681710228,1456113860879
Running observer at: 1456113871409
production-topology3-3-1456113062,0.9502797352472585,1.001699263004984,1456113871698
production-topology1-1-1456113049,1.0804900500203343,1.0141040707273643,1456113871698
production-topology4-4-1456113068,0.9081647397983834,0.9977955942890896,1456113871698
production-topology2-2-1456113055,1.0323687415913065,1.00658550696731,1456113871698
Running observer at: 1456113882176
production-topology3-3-1456113062,1.135214041070617,1.00545421864858,1456113882369
production-topology1-1-1456113049,0.9915216421240519,1.0152847447071582,1456113882369
production-topology4-4-1456113068,1.1601149005971276,1.0045594972197256,1456113882369
production-topology2-2-1456113055,0.9053923060391145,0.9973749041322955,1456113882369
Running observer at: 1456113893020
production-topology3-3-1456113062,0.8906912349005647,1.000512085729737,1456113893216
production-topology1-1-1456113049,0.8730238745146285,1.0090863807673247,1456113893216
production-topology4-4-1456113068,1.0051985909226477,1.0037294159518055,1456113893216
production-topology2-2-1456113055,1.1192616166131968,1.0096357628671728,1456113893217
Running observer at: 1456113903693
production-topology3-3-1456113062,1.084578117256072,1.002430213894599,1456113903843
production-topology1-1-1456113049,1.1828444493949721,1.0150274248260776,1456113903843
production-topology4-4-1456113068,0.9770564376798772,1.0019089738730094,1456113903843
production-topology2-2-1456113055,0.9858147042600824,1.0104512457205457,1456113903843
Running observer at: 1456113914284
production-topology3-3-1456113062,0.9655139866417697,1.0028757408700324,1456113914488
production-topology1-1-1456113049,1.0501104920904059,1.0131094741194233,1456113914488
production-topology4-4-1456113068,0.9318189452100096,1.0012562174614745,1456113914489
production-topology2-2-1456113055,1.0202202202202202,1.0049938540433054,1456113914489
Running observer at: 1456113925002
production-topology3-3-1456113062,1.0416179299067991,1.00299435217816,1456113925200
production-topology1-1-1456113049,1.0,1.0158085342378491,1456113925200
production-topology4-4-1456113068,1.0149277993599337,1.0008598896680019,1456113925200
production-topology2-2-1456113055,0.9683514721765155,1.0052239559625527,1456113925201
Running observer at: 1456113935874
production-topology3-3-1456113062,1.0141654375614553,1.0044526712882438,1456113936081
production-topology1-1-1456113049,1.0,1.0136286318175833,1456113936081
production-topology4-4-1456113068,0.9893611826286017,1.0015444331998316,1456113936081
production-topology2-2-1456113055,1.0795533663562782,1.0097643650582198,1456113936082
Running observer at: 1456113940029
production-topology3-3-1456113062,0.9131878557874763,1.0014183103268708,1456113940332
production-topology1-1-1456113049,1.0,1.0116835157688677,1456113940333
production-topology4-4-1456113068,1.0849326497678144,1.0020299845807323,1456113940333
production-topology2-2-1456113055,0.9003907455919841,1.0080395073932449,1456113940333
Running observer at: 1456113946689
production-topology3-3-1456113062,0.8989252222522026,0.9983460842451738,1456113946878
production-topology1-1-1456113049,0.0,0.9837564270592919,1456113946879
production-topology4-4-1456113068,1.0657577976577703,1.0061913107263818,1456113946879
production-topology2-2-1456113055,0.7415014035767007,0.9953771864884743,1456113946879
/var/nimbus/storm/bin/storm rebalance production-topology3 -e spout_head=11
1456113947176
/var/nimbus/storm/bin/storm rebalance production-topology2 -e spout_head=9
Running observer at: 1456113957349
production-topology3-3-1456113062,0.9999585753611608,0.9999585753611608,1456113957510
production-topology1-1-1456113049,1.0,0.9824795092143537,1456113957510
production-topology4-4-1456113068,0.9455420237351243,1.001771525008463,1456113957510
production-topology2-2-1456113055,0.9990451112732863,0.9990451112732863,1456113957510
/var/nimbus/storm/bin/storm rebalance production-topology1 -e spout_head=11
1456113957865
/var/nimbus/storm/bin/storm rebalance production-topology4 -e bolt_output_1=9
Running observer at: 1456113968100
production-topology1-1-1456113049,0.0,0.0,1456113968255
production-topology3-3-1456113062,1.6444444444444444,1.3222015099028026,1456113968255
production-topology4-4-1456113068,0.9993127859732155,0.9993127859732155,1456113968255
production-topology2-2-1456113055,6.25,3.624522555636643,1456113968255
Running observer at: 1456113978729
production-topology1-1-1456113049,0.0,0.0,1456113978993
production-topology3-3-1456113062,2.0,1.5481343399352017,1456113978993
production-topology4-4-1456113068,0.651358695652174,0.8253357408126947,1456113978993
production-topology2-2-1456113055,1.0,2.749681703757762,1456113978993
Running observer at: 1456113985424
production-topology1-1-1456113049,0.0,0.0,1456113985639
production-topology3-3-1456113062,2.0,1.6611007549514012,1456113985639
production-topology4-4-1456113068,2.0,1.2168904938751297,1456113985639
production-topology2-2-1456113055,1.0,2.3122612778183216,1456113985639
Running observer at: 1456113986265
production-topology1-1-1456113049,0.0,0.0,1456113986516
production-topology3-3-1456113062,0.0,1.328880603961121,1456113986516
production-topology4-4-1456113068,2.0,1.4126678704063473,1456113986516
production-topology2-2-1456113055,1.0,2.0498090222546574,1456113986517
Running observer at: 1456113989476
production-topology1-1-1456113049,0.0,0.0,1456113989641
production-topology3-3-1456113062,0.9987223572542687,1.2738542295099788,1456113989641
production-topology4-4-1456113068,2.0,1.530134296325078,1456113989641
production-topology2-2-1456113055,0.0,1.7081741852122143,1456113989641
Running observer at: 1456113997929
production-topology1-1-1456113049,0.0,0.0,1456113998124
production-topology3-3-1456113062,0.5245599489795919,1.1668121894342094,1456113998124
production-topology4-4-1456113068,2.0,1.608445246937565,1456113998125
production-topology2-2-1456113055,0.0,1.4641493016104694,1456113998125
Running observer at: 1456113998755
production-topology1-1-1456113049,0.0,0.0,1456113998917
production-topology3-3-1456113062,0.8785714285714287,1.1307820943263618,1456113998917
production-topology4-4-1456113068,0.0,1.3786673545179127,1456113998917
production-topology2-2-1456113055,0.0,1.2811306389091608,1456113998917
Running observer at: 1456114000151
production-topology1-1-1456113049,0.0,0.0,1456114000301
production-topology3-3-1456113062,1.1791666666666667,1.136158157919729,1456114000301
production-topology4-4-1456113068,0.0,1.2063339352031737,1456114000301
production-topology2-2-1456113055,0.0,1.1387827901414762,1456114000301
Running observer at: 1456114010770
production-topology1-1-1456113049,0.026300318697979514,0.002922257633108835,1456114010957
production-topology3-3-1456113062,0.9725479031205095,1.1197971324398073,1456114010957
production-topology4-4-1456113068,0.0,1.0722968312917098,1456114010958
production-topology2-2-1456113055,0.0,1.0249045111273287,1456114010958
Running observer at: 1456114021463
production-topology1-1-1456113049,0.4019388922171996,0.042823921091517905,1456114021655
production-topology3-3-1456113062,0.9746546973150766,1.1066023656102861,1456114021655
production-topology4-4-1456113068,0.8937304668606323,1.0544401948486022,1456114021656
production-topology2-2-1456113055,0.0,0.9317313737521169,1456114021656
Running observer at: 1456114032223
production-topology1-1-1456113049,1.048192375624534,0.1342210533217921,1456114032408
production-topology3-3-1456113062,1.03825599609375,1.1009068348172415,1456114032408
production-topology4-4-1456113068,1.0371873269986478,1.052871752316788,1456114032409
production-topology2-2-1456113055,0.04586350669299978,0.8579090514971904,1456114032409
Running observer at: 1456114042858
production-topology1-1-1456113049,1.0356911314097006,0.2093435598291178,1456114043038
production-topology3-3-1456113062,0.992272083440634,1.0925503154805793,1456114043038
production-topology4-4-1456113068,1.0765196679932356,1.054842411956492,1456114043038
production-topology2-2-1456113055,0.04936120789779327,0.795713063528006,1456114043039
Running observer at: 1456114053464
production-topology1-1-1456113049,1.082025809840955,0.2764729636761822,1456114053663
production-topology3-3-1456113062,1.0186740721399812,1.087273440956251,1456114053663
production-topology4-4-1456113068,1.0003372754790125,1.050649709150532,1456114053664
production-topology2-2-1456113055,0.0334841628959276,0.7412681420542861,1456114053664
Running observer at: 1456114064197
production-topology1-1-1456113049,0.9234004771829751,0.32268207178381025,1456114064394
production-topology3-3-1456113062,1.0306139460962243,1.083496141298916,1456114064395
production-topology4-4-1456113068,1.0119167101583095,1.0478830663653733,1456114064395
production-topology2-2-1456113055,0.11515151515151517,0.6995270335941014,1456114064395
Running observer at: 1456114074908
production-topology1-1-1456113049,0.9609473435895063,0.36523308990418996,1456114075102
production-topology3-3-1456113062,1.045668032883433,1.0811318845229483,1456114075102
production-topology4-4-1456113068,1.061259731522122,1.04877484404249,1456114075102
production-topology2-2-1456113055,0.1549636803874092,0.6654918240186831,1456114075103
Running observer at: 1456114085659
production-topology1-1-1456113049,0.9451651205936921,0.4014788418222838,1456114085978
production-topology3-3-1456113062,0.9239525569138688,1.071886041722414,1456114085978
production-topology4-4-1456113068,0.9559007429258166,1.0429702127226979,1456114085978
production-topology2-2-1456113055,0.03375159119839971,0.6283306338527841,1456114085978
Running observer at: 1456114096522
production-topology1-1-1456113049,1.121429281652545,0.44382886769465213,1456114096805
production-topology3-3-1456113062,0.97124162799305,1.066294685404116,1456114096805
production-topology4-4-1456113068,1.0109689430790434,1.0410877850966005,1456114096805
production-topology2-2-1456113055,0.17223684210526313,0.6029920898668107,1456114096806
Running observer at: 1456114107276
production-topology1-1-1456113049,0.9699824100805428,0.47305962004942376,1456114107531
production-topology3-3-1456113062,1.0464702477083123,1.0652512939464422,1456114107532
production-topology4-4-1456113068,1.0412459429935284,1.0410965716464298,1456114107532
production-topology2-2-1456113055,0.02068014705882353,0.5723440928769167,1456114107532
Running observer at: 1456114118049
production-topology1-1-1456113049,1.0479020510510793,0.5033144848389846,1456114118211
production-topology3-3-1456113062,1.0015368057578624,1.0620655695370131,1456114118211
production-topology4-4-1456113068,0.976631805703535,1.0377036892283826,1456114118211
production-topology2-2-1456113055,0.0,0.5437268882330708,1456114118211
Running observer at: 1456114128717
production-topology1-1-1456113049,1.0091052758789518,0.5286040243909829,1456114128919
production-topology3-3-1456113062,1.0529527366260354,1.061631625112681,1456114128919
production-topology4-4-1456113068,0.9685822261320498,1.0342476160735659,1456114128920
production-topology2-2-1456113055,0.08709073251942284,0.5219823093895638,1456114128920
/var/nimbus/storm/bin/storm rebalance production-topology2 -e bolt_output_sink=11
1456114129294
/var/nimbus/storm/bin/storm rebalance production-topology3 -e spout_head=10
Running observer at: 1456114139481
production-topology3-3-1456113062,0.995594753093006,0.995594753093006,1456114139648
production-topology1-1-1456113049,0.9451073122828715,0.5484375142905966,1456114139648
production-topology4-4-1456113068,1.0390205198565416,1.0344748972060887,1456114139648
production-topology2-2-1456113055,0.04160334469008953,0.04160334469008953,1456114139648
Running observer at: 1456114150138
production-topology3-3-1456113062,1.0291666666666668,1.0123807098798365,1456114150328
production-topology1-1-1456113049,0.9724722621924102,0.5677118210134063,1456114150328
production-topology4-4-1456113068,0.9275800693687453,1.0296160413953002,1456114150329
production-topology2-2-1456113055,0.0,0.020801672345044764,1456114150329
Running observer at: 1456114160866
production-topology3-3-1456113062,2.0,1.341587139919891,1456114161041
production-topology1-1-1456113049,1.0688026738473164,0.589498379832272,1456114161041
production-topology4-4-1456113068,1.08188715213599,1.0318886983840259,1456114161041
production-topology2-2-1456113055,1.0,0.3472011148966965,1456114161041
Running observer at: 1456114167946
production-topology3-3-1456113062,2.0,1.5061903549399183,1456114168177
production-topology1-1-1456113049,1.1588769348350085,0.6132224862907194,1456114168177
production-topology4-4-1456113068,1.0176112988374908,1.0312938067362536,1456114168178
production-topology2-2-1456113055,1.0,0.5104008361725224,1456114168178
Running observer at: 1456114168719
production-topology3-3-1456113062,2.0,1.6049522839519348,1456114169059
production-topology1-1-1456113049,1.1755102040816325,0.6357139950023559,1456114169059
production-topology4-4-1456113068,0.9959999999999999,1.0298820544668035,1456114169059
production-topology2-2-1456113055,1.0,0.608320668938018,1456114169060
Running observer at: 1456114171502
production-topology3-3-1456113062,8.070714834742506E-4,1.3375947485405246,1456114171682
production-topology1-1-1456113049,1.00046518607443,0.6497428869666665,1456114171683
production-topology4-4-1456113068,0.9225584464555053,1.0257542233894457,1456114171683
production-topology2-2-1456113055,1.0,0.6736005574483483,1456114171683
Running observer at: 1456114182189
production-topology3-3-1456113062,1.0041091121955341,1.289953943348383,1456114182369
production-topology1-1-1456113049,0.9217853787579114,0.6598185348107867,1456114182369
production-topology4-4-1456113068,0.9459729076056651,1.0227993598418983,1456114182369
production-topology2-2-1456113055,0.21428571428571427,0.6079841512822578,1456114182370
Running observer at: 1456114192833
production-topology3-3-1456113062,0.9239782822774065,1.244206985714511,1456114193126
production-topology1-1-1456113049,1.0504346266004703,0.6737691095175611,1456114193126
production-topology4-4-1456113068,1.0891220290364125,1.0251680265988452,1456114193126
production-topology2-2-1456113055,1.2513889863007837,0.6884097556595735,1456114193126
Running observer at: 1456114203603
production-topology3-3-1456113062,0.9625513153062618,1.2129119112247055,1456114203797
production-topology1-1-1456113049,0.9388094013797643,0.6829084299266025,1456114203797
production-topology4-4-1456113068,1.003587753990057,1.0244238792675078,1456114203798
production-topology2-2-1456113055,1.1363607803153581,0.7381820917324384,1456114203798
Running observer at: 1456114214281
production-topology3-3-1456113062,0.9408831470213428,1.1857090348043693,1456114214514
production-topology1-1-1456113049,1.0603541154294294,0.6954899527766968,1456114214515
production-topology4-4-1456113068,0.9643607113673256,1.022421773670835,1456114214515
production-topology2-2-1456113055,0.8562201314217444,0.749985895701369,1456114214515
Running observer at: 1456114225074
production-topology3-3-1456113062,1.0097306748448238,1.1697110020807742,1456114225260
production-topology1-1-1456113049,1.007804333793665,0.729083430569819,1456114225260
production-topology4-4-1456113068,0.9425111699382989,1.0205283864696713,1456114225260
production-topology2-2-1456113055,1.0859661226961035,0.7805295527008904,1456114225260
Running observer at: 1456114235733
production-topology3-3-1456113062,1.0162804752699874,1.156925124846542,1456114235974
production-topology1-1-1456113049,1.0851910001789231,0.7652564639091164,1456114235974
production-topology4-4-1456113068,1.103243433712402,1.035591211071679,1456114235974
production-topology2-2-1456113055,1.0053899593247357,0.7992679199195442,1456114235975
Running observer at: 1456114246559
production-topology3-3-1456113062,1.0295829143596682,1.1471295701937054,1456114246757
production-topology1-1-1456113049,0.9311041071604451,0.7962932674811312,1456114246757
production-topology4-4-1456113068,1.00679737025855,1.002484456746964,1456114246757
production-topology2-2-1456113055,0.8879710508570262,0.8060912376839658,1456114246758
Running observer at: 1456114257372
production-topology3-3-1456113062,0.9813622451022384,1.1352890469728865,1456114257615
production-topology1-1-1456113049,1.0362922138836776,0.8308363412772537,1456114257615
production-topology4-4-1456113068,0.9901003242584492,0.9688211342222456,1456114257615
production-topology2-2-1456113055,1.2610488189949793,0.8385882077776097,1456114257616
Running observer at: 1456114268114
production-topology3-3-1456113062,0.9803672048884478,1.1249609241672571,1456114268372
production-topology1-1-1456113049,0.8921604503870516,0.8605750229568222,1456114268373
production-topology4-4-1456113068,1.0335751907088628,0.936606973912541,1456114268373
production-topology2-2-1456113055,0.8193654075690534,0.8373066877637059,1456114268373
Running observer at: 1456114278923
production-topology3-3-1456113062,1.0343951564919531,1.1193005636875506,1456114279116
production-topology1-1-1456113049,1.1244561115912302,0.8980568933431965,1456114279116
production-topology4-4-1456113068,0.9556646173083343,0.9017957944894854,1456114279116
production-topology2-2-1456113055,1.1709985999194832,0.858162432273442,1456114279116
Running observer at: 1456114289589
production-topology3-3-1456113062,1.0560475045598592,1.115579795503569,1456114289760
production-topology1-1-1456113049,0.9733854548060921,0.9305030751700661,1456114289760
production-topology4-4-1456113068,1.0353881185867597,0.9363087317757107,1456114289761
production-topology2-2-1456113055,0.9719349103277675,0.86485493098252,1456114289761
Running observer at: 1456114300360
production-topology3-3-1456113062,0.9467222600228019,1.106198821310193,1456114300553
production-topology1-1-1456113049,0.9138582486276818,0.960965016790989,1456114300553
production-topology4-4-1456113068,1.0010731206301413,0.9696778357967155,1456114300554
production-topology2-2-1456113055,1.0516719537059898,0.8752336544671572,1456114300554
Running observer at: 1456114311016
production-topology3-3-1456113062,0.9254202525881122,1.0966841597985044,1456114311281
production-topology1-1-1456113049,0.9973391305934854,0.9933329771875059,1456114311281
production-topology4-4-1456113068,0.980655698534026,1.002366359081183,1456114311282
production-topology2-2-1456113055,0.8825768393230122,0.8756201378806233,1456114311282
Running observer at: 1456114321846
production-topology3-3-1456113062,1.0246888142721475,1.0930843925221865,1456114322041
production-topology1-1-1456113049,1.2395281458220127,1.021252618974333,1456114322041
production-topology4-4-1456113068,1.0641587814598652,1.0080473029011574,1456114322042
production-topology2-2-1456113055,0.8469303867053088,0.8741856503218577,1456114322042
Running observer at: 1456114332515
production-topology3-3-1456113062,1.0341991231275118,1.090280332074821,1456114332779
production-topology1-1-1456113049,0.8988456348809217,1.0162743942828791,1456114332779
production-topology4-4-1456113068,1.0016705775482313,1.0068634112528103,1456114332779
production-topology2-2-1456113055,1.2960158242583593,0.894272801461691,1456114332780
Running observer at: 1456114343361
production-topology3-3-1456113062,0.9980207561156413,1.0860867149857674,1456114343559
production-topology1-1-1456113049,0.936641712480992,1.0129727469852556,1456114343559
production-topology4-4-1456113068,0.9985849370661557,1.0042655868885744,1456114343559
production-topology2-2-1456113055,0.954429482636428,0.8970071960605427,1456114343559
Running observer at: 1456114354030
production-topology3-3-1456113062,0.9754828333699292,1.0812778505676874,1456114354233
production-topology1-1-1456113049,1.026583292716859,1.011124663081119,1456114354233
production-topology4-4-1456113068,0.9539629715775613,1.0027197767585259,1456114354233
production-topology2-2-1456113055,0.9467035696543893,0.8991679079559273,1456114354234
Running observer at: 1456114364780
production-topology3-3-1456113062,0.9159515043728854,1.0743892528095706,1456114364977
production-topology1-1-1456113049,1.0267484605840909,1.0145695958611562,1456114364978
production-topology4-4-1456113068,0.9855098010583335,1.0018395464551932,1456114364978
production-topology2-2-1456113055,1.1529258397073492,0.9097411551122366,1456114364978
Running observer at: 1456114375638
production-topology3-3-1456113062,1.0308656705322627,1.0726483095184782,1456114375834
production-topology1-1-1456113049,1.0492257827978182,1.0175122105014334,1456114375834
production-topology4-4-1456113068,1.0699444852755746,1.002129038246975,1456114375834
production-topology2-2-1456113055,0.8175040195257232,0.9060516696887762,1456114375834
Running observer at: 1456114386384
production-topology3-3-1456113062,1.0362445474882132,1.0712481648250065,1456114386644
production-topology1-1-1456113049,1.0144904736529945,1.01982305560341,1456114386644
production-topology4-4-1456113068,1.1303069089613813,1.0079425771148274,1456114386645
production-topology2-2-1456113055,1.0808837100157351,0.9127759789321208,1456114386645
Running observer at: 1456114397216
production-topology3-3-1456113062,1.0351431353762357,1.069910941512089,1456114397422
production-topology1-1-1456113049,1.0757864883829722,1.018301629161091,1456114397422
production-topology4-4-1456113068,0.9078158394977409,1.0045041403287838,1456114397422
production-topology2-2-1456113055,0.9120820676464876,0.9127502785141344,1456114397422
Running observer at: 1456114407926
production-topology3-3-1456113062,0.9481267821565503,1.0655615072493911,1456114408191
production-topology1-1-1456113049,0.8574574780205911,1.014550798092426,1456114408192
production-topology4-4-1456113068,0.9881022133383865,1.0027326826736123,1456114408192
production-topology2-2-1456113055,1.0445808837016228,0.9174585144136875,1456114408192
Running observer at: 1456114418734
production-topology3-3-1456113062,1.0328001043705493,1.064431803701845,1456114418942
production-topology1-1-1456113049,0.9420601609207035,1.0110227350880803,1456114418942
production-topology4-4-1456113068,0.9638410936596027,1.0023063256054814,1456114418942
production-topology2-2-1456113055,1.0775942907670104,0.9229804377362159,1456114418942
Running observer at: 1456114429502
production-topology3-3-1456113062,1.032238835067902,1.06335870474738,1456114429739
production-topology1-1-1456113049,1.0494462739568198,1.0123674350240093,1456114429739
production-topology4-4-1456113068,1.0709163962475616,1.0057174646093316,1456114429739
production-topology2-2-1456113055,0.915852742299023,0.9227428478883095,1456114429739
Running observer at: 1456114440270
production-topology3-3-1456113062,0.9263499014003254,1.0610505430242907,1456114440458
production-topology1-1-1456113049,0.9241920054312047,1.0116702581289538,1456114440458
production-topology4-4-1456113068,1.0711807982380572,1.0067894738887155,1456114440458
production-topology2-2-1456113055,0.8563085404076674,0.9498996877455619,1456114440458
Running observer at: 1456114450953
production-topology3-3-1456113062,1.0246748930697087,1.0609008172377254,1456114451155
production-topology1-1-1456113049,1.013284653298873,1.0130306711658357,1456114451155
production-topology4-4-1456113068,0.9532404388548263,1.0076448195382517,1456114451155
production-topology2-2-1456113055,1.1397275556710635,0.9878906062679306,1456114451155
Running observer at: 1456114461724
production-topology3-3-1456113062,0.9478932273878932,1.0258305914839887,1456114461927
production-topology1-1-1456113049,0.9096192077244709,1.0077245556284076,1456114461927
production-topology4-4-1456113068,0.9939467904322175,1.0047134741481258,1456114461927
production-topology2-2-1456113055,1.1325173125178032,0.992307850018524,1456114461927
Running observer at: 1456114472497
production-topology3-3-1456113062,1.0318713808498918,0.9935596375123185,1456114472762
production-topology1-1-1456113049,1.159037979165523,1.007729923772758,1456114472762
production-topology4-4-1456113068,0.9457794366250689,1.0023190787410452,1456114472762
production-topology2-2-1456113055,0.9683119449165575,0.9912515815157426,1456114472762
Running observer at: 1456114483249
production-topology3-3-1456113062,1.0647346539496207,0.9623841259773058,1456114483442
production-topology1-1-1456113049,1.1319030547273352,1.0062763521276146,1456114483443
production-topology4-4-1456113068,1.0524353042702403,1.004200255550053,1456114483443
production-topology2-2-1456113055,1.0280267560786143,0.9921858067183632,1456114483443
Running observer at: 1456114494082
production-topology3-3-1456113062,0.9033254201447611,0.9924680709326821,1456114494294
production-topology1-1-1456113049,0.9002597040035898,1.0029361693919199,1456114494294
production-topology4-4-1456113068,0.9928370458727471,1.0065428755306278,1456114494295
production-topology2-2-1456113055,0.9164398083865783,0.9894004669979156,1456114494295
Running observer at: 1456114504773
production-topology3-3-1456113062,1.0288081782707512,0.9932913731351892,1456114505060
production-topology1-1-1456113049,0.9041373308686671,1.0023479011289451,1456114505060
production-topology4-4-1456113068,1.0426831183334613,1.0097665492215544,1456114505060
production-topology2-2-1456113055,1.0922586678718498,1.0186662321174533,1456114505060
Running observer at: 1456114515677
production-topology3-3-1456113062,1.0201740643710338,0.9964978992049768,1456114515860
production-topology1-1-1456113049,0.9815388003460397,1.0000513735871308,1456114515860
production-topology4-4-1456113068,0.9962727026294389,1.0066715716746553,1456114515860
production-topology2-2-1456113055,1.1545617001568556,1.0154386559126558,1456114515860
Running observer at: 1456114526432
production-topology3-3-1456113062,1.0177729063349865,0.9983386189059344,1456114526614
production-topology1-1-1456113049,1.1542136310426991,1.0072315145758952,1456114526614
production-topology4-4-1456113068,0.9672734375028975,1.0054610944584166,1456114526615
production-topology2-2-1456113055,0.8505494505494505,1.0059116115871254,1456114526615
Running observer at: 1456114537232
production-topology3-3-1456113062,1.015532694266011,1.0008269371474234,1456114537430
production-topology1-1-1456113049,0.869059829059829,1.0008550383635753,1456114537430
production-topology4-4-1456113068,1.010870012610085,1.0070114044998417,1456114537431
production-topology2-2-1456113055,1.0152373018980554,1.0112121839363357,1456114537431
Running observer at: 1456114547916
production-topology3-3-1456113062,0.971895672077455,0.999565770388511,1456114548138
production-topology1-1-1456113049,1.0033078992634412,1.0007051572125676,1456114548138
production-topology4-4-1456113068,0.9449166528466513,1.0070915872634536,1456114548139
production-topology2-2-1456113055,0.9783866169638429,1.0076262004119272,1456114548139
Running observer at: 1456114558696
production-topology3-3-1456113062,0.9318244652122907,0.9967505700532545,1456114558887
production-topology1-1-1456113049,0.9951448657980531,0.9977036193998722,1456114558888
production-topology4-4-1456113068,1.0283395263463393,1.0045947903512515,1456114558888
production-topology2-2-1456113055,1.102749777715881,1.010871527691632,1456114558888
Running observer at: 1456114569390
production-topology3-3-1456113062,1.024161839023789,0.9965698675420587,1456114569652
production-topology1-1-1456113049,1.1679743740579345,1.0055992949631216,1456114569652
production-topology4-4-1456113068,0.9475542704709371,1.0026200203583313,1456114569652
production-topology2-2-1456113055,0.8955065383902464,1.011122710609406,1456114569652
Running observer at: 1456114580130
production-topology3-3-1456113062,0.978265010450397,0.9964666263869973,1456114580319
production-topology1-1-1456113049,0.8248332310035572,0.998550662200451,1456114580319
production-topology4-4-1456113068,1.0072375154757596,1.0031912600655748,1456114580319
production-topology2-2-1456113055,1.0341158020830075,1.0035582767123403,1456114580320
Running observer at: 1456114590886
production-topology3-3-1456113062,0.9866768960443655,0.9966769494255279,1456114591125
production-topology1-1-1456113049,1.1577876312638438,1.0074049015630107,1456114591125
production-topology4-4-1456113068,1.0114006997154614,1.0024521103657948,1456114591125
production-topology2-2-1456113055,1.0324357314409405,1.0106606208414033,1456114591125
Running observer at: 1456114601578
production-topology3-3-1456113062,1.0399938682162349,0.9968635731496706,1456114601750
production-topology1-1-1456113049,0.9532877552192406,1.0016992896839443,1456114601750
production-topology4-4-1456113068,1.0248877872806395,1.0047595493648718,1456114601751
production-topology2-2-1456113055,0.8949776785714285,1.001459923463135,1456114601751
Running observer at: 1456114612402
production-topology3-3-1456113062,0.9984282688726114,0.9949429319600956,1456114612579
production-topology1-1-1456113049,1.0686300659179688,1.0048741100543404,1456114612580
production-topology4-4-1456113068,1.05034273371994,1.0052580365359778,1456114612580
production-topology2-2-1456113055,0.9316962525851038,1.0001186348717128,1456114612580
Running observer at: 1456114623044
production-topology3-3-1456113062,0.9632123909012797,0.9954926029893783,1456114623411
production-topology1-1-1456113049,0.905691507746354,1.0046018853582959,1456114623411
production-topology4-4-1456113068,1.0236377317772667,1.0060101902408818,1456114623411
production-topology2-2-1456113055,1.0398658326500563,0.9997250975031818,1456114623411
Running observer at: 1456114633875
production-topology3-3-1456113062,1.05741994433962,0.9998925927144285,1456114634058
production-topology1-1-1456113049,0.9286960628424,1.0023137830999265,1456114634058
production-topology4-4-1456113068,1.0262431551562914,1.0075297721282908,1456114634058
production-topology2-2-1456113055,0.9369086700996544,1.0015361585290699,1456114634058
Running observer at: 1456114644603
production-topology3-3-1456113062,0.9862183768890374,0.9986102448016582,1456114644806
production-topology1-1-1456113049,1.0973623644123136,0.9975749237196031,1456114644806
production-topology4-4-1456113068,1.0093059945694152,1.005701345898609,1456114644806
production-topology2-2-1456113055,1.133215569469193,1.0110789979545325,1456114644806
Running observer at: 1456114655334
production-topology3-3-1456113062,1.0311717949715384,0.9985093338631258,1456114655526
production-topology1-1-1456113049,0.9630007357172344,0.9997134270808136,1456114655526
production-topology4-4-1456113068,0.9328910372306587,1.0034086945546898,1456114655527
production-topology2-2-1456113055,1.0357000289421403,1.0024018047773255,1456114655527
Running observer at: 1456114666063
production-topology3-3-1456113062,1.012959938416328,0.9990073066064818,1456114666293
production-topology1-1-1456113049,0.85122812453278,0.9968663074825399,1456114666293
production-topology4-4-1456113068,0.9397885074416885,1.0014488135672075,1456114666294
production-topology2-2-1456113055,0.8748509464520702,0.9997491869045135,1456114666294
Running observer at: 1456114676887
production-topology3-3-1456113062,0.8434560948079247,0.9946064153210817,1456114677077
production-topology1-1-1456113049,1.2123576679519803,1.003058786657044,1456114677078
production-topology4-4-1456113068,1.1313529809105032,1.0073618138783056,1456114677078
production-topology2-2-1456113055,0.9333839813439497,0.999305200627499,1456114677078
Running observer at: 1456114687585
production-topology3-3-1456113062,1.1037951208946306,1.00086786920514,1456114687848
production-topology1-1-1456113049,1.066605313186813,1.0043873484104682,1456114687849
production-topology4-4-1456113068,0.9447773322125833,1.0060040649167807,1456114687849
production-topology2-2-1456113055,1.3369695293547041,1.0054399902824107,1456114687849
Running observer at: 1456114698362
production-topology3-3-1456113062,1.0862945501736954,1.002715498526521,1456114698563
production-topology1-1-1456113049,0.8121006429263214,0.9964831770814181,1456114698563
production-topology4-4-1456113068,0.9662591907429632,1.0025478884323602,1456114698564
production-topology2-2-1456113055,0.8890814913585312,1.007825906010171,1456114698564
Running observer at: 1456114709094
production-topology3-3-1456113062,0.8822719151959131,0.997583077450111,1456114709320
production-topology1-1-1456113049,1.106956870336576,0.9995653903042041,1456114709320
production-topology4-4-1456113068,1.0212748539067715,0.9989134865972067,1456114709320
production-topology2-2-1456113055,1.0711082079890777,1.007500055942616,1456114709320
Running observer at: 1456114719787
production-topology3-3-1456113062,1.0603176318742986,0.9984222273333797,1456114719997
production-topology1-1-1456113049,1.0744261438304124,0.9995200454857855,1456114719998
production-topology4-4-1456113068,1.0526254787983094,1.0037404745738923,1456114719998
production-topology2-2-1456113055,0.8291255802775522,1.0047348396969844,1456114719998
Running observer at: 1456114730662
production-topology3-3-1456113062,0.9996578032412407,1.0001399280362027,1456114730857
production-topology1-1-1456113049,0.9285119999999999,1.0018885295517659,1456114730857
production-topology4-4-1456113068,0.9993994729308944,1.0041170498936425,1456114730857
production-topology2-2-1456113055,0.9979990867200796,1.003182113130933,1456114730858
Running observer at: 1456114741347
production-topology3-3-1456113062,0.9797504512667478,0.998371606266076,1456114741680
production-topology1-1-1456113049,0.9541824810732373,1.0022926068901836,1456114741680
production-topology4-4-1456113068,0.9020205283117582,1.0020563643820477,1456114741680
production-topology2-2-1456113055,1.0329113924050632,1.0016926831855348,1456114741680
Running observer at: 1456114752188
production-topology3-3-1456113062,1.0313169615672357,0.9983408771493871,1456114752368
production-topology1-1-1456113049,1.0325353887200768,1.0017289107156255,1456114752368
production-topology4-4-1456113068,1.108420783713389,1.0033065106309085,1456114752368
production-topology2-2-1456113055,1.0870706881772354,1.007399948048142,1456114752369
Running observer at: 1456114762941
production-topology3-3-1456113062,0.9428554953859514,0.9988910636155747,1456114763133
production-topology1-1-1456113049,1.1345768216931411,1.0087417379243568,1456114763133
production-topology4-4-1456113068,0.9065619420451956,0.9978192154244799,1456114763133
production-topology2-2-1456113055,0.9145107587183686,1.0093400219918318,1456114763133
Running observer at: 1456114773744
production-topology3-3-1456113062,1.0452492734182874,0.9995768762938606,1456114773921
production-topology1-1-1456113049,0.9834288490574902,1.007746544449644,1456114773922
production-topology4-4-1456113068,1.0297820378604503,1.0003706020580008,1456114773922
production-topology2-2-1456113055,0.9652254139152733,1.0035232839333055,1456114773922
Running observer at: 1456114784469
production-topology3-3-1456113062,0.9838345513361386,1.0007749204254688,1456114784671
production-topology1-1-1456113049,0.8714398654280935,1.0064738997064315,1456114784671
production-topology4-4-1456113068,1.0957938590863672,1.0037655043464724,1456114784671
production-topology2-2-1456113055,1.209484849316824,1.0060888684932727,1456114784671
Running observer at: 1456114795209
production-topology3-3-1456113062,1.0337907221110778,1.0008388984675083,1456114795399
production-topology1-1-1456113049,1.169345658929128,1.0068174890318848,1456114795399
production-topology4-4-1456113068,0.975908344215735,1.0047698012661612,1456114795399
production-topology2-2-1456113055,0.8611976207336975,1.0025183910205109,1456114795399
Running observer at: 1456114805858
production-topology3-3-1456113062,0.9792016806722688,0.9979877993582632,1456114806087
production-topology1-1-1456113049,1.0620209059233447,1.0044880840717518,1456114806087
production-topology4-4-1456113068,0.9523935060342492,1.001435074658295,1456114806087
production-topology2-2-1456113055,0.8499101220232185,0.996581169885331,1456114806088
Running observer at: 1456114816604
production-topology3-3-1456113062,1.038415996363744,1.0024908185655625,1456114816799
production-topology1-1-1456113049,0.9216838236358951,1.0052022213928287,1456114816800
production-topology4-4-1456113068,1.0022358823576927,1.001748369207793,1456114816800
production-topology2-2-1456113055,1.1923512602690105,1.005778218281412,1456114816800
Running observer at: 1456114827314
production-topology3-3-1456113062,0.9603375833587111,1.0002084654018282,1456114827546
production-topology1-1-1456113049,0.9928021841648049,1.0081577165027,1456114827546
production-topology4-4-1456113068,0.9661460331713441,0.9991971330357227,1456114827547
production-topology2-2-1456113055,0.9858643734365149,1.002231741800234,1456114827547
Running observer at: 1456114838021
production-topology3-3-1456113062,0.998959302013978,0.9995013066565931,1456114838204
production-topology1-1-1456113049,0.8903512762217687,1.0051181323652243,1456114838204
production-topology4-4-1456113068,0.9988948090495288,0.9992845365830586,1456114838205
production-topology2-2-1456113055,0.9810297909363408,0.9964473448262169,1456114838205
Running observer at: 1456114848870
production-topology3-3-1456113062,1.0246274853251796,0.9997297926229327,1456114849069
production-topology1-1-1456113049,1.0529816204556688,1.0017437320123233,1456114849070
production-topology4-4-1456113068,1.095518648677913,1.003559376955559,1456114849070
production-topology2-2-1456113055,1.129526765850601,1.0057465886695884,1456114849070
Running observer at: 1456114859543
production-topology3-3-1456113062,0.9406475425644226,0.9972336208995466,1456114859872
production-topology1-1-1456113049,0.8442637950088668,1.000917197543958,1456114859872
production-topology4-4-1456113068,0.9419416167197211,1.0012617637592138,1456114859872
production-topology2-2-1456113055,0.8952088261853932,1.0017456394791664,1456114859872
Running observer at: 1456114870378
production-topology3-3-1456113062,1.0823282163742691,1.0009147057094405,1456114870513
production-topology1-1-1456113049,1.1225826261104135,1.0048930217721905,1456114870513
production-topology4-4-1456113068,1.0080542844715095,1.0033663514800424,1456114870513
production-topology2-2-1456113055,0.872179386056694,0.998205398448928,1456114870513
Running observer at: 1456114880840
production-topology3-3-1456113062,1.0077793832552324,1.0034465363108718,1456114881158
production-topology1-1-1456113049,1.042156094979473,1.0064600627449043,1456114881158
production-topology4-4-1456113068,1.0502257692342796,1.0040958929096404,1456114881158
production-topology2-2-1456113055,1.1629081940941572,1.0002106789948706,1456114881158
Running observer at: 1456114891604
production-topology3-3-1456113062,0.9520889667517234,1.0010441072351361,1456114891735
production-topology1-1-1456113049,1.7149999999999996,1.0246942502763066,1456114891735
production-topology4-4-1456113068,1.0219715287058846,1.0065764681841387,1456114891735
production-topology2-2-1456113055,1.0668193025060804,1.0059211044653984,1456114891735
