Running observer at: 1456598836371
production-topology1-1-1456598836,0.0,0.0,0,0,1456598836663
Running observer at: 1456598837198
production-topology1-1-1456598836,0.0,0.0,0,0,1456598837512
Running observer at: 1456598843322
production-topology2-2-1456598842,0.0,0.0,0,0,1456598843684
production-topology1-1-1456598836,0.0,0.0,0,0,1456598843684
Running observer at: 1456598847938
production-topology2-2-1456598842,0.0,0.0,0,0,1456598848352
production-topology1-1-1456598836,0.0,0.0,0,0,1456598848352
Running observer at: 1456598850054
production-topology2-2-1456598842,0.0,0.0,0,0,1456598850474
production-topology3-3-1456598849,0.0,0.0,0,0,1456598850474
production-topology1-1-1456598836,0.0,0.0,60,0,1456598850475
Running observer at: 1456598857171
production-topology2-2-1456598842,0.0,0.0,80,0,1456598857992
production-topology4-4-1456598856,0.0,0.0,0,0,1456598857992
production-topology3-3-1456598849,0.0,0.0,0,0,1456598857992
production-topology1-1-1456598836,0.8275621118012421,0.13792701863354034,480,0,1456598857992
Running observer at: 1456598858774
production-topology2-2-1456598842,0.0,0.0,0,0,1456598859317
production-topology4-4-1456598856,0.0,0.0,0,0,1456598859318
production-topology3-3-1456598849,0.0,0.0,0,0,1456598859318
production-topology1-1-1456598836,2.88,0.5296517302573203,120,0,1456598859318
Running observer at: 1456598869899
production-topology2-2-1456598842,1.0209834710743801,0.17016391184573001,1100,0,1456598870538
production-topology4-4-1456598856,0.0,0.0,0,0,1456598870539
production-topology3-3-1456598849,0.0,0.0,300,0,1456598870539
production-topology1-1-1456598836,0.9660309192851444,0.5841991288857983,2420,0,1456598870539
Running observer at: 1456598881225
production-topology2-2-1456598842,1.0129001911829592,0.29055480889390556,2440,0,1456598881936
production-topology4-4-1456598856,0.8986048482169171,0.22465121205422928,780,0,1456598881937
production-topology3-3-1456598849,1.1458158511729941,0.2291631702345988,1980,0,1456598881937
production-topology1-1-1456598836,0.9218183725076619,0.6217123781771164,2000,0,1456598881937
Running observer at: 1456598892624
production-topology2-2-1456598842,1.0298925813122277,0.3829720304461959,2280,0,1456598893247
production-topology4-4-1456598856,1.0284806497199852,0.38541709958738046,2380,0,1456598893247
production-topology3-3-1456598849,1.0111610308298824,0.3594961470004794,2440,0,1456598893248
production-topology1-1-1456598836,1.196910593276372,0.6792321996870421,2200,0,1456598893248
Running observer at: 1456598903937
production-topology2-2-1456598842,0.9769235267798705,0.4489666411499375,2420,0,1456598904449
production-topology4-4-1456598856,1.0194243396027884,0.4910849729232818,2300,0,1456598904450
production-topology3-3-1456598849,0.9584539222319208,0.44506154346211385,1860,0,1456598904450
production-topology1-1-1456598836,0.8029356381304508,0.690477966818261,2380,0,1456598904450
Running observer at: 1456598915022
production-topology2-2-1456598842,1.0151748614958451,0.5055874631845283,1900,0,1456598915561
production-topology4-4-1456598856,0.9483530043698264,0.5564089774156453,2100,0,1456598915562
production-topology3-3-1456598849,1.0145481900717628,0.51624737428832,2380,0,1456598915562
production-topology1-1-1456598836,1.0141828369800778,0.717453372665079,2380,0,1456598915562
Running observer at: 1456598926186
production-topology2-2-1456598842,0.8650081321691491,0.5382620694558574,2420,0,1456598926776
production-topology4-4-1456598856,1.0417767560168096,0.6170799497407908,2260,0,1456598926776
production-topology3-3-1456598849,1.0160667335254912,0.5717828586480057,2360,0,1456598926776
production-topology1-1-1456598836,1.0086525271710456,0.7398533076270765,1920,0,1456598926777
Running observer at: 1456598937403
production-topology2-2-1456598842,1.092652025977713,0.5844612324993453,2380,0,1456598938037
production-topology4-4-1456598856,1.0760438206019827,0.6680759353920345,2240,0,1456598938038
production-topology3-3-1456598849,1.0335380865825026,0.6179583814414554,1880,0,1456598938038
production-topology1-1-1456598836,1.1223785852645336,0.7671765417440376,2300,0,1456598938038
Running observer at: 1456598948595
production-topology2-2-1456598842,0.8900081893752609,0.6079648445667235,1900,0,1456598949296
production-topology4-4-1456598856,0.9064358023958241,0.6919119220924135,2340,0,1456598949297
production-topology3-3-1456598849,0.9683267671747956,0.6498100528717591,2440,0,1456598949297
production-topology1-1-1456598836,0.9650012255342165,0.7803648539967162,2380,0,1456598949297
Running observer at: 1456598959816
production-topology2-2-1456598842,1.0472267343967814,0.639340693840299,2440,0,1456598960383
production-topology4-4-1456598856,0.9827445799971051,0.7183512546292036,1960,0,1456598960383
production-topology3-3-1456598849,1.0339405034324942,0.6818209237518204,2300,0,1456598960396
production-topology1-1-1456598836,0.9234143024002607,0.7893054445219377,1920,0,1456598960396
Running observer at: 1456598970966
production-topology2-2-1456598842,1.114443499668014,0.6710142142288134,2220,0,1456598971587
production-topology4-4-1456598856,1.0249874941770252,0.7439042745915221,2360,0,1456598971587
production-topology3-3-1456598849,0.9579060381743011,0.7030582402458573,2000,0,1456598971587
production-topology1-1-1456598836,1.029747472537574,0.8034490932287399,2280,0,1456598971588
Running observer at: 1456598982099
production-topology2-2-1456598842,0.9090706839763796,0.6858927435880362,1980,0,1456598982688
production-topology4-4-1456598856,1.0540434774376863,0.7677611363489193,2260,0,1456598982689
production-topology3-3-1456598849,1.0844628656696125,0.7303014277761255,2240,0,1456598982689
production-topology1-1-1456598836,0.9276147330664197,0.8103471843308332,2460,0,1456598982689
Running observer at: 1456598993124
production-topology2-2-1456598842,1.0182299256776453,0.7054419895933073,2400,0,1456598993609
production-topology4-4-1456598856,0.9434588880752256,0.7803109757579412,2080,0,1456598993610
production-topology3-3-1456598849,0.9603572934864948,0.7456384854901501,2440,0,1456598993610
production-topology1-1-1456598836,0.949560481992327,0.8176741999972276,1920,0,1456598993610
Running observer at: 1456599004209
production-topology2-2-1456598842,1.0058636713351392,0.722132083023409,2260,0,1456599004816
production-topology4-4-1456598856,0.9901919293417502,0.7943030393301951,2300,0,1456599004817
production-topology3-3-1456598849,1.0471543523713054,0.7644832271702222,1860,0,1456599004817
production-topology1-1-1456598836,1.2036686304519428,0.8369739215199633,2240,0,1456599004817
Running observer at: 1456599015396
production-topology2-2-1456598842,1.0342191278643846,0.7385577169624077,1900,0,1456599016035
production-topology4-4-1456598856,0.9867542962767453,0.8063312428893544,2280,0,1456599016035
production-topology3-3-1456598849,0.8955496956699138,0.7721930194349099,2400,0,1456599016035
production-topology1-1-1456598836,0.8657189982827547,0.8383427346991439,2440,0,1456599016036
Running observer at: 1456599026522
production-topology2-2-1456598842,0.9856565656565656,0.7509126593971156,2520,0,1456599027048
production-topology4-4-1456598856,1.042103251570461,0.8202001845764784,2060,0,1456599027049
production-topology3-3-1456598849,1.0139000722934035,0.7856211890381596,2320,0,1456599027049
production-topology1-1-1456598836,1.0783932241708902,0.8492541205842233,1920,0,1456599027049
Running observer at: 1456599037591
production-topology2-2-1456598842,1.001078504955063,0.7628253187093987,2200,0,1456599038189
production-topology4-4-1456598856,1.0588684394371313,0.8334595320687368,2200,0,1456599038189
production-topology3-3-1456598849,1.0879158885199567,0.8015314363793068,1960,0,1456599038189
production-topology1-1-1456598836,1.0866450881352436,0.8595754669994851,2180,0,1456599038189
Running observer at: 1456599048757
production-topology2-2-1456598842,0.9204397466047208,0.7699896108864589,1920,0,1456599049380
production-topology4-4-1456598856,0.9229233084446842,0.8381681518779972,2380,0,1456599049381
production-topology3-3-1456598849,1.0234973408924823,0.8126297316049655,2280,0,1456599049381
production-topology1-1-1456598836,0.9579364645471373,0.8636738418973039,2460,0,1456599049381
Running observer at: 1456599059873
production-topology2-2-1456598842,1.0554681440443214,0.7824017210237573,2440,0,1456599060483
production-topology4-4-1456598856,1.0581245143745144,0.8491659700028231,2000,0,1456599060483
production-topology3-3-1456598849,0.9214014903853983,0.8178093391659386,2420,0,1456599060484
production-topology1-1-1456598836,0.9301290430793355,0.8663320499445852,1940,0,1456599060484
Running observer at: 1456599071058
production-topology2-2-1456598842,0.9807202517027901,0.7906649931353837,2280,0,1456599071731
production-topology4-4-1456598856,0.9648267354086117,0.8546736254983368,2280,0,1456599071731
production-topology3-3-1456598849,1.0560172564427281,0.828636971769429,1940,0,1456599071731
production-topology1-1-1456598836,1.0323665290929465,0.8727179914502915,2340,0,1456599071731
Running observer at: 1456599082416
production-topology2-2-1456598842,0.9968505832009913,0.7989124167380081,2100,0,1456599082981
production-topology4-4-1456598856,1.0106689939274207,0.8617643240632952,2300,0,1456599082981
production-topology3-3-1456598849,0.9880602667849092,0.8355684193787978,2400,0,1456599082981
production-topology1-1-1456598836,1.142894400223809,0.8827245251085699,2260,0,1456599082982
Running observer at: 1456599093507
production-topology2-2-1456598842,1.174952314553287,0.8133754897309035,2200,0,1456599094095
production-topology4-4-1456598856,0.9676497508236933,0.866368038270269,2100,0,1456599094096
production-topology3-3-1456598849,0.9968403957923389,0.8422880850626954,2320,0,1456599094096
production-topology1-1-1456598836,0.8382383479051955,0.8811357330655923,2080,0,1456599094096
Running observer at: 1456599104700
production-topology2-2-1456598842,0.9368306205871422,0.8179479019848381,2300,0,1456599105269
production-topology4-4-1456598856,1.039387773594338,0.8735771939087719,2200,0,1456599105270
production-topology3-3-1456598849,0.9430958457865684,0.8463203954916503,1960,0,1456599105270
production-topology1-1-1456598836,1.1301699451613592,0.8897231196895843,2280,0,1456599105270
Running observer at: 1456599115883
production-topology2-2-1456598842,0.9698633582694628,0.8233734539950034,2140,0,1456599116434
production-topology4-4-1456598856,0.9420166666666666,0.8763147728190878,2500,0,1456599116434
production-topology3-3-1456598849,1.0240010062034264,0.853154265134411,2360,0,1456599116434
production-topology1-1-1456598836,0.9061942269781497,0.8902721565992031,2300,0,1456599116434
Running observer at: 1456599126956
production-topology2-2-1456598842,1.076492590279355,0.832101700073774,2100,0,1456599127524
production-topology4-4-1456598856,1.0818286329042062,0.8842191520531307,1820,0,1456599127524
production-topology3-3-1456598849,1.0114409453905748,0.8590167347735281,2260,0,1456599127524
production-topology1-1-1456598836,1.0945614759446778,0.9267575391306924,2320,0,1456599127524
Running observer at: 1456599138089
production-topology2-2-1456598842,1.0374715909090908,0.838947363101618,2400,0,1456599138669
production-topology4-4-1456598856,0.9976744483348747,0.8884212000635656,2360,0,1456599138669
production-topology3-3-1456598849,1.0153655781523143,0.8646006220370561,2240,0,1456599138669
production-topology1-1-1456598836,0.8923461837093739,0.9565024119210048,2060,0,1456599138670
Running observer at: 1456599149227
production-topology2-2-1456598842,0.9064723057133979,0.869163106625398,2100,0,1456599149777
production-topology4-4-1456598856,0.9783536898309892,0.8916330746981165,2400,0,1456599149777
production-topology3-3-1456598849,1.0827600699311182,0.87212336161961,2040,0,1456599149777
production-topology1-1-1456598836,1.035664553922981,0.9910245637184375,2240,0,1456599149778
Running observer at: 1456599160299
production-topology2-2-1456598842,1.0401823682611862,0.9038358522341041,2140,0,1456599160906
production-topology4-4-1456598856,1.020798487739135,0.8960870544581516,1940,0,1456599160907
production-topology3-3-1456598849,0.919354643201831,0.8736977376723508,2340,0,1456599160907
production-topology1-1-1456598836,0.9821009574892381,1.023761262301412,2540,0,1456599160907
Running observer at: 1456599171508
production-topology2-2-1456598842,0.9337552282233134,0.9349610265082144,2340,0,1456599172065
production-topology4-4-1456598856,1.0216573914268605,0.9002727323571086,2260,0,1456599172065
production-topology3-3-1456598849,1.0030433335960676,0.9071325154588864,2380,0,1456599172066
production-topology1-1-1456598836,1.1201558852224593,1.0610997918088274,1720,0,1456599172066
Running observer at: 1456599182692
production-topology2-2-1456598842,1.0510768644712944,0.969996921990591,2340,0,1456599183264
production-topology4-4-1456598856,1.0018777761729123,0.9336686582295389,2380,0,1456599183264
production-topology3-3-1456598849,1.0423691368558488,0.9418781533540813,1900,0,1456599183264
production-topology1-1-1456598836,0.9745038712742103,1.0659978504579264,2380,0,1456599183264
Running observer at: 1456599193873
production-topology2-2-1456598842,1.0259809031554448,1.0041962854291058,1900,0,1456599194382
production-topology4-4-1456598856,0.9322167824273344,0.9647425509771168,2120,0,1456599194382
production-topology3-3-1456598849,0.9405091954884015,0.9732284598703614,2340,0,1456599194383
production-topology1-1-1456598836,1.0246798430675848,1.004153845226846,2280,0,1456599194383
Running observer at: 1456599204926
production-topology2-2-1456598842,0.8846572712768604,0.9996520787691885,2320,0,1456599205469
production-topology4-4-1456598856,1.0750728325910934,1.0005783120634866,2120,0,1456599205469
production-topology3-3-1456598849,1.0310912206073495,1.0075981672239398,2400,0,1456599205469
production-topology1-1-1456598836,0.8271919886305272,0.999525880871692,2040,0,1456599205469
Running observer at: 1456599216030
production-topology2-2-1456598842,1.033245087058344,1.0003302419650346,2440,0,1456599216574
production-topology4-4-1456598856,0.9999065403060894,1.0039550351331255,2420,0,1456599216575
production-topology3-3-1456598849,0.9939917198850194,1.0025373628476741,1880,0,1456599216575
production-topology1-1-1456598836,1.1413165524975248,1.006842486871354,2220,0,1456599216575
Running observer at: 1456599227054
production-topology2-2-1456598842,1.0297743223960831,1.0003263000011633,1860,0,1456599227610
production-topology4-4-1456598856,0.9772041610871399,1.002245818845364,1880,0,1456599227610
production-topology3-3-1456598849,1.0822152942719534,1.0049058382957432,2220,0,1456599227610
production-topology1-1-1456598836,1.0073812378785814,1.0005248416914274,2460,0,1456599227611
Running observer at: 1456599238240
production-topology2-2-1456598842,1.0583837849903737,1.0030416419415134,2360,0,1456599238768
production-topology4-4-1456598856,1.0435196680652663,1.0030489964607798,2340,0,1456599238768
production-topology3-3-1456598849,0.983172674119814,1.0057297966920062,2500,0,1456599238769
production-topology1-1-1456598836,1.0127266668216657,1.0075178759811347,1800,0,1456599238769
Running observer at: 1456599249403
production-topology2-2-1456598842,1.0544900043000003,1.0043521467016516,2360,0,1456599249914
production-topology4-4-1456598856,1.0219326741996233,1.0055016521217732,2360,0,1456599249915
production-topology3-3-1456598849,1.0464756380464275,1.0067940449578283,1840,0,1456599249915
production-topology1-1-1456598836,0.8657032244220388,1.0025685555625334,2420,0,1456599249915
Running observer at: 1456599260495
production-topology2-2-1456598842,0.8904930793923216,1.0052016449424241,1900,0,1456599261029
production-topology4-4-1456598856,0.9488299776589648,1.0024034261765116,2100,0,1456599261030
production-topology3-3-1456598849,0.9884701478381581,1.0058741587682505,2280,0,1456599261030
production-topology1-1-1456598836,1.1402997711565805,1.0069567970287179,2340,0,1456599261030
Running observer at: 1456599271666
production-topology2-2-1456598842,1.0811195130398086,1.004817227844494,2300,0,1456599272263
production-topology4-4-1456598856,1.0642543637494286,1.0020104442814266,2060,0,1456599272263
production-topology3-3-1456598849,0.9707802261904535,1.0037822300885155,2520,0,1456599272263
production-topology1-1-1456598836,1.034872124942028,1.0040399150179677,1940,0,1456599272264
Running observer at: 1456599282802
production-topology2-2-1456598842,0.894413320883909,1.0049640655614491,2440,0,1456599283346
production-topology4-4-1456598856,1.014096841033469,1.005599145569348,2480,0,1456599283346
production-topology3-3-1456598849,1.0466533279313075,1.0063931154470658,1800,0,1456599283347
production-topology1-1-1456598836,0.9357659550137427,1.0030654060006186,2280,0,1456599283347
Running observer at: 1456599293899
production-topology2-2-1456598842,1.1877460235391577,1.0096480418661948,1860,0,1456599294439
production-topology4-4-1456598856,0.9778319207428421,1.0054353902608726,2020,0,1456599294439
production-topology3-3-1456598849,0.9775599519189263,1.0045137637299468,2340,0,1456599294439
production-topology1-1-1456598836,0.9573192635134086,1.0041955713710569,2420,0,1456599294439
Running observer at: 1456599305048
production-topology2-2-1456598842,0.9169958604376109,1.0030664538918481,2360,0,1456599305635
production-topology4-4-1456598856,0.9016760666458121,1.0013250093431656,2260,0,1456599305636
production-topology3-3-1456598849,1.041127847983144,1.0072878240569083,2380,0,1456599305636
production-topology1-1-1456598836,1.1541585343485599,1.0083426067647563,1860,0,1456599305636
Running observer at: 1456599316116
production-topology2-2-1456598842,0.9036830449113252,1.002886865923013,2360,0,1456599316721
production-topology4-4-1456598856,1.0466831908929088,1.0010796664583397,2380,0,1456599316721
production-topology3-3-1456598849,1.053574596919752,1.0062582150985797,1860,0,1456599316721
production-topology1-1-1456598836,0.9284135164416853,1.0083692328772653,2240,0,1456599316721
Running observer at: 1456599327277
production-topology2-2-1456598842,1.2983300175823949,1.0122235356531712,1920,0,1456599327811
production-topology4-4-1456598856,1.0885423570820953,1.005915782091902,1980,0,1456599327812
production-topology3-3-1456598849,0.9247709698558322,1.005072004310891,2500,0,1456599327812
production-topology1-1-1456598836,0.9989161347373797,1.0100144213021003,2460,0,1456599327812
Running observer at: 1456599338384
production-topology2-2-1456598842,0.8883330182060067,1.0083058472155335,2340,0,1456599338994
production-topology4-4-1456598856,0.9638394224207716,1.0050373651945361,2160,0,1456599338994
production-topology3-3-1456598849,1.0489669062021254,1.0051324227719183,2320,0,1456599338994
production-topology1-1-1456598836,0.9174263927640888,1.000473013379172,1980,0,1456599338995
Running observer at: 1456599349471
production-topology2-2-1456598842,1.0231598839366072,1.0079372057512743,2360,0,1456599350023
production-topology4-4-1456598856,1.0002432718796355,1.0054869977146326,2420,0,1456599350023
production-topology3-3-1456598849,0.9432538368279784,1.0067225608105204,1940,0,1456599350023
production-topology1-1-1456598836,1.1002453702031871,1.008290559109853,2240,0,1456599350023
Running observer at: 1456599360555
production-topology2-2-1456598842,0.9223096063272017,1.0058256404402954,1900,0,1456599361094
production-topology4-4-1456598856,0.9317820843180455,1.0018096254728852,2160,0,1456599361094
production-topology3-3-1456598849,1.0538122134533072,1.0080529655158506,2280,0,1456599361094
production-topology1-1-1456598836,0.9738115398960117,1.0048045029673571,2420,0,1456599361094
Running observer at: 1456599371707
production-topology2-2-1456598842,1.0904682759839763,1.0088052994745926,2280,0,1456599372272
production-topology4-4-1456598856,1.0919576765042696,1.0029126000417898,2100,0,1456599372272
production-topology3-3-1456598849,1.0159030915202971,1.0056525389491948,2420,0,1456599372273
production-topology1-1-1456598836,0.9453408717378196,1.0000943624207763,1920,0,1456599372273
Running observer at: 1456599382786
production-topology2-2-1456598842,0.9356173540451191,1.009311219722606,2360,0,1456599383344
production-topology4-4-1456598856,0.9960202503503941,1.00534916477198,2420,0,1456599383344
production-topology3-3-1456598849,0.8841533062681493,1.0010077377950506,1880,0,1456599383344
production-topology1-1-1456598836,1.0172451399745572,1.002071318268357,2260,0,1456599383344
Running observer at: 1456599393942
production-topology2-2-1456598842,0.9551003788783982,1.0059656275504085,2000,0,1456599394516
production-topology4-4-1456598856,0.9589542483660131,1.0020434892383634,2060,0,1456599394516
production-topology3-3-1456598849,1.0483730329975156,1.005240122548788,2360,0,1456599394517
production-topology1-1-1456598836,1.0307612091560372,1.0054257238042468,2380,0,1456599394517
Running observer at: 1456599405109
production-topology2-2-1456598842,1.0027825757977578,1.0067010383535744,2260,0,1456599405764
production-topology4-4-1456598856,1.0153915239853466,1.0037289821909214,2240,0,1456599405764
production-topology3-3-1456598849,1.0432906773996815,1.004815903247353,2300,0,1456599405764
production-topology1-1-1456598836,0.9136464006153273,1.0014683861883262,1980,0,1456599405765
Running observer at: 1456599416230
production-topology2-2-1456598842,1.0935117335441003,1.0099230766983445,2380,0,1456599416780
production-topology4-4-1456598856,0.9333587660714123,1.0011519745957211,2380,0,1456599416780
production-topology3-3-1456598849,0.9695426300501944,1.0041986486895291,2020,0,1456599416781
production-topology1-1-1456598836,1.1014974304447989,1.0000884871956925,2200,0,1456599416781
Running observer at: 1456599427389
production-topology2-2-1456598842,0.8635054276036922,0.9995415138000247,2020,0,1456599428036
production-topology4-4-1456598856,1.062389883497799,1.0043099790181913,1900,0,1456599428036
production-topology3-3-1456598849,1.010020723579271,1.0046379929490936,2240,0,1456599428037
production-topology1-1-1456598836,1.0846813008378402,1.0083032522934474,2460,0,1456599428037
Running observer at: 1456599438521
production-topology2-2-1456598842,1.1173800623928503,1.0055598285268814,2260,0,1456599439131
production-topology4-4-1456598856,0.9173715538847117,1.0002427716945372,2280,0,1456599439132
production-topology3-3-1456598849,0.9934247716521377,1.0063156238112791,2440,0,1456599439132
production-topology1-1-1456598836,0.8019509782416833,0.9973626200627915,1940,0,1456599439132
/var/nimbus/storm/bin/storm rebalance production-topology1 -e spout_head=11
1456599439424
/var/nimbus/storm/bin/storm rebalance production-topology1 -e spout_head=10
Running observer at: 1456599449600
production-topology2-2-1456598842,1.061916440139816,1.0086282645892266,2380,0,1456599450115
production-topology4-4-1456598856,1.1447717746554535,1.0070012752941635,2300,0,1456599450115
production-topology3-3-1456598849,0.9353098209441129,1.0033592509693021,1940,0,1456599450115
production-topology1-1-1456598836,0.9998815377832003,0.9998815377832003,117760,0,1456599450115
Running observer at: 1456599460663
production-topology2-2-1456598842,0.7887548851795151,0.9990370077525653,1960,0,1456599461230
production-topology4-4-1456598856,0.9900110314878016,1.003940688580283,2080,0,1456599461230
production-topology3-3-1456598849,1.1038257901357187,1.0064387457941402,2240,0,1456599461230
production-topology1-1-1456598836,11.2,6.099940768891599,100,0,1456599461230
Running observer at: 1456599471796
production-topology2-2-1456598842,0.9497075499566159,0.9961115397208161,2220,0,1456599472365
production-topology4-4-1456598856,0.9745640667384918,1.0031703425270704,2140,0,1456599472365
production-topology3-3-1456598849,0.8916225901613841,1.002313979527776,2220,0,1456599472365
production-topology1-1-1456598836,1.0,4.3999605125944,0,0,1456599472365
Running observer at: 1456599477806
production-topology2-2-1456598842,1.387262705306453,1.012137886373918,1220,0,1456599478397
production-topology4-4-1456598856,0.9092175713900862,1.0008658052457067,1280,0,1456599478397
production-topology3-3-1456598849,0.9805502833019797,0.9989069866401381,1200,0,1456599478397
production-topology1-1-1456598836,1.0,3.5499703844457997,0,0,1456599478397
Running observer at: 1456599482856
production-topology2-2-1456598842,1.061547333323395,1.0128500518759915,1200,0,1456599483379
production-topology4-4-1456598856,1.0065303928022822,1.000390202081145,1200,0,1456599483379
production-topology3-3-1456598849,1.255232809127351,1.0101029255043221,940,0,1456599483380
production-topology1-1-1456598836,0.9941250376673693,3.038801315090114,70980,0,1456599483380
Running observer at: 1456599493926
production-topology2-2-1456598842,0.8587226516702104,1.0103489659908882,2000,0,1456599494475
production-topology4-4-1456598856,1.0139930929184917,1.0001347254641995,2060,0,1456599494476
production-topology3-3-1456598849,1.013387792148854,1.010447740789415,2260,0,1456599494476
production-topology1-1-1456598836,0.6063436383164009,2.633391702294495,2020,0,1456599494476
Running observer at: 1456599505232
production-topology2-2-1456598842,1.1076873711227981,1.0122359828792717,2220,0,1456599505867
production-topology4-4-1456598856,1.0033012901484213,1.0001821759300498,2140,0,1456599505867
production-topology3-3-1456598849,0.9393327143865675,1.007013193373772,2460,0,1456599505867
production-topology1-1-1456598836,1.1245210412932296,2.417838750722886,2400,0,1456599505868
Running observer at: 1456599516340
production-topology2-2-1456598842,0.9588298277398284,1.009997613698751,2440,0,1456599516898
production-topology4-4-1456598856,1.003668867904092,1.0025639121126084,2460,0,1456599516898
production-topology3-3-1456598849,1.0688170525127048,1.011290121941249,1880,0,1456599516898
production-topology1-1-1456598836,1.1644212875307036,2.261161567823863,2540,0,1456599516898
Running observer at: 1456599527490
production-topology2-2-1456598842,1.0243476339001907,1.0146539591195287,1920,0,1456599528114
production-topology4-4-1456598856,1.054849194701588,1.001889790849625,1920,0,1456599528114
production-topology3-3-1456598849,0.9808699554720066,1.0096160797700706,2260,0,1456599528114
production-topology1-1-1456598836,0.8196098772944272,2.100989157765037,2360,0,1456599528115
Running observer at: 1456599538658
production-topology2-2-1456598842,1.1040740527574655,1.0170149246428326,2240,0,1456599539149
production-topology4-4-1456598856,1.0392251804648134,1.0032004121882492,2260,0,1456599539149
production-topology3-3-1456598849,0.937535512461682,1.0077342061892929,2460,0,1456599539149
production-topology1-1-1456598836,1.0273868520010743,1.993628927188641,2500,0,1456599539150
Running observer at: 1456599549644
production-topology2-2-1456598842,0.9199981834351703,1.0133557200108023,2420,0,1456599550201
production-topology4-4-1456598856,0.912103825136612,1.001030400989898,2400,0,1456599550201
production-topology3-3-1456598849,1.1053283022101517,1.0085046397872326,1860,0,1456599550201
production-topology1-1-1456598836,1.0264309868753616,1.9057018417056155,2480,0,1456599550202
Running observer at: 1456599560736
production-topology2-2-1456598842,1.0588694108151735,1.0133719075382956,1960,0,1456599561383
production-topology4-4-1456598856,1.0317283950617284,1.000637358556447,2080,0,1456599561383
production-topology3-3-1456598849,0.9708549627053339,1.00809404940675,2300,0,1456599561383
production-topology1-1-1456598836,0.9528840315725563,1.8263003575278605,2280,0,1456599561383
Running observer at: 1456599571974
production-topology2-2-1456598842,1.0061416292316123,1.011760295036016,2240,0,1456599572521
production-topology4-4-1456598856,0.9368633546109459,0.9978017145701578,2200,0,1456599572521
production-topology3-3-1456598849,1.0099433634463004,1.0068763069200792,2460,0,1456599572521
production-topology1-1-1456598836,1.065127843956347,1.767748625714667,2440,0,1456599572521
Running observer at: 1456599582986
production-topology2-2-1456598842,0.928396353388153,1.0130237375025437,2480,0,1456599583584
production-topology4-4-1456598856,1.0383251736157306,1.0007848877687164,2400,0,1456599583584
production-topology3-3-1456598849,0.9770200145239338,1.006494635809605,1940,0,1456599583584
production-topology1-1-1456598836,0.9160936117316326,1.7069161247158788,2560,0,1456599583584
Running observer at: 1456599594142
production-topology2-2-1456598842,0.9571286494028035,1.0088907087146437,1840,0,1456599594774
production-topology4-4-1456598856,0.9717103881474692,0.9977000885819846,2040,0,1456599594774
production-topology3-3-1456598849,0.9847433339948873,1.0069600727364196,2260,0,1456599594774
production-topology1-1-1456598836,1.1131687796650331,1.667332968379156,2340,0,1456599594774
Running observer at: 1456599605282
production-topology2-2-1456598842,1.0328817440019487,1.0135063228185783,2380,0,1456599605885
production-topology4-4-1456598856,1.0867290703176504,1.0001211628914572,2100,0,1456599605885
production-topology3-3-1456598849,1.0276189871273713,1.0063255947096217,2420,0,1456599605885
production-topology1-1-1456598836,0.978350905193753,1.6242715894300683,2380,0,1456599605885
Running observer at: 1456599616393
production-topology2-2-1456598842,1.0880702457246119,1.0101837968914267,2300,0,1456599616900
production-topology4-4-1456598856,0.942581083315951,0.9989461349772275,2380,0,1456599616900
production-topology3-3-1456598849,1.0338666947709503,1.0082024861380225,1940,0,1456599616900
production-topology1-1-1456598836,1.0391736032275725,1.5898540608299214,2580,0,1456599616900
Running observer at: 1456599627468
production-topology2-2-1456598842,0.8506919542983749,1.0079736666867853,2080,0,1456599627969
production-topology4-4-1456598856,1.0228360251725712,1.0029848002614528,2120,0,1456599627969
production-topology3-3-1456598849,0.9589405806050082,1.0054629105587514,2280,0,1456599627969
production-topology1-1-1456598836,0.8892028500623778,1.5509289935650579,2280,0,1456599627969
Running observer at: 1456599638664
production-topology2-2-1456598842,1.0400866731671539,1.012520454295313,2220,0,1456599639261
production-topology4-4-1456598856,1.0441518748499217,1.0029004230600198,2080,0,1456599639262
production-topology3-3-1456598849,1.009140683554754,1.0039817801132516,2460,0,1456599639262
production-topology1-1-1456598836,1.1014858793191127,1.5272740928152715,2320,0,1456599639262
Running observer at: 1456599649770
production-topology2-2-1456598842,0.9602847317096328,1.0012522780995543,2360,0,1456599650265
production-topology4-4-1456598856,1.0201080857979388,1.0006192806838812,2440,0,1456599650265
production-topology3-3-1456598849,1.028545748885712,1.0074409394142476,1840,0,1456599650265
production-topology1-1-1456598836,0.9614409066378845,1.4989824335064021,2720,0,1456599650265
Running observer at: 1456599660691
production-topology2-2-1456598842,1.0851652680341,1.0078133530938238,1980,0,1456599661178
production-topology4-4-1456598856,1.0176087228976063,1.002411590699776,2060,0,1456599661178
production-topology3-3-1456598849,0.9645703241153732,1.0046277200113558,2280,0,1456599661178
production-topology1-1-1456598836,0.9622068128625781,1.47342168966622,2180,0,1456599661178
Running observer at: 1456599671781
production-topology2-2-1456598842,0.9779487837202342,1.006306316419945,2260,0,1456599672484
production-topology4-4-1456598856,0.9884234664933694,1.0020175971869003,2140,0,1456599672484
production-topology3-3-1456598849,1.042130787300144,1.007923618360428,2120,0,1456599672484
production-topology1-1-1456598836,1.0468201289836652,1.4540307096351948,2400,0,1456599672485
Running observer at: 1456599683066
production-topology2-2-1456598842,1.0415303496732107,1.0102803411981451,2460,0,1456599683577
production-topology4-4-1456598856,0.9234956284013299,1.0017413819896763,2480,0,1456599683578
production-topology3-3-1456598849,1.0010863913071764,1.0061660909555572,2280,0,1456599683578
production-topology1-1-1456598836,0.9042176443793523,1.430125793754506,2660,0,1456599683578
Running observer at: 1456599694052
production-topology2-2-1456598842,1.0188854197605095,1.0078942459906963,1860,0,1456599694556
production-topology4-4-1456598856,0.9840519827983335,0.998144525532812,2040,0,1456599694556
production-topology3-3-1456598849,1.0224762873773807,1.0063851974841265,2280,0,1456599694556
production-topology1-1-1456598836,1.170934444967599,1.4193261542217182,2200,0,1456599694556
Running observer at: 1456599705143
production-topology2-2-1456598842,0.9746575705224677,1.0091955865399411,2300,0,1456599705754
production-topology4-4-1456598856,1.093715314618593,1.001401027675085,2120,0,1456599705754
production-topology3-3-1456598849,0.9389898596959914,1.008213082598388,2040,0,1456599705754
production-topology1-1-1456598836,0.9173533114107335,1.3992472405092788,2480,0,1456599705754
Running observer at: 1456599716310
production-topology2-2-1456598842,0.9952118347338934,1.0105326350684576,2380,0,1456599716857
production-topology4-4-1456598856,1.004542367770124,1.0029206316552222,2320,0,1456599716857
production-topology3-3-1456598849,1.003631901911254,1.0067217115621792,2280,0,1456599716857
production-topology1-1-1456598836,0.9994089834515366,1.383868846007058,2160,0,1456599716857
Running observer at: 1456599727350
production-topology2-2-1456598842,1.1351626545223856,1.0149453043592787,1940,0,1456599727853
production-topology4-4-1456598856,0.8971648996214276,0.9989797441764247,2200,0,1456599727853
production-topology3-3-1456598849,1.0135012701430535,1.0057287313202916,2320,0,1456599727853
production-topology1-1-1456598836,1.0367417934367085,1.3710122885044527,2760,0,1456599727853
Running observer at: 1456599738439
production-topology2-2-1456598842,0.9665291810346756,1.0107125526089644,2300,0,1456599738999
production-topology4-4-1456598856,1.0449730842297749,1.0027002214483702,2160,0,1456599738999
production-topology3-3-1456598849,0.9857156454814935,1.0062678318346683,2040,0,1456599739000
production-topology1-1-1456598836,1.0653733881736045,1.3600966134926367,2360,0,1456599739000
Running observer at: 1456599749641
production-topology2-2-1456598842,0.9870730916124494,1.0148314747425897,2420,0,1456599750185
production-topology4-4-1456598856,0.9758437635068365,0.9998153507820048,2280,0,1456599750185
production-topology3-3-1456598849,1.0568766888338752,1.007829697343155,2180,0,1456599750185
production-topology1-1-1456598836,0.9021196678276578,1.3443043050214305,2220,0,1456599750185
Running observer at: 1456599760664
production-topology2-2-1456598842,0.971061974462784,1.0099542051449208,1900,0,1456599761219
production-topology4-4-1456598856,1.043803682581995,1.0040297550719142,2160,0,1456599761220
production-topology3-3-1456598849,0.9386793221111953,1.0060048490251234,2440,0,1456599761220
production-topology1-1-1456598836,1.123335200580107,1.3369386682067197,2640,0,1456599761220
Running observer at: 1456599771693
production-topology2-2-1456598842,1.0430834773179303,1.0093264397175248,2260,0,1456599772242
production-topology4-4-1456598856,1.036919527082325,1.00043468015281,2180,0,1456599772242
production-topology3-3-1456598849,1.0931073665689197,1.011264767212617,1980,0,1456599772242
production-topology1-1-1456598836,0.9649586578560564,1.335774572209148,2440,0,1456599772242
Running observer at: 1456599782892
production-topology2-2-1456598842,0.9943063807801601,1.0161781562375463,1960,0,1456599783481
production-topology4-4-1456598856,0.9924205575822567,1.000514997689292,2140,0,1456599783481
production-topology3-3-1456598849,0.8870572408781694,1.004039148904032,2220,0,1456599783481
production-topology1-1-1456598836,1.0460678568476733,0.9973101674374036,2180,0,1456599783481
Running observer at: 1456599793982
production-topology2-2-1456598842,0.9636223166904081,1.0166419817953394,2440,0,1456599794470
production-topology4-4-1456598856,1.0243929548338522,1.0021759606258038,2320,0,1456599794470
production-topology3-3-1456598849,1.0889883745918292,1.0106180083850467,2360,0,1456599794470
production-topology1-1-1456598836,0.9506080648602517,0.995663769599412,2720,0,1456599794470
Running observer at: 1456599804944
production-topology2-2-1456598842,1.0185768371833344,1.0043524528579022,2300,0,1456599805502
production-topology4-4-1456598856,1.0072315425661456,1.0054430929983391,2140,0,1456599805502
production-topology3-3-1456598849,0.9261274357348164,1.0088039134661413,2040,0,1456599805502
production-topology1-1-1456598836,1.0042117006468514,0.9958041596209737,2360,0,1456599805502
Running observer at: 1456599816030
production-topology2-2-1456598842,1.029413200857494,1.003281315109039,1860,0,1456599816677
production-topology4-4-1456598856,0.945793834581997,1.003418541057663,2060,0,1456599816677
production-topology3-3-1456598849,1.000168624303304,1.0003017739720061,2240,0,1456599816677
production-topology1-1-1456598836,0.9875630252100839,0.9955854258723974,2200,0,1456599816677
Running observer at: 1456599827193
production-topology2-2-1456598842,0.9958744994685592,1.0078530433689836,2460,0,1456599827714
production-topology4-4-1456598856,0.9645060452183409,1.0017689728009913,2140,0,1456599827715
production-topology3-3-1456598849,1.053679850210337,1.0016448425740558,2360,0,1456599827715
production-topology1-1-1456598836,1.038890059442859,1.0100036399099461,2700,0,1456599827715
Running observer at: 1456599838180
production-topology2-2-1456598842,0.9989684801171858,1.0042290803354634,2300,0,1456599838724
production-topology4-4-1456598856,1.002004245111017,1.0017257379664113,2480,0,1456599838724
production-topology3-3-1456598849,1.0296706081530427,1.0046561056996048,2080,0,1456599838724
production-topology1-1-1456598836,1.0461488361127653,1.0073912330705972,2400,0,1456599838724
Running observer at: 1456599849252
production-topology2-2-1456598842,0.854329890788224,1.0007457491037435,1920,0,1456599849935
production-topology4-4-1456598856,0.9343591268856721,0.9994154132657972,2080,0,1456599849935
production-topology3-3-1456598849,0.9823933642044266,1.0017753160893288,2180,0,1456599849935
production-topology1-1-1456598836,1.0138913813916157,1.002373569532628,2120,0,1456599849935
Running observer at: 1456599860401
production-topology2-2-1456598842,1.1223777794414913,1.0040134206217868,2280,0,1456599861058
production-topology4-4-1456598856,1.037236985454728,0.9988283396242353,2040,0,1456599861059
production-topology3-3-1456598849,1.066551105754964,1.0046313544320944,2320,0,1456599861059
production-topology1-1-1456598836,0.973903080254648,1.0075166762979684,2580,0,1456599861059
Running observer at: 1456599871519
production-topology2-2-1456598842,0.9515949423499501,0.9989307836082028,2420,0,1456599871985
production-topology4-4-1456598856,1.144838603286379,1.0023487870516208,2400,0,1456599871985
production-topology3-3-1456598849,0.9430742637950961,1.0048159794765412,1940,0,1456599871985
production-topology1-1-1456598836,1.0033332497472138,1.006714889556173,2480,0,1456599871985
Running observer at: 1456599882534
production-topology2-2-1456598842,0.9994861355603407,1.0015803820123752,1940,0,1456599883256
production-topology4-4-1456598856,0.9499663072776279,1.0036108697896546,2040,0,1456599883256
production-topology3-3-1456598849,0.9977399722210234,1.0012297018102372,2360,0,1456599883256
production-topology1-1-1456598836,1.1958355680700812,1.0123617089293304,2260,0,1456599883256
Running observer at: 1456599893725
production-topology2-2-1456598842,0.9855666420325554,0.9991369563862877,2280,0,1456599894299
production-topology4-4-1456598856,0.964659089901161,1.0013752262843025,2180,0,1456599894299
production-topology3-3-1456598849,1.013384552022267,1.0026473547874681,2340,0,1456599894299
production-topology1-1-1456598836,0.77028577914693,1.006275100515143,2620,0,1456599894299
Running observer at: 1456599904789
production-topology2-2-1456598842,1.0199372901723156,0.9995968117509778,2340,0,1456599905322
production-topology4-4-1456598856,1.0952890534821085,1.0066560829133413,2520,0,1456599905323
production-topology3-3-1456598849,1.0016024938439394,1.002369325800723,1920,0,1456599905323
production-topology1-1-1456598836,1.0695758034440608,1.0064233658314001,2460,0,1456599905323
Running observer at: 1456599915897
production-topology2-2-1456598842,1.0516134571074085,1.0037040485416198,1940,0,1456599916562
production-topology4-4-1456598856,0.8863002902807442,1.0015885868021752,2020,0,1456599916562
production-topology3-3-1456598849,0.9739289553040226,1.0022662904933923,2280,0,1456599916562
production-topology1-1-1456598836,1.090800576774947,1.0122469313328437,2240,0,1456599916562
Running observer at: 1456599927079
production-topology2-2-1456598842,0.9197289321199317,1.0024573912988572,2300,0,1456599927628
production-topology4-4-1456598856,0.9778845721999284,1.001794392937257,2160,0,1456599927628
production-topology3-3-1456598849,0.9773067557896673,1.0020184045532183,2480,0,1456599927628
production-topology1-1-1456598836,0.9651759196938092,1.0073138360004696,2520,0,1456599927628
Running observer at: 1456599938089
production-topology2-2-1456598842,1.1649889751701656,1.0068609656711311,2440,0,1456599938602
production-topology4-4-1456598856,1.029412834823865,0.9998838517541309,2420,0,1456599938603
production-topology3-3-1456598849,1.0746121267350242,1.0035848425401401,1860,0,1456599938603
production-topology1-1-1456598836,0.9772132416474655,1.00727591388226,2560,0,1456599938603
Running observer at: 1456599949070
production-topology2-2-1456598842,0.97671875,1.0031492491469773,1920,0,1456599949637
production-topology4-4-1456598856,0.973763576969386,1.0009232682092455,2040,0,1456599949637
production-topology3-3-1456598849,0.9988824631387967,1.002418701485735,2240,0,1456599949638
production-topology1-1-1456598836,0.9522845575477153,1.0043796123595983,2160,0,1456599949638
Running observer at: 1456599960369
production-topology2-2-1456598842,0.9259876499444585,1.0056591056685136,2320,0,1456599960981
production-topology4-4-1456598856,1.0341550236097623,1.0013005681571516,2120,0,1456599960981
production-topology3-3-1456598849,0.9545998508349184,1.0022740104933987,2240,0,1456599960981
production-topology1-1-1456598836,1.0610602125735338,1.0101081911099699,2540,0,1456599960981
Running observer at: 1456599971436
production-topology2-2-1456598842,0.9915686926583072,1.004041839651552,2380,0,1456599971966
production-topology4-4-1456598856,0.990504120863611,0.9995123096909413,2460,0,1456599971966
production-topology3-3-1456598849,0.9521781687510891,1.0003752599999436,2160,0,1456599971966
production-topology1-1-1456598836,0.9279610364230259,1.0043240296801004,2520,0,1456599971966
Running observer at: 1456599982451
production-topology2-2-1456598842,1.013811123553565,1.0058260527130165,1980,0,1456599983000
production-topology4-4-1456598856,1.0201518892630004,0.9995137698064435,1980,0,1456599983000
production-topology3-3-1456598849,1.0885932372000484,1.0023768429437547,2280,0,1456599983000
production-topology1-1-1456598836,1.0791259015925159,1.0082468628452548,2280,0,1456599983000
Running observer at: 1456599993658
production-topology2-2-1456598842,0.9460412127202342,1.0011885842025543,2280,0,1456599994266
production-topology4-4-1456598856,0.9602753458176572,0.9976026572371118,2300,0,1456599994266
production-topology3-3-1456598849,0.9693421664469206,1.002535904354806,2180,0,1456599994266
production-topology1-1-1456598836,0.9671084398570499,1.0084102504117372,2520,0,1456599994266
Running observer at: 1456600004743
production-topology2-2-1456598842,1.063570254276595,1.0040426332210997,2360,0,1456600005244
production-topology4-4-1456598856,1.0727016563101843,1.0004119302310055,2300,0,1456600005244
production-topology3-3-1456598849,1.0467614093030686,1.0026902584215702,2140,0,1456600005244
production-topology1-1-1456598836,0.8536602038162054,1.0019715862394885,2500,0,1456600005244
Running observer at: 1456600015785
production-topology2-2-1456598842,0.9944949333667282,1.0024747860108836,1980,0,1456600016296
production-topology4-4-1456598856,0.9450240685123185,1.0011295449013717,2040,0,1456600016297
production-topology3-3-1456598849,1.0014872881231307,1.0027036216487688,2240,0,1456600016297
production-topology1-1-1456598836,1.3167985338948702,1.0157242825566726,2240,0,1456600016297
Running observer at: 1456600027002
production-topology2-2-1456598842,1.022367459608671,1.0025908540058224,2260,0,1456600027595
production-topology4-4-1456598856,0.9698063094776166,1.0006546891240147,2200,0,1456600027595
production-topology3-3-1456598849,0.9721879949392874,1.0010273452341656,2240,0,1456600027595
production-topology1-1-1456598836,0.9397618163480074,1.0080185282693526,2480,0,1456600027595
Running observer at: 1456600038105
production-topology2-2-1456598842,0.8999293031851727,1.0000999117612457,2420,0,1456600038621
production-topology4-4-1456598856,1.0850673077151627,1.0003664222272335,2420,0,1456600038621
production-topology3-3-1456598849,1.0358874841371972,1.0042572660488724,2200,0,1456600038621
production-topology1-1-1456598836,1.019440564176388,1.0114214366948746,2600,0,1456600038621
Running observer at: 1456600049151
production-topology2-2-1456598842,1.172449057945254,1.0060078192016244,1940,0,1456600049767
production-topology4-4-1456598856,0.931785199704777,0.997941183291722,2060,0,1456600049767
production-topology3-3-1456598849,0.9693718589298663,1.0031152646161594,2220,0,1456600049767
production-topology1-1-1456598836,0.9853685187018519,1.0109534212032183,2220,0,1456600049767
Running observer at: 1456600060488
production-topology2-2-1456598842,1.0068345832008896,1.0017302168242412,2200,0,1456600061023
production-topology4-4-1456598856,1.0634640144064749,1.0034844871178903,2140,0,1456600061023
production-topology3-3-1456598849,1.0957423887688666,1.0058566352370197,2260,0,1456600061024
production-topology1-1-1456598836,1.0435484433495799,1.0111803095336473,2620,0,1456600061024
Running observer at: 1456600071498
production-topology2-2-1456598842,0.9271673045816848,1.0004181542758082,2500,0,1456600071986
production-topology4-4-1456598856,0.9968188612131881,1.0018793463506708,2400,0,1456600071986
production-topology3-3-1456598849,0.9289085897195585,1.0039630667116222,2120,0,1456600071986
production-topology1-1-1456598836,0.9518804028100277,1.007397210021528,2440,0,1456600071986
Running observer at: 1456600082437
production-topology2-2-1456598842,0.9883491870457203,1.0004606907902507,1860,0,1456600082898
production-topology4-4-1456598856,0.9681097201256594,1.0016215449046315,2100,0,1456600082898
production-topology3-3-1456598849,0.918308356368168,0.9993441222960986,2260,0,1456600082898
production-topology1-1-1456598836,0.9407193291911223,1.0086838654003103,2180,0,1456600082898
/var/nimbus/storm/bin/storm rebalance production-topology3 -e spout_head=11
1456600083332
/var/nimbus/storm/bin/storm rebalance production-topology4 -e bolt_output_1=9
Running observer at: 1456600093566
production-topology2-2-1456598842,0.8875564321718169,0.9976771727138851,2340,0,1456600094215
production-topology4-4-1456598856,0.9998034817605719,0.9998034817605719,241500,0,1456600094215
production-topology3-3-1456598849,1.0004023790508927,1.0004023790508927,242720,0,1456600094215
production-topology1-1-1456598836,1.0271264020919724,1.0054769054507058,2460,0,1456600094215
Running observer at: 1456600104787
production-topology2-2-1456598842,1.0793037210026435,0.9988845141700422,2420,0,1456600105297
production-topology4-4-1456598856,1.098901098901099,1.0493522903308354,140,0,1456600105297
production-topology3-3-1456598849,1.2798076923076924,1.1401050356792926,200,0,1456600105297
production-topology1-1-1456598836,1.0372010164784786,1.0078849840714532,2660,0,1456600105297
Running observer at: 1456600115741
production-topology2-2-1456598842,1.0584266654957655,1.0010218569938956,1940,0,1456600116210
production-topology4-4-1456598856,2.0,1.3662348602205572,0,0,1456600116210
production-topology3-3-1456598849,2.0,1.4267366904528618,0,0,1456600116210
production-topology1-1-1456598836,1.0140704706791097,1.006818404532501,2240,0,1456600116210
Running observer at: 1456600122244
production-topology2-2-1456598842,0.8894330886628705,0.9985488827263109,1140,0,1456600122932
production-topology4-4-1456598856,2.0,1.5246761451654178,0,0,1456600122932
production-topology3-3-1456598849,2.0,1.5700525178396463,0,0,1456600122932
production-topology1-1-1456598836,0.9773776596891486,1.007710724360131,1320,0,1456600122932
Running observer at: 1456600123533
production-topology2-2-1456598842,1.8272153110047846,1.0255034985203593,500,0,1456600124120
production-topology4-4-1456598856,2.0,1.6197409161323342,0,0,1456600124120
production-topology3-3-1456598849,0.0,1.256042014271717,218660,0,1456600124120
production-topology1-1-1456598836,1.42130625,1.021613876005236,400,0,1456600124120
Running observer at: 1456600126632
production-topology2-2-1456598842,0.8914285714285713,1.0209040108727283,660,0,1456600127109
production-topology4-4-1456598856,0.0,1.3497840967769452,0,0,1456600127109
production-topology3-3-1456598849,0.9965455236556455,1.2127925991690385,146100,0,1456600127109
production-topology1-1-1456598836,0.6765435512238581,1.0112465602056953,680,0,1456600127109
Running observer at: 1456600137555
production-topology2-2-1456598842,1.0296821644339376,1.0220309330382409,1880,0,1456600138172
production-topology4-4-1456598856,0.0,1.1569577972373817,0,0,1456600138173
production-topology3-3-1456598849,0.7955764284449813,1.1531902890656016,1780,0,1456600138173
production-topology1-1-1456598836,0.9728695877177851,1.0090458778148594,2200,0,1456600138173
Running observer at: 1456600148749
production-topology2-2-1456598842,0.9998903527755175,1.022061662126852,2280,0,1456600149294
production-topology4-4-1456598856,0.8541079235326072,1.1191015630242849,1240,0,1456600149294
production-topology3-3-1456598849,1.0305180825055689,1.1378562632455975,2660,0,1456600149294
production-topology1-1-1456598836,1.0412363915327087,1.0088821296621908,2600,0,1456600149295
Running observer at: 1456600159818
production-topology2-2-1456598842,0.9436481064609177,1.0250389359826084,2440,0,1456600160354
production-topology4-4-1456598856,1.0556906220623037,1.1120559029173982,2280,0,1456600160354
production-topology3-3-1456598849,1.0150301392644507,1.1242089161365811,2220,0,1456600160354
production-topology1-1-1456598836,1.0303942254428264,1.0094322244638978,2480,0,1456600160354
Running observer at: 1456600170899
production-topology2-2-1456598842,0.9212535199916564,1.018334794000947,1900,0,1456600171557
production-topology4-4-1456598856,0.9274670245237759,1.093597015078036,2320,0,1456600171558
production-topology3-3-1456598849,0.9474414155627299,1.106532166079196,2420,0,1456600171558
production-topology1-1-1456598836,0.887076772763143,1.006538014214181,2180,0,1456600171558
Running observer at: 1456600182057
production-topology2-2-1456598842,1.022210739345729,1.0206886539008064,2300,0,1456600182606
production-topology4-4-1456598856,1.0562774944188003,1.0902043313817418,2140,0,1456600182606
production-topology3-3-1456598849,0.93247201547681,1.0907085160244336,2420,0,1456600182606
production-topology1-1-1456598836,1.0710799472618153,1.0087962374646677,2700,0,1456600182606
Running observer at: 1456600193059
production-topology2-2-1456598842,1.1315388813610356,1.025090412094163,2420,0,1456600193562
production-topology4-4-1456598856,1.1044984847928006,1.0913955108326634,2160,0,1456600193562
production-topology3-3-1456598849,1.1148601827518605,1.092721154918386,2480,0,1456600193562
production-topology1-1-1456598836,0.9886887306242148,1.0018913428831389,2380,0,1456600193562
Running observer at: 1456600204140
production-topology2-2-1456598842,0.9535701914302737,1.0240238637407535,1980,0,1456600204663
production-topology4-4-1456598856,0.8747560967695532,1.0747309405201166,2320,0,1456600204663
production-topology3-3-1456598849,0.9385371555934829,1.0808608472780088,2480,0,1456600204663
production-topology1-1-1456598836,1.028683917507099,1.0105046141618115,2240,0,1456600204663
Running observer at: 1456600215265
production-topology2-2-1456598842,1.114229802418928,1.0271669474823075,2200,0,1456600215821
production-topology4-4-1456598856,1.0731010817182738,1.0746145220342707,2180,0,1456600215821
production-topology3-3-1456598849,1.0682280513161433,1.079958504709304,2200,0,1456600215822
production-topology1-1-1456598836,0.9784903057074312,1.007468430903924,2640,0,1456600215822
Running observer at: 1456600226323
production-topology2-2-1456598842,0.8734143068302048,1.0212269758064008,2500,0,1456600226824
production-topology4-4-1456598856,1.0347400094009764,1.071956221192051,2080,0,1456600226824
production-topology3-3-1456598849,0.9633696952992163,1.0721859174152981,2460,0,1456600226824
production-topology1-1-1456598836,1.0280603149769068,1.005377088843989,2460,0,1456600226824
Running observer at: 1456600237401
production-topology2-2-1456598842,1.0197010869565217,1.0245593809676206,1840,0,1456600237950
production-topology4-4-1456598856,0.9675115016396882,1.0654284262200284,2380,0,1456600237950
production-topology3-3-1456598849,1.0228613828019086,1.0691031340019614,2480,0,1456600237951
production-topology1-1-1456598836,1.0121439110203154,1.0069426885548727,2220,0,1456600237951
Running observer at: 1456600248498
production-topology2-2-1456598842,0.9115221103884307,1.0161104854748961,2280,0,1456600249081
production-topology4-4-1456598856,1.0478407919084725,1.0643938594958193,2080,0,1456600249081
production-topology3-3-1456598849,1.0503914309989075,1.068002445590017,2240,0,1456600249082
production-topology1-1-1456598836,0.9791337501775734,1.0070067055058762,2660,0,1456600249082
Running observer at: 1456600259554
production-topology2-2-1456598842,1.0341707608670367,1.0180255525037976,2400,0,1456600260072
production-topology4-4-1456598856,1.0087062108037101,1.0613001012351466,2220,0,1456600260072
production-topology3-3-1456598849,1.0011853383017844,1.0642903840740041,2540,0,1456600260073
production-topology1-1-1456598836,1.1113868473820085,1.0123101151670193,2220,0,1456600260073
Running observer at: 1456600270610
production-topology2-2-1456598842,1.063559951747568,1.0226112958972344,1920,0,1456600271203
production-topology4-4-1456598856,1.0013074289319834,1.058142592166559,2300,0,1456600271203
production-topology3-3-1456598849,0.9718296671799767,1.0594240305532658,2560,0,1456600271203
production-topology1-1-1456598836,0.9428771078610463,1.0083706783432698,2380,0,1456600271203
Running observer at: 1456600281802
production-topology2-2-1456598842,1.0023170966991195,1.0229695760319282,2220,0,1456600282309
production-topology4-4-1456598856,0.9553191643462431,1.0530014207755432,1940,0,1456600282309
production-topology3-3-1456598849,1.0547278426902253,1.0591892211601137,2200,0,1456600282309
production-topology1-1-1456598836,0.966410248852997,1.009652318757602,2640,0,1456600282309
Running observer at: 1456600292897
production-topology2-2-1456598842,0.968713612223453,1.0214663256542578,2480,0,1456600293426
production-topology4-4-1456598856,0.999718791060946,1.0504641526938958,2340,0,1456600293427
production-topology3-3-1456598849,0.9656408711984519,1.0547345378286062,2520,0,1456600293427
production-topology1-1-1456598836,0.9105014475282249,1.004031503622126,2280,0,1456600293427
Running observer at: 1456600304010
production-topology2-2-1456598842,0.943181677193774,1.0213710078033758,1920,0,1456600304539
production-topology4-4-1456598856,1.039572939076487,1.049969097529468,2260,0,1456600304539
production-topology3-3-1456598849,1.0034062735644862,1.0524014349075097,2480,0,1456600304539
production-topology1-1-1456598836,1.118120965516799,1.0090652544774508,2400,0,1456600304539
Running observer at: 1456600315211
production-topology2-2-1456598842,1.0285852276750251,1.0202048402499904,2360,0,1456600315777
production-topology4-4-1456598856,0.9998807145489459,1.0477913417477063,2140,0,1456600315777
production-topology3-3-1456598849,1.0221903697113266,1.0510879103337627,2400,0,1456600315777
production-topology1-1-1456598836,1.0190221838869755,1.0145773204798096,2620,0,1456600315777
Running observer at: 1456600326290
production-topology2-2-1456598842,1.054666479734497,1.0222105584622494,2360,0,1456600326827
production-topology4-4-1456598856,1.0840545128191552,1.0493023072090166,2200,0,1456600326827
production-topology3-3-1456598849,0.9789737147349069,1.0480831521838103,2380,0,1456600326827
production-topology1-1-1456598836,0.9305402349251192,1.0017020438474846,2300,0,1456600326827
Running observer at: 1456600337304
production-topology2-2-1456598842,0.9695919520964382,1.020451374878508,1880,0,1456600337808
production-topology4-4-1456598856,0.8712009994716543,1.042178254899522,2340,0,1456600337808
production-topology3-3-1456598849,0.9534414341069957,1.0442974834607377,2660,0,1456600337808
production-topology1-1-1456598836,1.098213145169013,1.0069837548081846,2360,0,1456600337809
Running observer at: 1456600348323
production-topology2-2-1456598842,1.0330277443760005,1.0248879895848693,2380,0,1456600348884
production-topology4-4-1456598856,1.0738245585336421,1.0433954204239113,1980,0,1456600348884
production-topology3-3-1456598849,1.076972021065262,1.045554196445527,2060,0,1456600348884
production-topology1-1-1456598836,1.0076551223444152,1.0065909067471188,2320,0,1456600348885
Running observer at: 1456600359483
production-topology2-2-1456598842,1.0506339522110213,1.0208274860603948,2380,0,1456600360066
production-topology4-4-1456598856,1.0181570753178484,1.0424606669014644,2340,0,1456600360066
production-topology3-3-1456598849,0.9823401478903869,1.0432129353879294,2440,0,1456600360067
production-topology1-1-1456598836,0.9463130960226283,1.005289059324478,2520,0,1456600360067
Running observer at: 1456600370519
production-topology2-2-1456598842,0.8860045537614326,1.0167998184124127,1900,0,1456600371061
production-topology4-4-1456598856,0.9397751124437781,1.0387933256708328,2340,0,1456600371061
production-topology3-3-1456598849,1.0411020934469417,1.0431375481757512,2660,0,1456600371061
production-topology1-1-1456598836,0.9042702208128559,1.0006464519065872,2360,0,1456600371061
Running observer at: 1456600381636
production-topology2-2-1456598842,1.1575934480120156,1.0244806898600902,2220,0,1456600382224
production-topology4-4-1456598856,1.095422139147296,1.0407460433769178,1900,0,1456600382224
production-topology3-3-1456598849,0.9505965568129726,1.039946479508069,2260,0,1456600382224
production-topology1-1-1456598836,1.151712342668684,1.0073075165685426,2440,0,1456600382224
Running observer at: 1456600392859
production-topology2-2-1456598842,0.9612303403713943,1.0235767283042794,2480,0,1456600393444
production-topology4-4-1456598856,0.9306132626104759,1.037074950684703,2380,0,1456600393444
production-topology3-3-1456598849,1.017521968514145,1.0391989958082717,2360,0,1456600393444
production-topology1-1-1456598836,0.9855189220403592,1.0088008363301837,2440,0,1456600393444
Running observer at: 1456600403928
production-topology2-2-1456598842,0.95754182567807,1.0259095747544877,1840,0,1456600404464
production-topology4-4-1456598856,1.0985630907725494,1.040366937651769,2360,0,1456600404464
production-topology3-3-1456598849,1.0126451915506642,1.039607089558264,2680,0,1456600404464
production-topology1-1-1456598836,1.0493732846674022,1.009542399082698,2380,0,1456600404464
Running observer at: 1456600415010
production-topology2-2-1456598842,1.0909304113802383,1.0262971311004074,2380,0,1456600415549
production-topology4-4-1456598856,0.965438794081401,1.035918194157779,1880,0,1456600415549
production-topology3-3-1456598849,0.9623039427465427,1.029023631239559,2260,0,1456600415549
production-topology1-1-1456598836,0.9364960967778454,1.0061855684260101,2400,0,1456600415549
Running observer at: 1456600426198
production-topology2-2-1456598842,1.0462717917675544,1.0258919686428005,2360,0,1456600426731
production-topology4-4-1456598856,0.9505341722959939,1.0009359999009788,2460,0,1456600426731
production-topology3-3-1456598849,1.0317009968608457,0.9967469978015874,2300,0,1456600426731
production-topology1-1-1456598836,1.0992814958677684,1.0090259359322988,2500,0,1456600426732
Running observer at: 1456600437234
production-topology2-2-1456598842,0.8565824770697174,1.0247969482563621,1940,0,1456600437733
production-topology4-4-1456598856,1.0550534008180183,0.969437779928246,2200,0,1456600437734
production-topology3-3-1456598849,1.016955550053124,0.9639788494700248,2720,0,1456600437734
production-topology1-1-1456598836,0.9353184820214819,1.0076239633433766,2400,0,1456600437734
Running observer at: 1456600448281
production-topology2-2-1456598842,1.003010828777247,0.9973234655154442,2320,0,1456600448925
production-topology4-4-1456598856,1.0375446434549396,0.9373559347100773,2000,0,1456600448926
production-topology3-3-1456598849,1.052668815059131,0.9990678099719958,2180,0,1456600448926
production-topology1-1-1456598836,0.9777500515098098,0.9928387567270368,2380,0,1456600448926
Running observer at: 1456600459540
production-topology2-2-1456598842,1.061370510085738,1.0029881968040164,2340,0,1456600460074
production-topology4-4-1456598856,1.0026682389579364,0.9707782093420085,2340,0,1456600460074
production-topology3-3-1456598849,0.9619038357593206,0.9979130870421182,2400,0,1456600460074
production-topology1-1-1456598836,1.112992562592549,1.007387057105993,2540,0,1456600460074
Running observer at: 1456600470571
production-topology2-2-1456598842,1.0368139375145116,1.0032259225733688,1920,0,1456600471079
production-topology4-4-1456598856,1.0086110907806853,1.004398579034698,2340,0,1456600471079
production-topology3-3-1456598849,1.00032407501934,1.004738008594597,2680,0,1456600471079
production-topology1-1-1456598836,0.9212385649513292,1.0056660230137782,2360,0,1456600471079
Running observer at: 1456600481684
production-topology2-2-1456598842,0.8255868942101507,0.9974158072878566,2320,0,1456600482249
production-topology4-4-1456598856,0.9835961705506,1.008714853935298,1840,0,1456600482249
production-topology3-3-1456598849,0.9457187151623161,1.0019113630164884,2280,0,1456600482249
production-topology1-1-1456598836,1.0587909981288588,1.006251176566983,2400,0,1456600482249
Running observer at: 1456600492857
production-topology2-2-1456598842,1.0388931888544894,1.0005906433676424,2440,0,1456600493398
production-topology4-4-1456598856,0.9932302185657234,1.006632840485412,2380,0,1456600493398
production-topology3-3-1456598849,1.0111881602697044,1.001783297049997,2360,0,1456600493399
production-topology1-1-1456598836,1.0034645347319862,1.0053535202099553,2480,0,1456600493399
Running observer at: 1456600503920
production-topology2-2-1456598842,0.9945089830804114,1.0030324921372678,1920,0,1456600504427
production-topology4-4-1456598856,0.9583096465281298,1.007660927885557,2400,0,1456600504427
production-topology3-3-1456598849,1.1136437213572326,1.0073233739098135,2640,0,1456600504427
production-topology1-1-1456598836,0.9816959820773712,1.0085074938537628,2360,0,1456600504427
Running observer at: 1456600515045
production-topology2-2-1456598842,1.076086956521739,1.0048283660431345,2300,0,1456600515601
production-topology4-4-1456598856,1.0739230774884425,1.0082491139878784,1900,0,1456600515601
production-topology3-3-1456598849,0.965381117888602,1.0084203439902066,2200,0,1456600515601
production-topology1-1-1456598836,0.9125277059115748,1.0032224191420882,2440,0,1456600515602
Running observer at: 1456600526183
production-topology2-2-1456598842,1.0759668542823637,1.0029759651405121,2280,0,1456600526747
production-topology4-4-1456598856,0.963398625207592,1.003545785335038,2440,0,1456600526747
production-topology3-3-1456598849,0.932339976039885,1.0023363370998075,2440,0,1456600526747
production-topology1-1-1456598836,1.0821032660521297,1.0063362369896853,2560,0,1456600526748
Running observer at: 1456600537246
production-topology2-2-1456598842,0.8350812530901308,0.9990263338625075,1980,0,1456600537735
production-topology4-4-1456598856,1.0102067165243487,1.0080608059935312,2260,0,1456600537736
production-topology3-3-1456598849,1.0381501345105884,1.0056567697303775,2660,0,1456600537736
production-topology1-1-1456598836,1.0489117420110154,1.0070104978064824,2240,0,1456600537736
Running observer at: 1456600548329
production-topology2-2-1456598842,1.1181780492103015,0.9991579420888866,2260,0,1456600548901
production-topology4-4-1456598856,1.0931569618964057,1.0087293353328024,1940,0,1456600548902
production-topology3-3-1456598849,1.0133475546604893,1.0038274198418558,2140,0,1456600548902
production-topology1-1-1456598836,0.9719466584567669,1.0067923762314603,2460,0,1456600548902
Running observer at: 1456600559469
production-topology2-2-1456598842,0.9821732460933091,1.0027832400643235,2420,0,1456600560018
production-topology4-4-1456598856,0.9635693671407957,1.0063569805907961,2400,0,1456600560018
production-topology3-3-1456598849,1.0556057021857863,1.0069019534047414,2420,0,1456600560019
production-topology1-1-1456598836,1.0371521244885253,1.0070954365485143,2480,0,1456600560019
Running observer at: 1456600570541
production-topology2-2-1456598842,0.9880645603062258,1.00172868917598,1940,0,1456600571015
production-topology4-4-1456598856,0.9485054043916915,1.005723444015863,2320,0,1456600571015
production-topology3-3-1456598849,0.8862938228576507,1.0023497014065996,2720,0,1456600571015
production-topology1-1-1456598836,0.9608175917874948,1.0053845592407538,2380,0,1456600571015
Running observer at: 1456600581600
production-topology2-2-1456598842,0.9529088639200998,1.0031082476270359,2260,0,1456600582127
production-topology4-4-1456598856,0.9869383086343012,1.0036933612400574,1940,0,1456600582127
production-topology3-3-1456598849,1.0201458524882199,1.0013415154562433,2240,0,1456600582127
production-topology1-1-1456598836,1.030025552782919,1.007080952660932,2440,0,1456600582127
Running observer at: 1456600592679
production-topology2-2-1456598842,1.1128901967791274,1.0057322288241053,2360,0,1456600593191
production-topology4-4-1456598856,1.0216718085472767,1.0041255478315096,2380,0,1456600593191
production-topology3-3-1456598849,1.0242143472739271,1.0021091490886478,2380,0,1456600593191
production-topology1-1-1456598836,1.0014781212583208,1.0034173284568089,2340,0,1456600593191
Running observer at: 1456600603814
production-topology2-2-1456598842,0.9944504272628192,1.0034285780079473,1940,0,1456600604301
production-topology4-4-1456598856,1.1267788955640794,1.0083079300525795,1980,0,1456600604301
production-topology3-3-1456598849,0.9986773921724125,1.0030040732550625,2680,0,1456600604301
production-topology1-1-1456598836,1.0354321794435188,1.006502497509558,2520,0,1456600604301
Running observer at: 1456600614816
production-topology2-2-1456598842,1.0395493917170058,1.0046696545085434,2360,0,1456600615330
production-topology4-4-1456598856,0.9697256922618641,1.0087881476497667,2220,0,1456600615331
production-topology3-3-1456598849,1.0029386395290758,1.0012777664830241,2200,0,1456600615331
production-topology1-1-1456598836,1.0433276760366694,1.0090664117490138,2440,0,1456600615331
Running observer at: 1456600625861
production-topology2-2-1456598842,0.8571645569620253,1.000951352666496,1920,0,1456600626439
production-topology4-4-1456598856,0.9116020648195682,1.0058509234417208,2300,0,1456600626439
production-topology3-3-1456598849,1.0354047100294044,1.0036032277773894,2400,0,1456600626439
production-topology1-1-1456598836,0.8574699261646294,1.0072986943702271,2280,0,1456600626440
Running observer at: 1456600636924
production-topology2-2-1456598842,1.0408138893000236,1.004205759736704,2260,0,1456600637565
production-topology4-4-1456598856,0.985994466593977,1.0040649743589705,2160,0,1456600637565
production-topology3-3-1456598849,0.9618056653818869,1.0022165408379693,2420,0,1456600637565
production-topology1-1-1456598836,0.9955803610099536,1.0032140075533322,2580,0,1456600637566
Running observer at: 1456600648032
production-topology2-2-1456598842,1.1311525885861826,1.007624671767076,2400,0,1456600648635
production-topology4-4-1456598856,0.9805863794735157,1.003421829856456,2140,0,1456600648635
production-topology3-3-1456598849,1.082132882939498,1.0042146246122419,2200,0,1456600648635
production-topology1-1-1456598836,1.0744618744894467,1.0050619972400814,2260,0,1456600648635
Running observer at: 1456600659092
production-topology2-2-1456598842,0.9033183335698495,1.0025797335615878,1940,0,1456600659570
production-topology4-4-1456598856,1.04854606755555,1.0022382150143359,2260,0,1456600659570
production-topology3-3-1456598849,0.9941110686706179,1.0047192030767655,2700,0,1456600659570
production-topology1-1-1456598836,0.9939355417023183,1.0071751741326547,2400,0,1456600659570
Running observer at: 1456600669945
production-topology2-2-1456598842,1.0410297236364123,1.0049609926129202,2320,0,1456600670378
production-topology4-4-1456598856,0.9934880709793259,1.006314450731258,1960,0,1456600670378
production-topology3-3-1456598849,0.9011145043619911,1.0029749720852654,2260,0,1456600670378
production-topology1-1-1456598836,1.2183162667966705,1.011178611520243,1920,0,1456600670378
Running observer at: 1456600680821
production-topology2-2-1456598842,0.9991036811634866,1.0038301905058364,1220,0,1456600681197
production-topology4-4-1456598856,1.0325318312784977,1.00493802648942,2440,0,1456600681197
production-topology3-3-1456598849,1.0448045788363653,1.001902724010969,2400,0,1456600681197
production-topology1-1-1456598836,1.0,1.0109234407754293,0,0,1456600681198
