Running observer at: 1456555656715
production-topology1-1-1456555656,0.0,0.0,0,0,1456555657009
Running observer at: 1456555657587
production-topology1-1-1456555656,0.0,0.0,0,0,1456555657901
Running observer at: 1456555663740
production-topology2-2-1456555663,0.0,0.0,0,0,1456555664309
production-topology1-1-1456555656,0.0,0.0,0,0,1456555664309
Running observer at: 1456555668263
production-topology2-2-1456555663,0.0,0.0,0,0,1456555668662
production-topology1-1-1456555656,0.0,0.0,0,0,1456555668662
Running observer at: 1456555671013
production-topology2-2-1456555663,0.0,0.0,0,0,1456555671494
production-topology3-3-1456555670,0.0,0.0,0,0,1456555671494
production-topology1-1-1456555656,0.0,0.0,140,0,1456555671495
Running observer at: 1456555678032
production-topology2-2-1456555663,0.0,0.0,80,0,1456555678682
production-topology3-3-1456555670,0.0,0.0,0,0,1456555678682
production-topology4-4-1456555677,0.0,0.0,0,0,1456555678682
production-topology1-1-1456555656,0.8488063660477453,0.1414677276746242,580,0,1456555678682
Running observer at: 1456555679211
production-topology2-2-1456555663,0.0,0.0,0,0,1456555679687
production-topology3-3-1456555670,0.0,0.0,0,0,1456555679688
production-topology4-4-1456555677,0.0,0.0,0,0,1456555679688
production-topology1-1-1456555656,0.36363636363636365,0.173206104240587,200,0,1456555679688
Running observer at: 1456555690294
production-topology2-2-1456555663,0.9106667933130699,0.15177779888551166,1300,0,1456555690873
production-topology3-3-1456555670,0.0,0.0,200,0,1456555690873
production-topology4-4-1456555677,0.0,0.0,0,0,1456555690874
production-topology1-1-1456555656,1.1232728785991293,0.2919644510354048,2240,0,1456555690874
Running observer at: 1456555701464
production-topology2-2-1456555663,0.9366881528678196,0.26390784945441276,2460,0,1456555702150
production-topology3-3-1456555670,1.1144584863970293,0.22289169727940586,1980,0,1456555702151
production-topology4-4-1456555677,0.7099704223582826,0.17749260558957064,780,0,1456555702151
production-topology1-1-1456555656,1.1940365249300322,0.3921946814681412,2060,0,1456555702151
Running observer at: 1456555712869
production-topology2-2-1456555663,1.0947817896389322,0.3677670919774777,2240,0,1456555713562
production-topology3-3-1456555670,0.985754054708303,0.35003542351755534,2100,0,1456555713562
production-topology4-4-1456555677,1.0185521520047167,0.34570451487259984,2300,0,1456555713562
production-topology1-1-1456555656,0.9497426879291906,0.4479494821142461,2400,0,1456555713563
Running observer at: 1456555724204
production-topology2-2-1456555663,1.0304284895132099,0.4413961361481146,2200,0,1456555724798
production-topology3-3-1456555670,1.033130650512922,0.4476204559454649,2280,0,1456555724799
production-topology4-4-1456555677,1.1018431842970084,0.4717276264433346,2460,0,1456555724799
production-topology1-1-1456555656,0.9795527788244544,0.4962770545424469,2120,0,1456555724799
Running observer at: 1456555735290
production-topology2-2-1456555663,0.9169908498097294,0.48895560751427614,2140,0,1456555735876
production-topology3-3-1456555670,0.9441743457612495,0.509689692172438,2300,0,1456555735877
production-topology4-4-1456555677,0.9556168489415799,0.5408546582287982,1860,0,1456555735877
production-topology1-1-1456555656,0.9165050643700966,0.5312960553614178,2240,0,1456555735877
Running observer at: 1456555746527
production-topology2-2-1456555663,1.0807123910572185,0.5427516787454527,2260,0,1456555747160
production-topology3-3-1456555670,1.1142405848937513,0.5768620135859172,2000,0,1456555747161
production-topology4-4-1456555677,1.0035526462060438,0.598691906725954,2380,0,1456555747161
production-topology1-1-1456555656,1.126589016291748,0.5770878215868277,2240,0,1456555747161
Running observer at: 1456555757774
production-topology2-2-1456555663,0.9592644342515385,0.5774610750376266,2360,0,1456555758356
production-topology3-3-1456555670,0.9344222015900572,0.6126180323863312,2300,0,1456555758356
production-topology4-4-1456555677,1.0252471006031454,0.6460869282678642,2360,0,1456555758357
production-topology1-1-1456555656,0.978149266590412,0.6057350676585124,2460,0,1456555758357
Running observer at: 1456555768879
production-topology2-2-1456555663,1.0928506397364788,0.6171064261683075,1980,0,1456555769570
production-topology3-3-1456555670,1.0338279233016074,0.6509098406513563,2300,0,1456555769570
production-topology4-4-1456555677,0.9192051298880739,0.6733987484298851,1920,0,1456555769570
production-topology1-1-1456555656,0.9179331810293592,0.6265482752165689,2140,0,1456555769570
Running observer at: 1456555780155
production-topology2-2-1456555663,0.9712940122978014,0.6424055394632714,2340,0,1456555780768
production-topology3-3-1456555670,0.9354377601146251,0.6746205006066287,2100,0,1456555780768
production-topology4-4-1456555677,1.031845090432883,0.7059847795210668,2300,0,1456555780768
production-topology1-1-1456555656,1.2347860021869477,0.6645631331522175,1960,0,1456555780768
Running observer at: 1456555791439
production-topology2-2-1456555663,1.0463112403209451,0.6693325861871162,2360,0,1456555791979
production-topology3-3-1456555670,1.0375226083633375,0.7025360473571448,2280,0,1456555791979
production-topology4-4-1456555677,1.0057575394118397,0.7309658428452979,2360,0,1456555791979
production-topology1-1-1456555656,0.9266765632106261,0.6799815702144768,2420,0,1456555791980
Running observer at: 1456555802559
production-topology2-2-1456555663,0.9320702536761432,0.6857536904051804,1980,0,1456555803187
production-topology3-3-1456555670,0.9671362077976977,0.7214360588171843,2400,0,1456555803188
production-topology4-4-1456555677,1.0356093952743755,0.7543999622629193,2240,0,1456555803188
production-topology1-1-1456555656,0.931714420482068,0.6939667285626763,2240,0,1456555803188
Running observer at: 1456555813615
production-topology2-2-1456555663,1.045786000352636,0.7069320615785601,2280,0,1456555814273
production-topology3-3-1456555670,1.0068487669894692,0.7404635726953366,1960,0,1456555814273
production-topology4-4-1456555677,1.013480998685153,0.7729057505787932,1980,0,1456555814273
production-topology1-1-1456555656,1.038153063971295,0.7120817988473405,2040,0,1456555814274
Running observer at: 1456555824900
production-topology2-2-1456555663,0.9296443778742814,0.7193049680394336,2420,0,1456555825419
production-topology3-3-1456555670,0.9595338642411595,0.7541554659169505,2320,0,1456555825420
production-topology4-4-1456555677,1.0187692860928714,0.7892966529463983,2420,0,1456555825420
production-topology1-1-1456555656,1.0079168298648777,0.7268735503982173,2420,0,1456555825420
Running observer at: 1456555836045
production-topology2-2-1456555663,1.1887170269460603,0.7440108658766245,1880,0,1456555836647
production-topology3-3-1456555670,1.0392149528715242,0.7709236710319255,2360,0,1456555836647
production-topology4-4-1456555677,1.0045331875934704,0.8027489363618403,2400,0,1456555836648
production-topology1-1-1456555656,1.0471345514950166,0.7421240742599696,2160,0,1456555836648
Running observer at: 1456555847205
production-topology2-2-1456555663,0.8424918920020672,0.7489349171828966,2260,0,1456555847775
production-topology3-3-1456555670,1.0330449386415335,0.7854859636769036,1920,0,1456555847775
production-topology4-4-1456555677,0.9366718568082033,0.8106267552116264,1860,0,1456555847775
production-topology1-1-1456555656,1.057189884975749,0.7564452474743232,2100,0,1456555847775
Running observer at: 1456555858398
production-topology2-2-1456555663,1.1248349243616622,0.7668349175247425,2420,0,1456555858905
production-topology3-3-1456555670,1.0111318532342513,0.7973620631272904,2280,0,1456555858905
production-topology4-4-1456555677,1.0894877513412835,0.8261190327743851,2280,0,1456555858905
production-topology1-1-1456555656,0.9095831400282013,0.7631034167157962,2300,0,1456555858906
Running observer at: 1456555869440
production-topology2-2-1456555663,0.9753867791842473,0.7763145476001746,1920,0,1456555870054
production-topology3-3-1456555670,0.9382560804783326,0.8044067639948425,2420,0,1456555870054
production-topology4-4-1456555677,0.919515106132351,0.8310346155826992,2560,0,1456555870054
production-topology1-1-1456555656,0.8987566547611024,0.7687556349676838,2240,0,1456555870054
Running observer at: 1456555880555
production-topology2-2-1456555663,0.8721591996853323,0.7804817063864857,2280,0,1456555881195
production-topology3-3-1456555670,1.0374405132538693,0.8155036091976533,1960,0,1456555881195
production-topology4-4-1456555677,1.0407502302111058,0.8415203963141196,1680,0,1456555881195
production-topology1-1-1456555656,1.1620148788402374,0.784486004722586,2020,0,1456555881195
Running observer at: 1456555891831
production-topology2-2-1456555663,1.163500122404232,0.7964408070538919,2380,0,1456555892323
production-topology3-3-1456555670,0.9510143147677578,0.8216631867235672,2420,0,1456555892323
production-topology4-4-1456555677,1.02748963998964,0.8503760745843824,2420,0,1456555892324
production-topology1-1-1456555656,0.934998763034198,0.7902749569653403,2400,0,1456555892324
Running observer at: 1456555903015
production-topology2-2-1456555663,1.022913423842507,0.8054997117254366,2180,0,1456555903594
production-topology3-3-1456555670,1.036306652909198,0.8309955113403337,2220,0,1456555903594
production-topology4-4-1456555677,0.9563448053892063,0.8551928350755108,2420,0,1456555903595
production-topology1-1-1456555656,1.1494831169750637,0.8035789628916263,2100,0,1456555903595
Running observer at: 1456555914175
production-topology2-2-1456555663,0.9108674516391433,0.8095523171067328,2180,0,1456555914735
production-topology3-3-1456555670,1.0080447427320252,0.8383725626483208,2340,0,1456555914736
production-topology4-4-1456555677,1.0359543335600314,0.8630520306617943,1820,0,1456555914736
production-topology1-1-1456555656,0.9645413421740067,0.8093276192945684,2280,0,1456555914736
Running observer at: 1456555925424
production-topology2-2-1456555663,0.8900432458517094,0.8125334626158062,2360,0,1456555925928
production-topology3-3-1456555670,1.0328462689573803,0.8461515109006832,1980,0,1456555925928
production-topology4-4-1456555677,0.9770371009490939,0.8678014085904318,2440,0,1456555925928
production-topology1-1-1456555656,0.9726908315565034,0.8149608335104972,2200,0,1456555925929
Running observer at: 1456555936611
production-topology2-2-1456555663,1.0159489633173846,0.8197983019265768,2340,0,1456555937118
production-topology3-3-1456555670,0.9440216922127984,0.8499157486434569,2360,0,1456555937118
production-topology4-4-1456555677,1.0120147480372,0.8735699421683024,2360,0,1456555937118
production-topology1-1-1456555656,0.9668770647746864,0.8200247078859701,2400,0,1456555937118
Running observer at: 1456555947636
production-topology2-2-1456555663,1.098938560348324,0.8294238280790508,1920,0,1456555948200
production-topology3-3-1456555670,0.9694277549221759,0.8543421192463724,2340,0,1456555948200
production-topology4-4-1456555677,0.9869076663011694,0.877929085404182,1960,0,1456555948200
production-topology1-1-1456555656,0.9512726777354877,0.8517337971438198,2200,0,1456555948200
Running observer at: 1456555958817
production-topology2-2-1456555663,0.9835127510429896,0.8345601255111821,2300,0,1456555959321
production-topology3-3-1456555670,0.9960445911094211,0.8594029218129098,2020,0,1456555959321
production-topology4-4-1456555677,0.9837722622205379,0.881849203064047,2300,0,1456555959321
production-topology1-1-1456555656,1.0322521865889212,0.8861422033634504,2040,0,1456555959321
Running observer at: 1456555969943
production-topology2-2-1456555663,1.1254698754698755,0.8720757880268446,2340,0,1456555970451
production-topology3-3-1456555670,1.061304491625596,0.866365044909899,2280,0,1456555970451
production-topology4-4-1456555677,0.9993582787802566,0.8860459557681973,2380,0,1456555970452
production-topology1-1-1456555656,1.0302470442759368,0.9204837715059817,2440,0,1456555970452
Running observer at: 1456555981037
production-topology2-2-1456555663,0.8099625107882622,0.8990745383864535,1980,0,1456555981706
production-topology3-3-1456555670,0.9963430703215317,0.8706976457569534,2220,0,1456555981706
production-topology4-4-1456555677,0.9785686653771759,0.8892363940305759,1980,0,1456555981706
production-topology1-1-1456555656,1.0932569956830955,0.9569256713620848,2100,0,1456555981706
Running observer at: 1456555992214
production-topology2-2-1456555663,1.1687519264195225,0.9380329359337708,2220,0,1456555992725
production-topology3-3-1456555670,0.9680871464974663,0.902967217306869,2120,0,1456555992726
production-topology4-4-1456555677,1.0045098271908794,0.893078841802586,2220,0,1456555992726
production-topology1-1-1456555656,1.039035183304091,0.9915601774722212,1960,0,1456555992726
Running observer at: 1456556003306
production-topology2-2-1456555663,0.9750605645700332,0.9705349547527719,2440,0,1456556003829
production-topology3-3-1456555670,1.0238820215868243,0.9370966180264299,2300,0,1456556003829
production-topology4-4-1456555677,1.0369245411385934,0.9276429931738724,2460,0,1456556003829
production-topology1-1-1456555656,0.8917783031258207,0.9929925753748238,2520,0,1456556003829
Running observer at: 1456556014426
production-topology2-2-1456555663,0.9252489523512374,1.001376586497813,2000,0,1456556015136
production-topology3-3-1456555670,1.0454737255893733,0.9719457422127423,2240,0,1456556015136
production-topology4-4-1456555677,1.0263285346939808,0.9618539443303384,1960,0,1456556015136
production-topology1-1-1456555656,0.9850194721488631,1.0137053456585736,2180,0,1456556015137
Running observer at: 1456556025601
production-topology2-2-1456555663,1.0987088747394684,1.0076446558786931,2240,0,1456556026127
production-topology3-3-1456555670,0.9735918889236232,1.004398805176863,2040,0,1456556026127
production-topology4-4-1456555677,0.9318235793607621,0.9929147303090305,2260,0,1456556026127
production-topology1-1-1456555656,1.0394780722326455,1.0109121854463576,2000,0,1456556026128
Running observer at: 1456556036706
production-topology2-2-1456555663,0.9719620471432495,1.0088204523545408,2380,0,1456556037212
production-topology3-3-1456555670,0.9648706535514555,0.9994125440820106,2280,0,1456556037212
production-topology4-4-1456555677,1.0051055255137307,1.0027525670808788,2380,0,1456556037212
production-topology1-1-1456555656,1.0903779267216596,1.0074568988394117,2340,0,1456556037212
Running observer at: 1456556047793
production-topology2-2-1456555663,0.9825974322969636,1.0050809737764752,1940,0,1456556048428
production-topology3-3-1456555670,0.9922096117324695,0.9996277293161495,2280,0,1456556048428
production-topology4-4-1456555677,1.023188289478114,1.0029071049966587,1940,0,1456556048428
production-topology1-1-1456555656,1.0521530589312964,1.0108705778728153,2260,0,1456556048429
Running observer at: 1456556058975
production-topology2-2-1456555663,1.1647055663013108,1.0095568763360785,2160,0,1456556059538
production-topology3-3-1456555670,0.9994666219309278,0.9985055950300831,2080,0,1456556059538
production-topology4-4-1456555677,1.0011732129909743,0.9995514392864575,2240,0,1456556059538
production-topology1-1-1456555656,0.9978071837876828,1.0114790580382562,2060,0,1456556059539
Running observer at: 1456556070167
production-topology2-2-1456555663,0.8979367423772763,1.0089217394216634,2480,0,1456556070664
production-topology3-3-1456555670,1.0114666602467695,1.0007486721796004,2280,0,1456556070664
production-topology4-4-1456555677,1.0113294856908681,1.0014085271781004,2420,0,1456556070665
production-topology1-1-1456555656,0.8496603864835739,1.0092509021087055,2380,0,1456556070665
Running observer at: 1456556081219
production-topology2-2-1456555663,1.0561773024007484,1.0081039031331143,1940,0,1456556081941
production-topology3-3-1456555670,0.9788069442658391,0.9962342174920031,2300,0,1456556081941
production-topology4-4-1456555677,1.0113804951245289,1.0016694554753833,2000,0,1456556081941
production-topology1-1-1456555656,1.1571241353066466,1.0102687394092023,2120,0,1456556081942
Running observer at: 1456556092510
production-topology2-2-1456555663,1.0816170404505892,1.0121823233397493,2240,0,1456556093174
production-topology3-3-1456555670,0.9966246402524006,0.9983076321140812,2040,0,1456556093174
production-topology4-4-1456555677,1.0023266666217177,1.0009054410093357,2160,0,1456556093174
production-topology1-1-1456555656,0.9299664589589021,1.0086626458214851,2120,0,1456556093174
Running observer at: 1456556103665
production-topology2-2-1456555663,0.9128014396827817,1.0061806833379594,2500,0,1456556104182
production-topology3-3-1456555670,1.0751264477651283,0.9996842495961986,2320,0,1456556104182
production-topology4-4-1456555677,1.0234947339935263,1.004381761146184,2480,0,1456556104182
production-topology1-1-1456555656,0.9192944274911485,1.008708020703545,2340,0,1456556104182
Running observer at: 1456556114666
production-topology2-2-1456555663,1.0779541458711437,1.0097360211237374,1900,0,1456556115309
production-topology3-3-1456555670,1.0052032254549417,1.0020097651075426,2240,0,1456556115309
production-topology4-4-1456555677,0.8999333746898261,0.9999847039547488,1960,0,1456556115309
production-topology1-1-1456555656,1.077100367280484,1.0034518328733293,2160,0,1456556115309
Running observer at: 1456556125780
production-topology2-2-1456555663,0.9054984208561405,1.0050422604749107,2360,0,1456556126267
production-topology3-3-1456555670,1.011923063058733,1.0011564469307224,1980,0,1456556126267
production-topology4-4-1456555677,1.129755399372736,1.0041179659534454,2180,0,1456556126267
production-topology1-1-1456555656,1.0225819872362358,1.0066486803408499,2060,0,1456556126267
Running observer at: 1456556136905
production-topology2-2-1456555663,1.1200955752562045,1.011309771194246,2360,0,1456556137409
production-topology3-3-1456555670,0.9294637140090907,0.9999006971377689,2320,0,1456556137409
production-topology4-4-1456555677,0.9138736529884983,1.0000601078772495,2460,0,1456556137410
production-topology1-1-1456555656,1.0086652026325222,1.0092137064125317,2420,0,1456556137410
Running observer at: 1456556147963
production-topology2-2-1456555663,0.9934227010263,1.0095643278833681,1860,0,1456556148623
production-topology3-3-1456555670,1.0362123197582815,1.0008794822300624,2320,0,1456556148623
production-topology4-4-1456555677,1.0279330279330279,1.0005418421855121,1900,0,1456556148623
production-topology1-1-1456555656,0.9929268092334361,1.0077061645879362,2200,0,1456556148623
Running observer at: 1456556159093
production-topology2-2-1456555663,1.0069634486127723,1.0121416302413178,2320,0,1456556159650
production-topology3-3-1456555670,0.9858163831360947,1.001755566193227,2000,0,1456556159650
production-topology4-4-1456555677,1.0211931461095154,1.0006226375194003,2240,0,1456556159650
production-topology1-1-1456555656,0.976809116809117,1.006669240819411,2000,0,1456556159650
Running observer at: 1456556170229
production-topology2-2-1456555663,0.9194922825609789,1.0031674720951484,2380,0,1456556170729
production-topology3-3-1456555670,0.9784774353564933,0.9997309822760593,2340,0,1456556170729
production-topology4-4-1456555677,1.000821413871694,1.0004989117286744,2440,0,1456556170729
production-topology1-1-1456555656,0.9480118033391984,1.003365149214217,2440,0,1456556170729
Running observer at: 1456556181261
production-topology2-2-1456555663,0.9752594701457046,1.0075930580332697,1980,0,1456556182021
production-topology3-3-1456555670,1.1001300187226963,1.001967151612098,2280,0,1456556182021
production-topology4-4-1456555677,0.964438824312805,1.001424477312161,1960,0,1456556182021
production-topology1-1-1456555656,1.0554761225484217,1.0033080237999727,2180,0,1456556182021
Running observer at: 1456556192501
production-topology2-2-1456555663,1.1493288657929486,1.008409522747646,2220,0,1456556193003
production-topology3-3-1456555670,0.9490170223687688,0.9998966572499153,2120,0,1456556193003
production-topology4-4-1456555677,1.0209896706183659,0.9991412079547306,2260,0,1456556193003
production-topology1-1-1456555656,1.0110553946075824,1.0066904322859522,2040,0,1456556193003
Running observer at: 1456556203658
production-topology2-2-1456555663,0.9012719563900665,1.0059390286545065,2540,0,1456556204228
production-topology3-3-1456555670,0.9963257694228623,1.0018323135480665,2180,0,1456556204228
production-topology4-4-1456555677,1.010479274264508,1.0021733468924692,2400,0,1456556204228
production-topology1-1-1456555656,0.9829649920526364,1.0094973768623368,2400,0,1456556204228
Running observer at: 1456556214730
production-topology2-2-1456555663,1.120758307198985,1.0142256655716284,1820,0,1456556215365
production-topology3-3-1456555670,1.0106704584915593,1.0009399783893227,2280,0,1456556215365
production-topology4-4-1456555677,1.0287389762809396,1.0017729717614636,2020,0,1456556215366
production-topology1-1-1456555656,0.9699248689260346,1.0030943765318632,2120,0,1456556215366
Running observer at: 1456556225846
production-topology2-2-1456555663,0.9949760276937828,1.0086081957479467,2340,0,1456556226343
production-topology3-3-1456555670,0.95444861548067,1.001054455079753,2120,0,1456556226343
production-topology4-4-1456555677,0.9785948739437111,1.000143146226599,2220,0,1456556226344
production-topology1-1-1456555656,1.0124097141923003,1.0056747415704665,2080,0,1456556226344
Running observer at: 1456556236958
production-topology2-2-1456555663,1.0404711469075165,1.009193453183447,2380,0,1456556237454
production-topology3-3-1456555670,1.0224683622289168,1.0005931787237439,2340,0,1456556237454
production-topology4-4-1456555677,0.9672814207650272,1.0005077000724598,2440,0,1456556237454
production-topology1-1-1456555656,1.0602631578947368,1.0027007429344557,2400,0,1456556237454
Running observer at: 1456556248011
production-topology2-2-1456555663,0.9436397012704553,1.010285861504491,1940,0,1456556248715
production-topology3-3-1456555670,1.0227439976065003,1.0010831538862264,2240,0,1456556248715
production-topology4-4-1456555677,1.0695338126368044,1.0016270160416856,2000,0,1456556248715
production-topology1-1-1456555656,1.0171580876228552,1.0044546344494176,2180,0,1456556248715
Running observer at: 1456556259182
production-topology2-2-1456555663,0.9771955007688912,1.0131909366683969,2320,0,1456556259681
production-topology3-3-1456555670,0.9643093814495699,0.9987985909692995,2080,0,1456556259681
production-topology4-4-1456555677,0.9955173172760301,1.0022430232525834,2140,0,1456556259681
production-topology1-1-1456555656,1.0461101416860283,1.0069019447870684,2080,0,1456556259681
Running observer at: 1456556270348
production-topology2-2-1456555663,1.0281466293387842,1.013597525535777,2380,0,1456556270847
production-topology3-3-1456555670,0.996824266365808,1.0005586767743997,2300,0,1456556270847
production-topology4-4-1456555677,0.9960213682831542,1.0017099105941154,2440,0,1456556270847
production-topology1-1-1456555656,0.9451062347477458,1.006176250452837,2400,0,1456556270847
Running observer at: 1456556281386
production-topology2-2-1456555663,0.9490502211813686,1.008601247563545,1980,0,1456556282093
production-topology3-3-1456555670,1.0144479665649182,1.0020593504958246,2280,0,1456556282093
production-topology4-4-1456555677,0.9974747474747475,1.0020621466332347,2060,0,1456556282093
production-topology1-1-1456555656,0.9910820039802639,1.0075032279943297,2080,0,1456556282093
Running observer at: 1456556292576
production-topology2-2-1456555663,1.0909538902781681,1.0121826188713845,2180,0,1456556293080
production-topology3-3-1456555670,1.0544970706403547,1.004007766480189,2020,0,1456556293080
production-topology4-4-1456555677,1.0168355255910906,1.003164255412253,2200,0,1456556293080
production-topology1-1-1456555656,0.9315973230615177,1.0041480658767494,2080,0,1456556293080
Running observer at: 1456556303719
production-topology2-2-1456555663,1.0368224565227384,1.00922770490648,2420,0,1456556304205
production-topology3-3-1456555670,0.9982881201931322,1.0019072207657735,2240,0,1456556304206
production-topology4-4-1456555677,1.0019745623126026,1.0032514648633313,2400,0,1456556304206
production-topology1-1-1456555656,1.0113334468085105,1.0035176126278356,2500,0,1456556304206
Running observer at: 1456556314813
production-topology2-2-1456555663,0.8473006679067284,1.010472310143762,1980,0,1456556315428
production-topology3-3-1456555670,1.0268887006268923,1.002925408442619,2340,0,1456556315429
production-topology4-4-1456555677,0.9892146181091623,1.0036063299543974,1780,0,1456556315429
production-topology1-1-1456555656,1.029782709426422,1.0014018030859462,2200,0,1456556315429
Running observer at: 1456556325869
production-topology2-2-1456555663,1.0781167742510267,1.0074511384048122,2300,0,1456556326397
production-topology3-3-1456555670,0.9537634310464179,1.0024479512609172,1880,0,1456556326397
production-topology4-4-1456555677,0.9516340363505722,1.001843803593054,2460,0,1456556326397
production-topology1-1-1456555656,1.0209590093566954,1.0007992639543661,2020,0,1456556326398
Running observer at: 1456556337010
production-topology2-2-1456555663,0.9348495899672539,1.0061107725847196,2400,0,1456556337562
production-topology3-3-1456555670,1.0259591223916806,1.0025171879544124,2420,0,1456556337563
production-topology4-4-1456555677,1.0497376579815345,1.0022709074878187,2340,0,1456556337563
production-topology1-1-1456555656,0.9960070814427081,1.0042735565649292,2400,0,1456556337563
Running observer at: 1456556348035
production-topology2-2-1456555663,1.0300160513643661,1.0096030092184907,1780,0,1456556348799
production-topology3-3-1456555670,1.0013036371218624,1.001044851672162,2020,0,1456556348799
production-topology4-4-1456555677,1.053127200917572,1.0031641963619384,1780,0,1456556348799
production-topology1-1-1456555656,1.0509361262113783,1.006470778367013,1780,0,1456556348799
Running observer at: 1456556359282
production-topology2-2-1456555663,1.0191962606519358,1.0069525887489064,2460,0,1456556359848
production-topology3-3-1456555670,0.9334380226346063,0.9997063894625281,2220,0,1456556359849
production-topology4-4-1456555677,0.9426367848965425,1.0035246365464645,2480,0,1456556359849
production-topology1-1-1456555656,0.8946232021411081,1.001642282697295,2520,0,1456556359849
/var/nimbus/storm/bin/storm rebalance production-topology3 -e spout_head=11
1456556360212
/var/nimbus/storm/bin/storm rebalance production-topology2 -e spout_head=9
Running observer at: 1456556370499
production-topology2-2-1456555663,0.9998918662451044,0.9998918662451044,136520,0,1456556370960
production-topology3-3-1456555670,1.0000750788184087,1.0000750788184087,134840,0,1456556370961
production-topology4-4-1456555677,1.1193010196405928,1.0073311530173599,2300,0,1456556370961
production-topology1-1-1456555656,1.0772264560666778,1.0012039003421291,2320,0,1456556370961
Running observer at: 1456556381493
production-topology2-2-1456555663,0.0,0.4999459331225522,0,0,1456556382252
production-topology3-3-1456555670,0.875,0.9375375394092044,60,0,1456556382252
production-topology4-4-1456555677,0.9424817268511247,1.0046409342631268,1840,0,1456556382252
production-topology1-1-1456555656,0.9233170731707318,0.9969093674834435,2000,0,1456556382252
/var/nimbus/storm/bin/storm rebalance production-topology1 -e spout_head=11
1456556382557
/var/nimbus/storm/bin/storm rebalance production-topology4 -e bolt_output_1=9
Running observer at: 1456556392730
production-topology2-2-1456555663,1.0,0.6666306220817014,0,0,1456556393209
production-topology3-3-1456555670,2.0,1.2916916929394695,0,0,1456556393209
production-topology4-4-1456555677,0.9998022709853852,0.9998022709853852,137900,0,1456556393209
production-topology1-1-1456555656,0.9995466286669148,0.9995466286669148,142360,0,1456556393209
Running observer at: 1456556398579
production-topology2-2-1456555663,1.0,0.7499729665612761,0,0,1456556399110
production-topology3-3-1456555670,2.0,1.4687687697046021,0,0,1456556399110
production-topology4-4-1456555677,1.838888888888889,1.419345579937137,80,0,1456556399110
production-topology1-1-1456555656,0.38769230769230767,0.6936194681796113,260,0,1456556399111
Running observer at: 1456556399820
production-topology2-2-1456555663,1.0,0.7999783732490209,0,0,1456556400473
production-topology3-3-1456555670,2.0,1.5750150157636817,0,0,1456556400473
production-topology4-4-1456555677,2.0,1.6128970532914249,0,0,1456556400474
production-topology1-1-1456555656,1.0,0.7957463121197409,0,0,1456556400474
Running observer at: 1456556403759
production-topology2-2-1456555663,1.0,0.8333153110408507,0,0,1456556404260
production-topology3-3-1456555670,0.0015580347283454302,1.3127721855911256,121660,0,1456556404261
production-topology4-4-1456555677,2.0,1.7096727899685686,0,0,1456556404261
production-topology1-1-1456555656,1.0,0.8468097340898056,0,0,1456556404261
Running observer at: 1456556414725
production-topology2-2-1456555663,0.0,0.7142702666064434,240,0,1456556415267
production-topology3-3-1456555670,0.9899997879985393,1.2666618430778989,82460,0,1456556415267
production-topology4-4-1456555677,2.0,1.767738231974855,0,0,1456556415267
production-topology1-1-1456555656,1.0,0.8774477872718446,0,0,1456556415267
Running observer at: 1456556420786
production-topology2-2-1456555663,0.9796419437340156,0.7474417262473899,460,0,1456556421417
production-topology3-3-1456555670,0.9560697494853874,1.227837831378835,1300,0,1456556421417
production-topology4-4-1456555677,2.0,1.8064485266457124,0,0,1456556421417
production-topology1-1-1456555656,1.0,0.8978731560598705,0,0,1456556421417
Running observer at: 1456556422079
production-topology2-2-1456555663,1.0450526021460276,0.7805096013472386,480,0,1456556422659
production-topology3-3-1456555670,1.1646378047240118,1.2208156061949655,500,0,1456556422659
production-topology4-4-1456555677,2.0,1.8340987371248965,0,0,1456556422659
production-topology1-1-1456555656,0.0,0.7696055623370318,128380,0,1456556422659
Running observer at: 1456556425928
production-topology2-2-1456555663,0.969650205761317,0.7994236617886463,540,0,1456556426392
production-topology3-3-1456555670,1.3602135416666665,1.2347553997421357,720,0,1456556426393
production-topology4-4-1456555677,0.0,1.6048363949842843,0,0,1456556426393
production-topology1-1-1456555656,1.1408485033836284,0.8160109299678564,99820,0,1456556426393
Running observer at: 1456556436883
production-topology2-2-1456555663,1.0252922430757483,0.8199571691783828,1920,0,1456556437401
production-topology3-3-1456555670,0.8860668440229401,1.2030564401312998,2560,0,1456556437401
production-topology4-4-1456555677,0.0,1.4265212399860305,0,0,1456556437401
production-topology1-1-1456555656,0.9947162076844631,0.8358670719363682,87680,0,1456556437402
Running observer at: 1456556447870
production-topology2-2-1456555663,1.096679385595284,0.8430173538797913,2040,0,1456556448455
production-topology3-3-1456555670,1.0151891119633056,1.1874008294506335,2200,0,1456556448455
production-topology4-4-1456555677,0.8031471658232221,1.3641838325697497,1420,0,1456556448455
production-topology1-1-1456555656,1.0450634344865113,0.8567867081913825,2200,0,1456556448455
Running observer at: 1456556458922
production-topology2-2-1456555663,0.9894415799335311,0.8542807558839252,1980,0,1456556459411
production-topology3-3-1456555670,1.007623871295103,1.1735718326694389,2560,0,1456556459412
production-topology4-4-1456555677,1.03105160237854,1.3338990843705487,2400,0,1456556459412
production-topology1-1-1456555656,1.009136479418227,0.8706366873938229,2400,0,1456556459412
Running observer at: 1456556469963
production-topology2-2-1456555663,0.8739947043341716,0.8556888950589426,1780,0,1456556470555
production-topology3-3-1456555670,1.0696071835876932,1.166145786306457,2340,0,1456556470555
production-topology4-4-1456555677,1.0450197245670272,1.309825804386922,2140,0,1456556470555
production-topology1-1-1456555656,1.0621861836068298,0.8865991454115735,2520,0,1456556470555
Running observer at: 1456556481031
production-topology2-2-1456555663,1.1796720805884642,0.8772877740942441,2220,0,1456556481596
production-topology3-3-1456555670,0.967155758612658,1.152879784460204,2320,0,1456556481596
production-topology4-4-1456555677,0.9978961671083121,1.285831216903952,2020,0,1456556481596
production-topology1-1-1456555656,0.8081309161710527,0.8805631277776873,2300,0,1456556481596
Running observer at: 1456556492155
production-topology2-2-1456555663,0.9409945939540195,0.8812694503354801,2020,0,1456556492641
production-topology3-3-1456555670,1.0258103499521187,1.1449379448034485,2640,0,1456556492641
production-topology4-4-1456555677,1.060461418076946,1.2697333741305947,2200,0,1456556492641
production-topology1-1-1456555656,1.1040008378718056,0.8965229642129814,2460,0,1456556492642
Running observer at: 1456556503113
production-topology2-2-1456555663,0.9493955900763215,0.8852768703202355,1760,0,1456556503675
production-topology3-3-1456555670,1.0131368383442065,1.1371849385411401,2220,0,1456556503675
production-topology4-4-1456555677,0.9448399971980095,1.2480738156684223,2320,0,1456556503675
production-topology1-1-1456555656,0.9358866279069766,0.8991472084592477,2500,0,1456556503676
Running observer at: 1456556514197
production-topology2-2-1456555663,0.9923013084544455,0.8912226724388028,2040,0,1456556514681
production-topology3-3-1456555670,0.9642530481580387,1.1275776112976343,2380,0,1456556514681
production-topology4-4-1456555677,1.006606620657387,1.2329821159802326,2060,0,1456556514682
production-topology1-1-1456555656,1.0928718822274848,0.9112550005697625,2300,0,1456556514682
Running observer at: 1456556525218
production-topology2-2-1456555663,1.0090547730767632,0.8974243619460638,2160,0,1456556525753
production-topology3-3-1456555670,1.029132984246698,1.1223963151370588,2680,0,1456556525753
production-topology4-4-1456555677,1.025489868045413,1.2207766896311254,2260,0,1456556525753
production-topology1-1-1456555656,1.0884550614754098,0.9216785335642124,2440,0,1456556525753
Running observer at: 1456556536204
production-topology2-2-1456555663,1.028144628137777,0.9039603752556495,1720,0,1456556536777
production-topology3-3-1456555670,0.9796305703599983,1.1152580278982058,2100,0,1456556536777
production-topology4-4-1456555677,1.0213898981255456,1.2096996456585931,2140,0,1456556536777
production-topology1-1-1456555656,0.9844537815126049,0.9251660473391231,2240,0,1456556536777
Running observer at: 1456556547333
production-topology2-2-1456555663,1.039087463516523,0.9103949985061673,2080,0,1456556547937
production-topology3-3-1456555670,0.9835924993627639,1.1089882408250895,2580,0,1456556547937
production-topology4-4-1456555677,0.9749941785081104,1.1973467263348836,2280,0,1456556547937
production-topology1-1-1456555656,0.9354656368341507,0.9257081309967562,2440,0,1456556547938
Running observer at: 1456556558395
production-topology2-2-1456555663,1.0391508822037983,0.9162475386742415,1900,0,1456556558875
production-topology3-3-1456555670,0.9618815603741512,1.102301573531865,2500,0,1456556558875
production-topology4-4-1456555677,1.0332092097561811,1.1891398505059485,2220,0,1456556558876
production-topology1-1-1456555656,1.055966625461098,0.9322210557199734,2520,0,1456556558876
Running observer at: 1456556569327
production-topology2-2-1456555663,0.8952406134320464,0.9153341940984939,2000,0,1456556569957
production-topology3-3-1456555670,1.083427027580943,1.1014809410992163,2220,0,1456556569957
production-topology4-4-1456555677,0.9336050928371453,1.1769715287121958,2220,0,1456556569958
production-topology1-1-1456555656,0.9664094573014393,0.9338490748429003,2380,0,1456556569958
Running observer at: 1456556580459
production-topology2-2-1456555663,1.0514633159503686,0.921006240842322,2040,0,1456556581085
production-topology3-3-1456555670,0.980889409992024,1.09645629396975,2540,0,1456556581085
production-topology4-4-1456555677,1.1084029715612533,1.1738547761144258,2020,0,1456556581085
production-topology1-1-1456555656,0.9693401204426352,0.9354623041883428,2340,0,1456556581086
Running observer at: 1456556591639
production-topology2-2-1456555663,1.0163470723524939,0.9248198741027289,1920,0,1456556592146
production-topology3-3-1456555670,1.0473924672436101,1.0944937409007043,2520,0,1456556592146
production-topology4-4-1456555677,0.9537463796412838,1.1642848458329849,2460,0,1456556592146
production-topology1-1-1456555656,1.140089159674083,0.9443591239920706,2640,0,1456556592146
Running observer at: 1456556602654
production-topology2-2-1456555663,0.9911706154568724,0.9273718256932729,1940,0,1456556603253
production-topology3-3-1456555670,1.0409262556439978,1.0924334530062156,2200,0,1456556603253
production-topology4-4-1456555677,0.9303078821523012,1.154535805679623,2060,0,1456556603253
production-topology1-1-1456555656,0.9116023460544038,0.9429942582446679,2300,0,1456556603254
Running observer at: 1456556613830
production-topology2-2-1456555663,1.1408788821472644,0.9352794944508281,2080,0,1456556614401
production-topology3-3-1456555670,0.9232311691449643,1.0861667017520953,2560,0,1456556614401
production-topology4-4-1456555677,1.1293009278159991,1.1535264105650782,2040,0,1456556614401
production-topology1-1-1456555656,1.145811494271169,0.9511069476857279,2320,0,1456556614401
Running observer at: 1456556624959
production-topology2-2-1456555663,0.9202892015392015,0.9347441268468415,1920,0,1456556625516
production-topology3-3-1456555670,1.007935531375915,1.0833727313815174,2480,0,1456556625516
production-topology4-4-1456555677,0.946972879206108,1.1455820439743485,2460,0,1456556625516
production-topology1-1-1456555656,0.8697720396185921,0.947978681990838,2680,0,1456556625517
Running observer at: 1456556636061
production-topology2-2-1456555663,0.8976917148848595,0.9334664574688422,2000,0,1456556636627
production-topology3-3-1456555670,1.0446370685313715,1.0820370188694435,2300,0,1456556636627
production-topology4-4-1456555677,0.9920681955313393,1.1398963458838667,2160,0,1456556636627
production-topology1-1-1456555656,1.0983062210323478,0.953546368622005,2240,0,1456556636627
Running observer at: 1456556647156
production-topology2-2-1456555663,1.0759419255011293,0.9382156397365851,2040,0,1456556647658
production-topology3-3-1456555670,0.9539920719113146,1.077768853970839,2540,0,1456556647658
production-topology4-4-1456555677,0.9250746334812571,1.1322241418694878,2140,0,1456556647659
production-topology1-1-1456555656,1.0305684995340167,0.9562971590117197,2380,0,1456556647659
Running observer at: 1456556658293
production-topology2-2-1456555663,0.9646530020957639,0.9370410109316072,1720,0,1456556658812
production-topology3-3-1456555670,0.9950281296296946,1.0776006223312153,2520,0,1456556658813
production-topology4-4-1456555677,1.1025183696507437,1.1311998048964276,2360,0,1456556658813
production-topology1-1-1456555656,0.8839915398876257,0.9538038618005441,2500,0,1456556658813
Running observer at: 1456556669343
production-topology2-2-1456555663,0.9973104013559134,0.9702846909768044,2260,0,1456556669934
production-topology3-3-1456555670,1.0067523459812322,1.0819923671972564,2240,0,1456556669934
production-topology4-4-1456555677,0.9401119206908564,1.1248302087562416,2060,0,1456556669934
production-topology1-1-1456555656,0.9343692166880121,0.953156040296793,2420,0,1456556669934
Running observer at: 1456556680368
production-topology2-2-1456555663,1.0080446869770059,0.9705528472093712,2020,0,1456556680881
production-topology3-3-1456555670,0.9522879359671912,1.0470686317294964,2560,0,1456556680881
production-topology4-4-1456555677,1.0791479106642852,1.127475063412205,2160,0,1456556680881
production-topology1-1-1456555656,1.171265298183017,0.9588799959473296,2340,0,1456556680881
Running observer at: 1456556691329
production-topology2-2-1456555663,1.1015356902320907,0.9739373702171076,1660,0,1456556691928
production-topology3-3-1456555670,1.0904199247598858,1.0167492958881592,2340,0,1456556691928
production-topology4-4-1456555677,1.0443354265565843,1.1009899480011285,2400,0,1456556691928
production-topology1-1-1456555656,1.0048780487804878,0.9794528539836023,2520,0,1456556691928
Running observer at: 1456556702394
production-topology2-2-1456555663,0.8848304878126675,0.9700983864775298,2260,0,1456556702959
production-topology3-3-1456555670,0.9945638776641232,0.9832347584769633,2220,0,1456556702960
production-topology4-4-1456555677,0.8750312384082859,1.0634909892814046,1880,0,1456556702960
production-topology1-1-1456555656,0.9528709430032858,0.977881885417045,2360,0,1456556702960
Running observer at: 1456556713560
production-topology2-2-1456555663,0.9752464384028923,0.9692732677576262,2020,0,1456556714065
production-topology3-3-1456555670,0.9914731824192524,1.0162319300666602,2720,0,1456556714065
production-topology4-4-1456555677,1.0665281940283495,1.032375262415683,2300,0,1456556714065
production-topology1-1-1456555656,0.9693845388112036,0.9768613700440852,2480,0,1456556714065
Running observer at: 1456556724582
production-topology2-2-1456555663,0.9813739619224314,1.0019857331550406,1680,0,1456556725040
production-topology3-3-1456555670,1.0567793560973122,1.0184579156699527,2280,0,1456556725040
production-topology4-4-1456555677,0.9813305084745763,0.998419612698169,2380,0,1456556725040
production-topology1-1-1456555656,0.9708737864077669,0.9758904962576777,2420,0,1456556725040
Running observer at: 1456556735525
production-topology2-2-1456555663,1.1660405780178074,1.0081990209645002,2200,0,1456556736056
production-topology3-3-1456555670,0.9518789988478416,1.0183182239820345,2260,0,1456556736056
production-topology4-4-1456555677,1.007383068100078,0.9653323816348383,1940,0,1456556736056
production-topology1-1-1456555656,0.9665870546119496,0.9747767314114093,2380,0,1456556736056
Running observer at: 1456556746647
production-topology2-2-1456555663,0.9174900492052597,1.0039469358664743,2060,0,1456556747149
production-topology3-3-1456555670,1.0055423953520752,1.0130150436696366,2680,0,1456556747149
production-topology4-4-1456555677,1.0263408224541983,0.9328770757166447,2300,0,1456556747149
production-topology1-1-1456555656,1.1886616063633721,1.014398784956855,2400,0,1456556747149
Running observer at: 1456556757702
production-topology2-2-1456555663,1.0625315566370583,1.007042980895666,1780,0,1456556758251
production-topology3-3-1456555670,1.0034209987213993,1.0011219589047944,2100,0,1456556758251
production-topology4-4-1456555677,0.980798121987617,0.9655703464495653,2200,0,1456556758251
production-topology1-1-1456555656,0.9410481280166544,1.0077387724446225,2660,0,1456556758251
Running observer at: 1456556768860
production-topology2-2-1456555663,1.0999686906308483,1.0095321958141692,2060,0,1456556769367
production-topology3-3-1456555670,0.9805863375201115,1.0042726086880331,2520,0,1456556769367
production-topology4-4-1456555677,1.0364309230288609,1.0001180438838606,2080,0,1456556769367
production-topology1-1-1456555656,0.9936447619147594,1.0077030575856323,2220,0,1456556769367
Running observer at: 1456556779961
production-topology2-2-1456555663,0.9425566130995284,1.0043947700643108,2060,0,1456556780448
production-topology3-3-1456555670,1.0155139674261124,1.0042834372034604,2700,0,1456556780448
production-topology4-4-1456555677,1.0118886410923746,1.007076093059499,2240,0,1456556780449
production-topology1-1-1456555656,1.0528424925772786,1.007962359521991,2460,0,1456556780449
Running observer at: 1456556790962
production-topology2-2-1456555663,0.9808108721379956,1.0041070798044593,1840,0,1456556791531
production-topology3-3-1456555670,0.951849063760372,1.0024242769523024,2160,0,1456556791531
production-topology4-4-1456555677,0.9340895988175901,1.0038440262741342,2360,0,1456556791531
production-topology1-1-1456555656,0.9470086089159145,1.0058914305052475,2260,0,1456556791531
Running observer at: 1456556802167
production-topology2-2-1456555663,0.8644195230300064,1.0037879070943203,2000,0,1456556802641
production-topology3-3-1456555670,1.0069803921568627,1.0003367172379416,2500,0,1456556802641
production-topology4-4-1456555677,1.0201786292133348,1.0030159897623443,2080,0,1456556802641
production-topology1-1-1456555656,1.0046212577858147,1.0039725996445472,2480,0,1456556802641
Running observer at: 1456556813371
production-topology2-2-1456555663,1.0147490033715145,0.9982904711870888,2140,0,1456556813850
production-topology3-3-1456555670,0.9984601992695848,1.0013801985931723,2580,0,1456556813851
production-topology4-4-1456555677,1.0408760481342827,1.0044486524632101,2240,0,1456556813851
production-topology1-1-1456555656,1.0340885165551474,1.01150451965735,2480,0,1456556813851
Running observer at: 1456556824353
production-topology2-2-1456555663,1.10960038240589,1.0039106641354845,1820,0,1456556824897
production-topology3-3-1456555670,0.952729315484369,0.9989441641109141,2120,0,1456556824897
production-topology4-4-1456555677,1.0307339761336962,1.0034577377317684,2360,0,1456556824897
production-topology1-1-1456555656,0.9223065633322043,1.0054480438393634,2600,0,1456556824898
Running observer at: 1456556835530
production-topology2-2-1456555663,0.9156001363946353,1.0027841490127616,2000,0,1456556836071
production-topology3-3-1456555670,1.0097218309757612,0.9988303305319658,2660,0,1456556836071
production-topology4-4-1456555677,0.9194873079863987,1.0026126480913813,2040,0,1456556836071
production-topology1-1-1456555656,1.078037496956416,1.0101864061410115,2220,0,1456556836071
Running observer at: 1456556846706
production-topology2-2-1456555663,0.9549173178333848,1.0015380159920595,2260,0,1456556847178
production-topology3-3-1456555670,1.110060793167229,1.0036905886989387,2560,0,1456556847178
production-topology4-4-1456555677,1.0506103850943052,1.0040794402392785,2140,0,1456556847179
production-topology1-1-1456555656,1.1261328646664823,1.0112951055556445,2500,0,1456556847179
Running observer at: 1456556857716
production-topology2-2-1456555663,1.2287103459269888,1.0088598684204004,1640,0,1456556858230
production-topology3-3-1456555670,0.8840621408999074,0.9988548939207124,2160,0,1456556858231
production-topology4-4-1456555677,1.0135397039783507,1.0036811014370433,2400,0,1456556858231
production-topology1-1-1456555656,0.9105300625850821,1.0053642722593004,2580,0,1456556858231
Running observer at: 1456556868851
production-topology2-2-1456555663,0.9184610342604371,1.005203748624489,2040,0,1456556869401
production-topology3-3-1456555670,1.030406209165281,1.000547415214222,2500,0,1456556869401
production-topology4-4-1456555677,0.988141940868954,1.0025728361951567,2040,0,1456556869401
production-topology1-1-1456555656,0.9176032084771446,1.003135919824785,2220,0,1456556869401
Running observer at: 1456556879955
production-topology2-2-1456555663,1.0268943198303762,1.0047973105016177,2160,0,1456556880443
production-topology3-3-1456555670,1.008086365093941,1.0013638774052611,2640,0,1456556880443
production-topology4-4-1456555677,0.9563973861184389,1.001952943115501,2320,0,1456556880443
production-topology1-1-1456555656,1.0011362572154652,1.005324940504162,2480,0,1456556880443
Running observer at: 1456556890921
production-topology2-2-1456555663,0.9282144556472138,1.0010994296163982,1760,0,1456556891628
production-topology3-3-1456555670,0.9872633627939811,1.002209937485922,1980,0,1456556891628
production-topology4-4-1456555677,1.0638895096253966,1.002975619777808,2120,0,1456556891629
production-topology1-1-1456555656,0.9485534390670703,1.0017445009576944,2280,0,1456556891629
Running observer at: 1456556902218
production-topology2-2-1456555663,1.0553326141675659,1.0064358296409155,2000,0,1456556902835
production-topology3-3-1456555670,1.0187082118153248,1.000052643627068,2680,0,1456556902835
production-topology4-4-1456555677,0.9966431696645601,1.0050768890053885,2200,0,1456556902835
production-topology1-1-1456555656,1.1685978578383642,1.0084841143089252,2560,0,1456556902835
Running observer at: 1456556913397
production-topology2-2-1456555663,0.9691388061116978,1.0036916793129598,2200,0,1456556913887
production-topology3-3-1456555670,1.0150143235002187,1.001190140744008,2660,0,1456556913887
production-topology4-4-1456555677,0.9944998755522941,1.0012801191384229,2240,0,1456556913887
production-topology1-1-1456555656,0.9367500021075078,1.0073977770310876,2480,0,1456556913887
Running observer at: 1456556924489
production-topology2-2-1456555663,1.100375397272398,1.0064926234769564,1760,0,1456556925058
production-topology3-3-1456555670,1.0031924971191661,0.9997168084065263,2140,0,1456556925058
production-topology4-4-1456555677,0.9951369541915582,1.0026598049567654,2300,0,1456556925058
production-topology1-1-1456555656,1.0398447924205672,1.004056298122637,2480,0,1456556925058
Running observer at: 1456556935625
production-topology2-2-1456555663,0.9447804392801775,1.0049462842710666,2060,0,1456556936153
production-topology3-3-1456555670,1.012474135338076,0.9987684043963292,2440,0,1456556936153
production-topology4-4-1456555677,1.0016390538179625,1.0050375106789542,2020,0,1456556936153
production-topology1-1-1456555656,0.8705497132417676,1.0026878770288825,2300,0,1456556936153
Running observer at: 1456556946719
production-topology2-2-1456555663,1.0543200305012768,1.0020609892162002,2180,0,1456556947221
production-topology3-3-1456555670,0.9967650928875585,1.0012195351877486,2680,0,1456556947221
production-topology4-4-1456555677,0.9562025631454523,0.9992675651899361,2400,0,1456556947221
production-topology1-1-1456555656,1.0727787064420728,1.0002534507679128,2560,0,1456556947221
Running observer at: 1456556957699
production-topology2-2-1456555663,0.9459035434435891,1.0029148006130133,1760,0,1456556958347
production-topology3-3-1456555670,1.0001327372206794,1.000959442049241,2000,0,1456556958347
production-topology4-4-1456555677,1.0640559624403094,1.0031703346310763,2180,0,1456556958347
production-topology1-1-1456555656,0.9147597707759114,1.0017530418064902,2240,0,1456556958347
Running observer at: 1456556968823
production-topology2-2-1456555663,0.8776797550412718,1.0022477352848937,2020,0,1456556969355
production-topology3-3-1456555670,0.996939100619007,0.9993695097854953,2640,0,1456556969355
production-topology4-4-1456555677,1.0413134153209187,1.0048118419573955,1880,0,1456556969355
production-topology1-1-1456555656,1.1006774226970946,1.0018320818619817,2500,0,1456556969355
Running observer at: 1456556979914
production-topology2-2-1456555663,1.1150697086932457,1.0035519947246307,2020,0,1456556980464
production-topology3-3-1456555670,1.0014662021233027,1.0009519807925618,2540,0,1456556980464
production-topology4-4-1456555677,0.9449032258064516,1.005472795034902,2480,0,1456556980464
production-topology1-1-1456555656,0.9104634655151163,0.9978285807280185,2360,0,1456556980464
Running observer at: 1456556990906
production-topology2-2-1456555663,0.9644712479334672,1.0035459362525545,1980,0,1456556991596
production-topology3-3-1456555670,1.0466452904708496,1.0026725528206002,2040,0,1456556991597
production-topology4-4-1456555677,1.0021472988040978,1.0021270926733472,2140,0,1456556991597
production-topology1-1-1456555656,1.0964684593043212,1.004911144708575,2340,0,1456556991597
Running observer at: 1456557002117
production-topology2-2-1456555663,1.1149218187796224,1.0074663168333446,1900,0,1456557002654
production-topology3-3-1456555670,0.9843435144284618,1.0019255917688412,2680,0,1456557002655
production-topology4-4-1456555677,1.0362977873252326,1.0053332882278263,2100,0,1456557002655
production-topology1-1-1456555656,1.0545005676461574,1.0089155230738467,2620,0,1456557002655
Running observer at: 1456557013218
production-topology2-2-1456555663,0.9476381050944633,1.0054527641039266,2120,0,1456557013739
production-topology3-3-1456555670,0.9679036545611928,1.0024461157219746,2640,0,1456557013739
production-topology4-4-1456555677,0.9749945622510077,1.001861509947384,2380,0,1456557013740
production-topology1-1-1456555656,0.9636132294338824,1.0019937874488756,2280,0,1456557013740
Running observer at: 1456557024236
production-topology2-2-1456555663,0.9592866346844624,1.0007111289190056,1820,0,1456557024875
production-topology3-3-1456555670,1.063953726955728,1.0015639091285027,2040,0,1456557024875
production-topology4-4-1456555677,1.037901137156112,1.001647033634035,2020,0,1456557024875
production-topology1-1-1456555656,1.000701895946832,1.0018545823544205,2460,0,1456557024875
Running observer at: 1456557035343
production-topology2-2-1456555663,1.00661887926199,1.0047707419673164,2060,0,1456557035855
production-topology3-3-1456555670,1.025828343591854,1.0026060579927603,2620,0,1456557035855
production-topology4-4-1456555677,1.009933728731992,1.0061437833114917,2180,0,1456557035855
production-topology1-1-1456555656,1.0167596023775363,1.003984204333562,2240,0,1456557035855
Running observer at: 1456557046378
production-topology2-2-1456555663,1.064435483135085,1.007743710125056,1940,0,1456557046939
production-topology3-3-1456555670,1.009761698697665,1.003215675202041,2280,0,1456557046939
production-topology4-4-1456555677,1.0470116278982935,1.0054932311071567,2380,0,1456557046939
production-topology1-1-1456555656,0.934967682026689,1.0028369757740783,2540,0,1456557046939
Running observer at: 1456557057416
production-topology2-2-1456555663,0.979422668242731,1.0076786670023994,1980,0,1456557057984
production-topology3-3-1456555670,0.9047311347405316,0.9981474011568149,2420,0,1456557057984
production-topology4-4-1456555677,0.8454523256506719,1.0009639583463599,2020,0,1456557057984
production-topology1-1-1456555656,1.1177084060454274,1.0077314630953338,2480,0,1456557057985
Running observer at: 1456557068555
production-topology2-2-1456555663,0.9183928903211348,0.999423744079177,2060,0,1456557069093
production-topology3-3-1456555670,1.0518611977511962,1.00148014112026,2580,0,1456557069093
production-topology4-4-1456555677,1.0876962311067515,1.0036410637799156,2240,0,1456557069093
production-topology1-1-1456555656,0.9816921137755368,1.0082349650674531,2280,0,1456557069093
Running observer at: 1456557079753
production-topology2-2-1456555663,1.1439900099245082,1.0069737427698187,1880,0,1456557080335
production-topology3-3-1456555670,0.9919224583115124,1.001026143218908,2340,0,1456557080335
production-topology4-4-1456555677,1.0137921335200537,1.0032227741487774,2460,0,1456557080335
production-topology1-1-1456555656,0.8766488671874999,0.9978345404282576,2560,0,1456557080336
Running observer at: 1456557090811
production-topology2-2-1456555663,0.943282301726266,1.0029987676061254,1980,0,1456557091435
production-topology3-3-1456555670,1.0151464830925032,1.0014169926979448,2340,0,1456557091435
production-topology4-4-1456555677,0.9733309369412663,1.0029738679805655,1920,0,1456557091435
production-topology1-1-1456555656,1.0108990131426028,1.0001629032657893,2420,0,1456557091435
Running observer at: 1456557102014
production-topology2-2-1456555663,0.9431855539154969,0.9977726630489472,2080,0,1456557102513
production-topology3-3-1456555670,0.9556437009414034,1.0005855714786547,2640,0,1456557102514
production-topology4-4-1456555677,0.9842589372202016,1.0012348017869437,2280,0,1456557102514
production-topology1-1-1456555656,1.0517666103603605,1.0021002982139757,2400,0,1456557102514
Running observer at: 1456557113125
production-topology2-2-1456555663,0.9927579892492177,0.9994460422539367,1900,0,1456557113720
production-topology3-3-1456555670,1.0647877741913077,1.0022280317041614,2300,0,1456557113720
production-topology4-4-1456555677,0.9707495258999557,0.9998634979471962,2320,0,1456557113721
production-topology1-1-1456555656,1.0112204515689664,1.000712896847032,2500,0,1456557113721
Running observer at: 1456557124215
production-topology2-2-1456555663,1.097884151943259,1.0033484849141123,1940,0,1456557124787
production-topology3-3-1456555670,0.9883719760093387,1.0034454621124602,2340,0,1456557124787
production-topology4-4-1456555677,1.0450881603743314,1.0035634499990875,2000,0,1456557124788
production-topology1-1-1456555656,0.9650735294117649,1.0013150608635604,2380,0,1456557124788
Running observer at: 1456557135402
production-topology2-2-1456555663,0.9859246736517399,1.0073986566015034,2120,0,1456557135886
production-topology3-3-1456555670,1.053205128205128,1.0049862866474024,2560,0,1456557135886
production-topology4-4-1456555677,1.0370351586985014,1.0041253343152596,2300,0,1456557135886
production-topology1-1-1456555656,0.9099616374859235,0.9981597401868971,2560,0,1456557135886
Running observer at: 1456557146499
production-topology2-2-1456555663,1.1360971836356446,1.0114435959436412,1880,0,1456557147080
production-topology3-3-1456555670,0.9819204436531553,1.0044349614601882,2340,0,1456557147081
production-topology4-4-1456555677,0.9349345257106356,1.0005939502344716,2420,0,1456557147081
production-topology1-1-1456555656,1.1759162562192165,1.0028873315090328,2300,0,1456557147081
Running observer at: 1456557157522
production-topology2-2-1456555663,0.9410677537981712,1.0058258416567172,1980,0,1456557158186
production-topology3-3-1456555670,1.0255026288858873,1.0068607385735722,2260,0,1456557158186
production-topology4-4-1456555677,1.0967826504697835,1.0027955727123412,1840,0,1456557158186
production-topology1-1-1456555656,0.9692098735968594,1.0044507751845213,2460,0,1456557158186
Running observer at: 1456557168773
production-topology2-2-1456555663,0.9803776491021365,1.0079850920803008,2040,0,1456557169254
production-topology3-3-1456555670,0.99770744735141,1.0064602591194267,2720,0,1456557169255
production-topology4-4-1456555677,0.9514035580921119,1.0038594477158649,2300,0,1456557169255
production-topology1-1-1456555656,0.9475493358635803,1.00010116981476,2520,0,1456557169255
Running observer at: 1456557179890
production-topology2-2-1456555663,1.1076743426311437,1.0130769929068926,1960,0,1456557180457
production-topology3-3-1456555670,1.0265796336683493,1.0036775538027976,2320,0,1456557180457
production-topology4-4-1456555677,0.9407616803096588,1.0001978242230434,2420,0,1456557180457
production-topology1-1-1456555656,1.0137701533488175,0.9963557461041713,2340,0,1456557180458
Running observer at: 1456557190900
production-topology2-2-1456555663,1.1011256036532875,1.0088241681644359,1980,0,1456557191505
production-topology3-3-1456555670,0.9506024364727652,1.005895563655226,2320,0,1456557191505
production-topology4-4-1456555677,1.0561599055557764,1.0016184976089575,1960,0,1456557191505
production-topology1-1-1456555656,1.0291315829853906,1.0003091301175149,2380,0,1456557191505
Running observer at: 1456557201965
production-topology2-2-1456555663,0.8435984140806174,1.0063287474917753,2080,0,1456557202445
production-topology3-3-1456555670,0.984439502791049,1.0043633401094183,2660,0,1456557202445
production-topology4-4-1456555677,1.0258845399294838,1.0028765842443084,2340,0,1456557202445
production-topology1-1-1456555656,0.9850199875663606,1.0025563560871555,2340,0,1456557202445
Running observer at: 1456557212903
production-topology2-2-1456555663,1.0220179412813868,1.0061662015401422,1740,0,1456557213518
production-topology3-3-1456555670,1.0398779341061162,1.0054230590764908,1960,0,1456557213518
production-topology4-4-1456555677,0.9543170201478781,1.0028072387119566,2220,0,1456557213518
production-topology1-1-1456555656,0.989553307218474,1.0021702577539227,2560,0,1456557213519
Running observer at: 1456557224082
production-topology2-2-1456555663,0.9156842661953821,1.0057485285584147,2040,0,1456557224723
production-topology3-3-1456555670,1.013555336880044,1.0062994582126927,2660,0,1456557224723
production-topology4-4-1456555677,1.076288833479345,1.0032205495070883,1900,0,1456557224723
production-topology1-1-1456555656,0.9779319002935156,1.003149539794804,2300,0,1456557224723
Running observer at: 1456557235175
production-topology2-2-1456555663,0.9524274965822487,1.0023183579722375,2240,0,1456557235670
production-topology3-3-1456555670,0.9861507311954882,1.0052142088586982,2660,0,1456557235670
production-topology4-4-1456555677,0.9473460694528636,1.001577312833365,2460,0,1456557235670
production-topology1-1-1456555656,0.9805856661630631,0.9968824667389607,2440,0,1456557235670
Running observer at: 1456557246118
production-topology2-2-1456555663,1.2242389164581937,1.0108216949837874,1660,0,1456557246797
production-topology3-3-1456555670,0.9827748591933184,1.0041395600484682,2000,0,1456557246797
production-topology4-4-1456555677,0.9969037903906621,1.0016574433279772,2220,0,1456557246797
production-topology1-1-1456555656,1.0539596129203306,1.0007894537660547,2520,0,1456557246797
Running observer at: 1456557257370
production-topology2-2-1456555663,1.0183742183742182,1.008088322353848,2060,0,1456557257983
production-topology3-3-1456555670,1.0403588739806624,1.0053784392771847,2600,0,1456557257983
production-topology4-4-1456555677,1.0724028092817854,1.0042329718309848,1960,0,1456557257983
production-topology1-1-1456555656,0.9204333583654867,0.9968090726308854,2260,0,1456557257983
Running observer at: 1456557268449
production-topology2-2-1456555663,1.1024431526087468,1.013343746131467,2180,0,1456557268970
production-topology3-3-1456555670,0.9799917517324924,1.0042956931569984,2700,0,1456557268970
production-topology4-4-1456555677,0.9531888368507921,1.0026179645987459,2440,0,1456557268970
production-topology1-1-1456555656,1.0658356773035866,1.0033186047662792,2500,0,1456557268970
Running observer at: 1456557279426
production-topology2-2-1456555663,0.8825383094414236,1.007617688762805,1760,0,1456557279925
production-topology3-3-1456555670,1.0140552636031839,1.0048720321808526,1960,0,1456557279925
production-topology4-4-1456555677,0.9821379450779127,1.0034824773298279,2320,0,1456557279925
production-topology1-1-1456555656,0.9306026656448797,0.9985794034063729,2560,0,1456557279925
Running observer at: 1456557290608
production-topology2-2-1456555663,1.0597507208347956,1.0114125946758452,2060,0,1456557291189
production-topology3-3-1456555670,1.0038717466667983,1.0049966658290566,2640,0,1456557291189
production-topology4-4-1456555677,1.0382968391201277,1.002623839885822,1840,0,1456557291189
production-topology1-1-1456555656,1.1251262977197776,1.0055916209711684,2260,0,1456557291189
Running observer at: 1456557301724
production-topology2-2-1456555663,0.8792597577814422,1.0114652614338508,2200,0,1456557302212
production-topology3-3-1456555670,1.030124619186274,1.0061028497812987,2620,0,1456557302212
production-topology4-4-1456555677,1.0752809757174189,1.0037560918990385,2340,0,1456557302212
production-topology1-1-1456555656,0.963504059834882,1.0010191755424278,2400,0,1456557302213
Running observer at: 1456557312685
production-topology2-2-1456555663,1.0934304825609176,1.0107439538961065,1760,0,1456557313165
production-topology3-3-1456555670,0.9571727263183679,1.004626400587801,2040,0,1456557313165
production-topology4-4-1456555677,0.9463481177938591,1.0038042549652857,2360,0,1456557313165
production-topology1-1-1456555656,1.0165134720544993,1.0045541757604073,2560,0,1456557313165
Running observer at: 1456557323781
production-topology2-2-1456555663,0.9705122656574132,1.0109453211535713,2040,0,1456557324257
production-topology3-3-1456555670,1.022345673958014,1.0038164133707066,2660,0,1456557324257
production-topology4-4-1456555677,1.0014923484311238,1.0037824232861865,1980,0,1456557324257
production-topology1-1-1456555656,1.1660490591121526,1.0068735290873352,2200,0,1456557324257
Running observer at: 1456557334980
production-topology2-2-1456555663,1.0444496399513699,1.008596248525963,2220,0,1456557335497
production-topology3-3-1456555670,0.9578290169545327,1.002932596788242,2520,0,1456557335497
production-topology4-4-1456555677,1.0588146224663146,1.004532984457556,2280,0,1456557335497
production-topology1-1-1456555656,0.8645399723150841,1.000541509242966,2520,0,1456557335497
Running observer at: 1456557346060
production-topology2-2-1456555663,1.0241233300415513,1.0111457560241992,1680,0,1456557346539
production-topology3-3-1456555670,1.0843243013761696,1.0068132850154081,2060,0,1456557346539
production-topology4-4-1456555677,0.9647517236423648,1.0041915565039345,2380,0,1456557346540
production-topology1-1-1456555656,1.085704616227524,1.0046112221360872,2580,0,1456557346540
Running observer at: 1456557357023
production-topology2-2-1456555663,0.989668368479778,1.012158480484043,2080,0,1456557357513
production-topology3-3-1456555670,0.9685161708768195,1.0036320331461113,2740,0,1456557357513
production-topology4-4-1456555677,0.9616328260569476,1.0016492794672958,2000,0,1456557357513
production-topology1-1-1456555656,0.8338736122829273,0.9990502793472905,2320,0,1456557357513
Running observer at: 1456557368091
production-topology2-2-1456555663,1.0037695698434415,1.0120635035034247,1700,0,1456557368753
production-topology3-3-1456555670,0.9320717661611855,1.0005068138984223,2020,0,1456557368753
production-topology4-4-1456555677,1.0470274010704346,1.0028857352119105,2260,0,1456557368753
production-topology1-1-1456555656,1.2711418943087416,1.0075296890783305,2320,0,1456557368753
Running observer at: 1456557379337
production-topology2-2-1456555663,0.8637617122797299,1.0053743778082462,2100,0,1456557379837
production-topology3-3-1456555670,1.0728026085756348,1.0026081775610214,2560,0,1456557379838
production-topology4-4-1456555677,0.997239239157251,1.0012266555872091,2060,0,1456557379838
production-topology1-1-1456555656,0.8939263942199142,1.006161646151438,2580,0,1456557379838
Running observer at: 1456557390312
production-topology2-2-1456555663,1.2949369840513392,1.0158915216685331,2100,0,1456557390802
production-topology3-3-1456555670,0.9457424738967029,1.0039752221995604,2720,0,1456557390802
production-topology4-4-1456555677,0.995083051493308,1.0062143464486302,2340,0,1456557390802
production-topology1-1-1456555656,1.0120373661966267,1.0026392781564781,2320,0,1456557390803
Running observer at: 1456557401215
production-topology2-2-1456555663,0.8721755005076948,1.0143509420080852,1820,0,1456557401898
production-topology3-3-1456555670,1.0366431970164607,1.0034679555084027,1920,0,1456557401898
production-topology4-4-1456555677,0.9555794238260116,1.0018104528726057,2260,0,1456557401898
production-topology1-1-1456555656,1.0464093135754244,1.0047965181498077,2400,0,1456557401898
Running observer at: 1456557412392
production-topology2-2-1456555663,0.9654217646842669,1.0083986671667438,2060,0,1456557413014
production-topology3-3-1456555670,0.9704863543996998,1.0027534187113423,2760,0,1456557413014
production-topology4-4-1456555677,1.0437024237612664,1.002807462547313,1960,0,1456557413014
production-topology1-1-1456555656,0.8603405385822969,1.004252907196301,2240,0,1456557413015
Running observer at: 1456557423461
production-topology2-2-1456555663,0.9999785292538914,1.0102885414176646,2240,0,1456557423943
production-topology3-3-1456555670,0.982014140864685,1.0016490073037483,2620,0,1456557423943
production-topology4-4-1456555677,1.0059968321028687,1.0038963257193663,2320,0,1456557423943
production-topology1-1-1456555656,1.0882670997258455,1.0068318434157424,2700,0,1456557423943
Running observer at: 1456557434387
production-topology2-2-1456555663,0.9315227009733851,1.0098997796529277,1660,0,1456557434999
production-topology3-3-1456555670,1.1003492030480007,1.006472524040635,1960,0,1456557434999
production-topology4-4-1456555677,1.002901606701161,1.0045177480353982,2300,0,1456557434999
production-topology1-1-1456555656,1.0371068347649735,1.0063431842292294,2300,0,1456557434999
Running observer at: 1456557445615
production-topology2-2-1456555663,1.1289116288354675,1.0144382343058025,2080,0,1456557446297
production-topology3-3-1456555670,0.9973903946245501,1.004225944721743,2600,0,1456557446297
production-topology4-4-1456555677,1.045756922278715,1.0070179945813567,1940,0,1456557446297
production-topology1-1-1456555656,0.9402324162906511,1.003976916386619,2320,0,1456557446297
Running observer at: 1456557456756
production-topology2-2-1456555663,0.9363609158287509,1.009054126435319,2180,0,1456557457251
production-topology3-3-1456555670,0.982176633539078,1.0040194333060675,2740,0,1456557457251
production-topology4-4-1456555677,1.0296572067298202,1.006503629459873,2440,0,1456557457252
production-topology1-1-1456555656,0.9438094962530019,1.0032681152813268,2660,0,1456557457252
Running observer at: 1456557467707
production-topology2-2-1456555663,1.1003072618308256,1.0128668793746218,1720,0,1456557468191
production-topology3-3-1456555670,1.0146075433842014,1.00273284714537,1940,0,1456557468191
production-topology4-4-1456555677,0.9702513263369863,1.0042775017144892,2240,0,1456557468191
production-topology1-1-1456555656,1.0839125244093173,1.0090664781787735,2340,0,1456557468191
Running observer at: 1456557478772
production-topology2-2-1456555663,1.042669281632283,1.0097526159745098,2120,0,1456557479220
production-topology3-3-1456555670,1.0303553611175071,1.004347344394182,2680,0,1456557479220
production-topology4-4-1456555677,0.9541225801336095,1.0049171035285882,2040,0,1456557479220
production-topology1-1-1456555656,0.9248783958018832,1.0006985494981957,2320,0,1456557479220
Running observer at: 1456557489880
production-topology2-2-1456555663,0.9072260632813594,1.0086245596239494,2140,0,1456557490297
production-topology3-3-1456555670,0.975798709665888,1.0026905470868483,2260,0,1456557490297
production-topology4-4-1456555677,1.046776702094439,1.0032502385827435,2260,0,1456557490297
production-topology1-1-1456555656,1.0515807472148813,1.0034442452854628,2160,0,1456557490297
Running observer at: 1456557500695
production-topology2-2-1456555663,1.1024388805929055,1.0126932673403084,960,0,1456557501174
production-topology3-3-1456555670,0.9626652534038327,1.0015224739552624,2360,0,1456557501174
production-topology4-4-1456555677,0.9631973306901647,1.0036433643360116,1940,0,1456557501174
production-topology1-1-1456555656,2.25,1.0468592674233437,20,0,1456557501174
