Running observer at: 1456558166914
production-topology1-1-1456558166,0.0,0.0,0,0,1456558167209
Running observer at: 1456558167591
production-topology1-1-1456558166,0.0,0.0,0,0,1456558167870
Running observer at: 1456558173383
production-topology2-2-1456558173,0.0,0.0,0,0,1456558173753
production-topology1-1-1456558166,0.0,0.0,0,0,1456558173754
Running observer at: 1456558178157
production-topology2-2-1456558173,0.0,0.0,0,0,1456558178470
production-topology1-1-1456558166,0.0,0.0,0,0,1456558178471
Running observer at: 1456558180369
production-topology2-2-1456558173,0.0,0.0,0,0,1456558180772
production-topology3-3-1456558180,0.0,0.0,0,0,1456558180773
production-topology1-1-1456558166,0.0,0.0,0,0,1456558180773
Running observer at: 1456558187534
production-topology4-4-1456558187,0.0,0.0,0,0,1456558188332
production-topology2-2-1456558173,0.0,0.0,0,0,1456558188332
production-topology3-3-1456558180,0.0,0.0,0,0,1456558188333
production-topology1-1-1456558166,0.0,0.0,0,0,1456558188333
Running observer at: 1456558188938
production-topology4-4-1456558187,0.0,0.0,0,0,1456558189429
production-topology2-2-1456558173,0.0,0.0,0,0,1456558189429
production-topology3-3-1456558180,0.0,0.0,0,0,1456558189429
production-topology1-1-1456558166,0.0,0.0,0,0,1456558189430
Running observer at: 1456558200042
production-topology4-4-1456558187,0.0,0.0,0,0,1456558200704
production-topology2-2-1456558173,0.600689122527281,0.10011485375454683,1220,0,1456558200705
production-topology3-3-1456558180,0.0,0.0,0,0,1456558200705
production-topology1-1-1456558166,0.57869227994228,0.072336534992785,1100,0,1456558200705
Running observer at: 1456558211266
production-topology4-4-1456558187,0.0,0.0,0,0,1456558211865
production-topology2-2-1456558173,1.0395179562769223,0.23431529697202905,2180,0,1456558211865
production-topology3-3-1456558180,0.0,0.0,0,0,1456558211865
production-topology1-1-1456558166,1.1820912442383937,0.19564261379785264,2220,0,1456558211865
Running observer at: 1456558222451
production-topology4-4-1456558187,0.0,0.0,0,0,1456558222968
production-topology2-2-1456558173,1.0957740764992168,0.3419976444129275,2280,0,1456558222969
production-topology3-3-1456558180,0.0,0.0,0,0,1456558222969
production-topology1-1-1456558166,0.910367722165475,0.2671151246346149,2160,0,1456558222969
Running observer at: 1456558233636
production-topology4-4-1456558187,0.0,0.0,0,0,1456558234239
production-topology2-2-1456558173,1.0170644375273084,0.41700506587008096,2320,0,1456558234240
production-topology3-3-1456558180,0.0,0.0,0,0,1456558234240
production-topology1-1-1456558166,1.1034778346474001,0.3431480982721408,2200,0,1456558234240
Running observer at: 1456558244776
production-topology4-4-1456558187,0.0,0.0,0,0,1456558245293
production-topology2-2-1456558173,1.0524901277584204,0.4805535720589149,2000,0,1456558245293
production-topology3-3-1456558180,0.0,0.0,0,0,1456558245293
production-topology1-1-1456558166,0.9804310685240534,0.39625501245980016,2240,0,1456558245293
Running observer at: 1456558255769
production-topology4-4-1456558187,0.0,0.0,0,0,1456558256245
production-topology2-2-1456558173,0.9435072124756337,0.522640266642253,2300,0,1456558256245
production-topology3-3-1456558180,0.0,0.0,0,0,1456558256245
production-topology1-1-1456558166,1.0490852530333619,0.4464727232731511,2200,0,1456558256245
Running observer at: 1456558266743
production-topology4-4-1456558187,0.0,0.0,0,0,1456558267297
production-topology2-2-1456558173,1.12333940932931,0.5726985285328411,2160,0,1456558267298
production-topology3-3-1456558180,0.0,0.0,0,0,1456558267298
production-topology1-1-1456558166,1.0366876192696874,0.48863093013004655,2080,0,1456558267298
Running observer at: 1456558277865
production-topology4-4-1456558187,0.0,0.0,0,0,1456558278346
production-topology2-2-1456558173,1.0545830681560486,0.6097665700423186,2100,0,1456558278346
production-topology3-3-1456558180,0.0,0.0,0,0,1456558278346
production-topology1-1-1456558166,0.8145917388336966,0.5103616507102899,2100,0,1456558278347
Running observer at: 1456558288806
production-topology4-4-1456558187,0.0,0.0,0,0,1456558289243
production-topology2-2-1456558173,0.8426012449186991,0.6263976182477744,2400,0,1456558289244
production-topology3-3-1456558180,0.0,0.0,0,0,1456558289244
production-topology1-1-1456558166,1.13558476844565,0.5494380955687499,2360,0,1456558289244
Running observer at: 1456558299793
production-topology4-4-1456558187,0.0,0.0,0,0,1456558300320
production-topology2-2-1456558173,1.084835649470144,0.656960153662599,2020,0,1456558300320
production-topology3-3-1456558180,0.0,0.0,0,0,1456558300321
production-topology1-1-1456558166,0.8891565453583716,0.5694215337916688,2100,0,1456558300321
Running observer at: 1456558310861
production-topology4-4-1456558187,0.0,0.0,0,0,1456558311445
production-topology2-2-1456558173,0.895900685271338,0.6718939368881451,2140,0,1456558311445
production-topology3-3-1456558180,0.0,0.0,0,0,1456558311445
production-topology1-1-1456558166,1.010816347255271,0.5939434678729801,2240,0,1456558311445
Running observer at: 1456558322030
production-topology4-4-1456558187,0.0,0.0,360,0,1456558322538
production-topology2-2-1456558173,1.0225600643700192,0.6925213561517848,2500,0,1456558322538
production-topology3-3-1456558180,0.19333526514053898,0.012889017676035931,580,0,1456558322539
production-topology1-1-1456558166,1.0404296177670551,0.6174427389200366,2220,0,1456558322539
Running observer at: 1456558333138
production-topology4-4-1456558187,0.028966131907308377,0.0019310754604872252,660,0,1456558333754
production-topology2-2-1456558173,1.176174812030075,0.7193909925894676,1960,0,1456558333754
production-topology3-3-1456558180,0.4826618267962084,0.04224981824604671,1860,0,1456558333755
production-topology1-1-1456558166,1.1330258331410328,0.6432218936310865,2140,0,1456558333755
Running observer at: 1456558344333
production-topology4-4-1456558187,0.8571088496304404,0.0553796863461093,1800,0,1456558344978
production-topology2-2-1456558173,0.9727624383086569,0.732726331837846,2180,0,1456558344978
production-topology3-3-1456558180,0.810142413487134,0.08741997090728715,1960,0,1456558344978
production-topology1-1-1456558166,0.9776416534808374,0.6591466441001222,2120,0,1456558344979
Running observer at: 1456558355459
production-topology4-4-1456558187,0.9565793183585884,0.10839142940566689,2220,0,1456558355912
production-topology2-2-1456558173,0.92879158004158,0.7425295942480326,2420,0,1456558355912
production-topology3-3-1456558180,1.0382305986138172,0.14024278355764994,2160,0,1456558355912
production-topology1-1-1456558166,1.0381084849169957,0.676372182319071,2340,0,1456558355912
Running observer at: 1456558366340
production-topology4-4-1456558187,1.0934188026997846,0.1631151723664512,2100,0,1456558366910
production-topology2-2-1456558173,1.0040185866013072,0.75498145102676,2080,0,1456558366910
production-topology3-3-1456558180,1.011529392010913,0.1860999734762427,2340,0,1456558366911
production-topology1-1-1456558166,1.014994463062096,0.6910948901774634,2120,0,1456558366911
Running observer at: 1456558377495
production-topology4-4-1456558187,0.9750225131294408,0.20584713766976645,2080,0,1456558378102
production-topology2-2-1456558173,0.9128537515804341,0.7621574646882906,2180,0,1456558378102
production-topology3-3-1456558180,0.9760942469275804,0.2255996871488096,2160,0,1456558378102
production-topology1-1-1456558166,1.0048544985006544,0.7041682071909298,2240,0,1456558378103
Running observer at: 1456558388612
production-topology4-4-1456558187,0.937295714157718,0.24241956649416402,2340,0,1456558389162
production-topology2-2-1456558173,1.1360675137764922,0.7784144233442994,2360,0,1456558389163
production-topology3-3-1456558180,1.082457894690364,0.26640245893650266,2180,0,1456558389163
production-topology1-1-1456558166,0.8644401456911477,0.7105790847309384,2300,0,1456558389163
Running observer at: 1456558399670
production-topology4-4-1456558187,1.0751252402140374,0.2820722176236818,2200,0,1456558400290
production-topology2-2-1456558173,1.0424448286292773,0.7894156902311735,2020,0,1456558400290
production-topology3-3-1456558180,0.9978477298961139,0.29964997125284865,2260,0,1456558400290
production-topology1-1-1456558166,1.0790166557455418,0.7247497605391924,2180,0,1456558400291
Running observer at: 1456558410859
production-topology4-4-1456558187,0.988064986282579,0.31416279801726804,2160,0,1456558411454
production-topology2-2-1456558173,0.9819545447146588,0.7971172444105129,2180,0,1456558411454
production-topology3-3-1456558180,1.0196355094871254,0.3309536903065129,2180,0,1456558411455
production-topology1-1-1456558166,1.0263528430554871,0.735920245076833,2160,0,1456558411455
Running observer at: 1456558421946
production-topology4-4-1456558187,0.952621588891032,0.3419218758813447,2240,0,1456558422458
production-topology2-2-1456558173,0.9205380927716907,0.801864200116712,2400,0,1456558422458
production-topology3-3-1456558180,0.9240238856699338,0.3556649484466554,2180,0,1456558422458
production-topology1-1-1456558166,0.8976016429432576,0.7416945807149196,2260,0,1456558422459
Running observer at: 1456558432962
production-topology4-4-1456558187,1.062373719633399,0.3719407027043469,2300,0,1456558433525
production-topology2-2-1456558173,1.0880628282857643,0.8124641493081584,2040,0,1456558433525
production-topology3-3-1456558180,1.0513522733015515,0.38349244144085126,2320,0,1456558433526
production-topology1-1-1456558166,1.031084234647661,0.7516735342988072,2180,0,1456558433526
Running observer at: 1456558444104
production-topology4-4-1456558187,0.9844148571764917,0.3964396688832328,1980,0,1456558444729
production-topology2-2-1456558173,1.1254077377265783,0.8236407060373877,2180,0,1456558444730
production-topology3-3-1456558180,0.9343963750153941,0.4046810542706414,2000,0,1456558444730
production-topology1-1-1456558166,1.0350802305941103,0.7611204241753173,2240,0,1456558444730
Running observer at: 1456558455299
production-topology4-4-1456558187,0.9695614604174958,0.41848281471147364,2440,0,1456558455795
production-topology2-2-1456558173,0.856016536685222,0.8247571139907612,2320,0,1456558455796
production-topology3-3-1456558180,1.0534433786552433,0.42870928850710815,2360,0,1456558455796
production-topology1-1-1456558166,0.8845567844956226,0.7906056503251714,2180,0,1456558455796
Running observer at: 1456558466293
production-topology4-4-1456558187,1.083047117006004,0.4430963073890488,2160,0,1456558466853
production-topology2-2-1456558173,1.0764391050492013,0.8331465136927092,2140,0,1456558466854
production-topology3-3-1456558180,0.9427338575946209,0.4470673088316622,2220,0,1456558466854
production-topology1-1-1456558166,1.1092470009592974,0.827580550357148,2180,0,1456558466854
Running observer at: 1456558477412
production-topology4-4-1456558187,1.0418336369249768,0.4644797834439034,2000,0,1456558478153
production-topology2-2-1456558173,0.9190010601794947,0.863779882365359,2180,0,1456558478154
production-topology3-3-1456558180,1.0195883931268808,0.46680941518666974,2040,0,1456558478154
production-topology1-1-1456558166,1.0229230179454378,0.8616779842886626,2160,0,1456558478154
Running observer at: 1456558488712
production-topology4-4-1456558187,0.9847156979370126,0.482418952909183,2460,0,1456558489202
production-topology2-2-1456558173,1.135360278555545,0.9016252249838772,2420,0,1456558489202
production-topology3-3-1456558180,0.9992230771877114,0.4845565372533711,2320,0,1456558489203
production-topology1-1-1456558166,0.9280997798972853,0.892614643618572,2300,0,1456558489203
Running observer at: 1456558499636
production-topology4-4-1456558187,1.02992177973023,0.5006690471365512,2120,0,1456558500184
production-topology2-2-1456558173,0.9822020017178398,0.9343652917078052,1980,0,1456558500184
production-topology3-3-1456558180,1.023619241301886,0.5186771786301007,2240,0,1456558500184
production-topology1-1-1456558166,1.0534639147279006,0.9277301074428354,2140,0,1456558500184
Running observer at: 1456558510829
production-topology4-4-1456558187,0.9570802284168679,0.5325717214171135,2020,0,1456558511411
production-topology2-2-1456558173,0.8980598421596183,0.9643006197797924,2160,0,1456558511412
production-topology3-3-1456558180,1.0063242904066774,0.5522213216436566,2040,0,1456558511412
production-topology1-1-1456558166,0.953260865282418,0.9595054696189159,2180,0,1456558511412
Running observer at: 1456558521973
production-topology4-4-1456558187,0.992583627285808,0.5656578423266404,2400,0,1456558522511
production-topology2-2-1456558173,1.0476326151362945,0.9992217069510023,2420,0,1456558522512
production-topology3-3-1456558180,1.0238897568745862,0.5863509802061427,2260,0,1456558522512
production-topology1-1-1456558166,1.0717339903416776,0.9952299359636385,2280,0,1456558522512
Running observer at: 1456558532988
production-topology4-4-1456558187,0.9895798623285968,0.5986438377375937,2160,0,1456558533524
production-topology2-2-1456558173,0.9470525856153702,1.0107671557206053,2040,0,1456558533525
production-topology3-3-1456558180,1.024322169059011,0.6204950525081098,2300,0,1456558533525
production-topology1-1-1456558166,0.9433820365837207,1.0073862611850197,2100,0,1456558533525
Running observer at: 1456558544060
production-topology4-4-1456558187,1.0166698232323232,0.6325328318453377,2080,0,1456558544650
production-topology2-2-1456558173,1.0149874418853497,1.0099494719075528,2260,0,1456558544650
production-topology3-3-1456558180,0.9519806139763927,0.6522277396406562,2080,0,1456558544651
production-topology1-1-1456558166,1.1396358558945732,1.005971081573559,2220,0,1456558544651
Running observer at: 1456558555300
production-topology4-4-1456558187,0.9820530416770417,0.6652679332345725,2420,0,1456558555842
production-topology2-2-1456558173,0.9258896631312622,1.004286658128621,2320,0,1456558555842
production-topology3-3-1456558180,1.03590557489479,0.6867579254704825,2240,0,1456558555842
production-topology1-1-1456558166,0.8774647887323942,1.00487431712579,2280,0,1456558555842
Running observer at: 1456558566354
production-topology4-4-1456558187,1.0036274405206445,0.6987221812519273,2140,0,1456558566905
production-topology2-2-1456558173,1.197618750860137,1.0103051352397152,2020,0,1456558566905
production-topology3-3-1456558180,0.9384887774629074,0.7180408847192461,2320,0,1456558566905
production-topology1-1-1456558166,0.9787196532952704,1.0007157110807188,2160,0,1456558566906
Running observer at: 1456558577470
production-topology4-4-1456558187,0.9603310706661061,0.7307332169407975,2180,0,1456558578135
production-topology2-2-1456558173,0.9960437204989243,1.0084235883310655,2180,0,1456558578136
production-topology3-3-1456558180,1.0946417112299462,0.7545289417602443,2000,0,1456558578136
production-topology1-1-1456558166,1.0342166423141266,1.0025085635403879,2120,0,1456558578136
Running observer at: 1456558588704
production-topology4-4-1456558187,1.0586568668838208,0.7660217791702583,2360,0,1456558589210
production-topology2-2-1456558173,0.9509185151651016,1.0086706317540477,2440,0,1456558589210
production-topology3-3-1456558180,0.8772089589388405,0.7837692403915391,2420,0,1456558589210
production-topology1-1-1456558166,1.0133244711160163,1.0013165374764765,2380,0,1456558589210
Running observer at: 1456558599713
production-topology4-4-1456558187,0.9296002394677789,0.7970084538191843,2080,0,1456558600212
production-topology2-2-1456558173,1.0346272722510348,1.0057135605181053,2020,0,1456558600212
production-topology3-3-1456558180,1.0656656241541878,0.8192914278633453,2240,0,1456558600213
production-topology1-1-1456558166,0.9446457802386194,0.9982484761754408,2080,0,1456558600213
Running observer at: 1456558610770
production-topology4-4-1456558187,1.0275921105476689,0.8312615241707733,2140,0,1456558611321
production-topology2-2-1456558173,1.053488316454013,1.0056770687947043,2160,0,1456558611321
production-topology3-3-1456558180,1.0445799377200198,0.8541107591206794,2020,0,1456558611321
production-topology1-1-1456558166,0.8303336369475733,0.9987732061125703,2200,0,1456558611322
Running observer at: 1456558621898
production-topology4-4-1456558187,0.9506527416629775,0.8629499488928725,2340,0,1456558622413
production-topology2-2-1456558173,0.9920645694424304,1.0106591796121618,2460,0,1456558622413
production-topology3-3-1456558180,0.899982925788158,0.8841101899802847,2300,0,1456558622413
production-topology1-1-1456558166,1.2377429375411058,1.002178478415752,2280,0,1456558622413
Running observer at: 1456558632909
production-topology4-4-1456558187,1.1271413096514271,0.9005213258812534,2020,0,1456558633512
production-topology2-2-1456558173,0.883213973940659,1.0039384570945125,2040,0,1456558633512
production-topology3-3-1456558180,1.065912743067178,0.9196406147491906,2160,0,1456558633512
production-topology1-1-1456558166,1.0022609819121444,1.005948626300878,2160,0,1456558633512
Running observer at: 1456558644056
production-topology4-4-1456558187,0.9805980031491671,0.9332079259862257,2140,0,1456558644610
production-topology2-2-1456558173,1.0541004222119204,1.0092117816591986,2140,0,1456558644610
production-topology3-3-1456558180,1.0252809583076914,0.9538166466927803,2120,0,1456558644610
production-topology1-1-1456558166,1.0692581132684262,1.007896685167983,2100,0,1456558644611
Running observer at: 1456558655187
production-topology4-4-1456558187,1.0205594335997985,0.9672265737728857,2420,0,1456558655710
production-topology2-2-1456558173,1.0995560821634087,1.011778315585645,2400,0,1456558655710
production-topology3-3-1456558180,1.0422578769791544,0.9821140670874008,2300,0,1456558655711
production-topology1-1-1456558166,0.8932976037040443,1.002992284699216,2360,0,1456558655711
Running observer at: 1456558666227
production-topology4-4-1456558187,1.0277246241758908,1.0005185235151717,2020,0,1456558666772
production-topology2-2-1456558173,0.8741825331319683,1.0017119062890414,2020,0,1456558666772
production-topology3-3-1456558180,1.0015885449048365,0.9994116243576883,2220,0,1456558666772
production-topology1-1-1456558166,1.0091166412907,0.998861978304205,2120,0,1456558666773
Running observer at: 1456558677340
production-topology4-4-1456558187,0.9228323025979006,1.0027093052807536,2180,0,1456558677886
production-topology2-2-1456558173,1.1095674167102738,1.0062720722357619,2100,0,1456558677887
production-topology3-3-1456558180,0.9772727445585191,1.004982635393401,2060,0,1456558677887
production-topology1-1-1456558166,1.0976692072867285,1.0028628967644013,2120,0,1456558677887
Running observer at: 1456558688467
production-topology4-4-1456558187,1.0541359536649022,1.0059611931242975,2320,0,1456558688959
production-topology2-2-1456558173,0.9513087554558243,1.0070226447495698,2540,0,1456558688959
production-topology3-3-1456558180,1.0142498489956115,1.0041832770727943,2340,0,1456558688959
production-topology1-1-1456558166,1.0465214179096982,1.003143327864158,2300,0,1456558688959
Running observer at: 1456558699491
production-topology4-4-1456558187,0.9609208729741158,1.0015445954667754,2100,0,1456558700054
production-topology2-2-1456558173,1.0798924731182795,1.0095517743001357,2000,0,1456558700054
production-topology3-3-1456558180,0.9774396180056557,1.003046951272619,2120,0,1456558700054
production-topology1-1-1456558166,0.9604813208593158,1.0013262231240654,2140,0,1456558700054
Running observer at: 1456558710632
production-topology4-4-1456558187,0.989059079932338,1.0020124810268718,2160,0,1456558711259
production-topology2-2-1456558173,0.9222470238095238,1.0098648833744386,2140,0,1456558711259
production-topology3-3-1456558180,1.031646214113492,1.0048986835121494,2240,0,1456558711259
production-topology1-1-1456558166,0.868500168332442,0.9967810787851249,2200,0,1456558711260
Running observer at: 1456558721843
production-topology4-4-1456558187,0.9800613513456575,1.00343800226647,2300,0,1456558722352
production-topology2-2-1456558173,0.9761687923115798,1.004534925992275,2420,0,1456558722352
production-topology3-3-1456558180,0.9755559751547109,1.0013352861942943,2280,0,1456558722352
production-topology1-1-1456558166,1.0595992828370737,1.0032863833566557,2380,0,1456558722352
Running observer at: 1456558732861
production-topology4-4-1456558187,1.1072990485469136,1.0045104625442325,2140,0,1456558733384
production-topology2-2-1456558173,1.1760179067439238,1.0089873619294298,2060,0,1456558733384
production-topology3-3-1456558180,1.0279067600169123,1.0023372538649875,2140,0,1456558733384
production-topology1-1-1456558166,0.9600583234557766,0.9993211056136636,2120,0,1456558733385
Running observer at: 1456558743874
production-topology4-4-1456558187,0.9433594462791502,1.0030202778774513,2140,0,1456558744478
production-topology2-2-1456558173,0.9680875576587141,1.008525129027565,2120,0,1456558744478
production-topology3-3-1456558180,0.9968386005642098,1.0015773569008906,2160,0,1456558744478
production-topology1-1-1456558166,0.9890758711435891,0.9980785398832669,2120,0,1456558744478
Running observer at: 1456558755051
production-topology4-4-1456558187,0.9758890457523752,1.0037958597728294,2180,0,1456558755583
production-topology2-2-1456558173,0.9764571221683963,1.0103890966741218,2280,0,1456558755583
production-topology3-3-1456558180,1.0535704922964997,1.0058955771217761,2300,0,1456558755583
production-topology1-1-1456558166,1.0159035011750939,1.0020219351576614,2260,0,1456558755583
Running observer at: 1456558766077
production-topology4-4-1456558187,1.0875281422867844,1.0046343405279423,2200,0,1456558766660
production-topology2-2-1456558173,0.9053566413691846,1.004298890443569,2200,0,1456558766660
production-topology3-3-1456558180,0.9314822764694242,1.0018999105607052,2060,0,1456558766660
production-topology1-1-1456558166,0.9583400625558401,0.9995971294212674,2220,0,1456558766660
Running observer at: 1456558777120
production-topology4-4-1456558187,0.9804623721359809,1.0045025910265921,2320,0,1456558777594
production-topology2-2-1456558173,1.0500445128816969,1.00178678294874,2160,0,1456558777595
production-topology3-3-1456558180,0.9972211519278904,1.0039940697911216,2280,0,1456558777595
production-topology1-1-1456558166,1.014923112179424,0.9989252254741113,2100,0,1456558777595
/var/nimbus/storm/bin/storm rebalance production-topology1 -e spout_head=11
1456558777999
/var/nimbus/storm/bin/storm rebalance production-topology2 -e spout_head=9
Running observer at: 1456558788173
production-topology4-4-1456558187,0.9481941924844186,1.0037903487621562,2140,0,1456558788779
production-topology2-2-1456558173,0.997369250751158,0.997369250751158,118020,0,1456558788779
production-topology3-3-1456558180,1.0157048655028316,1.002736119352708,2200,0,1456558788779
production-topology1-1-1456558166,0.9948779666160378,0.9948779666160378,117600,0,1456558788779
Running observer at: 1456558799370
production-topology4-4-1456558187,1.0633744213865919,1.0031345922415091,2180,0,1456558799955
production-topology2-2-1456558173,0.5714285714285714,0.7843989110898647,60,0,1456558799955
production-topology3-3-1456558180,0.9234608634608634,1.002093686214916,2200,0,1456558799955
production-topology1-1-1456558166,2.6846590909090917,1.8397685287625647,120,0,1456558799955
Running observer at: 1456558810401
production-topology4-4-1456558187,0.9643179305346576,1.0005507353618317,2280,0,1456558810883
production-topology2-2-1456558173,1.0,0.8562659407265766,0,0,1456558810883
production-topology3-3-1456558180,1.0941160995706452,1.0045779430963748,2200,0,1456558810883
production-topology1-1-1456558166,1.0,1.5598456858417098,0,0,1456558810883
Running observer at: 1456558816418
production-topology4-4-1456558187,1.103522788884566,1.00451097172675,1160,0,1456558816912
production-topology2-2-1456558173,1.0,0.8921994555449324,0,0,1456558816912
production-topology3-3-1456558180,0.9679383116883116,1.0035351175797282,1260,0,1456558816913
production-topology1-1-1456558166,1.0,1.4198842643812823,0,0,1456558816913
Running observer at: 1456558817608
production-topology4-4-1456558187,2.0,1.0368469124024091,0,0,1456558818151
production-topology2-2-1456558173,0.9974099564987213,0.9132415557356902,0,0,1456558818152
production-topology3-3-1456558180,0.8660714285714286,0.9982835238220462,120,0,1456558818152
production-topology1-1-1456558166,1.0,1.3359074115050258,0,0,1456558818152
Running observer at: 1456558821401
production-topology4-4-1456558187,0.9456852508729414,1.0364670798176114,1040,0,1456558821988
production-topology2-2-1456558173,0.9974099564987213,0.9272696225295287,0,0,1456558821988
production-topology3-3-1456558180,1.2143670141203036,1.0052182812791672,760,0,1456558821988
production-topology1-1-1456558166,5.648653737525889E-4,1.113350320483147,106220,0,1456558821989
Running observer at: 1456558832448
production-topology4-4-1456558187,0.9681274692469481,1.0356518745496495,2040,0,1456558833097
production-topology2-2-1456558173,0.55859375,0.874601640739596,800,0,1456558833098
production-topology3-3-1456558180,1.0301192642005255,1.0054259315233651,2040,0,1456558833098
production-topology1-1-1456558166,0.9813930966952414,1.0944992885134464,72160,0,1456558833098
Running observer at: 1456558843582
production-topology4-4-1456558187,1.017750382222622,1.0365908918794502,2400,0,1456558844174
production-topology2-2-1456558173,1.1217999013629842,0.9055014233175196,1600,0,1456558844174
production-topology3-3-1456558180,0.973235827857798,1.0037230534833246,2460,0,1456558844174
production-topology1-1-1456558166,0.8803227879582558,1.0677272259440476,2400,0,1456558844174
Running observer at: 1456558854659
production-topology4-4-1456558187,1.0240365106218765,1.0368364481257688,2100,0,1456558855222
production-topology2-2-1456558173,1.0925925925925926,0.92628933101475,2160,0,1456558855222
production-topology3-3-1456558180,0.9924376849803204,1.0050716225167888,2140,0,1456558855222
production-topology1-1-1456558166,0.9626688350634157,1.0560540714017552,2640,0,1456558855223
Running observer at: 1456558865768
production-topology4-4-1456558187,1.0767496325912131,1.039993001156241,2120,0,1456558866503
production-topology2-2-1456558173,1.0181086201885374,0.9354712599321287,2080,0,1456558866503
production-topology3-3-1456558180,1.003191048926898,1.003981138317859,2080,0,1456558866503
production-topology1-1-1456558166,1.0084856368257524,1.0512972279441548,2300,0,1456558866503
Running observer at: 1456558877025
production-topology4-4-1456558187,0.9275549920231028,1.0374572528729897,2400,0,1456558877611
production-topology2-2-1456558173,0.948569262111748,0.9366619874030032,1760,0,1456558877611
production-topology3-3-1456558180,0.9789580030750368,1.0053301125049299,2460,0,1456558877611
production-topology1-1-1456558166,0.9912812196338997,1.045841227188677,2400,0,1456558877611
Running observer at: 1456558888144
production-topology4-4-1456558187,0.9229614537866808,1.0362115989770089,2140,0,1456558888689
production-topology2-2-1456558173,1.0528203403539322,0.9463418501489139,2120,0,1456558888689
production-topology3-3-1456558180,0.9879938677629716,1.001775184389364,2140,0,1456558888689
production-topology1-1-1456558166,0.9984397029768561,1.0418911001710254,2660,0,1456558888690
Running observer at: 1456558899243
production-topology4-4-1456558187,1.0779148877061644,1.0368535330044204,2060,0,1456558899816
production-topology2-2-1456558173,1.0404183699082041,0.9535785055150132,2080,0,1456558899816
production-topology3-3-1456558180,1.012944627796113,1.0062997066846064,2020,0,1456558899816
production-topology1-1-1456558166,0.9690155040021706,1.0362852850811135,2520,0,1456558899816
Running observer at: 1456558910288
production-topology4-4-1456558187,1.0050164331430549,1.0393674061269293,2440,0,1456558910798
production-topology2-2-1456558173,1.0382383878339387,0.9596256399663651,1820,0,1456558910798
production-topology3-3-1456558180,0.9827962765371612,1.0035373950973723,2420,0,1456558910799
production-topology1-1-1456558166,1.1763068574819078,1.0462868259668845,2020,0,1456558910799
Running observer at: 1456558921392
production-topology4-4-1456558187,0.9650667928080571,1.0372832288689424,2140,0,1456558921943
production-topology2-2-1456558173,0.9636677552249258,0.9598951143169357,2020,0,1456558921944
production-topology3-3-1456558180,1.0332477956047998,1.003159657026865,2160,0,1456558921944
production-topology1-1-1456558166,0.8844331570334842,1.0354965813713244,2740,0,1456558921944
Running observer at: 1456558932505
production-topology4-4-1456558187,1.0385232335750172,1.0402122452660103,2080,0,1456558933130
production-topology2-2-1456558173,1.0324332414166528,0.9644287472606681,2140,0,1456558933130
production-topology3-3-1456558180,1.0193951405656914,1.0071400641861161,1940,0,1456558933130
production-topology1-1-1456558166,0.9423611437156674,1.029675616517846,2360,0,1456558933131
Running observer at: 1456558943619
production-topology4-4-1456558187,0.9842687074829932,1.0354498251937292,2380,0,1456558944227
production-topology2-2-1456558173,0.953987911681263,0.9638145804618796,1700,0,1456558944227
production-topology3-3-1456558180,0.9489480965995274,1.0032412426371944,2480,0,1456558944227
production-topology1-1-1456558166,1.0651674336061387,1.0317633704642162,2260,0,1456558944238
Running observer at: 1456558954789
production-topology4-4-1456558187,1.0317616501145914,1.0371552800925767,2100,0,1456558955277
production-topology2-2-1456558173,0.9994067293838461,0.9657919220686555,2280,0,1456558955277
production-topology3-3-1456558180,1.1151531356038085,1.0062369818803982,2120,0,1456558955278
production-topology1-1-1456558166,1.016905932823219,1.0309379572619386,2620,0,1456558955278
Running observer at: 1456558965860
production-topology4-4-1456558187,0.9933398380096494,1.0362479602395718,2080,0,1456558966483
production-topology2-2-1456558173,0.8871778742516673,0.9616543406046034,1980,0,1456558966484
production-topology3-3-1456558180,0.9000813716481235,1.0014977650360306,2160,0,1456558966484
production-topology1-1-1456558166,1.075767558435415,1.0332974099552796,2420,0,1456558966484
Running observer at: 1456558976985
production-topology4-4-1456558187,1.001128466514775,1.035361421650868,2420,0,1456558977520
production-topology2-2-1456558173,1.245803824196082,0.9758618147841773,1660,0,1456558977520
production-topology3-3-1456558180,0.9820280415442695,1.000845748257345,2420,0,1456558977520
production-topology1-1-1456558166,0.8945503684051843,1.0263600578777747,2220,0,1456558977520
Running observer at: 1456558988073
production-topology4-4-1456558187,1.0269870348847328,1.038833246060429,2120,0,1456558988582
production-topology2-2-1456558173,0.9473107175318124,0.9745022387245409,2300,0,1456558988582
production-topology3-3-1456558180,1.041313735607339,1.0029804479589723,2120,0,1456558988582
production-topology1-1-1456558166,1.0071100666228885,1.025443391627542,2680,0,1456558988582
Running observer at: 1456558999185
production-topology4-4-1456558187,0.871955801012509,1.0327605743053494,2120,0,1456558999707
production-topology2-2-1456558173,0.9371952409491401,0.9728064660983864,2000,0,1456558999707
production-topology3-3-1456558180,1.067488787854403,1.0047550792542654,2000,0,1456558999707
production-topology1-1-1456558166,0.9631567441662581,1.022612180379302,2400,0,1456558999707
Running observer at: 1456559010268
production-topology4-4-1456558187,1.077761793771692,1.0366552716652684,2420,0,1456559010810
production-topology2-2-1456558173,0.9138796696763403,0.9702444314713409,1740,0,1456559010810
production-topology3-3-1456558180,0.9513028734010693,1.0038838544341124,2360,0,1456559010810
production-topology1-1-1456558166,1.1495150546144381,1.0281296966503948,2200,0,1456559010810
Running observer at: 1456559021323
production-topology4-4-1456558187,1.001195797294944,1.0370598289106887,2100,0,1456559021799
production-topology2-2-1456558173,1.1346631538912968,0.9770952115721724,2060,0,1456559021799
production-topology3-3-1456558180,1.0400861537860164,1.00416518575653,2200,0,1456559021799
production-topology1-1-1456558166,0.9980805589908489,1.0268776492479137,2660,0,1456559021800
Running observer at: 1456559032414
production-topology4-4-1456558187,1.0292343396593635,1.0386989285211456,2060,0,1456559032965
production-topology2-2-1456558173,1.0040859554945256,0.9781748413290664,2120,0,1456559032965
production-topology3-3-1456558180,0.9367419027480703,1.0028713833429752,2160,0,1456559032965
production-topology1-1-1456558166,0.8781246723616853,1.0209275301724647,2400,0,1456559032965
Running observer at: 1456559043558
production-topology4-4-1456558187,1.024353662002691,1.035934082303005,2280,0,1456559044075
production-topology2-2-1456558173,1.1425020279584555,0.984495117737889,1740,0,1456559044076
production-topology3-3-1456558180,1.046208210422812,1.0034814316898388,2280,0,1456559044076
production-topology1-1-1456558166,0.9894196795916146,1.0197156897655089,2260,0,1456559044076
Running observer at: 1456559054600
production-topology4-4-1456558187,1.0044830971659797,1.037971537332566,2300,0,1456559055096
production-topology2-2-1456558173,0.9665895755237449,0.9838319495077356,2200,0,1456559055096
production-topology3-3-1456558180,1.01996457818365,1.0042522976104868,2240,0,1456559055096
production-topology1-1-1456558166,1.1437710650823922,1.024310333295764,2560,0,1456559055096
Running observer at: 1456559065517
production-topology4-4-1456558187,1.0016945945696216,1.0388317222931405,2040,0,1456559066072
production-topology2-2-1456558173,0.9703041198291382,0.9833488127334998,1900,0,1456559066072
production-topology3-3-1456558180,0.995688040931469,1.0023228825649857,2080,0,1456559066072
production-topology1-1-1456558166,0.8799348902923104,1.0191540674742119,2160,0,1456559066072
Running observer at: 1456559076704
production-topology4-4-1456558187,1.0143318299750335,1.0363918452160823,2240,0,1456559077249
production-topology2-2-1456558173,0.982891954913171,0.9833330590155576,1840,0,1456559077249
production-topology3-3-1456558180,1.0037956627013371,1.0047333287727163,2360,0,1456559077249
production-topology1-1-1456558166,1.1252522721815923,1.022812626257225,2560,0,1456559077249
Running observer at: 1456559087849
production-topology4-4-1456558187,0.9571107801735432,1.0356134588173345,2240,0,1456559088369
production-topology2-2-1456558173,1.041046578042641,0.985256842983127,2040,0,1456559088369
production-topology3-3-1456558180,1.0182670388222852,1.0054348583358625,2160,0,1456559088370
production-topology1-1-1456558166,0.8869728839094783,1.0182846348456336,2540,0,1456559088370
Running observer at: 1456559098840
production-topology4-4-1456558187,1.0117669282867847,1.0377325500107468,2180,0,1456559099340
production-topology2-2-1456558173,1.0139629805410537,0.9858099673094569,2020,0,1456559099340
production-topology3-3-1456558180,0.9335315475311152,1.0026957477368055,2080,0,1456559099340
production-topology1-1-1456558166,1.1169883769378586,1.0223549818563609,2240,0,1456559099340
Running observer at: 1456559109841
production-topology4-4-1456558187,1.1197112725935714,1.0396104450509793,2080,0,1456559110389
production-topology2-2-1456558173,0.9821178247920052,0.9994996090882381,1920,0,1456559110389
production-topology3-3-1456558180,1.0142160828540272,1.0057209217165777,2220,0,1456559110389
production-topology1-1-1456558166,1.0923740775883208,0.9692788147456681,2420,0,1456559110389
Running observer at: 1456559120936
production-topology4-4-1456558187,0.9196494412349139,1.0381214954076545,2140,0,1456559121575
production-topology2-2-1456558173,0.9165512715782128,0.996717984807512,2060,0,1456559121575
production-topology3-3-1456558180,0.9317043766902005,1.0003071976205626,2140,0,1456559121576
production-topology1-1-1456558166,0.867257338167249,0.9648540593512431,2560,0,1456559121576
Running observer at: 1456559132058
production-topology4-4-1456558187,1.0093525532167056,1.0349824875520592,2400,0,1456559132547
production-topology2-2-1456558173,1.0979849218168278,0.9999841488680729,2040,0,1456559132548
production-topology3-3-1456558180,1.0481545484763939,1.0029810721801655,2320,0,1456559132548
production-topology1-1-1456558166,1.0359504132231403,0.9660524064586812,2280,0,1456559132548
Running observer at: 1456559143019
production-topology4-4-1456558187,0.9839783939446396,1.001115100683547,2180,0,1456559143513
production-topology2-2-1456558173,0.9020575934437117,0.9968057367662392,1940,0,1456559143513
production-topology3-3-1456558180,0.9967902711323764,1.007338366932197,2140,0,1456559143513
production-topology1-1-1456558166,1.0958695305927268,0.9692480574784387,2440,0,1456559143513
Running observer at: 1456559154095
production-topology4-4-1456558187,0.9314913325300247,1.0006419700721165,2060,0,1456559154699
production-topology2-2-1456558173,0.9979041136171355,0.9968222086701863,1960,0,1456559154699
production-topology3-3-1456558180,1.01745479665449,1.0007746263500032,2160,0,1456559154700
production-topology1-1-1456558166,0.9212154318880164,0.9999364096955808,2500,0,1456559154700
Running observer at: 1456559165266
production-topology4-4-1456558187,1.0980249612053958,1.0049718864707318,2360,0,1456559165797
production-topology2-2-1456558173,1.037601698041546,1.0127891402715712,1940,0,1456559165797
production-topology3-3-1456558180,0.9616350778034448,0.9984918201367672,2300,0,1456559165797
production-topology1-1-1456558166,1.0297585992878842,1.0015485931153356,2420,0,1456559165798
/var/nimbus/storm/bin/storm rebalance production-topology3 -e spout_head=11
1456559166148
/var/nimbus/storm/bin/storm rebalance production-topology4 -e bolt_output_1=9
Running observer at: 1456559176307
production-topology4-4-1456558187,0.994292840074747,0.994292840074747,167760,0,1456559176763
production-topology2-2-1456558173,1.0406575950450656,1.0100843967276405,1980,0,1456559176763
production-topology3-3-1456558180,0.9901268229599289,0.9901268229599289,169640,0,1456559176763
production-topology1-1-1456558166,0.9491472562055665,1.0038427420569127,2380,0,1456559176763
Running observer at: 1456559187215
production-topology4-4-1456558187,0.27542141500474837,0.6348571275397477,180,0,1456559187724
production-topology2-2-1456558173,0.8672889450991664,1.0025742751445261,2000,0,1456559187725
production-topology3-3-1456558180,1.8035714285714288,1.3968491257656788,200,0,1456559187725
production-topology1-1-1456558166,1.0809210452813744,1.0077844823975113,2520,0,1456559187725
Running observer at: 1456559198348
production-topology4-4-1456558187,2.0,1.089904751693165,0,0,1456559199001
production-topology2-2-1456558173,1.234481428230012,1.0097867020792421,1740,0,1456559199001
production-topology3-3-1456558180,2.0,1.5978994171771193,0,0,1456559199001
production-topology1-1-1456558166,1.005911149416538,1.0076986661505374,2100,0,1456559199001
Running observer at: 1456559205295
production-topology4-4-1456558187,2.0,1.317428563769874,0,0,1456559205796
production-topology2-2-1456558173,0.9335715970195055,1.0092867799095004,1480,0,1456559205796
production-topology3-3-1456558180,2.0,1.6984245628828394,0,0,1456559205796
production-topology1-1-1456558166,0.9414378123394517,1.0060372192407225,1860,0,1456559205796
Running observer at: 1456559206403
production-topology4-4-1456558187,2.0,1.4539428510158992,0,0,1456559206878
production-topology2-2-1456558173,1.0285714285714285,1.0084784828500837,140,0,1456559206878
production-topology3-3-1456558180,1.9663158587557987,1.752002822057431,17120,0,1456559206878
production-topology1-1-1456558166,1.4,1.0194225624748272,100,0,1456559206878
Running observer at: 1456559209464
production-topology4-4-1456558187,0.0,1.2116190425132494,0,0,1456559209891
production-topology2-2-1456558173,1.2903225806451613,1.0168086232079823,560,0,1456559209891
production-topology3-3-1456558180,2.0,1.7933356850478592,0,0,1456559209891
production-topology1-1-1456558166,1.1343750000000001,1.0249345456747547,640,0,1456559209892
Running observer at: 1456559220291
production-topology4-4-1456558187,0.0,1.0385306078684995,0,0,1456559220769
production-topology2-2-1456558173,0.927536231884058,1.0131185513429863,2060,0,1456559220769
production-topology3-3-1456558180,0.0,1.5371448728981651,340,0,1456559220769
production-topology1-1-1456558166,0.9699747062476028,1.018056807300278,2580,0,1456559220769
Running observer at: 1456559231205
production-topology4-4-1456558187,0.03409090909090909,0.9129756455213006,220,0,1456559231778
production-topology2-2-1456558173,1.2083760866404747,1.0212754957235046,1720,0,1456559231779
production-topology3-3-1456558180,0.9528692699490662,1.4641104225295276,1500,0,1456559231779
production-topology1-1-1456558166,1.0306196857325074,1.0229296915902455,2120,0,1456559231779
Running observer at: 1456559242307
production-topology4-4-1456558187,1.0551510992052702,0.9287729181528527,2380,0,1456559242793
production-topology2-2-1456558173,1.0158557152464591,1.0207229115178316,2060,0,1456559242793
production-topology3-3-1456558180,1.0992729686804006,1.4235729276574025,2720,0,1456559242793
production-topology1-1-1456558166,1.0056559626517274,1.025039518888114,2520,0,1456559242793
Running observer at: 1456559253200
production-topology4-4-1456558187,1.0086047446497926,0.9367561008025467,1760,0,1456559253729
production-topology2-2-1456558173,0.9286916324044082,1.019879702208603,2040,0,1456559253729
production-topology3-3-1456558180,1.039585315051599,1.3851741663968222,2340,0,1456559253729
production-topology1-1-1456558166,0.9705839750858091,1.0218867369374363,2320,0,1456559253730
Running observer at: 1456559264274
production-topology4-4-1456558187,1.0164607843442597,0.9440019811245205,2460,0,1456559264745
production-topology2-2-1456558173,0.9389584522450534,1.0178647596373098,1920,0,1456559264746
production-topology3-3-1456558180,1.0748069132966642,1.356958961569535,2240,0,1456559264746
production-topology1-1-1456558166,1.0046818383916616,1.021479267123051,2440,0,1456559264746
Running observer at: 1456559275403
production-topology4-4-1456558187,1.0539433742964823,0.9531637638888507,2280,0,1456559275937
production-topology2-2-1456558173,1.1327330571158722,1.02604993239945,2020,0,1456559275937
production-topology3-3-1456558180,0.9241536861254014,1.3208918552825237,2580,0,1456559275938
production-topology1-1-1456558166,1.0459750288956013,1.0204861828050573,2460,0,1456559275938
Running observer at: 1456559286534
production-topology4-4-1456558187,1.0114801287503545,0.9576496381089664,1960,0,1456559287098
production-topology2-2-1456558173,0.8777051287442754,1.01377997588439,2040,0,1456559287098
production-topology3-3-1456558180,1.0517230037266099,1.300186559008992,2500,0,1456559287098
production-topology1-1-1456558166,0.9405979282117559,1.0220211014652765,2320,0,1456559287098
Running observer at: 1456559297620
production-topology4-4-1456558187,0.9486491307732227,0.9570067447278419,2380,0,1456559298093
production-topology2-2-1456558173,1.0115824915824916,1.0159223683527459,1920,0,1456559298093
production-topology3-3-1456558180,0.988513502240332,1.2779241978112306,2260,0,1456559298094
production-topology1-1-1456558166,1.131014443626054,1.026151247365382,2520,0,1456559298094
Running observer at: 1456559308565
production-topology4-4-1456558187,0.9418433251462062,0.9559958500890661,1880,0,1456559309100
production-topology2-2-1456558173,0.9368674698795182,1.015911442650425,2000,0,1456559309100
production-topology3-3-1456558180,0.9463146448243288,1.2558168942787704,2560,0,1456559309100
production-topology1-1-1456558166,0.9945369221054827,1.0271972532966893,2460,0,1456559309100
Running observer at: 1456559319671
production-topology4-4-1456558187,1.087160380367595,0.9641936332314742,2260,0,1456559320206
production-topology2-2-1456558173,0.9881429449848023,1.0183868851607072,1920,0,1456559320207
production-topology3-3-1456558180,1.0667956878490477,1.2440030688769128,2240,0,1456559320207
production-topology1-1-1456558166,0.8509329384921733,1.017244516092614,2260,0,1456559320207
Running observer at: 1456559330691
production-topology4-4-1456558187,1.0017634735272691,0.9664036238371092,2500,0,1456559331145
production-topology2-2-1456558173,1.030537332083724,1.014916024433788,1980,0,1456559331145
production-topology3-3-1456558180,0.9306231106115804,1.2255689536848344,2520,0,1456559331145
production-topology1-1-1456558166,1.1200670959816688,1.021310733992308,2460,0,1456559331145
Running observer at: 1456559341639
production-topology4-4-1456558187,0.9892254190824388,0.9676715013507385,1780,0,1456559342243
production-topology2-2-1456558173,1.0526100916756702,1.0165334956398262,2060,0,1456559342243
production-topology3-3-1456558180,0.9928166030691346,1.2126382675395178,2500,0,1456559342243
production-topology1-1-1456558166,0.9547951978733055,1.0238664181760286,2580,0,1456559342243
Running observer at: 1456559352753
production-topology4-4-1456558187,0.9635884537070307,0.9674566041063329,2520,0,1456559353356
production-topology2-2-1456558173,0.9494212612788427,1.0100974700838392,1680,0,1456559353357
production-topology3-3-1456558180,1.0826695251225629,1.2057978074123095,2260,0,1456559353357
production-topology1-1-1456558166,1.0489776346884956,1.0258516833459246,2100,0,1456559353357
Running observer at: 1456559363869
production-topology4-4-1456558187,1.0204589277751412,0.9701067202897734,2260,0,1456559364391
production-topology2-2-1456558173,0.9996467861817222,1.0111993771057717,2260,0,1456559364391
production-topology3-3-1456558180,0.9613909455910585,1.1935774643212471,2360,0,1456559364392
production-topology1-1-1456558166,0.9606618023124254,1.0197480412535926,2660,0,1456559364392
Running observer at: 1456559374872
production-topology4-4-1456558187,1.054549136548633,0.9741277877306715,1800,0,1456559375474
production-topology2-2-1456558173,1.0315533980582523,1.013241019713409,2020,0,1456559375474
production-topology3-3-1456558180,0.9907327981330399,1.1839181945027608,2580,0,1456559375474
production-topology1-1-1456558166,1.0595305454606634,1.0257345630925376,2540,0,1456559375474
Running observer at: 1456559386027
production-topology4-4-1456558187,0.9926707701515116,0.9749706505679825,2420,0,1456559386669
production-topology2-2-1456558173,1.0451665173357465,1.0153168384608284,1680,0,1456559386669
production-topology3-3-1456558180,1.0583812079834503,1.1782119678427923,2300,0,1456559386669
production-topology1-1-1456558166,1.0097857909618433,1.0218856803852128,2100,0,1456559386669
Running observer at: 1456559397206
production-topology4-4-1456558187,0.9773756072677005,0.9750752139027528,2420,0,1456559397713
production-topology2-2-1456558173,1.0356354953600655,1.0151364690380758,2200,0,1456559397713
production-topology3-3-1456558180,0.9806929075033851,1.1696241826106442,2360,0,1456559397713
production-topology1-1-1456558166,0.9808920151496117,1.0250163180932172,2540,0,1456559397713
Running observer at: 1456559408170
production-topology4-4-1456558187,0.8819967956210066,0.9711969464743467,1920,0,1456559408660
production-topology2-2-1456558173,0.9148967144299401,1.0118342601677053,2000,0,1456559408661
production-topology3-3-1456558180,0.9762856611312767,1.1615684108823372,2620,0,1456559408661
production-topology1-1-1456558166,0.9346599346446423,1.0189387033501098,2580,0,1456559408661
Running observer at: 1456559419232
production-topology4-4-1456558187,1.058503256873979,0.974689198890332,2340,0,1456559419841
production-topology2-2-1456558173,1.0560801983259502,1.0142996726188367,1780,0,1456559419841
production-topology3-3-1456558180,1.03950288117502,1.1566857896940446,2140,0,1456559419841
production-topology1-1-1456558166,1.051566957011773,1.0175784659975582,2100,0,1456559419841
Running observer at: 1456559430394
production-topology4-4-1456558187,1.0331421175976776,0.9769373880713837,2260,0,1456559430871
production-topology2-2-1456558173,0.9739051070527378,1.0162114671346543,2040,0,1456559430871
production-topology3-3-1456558180,0.952397440551134,1.1488285454962404,2600,0,1456559430872
production-topology1-1-1456558166,0.9975562463740941,1.0219217629377866,2660,0,1456559430872
Running observer at: 1456559441323
production-topology4-4-1456558187,0.9813061224489795,0.9770991930483318,1960,0,1456559441795
production-topology2-2-1456558173,1.0359992205470696,1.0141452770923292,2220,0,1456559441796
production-topology3-3-1456558180,0.9963840802527948,1.1431824541909277,2500,0,1456559441796
production-topology1-1-1456558166,1.0008164228263128,1.020750629924559,2600,0,1456559441796
Running observer at: 1456559452383
production-topology4-4-1456558187,0.9652826015923235,0.976677171924903,2400,0,1456559452864
production-topology2-2-1456558173,0.8430667295224831,1.0121789149616214,1700,0,1456559452865
production-topology3-3-1456558180,0.9794163116446142,1.137333663385702,2280,0,1456559452865
production-topology1-1-1456558166,0.9627922778223456,1.0163147214988795,2000,0,1456559452865
Running observer at: 1456559463516
production-topology4-4-1456558187,1.0531101550307833,0.9793127920320023,1880,0,1456559464097
production-topology2-2-1456558173,1.047416747323846,1.0138293360851784,2040,0,1456559464097
production-topology3-3-1456558180,1.0158773955859974,1.1331455162201949,2540,0,1456559464097
production-topology1-1-1456558166,0.9408098780531327,1.0169678697043836,2640,0,1456559464097
Running observer at: 1456559474557
production-topology4-4-1456558187,1.0133482919009236,0.9804473086942996,2300,0,1456559475098
production-topology2-2-1456558173,1.0873956063907044,1.0154891330301503,2160,0,1456559475098
production-topology3-3-1456558180,1.054541787828007,1.1305253919404554,2460,0,1456559475098
production-topology1-1-1456558166,1.1622469674551392,1.021384148643292,2480,0,1456559475098
Running observer at: 1456559485555
production-topology4-4-1456558187,1.0147432906780414,0.981128990381076,2420,0,1456559486078
production-topology2-2-1456558173,0.8314561459000851,1.0085157513919842,1740,0,1456559486078
production-topology3-3-1456558180,0.9313159984174046,1.1285650311223712,2220,0,1456559486078
production-topology1-1-1456558166,0.8674244265901714,1.0186600543227788,2180,0,1456559486078
Running observer at: 1456559496670
production-topology4-4-1456558187,1.009544004128824,1.0055997433518784,1800,0,1456559497239
production-topology2-2-1456558173,1.0401026516663892,1.0142762082775583,2060,0,1456559497239
production-topology3-3-1456558180,1.0422274015748032,1.1031868968891503,2500,0,1456559497239
production-topology1-1-1456558166,1.0954288892551087,1.0191436491219035,2460,0,1456559497239
Running observer at: 1456559507796
production-topology4-4-1456558187,0.994101129947373,0.9720697810167912,2420,0,1456559508369
production-topology2-2-1456558173,1.0141952165573676,1.0069333345551368,2140,0,1456559508369
production-topology3-3-1456558180,0.9561424442303417,1.0683916450301616,2620,0,1456559508369
production-topology1-1-1456558166,0.9845053321678322,1.0184301218802798,2640,0,1456559508369
Running observer at: 1456559518816
production-topology4-4-1456558187,0.9684537456678218,0.9376849058723853,2480,0,1456559519295
production-topology2-2-1456558173,1.1352245275253579,1.0136550989053321,1820,0,1456559519295
production-topology3-3-1456558180,1.031436882280327,1.0361062077728393,2180,0,1456559519295
production-topology1-1-1456558166,1.1515994635764808,1.0254355102548474,2200,0,1456559519295
Running observer at: 1456559529919
production-topology4-4-1456558187,0.9483660661605435,0.90263044141107,1700,0,1456559530540
production-topology2-2-1456558173,0.9436209917721683,1.0108234176786899,2020,0,1456559530540
production-topology3-3-1456558180,1.056428967995433,1.0057766447474938,2480,0,1456559530540
production-topology1-1-1456558166,0.904006491300928,1.0089023932982117,2520,0,1456559530541
Running observer at: 1456559541065
production-topology4-4-1456558187,1.029338770150827,0.9369417337494308,2420,0,1456559541610
production-topology2-2-1456558173,1.006041773270689,1.0013473907662074,1960,0,1456559541610
production-topology3-3-1456558180,0.9684269731967238,0.9713908771873846,2340,0,1456559541610
production-topology1-1-1456558166,0.9552310613133295,1.002930928675323,2280,0,1456559541610
Running observer at: 1456559552073
production-topology4-4-1456558187,0.9621561924169858,0.969013606829997,2420,0,1456559552609
production-topology2-2-1456558173,0.9930601014254387,1.0035315197509203,2000,0,1456559552609
production-topology3-3-1456558180,1.0315137861522827,1.0057746700591272,2400,0,1456559552609
production-topology1-1-1456558166,0.9656784140022171,1.00278771893381,2460,0,1456559552609
Running observer at: 1456559563128
production-topology4-4-1456558187,1.0751497656299414,1.0037155687146313,1820,0,1456559563621
production-topology2-2-1456558173,1.0397829587866414,0.9979117488224589,1940,0,1456559563621
production-topology3-3-1456558180,0.915784240961175,1.0045385024261977,2600,0,1456559563621
production-topology1-1-1456558166,0.9755251312828208,1.000951233785487,2520,0,1456559563622
Running observer at: 1456559574281
production-topology4-4-1456558187,0.9949668391946942,1.001709426714279,2440,0,1456559574885
production-topology2-2-1456558173,0.9445918296573725,0.9955362859694895,1800,0,1456559574885
production-topology3-3-1456558180,1.054096520599974,1.0030326208235167,2320,0,1456559574885
production-topology1-1-1456558166,0.9663272579207925,0.9996402769611226,2320,0,1456559574885
Running observer at: 1456559585344
production-topology4-4-1456558187,1.0155580823964034,1.0019412046391658,2380,0,1456559585808
production-topology2-2-1456558173,1.0602118330994894,0.9999202926593256,2160,0,1456559585808
production-topology3-3-1456558180,0.9037354141947862,0.9985042907949565,2440,0,1456559585808
production-topology1-1-1456558166,1.0192726602291968,1.0012632331325688,2480,0,1456559585808
Running observer at: 1456559596345
production-topology4-4-1456558187,0.9566533639338689,0.9999476239588194,1860,0,1456559596846
production-topology2-2-1456558173,0.9073497240727724,0.9988666683869163,2060,0,1456559596846
production-topology3-3-1456558180,1.092080060868867,0.9990800623806965,2520,0,1456559596846
production-topology1-1-1456558166,1.024626814603299,1.0019280656729566,2520,0,1456559596846
Running observer at: 1456559607381
production-topology4-4-1456558187,1.092152324566658,1.001221255634492,2360,0,1456559608039
production-topology2-2-1456558173,1.0498561025230178,0.996104103233821,1740,0,1456559608039
production-topology3-3-1456558180,1.019726263999306,1.0022658149764934,2020,0,1456559608039
production-topology1-1-1456558166,1.0439121333860817,1.001859302489306,2160,0,1456559608039
Running observer at: 1456559618646
production-topology4-4-1456558187,0.9214564301426829,0.998220465680903,2500,0,1456559619142
production-topology2-2-1456558173,0.9213411784015613,0.9975586382223973,2160,0,1456559619142
production-topology3-3-1456558180,1.0067290520502037,1.0007660165872798,2700,0,1456559619142
production-topology1-1-1456558166,1.0579314959881039,1.0057704214151844,2680,0,1456559619142
Running observer at: 1456559629606
production-topology4-4-1456558187,0.9881189408893616,0.9995361260181076,1840,0,1456559630062
production-topology2-2-1456558173,1.0705442219913328,0.9995240292360253,2080,0,1456559630063
production-topology3-3-1456558180,0.948166184527071,0.9994211059968379,2560,0,1456559630063
production-topology1-1-1456558166,0.8514464965727343,0.9964514898467404,2500,0,1456559630063
Running observer at: 1456559640557
production-topology4-4-1456558187,1.0362206484411054,1.002682036794604,2260,0,1456559641078
production-topology2-2-1456558173,0.9806241426611797,1.0009825849954141,1820,0,1456559641078
production-topology3-3-1456558180,1.0539415442118332,1.0030086693097549,2120,0,1456559641078
production-topology1-1-1456558166,1.1154188372007,1.0004808870165809,2140,0,1456559641078
Running observer at: 1456559651647
production-topology4-4-1456558187,1.0292163528434992,1.0007505692104677,1900,0,1456559652245
production-topology2-2-1456558173,1.0209784474213373,1.0020771017432988,1860,0,1456559652245
production-topology3-3-1456558180,0.9599496317965401,0.9994471341080045,2520,0,1456559652245
production-topology1-1-1456558166,0.9702338430165416,1.0044575838340597,2500,0,1456559652245
Running observer at: 1456559662717
production-topology4-4-1456558187,1.033194117357831,1.001798257338153,2380,0,1456559663319
production-topology2-2-1456558173,1.1028137389440051,1.004486315305308,2180,0,1456559663320
production-topology3-3-1456558180,1.0070599542437846,1.0019950288957447,2540,0,1456559663320
production-topology1-1-1456558166,0.9416931706209352,0.9985117863220354,2720,0,1456559663320
Running observer at: 1456559673768
production-topology4-4-1456558187,1.0108025362318842,1.0025174945764677,2300,0,1456559674259
production-topology2-2-1456558173,1.0526883083337413,1.0044889225272435,1800,0,1456559674259
production-topology3-3-1456558180,1.0008763319604026,1.0022636865254535,2200,0,1456559674259
production-topology1-1-1456558166,1.1673458205622784,1.0055968070783345,2020,0,1456559674259
Running observer at: 1456559684890
production-topology4-4-1456558187,0.9777566347560922,1.0029897672781032,1960,0,1456559685492
production-topology2-2-1456558173,0.9180535125366829,1.0034433309025053,2120,0,1456559685492
production-topology3-3-1456558180,1.010437734711399,0.9998559601784146,2600,0,1456559685492
production-topology1-1-1456558166,0.9838598297925726,1.0034262135818037,2520,0,1456559685492
Running observer at: 1456559695997
production-topology4-4-1456558187,0.972330707930388,1.001385493283278,2340,0,1456559696504
production-topology2-2-1456558173,0.9938390975970833,1.003249741283017,2080,0,1456559696504
production-topology3-3-1456558180,0.9527789189749973,0.999568892624546,2520,0,1456559696504
production-topology1-1-1456558166,1.064938748805028,1.0069021117982238,2600,0,1456559696504
Running observer at: 1456559706931
production-topology4-4-1456558187,1.059173669467787,1.001539644380583,2400,0,1456559707420
production-topology2-2-1456558173,0.9561729077027354,1.0007370582711665,1780,0,1456559707420
production-topology3-3-1456558180,1.0732443906755833,1.0023192790426307,2180,0,1456559707420
production-topology1-1-1456558166,0.8759338881827414,1.000782223222293,2200,0,1456559707420
Running observer at: 1456559718022
production-topology4-4-1456558187,1.0324981249753287,1.0028672228747104,1760,0,1456559718533
production-topology2-2-1456558173,1.2356045352497294,1.0070849922016327,2060,0,1456559718533
production-topology3-3-1456558180,0.9415436578410162,0.9984246940378829,2580,0,1456559718533
production-topology1-1-1456558166,0.9723259433902312,0.9995335616365727,2500,0,1456559718533
Running observer at: 1456559729249
production-topology4-4-1456558187,0.9643776989370341,1.0024339592636882,2480,0,1456559729787
production-topology2-2-1456558173,0.9192490334910531,1.0032054434726656,2000,0,1456559729787
production-topology3-3-1456558180,1.1033164407211524,1.002512145145142,2240,0,1456559729787
production-topology1-1-1456558166,1.009949200978487,1.0005021344975351,2480,0,1456559729787
Running observer at: 1456559740237
production-topology4-4-1456558187,0.9746171391484385,1.005521304047936,2380,0,1456559740740
production-topology2-2-1456558173,1.0530968992636915,1.0078121163004574,1920,0,1456559740740
production-topology3-3-1456558180,0.9547066526775646,1.0017928448633513,2480,0,1456559740740
production-topology1-1-1456558166,1.2314598965129768,1.010395466559813,2200,0,1456559740740
Running observer at: 1456559751261
production-topology4-4-1456558187,1.0493444055944057,1.0052160090052835,1760,0,1456559751796
production-topology2-2-1456558173,1.0003814305296717,1.005955490707248,2000,0,1456559751796
production-topology3-3-1456558180,0.9468868567330107,0.9987056440486177,2520,0,1456559751796
production-topology1-1-1456558166,0.9830004785145458,1.0081099172765717,2480,0,1456559751797
Running observer at: 1456559762437
production-topology4-4-1456558187,1.0087743209197582,1.0044037491160196,2380,0,1456559763066
production-topology2-2-1456558173,0.9680561497733741,1.0057605254646025,2080,0,1456559763067
production-topology3-3-1456558180,1.103024364896652,1.0037265415268015,2280,0,1456559763067
production-topology1-1-1456558166,0.8981309617872707,1.0047957411236779,2180,0,1456559763067
Running observer at: 1456559773526
production-topology4-4-1456558187,0.9897566604765946,1.0046854337169402,2480,0,1456559774024
production-topology2-2-1456558173,0.9070630348756599,1.0014626526088888,1900,0,1456559774024
production-topology3-3-1456558180,0.9446569872958257,1.0020023050949025,2480,0,1456559774024
production-topology1-1-1456558166,1.1126349652812295,1.0085230258721751,2540,0,1456559774024
Running observer at: 1456559784547
production-topology4-4-1456558187,0.9694956554085365,1.0048258688441474,1760,0,1456559785085
production-topology2-2-1456558173,1.2066209584657128,1.0135811269069963,2000,0,1456559785086
production-topology3-3-1456558180,1.0300990920508415,1.0036917311084435,2520,0,1456559785086
production-topology1-1-1456558166,0.9669078281857277,1.0086602108842877,2660,0,1456559785086
Running observer at: 1456559795640
production-topology4-4-1456558187,0.9975368711418908,1.002973426047851,2420,0,1456559796216
production-topology2-2-1456558173,0.8992885161415701,1.0086435192009207,114860,0,1456559796216
production-topology3-3-1456558180,1.0927020958029203,1.0062525544490077,91320,0,1456559796216
production-topology1-1-1456558166,0.9512157219519057,1.0090070723475801,182020,0,1456559796216
Running observer at: 1456559806636
production-topology4-4-1456558187,0.9458846958900272,1.0007246395141542,68660,0,1456559807092
production-topology2-2-1456558173,0.8992885161415701,1.0023732828592826,114860,0,1456559807092
production-topology3-3-1456558180,1.087050647290984,1.0073361830977734,46040,0,1456559807092
production-topology1-1-1456558166,0.9512157219519057,1.0019726974974723,182020,0,1456559807092
Running observer at: 1456559817506
production-topology4-4-1456558187,0.7805954776868353,0.9929197124144474,1640,0,1456559818028
production-topology2-2-1456558173,1.0904964539007094,1.011007959792637,1540,0,1456559818029
production-topology3-3-1456558180,1.041832738245077,1.0110200744253626,24040,0,1456559818029
production-topology1-1-1456558166,721.5838338537324,25.025853011735546,240,0,1456559818029
Running observer at: 1456559828644
production-topology4-4-1456558187,0.981544746840705,0.9919864038381766,2500,0,1456559829131
production-topology2-2-1456558173,0.9497962543733279,1.007997746549535,2260,0,1456559829131
production-topology3-3-1456558180,1.0946926482304256,1.01276891598055,2380,0,1456559829131
production-topology1-1-1456558166,1.016044895361991,25.023206878605777,2400,0,1456559829131
Running observer at: 1456559839647
production-topology4-4-1456558187,1.0148038842345772,0.9926764956477501,2020,0,1456559840238
production-topology2-2-1456558173,0.8776815019148696,1.003447289394785,1720,0,1456559840238
production-topology3-3-1456558180,0.9972097611957227,1.0141378265460625,2360,0,1456559840239
production-topology1-1-1456558166,1.055924302090001,25.025587510936518,2540,0,1456559840239
Running observer at: 1456559850693
production-topology4-4-1456558187,1.0057169640649999,0.9939186029276563,2100,0,1456559851173
production-topology2-2-1456558173,1.1648052855600024,1.0044333146626065,2040,0,1456559851173
production-topology3-3-1456558180,1.0869962898259484,1.0159898067975832,2360,0,1456559851173
production-topology1-1-1456558166,0.9215965195616049,25.01792074613602,2120,0,1456559851173
Running observer at: 1456559861693
production-topology4-4-1456558187,1.0169406396567584,0.9962044220441968,2480,0,1456559862175
production-topology2-2-1456558173,0.9729966897697199,1.005412504595858,2120,0,1456559862175
production-topology3-3-1456558180,1.0401187262028384,1.0154461320711634,2520,0,1456559862175
production-topology1-1-1456558166,0.960154002842785,25.01979232985408,2640,0,1456559862175
Running observer at: 1456559872631
production-topology4-4-1456558187,1.0242480818347868,0.996034732433662,1780,0,1456559873282
production-topology2-2-1456558173,0.8976018047767732,1.0017978389793942,1660,0,1456559873282
production-topology3-3-1456558180,1.0172012776867145,1.0170719422208299,2100,0,1456559873282
production-topology1-1-1456558166,1.2372516745476168,25.02919301696189,2100,0,1456559873282
Running observer at: 1456559883872
production-topology4-4-1456558187,0.97758373444093,0.99654898383446,2440,0,1456559884407
production-topology2-2-1456558173,0.9790822512005528,1.0013319106385647,2220,0,1456559884407
production-topology3-3-1456558180,1.0044571220824485,1.016170053418502,2620,0,1456559884407
production-topology1-1-1456558166,0.9616709230981169,25.029059433931756,2560,0,1456559884407
Running observer at: 1456559894896
production-topology4-4-1456558187,0.9693280892263707,0.9930215946210077,2420,0,1456559895429
production-topology2-2-1456558173,0.9811347064437144,0.9993769688938005,2160,0,1456559895430
production-topology3-3-1456558180,0.9860580786695086,1.0185125146754466,2600,0,1456559895430
production-topology1-1-1456558166,1.0004727637323587,25.029891021680076,2660,0,1456559895430
Running observer at: 1456559905895
production-topology4-4-1456558187,0.940925312153269,0.9912202103862935,1880,0,1456559906515
production-topology2-2-1456558173,1.0230762886792273,1.0019931175278622,1580,0,1456559906515
production-topology3-3-1456558180,1.0031240909163492,1.0168134336859924,2040,0,1456559906515
production-topology1-1-1456558166,0.8991211013455702,25.0276508164609,2080,0,1456559906515
Running observer at: 1456559917097
production-topology4-4-1456558187,1.0586151511326372,0.9926554460108347,2320,0,1456559917592
production-topology2-2-1456558173,0.9242537838392002,0.9974611825525194,2300,0,1456559917592
production-topology3-3-1456558180,1.0215261275940886,1.0207397907993028,2640,0,1456559917592
production-topology1-1-1456558166,1.0615838360830114,25.029061188989363,2500,0,1456559917592
Running observer at: 1456559928167
production-topology4-4-1456558187,1.0106249721502945,0.994454499618049,2180,0,1456559928661
production-topology2-2-1456558173,1.2063412986333646,1.0074275683712057,2120,0,1456559928661
production-topology3-3-1456558180,0.9172829347526525,1.0149132199287623,2500,0,1456559928661
production-topology1-1-1456558166,1.006916099773243,25.02847083182836,2700,0,1456559928661
Running observer at: 1456559939094
production-topology4-4-1456558187,0.917097068012177,0.9886193243995661,2080,0,1456559939650
production-topology2-2-1456558173,1.0043457326539642,1.0059105560422372,1540,0,1456559939650
production-topology3-3-1456558180,1.1171475412516965,1.018160595837175,2180,0,1456559939650
production-topology1-1-1456558166,1.0334147051158904,25.028120917552688,2040,0,1456559939650
Running observer at: 1456559950209
production-topology4-4-1456558187,1.0752179818877894,0.9937447094577363,2360,0,1456559950684
production-topology2-2-1456558173,1.0354830244626188,1.0097152842442725,2200,0,1456559950684
production-topology3-3-1456558180,0.9109404402873116,1.0149676421117453,2660,0,1456559950684
production-topology1-1-1456558166,0.9675114118241165,25.02510691474722,2600,0,1456559950685
Running observer at: 1456559961194
production-topology4-4-1456558187,1.0083378496685704,0.99441867308371,2040,0,1456559961863
production-topology2-2-1456558173,0.8779275954355448,1.0032947300257464,1700,0,1456559961863
production-topology3-3-1456558180,0.9354164433808589,1.014542650740205,2300,0,1456559961863
production-topology1-1-1456558166,0.9545055771399923,25.028542217432797,2420,0,1456559961863
Running observer at: 1456559972366
production-topology4-4-1456558187,0.9889121089864186,0.992841721768554,2120,0,1456559972890
production-topology2-2-1456558173,1.1853517069619082,1.0101189821691041,2080,0,1456559972890
production-topology3-3-1456558180,1.1006352871281235,1.0160991088374147,2380,0,1456559972890
production-topology1-1-1456558166,0.9023014750816496,25.021438305362164,2260,0,1456559972890
Running observer at: 1456559983427
production-topology4-4-1456558187,1.0001193876694714,0.9918718229294198,2460,0,1456559983873
production-topology2-2-1456558173,0.995264391240789,1.0092618469630856,2180,0,1456559983873
production-topology3-3-1456558180,0.9504101129911247,1.0157811248772342,2600,0,1456559983873
production-topology1-1-1456558166,1.039102577463556,25.023733929843733,2620,0,1456559983873
Running observer at: 1456559994369
production-topology4-4-1456558187,0.9705461094050245,0.9897835559976595,2060,0,1456559994799
production-topology2-2-1456558173,0.9933169852959091,1.0056119551748157,1580,0,1456559994799
production-topology3-3-1456558180,1.0702202150977835,1.0178864669057008,2260,0,1456559994799
production-topology1-1-1456558166,1.1362844113548551,25.03022030453486,2260,0,1456559994799
Running observer at: 1456560005184
production-topology4-4-1456558187,0.9993696363137227,0.9894024593337208,2140,0,1456560005549
production-topology2-2-1456558173,0.8748069210304708,0.99968257559804,2140,0,1456560005549
production-topology3-3-1456558180,1.0287427732734802,1.0188153482828035,2380,0,1456560005549
production-topology1-1-1456558166,0.9754420063624736,25.023823510728203,2280,0,1456560005549
