Running observer at: 1456640980420
production-topology1-1-1456640980,0.0,0.0,0,0,1456640980623
Running observer at: 1456640987132
production-topology1-1-1456640980,0.0,0.0,0,0,1456640987414
production-topology2-2-1456640986,0.0,0.0,0,0,1456640987414
Running observer at: 1456640990070
production-topology1-1-1456640980,0.0,0.0,0,0,1456640990356
production-topology2-2-1456640986,0.0,0.0,0,0,1456640990356
Running observer at: 1456640994326
production-topology1-1-1456640980,0.0,0.0,0,0,1456640994643
production-topology3-3-1456640994,0.0,0.0,0,0,1456640994644
production-topology2-2-1456640986,0.0,0.0,0,0,1456640994644
Running observer at: 1456641000605
production-topology1-1-1456640980,0.0,0.0,0,0,1456641000940
production-topology3-3-1456640994,0.0,0.0,0,0,1456641000940
production-topology2-2-1456640986,0.0,0.0,0,0,1456641000941
Running observer at: 1456641001321
production-topology1-1-1456640980,0.0,0.0,0,0,1456641001749
production-topology3-3-1456640994,0.0,0.0,0,0,1456641001750
production-topology2-2-1456640986,0.0,0.0,0,0,1456641001750
production-topology4-4-1456641000,0.0,0.0,0,0,1456641001750
Running observer at: 1456641011244
production-topology1-1-1456640980,0.0,0.0,0,0,1456641011646
production-topology3-3-1456640994,0.0,0.0,0,0,1456641011647
production-topology2-2-1456640986,0.0,0.0,0,0,1456641011647
production-topology4-4-1456641000,0.0,0.0,0,0,1456641011647
Running observer at: 1456641022001
production-topology1-1-1456640980,0.0,0.0,0,0,1456641022392
production-topology3-3-1456640994,0.0,0.0,0,0,1456641022393
production-topology2-2-1456640986,0.0,0.0,0,0,1456641022393
production-topology4-4-1456641000,0.0,0.0,0,0,1456641022393
Running observer at: 1456641032685
production-topology1-1-1456640980,0.0,0.0,0,0,1456641033025
production-topology3-3-1456640994,0.0,0.0,0,0,1456641033025
production-topology2-2-1456640986,0.0,0.0,0,0,1456641033025
production-topology4-4-1456641000,0.0,0.0,0,0,1456641033025
Running observer at: 1456641043329
production-topology1-1-1456640980,0.0,0.0,0,0,1456641043677
production-topology3-3-1456640994,0.0,0.0,0,0,1456641043677
production-topology2-2-1456640986,0.0,0.0,0,0,1456641043678
production-topology4-4-1456641000,0.0,0.0,0,0,1456641043678
Running observer at: 1456641053968
production-topology1-1-1456640980,0.0,0.0,0,0,1456641054285
production-topology3-3-1456640994,0.0,0.0,0,0,1456641054285
production-topology2-2-1456640986,0.0,0.0,0,0,1456641054285
production-topology4-4-1456641000,0.0,0.0,0,0,1456641054285
Running observer at: 1456641064564
production-topology1-1-1456640980,0.0,0.0,0,0,1456641064886
production-topology3-3-1456640994,0.0,0.0,0,0,1456641064887
production-topology2-2-1456640986,0.0,0.0,0,0,1456641064887
production-topology4-4-1456641000,0.0,0.0,0,0,1456641064887
Running observer at: 1456641075139
production-topology1-1-1456640980,0.0,0.0,0,0,1456641075452
production-topology3-3-1456640994,0.0,0.0,0,0,1456641075452
production-topology2-2-1456640986,0.0,0.0,0,0,1456641075453
production-topology4-4-1456641000,0.0,0.0,0,0,1456641075453
Running observer at: 1456641085702
production-topology1-1-1456640980,0.0,0.0,0,0,1456641085939
production-topology3-3-1456640994,0.0,0.0,0,0,1456641085939
production-topology2-2-1456640986,0.0,0.0,0,0,1456641085940
production-topology4-4-1456641000,0.0,0.0,0,0,1456641085940
Running observer at: 1456641096190
production-topology1-1-1456640980,0.0,0.0,0,0,1456641096469
production-topology3-3-1456640994,0.0,0.0,0,0,1456641096469
production-topology2-2-1456640986,0.0,0.0,0,0,1456641096470
production-topology4-4-1456641000,0.0,0.0,0,0,1456641096470
Running observer at: 1456641106704
production-topology1-1-1456640980,0.0,0.0,0,0,1456641106984
production-topology3-3-1456640994,0.0,0.0,0,0,1456641106984
production-topology2-2-1456640986,0.0,0.0,0,0,1456641106984
production-topology4-4-1456641000,0.0,0.0,0,0,1456641106985
Running observer at: 1456641117232
production-topology1-1-1456640980,0.0,0.0,0,0,1456641117515
production-topology3-3-1456640994,0.0,0.0,0,0,1456641117515
production-topology2-2-1456640986,0.0,0.0,0,0,1456641117516
production-topology4-4-1456641000,0.0,0.0,0,0,1456641117516
Running observer at: 1456641127739
production-topology1-1-1456640980,0.0,0.0,0,0,1456641128015
production-topology3-3-1456640994,0.0,0.0,0,0,1456641128015
production-topology2-2-1456640986,0.0,0.0,0,0,1456641128015
production-topology4-4-1456641000,0.0,0.0,0,0,1456641128015
Running observer at: 1456641138259
production-topology1-1-1456640980,0.0,0.0,0,0,1456641138537
production-topology3-3-1456640994,0.0,0.0,0,0,1456641138538
production-topology2-2-1456640986,0.0,0.0,0,0,1456641138538
production-topology4-4-1456641000,0.0,0.0,0,0,1456641138538
Running observer at: 1456641148771
production-topology1-1-1456640980,0.0,0.0,0,0,1456641149050
production-topology3-3-1456640994,0.0,0.0,0,0,1456641149050
production-topology2-2-1456640986,0.0,0.0,0,0,1456641149051
production-topology4-4-1456641000,0.0,0.0,0,0,1456641149051
Running observer at: 1456641159280
production-topology1-1-1456640980,0.0,0.0,0,0,1456641159552
production-topology3-3-1456640994,0.0,0.0,0,0,1456641159553
production-topology2-2-1456640986,0.0,0.0,0,0,1456641159553
production-topology4-4-1456641000,0.0,0.0,0,0,1456641159553
Running observer at: 1456641169785
production-topology1-1-1456640980,0.0,0.0,0,0,1456641170060
production-topology3-3-1456640994,0.0,0.0,0,0,1456641170060
production-topology2-2-1456640986,0.0,0.0,0,0,1456641170061
production-topology4-4-1456641000,0.0,0.0,0,0,1456641170061
Running observer at: 1456641180280
production-topology1-1-1456640980,0.0,0.0,0,0,1456641180539
production-topology3-3-1456640994,0.0,0.0,0,0,1456641180539
production-topology2-2-1456640986,0.0,0.0,0,0,1456641180540
production-topology4-4-1456641000,0.0,0.0,0,0,1456641180540
Running observer at: 1456641190738
production-topology1-1-1456640980,0.0,0.0,0,0,1456641190955
production-topology3-3-1456640994,0.0,0.0,0,0,1456641190955
production-topology2-2-1456640986,0.0,0.0,0,0,1456641190956
production-topology4-4-1456641000,0.0,0.0,0,0,1456641190956
Running observer at: 1456641201146
production-topology1-1-1456640980,0.0,0.0,0,0,1456641201381
production-topology3-3-1456640994,0.0,0.0,0,0,1456641201381
production-topology2-2-1456640986,0.0,0.0,0,0,1456641201381
production-topology4-4-1456641000,0.0,0.0,0,0,1456641201381
Running observer at: 1456641211531
production-topology1-1-1456640980,0.0,0.0,0,0,1456641211732
production-topology3-3-1456640994,0.0,0.0,0,0,1456641211732
production-topology2-2-1456640986,0.0,0.0,0,0,1456641211732
production-topology4-4-1456641000,0.0,0.0,0,0,1456641211733
Running observer at: 1456641221927
production-topology1-1-1456640980,0.0,0.0,0,0,1456641222129
production-topology3-3-1456640994,0.0,0.0,0,0,1456641222129
production-topology2-2-1456640986,0.0,0.0,0,0,1456641222129
production-topology4-4-1456641000,0.0,0.0,0,0,1456641222130
Running observer at: 1456641232327
production-topology1-1-1456640980,0.0,0.0,0,0,1456641232548
production-topology3-3-1456640994,0.0,0.0,0,0,1456641232549
production-topology2-2-1456640986,0.0,0.0,0,0,1456641232549
production-topology4-4-1456641000,0.0,0.0,0,0,1456641232550
Running observer at: 1456641242747
production-topology1-1-1456640980,0.0,0.0,0,0,1456641242963
production-topology3-3-1456640994,0.0,0.0,0,0,1456641242963
production-topology2-2-1456640986,0.0,0.0,0,0,1456641242963
production-topology4-4-1456641000,0.0,0.0,0,0,1456641242964
Running observer at: 1456641253158
production-topology1-1-1456640980,0.0,0.0,0,0,1456641253380
production-topology3-3-1456640994,0.0,0.0,0,0,1456641253381
production-topology2-2-1456640986,0.0,0.0,0,0,1456641253381
production-topology4-4-1456641000,0.0,0.0,0,0,1456641253382
Running observer at: 1456641263591
production-topology1-1-1456640980,0.0,0.0,0,0,1456641263810
production-topology3-3-1456640994,0.0,0.0,0,0,1456641263810
production-topology2-2-1456640986,0.0,0.0,0,0,1456641263810
production-topology4-4-1456641000,0.0,0.0,0,0,1456641263811
Running observer at: 1456641274006
production-topology1-1-1456640980,0.0,0.0,0,0,1456641274231
production-topology3-3-1456640994,0.0,0.0,0,0,1456641274232
production-topology2-2-1456640986,0.0,0.0,0,0,1456641274232
production-topology4-4-1456641000,0.0,0.0,0,0,1456641274232
Running observer at: 1456641284392
production-topology1-1-1456640980,0.0,0.0,0,0,1456641284598
production-topology3-3-1456640994,0.0,0.0,0,0,1456641284599
production-topology2-2-1456640986,0.0,0.0,0,0,1456641284599
production-topology4-4-1456641000,0.0,0.0,0,0,1456641284599
Running observer at: 1456641294796
production-topology1-1-1456640980,0.0,0.0,0,0,1456641295007
production-topology3-3-1456640994,0.0,0.0,0,0,1456641295007
production-topology2-2-1456640986,0.0,0.0,0,0,1456641295008
production-topology4-4-1456641000,0.0,0.0,0,0,1456641295008
Running observer at: 1456641305198
production-topology1-1-1456640980,0.0,0.0,0,0,1456641305422
production-topology3-3-1456640994,0.0,0.0,0,0,1456641305423
production-topology2-2-1456640986,0.0,0.0,0,0,1456641305423
production-topology4-4-1456641000,0.0,0.0,0,0,1456641305423
Running observer at: 1456641315608
production-topology1-1-1456640980,0.0,0.0,0,0,1456641315823
production-topology3-3-1456640994,0.0,0.0,0,0,1456641315824
production-topology2-2-1456640986,0.0,0.0,0,0,1456641315824
production-topology4-4-1456641000,0.0,0.0,0,0,1456641315824
Running observer at: 1456641326008
production-topology1-1-1456640980,0.0,0.0,0,0,1456641326221
production-topology3-3-1456640994,0.0,0.0,0,0,1456641326221
production-topology2-2-1456640986,0.0,0.0,0,0,1456641326221
production-topology4-4-1456641000,0.0,0.0,0,0,1456641326222
Running observer at: 1456641336401
production-topology1-1-1456640980,0.0,0.0,0,0,1456641336620
production-topology3-3-1456640994,0.0,0.0,0,0,1456641336620
production-topology2-2-1456640986,0.0,0.0,0,0,1456641336621
production-topology4-4-1456641000,0.0,0.0,0,0,1456641336621
Running observer at: 1456641346816
production-topology1-1-1456640980,0.0,0.0,0,0,1456641347026
production-topology3-3-1456640994,0.0,0.0,0,0,1456641347027
production-topology2-2-1456640986,0.0,0.0,0,0,1456641347027
production-topology4-4-1456641000,0.0,0.0,0,0,1456641347027
Running observer at: 1456641357213
production-topology1-1-1456640980,0.0,0.0,0,0,1456641357399
production-topology3-3-1456640994,0.0,0.0,0,0,1456641357399
production-topology2-2-1456640986,0.0,0.0,0,0,1456641357399
production-topology4-4-1456641000,0.0,0.0,0,0,1456641357400
Running observer at: 1456641367554
production-topology1-1-1456640980,0.0,0.0,0,0,1456641367777
production-topology3-3-1456640994,0.0,0.0,0,0,1456641367777
production-topology2-2-1456640986,0.0,0.0,0,0,1456641367778
production-topology4-4-1456641000,0.0,0.0,0,0,1456641367778
Running observer at: 1456641377964
production-topology1-1-1456640980,0.0,0.0,0,0,1456641378179
production-topology3-3-1456640994,0.0,0.0,0,0,1456641378179
production-topology2-2-1456640986,0.0,0.0,0,0,1456641378180
production-topology4-4-1456641000,0.0,0.0,0,0,1456641378180
Running observer at: 1456641388348
production-topology1-1-1456640980,0.0,0.0,0,0,1456641388554
production-topology3-3-1456640994,0.0,0.0,0,0,1456641388554
production-topology2-2-1456640986,0.0,0.0,0,0,1456641388555
production-topology4-4-1456641000,0.0,0.0,0,0,1456641388555
Running observer at: 1456641398731
production-topology1-1-1456640980,0.0,0.0,0,0,1456641398937
production-topology3-3-1456640994,0.0,0.0,0,0,1456641398937
production-topology2-2-1456640986,0.0,0.0,0,0,1456641398938
production-topology4-4-1456641000,0.0,0.0,0,0,1456641398938
Running observer at: 1456641409130
production-topology1-1-1456640980,0.0,0.0,0,0,1456641409329
production-topology3-3-1456640994,0.0,0.0,0,0,1456641409329
production-topology2-2-1456640986,0.0,0.0,0,0,1456641409329
production-topology4-4-1456641000,0.0,0.0,0,0,1456641409330
Running observer at: 1456641419521
production-topology1-1-1456640980,0.0,0.0,0,0,1456641419701
production-topology3-3-1456640994,0.0,0.0,0,0,1456641419701
production-topology2-2-1456640986,0.0,0.0,0,0,1456641419701
production-topology4-4-1456641000,0.0,0.0,0,0,1456641419702
Running observer at: 1456641429880
production-topology1-1-1456640980,0.0,0.0,0,0,1456641430095
production-topology3-3-1456640994,0.0,0.0,0,0,1456641430095
production-topology2-2-1456640986,0.0,0.0,0,0,1456641430095
production-topology4-4-1456641000,0.0,0.0,0,0,1456641430096
Running observer at: 1456641440282
production-topology1-1-1456640980,0.0,0.0,0,0,1456641440499
production-topology3-3-1456640994,0.0,0.0,0,0,1456641440500
production-topology2-2-1456640986,0.0,0.0,0,0,1456641440500
production-topology4-4-1456641000,0.0,0.0,0,0,1456641440500
Running observer at: 1456641450690
production-topology1-1-1456640980,0.0,0.0,0,0,1456641450905
production-topology3-3-1456640994,0.0,0.0,0,0,1456641450905
production-topology2-2-1456640986,0.0,0.0,0,0,1456641450905
production-topology4-4-1456641000,0.0,0.0,0,0,1456641450905
Running observer at: 1456641461089
production-topology1-1-1456640980,0.0,0.0,0,0,1456641461305
production-topology3-3-1456640994,0.0,0.0,0,0,1456641461306
production-topology2-2-1456640986,0.0,0.0,0,0,1456641461306
production-topology4-4-1456641000,0.0,0.0,0,0,1456641461306
Running observer at: 1456641471482
production-topology1-1-1456640980,0.0,0.0,0,0,1456641471688
production-topology3-3-1456640994,0.0,0.0,0,0,1456641471688
production-topology2-2-1456640986,0.0,0.0,0,0,1456641471688
production-topology4-4-1456641000,0.0,0.0,0,0,1456641471689
Running observer at: 1456641481874
production-topology1-1-1456640980,0.0,0.0,0,0,1456641482078
production-topology3-3-1456640994,0.0,0.0,0,0,1456641482078
production-topology2-2-1456640986,0.0,0.0,0,0,1456641482079
production-topology4-4-1456641000,0.0,0.0,0,0,1456641482079
Running observer at: 1456641492258
production-topology1-1-1456640980,0.0,0.0,0,0,1456641492475
production-topology3-3-1456640994,0.0,0.0,0,0,1456641492475
production-topology2-2-1456640986,0.0,0.0,0,0,1456641492475
production-topology4-4-1456641000,0.0,0.0,0,0,1456641492475
Running observer at: 1456641502650
production-topology1-1-1456640980,0.0,0.0,0,0,1456641502844
production-topology3-3-1456640994,0.0,0.0,0,0,1456641502844
production-topology2-2-1456640986,0.0,0.0,0,0,1456641502844
production-topology4-4-1456641000,0.0,0.0,0,0,1456641502844
Running observer at: 1456641513020
production-topology1-1-1456640980,0.0,0.0,0,0,1456641513198
production-topology3-3-1456640994,0.0,0.0,0,0,1456641513199
production-topology2-2-1456640986,0.0,0.0,0,0,1456641513199
production-topology4-4-1456641000,0.0,0.0,0,0,1456641513199
Running observer at: 1456641523378
production-topology1-1-1456640980,0.0,0.0,0,0,1456641523587
production-topology3-3-1456640994,0.0,0.0,0,0,1456641523587
production-topology2-2-1456640986,0.0,0.0,0,0,1456641523588
production-topology4-4-1456641000,0.0,0.0,0,0,1456641523588
Running observer at: 1456641533771
production-topology1-1-1456640980,0.0,0.0,0,0,1456641533975
production-topology3-3-1456640994,0.0,0.0,0,0,1456641533975
production-topology2-2-1456640986,0.0,0.0,0,0,1456641533975
production-topology4-4-1456641000,0.0,0.0,0,0,1456641533975
Running observer at: 1456641544163
production-topology1-1-1456640980,0.0,0.0,0,0,1456641544372
production-topology3-3-1456640994,0.0,0.0,0,0,1456641544372
production-topology2-2-1456640986,0.0,0.0,0,0,1456641544372
production-topology4-4-1456641000,0.0,0.0,0,0,1456641544372
Running observer at: 1456641554554
production-topology1-1-1456640980,0.0,0.0,0,0,1456641554738
production-topology3-3-1456640994,0.0,0.0,0,0,1456641554738
production-topology2-2-1456640986,0.0,0.0,0,0,1456641554738
production-topology4-4-1456641000,0.0,0.0,0,0,1456641554739
Running observer at: 1456641564923
production-topology1-1-1456640980,0.0,0.0,0,0,1456641565137
production-topology3-3-1456640994,0.0,0.0,0,0,1456641565137
production-topology2-2-1456640986,0.0,0.0,0,0,1456641565138
production-topology4-4-1456641000,0.0,0.0,0,0,1456641565138
Running observer at: 1456641575310
production-topology1-1-1456640980,0.0,0.0,0,0,1456641575524
production-topology3-3-1456640994,0.0,0.0,0,0,1456641575524
production-topology2-2-1456640986,0.0,0.0,0,0,1456641575525
production-topology4-4-1456641000,0.0,0.0,0,0,1456641575525
Running observer at: 1456641585706
production-topology1-1-1456640980,0.0,0.0,0,0,1456641585916
production-topology3-3-1456640994,0.0,0.0,0,0,1456641585916
production-topology2-2-1456640986,0.0,0.0,0,0,1456641585917
production-topology4-4-1456641000,0.0,0.0,0,0,1456641585917
Running observer at: 1456641596101
production-topology1-1-1456640980,0.0,0.0,0,0,1456641596311
production-topology3-3-1456640994,0.0,0.0,0,0,1456641596312
production-topology2-2-1456640986,0.0,0.0,0,0,1456641596312
production-topology4-4-1456641000,0.0,0.0,0,0,1456641596312
Running observer at: 1456641606499
production-topology1-1-1456640980,0.0,0.0,0,0,1456641606712
production-topology3-3-1456640994,0.0,0.0,0,0,1456641606713
production-topology2-2-1456640986,0.0,0.0,0,0,1456641606713
production-topology4-4-1456641000,0.0,0.0,0,0,1456641606713
Running observer at: 1456641616902
production-topology1-1-1456640980,0.0,0.0,0,0,1456641617112
production-topology3-3-1456640994,0.0,0.0,0,0,1456641617113
production-topology2-2-1456640986,0.0,0.0,0,0,1456641617113
production-topology4-4-1456641000,0.0,0.0,0,0,1456641617113
Running observer at: 1456641627292
production-topology1-1-1456640980,0.0,0.0,0,0,1456641627425
production-topology3-3-1456640994,0.0,0.0,0,0,1456641627425
production-topology2-2-1456640986,0.0,0.0,0,0,1456641627425
production-topology4-4-1456641000,0.0,0.0,0,0,1456641627425
Running observer at: 1456641637562
production-topology1-1-1456640980,0.0,0.0,0,0,1456641637704
production-topology3-3-1456640994,0.0,0.0,0,0,1456641637704
production-topology2-2-1456640986,0.0,0.0,0,0,1456641637704
production-topology4-4-1456641000,0.0,0.0,0,0,1456641637704
