Running observer at: 1456637126139
production-topology1-1-1456637125,0.0,0.0,0,0,1456637126390
Running observer at: 1456637126583
production-topology1-1-1456637125,0.0,0.0,0,0,1456637126740
Running observer at: 1456637132393
production-topology2-2-1456637132,0.0,0.0,0,0,1456637132684
production-topology1-1-1456637125,0.0,0.0,0,0,1456637132685
Running observer at: 1456637136911
production-topology2-2-1456637132,0.0,0.0,0,0,1456637137216
production-topology1-1-1456637125,0.0,0.0,0,0,1456637137217
Running observer at: 1456637138831
production-topology2-2-1456637132,0.0,0.0,0,0,1456637139163
production-topology3-3-1456637138,0.0,0.0,0,0,1456637139164
production-topology1-1-1456637125,0.0,0.0,0,0,1456637139164
Running observer at: 1456637145260
production-topology4-4-1456637145,0.0,0.0,0,0,1456637145730
production-topology2-2-1456637132,0.0,0.0,0,0,1456637145730
production-topology3-3-1456637138,0.0,0.0,0,0,1456637145731
production-topology1-1-1456637125,0.0,0.0,0,0,1456637145731
Running observer at: 1456637147504
production-topology4-4-1456637145,0.0,0.0,0,0,1456637147964
production-topology2-2-1456637132,0.0,0.0,0,0,1456637147964
production-topology3-3-1456637138,0.0,0.0,0,0,1456637147965
production-topology1-1-1456637125,0.0,0.0,0,0,1456637147965
Running observer at: 1456637158328
production-topology4-4-1456637145,0.0,0.0,0,0,1456637158739
production-topology2-2-1456637132,0.0,0.0,0,0,1456637158739
production-topology3-3-1456637138,0.0,0.0,0,0,1456637158739
production-topology1-1-1456637125,0.0,0.0,0,0,1456637158740
Running observer at: 1456637169098
production-topology4-4-1456637145,0.0,0.0,0,0,1456637169454
production-topology2-2-1456637132,0.0,0.0,0,0,1456637169455
production-topology3-3-1456637138,0.0,0.0,0,0,1456637169455
production-topology1-1-1456637125,0.0,0.0,0,0,1456637169455
Running observer at: 1456637179789
production-topology4-4-1456637145,0.0,0.0,0,0,1456637180152
production-topology2-2-1456637132,0.0,0.0,0,0,1456637180152
production-topology3-3-1456637138,0.0,0.0,0,0,1456637180152
production-topology1-1-1456637125,0.0,0.0,0,0,1456637180153
Running observer at: 1456637190472
production-topology4-4-1456637145,0.0,0.0,0,0,1456637190783
production-topology2-2-1456637132,0.0,0.0,0,0,1456637190783
production-topology3-3-1456637138,0.0,0.0,0,0,1456637190783
production-topology1-1-1456637125,0.0,0.0,0,0,1456637190783
Running observer at: 1456637201078
production-topology4-4-1456637145,0.0,0.0,0,0,1456637201423
production-topology2-2-1456637132,0.0,0.0,0,0,1456637201423
production-topology3-3-1456637138,0.0,0.0,0,0,1456637201423
production-topology1-1-1456637125,0.0,0.0,0,0,1456637201424
Running observer at: 1456637211711
production-topology4-4-1456637145,0.0,0.0,0,0,1456637212020
production-topology2-2-1456637132,0.0,0.0,0,0,1456637212021
production-topology3-3-1456637138,0.0,0.0,0,0,1456637212021
production-topology1-1-1456637125,0.0,0.0,0,0,1456637212021
Running observer at: 1456637222295
production-topology4-4-1456637145,0.0,0.0,0,0,1456637222590
production-topology2-2-1456637132,0.0,0.0,0,0,1456637222590
production-topology3-3-1456637138,0.0,0.0,0,0,1456637222590
production-topology1-1-1456637125,0.0,0.0,0,0,1456637222591
Running observer at: 1456637232845
production-topology4-4-1456637145,0.0,0.0,0,0,1456637233137
production-topology2-2-1456637132,0.0,0.0,0,0,1456637233137
production-topology3-3-1456637138,0.0,0.0,0,0,1456637233137
production-topology1-1-1456637125,0.0,0.0,0,0,1456637233138
Running observer at: 1456637243382
production-topology4-4-1456637145,0.0,0.0,0,0,1456637243609
production-topology2-2-1456637132,0.0,0.0,0,0,1456637243609
production-topology3-3-1456637138,0.0,0.0,0,0,1456637243609
production-topology1-1-1456637125,0.0,0.0,0,0,1456637243609
