Running observer at: 1456101060766
production-topology1-1-1456101060,0.0,0.0,1456101060875
Running observer at: 1456101061256
production-topology1-1-1456101060,0.0,0.0,1456101061363
Running observer at: 1456101067364
production-topology1-1-1456101060,0.0,0.0,1456101067498
production-topology2-2-1456101067,0.0,0.0,1456101067498
Running observer at: 1456101071673
production-topology1-1-1456101060,0.0,0.0,1456101071807
production-topology2-2-1456101067,0.0,0.0,1456101071807
Running observer at: 1456101078800
production-topology1-1-1456101060,0.0,0.0,1456101078999
production-topology2-2-1456101067,0.0,0.0,1456101078999
production-topology3-3-1456101078,0.0,0.0,1456101079000
Running observer at: 1456101082179
production-topology1-1-1456101060,0.0,0.0,1456101082328
production-topology2-2-1456101067,0.0,0.0,1456101082328
production-topology3-3-1456101078,0.0,0.0,1456101082328
Running observer at: 1456101085974
production-topology1-1-1456101060,0.0,0.0,1456101086176
production-topology2-2-1456101067,0.0,0.0,1456101086177
production-topology4-4-1456101085,0.0,0.0,1456101086177
production-topology3-3-1456101078,0.0,0.0,1456101086177
Running observer at: 1456101092907
production-topology1-1-1456101060,0.04188034188034188,0.005235042735042735,1456101093231
production-topology2-2-1456101067,0.0,0.0,1456101093231
production-topology4-4-1456101085,0.0,0.0,1456101093232
production-topology3-3-1456101078,1.0426260964912282,0.26065652412280704,1456101093232
Running observer at: 1456101103904
production-topology1-1-1456101060,0.8805796746773161,0.10249555739529533,1456101104202
production-topology2-2-1456101067,0.48303345006641707,0.06900477858091672,1456101104202
production-topology4-4-1456101085,0.0,0.0,1456101104203
production-topology3-3-1456101078,0.9511499649517692,0.39875521228859945,1456101104203
Running observer at: 1456101114972
production-topology1-1-1456101060,1.1001550708066767,0.20226150873643345,1456101115273
production-topology2-2-1456101067,1.2396106388243886,0.2153305111113507,1456101115273
production-topology4-4-1456101085,1.037040385774563,0.25926009644364073,1456101115273
production-topology3-3-1456101078,1.0417588130742539,0.5059224790862086,1456101115274
Running observer at: 1456101125987
production-topology1-1-1456101060,1.1311562382330194,0.286706484145214,1456101126270
production-topology2-2-1456101067,1.070150502240872,0.31031051012574196,1456101126271
production-topology4-4-1456101085,1.0632095704476283,0.4200499912444382,1456101126271
production-topology3-3-1456101078,0.9722686422425943,0.5725433595371208,1456101126271
Running observer at: 1456101136905
production-topology1-1-1456101060,0.9309277138647689,0.3403915866218436,1456101137186
production-topology2-2-1456101067,0.9784944141765392,0.3771289005308217,1456101137186
production-topology4-4-1456101085,0.932322404660213,0.505428726813734,1456101137186
production-topology3-3-1456101078,0.9718654851053325,0.6224586252331472,1456101137187
Running observer at: 1456101147759
production-topology1-1-1456101060,1.1927856971506645,0.40596036435482985,1456101148066
production-topology2-2-1456101067,0.9112039791879137,0.42568118040873915,1456101148066
production-topology4-4-1456101085,1.0593127532799083,0.5845550163089017,1456101148066
production-topology3-3-1456101078,0.9708607506143847,0.6611699724977291,1456101148066
Running observer at: 1456101158720
production-topology1-1-1456101060,0.9605598190915404,0.44557461112173774,1456101159016
production-topology2-2-1456101067,1.2845117845117844,0.4972503974173263,1456101159016
production-topology4-4-1456101085,0.9996998569323979,0.6364481213868387,1456101159017
production-topology3-3-1456101078,1.0946448175454115,0.7045174570024975,1456101159017
Running observer at: 1456101169666
production-topology1-1-1456101060,1.0284287326884638,0.4844315525595195,1456101169968
production-topology2-2-1456101067,0.7997095557438418,0.520516486519366,1456101169969
production-topology4-4-1456101085,0.9829990921376162,0.6749537848035918,1456101169969
production-topology3-3-1456101078,1.0017537538484889,0.7315389385339511,1456101169969
Running observer at: 1456101180571
production-topology1-1-1456101060,0.9626061442798731,0.5143174645420415,1456101180758
production-topology2-2-1456101067,1.1703633364387431,0.5669341186564643,1456101180758
production-topology4-4-1456101085,1.0213798859633463,0.7095963949195673,1456101180759
production-topology3-3-1456101078,0.9773877650607754,0.7520263407445199,1456101180759
Running observer at: 1456101191284
production-topology1-1-1456101060,1.1444219888615705,0.5513824365608373,1456101191469
production-topology2-2-1456101067,0.9516175299164819,0.5925796794071321,1456101191469
production-topology4-4-1456101085,0.9485927658773827,0.7313233377339141,1456101191469
production-topology3-3-1456101078,1.0063398884615893,0.7715889213381406,1456101191470
Running observer at: 1456101202002
production-topology1-1-1456101060,0.9662952568840479,0.5744331488010156,1456101202254
production-topology2-2-1456101067,0.9877280293660838,0.6172764512795665,1456101202254
production-topology4-4-1456101085,1.05057586847178,0.7579277152954029,1456101202254
production-topology3-3-1456101078,0.9810359027456398,0.7865494200101049,1456101202255
Running observer at: 1456101212867
production-topology1-1-1456101060,1.0,0.596831404127278,1456101213103
production-topology2-2-1456101067,1.0473983576275216,0.6425777398882698,1456101213104
production-topology4-4-1456101085,0.9964881074218607,0.7762785146897458,1456101213104
production-topology3-3-1456101078,1.0231533662868828,0.8023230164285567,1456101213104
Running observer at: 1456101223538
production-topology1-1-1456101060,1.0,0.6169898339209141,1456101223809
production-topology2-2-1456101067,1.0161653238767743,0.6633326056654089,1456101223809
production-topology4-4-1456101085,0.9894455621247178,0.7915047323636725,1456101223809
production-topology3-3-1456101078,0.9487768140865626,0.811476378782182,1456101223810
Running observer at: 1456101227066
production-topology1-1-1456101060,1.0,0.6352284132580134,1456101227293
production-topology2-2-1456101067,1.0306088809444232,0.6826629359432518,1456101227293
production-topology4-4-1456101085,0.9941888491096635,0.8050170068134052,1456101227293
production-topology3-3-1456101078,1.1113695090439275,0.82911715115052,1456101227294
Running observer at: 1456101234429
production-topology1-1-1456101060,0.0,0.6063543944735582,1456101234646
production-topology2-2-1456101067,0.8913499401612772,0.693097286154153,1456101234647
production-topology4-4-1456101085,1.0546946638961445,0.8206218603810764,1456101234647
production-topology3-3-1456101078,0.9289815130969221,0.8346651712586534,1456101234647
Running observer at: 1456101245221
production-topology1-1-1456101060,1.0,0.6234694208007948,1456101245428
production-topology2-2-1456101067,1.0782372272916179,0.7114372833511752,1456101245428
production-topology4-4-1456101085,1.0154998796610033,0.8320852732798957,1456101245429
production-topology3-3-1456101078,1.065786425623017,0.8468294478041463,1456101245429
Running observer at: 1456101255912
production-topology1-1-1456101060,0.0,0.5974915282674284,1456101256161
production-topology2-2-1456101067,0.9307283029297955,0.7214050569683852,1456101256161
production-topology4-4-1456101085,0.9928375908354342,0.8410159575885366,1456101256162
production-topology3-3-1456101078,0.9923003131677426,0.854102991072326,1456101256162
Running observer at: 1456101266664
production-topology1-1-1456101060,0.6152145473574046,0.5982004490310274,1456101266919
production-topology2-2-1456101067,0.9597416153951775,0.7317675160304197,1456101266919
production-topology4-4-1456101085,0.986328218233919,0.8486639713067148,1456101266919
production-topology3-3-1456101078,0.9607636662482084,0.8591820708426061,1456101266920
Running observer at: 1456101277464
production-topology1-1-1456101060,1.15139612311158,0.6194772057264333,1456101277689
production-topology2-2-1456101067,0.9646240553268447,0.7414698718344374,1456101277689
production-topology4-4-1456101085,0.9737370127206315,0.8549176233774105,1456101277690
production-topology3-3-1456101078,1.0999706094463924,0.8701270044155055,1456101277690
Running observer at: 1456101288311
production-topology1-1-1456101060,1.0538729191586924,0.635565935853554,1456101288546
production-topology2-2-1456101067,1.085451465666195,0.7552291355877077,1456101288546
production-topology4-4-1456101085,1.0335909847004894,0.8634258786785095,1456101288546
production-topology3-3-1456101078,0.9204522145472082,0.8723150570299273,1456101288547
Running observer at: 1456101299131
production-topology1-1-1456101060,1.127705285102833,0.6531423411838855,1456101299342
production-topology2-2-1456101067,0.9661908365437534,0.7633430471629402,1456101299343
production-topology4-4-1456101085,0.9873893671273255,0.8690605826989102,1456101299343
production-topology3-3-1456101078,0.9920250311092118,0.8773029726165641,1456101299343
Running observer at: 1456101309937
production-topology1-1-1456101060,0.9732656102679523,0.6641810746005774,1456101310202
production-topology2-2-1456101067,1.1053462551047093,0.776009832642265,1456101310202
production-topology4-4-1456101085,1.0003515816358544,0.8747688870005164,1456101310202
production-topology3-3-1456101078,1.0273635240233032,0.8833053946728338,1456101310203
Running observer at: 1456101320795
production-topology1-1-1456101060,0.8962851588603366,0.671917877409236,1456101321067
production-topology2-2-1456101067,0.9602241955945103,0.7825889170334166,1456101321067
production-topology4-4-1456101085,0.9586874880445979,0.8782654953773532,1456101321068
production-topology3-3-1456101078,1.0474383453147846,0.8896182004667549,1456101321068
Running observer at: 1456101331716
production-topology1-1-1456101060,0.9632290875909418,0.7040255136622675,1456101331991
production-topology2-2-1456101067,1.087055559062842,0.7930877667585692,1456101331991
production-topology4-4-1456101085,1.0344988344988342,0.8845148289422124,1456101331992
production-topology3-3-1456101078,0.9663853262674608,0.8924614273482625,1456101331992
Running observer at: 1456101342536
production-topology1-1-1456101060,1.1460901316603729,0.7422285180509466,1456101342779
production-topology2-2-1456101067,0.8632216543250065,0.7954255630107838,1456101342779
production-topology4-4-1456101085,0.9324632307643149,0.8863589982430626,1456101342779
production-topology3-3-1456101078,1.013171980299914,0.8967725185251071,1456101342779
Running observer at: 1456101353283
production-topology1-1-1456101060,1.0964483421442464,0.7787767961224215,1456101353481
production-topology2-2-1456101067,1.0698310080876152,0.8310865966137043,1456101353481
production-topology4-4-1456101085,1.1019901200541093,0.8943453360879161,1456101353481
production-topology3-3-1456101078,0.9381736162487471,0.898200142584543,1456101353482
Running observer at: 1456101363982
production-topology1-1-1456101060,0.8968032886207552,0.8086702390764466,1456101364175
production-topology2-2-1456101067,0.8702445984366377,0.8600947498949255,1456101364176
production-topology4-4-1456101085,0.9851613731944382,0.8975887659845776,1456101364176
production-topology3-3-1456101078,1.0503739242041379,0.9032726019718628,1456101364176
Running observer at: 1456101374618
production-topology1-1-1456101060,1.0800654318760556,0.8446724201389818,1456101374827
production-topology2-2-1456101067,1.0020686320369485,0.8934970376294905,1456101374827
production-topology4-4-1456101085,0.9960332217044614,0.9009834023887116,1456101374827
production-topology3-3-1456101078,0.9533575813640569,0.9350511880173313,1456101374827
/var/nimbus/storm/bin/storm rebalance production-topology1 -e spout_head=11
1456101375186
/var/nimbus/storm/bin/storm rebalance production-topology2 -e spout_head=9
Running observer at: 1456101385397
production-topology1-1-1456101060,1.0021219174547509,1.0021219174547509,1456101385561
production-topology2-2-1456101067,0.993820135872425,0.993820135872425,1456101385561
production-topology4-4-1456101085,0.9790456709647121,0.9035854780079116,1456101385561
production-topology3-3-1456101078,1.008601771268837,0.9686712470596259,1456101385561
Running observer at: 1456101396070
production-topology1-1-1456101060,1.066153846153846,1.0341378818042983,1456101396303
production-topology2-2-1456101067,4.375,2.6844100679362124,1456101396303
production-topology4-4-1456101085,0.9945213686592996,0.9367361902965549,1456101396303
production-topology3-3-1456101078,1.0638940152898253,1.00413438090262,1456101396304
Running observer at: 1456101406847
production-topology1-1-1456101060,1.0,1.0227585878695322,1456101407083
production-topology2-2-1456101067,1.0,2.1229400452908083,1456101407083
production-topology4-4-1456101085,1.0256225879627983,0.9709236098953148,1456101407084
production-topology3-3-1456101078,1.030285829350996,1.0037230386646125,1456101407084
Running observer at: 1456101414020
production-topology1-1-1456101060,1.0,1.0170689409021492,1456101414215
production-topology2-2-1456101067,1.0,1.8422050339681062,1456101414215
production-topology4-4-1456101085,1.0595523264029754,1.006242020775414,1456101414215
production-topology3-3-1456101078,0.9258043057571359,1.0028781833581248,1456101414216
Running observer at: 1456101414880
production-topology1-1-1456101060,1.0,1.0136551527217192,1456101415269
production-topology2-2-1456101067,1.0,1.6737640271744851,1456101415270
production-topology4-4-1456101085,1.03125,1.0060490079162616,1456101415270
production-topology3-3-1456101078,2.0,1.0348195562556497,1456101415270
Running observer at: 1456101417612
production-topology1-1-1456101060,0.9920492098676619,1.010054162246043,1456101417784
production-topology2-2-1456101067,1.0,1.5614700226454044,1456101417784
production-topology4-4-1456101085,0.904815723858501,1.0007692130299575,1456101417784
production-topology3-3-1456101078,0.970612013905732,1.0347643353110876,1456101417784
Running observer at: 1456101428368
production-topology1-1-1456101060,0.0,0.8657607104966083,1456101428555
production-topology2-2-1456101067,0.08888888888888889,1.3511012892516163,1456101428555
production-topology4-4-1456101085,0.9641201409899827,1.0018291375742832,1456101428556
production-topology3-3-1456101078,1.0155191698272577,1.0362194581351516,1456101428556
Running observer at: 1456101439142
production-topology1-1-1456101060,0.612849803416262,0.8341468471115651,1456101439414
production-topology2-2-1456101067,0.9333526274444949,1.2988827065257262,1456101439414
production-topology4-4-1456101085,1.1001578954495108,1.00319064231327,1456101439414
production-topology3-3-1456101078,0.9737703212685541,1.0363164438236239,1456101439414
Running observer at: 1456101450020
production-topology1-1-1456101060,1.1240420842407461,0.8663574290148074,1456101450212
production-topology2-2-1456101067,1.0190521831967727,1.2677904261558426,1456101450212
production-topology4-4-1456101085,0.8636315095259548,0.9986550307330553,1456101450212
production-topology3-3-1456101078,0.9928983148876102,1.0329248937350308,1456101450212
Running observer at: 1456101460801
production-topology1-1-1456101060,0.8840183163931378,0.8681235177526405,1456101461003
production-topology2-2-1456101067,1.1764424100489672,1.258655624545155,1456101461004
production-topology4-4-1456101085,1.1144771150494164,1.003037631496782,1456101461004
production-topology3-3-1456101078,1.009712087015724,1.033190171507272,1456101461004
Running observer at: 1456101471546
production-topology1-1-1456101060,1.1215822816581826,0.8911652235622353,1456101471779
production-topology2-2-1456101067,0.881026109669837,1.224325668647399,1456101471779
production-topology4-4-1456101085,1.0209666486429285,1.0030238569194347,1456101471779
production-topology3-3-1456101078,0.9571994051368126,1.032517226176473,1456101471780
Running observer at: 1456101482309
production-topology1-1-1456101060,1.0042888123987779,0.9005921892986138,1456101482524
production-topology2-2-1456101067,0.9850678972936766,1.2043875210345887,1456101482524
production-topology4-4-1456101085,0.9765333072887292,1.003955208299813,1456101482525
production-topology3-3-1456101078,1.0318571913321182,1.033367802938824,1456101482525
Running observer at: 1456101493079
production-topology1-1-1456101060,0.8984820812178307,0.9004298732923998,1456101493307
production-topology2-2-1456101067,1.0313208575666608,1.1910747007678248,1456101493307
production-topology4-4-1456101085,0.9443742058420957,1.0004151528788234,1456101493307
production-topology3-3-1456101078,0.9870040052506535,1.0335667396889912,1456101493307
Running observer at: 1456101503783
production-topology1-1-1456101060,1.175061210131332,0.9200463973523235,1456101503980
production-topology2-2-1456101067,0.9983900792521166,1.177311513516703,1456101503980
production-topology4-4-1456101085,1.0294726948213817,1.0015146391254741,1456101503980
production-topology3-3-1456101078,1.0410236523286018,1.0341624158903817,1456101503980
Running observer at: 1456101514542
production-topology1-1-1456101060,0.9809873738724252,0.9241091291203303,1456101514744
production-topology2-2-1456101067,0.9884347144391856,1.1647197269115352,1456101514744
production-topology4-4-1456101085,0.9645601767819976,1.000685126280717,1456101514744
production-topology3-3-1456101078,0.9965347985347985,1.035754348705323,1456101514744
Running observer at: 1456101525284
production-topology1-1-1456101060,0.9531408225263777,0.9259236099582082,1456101525491
production-topology2-2-1456101067,0.9616078135115089,1.1520252323240336,1456101525491
production-topology4-4-1456101085,1.0045269700873245,1.0010297303133056,1456101525492
production-topology3-3-1456101078,1.0526550257976561,1.0337971992637807,1456101525492
Running observer at: 1456101536016
production-topology1-1-1456101060,1.1452828710631417,0.9388270959055572,1456101536199
production-topology2-2-1456101067,0.9997238249366734,1.14306632600713,1456101536199
production-topology4-4-1456101085,1.0700463557545032,1.001541453375251,1456101536199
production-topology3-3-1456101078,0.8873514919535122,1.0324095318923339,1456101536199
Running observer at: 1456101546845
production-topology1-1-1456101060,0.9506704941230266,0.9394850624731945,1456101547091
production-topology2-2-1456101067,1.0661836556767432,1.1387950665443307,1456101547091
production-topology4-4-1456101085,0.9655347115807932,0.9998759477725774,1456101547091
production-topology3-3-1456101078,1.0832689259594763,1.032992281903549,1456101547091
Running observer at: 1456101557731
production-topology1-1-1456101060,0.9403455918363727,0.9395303534923091,1456101557922
production-topology2-2-1456101067,0.8829785952932024,1.1253310417416398,1456101557922
production-topology4-4-1456101085,1.0285714285714285,1.0010670756971105,1456101557922
production-topology3-3-1456101078,0.9902339040270076,1.032923401598858,1456101557922
Running observer at: 1456101568440
production-topology1-1-1456101060,1.0101289469976338,0.9430602831675753,1456101568644
production-topology2-2-1456101067,0.9787630256624522,1.1180026409376804,1456101568644
production-topology4-4-1456101085,0.9584539277028927,1.0001379326794093,1456101568645
production-topology3-3-1456101078,1.014427845391913,1.0347122075703148,1456101568645
Running observer at: 1456101579203
production-topology1-1-1456101060,0.9648101074751776,0.9440959890869849,1456101579456
production-topology2-2-1456101067,0.95894316959513,1.110428380397559,1456101579456
production-topology4-4-1456101085,1.1126843774781918,1.0047695115046615,1456101579456
production-topology3-3-1456101078,0.9819198176872435,1.030777181178343,1456101579456
Running observer at: 1456101590023
production-topology1-1-1456101060,1.1947489513210388,0.9554893055521692,1456101590226
production-topology2-2-1456101067,1.2182510891694511,1.1153294126144633,1456101590226
production-topology4-4-1456101085,0.9017496501823481,1.000374800354057,1456101590227
production-topology3-3-1456101078,1.060079739928016,1.03543143202437,1456101590227
Running observer at: 1456101600756
production-topology1-1-1456101060,0.9096332774007927,0.9534955651977615,1456101601014
production-topology2-2-1456101067,0.9498720919561325,1.1081356160641012,1456101601014
production-topology4-4-1456101085,1.0895791507205292,1.0037811264738303,1456101601014
production-topology3-3-1456101078,0.9346543776251146,1.0335190769082336,1456101601015
Running observer at: 1456101611538
production-topology1-1-1456101060,0.938756240272046,0.95288142665919,1456101611753
production-topology2-2-1456101067,0.8532066893087551,1.097513577449295,1456101611753
production-topology4-4-1456101085,0.931430035849385,1.0014837416142812,1456101611754
production-topology3-3-1456101078,1.0195963586974823,1.0332601713973728,1456101611754
Running observer at: 1456101622262
production-topology1-1-1456101060,1.136201511467901,0.9602142300515385,1456101622458
production-topology2-2-1456101067,1.1906809335633688,1.101240271693858,1456101622458
production-topology4-4-1456101085,1.1175140341852432,1.0067779598189697,1456101622459
production-topology3-3-1456101078,0.8915442912474598,1.0280637029284618,1456101622459
Running observer at: 1456101632997
production-topology1-1-1456101060,0.9863878192519521,0.9612209065592467,1456101633181
production-topology2-2-1456101067,1.004070439752866,1.0975029704653583,1456101633181
production-topology4-4-1456101085,0.9209685605518938,1.0029936173540714,1456101633182
production-topology3-3-1456101078,1.1863021266796434,1.0353942629422013,1456101633182
Running observer at: 1456101643767
production-topology1-1-1456101060,0.9115736928719781,0.9593821208671257,1456101643966
production-topology2-2-1456101067,0.8706667120135135,1.0891016275597343,1456101643966
production-topology4-4-1456101085,1.0589606074988134,1.0072101965785547,1456101643967
production-topology3-3-1456101078,0.9693450496750551,1.033933365254706,1456101643967
Running observer at: 1456101654574
production-topology1-1-1456101060,1.0119061294666616,0.9612579783171091,1456101654789
production-topology2-2-1456101067,0.8710695599564834,1.0813147680024755,1456101654789
production-topology4-4-1456101085,0.9299092950445431,1.0014741690782358,1456101654790
production-topology3-3-1456101078,1.023337971940913,1.0367721771111116,1456101654790
Running observer at: 1456101665339
production-topology1-1-1456101060,0.943860156989367,0.9606580534437387,1456101665563
production-topology2-2-1456101067,1.2062915185643732,1.0856243111252994,1456101665563
production-topology4-4-1456101085,1.0823920173198276,1.004715190549082,1456101665563
production-topology3-3-1456101078,0.9835990766466551,1.0345463488591955,1456101665563
Running observer at: 1456101676101
production-topology1-1-1456101060,1.267520921813341,0.9708868157227254,1456101676331
production-topology2-2-1456101067,0.9112080684803797,1.0798104363704688,1456101676331
production-topology4-4-1456101085,0.9774890858700382,1.0040970526879347,1456101676331
production-topology3-3-1456101078,1.0255351614329942,1.0369522681948267,1456101676331
Running observer at: 1456101686843
production-topology1-1-1456101060,0.8825860840737895,0.9669022879433599,1456101687035
production-topology2-2-1456101067,1.063384188626907,1.0821292381289516,1456101687035
production-topology4-4-1456101085,1.0721857778065984,1.0072017229159975,1456101687035
production-topology3-3-1456101078,0.9718407767128556,1.0357269017096273,1456101687036
Running observer at: 1456101697533
production-topology1-1-1456101060,0.9629953838925459,0.9634636725346499,1456101697734
production-topology2-2-1456101067,1.0080334965580868,0.9698970213475544,1456101697734
production-topology4-4-1456101085,0.9378437806569466,1.0053124699825857,1456101697734
production-topology3-3-1456101078,1.0230588368601454,1.0343657290953046,1456101697734
Running observer at: 1456101708264
production-topology1-1-1456101060,0.9892590891424937,0.9631056421727332,1456101708470
production-topology2-2-1456101067,1.0477583500442555,0.9714889663490296,1456101708471
production-topology4-4-1456101085,0.9892627969863046,1.004100476950036,1456101708471
production-topology3-3-1456101078,0.9712429743888026,1.0323976339298981,1456101708471
Running observer at: 1456101719017
production-topology1-1-1456101060,1.0652301378900788,0.9652799801024025,1456101719203
production-topology2-2-1456101067,1.058433334363387,0.9734367441611425,1456101719203
production-topology4-4-1456101085,0.9969937991002991,1.0020151927066134,1456101719203
production-topology3-3-1456101078,1.0187331206928663,1.0354952610944224,1456101719203
Running observer at: 1456101729719
production-topology1-1-1456101060,0.8776678713242879,0.9612022424798786,1456101729907
production-topology2-2-1456101067,0.9363673922377131,0.9713156572357329,1456101729907
production-topology4-4-1456101085,1.0046648213975433,1.0011290200865315,1456101729907
production-topology3-3-1456101078,1.069040481473641,1.0044632771435438,1456101729907
Running observer at: 1456101740444
production-topology1-1-1456101060,1.1328406240572848,0.965895289619533,1456101740637
production-topology2-2-1456101067,0.9430634143518519,0.9694177710474612,1456101740637
production-topology4-4-1456101085,0.9420340215137731,1.0023696300083738,1456101740638
production-topology3-3-1456101078,0.9591358998124951,1.0040807400071026,1456101740638
Running observer at: 1456101751168
production-topology1-1-1456101060,0.9904129437333976,0.9989090544106461,1456101751411
production-topology2-2-1456101067,0.8744442552694828,0.9956029499268144,1456101751411
production-topology4-4-1456101085,1.0417823397623223,1.004958369967452,1456101751411
production-topology3-3-1456101078,0.9837507193926113,1.003021791659281,1456101751411
Running observer at: 1456101761994
production-topology1-1-1456101060,1.0537717555597133,1.0136064528154278,1456101762219
production-topology2-2-1456101067,0.9792828681656071,0.9971339579508514,1456101762220
production-topology4-4-1456101085,1.0517718380477037,1.0033455013873918,1456101762220
production-topology3-3-1456101078,0.9748042897606896,1.0030562572756854,1456101762220
Running observer at: 1456101772804
production-topology1-1-1456101060,0.848587299216001,1.0044246266479362,1456101773073
production-topology2-2-1456101067,1.3356752306106618,1.0076880595313145,1456101773074
production-topology4-4-1456101085,0.9896659607015325,1.007546649759911,1456101773074
production-topology3-3-1456101078,1.1004588601685312,1.0066416087850496,1456101773074
Running observer at: 1456101783639
production-topology1-1-1456101060,1.1623750744809227,1.0137031852508622,1456101783883
production-topology2-2-1456101067,0.9623142153262636,1.0005504530405578,1456101783883
production-topology4-4-1456101085,0.9686599545108844,1.00268607774196,1456101783883
production-topology3-3-1456101078,0.9450627601715398,1.0044866312235767,1456101783883
Running observer at: 1456101794460
production-topology1-1-1456101060,0.958449503486934,1.0082654259784873,1456101794667
production-topology2-2-1456101067,0.8341664855466203,0.9989884655697838,1456101794667
production-topology4-4-1456101085,0.9681365764725529,1.0009250753362806,1456101794667
production-topology3-3-1456101078,0.9478670492391352,1.004175552693654,1456101794667
Running observer at: 1456101805145
production-topology1-1-1456101060,1.0697751249267555,1.0104483030627534,1456101805338
production-topology2-2-1456101067,1.048582355046752,1.001105614161553,1456101805338
production-topology4-4-1456101085,0.9907363402378017,1.0013985097679161,1456101805338
production-topology3-3-1456101078,1.1299443473573896,1.0074451245611633,1456101805339
Running observer at: 1456101815890
production-topology1-1-1456101060,1.0307997324382472,1.014858891436767,1456101816088
production-topology2-2-1456101067,1.0057176758943795,1.0002521747724769,1456101816088
production-topology4-4-1456101085,1.0923781425208938,1.0063319743238763,1456101816088
production-topology3-3-1456101078,0.916585802219641,1.005097851126796,1456101816088
Running observer at: 1456101826619
production-topology1-1-1456101060,0.9610337465778998,1.0077246426516528,1456101826863
production-topology2-2-1456101067,0.9712201035894028,0.9993465089170531,1456101826863
production-topology4-4-1456101085,0.939293828519814,1.0033260121138239,1456101826863
production-topology3-3-1456101078,1.0623952933663887,1.005810239161389,1456101826864
Running observer at: 1456101837335
production-topology1-1-1456101060,1.0115514658224651,1.0087434457166542,1456101837528
production-topology2-2-1456101067,0.96413930475355,0.9985366619275319,1456101837528
production-topology4-4-1456101085,1.0012495526661098,1.0045489913099612,1456101837529
production-topology3-3-1456101078,1.0143803120810975,1.0064050896129324,1456101837529
Running observer at: 1456101848079
production-topology1-1-1456101060,1.0127109215155863,1.010729115682961,1456101848273
production-topology2-2-1456101067,1.1652513490490957,1.0053247797787848,1456101848273
production-topology4-4-1456101085,1.016685817753665,1.0049542862321725,1456101848273
production-topology3-3-1456101078,0.9882493514877403,1.0042582338026018,1456101848273
Running observer at: 1456101858806
production-topology1-1-1456101060,1.0408065829752577,1.0072465727466982,1456101858998
production-topology2-2-1456101067,0.9924963334210106,1.0050838633949293,1456101858998
production-topology4-4-1456101085,1.0725084730018846,1.0050363568070853,1456101858998
production-topology3-3-1456101078,0.9838320714231701,1.007474253118257,1456101858998
Running observer at: 1456101869502
production-topology1-1-1456101060,1.0209242363223114,1.009588364153341,1456101869708
production-topology2-2-1456101067,1.052566086269594,1.004629944414691,1456101869708
production-topology4-4-1456101085,0.9423350412088238,1.004263034461353,1456101869708
production-topology3-3-1456101078,1.0065599442273556,1.0049172870605199,1456101869708
Running observer at: 1456101880228
production-topology1-1-1456101060,0.9994008341834428,1.0115568722315769,1456101880444
production-topology2-2-1456101067,0.9682495238443661,1.0074723086997297,1456101880445
production-topology4-4-1456101085,0.9520258992035677,1.0017115168157578,1456101880445
production-topology3-3-1456101078,0.998384004453388,1.0051889570747325,1456101880445
Running observer at: 1456101891075
production-topology1-1-1456101060,0.949272891516794,1.0095283370488821,1456101891360
production-topology2-2-1456101067,0.9377947451156523,1.00610669934817,1456101891360
production-topology4-4-1456101085,0.9401947312609318,1.0011028769343588,1456101891360
production-topology3-3-1456101078,1.0210676448361666,1.0054102837228742,1456101891360
Running observer at: 1456101901972
production-topology1-1-1456101060,0.9678202824381119,1.0096286762143134,1456101902169
production-topology2-2-1456101067,1.0042567778745948,1.0076171529574853,1456101902169
production-topology4-4-1456101085,1.1042801029391844,1.0008227344497256,1456101902170
production-topology3-3-1456101078,1.0051466329061236,1.0061845108968368,1456101902170
Running observer at: 1456101912734
production-topology1-1-1456101060,0.9690095625579497,1.0021040299222106,1456101912937
production-topology2-2-1456101067,1.1366978588421888,1.0048987119465767,1456101912937
production-topology4-4-1456101085,0.9804233384514147,1.003445190725361,1456101912937
production-topology3-3-1456101078,0.9665336936051747,1.003066309352742,1456101912937
Running observer at: 1456101923415
production-topology1-1-1456101060,1.0594339994370954,1.0070973873234206,1456101923617
production-topology2-2-1456101067,0.9881733503284637,1.0061754205589877,1456101923617
production-topology4-4-1456101085,1.0166498149385492,1.0010142128659618,1456101923617
production-topology3-3-1456101078,1.0337641325085623,1.0063699678488571,1456101923617
Running observer at: 1456101934156
production-topology1-1-1456101060,1.0097560975609756,1.0094640492330518,1456101934357
production-topology2-2-1456101067,0.8803135705088231,1.0070789832656566,1456101934357
production-topology4-4-1456101085,0.9694615966694349,1.0022819315599636,1456101934357
production-topology3-3-1456101078,1.0486973025298312,1.0073399993099355,1456101934357
Running observer at: 1456101944891
production-topology1-1-1456101060,0.9802482646458944,1.0042656076723182,1456101945118
production-topology2-2-1456101067,1.0143815885712293,1.0012023384325852,1456101945118
production-topology4-4-1456101085,1.0168702390587905,0.9989271383890816,1456101945118
production-topology3-3-1456101078,0.8722665520868285,1.006697408004581,1456101945119
Running observer at: 1456101955594
production-topology1-1-1456101060,0.996704021094265,1.0046094810670618,1456101955835
production-topology2-2-1456101067,0.9375900687356733,0.9989863260653454,1456101955835
production-topology4-4-1456101085,1.0326247330615415,1.00264901080607,1456101955835
production-topology3-3-1456101078,1.0944625093536442,1.0036360874270478,1456101955836
Running observer at: 1456101966383
production-topology1-1-1456101060,1.123086742161252,1.0116599160433708,1456101966578
production-topology2-2-1456101067,1.1836119011808213,1.0094178323709224,1456101966578
production-topology4-4-1456101085,0.9153972024785422,0.997863563972061,1456101966578
production-topology3-3-1456101078,1.0302083563232372,1.0056648643153203,1456101966579
Running observer at: 1456101977177
production-topology1-1-1456101060,0.9191797568512297,1.0085690369561897,1456101977368
production-topology2-2-1456101067,0.9547599332349803,1.0122075114802056,1456101977368
production-topology4-4-1456101085,1.134110142822561,1.004670258897995,1456101977368
production-topology3-3-1456101078,0.9994704501120886,1.0048692802543595,1456101977368
Running observer at: 1456101988054
production-topology1-1-1456101060,0.9736239919354838,1.009561164787727,1456101988275
production-topology2-2-1456101067,0.9897285399853263,1.0049887455275706,1456101988275
production-topology4-4-1456101085,0.8932788640004468,0.9983664871206822,1456101988275
production-topology3-3-1456101078,1.0483070565517731,1.0070262129178635,1456101988275
Running observer at: 1456101998913
production-topology1-1-1456101060,0.9265882092338463,0.998196741035077,1456101999120
production-topology2-2-1456101067,1.0283976227853777,1.0088950640044039,1456101999120
production-topology4-4-1456101085,0.9858815097945532,0.9986462345848327,1456101999120
production-topology3-3-1456101078,0.9074498240234588,1.0030900350042122,1456101999120
Running observer at: 1456102009642
production-topology1-1-1456101060,1.0654163894553121,1.0042910845477946,1456102009890
production-topology2-2-1456101067,1.0071670356352211,1.007021158904681,1456102009890
production-topology4-4-1456101085,1.0272192569845564,0.997147350557431,1456102009891
production-topology3-3-1456101078,1.0328966376026012,1.0051252303672038,1456102009891
Running observer at: 1456102020428
production-topology1-1-1456101060,0.9828688019132897,1.0049535318151528,1456102020617
production-topology2-2-1456101067,1.0602477674756219,1.0087616346019321,1456102020617
production-topology4-4-1456101085,0.9857450975839513,0.9987440611216645,1456102020617
production-topology3-3-1456101078,0.9432624263053726,1.0024653500153782,1456102020617
Running observer at: 1456102031147
production-topology1-1-1456101060,1.0218046851768228,1.0060383850162968,1456102031333
production-topology2-2-1456101067,0.9346661710909836,1.00499189530349,1456102031333
production-topology4-4-1456101085,1.0866939404369578,1.001991765903353,1456102031333
production-topology3-3-1456101078,1.0558175047288776,1.005284501026714,1456102031333
Running observer at: 1456102041879
production-topology1-1-1456101060,1.1018660596156027,1.0072595824071475,1456102042098
production-topology2-2-1456101067,1.0286944790369448,1.0040006001259418,1456102042098
production-topology4-4-1456101085,0.8691792441792441,0.9977312807393177,1456102042098
production-topology3-3-1456101078,1.0022144072269135,1.0047338772445156,1456102042099
Running observer at: 1456102052577
production-topology1-1-1456101060,0.8864453172358654,1.0075521639375336,1456102052783
production-topology2-2-1456101067,0.9996824911651533,1.006111103423523,1456102052783
production-topology4-4-1456101085,1.1904083867788704,1.0039227329186953,1456102052783
production-topology3-3-1456101078,1.0489874253154539,1.0040654420392428,1456102052783
Running observer at: 1456102063326
production-topology1-1-1456101060,1.0328291120867956,1.0042184468718505,1456102063532
production-topology2-2-1456101067,0.915030523016004,1.005176673712328,1456102063533
production-topology4-4-1456101085,0.9445783865033202,1.0040075450850137,1456102063533
production-topology3-3-1456101078,0.9327839178467559,1.0031870426403846,1456102063533
Running observer at: 1456102074067
production-topology1-1-1456101060,1.0437168974252147,1.0059952453282441,1456102074257
production-topology2-2-1456101067,1.0407080623867386,1.0107188006162366,1456102074257
production-topology4-4-1456101085,0.9800166422681127,1.0019486885018731,1456102074257
production-topology3-3-1456101078,0.9576223317048211,1.002316096384125,1456102074257
Running observer at: 1456102084827
production-topology1-1-1456101060,1.0251027567284063,1.0050396120338674,1456102085090
production-topology2-2-1456101067,1.0038036295455555,1.0115361593289014,1456102085090
production-topology4-4-1456101085,0.9979429640018701,1.0001543927003451,1456102085090
production-topology3-3-1456101078,1.040871314305269,1.004518330535611,1456102085091
Running observer at: 1456102095685
production-topology1-1-1456101060,0.9229560184650429,1.0075185693421687,1456102095973
production-topology2-2-1456101067,0.9611212463638367,0.9990510265206741,1456102095973
production-topology4-4-1456101085,1.0001484728506789,1.0005038097719834,1456102095973
production-topology3-3-1456101078,0.9993922924901186,1.0011494449463305,1456102095973
Running observer at: 1456102106503
production-topology1-1-1456101060,0.989887788778878,1.0017689931521006,1456102106783
production-topology2-2-1456101067,1.1294923938085852,1.0046236324700848,1456102106784
production-topology4-4-1456101085,1.0128025064822817,1.00197522817103,1456102106784
production-topology3-3-1456101078,0.9898001036312967,1.0026406897283224,1456102106784
Running observer at: 1456102117305
production-topology1-1-1456101060,1.0638008028838561,1.0052807031319981,1456102117495
production-topology2-2-1456101067,0.9311532523061085,1.007856524695401,1456102117496
production-topology4-4-1456101085,1.0022051872448576,1.003110848530107,1456102117496
production-topology3-3-1456101078,1.023912847519897,1.0051755496710146,1456102117496
Running observer at: 1456102127940
production-topology1-1-1456101060,1.0060607722685388,1.0031568913767244,1456102128173
production-topology2-2-1456101067,0.968029399869881,1.0051714261895053,1456102128173
production-topology4-4-1456101085,0.9890287972896668,1.0030539304318358,1456102128173
production-topology3-3-1456101078,1.0270270478501167,1.0017449730207721,1456102128174
Running observer at: 1456102138663
production-topology1-1-1456101060,1.0636091233862774,1.0042505377416588,1456102138858
production-topology2-2-1456101067,1.0656313701223066,1.0071685493304363,1456102138858
production-topology4-4-1456101085,0.9907849202892802,0.999667489690782,1456102138858
production-topology3-3-1456101078,0.9342548117362806,1.00233394000466,1456102138858
Running observer at: 1456102149412
production-topology1-1-1456101060,0.8886507203209857,1.0018377701997616,1456102149603
production-topology2-2-1456101067,0.8941992715705452,1.0046011882631412,1456102149603
production-topology4-4-1456101085,1.1055790713075049,1.0052103311170384,1456102149603
production-topology3-3-1456101078,0.9761377401175619,0.9994586882296993,1456102149604
/var/nimbus/storm/bin/storm rebalance production-topology3 -e spout_head=11
1456102149929
/var/nimbus/storm/bin/storm rebalance production-topology1 -e spout_head=10
Running observer at: 1456102160107
production-topology1-1-1456101060,0.9907752051134199,0.9907752051134199,1456102160317
production-topology2-2-1456101067,0.9974070450097847,1.0057101129383488,1456102160317
production-topology4-4-1456101085,0.9227017113563798,1.0025920697400474,1456102160318
production-topology3-3-1456101078,1.0002014259143426,1.0002014259143426,1456102160318
Running observer at: 1456102170804
production-topology1-1-1456101060,1.3888888888888888,1.1898320470011543,1456102170992
production-topology2-2-1456101067,1.1476928591179159,1.005124829940643,1456102170992
production-topology4-4-1456101085,1.075534236785329,1.0045536837077695,1456102170992
production-topology3-3-1456101078,0.7666666666666666,0.8834340462905046,1456102170993
Running observer at: 1456102181534
production-topology1-1-1456101060,1.0,1.1265546980007695,1456102181778
production-topology2-2-1456101067,1.067401714716588,1.0076216759838288,1456102181778
production-topology4-4-1456101085,0.9285116126709214,0.9997537883634039,1456102181778
production-topology3-3-1456101078,2.0,1.255622697527003,1456102181778
Running observer at: 1456102188545
production-topology1-1-1456101060,1.0,1.094916023500577,1456102188793
production-topology2-2-1456101067,0.9925061595026957,1.0056196784249323,1456102188793
production-topology4-4-1456101085,1.033239861949957,1.0027839490547752,1456102188793
production-topology3-3-1456101078,2.0,1.4417170231452523,1456102188793
Running observer at: 1456102189380
production-topology1-1-1456101060,1.2050647049407146,1.1169457597886046,1456102189570
production-topology2-2-1456101067,0.4835164835164836,0.9894619104140029,1456102189571
production-topology4-4-1456101085,2.36130179344465,1.0497598121961447,1456102189571
production-topology3-3-1456101078,2.0,1.553373618516202,1456102189571
Running observer at: 1456102192309
production-topology1-1-1456101060,1.0642344404357817,1.1081605398964676,1456102192483
production-topology2-2-1456101067,1.216,0.9987354189101478,1456102192483
production-topology4-4-1456101085,1.1818431020733653,1.0578147578898924,1456102192483
production-topology3-3-1456101078,2.0,1.6278113487635018,1456102192483
Running observer at: 1456102203001
production-topology1-1-1456101060,0.06503211462450592,0.9591421934290444,1456102203192
production-topology2-2-1456101067,1.06117943724789,1.0006328408892577,1456102203192
production-topology4-4-1456101085,0.9743083655876144,1.05348236664484,1456102203192
production-topology3-3-1456101078,0.03296703296703296,1.3999764465068634,1456102203193
Running observer at: 1456102213718
production-topology1-1-1456101060,0.9892072213500784,0.9629003219191736,1456102213918
production-topology2-2-1456101067,0.9885271945805931,0.9956938187472045,1456102213919
production-topology4-4-1456101085,0.9599409746831042,1.0527996211858963,1456102213919
production-topology3-3-1456101078,0.9377706754479727,1.3422007251245018,1456102213919
Running observer at: 1456102224582
production-topology1-1-1456101060,0.9754790733957399,0.9642979609721254,1456102224772
production-topology2-2-1456101067,0.9299621171848649,0.9937534443090844,1456102224773
production-topology4-4-1456101085,1.0783579638847547,1.0548565594841033,1456102224773
production-topology3-3-1456101078,1.0350041679392126,1.3080677743261364,1456102224773
Running observer at: 1456102235402
production-topology1-1-1456101060,0.9557698144294141,0.9634451463178543,1456102235638
production-topology2-2-1456101067,1.0145579104496911,0.9982282556404467,1456102235639
production-topology4-4-1456101085,0.9807900896131357,1.0552341759155601,1456102235639
production-topology3-3-1456101078,1.0409175688660617,1.281352753780129,1456102235639
Running observer at: 1456102246186
production-topology1-1-1456101060,0.9490291717401447,0.9621346031744262,1456102246373
production-topology2-2-1456101067,0.8554322902483591,0.9929299456963512,1456102246373
production-topology4-4-1456101085,0.9389977058550008,1.052638424808767,1456102246373
production-topology3-3-1456101078,1.1380062963788196,1.2683212576527372,1456102246374
Running observer at: 1456102256921
production-topology1-1-1456101060,1.1554022421682104,0.9782402397572415,1456102257156
production-topology2-2-1456101067,1.0556064625030142,0.9968638254885959,1456102257156
production-topology4-4-1456101085,0.9635975185943345,1.0503375176598602,1456102257156
production-topology3-3-1456101078,0.9623762970746232,1.2428258442712277,1456102257156
Running observer at: 1456102267665
production-topology1-1-1456101060,0.9227640737812228,0.9739728423744709,1456102267869
production-topology2-2-1456101067,1.1246682658973357,0.9948990376458128,1456102267869
production-topology4-4-1456101085,1.1132481210305902,1.0569325482782619,1456102267869
production-topology3-3-1456101078,1.0574261784359762,1.22856433151467,1456102267870
Running observer at: 1456102278378
production-topology1-1-1456101060,0.992362091106308,0.9752863601410307,1456102278606
production-topology2-2-1456101067,1.0334372206518327,0.9975216138930415,1456102278606
production-topology4-4-1456101085,1.0178825106097833,1.0530582938711692,1456102278606
production-topology3-3-1456101078,1.033384579325755,1.214622920644033,1456102278606
Running observer at: 1456102289043
production-topology1-1-1456101060,1.0551058697400157,0.9806076607809631,1456102289231
production-topology2-2-1456101067,0.9126967214168339,0.9949538866074249,1456102289231
production-topology4-4-1456101085,0.9315148466989541,1.054332826627786,1456102289231
production-topology3-3-1456101078,0.9679923823925176,1.1981808847605988,1456102289231
Running observer at: 1456102299802
production-topology1-1-1456101060,0.8560390539516877,0.9728221228541334,1456102300016
production-topology2-2-1456101067,0.8972928383133668,0.9905837271250245,1456102300016
production-topology4-4-1456101085,1.0086192925829311,1.055090752720732,1456102300016
production-topology3-3-1456101078,0.9917486380145277,1.1852788693389693,1456102300017
Running observer at: 1456102310572
production-topology1-1-1456101060,1.0584524918545428,0.9778592033835691,1456102310807
production-topology2-2-1456101067,1.1083236175882747,0.9939556131901264,1456102310807
production-topology4-4-1456101085,0.9942905625221546,1.0539931295719853,1456102310807
production-topology3-3-1456101078,1.087197685892539,1.1795093879597673,1456102310808
Running observer at: 1456102321414
production-topology1-1-1456101060,1.1446208179420523,0.9871237375257071,1456102321630
production-topology2-2-1456101067,1.0505428112151607,0.993632114648111,1456102321631
production-topology4-4-1456101085,1.0396971213120643,1.0557915303629224,1456102321631
production-topology3-3-1456101078,0.927540620503935,1.1655111231011102,1456102321631
Running observer at: 1456102332184
production-topology1-1-1456101060,0.9174512258077565,0.9834567632247623,1456102332468
production-topology2-2-1456101067,0.9261558011426748,0.9933484356498339,1456102332468
production-topology4-4-1456101085,0.8884791795712474,1.0491843716673988,1456102332468
production-topology3-3-1456101078,0.944733519440834,1.1538912492242535,1456102332468
Running observer at: 1456102342992
production-topology1-1-1456101060,0.9294200938550788,0.9807549297562781,1456102343184
production-topology2-2-1456101067,0.9047771138308551,0.9892178568096308,1456102343185
production-topology4-4-1456101085,1.0613015669764403,1.055588449093972,1456102343185
production-topology3-3-1456101078,1.1056454729207539,1.1514789604090785,1456102343185
Running observer at: 1456102353762
production-topology1-1-1456101060,1.035899564224943,0.9833808647309765,1456102353971
production-topology2-2-1456101067,0.9660267766967413,0.988095999660684,1456102353971
production-topology4-4-1456101085,0.9757168041156041,1.0484320630051962,1456102353971
production-topology3-3-1456101078,0.9557587664795129,1.1421589511743373,1456102353971
Running observer at: 1456102364456
production-topology1-1-1456101060,0.9259185959664473,0.980768943423498,1456102364686
production-topology2-2-1456101067,1.3357888425376656,1.0021212769780725,1456102364686
production-topology4-4-1456101085,0.9819038401052391,1.049676244791927,1456102364686
production-topology3-3-1456101078,1.0639461484391743,1.1386038237772844,1456102364687
Running observer at: 1456102375179
production-topology1-1-1456101060,1.1006901628815862,0.9859829094868932,1456102375363
production-topology2-2-1456101067,0.8255744485294118,0.9949501565161616,1456102375364
production-topology4-4-1456101085,1.0609851585521017,1.0523751953347267,1456102375364
production-topology3-3-1456101078,0.93435581035712,1.129723475367712,1456102375364
Running observer at: 1456102385840
production-topology1-1-1456101060,1.0965567896384576,0.9905901544932084,1456102386030
production-topology2-2-1456101067,0.9689171382063403,0.993787273471521,1456102386030
production-topology4-4-1456101085,1.0278293839885277,1.0533714093342816,1456102386030
production-topology3-3-1456101078,1.060527076931747,1.1268402920995468,1456102386030
Running observer at: 1456102396558
production-topology1-1-1456101060,0.87676562754594,0.9860371734153176,1456102396745
production-topology2-2-1456101067,1.109444147378606,0.9987313701720133,1456102396745
production-topology4-4-1456101085,0.9928016729487317,1.053126516004217,1456102396745
production-topology3-3-1456101078,0.9820351605951056,1.1210480868393693,1456102396745
Running observer at: 1456102407331
production-topology1-1-1456101060,1.1570777954614095,0.9926156588786288,1456102407531
production-topology2-2-1456101067,0.8679718037561975,0.9900140171702672,1456102407531
production-topology4-4-1456101085,0.9399006824340266,1.0506964552026086,1456102407531
production-topology3-3-1456101078,1.067012308259014,1.1189697876632017,1456102407532
Running observer at: 1456102418137
production-topology1-1-1456101060,0.9124330507635554,0.9896459326521446,1456102418328
production-topology2-2-1456101067,1.238662348987429,1.000264320392978,1456102418328
production-topology4-4-1456101085,1.0216255280925202,1.0513437998975304,1456102418328
production-topology3-3-1456101078,0.952011406787322,1.1127861439270579,1456102418328
Running observer at: 1456102428942
production-topology1-1-1456101060,1.0480589816996044,0.9917321129752682,1456102429162
production-topology2-2-1456101067,0.9560991475595269,0.9998666453159661,1456102429162
production-topology4-4-1456101085,0.9684490314920704,1.0506578077042774,1456102429162
production-topology3-3-1456101078,1.0155989948704947,1.109315174317895,1456102429163
Running observer at: 1456102439730
production-topology1-1-1456101060,1.0628058361391692,0.9941829310154028,1456102439978
production-topology2-2-1456101067,0.9737388753878119,0.9968035621581497,1456102439978
production-topology4-4-1456101085,1.036567129230012,1.0521838813356348,1456102439978
production-topology3-3-1456101078,1.0065384311578511,1.1057711486916866,1456102439979
Running observer at: 1456102450580
production-topology1-1-1456101060,0.9231621352833477,0.9918155711576676,1456102450797
production-topology2-2-1456101067,0.9578052188216137,0.9989237603998521,1456102450797
production-topology4-4-1456101085,0.9022375782699443,1.0454058315677162,1456102450797
production-topology3-3-1456101078,1.025763855777129,1.103104238927868,1456102450797
Running observer at: 1456102461293
production-topology1-1-1456101060,1.007848568790397,0.9923846832802334,1456102461485
production-topology2-2-1456101067,0.9775368893143722,0.9982614218766716,1456102461485
production-topology4-4-1456101085,1.0905354598287733,1.0510002898501294,1456102461485
production-topology3-3-1456101078,1.0112332627428962,1.103471966822153,1456102461485
Running observer at: 1456102472028
production-topology1-1-1456101060,1.133439567337872,0.9838697058951997,1456102472217
production-topology2-2-1456101067,1.07922560947049,0.9959791802217576,1456102472217
production-topology4-4-1456101085,0.9520659928656363,1.0468846817194732,1456102472217
production-topology3-3-1456101078,0.9611518439345472,1.1099548060644158,1456102472217
Running observer at: 1456102482725
production-topology1-1-1456101060,0.9009543012633564,0.9805681826039783,1456102482907
production-topology2-2-1456101067,0.8845990562268253,0.9898857582720988,1456102482908
production-topology4-4-1456101085,1.1509714183997133,1.0543000085770995,1456102482908
production-topology3-3-1456101078,1.004723978746715,1.0767789386893063,1456102482908
Running observer at: 1456102493438
production-topology1-1-1456101060,0.9707130792391863,0.9795919519119511,1456102493631
production-topology2-2-1456101067,1.0833111042714,0.9929125897643889,1456102493631
production-topology4-4-1456101085,0.9301975989842163,1.0508652664782414,1456102493631
production-topology3-3-1456101078,1.056807961736951,1.0453392040805378,1456102493632
Running observer at: 1456102504121
production-topology1-1-1456101060,1.0172687475334194,0.9733320866650411,1456102504335
production-topology2-2-1456101067,0.8666073638613861,1.0056822857758858,1456102504336
production-topology4-4-1456101085,1.1382131991407696,1.0100956466681121,1456102504336
production-topology3-3-1456101078,0.9979213511583978,1.0119365824524844,1456102504336
Running observer at: 1456102514811
production-topology1-1-1456101060,0.9585361418442782,0.9698088100453243,1456102515000
production-topology2-2-1456101067,1.1097702758020718,1.002141294969288,1456102515000
production-topology4-4-1456101085,0.8635687903297776,0.9994865029433259,1456102515000
production-topology3-3-1456101078,0.9395017119634683,0.9765866395179335,1456102515000
Running observer at: 1456102525555
production-topology1-1-1456101060,1.166676835370606,1.0065303007368611,1456102525756
production-topology2-2-1456101067,0.9566116627352854,0.9986557024855346,1456102525756
production-topology4-4-1456101085,1.115754972404457,1.0042013898372206,1456102525756
production-topology3-3-1456101078,1.0581118766748125,1.0107581343081928,1456102525757
Running observer at: 1456102536280
production-topology1-1-1456101060,0.8654614767255215,1.002405442582709,1456102536500
production-topology2-2-1456101067,0.956981556818526,0.997604181226799,1456102536501
production-topology4-4-1456101085,0.9680520953642584,1.0044717605265925,1456102536501
production-topology3-3-1456101078,0.9515684330083305,1.0112180595602045,1456102536501
Running observer at: 1456102547094
production-topology1-1-1456101060,1.0967424571942868,1.006447555375994,1456102547358
production-topology2-2-1456101067,1.1054686907020874,1.0034544003440395,1456102547358
production-topology4-4-1456101085,0.9752243926342994,1.001033974818244,1456102547358
production-topology3-3-1456101078,1.097060347713638,1.0132865988860187,1456102547359
Running observer at: 1456102558052
production-topology1-1-1456101060,1.0045454545454544,1.0080734100465285,1456102558253
production-topology2-2-1456101067,1.0257274372959324,1.003826717905581,1456102558253
production-topology4-4-1456101085,0.9698134726932126,1.0006680875875797,1456102558253
production-topology3-3-1456101078,0.9531458195089557,1.0103608739074486,1456102558254
Running observer at: 1456102568845
production-topology1-1-1456101060,1.0742930541658742,1.012248872794053,1456102569073
production-topology2-2-1456101067,0.9856256502210463,1.0081664965713373,1456102569073
production-topology4-4-1456101085,1.1010541663009832,1.0060699696024458,1456102569074
production-topology3-3-1456101078,0.9957029702970297,1.005617429704722,1456102569074
Running observer at: 1456102579545
production-topology1-1-1456101060,0.9524653451139072,1.0054843095589094,1456102579774
production-topology2-2-1456101067,1.0679334596507848,1.0085773964762628,1456102579774
production-topology4-4-1456101085,0.9393573953102993,1.005261965492978,1456102579774
production-topology3-3-1456101078,0.9827257448890708,1.0062957446318703,1456102579774
Running observer at: 1456102590286
production-topology1-1-1456101060,0.9890539559269083,1.007693972297099,1456102590471
production-topology2-2-1456101067,0.9580892013014984,1.0030247609897347,1456102590471
production-topology4-4-1456101085,0.9941187784254599,1.0012909874061402,1456102590471
production-topology3-3-1456101078,1.0456727679201163,1.0059039642813417,1456102590472
Running observer at: 1456102600942
production-topology1-1-1456101060,0.9901819415443497,1.0076213006450336,1456102601106
production-topology2-2-1456101067,0.9749001466074894,1.0010735251882565,1456102601106
production-topology4-4-1456101085,1.0356305928841423,1.0018825901486188,1456102601106
production-topology3-3-1456101078,0.9989182038611998,1.00475508509919,1456102601106
Running observer at: 1456102611590
production-topology1-1-1456101060,0.9537824114042737,1.0042438520338421,1456102611779
production-topology2-2-1456101067,1.0447649159291321,1.0054757983386666,1456102611779
production-topology4-4-1456101085,0.9599834577637771,1.0028315438507795,1456102611780
production-topology3-3-1456101078,0.9836082510321251,1.0052756140538435,1456102611780
Running observer at: 1456102622264
production-topology1-1-1456101060,1.0875524475524476,1.0119609651538677,1456102622460
production-topology2-2-1456101067,0.9567123243469984,1.007456447873121,1456102622460
production-topology4-4-1456101085,0.9977677987457678,1.0024698273895407,1456102622460
production-topology3-3-1456101078,1.0235422588817713,1.006335401416085,1456102622461
Running observer at: 1456102632954
production-topology1-1-1456101060,0.8999198097179748,1.006676542415982,1456102633159
production-topology2-2-1456101067,1.0915406539008294,1.006897015750206,1456102633160
production-topology4-4-1456101085,1.0140502980176893,1.003128485239392,1456102633160
production-topology3-3-1456101078,0.9665193483735034,1.0023127901654505,1456102633160
Running observer at: 1456102643685
production-topology1-1-1456101060,1.1082470752873177,1.0054640843274907,1456102643873
production-topology2-2-1456101067,0.887272727272727,1.0014546796187915,1456102643873
production-topology4-4-1456101085,0.9939319896275343,1.0016029808499076,1456102643873
production-topology3-3-1456101078,1.043882490138599,1.006190852486606,1456102643873
Running observer at: 1456102654352
production-topology1-1-1456101060,0.9074047898680284,1.0051292031294998,1456102654527
production-topology2-2-1456101067,1.1082839416446686,1.0075256176355247,1456102654528
production-topology4-4-1456101085,1.0145902772764102,1.0058066841067463,1456102654528
production-topology3-3-1456101078,0.9619289832211386,1.006764034612616,1456102654528
Running observer at: 1456102665076
production-topology1-1-1456101060,1.074967708602428,1.009980790287745,1456102665271
production-topology2-2-1456101067,0.862173875439664,1.0061055096891516,1456102665272
production-topology4-4-1456101085,1.0267619075559309,1.0046553621260628,1456102665272
production-topology3-3-1456101078,1.0740383789925934,1.0057104648150108,1456102665272
Running observer at: 1456102675839
production-topology1-1-1456101060,0.968782897004961,1.0077435680470788,1456102676092
production-topology2-2-1456101067,1.094995733869057,1.0104044749282288,1456102676092
production-topology4-4-1456101085,1.033773162443539,1.0065905740703274,1456102676092
production-topology3-3-1456101078,0.9610860256972759,1.0058880401222696,1456102676093
Running observer at: 1456102686664
production-topology1-1-1456101060,1.0224314563679244,1.0109606633937946,1456102686866
production-topology2-2-1456101067,0.9222357799971364,0.9966193728435447,1456102686867
production-topology4-4-1456101085,0.9664884341010991,1.0060767272035227,1456102686867
production-topology3-3-1456101078,0.9613562350585865,1.0024683763429167,1456102686867
Running observer at: 1456102697546
production-topology1-1-1456101060,0.9269795349833921,1.0051703091305215,1456102697803
production-topology2-2-1456101067,1.210077813704357,1.0094361516827095,1456102697803
production-topology4-4-1456101085,1.025210555590479,1.0048842404381353,1456102697803
production-topology3-3-1456101078,1.0626552643028488,1.0067450248077745,1456102697803
Running observer at: 1456102708414
production-topology1-1-1456101060,1.0736068111455104,1.0044053098474235,1456102708615
production-topology2-2-1456101067,0.9680886994232777,1.0094085370566073,1456102708615
production-topology4-4-1456101085,0.988565305768987,1.003575437830817,1456102708615
production-topology3-3-1456101078,0.9771757909768621,1.0039666486092784,1456102708615
Running observer at: 1456102719099
production-topology1-1-1456101060,1.0078225413287238,1.0087738736401828,1456102719344
production-topology2-2-1456101067,0.9840727842027047,1.0052294916174107,1456102719345
production-topology4-4-1456101085,0.9403133525230922,1.0018258271499625,1456102719345
production-topology3-3-1456101078,0.9906966044098551,1.0042553634031033,1456102719345
Running observer at: 1456102729821
production-topology1-1-1456101060,0.9787119205686243,1.00282834447709,1456102730013
production-topology2-2-1456101067,0.8934140017286085,1.0060775648831577,1456102730014
production-topology4-4-1456101085,0.9915350921175619,1.0035469741394136,1456102730014
production-topology3-3-1456101078,1.0100835972280604,1.0023577397020715,1456102730014
Running observer at: 1456102740459
production-topology1-1-1456101060,0.9579431000388752,1.0043453461196006,1456102740671
production-topology2-2-1456101067,0.9272282395928488,0.9956964279033386,1456102740671
production-topology4-4-1456101085,1.066691652881169,1.0050491782990354,1456102740671
production-topology3-3-1456101078,0.9866882241604359,1.0035136336145087,1456102740671
Running observer at: 1456102751122
production-topology1-1-1456101060,1.0644012826125624,1.004890089483366,1456102751318
production-topology2-2-1456101067,1.0847773034142791,0.9999856997651636,1456102751318
production-topology4-4-1456101085,1.0120760963141355,1.0065034137931042,1456102751318
production-topology3-3-1456101078,1.0097660583750638,1.0033192023979944,1456102751318
Running observer at: 1456102761938
production-topology1-1-1456101060,1.0287091803262014,1.0037535342896002,1456102762132
production-topology2-2-1456101067,1.0232862905135782,1.0016372802693556,1456102762132
production-topology4-4-1456101085,1.0305968249137898,1.0063044036492301,1456102762132
production-topology3-3-1456101078,1.0430172184325026,1.004535161973816,1456102762132
Running observer at: 1456102772602
production-topology1-1-1456101060,0.8628046802204107,1.001741619120836,1456102772816
production-topology2-2-1456101067,0.8519909730519052,0.9981101387436987,1456102772816
production-topology4-4-1456101085,0.9502374583019744,1.0079043996502977,1456102772816
production-topology3-3-1456101078,0.9745083176936742,1.002826644037701,1456102772816
Running observer at: 1456102783422
production-topology1-1-1456101060,1.1722433583715406,1.0072214454402073,1456102783592
production-topology2-2-1456101067,1.0643292893194143,1.0010032187438669,1456102783593
production-topology4-4-1456101085,0.9643515807023744,1.0036982703460844,1456102783593
production-topology3-3-1456101078,1.0115366134647739,1.0028367557284301,1456102783593
Running observer at: 1456102794284
production-topology1-1-1456101060,0.8121982921537891,0.9965134029340711,1456102794509
production-topology2-2-1456101067,1.0994790433341226,1.001678333205988,1456102794510
production-topology4-4-1456101085,1.0674451013104758,1.007544240627579,1456102794510
production-topology3-3-1456101078,1.0108117483811285,1.0044920858766497,1456102794510
Running observer at: 1456102805032
production-topology1-1-1456101060,1.1982686000544445,1.0064238795604408,1456102805263
production-topology2-2-1456101067,0.8102100215828126,0.9991986987178543,1456102805263
production-topology4-4-1456101085,0.9747262272514796,1.001669400922638,1456102805263
production-topology3-3-1456101078,1.0523401651492963,1.006079292090069,1456102805264
Running observer at: 1456102815890
production-topology1-1-1456101060,1.0407493390062457,1.0087584215526761,1456102816101
production-topology2-2-1456101067,1.147222642234115,1.0013290833166113,1456102816101
production-topology4-4-1456101085,0.9846029474930988,1.0034829125396005,1456102816101
production-topology3-3-1456101078,0.9409850265729038,1.0022185275846007,1456102816101
Running observer at: 1456102826694
production-topology1-1-1456101060,0.9496880893001808,1.0065057329449014,1456102826898
production-topology2-2-1456101067,1.0174147886012292,1.0063559974746061,1456102826898
production-topology4-4-1456101085,1.0537964912022226,1.0006690222749826,1456102826898
production-topology3-3-1456101078,1.0244519567762675,1.0031028811051965,1456102826899
Running observer at: 1456102837391
production-topology1-1-1456101060,1.0074247801682013,1.0081353542223657,1456102837589
production-topology2-2-1456101067,0.8650075457507302,0.9981972398062282,1456102837589
production-topology4-4-1456101085,1.0087693766446844,1.0055090418188126,1456102837589
production-topology3-3-1456101078,0.9888002254244401,1.0047461648872287,1456102837590
Running observer at: 1456102848071
production-topology1-1-1456101060,0.9215896194792504,0.9999657803593204,1456102848268
production-topology2-2-1456101067,1.3172871904747094,1.0102197573975422,1456102848268
production-topology4-4-1456101085,0.9110954046312805,0.9986870562263735,1456102848268
production-topology3-3-1456101078,0.9179131861243752,1.000072875202214,1456102848269
Running observer at: 1456102858823
production-topology1-1-1456101060,1.1288530420032168,1.0087454992019103,1456102859016
production-topology2-2-1456101067,1.0704567230916637,1.0140022629399803,1456102859016
production-topology4-4-1456101085,1.0211046872231084,1.000455475955002,1456102859016
production-topology3-3-1456101078,1.0304859384801244,1.0027034587179409,1456102859016
Running observer at: 1456102869487
production-topology1-1-1456101060,1.0671422544679723,1.0077588257776997,1456102869682
production-topology2-2-1456101067,0.8700327950803071,1.0061543997525875,1456102869682
production-topology4-4-1456101085,0.9753527138372861,1.0004597533284347,1456102869682
production-topology3-3-1456101078,1.1506598710101215,1.00449010949449,1456102869682
Running observer at: 1456102880234
production-topology1-1-1456101060,0.8668488600865071,1.0031689392957346,1456102880436
production-topology2-2-1456101067,0.9125069939199523,1.002380384973388,1456102880436
production-topology4-4-1456101085,1.0452327831804098,1.0029737303446746,1456102880436
production-topology3-3-1456101078,0.9610317508890847,1.0047529738738277,1456102880437
Running observer at: 1456102890860
production-topology1-1-1456101060,1.1671829371149889,1.0062652687273719,1456102890986
production-topology2-2-1456101067,1.113411600835738,1.0066399166605444,1456102890986
production-topology4-4-1456101085,1.0393262145448163,1.0009161319528024,1456102890986
production-topology3-3-1456101078,1.0170070559652764,1.0054631100627693,1456102890986
Running observer at: 1456102901520
production-topology1-1-1456101060,1.1073938687575051,1.011429552848825,1456102901648
production-topology2-2-1456101067,0.9190678614233098,1.0016777300529622,1456102901648
production-topology4-4-1456101085,0.9642903336499179,1.0017472298974561,1456102901648
production-topology3-3-1456101078,0.9913617692624755,1.0057509775418827,1456102901648
Running observer at: 1456102911981
production-topology1-1-1456101060,1.0,1.011794420984595,1456102912122
production-topology2-2-1456101067,1.3608181458527613,1.015102028204671,1456102912122
production-topology4-4-1456101085,1.0108249704840613,1.0023041029660762,1456102912123
production-topology3-3-1456101078,0.981310905651021,1.003605582132913,1456102912123
Running observer at: 1456102922562
production-topology1-1-1456101060,1.0,1.012121689599783,1456102922759
production-topology2-2-1456101067,1.0,1.0159386899844212,1456102922759
production-topology4-4-1456101085,0.9996295258665535,1.0011040673988234,1456102922759
production-topology3-3-1456101078,3.96875,1.1025999753375397,1456102922759
Running observer at: 1456102933165
production-topology1-1-1456101060,1.0,1.0136622758863074,1456102933285
production-topology2-2-1456101067,1.0,1.0144465261201168,1456102933285
production-topology4-4-1456101085,2.0,1.035771285473364,1456102933285
production-topology3-3-1456101078,2.0,1.1364797003031355,1456102933286
Running observer at: 1456102943547
production-topology1-1-1456101060,1.0,1.0107438609678927,1456102943611
production-topology2-2-1456101067,1.0,1.0158894486418835,1456102943612
production-topology4-4-1456101085,2.0,1.0691790255151719,1456102943612
production-topology3-3-1456101078,2.0,1.1690282916737431,1456102943612
