Running observer at: 1456776700642
production-topology1-1-1456776700,0.0,0.0,0,0,1456776700951
Running observer at: 1456776701354
production-topology1-1-1456776700,0.0,0.0,0,0,1456776701665
Running observer at: 1456776707632
production-topology1-1-1456776700,0.0,0.0,0,0,1456776708033
production-topology2-2-1456776707,0.0,0.0,0,0,1456776708033
Running observer at: 1456776711939
production-topology1-1-1456776700,0.0,0.0,0,0,1456776712242
production-topology2-2-1456776707,0.0,0.0,0,0,1456776712242
Running observer at: 1456776714808
production-topology1-1-1456776700,0.0,0.0,140,0,1456776715337
production-topology3-3-1456776714,0.0,0.0,0,0,1456776715338
production-topology2-2-1456776707,0.0,0.0,0,0,1456776715338
Running observer at: 1456776721878
production-topology1-1-1456776700,0.0,0.0,500,20,1456776722682
production-topology4-4-1456776721,0.0,0.0,0,0,1456776722682
production-topology3-3-1456776714,0.0,0.0,0,0,1456776722683
production-topology2-2-1456776707,0.0,0.0,220,0,1456776722683
Running observer at: 1456776723217
production-topology1-1-1456776700,0.7944444444444445,0.1134920634920635,320,220,1456776723821
production-topology4-4-1456776721,0.0,0.0,0,0,1456776723821
production-topology3-3-1456776714,0.0,0.0,0,0,1456776723821
production-topology2-2-1456776707,0.0,0.0,0,0,1456776723822
Running observer at: 1456776734402
production-topology1-1-1456776700,1.2381954006060385,0.2540799806313104,1860,1360,1456776734949
production-topology4-4-1456776721,0.0,0.0,0,0,1456776734949
production-topology3-3-1456776714,0.0,0.0,180,0,1456776734950
production-topology2-2-1456776707,0.867710623532403,0.1446184372554005,1740,980,1456776734950
Running observer at: 1456776745604
production-topology1-1-1456776700,1.0307336783456473,0.34037483593290335,2460,1620,1456776746282
production-topology4-4-1456776721,0.6866970926301555,0.1716742731575389,680,920,1456776746283
production-topology3-3-1456776714,1.1627557502391133,0.23255115004782265,1540,3100,1456776746283
production-topology2-2-1456776707,1.1789272135222575,0.29237683386495156,2280,1680,1456776746283
Running observer at: 1456776756876
production-topology1-1-1456776700,0.9457941041608543,0.4009167627556985,2220,1520,1456776757556
production-topology4-4-1456776721,1.1445793159480362,0.3662552817156383,2360,4560,1456776757557
production-topology3-3-1456776714,1.024116141589409,0.36447864863808704,2420,4460,1456776757557
production-topology2-2-1456776707,1.0377201827804237,0.3855447524793856,2100,1360,1456776757557
Running observer at: 1456776768227
production-topology1-1-1456776700,1.0541367204224348,0.46030039527085637,2100,1260,1456776768907
production-topology4-4-1456776721,0.9704470535378569,0.46695391035267475,1940,3380,1456776768907
production-topology3-3-1456776714,0.8977709754423093,0.44066326675297596,2340,4140,1456776768907
production-topology2-2-1456776707,0.9603830261453714,0.4494156717756062,2180,1480,1456776768908
Running observer at: 1456776779339
production-topology1-1-1456776700,1.0830811108028855,0.5121987882318587,2240,1520,1456776779937
production-topology4-4-1456776721,0.9913753579859979,0.5418712600145781,2340,4140,1456776779937
production-topology3-3-1456776714,1.0657386618728577,0.5187976911429611,2040,3660,1456776779938
production-topology2-2-1456776707,1.010765302754222,0.5055506348734677,2380,1520,1456776779938
Running observer at: 1456776790512
production-topology1-1-1456776700,0.912591849193892,0.5429982544597075,2320,1460,1456776791088
production-topology4-4-1456776721,0.942717973065933,0.5919770991459974,2420,4320,1456776791089
production-topology3-3-1456776714,0.9767280526021918,0.5696788424162089,2360,4120,1456776791089
production-topology2-2-1456776707,1.074342177312502,0.55725895691338,2160,1420,1456776791089
Running observer at: 1456776801757
production-topology1-1-1456776700,1.1637491921649732,0.5873376071529408,2020,1380,1456776802326
production-topology4-4-1456776721,1.0208022314885214,0.6396243360729446,1900,3480,1456776802326
production-topology3-3-1456776714,1.0335521272439254,0.6160661708989806,2160,4140,1456776802327
production-topology2-2-1456776707,0.9325708512250568,0.5885349481060197,2220,1380,1456776802327
Running observer at: 1456776812909
production-topology1-1-1456776700,0.8215820482389272,0.6029539032253398,2300,1440,1456776813498
production-topology4-4-1456776721,1.0155773034696478,0.6772196328126149,2260,4040,1456776813498
production-topology3-3-1456776714,0.9759800792398878,0.6487856171117904,2180,3940,1456776813499
production-topology2-2-1456776707,1.044396647469214,0.6236012326724192,2240,1520,1456776813499
Running observer at: 1456776824141
production-topology1-1-1456776700,1.0043576188006746,0.6280416354487983,2520,1560,1456776824650
production-topology4-4-1456776721,0.9520063773476377,0.7022002459521623,2420,4420,1456776824650
production-topology3-3-1456776714,1.0336352984070827,0.680856423886398,2160,3840,1456776824651
production-topology2-2-1456776707,0.9658694448116436,0.6480489621109352,2420,1520,1456776824651
Running observer at: 1456776835246
production-topology1-1-1456776700,1.2815889346362417,0.6664855942245302,2200,1460,1456776835826
production-topology4-4-1456776721,0.9760085880553484,0.7250176077940945,2100,3640,1456776835827
production-topology3-3-1456776714,0.9424897167207318,0.7009820617967315,2380,4120,1456776835827
production-topology2-2-1456776707,1.000170493802073,0.6715237308903445,1900,1140,1456776835827
Running observer at: 1456776846438
production-topology1-1-1456776700,0.8779531010300241,0.6782337890470578,2000,1200,1456776846983
production-topology4-4-1456776721,0.9934671493532915,0.7456675725294174,2180,3860,1456776846984
production-topology3-3-1456776714,1.0544925170071977,0.7262328085974791,2220,4180,1456776846984
production-topology2-2-1456776707,1.0162766523137579,0.6930707884793078,2400,1620,1456776846984
Running observer at: 1456776857527
production-topology1-1-1456776700,0.9464078545111478,0.6923482135451677,2380,1580,1456776858041
production-topology4-4-1456776721,1.1002983247178404,0.7709983405428762,2360,4400,1456776858041
production-topology3-3-1456776714,0.9638390890379246,0.7420732272935087,2080,3720,1456776858041
production-topology2-2-1456776707,0.9742661253037548,0.7096116906454517,2360,1400,1456776858041
Running observer at: 1456776868665
production-topology1-1-1456776700,1.043413176817833,0.709901461708801,2280,1500,1456776869223
production-topology4-4-1456776721,0.9880840484429065,0.785470721069545,2000,3680,1456776869223
production-topology3-3-1456776714,1.0156631511910554,0.7591725975371054,2300,4020,1456776869224
production-topology2-2-1456776707,1.1346664533674613,0.7332258441300079,1880,1200,1456776869224
Running observer at: 1456776879842
production-topology1-1-1456776700,1.0275634768527975,0.7250282243347056,1920,1200,1456776880389
production-topology4-4-1456776721,1.033530087908027,0.80097443149695,2180,3920,1456776880389
production-topology3-3-1456776714,0.9756796541578105,0.771908306750088,2240,4200,1456776880390
production-topology2-2-1456776707,1.0880208340117934,0.7518992646501018,2360,1620,1456776880390
Running observer at: 1456776890981
production-topology1-1-1456776700,1.0076395476445155,0.7378741935760605,2460,1580,1456776891570
production-topology4-4-1456776721,0.9251290662345497,0.8082776453050442,2480,4260,1456776891570
production-topology3-3-1456776714,0.9855459862445075,0.7837770667220002,2080,3620,1456776891570
production-topology2-2-1456776707,0.8049108643142197,0.7545498446333078,2300,1420,1456776891570
Running observer at: 1456776902143
production-topology1-1-1456776700,1.0221115085979953,0.750232337707449,2160,1400,1456776902758
production-topology4-4-1456776721,1.0525865560069134,0.8218503625662591,2060,3980,1456776902758
production-topology3-3-1456776714,1.0337636906973704,0.796934257457546,2320,4100,1456776902758
production-topology2-2-1456776707,1.1182545454545454,0.7718691161009856,1920,1240,1456776902758
Running observer at: 1456776913298
production-topology1-1-1456776700,0.9245385774311394,0.7574950976959361,1980,1240,1456776913888
production-topology4-4-1456776721,0.973205223539102,0.8298164078806193,2080,3620,1456776913889
production-topology3-3-1456776714,1.0010770579757178,0.8071413974834545,2360,4360,1456776913889
production-topology2-2-1456776707,0.8707635437843881,0.7763643173593221,2420,1540,1456776913889
Running observer at: 1456776924460
production-topology1-1-1456776700,0.9457034429248933,0.7650234315050944,2440,1540,1456776925033
production-topology4-4-1456776721,0.9910395859347547,0.837877566783326,2440,4380,1456776925033
production-topology3-3-1456776714,1.0364101526364478,0.8180589572526448,1880,3500,1456776925034
production-topology2-2-1456776707,1.1082916369591314,0.7907959399506181,2260,1460,1456776925034
Running observer at: 1456776935598
production-topology1-1-1456776700,1.0541876018158947,0.7761451303632021,2260,1460,1456776936161
production-topology4-4-1456776721,0.9940909619484718,0.8453162998864282,2140,3820,1456776936161
production-topology3-3-1456776714,0.9732226989953301,0.8251118546045849,2320,4140,1456776936161
production-topology2-2-1456776707,1.0207180025361844,0.8003760258916834,2040,1340,1456776936161
Running observer at: 1456776946800
production-topology1-1-1456776700,0.8726750725405964,0.7797203134068093,1960,1280,1456776947404
production-topology4-4-1456776721,1.00277638099579,0.8524735763004901,2080,3720,1456776947404
production-topology3-3-1456776714,0.9975047953706702,0.8326071998552843,2380,4300,1456776947404
production-topology2-2-1456776707,0.9572229885057472,0.8066499043962461,2320,1460,1456776947404
Running observer at: 1456776957986
production-topology1-1-1456776700,1.201292711457985,0.7947764704800655,2380,1480,1456776958610
production-topology4-4-1456776721,0.9756410414101884,0.8578286834791726,2460,4400,1456776958611
production-topology3-3-1456776714,0.9727051816053782,0.8384446157615382,1960,3520,1456776958611
production-topology2-2-1456776707,1.2044660689631685,0.8219505261103583,2280,1460,1456776958611
Running observer at: 1456776969114
production-topology1-1-1456776700,0.8558237240251836,0.7968815481885179,2360,1400,1456776969676
production-topology4-4-1456776721,1.0086917698709752,0.8641146454121644,2340,4340,1456776969677
production-topology3-3-1456776714,1.0528526951321067,0.8470209389363609,2240,4060,1456776969677
production-topology2-2-1456776707,0.9181495284256264,0.825513452122035,2160,1400,1456776969677
Running observer at: 1456776980185
production-topology1-1-1456776700,1.3404834200162343,0.815001610582775,1860,1340,1456776980768
production-topology4-4-1456776721,1.0429857245699443,0.8712694885784756,1740,3200,1456776980768
production-topology3-3-1456776714,0.9808729139922977,0.8521690918231276,2400,4220,1456776980769
production-topology2-2-1456776707,0.9859610751963749,0.83124372437469,2220,1420,1456776980769
Running observer at: 1456776991295
production-topology1-1-1456776700,0.8044112615756079,0.841815319301962,2420,1460,1456776991893
production-topology4-4-1456776721,0.9619537712804092,0.8747573456054731,2540,4340,1456776991893
production-topology3-3-1456776714,1.0132096781549373,0.858133557983565,2060,3600,1456776991893
production-topology2-2-1456776707,1.0927409986001697,0.8402608717617756,2260,1440,1456776991893
Running observer at: 1456777002408
production-topology1-1-1456776700,1.0427201394943328,0.8765726572851064,2340,1500,1456777002965
production-topology4-4-1456776721,0.9638696795639615,0.8780578024187505,2300,4300,1456777002965
production-topology3-3-1456776714,0.9763529718123776,0.8623556799060227,2200,4040,1456777002966
production-topology2-2-1456776707,0.8657715667382122,0.84111122826099,2140,1380,1456777002966
Running observer at: 1456777013384
production-topology1-1-1456776700,1.034448254259904,0.9110542657604365,1880,1280,1456777014041
production-topology4-4-1456776721,1.0541044406942275,0.8843451823571604,1860,3220,1456777014041
production-topology3-3-1456776714,0.9773975743102256,0.8663226417820296,2460,4320,1456777014041
production-topology2-2-1456776707,1.0651192633699922,0.8766152037066565,2240,1380,1456777014042
Running observer at: 1456777024520
production-topology1-1-1456776700,0.8742459116571968,0.9401957961490097,2260,1540,1456777025019
production-topology4-4-1456776721,1.0559422180626643,0.8902623215194192,2360,4420,1456777025020
production-topology3-3-1456776714,1.0284215687861522,0.8717259393488336,1920,3420,1456777025020
production-topology2-2-1456776707,0.9549161613546115,0.9084457424184769,2220,1440,1456777025020
Running observer at: 1456777035587
production-topology1-1-1456776700,1.2089218794052012,0.9804931921291832,2420,1520,1456777036177
production-topology4-4-1456776721,0.966355861876802,0.8927987728646654,2160,3860,1456777036177
production-topology3-3-1456776714,1.044587370814122,0.906545518375971,2240,4200,1456777036177
production-topology2-2-1456776707,1.1466431870829845,0.9466671819879096,2080,1380,1456777036177
Running observer at: 1456777046656
production-topology1-1-1456776700,0.8446784987031306,1.0086491420859542,1880,1240,1456777047215
production-topology4-4-1456776721,0.9798562405731523,0.9254606475504371,2100,3640,1456777047215
production-topology3-3-1456776714,1.0122225525083346,0.9402862701262488,2480,4420,1456777047215
production-topology2-2-1456776707,0.8600027313449141,0.9753339396994067,2220,1400,1456777047216
Running observer at: 1456777057764
production-topology1-1-1456776700,0.9650686365019586,1.014336615154538,2440,1460,1456777058267
production-topology4-4-1456776721,0.9803693853427895,0.9581396270618634,2300,4260,1456777058267
production-topology3-3-1456776714,0.9571007111589419,0.9721896271648801,1900,3360,1456777058267
production-topology2-2-1456776707,1.1743275234713284,1.0144781904817843,2300,1500,1456777058268
Running observer at: 1456777068917
production-topology1-1-1456776700,1.0857760067329436,1.0092559686921012,2360,1540,1456777069538
production-topology4-4-1456776721,1.0798163346399354,0.9941335048831946,2240,4000,1456777069538
production-topology3-3-1456776714,1.0053169219329867,1.005700191229313,2220,4180,1456777069538
production-topology2-2-1456776707,0.8737571856610807,1.0146797425527405,2080,1280,1456777069538
Running observer at: 1456777079982
production-topology1-1-1456776700,0.8790029489480283,1.0041982777121805,1880,1080,1456777080571
production-topology4-4-1456776721,0.9090529969103418,1.0015453683592008,2060,3640,1456777080571
production-topology3-3-1456776714,1.0333477750000615,1.001386592054678,2440,4440,1456777080571
production-topology2-2-1456776707,1.039501287243223,1.0100322116767726,2200,1480,1456777080571
Running observer at: 1456777091036
production-topology1-1-1456776700,1.2731027639291603,1.0151085663711241,2300,1600,1456777091506
production-topology4-4-1456776721,1.0548373823534505,0.9985539705727146,2360,4320,1456777091506
production-topology3-3-1456776714,0.9515265439834892,0.9989669388011476,1940,3360,1456777091507
production-topology2-2-1456776707,0.9155028320702032,1.0059582999864318,2400,1440,1456777091507
Running observer at: 1456777102124
production-topology1-1-1456776700,0.837454574218763,1.0078858281643355,2340,1420,1456777102751
production-topology4-4-1456776721,1.01504767827878,1.0000406580640788,2180,3960,1456777102752
production-topology3-3-1456776714,1.0436767682861432,1.0038304652292753,2240,4160,1456777102752
production-topology2-2-1456776707,1.0042448864659532,1.0074203619971178,1860,1260,1456777102752
Running observer at: 1456777113239
production-topology1-1-1456776700,0.9599124541348888,1.003780206275402,1860,1260,1456777113876
production-topology4-4-1456776721,0.9164994105209312,0.9975447931485767,2100,3640,1456777113876
production-topology3-3-1456776714,0.8988679906341754,0.9982681095213193,2540,4240,1456777113876
production-topology2-2-1456776707,0.9943884057971012,1.0068744654318804,2400,1480,1456777113876
Running observer at: 1456777124422
production-topology1-1-1456776700,0.9601168320926388,1.005364372372027,2480,1480,1456777124912
production-topology4-4-1456776721,1.073153243800196,1.0018926355063855,2320,4440,1456777124912
production-topology3-3-1456776714,1.1389738215445606,1.0036763018193982,1800,3620,1456777124912
production-topology2-2-1456776707,1.1226507553304934,1.0084847513658135,2220,1460,1456777124912
Running observer at: 1456777135470
production-topology1-1-1456776700,1.1447069213848546,1.0047296300126896,2180,1540,1456777136068
production-topology4-4-1456776721,0.9285851168241293,0.9988187316842387,2240,3840,1456777136068
production-topology3-3-1456776714,0.9957483764224384,1.0024161767920154,2300,4080,1456777136069
production-topology2-2-1456776707,0.860564477330673,1.0060845389026674,1920,1180,1456777136069
Running observer at: 1456777146556
production-topology1-1-1456776700,0.9825555826302098,1.010095414492399,2040,1200,1456777147177
production-topology4-4-1456776721,1.030564885548384,0.99931831775353,1980,3600,1456777147177
production-topology3-3-1456776714,0.9705848230529259,1.0022363349191168,2460,4300,1456777147177
production-topology2-2-1456776707,1.1068021186009174,1.0081647212737241,2540,1540,1456777147177
Running observer at: 1456777157640
production-topology1-1-1456776700,1.050599057405765,1.0116367957792354,2360,1540,1456777158129
production-topology4-4-1456776721,1.010026599032467,1.0012523251430243,2420,4400,1456777158129
production-topology3-3-1456776714,1.1534437663469923,1.006229950517114,1800,3500,1456777158130
production-topology2-2-1456776707,0.9188532829399703,1.0065975158780016,2280,1380,1456777158130
Running observer at: 1456777168735
production-topology1-1-1456776700,0.9142539130434784,0.9993922950594768,2300,1480,1456777169323
production-topology4-4-1456776721,0.9039499976586349,0.9988503721298004,2220,3980,1456777169323
production-topology3-3-1456776714,0.9155922599145562,1.0053333686235746,2380,4140,1456777169323
production-topology2-2-1456776707,0.9573103083741381,1.0051688430304038,1880,1240,1456777169323
Running observer at: 1456777179882
production-topology1-1-1456776700,0.8836491115022009,0.9995821620752158,1960,1160,1456777180470
production-topology4-4-1456776721,1.0670362925931234,1.0013026769044615,1960,3580,1456777180470
production-topology3-3-1456776714,0.9553003073090405,1.0020269616336361,2460,4220,1456777180470
production-topology2-2-1456776707,1.0148554323731955,1.005121469032385,2420,1500,1456777180470
Running observer at: 1456777191010
production-topology1-1-1456776700,1.0091208229506103,1.0016725943565312,2380,1560,1456777191510
production-topology4-4-1456776721,1.0148689775749924,0.9984550319996999,2440,4380,1456777191511
production-topology3-3-1456776714,1.0532356891052543,1.005006848302547,1840,3480,1456777191511
production-topology2-2-1456776707,0.935490388538461,1.0038289444735422,2340,1460,1456777191511
Running observer at: 1456777202020
production-topology1-1-1456776700,1.0582160428409328,1.002166023223968,2280,1440,1456777202629
production-topology4-4-1456776721,0.9840672652091722,0.9983211392252422,2200,3880,1456777202630
production-topology3-3-1456776714,0.9720781352236737,1.0035540144369677,2320,4060,1456777202630
production-topology2-2-1456776707,1.0996664771992504,1.0026622786012682,1840,1280,1456777202630
Running observer at: 1456777213220
production-topology1-1-1456776700,1.1350208002191204,1.0057479340028452,1920,1280,1456777213822
production-topology4-4-1456776721,1.0783184104157595,0.999814083308833,2000,3740,1456777213823
production-topology3-3-1456776714,1.0312675070028012,1.005406942865134,2420,4440,1456777213823
production-topology2-2-1456776707,0.9692549218103371,0.9987034148612197,2460,1540,1456777213823
Running observer at: 1456777224309
production-topology1-1-1456776700,0.9269641769968013,1.0030587549812549,2340,1460,1456777224805
production-topology4-4-1456776721,0.9677569988669643,1.0012350143965802,2440,4340,1456777224806
production-topology3-3-1456776714,0.8918801935331093,1.0022847497747542,1960,3460,1456777224806
production-topology2-2-1456776707,0.891275750111957,1.001582244387811,2260,1420,1456777224806
Running observer at: 1456777235309
production-topology1-1-1456776700,1.1021065742251281,1.005725257168826,2360,1440,1456777235891
production-topology4-4-1456776721,1.0542149195080244,1.0012892931799506,2000,3660,1456777235892
production-topology3-3-1456776714,1.0931367368647844,1.004263851313668,2260,4100,1456777235892
production-topology2-2-1456776707,1.2529147087101054,1.0060709164963297,2040,1260,1456777235892
Running observer at: 1456777246437
production-topology1-1-1456776700,0.9171681895705251,1.0054795775734722,1940,1280,1456777247134
production-topology4-4-1456776721,0.9161044721871988,0.999385934801554,2260,3940,1456777247134
production-topology3-3-1456776714,1.0188023593009654,1.0048546946911763,1980,3700,1456777247135
production-topology2-2-1456776707,0.9532582720124376,1.008820740770598,2140,1460,1456777247135
Running observer at: 1456777257608
production-topology1-1-1456776700,1.0641535964321924,1.0094279160237154,2340,1540,1456777258096
production-topology4-4-1456776721,1.1261249129287458,1.003888779034687,2300,4340,1456777258096
production-topology3-3-1456776714,0.9083670683487102,1.0005865918815848,2400,4120,1456777258096
production-topology2-2-1456776707,0.9592034478591854,1.0038511344672665,2500,1520,1456777258097
Running observer at: 1456777268626
production-topology1-1-1456776700,0.961996356244091,1.0063548745046553,2380,1440,1456777269240
production-topology4-4-1456776721,0.9332145402755598,1.0018595649789233,2160,3680,1456777269240
production-topology3-3-1456776714,1.062896580624806,1.0035757212692338,2220,4100,1456777269240
production-topology2-2-1456776707,1.0109503720030932,1.0035255467828301,1880,1240,1456777269240
Running observer at: 1456777279788
production-topology1-1-1456776700,0.9537096088435375,1.0090560257147534,1920,1260,1456777280326
production-topology4-4-1456776721,0.9906264329765327,1.0014545667116148,2100,3900,1456777280326
production-topology3-3-1456776714,0.9759091054083796,1.0028558649371577,2100,3700,1456777280326
production-topology2-2-1456776707,1.0157879269556473,1.0054777113978268,2220,1400,1456777280326
Running observer at: 1456777290933
production-topology1-1-1456776700,1.1189023673149379,1.0063096809099852,2380,1520,1456777291492
production-topology4-4-1456776721,0.9673047482991487,1.0011766902745802,2420,4180,1456777291493
production-topology3-3-1456776714,1.009238253336996,1.0040736339948784,2260,4160,1456777291493
production-topology2-2-1456776707,1.0320460953557042,0.9997303789442445,2480,1580,1456777291493
Running observer at: 1456777301967
production-topology1-1-1456776700,0.9905702214434067,1.0108012308239258,2320,1460,1456777302549
production-topology4-4-1456776721,0.9960349079039501,1.0007547948756792,2100,3780,1456777302550
production-topology3-3-1456776714,0.9506051406041867,1.0006653821772808,2320,4020,1456777302550
production-topology2-2-1456776707,0.9633330461997874,1.0012364962033833,1880,1200,1456777302550
Running observer at: 1456777313039
production-topology1-1-1456776700,0.9472627822902482,0.9976938762330597,1880,1220,1456777313600
production-topology4-4-1456776721,1.0203104303886095,0.9999989517363014,2080,3920,1456777313600
production-topology3-3-1456776714,1.1426664165935576,1.006058498930656,1960,3740,1456777313601
production-topology2-2-1456776707,0.9931770005299416,1.0014770270478357,2380,1560,1456777313601
/var/nimbus/storm/bin/storm rebalance production-topology1 -e spout_head=11
1456777314011
/var/nimbus/storm/bin/storm rebalance production-topology2 -e spout_head=9
Running observer at: 1456777324228
production-topology1-1-1456776700,0.9973197129114953,0.9973197129114953,120140,76720,1456777324714
production-topology4-4-1456776721,1.0660055211366932,1.0034673433981776,2460,4340,1456777324714
production-topology3-3-1456776714,0.9946254983107525,1.0054390262691835,2300,4180,1456777324714
production-topology2-2-1456776707,0.9994856996559325,0.9994856996559325,119000,76140,1456777324715
Running observer at: 1456777335270
production-topology1-1-1456776700,16.875,8.936159856455747,40,60,1456777335887
production-topology4-4-1456776721,0.9332320953685302,1.0024460905916632,1980,3600,1456777335888
production-topology3-3-1456776714,0.9668185042398351,1.005121210683432,2360,4060,1456777335888
production-topology2-2-1456776707,0.0,0.49974284982796624,20,0,1456777335888
Running observer at: 1456777346384
production-topology1-1-1456776700,1.0,6.290773237637165,0,0,1456777346971
production-topology4-4-1456776721,1.061830047701695,1.0027036108252452,2160,3920,1456777346971
production-topology3-3-1456776714,1.0068640517897942,1.0061034265994175,2060,3640,1456777346971
production-topology2-2-1456776707,1.0,0.6664952332186441,0,0,1456777346971
Running observer at: 1456777352326
production-topology1-1-1456776700,1.0,4.968079928227874,0,0,1456777352918
production-topology4-4-1456776721,0.8886432899621618,0.9971269798885617,1380,2280,1456777352918
production-topology3-3-1456776714,0.9952923453535447,1.0049991191516638,1040,2000,1456777352918
production-topology2-2-1456776707,1.0,0.7498714249139831,0,0,1456777352918
Running observer at: 1456777353571
production-topology1-1-1456776700,1.0,4.174463942582299,0,0,1456777354027
production-topology4-4-1456776721,1.0207401803359684,0.9989397905038674,320,640,1456777354027
production-topology3-3-1456776714,1.0611175411522633,1.005550124829602,500,900,1456777354027
production-topology2-2-1456776707,1.0,0.7998971399311865,0,0,1456777354027
Running observer at: 1456777357540
production-topology1-1-1456776700,0.0018394326756820505,3.4790265242645293,108540,180,1456777358028
production-topology4-4-1456776721,1.2277676950998186,1.0072035056547561,800,1440,1456777358029
production-topology3-3-1456776714,1.0835067160297402,1.0079262636136488,560,1000,1456777358029
production-topology2-2-1456776707,1.0,0.833247616609322,0,0,1456777358029
Running observer at: 1456777368513
production-topology1-1-1456776700,0.9870037222423352,3.1230232668327873,73280,46440,1456777369100
production-topology4-4-1456776721,0.9213159880459496,1.0052350590781949,1780,3320,1456777369101
production-topology3-3-1456776714,0.9946062611767226,1.0091764486142416,2440,4400,1456777369101
production-topology2-2-1456776707,0.0,0.7142122428079903,440,0,1456777369101
Running observer at: 1456777379784
production-topology1-1-1456776700,0.5776342301766031,2.804849637250764,2120,720,1456777380352
production-topology4-4-1456776721,1.022808891887839,1.0033348109864582,2440,4200,1456777380352
production-topology3-3-1456776714,0.9901997759522032,1.0086725437482154,2080,3720,1456777380352
production-topology2-2-1456776707,1.153507287743252,0.769124123424898,1680,1240,1456777380353
Running observer at: 1456777391029
production-topology1-1-1456776700,1.2101449839698297,2.62766023133066,2580,2060,1456777391496
production-topology4-4-1456776721,1.0345807341276174,1.0075190688937008,2380,4380,1456777391496
production-topology3-3-1456776714,0.9149078168577227,1.0047245451434708,2300,4040,1456777391496
production-topology2-2-1456776707,0.9529286305324611,0.7895468464368495,2060,1360,1456777391496
Running observer at: 1456777402066
production-topology1-1-1456776700,0.983081654301158,2.46320237362771,2260,1540,1456777402599
production-topology4-4-1456776721,0.9150549259263003,1.0028596536794625,2120,3880,1456777402599
production-topology3-3-1456776714,1.0302824037673353,1.007349740469599,2240,4160,1456777402600
production-topology2-2-1456776707,0.8697401386992265,0.7975661756630872,1980,1280,1456777402600
Running observer at: 1456777413139
production-topology1-1-1456776700,1.130934247876753,2.342087089468532,2420,1580,1456777413673
production-topology4-4-1456776721,1.0311007873013032,1.0033947573135464,2120,3760,1456777413673
production-topology3-3-1456776714,1.0893732217592818,1.0088729555853702,2020,3640,1456777413673
production-topology2-2-1456776707,1.3154133124049643,0.8446431880941669,1900,1240,1456777413673
Running observer at: 1456777424243
production-topology1-1-1456776700,0.9850895655830738,2.2290039624780773,2600,1760,1456777424723
production-topology4-4-1456776721,1.0413709544569136,1.0075571421114127,2440,4300,1456777424724
production-topology3-3-1456776714,1.013101604278075,1.0126807427068336,2180,3940,1456777424724
production-topology2-2-1456776707,0.8968052641617393,0.8489900277664647,2040,1340,1456777424724
Running observer at: 1456777435264
production-topology1-1-1456776700,1.0390498202173584,2.137469028458022,2100,1400,1456777435855
production-topology4-4-1456776721,0.9968937206472459,1.0050151580063142,1760,3180,1456777435855
production-topology3-3-1456776714,1.020181307593742,1.0087209922418063,2400,4340,1456777435855
production-topology2-2-1456776707,1.0101419663445599,0.8613863307340104,1900,1200,1456777435855
Running observer at: 1456777446307
production-topology1-1-1456776700,0.990709303854769,2.0555576195577894,2560,1640,1456777446838
production-topology4-4-1456776721,0.9793681785629151,1.0067079267309407,2420,4400,1456777446838
production-topology3-3-1456776714,0.8939476198404769,1.0053276336890744,1980,3400,1456777446838
production-topology2-2-1456776707,1.1611457314080873,0.8827977164964445,2080,1280,1456777446838
Running observer at: 1456777457332
production-topology1-1-1456776700,1.0827184904462872,1.9907016776170225,2560,1580,1456777457799
production-topology4-4-1456776721,1.0310908254709448,1.0067254580616924,2420,4400,1456777457799
production-topology3-3-1456776714,1.0957372961428122,1.0094993827920706,2180,4140,1456777457799
production-topology2-2-1456776707,0.9218224109675942,0.8853993627945211,1820,1240,1456777457799
Running observer at: 1456777468244
production-topology1-1-1456776700,0.94844425427489,1.9255605886581393,2120,1380,1456777468784
production-topology4-4-1456776721,0.9711446282252698,1.005429392368119,1760,3180,1456777468784
production-topology3-3-1456776714,0.9613727225716426,1.0030970146662255,2480,4360,1456777468784
production-topology2-2-1456776707,1.0452918049656548,0.895392640430217,2020,1300,1456777468784
Running observer at: 1456777479265
production-topology1-1-1456776700,1.170248378137354,1.8811304586275048,2620,1640,1456777479825
production-topology4-4-1456776721,1.0365315245114624,1.0098487765965467,2420,4420,1456777479825
production-topology3-3-1456776714,1.0118754683792923,1.0063064549483833,1920,3500,1456777479825
production-topology2-2-1456776707,0.9651463949116248,0.8994958024585351,2020,1180,1456777479826
Running observer at: 1456777490439
production-topology1-1-1456776700,0.8344788087056128,1.8229831447429552,2400,1500,1456777490976
production-topology4-4-1456776721,0.9439315439544218,1.0057452849752566,2340,4060,1456777490977
production-topology3-3-1456776714,1.0618163020818425,1.0098569881074768,2200,4100,1456777490977
production-topology2-2-1456776707,1.0171353870470943,0.9060313349356773,1980,1280,1456777490977
Running observer at: 1456777501486
production-topology1-1-1456776700,0.9666537662073376,1.777913177451607,2240,1440,1456777502055
production-topology4-4-1456776721,1.0800518159657944,1.00791804625495,1860,3440,1456777502055
production-topology3-3-1456776714,0.9468689638350529,1.00631143059847,2300,4100,1456777502056
production-topology2-2-1456776707,0.9402147502441254,0.9078304620571744,1920,1320,1456777502056
Running observer at: 1456777512583
production-topology1-1-1456776700,1.1208821143550454,1.745061624296779,2640,1680,1456777513075
production-topology4-4-1456776721,1.0019406158862338,1.0085138246108523,2460,4400,1456777513075
production-topology3-3-1456776714,0.9620064629564659,1.005975708189563,2120,3640,1456777513075
production-topology2-2-1456776707,1.0802255370597638,0.916450215807304,2000,1200,1456777513075
Running observer at: 1456777523647
production-topology1-1-1456776700,1.0240302711698592,1.7107267979574017,2420,1500,1456777524230
production-topology4-4-1456776721,0.9805030631020277,1.0052533130337278,2100,3960,1456777524230
production-topology3-3-1456776714,1.0063214858558829,1.0051441741513323,2320,4180,1456777524230
production-topology2-2-1456776707,1.0255895970181688,0.9216473291982975,1960,1240,1456777524231
Running observer at: 1456777534772
production-topology1-1-1456776700,0.9916407877932378,1.678041070222667,2200,1440,1456777535312
production-topology4-4-1456776721,1.0570494514979507,1.0082297281214274,2020,3740,1456777535312
production-topology3-3-1456776714,1.0275315808795844,1.0096658870628814,2260,4100,1456777535312
production-topology2-2-1456776707,0.8700361174223566,0.9193013650266638,2060,1240,1456777535313
Running observer at: 1456777545897
production-topology1-1-1456776700,0.9073095929819484,1.6445310059948095,2720,1720,1456777546386
production-topology4-4-1456776721,0.9500095321885637,1.0047562152107785,2420,4240,1456777546386
production-topology3-3-1456776714,0.937088277314233,1.0044642717445298,2100,3620,1456777546386
production-topology2-2-1456776707,1.0895010739934727,0.9267013523730467,1940,1300,1456777546386
Running observer at: 1456777556929
production-topology1-1-1456776700,1.0610854135596772,1.6202207729766789,2340,1540,1456777557539
production-topology4-4-1456776721,0.9971032224362102,1.0074561735524123,2220,3940,1456777557539
production-topology3-3-1456776714,1.048515234140588,1.0054547009058505,2220,4200,1456777557539
production-topology2-2-1456776707,0.9579103672723451,0.9280017279938507,1920,1180,1456777557539
Running observer at: 1456777568073
production-topology1-1-1456776700,0.9675626316251318,1.5941144473226172,2260,1380,1456777568638
production-topology4-4-1456776721,0.9956289037258024,1.003106306578981,1980,3700,1456777568638
production-topology3-3-1456776714,0.9713139138765927,1.0075529290901133,2280,4060,1456777568638
production-topology2-2-1456776707,1.0865319100613218,0.9343429352765495,2040,1280,1456777568638
Running observer at: 1456777579204
production-topology1-1-1456776700,0.9967510259917921,1.5711389311175854,2720,1740,1456777579668
production-topology4-4-1456776721,1.0493970801010644,1.0069790579064979,2460,4320,1456777579668
production-topology3-3-1456776714,1.0184687504490653,1.0060720014175886,2040,3720,1456777579669
production-topology2-2-1456776707,0.970157284632688,0.9357204102517857,1960,1240,1456777579669
Running observer at: 1456777590237
production-topology1-1-1456776700,1.1314771911728188,1.554855162971483,2260,1420,1456777590847
production-topology4-4-1456776721,1.0074645125557073,1.0075403272258037,2140,3880,1456777590847
production-topology3-3-1456776714,0.9335927868304368,1.0046614574649906,2300,4080,1456777590847
production-topology2-2-1456776707,1.0173288997274104,0.938742946899031,2040,1240,1456777590847
Running observer at: 1456777601367
production-topology1-1-1456776700,0.9468669557999584,1.5331412984296429,2340,1440,1456777601862
production-topology4-4-1456776721,0.8581133476178575,1.0039006138697606,2140,3660,1456777601862
production-topology3-3-1456776714,1.0452822419546894,1.005862923752247,1920,3420,1456777601862
production-topology2-2-1456776707,1.032085841805427,0.9420766217171165,1900,1300,1456777601862
Running observer at: 1456777612417
production-topology1-1-1456776700,0.9824879547335632,1.5141532520952954,2580,1660,1456777612886
production-topology4-4-1456776721,1.0967189956842156,1.007256750129103,2360,4360,1456777612886
production-topology3-3-1456776714,0.9777157124679563,1.0067666094810392,2420,4300,1456777612886
production-topology2-2-1456776707,1.077970970254306,0.9467626337356403,1960,1300,1456777612886
Running observer at: 1456777623341
production-topology1-1-1456776700,0.9741816916115559,1.4961542000791708,2080,1380,1456777623802
production-topology4-4-1456776721,0.971398252184769,1.0056263441889748,1800,3160,1456777623802
production-topology3-3-1456776714,1.0317534900144951,1.0030695119284039,2300,4200,1456777623803
production-topology2-2-1456776707,0.8412770362908869,0.9432464471541485,1980,1120,1456777623803
Running observer at: 1456777634333
production-topology1-1-1456776700,1.0187190961234176,1.4968675128529016,2560,1540,1456777634904
production-topology4-4-1456776721,1.0455694985681858,1.0049451434366912,2360,4420,1456777634904
production-topology3-3-1456776714,0.9399421827704657,1.0012467347437277,1980,3360,1456777634904
production-topology2-2-1456776707,1.0214857554623362,0.9439797823476953,2000,1340,1456777634904
Running observer at: 1456777645471
production-topology1-1-1456776700,0.9633845276045695,0.9664803304397207,2680,1720,1456777645964
production-topology4-4-1456776721,1.017330141984241,1.0077484116572148,2440,4380,1456777645964
production-topology3-3-1456776714,1.0566748913231632,1.0042419476465054,2180,4140,1456777645964
production-topology2-2-1456776707,1.0450988832898636,0.9788164117906908,2040,1340,1456777645964
Running observer at: 1456777656427
production-topology1-1-1456776700,1.1975492993328538,0.9730653070841491,2080,1340,1456777657030
production-topology4-4-1456776721,1.0227829458303577,1.006446841594837,1800,3280,1456777657030
production-topology3-3-1456776714,1.0798912817488668,1.0066761886451412,2340,4420,1456777657030
production-topology2-2-1456776707,0.9659740477493111,0.9776822133823344,1860,1140,1456777657030
Running observer at: 1456777667580
production-topology1-1-1456776700,0.9626578903301893,0.9718205700951554,2480,1620,1456777668048
production-topology4-4-1456776721,0.9038666799546518,1.0069542879279203,2440,4320,1456777668049
production-topology3-3-1456776714,0.9140671640098816,1.0039686826003524,2080,3440,1456777668049
production-topology2-2-1456776707,1.0478856836788533,0.9792784028382964,2000,1300,1456777668049
Running observer at: 1456777678739
production-topology1-1-1456776700,1.0051252440844962,0.9719914115646386,2700,1660,1456777679228
production-topology4-4-1456776721,1.0204263647684317,1.0069438274090023,2380,4320,1456777679228
production-topology3-3-1456776714,0.9381047677691767,0.9998682568209162,2240,4040,1456777679228
production-topology2-2-1456776707,0.9441927126543274,0.9774181599267739,2080,1200,1456777679228
/var/nimbus/storm/bin/storm rebalance production-topology3 -e spout_head=11
1456777679561
/var/nimbus/storm/bin/storm rebalance production-topology4 -e bolt_output_1=9
Running observer at: 1456777689731
production-topology1-1-1456776700,0.9689249477758087,1.0042275954013096,2100,1280,1456777690342
production-topology4-4-1456776721,0.9978065406382353,0.9978065406382353,187940,338180,1456777690342
production-topology3-3-1456776714,0.9987732689608603,0.9987732689608603,189380,340800,1456777690342
production-topology2-2-1456776707,1.0108121332699926,0.9777785643691069,1920,1220,1456777690342
Running observer at: 1456777700907
production-topology1-1-1456776700,0.9342977697408078,1.002470730317925,2560,1600,1456777701381
production-topology4-4-1456776721,2.9749999999999996,1.9864032703191175,80,440,1456777701381
production-topology3-3-1456776714,0.25,0.6243866344804301,0,20,1456777701381
production-topology2-2-1456776707,1.0157615858414697,1.011637283897156,2000,1300,1456777701381
Running observer at: 1456777711989
production-topology1-1-1456776700,1.0794777717222046,1.0191988483694452,2560,1680,1456777712473
production-topology4-4-1456776721,2.0,1.9909355135460782,0,0,1456777712473
production-topology3-3-1456776714,2.0,1.0829244229869535,0,0,1456777712473
production-topology2-2-1456776707,1.0368797195253505,1.0077496982898928,2060,1300,1456777712473
Running observer at: 1456777718027
production-topology1-1-1456776700,0.8689648683297461,1.007826177848109,1340,860,1456777718515
production-topology4-4-1456776721,2.0,1.9932016351595587,0,0,1456777718515
production-topology3-3-1456776714,2.0,1.3121933172402152,0,0,1456777718515
production-topology2-2-1456776707,1.0634476139696083,1.0114336644044644,1000,640,1456777718516
Running observer at: 1456777719082
production-topology1-1-1456776700,1.0,1.0083901227047372,0,0,1456777719583
production-topology4-4-1456776721,2.0,1.994561308127647,0,0,1456777719583
production-topology3-3-1456776714,0.0,1.049754653792172,170500,0,1456777719583
production-topology2-2-1456776707,1.1904761904761905,1.0221248661303632,140,100,1456777719583
Running observer at: 1456777722946
production-topology1-1-1456776700,1.4971746877983056,1.020598137368789,760,540,1456777723393
production-topology4-4-1456776721,0.0,1.6621344234397057,0,0,1456777723393
production-topology3-3-1456776714,0.9947425028375102,1.040585961966395,114020,204540,1456777723393
production-topology2-2-1456776707,0.8353049963618724,1.0061212555955934,760,440,1456777723393
Running observer at: 1456777733898
production-topology1-1-1456776700,0.9625780915772753,1.0198477549019291,2480,1580,1456777734402
production-topology4-4-1456776721,0.0,1.424686648662605,0,0,1456777734402
production-topology3-3-1456776714,0.8531027869666672,1.013802651252148,1860,2680,1456777734403
production-topology2-2-1456776707,0.9988516376228156,1.0095228013776294,2100,1300,1456777734403
Running observer at: 1456777744877
production-topology1-1-1456776700,1.0108234379443026,1.018906875492827,2240,1400,1456777745476
production-topology4-4-1456776721,0.27573588614189637,1.2810678033475165,1020,580,1456777745476
production-topology3-3-1456776714,0.9472856269020502,1.005488023208386,2520,4540,1456777745476
production-topology2-2-1456776707,1.0227554979994853,1.0099432524327936,1640,1040,1456777745476
Running observer at: 1456777756072
production-topology1-1-1456776700,0.88652663399296,1.015434119830767,2460,1640,1456777756633
production-topology4-4-1456776721,0.5046159459952563,1.1947953747528208,1740,1400,1456777756633
production-topology3-3-1456776714,1.0454632389259335,1.0099297138436691,2100,3720,1456777756633
production-topology2-2-1456776707,0.8787058149102337,1.0005285885495319,2240,1320,1456777756633
Running observer at: 1456777767192
production-topology1-1-1456776700,1.22642021519074,1.0202241773222487,2640,1680,1456777767669
production-topology4-4-1456776721,0.35761671064637846,1.1110775083421767,1640,1060,1456777767669
production-topology3-3-1456776714,0.9700528693528694,1.005942029394589,2560,4540,1456777767669
production-topology2-2-1456776707,1.1201491922480689,1.007139481258881,2020,1360,1456777767669
Running observer at: 1456777778050
production-topology1-1-1456776700,0.9352948306601043,1.0197858632017558,2160,1380,1456777778667
production-topology4-4-1456776721,0.4094227618999802,1.047290713211068,1940,1400,1456777778667
production-topology3-3-1456776714,1.0715802228218636,1.0119091378879776,2380,4600,1456777778667
production-topology2-2-1456776707,1.0065826161016038,1.0058491749634126,1800,1120,1456777778667
Running observer at: 1456777789114
production-topology1-1-1456776700,0.9239731637702454,1.0115766893895188,2400,1640,1456777789695
production-topology4-4-1456776721,0.4404707733580973,0.9967223848899871,1420,1100,1456777789695
production-topology3-3-1456776714,0.9449302204747143,1.0063275614368725,2320,4080,1456777789695
production-topology2-2-1456776707,0.9751012132714164,1.0061810022420723,2040,1300,1456777789696
Running observer at: 1456777800140
production-topology1-1-1456776700,1.0501258736220038,1.018764924886732,2780,1640,1456777800723
production-topology4-4-1456776721,0.3500939216260573,0.9469817338696848,1900,1360,1456777800723
production-topology3-3-1456776714,0.9711028364142238,1.003617967204361,2620,4580,1456777800723
production-topology2-2-1456776707,1.0248189750019188,1.0064371218405663,1900,1260,1456777800723
Running observer at: 1456777811208
production-topology1-1-1456776700,0.974756362986392,1.0190350114460338,2140,1380,1456777811810
production-topology4-4-1456776721,0.43755516326814325,0.9105941216838603,1940,1420,1456777811811
production-topology3-3-1456776714,1.0422952514339068,1.0063806303636142,2380,4560,1456777811811
production-topology2-2-1456776707,0.898187398241615,1.0050362101071493,1900,1140,1456777811811
Running observer at: 1456777822317
production-topology1-1-1456776700,0.8924687930750184,1.0114212340700328,2480,1560,1456777822802
production-topology4-4-1456776721,0.37521115167641483,0.8749019236833641,1420,980,1456777822803
production-topology3-3-1456776714,1.0013702040742118,1.0060466019443208,2280,4040,1456777822803
production-topology2-2-1456776707,1.0267338632901752,1.0032531543148295,2080,1320,1456777822803
Running observer at: 1456777833389
production-topology1-1-1456776700,1.043097336219168,1.0120568029050099,2620,1660,1456777833900
production-topology4-4-1456776721,0.3936568943606241,0.8448241093506929,1920,1400,1456777833900
production-topology3-3-1456776714,0.9661253774982206,1.0035515254164395,2580,4460,1456777833901
production-topology2-2-1456776707,1.1246004925826218,1.0065535175003115,2000,1320,1456777833901
Running observer at: 1456777844356
production-topology1-1-1456776700,1.1053439184086773,1.0158469072588578,2100,1340,1456777845006
production-topology4-4-1456776721,0.43384697211227824,0.8206489836307861,1820,1360,1456777845006
production-topology3-3-1456776714,1.056183673304262,1.0066475341157233,2300,4280,1456777845006
production-topology2-2-1456776707,1.0255560710020228,1.011737515952967,1900,1200,1456777845006
Running observer at: 1456777855578
production-topology1-1-1456776700,0.9423181546448245,1.017013859314287,2560,1640,1456777856067
production-topology4-4-1456776721,0.381365484314073,0.7962443447798575,1560,1100,1456777856067
production-topology3-3-1456776714,1.0355370052061228,1.0082525047318565,2380,4320,1456777856068
production-topology2-2-1456776707,0.9703325774754347,1.007765232735699,2040,1300,1456777856068
Running observer at: 1456777866659
production-topology1-1-1456776700,0.9687327147423971,1.0139354360203776,2640,1780,1456777867199
production-topology4-4-1456776721,0.375524483227342,0.7741011941718303,1960,1340,1456777867199
production-topology3-3-1456776714,0.9457984301412873,1.004965448174458,2600,4520,1456777867199
production-topology2-2-1456776707,1.1129614209828431,1.0129336011927157,1960,1220,1456777867200
Running observer at: 1456777877692
production-topology1-1-1456776700,1.0317734013156437,1.0160757950100614,2080,1320,1456777878312
production-topology4-4-1456776721,0.4433672066627865,0.7575644947963782,1780,1360,1456777878312
production-topology3-3-1456776714,1.0092856544281665,1.0051814584871435,2280,4300,1456777878313
production-topology2-2-1456776707,0.8996620410171439,1.0067046055579096,1940,1180,1456777878313
Running observer at: 1456777888827
production-topology1-1-1456776700,1.0405497574288454,1.0175357527246298,2580,1640,1456777889281
production-topology4-4-1456776721,0.34163186267294676,0.7377581789809766,1580,1080,1456777889281
production-topology3-3-1456776714,1.0399866590941258,1.006838848992238,2380,4240,1456777889281
production-topology2-2-1456776707,0.9817331402036157,1.0070904674102736,2080,1440,1456777889281
Running observer at: 1456777899856
production-topology1-1-1456776700,0.9625104324185859,1.011903527432822,2660,1760,1456777900370
production-topology4-4-1456776721,0.4235451505016722,0.7234757685955537,1900,1380,1456777900370
production-topology3-3-1456776714,0.9861412132237406,1.005898047366397,2560,4620,1456777900370
production-topology2-2-1456776707,1.0467903517768924,1.008072515811923,1980,1300,1456777900370
Running observer at: 1456777910892
production-topology1-1-1456776700,1.1368166208327055,1.0182351829339136,1940,1260,1456777911430
production-topology4-4-1456776721,0.42491029982171014,0.7104946612575604,1660,1160,1456777911430
production-topology3-3-1456776714,0.9992966217492752,1.0056110288613047,2260,4020,1456777911430
production-topology2-2-1456776707,0.9039081125248654,1.0037999248359044,1880,1120,1456777911431
Running observer at: 1456777922040
production-topology1-1-1456776700,0.9426558746566123,1.0169074469313484,2640,1680,1456777922531
production-topology4-4-1456776721,0.37145305217341984,0.6963679275457212,1760,1220,1456777922531
production-topology3-3-1456776714,1.017488539183678,1.0061059251247368,2500,4500,1456777922531
production-topology2-2-1456776707,0.9413761781704493,0.9992467650997761,2040,1300,1456777922531
Running observer at: 1456777933096
production-topology1-1-1456776700,1.0243478260869567,1.0185796514138619,2380,1500,1456777933611
production-topology4-4-1456776721,0.36160926063215915,0.6829775808691788,1920,1360,1456777933611
production-topology3-3-1456776714,0.8994462095234728,1.0018395365006862,2560,4500,1456777933611
production-topology2-2-1456776707,1.0509577183150474,1.0062361211672481,2060,1320,1456777933611
Running observer at: 1456777944125
production-topology1-1-1456776700,1.02365117446714,1.0187440540253194,2280,1420,1456777944659
production-topology4-4-1456776721,0.43910446190081454,0.6735978455242417,1540,1100,1456777944659
production-topology3-3-1456776714,1.2079897234086827,1.0097683898433016,2060,3780,1456777944659
production-topology2-2-1456776707,1.0736012316018064,1.0079733037052305,1860,1240,1456777944659
Running observer at: 1456777955276
production-topology1-1-1456776700,1.044054078911064,1.021433039068869,2620,1680,1456777955762
production-topology4-4-1456776721,0.3840807913176334,0.6628749916647377,1800,1320,1456777955762
production-topology3-3-1456776714,0.9543170769433484,1.0077146375136736,2660,4820,1456777955762
production-topology2-2-1456776707,0.9129155335007315,1.0035671920455926,2100,1280,1456777955762
Running observer at: 1456777966292
production-topology1-1-1456776700,1.0364947655270234,1.0160645546086748,2400,1520,1456777966792
production-topology4-4-1456776721,0.40942540196885246,0.6538232206041704,1920,1380,1456777966792
production-topology3-3-1456776714,0.9671884026307735,1.0062672719821415,2540,4500,1456777966792
production-topology2-2-1456776707,1.0014941964077908,1.0047511970008753,2000,1300,1456777966792
Running observer at: 1456777977280
production-topology1-1-1456776700,0.9485309211336607,1.0155936556354572,2200,1460,1456777977853
production-topology4-4-1456776721,0.39057726102962265,0.6447457737222895,1420,1080,1456777977854
production-topology3-3-1456776714,0.9347963050124614,1.0038027558797389,2080,3820,1456777977854
production-topology2-2-1456776707,0.9694336911477424,1.0021361305831717,1880,1120,1456777977854
Running observer at: 1456777988429
production-topology1-1-1456776700,0.8991736393788631,1.0120619354786027,2700,1640,1456777988851
production-topology4-4-1456776721,0.4096145292482646,0.6369080655731554,1920,1360,1456777988851
production-topology3-3-1456776714,1.0934088393092365,1.0067896253273887,2520,4520,1456777988851
production-topology2-2-1456776707,1.1927668824396223,1.0104219362426816,2040,1400,1456777988851
/var/nimbus/storm/bin/storm rebalance production-topology4 -e bolt_output_2=11
1456777989144
/var/nimbus/storm/bin/storm rebalance production-topology1 -e spout_head=10
Running observer at: 1456777999340
production-topology1-1-1456776700,0.9964755124267538,0.9964755124267538,210480,134040,1456777999888
production-topology4-4-1456776721,0.39700163065316507,0.39700163065316507,41340,29620,1456777999888
production-topology3-3-1456776714,0.9996569531619046,1.0068190814674236,2480,4500,1456777999889
production-topology2-2-1456776707,0.8503232716734545,1.005072307522797,1940,1160,1456777999889
Running observer at: 1456778010338
production-topology1-1-1456776700,1.600925925925926,1.29870071917634,420,260,1456778010925
production-topology4-4-1456776721,0.0,0.19850081532658254,20,0,1456778010925
production-topology3-3-1456776714,0.9017441759068086,1.0285438873309838,2320,4020,1456778010925
production-topology2-2-1456776707,1.2320806966473443,1.0122829445496593,1840,1260,1456778010926
Running observer at: 1456778021569
production-topology1-1-1456776700,1.0,1.1991338127842266,0,0,1456778022094
production-topology4-4-1456776721,2.0,0.7990005435510551,0,0,1456778022094
production-topology3-3-1456776714,1.0445614940966814,0.9966959371342065,2540,4520,1456778022095
production-topology2-2-1456776707,1.018747701727061,1.0116785439563831,2160,1320,1456778022095
Running observer at: 1456778028123
production-topology1-1-1456776700,1.0,1.14935035958817,0,0,1456778028611
production-topology4-4-1456776721,2.0,1.0992504076632912,0,0,1456778028611
production-topology3-3-1456776714,1.160857242305206,0.9687245118777135,1320,2480,1456778028611
production-topology2-2-1456776707,0.8627278841728911,1.0049878862964925,1060,680,1456778028611
Running observer at: 1456778029292
production-topology1-1-1456776700,1.0,1.119480287670536,0,0,1456778029901
production-topology4-4-1456776721,2.0,1.279400326130633,0,14820,1456778029901
production-topology3-3-1456776714,0.9464285714285714,1.0002721309253326,240,440,1456778029901
production-topology2-2-1456776707,1.0850694444444446,1.0014743280954344,160,100,1456778029901
Running observer at: 1456778032542
production-topology1-1-1456776700,4.836629406706793E-5,0.9329083007744577,186080,20,1456778033114
production-topology4-4-1456776721,0.9569902457687959,1.2256653127369934,0,5920,1456778033114
production-topology3-3-1456776714,0.9089609568022734,0.9974127460574915,920,1720,1456778033114
production-topology2-2-1456776707,0.934358231795905,1.004776102609902,520,400,1456778033115
Running observer at: 1456778043566
production-topology1-1-1456776700,1.0383033614545836,0.9479647380144758,149960,99520,1456778044038
production-topology4-4-1456776721,2.575757575757576,1.418535636025648,440,1700,1456778044038
production-topology3-3-1456776714,0.9997744270072593,1.0023018007255111,2300,3960,1456778044038
production-topology2-2-1456776707,0.982330723988971,1.0042254054887738,2020,1280,1456778044038
Running observer at: 1456778054552
production-topology1-1-1456776700,0.7065650711042274,0.9177897796506947,1840,780,1456778055048
production-topology4-4-1456776721,1.0774931297178836,1.3759053227371774,1700,3340,1456778055048
production-topology3-3-1456776714,0.9513020833333334,1.0024356826065541,2480,4620,1456778055049
production-topology2-2-1456776707,0.9643384605765991,1.002278170908011,2140,1340,1456778055049
Running observer at: 1456778065497
production-topology1-1-1456776700,1.1907429533363731,0.9481179100602145,1920,1420,1456778066104
production-topology4-4-1456776721,1.0728731935176543,1.3422350861572303,2060,4100,1456778066105
production-topology3-3-1456776714,0.9643750534720523,0.9997327430914248,2120,3760,1456778066105
production-topology2-2-1456776707,1.0592065158831345,1.008294860940441,1800,1160,1456778066105
Running observer at: 1456778076720
production-topology1-1-1456776700,0.9896898780787169,0.9522751068620648,2340,1640,1456778077264
production-topology4-4-1456776721,1.0023975083297116,1.3082513283744786,2360,4220,1456778077264
production-topology3-3-1456776714,1.1801508235657518,1.0067360082318542,2480,4560,1456778077264
production-topology2-2-1456776707,0.8931616326367223,1.000728608953396,2000,1340,1456778077264
Running observer at: 1456778087824
production-topology1-1-1456776700,1.1482977834916515,0.9700953501920272,2420,1580,1456778088327
production-topology4-4-1456776721,1.1340887198785636,1.292418363965759,2020,3820,1456778088327
production-topology3-3-1456776714,0.9290246631956167,1.0019841562443124,2660,4740,1456778088327
production-topology2-2-1456776707,1.0366356250293824,1.0017303759176555,2080,1340,1456778088327
Running observer at: 1456778098773
production-topology1-1-1456776700,0.8418794646199087,0.9594106930610174,1920,1240,1456778099329
production-topology4-4-1456776721,0.9274671738903666,1.2620057647928096,2240,3880,1456778099329
production-topology3-3-1456776714,0.9941346488807887,1.0036243038578483,2160,3740,1456778099329
production-topology2-2-1456776707,1.0468085840334582,1.0041206216097234,1880,1180,1456778099329
Running observer at: 1456778109934
production-topology1-1-1456776700,1.0955602104940478,0.9698837328635582,2300,1540,1456778110516
production-topology4-4-1456776721,1.003965962390443,1.2421565492233968,2300,4160,1456778110516
production-topology3-3-1456776714,1.0085370684366382,1.0048721115919286,2500,4620,1456778110517
production-topology2-2-1456776707,0.9880279282634832,1.0028942533851088,2060,1320,1456778110517
Running observer at: 1456778121030
production-topology1-1-1456776700,1.0007484918813623,0.972088358507687,2400,1540,1456778121563
production-topology4-4-1456776721,0.9607164912243822,1.222053687937753,2080,3600,1456778121563
production-topology3-3-1456776714,0.9416514905305939,1.001517319561818,2620,4760,1456778121563
production-topology2-2-1456776707,1.005561172901921,1.006473379207119,2000,1380,1456778121563
Running observer at: 1456778132028
production-topology1-1-1456776700,0.9597731874571147,0.9712673471043156,1960,1200,1456778132627
production-topology4-4-1456776721,1.0078410724772686,1.207772846907054,2240,4160,1456778132628
production-topology3-3-1456776714,1.0252329476667654,1.0023127443482367,2180,3780,1456778132628
production-topology2-2-1456776707,1.1397202675580274,1.0102395926827141,1820,1180,1456778132628
Running observer at: 1456778143066
production-topology1-1-1456776700,1.0030629079861606,0.9732545696594309,2260,1480,1456778143546
production-topology4-4-1456776721,1.031490720962036,1.1967552140354905,2300,4100,1456778143546
production-topology3-3-1456776714,1.0636054965721562,1.0055620816507012,2520,4600,1456778143546
production-topology2-2-1456776707,0.9677342900181887,1.0050107192638997,2100,1280,1456778143547
Running observer at: 1456778154082
production-topology1-1-1456776700,1.0941589181805582,0.9803665901606737,2140,1400,1456778154695
production-topology4-4-1456776721,0.957206942630843,1.1826641392469819,1980,3520,1456778154695
production-topology3-3-1456776714,0.9772325662022647,1.0029303780806345,2420,4460,1456778154695
production-topology2-2-1456776707,0.8837863478806738,1.0002850618265213,1840,1180,1456778154695
Running observer at: 1456778165189
production-topology1-1-1456776700,0.9421058969599823,0.9782409960939688,2180,1340,1456778165739
production-topology4-4-1456776721,1.0264296396524712,1.1739844448250645,2360,4360,1456778165740
production-topology3-3-1456776714,0.9889181898867859,1.0013764175699902,2280,4060,1456778165740
production-topology2-2-1456776707,0.9986174205016788,1.001227889927396,1940,1260,1456778165740
Running observer at: 1456778176202
production-topology1-1-1456776700,0.9927610399747698,0.9790052089298004,2260,1480,1456778176682
production-topology4-4-1456776721,1.0104163418057073,1.16537559729773,2220,3940,1456778176682
production-topology3-3-1456776714,0.9543694530284315,1.0016621183328946,2580,4560,1456778176682
production-topology2-2-1456776707,1.0936816839159766,1.0005852320251674,2160,1400,1456778176683
Running observer at: 1456778187199
production-topology1-1-1456776700,0.9106204525334404,0.9755859711099824,2080,1360,1456778187829
production-topology4-4-1456776721,0.9710757232647483,1.1556606035960808,2040,3680,1456778187829
production-topology3-3-1456776714,1.06840984536418,1.0036329246974285,2440,4560,1456778187829
production-topology2-2-1456776707,1.0311916300671415,1.0049695516601673,1860,1160,1456778187829
Running observer at: 1456778198295
production-topology1-1-1456776700,1.0495554913366645,0.9791083292160149,2220,1340,1456778198891
production-topology4-4-1456776721,1.0211089088329088,1.1492533800359297,2280,4160,1456778198891
production-topology3-3-1456776714,1.0364489805648882,1.003515002079787,2280,4100,1456778198891
production-topology2-2-1456776707,0.8985535822430036,1.002196899728147,1940,1240,1456778198891
Running observer at: 1456778209478
production-topology1-1-1456776700,1.0033832620797833,0.980211735255277,2340,1600,1456778209935
production-topology4-4-1456776721,0.9595501612092514,1.1406305064528988,2260,4080,1456778209935
production-topology3-3-1456776714,0.9893456115333283,1.0036218153567733,2540,4480,1456778209935
production-topology2-2-1456776707,1.0499012028202923,1.002300594762927,2160,1380,1456778209935
Running observer at: 1456778220469
production-topology1-1-1456776700,1.0861287100902244,0.9848168211176661,2020,1280,1456778221043
production-topology4-4-1456776721,0.9748913080688781,1.1334244543492458,2140,3680,1456778221043
production-topology3-3-1456776714,0.9633198563223377,1.002422589842542,2480,4560,1456778221043
production-topology2-2-1456776707,1.1042888831659121,1.0089799537842952,1920,1180,1456778221043
Running observer at: 1456778231595
production-topology1-1-1456776700,0.962934554837546,0.9839050600226611,2180,1400,1456778232183
production-topology4-4-1456776721,1.1005805045873596,1.1320559564425003,2140,4200,1456778232183
production-topology3-3-1456776714,0.9927197749529826,1.0015969643681855,2160,3800,1456778232183
production-topology2-2-1456776707,0.9997740294340748,1.0109265488264159,1880,1200,1456778232183
Running observer at: 1456778242762
production-topology1-1-1456776700,0.9535092223967891,0.9826892265176262,2460,1600,1456778243243
production-topology4-4-1456776721,0.9492082021603832,1.1247420462712157,2340,4080,1456778243243
production-topology3-3-1456776714,0.9446548244089543,1.0031039181977015,2740,4740,1456778243243
production-topology2-2-1456776707,0.9808228139191162,1.0085887186798848,2140,1400,1456778243243
Running observer at: 1456778253698
production-topology1-1-1456776700,1.0462670407019488,0.9851345270631771,1960,1240,1456778254209
production-topology4-4-1456776721,1.0403498622267886,1.1214961930387377,2020,3700,1456778254209
production-topology3-3-1456776714,1.163167754839475,1.001609852578728,1940,3860,1456778254209
production-topology2-2-1456776707,1.0066088839967255,1.0063556404263823,1740,1060,1456778254209
Running observer at: 1456778264837
production-topology1-1-1456776700,1.1270472326861778,0.9903905531973622,2200,1440,1456778265387
production-topology4-4-1456776721,0.9700275077695533,1.1158862417324718,2300,4140,1456778265387
production-topology3-3-1456776714,0.9447342286845548,1.001290424303435,2580,4540,1456778265387
production-topology2-2-1456776707,0.8877751686991727,1.0055176282663303,2100,1360,1456778265387
Running observer at: 1456778275908
production-topology1-1-1456776700,0.9650830579484196,0.9894867140813286,2500,1520,1456778276391
production-topology4-4-1456776721,1.0093088541364406,1.1120799064611848,2320,4120,1456778276391
production-topology3-3-1456776714,0.9921943552946952,1.002123956058899,2680,4780,1456778276391
production-topology2-2-1456776707,1.1054730952657148,1.0089835915615943,2140,1380,1456778276391
Running observer at: 1456778286830
production-topology1-1-1456776700,0.9671056817458802,0.9887149543456235,1860,1200,1456778287417
production-topology4-4-1456776721,1.005966010102853,1.1084208065867596,1940,3600,1456778287417
production-topology3-3-1456776714,0.9769160159645475,1.0035279464239686,2160,3740,1456778287418
production-topology2-2-1456776707,0.9382836671551865,1.0079452574285093,1780,1100,1456778287418
Running observer at: 1456778297951
production-topology1-1-1456776700,0.9166106478689066,0.9863114774630664,2240,1440,1456778298391
production-topology4-4-1456776721,0.984204126109428,1.1042802505708484,2420,4240,1456778298392
production-topology3-3-1456776714,0.9985547268341282,1.0003661426747985,2520,4600,1456778298392
production-topology2-2-1456776707,1.0437369307071773,1.002977592370761,2020,1340,1456778298392
Running observer at: 1456778308959
production-topology1-1-1456776700,1.0067911434236616,0.9866553318296298,2240,1480,1456778309560
production-topology4-4-1456776721,1.0109012716624755,1.1247435719378254,1900,3440,1456778309560
production-topology3-3-1456776714,1.025335332273051,1.0012220886451701,2440,4520,1456778309560
production-topology2-2-1456776707,0.9482448979591834,1.0062416465802855,2000,1240,1456778309560
Running observer at: 1456778320046
production-topology1-1-1456776700,0.9377603595803232,0.964549812951443,2160,1280,1456778320600
production-topology4-4-1456776721,0.9974300926561485,1.1579912416930302,2420,4300,1456778320600
production-topology3-3-1456776714,1.035688323584804,1.0056868935677696,2240,4080,1456778320600
production-topology2-2-1456776707,1.1744852731457707,1.004321799130233,1880,1200,1456778320601
Running observer at: 1456778331085
production-topology1-1-1456776700,1.1630824157081363,0.9699858934750475,2220,1480,1456778331587
production-topology4-4-1456776721,0.9730953364230104,1.1237610862404641,2280,4140,1456778331587
production-topology3-3-1456776714,1.018575306887619,1.0048206873274679,2600,4620,1456778331587
production-topology2-2-1456776707,0.9028765792031096,1.0004594283794346,2040,1380,1456778331587
Running observer at: 1456778342067
production-topology1-1-1456776700,0.8993974487402193,0.9666324750997216,2220,1360,1456778342701
production-topology4-4-1456776721,1.0495940434936943,1.0920808876902541,1960,3460,1456778342701
production-topology3-3-1456776714,0.9230004369539575,0.996892127149093,2460,4380,1456778342702
production-topology2-2-1456776707,0.9864299677818825,1.004582831166401,1940,1120,1456778342702
Running observer at: 1456778353228
production-topology1-1-1456776700,0.9084577114427862,0.9635810654811477,2100,1320,1456778353779
production-topology4-4-1456776721,1.0474064464070705,1.0603277692371564,2200,4160,1456778353779
production-topology3-3-1456776714,1.0814632094959582,1.0013932817513391,2180,3840,1456778353779
production-topology2-2-1456776707,1.046961749282199,1.0033125746609928,1920,1260,1456778353779
Running observer at: 1456778364361
production-topology1-1-1456776700,1.1247605363984672,1.0010714711512945,2320,1520,1456778364811
production-topology4-4-1456776721,0.9901312163442053,1.061432468256337,2440,4360,1456778364812
production-topology3-3-1456776714,1.0043358879099447,1.004572446121595,2600,4740,1456778364812
production-topology2-2-1456776707,1.1208901726401594,1.009530306022468,2080,1440,1456778364812
Running observer at: 1456778375405
production-topology1-1-1456776700,1.026918809936877,1.000691986100704,2160,1420,1456778376029
production-topology4-4-1456776721,0.964545801599373,1.0077254091177303,1920,3340,1456778376029
production-topology3-3-1456776714,1.0228627605412322,1.005342057239394,2420,4580,1456778376029
production-topology2-2-1456776707,0.7895996055285492,1.0031059354071208,1980,1120,1456778376030
Running observer at: 1456778386535
production-topology1-1-1456776700,1.1358684098639458,1.0150020973926948,2060,1300,1456778387105
production-topology4-4-1456776721,0.9983473487080863,1.0050872164174036,2320,4160,1456778387105
production-topology3-3-1456776714,1.0181552391585211,1.0075704957669003,2220,3740,1456778387105
production-topology2-2-1456776707,1.1194654250707436,1.0082768342235922,1880,1240,1456778387105
Running observer at: 1456778397687
production-topology1-1-1456776700,0.9442388724179618,1.0067852946954143,2400,1520,1456778398177
production-topology4-4-1456776721,0.996634117193232,1.0025459138732562,2420,4300,1456778398177
production-topology3-3-1456776714,0.93292326546003,1.0065221028331661,2720,4780,1456778398177
production-topology2-2-1456776707,1.0137684854665987,1.0067622332097077,2120,1400,1456778398177
Running observer at: 1456778408677
production-topology1-1-1456776700,1.0437172747564512,1.0085862079180055,1940,1260,1456778409303
production-topology4-4-1456776721,1.156286021670637,1.0076755309846204,1820,3540,1456778409304
production-topology3-3-1456776714,1.0087248654043162,1.000807904227785,2360,4600,1456778409304
production-topology2-2-1456776707,1.0656208581014428,1.0125108740585318,1840,1180,1456778409304
Running observer at: 1456778419814
production-topology1-1-1456776700,0.9455605764533463,1.0018283010167288,2300,1480,1456778420328
production-topology4-4-1456776721,1.0030450980088004,1.0033074102556285,2240,4120,1456778420329
production-topology3-3-1456776714,1.024740891998427,1.0039984451878787,2220,3780,1456778420329
production-topology2-2-1456776707,0.8826726932794963,1.0073787763335356,2020,1200,1456778420329
Running observer at: 1456778430833
production-topology1-1-1456776700,0.9641847868577116,1.0059051450913221,2420,1580,1456778431320
production-topology4-4-1456776721,0.9151275319047624,1.0028960888561083,2360,4060,1456778431320
production-topology3-3-1456776714,1.0457350926609346,1.00571845998055,2560,4800,1456778431320
production-topology2-2-1456776707,1.0487449838994838,1.0074433229957365,2120,1440,1456778431320
Running observer at: 1456778441797
production-topology1-1-1456776700,0.9928009979609564,1.0024798380068858,1860,1240,1456778442450
production-topology4-4-1456776721,1.018355485320861,1.0033757396204555,1980,3680,1456778442450
production-topology3-3-1456776714,0.9854220901750039,1.0049479607051621,2180,3800,1456778442450
production-topology2-2-1456776707,1.0061732475829819,1.008048166973053,1740,1100,1456778442450
Running observer at: 1456778452991
production-topology1-1-1456776700,1.0732794802028491,1.004897537617602,2260,1420,1456778453464
production-topology4-4-1456776721,1.0209647588168962,1.0053840152068725,2380,4140,1456778453464
production-topology3-3-1456776714,0.9847467228819881,1.0063844684502088,2540,4620,1456778453464
production-topology2-2-1456776707,1.104670990689402,1.0113518275659692,1980,1280,1456778453464
Running observer at: 1456778463983
production-topology1-1-1456776700,1.0432144994254708,1.0076789146832137,2480,1540,1456778464563
production-topology4-4-1456776721,1.0292575519434242,1.0060978978557444,2240,4120,1456778464563
production-topology3-3-1456776714,0.997957991296549,1.005475303237868,2620,4680,1456778464563
production-topology2-2-1456776707,0.8474314314314314,1.0016088663617493,2180,1400,1456778464563
Running observer at: 1456778475023
production-topology1-1-1456776700,0.8885865983804127,1.0038630376963555,1880,1240,1456778475661
production-topology4-4-1456776721,1.0018124642652944,1.0051086226325197,1980,3640,1456778475662
production-topology3-3-1456776714,1.0539979520174994,1.0051550517527128,2100,3860,1456778475662
production-topology2-2-1456776707,1.203776767043033,1.009476948929244,1780,1140,1456778475662
Running observer at: 1456778486224
production-topology1-1-1456776700,0.9403172071593122,0.9987349806623139,2360,1400,1456778486712
production-topology4-4-1456776721,1.0226942380533015,1.007291532479935,2320,4220,1456778486713
production-topology3-3-1456776714,0.922425575429053,1.0033281520602724,2560,4480,1456778486713
production-topology2-2-1456776707,0.967133272378677,1.0122551797458441,2040,1240,1456778486713
Running observer at: 1456778497309
production-topology1-1-1456776700,0.9430155404567864,0.9987653021122075,2400,1540,1456778497823
production-topology4-4-1456776721,1.0178582055970402,1.0070058180114205,2260,4040,1456778497824
production-topology3-3-1456776714,1.017711653804211,1.004287934190853,2660,4800,1456778497824
production-topology2-2-1456776707,0.8406281515060855,1.0069888707793242,2140,1300,1456778497824
Running observer at: 1456778508331
production-topology1-1-1456776700,1.2521526950223614,1.0074116906137938,1880,1300,1456778508962
production-topology4-4-1456776721,0.9699689199689199,1.0056575706168611,1940,3420,1456778508962
production-topology3-3-1456776714,1.0948264824267757,1.008969835170798,1900,3620,1456778508962
production-topology2-2-1456776707,1.3101499949326036,1.014204481146545,1760,1200,1456778508962
Running observer at: 1456778519530
production-topology1-1-1456776700,1.0398259103162442,1.011718539206554,2300,1500,1456778520039
production-topology4-4-1456776721,1.0525550100018184,1.00837354684143,2340,4380,1456778520039
production-topology3-3-1456776714,0.9346153275305568,1.0045100179096773,2680,4680,1456778520040
production-topology2-2-1456776707,1.0112220309810676,1.0135388278436759,2060,1280,1456778520040
Running observer at: 1456778530604
production-topology1-1-1456776700,0.8311400007023619,1.0044380228520773,2400,1480,1456778531087
production-topology4-4-1456776721,0.919594434915757,1.0049897310441915,2420,4060,1456778531087
production-topology3-3-1456776714,1.0190457067522256,1.0039299087825886,2680,4840,1456778531087
production-topology2-2-1456776707,0.909019933554817,1.0138877062207363,2140,1320,1456778531087
Running observer at: 1456778541479
production-topology1-1-1456776700,1.1916190476190476,1.0107125490367193,500,320,1456778541888
production-topology4-4-1456776721,1.0596803948681148,1.0083274054994869,1860,3500,1456778541888
production-topology3-3-1456776714,1.0048834214257436,1.0044478357790025,1980,3500,1456778541888
production-topology2-2-1456776707,0.9387651065699847,1.0101831696790595,1640,1040,1456778541888
Running observer at: 1456778552427
production-topology1-1-1456776700,1.0,1.0078415920337116,0,0,1456778552755
production-topology4-4-1456776721,0.9966304563281514,1.009052043774796,2420,4360,1456778552755
production-topology3-3-1456776714,1.0963072874632194,1.008880750150365,1680,3360,1456778552755
production-topology2-2-1456776707,16.406250000000004,1.5202485402401957,60,100,1456778552755
