Running observer at: 1456802893754
production-topology1-1-1456802893,0.0,0.0,0,0,1456802894042
Running observer at: 1456802894638
production-topology1-1-1456802893,0.0,0.0,0,0,1456802894966
Running observer at: 1456802900424
production-topology1-1-1456802893,0.0,0.0,0,0,1456802900760
production-topology2-2-1456802900,0.0,0.0,0,0,1456802900761
Running observer at: 1456802905339
production-topology1-1-1456802893,0.0,0.0,0,0,1456802905782
production-topology2-2-1456802900,0.0,0.0,0,0,1456802905783
Running observer at: 1456802907460
production-topology3-3-1456802907,0.0,0.0,0,0,1456802907884
production-topology1-1-1456802893,0.0,0.0,80,0,1456802907884
production-topology2-2-1456802900,0.0,0.0,0,0,1456802907884
Running observer at: 1456802914601
production-topology3-3-1456802907,0.0,0.0,0,0,1456802915422
production-topology1-1-1456802893,0.17482517482517484,0.02913752913752914,360,120,1456802915422
production-topology2-2-1456802900,0.0,0.0,80,0,1456802915422
production-topology4-4-1456802914,0.0,0.0,0,0,1456802915422
Running observer at: 1456802916214
production-topology3-3-1456802907,0.0,0.0,0,0,1456802916717
production-topology1-1-1456802893,2.0,0.3106893106893107,180,80,1456802916717
production-topology2-2-1456802900,0.0,0.0,0,0,1456802916718
production-topology4-4-1456802914,0.0,0.0,0,0,1456802916718
Running observer at: 1456802927430
production-topology3-3-1456802907,0.18346774193548387,0.04586693548387097,620,140,1456802927991
production-topology1-1-1456802893,1.3957720594941527,0.44632465428991597,2220,1720,1456802927991
production-topology2-2-1456802900,1.0898769519937541,0.1816461586656257,1420,900,1456802927991
production-topology4-4-1456802914,0.0,0.0,0,0,1456802927991
Running observer at: 1456802938695
production-topology3-3-1456802907,1.2848340109749952,0.29366035058209583,2020,4480,1456802939417
production-topology1-1-1456802893,0.8414650435704257,0.4902291419877504,2200,1320,1456802939417
production-topology2-2-1456802900,0.8574160001079081,0.2781847074430946,2160,1340,1456802939417
production-topology4-4-1456802914,0.7662735740592126,0.19156839351480315,1140,1380,1456802939417
Running observer at: 1456802950132
production-topology3-3-1456802907,1.0089575917261036,0.4128765574394304,2400,4540,1456802950735
production-topology1-1-1456802893,0.9012506220708449,0.5313312899960598,2180,1400,1456802950735
production-topology2-2-1456802900,1.0408915556714384,0.37352306347163755,2460,1560,1456802950735
production-topology4-4-1456802914,1.1693809582010122,0.38713090645204495,2400,4960,1456802950735
Running observer at: 1456802961439
production-topology3-3-1456802907,0.9610546581932123,0.4911877146899707,2100,3660,1456802962118
production-topology1-1-1456802893,1.123487751955099,0.5851636956286997,2280,1440,1456802962118
production-topology2-2-1456802900,1.0924227770105908,0.45340080942041017,2160,1500,1456802962119
production-topology4-4-1456802914,0.968529156029156,0.4840306147148968,2340,4100,1456802962119
Running observer at: 1456802972629
production-topology3-3-1456802907,0.9927147568120767,0.553878594955234,2360,4140,1456802973215
production-topology1-1-1456802893,0.9565708900744962,0.6161142951658495,2520,1540,1456802973215
production-topology2-2-1456802900,0.9162186352941176,0.49968259200778087,2000,1260,1456802973215
production-topology4-4-1456802914,1.0329903308704709,0.5624534313085502,2120,4020,1456802973216
Running observer at: 1456802983792
production-topology3-3-1456802907,1.1281408468629384,0.6176855118338678,2180,4200,1456802984402
production-topology1-1-1456802893,0.9540774085187973,0.6421114577314608,1900,1180,1456802984402
production-topology2-2-1456802900,1.069073887726836,0.5514454370731495,2380,1480,1456802984402
production-topology4-4-1456802914,0.9425925809045076,0.6099708250080449,2220,3920,1456802984403
Running observer at: 1456802995055
production-topology3-3-1456802907,0.8864363517047159,0.6445605958209526,2120,3580,1456802995650
production-topology1-1-1456802893,1.1227818079180036,0.6764450541733568,2240,1440,1456802995651
production-topology2-2-1456802900,0.9740157377630678,0.5866596287973094,2260,1460,1456802995651
production-topology4-4-1456802914,0.9838416530894407,0.6515120281282,2260,4080,1456802995651
Running observer at: 1456803006273
production-topology3-3-1456802907,0.9909451343848983,0.6760500993267659,2440,4360,1456803006869
production-topology1-1-1456802893,0.9598228418224127,0.6953369066832938,2360,1540,1456803006869
production-topology2-2-1456802900,1.0166098987557841,0.6197327264864227,2060,1300,1456803006869
production-topology4-4-1456802914,1.032951052230774,0.6896559305384573,2220,4140,1456803006869
Running observer at: 1456803017406
production-topology3-3-1456802907,0.9810593853314715,0.701467539827158,2160,3840,1456803018045
production-topology1-1-1456802893,1.0618524026315053,0.7182441251800571,2140,1360,1456803018046
production-topology2-2-1456802900,0.8971830290513014,0.639550605241057,2280,1420,1456803018046
production-topology4-4-1456802914,1.0132568425251351,0.719074195264519,2100,3640,1456803018046
Running observer at: 1456803028634
production-topology3-3-1456802907,1.0390850720395035,0.7274381192281076,2060,3760,1456803029241
production-topology1-1-1456802893,0.8753176331640323,0.7274837432967615,2180,1380,1456803029241
production-topology2-2-1456802900,1.152798723347972,0.6737671464481847,2260,1480,1456803029241
production-topology4-4-1456802914,0.926259912619931,0.7363396717108034,2360,4160,1456803029242
Running observer at: 1456803039880
production-topology3-3-1456802907,1.0391139360576644,0.7497006775730759,2400,4360,1456803040428
production-topology1-1-1456802893,1.0599897422679447,0.7459562987951606,2440,1540,1456803040429
production-topology2-2-1456802900,1.0304856208804,0.6960620511001981,2200,1420,1456803040429
production-topology4-4-1456802914,1.1005920197609464,0.7643590830992759,2220,4140,1456803040429
Running observer at: 1456803050842
production-topology3-3-1456802907,1.022535536475918,0.7678896681665986,2160,3880,1456803051491
production-topology1-1-1456802893,1.0468517250821465,0.7617929001786862,2000,1280,1456803051491
production-topology2-2-1456802900,0.8862375672275461,0.7072488461665127,2160,1380,1456803051491
production-topology4-4-1456802914,0.9865531460749617,0.7802300875975392,2020,3640,1456803051492
Running observer at: 1456803062076
production-topology3-3-1456802907,0.8870377835321162,0.7753364253769436,2080,3660,1456803062694
production-topology1-1-1456802893,1.0126720809066332,0.7743368592150836,2320,1480,1456803062694
production-topology2-2-1456802900,1.022326674500588,0.7247531699628502,2300,1460,1456803062695
production-topology4-4-1456802914,0.9799830001138039,0.7935469484319568,2320,4100,1456803062695
Running observer at: 1456803073286
production-topology3-3-1456802907,1.0029302514791896,0.7887242975006051,2420,4280,1456803073860
production-topology1-1-1456802893,0.9660026651177093,0.7834638023533038,2220,1520,1456803073861
production-topology2-2-1456802900,1.1037483466706839,0.7447002845264205,2360,1540,1456803073861
production-topology4-4-1456802914,0.9821966240521873,0.8053375531582213,2260,4200,1456803073861
Running observer at: 1456803084362
production-topology3-3-1456802907,1.1192229417613873,0.8070853332928709,2120,4040,1456803084979
production-topology1-1-1456802893,0.9615078548902078,0.791556713832254,2040,1220,1456803084979
production-topology2-2-1456802900,0.8064434737724786,0.7477874439887234,2000,1220,1456803084979
production-topology4-4-1456802914,1.0478359314937802,0.8196021636485483,2100,3700,1456803084979
Running observer at: 1456803095574
production-topology3-3-1456802907,0.9776668958608605,0.8160633102701335,2060,3660,1456803096101
production-topology1-1-1456802893,1.1326326326326324,0.8063861016061835,2300,1560,1456803096101
production-topology2-2-1456802900,0.9939842836352146,0.7595111030195086,2180,1460,1456803096101
production-topology4-4-1456802914,1.0175378278571396,0.8305985894379145,2260,4140,1456803096101
Running observer at: 1456803106624
production-topology3-3-1456802907,0.9794404552228695,0.8242321675177703,2400,4320,1456803107130
production-topology1-1-1456802893,0.8726520923443013,0.809147184553605,2300,1400,1456803107130
production-topology2-2-1456802900,1.0608005826323732,0.7732060793655481,2420,1580,1456803107130
production-topology4-4-1456802914,0.9502068509436148,0.8368937610961094,2320,4060,1456803107130
Running observer at: 1456803117699
production-topology3-3-1456802907,1.0193258838615131,0.8335223444865199,2180,3900,1456803118313
production-topology1-1-1456802893,1.1522917307548017,0.8228729664016528,2000,1320,1456803118313
production-topology2-2-1456802900,0.96698655510567,0.7816313174412055,1980,1200,1456803118313
production-topology4-4-1456802914,1.2306869144964385,0.8565834187661258,1980,3720,1456803118314
Running observer at: 1456803128907
production-topology3-3-1456802907,0.9814047451059653,0.8402442717874038,2020,3740,1456803129504
production-topology1-1-1456802893,0.9646425478577769,0.8283256426115038,2280,1460,1456803129504
production-topology2-2-1456802900,1.0052070979435657,0.7909469749621372,2320,1420,1456803129504
production-topology4-4-1456802914,0.872739171867761,0.8573527403423941,2260,4060,1456803129505
Running observer at: 1456803140022
production-topology3-3-1456802907,1.0387966601403367,0.8488769843244879,2340,4420,1456803140524
production-topology1-1-1456802893,1.0210578995980644,0.8354638743517468,2280,1540,1456803140524
production-topology2-2-1456802900,1.0804984779299847,0.8025290350808512,2400,1520,1456803140524
production-topology4-4-1456802914,1.0274066225996688,0.8650824622631794,2320,4180,1456803140525
Running observer at: 1456803151080
production-topology3-3-1456802907,0.9807210031347963,0.8543704851082508,2200,3820,1456803151836
production-topology1-1-1456802893,0.994694640718411,0.8411506874362705,2060,1260,1456803151836
production-topology2-2-1456802900,0.9001126434158355,0.8062822507860428,1860,1220,1456803151836
production-topology4-4-1456802914,1.0027586758472347,0.871068384592921,2080,3640,1456803151836
Running observer at: 1456803162402
production-topology3-3-1456802907,0.9245143088682013,0.8571762380586487,2100,3680,1456803163009
production-topology1-1-1456802893,1.0013648954980299,0.8466753153004691,2320,1400,1456803163009
production-topology2-2-1456802900,0.9757687311777146,0.8125595278375862,2320,1440,1456803163009
production-topology4-4-1456802914,0.9560435725462443,0.8746090174243094,2260,4160,1456803163010
Running observer at: 1456803173629
production-topology3-3-1456802907,1.1300004410651567,0.8676694766358222,2360,4380,1456803174148
production-topology1-1-1456802893,0.9491764326849502,0.8500920192132851,2260,1480,1456803174149
production-topology2-2-1456802900,1.0283252222635764,0.8202654454956573,2420,1580,1456803174149
production-topology4-4-1456802914,1.0339276199610277,0.8809817615257781,2420,4280,1456803174149
Running observer at: 1456803184706
production-topology3-3-1456802907,0.9602779912883088,0.8710994216229513,2280,4120,1456803185341
production-topology1-1-1456802893,0.9680507766445116,0.8823603784347688,2460,1520,1456803185342
production-topology2-2-1456802900,0.895834759663386,0.8228712839152341,1880,1260,1456803185342
production-topology4-4-1456802914,0.9243431452663733,0.8826495070542625,2080,3600,1456803185342
Running observer at: 1456803195826
production-topology3-3-1456802907,0.9550628709778194,0.874098116242768,1940,3380,1456803196433
production-topology1-1-1456802893,1.0724930106101929,0.9181101454551085,1820,1260,1456803196433
production-topology2-2-1456802900,1.0973884863625771,0.8320218573301456,2260,1400,1456803196433
production-topology4-4-1456802914,1.144434110165327,0.892345233095413,2080,4020,1456803196433
Running observer at: 1456803207051
production-topology3-3-1456802907,1.0265938627730435,0.8793565902610534,2340,4400,1456803207554
production-topology1-1-1456802893,1.0209165183490128,0.9521406960667422,2280,1480,1456803207554
production-topology2-2-1456802900,1.0234524794964057,0.8661369399800257,2480,1460,1456803207554
production-topology4-4-1456802914,0.9193613127556229,0.8933100930832777,2380,4320,1456803207554
Running observer at: 1456803218093
production-topology3-3-1456802907,0.9487486504352027,0.881669658933525,2400,4100,1456803218673
production-topology1-1-1456802893,1.0388797389106719,0.986770020697098,2400,1480,1456803218673
production-topology2-2-1456802900,0.9597943852585259,0.89813008615531,1900,1260,1456803218674
production-topology4-4-1456802914,1.01820223799579,0.8976167187699161,2080,3700,1456803218674
Running observer at: 1456803229187
production-topology3-3-1456802907,1.0037306973086546,0.9151273488438135,1920,3460,1456803229764
production-topology1-1-1456802893,1.044160326300102,1.0215753649071013,1980,1280,1456803229765
production-topology2-2-1456802900,1.0857825567502988,0.9343228380469866,2300,1420,1456803229765
production-topology4-4-1456802914,1.0019680745170942,0.9010950972948221,2180,3880,1456803229765
Running observer at: 1456803240398
production-topology3-3-1456802907,1.0135429617912481,0.9489121142368551,2400,4380,1456803240934
production-topology1-1-1456802893,1.0270977867340338,1.0499844519707298,2200,1400,1456803240934
production-topology2-2-1456802900,0.9104269797303406,0.964670404037998,2420,1580,1456803240934
production-topology4-4-1456802914,0.9749962604796212,0.9335949726441427,2420,4340,1456803240935
Running observer at: 1456803251498
production-topology3-3-1456802907,1.0263100600614177,0.9831224495722357,2240,4100,1456803252120
production-topology1-1-1456802893,0.8747436840163616,1.0124759081046084,2460,1480,1456803252120
production-topology2-2-1456802900,1.0575010952829509,0.9999204405474297,1860,1220,1456803252121
production-topology4-4-1456802914,1.0955696124603689,0.9701139597261551,2100,3920,1456803252121
Running observer at: 1456803262609
production-topology3-3-1456802907,1.0263277473818473,1.0112177830871145,1920,3520,1456803263176
production-topology1-1-1456802893,1.078246427591107,1.001891720374507,1900,1280,1456803263177
production-topology2-2-1456802900,0.9645345096958003,0.9957423591374978,2300,1540,1456803263177
production-topology4-4-1456802914,0.925099467055176,1.0009506086279942,2060,3680,1456803263177
Running observer at: 1456803273726
production-topology3-3-1456802907,0.9740958447357047,1.0008598442124714,2380,4340,1456803274271
production-topology1-1-1456802893,0.8910531268177431,1.003544656482751,2360,1460,1456803274272
production-topology2-2-1456802900,1.0831905075807513,1.0032681760532591,2460,1580,1456803274272
production-topology4-4-1456802914,1.0309681604737386,1.0097737615084783,2440,4340,1456803274272
Running observer at: 1456803284796
production-topology3-3-1456802907,0.9912402545936854,1.0002692663080575,2340,4060,1456803285415
production-topology1-1-1456802893,0.9990577703038498,1.0068048947571844,2400,1440,1456803285415
production-topology2-2-1456802900,0.8892344497607656,0.9982129391895701,1900,1220,1456803285415
production-topology4-4-1456802914,0.9241136160211105,1.0015981834358147,2180,3840,1456803285415
Running observer at: 1456803295901
production-topology3-3-1456802907,0.9882757897679619,1.001176637360549,1920,3500,1456803296456
production-topology1-1-1456802893,1.235459898430307,1.0105372996396915,1840,1280,1456803296456
production-topology2-2-1456802900,1.0718344444106218,0.9975266614362379,2280,1460,1456803296456
production-topology4-4-1456802914,1.0555021459269356,1.0044972830990742,2060,3720,1456803296456
Running observer at: 1456803307055
production-topology3-3-1456802907,1.014733004925326,1.001910578964324,2420,4360,1456803307566
production-topology1-1-1456802893,0.8597446987881272,1.007309759930146,2320,1420,1456803307566
production-topology2-2-1456802900,0.9810545759457521,0.9996878594579591,2440,1500,1456803307566
production-topology4-4-1456802914,0.991786466907446,1.0031238209669733,2400,4380,1456803307566
Running observer at: 1456803318150
production-topology3-3-1456802907,1.1103937270603936,1.0013190083042391,2220,4100,1456803318766
production-topology1-1-1456802893,1.1458227504244487,1.0137012713270008,2480,1660,1456803318766
production-topology2-2-1456802900,0.9437638780366137,0.9955108591349516,1840,1220,1456803318766
production-topology4-4-1456802914,0.9797976751169938,1.0043639907740562,2140,3900,1456803318766
Running observer at: 1456803329330
production-topology3-3-1456802907,0.9200501061206123,1.002439466784769,2100,3740,1456803329881
production-topology1-1-1456802893,0.871363347869705,1.0053206559920576,1800,1240,1456803329881
production-topology2-2-1456802900,0.9715337272072768,0.9954281254497587,2340,1460,1456803329881
production-topology4-4-1456802914,0.9579131533656748,1.0034997074499308,2100,3640,1456803329881
Running observer at: 1456803340442
production-topology3-3-1456802907,1.0253016794135215,1.0035846849523897,2220,4020,1456803340942
production-topology1-1-1456802893,1.1093544568120834,1.01030504315838,2360,1440,1456803340943
production-topology2-2-1456802900,0.9287858052735664,0.9925006556670181,2440,1540,1456803340943
production-topology4-4-1456802914,1.0415534578889991,1.0037864543052049,2400,4380,1456803340943
Running observer at: 1456803351438
production-topology3-3-1456802907,0.925970939004163,1.0017484034081463,2220,3920,1456803352025
production-topology1-1-1456802893,0.9819354676420056,1.0076411453253966,2440,1540,1456803352025
production-topology2-2-1456802900,1.1691186220155965,1.0015651754324943,1920,1180,1456803352026
production-topology4-4-1456802914,1.0384087580217078,1.004624851488424,1860,3420,1456803352026
Running observer at: 1456803362545
production-topology3-3-1456802907,0.9847681766927439,0.9999378402299208,2080,3780,1456803363148
production-topology1-1-1456802893,0.9166554684583799,1.0090190731685416,1880,1160,1456803363148
production-topology2-2-1456802900,1.040372564345167,0.9978176367990677,2220,1460,1456803363148
production-topology4-4-1456802914,1.0456174294657272,1.0086034353832838,2300,4200,1456803363149
Running observer at: 1456803373754
production-topology3-3-1456802907,1.0618448688051703,1.000695537988171,2340,4320,1456803374238
production-topology1-1-1456802893,1.066846074380165,1.0092476175722824,2240,1520,1456803374238
production-topology2-2-1456802900,0.8835314398987547,0.9929191640996795,2460,1500,1456803374238
production-topology4-4-1456802914,0.9655825239932038,1.0041031188576923,2380,4340,1456803374238
Running observer at: 1456803384808
production-topology3-3-1456802907,1.0047815776672793,1.0001037393612164,2320,4120,1456803385408
production-topology1-1-1456802893,1.023337331936571,1.00846380446743,2420,1560,1456803385408
production-topology2-2-1456802900,1.017311710240046,0.9972883022000961,1920,1260,1456803385408
production-topology4-4-1456802914,1.0497963471376104,1.0062112255597806,2240,3940,1456803385408
Running observer at: 1456803395933
production-topology3-3-1456802907,0.9745392064979694,1.0030204534600784,1920,3480,1456803396530
production-topology1-1-1456802893,0.991642263553621,1.0077628105556629,1900,1220,1456803396530
production-topology2-2-1456802900,1.0605738407089977,0.9985632077403764,2260,1460,1456803396530
production-topology4-4-1456802914,0.9348371074099195,1.0047063624696513,2040,3700,1456803396530
Running observer at: 1456803407210
production-topology3-3-1456802907,1.021079825762875,1.0036254392695345,2400,4260,1456803407743
production-topology1-1-1456802893,0.8462801526411422,1.0037720601397773,2340,1460,1456803407743
production-topology2-2-1456802900,1.0740719245694468,0.9975739936703351,2460,1600,1456803407743
production-topology4-4-1456802914,1.0034747606833267,1.0054156336906892,2380,4280,1456803407743
Running observer at: 1456803418235
production-topology3-3-1456802907,0.9574526553304843,0.9982330963885043,2320,4120,1456803418836
production-topology1-1-1456802893,1.1212777962157612,1.009097724850629,2380,1600,1456803418836
production-topology2-2-1456802900,0.9043462793162171,1.0008374205217931,1960,1240,1456803418836
production-topology4-4-1456802914,1.0320197044334976,1.0048884261220132,2100,3840,1456803418836
Running observer at: 1456803429304
production-topology3-3-1456802907,1.060619533329243,1.0009981843041171,1860,3540,1456803429870
production-topology1-1-1456802893,1.0784817197384697,1.0072926944208238,1980,1240,1456803429870
production-topology2-2-1456802900,0.9696982594935859,1.0000278863837386,2240,1440,1456803429870
production-topology4-4-1456802914,0.967706559575559,1.0032273838459602,2120,3700,1456803429870
Running observer at: 1456803440465
production-topology3-3-1456802907,1.0060632365846405,1.0018856103495095,2400,4280,1456803440943
production-topology1-1-1456802893,0.965237349871536,1.0103788696717315,2280,1400,1456803440943
production-topology2-2-1456802900,1.075850218246903,1.0005295409042232,2380,1500,1456803440943
production-topology4-4-1456802914,1.0355617575691727,1.0060725474001457,2380,4320,1456803440944
Running observer at: 1456803451463
production-topology3-3-1456802907,1.0318758344459278,1.0023039420356568,2180,3900,1456803452017
production-topology1-1-1456802893,1.006589714733407,1.005522135804352,2400,1600,1456803452017
production-topology2-2-1456802900,0.9395613253574306,0.9996153665792818,1980,1280,1456803452017
production-topology4-4-1456802914,0.9817786019387046,0.9977756036482209,1940,3500,1456803452017
Running observer at: 1456803462554
production-topology3-3-1456802907,0.9542204550606794,1.0013977990341472,2060,3640,1456803463162
production-topology1-1-1456802893,0.9402985074626866,1.0047106677911821,1920,1260,1456803463163
production-topology2-2-1456802900,0.9687992292563697,0.9984017709563753,2220,1420,1456803463163
production-topology4-4-1456802914,0.9738249470306171,1.001145129486983,2300,3980,1456803463163
Running observer at: 1456803473719
production-topology3-3-1456802907,0.9955632402203933,0.9999566850368156,2420,4460,1456803474309
production-topology1-1-1456802893,1.0263362942184822,1.0048866142785293,2280,1520,1456803474309
production-topology2-2-1456802900,1.065907468044037,0.997915403960177,2380,1480,1456803474309
production-topology4-4-1456802914,1.016564243836971,1.0007837168615596,2420,4340,1456803474309
Running observer at: 1456803484828
production-topology3-3-1456802907,0.9955917495574724,1.0004523765842381,2140,3860,1456803485426
production-topology1-1-1456802893,1.0320207510690929,1.0061308179568855,2360,1500,1456803485426
production-topology2-2-1456802900,0.9902176436440046,1.0009189039677826,1920,1260,1456803485426
production-topology4-4-1456802914,0.9773300005564722,0.9999360943518677,2080,3720,1456803485426
Running observer at: 1456803495959
production-topology3-3-1456802907,1.0028279208931972,1.0030628303184048,2120,3840,1456803496572
production-topology1-1-1456802893,0.925645299145299,1.0036068314117943,1960,1220,1456803496572
production-topology2-2-1456802900,0.8452545016014422,0.9965684296485737,2360,1500,1456803496572
production-topology4-4-1456802914,1.0630782535267103,1.0035039170512166,2040,3880,1456803496572
Running observer at: 1456803507144
production-topology3-3-1456802907,0.9394041212744753,0.9967096196587153,2380,4240,1456803507676
production-topology1-1-1456802893,1.033752300732921,1.0064260270133933,2340,1460,1456803507676
production-topology2-2-1456802900,1.2071533996889174,1.002529368896085,2440,1560,1456803507676
production-topology4-4-1456802914,0.9326796867812607,1.0001289859452245,2480,4260,1456803507676
Running observer at: 1456803518193
production-topology3-3-1456802907,1.0646267875424653,1.0001879128671873,2280,4160,1456803518775
production-topology1-1-1456802893,0.9680027210584045,1.006424425160523,2340,1520,1456803518775
production-topology2-2-1456802900,0.9413062327925739,1.0040450846670579,1840,1220,1456803518775
production-topology4-4-1456802914,1.1586178207427356,1.0079381417944364,2120,3980,1456803518775
Running observer at: 1456803529284
production-topology3-3-1456802907,0.96,1.0003524838345934,1920,3500,1456803529947
production-topology1-1-1456802893,1.2033121646236402,1.0107850636276379,1900,1280,1456803529947
production-topology2-2-1456802900,1.0481945918655424,1.0024052881838235,2280,1400,1456803529948
production-topology4-4-1456802914,0.9308422111476233,1.0008184118271797,2100,3660,1456803529948
Running observer at: 1456803540545
production-topology3-3-1456802907,1.0070931210839773,0.9997024591116245,2480,4320,1456803541049
production-topology1-1-1456802893,0.807479500650578,1.0036704963710235,2300,1440,1456803541049
production-topology2-2-1456802900,0.8713851834347959,0.9973363783151031,2480,1580,1456803541049
production-topology4-4-1456802914,1.0034053827716654,1.0036198808277144,2380,4340,1456803541049
/var/nimbus/storm/bin/storm rebalance production-topology3 -e spout_head=11
1456803541344
/var/nimbus/storm/bin/storm rebalance production-topology4 -e bolt_output_1=9
Running observer at: 1456803551565
production-topology3-3-1456802907,1.00028183847606,1.00028183847606,124160,223820,1456803552152
production-topology1-1-1456802893,1.1837734447819825,1.0085002865667339,2420,1540,1456803552152
production-topology2-2-1456802900,1.0883084954404882,1.0016201819878352,1980,1240,1456803552152
production-topology4-4-1456802914,1.001467584090492,1.001467584090492,122680,221020,1456803552152
Running observer at: 1456803562720
production-topology3-3-1456802907,0.13,0.5651409192380299,100,100,1456803563351
production-topology1-1-1456802893,0.9844775070290533,1.0065108592576988,1940,1260,1456803563351
production-topology2-2-1456802900,0.9749334561834565,0.9979252119689406,2220,1380,1456803563352
production-topology4-4-1456802914,0.6537878787878788,0.8276277314391854,220,460,1456803563352
Running observer at: 1456803573939
production-topology3-3-1456802907,2.0,1.0434272794920199,0,0,1456803574500
production-topology1-1-1456802893,0.9427516774988625,1.0036993222831931,2220,1460,1456803574500
production-topology2-2-1456802900,1.0396155982987045,1.0022314992545527,2360,1620,1456803574500
production-topology4-4-1456802914,2.0,1.2184184876261235,0,0,1456803574500
Running observer at: 1456803579449
production-topology3-3-1456802907,2.0,1.282570459619015,0,0,1456803579996
production-topology1-1-1456802893,1.27297565822156,1.0169737214233665,1220,740,1456803579996
production-topology2-2-1456802900,1.281748128135008,1.009706400349621,1220,740,1456803579996
production-topology4-4-1456802914,2.0,1.4138138657195927,0,0,1456803579996
Running observer at: 1456803580495
production-topology3-3-1456802907,0.0,1.0260563676952121,111940,0,1456803581096
production-topology1-1-1456802893,1.0,1.0143655071703295,0,0,1456803581096
production-topology2-2-1456802900,1.0,1.010888583359761,0,0,1456803581096
production-topology4-4-1456802914,2.0,1.5310510925756742,0,0,1456803581097
Running observer at: 1456803584963
production-topology3-3-1456802907,0.9969954189351002,1.0212128762351933,74800,134420,1456803585552
production-topology1-1-1456802893,0.8417870072005409,1.0127233031830893,1260,800,1456803585552
production-topology2-2-1456802900,0.6220971147079521,0.9955188035973346,700,480,1456803585553
production-topology4-4-1456802914,0.0,1.2758759104797284,0,0,1456803585553
Running observer at: 1456803595994
production-topology3-3-1456802907,0.845220682341756,0.9960711342504166,1840,2660,1456803596648
production-topology1-1-1456802893,0.8531925364747823,1.0078611287221204,1900,1140,1456803596648
production-topology2-2-1456802900,1.0734267350241982,1.0016585464394487,2320,1440,1456803596648
production-topology4-4-1456802914,0.0,1.0936079232683387,0,0,1456803596648
Running observer at: 1456803607188
production-topology3-3-1456802907,1.0024294078515914,0.9968659184505635,2660,4880,1456803607677
production-topology1-1-1456802893,1.226788428455065,1.007572079722946,2260,1500,1456803607677
production-topology2-2-1456802900,0.967885242269066,0.9981935730347301,2380,1500,1456803607678
production-topology4-4-1456802914,0.9251462055627188,1.0725502085551362,1780,2900,1456803607678
Running observer at: 1456803618207
production-topology3-3-1456802907,0.9690183167077039,0.9937717404791346,2500,4460,1456803618759
production-topology1-1-1456802893,0.8414750591243448,1.0069630917341532,2400,1560,1456803618760
production-topology2-2-1456802900,1.1667338502831306,1.0043828821793095,1880,1280,1456803618760
production-topology4-4-1456802914,1.0439854933406005,1.0693763513090768,2040,3960,1456803618760
Running observer at: 1456803629329
production-topology3-3-1456802907,1.0495128838062477,0.9993458548118459,2100,3880,1456803629862
production-topology1-1-1456802893,1.2792782105144833,1.0114116070704877,1900,1280,1456803629862
production-topology2-2-1456802900,0.9818437204614529,1.0056522102601375,2360,1460,1456803629863
production-topology4-4-1456802914,0.9691769749465198,1.059356413672821,2140,3800,1456803629863
Running observer at: 1456803640485
production-topology3-3-1456802907,0.9436973905723904,0.99428690351735,2700,4620,1456803640985
production-topology1-1-1456802893,0.8855337137588061,1.0118839526001244,2380,1480,1456803640985
production-topology2-2-1456802900,0.9973409901494567,1.0065124523582103,2400,1560,1456803640985
production-topology4-4-1456802914,0.9624381635167467,1.0505456636586326,2380,4160,1456803640985
Running observer at: 1456803651488
production-topology3-3-1456802907,0.9693047598193176,0.9922050582091807,2580,4540,1456803652005
production-topology1-1-1456802893,1.0064939369462043,1.0084552686045951,2400,1540,1456803652005
production-topology2-2-1456802900,0.9930314552994133,1.0086539740257383,1960,1240,1456803652005
production-topology4-4-1456802914,1.052104274961418,1.0506755479338645,2000,3680,1456803652005
Running observer at: 1456803662594
production-topology3-3-1456802907,1.0862709549347347,0.9994408964188387,2020,3860,1456803663097
production-topology1-1-1456802893,1.0484930357958022,1.0106738542097216,1880,1280,1456803663097
production-topology2-2-1456802900,0.9459076826164092,1.0012136093790989,2240,1440,1456803663098
production-topology4-4-1456802914,0.9805568179972752,1.045281799477204,2260,4140,1456803663098
Running observer at: 1456803673773
production-topology3-3-1456802907,1.0165117434633002,1.0006602426363003,2600,4800,1456803674265
production-topology1-1-1456802893,0.9966177479052446,1.013339263524617,2360,1420,1456803674265
production-topology2-2-1456802900,0.9305817976127629,0.9975539171546856,2400,1480,1456803674265
production-topology4-4-1456802914,0.9948866549476305,1.04168214629652,2180,3900,1456803674265
Running observer at: 1456803684846
production-topology3-3-1456802907,1.028961567343114,1.0025469976167545,2600,4620,1456803685358
production-topology1-1-1456802893,1.0866820023472232,1.014000461123519,2340,1560,1456803685358
production-topology2-2-1456802900,1.1093577729659803,1.0050814615902597,1980,1280,1456803685358
production-topology4-4-1456802914,1.029839278391149,1.0408926217694954,2180,3880,1456803685358
Running observer at: 1456803695735
production-topology3-3-1456802907,0.9346731264681368,0.9983048806699659,2160,3680,1456803696214
production-topology1-1-1456802893,0.9904044014735154,1.0129026967747503,1740,1060,1456803696214
production-topology2-2-1456802900,1.038196869848661,1.0057776335772135,2300,1460,1456803696214
production-topology4-4-1456802914,0.9514417363967589,1.0353019414336992,2340,4120,1456803696214
Running observer at: 1456803706875
production-topology3-3-1456802907,1.0084848484848485,0.9989037023061355,2500,4720,1456803707418
production-topology1-1-1456802893,1.0486841094128547,1.014804091636725,2520,1620,1456803707418
production-topology2-2-1456802900,1.0843439158511754,1.006569969415286,2020,1320,1456803707418
production-topology4-4-1456802914,0.9431305113812072,1.029880092607082,2160,3820,1456803707418
Running observer at: 1456803717994
production-topology3-3-1456802907,1.0271155429777659,1.0004710267878927,2220,3940,1456803718626
production-topology1-1-1456802893,0.9351222282568172,1.0177654941572472,2020,1300,1456803718626
production-topology2-2-1456802900,0.853750778210438,0.9992259312033188,2160,1360,1456803718626
production-topology4-4-1456802914,1.1335421800334387,1.0356390974641017,2180,3960,1456803718626
Running observer at: 1456803729101
production-topology3-3-1456802907,0.9641904998095709,0.998561525367981,2540,4520,1456803729601
production-topology1-1-1456802893,0.9191153795517193,1.0110267469351126,2220,1400,1456803729601
production-topology2-2-1456802900,1.0730521827812693,1.0048494613188206,2340,1520,1456803729601
production-topology4-4-1456802914,0.9928729347843868,1.0333882467967483,2260,4180,1456803729601
Running observer at: 1456803740185
production-topology3-3-1456802907,1.0230349641254193,0.9997851973058529,2520,4560,1456803740755
production-topology1-1-1456802893,1.083975752772505,1.0112098813695805,2300,1540,1456803740756
production-topology2-2-1456802900,1.045600780798149,1.0073795453623062,2100,1300,1456803740756
production-topology4-4-1456802914,0.9629982833608834,1.029868748624955,2220,3840,1456803740756
Running observer at: 1456803751256
production-topology3-3-1456802907,0.9485040088651326,0.9973432359515328,2300,4100,1456803751917
production-topology1-1-1456802893,0.9775632256227852,1.011620743894622,2140,1260,1456803751917
production-topology2-2-1456802900,1.0297623118037402,1.0058432818142007,2180,1380,1456803751917
production-topology4-4-1456802914,1.015370257488931,1.0291783442851443,2140,4040,1456803751917
Running observer at: 1456803762381
production-topology3-3-1456802907,1.0306586175990593,0.9988575714809659,2440,4520,1456803762912
production-topology1-1-1456802893,1.040621621004055,1.0127551407703104,2100,1440,1456803762912
production-topology2-2-1456802900,0.9298484848484848,1.0055195204639025,2420,1500,1456803762912
production-topology4-4-1456802914,0.9922106155462644,1.0274979929788317,2260,4120,1456803762913
Running observer at: 1456803773476
production-topology3-3-1456802907,0.9964106104488,0.9987511818708716,2520,4500,1456803774061
production-topology1-1-1456802893,0.9108204080881676,1.0117725374578261,2440,1600,1456803774061
production-topology2-2-1456802900,1.1616878444079768,1.011949140968956,2020,1260,1456803774061
production-topology4-4-1456802914,1.0442947998503556,1.0282282889297674,2200,3820,1456803774061
Running observer at: 1456803784618
production-topology3-3-1456802907,1.0179525975432409,0.9995512408572204,2320,4120,1456803785295
production-topology1-1-1456802893,0.9401456263596178,1.0088995151958642,2020,1240,1456803785295
production-topology2-2-1456802900,1.0266897096221823,1.0106418823548944,2200,1360,1456803785296
production-topology4-4-1456802914,0.9288968004968459,1.024089476911729,2120,3900,1456803785296
Running observer at: 1456803795745
production-topology3-3-1456802907,0.9837349725692377,0.9989185901257011,2460,4400,1456803796238
production-topology1-1-1456802893,1.0797836962198866,1.0104916133675574,2160,1440,1456803796238
production-topology2-2-1456802900,0.8193478004539126,1.0049462209152245,2460,1600,1456803796238
production-topology4-4-1456802914,0.9827775536246914,1.0224369999802476,2360,4080,1456803796239
Running observer at: 1456803806812
production-topology3-3-1456802907,1.0479612523640207,1.0008048463656365,2480,4540,1456803807434
production-topology1-1-1456802893,1.0058584441181957,1.013165384866654,2480,1540,1456803807435
production-topology2-2-1456802900,1.0496719775070291,1.011760136778744,1980,1340,1456803807435
production-topology4-4-1456802914,1.0819963700913062,1.0247277449845191,2120,3960,1456803807435
Running observer at: 1456803817962
production-topology3-3-1456802907,0.9209309958682472,0.997846555606474,2280,4080,1456803818634
production-topology1-1-1456802893,0.9306995525482921,1.0097302932605,2040,1280,1456803818634
production-topology2-2-1456802900,1.0334435578051169,1.0059698087159508,2220,1300,1456803818634
production-topology4-4-1456802914,0.9713218423368065,1.0227497485901595,2160,3840,1456803818634
Running observer at: 1456803829102
production-topology3-3-1456802907,1.0076606069538956,0.9981970574403104,2580,4560,1456803829638
production-topology1-1-1456802893,1.166124249704934,1.016334344215384,2080,1380,1456803829638
production-topology2-2-1456802900,1.0591382179558297,1.009897541554726,2340,1580,1456803829638
production-topology4-4-1456802914,1.0394858782184857,1.0233474675054568,2320,4100,1456803829639
Running observer at: 1456803840102
production-topology3-3-1456802907,1.0279623065085066,0.9992234453392137,2440,4500,1456803840701
production-topology1-1-1456802893,1.0325585377589936,1.0106425566532289,2520,1560,1456803840702
production-topology2-2-1456802900,0.9812223858615611,1.0076651346879266,2080,1300,1456803840702
production-topology4-4-1456802914,1.0022912277880245,1.0226213902738213,2120,3900,1456803840702
Running observer at: 1456803851194
production-topology3-3-1456802907,0.9709048996966447,0.9982794938177947,2180,3800,1456803851896
production-topology1-1-1456802893,1.0008958257810907,1.0170897674909127,1900,1260,1456803851896
production-topology2-2-1456802900,0.9930498355599917,1.0117206230920996,2080,1420,1456803851896
production-topology4-4-1456802914,0.9759971339861476,1.0210672483975654,2040,3660,1456803851896
Running observer at: 1456803862378
production-topology3-3-1456802907,1.09273964088574,1.0013614205647838,2580,4840,1456803862902
production-topology1-1-1456802893,0.9977823497307861,1.0108900643225396,2160,1420,1456803862902
production-topology2-2-1456802900,0.9622095541883622,1.0075173250503624,2440,1540,1456803862903
production-topology4-4-1456802914,1.0118913281205835,1.021414706531902,2240,4160,1456803862903
Running observer at: 1456803873439
production-topology3-3-1456802907,0.9255242427807691,1.0278788953241431,2540,4380,1456803874006
production-topology1-1-1456802893,0.90805672267278,1.008342704843997,2520,1500,1456803874007
production-topology2-2-1456802900,1.159732262382865,1.0136772852570093,2080,1340,1456803874007
production-topology4-4-1456802914,1.011472118138109,1.033337514510243,2360,4040,1456803874007
Running observer at: 1456803884463
production-topology3-3-1456802907,0.9324824644694927,0.9922949774731262,2120,3860,1456803885138
production-topology1-1-1456802893,1.0435175114144155,1.0117015659745154,2060,1340,1456803885138
production-topology2-2-1456802900,0.8718382790944246,1.0080847079501998,2200,1340,1456803885138
production-topology4-4-1456802914,1.0016557061058118,1.0000593713804367,2020,3660,1456803885139
Running observer at: 1456803895644
production-topology3-3-1456802907,1.0657195150436718,0.9611522946412486,2680,4800,1456803896172
production-topology1-1-1456802893,0.8043434683124995,0.9960804929775467,2180,1280,1456803896172
production-topology2-2-1456802900,1.0146608879817498,0.9991817999450914,2460,1580,1456803896172
production-topology4-4-1456802914,0.967670475107274,0.9656483872173458,2320,4100,1456803896172
/var/nimbus/storm/bin/storm rebalance production-topology1 -e spout_head=11
1456803896454
/var/nimbus/storm/bin/storm rebalance production-topology2 -e spout_head=9
Running observer at: 1456803906663
production-topology3-3-1456802907,1.0239980317539077,0.9952855623663789,2520,4600,1456803907095
production-topology1-1-1456802893,1.001956279849743,1.001956279849743,197200,126240,1456803907095
production-topology2-2-1456802900,1.0002347484703353,1.0002347484703353,195700,124880,1456803907095
production-topology4-4-1456802914,1.0259284853546293,0.9331793367291668,2280,4120,1456803907096
Running observer at: 1456803917660
production-topology3-3-1456802907,0.9481154767202831,0.9936562309592183,2140,3760,1456803918277
production-topology1-1-1456802893,1.3888888888888888,1.1954225843693158,60,60,1456803918277
production-topology2-2-1456802900,0.2556818181818182,0.6279582833260767,180,100,1456803918277
production-topology4-4-1456802914,1.0105217364379784,0.9668633946104328,2040,3700,1456803918277
Running observer at: 1456803928825
production-topology3-3-1456802907,1.0126568474806357,0.9992374364638474,2600,4780,1456803929386
production-topology1-1-1456802893,1.0,1.1302817229128772,0,0,1456803929386
production-topology2-2-1456802900,1.0,0.7519721888840513,0,0,1456803929387
production-topology4-4-1456802914,1.0148203129269047,1.0006907383746628,2300,4100,1456803929387
Running observer at: 1456803935283
production-topology3-3-1456802907,0.949591263419248,0.9974761649827695,1340,2340,1456803935822
production-topology1-1-1456802893,1.0,1.097711292184658,0,0,1456803935822
production-topology2-2-1456802900,1.0,0.8139791416630384,0,0,1456803935822
production-topology4-4-1456802914,0.9162885525418101,1.0003954832739659,1260,2360,1456803935822
Running observer at: 1456803936483
production-topology3-3-1456802907,1.882182940516274,1.0279149857763885,240,480,1456803936990
production-topology1-1-1456802893,1.0,1.0781690337477263,0,0,1456803936990
production-topology2-2-1456802900,0.9985403861067279,0.8508913905517763,0,25000,1456803936990
production-topology4-4-1456802914,0.8571428571428571,0.9941673954007076,120,200,1456803936990
Running observer at: 1456803939856
production-topology3-3-1456802907,0.8706687703144262,1.021953515326661,980,1720,1456803940316
production-topology1-1-1456802893,8.572285800008572E-4,0.8986170662197721,177760,120,1456803940316
production-topology2-2-1456802900,1.0,0.8757428254598136,0,0,1456803940317
production-topology4-4-1456802914,1.059403935185185,0.9971749607419966,840,1500,1456803940317
Running observer at: 1456803950794
production-topology3-3-1456802907,1.0239510551077378,1.0246286374778393,2060,3760,1456803951288
production-topology1-1-1456802893,0.9918100504061373,0.9119303496749671,119840,76160,1456803951288
production-topology2-2-1456802900,0.0,0.7506367075369831,240,0,1456803951288
production-topology4-4-1456802914,1.015990160489071,0.9989600273077407,2160,3740,1456803951288
Running observer at: 1456803961883
production-topology3-3-1456802907,0.9080066293555814,1.0225853664623814,2660,4560,1456803962450
production-topology1-1-1456802893,1.1619226320288254,0.9431793849691994,2360,1560,1456803962450
production-topology2-2-1456802900,1.058127611873114,0.7890730705789994,1460,1040,1456803962450
production-topology4-4-1456802914,0.985618714852355,0.9967438419707719,2220,4060,1456803962450
Running observer at: 1456803973056
production-topology3-3-1456802907,1.0657333910089166,1.0219007809981873,2620,4780,1456803973653
production-topology1-1-1456802893,0.8466449205945005,0.9324533333720105,2520,1500,1456803973653
production-topology2-2-1456802900,1.2508641925647708,0.8403831952440852,1740,1140,1456803973653
production-topology4-4-1456802914,1.0222626843585596,0.998134037516148,2340,4120,1456803973653
Running observer at: 1456803984122
production-topology3-3-1456802907,1.0576832836145642,1.0232731656698963,2060,3820,1456803984613
production-topology1-1-1456802893,1.0311945103278983,0.9423274510675993,2380,1600,1456803984613
production-topology2-2-1456802900,0.8887684066495436,0.845221716384631,2160,1380,1456803984613
production-topology4-4-1456802914,0.9323777966304057,0.9960504089055738,2060,3800,1456803984613
Running observer at: 1456803995191
production-topology3-3-1456802907,0.9836678664148352,1.0217633756389535,2500,4560,1456803995764
production-topology1-1-1456802893,1.054695916705317,0.9525427661255736,2420,1520,1456803995764
production-topology2-2-1456802900,1.0799923498997575,0.8665645012496426,2080,1320,1456803995764
production-topology4-4-1456802914,1.005373335850472,0.9952348774875512,2200,4080,1456803995764
Running observer at: 1456804006325
production-topology3-3-1456802907,1.0019998378277601,1.024007599350941,2500,4540,1456804006830
production-topology1-1-1456802893,1.0054042060888444,0.9569478861225128,2480,1580,1456804006830
production-topology2-2-1456802900,1.1398528873127158,0.8893385334215652,1700,1120,1456804006830
production-topology4-4-1456802914,1.0514998295253455,0.9985701472585041,1940,3480,1456804006830
Running observer at: 1456804017472
production-topology3-3-1456802907,0.9249733610540826,1.0212238831032487,2320,3920,1456804017951
production-topology1-1-1456802893,0.9753784619444992,0.9583656227242041,2360,1500,1456804017951
production-topology2-2-1456802900,0.8987246986303343,0.890060546129932,2100,1320,1456804017951
production-topology4-4-1456802914,1.016643937363475,1.0010205947912465,2440,4340,1456804017952
Running observer at: 1456804028414
production-topology3-3-1456802907,1.068522684664417,1.0226041211594705,2540,4680,1456804028969
production-topology1-1-1456802893,0.9289602823676798,0.9562652412701667,2420,1520,1456804028969
production-topology2-2-1456802900,1.0136058353487933,0.898885209645565,2160,1380,1456804028969
production-topology4-4-1456802914,0.9874242376515868,0.9961499967118513,2240,3900,1456804028969
Running observer at: 1456804039526
production-topology3-3-1456802907,0.9650525945005834,1.0226328576491708,2100,3740,1456804040143
production-topology1-1-1456802893,0.961795272763968,0.9566339100364201,2240,1420,1456804040143
production-topology2-2-1456802900,0.8311011235955057,0.8943662705755611,1780,1140,1456804040144
production-topology4-4-1456802914,1.036911264804248,0.9976179410458469,1980,3660,1456804040144
Running observer at: 1456804050708
production-topology3-3-1456802907,1.0219146530074543,1.0225955139452387,2600,4700,1456804051274
production-topology1-1-1456802893,1.1738055921744093,0.9702071401700444,2680,1720,1456804051274
production-topology2-2-1456802900,1.132692966633654,0.9092616890791918,1980,1340,1456804051274
production-topology4-4-1456802914,0.9527345882270077,0.9972758178747175,2440,4300,1456804051275
Running observer at: 1456804061837
production-topology3-3-1456802907,1.0242785016098663,1.0251213303700633,2520,4560,1456804062288
production-topology1-1-1456802893,0.897644381397602,0.9659387425951949,2400,1540,1456804062289
production-topology2-2-1456802900,1.0223776239467748,0.9159155676008143,2240,1380,1456804062289
production-topology4-4-1456802914,0.971632269074255,0.9958178849275616,2220,3940,1456804062289
Running observer at: 1456804072808
production-topology3-3-1456802907,0.9465187965409929,1.0223166696681276,2120,3860,1456804073421
production-topology1-1-1456802893,0.9402236473422037,0.964510126192251,2240,1400,1456804073421
production-topology2-2-1456802900,0.9624262735627843,0.9184994957098126,1720,1080,1456804073421
production-topology4-4-1456802914,1.0842807606328484,0.998886889763781,2020,3680,1456804073421
Running observer at: 1456804084000
production-topology3-3-1456802907,1.0215922165933136,1.0231560565396114,2640,4660,1456804084495
production-topology1-1-1456802893,1.0632724681614754,0.9697081441906312,2560,1640,1456804084495
production-topology2-2-1456802900,1.0829534183337612,0.9271549653215994,2040,1320,1456804084495
production-topology4-4-1456802914,0.9708379455216853,0.9964383279528254,2300,4340,1456804084495
Running observer at: 1456804095044
production-topology3-3-1456802907,1.0176923076923077,1.023147380211247,2600,4640,1456804095538
production-topology1-1-1456802893,1.1373274534246018,0.9780891096523299,2340,1460,1456804095538
production-topology2-2-1456802900,0.8969039639652048,0.9256424152537797,2020,1340,1456804095538
production-topology4-4-1456802914,1.0256872147866907,0.9996646750958202,2200,3880,1456804095538
Running observer at: 1456804106037
production-topology3-3-1456802907,0.9803458932330207,1.0230344109000398,2060,3760,1456804106689
production-topology1-1-1456802893,0.7991921699835087,0.9695702077633384,2500,1560,1456804106690
production-topology2-2-1456802900,1.0425926458117287,0.9312114738517773,1860,1200,1456804106690
production-topology4-4-1456802914,0.9646160172720966,0.9990592905507337,2100,3680,1456804106690
Running observer at: 1456804117136
production-topology3-3-1456802907,1.0006853205470083,1.0214585465061392,2620,4780,1456804117693
production-topology1-1-1456802893,1.004357159987351,0.9711514328644298,2460,1580,1456804117693
production-topology2-2-1456802900,0.8780875782301363,0.9287967513235209,2060,1280,1456804117693
production-topology4-4-1456802914,1.0170710186697747,0.996895112170016,2380,4240,1456804117693
Running observer at: 1456804128165
production-topology3-3-1456802907,0.9935402467738883,1.0238788548696607,2620,4520,1456804128736
production-topology1-1-1456802893,1.2380944229903792,0.9827576498264277,2320,1560,1456804128736
production-topology2-2-1456802900,1.1871079851543276,0.940027674533556,1840,1160,1456804128736
production-topology4-4-1456802914,1.007188690213794,0.9980906737659156,2220,3920,1456804128736
Running observer at: 1456804139342
production-topology3-3-1456802907,1.0194624235886371,1.0242722487574856,2060,3820,1456804139992
production-topology1-1-1456802893,0.8414996292569845,0.9768718989693674,2340,1540,1456804139992
production-topology2-2-1456802900,0.85016666498148,0.9362834658022194,2100,1300,1456804139992
production-topology4-4-1456802914,0.9785846377385907,0.9960606324165859,2060,3760,1456804139992
Running observer at: 1456804150517
production-topology3-3-1456802907,0.9683231768351813,1.0222842777683747,2620,4780,1456804151036
production-topology1-1-1456802893,0.9916669546071294,0.9774637011948779,2580,1600,1456804151036
production-topology2-2-1456802900,1.1616517435833003,0.9452981969134626,1940,1300,1456804151036
production-topology4-4-1456802914,0.9902606435856531,0.9956596129431736,2300,4280,1456804151036
Running observer at: 1456804161538
production-topology3-3-1456802907,0.9921966763260837,1.0229940036560226,2520,4540,1456804162074
production-topology1-1-1456802893,0.9749269640893663,0.9773661343831275,2340,1540,1456804162074
production-topology2-2-1456802900,0.9897914851106341,0.9470094772287384,1880,1140,1456804162074
production-topology4-4-1456802914,0.9885607812498424,0.9960784011852968,2220,3920,1456804162074
Running observer at: 1456804172516
production-topology3-3-1456802907,1.068280318663413,1.0221786929152783,2100,3760,1456804173017
production-topology1-1-1456802893,1.0841532334502322,0.9813212121263535,2340,1500,1456804173017
production-topology2-2-1456802900,0.9979958067369342,0.948897859803116,2100,1380,1456804173017
production-topology4-4-1456802914,1.0209060626803899,0.9963788923372903,2060,3680,1456804173017
Running observer at: 1456804183646
production-topology3-3-1456802907,0.9912398482263942,1.0243692130967994,2600,4600,1456804184193
production-topology1-1-1456802893,1.1135813197668867,0.9860447873992297,2420,1520,1456804184193
production-topology2-2-1456802900,0.898867157090603,0.9471110489919549,2020,1300,1456804184193
production-topology4-4-1456802914,1.0000201714308516,0.9959971607803815,2320,4140,1456804184193
Running observer at: 1456804194800
production-topology3-3-1456802907,0.9736446147578393,1.0257412847730774,2640,4800,1456804195328
production-topology1-1-1456802893,0.9418428105742808,0.9845205813018176,2540,1640,1456804195328
production-topology2-2-1456802900,1.0366575927535178,0.9501988608458019,1800,1140,1456804195329
production-topology4-4-1456802914,1.0195973542712675,0.9965952157192298,2220,4220,1456804195329
Running observer at: 1456804205782
production-topology3-3-1456802907,0.9903314874332393,1.0232283505193964,2120,3800,1456804206267
production-topology1-1-1456802893,0.9012796464571644,0.9817458834736625,2340,1540,1456804206267
production-topology2-2-1456802900,0.8934318601431255,0.9483066274890459,2080,1340,1456804206267
production-topology4-4-1456802914,1.0448962978476664,0.9991694098105764,2080,3640,1456804206267
Running observer at: 1456804216747
production-topology3-3-1456802907,1.065072652346703,1.0245975045391564,2540,4540,1456804217335
production-topology1-1-1456802893,0.9685267712436594,0.9806315665201264,2460,1500,1456804217335
production-topology2-2-1456802900,1.3440177900986436,0.9597660622099896,2040,1300,1456804217335
production-topology4-4-1456802914,0.9599579184582828,0.9969703909140316,2240,4160,1456804217335
Running observer at: 1456804227886
production-topology3-3-1456802907,0.9681245441225939,1.0252644734525669,2120,3860,1456804228633
production-topology1-1-1456802893,1.0621196235420374,0.9697392576752313,2240,1380,1456804228633
production-topology2-2-1456802900,0.8788878334397784,0.9805395960519215,1680,1180,1456804228633
production-topology4-4-1456802914,1.0219596444714294,0.9973516545151466,1940,3460,1456804228633
Running observer at: 1456804239163
production-topology3-3-1456802907,0.9699067303438182,1.0238394695480062,2580,4800,1456804239639
production-topology1-1-1456802893,1.0737026454068717,0.9721960125221271,2700,1720,1456804239639
production-topology2-2-1456802900,1.0023529411764704,0.9806180274244707,2200,1320,1456804239639
production-topology4-4-1456802914,0.9930866399567382,0.9966271987494745,2440,4300,1456804239640
Running observer at: 1456804250093
production-topology3-3-1456802907,1.0386611306448936,1.0268084651221947,2520,4640,1456804250639
production-topology1-1-1456802893,0.9667080231596361,0.9710862799607816,2340,1520,1456804250640
production-topology2-2-1456802900,1.0625014539636009,0.9827014092232574,2060,1340,1456804250640
production-topology4-4-1456802914,0.9935418151750495,0.9992023075039159,2340,4140,1456804250640
Running observer at: 1456804261108
production-topology3-3-1456802907,1.0030856015018288,0.9975052204883796,2180,3840,1456804261840
production-topology1-1-1456802893,1.0017152304728103,0.9711434543098753,2260,1460,1456804261840
production-topology2-2-1456802900,1.2065930848467545,0.9896364991812583,1660,1160,1456804261840
production-topology4-4-1456802914,1.0179581025471158,1.0045628156840578,1920,3480,1456804261841
Running observer at: 1456804272341
production-topology3-3-1456802907,1.0239685461154049,1.002615213015079,2600,4760,1456804272828
production-topology1-1-1456802893,0.9404740089182089,1.0024640136544825,2700,1660,1456804272828
production-topology2-2-1456802900,0.7903698712895068,0.9826488282242419,2200,1340,1456804272828
production-topology4-4-1456802914,0.9168069033583455,0.9998095812898299,2420,4380,1456804272829
Running observer at: 1456804283296
production-topology3-3-1456802907,0.9681241238722325,1.0007543153072287,2560,4500,1456804283797
production-topology1-1-1456802893,1.106363845117977,1.0062824734782103,2380,1600,1456804283797
production-topology2-2-1456802900,1.1193028846153845,1.019958924378088,2040,1340,1456804283797
production-topology4-4-1456802914,1.126302100712478,1.0034866459639433,2260,4160,1456804283797
Running observer at: 1456804294344
production-topology3-3-1456802907,1.0784117647058822,1.0064344864855719,2000,3780,1456804294812
production-topology1-1-1456802893,0.8260131229412923,0.9950854898419591,2260,1400,1456804294812
production-topology2-2-1456802900,1.0541039444982825,1.0198248021322602,1800,1060,1456804294813
production-topology4-4-1456802914,0.874558167255497,0.999784627710715,1920,3380,1456804294813
Running observer at: 1456804305548
production-topology3-3-1456802907,0.9645840104989066,1.0030628404685715,2780,4860,1456804306123
production-topology1-1-1456802893,1.2006881743161018,1.0068869316326792,2560,1720,1456804306123
production-topology2-2-1456802900,0.9486781382503109,1.0097519336551117,2000,1300,1456804306123
production-topology4-4-1456802914,1.0756457220287157,1.00156406229972,2400,4420,1456804306123
Running observer at: 1456804316583
production-topology3-3-1456802907,1.0002858231707317,1.0011495917871105,2460,4480,1456804317080
production-topology1-1-1456802893,1.0031211338069046,1.0059511524153126,2420,1620,1456804317080
production-topology2-2-1456802900,1.0368701178680435,1.014688657362395,2260,1380,1456804317081
production-topology4-4-1456802914,1.0104954610213466,1.0041679844460847,2360,4120,1456804317081
Running observer at: 1456804327538
production-topology3-3-1456802907,0.9931426850235261,1.0014654190740668,2140,3820,1456804328038
production-topology1-1-1456802893,0.9061115569541124,1.0009983404236058,2240,1380,1456804328038
production-topology2-2-1456802900,1.005810733384263,1.0122159368118786,1720,1120,1456804328038
production-topology4-4-1456802914,0.9725893235418726,1.0030751840357979,1940,3440,1456804328038
Running observer at: 1456804338802
production-topology3-3-1456802907,1.0008406599318926,1.0014267798108714,2620,4760,1456804339340
production-topology1-1-1456802893,1.1374358907639768,1.0053993965794437,2600,1760,1456804339340
production-topology2-2-1456802900,1.0530475269749195,1.0093224248006187,2020,1360,1456804339340
production-topology4-4-1456802914,0.9973522615877469,1.0012702651045449,2380,4360,1456804339341
Running observer at: 1456804349947
production-topology3-3-1456802907,0.9973472466455295,1.0038392426639196,2520,4540,1456804350452
production-topology1-1-1456802893,1.0014518893521274,1.0062685108263645,2500,1540,1456804350453
production-topology2-2-1456802900,0.9519104869806784,1.011095284412297,2180,1360,1456804350453
production-topology4-4-1456802914,0.9488598862330802,0.9990107967335315,2260,4060,1456804350453
Running observer at: 1456804360925
production-topology3-3-1456802907,1.0252087455615546,1.0023954446938241,2200,3820,1456804361435
production-topology1-1-1456802893,0.9162035229485688,1.0058432855123942,2140,1420,1456804361435
production-topology2-2-1456802900,1.0299353472360884,1.0116396014752067,1760,1120,1456804361435
production-topology4-4-1456802914,1.0633776443553629,1.0015425769569908,1940,3540,1456804361435
Running observer at: 1456804372176
production-topology3-3-1456802907,0.9929545390514778,1.0033255095121871,2640,4860,1456804372671
production-topology1-1-1456802893,1.0446830244706735,1.0086062105692843,2720,1660,1456804372671
production-topology2-2-1456802900,0.9047473211422976,1.0140944747267666,2040,1260,1456804372672
production-topology4-4-1456802914,1.0527476665680395,1.002070457015784,2240,4120,1456804372672
Running observer at: 1456804383258
production-topology3-3-1456802907,0.9934058632462326,1.0023752165201465,2240,4000,1456804383839
production-topology1-1-1456802893,1.0214650205761315,1.0035281915160084,2280,1480,1456804383839
production-topology2-2-1456802900,0.978740945937245,1.0089627407035529,2040,1360,1456804383839
production-topology4-4-1456802914,0.9421209285492204,1.0017166683598575,1980,3560,1456804383840
Running observer at: 1456804394297
production-topology3-3-1456802907,1.034262697940724,1.0027080230645082,2400,4340,1456804394770
production-topology1-1-1456802893,1.0540931472605672,1.008743150378107,2360,1600,1456804394770
production-topology2-2-1456802900,1.1714263740771125,1.0139310323745638,1840,1140,1456804394771
production-topology4-4-1456802914,1.0389103013919916,1.0039592694371153,2340,4260,1456804394771
Running observer at: 1456804405294
production-topology3-3-1456802907,0.9606597398697021,1.003179387842132,2440,4560,1456804405927
production-topology1-1-1456802893,0.8358969078620555,1.0052655923954357,2460,1440,1456804405927
production-topology2-2-1456802900,0.9279502350109904,1.012781831089504,2100,1300,1456804405928
production-topology4-4-1456802914,0.9366366577794117,0.9990377993420009,2360,4140,1456804405928
Running observer at: 1456804416409
production-topology3-3-1456802907,1.002138528244044,1.002530931563823,2300,4080,1456804417055
production-topology1-1-1456802893,1.0796474754962524,1.0058114259732616,2160,1440,1456804417055
production-topology2-2-1456802900,1.0552316739165806,1.0118577729422646,1720,1080,1456804417055
production-topology4-4-1456802914,1.0081689089027412,1.0002821647880362,1960,3580,1456804417055
Running observer at: 1456804427500
production-topology3-3-1456802907,1.0054567323680101,1.002123079053013,2540,4600,1456804428006
production-topology1-1-1456802893,0.98709283156813,1.0008036052447125,2740,1700,1456804428006
production-topology2-2-1456802900,0.9320704142945149,1.0130299879532416,2180,1360,1456804428006
production-topology4-4-1456802914,1.002665063358116,0.9995147597404169,2340,4260,1456804428006
Running observer at: 1456804438475
production-topology3-3-1456802907,0.9949978251413657,1.0026114767832912,2560,4440,1456804439107
production-topology1-1-1456802893,0.9815589002795869,1.0068824962545817,2360,1460,1456804439107
production-topology2-2-1456802900,1.2324826459779499,1.019359654625449,2080,1340,1456804439107
production-topology4-4-1456802914,1.0240107571188652,1.0014945844019758,2340,4140,1456804439107
Running observer at: 1456804449553
production-topology3-3-1456802907,1.0143500939563528,1.0030669692302692,2120,3840,1456804450309
production-topology1-1-1456802893,1.0584501107170083,1.008685594612237,2280,1460,1456804450309
production-topology2-2-1456802900,0.9402014156143033,1.021430115871588,1780,1080,1456804450309
production-topology4-4-1456802914,0.9346504457638911,0.9987472319717796,1940,3480,1456804450309
Running observer at: 1456804460741
production-topology3-3-1456802907,1.0146972194972914,1.0037722016543824,2620,4820,1456804461225
production-topology1-1-1456802893,0.9049917883361579,0.9975821734570964,2680,1700,1456804461225
production-topology2-2-1456802900,1.0036956599998508,1.015316371699772,2080,1320,1456804461226
production-topology4-4-1456802914,1.055111683848797,1.0003446650929464,2420,4420,1456804461226
Running observer at: 1456804471700
production-topology3-3-1456802907,0.9675949762634456,1.0020432867435427,2580,4600,1456804472188
production-topology1-1-1456802893,1.0397020317470467,1.004188920206765,2420,1540,1456804472188
production-topology2-2-1456802900,0.9416335978835977,1.018365269463176,2080,1340,1456804472188
production-topology4-4-1456802914,0.989258727793194,1.0007004680947664,2280,4160,1456804472188
Running observer at: 1456804482743
production-topology3-3-1456802907,1.0513172171135494,1.0048097547528216,2060,3760,1456804483215
production-topology1-1-1456802893,1.3630177422173926,1.016567279793774,2160,1460,1456804483215
production-topology2-2-1456802900,1.0038966755759648,1.0131067671962648,1800,1120,1456804483216
production-topology4-4-1456802914,1.0005120515127648,1.0010421816923367,1960,3480,1456804483216
Running observer at: 1456804493932
production-topology3-3-1456802907,1.050364909841173,1.0067486958699914,2680,4780,1456804494419
production-topology1-1-1456802893,0.8633147089914649,1.0128468712905105,2660,1640,1456804494419
production-topology2-2-1456802900,0.9651299960248713,1.0122847175600727,2160,1400,1456804494419
production-topology4-4-1456802914,1.0115410939541198,1.0018081921158128,2320,4340,1456804494419
Running observer at: 1456804505037
production-topology3-3-1456802907,0.9202669522438498,1.0018149169893393,2560,4480,1456804505541
production-topology1-1-1456802893,0.9384636320910231,1.0079905512452034,2440,1620,1456804505541
production-topology2-2-1456802900,1.0643333333333338,1.0144959684466195,2000,1240,1456804505541
production-topology4-4-1456802914,0.9626055831112013,0.9998648427968398,2400,4020,1456804505542
Running observer at: 1456804516100
production-topology3-3-1456802907,0.9699925474777067,1.0011066736310497,2100,3800,1456804516573
production-topology1-1-1456802893,0.9291183554932815,1.0018417857694166,2260,1400,1456804516573
production-topology2-2-1456802900,0.9237818873368746,1.0153264594548284,1840,1160,1456804516573
production-topology4-4-1456802914,1.1020885026619038,1.0032671205045416,1880,3520,1456804516573
Running observer at: 1456804527350
production-topology3-3-1456802907,1.112285460787217,1.0057280351653624,2600,4820,1456804527835
production-topology1-1-1456802893,1.142709233833729,1.0085373332113983,2620,1740,1456804527835
production-topology2-2-1456802900,1.0136650474521658,1.0145600412781168,2140,1400,1456804527835
production-topology4-4-1456802914,0.9423154979773193,1.0006910586280766,2440,4380,1456804527835
Running observer at: 1456804538399
production-topology3-3-1456802907,0.8493535360125801,1.001028770118007,2600,4440,1456804538901
production-topology1-1-1456802893,1.0961100677728197,1.0150316805885866,2400,1600,1456804538901
production-topology2-2-1456802900,0.9885163511187607,1.017729524310638,2000,1320,1456804538901
production-topology4-4-1456802914,1.0361443982555993,1.0003993286416746,2120,3860,1456804538901
Running observer at: 1456804549463
production-topology3-3-1456802907,1.066357466347469,1.001071597251366,2120,3860,1456804549990
production-topology1-1-1456802893,0.8104193248320786,1.0097614323748674,2220,1380,1456804549990
production-topology2-2-1456802900,0.9769695024077046,1.0054945813876066,1780,1060,1456804549991
production-topology4-4-1456802914,0.9449321352875936,0.9998984692026516,2120,3700,1456804549991
Running observer at: 1456804560700
production-topology3-3-1456802907,1.017499919752665,1.0027174431057015,2620,4740,1456804561169
production-topology1-1-1456802893,1.0907743414299065,1.010716589637796,2620,1740,1456804561169
production-topology2-2-1456802900,0.9779542050500155,1.0087967937746145,2220,1360,1456804561169
production-topology4-4-1456802914,1.0592408612734991,1.0011411764293872,2340,4280,1456804561169
Running observer at: 1456804571760
production-topology3-3-1456802907,1.008224617129892,1.0039947059985708,2520,4480,1456804572269
production-topology1-1-1456802893,0.9686754099480687,1.0072156817891695,2440,1560,1456804572269
production-topology2-2-1456802900,1.0604480217772196,1.0107332964613063,2060,1360,1456804572269
production-topology4-4-1456802914,0.9935924369747899,1.001158036329989,2240,3960,1456804572269
Running observer at: 1456804582827
production-topology3-3-1456802907,1.050359272821689,1.0043846440711308,2120,3900,1456804583358
production-topology1-1-1456802893,1.0554106574321187,1.0101724362649191,2240,1440,1456804583358
production-topology2-2-1456802900,1.1113369139207434,1.0123611451265444,1660,1160,1456804583358
production-topology4-4-1456802914,1.031794091054143,1.0024331121926253,1960,3640,1456804583358
Running observer at: 1456804594099
production-topology3-3-1456802907,1.0142944549177502,1.0047582725183282,2580,4820,1456804594583
production-topology1-1-1456802893,0.9561425617744709,1.0086533473083077,2620,1620,1456804594583
production-topology2-2-1456802900,0.9437106279211543,1.0035983965623578,2220,1320,1456804594583
production-topology4-4-1456802914,0.916897798870796,0.9990644354034146,2500,4320,1456804594583
Running observer at: 1456804605155
production-topology3-3-1456802907,0.929789266219943,1.0016189631884793,2620,4480,1456804605721
production-topology1-1-1456802893,1.1578685291316542,1.0158998313154226,2460,1660,1456804605721
production-topology2-2-1456802900,1.0299801896220755,1.0115854071734431,2020,1300,1456804605721
production-topology4-4-1456802914,1.0177474558193058,1.0024291204854465,1980,3660,1456804605721
Running observer at: 1456804616266
production-topology3-3-1456802907,0.9703411647628937,1.0016928645515015,2160,3700,1456804616741
production-topology1-1-1456802893,0.8576292276182229,1.0076086773987638,2200,1360,1456804616741
production-topology2-2-1456802900,0.888201031369636,1.0038820120652518,1760,1100,1456804616741
production-topology4-4-1456802914,1.053799346869352,1.0000123620240091,2220,3900,1456804616741
Running observer at: 1456804627452
production-topology3-3-1456802907,1.0393205406294033,1.000389823748952,2640,4840,1456804627934
production-topology1-1-1456802893,0.9798157086441422,1.0127354302555256,2640,1740,1456804627934
production-topology2-2-1456802900,1.0688332332212056,1.0043729883560157,2180,1420,1456804627934
production-topology4-4-1456802914,0.96033235256622,1.0028715015343663,2440,4380,1456804627934
Running observer at: 1456804638525
production-topology3-3-1456802907,0.969098790150805,1.0005403164040154,2400,4300,1456804639021
production-topology1-1-1456802893,1.0368589397317107,1.0072744557693794,2420,1500,1456804639021
production-topology2-2-1456802900,0.9652666009033798,1.004925937111118,2060,1280,1456804639022
production-topology4-4-1456802914,1.0709715095220864,1.0027156944508122,1940,3660,1456804639022
Running observer at: 1456804649588
production-topology3-3-1456802907,1.087497148856894,1.003447360593554,2140,4080,1456804650109
production-topology1-1-1456802893,1.0633340507762186,1.0092815530016899,2260,1440,1456804650109
production-topology2-2-1456802900,0.986173113938399,1.0032360369801299,1720,1120,1456804650109
production-topology4-4-1456802914,0.9429004728064462,1.0004625281769821,2260,3860,1456804650110
Running observer at: 1456804660804
production-topology3-3-1456802907,0.9526207632478481,1.002096629867698,2760,4740,1456804661242
production-topology1-1-1456802893,0.9832321929153925,1.0118522408670658,2620,1640,1456804661242
production-topology2-2-1456802900,1.0196067255628385,1.0036959033860824,2200,1360,1456804661242
production-topology4-4-1456802914,0.9711759527872836,1.000415415818496,2460,4340,1456804661242
Running observer at: 1456804671789
production-topology3-3-1456802907,0.9935693915995263,1.0018542542566193,2260,4080,1456804672352
production-topology1-1-1456802893,0.9861230536141931,1.00680847962874,2220,1440,1456804672352
production-topology2-2-1456802900,1.0527343750000002,1.0036854649869185,1920,1260,1456804672352
production-topology4-4-1456802914,1.086168571541069,1.0033759594836065,1720,3280,1456804672353
Running observer at: 1456804682914
production-topology3-3-1456802907,1.081911812780032,1.0046730731277693,2380,4360,1456804683374
production-topology1-1-1456802893,1.0720906364840264,1.0091631045331366,2420,1580,1456804683374
production-topology2-2-1456802900,0.9430585405470324,1.0033904001057967,1860,1100,1456804683374
production-topology4-4-1456802914,0.9869455867147434,1.0046454828329954,2420,4240,1456804683374
Running observer at: 1456804694080
production-topology3-3-1456802907,0.910571739921701,1.000851839606441,2600,4700,1456804694574
production-topology1-1-1456802893,0.9834626022126021,1.0114050738419378,2660,1640,1456804694574
production-topology2-2-1456802900,1.111916030320069,1.0061230895419295,2160,1420,1456804694574
production-topology4-4-1456802914,1.0307775843079772,1.0035588141647491,2400,4420,1456804694575
Running observer at: 1456804705177
production-topology3-3-1456802907,0.9840395591677846,1.0005546736103177,2340,4020,1456804705763
production-topology1-1-1456802893,1.024587970890411,1.0107352387225956,2240,1540,1456804705763
production-topology2-2-1456802900,0.8965668327487075,1.0058504065954765,2020,1320,1456804705763
production-topology4-4-1456802914,0.9500786344238548,1.0001365130932762,1800,3200,1456804705763
Running observer at: 1456804716295
production-topology3-3-1456802907,1.0544647425164184,1.0025899695859908,2300,4300,1456804716638
production-topology1-1-1456802893,0.9295557027157793,1.0076715947939172,2420,1480,1456804716638
production-topology2-2-1456802900,0.9528306575873554,1.004986730317147,1760,1160,1456804716638
production-topology4-4-1456802914,1.0812286682330505,1.004773437749404,2380,4400,1456804716639
Running observer at: 1456804726982
production-topology3-3-1456802907,1.0650099953389327,1.0036148794992643,2540,4540,1456804727410
production-topology1-1-1456802893,0.8995881982372326,1.0025214298264726,2040,1380,1456804727410
production-topology2-2-1456802900,1.172052484812517,1.0050076006749937,2000,1300,1456804727410
production-topology4-4-1456802914,0.9360335532062287,1.0013442128098786,2320,4020,1456804727410
Running observer at: 1456804737766
production-topology3-3-1456802907,0.9904916454868207,1.0046092763531682,2060,3840,1456804738098
production-topology1-1-1456802893,1.0,1.0079915328977376,0,0,1456804738099
production-topology2-2-1456802900,0.80639231824417,1.0009556701160998,1080,680,1456804738099
production-topology4-4-1456802914,1.0000856863801881,1.0034591804299045,2020,3500,1456804738099
