Running observer at: 1456095836250
production-topology1-1-1456095835,0.0,0.0,1456095836363
Running observer at: 1456095842633
production-topology1-1-1456095835,0.0,0.0,1456095842767
production-topology2-2-1456095842,0.0,0.0,1456095842768
Running observer at: 1456095845641
production-topology1-1-1456095835,0.0,0.0,1456095845746
production-topology2-2-1456095842,0.0,0.0,1456095845747
Running observer at: 1456095848967
production-topology1-1-1456095835,0.0,0.0,1456095849127
production-topology3-3-1456095848,0.0,0.0,1456095849128
production-topology2-2-1456095842,0.0,0.0,1456095849128
Running observer at: 1456095855444
production-topology1-1-1456095835,0.0,0.0,1456095855671
production-topology4-4-1456095855,0.0,0.0,1456095855672
production-topology3-3-1456095848,0.0,0.0,1456095855672
production-topology2-2-1456095842,0.0,0.0,1456095855673
Running observer at: 1456095856579
production-topology1-1-1456095835,0.0,0.0,1456095856885
production-topology4-4-1456095855,0.0,0.0,1456095856885
production-topology3-3-1456095848,0.0,0.0,1456095856886
production-topology2-2-1456095842,0.0,0.0,1456095856886
Running observer at: 1456095867578
production-topology1-1-1456095835,0.0,0.0,1456095867795
production-topology4-4-1456095855,0.0,0.0,1456095867795
production-topology3-3-1456095848,0.0,0.0,1456095867795
production-topology2-2-1456095842,0.0,0.0,1456095867795
Running observer at: 1456095878434
production-topology1-1-1456095835,0.0,0.0,1456095878645
production-topology4-4-1456095855,0.0,0.0,1456095878646
production-topology3-3-1456095848,0.0,0.0,1456095878646
production-topology2-2-1456095842,0.0,0.0,1456095878647
Running observer at: 1456095889189
production-topology1-1-1456095835,0.0,0.0,1456095889385
production-topology4-4-1456095855,0.0,0.0,1456095889385
production-topology3-3-1456095848,0.0,0.0,1456095889386
production-topology2-2-1456095842,0.0,0.0,1456095889386
Running observer at: 1456095899904
production-topology1-1-1456095835,0.0,0.0,1456095900100
production-topology4-4-1456095855,0.0,0.0,1456095900100
production-topology3-3-1456095848,0.0,0.0,1456095900100
production-topology2-2-1456095842,0.0,0.0,1456095900101
Running observer at: 1456095910558
production-topology1-1-1456095835,0.0,0.0,1456095910722
production-topology4-4-1456095855,0.0,0.0,1456095910722
production-topology3-3-1456095848,0.0,0.0,1456095910723
production-topology2-2-1456095842,0.0,0.0,1456095910723
Running observer at: 1456095921163
production-topology1-1-1456095835,0.0,0.0,1456095921340
production-topology4-4-1456095855,0.0,0.0,1456095921341
production-topology3-3-1456095848,0.0,0.0,1456095921341
production-topology2-2-1456095842,0.0,0.0,1456095921341
Running observer at: 1456095931790
production-topology1-1-1456095835,0.0,0.0,1456095931957
production-topology4-4-1456095855,0.0,0.0,1456095931958
production-topology3-3-1456095848,0.0,0.0,1456095931958
production-topology2-2-1456095842,0.0,0.0,1456095931959
Running observer at: 1456095942394
production-topology1-1-1456095835,0.0,0.0,1456095942539
production-topology4-4-1456095855,0.0,0.0,1456095942539
production-topology3-3-1456095848,0.0,0.0,1456095942540
production-topology2-2-1456095842,0.0,0.0,1456095942540
Running observer at: 1456095952952
production-topology1-1-1456095835,0.0,0.0,1456095953094
production-topology4-4-1456095855,0.0,0.0,1456095953094
production-topology3-3-1456095848,0.0,0.0,1456095953095
production-topology2-2-1456095842,0.0,0.0,1456095953095
Running observer at: 1456095963533
production-topology1-1-1456095835,0.0,0.0,1456095963691
production-topology4-4-1456095855,0.0,0.0,1456095963692
production-topology3-3-1456095848,0.0,0.0,1456095963692
production-topology2-2-1456095842,0.0,0.0,1456095963692
Running observer at: 1456095974080
production-topology1-1-1456095835,0.0,0.0,1456095974226
production-topology4-4-1456095855,0.0,0.0,1456095974227
production-topology3-3-1456095848,0.0,0.0,1456095974227
production-topology2-2-1456095842,0.0,0.0,1456095974227
Running observer at: 1456095984660
production-topology1-1-1456095835,0.0,0.0,1456095984842
production-topology4-4-1456095855,0.0,0.0,1456095984842
production-topology3-3-1456095848,0.0,0.0,1456095984842
production-topology2-2-1456095842,0.0,0.0,1456095984843
Running observer at: 1456095995356
production-topology1-1-1456095835,0.0,0.0,1456095995503
production-topology4-4-1456095855,0.0,0.0,1456095995503
production-topology3-3-1456095848,0.0,0.0,1456095995503
production-topology2-2-1456095842,0.0,0.0,1456095995504
Running observer at: 1456096006056
production-topology1-1-1456095835,0.0,0.0,1456096006228
production-topology4-4-1456095855,0.0,0.0,1456096006228
production-topology3-3-1456095848,0.0,0.0,1456096006228
production-topology2-2-1456095842,0.0,0.0,1456096006228
Running observer at: 1456096016872
production-topology1-1-1456095835,0.4595107441407253,0.021881464006701205,1456096017135
production-topology4-4-1456095855,0.3890580573272881,0.02288576807807577,1456096017135
production-topology3-3-1456095848,0.962268297005139,0.05345934983361884,1456096017135
production-topology2-2-1456095842,0.1171875,0.005859375,1456096017136
Running observer at: 1456096027676
production-topology1-1-1456095835,1.0808543096872616,0.07001659335581759,1456096027875
production-topology4-4-1456095855,0.8996463490957572,0.07159468924572474,1456096027875
production-topology3-3-1456095848,0.9618504278336732,0.10126940657046381,1456096027875
production-topology2-2-1456095842,1.1763342396745036,0.0615962733178335,1456096027876
Running observer at: 1456096038393
production-topology1-1-1456095835,1.0842405848722458,0.11411328863914057,1456096038631
production-topology4-4-1456095855,1.0251577697481746,0.12178221979848528,1456096038631
production-topology3-3-1456095848,1.1634183575808776,0.1543768541209845,1456096038632
production-topology2-2-1456095842,1.2774628862876194,0.11686293754373288,1456096038632
Running observer at: 1456096049320
production-topology1-1-1456095835,1.1505300590445517,0.15729732073936603,1456096049565
production-topology4-4-1456095855,1.0206062958988151,0.16672342360350176,1456096049565
production-topology3-3-1456095848,0.912125803483604,0.19046013742396636,1456096049565
production-topology2-2-1456095842,0.8903180218441992,0.1504914194698401,1456096049566
Running observer at: 1456096060076
production-topology1-1-1456095835,0.9507747667595704,0.1890364185801742,1456096060327
production-topology4-4-1456095855,1.0689408710614898,0.20968615919673927,1456096060327
production-topology3-3-1456095848,1.0219333568297992,0.22825437466968604,1456096060327
production-topology2-2-1456095842,1.0053646033272519,0.1861111354638989,1456096060328
Running observer at: 1456096070981
production-topology1-1-1456095835,0.8684531266354761,0.21516783042845503,1456096071196
production-topology4-4-1456095855,1.0572048487302022,0.24820973599371488,1456096071196
production-topology3-3-1456095848,1.040246212121212,0.26355836760236107,1456096071197
production-topology2-2-1456095842,1.2042771680938726,0.22683777676909783,1456096071197
Running observer at: 1456096081750
production-topology1-1-1456095835,0.9654777381085473,0.24295708626845847,1456096082075
production-topology4-4-1456095855,1.0452899346861706,0.28286539680643036,1456096082075
production-topology3-3-1456095848,0.8830477196304696,0.2893704239368656,1456096082075
production-topology2-2-1456095842,0.8728780788291512,0.2516854806944845,1456096082076
Running observer at: 1456096092575
production-topology1-1-1456095835,0.998483242631619,0.2699401632814285,1456096092837
production-topology4-4-1456095855,1.0293999010242272,0.3139710011488385,1456096092837
production-topology3-3-1456095848,1.0286523108007293,0.31894169941142014,1456096092837
production-topology2-2-1456095842,1.0064404071980853,0.27963936686128454,1456096092838
Running observer at: 1456096103367
production-topology1-1-1456095835,1.1660312250851639,0.3008398550677642,1456096103583
production-topology4-4-1456095855,0.9950399654640727,0.3412137597214479,1456096103584
production-topology3-3-1456095848,0.9836375534794356,0.3445069245678823,1456096103584
production-topology2-2-1456095842,0.983599002148976,0.3047807824072735,1456096103584
Running observer at: 1456096114194
production-topology1-1-1456095835,0.9521391605172486,0.32254983191608033,1456096114378
production-topology4-4-1456095855,1.106084656084656,0.3706318711200328,1456096114378
production-topology3-3-1456095848,0.9958806718602944,0.36863187817130494,1456096114379
production-topology2-2-1456095842,1.1395154553049291,0.3335647366451237,1456096114379
Running observer at: 1456096124849
production-topology1-1-1456095835,0.9438330821650427,0.35401093465491507,1456096125063
production-topology4-4-1456095855,0.9605600052799936,0.3924810612741055,1456096125064
production-topology3-3-1456095848,1.0712313557901791,0.3937247166576933,1456096125064
production-topology2-2-1456095842,0.9304841155122033,0.35346204927402636,1456096125064
Running observer at: 1456096135634
production-topology1-1-1456095835,0.9078501651248173,0.3842726068257423,1456096135850
production-topology4-4-1456095855,0.993165880402907,0.41393409052870556,1456096135850
production-topology3-3-1456095848,0.9810309548895799,0.41397665590706867,1456096135850
production-topology2-2-1456095842,1.083428726023669,0.389576340141482,1456096135850
Running observer at: 1456096146493
production-topology1-1-1456095835,1.1241451186112839,0.42174411077945173,1456096146693
production-topology4-4-1456095855,0.9652133816756694,0.4329437212579112,1456096146693
production-topology3-3-1456095848,1.0994396033532947,0.4368254208219429,1456096146693
production-topology2-2-1456095842,1.048670655434545,0.42453202865596684,1456096146693
Running observer at: 1456096157236
production-topology1-1-1456095835,0.9019333206965083,0.4518085548026687,1456096157540
production-topology4-4-1456095855,1.0060031839942112,0.4520457033491212,1456096157540
production-topology3-3-1456095848,0.920536366713177,0.4675099663790488,1456096157541
production-topology2-2-1456095842,0.9925404959197023,0.4576167118532902,1456096157541
Running observer at: 1456096168190
production-topology1-1-1456095835,0.9995760133087387,0.4851277552462933,1456096168445
production-topology4-4-1456095855,1.0089202347605708,0.4856763778411402,1456096168446
production-topology3-3-1456095848,0.9896654971555445,0.5004988162842336,1456096168446
production-topology2-2-1456095842,0.8924925017093885,0.4873664619102699,1456096168446
Running observer at: 1456096179060
production-topology1-1-1456095835,1.1608993268285306,0.523824399473911,1456096179260
production-topology4-4-1456095855,0.9842968625577321,0.5184862732597313,1456096179260
production-topology3-3-1456095848,1.041635720263609,0.5352200069596872,1456096179261
production-topology2-2-1456095842,1.0340962206548057,0.5218363359320968,1456096179261
Running observer at: 1456096189760
production-topology1-1-1456095835,0.8814846309082526,0.5532072205041861,1456096189968
production-topology4-4-1456095855,0.9943938375235644,0.5516327345105168,1456096189968
production-topology3-3-1456095848,0.9956062244505657,0.5684068811080394,1456096189969
production-topology2-2-1456095842,0.9274745066274361,0.552752152819678,1456096189969
Running observer at: 1456096200509
production-topology1-1-1456095835,1.0646227503968788,0.5886946455174155,1456096200710
production-topology4-4-1456095855,1.0466476742179698,0.5865209903177824,1456096200710
production-topology3-3-1456095848,0.9254125401385838,0.5992539657793255,1456096200711
production-topology2-2-1456095842,1.0421355815274733,0.5874900055372604,1456096200711
Running observer at: 1456096211205
production-topology1-1-1456095835,0.9884233516676184,0.6216420905730027,1456096211411
production-topology4-4-1456095855,0.9741225642449435,0.6189917424592806,1456096211411
production-topology3-3-1456095848,1.0727993473349513,0.6350139440238238,1456096211412
production-topology2-2-1456095842,0.9850027915291809,0.6203234319215664,1456096211412
Running observer at: 1456096221927
production-topology1-1-1456095835,1.10925868165043,0.6586173799613504,1456096222138
production-topology4-4-1456095855,0.9684454661764488,0.6512732579984954,1456096222138
production-topology3-3-1456095848,0.9689785675529028,0.6673132296089206,1456096222139
production-topology2-2-1456095842,1.0293322606596944,0.6546345072768894,1456096222139
Running observer at: 1456096232657
production-topology1-1-1456095835,0.7584032470839652,0.6838974881974825,1456096232887
production-topology4-4-1456095855,1.0097265664413277,0.6849308102132063,1456096232888
production-topology3-3-1456095848,1.0663324578943705,0.7028576448720664,1456096232888
production-topology2-2-1456095842,1.003044964108472,0.6880693394138385,1456096232888
Running observer at: 1456096243555
production-topology1-1-1456095835,1.1020092262726677,0.7206311290732381,1456096243782
production-topology4-4-1456095855,0.9792897381894146,0.7175738014861869,1456096243783
production-topology3-3-1456095848,0.9816763888888889,0.7355801911683627,1456096243783
production-topology2-2-1456095842,1.071653365231347,0.7237911182548835,1456096243783
Running observer at: 1456096254310
production-topology1-1-1456095835,1.0764056467181469,0.7565113172971764,1456096254584
production-topology4-4-1456095855,1.0395641983752029,0.7522259414320269,1456096254584
production-topology3-3-1456095848,0.9936236634959473,0.7687009799515608,1456096254584
production-topology2-2-1456095842,1.05100542426083,0.7588246323969111,1456096254585
Running observer at: 1456096265216
production-topology1-1-1456095835,0.9353386320497217,0.7876892716988337,1456096265430
production-topology4-4-1456095855,0.9920867026055705,0.7852954981855459,1456096265430
production-topology3-3-1456095848,1.0424471917715161,0.803449219677278,1456096265430
production-topology2-2-1456095842,0.8998076272619652,0.7888182199723099,1456096265430
Running observer at: 1456096276032
production-topology1-1-1456095835,0.9514134542334896,0.8194030535066167,1456096276256
production-topology4-4-1456095855,1.0561266988943394,0.8204997214820239,1456096276257
production-topology3-3-1456095848,0.9835731346668906,0.836234990832841,1456096276257
production-topology2-2-1456095842,0.8295452897325636,0.8164697296300621,1456096276257
/var/nimbus/storm/bin/storm rebalance production-topology3 -e spout_head=11
1456096276559
/var/nimbus/storm/bin/storm rebalance production-topology2 -e spout_head=9
Running observer at: 1456096286760
production-topology1-1-1456095835,1.0430890374025619,0.8541726880867021,1456096286927
production-topology4-4-1456095855,0.9577454729254572,0.852424570579539,1456096286928
production-topology3-3-1456095848,0.9991377802974051,0.9991377802974051,1456096286928
production-topology2-2-1456095842,1.0017108272475477,1.0017108272475477,1456096286928
/var/nimbus/storm/bin/storm rebalance production-topology1 -e spout_head=11
1456096287323
/var/nimbus/storm/bin/storm rebalance production-topology4 -e bolt_output_1=9
Running observer at: 1456096297511
production-topology1-1-1456095835,0.9994074586809483,0.9994074586809483,1456096297660
production-topology4-4-1456095855,0.9910290191550022,0.9910290191550022,1456096297660
production-topology3-3-1456095848,0.651255341880342,0.8251965610888735,1456096297660
production-topology2-2-1456095842,1.125,1.063355413623774,1456096297661
Running observer at: 1456096308143
production-topology1-1-1456095835,0.6666666666666666,0.8330370626738075,1456096308370
production-topology4-4-1456095855,0.8666666666666665,0.9288478429108343,1456096308370
production-topology3-3-1456095848,2.0,1.2167977073925824,1456096308370
production-topology2-2-1456095842,1.0,1.0422369424158493,1456096308370
Running observer at: 1456096314696
production-topology1-1-1456095835,1.0,0.8886913751158717,1456096314937
production-topology4-4-1456095855,2.0,1.285898561940556,1456096314937
production-topology3-3-1456095848,2.0,1.4125982805444368,1456096314937
production-topology2-2-1456095842,1.0,1.031677706811887,1456096314937
Running observer at: 1456096315604
production-topology1-1-1456095835,1.0,0.9165185313369038,1456096315842
production-topology4-4-1456095855,2.0,1.464423921455417,1456096315842
production-topology3-3-1456095848,2.0,1.5300786244355495,1456096315842
production-topology2-2-1456095842,1.0,1.0253421654495096,1456096315842
Running observer at: 1456096318886
production-topology1-1-1456095835,1.0,0.933214825069523,1456096319084
production-topology4-4-1456095855,2.0,1.5715391371643337,1456096319084
production-topology3-3-1456095848,0.007042414762559514,1.2762392561567177,1456096319084
production-topology2-2-1456095842,1.0019445856354807,1.021442568813838,1456096319085
Running observer at: 1456096325681
production-topology1-1-1456095835,1.0,0.9443456875579358,1456096325878
production-topology4-4-1456095855,2.0,1.642949280970278,1456096325878
production-topology3-3-1456095848,0.9932066166228355,1.2358060219375917,1456096325878
production-topology2-2-1456095842,1.0019445856354807,1.0186571426455013,1456096325878
Running observer at: 1456096326401
production-topology1-1-1456095835,1.0,0.9522963036210879,1456096326623
production-topology4-4-1456095855,0.0,1.4082422408316668,1456096326624
production-topology3-3-1456095848,2.0,1.3313302691953928,1456096326624
production-topology2-2-1456095842,1.0019445856354807,1.0165680730192488,1456096326624
Running observer at: 1456096329632
production-topology1-1-1456095835,1.0200682006916304,0.9607677907549057,1456096329785
production-topology4-4-1456095855,0.0,1.2322119607277084,1456096329786
production-topology3-3-1456095848,0.045463452870860274,1.188456178492667,1456096329786
production-topology2-2-1456095842,72.34052209633604,8.941451853387782,1456096329786
Running observer at: 1456096340187
production-topology1-1-1456095835,0.043478260869565216,0.8588467318787568,1456096340365
production-topology4-4-1456095855,0.0,1.0952995206468519,1456096340366
production-topology3-3-1456095848,1.0228403729877038,1.1718945979421707,1456096340366
production-topology2-2-1456095842,1.2540853909875411,8.172715207147757,1456096340366
Running observer at: 1456096350853
production-topology1-1-1456095835,0.6961601179067318,0.8425780704815542,1456096351033
production-topology4-4-1456095855,0.0,0.9857695685821668,1456096351033
production-topology3-3-1456095848,0.9065721067636776,1.1477743714713986,1456096351033
production-topology2-2-1456095842,1.007269811679817,7.5213110802870355,1456096351033
Running observer at: 1456096361556
production-topology1-1-1456095835,1.1127773085585584,0.8671416375794636,1456096361737
production-topology4-4-1456095855,0.404457088667615,0.9329229794990256,1456096361737
production-topology3-3-1456095848,1.0500521580611604,1.139630853687212,1456096361737
production-topology2-2-1456095842,0.9110456480759518,6.970455627602779,1456096361737
Running observer at: 1456096372274
production-topology1-1-1456095835,1.0749605056333869,0.8844598765839572,1456096372471
production-topology4-4-1456095855,0.6604936644469108,0.910220536578016,1456096372471
production-topology3-3-1456095848,0.9148880248794251,1.1223429437789205,1456096372471
production-topology2-2-1456095842,1.0127171864401383,6.512168055205653,1456096372471
Running observer at: 1456096383080
production-topology1-1-1456095835,1.1445345926578765,0.9044656239742588,1456096383283
production-topology4-4-1456095855,1.0855772407496547,0.9237095138219883,1456096383283
production-topology3-3-1456095848,1.132217750675977,1.1230482871287104,1456096383283
production-topology2-2-1456095842,0.9554528658360177,6.115259827393537,1456096383284
Running observer at: 1456096393768
production-topology1-1-1456095835,0.9140331193711831,0.9051490165026105,1456096394012
production-topology4-4-1456095855,1.1585481671965248,0.9404837033487409,1456096394012
production-topology3-3-1456095848,0.8955451771538572,1.1078814131303867,1456096394012
production-topology2-2-1456095842,0.9904746887571093,5.7736074848177745,1456096394012
Running observer at: 1456096404564
production-topology1-1-1456095835,1.054040927766037,0.9150751439201722,1456096404755
production-topology4-4-1456095855,1.0956304466281295,0.9508268195673668,1456096404755
production-topology3-3-1456095848,0.9917126523020551,1.100620865578616,1456096404756
production-topology2-2-1456095842,1.0936724431853833,5.48111154471575,1456096404756
Running observer at: 1456096415318
production-topology1-1-1456095835,0.9279606657219176,0.9158804890327813,1456096415582
production-topology4-4-1456095855,0.9801561007679506,0.9526598996424034,1456096415582
production-topology3-3-1456095848,1.0645536606696653,1.0984992652898544,1456096415583
production-topology2-2-1456095842,0.832824949623796,5.2076829214750475,1456096415583
Running observer at: 1456096426085
production-topology1-1-1456095835,1.10239752783416,0.9268520795505095,1456096426291
production-topology4-4-1456095855,1.1359058090828924,0.9634390707859616,1456096426291
production-topology3-3-1456095848,0.9229587612690103,1.0887470150664742,1456096426291
production-topology2-2-1456095842,1.0279898927920097,4.975477753214879,1456096426291
Running observer at: 1456096436833
production-topology1-1-1456095835,0.9032983515532599,0.9255435391062178,1456096437031
production-topology4-4-1456095855,0.9831245853308974,0.9645327104829025,1456096437032
production-topology3-3-1456095848,1.0514415171391915,1.0867835678071436,1456096437032
production-topology2-2-1456095842,0.9898125092723957,4.765705898270537,1456096437032
Running observer at: 1456096447569
production-topology1-1-1456095835,1.19782649308137,0.9398742208943837,1456096447773
production-topology4-4-1456095855,1.0583928745480986,0.9694727191179128,1456096447773
production-topology3-3-1456095848,1.0623448035892218,1.0855616295962476,1456096447773
production-topology2-2-1456095842,0.9593149974052931,4.575386353227275,1456096447773
Running observer at: 1456096458342
production-topology1-1-1456095835,0.8241743116379744,0.9340892254315631,1456096458550
production-topology4-4-1456095855,0.9413910494267638,0.9680686356333552,1456096458550
production-topology3-3-1456095848,0.9394326461141138,1.0786031065732888,1456096458550
production-topology2-2-1456095842,1.090344406709237,4.409431974821653,1456096458550
Running observer at: 1456096469118
production-topology1-1-1456095835,1.1884251590262744,0.9462004603646447,1456096469454
production-topology4-4-1456095855,1.0088014663039133,0.9700082942367152,1456096469454
production-topology3-3-1456095848,1.0755436504155678,1.0784640403843015,1456096469454
production-topology2-2-1456095842,0.8703274670175926,4.248563588103287,1456096469454
Running observer at: 1456096480131
production-topology1-1-1456095835,1.0262353714052836,0.9498384108664919,1456096480342
production-topology4-4-1456095855,1.0235282860976973,0.9724410211394872,1456096480342
production-topology3-3-1456095848,0.9715974081774816,1.0738176650709614,1456096480343
production-topology2-2-1456095842,1.1841234928148885,4.115327062221183,1456096480343
Running observer at: 1456096490876
production-topology1-1-1456095835,0.8928824452858065,0.9473620645368969,1456096491077
production-topology4-4-1456095855,0.9819321468512807,0.9728536787791304,1456096491077
production-topology3-3-1456095848,0.9615462901573314,1.069139691116227,1456096491078
production-topology2-2-1456095842,0.9508244073384557,3.9834727849344027,1456096491078
Running observer at: 1456096501695
production-topology1-1-1456095835,1.080398508095989,0.9529052496851924,1456096501899
production-topology4-4-1456095855,1.0014631904089204,0.974045741763705,1456096501899
production-topology3-3-1456095848,1.072898913140919,1.0692900599972146,1456096501899
production-topology2-2-1456095842,1.1435502086125164,3.869875881881527,1456096501899
Running observer at: 1456096512428
production-topology1-1-1456095835,0.9195771182522205,0.9515721244278735,1456096512657
production-topology4-4-1456095855,1.0491783311550755,0.9770510453393598,1456096512657
production-topology3-3-1456095848,0.9489818864004793,1.0646628225511863,1456096512657
production-topology2-2-1456095842,0.8788283368729444,3.754835591688889,1456096512658
Running observer at: 1456096523125
production-topology1-1-1456095835,1.059881310393368,0.9557378623496233,1456096523332
production-topology4-4-1456095855,0.994409188556862,0.9777186662323406,1456096523332
production-topology3-3-1456095848,1.0951508985156886,1.0657920105498715,1456096523332
production-topology2-2-1456095842,0.9561373056364417,3.6511800996128727,1456096523333
Running observer at: 1456096533890
production-topology1-1-1456095835,0.9796152037428592,0.9566222083271506,1456096534126
production-topology4-4-1456095855,1.0192628992628991,0.9792573415297687,1456096534126
production-topology3-3-1456095848,0.9381994475652464,1.0612351333004206,1456096534126
production-topology2-2-1456095842,0.9470017090741434,3.5546022999507754,1456096534127
Running observer at: 1456096544578
production-topology1-1-1456095835,1.0705225964619356,0.9606900793319644,1456096544815
production-topology4-4-1456095855,1.0152357269167613,0.9805422838650184,1456096544815
production-topology3-3-1456095848,0.9987826245774787,1.059081598516871,1456096544815
production-topology2-2-1456095842,1.072253787878788,3.469004075396569,1456096544815
Running observer at: 1456096555317
production-topology1-1-1456095835,0.8959863182085402,0.9584589151552945,1456096555509
production-topology4-4-1456095855,0.9321223587887952,0.9788726312761832,1456096555509
production-topology3-3-1456095848,1.0315246852431437,1.05816303474108,1456096555509
production-topology2-2-1456095842,1.086442346188935,3.389585351089648,1456096555509
Running observer at: 1456096566063
production-topology1-1-1456095835,1.137886443133237,0.9644398327545592,1456096566259
production-topology4-4-1456095855,1.0113791897378999,0.9799561832249071,1456096566259
production-topology3-3-1456095848,0.960106556089569,1.0568619939341521,1456096566259
production-topology2-2-1456095842,0.9620122466216214,3.388262065068784,1456096566259
Running observer at: 1456096576794
production-topology1-1-1456095835,0.9974241147560958,0.9643737212903977,1456096577103
production-topology4-4-1456095855,1.0652109566764576,0.9824289144756224,1456096577103
production-topology3-3-1456095848,0.9655713127052454,1.0673391929616491,1456096577103
production-topology2-2-1456095842,0.9555257991965783,3.382612925042003,1456096577103
Running observer at: 1456096587587
production-topology1-1-1456095835,1.1035385604049195,0.9789361177483396,1456096587834
production-topology4-4-1456095855,1.0086884825580578,0.9871629750053353,1456096587834
production-topology3-3-1456095848,1.0460212444629802,1.035539901110415,1456096587835
production-topology2-2-1456095842,1.062296346472158,3.384689469924408,1456096587835
Running observer at: 1456096598403
production-topology1-1-1456095835,0.8446107609105953,0.9737564764453592,1456096598627
production-topology4-4-1456095855,0.9078258061625126,0.9507571685440859,1456096598627
production-topology3-3-1456095848,1.0091575098834227,1.002511818106529,1456096598627
production-topology2-2-1456095842,1.0199849717256297,3.3853556356485957,1456096598627
Running observer at: 1456096609133
production-topology1-1-1456095835,1.0622383618436253,0.9758310885068135,1456096609393
production-topology4-4-1456095855,0.9502968132583066,0.9157670623193627,1456096609393
production-topology3-3-1456095848,1.0034726989140739,0.9692942414036647,1456096609394
production-topology2-2-1456095842,0.9193779577721151,3.3826682342409997,1456096609394
Running observer at: 1456096619930
production-topology1-1-1456095835,1.032313551055305,0.9769082068753238,1456096620121
production-topology4-4-1456095855,1.1047022963751327,0.8859238055318669,1456096620122
production-topology3-3-1456095848,1.0449011845126122,1.0038895337286664,1456096620122
production-topology2-2-1456095842,1.0266725670837187,3.383492500289274,1456096620122
Running observer at: 1456096630617
production-topology1-1-1456095835,1.0186240779355435,0.9775290094731751,1456096630859
production-topology4-4-1456095855,1.0039632149155957,0.852722579362387,1456096630859
production-topology3-3-1456095848,0.9679133839080076,1.0030464259715055,1456096630859
production-topology2-2-1456095842,0.9347031963470317,3.381251120646326,1456096630859
Running observer at: 1456096641325
production-topology1-1-1456095835,1.0237759767236994,0.9783215420306318,1456096641521
production-topology4-4-1456095855,0.9901063337956542,0.8857261238222421,1456096641521
production-topology3-3-1456095848,0.962193198516281,0.9684528659220483,1456096641521
production-topology2-2-1456095842,1.0627813378709434,3.3832790123875083,1456096641521
Running observer at: 1456096652101
production-topology1-1-1456095835,0.8952083782811198,0.9741595479502813,1456096652299
production-topology4-4-1456095855,1.0798095653355682,0.9217197760000945,1456096652299
production-topology3-3-1456095848,0.9590307161239491,0.9989051080304845,1456096652300
production-topology2-2-1456095842,0.9895225287591605,1.0049123601349454,1456096652300
Running observer at: 1456096662849
production-topology1-1-1456095835,1.0128870833860664,1.006473175367498,1456096663166
production-topology4-4-1456095855,0.9449353413854742,0.9532176207129436,1456096663166
production-topology3-3-1456095848,1.1156634075282967,1.001999209181838,1456096663166
production-topology2-2-1456095842,0.9634192469812592,0.9952234886680691,1456096663166
Running observer at: 1456096673665
production-topology1-1-1456095835,0.9319858126801231,1.0143340318599443,1456096673878
production-topology4-4-1456095855,0.9783944190811706,0.9858307680156493,1456096673878
production-topology3-3-1456095848,0.9438413492073124,1.003241517263292,1456096673879
production-topology2-2-1456095842,0.9454788654421163,0.9931637904601459,1456096673879
Running observer at: 1456096684376
production-topology1-1-1456095835,1.1305009808801572,1.014924820937331,1456096684574
production-topology4-4-1456095855,1.058207609035617,1.0076224520279158,1456096684574
production-topology3-3-1456095848,1.0279141003591716,1.0025035820065593,1456096684574
production-topology2-2-1456095842,1.1823539268199852,1.0022073997516137,1456096684574
Running observer at: 1456096695103
production-topology1-1-1456095835,0.9293244324112201,1.0100702851632588,1456096695303
production-topology4-4-1456095855,0.9743581836404287,1.0180846026676997,1456096695303
production-topology3-3-1456095848,1.0081304552644759,1.0056116630193943,1456096695303
production-topology2-2-1456095842,1.0333956043956043,1.0028966803501291,1456096695304
Running observer at: 1456096705830
production-topology1-1-1456095835,1.010473714028385,1.0056015892089425,1456096706088
production-topology4-4-1456095855,1.0394367956688617,1.0165465878316733,1456096706088
production-topology3-3-1456095848,1.0505168846002655,1.0028883008168703,1456096706088
production-topology2-2-1456095842,1.016443970398643,1.0049297171688834,1456096706088
Running observer at: 1456096716620
production-topology1-1-1456095835,1.1574259685086066,1.01371468418019,1456096716845
production-topology4-4-1456095855,1.0057076265802682,1.0114519031444649,1456096716845
production-topology3-3-1456095848,1.0136760912540315,1.0068259979535428,1456096716845
production-topology2-2-1456095842,0.9501111033552049,1.003584264322153,1456096716845
Running observer at: 1456096727321
production-topology1-1-1456095835,0.9208223247893229,1.0092740640809663,1456096727556
production-topology4-4-1456095855,0.916469338742066,1.0054798662149294,1456096727556
production-topology3-3-1456095848,0.9240622705881434,1.0045709852297457,1456096727556
production-topology2-2-1456095842,0.9748499678861028,0.9996235151455105,1456096727556
Running observer at: 1456096738107
production-topology1-1-1456095835,0.9863030932050132,1.011218811663736,1456096738308
production-topology4-4-1456095855,1.0999812857914737,1.0094740390490469,1456096738308
production-topology3-3-1456095848,1.022427907443933,1.0031667934555548,1456096738308
production-topology2-2-1456095842,1.0349826024194189,1.0063621035720314,1456096738308
Running observer at: 1456096748825
production-topology1-1-1456095835,1.0317238524038712,1.0088630224827262,1456096749076
production-topology4-4-1456095855,0.9661050543556696,1.0038140138914728,1456096749077
production-topology3-3-1456095848,0.9847351035866488,1.0052260048661426,1456096749077
production-topology2-2-1456095842,1.0823297134153291,1.0081734309261419,1456096749077
Running observer at: 1456096759555
production-topology1-1-1456095835,1.1213022074360472,1.0161298176788194,1456096759740
production-topology4-4-1456095855,1.0094419428653438,1.004691259142621,1456096759740
production-topology3-3-1456095848,1.0283213498342814,1.0044553326226455,1456096759740
production-topology2-2-1456095842,1.0112742130750605,1.0088888210528975,1456096759741
Running observer at: 1456096770206
production-topology1-1-1456095835,0.8895395990800532,1.0058535878787755,1456096770484
production-topology4-4-1456095855,0.9438455972576165,1.0008730165662716,1456096770484
production-topology3-3-1456095848,1.0362832460468057,1.0035866140378986,1456096770484
production-topology2-2-1456095842,0.9108933822048576,1.0072747672128828,1456096770484
Running observer at: 1456096781042
production-topology1-1-1456095835,0.9062897987874898,1.0085907707837591,1456096781225
production-topology4-4-1456095855,1.0190807124537578,1.0034626720005047,1456096781225
production-topology3-3-1456095848,0.947215975033457,1.00384605833521,1456096781225
production-topology2-2-1456095842,1.0868765155839535,1.00715917084204,1456096781225
Running observer at: 1456096791790
production-topology1-1-1456095835,1.0431144286891478,1.0037470797725214,1456096792040
production-topology4-4-1456095855,1.0485272469879394,1.004786864689972,1456096792040
production-topology3-3-1456095848,0.9820649113881068,1.000730100367628,1456096792040
production-topology2-2-1456095842,0.8957912032355912,1.0080079620493068,1456096792041
Running observer at: 1456096802539
production-topology1-1-1456095835,0.9483104463711407,1.0011495822713836,1456096802772
production-topology4-4-1456095855,1.0224609652314778,1.0047512873277646,1456096802772
production-topology3-3-1456095848,0.9734263452978144,1.0007910649383058,1456096802772
production-topology2-2-1456095842,1.0937571051351849,1.00499574912665,1456096802773
Running observer at: 1456096813338
production-topology1-1-1456095835,1.1312792967888279,1.0090961439881512,1456096813528
production-topology4-4-1456095855,0.9844022469928287,1.0048336239991495,1456096813529
production-topology3-3-1456095848,1.051408181788479,1.0037864613260108,1456096813529
production-topology2-2-1456095842,0.9348172900490975,1.004462178550338,1456096813529
Running observer at: 1456096824094
production-topology1-1-1456095835,0.8698988436063886,1.0020794885051645,1456096824319
production-topology4-4-1456095855,1.0346541172257235,1.0059399882263764,1456096824319
production-topology3-3-1456095848,1.0015836196471077,1.001409284876217,1456096824319
production-topology2-2-1456095842,0.8535739767922219,0.9947963041563281,1456096824319
Running observer at: 1456096834823
production-topology1-1-1456095835,1.066597631244222,1.0069801722715643,1456096835011
production-topology4-4-1456095855,0.9862132714375746,1.0038411529024596,1456096835011
production-topology3-3-1456095848,0.9510277763865336,1.0014774812090856,1456096835011
production-topology2-2-1456095842,1.0811448528767895,1.001540188023123,1456096835011
Running observer at: 1456096845602
production-topology1-1-1456095835,0.9966669899008673,1.004873028255148,1456096845822
production-topology4-4-1456095855,0.9903550854059642,1.0037060161307632,1456096845822
production-topology3-3-1456095848,1.058719674341793,1.0002631070699557,1456096845822
production-topology2-2-1456095842,1.1033123791102517,1.0064460238055835,1456096845822
Running observer at: 1456096856407
production-topology1-1-1456095835,1.0422983136494506,1.0069624652520341,1456096856600
production-topology4-4-1456095855,0.9805735697893615,1.0024163718149786,1456096856601
production-topology3-3-1456095848,0.9310232518532533,1.0000239005462226,1456096856601
production-topology2-2-1456095842,0.9897578297365125,1.0078712278276623,1456096856601
Running observer at: 1456096867074
production-topology1-1-1456095835,0.9577018217415917,1.003201772761356,1456096867250
production-topology4-4-1456095855,1.0628286329642829,1.0040028020165626,1456096867251
production-topology3-3-1456095848,1.050136116015691,1.001735683594163,1456096867251
production-topology2-2-1456095842,0.931503703527179,1.0031795583492753,1456096867251
Running observer at: 1456096877797
production-topology1-1-1456095835,1.0041947377241496,1.0068087200785427,1456096877999
production-topology4-4-1456095855,0.9140237324703344,1.0033995144726138,1456096877999
production-topology3-3-1456095848,0.9480671197960918,0.998953764745928,1456096877999
production-topology2-2-1456095842,0.9857309500022704,0.9998225118097199,1456096877999
Running observer at: 1456096888475
production-topology1-1-1456095835,0.8928396884130234,0.9986404949212023,1456096888751
production-topology4-4-1456095855,1.023365645375339,1.003799062993862,1456096888752
production-topology3-3-1456095848,1.0160972821945644,1.0008201222827613,1456096888752
production-topology2-2-1456095842,1.1494261435171322,1.006069641706237,1456096888752
Running observer at: 1456096899235
production-topology1-1-1456095835,1.0786566148811025,1.0013482449253692,1456096899427
production-topology4-4-1456095855,0.9975747975870569,1.0015445243575485,1456096899427
production-topology3-3-1456095848,1.011176388143633,1.0023402914640405,1456096899428
production-topology2-2-1456095842,0.9642538329782345,1.0063605761656254,1456096899428
Running observer at: 1456096910129
production-topology1-1-1456095835,0.9774219232436837,0.9971443570199945,1456096910311
production-topology4-4-1456095855,0.9712227169661034,1.0002956655044835,1456096910311
production-topology3-3-1456095848,1.0110604591541517,1.0011749319537464,1456096910312
production-topology2-2-1456095842,1.0614670819933207,1.0063329340163307,1456096910312
Running observer at: 1456096920844
production-topology1-1-1456095835,1.028199294723813,1.0032639748137684,1456096921136
production-topology4-4-1456095855,1.0051572830866211,1.0035400480686203,1456096921136
production-topology3-3-1456095848,1.0366236731033673,1.0020904707277445,1456096921136
production-topology2-2-1456095842,1.030531573322497,1.006684487402893,1456096921136
Running observer at: 1456096931764
production-topology1-1-1456095835,1.0144882866234082,1.0016723056397612,1456096931965
production-topology4-4-1456095855,0.953690892017687,1.0036531840272664,1456096931965
production-topology3-3-1456095848,1.0050345724941445,1.0021425331804135,1456096931966
production-topology2-2-1456095842,0.9137430392101339,1.0064966567841604,1456096931966
Running observer at: 1456096942463
production-topology1-1-1456095835,0.9724916825641794,0.9996782433567237,1456096942792
production-topology4-4-1456095855,1.0898256389934615,1.0031572954478771,1456096942793
production-topology3-3-1456095848,0.9477435666239449,0.998903945917458,1456096942793
production-topology2-2-1456095842,0.8268651377520475,0.9998364091397712,1456096942793
Running observer at: 1456096953279
production-topology1-1-1456095835,1.1492622093374523,1.004032847736787,1456096953472
production-topology4-4-1456095855,0.9634550667113693,1.0018070238410697,1456096953472
production-topology3-3-1456095848,0.9827371329698364,0.9993980708861855,1456096953472
production-topology2-2-1456095842,1.1244243625865726,1.0061604480144224,1456096953472
Running observer at: 1456096963996
production-topology1-1-1456095835,0.8381690104848637,0.9978459488621593,1456096964191
production-topology4-4-1456095855,1.0628019022513537,1.0042302094562596,1456096964192
production-topology3-3-1456095848,1.0296531531757287,1.0016467360415007,1456096964192
production-topology2-2-1456095842,1.1977201901205852,1.0106584097560773,1456096964192
Running observer at: 1456096974679
production-topology1-1-1456095835,1.153603898697027,1.0064591328760228,1456096974868
production-topology4-4-1456095855,0.9721469342365407,1.0006414550862919,1456096974869
production-topology3-3-1456095848,1.045165688461926,1.0045179017860997,1456096974869
production-topology2-2-1456095842,0.8397980479078954,1.0056675937277018,1456096974869
Running observer at: 1456096985342
production-topology1-1-1456095835,0.91,1.0030295634298207,1456096985546
production-topology4-4-1456095855,1.0209975841277417,1.0031768631777012,1456096985546
production-topology3-3-1456095848,1.0224222896011605,1.0014098645218619,1456096985547
production-topology2-2-1456095842,1.0419249181153942,1.008284449432173,1456096985547
Running observer at: 1456096996105
production-topology1-1-1456095835,1.0792706069448315,1.0079390565719777,1456096996294
production-topology4-4-1456095855,0.9138538234118634,1.0010255099887242,1456096996294
production-topology3-3-1456095848,0.9636983672679293,1.0020717651238824,1456096996295
production-topology2-2-1456095842,1.0198226215241248,1.0107625746349065,1456096996295
Running observer at: 1456097006837
production-topology1-1-1456095835,0.8509998937453748,0.998622353667485,1456097007156
production-topology4-4-1456095855,1.1160311593845123,1.0029529616670207,1456097007157
production-topology3-3-1456095848,0.9950755191269685,1.0009771457494756,1456097007157
production-topology2-2-1456095842,0.9047873337769622,1.0015103548668056,1456097007157
Running observer at: 1456097017565
production-topology1-1-1456095835,1.10192392463562,1.0043756700749649,1456097017759
production-topology4-4-1456095855,1.0123118458080003,1.004218083739273,1456097017759
production-topology3-3-1456095848,0.9692992849090347,0.9996827734042941,1456097017759
production-topology2-2-1456095842,0.9584740716084247,0.9990129704405663,1456097017759
Running observer at: 1456097028300
production-topology1-1-1456095835,0.9329919556828575,1.0017929447967808,1456097028574
production-topology4-4-1456095855,0.9648460743251819,1.0017317263611505,1456097028575
production-topology3-3-1456095848,1.0077309848048945,0.9982565767444485,1456097028575
production-topology2-2-1456095842,1.1305545219424578,1.0028166554920268,1456097028575
Running observer at: 1456097039050
production-topology1-1-1456095835,1.006119773192128,0.9967494049528983,1456097039248
production-topology4-4-1456095855,1.0149410188177719,1.0020395061024006,1456097039248
production-topology3-3-1456095848,1.0503104277131525,0.9994777212930859,1456097039248
production-topology2-2-1456095842,1.0421259585134492,1.005883817330635,1456097039248
Running observer at: 1456097049934
production-topology1-1-1456095835,1.0694003362600413,1.0017020053352557,1456097050143
production-topology4-4-1456095855,0.9753874826902711,1.0040034442340073,1456097050144
production-topology3-3-1456095848,0.9928767553366357,1.001771537451369,1456097050144
production-topology2-2-1456095842,0.8580129425199848,1.001989249818431,1456097050144
Running observer at: 1456097060656
production-topology1-1-1456095835,0.9333809771532746,0.9999379348001977,1456097060882
production-topology4-4-1456095855,0.9828671743735846,1.0000996405200777,1456097060882
production-topology3-3-1456095848,1.0232999247069128,1.0018006046934682,1456097060882
production-topology2-2-1456095842,1.280753718678247,1.0101816203603922,1456097060882
Running observer at: 1456097071514
production-topology1-1-1456095835,0.9770986569470865,0.9981170949516381,1456097071704
production-topology4-4-1456095855,1.005096491410291,1.0013993550885651,1456097071704
production-topology3-3-1456095848,1.0465291341145833,1.0038604057110658,1456097071704
production-topology2-2-1456095842,0.9022043658064857,1.0041774421067642,1456097071704
Running observer at: 1456097082199
production-topology1-1-1456095835,1.006970291078237,0.9943060310730445,1456097082461
production-topology4-4-1456095855,0.9936782926926665,1.0008739000828093,1456097082461
production-topology3-3-1456095848,0.9010693304807527,0.999618671732615,1456097082462
production-topology2-2-1456095842,0.98291296100782,1.003232067037856,1456097082462
Running observer at: 1456097092998
production-topology1-1-1456095835,1.0968867054888558,1.0012176012866714,1456097093215
production-topology4-4-1456095855,1.0304894885244056,1.0037620297917023,1456097093215
production-topology3-3-1456095848,0.8935224245702061,0.9948599776833952,1456097093215
production-topology2-2-1456095842,1.0839553646495528,1.0090007997860124,1456097093215
Running observer at: 1456097103742
production-topology1-1-1456095835,0.8299366451265687,0.9986724961646406,1456097103930
production-topology4-4-1456095855,0.9688210411211189,1.0020867074139475,1456097103930
production-topology3-3-1456095848,1.0687314236650145,0.9989104926377803,1456097103930
production-topology2-2-1456095842,0.8180082514044944,1.0000385243133638,1456097103931
Running observer at: 1456097114517
production-topology1-1-1456095835,0.9785550938113811,0.9965205183353816,1456097114695
production-topology4-4-1456095855,0.886371612735754,0.9966815196055413,1456097114695
production-topology3-3-1456095848,0.9760341908256892,0.9987094686190331,1456097114695
production-topology2-2-1456095842,1.022503938966796,1.0042622821710707,1456097114695
Running observer at: 1456097125154
production-topology1-1-1456095835,0.2437706064978792,0.9730358570062728,1456097125445
production-topology4-4-1456095855,0.3792268154279712,0.9752403812787577,1456097125446
production-topology3-3-1456095848,0.37702300964691127,0.9788293574306696,1456097125446
production-topology2-2-1456095842,0.3794235652007282,0.9804511641732553,1456097125446
Running observer at: 1456097135905
production-topology1-1-1456095835,0.24079235976642868,0.9433529591055261,1456097136106
production-topology4-4-1456095855,0.41033489192403916,0.9561048027764646,1456097136107
production-topology3-3-1456095848,0.381216630945585,0.9564896390692399,1456097136107
production-topology2-2-1456095842,0.19919192158208268,0.9559303185576883,1456097136107
Running observer at: 1456097146587
production-topology1-1-1456095835,0.17791774250440914,0.9202869224021268,1456097146866
production-topology4-4-1456095855,0.4099636098688103,0.9352817858645676,1456097146867
production-topology3-3-1456095848,0.4210313829070294,0.9371378978445706,1456097146867
production-topology2-2-1456095842,0.21236802413272998,0.9345567868023719,1456097146867
Running observer at: 1456097157405
production-topology1-1-1456095835,0.3559342181598607,0.8965981419659814,1456097157590
production-topology4-4-1456095855,0.9379489062921542,0.9336729736930536,1456097157591
production-topology3-3-1456095848,0.3928366729019803,0.9185315277284187,1456097157591
production-topology2-2-1456095842,0.2864052930540889,0.9080654681416152,1456097157591
Running observer at: 1456097168115
production-topology1-1-1456095835,0.2615690719428324,0.8720948780340468,1456097168280
production-topology4-4-1456095855,0.33642536004437096,0.9118753161810004,1456097168280
production-topology3-3-1456095848,0.43087336671375237,0.8976033174741508,1456097168281
production-topology2-2-1456095842,0.18574780657008774,0.8774799823902765,1456097168281
Running observer at: 1456097178759
production-topology1-1-1456095835,0.19051191125659206,0.843701997954285,1456097178986
production-topology4-4-1456095855,0.42045277755425015,0.8932046231064967,1456097178986
production-topology3-3-1456095848,0.3941203805570036,0.8797065550976091,1456097178986
production-topology2-2-1456095842,0.3092900073987143,0.854797721645683,1456097178986
Running observer at: 1456097189608
production-topology1-1-1456095835,0.3391238576105645,0.8230827324832506,1456097189789
production-topology4-4-1456095855,1.0789911173894455,0.8937433725873356,1456097189789
production-topology3-3-1456095848,0.37184725751724074,0.857096926480994,1456097189789
production-topology2-2-1456095842,0.37206711485640886,0.8361498353566574,1456097189789
/var/nimbus/storm/bin/storm rebalance production-topology3 -e spout_head=12
1456097190132
/var/nimbus/storm/bin/storm rebalance production-topology2 -e spout_head=8
Running observer at: 1456097200336
production-topology1-1-1456095835,0.8668727476919077,0.8185053328155092,1456097200550
production-topology4-4-1456095855,0.9170540300881151,0.8938443825079283,1456097200550
production-topology3-3-1456095848,0.9311160647399983,0.9311160647399983,1456097200550
production-topology2-2-1456095842,0.9546061307591684,0.9546061307591684,1456097200551
/var/nimbus/storm/bin/storm rebalance production-topology1 -e bolt_output_sink=11
1456097200959
/var/nimbus/storm/bin/storm rebalance production-topology4 -e spout_head=9
Running observer at: 1456097211147
production-topology1-1-1456095835,0.9147803023782956,0.9147803023782956,1456097211309
production-topology4-4-1456095855,0.9170296963584019,0.9170296963584019,1456097211309
production-topology3-3-1456095848,1.2734132414758128,1.1022646531079054,1456097211310
production-topology2-2-1456095842,2.5457142857142854,1.750160208236727,1456097211310
Running observer at: 1456097221880
production-topology1-1-1456095835,1.0828125000000002,0.9987964011891479,1456097222085
production-topology4-4-1456095855,1.6856971153846154,1.3013634058715087,1456097222086
production-topology3-3-1456095848,2.0,1.4015097687386036,1456097222086
production-topology2-2-1456095842,1.0,1.500106805491151,1456097222086
Running observer at: 1456097228981
production-topology1-1-1456095835,1.0,0.9991976007927653,1456097229174
production-topology4-4-1456095855,2.0,1.5342422705810057,1456097229174
production-topology3-3-1456095848,2.0,1.5511323265539527,1456097229174
production-topology2-2-1456095842,1.0,1.3750801041183633,1456097229174
Running observer at: 1456097229781
production-topology1-1-1456095835,1.0,0.999398200594574,1456097229983
production-topology4-4-1456095855,2.0,1.6506817029357543,1456097229983
production-topology3-3-1456095848,2.0,1.6409058612431622,1456097229983
production-topology2-2-1456095842,0.9516746205305859,1.2903990074008078,1456097229984
Running observer at: 1456097232604
production-topology1-1-1456095835,1.0,0.9995185604756592,1456097232781
production-topology4-4-1456095855,2.0,1.7205453623486036,1456097232781
production-topology3-3-1456095848,3.475118154017237E-5,1.3674273428995585,1456097232782
production-topology2-2-1456095842,0.952802845103197,1.234132980351206,1456097232782
Running observer at: 1456097239655
production-topology1-1-1456095835,1.0,0.9995988003963827,1456097239857
production-topology4-4-1456095855,2.0,1.767121135290503,1456097239857
production-topology3-3-1456095848,1.308399247701927,1.3589947578713253,1456097239857
production-topology2-2-1456095842,0.952802845103197,1.193942961030062,1456097239858
Running observer at: 1456097240310
production-topology1-1-1456095835,1.0,0.9996561146254709,1456097240495
production-topology4-4-1456095855,2.0,1.800389544534717,1456097240496
production-topology3-3-1456095848,0.0,1.1891204131374096,1456097240496
production-topology2-2-1456095842,0.952802845103197,1.1638004465392038,1456097240496
Running observer at: 1456097243205
production-topology1-1-1456095835,0.9724551535661803,0.9962559944930596,1456097243347
production-topology4-4-1456095855,1.0833410872332796,1.7107584873720372,1456097243347
production-topology3-3-1456095848,0.5714285714285714,1.1204879862808719,1456097243347
production-topology2-2-1456095842,0.2603719876966114,1.0634195066678047,1456097243348
Running observer at: 1456097253732
production-topology1-1-1456095835,317.0203800625748,36.11004755761326,1456097253896
production-topology4-4-1456095855,1.0833410872332796,1.6410454429121752,1456097253896
production-topology3-3-1456095848,0.9938401718145085,1.1078232048342356,1456097253896
production-topology2-2-1456095842,0.8905098067409647,1.0461285366751207,1456097253896
Running observer at: 1456097264312
production-topology1-1-1456095835,0.8436363636363633,32.58340643821556,1456097264487
production-topology4-4-1456095855,1.0833410872332796,1.5852750073442856,1456097264488
production-topology3-3-1456095848,1.1732924112596044,1.1137749508729053,1456097264488
production-topology2-2-1456095842,1.1229248510147392,1.053110019796904,1456097264488
Running observer at: 1456097274915
production-topology1-1-1456095835,0.9460335809786062,29.707281633012204,1456097275105
production-topology4-4-1456095855,0.4969928075396826,1.4863402619075037,1456097275105
production-topology3-3-1456095848,1.0448824691166791,1.1080339107265533,1456097275105
production-topology2-2-1456095842,1.0330813573714808,1.0514409645947855,1456097275105
Running observer at: 1456097285555
production-topology1-1-1456095835,1.1115997505522688,27.32430814280721,1456097285747
production-topology4-4-1456095855,0.6343173159041393,1.4153383497405565,1456097285748
production-topology3-3-1456095848,0.991242784992785,1.0990499779778018,1456097285748
production-topology2-2-1456095842,1.0442411308375266,1.0508871312288426,1456097285748
Running observer at: 1456097296210
production-topology1-1-1456095835,1.0380035797516267,25.302284714879857,1456097296402
production-topology4-4-1456095855,1.1619164737654322,1.3958443592809315,1456097296402
production-topology3-3-1456095848,0.9367674761566346,1.0874583707048613,1456097296403
production-topology2-2-1456095842,1.102099605793222,1.0545451651262983,1456097296403
Running observer at: 1456097306882
production-topology1-1-1456095835,1.0425531149823832,23.56944674345861,1456097307070
production-topology4-4-1456095855,1.1739336155215567,1.3799935918695476,1456097307070
production-topology3-3-1456095848,1.0957326596853056,1.0880099899702242,1456097307070
production-topology2-2-1456095842,0.839826974267968,1.0402306190690764,1456097307070
Running observer at: 1456097317559
production-topology1-1-1456095835,1.2037147473052434,22.078397943715053,1456097317745
production-topology4-4-1456095855,1.1015577461360593,1.3614312021539816,1456097317746
production-topology3-3-1456095848,0.9457587967876233,1.0791192903963116,1456097317746
production-topology2-2-1456095842,1.0530795582492876,1.0410336777678395,1456097317746
Running observer at: 1456097328206
production-topology1-1-1456095835,0.8247458473980729,20.75004468769524,1456097328397
production-topology4-4-1456095855,1.039230104275752,1.3412936335365924,1456097328397
production-topology3-3-1456095848,1.013391168364674,1.0752529302768035,1456097328397
production-topology2-2-1456095842,0.9994445947677976,1.0385872611207783,1456097328398
Running observer at: 1456097338860
production-topology1-1-1456095835,1.0464880664798533,19.591011945270807,1456097339027
production-topology4-4-1456095855,0.950945184861179,1.3183319600850976,1456097339028
production-topology3-3-1456095848,0.9860309922810877,1.070296155943708,1456097339028
production-topology2-2-1456095842,1.1060649307324428,1.0423360205436485,1456097339028
Running observer at: 1456097349516
production-topology1-1-1456095835,0.8290027977636173,18.54867810374263,1456097349699
production-topology4-4-1456095855,0.966303755841279,1.2987748376271075,1456097349699
production-topology3-3-1456095848,1.0275649642149314,1.0680471458527199,1456097349699
production-topology2-2-1456095842,0.9444968630727145,1.037186591203073,1456097349700
Running observer at: 1456097360208
production-topology1-1-1456095835,1.0976306811488745,17.630201923606116,1456097360428
production-topology4-4-1456095855,1.0445040200439082,1.2853921630174654,1456097360428
production-topology3-3-1456095848,0.9993048532383311,1.0646100312220006,1456097360429
production-topology2-2-1456095842,0.9526876289627901,1.0329616430910589,1456097360429
Running observer at: 1456097370862
production-topology1-1-1456095835,0.9888368271576458,16.79813366878369,1456097371052
production-topology4-4-1456095855,1.0060722132550435,1.2714261655293444,1456097371052
production-topology3-3-1456095848,1.0133057328809805,1.0621669693962377,1456097371052
production-topology2-2-1456095842,0.9215934360861897,1.0276583951384461,1456097371052
Running observer at: 1456097381564
production-topology1-1-1456095835,1.009287856546937,16.04628386820099,1456097381759
production-topology4-4-1456095855,1.0530903269755587,1.261029220836307,1456097381759
production-topology3-3-1456095848,1.0668649691252172,1.062380514838464,1456097381759
production-topology2-2-1456095842,1.2216803142675674,1.0364775732806788,1456097381759
Running observer at: 1456097392303
production-topology1-1-1456095835,1.0106516464086703,15.362846039937704,1456097392502
production-topology4-4-1456095855,0.9774535260858711,1.248139416529469,1456097392502
production-topology3-3-1456095848,0.9920834247385555,1.059324119616729,1456097392502
production-topology2-2-1456095842,0.8599066415911417,1.0288005762506989,1456097392502
Running observer at: 1456097402965
production-topology1-1-1456095835,0.9879599762982116,14.737850993692508,1456097403172
production-topology4-4-1456095855,1.0488814181552688,1.2394760252958081,1456097403172
production-topology3-3-1456095848,0.9769989176104017,1.0558939028664651,1456097403172
production-topology2-2-1456095842,1.0984302552930003,1.0317018128774615,1456097403172
Running observer at: 1456097413694
production-topology1-1-1456095835,1.0708099902681099,14.16839095188316,1456097413886
production-topology4-4-1456095855,1.002749378281293,1.2296124150035366,1456097413886
production-topology3-3-1456095848,1.0513171392151044,1.0557108323204107,1456097413886
production-topology2-2-1456095842,1.0242121883451927,1.0314022278961708,1456097413886
Running observer at: 1456097424514
production-topology1-1-1456095835,0.9808324836109706,13.640888613152272,1456097424758
production-topology4-4-1456095855,0.9195407961164264,1.2172095502480522,1456097424758
production-topology3-3-1456095848,0.9389171375122382,1.0512187671354811,1456097424758
production-topology2-2-1456095842,0.8920914088203905,1.0260441194701793,1456097424758
Running observer at: 1456097435334
production-topology1-1-1456095835,1.048427293598358,13.156563177784815,1456097435566
production-topology4-4-1456095855,0.9934866790099692,1.2086048244312029,1456097435566
production-topology3-3-1456095848,0.9697552537275985,1.048201599972226,1456097435566
production-topology2-2-1456095842,1.2082096645101046,1.032790991508695,1456097435566
Running observer at: 1456097446100
production-topology1-1-1456095835,1.0010977827833176,12.70636075574772,1456097446340
production-topology4-4-1456095855,1.0592539095160953,1.2030733090639767,1456097446340
production-topology3-3-1456095848,1.021774358974359,1.047257769936588,1456097446340
production-topology2-2-1456095842,0.9266381086828499,1.0289998171220576,1456097446340
Running observer at: 1456097456914
production-topology1-1-1456095835,0.9045563719112295,12.284867742039273,1456097457106
production-topology4-4-1456095855,1.0104384734365195,1.1961934935058534,1456097457106
production-topology3-3-1456095848,0.9938791821659101,1.0454171289789784,1456097457106
production-topology2-2-1456095842,0.982503446598005,1.0273964940005385,1456097457106
Running observer at: 1456097467642
production-topology1-1-1456095835,1.2133056506447892,11.90308973888774,1456097467827
production-topology4-4-1456095855,0.9634415054408667,1.1881675628829227,1456097467827
production-topology3-3-1456095848,1.0816923570249637,1.0466263032471779,1456097467827
production-topology2-2-1456095842,1.0118222052068133,1.0268773510407476,1456097467827
Running observer at: 1456097478352
production-topology1-1-1456095835,0.9851177311022642,11.539157338628224,1456097478531
production-topology4-4-1456095855,1.0682089553358156,1.1841689426313524,1456097478532
production-topology3-3-1456095848,0.9730444947593699,1.048023917581157,1456097478532
production-topology2-2-1456095842,0.8833979616811227,1.024503745404813,1456097478532
Running observer at: 1456097489064
production-topology1-1-1456095835,0.8026753717634029,11.535420507607729,1456097489257
production-topology4-4-1456095855,0.9533918671078158,1.1853810149896662,1456097489258
production-topology3-3-1456095848,0.9944986690485967,1.0387267651669165,1456097489258
production-topology2-2-1456095842,1.1826158098648054,0.9790671295431633,1456097489258
Running observer at: 1456097499715
production-topology1-1-1456095835,1.129470251413985,11.536975765988192,1456097499916
production-topology4-4-1456095855,1.036568752917923,1.163743402907443,1456097499916
production-topology3-3-1456095848,1.0039303278468383,1.005524442761811,1456097499916
production-topology2-2-1456095842,0.9269045857988167,0.9766306157364573,1456097499916
Running observer at: 1456097510400
production-topology1-1-1456095835,0.9973070834800848,11.536886002104195,1456097510611
production-topology4-4-1456095855,0.942371722316544,1.128489126984661,1456097510611
production-topology3-3-1456095848,1.0118050794026403,0.9725846120752325,1456097510611
production-topology2-2-1456095842,1.0330948121645795,0.9777337761419432,1456097510611
Running observer at: 1456097521092
production-topology1-1-1456095835,1.0527777254524808,11.538645259619278,1456097521299
production-topology4-4-1456095855,1.0177610370219554,1.0957478282187263,1456097521299
production-topology3-3-1456095848,1.0145431121644999,0.9397360491473825,1456097521300
production-topology2-2-1456095842,0.993922841520332,0.9791420501749349,1456097521300
Running observer at: 1456097531835
production-topology1-1-1456095835,1.0223392689316941,11.539389901917001,1456097532039
production-topology4-4-1456095855,1.0185397808878052,1.0630324875816533,1456097532040
production-topology3-3-1456095848,0.9259799260602796,0.9706008883100072,1456097532040
production-topology2-2-1456095842,0.8868628841104504,0.9769440514751765,1456097532040
Running observer at: 1456097542687
production-topology1-1-1456095835,0.8829385693780636,11.535487854229604,1456097542880
production-topology4-4-1456095855,1.0286719716458612,1.0306548866365153,1456097542880
production-topology3-3-1456095848,1.0096616672479943,0.9606429689615427,1456097542880
production-topology2-2-1456095842,1.071408070077346,0.980897558974315,1456097542880
Running observer at: 1456097553372
production-topology1-1-1456095835,1.0874858859934124,11.538404050429385,1456097553568
production-topology4-4-1456095855,1.1181210751511084,1.0012589224748853,1456097553568
production-topology3-3-1456095848,1.0787793524575782,0.9966022807101286,1456097553569
production-topology2-2-1456095842,1.211620792405719,0.9895248238843989,1456097553569
Running observer at: 1456097564104
production-topology1-1-1456095835,1.0434021671303804,11.540768950881525,1456097564330
production-topology4-4-1456095855,0.9635699397604158,0.9972665508924566,1456097564330
production-topology3-3-1456095848,0.9833427657480315,1.0103327538541105,1456097564330
production-topology2-2-1456095842,0.7857095254753463,1.0070360751436902,1456097564331
Running observer at: 1456097574940
production-topology1-1-1456095835,0.9493414751945152,1.0050676646355143,1456097575171
production-topology4-4-1456095855,0.9427154066696846,0.9925790282070034,1456097575172
production-topology3-3-1456095848,1.0808465492369246,1.0132329664348576,1456097575172
production-topology2-2-1456095842,1.1719138648144736,1.0164162104128072,1456097575172
Running observer at: 1456097585612
production-topology1-1-1456095835,0.9419023240592519,1.0083431966496108,1456097585920
production-topology4-4-1456095855,0.9718580794118397,0.9888629279462887,1456097585921
production-topology3-3-1456095848,0.9312015910481686,1.00516327242781,1456097585921
production-topology2-2-1456095842,1.009632783826389,1.0126398081731953,1456097585921
Running observer at: 1456097596464
production-topology1-1-1456095835,0.9667585942727146,1.009034030426081,1456097596662
production-topology4-4-1456095855,1.0089790833712131,1.0059291371406731,1456097596662
production-topology3-3-1456095848,1.021307787585023,1.0043774497100881,1456097596662
production-topology2-2-1456095842,0.9214168659757286,1.0089176584600037,1456097596663
Running observer at: 1456097607171
production-topology1-1-1456095835,1.192536730683476,1.011731929763788,1456097607427
production-topology4-4-1456095855,1.0611446166290457,1.0201567138315033,1456097607427
production-topology3-3-1456095848,1.002941598297678,1.0047674101535844,1456097607428
production-topology2-2-1456095842,1.0166394845075601,1.0079976035823381,1456097607428
Running observer at: 1456097617950
production-topology1-1-1456095835,0.8761586668836494,1.0063370993348553,1456097618149
production-topology4-4-1456095855,1.0129822600318437,1.0151922400403837,1456097618149
production-topology3-3-1456095848,1.0011385973146725,1.0069131141921859,1456097618149
production-topology2-2-1456095842,1.0379188158779995,1.0058582439184975,1456097618149
Running observer at: 1456097628656
production-topology1-1-1456095835,1.2687492240493499,1.0138769696370877,1456097628881
production-topology4-4-1456095855,1.0123836251521627,1.009807240361404,1456097628881
production-topology3-3-1456095848,0.9828977583748233,1.0031519508151696,1456097628881
production-topology2-2-1456095842,0.9867329037783773,1.0107551082355113,1456097628881
Running observer at: 1456097639371
production-topology1-1-1456095835,0.8152077296604598,1.0009267357155949,1456097639600
production-topology4-4-1456095855,1.0623533998103367,1.0085004288172132,1456097639601
production-topology3-3-1456095848,1.0158919537006073,1.005489722712269,1456097639601
production-topology2-2-1456095842,0.788251974560117,1.001927522112539,1456097639601
Running observer at: 1456097650115
production-topology1-1-1456095835,1.1540276362137676,1.0119027953427848,1456097650313
production-topology4-4-1456095855,0.8837093818659262,1.0033164047368859,1456097650313
production-topology3-3-1456095848,1.0135699116244161,1.0054956808209272,1456097650314
production-topology2-2-1456095842,1.382230446398575,1.0146870505002314,1456097650314
Running observer at: 1456097660892
production-topology1-1-1456095835,0.9472788097596212,1.008595820118777,1456097661025
production-topology4-4-1456095855,1.0730469081552996,1.0073864621800233,1456097661025
production-topology3-3-1456095848,0.9844072057845744,1.0054415546043767,1456097661026
production-topology2-2-1456095842,0.858879450512413,1.0064475344928971,1456097661026
Running observer at: 1456097671456
production-topology1-1-1456095835,1.0009855967663888,1.014328580085536,1456097671580
production-topology4-4-1456095855,0.9780936889051808,1.00777945994882,1456097671580
production-topology3-3-1456095848,1.0674346630297458,1.0067705445648705,1456097671580
production-topology2-2-1456095842,0.9246172119273678,1.005784879454719,1456097671580
Running observer at: 1456097682043
production-topology1-1-1456095835,1.0,1.0110742240472403,1456097682188
production-topology4-4-1456095855,0.9466055810079134,1.0045161786476198,1456097682189
production-topology3-3-1456095848,1.024008046447874,1.007593984338522,1456097682189
production-topology2-2-1456095842,1.4122807017543861,1.0211046485477724,1456097682189
Running observer at: 1456097692607
production-topology1-1-1456095835,1.0,1.011446329808652,1456097692788
production-topology4-4-1456095855,1.220295059644816,1.0116569401939457,1456097692789
production-topology3-3-1456095848,2.253708791208791,1.048940752949449,1456097692789
production-topology2-2-1456095842,1.0,1.0237182006782326,1456097692789
Running observer at: 1456097703345
production-topology1-1-1456095835,1.0,1.0111367345904207,1456097703463
production-topology4-4-1456095855,2.0,1.043220595961427,1456097703463
production-topology3-3-1456095848,2.0,1.0800452539786083,1456097703463
production-topology2-2-1456095842,1.0,1.0163288568693138,1456097703463
Running observer at: 1456097713805
production-topology1-1-1456095835,1.0,1.0107816797101317,1456097713863
production-topology4-4-1456095855,2.0,1.0773054784252314,1456097713863
production-topology3-3-1456095848,2.0,1.11364247315399,1456097713864
production-topology2-2-1456095842,1.0,1.0209986354829423,1456097713864
