Running observer at: 1456824070319
production-topology1-1-1456824069,0.0,0.0,0,0,1456824070602
Running observer at: 1456824071002
production-topology1-1-1456824069,0.0,0.0,0,0,1456824071331
Running observer at: 1456824077204
production-topology2-2-1456824077,0.0,0.0,0,0,1456824077582
production-topology1-1-1456824069,0.0,0.0,0,0,1456824077583
Running observer at: 1456824081741
production-topology2-2-1456824077,0.0,0.0,0,0,1456824082199
production-topology1-1-1456824069,0.0,0.0,0,0,1456824082200
Running observer at: 1456824084187
production-topology2-2-1456824077,0.0,0.0,0,0,1456824084624
production-topology1-1-1456824069,0.0,0.0,240,0,1456824084625
production-topology3-3-1456824083,0.0,0.0,0,0,1456824084625
Running observer at: 1456824091533
production-topology4-4-1456824091,0.0,0.0,0,0,1456824092285
production-topology2-2-1456824077,0.0,0.0,80,0,1456824092285
production-topology1-1-1456824069,0.6225688927407834,0.10376148212346391,1120,480,1456824092285
production-topology3-3-1456824083,0.0,0.0,0,0,1456824092285
Running observer at: 1456824092950
production-topology4-4-1456824091,0.0,0.0,0,0,1456824093536
production-topology2-2-1456824077,0.0,0.0,0,0,1456824093536
production-topology1-1-1456824069,1.0499999999999998,0.2389384132486833,120,140,1456824093537
production-topology3-3-1456824083,0.0,0.0,0,0,1456824093537
Running observer at: 1456824104245
production-topology4-4-1456824091,0.0,0.0,0,0,1456824104845
production-topology2-2-1456824077,0.9536724904734026,0.15894541507890045,1660,1040,1456824104845
production-topology1-1-1456824069,1.1869117115872898,0.3574350755410091,2380,1780,1456824104845
production-topology3-3-1456824083,0.08888888888888888,0.02222222222222222,300,20,1456824104845
Running observer at: 1456824115442
production-topology4-4-1456824091,0.9267182171276998,0.23167955428192494,780,1140,1456824116121
production-topology2-2-1456824077,1.0269835677396186,0.28295086545900305,1940,1260,1456824116121
production-topology1-1-1456824069,1.0029928201879421,0.42916371383511276,2140,1380,1456824116121
production-topology3-3-1456824083,1.073149568425058,0.23240769146278936,2180,4260,1456824116122
Running observer at: 1456824126773
production-topology4-4-1456824091,1.0822152440765058,0.40178669224084107,2260,4340,1456824127472
production-topology2-2-1456824077,1.0702584572076306,0.38136431442758145,2420,1620,1456824127472
production-topology1-1-1456824069,1.0465389882769536,0.49090124127929685,2100,1360,1456824127472
production-topology3-3-1456824083,1.0081124715271568,0.36169182147351725,2000,3520,1456824127473
Running observer at: 1456824138108
production-topology4-4-1456824091,0.9505979898445376,0.49325524184145714,2480,4380,1456824138620
production-topology2-2-1456824077,1.0066381217851088,0.45083918191175115,2280,1440,1456824138620
production-topology1-1-1456824069,0.9435147457820932,0.5320479235068238,2420,1540,1456824138620
production-topology3-3-1456824083,1.0175724637681158,0.45538905608703134,2300,4320,1456824138621
Running observer at: 1456824149163
production-topology4-4-1456824091,1.0121418048173165,0.5673818936951514,1880,3480,1456824149806
production-topology2-2-1456824077,0.8769266598915988,0.49344792970973594,1980,1240,1456824149807
production-topology1-1-1456824069,1.1609064258935313,0.5844527987057161,2280,1480,1456824149807
production-topology3-3-1456824083,0.9872335457683341,0.5218696172971942,2340,4160,1456824149807
Running observer at: 1456824160402
production-topology4-4-1456824091,0.9937073575511708,0.6206725766771538,2280,4080,1456824161000
production-topology2-2-1456824077,1.1361700824066414,0.5518772163185456,2340,1560,1456824161001
production-topology1-1-1456824069,0.8874630773847565,0.6077612816810269,1960,1260,1456824161001
production-topology3-3-1456824083,1.0141009501126572,0.5765619876100234,2420,4340,1456824161001
Running observer at: 1456824171607
production-topology4-4-1456824091,1.0221793508323884,0.6652844404721798,2340,4340,1456824172150
production-topology2-2-1456824077,0.9302321180569469,0.5834067914634123,2280,1400,1456824172150
production-topology1-1-1456824069,1.1705084377819353,0.6479575071168061,2400,1600,1456824172150
production-topology3-3-1456824083,1.0218481425431571,0.6210906031033367,1860,3480,1456824172151
Running observer at: 1456824182814
production-topology4-4-1456824091,0.9315198168581628,0.6919079781107782,1980,3400,1456824183459
production-topology2-2-1456824077,1.0634618888638612,0.6203341066480623,2060,1360,1456824183459
production-topology1-1-1456824069,0.9911050502083111,0.6708340099895731,2240,1400,1456824183459
production-topology3-3-1456824083,0.9842052481689305,0.6541010253820271,2300,4120,1456824183459
Running observer at: 1456824193983
production-topology4-4-1456824091,1.030017960104689,0.7226452492011337,2300,4180,1456824194567
production-topology2-2-1456824077,0.9872921250504499,0.6465453936768043,2260,1440,1456824194567
production-topology1-1-1456824069,0.8809775442884326,0.6839679808832518,1940,1240,1456824194568
production-topology3-3-1456824083,1.0743112262403072,0.6891185421202172,2360,4260,1456824194568
Running observer at: 1456824205138
production-topology4-4-1456824091,1.061112475276658,0.7508508513740941,2380,4300,1456824205735
production-topology2-2-1456824077,1.0386468107622622,0.6726854881491682,2320,1440,1456824205736
production-topology1-1-1456824069,0.9732274970736925,0.700983246541513,2340,1580,1456824205736
production-topology3-3-1456824083,0.9232964547067584,0.7071322277037972,1960,3520,1456824205736
Running observer at: 1456824216365
production-topology4-4-1456824091,0.9467506514801041,0.7659200667668641,2080,3660,1456824216981
production-topology2-2-1456824077,0.9230034998748124,0.688330363882021,2040,1380,1456824216981
production-topology1-1-1456824069,0.9889255962702291,0.716980043748664,2360,1460,1456824216981
production-topology3-3-1456824083,1.0236879754344337,0.7297433525416999,2300,4080,1456824216982
Running observer at: 1456824227446
production-topology4-4-1456824091,0.9773889423778771,0.7810249864533649,2260,4080,1456824228026
production-topology2-2-1456824077,1.0110199694168993,0.7073121053840726,2260,1400,1456824228027
production-topology1-1-1456824069,1.087772313928211,0.7364954263896927,1860,1200,1456824228027
production-topology3-3-1456824083,0.9978764292988173,0.7476188909921743,2380,4420,1456824228027
Running observer at: 1456824238604
production-topology4-4-1456824091,0.9516410787644975,0.7923993926074405,2320,4120,1456824239139
production-topology2-2-1456824077,0.970137373442889,0.721913509165118,2260,1500,1456824239139
production-topology1-1-1456824069,0.9237890200894968,0.745860106074683,2440,1500,1456824239140
production-topology3-3-1456824083,0.9571052631578947,0.7607117892525318,2000,3480,1456824239140
Running observer at: 1456824249784
production-topology4-4-1456824091,1.0794173934733862,0.8103380176615621,2180,3880,1456824250399
production-topology2-2-1456824077,1.0477433693119966,0.7390624491728485,2160,1340,1456824250399
production-topology1-1-1456824069,1.2285695131104744,0.7688462683144826,2220,1500,1456824250400
production-topology3-3-1456824083,0.9900322927260186,0.7742012306333251,2260,4040,1456824250400
Running observer at: 1456824260912
production-topology4-4-1456824091,0.9474592643868343,0.818403973351284,2200,3940,1456824261495
production-topology2-2-1456824077,1.0759790249374763,0.7559082779610798,2200,1480,1456824261495
production-topology1-1-1456824069,0.8869741395282122,0.7742157170060158,2020,1240,1456824261495
production-topology3-3-1456824083,1.064319077850734,0.79031888881207,2440,4360,1456824261495
Running observer at: 1456824272099
production-topology4-4-1456824091,0.9926184029150402,0.8280825527714927,2240,4180,1456824272707
production-topology2-2-1456824077,0.950816561902432,0.76518962481543,2320,1380,1456824272707
production-topology1-1-1456824069,0.9112506030557828,0.7801737555299187,2360,1520,1456824272707
production-topology3-3-1456824083,0.9280440649299022,0.797567582291956,1860,3400,1456824272708
Running observer at: 1456824283384
production-topology4-4-1456824091,1.0754775822361609,0.8411033437959489,2180,4040,1456824283892
production-topology2-2-1456824077,0.8421038251366121,0.7686857248300292,2440,1540,1456824283893
production-topology1-1-1456824069,0.9900906432748537,0.7889202925192911,2420,1540,1456824283893
production-topology3-3-1456824083,1.0152679645052602,0.8084526014026212,2400,4440,1456824283893
Running observer at: 1456824294383
production-topology4-4-1456824091,0.9444942660044675,0.8462728899063748,2140,3700,1456824294951
production-topology2-2-1456824077,1.1290314855484311,0.7843529318177858,1860,1220,1456824294951
production-topology1-1-1456824069,1.0811851482575237,0.8006108867488204,2140,1400,1456824294952
production-topology3-3-1456824083,0.9986298378700087,0.8175086602820206,2280,4140,1456824294952
Running observer at: 1456824305558
production-topology4-4-1456824091,0.9865576718154636,0.8529531176163315,2280,4080,1456824306204
production-topology2-2-1456824077,1.003901996370236,0.7935008095074711,2280,1460,1456824306204
production-topology1-1-1456824069,1.0989130336140556,0.8120840462436372,2060,1240,1456824306204
production-topology3-3-1456824083,0.9959253410866313,0.825618509409503,1980,3440,1456824306204
Running observer at: 1456824316821
production-topology4-4-1456824091,0.9830469862229183,0.8588664752802674,2400,4320,1456824317364
production-topology2-2-1456824077,1.059651017818019,0.8041468178398931,2360,1500,1456824317364
production-topology1-1-1456824069,0.93436365379849,0.8166129205975206,2320,1600,1456824317364
production-topology3-3-1456824083,0.9546405861774532,0.831228164921153,2440,4320,1456824317364
Running observer at: 1456824327849
production-topology4-4-1456824091,0.9826855476616243,0.8642499132098915,1980,3440,1456824328541
production-topology2-2-1456824077,0.9030808225979251,0.8079519718690482,2000,1220,1456824328541
production-topology1-1-1456824069,0.9669421487603306,0.8219818216033353,2360,1440,1456824328542
production-topology3-3-1456824083,1.0369306919156995,0.8397991035459258,2220,4160,1456824328542
Running observer at: 1456824339211
production-topology4-4-1456824091,1.0986155930262012,0.8740151498689045,2200,4180,1456824339787
production-topology2-2-1456824077,1.1924781447304518,0.8221936819750261,2360,1620,1456824339787
production-topology1-1-1456824069,0.9777224381816217,0.8273521876922417,1920,1180,1456824339787
production-topology3-3-1456824083,1.1132314729270643,0.8507363983211714,1960,3720,1456824339787
Running observer at: 1456824350329
production-topology4-4-1456824091,0.9827661496651576,0.8783651898607546,2400,4240,1456824350836
production-topology2-2-1456824077,0.8864411450618348,0.8244882342281263,2320,1400,1456824350836
production-topology1-1-1456824069,1.0256692086262824,0.8339627550567098,2400,1580,1456824350836
production-topology3-3-1456824083,0.8820532633757132,0.8519408931309614,2440,4020,1456824350837
Running observer at: 1456824361408
production-topology4-4-1456824091,1.0137212017702675,0.8835711903188128,1940,3560,1456824362027
production-topology2-2-1456824077,0.9677392838162748,0.829427925593235,2000,1280,1456824362027
production-topology1-1-1456824069,0.9372306034482757,0.8652037751716523,2320,1420,1456824362027
production-topology3-3-1456824083,1.054371811146431,0.8594383345389418,2160,4180,1456824362028
Running observer at: 1456824372548
production-topology4-4-1456824091,0.9368836429059406,0.8855457255998175,2300,4060,1456824373166
production-topology2-2-1456824077,1.0869565217391302,0.8380122121314314,2280,1500,1456824373166
production-topology1-1-1456824069,1.0047186530793089,0.8986943969409625,1900,1240,1456824373166
production-topology3-3-1456824083,1.0236947819752609,0.8653046362330962,2040,3640,1456824373166
Running observer at: 1456824383730
production-topology4-4-1456824091,1.076123327097318,0.8923520685104425,2340,4360,1456824384227
production-topology2-2-1456824077,0.8951915453129181,0.8678519303085287,2360,1480,1456824384227
production-topology1-1-1456824069,0.9771308620603362,0.931265425676307,2420,1560,1456824384227
production-topology3-3-1456824083,0.9693775239903776,0.8688933565005886,2340,4120,1456824384228
Running observer at: 1456824394767
production-topology4-4-1456824091,0.9385116958462048,0.8939437797978825,1940,3420,1456824395325
production-topology2-2-1456824077,1.0801843276759178,0.9038580745643927,2060,1260,1456824395325
production-topology1-1-1456824069,1.1113637032854267,0.968310882452488,2180,1400,1456824395325
production-topology3-3-1456824083,1.0168781328320802,0.873826182378305,2280,4040,1456824395325
Running observer at: 1456824405830
production-topology4-4-1456824091,1.067182407303189,0.8997184007147261,2320,4120,1456824406466
production-topology2-2-1456824077,0.9146775343813711,0.9343473257104384,2200,1500,1456824406466
production-topology1-1-1456824069,0.9814126198424573,1.0010246364472366,1960,1240,1456824406467
production-topology3-3-1456824083,1.0416231692075322,0.9085469546852227,2040,3740,1456824406467
Running observer at: 1456824416973
production-topology4-4-1456824091,0.9421532329185998,0.9311235084786794,2380,4340,1456824417473
production-topology2-2-1456824077,1.1299028057415468,0.97201075256849,2260,1460,1456824417473
production-topology1-1-1456824069,0.9912794921856029,1.013314989762064,2420,1560,1456824417473
production-topology3-3-1456824083,0.9289868293775629,0.9395131823311416,2340,4060,1456824417473
Running observer at: 1456824428013
production-topology4-4-1456824091,1.0750774553169788,0.966959423655912,1860,3420,1456824428634
production-topology2-2-1456824077,0.9077116823168527,1.0022678086457184,2100,1340,1456824428634
production-topology1-1-1456824069,0.9279856889564336,1.0092478460606114,2240,1460,1456824428634
production-topology3-3-1456824083,1.0600054703147197,0.9748466980082989,2260,4140,1456824428635
Running observer at: 1456824439228
production-topology4-4-1456824091,0.9338548457192525,0.9980879185132205,2360,4100,1456824439862
production-topology2-2-1456824077,1.164798814592203,1.0093053527830116,2160,1500,1456824439862
production-topology1-1-1456824069,0.9957823426573426,1.00287686709628,1920,1220,1456824439863
production-topology3-3-1456824083,0.9368736504593972,1.0031128567273158,2100,3700,1456824439863
Running observer at: 1456824450305
production-topology4-4-1456824091,1.007519403008451,1.0007812913759122,2400,4300,1456824450816
production-topology2-2-1456824077,0.9556030030559363,1.006926000626889,2380,1420,1456824450816
production-topology1-1-1456824069,1.126932605919798,1.0070081932873418,2460,1540,1456824450816
production-topology3-3-1456824083,1.0753429089026914,1.0031859680765705,2160,4060,1456824450816
Running observer at: 1456824461305
production-topology4-4-1456824091,1.0431138875675463,0.9994779128256135,1940,3540,1456824461902
production-topology2-2-1456824077,0.8869019283498758,1.0008141163316304,2020,1280,1456824461902
production-topology1-1-1456824069,0.9427976966579347,1.0035501502333743,2320,1480,1456824461902
production-topology3-3-1456824083,1.00077633697771,1.0029414302582553,2300,4100,1456824461902
Running observer at: 1456824472518
production-topology4-4-1456824091,0.9533142380105485,0.9995684544311472,2300,4080,1456824473131
production-topology2-2-1456824077,1.130071360121543,1.0049285576095117,2280,1500,1456824473131
production-topology1-1-1456824069,1.104196170271387,1.0089061977163507,1820,1240,1456824473132
production-topology3-3-1456824083,0.9862385321100917,1.0018969658696546,2160,3980,1456824473132
Running observer at: 1456824483623
production-topology4-4-1456824091,1.0741406504212199,1.0016350826179439,2420,4300,1456824484130
production-topology2-2-1456824077,0.9759424849212334,1.0082290851104994,2280,1460,1456824484130
production-topology1-1-1456824069,1.0336240750949168,1.0046634526897302,2360,1520,1456824484130
production-topology3-3-1456824083,0.9990181665894429,1.0022897865636915,2160,3920,1456824484130
Running observer at: 1456824494666
production-topology4-4-1456824091,0.9245204522595394,0.9993288524415562,1920,3460,1456824495266
production-topology2-2-1456824077,1.0919750349753479,1.0067559168627895,2060,1280,1456824495266
production-topology1-1-1456824069,0.97084647762176,1.007442899364297,2360,1440,1456824495266
production-topology3-3-1456824083,0.9122129468457347,0.9988935197881276,2300,3920,1456824495266
Running observer at: 1456824505785
production-topology4-4-1456824091,0.9879152470388042,0.9981867156484369,2320,4180,1456824506489
production-topology2-2-1456824077,0.848287303565896,1.0040244230464215,2320,1500,1456824506489
production-topology1-1-1456824069,0.9534986247834778,1.000209238931015,2020,1200,1456824506489
production-topology3-3-1456824083,1.0891301111818499,1.0011362520760838,2020,3740,1456824506489
Running observer at: 1456824516983
production-topology4-4-1456824091,1.0585682042386266,1.0024216618944524,2380,4300,1456824517570
production-topology2-2-1456824077,1.0616945135293756,1.0039655105352718,2200,1400,1456824517570
production-topology1-1-1456824069,1.0282296566188158,1.0014467258113653,2340,1540,1456824517570
production-topology3-3-1456824083,1.0580205372078058,1.0035967617107129,2300,4200,1456824517570
Running observer at: 1456824528113
production-topology4-4-1456824091,0.9395632145632146,0.9994065037097364,1940,3420,1456824528704
production-topology2-2-1456824077,1.1958676027460122,1.0109180264584572,2060,1340,1456824528704
production-topology1-1-1456824069,1.031076835147969,1.0064500355066832,2260,1460,1456824528704
production-topology3-3-1456824083,0.9941724323423708,1.0009254685807816,2280,4000,1456824528704
Running observer at: 1456824539264
production-topology4-4-1456824091,0.9632724846368025,0.9961451706884079,2300,4100,1456824539883
production-topology2-2-1456824077,0.8346122289827052,1.0041168737324722,2280,1480,1456824539883
production-topology1-1-1456824069,0.9421055920024994,1.0054126386709767,1940,1240,1456824539883
production-topology3-3-1456824083,0.9538477841985643,1.0019438462305086,2060,3720,1456824539883
Running observer at: 1456824550356
production-topology4-4-1456824091,1.01887360395189,0.998549269104134,2400,4420,1456824550862
production-topology2-2-1456824077,1.2166743710466705,1.0139059027715343,2260,1420,1456824550862
production-topology1-1-1456824069,1.078333108559933,1.0083928890806333,2400,1580,1456824550862
production-topology3-3-1456824083,1.0766724660810285,1.0037099959187286,2300,4200,1456824550862
Running observer at: 1456824561384
production-topology4-4-1456824091,1.0091246165413934,0.9996071249095846,1860,3360,1456824561995
production-topology2-2-1456824077,0.868919531523467,1.0091692215084196,2040,1280,1456824561995
production-topology1-1-1456824069,0.9025557476123416,1.0022190035367713,2300,1400,1456824561996
production-topology3-3-1456824083,0.9422115737344094,1.0018545007332482,2260,4080,1456824561996
Running observer at: 1456824572576
production-topology4-4-1456824091,1.007951329255677,1.0014841332592905,2340,4220,1456824573189
production-topology2-2-1456824077,0.8791361760128377,1.0061358482607512,2300,1460,1456824573189
production-topology1-1-1456824069,1.0887411828540423,1.007717408962256,1940,1260,1456824573189
production-topology3-3-1456824083,1.0147321068345034,1.0037753955224684,2160,3900,1456824573189
Running observer at: 1456824583681
production-topology4-4-1456824091,0.9884496808869916,0.9984518761730773,2440,4300,1456824584155
production-topology2-2-1456824077,1.4092732311818965,1.0181868436564145,2280,1460,1456824584155
production-topology1-1-1456824069,1.1048809647670685,1.0035944573508093,2400,1600,1456824584155
production-topology3-3-1456824083,0.9959377650264352,1.003972244599149,2160,3880,1456824584155
Running observer at: 1456824594636
production-topology4-4-1456824091,0.956394577587361,0.9987497199464281,1900,3540,1456824595178
production-topology2-2-1456824077,0.8214553968312602,1.0097027227195408,2140,1340,1456824595178
production-topology1-1-1456824069,0.8484083945718767,1.0023089325189314,2260,1460,1456824595178
production-topology3-3-1456824083,0.9702536206101746,1.000836729357797,2300,4120,1456824595179
Running observer at: 1456824605764
production-topology4-4-1456824091,1.0066081038860597,0.9992160433121289,2240,4040,1456824606426
production-topology2-2-1456824077,1.0067842057983096,1.0115683108494031,2180,1320,1456824606426
production-topology1-1-1456824069,0.9774433419908476,1.0045153571501002,1900,1280,1456824606426
production-topology3-3-1456824083,0.9772625636771358,1.002477345982705,2060,3780,1456824606426
Running observer at: 1456824616928
production-topology4-4-1456824091,0.9634859680522114,0.9954829895059972,2420,4300,1456824617530
production-topology2-2-1456824077,0.8757103344229318,1.012688527825614,2400,1520,1456824617530
production-topology1-1-1456824069,1.063778929496917,1.0069716333575023,2480,1480,1456824617530
production-topology3-3-1456824083,0.9378336312900875,0.999896201542199,2360,4020,1456824617531
Running observer at: 1456824628011
production-topology4-4-1456824091,1.1055669844252403,1.000852080120023,1920,3480,1456824628504
production-topology2-2-1456824077,1.2390263332137708,1.016355022747792,2020,1320,1456824628504
production-topology1-1-1456824069,1.105332262139995,1.007776537153585,2200,1460,1456824628504
production-topology3-3-1456824083,1.118310928296809,1.0038855712230923,2220,4220,1456824628504
Running observer at: 1456824639091
production-topology4-4-1456824091,1.0154934046756114,1.0018166045486945,2240,4240,1456824639784
production-topology2-2-1456824077,0.9096182472989195,1.0132122311120813,2140,1380,1456824639784
production-topology1-1-1456824069,0.9591848450057404,1.0031189308666408,2000,1240,1456824639784
production-topology3-3-1456824083,0.9362149457484144,1.0018952247118182,2040,3700,1456824639784
Running observer at: 1456824650301
production-topology4-4-1456824091,0.9737524659756265,1.0015067872071182,2360,4120,1456824650783
production-topology2-2-1456824077,1.061499470661833,1.013273846206875,2420,1540,1456824650783
production-topology1-1-1456824069,0.9577458667390563,1.00389833796466,2300,1500,1456824650783
production-topology3-3-1456824083,1.028917329849766,1.0043711161675621,2320,4100,1456824650784
Running observer at: 1456824661228
production-topology4-4-1456824091,1.0294577099816087,1.003065859284451,2020,3620,1456824661752
production-topology2-2-1456824077,0.9252890460288075,1.0140141203212378,2080,1340,1456824661752
production-topology1-1-1456824069,1.1562243114981792,1.010207743389255,2260,1500,1456824661752
production-topology3-3-1456824083,1.0972091665947667,1.0063803986568642,2240,4080,1456824661752
Running observer at: 1456824672337
production-topology4-4-1456824091,1.056921438627744,1.001676054137836,2240,4160,1456824672939
production-topology2-2-1456824077,1.1549307916399558,1.0127625418848882,2120,1400,1456824672939
production-topology1-1-1456824069,0.8717479006587917,1.0066752588051606,2020,1200,1456824672939
production-topology3-3-1456824083,0.9123390690394745,0.9996839851939447,1920,3460,1456824672939
Running observer at: 1456824683527
production-topology4-4-1456824091,0.9156145385041177,0.9994376670991346,2340,4000,1456824684073
production-topology2-2-1456824077,0.9136077023680329,1.0136680937950946,2420,1480,1456824684073
production-topology1-1-1456824069,0.9781737829941992,1.0050920779507577,2300,1420,1456824684073
production-topology3-3-1456824083,0.9831400991686488,1.0030535463870425,2320,4080,1456824684073
Running observer at: 1456824694533
production-topology4-4-1456824091,1.0695035605083247,1.0012970790570699,2060,3760,1456824695052
production-topology2-2-1456824077,1.022386076414609,1.0154896535483726,2020,1260,1456824695052
production-topology1-1-1456824069,1.004335001587749,1.0073288912220737,2340,1600,1456824695052
production-topology3-3-1456824083,1.0539540496683002,1.003039621004438,2360,4340,1456824695052
Running observer at: 1456824705654
production-topology4-4-1456824091,0.920074033917285,1.0007367587574476,2280,4180,1456824706278
production-topology2-2-1456824077,1.0399340355833513,1.0139222373431795,2200,1440,1456824706278
production-topology1-1-1456824069,1.0904590742560987,1.0101869052613002,1920,1200,1456824706278
production-topology3-3-1456824083,0.9682492943986105,1.0011914380852163,1960,3500,1456824706278
Running observer at: 1456824716917
production-topology4-4-1456824091,1.0929480272599537,1.0012975820962025,2200,4060,1456824717457
production-topology2-2-1456824077,0.9374806057544728,1.0153318726912317,2380,1580,1456824717457
production-topology1-1-1456824069,0.8763361707109886,1.0068270822163217,2340,1480,1456824717457
production-topology3-3-1456824083,0.9981350269993053,1.0021500215188472,2300,4140,1456824717457
Running observer at: 1456824727938
production-topology4-4-1456824091,1.0313029348040401,1.004390623394797,2120,3760,1456824728466
production-topology2-2-1456824077,1.0781612222339676,1.0152644358431664,2060,1300,1456824728466
production-topology1-1-1456824069,1.0048475556866021,1.0032765439630276,2380,1520,1456824728466
production-topology3-3-1456824083,1.0162275686136524,1.0021283360448996,2420,4400,1456824728467
Running observer at: 1456824739050
production-topology4-4-1456824091,0.9916726660880564,1.0018736320209594,2220,4040,1456824739639
production-topology2-2-1456824077,0.9591608634519208,1.0167472134788516,2240,1420,1456824739639
production-topology1-1-1456824069,1.0720911474087518,1.0062991615485706,1900,1240,1456824739639
production-topology3-3-1456824083,0.9445855802667138,0.9988937497468723,1960,3360,1456824739639
/var/nimbus/storm/bin/storm rebalance production-topology3 -e spout_head=11
1456824740037
/var/nimbus/storm/bin/storm rebalance production-topology2 -e spout_head=9
Running observer at: 1456824750227
production-topology4-4-1456824091,0.9847808673822851,1.0032945531697488,2260,4160,1456824750733
production-topology2-2-1456824077,1.0015312512056922,1.0015312512056922,129700,82920,1456824750733
production-topology1-1-1456824069,1.1817773547938226,1.0126490903021779,2320,1440,1456824750733
production-topology3-3-1456824083,1.0001371969571051,1.0001371969571051,128140,230820,1456824750734
Running observer at: 1456824761231
production-topology4-4-1456824091,0.983247712732823,1.000233561750277,2120,3660,1456824761785
production-topology2-2-1456824077,0.14814814814814814,0.5748396996769202,60,40,1456824761785
production-topology1-1-1456824069,0.9034313725490197,1.0118306130885975,2360,1520,1456824761785
production-topology3-3-1456824083,3.1375,2.0688185984785528,40,140,1456824761786
Running observer at: 1456824772375
production-topology4-4-1456824091,0.9628462165844358,1.0011999407791163,2320,4060,1456824772968
production-topology2-2-1456824077,1.0,0.7165597997846135,0,0,1456824772968
production-topology1-1-1456824069,1.0708805314186831,1.0143338860473088,1960,1240,1456824772968
production-topology3-3-1456824083,2.0,2.0458790656523687,0,0,1456824772969
Running observer at: 1456824778235
production-topology4-4-1456824091,0.9545052083333332,0.9994328009566124,1200,2220,1456824778875
production-topology2-2-1456824077,1.0,0.7874198498384601,0,0,1456824778875
production-topology1-1-1456824069,0.9867083425274319,1.0096597439342299,1240,780,1456824778875
production-topology3-3-1456824083,2.0,2.034409299239276,0,0,1456824778875
Running observer at: 1456824779531
production-topology4-4-1456824091,1.4476190476190478,1.0129163062916622,120,200,1456824780002
production-topology2-2-1456824077,1.0,0.8299358798707681,0,0,1456824780002
production-topology1-1-1456824069,1.3583048530416952,1.0235099824803553,420,320,1456824780003
production-topology3-3-1456824083,0.0,1.627527439391421,115400,0,1456824780003
Running observer at: 1456824783569
production-topology4-4-1456824091,1.1477467952953613,1.0193973915344894,920,1720,1456824784108
production-topology2-2-1456824077,0.9937972669642828,0.8572461110530205,0,33200,1456824784108
production-topology1-1-1456824069,0.5789661319073083,1.006002314534886,680,320,1456824784108
production-topology3-3-1456824083,0.9960567923135306,1.522282331545106,77260,138620,1456824784108
Running observer at: 1456824794582
production-topology4-4-1456824091,1.0391055113889056,1.0182295535667454,2060,3720,1456824795123
production-topology2-2-1456824077,0.9937972669642828,0.8767534190403437,0,33200,1456824795123
production-topology1-1-1456824069,1.0153111860711863,1.0053918849007615,2380,1580,1456824795124
production-topology3-3-1456824083,0.7592938149333727,1.413283972029144,2040,2940,1456824795124
Running observer at: 1456824805709
production-topology4-4-1456824091,1.0071545814696121,1.0209840245404147,2260,4020,1456824806270
production-topology2-2-1456824077,0.9599481469046687,0.8871527600233843,1600,960,1456824806270
production-topology1-1-1456824069,1.0633874729723156,1.0084765847457802,1940,1240,1456824806270
production-topology3-3-1456824083,1.0405055570615342,1.3666866701581928,2400,4240,1456824806271
Running observer at: 1456824816729
production-topology4-4-1456824091,0.9109287859380634,1.01841780917039,2220,3980,1456824817321
production-topology2-2-1456824077,0.9842889206284433,0.8979456667572797,1680,1120,1456824817322
production-topology1-1-1456824069,0.9369803701758755,1.0079259762588602,2300,1420,1456824817322
production-topology3-3-1456824083,0.950483545432236,1.3204418785219754,2280,4040,1456824817322
Running observer at: 1456824827789
production-topology4-4-1456824091,0.9523177228046981,1.0148761264559256,2060,3660,1456824828377
production-topology2-2-1456824077,1.137864082897825,0.9219375083713341,2060,1320,1456824828377
production-topology1-1-1456824069,1.0840592944719838,1.009786964187299,2140,1380,1456824828377
production-topology3-3-1456824083,1.0286622597576334,1.291263916645541,2640,4900,1456824828377
Running observer at: 1456824838920
production-topology4-4-1456824091,1.0986448122251364,1.0201788463779897,2320,4420,1456824839513
production-topology2-2-1456824077,0.9776369160984546,0.9270010908919815,1980,1260,1456824839513
production-topology1-1-1456824069,1.0557237195069449,1.0106085269992648,2160,1400,1456824839513
production-topology3-3-1456824083,1.0196162682731058,1.2665686758844108,2380,4220,1456824839514
Running observer at: 1456824850055
production-topology4-4-1456824091,0.970614325721485,1.0204235744141459,2220,3860,1456824850679
production-topology2-2-1456824077,0.9796266666666664,0.9313865555398718,2000,1300,1456824850680
production-topology1-1-1456824069,0.8893574581549777,1.0088502558710142,2340,1500,1456824850680
production-topology3-3-1456824083,1.017555498257706,1.245817577748852,2220,4080,1456824850680
Running observer at: 1456824861169
production-topology4-4-1456824091,1.0273591152624628,1.020706424791165,2020,3680,1456824861807
production-topology2-2-1456824077,0.9370017916158092,0.9318184967764824,2020,1260,1456824861807
production-topology1-1-1456824069,1.1205548590315018,1.0102576475533998,2100,1360,1456824861807
production-topology3-3-1456824083,0.9540470179763854,1.2233736885355855,2700,4780,1456824861807
Running observer at: 1456824872312
production-topology4-4-1456824091,1.062509755031487,1.0224859294075015,2380,4280,1456824872795
production-topology2-2-1456824077,1.1100899804861597,0.9445521741843166,1920,1280,1456824872795
production-topology1-1-1456824069,0.9118000656125974,1.0105657914867414,2140,1300,1456824872795
production-topology3-3-1456824083,0.9932050368258494,1.2069330705563186,2400,4240,1456824872795
Running observer at: 1456824883370
production-topology4-4-1456824091,0.9555940658973869,1.0207406872955584,2200,3960,1456824884011
production-topology2-2-1456824077,0.8088786080148452,0.9355072697730186,2020,1240,1456824884011
production-topology1-1-1456824069,1.1024098635116044,1.0110214141753269,2240,1540,1456824884012
production-topology3-3-1456824083,1.082787858323822,1.198656723074152,2180,4080,1456824884012
Running observer at: 1456824894499
production-topology4-4-1456824091,1.009118002494564,1.0214296313491444,2000,3660,1456824895082
production-topology2-2-1456824077,1.0686722073329356,0.9438300783705134,2020,1320,1456824895083
production-topology1-1-1456824069,0.8856338731648128,1.0037131777885853,2260,1360,1456824895083
production-topology3-3-1456824083,0.9697190723557116,1.1843481199042496,2620,4760,1456824895083
Running observer at: 1456824905474
production-topology4-4-1456824091,1.0246517282161782,1.0237048697034383,2440,4280,1456824905999
production-topology2-2-1456824077,1.0776410256410256,0.9517013105628964,2000,1260,1456824905999
production-topology1-1-1456824069,1.0553950810886503,1.010612734005811,2140,1400,1456824905999
production-topology3-3-1456824083,0.9133734744904106,1.168408434879906,2420,4200,1456824905999
Running observer at: 1456824916562
production-topology4-4-1456824091,0.9759158032144897,1.0226817930143859,2040,3660,1456824917086
production-topology2-2-1456824077,0.8915599967426043,0.948360126461769,1980,1220,1456824917087
production-topology1-1-1456824069,1.0000817624347038,1.0113673480206062,2280,1460,1456824917087
production-topology3-3-1456824083,1.1307502082649423,1.1663163111790746,2240,4180,1456824917087
Running observer at: 1456824927709
production-topology4-4-1456824091,1.0146318561059557,1.024386655949511,2160,3920,1456824928285
production-topology2-2-1456824077,1.0591689873012697,0.9541921717691112,2020,1300,1456824928285
production-topology1-1-1456824069,1.0556413947168775,1.0110960968612717,2060,1340,1456824928285
production-topology3-3-1456824083,0.9191500977767011,1.1533075631052656,2620,4640,1456824928285
Running observer at: 1456824938814
production-topology4-4-1456824091,0.9540986531681811,1.0193377115742754,2400,4280,1456824939347
production-topology2-2-1456824077,1.091906361521026,0.9610778812567069,1920,1240,1456824939347
production-topology1-1-1456824069,0.9355079274272639,1.0054352857041804,2240,1420,1456824939347
production-topology3-3-1456824083,1.0593294780306846,1.1486086588515365,2440,4380,1456824939347
Running observer at: 1456824949859
production-topology4-4-1456824091,0.9566089211456893,1.0173748954566115,2100,3680,1456824950398
production-topology2-2-1456824077,1.0780675029868576,0.9666488156248094,1960,1220,1456824950398
production-topology1-1-1456824069,1.1009003909898185,1.010159137236983,2240,1480,1456824950398
production-topology3-3-1456824083,1.0344569063785256,1.1431728611147265,2200,4040,1456824950398
Running observer at: 1456824960981
production-topology4-4-1456824091,1.0582139642039365,1.0201902787308885,2160,3940,1456824961524
production-topology2-2-1456824077,0.7876793471107015,0.958513839783259,2100,1360,1456824961524
production-topology1-1-1456824069,0.8541170337753282,1.0067048428048586,2140,1240,1456824961524
production-topology3-3-1456824083,0.8951362544778467,1.1318984699039591,2720,4680,1456824961524
Running observer at: 1456824972113
production-topology4-4-1456824091,1.0358560836161486,1.0204035578520396,2420,4340,1456824972654
production-topology2-2-1456824077,1.259019370609799,0.9715792976452825,1840,1240,1456824972654
production-topology1-1-1456824069,1.0842362331808257,1.00430524019428,2240,1480,1456824972654
production-topology3-3-1456824083,1.036707084548615,1.1277597140189444,2360,4400,1456824972654
Running observer at: 1456824983218
production-topology4-4-1456824091,0.9408096763962215,1.0165331657776557,2060,3660,1456824983748
production-topology2-2-1456824077,0.9254669175998249,0.9696579484767217,2040,1240,1456824983748
production-topology1-1-1456824069,1.1198890144743872,1.0125766106548,2240,1460,1456824983748
production-topology3-3-1456824083,1.0347131381414336,1.1238827733573815,2280,4040,1456824983748
Running observer at: 1456824994390
production-topology4-4-1456824091,1.0857951303231914,1.0222058521716249,2100,3900,1456824994948
production-topology2-2-1456824077,0.9639429376744372,0.9694293480446303,2060,1340,1456824994948
production-topology1-1-1456824069,0.8776605039667283,1.009226168020551,2080,1300,1456824994948
production-topology3-3-1456824083,0.9917885127685625,1.1185990029338286,2620,4700,1456824994948
Running observer at: 1456825005490
production-topology4-4-1456824091,0.956705074707803,1.0184459026449408,2420,4360,1456825006019
production-topology2-2-1456824077,1.0021872580609426,0.9706892676606423,1940,1180,1456825006019
production-topology1-1-1456824069,0.9742009125568099,1.0082216983861865,2300,1460,1456825006019
production-topology3-3-1456824083,1.0610274695406954,1.1163847131879387,2420,4320,1456825006020
Running observer at: 1456825016548
production-topology4-4-1456824091,1.0282193236099553,1.0220507456346963,2100,3700,1456825017091
production-topology2-2-1456824077,1.0645725985353784,0.9741664280634104,1960,1260,1456825017091
production-topology1-1-1456824069,1.0532634855787824,1.0069818454302757,2240,1480,1456825017092
production-topology3-3-1456824083,0.9518003124324701,1.11028899464144,2160,3980,1456825017092
Running observer at: 1456825027734
production-topology4-4-1456824091,1.0124845519689565,1.019368629791663,2060,3840,1456825028295
production-topology2-2-1456824077,0.882432149807043,0.9708902038399687,2060,1340,1456825028295
production-topology1-1-1456824069,0.973698199133245,1.0102272463776845,2020,1300,1456825028295
production-topology3-3-1456824083,0.955618382434288,1.1047650442054704,2760,4720,1456825028295
Running observer at: 1456825038832
production-topology4-4-1456824091,1.0232516860169203,1.0191002548320924,2460,4360,1456825039368
production-topology2-2-1456824077,1.0744833761398715,0.9744623821951377,1860,1220,1456825039368
production-topology1-1-1456824069,1.0568294004707048,1.0119599745371546,2340,1540,1456825039368
production-topology3-3-1456824083,1.0704727921498662,1.1035825527552772,2360,4460,1456825039369
Running observer at: 1456825049936
production-topology4-4-1456824091,0.9309166003334656,1.0170750526402728,2040,3640,1456825050531
production-topology2-2-1456824077,0.9926704463327003,0.9750693176663898,2060,1280,1456825050531
production-topology1-1-1456824069,1.0532134741013566,1.0113307187602414,2300,1400,1456825050531
production-topology3-3-1456824083,0.9944561452594729,1.0999450058387503,2220,3960,1456825050531
Running observer at: 1456825061126
production-topology4-4-1456824091,1.0557420419596129,1.0194404251261837,2200,3940,1456825061673
production-topology2-2-1456824077,0.8726023348603517,0.9707716871215452,2020,1300,1456825061673
production-topology1-1-1456824069,0.7973856173165764,0.9985176608443331,2200,1380,1456825061673
production-topology3-3-1456824083,1.0087343721138338,1.1002315783439747,2640,4720,1456825061674
/var/nimbus/storm/bin/storm rebalance production-topology1 -e spout_head=11
1456825061956
/var/nimbus/storm/bin/storm rebalance production-topology4 -e bolt_output_1=9
Running observer at: 1456825072194
production-topology4-4-1456824091,0.9994759081849607,0.9994759081849607,190680,343140,1456825072671
production-topology2-2-1456824077,1.2321431142776063,1.0069048526591937,2080,1340,1456825072671
production-topology1-1-1456824069,1.0012991569322784,1.0012991569322784,195540,125040,1456825072672
production-topology3-3-1456824083,0.9466551494156435,1.0272034166578297,2440,4280,1456825072672
Running observer at: 1456825083209
production-topology4-4-1456824091,2.0,1.4997379540924802,20,20,1456825083798
production-topology2-2-1456824077,1.0564746766220967,1.0087873418799302,1820,1180,1456825083799
production-topology1-1-1456824069,2.016,1.5086495784661391,140,160,1456825083799
production-topology3-3-1456824083,1.0218072983754767,0.9945969932703456,2220,4080,1456825083799
Running observer at: 1456825094392
production-topology4-4-1456824091,2.0,1.666491969394987,0,0,1456825094931
production-topology2-2-1456824077,0.9062081880845205,1.0056609481494143,2060,1240,1456825094931
production-topology1-1-1456824069,1.0,1.339099718977426,0,0,1456825094931
production-topology3-3-1456824083,1.0215701024940147,0.9619826633534792,2760,4760,1456825094931
Running observer at: 1456825100122
production-topology4-4-1456824091,2.0,1.7498689770462401,0,0,1456825100732
production-topology2-2-1456824077,0.9642481070935743,1.0044692183858668,1020,740,1456825100732
production-topology1-1-1456824069,1.0,1.2543247892330696,0,0,1456825100732
production-topology3-3-1456824083,0.9336622807017543,0.9931047393768709,960,1980,1456825100732
Running observer at: 1456825101259
production-topology4-4-1456824091,2.0,1.7998951816369921,0,0,1456825101932
production-topology2-2-1456824077,0.5925925925925926,0.9910957292401438,120,80,1456825101932
production-topology1-1-1456824069,1.0,1.2034598313864557,0,0,1456825101932
production-topology3-3-1456824083,1.1871900826446278,0.9994758490545743,200,440,1456825101933
Running observer at: 1456825105483
production-topology4-4-1456824091,0.0,1.49991265136416,0,0,1456825105974
production-topology2-2-1456824077,1.6494989106753815,1.0129524506971803,720,520,1456825105974
production-topology1-1-1456824069,9.93076835773465E-4,1.0030487056280086,176220,100,1456825105974
production-topology3-3-1456824083,1.1001659905533652,1.0108382549085737,1100,1980,1456825105975
Running observer at: 1456825116418
production-topology4-4-1456824091,0.0,1.2856394154549944,480,0,1456825116900
production-topology2-2-1456824077,0.9095282332317616,1.0112717869080834,2060,1240,1456825116900
production-topology1-1-1456824069,0.9952106063242022,1.0019289771560362,118980,75540,1456825116900
production-topology3-3-1456824083,0.9895470742538337,1.009139638814984,2240,3980,1456825116900
Running observer at: 1456825127479
production-topology4-4-1456824091,1.1393393152977596,1.26735190293534,1800,3780,1456825128039
production-topology2-2-1456824077,1.0630842715633866,1.0138982986059148,1940,1280,1456825128039
production-topology1-1-1456824069,1.0141897441889929,1.003461573035156,2340,1500,1456825128039
production-topology3-3-1456824083,0.9746223998900473,1.0099442672969112,2440,4340,1456825128039
Running observer at: 1456825138578
production-topology4-4-1456824091,1.0316163141068824,1.241159059732178,2140,3920,1456825139225
production-topology2-2-1456824077,0.9584992533598805,1.00791947095465,1960,1320,1456825139225
production-topology1-1-1456824069,0.8806439190167242,0.989815167033108,2400,1560,1456825139225
production-topology3-3-1456824083,0.9962276422764227,1.008863113380871,2500,4440,1456825139225
Running observer at: 1456825149612
production-topology4-4-1456824091,1.0440816298912705,1.2214513167480872,2180,4120,1456825150090
production-topology2-2-1456824077,1.0168043086237655,1.0092250507054936,2040,1140,1456825150090
production-topology1-1-1456824069,1.0964317871776292,1.00047682904756,2500,1680,1456825150090
production-topology3-3-1456824083,0.9812511897247853,1.00758427742926,2440,4380,1456825150091
Running observer at: 1456825160557
production-topology4-4-1456824091,0.9563151773684055,1.1973480313499343,2340,4140,1456825161132
production-topology2-2-1456824077,1.0846226814173283,1.012724917863849,1940,1360,1456825161132
production-topology1-1-1456824069,1.0354198108355726,1.0036534637555612,2340,1420,1456825161132
production-topology3-3-1456824083,1.0134992330457118,1.00744906858886,2440,4300,1456825161132
Running observer at: 1456825171586
production-topology4-4-1456824091,1.0551097482490168,1.1854948410915245,1920,3480,1456825172281
production-topology2-2-1456824077,0.9590168467555158,1.0134587530351729,1800,1180,1456825172281
production-topology1-1-1456824069,0.9723866399428258,1.0010478951044999,2240,1500,1456825172282
production-topology3-3-1456824083,1.0249623212065562,1.0098129120298658,2080,4040,1456825172282
Running observer at: 1456825182808
production-topology4-4-1456824091,0.9930633777136698,1.1706924208316896,2440,4400,1456825183318
production-topology2-2-1456824077,0.9791558413172864,1.0090942817295436,2160,1320,1456825183318
production-topology1-1-1456824069,1.0890846139153685,1.0078199503976437,2600,1640,1456825183318
production-topology3-3-1456824083,0.9318190508525522,1.0077667124974223,2760,4760,1456825183319
Running observer at: 1456825193821
production-topology4-4-1456824091,1.0360404228592395,1.1610744209765147,2280,4080,1456825194357
production-topology2-2-1456824077,0.9873322158251112,1.0150427353232194,2040,1400,1456825194357
production-topology1-1-1456824069,0.9458035935392174,1.0033902106220418,2460,1520,1456825194357
production-topology3-3-1456824083,1.1099112088358205,1.0086708241811557,2320,4360,1456825194357
Running observer at: 1456825204949
production-topology4-4-1456824091,0.9531369403958971,1.14721192227114,1960,3500,1456825205534
production-topology2-2-1456824077,1.078556862385702,1.0153722238249783,1740,1120,1456825205534
production-topology1-1-1456824069,1.1326501738290113,1.0120075415025065,2240,1480,1456825205535
production-topology3-3-1456824083,1.0498710033808556,1.0113425552153272,2200,4000,1456825205535
Running observer at: 1456825216145
production-topology4-4-1456824091,1.0150116439311112,1.1389494048748883,2400,4360,1456825216642
production-topology2-2-1456824077,0.8469683365426853,1.0076831341883667,2200,1320,1456825216642
production-topology1-1-1456824069,0.9110908925526657,1.0057002509431414,2620,1720,1456825216643
production-topology3-3-1456824083,0.8837598185786173,1.0103554333516007,2700,4740,1456825216643
Running observer at: 1456825227107
production-topology4-4-1456824091,1.014633206938452,1.1316366873492156,2280,4080,1456825227598
production-topology2-2-1456824077,1.1034385740156283,1.0147457534308009,2140,1400,1456825227599
production-topology1-1-1456824069,0.9918840700075077,1.0048875344175159,2380,1540,1456825227599
production-topology3-3-1456824083,1.0866932698059097,1.0088868687362995,2440,4340,1456825227599
Running observer at: 1456825238219
production-topology4-4-1456824091,0.9591527684740353,1.1220542474117055,1920,3440,1456825238808
production-topology2-2-1456824077,1.0283709137248294,1.0137191509782528,1660,1020,1456825238808
production-topology1-1-1456824069,0.9795076660885486,1.0034775417325732,2300,1400,1456825238808
production-topology3-3-1456824083,1.020481933682409,1.0122645965998232,2120,4040,1456825238808
Running observer at: 1456825249400
production-topology4-4-1456824091,1.0773148746851213,1.1196995435839905,2360,4400,1456825249871
production-topology2-2-1456824077,1.0234720785301508,1.0114380082118903,2120,1380,1456825249872
production-topology1-1-1456824069,1.0551760971406101,1.0061985183329962,2560,1740,1456825249872
production-topology3-3-1456824083,0.9654724877831653,1.0091360302582393,2740,4740,1456825249872
Running observer at: 1456825260401
production-topology4-4-1456824091,0.903150031291032,1.1088720679693425,2360,4140,1456825260861
production-topology2-2-1456824077,0.9803587229486787,1.0081810488772844,2040,1320,1456825260861
production-topology1-1-1456824069,0.9751087320173969,1.0046440290172163,2440,1520,1456825260861
production-topology3-3-1456824083,1.0235648956711587,1.0087729632346603,2460,4320,1456825260861
Running observer at: 1456825271428
production-topology4-4-1456824091,1.0171649584171987,1.1045050627525737,1920,3400,1456825271993
production-topology2-2-1456824077,0.8992064965860069,1.0118986205264615,1800,1140,1456825271993
production-topology1-1-1456824069,0.9091602746715971,1.0000971835721866,2280,1380,1456825271993
production-topology3-3-1456824083,0.9729275087398697,1.0113660050433944,2220,4120,1456825271993
Running observer at: 1456825282709
production-topology4-4-1456824091,1.0367438229484445,1.1014250063978406,2360,4340,1456825283178
production-topology2-2-1456824077,1.0987232029880516,1.0065554149390696,2120,1380,1456825283178
production-topology1-1-1456824069,0.9910876905115017,0.9996876611603374,2640,1740,1456825283178
production-topology3-3-1456824083,1.0301426676990717,1.0111471911484096,2580,4780,1456825283178
Running observer at: 1456825293761
production-topology4-4-1456824091,0.965451807994308,1.0955131282063828,2300,4120,1456825294245
production-topology2-2-1456824077,1.0715375369822484,1.0114244355851505,2080,1340,1456825294246
production-topology1-1-1456824069,1.0344870548952183,1.0012006782792453,2380,1540,1456825294246
production-topology3-3-1456824083,0.9964412132349423,1.009871460318193,2500,4320,1456825294246
Running observer at: 1456825304832
production-topology4-4-1456824091,1.0141423477603602,1.0921226790211318,1840,3540,1456825305437
production-topology2-2-1456824077,0.8547270378336245,1.0077839055904567,1780,1060,1456825305437
production-topology1-1-1456824069,0.9637467642386521,0.999640098527554,2300,1440,1456825305438
production-topology3-3-1456824083,0.9520753440108278,1.0085476880262687,2200,4020,1456825305438
Running observer at: 1456825316112
production-topology4-4-1456824091,0.9799023665151685,1.0876338665208933,2580,4360,1456825316613
production-topology2-2-1456824077,1.0545819642205185,1.0095303957957757,2100,1380,1456825316613
production-topology1-1-1456824069,0.9767087079848557,0.998722842905846,2620,1660,1456825316613
production-topology3-3-1456824083,1.0254576084493467,1.0073620259898906,2600,4740,1456825316613
Running observer at: 1456825327116
production-topology4-4-1456824091,1.0739913963245344,1.0871091561287256,2140,4140,1456825327609
production-topology2-2-1456824077,0.9472636815920399,1.0056200985643313,2040,1360,1456825327609
production-topology1-1-1456824069,1.0728195622059682,1.0015727167250814,2260,1500,1456825327609
production-topology3-3-1456824083,0.9998704657454909,1.008964364433658,2380,4300,1456825327609
Running observer at: 1456825338189
production-topology4-4-1456824091,0.9402274450050643,1.081669092753775,2000,3440,1456825338762
production-topology2-2-1456824077,1.1017634747787097,1.0129311427300534,1760,1060,1456825338762
production-topology1-1-1456824069,1.0062396307436143,1.0017455653924345,2360,1520,1456825338762
production-topology3-3-1456824083,0.9838867521930401,1.0099066434256163,2280,4040,1456825338762
Running observer at: 1456825349458
production-topology4-4-1456824091,1.0518786809100202,1.080605149473641,2320,4340,1456825349967
production-topology2-2-1456824077,1.0564877186218584,1.012331287479453,2200,1380,1456825349967
production-topology1-1-1456824069,0.9607378674556554,1.0002810047518353,2620,1680,1456825349967
production-topology3-3-1456824083,1.103738840552258,1.011015511705696,2600,4800,1456825349968
Running observer at: 1456825360427
production-topology4-4-1456824091,0.9798685178184872,1.0771314725200152,2360,4140,1456825360983
production-topology2-2-1456824077,0.9009516759845612,1.009273995134515,2040,1320,1456825360983
production-topology1-1-1456824069,1.0554490561400647,1.0021833513514296,2140,1380,1456825360983
production-topology3-3-1456824083,0.8851345775548471,1.0073714594488752,2300,4100,1456825360983
Running observer at: 1456825371566
production-topology4-4-1456824091,0.9595645657851524,1.073212575628853,1980,3520,1456825372200
production-topology2-2-1456824077,0.9492108871320631,1.0118276135435722,1700,1120,1456825372200
production-topology1-1-1456824069,1.030245019682691,1.0031187402958048,2480,1680,1456825372201
production-topology3-3-1456824083,1.1317932951239782,1.0114734235492133,2260,4220,1456825372201
Running observer at: 1456825382809
production-topology4-4-1456824091,1.0188014422492173,1.0738567600976616,2380,4300,1456825383373
production-topology2-2-1456824077,0.9375296305911865,1.0020071640873582,2220,1340,1456825383373
production-topology1-1-1456824069,0.8976411791797678,0.9996634743707211,2680,1700,1456825383373
production-topology3-3-1456824083,1.0345201147814416,1.0144022557280732,2600,4780,1456825383373
Running observer at: 1456825393860
production-topology4-4-1456824091,1.1120125191068273,1.0442571774012224,2240,4160,1456825394414
production-topology2-2-1456824077,1.2685682465682464,1.0090769497522298,2000,1380,1456825394414
production-topology1-1-1456824069,1.076576203384925,0.9683493478168853,2100,1360,1456825394415
production-topology3-3-1456824083,0.8988988216201533,1.0103053065028957,2340,3980,1456825394415
Running observer at: 1456825404971
production-topology4-4-1456824091,0.8950430407609765,1.0074252787599216,1900,3420,1456825405525
production-topology2-2-1456824077,0.9814472985602464,1.0115849201014209,1760,1160,1456825405525
production-topology1-1-1456824069,0.9885654509328483,0.9679681961813137,2520,1640,1456825405525
production-topology3-3-1456824083,1.0160012969895842,1.010119679652748,2440,4240,1456825405525
Running observer at: 1456825416134
production-topology4-4-1456824091,1.0115887750240253,0.9744782379273892,2380,4340,1456825416618
production-topology2-2-1456824077,0.9753458935337984,1.011954846316095,2140,1380,1456825416618
production-topology1-1-1456824069,0.9969831565455027,0.9678676347328304,2620,1680,1456825416618
production-topology3-3-1456824083,1.02594749093673,1.0131958533272472,2520,4800,1456825416618
Running observer at: 1456825427048
production-topology4-4-1456824091,0.9773375227688597,0.9403894886863512,2320,4080,1456825427604
production-topology2-2-1456824077,1.0149847176079736,1.0260345838166076,2100,1280,1456825427604
production-topology1-1-1456824069,0.9769089623259143,0.9670979334770277,2220,1360,1456825427605
production-topology3-3-1456824083,0.9957921900772925,1.0068159235750027,2380,4120,1456825427605
Running observer at: 1456825438070
production-topology4-4-1456824091,1.053972665564602,0.9755219108718378,1920,3520,1456825438639
production-topology2-2-1456824077,0.982857851680872,1.0038132151834573,1820,1120,1456825438639
production-topology1-1-1456824069,1.0111984112586765,1.0007714446244578,2440,1560,1456825438639
production-topology3-3-1456824083,1.0037608031017284,1.0036024173266151,2380,4280,1456825438639
Running observer at: 1456825449232
production-topology4-4-1456824091,0.9847546673270489,1.008347066449406,2320,4000,1456825449819
production-topology2-2-1456824077,0.8867616923087108,1.0030543304860224,2060,1300,1456825449819
production-topology1-1-1456824069,1.038156340528741,1.0022029690979424,2500,1580,1456825449820
production-topology3-3-1456824083,0.993985743419973,1.0037503729654864,2360,4280,1456825449820
Running observer at: 1456825460328
production-topology4-4-1456824091,1.0087058161127653,1.0039926164765733,2420,4500,1456825460863
production-topology2-2-1456824077,1.2721235341924997,1.0100223059069928,2100,1400,1456825460863
production-topology1-1-1456824069,0.9550681016433521,1.0002322476797543,2320,1480,1456825460864
production-topology3-3-1456824083,0.99264887174463,1.0043512553606389,2600,4480,1456825460864
Running observer at: 1456825471394
production-topology4-4-1456824091,1.0594240897066531,1.0049195423298989,1860,3380,1456825471940
production-topology2-2-1456824077,0.8389244558258643,1.0060364793225256,1720,1080,1456825471940
production-topology1-1-1456824069,0.9052087388928041,1.001051075008957,2460,1560,1456825471940
production-topology3-3-1456824083,1.0445587565587564,1.0059622925033833,2220,4340,1456825471941
Running observer at: 1456825482582
production-topology4-4-1456824091,0.984878020241495,1.0029460886749062,2380,4220,1456825483211
production-topology2-2-1456824077,1.1490559063374597,1.010444865912982,2060,1280,1456825483211
production-topology1-1-1456824069,1.1995573678324236,1.0044885943641166,2460,1640,1456825483211
production-topology3-3-1456824083,0.9622034756387795,1.0053273687005164,2460,4360,1456825483211
Running observer at: 1456825493675
production-topology4-4-1456824091,0.959343669339143,1.0030470384072643,2380,4300,1456825494177
production-topology2-2-1456824077,0.8849260355503497,1.0037883110507493,2180,1400,1456825494177
production-topology1-1-1456824069,0.9897245902002146,1.0029654203429381,2320,1480,1456825494177
production-topology3-3-1456824083,0.9815665712240517,1.0042629466397943,2540,4460,1456825494177
Running observer at: 1456825504700
production-topology4-4-1456824091,1.108867034551847,1.004838947950692,1920,3480,1456825505195
production-topology2-2-1456824077,0.8712761056511058,1.0008636196806024,1760,1100,1456825505196
production-topology1-1-1456824069,0.9161913923818683,1.0010922454242395,2500,1600,1456825505196
production-topology3-3-1456824083,1.019698025623983,1.0040874701203755,2340,4280,1456825505196
Running observer at: 1456825515819
production-topology4-4-1456824091,0.9477700728958494,1.0033291711234313,2280,4120,1456825516391
production-topology2-2-1456824077,1.1482747712579915,1.0065009173452923,2060,1400,1456825516392
production-topology1-1-1456824069,0.9962036227191916,0.9979962123843669,2500,1580,1456825516392
production-topology3-3-1456824083,0.994430750733776,1.006174526783083,2440,4300,1456825516392
Running observer at: 1456825526967
production-topology4-4-1456824091,1.0211627196798763,1.002833247684119,1900,3500,1456825527548
production-topology2-2-1456824077,0.936923076923077,1.0048206127152246,1940,1160,1456825527548
production-topology1-1-1456824069,1.0023768986625623,0.9998819892218117,2300,1440,1456825527549
production-topology3-3-1456824083,0.9370828685996557,1.0004135821085443,2540,4540,1456825527549
Running observer at: 1456825537968
production-topology4-4-1456824091,0.9660262070163101,1.0032628899047995,2400,4240,1456825538458
production-topology2-2-1456824077,0.9075154018964662,0.9991192306989166,1940,1280,1456825538458
production-topology1-1-1456824069,1.1094563261707988,0.9991088609665381,2420,1580,1456825538458
production-topology3-3-1456824083,1.0711317695401297,1.0011222743138535,2280,4280,1456825538459
Running observer at: 1456825549006
production-topology4-4-1456824091,1.0355311059428365,1.0039468719718572,2320,4200,1456825549595
production-topology2-2-1456824077,1.1658432904411762,1.0097483958288664,2040,1360,1456825549595
production-topology1-1-1456824069,0.9665210998245417,1.0009565345422673,2540,1680,1456825549595
production-topology3-3-1456824083,1.0347539880910555,1.0061554132976014,2400,4380,1456825549596
Running observer at: 1456825560177
production-topology4-4-1456824091,0.9624636774089426,1.0022078876542067,1940,3500,1456825560749
production-topology2-2-1456824077,1.0758741312860833,1.008829581071215,1800,1080,1456825560749
production-topology1-1-1456824069,0.9104262551665508,0.9982412740475687,2380,1480,1456825560749
production-topology3-3-1456824083,0.9869338738955789,1.0028301001005904,2380,4260,1456825560749
Running observer at: 1456825571303
production-topology4-4-1456824091,1.0561457172620496,1.0054409859471403,2400,4340,1456825571814
production-topology2-2-1456824077,0.9108266467201594,1.0049114388377258,2160,1400,1456825571814
production-topology1-1-1456824069,1.0357291571097698,1.000115323748276,2460,1560,1456825571814
production-topology3-3-1456824083,1.0187333003352212,1.0027718123223506,2540,4540,1456825571815
Running observer at: 1456825582279
production-topology4-4-1456824091,0.9798031595761258,1.002190595443507,2240,4140,1456825582780
production-topology2-2-1456824077,1.0020723002532812,1.0041981128951636,2040,1280,1456825582780
production-topology1-1-1456824069,0.9913635819227083,0.9979882399076793,2560,1580,1456825582780
production-topology3-3-1456824083,1.0289252543122513,1.0048869045399869,2400,4360,1456825582780
Running observer at: 1456825593327
production-topology4-4-1456824091,0.959389119512711,1.0040652317175633,2000,3400,1456825593987
production-topology2-2-1456824077,1.0538630770378103,1.006648258031468,1760,1140,1456825593987
production-topology1-1-1456824069,0.9773179185593641,0.9980618794590784,2100,1280,1456825593987
production-topology3-3-1456824083,0.882362465454007,1.000180156866082,2260,3960,1456825593987
Running observer at: 1456825604514
production-topology4-4-1456824091,1.0614643771338927,1.0055418790081196,2340,4360,1456825605013
production-topology2-2-1456824077,0.9046941107221106,1.0068311785026716,2100,1380,1456825605013
production-topology1-1-1456824069,0.9989672610232174,1.0010554456707992,2620,1760,1456825605013
production-topology3-3-1456824083,1.0372777305185603,1.002325164258705,2620,4800,1456825605013
Running observer at: 1456825615511
production-topology4-4-1456824091,0.9944495840641823,1.004132071045311,2260,4180,1456825615989
production-topology2-2-1456824077,1.13109756097561,1.0079103237689238,2100,1380,1456825615989
production-topology1-1-1456824069,1.0636055460090794,1.0034727075207182,2320,1440,1456825615989
production-topology3-3-1456824083,1.0355150342634427,1.0025042431441842,2440,4340,1456825615989
Running observer at: 1456825626470
production-topology4-4-1456824091,0.9864967645594823,1.0048335695974835,2000,3540,1456825627165
production-topology2-2-1456824077,0.8425480771028838,1.000277341772945,1800,1080,1456825627165
production-topology1-1-1456824069,0.939700362165648,1.0003131510963992,2320,1520,1456825627165
production-topology3-3-1456824083,0.9646615310600486,1.0014449204050209,2220,4040,1456825627165
Running observer at: 1456825637702
production-topology4-4-1456824091,0.9383245076179859,1.0023063082594041,2280,4040,1456825638197
production-topology2-2-1456824077,1.0656117034380477,1.0073068306264255,2120,1440,1456825638197
production-topology1-1-1456824069,0.9335820920518909,0.9993076620235073,2620,1600,1456825638197
production-topology3-3-1456824083,1.0481232160278264,1.0046465161389206,2620,4760,1456825638197
Running observer at: 1456825648724
production-topology4-4-1456824091,1.044040428011213,1.0044442436426058,2340,4340,1456825649252
production-topology2-2-1456824077,1.1010372192654112,1.008855339127922,2000,1340,1456825649253
production-topology1-1-1456824069,1.07759587284547,1.0026705675188612,2340,1520,1456825649253
production-topology3-3-1456824083,0.9725954327129096,1.002884443614373,2320,4120,1456825649253
Running observer at: 1456825659790
production-topology4-4-1456824091,1.0296646743455256,1.0029666862433053,2000,3480,1456825660553
production-topology2-2-1456824077,0.8400184837518616,1.005280499199916,1840,1120,1456825660553
production-topology1-1-1456824069,1.028538019226034,1.0011945160861966,2400,1500,1456825660553
production-topology3-3-1456824083,0.9387800999647848,1.0008480980883492,2400,4240,1456825660553
Running observer at: 1456825671074
production-topology4-4-1456824091,0.9432004391530929,1.0030657860482397,2300,4180,1456825671560
production-topology2-2-1456824077,0.9753047907427264,1.0010652097320498,2160,1340,1456825671560
production-topology1-1-1456824069,1.0556070435588507,1.002840096513371,2600,1760,1456825671560
production-topology3-3-1456824083,1.0459114929310072,1.0029155894462816,2560,4760,1456825671560
Running observer at: 1456825682021
production-topology4-4-1456824091,1.0379602423697938,1.002601838096899,2340,4320,1456825682580
production-topology2-2-1456824077,1.224518805685914,1.0066662459675184,2000,1280,1456825682580
production-topology1-1-1456824069,0.9571957340752333,1.0027220254006903,2300,1380,1456825682580
production-topology3-3-1456824083,1.0243439790448536,1.0002690940627015,2260,4020,1456825682580
Running observer at: 1456825693044
production-topology4-4-1456824091,1.007970894353873,1.003538583981412,2000,3500,1456825693550
production-topology2-2-1456824077,0.9880371729580061,1.0095690958666332,1720,1140,1456825693550
production-topology1-1-1456824069,0.9878633664805633,1.000469169078707,2360,1580,1456825693551
production-topology3-3-1456824083,0.9575225978317148,1.0026820280719304,2420,4280,1456825693551
Running observer at: 1456825704317
production-topology4-4-1456824091,1.0162867521599743,1.0054293235272393,2280,4180,1456825704839
production-topology2-2-1456824077,1.082148285744385,1.0140003424870438,2140,1320,1456825704839
production-topology1-1-1456824069,1.0519583808200466,1.0011929477832855,2660,1660,1456825704840
production-topology3-3-1456824083,1.0337304416843924,0.9994132662906109,2480,4520,1456825704840
Running observer at: 1456825715325
production-topology4-4-1456824091,0.8749529528954918,1.000634373882115,2440,4260,1456825715854
production-topology2-2-1456824077,0.8721179183135706,1.0118199520777902,2140,1500,1456825715854
production-topology1-1-1456824069,0.9742675127397156,1.0037471589019504,2260,1420,1456825715854
production-topology3-3-1456824083,0.9779512765305829,0.9975276383489154,2440,4320,1456825715854
Running observer at: 1456825726310
production-topology4-4-1456824091,1.1219339973242155,1.0009650898226947,1860,3480,1456825726803
production-topology2-2-1456824077,1.0406327389086012,1.0042221018224684,1720,1080,1456825726803
production-topology1-1-1456824069,0.9783407375204711,1.0004726433731352,2360,1460,1456825726804
production-topology3-3-1456824083,1.0487350715443817,1.0025221800130566,2360,4340,1456825726804
Running observer at: 1456825737556
production-topology4-4-1456824091,0.9714997687039244,1.003513647420793,2360,4180,1456825738166
production-topology2-2-1456824077,0.9770771007541574,1.0040764285622656,2000,1260,1456825738166
production-topology1-1-1456824069,0.9129638360151882,0.9979525895425465,2580,1660,1456825738167
production-topology3-3-1456824083,0.9069516677362338,0.9988871923712781,2360,4180,1456825738167
Running observer at: 1456825748680
production-topology4-4-1456824091,1.0441708517740493,1.0045997166457936,2400,4320,1456825749245
production-topology2-2-1456824077,1.045402298850575,1.0064116420728249,2240,1360,1456825749245
production-topology1-1-1456824069,1.1222614422973116,1.0021285324009401,2420,1620,1456825749245
production-topology3-3-1456824083,1.0772009841619554,1.000595642145452,2480,4620,1456825749245
Running observer at: 1456825759780
production-topology4-4-1456824091,0.937050735450311,1.0032568237351753,1900,3500,1456825760290
production-topology2-2-1456824077,0.968569289012772,1.0048644611196513,1720,1100,1456825760290
production-topology1-1-1456824069,0.9818340800647093,1.0022927029922333,2320,1520,1456825760290
production-topology3-3-1456824083,0.9739857343188387,0.999868760286837,2440,4300,1456825760291
Running observer at: 1456825771014
production-topology4-4-1456824091,1.074964448628338,1.0039565498373,2240,4080,1456825771550
production-topology2-2-1456824077,0.9147770095189861,1.0025950997142552,2160,1260,1456825771551
production-topology1-1-1456824069,1.115937438983611,1.0057840039163977,2580,1700,1456825771551
production-topology3-3-1456824083,0.9675840926793171,0.9986628699394233,2400,4200,1456825771551
Running observer at: 1456825782114
production-topology4-4-1456824091,0.8996433006849753,1.0011195042825642,2540,4320,1456825782592
production-topology2-2-1456824077,1.1664700185936863,1.011918710590421,2060,1340,1456825782593
production-topology1-1-1456824069,0.8592642628555943,0.9998209346606263,2300,1480,1456825782593
production-topology3-3-1456824083,0.9898319327731092,0.9985244095845278,2580,4540,1456825782593
Running observer at: 1456825793031
production-topology4-4-1456824091,1.1261559870266478,1.0050345099796938,1840,3480,1456825793520
production-topology2-2-1456824077,0.8975322982102644,0.9994323360576799,1740,1120,1456825793520
production-topology1-1-1456824069,1.1607730200833646,1.0066777652752932,2400,1580,1456825793520
production-topology3-3-1456824083,1.021982100761939,0.9995021838851048,2260,4340,1456825793521
Running observer at: 1456825804109
production-topology4-4-1456824091,0.9903609598709415,1.0027324056518367,2260,4140,1456825804674
production-topology2-2-1456824077,1.0510474589065606,1.0065031028270364,2080,1340,1456825804674
production-topology1-1-1456824069,0.9315533780078505,1.0075559199124615,2440,1560,1456825804674
production-topology3-3-1456824083,0.9847194878458652,0.9975075415946751,2480,4340,1456825804674
Running observer at: 1456825815347
production-topology4-4-1456824091,0.9121688718186306,1.0003087673710744,2020,3480,1456825815898
production-topology2-2-1456824077,0.9788486635590296,1.0008295280677553,2040,1340,1456825815898
production-topology1-1-1456824069,0.9907047585619013,1.0005941662701108,2560,1560,1456825815898
production-topology3-3-1456824083,0.9886746400740235,0.9983899137425165,2480,4480,1456825815898
Running observer at: 1456825826346
production-topology4-4-1456824091,1.0558019642630803,1.0035240438685389,2340,4300,1456825826911
production-topology2-2-1456824077,0.8534487514925853,0.9997802852658298,1940,1180,1456825826911
production-topology1-1-1456824069,0.9623196223475438,0.9996806673416884,2280,1460,1456825826911
production-topology3-3-1456824083,1.067465905853867,1.0012532248968438,2400,4400,1456825826911
Running observer at: 1456825837440
production-topology4-4-1456824091,1.0169590540538338,1.0004604445186052,2280,4100,1456825838059
production-topology2-2-1456824077,1.0483413603042138,1.0056824604209333,2040,1340,1456825838059
production-topology1-1-1456824069,1.034572280657689,1.0036266969508822,2520,1640,1456825838059
production-topology3-3-1456824083,1.0368016883336384,1.0018233469871656,2400,4300,1456825838059
Running observer at: 1456825848669
production-topology4-4-1456824091,0.8967679263947776,0.9987603729685695,2060,3460,1456825849285
production-topology2-2-1456824077,1.0511299435028247,1.0024442994957614,1900,1220,1456825849285
production-topology1-1-1456824069,0.9885923399256807,1.003372987524432,2320,1460,1456825849285
production-topology3-3-1456824083,0.9429730986132994,1.0001080919164833,2360,4240,1456825849285
Running observer at: 1456825859745
production-topology4-4-1456824091,1.0372591965203428,0.999296922196585,2280,4420,1456825860242
production-topology2-2-1456824077,0.9884295597576266,1.004161182256913,2040,1320,1456825860242
production-topology1-1-1456824069,1.056960688656352,1.0051924471908917,2480,1640,1456825860242
production-topology3-3-1456824083,0.9868937292734398,1.0017684539389426,2500,4520,1456825860242
Running observer at: 1456825870774
production-topology4-4-1456824091,1.0593961953704043,1.0024092551417214,2320,4060,1456825871401
production-topology2-2-1456824077,0.9854217428028061,1.0067580602871244,1940,1260,1456825871402
production-topology1-1-1456824069,1.0986620538591236,1.0048326381138357,2460,1580,1456825871402
production-topology3-3-1456824083,0.9796753828702698,0.9987199077166139,2400,4320,1456825871402
Running observer at: 1456825882057
production-topology4-4-1456824091,0.8991388648059788,0.9978628471038261,2020,3480,1456825882573
production-topology2-2-1456824077,0.8221241834478967,0.9953007567206817,1960,1200,1456825882573
production-topology1-1-1456824069,0.9083566324945637,1.0028938225361699,2120,1360,1456825882573
production-topology3-3-1456824083,1.0239842918667774,0.9983609178424714,2380,4300,1456825882573
Running observer at: 1456825893082
production-topology4-4-1456824091,1.0317845962172334,1.0001735443974358,2340,4380,1456825893420
production-topology2-2-1456824077,1.137268273315118,0.9973472281216496,1960,1320,1456825893420
production-topology1-1-1456824069,0.9456975857344376,1.0040695335550993,2700,1680,1456825893420
production-topology3-3-1456824083,1.0471409943101304,1.0003678218562897,2460,4560,1456825893420
Running observer at: 1456825903754
production-topology4-4-1456824091,0.9750590101427539,0.997470654160126,2340,4100,1456825904134
production-topology2-2-1456824077,1.0775816974021548,1.0029057298110493,2140,1380,1456825904134
production-topology1-1-1456824069,1.0320512820512826,1.0039469377198162,2020,1360,1456825904134
production-topology3-3-1456824083,0.983140495978283,0.9991813950443917,2320,4100,1456825904134
Running observer at: 1456825914482
production-topology4-4-1456824091,1.0436642260360294,0.9995993563754563,1980,3380,1456825914851
production-topology2-2-1456824077,1.099285714285714,1.0061461769454638,960,720,1456825914851
production-topology1-1-1456824069,4.5,1.1209014849890593,40,60,1456825914851
production-topology3-3-1456824083,0.923776724022017,0.9956764440347173,2380,4300,1456825914851
