Running observer at: 1456625563753
production-topology1-1-1456625563,0.0,0.0,0,0,1456625563971
Running observer at: 1456625564420
production-topology1-1-1456625563,0.0,0.0,0,0,1456625564579
Running observer at: 1456625569963
production-topology2-2-1456625569,0.0,0.0,0,0,1456625570257
production-topology1-1-1456625563,0.0,0.0,0,0,1456625570257
Running observer at: 1456625574772
production-topology2-2-1456625569,0.0,0.0,0,0,1456625575054
production-topology1-1-1456625563,0.0,0.0,0,0,1456625575055
Running observer at: 1456625576415
production-topology3-3-1456625576,0.0,0.0,0,0,1456625576772
production-topology2-2-1456625569,0.0,0.0,0,0,1456625576773
production-topology1-1-1456625563,0.0,0.0,0,0,1456625576773
Running observer at: 1456625582999
production-topology4-4-1456625582,0.0,0.0,0,0,1456625583440
production-topology3-3-1456625576,0.0,0.0,0,0,1456625583441
production-topology2-2-1456625569,0.0,0.0,0,0,1456625583441
production-topology1-1-1456625563,0.0,0.0,0,0,1456625583441
Running observer at: 1456625585287
production-topology4-4-1456625582,0.0,0.0,0,0,1456625585728
production-topology3-3-1456625576,0.0,0.0,0,0,1456625585728
production-topology2-2-1456625569,0.0,0.0,0,0,1456625585729
production-topology1-1-1456625563,0.0,0.0,0,0,1456625585729
Running observer at: 1456625596074
production-topology4-4-1456625582,0.0,0.0,0,0,1456625596485
production-topology3-3-1456625576,0.0,0.0,0,0,1456625596485
production-topology2-2-1456625569,0.0,0.0,0,0,1456625596485
production-topology1-1-1456625563,0.0,0.0,0,0,1456625596486
Running observer at: 1456625606848
production-topology4-4-1456625582,0.0,0.0,0,0,1456625607162
production-topology3-3-1456625576,0.0,0.0,0,0,1456625607163
production-topology2-2-1456625569,0.0,0.0,0,0,1456625607163
production-topology1-1-1456625563,0.0,0.0,0,0,1456625607163
Running observer at: 1456625617458
production-topology4-4-1456625582,0.0,0.0,0,0,1456625617815
production-topology3-3-1456625576,0.0,0.0,0,0,1456625617816
production-topology2-2-1456625569,0.0,0.0,0,0,1456625617816
production-topology1-1-1456625563,0.0,0.0,0,0,1456625617816
Running observer at: 1456625628118
production-topology4-4-1456625582,0.0,0.0,0,0,1456625628464
production-topology3-3-1456625576,0.0,0.0,0,0,1456625628464
production-topology2-2-1456625569,0.0,0.0,0,0,1456625628464
production-topology1-1-1456625563,0.0,0.0,0,0,1456625628464
Running observer at: 1456625638746
production-topology4-4-1456625582,0.0,0.0,0,0,1456625639074
production-topology3-3-1456625576,0.0,0.0,0,0,1456625639075
production-topology2-2-1456625569,0.0,0.0,0,0,1456625639075
production-topology1-1-1456625563,0.0,0.0,0,0,1456625639075
Running observer at: 1456625649354
production-topology4-4-1456625582,0.0,0.0,0,0,1456625649662
production-topology3-3-1456625576,0.0,0.0,0,0,1456625649662
production-topology2-2-1456625569,0.0,0.0,0,0,1456625649663
production-topology1-1-1456625563,0.0,0.0,0,0,1456625649663
Running observer at: 1456625659937
production-topology4-4-1456625582,0.0,0.0,0,0,1456625660206
production-topology3-3-1456625576,0.0,0.0,0,0,1456625660206
production-topology2-2-1456625569,0.0,0.0,0,0,1456625660206
production-topology1-1-1456625563,0.0,0.0,0,0,1456625660207
Running observer at: 1456625670448
production-topology4-4-1456625582,0.0,0.0,0,0,1456625670738
production-topology3-3-1456625576,0.0,0.0,0,0,1456625670738
production-topology2-2-1456625569,0.0,0.0,0,0,1456625670739
production-topology1-1-1456625563,0.0,0.0,0,0,1456625670739
Running observer at: 1456625680990
production-topology4-4-1456625582,0.0,0.0,0,0,1456625681266
production-topology3-3-1456625576,0.0,0.0,0,0,1456625681266
production-topology2-2-1456625569,0.0,0.0,0,0,1456625681267
production-topology1-1-1456625563,0.0,0.0,0,0,1456625681267
Running observer at: 1456625691518
production-topology4-4-1456625582,0.0,0.0,0,0,1456625691802
production-topology3-3-1456625576,0.0,0.0,0,0,1456625691803
production-topology2-2-1456625569,0.0,0.0,0,0,1456625691803
production-topology1-1-1456625563,0.0,0.0,0,0,1456625691803
Running observer at: 1456625702046
production-topology4-4-1456625582,0.0,0.0,0,0,1456625702322
production-topology3-3-1456625576,0.0,0.0,0,0,1456625702322
production-topology2-2-1456625569,0.0,0.0,0,0,1456625702322
production-topology1-1-1456625563,0.0,0.0,0,0,1456625702323
Running observer at: 1456625712568
production-topology4-4-1456625582,0.0,0.0,0,0,1456625712846
production-topology3-3-1456625576,0.0,0.0,0,0,1456625712847
production-topology2-2-1456625569,0.0,0.0,0,0,1456625712847
production-topology1-1-1456625563,0.0,0.0,0,0,1456625712847
Running observer at: 1456625723090
production-topology4-4-1456625582,0.0,0.0,0,0,1456625723369
production-topology3-3-1456625576,0.0,0.0,0,0,1456625723369
production-topology2-2-1456625569,0.0,0.0,0,0,1456625723369
production-topology1-1-1456625563,0.0,0.0,0,0,1456625723370
Running observer at: 1456625733603
production-topology4-4-1456625582,0.0,0.0,0,0,1456625733878
production-topology3-3-1456625576,0.0,0.0,0,0,1456625733879
production-topology2-2-1456625569,0.0,0.0,0,0,1456625733879
production-topology1-1-1456625563,0.0,0.0,0,0,1456625733879
Running observer at: 1456625744123
production-topology4-4-1456625582,0.0,0.0,0,0,1456625744395
production-topology3-3-1456625576,0.0,0.0,0,0,1456625744395
production-topology2-2-1456625569,0.0,0.0,0,0,1456625744396
production-topology1-1-1456625563,0.0,0.0,0,0,1456625744396
Running observer at: 1456625754628
production-topology4-4-1456625582,0.0,0.0,0,0,1456625754896
production-topology3-3-1456625576,0.0,0.0,0,0,1456625754897
production-topology2-2-1456625569,0.0,0.0,0,0,1456625754897
production-topology1-1-1456625563,0.0,0.0,0,0,1456625754897
Running observer at: 1456625765129
production-topology4-4-1456625582,0.0,0.0,0,0,1456625765340
production-topology3-3-1456625576,0.0,0.0,0,0,1456625765340
production-topology2-2-1456625569,0.0,0.0,0,0,1456625765340
production-topology1-1-1456625563,0.0,0.0,0,0,1456625765341
Running observer at: 1456625775555
production-topology4-4-1456625582,0.0,0.0,0,0,1456625775754
production-topology3-3-1456625576,0.0,0.0,0,0,1456625775755
production-topology2-2-1456625569,0.0,0.0,0,0,1456625775755
production-topology1-1-1456625563,0.0,0.0,0,0,1456625775755
Running observer at: 1456625785933
production-topology4-4-1456625582,0.0,0.0,0,0,1456625786168
production-topology3-3-1456625576,0.0,0.0,0,0,1456625786168
production-topology2-2-1456625569,0.0,0.0,0,0,1456625786169
production-topology1-1-1456625563,0.0,0.0,0,0,1456625786169
Running observer at: 1456625796351
production-topology4-4-1456625582,0.0,0.0,0,0,1456625796570
production-topology3-3-1456625576,0.0,0.0,0,0,1456625796570
production-topology2-2-1456625569,0.0,0.0,0,0,1456625796570
production-topology1-1-1456625563,0.0,0.0,0,0,1456625796571
Running observer at: 1456625806778
production-topology4-4-1456625582,0.0,0.0,0,0,1456625807002
production-topology3-3-1456625576,0.0,0.0,0,0,1456625807002
production-topology2-2-1456625569,0.0,0.0,0,0,1456625807003
production-topology1-1-1456625563,0.0,0.0,0,0,1456625807003
Running observer at: 1456625817202
production-topology4-4-1456625582,0.0,0.0,0,0,1456625817436
production-topology3-3-1456625576,0.0,0.0,0,0,1456625817436
production-topology2-2-1456625569,0.0,0.0,0,0,1456625817437
production-topology1-1-1456625563,0.0,0.0,0,0,1456625817437
Running observer at: 1456625827640
production-topology4-4-1456625582,0.0,0.0,0,0,1456625827865
production-topology3-3-1456625576,0.0,0.0,0,0,1456625827866
production-topology2-2-1456625569,0.0,0.0,0,0,1456625827866
production-topology1-1-1456625563,0.0,0.0,0,0,1456625827866
Running observer at: 1456625838072
production-topology4-4-1456625582,0.0,0.0,0,0,1456625838274
production-topology3-3-1456625576,0.0,0.0,0,0,1456625838274
production-topology2-2-1456625569,0.0,0.0,0,0,1456625838274
production-topology1-1-1456625563,0.0,0.0,0,0,1456625838275
Running observer at: 1456625848461
production-topology4-4-1456625582,0.0,0.0,0,0,1456625848655
production-topology3-3-1456625576,0.0,0.0,0,0,1456625848656
production-topology2-2-1456625569,0.0,0.0,0,0,1456625848656
production-topology1-1-1456625563,0.0,0.0,0,0,1456625848656
Running observer at: 1456625858847
production-topology4-4-1456625582,0.0,0.0,0,0,1456625859057
production-topology3-3-1456625576,0.0,0.0,0,0,1456625859057
production-topology2-2-1456625569,0.0,0.0,0,0,1456625859058
production-topology1-1-1456625563,0.0,0.0,0,0,1456625859058
Running observer at: 1456625869245
production-topology4-4-1456625582,0.0,0.0,0,0,1456625869475
production-topology3-3-1456625576,0.0,0.0,0,0,1456625869475
production-topology2-2-1456625569,0.0,0.0,0,0,1456625869476
production-topology1-1-1456625563,0.0,0.0,0,0,1456625869476
Running observer at: 1456625879681
production-topology4-4-1456625582,0.0,0.0,0,0,1456625879896
production-topology3-3-1456625576,0.0,0.0,0,0,1456625879896
production-topology2-2-1456625569,0.0,0.0,0,0,1456625879896
production-topology1-1-1456625563,0.0,0.0,0,0,1456625879897
Running observer at: 1456625890094
production-topology4-4-1456625582,0.0,0.0,0,0,1456625890312
production-topology3-3-1456625576,0.0,0.0,0,0,1456625890313
production-topology2-2-1456625569,0.0,0.0,0,0,1456625890313
production-topology1-1-1456625563,0.0,0.0,0,0,1456625890313
Running observer at: 1456625900504
production-topology4-4-1456625582,0.0,0.0,0,0,1456625900687
production-topology3-3-1456625576,0.0,0.0,0,0,1456625900688
production-topology2-2-1456625569,0.0,0.0,0,0,1456625900688
production-topology1-1-1456625563,0.0,0.0,0,0,1456625900688
Running observer at: 1456625910868
production-topology4-4-1456625582,0.0,0.0,0,0,1456625911089
production-topology3-3-1456625576,0.0,0.0,0,0,1456625911089
production-topology2-2-1456625569,0.0,0.0,0,0,1456625911089
production-topology1-1-1456625563,0.0,0.0,0,0,1456625911090
Running observer at: 1456625921284
production-topology4-4-1456625582,0.0,0.0,0,0,1456625921504
production-topology3-3-1456625576,0.0,0.0,0,0,1456625921504
production-topology2-2-1456625569,0.0,0.0,0,0,1456625921505
production-topology1-1-1456625563,0.0,0.0,0,0,1456625921505
Running observer at: 1456625931686
production-topology4-4-1456625582,0.0,0.0,0,0,1456625931899
production-topology3-3-1456625576,0.0,0.0,0,0,1456625931899
production-topology2-2-1456625569,0.0,0.0,0,0,1456625931900
production-topology1-1-1456625563,0.0,0.0,0,0,1456625931900
Running observer at: 1456625942083
production-topology4-4-1456625582,0.0,0.0,0,0,1456625942290
production-topology3-3-1456625576,0.0,0.0,0,0,1456625942291
production-topology2-2-1456625569,0.0,0.0,0,0,1456625942291
production-topology1-1-1456625563,0.0,0.0,0,0,1456625942291
Running observer at: 1456625952480
production-topology4-4-1456625582,0.0,0.0,0,0,1456625952668
production-topology3-3-1456625576,0.0,0.0,0,0,1456625952668
production-topology2-2-1456625569,0.0,0.0,0,0,1456625952669
production-topology1-1-1456625563,0.0,0.0,0,0,1456625952669
Running observer at: 1456625962827
production-topology4-4-1456625582,0.0,0.0,0,0,1456625963019
production-topology3-3-1456625576,0.0,0.0,0,0,1456625963019
production-topology2-2-1456625569,0.0,0.0,0,0,1456625963020
production-topology1-1-1456625563,0.0,0.0,0,0,1456625963020
Running observer at: 1456625973206
production-topology4-4-1456625582,0.0,0.0,0,0,1456625973413
production-topology3-3-1456625576,0.0,0.0,0,0,1456625973413
production-topology2-2-1456625569,0.0,0.0,0,0,1456625973413
production-topology1-1-1456625563,0.0,0.0,0,0,1456625973413
Running observer at: 1456625983598
production-topology4-4-1456625582,0.0,0.0,0,0,1456625983824
production-topology3-3-1456625576,0.0,0.0,0,0,1456625983824
production-topology2-2-1456625569,0.0,0.0,0,0,1456625983824
production-topology1-1-1456625563,0.0,0.0,0,0,1456625983825
Running observer at: 1456625994020
production-topology4-4-1456625582,0.0,0.0,0,0,1456625994226
production-topology3-3-1456625576,0.0,0.0,0,0,1456625994227
production-topology2-2-1456625569,0.0,0.0,0,0,1456625994227
production-topology1-1-1456625563,0.0,0.0,0,0,1456625994227
Running observer at: 1456626004392
production-topology4-4-1456625582,0.0,0.0,0,0,1456626004609
production-topology3-3-1456625576,0.0,0.0,0,0,1456626004609
production-topology2-2-1456625569,0.0,0.0,0,0,1456626004610
production-topology1-1-1456625563,0.0,0.0,0,0,1456626004610
Running observer at: 1456626014788
production-topology4-4-1456625582,0.0,0.0,0,0,1456626014958
production-topology3-3-1456625576,0.0,0.0,0,0,1456626014958
production-topology2-2-1456625569,0.0,0.0,0,0,1456626014958
production-topology1-1-1456625563,0.0,0.0,0,0,1456626014959
Running observer at: 1456626025105
production-topology4-4-1456625582,0.0,0.0,0,0,1456626025236
production-topology3-3-1456625576,0.0,0.0,0,0,1456626025236
production-topology2-2-1456625569,0.0,0.0,0,0,1456626025236
production-topology1-1-1456625563,0.0,0.0,0,0,1456626025236
