Running observer at: 1456546204294
production-topology1-1-1456546203,0.0,0.0,0,0,1456546204676
Running observer at: 1456546205114
production-topology1-1-1456546203,0.0,0.0,0,0,1456546205480
Running observer at: 1456546211126
production-topology2-2-1456546210,0.0,0.0,0,0,1456546211501
production-topology1-1-1456546203,0.0,0.0,0,0,1456546211501
Running observer at: 1456546215904
production-topology2-2-1456546210,0.0,0.0,0,0,1456546216276
production-topology1-1-1456546203,0.0,0.0,80,0,1456546216277
Running observer at: 1456546218049
production-topology3-3-1456546217,0.0,0.0,0,0,1456546218737
production-topology2-2-1456546210,0.0,0.0,0,0,1456546218738
production-topology1-1-1456546203,0.45000000000000007,0.09000000000000001,160,0,1456546218738
Running observer at: 1456546225171
production-topology3-3-1456546217,0.0,0.0,0,0,1456546225895
production-topology2-2-1456546210,0.0,0.0,300,0,1456546225895
production-topology4-4-1456546224,0.0,0.0,0,0,1456546225895
production-topology1-1-1456546203,0.06078799249530956,0.0851313320825516,820,0,1456546225895
Running observer at: 1456546226860
production-topology3-3-1456546217,0.0,0.0,0,0,1456546227443
production-topology2-2-1456546210,0.0,0.0,360,0,1456546227443
production-topology4-4-1456546224,0.0,0.0,0,0,1456546227443
production-topology1-1-1456546203,0.0,0.07296971321361566,280,0,1456546227443
Running observer at: 1456546238127
production-topology3-3-1456546217,0.0,0.0,0,0,1456546238662
production-topology2-2-1456546210,0.01468482371260149,0.002447470618766915,1480,0,1456546238662
production-topology4-4-1456546224,0.0,0.0,120,0,1456546238663
production-topology1-1-1456546203,0.20292171634457906,0.08921371360498609,1420,0,1456546238663
Running observer at: 1456546249394
production-topology3-3-1456546217,0.0,0.0,0,0,1456546249970
production-topology2-2-1456546210,0.0220125786163522,0.005242486046993384,1060,0,1456546249970
production-topology4-4-1456546224,0.12118110579649041,0.030295276449122603,740,0,1456546249971
production-topology1-1-1456546203,0.019729172271545147,0.08149320901238154,1180,0,1456546249971
Running observer at: 1456546260690
production-topology3-3-1456546217,0.0,0.0,0,0,1456546261200
production-topology2-2-1456546210,0.06173557414366239,0.01230412205907701,1480,0,1456546261201
production-topology4-4-1456546224,0.13736570832573303,0.051709362824444695,1240,0,1456546261201
production-topology1-1-1456546203,0.028317870108914886,0.07617567512203487,1340,0,1456546261201
Running observer at: 1456546271807
production-topology3-3-1456546217,0.0,0.0,0,0,1456546272392
production-topology2-2-1456546210,0.061738749279519,0.017796858416903896,1460,0,1456546272392
production-topology4-4-1456546224,0.14963909244954998,0.06803098442862891,1440,0,1456546272393
production-topology1-1-1456546203,0.015629579948828777,0.0706714846517434,1420,0,1456546272393
Running observer at: 1456546282999
production-topology3-3-1456546217,0.0,0.0,0,0,1456546283596
production-topology2-2-1456546210,0.0,0.016017172575213505,1020,0,1456546283597
production-topology4-4-1456546224,0.12038240851491672,0.0755097592980986,1340,0,1456546283597
production-topology1-1-1456546203,0.17037037037037034,0.07897972512829565,1200,0,1456546283597
Running observer at: 1456546294175
production-topology3-3-1456546217,0.0,0.0,0,0,1456546294662
production-topology2-2-1456546210,0.06316971597024004,0.020303767429306827,1420,0,1456546294662
production-topology4-4-1456546224,0.15671591217132017,0.0856605284072513,1240,0,1456546294662
production-topology1-1-1456546203,0.028341807446285047,0.07508450069121791,1340,0,1456546294663
Running observer at: 1456546305251
production-topology3-3-1456546217,0.0,0.0,0,0,1456546305785
production-topology2-2-1456546210,0.034240220286731904,0.02146513850075892,1480,0,1456546305785
production-topology4-4-1456546224,0.1128354804079442,0.0886799675184394,1440,0,1456546305785
production-topology1-1-1456546203,0.02638477801268499,0.0716059490713227,1400,0,1456546305786
Running observer at: 1456546316321
production-topology3-3-1456546217,0.0,0.0,0,0,1456546316869
production-topology2-2-1456546210,0.006751543209876543,0.02033332347838335,1080,0,1456546316870
production-topology4-4-1456546224,0.09994601889338732,0.0898065726559342,1300,0,1456546316870
production-topology1-1-1456546203,0.09431880860452285,0.07312013970686938,1260,0,1456546316870
Running observer at: 1456546327479
production-topology3-3-1456546217,0.0,0.0,0,0,1456546327921
production-topology2-2-1456546210,0.21401134077190415,0.034167467570777696,1420,0,1456546327921
production-topology4-4-1456546224,0.2416179337231969,0.1036076054802308,1140,0,1456546327922
production-topology1-1-1456546203,0.0,0.06855013097519004,1340,0,1456546327922
Running observer at: 1456546338529
production-topology3-3-1456546217,0.0,0.0,0,0,1456546339086
production-topology2-2-1456546210,0.10945674044265592,0.03918675242890291,1420,0,1456546339087
production-topology4-4-1456546224,0.17225970910181437,0.10932861411536277,1500,0,1456546339087
production-topology1-1-1456546203,0.23223344161559267,0.07817856101286079,1380,0,1456546339087
Running observer at: 1456546349704
production-topology3-3-1456546217,0.9538494799225932,0.06813210570875665,2120,0,1456546350269
production-topology2-2-1456546210,0.612756264328538,0.0750348469226301,1560,0,1456546350269
production-topology4-4-1456546224,1.1370110963429898,0.18838111274825714,2260,0,1456546350270
production-topology1-1-1456546203,0.0,0.0738353076232574,1260,0,1456546350270
Running observer at: 1456546360843
production-topology3-3-1456546217,1.0301014383486187,0.13226339455141412,2240,0,1456546361389
production-topology2-2-1456546210,0.6485278810811707,0.1087697312848972,2700,0,1456546361389
production-topology4-4-1456546224,1.0655255468008957,0.2510342866091599,2020,0,1456546361390
production-topology1-1-1456546203,0.08927327201783723,0.0746478320650774,1320,0,1456546361390
Running observer at: 1456546371995
production-topology3-3-1456546217,0.9808766421548376,0.18530172252662808,1940,0,1456546372599
production-topology2-2-1456546210,1.153730896014384,0.16682312932542423,2320,0,1456546372599
production-topology4-4-1456546224,1.00235299953451,0.3011222008041833,2300,0,1456546372600
production-topology1-1-1456546203,0.010660010660010658,0.07144844099482407,1440,0,1456546372600
Running observer at: 1456546383184
production-topology3-3-1456546217,1.0375664893617018,0.23543494410516186,2400,0,1456546383725
production-topology2-2-1456546210,0.9596751075011944,0.20855218080835952,2060,0,1456546383725
production-topology4-4-1456546224,1.0906566421705737,0.3504681033895827,2160,0,1456546383725
production-topology1-1-1456546203,0.01934984520123839,0.0689675554808438,1140,0,1456546383726
Running observer at: 1456546394182
production-topology3-3-1456546217,0.9613542701070958,0.27576379554971375,2280,0,1456546394671
production-topology2-2-1456546210,1.018446566391772,0.2490469000875301,2220,0,1456546394671
production-topology4-4-1456546224,1.0144203309486906,0.38952411677541254,2140,0,1456546394671
production-topology1-1-1456546203,0.04620114462295237,0.06793271862366691,1360,0,1456546394671
Running observer at: 1456546405118
production-topology3-3-1456546217,1.0223684210526316,0.315058775839341,1960,0,1456546405667
production-topology2-2-1456546210,0.9597398617474414,0.28288942207133544,2320,0,1456546405667
production-topology4-4-1456546224,0.9477566342474577,0.42053703441274837,2340,0,1456546405668
production-topology1-1-1456546203,0.0,0.06497912216176836,1420,0,1456546405668
Running observer at: 1456546416210
production-topology3-3-1456546217,0.9885720777297838,0.34873444093386313,2380,0,1456546416815
production-topology2-2-1456546210,1.1245290858725763,0.3211457704259373,1820,0,1456546416815
production-topology4-4-1456546224,0.962038098467235,0.44903709041561607,1920,0,1456546416815
production-topology1-1-1456546203,0.17893972403776326,0.06972748057326815,1260,0,1456546416816
Running observer at: 1456546427378
production-topology3-3-1456546217,1.0386078744705562,0.3815855568165628,2300,0,1456546427847
production-topology2-2-1456546210,0.980057652314884,0.34979411311676106,2460,0,1456546427847
production-topology4-4-1456546224,1.0308382351672885,0.47812714765319964,2440,0,1456546427848
production-topology1-1-1456546203,0.04844497607655503,0.06887618039339963,1280,0,1456546427848
Running observer at: 1456546438341
production-topology3-3-1456546217,0.9238613374492107,0.4062344559362286,1960,0,1456546438841
production-topology2-2-1456546210,0.9232462639177004,0.3736879527334669,2340,0,1456546438841
production-topology4-4-1456546224,0.9909188034188035,0.5025457979277522,2140,0,1456546438842
production-topology1-1-1456546203,0.05405405405405404,0.0683060986111171,1480,0,1456546438842
Running observer at: 1456546449387
production-topology3-3-1456546217,1.0627291631468379,0.4347777040758203,2240,0,1456546449995
production-topology2-2-1456546210,1.1793717484537503,0.4059153045622782,1900,0,1456546449995
production-topology4-4-1456546224,1.0262320423478961,0.5263497181286678,2000,0,1456546449996
production-topology1-1-1456546203,0.025599250008259824,0.06672436347767793,1180,0,1456546449996
Running observer at: 1456546460633
production-topology3-3-1456546217,1.0855892539856398,0.4618948519887294,2000,0,1456546461172
production-topology2-2-1456546210,0.8016931415691746,0.4211375290625435,2480,0,1456546461172
production-topology4-4-1456546224,1.0750681634251258,0.5502070418372095,2260,0,1456546461172
production-topology1-1-1456546203,0.483596849394319,0.0816126665461294,1660,0,1456546461173
Running observer at: 1456546471652
production-topology3-3-1456546217,1.0063496518651887,0.4836730439837878,2360,0,1456546472194
production-topology2-2-1456546210,1.15194522498834,0.4482044807634989,2260,0,1456546472194
production-topology4-4-1456546224,0.9685536088364122,0.5676381487955097,2360,0,1456546472194
production-topology1-1-1456546203,1.288761317751046,0.12323848210491962,2240,0,1456546472194
Running observer at: 1456546482745
production-topology3-3-1456546217,0.967792479724993,0.5022930222815265,2280,0,1456546483330
production-topology2-2-1456546210,0.9520468623754375,0.46619885153535384,1900,0,1456546483331
production-topology4-4-1456546224,0.954391014744032,0.5831082634334506,2060,0,1456546483331
production-topology1-1-1456546203,0.925958344226604,0.1499958108423091,2060,0,1456546483331
Running observer at: 1456546493945
production-topology3-3-1456546217,0.9476384759516557,0.5187872983433831,2160,0,1456546494487
production-topology2-2-1456546210,0.9512576418103939,0.4829250167172518,2400,0,1456546494487
production-topology4-4-1456546224,1.0086243758043039,0.5994742677554065,2240,0,1456546494488
production-topology1-1-1456546203,1.0528633107112209,0.18509125453268313,2240,0,1456546494488
Running observer at: 1456546504974
production-topology3-3-1456546217,1.0511751517746932,0.5378011502516442,2160,0,1456546505528
production-topology2-2-1456546210,1.1406332113230864,0.504848623204113,2340,0,1456546505528
production-topology4-4-1456546224,0.9775672705424867,0.6134777123030761,2280,0,1456546505529
production-topology1-1-1456546203,1.0086210086210088,0.21871195482005007,2340,0,1456546505529
Running observer at: 1456546516077
production-topology3-3-1456546217,0.9724775516710058,0.5527899916798981,2360,0,1456546516849
production-topology2-2-1456546210,0.9227566975492809,0.535607179789089,1820,0,1456546516849
production-topology4-4-1456546224,1.0205137915972249,0.6280147151350101,2080,0,1456546516849
production-topology1-1-1456546203,1.076505241311549,0.2545954628637684,2060,0,1456546516850
Running observer at: 1456546527401
production-topology3-3-1456546217,0.991526457686763,0.5674145405467936,2320,0,1456546527931
production-topology2-2-1456546210,1.0318567039433977,0.5700024032538689,2420,0,1456546527931
production-topology4-4-1456546224,0.9707792207792209,0.6398341808468794,2300,0,1456546527931
production-topology1-1-1456546203,0.946683445050792,0.2861515776987948,2300,0,1456546527931
Running observer at: 1456546538399
production-topology3-3-1456546217,1.1003841607565013,0.6040940125720103,1940,0,1456546538918
production-topology2-2-1456546210,1.0297605188358812,0.6043277538817317,2320,0,1456546538918
production-topology4-4-1456546224,0.9942763244259694,0.6516489189661824,2460,0,1456546538919
production-topology1-1-1456546203,1.0853883837754807,0.30733119049131086,2240,0,1456546538919
Running observer at: 1456546549511
production-topology3-3-1456546217,0.986585063327449,0.636980181349592,2340,0,1456546550179
production-topology2-2-1456546210,0.9675278375373277,0.6365786817996426,1940,0,1456546550179
production-topology4-4-1456546224,1.0175520092460881,0.6855673192743853,1920,0,1456546550179
production-topology1-1-1456546203,1.0309075991159162,0.3396685107119977,2080,0,1456546550180
Running observer at: 1456546560764
production-topology3-3-1456546217,0.9760051688863429,0.6695136869791367,2360,0,1456546561287
production-topology2-2-1456546210,1.0462054238480596,0.6714521959279113,2380,0,1456546561287
production-topology4-4-1456546224,1.045771471130972,0.7204263683120844,2200,0,1456546561288
production-topology1-1-1456546203,0.9004145846251108,0.3696823301995014,2280,0,1456546561288
Running observer at: 1456546571757
production-topology3-3-1456546217,1.0021652949148878,0.702919196809633,1940,0,1456546572262
production-topology2-2-1456546210,0.9613592218148979,0.7030080091979879,2300,0,1456546572262
production-topology4-4-1456546224,0.9810676337723483,0.7531286227711627,2500,0,1456546572262
production-topology1-1-1456546203,1.0324969567396454,0.3973348382126703,2240,0,1456546572262
Running observer at: 1456546582814
production-topology3-3-1456546217,1.01864067966017,0.7368738861316386,2260,0,1456546583474
production-topology2-2-1456546210,1.0015384615384615,0.7356588719620583,1940,0,1456546583474
production-topology4-4-1456546224,1.035910791859528,0.783619612306597,1820,0,1456546583474
production-topology1-1-1456546203,1.0952693038619923,0.43318617593235176,2020,0,1456546583475
Running observer at: 1456546594007
production-topology3-3-1456546217,0.9596552473445163,0.7688623943764559,2400,0,1456546594543
production-topology2-2-1456546210,1.0245159425716923,0.7677515509096593,2360,0,1456546594543
production-topology4-4-1456546224,0.9811592799068383,0.811746064692634,2360,0,1456546594543
production-topology1-1-1456546203,1.0132109292965366,0.4660159445719392,2260,0,1456546594543
Running observer at: 1456546605086
production-topology3-3-1456546217,1.0243644084507402,0.8030078746581473,1940,0,1456546605596
production-topology2-2-1456546210,1.1732085395289096,0.8048005439179723,2320,0,1456546605596
production-topology4-4-1456546224,1.0108072517482523,0.8404516700025908,2360,0,1456546605597
production-topology1-1-1456546203,0.9118030949070158,0.4958883950705454,2260,0,1456546605597
Running observer at: 1456546616164
production-topology3-3-1456546217,1.0812802239044996,0.8390505487882972,2260,0,1456546616853
production-topology2-2-1456546210,0.8859221727335425,0.8343312830090904,1920,0,1456546616853
production-topology4-4-1456546224,1.003771005827535,0.869897956579678,1920,0,1456546616853
production-topology1-1-1456546203,1.06007064223757,0.5255450707994521,2100,0,1456546616854
Running observer at: 1456546627413
production-topology3-3-1456546217,0.9072558022290642,0.8692924088625993,2440,0,1456546627957
production-topology2-2-1456546210,0.9132514682269665,0.862667341417648,2440,0,1456546627958
production-topology4-4-1456546224,0.9236816808296555,0.8954634822016226,2340,0,1456546627958
production-topology1-1-1456546203,0.9013632738657844,0.5546457863467688,2300,0,1456546627958
Running observer at: 1456546638427
production-topology3-3-1456546217,1.012245557894737,0.9030339274590905,1900,0,1456546638989
production-topology2-2-1456546210,0.9752396766076015,0.8940339899616769,2280,0,1456546638989
production-topology4-4-1456546224,1.0119576233938608,0.9254342203011532,2420,0,1456546638990
production-topology1-1-1456546203,0.9087009995998651,0.5840563270663414,2240,0,1456546638990
Running observer at: 1456546649547
production-topology3-3-1456546217,0.9861417440993039,0.9359053189290674,2320,0,1456546650204
production-topology2-2-1456546210,1.0824742268041236,0.9298914127481518,1880,0,1456546650204
production-topology4-4-1456546224,1.0170017142495296,0.9560027434796913,1940,0,1456546650204
production-topology1-1-1456546203,1.2861088988461178,0.6237826634077278,2040,0,1456546650204
Running observer at: 1456546660718
production-topology3-3-1456546217,1.0168874520593678,0.9698015673310463,2420,0,1456546661263
production-topology2-2-1456546210,0.9562583333333332,0.9546329791668662,2400,0,1456546661264
production-topology4-4-1456546224,1.0077318221162856,0.9815398730927941,2260,0,1456546661264
production-topology1-1-1456546203,0.9372277433962205,0.6550235881876019,2340,0,1456546661264
Running observer at: 1456546671714
production-topology3-3-1456546217,1.0276574798482694,1.004056816659322,1900,0,1456546672138
production-topology2-2-1456546210,1.086311850806184,0.9871948161789837,2320,0,1456546672138
production-topology4-4-1456546224,1.058645343782096,1.0110860609154704,2300,0,1456546672138
production-topology1-1-1456546203,1.13415147826851,0.6850875227426992,2280,0,1456546672138
Running observer at: 1456546682611
production-topology3-3-1456546217,0.9441086978117059,1.0037321239222923,2380,0,1456546683191
production-topology2-2-1456546210,1.094415090841676,1.0032501103960882,1920,0,1456546683191
production-topology4-4-1456546224,1.0354765447013117,1.0077015758607475,1960,0,1456546683192
production-topology1-1-1456546203,0.7545239483059294,0.7102383210195635,2060,0,1456546683192
Running observer at: 1456546693894
production-topology3-3-1456546217,1.0890944043369437,1.0056985561219032,1840,0,1456546694439
production-topology2-2-1456546210,0.8416988761524028,1.0096891435651292,2380,0,1456546694439
production-topology4-4-1456546224,0.8986909393829512,1.0021404222801495,2340,0,1456546694439
production-topology1-1-1456546203,1.0372957594973038,0.7418390706022124,2300,0,1456546694439
Running observer at: 1456546704943
production-topology3-3-1456546217,1.0075414135967617,1.006587381836634,2480,0,1456546705425
production-topology2-2-1456546210,1.0761600599429693,1.0071034490294155,2260,0,1456546705425
production-topology4-4-1456546224,1.0500990685629372,1.0037319579144304,2360,0,1456546705426
production-topology1-1-1456546203,1.1013893229216594,0.7781967143442673,2300,0,1456546705426
Running observer at: 1456546715905
production-topology3-3-1456546217,1.0235404844033975,1.006119848338024,2200,0,1456546716458
production-topology2-2-1456546210,1.0635468362745977,1.0105658399885287,1980,0,1456546716459
production-topology4-4-1456546224,0.9600496844483726,0.9993783926570236,1980,0,1456546716459
production-topology1-1-1456546203,0.8452129629045252,0.805725484934377,2040,0,1456546716459
Running observer at: 1456546727103
production-topology3-3-1456546217,0.9950170764691069,1.0072419418834242,1960,0,1456546727697
production-topology2-2-1456546210,1.0001008518840442,1.0099543161716045,2420,0,1456546727697
production-topology4-4-1456546224,1.0251479165421777,0.9997359788434732,2260,0,1456546727698
production-topology1-1-1456546203,1.1872685116562778,0.8437610638354879,2300,0,1456546727698
Running observer at: 1456546738245
production-topology3-3-1456546217,0.9646790831996264,1.0053189639549907,2420,0,1456546738789
production-topology2-2-1456546210,0.9641025641025641,1.010099739583442,2240,0,1456546738789
production-topology4-4-1456546224,1.0369112749320484,1.0027078001996261,2440,0,1456546738789
production-topology1-1-1456546203,0.9275217932752178,0.8746784569446617,2200,0,1456546738789
Running observer at: 1456546749275
production-topology3-3-1456546217,1.0971164714941508,1.008937110413803,2180,0,1456546749771
production-topology2-2-1456546210,0.8528867667919452,1.0010449956140874,1920,0,1456546749771
production-topology4-4-1456546224,0.9127162778309332,1.0010637395117494,1940,0,1456546749771
production-topology1-1-1456546203,0.9597511717384645,0.9007055052013517,2120,0,1456546749772
Running observer at: 1456546760377
production-topology3-3-1456546217,0.8587680785443357,1.0029424505495956,2020,0,1456546761002
production-topology2-2-1456546210,1.0612952287828286,1.0037529148296855,2540,0,1456546761002
production-topology4-4-1456546224,1.1000617400371722,1.0033711896740791,2200,0,1456546761002
production-topology1-1-1456546203,1.0743322431666584,0.9349017474376885,2280,0,1456546761002
Running observer at: 1456546771594
production-topology3-3-1456546217,1.0683714401092246,1.007759453971596,2440,0,1456546772188
production-topology2-2-1456546210,1.104615746428247,1.0097985642467038,2160,0,1456546772188
production-topology4-4-1456546224,0.9301491011610995,1.0013455329321557,2400,0,1456546772188
production-topology1-1-1456546203,0.9625345675673633,0.9651844312214656,2260,0,1456546772188
Running observer at: 1456546782665
production-topology3-3-1456546217,0.9478291073033194,1.0039294521101454,2340,0,1456546783172
production-topology2-2-1456546210,0.9820446000656526,1.0032209926337672,1900,0,1456546783172
production-topology4-4-1456546224,1.0603460484606724,1.002482666469248,1900,0,1456546783172
production-topology1-1-1456546203,1.1155084285317296,1.001514737172248,2120,0,1456546783172
Running observer at: 1456546793810
production-topology3-3-1456546217,1.0269950915518797,1.0019763133623534,1860,0,1456546794383
production-topology2-2-1456546210,0.932680097859725,1.007587224510119,2520,0,1456546794383
production-topology4-4-1456546224,1.0346454903460396,1.0011352440332786,2340,0,1456546794383
production-topology1-1-1456546203,0.9000766983199416,1.015397398803102,2280,0,1456546794383
Running observer at: 1456546805010
production-topology3-3-1456546217,0.9847183196190421,1.0012552689541485,2480,0,1456546805540
production-topology2-2-1456546210,1.0781242703149398,1.0051265260210056,2220,0,1456546805540
production-topology4-4-1456546224,0.9526775156937086,1.0006060409285218,2440,0,1456546805540
production-topology1-1-1456546203,1.0023344283167812,1.0058498358219599,2200,0,1456546805541
Running observer at: 1456546816029
production-topology3-3-1456546217,1.0728517510421685,1.004757244664721,2300,0,1456546816554
production-topology2-2-1456546210,0.9902450878550505,1.0063998002036594,1940,0,1456546816554
production-topology4-4-1456546224,1.03274299589538,1.0032177736335668,1920,0,1456546816554
production-topology1-1-1456546203,1.1138920780711825,1.012114293616779,2100,0,1456546816554
Running observer at: 1456546827032
production-topology3-3-1456546217,0.987991554084205,1.0061023472691393,1860,0,1456546827643
production-topology2-2-1456546210,0.9349007589633666,1.0058545707754252,2460,0,1456546827643
production-topology4-4-1456546224,0.9422278070003188,1.0010045546734339,2240,0,1456546827643
production-topology1-1-1456546203,0.8913704030514656,1.0067311966947872,2340,0,1456546827643
Running observer at: 1456546838090
production-topology3-3-1456546217,0.990755611657065,1.0040883625985517,2260,0,1456546838785
production-topology2-2-1456546210,1.129459340311532,1.0054821084083732,1780,0,1456546838786
production-topology4-4-1456546224,1.0389273735810112,1.0030498914413846,2040,0,1456546838786
production-topology1-1-1456546203,1.1877025597963289,1.0127005817339645,1820,0,1456546838786
Running observer at: 1456546849249
production-topology3-3-1456546217,0.965054430016865,1.0038409252100804,2540,0,1456546849755
production-topology2-2-1456546210,0.9245341947458595,1.005541358314926,2380,0,1456546849756
production-topology4-4-1456546224,0.998998505327594,1.002332715232397,2320,0,1456546849756
production-topology1-1-1456546203,0.8340355240973231,1.0046182578268237,2440,0,1456546849756
Running observer at: 1456546860241
production-topology3-3-1456546217,0.9997754665651879,1.0041158921726945,1880,0,1456546860741
production-topology2-2-1456546210,1.0046891511329488,1.0046357732212443,2440,0,1456546860741
production-topology4-4-1456546224,0.9864421054020229,1.0028548113864904,2340,0,1456546860741
production-topology1-1-1456546203,1.1657126742986057,1.0119192321350843,2280,0,1456546860742
Running observer at: 1456546871336
production-topology3-3-1456546217,1.0080069492177566,1.0010366517880693,2300,0,1456546872015
production-topology2-2-1456546210,1.0683686004779869,1.0059227092759813,1740,0,1456546872015
production-topology4-4-1456546224,1.0134637916989102,1.0034943936289218,2020,0,1456546872015
production-topology1-1-1456546203,0.9996367005583595,1.0090608426945136,1960,0,1456546872015
Running observer at: 1456546882485
production-topology3-3-1456546217,0.990703713512241,1.0011739401275626,2400,0,1456546883056
production-topology2-2-1456546210,0.975396661478028,1.006185003407338,2520,0,1456546883056
production-topology4-4-1456546224,1.0471653865525057,1.0044815062058026,2200,0,1456546883057
production-topology1-1-1456546203,1.0500529661016949,1.0096990215940393,2360,0,1456546883057
Running observer at: 1456546893587
production-topology3-3-1456546217,1.049301584782556,1.0036171539907695,1860,0,1456546894076
production-topology2-2-1456546210,0.9326959975039928,1.0024013558625355,2380,0,1456546894076
production-topology4-4-1456546224,1.0183468732836658,1.0035673529442257,2280,0,1456546894076
production-topology1-1-1456546203,0.9358495922685629,1.0108801885154879,2380,0,1456546894077
Running observer at: 1456546904688
production-topology3-3-1456546217,1.0375989172537747,1.0047982747353992,2320,0,1456546905343
production-topology2-2-1456546210,1.0517990047122034,1.0054160152924458,1740,0,1456546905343
production-topology4-4-1456546224,0.9379521772129064,1.0021301710589108,2160,0,1456546905343
production-topology1-1-1456546203,0.9952795220652364,1.0096396073596743,1800,0,1456546905344
Running observer at: 1456546915850
production-topology3-3-1456546217,0.9433204652685807,1.0022876009223463,2420,0,1456546916370
production-topology2-2-1456546210,0.9033621933500516,1.002143473019499,2460,0,1456546916370
production-topology4-4-1456546224,1.0423184234192062,1.0023437587775668,2180,0,1456546916371
production-topology1-1-1456546203,0.9870783916229028,1.0060332436183712,2420,0,1456546916371
Running observer at: 1456546926853
production-topology3-3-1456546217,1.0899826408334579,1.0066318473719778,1920,0,1456546927356
production-topology2-2-1456546210,1.1705889385094232,1.0070125728840897,2440,0,1456546927356
production-topology4-4-1456546224,0.9570488329478064,1.0015400772122658,2360,0,1456546927357
production-topology1-1-1456546203,0.963237098501213,1.004367449258527,2400,0,1456546927357
Running observer at: 1456546937957
production-topology3-3-1456546217,0.9530474475044876,1.0042546153404357,2300,0,1456546938654
production-topology2-2-1456546210,0.8669183392797225,0.9968028995424503,1840,0,1456546938654
production-topology4-4-1456546224,1.033321792193305,1.0022905618937674,2020,0,1456546938655
production-topology1-1-1456546203,0.8491390505854268,1.0022786477811407,1900,0,1456546938655
Running observer at: 1456546949148
production-topology3-3-1456546217,0.94412019873316,0.9996826145013912,2340,0,1456546949649
production-topology2-2-1456546210,1.0625866261539885,1.0026917146564651,2340,0,1456546949649
production-topology4-4-1456546224,1.078943730371051,1.0047963193785514,2240,0,1456546949649
production-topology1-1-1456546203,1.251847552456259,1.008671211455097,2440,0,1456546949650
/var/nimbus/storm/bin/storm rebalance production-topology3 -e spout_head=11
1456546949947
/var/nimbus/storm/bin/storm rebalance production-topology4 -e bolt_output_1=9
Running observer at: 1456546960121
production-topology3-3-1456546217,1.000998713127858,1.000998713127858,123100,0,1456546960576
production-topology2-2-1456546210,0.9369527069723993,1.0034817559479794,2440,0,1456546960576
production-topology4-4-1456546224,0.9322269304333228,0.9322269304333228,134700,0,1456546960577
production-topology1-1-1456546203,0.8536966149422466,1.0070823228243124,2260,0,1456546960577
Running observer at: 1456546971079
production-topology3-3-1456546217,1.119047619047619,1.0600231660877384,60,0,1456546971579
production-topology2-2-1456546210,1.1295358357038783,1.0086249612511888,1800,0,1456546971580
production-topology4-4-1456546224,0.46071428571428574,0.6964706080738043,100,0,1456546971580
production-topology1-1-1456546203,0.9402074858890677,1.0081325390339526,1980,0,1456546971580
Running observer at: 1456546982383
production-topology3-3-1456546217,2.0,1.3733487773918256,0,0,1456546982899
production-topology2-2-1456546210,0.9841919609420513,1.005348885722453,2360,0,1456546982899
production-topology4-4-1456546224,2.0,1.1309804053825363,0,0,1456546982899
production-topology1-1-1456546203,1.2510772102921568,1.0069648160821538,2420,0,1456546982899
Running observer at: 1456546988101
production-topology3-3-1456546217,2.0,1.5300115830438692,0,0,1456546988688
production-topology2-2-1456546210,1.1009457838089067,1.0101718007383056,1280,0,1456546988688
production-topology4-4-1456546224,2.0,1.3482353040369022,0,0,1456546988688
production-topology1-1-1456546203,0.8935695741374535,1.0055095437735284,980,0,1456546988688
Running observer at: 1456546989196
production-topology3-3-1456546217,0.0,1.2240092664350954,110860,0,1456546989716
production-topology2-2-1456546210,1.0,1.0072947390447662,0,0,1456546989716
production-topology4-4-1456546224,2.0,1.4785882432295216,0,0,1456546989716
production-topology1-1-1456546203,1.50528,1.0178804944979114,100,0,1456546989717
Running observer at: 1456546993316
production-topology3-3-1456546217,0.9993927493090532,1.1865731802474218,74060,0,1456546993751
production-topology2-2-1456546210,0.9560808128919587,1.0026835964464422,1180,0,1456546993751
production-topology4-4-1456546224,0.0,1.2321568693579348,0,0,1456546993751
production-topology1-1-1456546203,0.918294151997224,1.023339501287621,1240,0,1456546993751
Running observer at: 1456547004157
production-topology3-3-1456546217,0.8235310490445795,1.1347100186470158,2080,0,1456547004632
production-topology2-2-1456546210,1.0058931873488204,1.0081567401529894,1800,0,1456547004632
production-topology4-4-1456546224,0.0,1.0561344594496584,0,0,1456547004632
production-topology1-1-1456546203,1.0155111596536612,1.0226133479594999,1860,0,1456547004632
Running observer at: 1456547015135
production-topology3-3-1456546217,0.959701758209636,1.1128339860923433,2280,0,1456547015763
production-topology2-2-1456546210,1.0432797370914684,1.0070607293912726,2420,0,1456547015763
production-topology4-4-1456546224,0.8840445269016698,1.0346232178811599,1540,0,1456547015763
production-topology1-1-1456546203,0.8716276636225267,1.0149546259828621,2240,0,1456547015763
Running observer at: 1456547026218
production-topology3-3-1456546217,1.066064354133776,1.1076373603191692,2300,0,1456547026849
production-topology2-2-1456546210,0.9084016240934415,1.0018892223185674,1760,0,1456547026850
production-topology4-4-1456546224,1.1436072331378628,1.0467325529096823,2040,0,1456547026850
production-topology1-1-1456546203,1.1575096296305354,1.025364514873729,2020,0,1456547026850
Running observer at: 1456547037330
production-topology3-3-1456546217,0.9564442149175099,1.0925180457790031,2720,0,1456547037789
production-topology2-2-1456546210,1.1539194420226677,1.0070165086565217,2400,0,1456547037789
production-topology4-4-1456546224,0.9852151184605406,1.0405808094647682,2380,0,1456547037789
production-topology1-1-1456546203,0.9516421690278457,1.0175103034527813,2300,0,1456547037789
Running observer at: 1456547048314
production-topology3-3-1456546217,0.9898929106403332,1.083188488039124,2280,0,1456547048866
production-topology2-2-1456546210,0.8175425767918487,1.0021311757461644,2520,0,1456547048866
production-topology4-4-1456546224,0.9775184275184277,1.0348478656514646,2200,0,1456547048866
production-topology1-1-1456546203,0.9867267527793843,1.01948380210292,2400,0,1456547048866
Running observer at: 1456547059437
production-topology3-3-1456546217,0.9933486438549668,1.075701834357111,2280,0,1456547060020
production-topology2-2-1456546210,1.257606490872211,1.0156218332155065,1740,0,1456547060020
production-topology4-4-1456546224,0.927048799367563,1.0258646101278062,2200,0,1456547060020
production-topology1-1-1456546203,1.0483401281304598,1.0224367673159866,2020,0,1456547060020
Running observer at: 1456547070550
production-topology3-3-1456546217,1.0551870631199984,1.0741237750311792,2740,0,1456547071022
production-topology2-2-1456546210,1.0449191425610627,1.0150759636747813,2320,0,1456547071023
production-topology4-4-1456546224,1.005048080209713,1.024263338595645,2300,0,1456547071023
production-topology1-1-1456546203,0.9345165999470056,1.0177762458753314,2260,0,1456547071023
Running observer at: 1456547081496
production-topology3-3-1456546217,0.9677409854447133,1.0665250043464316,2260,0,1456547082047
production-topology2-2-1456546210,0.9915722010959934,1.0113078454970392,2480,0,1456547082047
production-topology4-4-1456546224,1.0367954520228961,1.0251584895547343,1880,0,1456547082047
production-topology1-1-1456546203,1.0748395249074598,1.0215197444533348,2260,0,1456547082047
Running observer at: 1456547092672
production-topology3-3-1456546217,1.0266963757404115,1.0638697624393636,2320,0,1456547093317
production-topology2-2-1456546210,0.7506936928090823,1.003596148588487,1780,0,1456547093318
production-topology4-4-1456546224,1.0704078677282305,1.0281751147663007,2300,0,1456547093318
production-topology1-1-1456546203,0.9811451789677801,1.0170409694678697,1980,0,1456547093318
Running observer at: 1456547103789
production-topology3-3-1456546217,1.0169107705942917,1.0609348254490465,2700,0,1456547104290
production-topology2-2-1456546210,1.1534492438128305,1.0109551201202573,2400,0,1456547104290
production-topology4-4-1456546224,0.9493585174625802,1.0232490774348182,2440,0,1456547104290
production-topology1-1-1456546203,0.9863512644269748,1.019916788338104,2340,0,1456547104290
Running observer at: 1456547114763
production-topology3-3-1456546217,0.8788447487228939,1.0502236444651551,2320,0,1456547115268
production-topology2-2-1456546210,1.0225059120702193,1.0091011748454333,2420,0,1456547115269
production-topology4-4-1456546224,0.9946684338524441,1.021567863106443,2000,0,1456547115269
production-topology1-1-1456546203,1.0332923077649712,1.0209487176530436,2260,0,1456547115269
Running observer at: 1456547125738
production-topology3-3-1456546217,1.1111191777430782,1.053606729647262,2240,0,1456547126295
production-topology2-2-1456546210,1.0575087787867705,1.0113432978764905,1780,0,1456547126295
production-topology4-4-1456546224,1.0155996499658417,1.0212362957097432,2180,0,1456547126295
production-topology1-1-1456546203,0.9021915584415584,1.0138920336653896,1940,0,1456547126295
Running observer at: 1456547136932
production-topology3-3-1456546217,0.9743974696920783,1.0494378212285682,2420,0,1456547137550
production-topology2-2-1456546210,0.9751666904252793,1.0126854955918876,2400,0,1456547137550
production-topology4-4-1456546224,1.006674200447804,1.0204698696433254,2200,0,1456547137551
production-topology1-1-1456546203,0.9410801963993453,1.0155490267769856,2400,0,1456547137551
Running observer at: 1456547148079
production-topology3-3-1456546217,0.9876221834721642,1.046347039340748,2560,0,1456547148585
production-topology2-2-1456546210,0.8908683900389422,1.0047324639161346,2400,0,1456547148585
production-topology4-4-1456546224,1.0384380342099067,1.0213682778716544,2140,0,1456547148585
production-topology1-1-1456546203,1.201832228369324,1.0160200157294186,2320,0,1456547148585
Running observer at: 1456547159049
production-topology3-3-1456546217,1.026358987908138,1.0453952273677667,2360,0,1456547159582
production-topology2-2-1456546210,1.0584845837194494,1.0091974768819207,1800,0,1456547159582
production-topology4-4-1456546224,0.918055144693811,1.0164486048631856,2360,0,1456547159582
production-topology1-1-1456546203,0.9334354000491695,1.0193333449278135,1920,0,1456547159582
Running observer at: 1456547170230
production-topology3-3-1456546217,1.0387898881650872,1.0450949846767357,2240,0,1456547170790
production-topology2-2-1456546210,1.1336930149999889,1.013497605677489,2440,0,1456547170790
production-topology4-4-1456546224,1.0427185930145169,1.0176426952337005,2160,0,1456547170790
production-topology1-1-1456546203,1.0172654229492997,1.01438510321617,2200,0,1456547170790
Running observer at: 1456547181321
production-topology3-3-1456546217,0.9348480049750095,1.0403016377331824,2560,0,1456547181857
production-topology2-2-1456546210,0.9711772929487404,1.010257895426514,2460,0,1456547181857
production-topology4-4-1456546224,0.9811664909979516,1.0160567733104071,2140,0,1456547181858
production-topology1-1-1456546203,0.97618659681901,1.013603433091525,2460,0,1456547181858
Running observer at: 1456547192305
production-topology3-3-1456546217,1.0244549159774372,1.0396413576600263,2500,0,1456547192858
production-topology2-2-1456546210,1.04353757298976,1.0125292591435717,1760,0,1456547192858
production-topology4-4-1456546224,1.0526073467175214,1.017579713869037,2260,0,1456547192858
production-topology1-1-1456546203,1.0051023011898903,1.0121050775944649,1880,0,1456547192858
Running observer at: 1456547203391
production-topology3-3-1456546217,0.9702405983783269,1.0368653272887585,2360,0,1456547203995
production-topology2-2-1456546210,0.8997067448680349,1.0114296173890398,2480,0,1456547203995
production-topology4-4-1456546224,0.9760195209871079,1.0159173061537599,2080,0,1456547203995
production-topology1-1-1456546203,1.03126970112901,1.0152857478898132,2360,0,1456547203995
Running observer at: 1456547214499
production-topology3-3-1456546217,1.1012164300134484,1.0393403697012464,2220,0,1456547215089
production-topology2-2-1456546210,0.9935631760407642,1.0094884230999916,2140,0,1456547215089
production-topology4-4-1456546224,0.9302162607948791,1.0126211121014952,2280,0,1456547215089
production-topology1-1-1456546203,0.9996625278527156,1.0154318480827291,2220,0,1456547215090
Running observer at: 1456547225550
production-topology3-3-1456546217,0.877275857291686,1.0333379803527443,2760,0,1456547226109
production-topology2-2-1456546210,1.115329391891892,1.0165539963847197,2040,0,1456547226109
production-topology4-4-1456546224,1.0358094631550683,1.013479939918294,2280,0,1456547226109
production-topology1-1-1456546203,1.005765840578668,1.0160547630479213,2040,0,1456547226109
Running observer at: 1456547236639
production-topology3-3-1456546217,1.1625456083250487,1.0379525384946124,2180,0,1456547237326
production-topology2-2-1456546210,0.872434017595308,1.0066154990209157,2360,0,1456547237327
production-topology4-4-1456546224,0.9887742883188559,1.0125975952183142,2120,0,1456547237327
production-topology1-1-1456546203,0.9887507957379751,1.0169052196224801,2280,0,1456547237327
Running observer at: 1456547247896
production-topology3-3-1456546217,0.9726173622349226,1.0356996013822093,2520,0,1456547248436
production-topology2-2-1456546210,1.2048965896509232,1.017881440699956,2240,0,1456547248436
production-topology4-4-1456546224,1.048678018544647,1.0138417477468082,2200,0,1456547248436
production-topology1-1-1456546203,0.9681817734060044,1.020873310383166,2300,0,1456547248436
Running observer at: 1456547258897
production-topology3-3-1456546217,0.9982399625789351,1.0344509467554335,2540,0,1456547259426
production-topology2-2-1456546210,1.0505970375421323,1.0174817877462272,1960,0,1456547259426
production-topology4-4-1456546224,1.0094920116197783,1.013696756542574,2300,0,1456547259427
production-topology1-1-1456546203,1.0744778741685461,1.0149609877735757,2060,0,1456547259427
Running observer at: 1456547269978
production-topology3-3-1456546217,1.0120878497778254,1.0348205846437657,2280,0,1456547270456
production-topology2-2-1456546210,0.9880402155550667,1.019184704698983,2480,0,1456547270456
production-topology4-4-1456546224,0.9935033430181679,1.0157393036287354,2120,0,1456547270457
production-topology1-1-1456546203,0.938858025464759,1.0177997014576596,2300,0,1456547270457
Running observer at: 1456547281023
production-topology3-3-1456546217,0.941911196907717,1.0289160372391022,2420,0,1456547281609
production-topology2-2-1456546210,1.0122342996243354,1.0152746534963315,1920,0,1456547281610
production-topology4-4-1456546224,1.0192449991868595,1.0343569940778214,2140,0,1456547281610
production-topology1-1-1456546203,0.9859998479194576,1.0193261135253393,2280,0,1456547281610
Running observer at: 1456547292069
production-topology3-3-1456546217,1.0298603459550497,0.9965780487709373,2620,0,1456547292558
production-topology2-2-1456546210,0.8216859716859718,1.0098577871877954,2240,0,1456547292558
production-topology4-4-1456546224,0.9955810711462565,1.00087636311603,2320,0,1456547292558
production-topology1-1-1456546203,1.1037395277989337,1.0144148574422318,2020,0,1456547292558
Running observer at: 1456547303117
production-topology3-3-1456546217,1.002094440606807,0.9633145301244973,2280,0,1456547303643
production-topology2-2-1456546210,1.047287465878247,1.008069176590107,2420,0,1456547303643
production-topology4-4-1456546224,1.0276279620095723,0.9684639618496823,2140,0,1456547303643
production-topology1-1-1456546203,0.9171123645087623,1.0151996171212756,2280,0,1456547303643
Running observer at: 1456547314205
production-topology3-3-1456546217,1.0022591128427454,0.9967231672192554,2380,0,1456547314834
production-topology2-2-1456546210,1.1351239024646171,1.0125733066722609,1940,0,1456547314834
production-topology4-4-1456546224,0.9617610046679972,0.9338559953386156,2180,0,1456547314834
production-topology1-1-1456546203,0.92634102487264,0.9959016512836969,2280,0,1456547314834
/var/nimbus/storm/bin/storm rebalance production-topology1 -e spout_head=11
1456547315041
/var/nimbus/storm/bin/storm rebalance production-topology2 -e spout_head=9
Running observer at: 1456547325252
production-topology3-3-1456546217,0.9833137362107657,0.9961872001159794,2240,0,1456547325743
production-topology2-2-1456546210,0.9319687983664535,0.9319687983664535,209640,0,1456547325743
production-topology4-4-1456546224,1.0242233597448416,0.967996773996777,2160,0,1456547325743
production-topology1-1-1456546203,0.8640610645579991,0.8640610645579991,200940,0,1456547325743
Running observer at: 1456547336207
production-topology3-3-1456546217,1.001354229675294,1.0021146394703364,2600,0,1456547336683
production-topology2-2-1456546210,0.42428571428571416,0.6781272563260838,200,0,1456547336683
production-topology4-4-1456546224,0.924119828345167,0.9988007682749491,2400,0,1456547336683
production-topology1-1-1456546203,2.188034188034188,1.5260476262960934,120,0,1456547336683
Running observer at: 1456547347187
production-topology3-3-1456546217,1.0006049055963904,1.0034780777165613,2420,0,1456547347815
production-topology2-2-1456546210,1.0,0.7854181708840559,0,0,1456547347815
production-topology4-4-1456546224,1.0959824146705823,1.005865364533913,1920,0,1456547347815
production-topology1-1-1456546203,1.0,1.3506984175307288,0,0,1456547347816
Running observer at: 1456547353678
production-topology3-3-1456546217,0.9910013792990368,1.0009759785554035,1280,0,1456547354204
production-topology2-2-1456546210,1.0,0.8390636281630419,0,0,1456547354204
production-topology4-4-1456546224,0.9598587445418432,0.9997404149140456,1420,0,1456547354204
production-topology1-1-1456546203,1.0,1.2630238131480467,0,0,1456547354204
Running observer at: 1456547354704
production-topology3-3-1456546217,1.1256243756243753,1.0066153172456322,280,0,1456547355262
production-topology2-2-1456546210,1.0,0.8712509025304336,0,0,1456547355262
production-topology4-4-1456546224,1.0286538857967429,1.0011883738252525,220,0,1456547355263
production-topology1-1-1456546203,0.0,1.0104190505184374,183840,0,1456547355263
Running observer at: 1456547358352
production-topology3-3-1456546217,0.9420009087478151,1.0050189171825483,700,0,1456547358883
production-topology2-2-1456546210,0.960708895110514,0.886160567960447,0,0,1456547358884
production-topology4-4-1456546224,0.8804597606223068,0.9979530849287153,620,0,1456547358884
production-topology1-1-1456546203,0.8510828726942832,0.9838630208810782,122780,0,1456547358884
Running observer at: 1456547369347
production-topology3-3-1456546217,0.9642312088598937,1.004048336016046,2680,0,1456547369869
production-topology2-2-1456546210,0.960708895110514,0.8968103289818851,0,0,1456547369869
production-topology4-4-1456546224,1.099088455497248,1.003687740133038,2160,0,1456547369869
production-topology1-1-1456546203,0.7000759734093067,0.9433220140993966,1960,0,1456547369869
Running observer at: 1456547380321
production-topology3-3-1456546217,1.0348290836554663,1.0033697367005616,2400,0,1456547380829
production-topology2-2-1456546210,0.9774603455914931,0.9068915810580861,1220,0,1456547380829
production-topology4-4-1456546224,0.9749778572501506,1.0026853993677194,2240,0,1456547380829
production-topology1-1-1456546203,1.0548843359488522,0.9572673043305786,2480,0,1456547380830
Running observer at: 1456547391372
production-topology3-3-1456546217,1.034984742397091,1.0056111952656408,2180,0,1456547391930
production-topology2-2-1456546210,1.0298322108501974,0.9205516510349874,2080,0,1456547391930
production-topology4-4-1456546224,0.9980260774062906,1.001393086880499,2100,0,1456547391930
production-topology1-1-1456546203,1.0823836994265406,0.9711691260079076,2120,0,1456547391930
Running observer at: 1456547402491
production-topology3-3-1456546217,0.9928532780972801,1.0044830920108696,2720,0,1456547403039
production-topology2-2-1456546210,1.0334532441759747,0.9318418103490862,1980,0,1456547403039
production-topology4-4-1456546224,0.9725419553786427,0.9981308898021796,2180,0,1456547403039
production-topology1-1-1456546203,0.9292894605394605,0.9669811594610629,2740,0,1456547403039
Running observer at: 1456547413577
production-topology3-3-1456546217,0.9878116377111494,1.0035131209147652,2300,0,1456547414170
production-topology2-2-1456546210,0.8484683266261343,0.9242624027379087,2000,0,1456547414170
production-topology4-4-1456546224,1.0236339661717786,1.000606738092486,2320,0,1456547414170
production-topology1-1-1456546203,0.95276571682311,0.9656888464939762,2360,0,1456547414170
Running observer at: 1456547424756
production-topology3-3-1456546217,1.1052436440677966,1.011059750759595,2300,0,1456547425236
production-topology2-2-1456546210,1.0627433885498403,0.935802484888903,1920,0,1456547425236
production-topology4-4-1456546224,1.020410959468592,1.0014648222796911,2160,0,1456547425236
production-topology1-1-1456546203,0.9834284098027724,0.967167143436376,2360,0,1456547425236
Running observer at: 1456547435928
production-topology3-3-1456546217,0.9521171349426195,1.0057596826662465,2660,0,1456547436407
production-topology2-2-1456546210,1.0916222938549511,0.9477886240401374,2120,0,1456547436407
production-topology4-4-1456546224,0.9572077465205887,0.9995184254981826,2220,0,1456547436407
production-topology1-1-1456546203,1.0376606416587744,0.9725897202227144,2540,0,1456547436407
Running observer at: 1456547446936
production-topology3-3-1456546217,1.0046746017339752,1.0067689204009764,2380,0,1456547447445
production-topology2-2-1456546210,1.027974464646465,0.9535161840834466,1900,0,1456547447445
production-topology4-4-1456546224,0.9871111689358629,0.9988663244477844,2240,0,1456547447445
production-topology1-1-1456546203,0.8472991837565409,0.9636403961894162,2420,0,1456547447445
Running observer at: 1456547458010
production-topology3-3-1456546217,1.0704811776183067,1.0095308868725148,2280,0,1456547458539
production-topology2-2-1456546210,0.9983779214548445,0.9565069665748731,1840,0,1456547458539
production-topology4-4-1456546224,0.9858323534014068,0.9971128017541678,2160,0,1456547458540
production-topology1-1-1456546203,1.1012745623638935,0.9728160072677148,2100,0,1456547458540
Running observer at: 1456547469174
production-topology3-3-1456546217,0.9598458377911991,1.0073137818686169,2440,0,1456547469693
production-topology2-2-1456546210,0.8564693204014278,0.9502546136890329,2100,0,1456547469694
production-topology4-4-1456546224,1.0514884267926452,1.001560577824129,2160,0,1456547469694
production-topology1-1-1456546203,1.0306374357247605,0.9764298465462801,2660,0,1456547469694
Running observer at: 1456547480227
production-topology3-3-1456546217,1.0453697165049542,1.0075331094799456,2300,0,1456547480721
production-topology2-2-1456546210,1.1145763982606085,0.9599206010167727,1900,0,1456547480721
production-topology4-4-1456546224,1.051756279434851,1.0018618340381402,2260,0,1456547480721
production-topology1-1-1456546203,1.1034287528414286,0.9839003704459948,2440,0,1456547480721
Running observer at: 1456547491205
production-topology3-3-1456546217,0.944310836729801,1.0078485372051054,2560,0,1456547491744
production-topology2-2-1456546210,1.0754404000774969,0.9663383676312574,1920,0,1456547491744
production-topology4-4-1456546224,0.9088109607204418,0.9994499830288895,2200,0,1456547491744
production-topology1-1-1456546203,1.027671330031229,0.9863320904229522,2260,0,1456547491744
Running observer at: 1456547502228
production-topology3-3-1456546217,1.0665164164935086,1.0092505872223076,2340,0,1456547502792
production-topology2-2-1456546210,1.0125585155884052,0.968771006997423,1940,0,1456547502792
production-topology4-4-1456546224,0.9540477295942058,0.9961646624581124,2200,0,1456547502792
production-topology1-1-1456546203,0.9908061926354894,0.9865675694867699,2500,0,1456547502793
Running observer at: 1456547513264
production-topology3-3-1456546217,1.0004268076437746,1.0102567941978227,2220,0,1456547513851
production-topology2-2-1456546210,0.9414855630101148,0.9674067347980577,2020,0,1456547513851
production-topology4-4-1456546224,1.0528388482004836,0.9987253066985583,2160,0,1456547513851
production-topology1-1-1456546203,1.0335339339757192,0.9889158877112173,2280,0,1456547513851
Running observer at: 1456547524415
production-topology3-3-1456546217,0.9784777173363723,1.0061655037752533,2700,0,1456547524898
production-topology2-2-1456546210,0.9618964003511854,0.9671443379196353,2080,0,1456547524898
production-topology4-4-1456546224,0.9864356567481852,1.0005992865636684,2260,0,1456547524898
production-topology1-1-1456546203,1.0200279843068396,0.9903974161205327,2520,0,1456547524899
Running observer at: 1456547535456
production-topology3-3-1456546217,0.9458295957682521,1.008450628391139,2360,0,1456547536093
production-topology2-2-1456546210,1.0552151093556876,0.9711475548030922,1940,0,1456547536093
production-topology4-4-1456546224,0.9921294250360515,0.9991432852930344,2220,0,1456547536093
production-topology1-1-1456546203,0.9811587493590986,0.9899774767222858,2500,0,1456547536094
Running observer at: 1456547546551
production-topology3-3-1456546217,1.0722680420751618,1.0054413761828094,2280,0,1456547547175
production-topology2-2-1456546210,0.9153597620390789,0.9687219985959612,1980,0,1456547547175
production-topology4-4-1456546224,1.0645010355051396,1.001667510199244,2040,0,1456547547175
production-topology1-1-1456546203,0.9454227451717933,0.98804031448096,2300,0,1456547547175
Running observer at: 1456547557694
production-topology3-3-1456546217,0.9601003447606096,1.005024142266999,2660,0,1456547558246
production-topology2-2-1456546210,1.124081215627627,0.9751952993056139,2060,0,1456547558246
production-topology4-4-1456546224,1.0304000773899054,1.0010582454940862,2300,0,1456547558246
production-topology1-1-1456546203,0.9443149597628901,0.9862184247010405,2520,0,1456547558246
Running observer at: 1456547568787
production-topology3-3-1456546217,1.0562807664435807,1.006958835729154,2320,0,1456547569344
production-topology2-2-1456546210,1.0867361175029908,0.9796569320335089,1820,0,1456547569344
production-topology4-4-1456546224,1.0376350853225973,1.0019963479508467,2200,0,1456547569344
production-topology1-1-1456546203,0.995890454375572,0.9866053058880218,2460,0,1456547569344
Running observer at: 1456547579860
production-topology3-3-1456546217,0.9986414907347008,1.0065106237610497,2260,0,1456547580449
production-topology2-2-1456546210,0.9180826229898394,0.9772886893779832,2000,0,1456547580450
production-topology4-4-1456546224,0.9968968085079422,1.0021094634671726,2140,0,1456547580450
production-topology1-1-1456546203,1.1148763226122906,0.9915388065312628,2220,0,1456547580450
Running observer at: 1456547590972
production-topology3-3-1456546217,0.9772058934162253,1.0076871136446666,2720,0,1456547591522
production-topology2-2-1456546210,1.0071635566720862,0.9783951659444314,2060,0,1456547591522
production-topology4-4-1456546224,0.97286431464211,1.000563440649014,2300,0,1456547591522
production-topology1-1-1456546203,0.9560773403811379,0.9902254188960731,2600,0,1456547591522
Running observer at: 1456547602004
production-topology3-3-1456546217,0.9694832715694972,1.0056745444984816,2300,0,1456547602531
production-topology2-2-1456546210,1.0004282313645825,0.9791820611380083,1900,0,1456547602532
production-topology4-4-1456546224,1.018832765746346,1.0013384971356838,2160,0,1456547602532
production-topology1-1-1456546203,0.9327538483290675,0.9881728628043943,2520,0,1456547602532
Running observer at: 1456547613149
production-topology3-3-1456546217,1.019960421510016,1.0062700771952553,2280,0,1456547613798
production-topology2-2-1456546210,0.9931546443714666,0.9796638743529551,2080,0,1456547613798
production-topology4-4-1456546224,1.009033651037442,1.000718686769946,2140,0,1456547613798
production-topology1-1-1456546203,1.0066762331854093,0.988810910058912,2180,0,1456547613798
Running observer at: 1456547624337
production-topology3-3-1456546217,0.9642339002781665,1.0050025701097693,2680,0,1456547624855
production-topology2-2-1456546210,1.1042090144063879,0.9838153790214028,2000,0,1456547624855
production-topology4-4-1456546224,0.9022977501010533,0.9987365782843813,2360,0,1456547624855
production-topology1-1-1456546203,1.1173681205593702,0.9930961504089273,2540,0,1456547624855
Running observer at: 1456547635339
production-topology3-3-1456546217,1.0556010635705646,1.0074121476884292,2280,0,1456547635882
production-topology2-2-1456546210,0.9827727332564513,0.985508843517736,1920,0,1456547635882
production-topology4-4-1456546224,1.0962541599856797,1.0011376049590759,1980,0,1456547635883
production-topology1-1-1456546203,1.0124254444022591,0.9980416297370692,2500,0,1456547635883
Running observer at: 1456547646407
production-topology3-3-1456546217,0.9856087759124772,1.0068872992296687,2320,0,1456547647152
production-topology2-2-1456546210,0.9039314516129031,1.0014970347619756,2000,0,1456547647152
production-topology4-4-1456546224,1.040092139081993,1.0050033486503034,2180,0,1456547647152
production-topology1-1-1456546203,0.9096356019388159,0.9554283435338903,2260,0,1456547647152
Running observer at: 1456547657680
production-topology3-3-1456546217,1.045438114517062,1.0083817395270243,2660,0,1456547658254
production-topology2-2-1456546210,1.0993732098998679,1.0048094750919712,2000,0,1456547658254
production-topology4-4-1456546224,0.9420767467318443,0.9998731597190121,2460,0,1456547658255
production-topology1-1-1456546203,0.9538824419994782,0.9538910916005395,2540,0,1456547658255
Running observer at: 1456547668728
production-topology3-3-1456546217,0.9333399394704118,1.0064596915327368,2380,0,1456547669317
production-topology2-2-1456546210,1.062002513615417,1.0068762255458183,1860,0,1456547669318
production-topology4-4-1456546224,0.9916801400408777,1.0009338729023134,2140,0,1456547669318
production-topology1-1-1456546203,1.0244278886065048,0.9547053545540897,2540,0,1456547669318
Running observer at: 1456547679880
production-topology3-3-1456546217,1.019137806823416,1.0029101392393716,2240,0,1456547680503
production-topology2-2-1456546210,1.0016723378792345,1.006931970141793,1980,0,1456547680503
production-topology4-4-1456546224,0.9772733166904448,0.9992211872654368,1940,0,1456547680504
production-topology1-1-1456546203,1.0743556142176163,0.9905172083613435,2240,0,1456547680504
Running observer at: 1456547691048
production-topology3-3-1456546217,0.9113544623676539,1.0018885910266997,2720,0,1456547691543
production-topology2-2-1456546210,0.8355689313754202,1.0027606380172898,2120,0,1456547691543
production-topology4-4-1456546224,1.0415669203278854,1.0045914259222894,2440,0,1456547691544
production-topology1-1-1456546203,1.0616113902915438,0.9975348256145853,2480,0,1456547691544
Running observer at: 1456547702089
production-topology3-3-1456546217,1.1546235016783892,1.0082350007873162,2300,0,1456547702731
production-topology2-2-1456546210,1.1225420347677404,1.0081550760058637,1880,0,1456547702731
production-topology4-4-1456546224,1.0185587860578573,1.001907103607643,2020,0,1456547702731
production-topology1-1-1456546203,0.9280501045259272,1.0051339633184726,2380,0,1456547702731
Running observer at: 1456547713325
production-topology3-3-1456546217,0.9519539695490287,1.005472496983768,2260,0,1456547713931
production-topology2-2-1456546210,0.8813506598944771,1.0049514198159633,1980,0,1456547713931
production-topology4-4-1456546224,1.0182402925640475,1.0033491847847729,2220,0,1456547713931
production-topology1-1-1456546203,1.118171583408958,1.0072435382338096,2720,0,1456547713931
Running observer at: 1456547724441
production-topology3-3-1456546217,0.9813748913440168,1.0036855019486657,2660,0,1456547724944
production-topology2-2-1456546210,1.0481442048916096,1.0055618196173437,2040,0,1456547724944
production-topology4-4-1456546224,0.9512046677903436,1.0017884711309082,2420,0,1456547724944
production-topology1-1-1456546203,1.0025810512097062,1.004583449959915,2240,0,1456547724944
Running observer at: 1456547735507
production-topology3-3-1456546217,1.1062643020594964,1.007465869414073,2380,0,1456547736114
production-topology2-2-1456546210,1.0916545239461786,1.0075018622763505,1900,0,1456547736114
production-topology4-4-1456546224,1.0935991578514943,1.0058237112133364,2140,0,1456547736114
production-topology1-1-1456546203,0.9262848442114514,1.004483296082315,2500,0,1456547736114
Running observer at: 1456547746658
production-topology3-3-1456546217,0.9207228047579283,1.0052295749822988,2320,0,1456547747345
production-topology2-2-1456546210,0.9669486699447064,1.0114512070536363,2000,0,1456547747346
production-topology4-4-1456546224,0.9766743048387836,1.0042583891689032,2120,0,1456547747346
production-topology1-1-1456546203,0.9994216310005783,1.0060384932215638,2280,0,1456547747346
Running observer at: 1456547757909
production-topology3-3-1456546217,1.0241769357793862,1.0025273513726851,2580,0,1456547758405
production-topology2-2-1456546210,1.0866998799717191,1.012249756767699,2060,0,1456547758405
production-topology4-4-1456546224,1.0418067226890755,1.0049715812762525,2380,0,1456547758405
production-topology1-1-1456546203,1.0989753231810755,1.0098900570008407,2540,0,1456547758405
Running observer at: 1456547768943
production-topology3-3-1456546217,0.9645644486840912,1.0029422618307342,2440,0,1456547769511
production-topology2-2-1456546210,1.0165658177017438,1.0097478742292585,2000,0,1456547769511
production-topology4-4-1456546224,0.9443339269426227,1.004542453956987,2140,0,1456547769511
production-topology1-1-1456546203,0.9048700039145671,1.005463702409367,2500,0,1456547769511
Running observer at: 1456547780049
production-topology3-3-1456546217,0.9883327629799856,1.002397533872268,2260,0,1456547780684
production-topology2-2-1456546210,1.0762924618753325,1.0113584741368875,1860,0,1456547780684
production-topology4-4-1456546224,1.026711044890897,1.0058624498221547,2060,0,1456547780684
production-topology1-1-1456546203,1.2351025075021262,1.0183904798675532,2180,0,1456547780684
Running observer at: 1456547791211
production-topology3-3-1456546217,1.0443335257345865,1.0015259454761438,2640,0,1456547791826
production-topology2-2-1456546210,1.0037199731840445,1.0115365425278608,2060,0,1456547791826
production-topology4-4-1456546224,0.9324343872255172,1.0040825176162917,2480,0,1456547791826
production-topology1-1-1456546203,0.9242115670632775,1.0124883800241993,2580,0,1456547791826
Running observer at: 1456547802419
production-topology3-3-1456546217,0.9701790633608813,1.0018703863284666,2380,0,1456547802960
production-topology2-2-1456546210,0.9839800125850809,1.0157868989339827,2240,0,1456547802960
production-topology4-4-1456546224,1.091167473646522,1.0054051525114212,2080,0,1456547802960
production-topology1-1-1456546203,1.043736908177905,1.0129250291059708,2500,0,1456547802960
Running observer at: 1456547813551
production-topology3-3-1456546217,1.0333169209126478,1.0014686264753896,2280,0,1456547814158
production-topology2-2-1456546210,0.9145727737735412,1.0091201114510806,1700,0,1456547814158
production-topology4-4-1456546224,1.0305817658136678,1.004699335390715,2200,0,1456547814158
production-topology1-1-1456546203,0.901578162329153,1.006196676088895,2600,0,1456547814159
Running observer at: 1456547824736
production-topology3-3-1456546217,0.9283203789158934,1.0009356112149261,2640,0,1456547825232
production-topology2-2-1456546210,1.0128953532593932,1.0070352765571438,2120,0,1456547825232
production-topology4-4-1456546224,0.9414934528649401,1.0057887517955317,2320,0,1456547825232
production-topology1-1-1456546203,1.1487466599058096,1.0102325204180478,2160,0,1456547825233
Running observer at: 1456547835801
production-topology3-3-1456546217,1.0443322080987567,1.0001961376017678,2320,0,1456547836308
production-topology2-2-1456546210,0.9628228480687498,1.0053774209731552,1980,0,1456547836308
production-topology4-4-1456546224,1.0657837177734182,1.0095132847348387,2080,0,1456547836308
production-topology1-1-1456546203,0.9682829851111725,1.009481746833904,2720,0,1456547836309
Running observer at: 1456547846916
production-topology3-3-1456546217,1.0086411724342759,1.000469949761451,2260,0,1456547847477
production-topology2-2-1456546210,1.235633085081072,1.0151823383755205,1780,0,1456547847478
production-topology4-4-1456546224,0.9097384632402055,1.0047432719028295,2100,0,1456547847478
production-topology1-1-1456546203,0.946922878206784,1.006594711641606,2360,0,1456547847478
Running observer at: 1456547858062
production-topology3-3-1456546217,1.02103895383898,1.0018886576448713,2680,0,1456547858566
production-topology2-2-1456546210,0.8234912256758777,1.0105688325530102,2200,0,1456547858566
production-topology4-4-1456546224,1.0402735402814116,1.0065378680206039,2380,0,1456547858567
production-topology1-1-1456546203,1.097194183570488,1.0091669182837277,2160,0,1456547858567
Running observer at: 1456547869091
production-topology3-3-1456546217,1.025259259346613,1.0045363130974831,2400,0,1456547869608
production-topology2-2-1456546210,0.9884441658292105,1.008343134435461,2000,0,1456547869608
production-topology4-4-1456546224,1.0268972202290205,1.007696794527036,2160,0,1456547869608
production-topology1-1-1456546203,1.05973862347598,1.0117862474209571,2580,0,1456547869609
Running observer at: 1456547880110
production-topology3-3-1456546217,0.9558795987206996,1.000656698319001,2200,0,1456547880754
production-topology2-2-1456546210,0.9818472393885075,1.010559383680442,1780,0,1456547880754
production-topology4-4-1456546224,0.9885355764174067,1.005164612557445,2080,0,1456547880754
production-topology1-1-1456546203,0.974541581598998,1.0127568753018639,2240,0,1456547880754
Running observer at: 1456547891409
production-topology3-3-1456546217,0.982628597304555,1.001407640070466,2680,0,1456547891923
production-topology2-2-1456546210,0.9982991378781849,1.0063666477554607,2160,0,1456547891924
production-topology4-4-1456546224,1.0181613822934787,1.0047566560542307,2380,0,1456547891924
production-topology1-1-1456546203,0.9454999728965591,1.012796375739653,2460,0,1456547891924
Running observer at: 1456547902462
production-topology3-3-1456546217,0.9774509859989954,0.998779980722313,2360,0,1456547902977
production-topology2-2-1456546210,1.1117387755102044,1.0072000696890344,1920,0,1456547902977
production-topology4-4-1456546224,0.9767056207216207,1.002725673900865,2160,0,1456547902977
production-topology1-1-1456546203,0.9680987900649537,1.0118699869292989,2500,0,1456547902978
Running observer at: 1456547913513
production-topology3-3-1456546217,1.0359501609443758,1.0000236030626357,2300,0,1456547914166
production-topology2-2-1456546210,1.0709722826836627,1.0122963916788283,1860,0,1456547914166
production-topology4-4-1456546224,0.9331874520828009,1.0006020286866935,2080,0,1456547914166
production-topology1-1-1456546203,1.137253854645159,1.0126159046637278,2260,0,1456547914166
Running observer at: 1456547924763
production-topology3-3-1456546217,0.9619254384666611,0.9995142545643169,2660,0,1456547925248
production-topology2-2-1456546210,0.9971190115536548,1.0119615735082141,2200,0,1456547925249
production-topology4-4-1456546224,1.043363009867301,1.0029519851942001,2440,0,1456547925249
production-topology1-1-1456546203,1.085968491741495,1.016945609709073,2520,0,1456547925249
Running observer at: 1456547935757
production-topology3-3-1456546217,1.0437983848429468,1.0019914250067652,2300,0,1456547936323
production-topology2-2-1456546210,0.9720493827160496,1.0110156118865965,1820,0,1456547936323
production-topology4-4-1456546224,0.9861187423687423,1.0018615177482797,2100,0,1456547936323
production-topology1-1-1456546203,0.8448517670853738,1.0140155403342832,2440,0,1456547936323
Running observer at: 1456547946875
production-topology3-3-1456546217,0.9508546780543117,0.9996879002249083,2360,0,1456547947465
production-topology2-2-1456546210,1.029320125365323,1.012221127919725,1920,0,1456547947466
production-topology4-4-1456546224,0.9853304303195571,1.001071410391017,2060,0,1456547947466
production-topology1-1-1456546203,1.0700375132586075,1.01612758300339,2380,0,1456547947466
Running observer at: 1456547958068
production-topology3-3-1456546217,0.9564062849832389,0.9994269797150775,2660,0,1456547958554
production-topology2-2-1456546210,0.9329813534464697,1.0065135392210611,2220,0,1456547958554
production-topology4-4-1456546224,0.983063413996902,1.003763599187545,2480,0,1456547958554
production-topology1-1-1456546203,1.0777595087663465,1.0148072959436223,2480,0,1456547958554
Running observer at: 1456547969040
production-topology3-3-1456546217,1.0890365220801166,1.0005414949987292,2320,0,1456547969615
production-topology2-2-1456546210,1.0149092480553155,1.007584756381023,1780,0,1456547969615
production-topology4-4-1456546224,1.0499995205053698,1.002221777871535,2040,0,1456547969615
production-topology1-1-1456546203,0.9741740922591986,1.0135322508721871,2400,0,1456547969615
Running observer at: 1456547980073
production-topology3-3-1456546217,1.0212195534609543,1.0017285209170121,2260,0,1456547980666
production-topology2-2-1456546210,0.9630548308287054,1.0095555356882164,2020,0,1456547980666
production-topology4-4-1456546224,0.9411801361921801,0.9989247111085412,2120,0,1456547980666
production-topology1-1-1456546203,1.050075975975976,1.0182135966734256,2360,0,1456547980666
Running observer at: 1456547991275
production-topology3-3-1456546217,1.0146309115886956,1.000701614152733,2500,0,1456547991818
production-topology2-2-1456546210,1.0665442152783924,1.0084612358675007,2080,0,1456547991819
production-topology4-4-1456546224,1.0090471873604139,1.0011570591294932,2360,0,1456547991819
production-topology1-1-1456546203,0.9057142334364077,1.0166079897213232,2580,0,1456547991819
Running observer at: 1456548002294
production-topology3-3-1456546217,0.9665552239532713,1.0018087903021615,2480,0,1456548002868
production-topology2-2-1456546210,1.1102631195091996,1.0100699227306267,1900,0,1456548002869
production-topology4-4-1456546224,0.9736800996300021,1.000557057782464,2200,0,1456548002869
production-topology1-1-1456546203,1.1162262072540539,1.0196679336762415,2280,0,1456548002869
Running observer at: 1456548013339
production-topology3-3-1456546217,1.069408516942019,1.0034844806394483,2220,0,1456548013801
production-topology2-2-1456546210,1.0150760834762655,1.0105167142505276,1920,0,1456548013801
production-topology4-4-1456546224,1.1709539250691,1.0070130780617526,2140,0,1456548013802
production-topology1-1-1456546203,1.0090960939442242,1.0174926163337952,2360,0,1456548013802
Running observer at: 1456548024435
production-topology3-3-1456546217,0.8882426267957764,1.002714086120386,2520,0,1456548024996
production-topology2-2-1456546210,0.856139711854894,1.0112024069331769,2120,0,1456548024996
production-topology4-4-1456546224,0.9233161284387296,1.003071384998781,2180,0,1456548024996
production-topology1-1-1456546203,0.9749496569417361,1.0146038918888016,2580,0,1456548024996
Running observer at: 1456548035449
production-topology3-3-1456546217,1.068014833043319,0.999827130499217,2280,0,1456548035846
production-topology2-2-1456546210,1.0907812980793885,1.0101437157102318,1920,0,1456548035847
production-topology4-4-1456546224,1.0468046642022086,1.0040129142702592,2220,0,1456548035847
production-topology1-1-1456546203,1.0520521485814296,1.0187372933573184,2300,0,1456548035847
Running observer at: 1456548046311
production-topology3-3-1456546217,0.9790634282178219,1.00073077912151,2560,0,1456548046671
production-topology2-2-1456546210,1.1560194944493782,1.0192993435287285,1480,0,1456548046671
production-topology4-4-1456546224,1.0299480480475567,1.0044031727863763,2160,0,1456548046671
production-topology1-1-1456546203,1.4201298701298704,1.0288025695813487,220,0,1456548046672
