Running observer at: 1456795332262
production-topology1-1-1456795331,0.0,0.0,0,0,1456795332556
Running observer at: 1456795339233
production-topology1-1-1456795331,0.0,0.0,0,0,1456795339656
production-topology2-2-1456795338,0.0,0.0,0,0,1456795339657
Running observer at: 1456795341936
production-topology1-1-1456795331,0.0,0.0,0,0,1456795342280
production-topology2-2-1456795338,0.0,0.0,0,0,1456795342280
Running observer at: 1456795346252
production-topology1-1-1456795331,0.0,0.0,0,0,1456795346706
production-topology3-3-1456795346,0.0,0.0,0,0,1456795346706
production-topology2-2-1456795338,0.0,0.0,0,0,1456795346706
Running observer at: 1456795352665
production-topology1-1-1456795331,0.0,0.0,0,0,1456795353032
production-topology3-3-1456795346,0.0,0.0,0,0,1456795353032
production-topology2-2-1456795338,0.0,0.0,0,0,1456795353032
Running observer at: 1456795353556
production-topology1-1-1456795331,0.0,0.0,0,0,1456795354039
production-topology4-4-1456795353,0.0,0.0,0,0,1456795354039
production-topology3-3-1456795346,0.0,0.0,0,0,1456795354040
production-topology2-2-1456795338,0.0,0.0,0,0,1456795354040
Running observer at: 1456795363432
production-topology1-1-1456795331,0.0,0.0,0,0,1456795363917
production-topology4-4-1456795353,0.0,0.0,0,0,1456795363917
production-topology3-3-1456795346,0.0,0.0,0,0,1456795363918
production-topology2-2-1456795338,0.0,0.0,0,0,1456795363918
Running observer at: 1456795374387
production-topology1-1-1456795331,0.0,0.0,0,0,1456795374801
production-topology4-4-1456795353,0.0,0.0,0,0,1456795374801
production-topology3-3-1456795346,0.0,0.0,0,0,1456795374801
production-topology2-2-1456795338,0.0,0.0,0,0,1456795374801
Running observer at: 1456795385249
production-topology1-1-1456795331,0.0,0.0,0,0,1456795385626
production-topology4-4-1456795353,0.0,0.0,0,0,1456795385626
production-topology3-3-1456795346,0.0,0.0,0,0,1456795385626
production-topology2-2-1456795338,0.0,0.0,0,0,1456795385626
Running observer at: 1456795396029
production-topology1-1-1456795331,0.0,0.0,0,0,1456795396423
production-topology4-4-1456795353,0.0,0.0,0,0,1456795396423
production-topology3-3-1456795346,0.0,0.0,0,0,1456795396423
production-topology2-2-1456795338,0.0,0.0,0,0,1456795396424
Running observer at: 1456795406838
production-topology1-1-1456795331,0.0,0.0,0,0,1456795407221
production-topology4-4-1456795353,0.0,0.0,0,0,1456795407221
production-topology3-3-1456795346,0.0,0.0,0,0,1456795407222
production-topology2-2-1456795338,0.0,0.0,0,0,1456795407222
Running observer at: 1456795417600
production-topology1-1-1456795331,0.0,0.0,0,0,1456795417997
production-topology4-4-1456795353,0.0,0.0,0,0,1456795417997
production-topology3-3-1456795346,0.0,0.0,0,0,1456795417998
production-topology2-2-1456795338,0.0,0.0,0,0,1456795417998
Running observer at: 1456795428393
production-topology1-1-1456795331,0.0,0.0,0,0,1456795428782
production-topology4-4-1456795353,0.0,0.0,0,0,1456795428782
production-topology3-3-1456795346,0.0,0.0,0,0,1456795428783
production-topology2-2-1456795338,0.0,0.0,0,0,1456795428783
Running observer at: 1456795439153
production-topology1-1-1456795331,0.0,0.0,0,0,1456795439543
production-topology4-4-1456795353,0.0,0.0,0,0,1456795439543
production-topology3-3-1456795346,0.0,0.0,0,0,1456795439543
production-topology2-2-1456795338,0.0,0.0,0,0,1456795439544
Running observer at: 1456795449998
production-topology1-1-1456795331,0.0,0.0,0,0,1456795450498
production-topology4-4-1456795353,0.0,0.0,0,0,1456795450498
production-topology3-3-1456795346,0.0,0.0,0,0,1456795450498
production-topology2-2-1456795338,0.0,0.0,0,0,1456795450499
Running observer at: 1456795461007
production-topology1-1-1456795331,0.9639428369438974,0.060246427308993586,800,440,1456795461627
production-topology4-4-1456795353,0.8430525949146639,0.07664114499224217,660,940,1456795461628
production-topology3-3-1456795346,0.8266171792152703,0.0635859368627131,820,1420,1456795461628
production-topology2-2-1456795338,0.5227762413172113,0.034851749421147424,800,360,1456795461628
Running observer at: 1456795472136
production-topology1-1-1456795331,1.0697524911603986,0.11962913694731153,2000,1300,1456795472655
production-topology4-4-1456795353,0.9424681885253392,0.14879339862000027,2240,4060,1456795472655
production-topology3-3-1456795346,1.0446201199761327,0.13365980708510022,1960,3560,1456795472655
production-topology2-2-1456795338,1.1020507811880405,0.10155168890657823,2060,1340,1456795472655
Running observer at: 1456795483296
production-topology1-1-1456795331,0.8787788097175546,0.1618041187678806,2480,1520,1456795483864
production-topology4-4-1456795353,1.0437066950295084,0.2176328829591932,2380,4340,1456795483865
production-topology3-3-1456795346,1.043524075598169,0.1943174249859715,2460,4400,1456795483865
production-topology2-2-1456795338,1.0637951883591874,0.1581542476979082,2340,1560,1456795483865
Running observer at: 1456795494469
production-topology1-1-1456795331,1.0573669188161374,0.20893900298094673,2240,1480,1456795495177
production-topology4-4-1456795353,1.0712531757484138,0.27860576101556606,2000,3720,1456795495177
production-topology3-3-1456795346,0.9295983691613743,0.24027248399693416,2160,3860,1456795495178
production-topology2-2-1456795338,0.936518923091494,0.2013967296642185,2140,1320,1456795495178
Running observer at: 1456795505712
production-topology1-1-1456795331,1.1622238598442713,0.2566032458241129,1940,1260,1456795506399
production-topology4-4-1456795353,0.929315726734335,0.3219864253968173,2260,3900,1456795506400
production-topology3-3-1456795346,1.0394328404438697,0.28728191672910686,2080,3740,1456795506400
production-topology2-2-1456795338,1.0173373950212243,0.2443409752093241,2120,1400,1456795506400
Running observer at: 1456795516985
production-topology1-1-1456795331,0.9410678955817844,0.2891968005744782,2420,1580,1456795517522
production-topology4-4-1456795353,1.0693383192503774,0.36869591876266483,2360,4300,1456795517523
production-topology3-3-1456795346,1.0359097964711537,0.3288723544925539,2380,4280,1456795517523
production-topology2-2-1456795338,0.9885862246739036,0.281553237682553,2480,1500,1456795517523
Running observer at: 1456795527986
production-topology1-1-1456795331,0.9272836830168163,0.3182007497764027,2320,1440,1456795528672
production-topology4-4-1456795353,0.9457023491646221,0.40263747349219176,2040,3760,1456795528673
production-topology3-3-1456795346,0.9668366215205455,0.3624494211782377,2200,3920,1456795528673
production-topology2-2-1456795338,1.0295916931719402,0.317174116515381,2000,1360,1456795528673
Running observer at: 1456795539198
production-topology1-1-1456795331,1.0429223137273147,0.34971038299165974,1880,1280,1456795539885
production-topology4-4-1456795353,1.053021355591449,0.43876991138659494,2120,3920,1456795539885
production-topology3-3-1456795346,0.9602093951704147,0.39233741987784654,2040,3680,1456795539885
production-topology2-2-1456795338,0.9629312358122426,0.34652671284705655,2160,1400,1456795539885
Running observer at: 1456795550365
production-topology1-1-1456795331,1.143207286880299,0.38277275398701976,2340,1560,1456795550885
production-topology4-4-1456795353,0.9856150293188639,0.4675512333830301,2480,4360,1456795550885
production-topology3-3-1456795346,1.0616750826518286,0.42421064191470287,2320,4380,1456795550886
production-topology2-2-1456795338,0.9914061029784953,0.37456494720059735,2460,1500,1456795550886
Running observer at: 1456795561425
production-topology1-1-1456795331,0.9063001341344882,0.4037138491929185,2380,1460,1456795562043
production-topology4-4-1456795353,1.009320650984768,0.4946397042631171,2040,3740,1456795562044
production-topology3-3-1456795346,0.9445766752768314,0.4478636434311633,2260,3820,1456795562044
production-topology2-2-1456795338,1.0223414706190828,0.4015556356763676,2100,1400,1456795562044
Running observer at: 1456795572588
production-topology1-1-1456795331,1.1111809735229006,0.43092412320561013,1840,1240,1456795573283
production-topology4-4-1456795353,1.035725835776768,0.5204057105256719,2100,3880,1456795573284
production-topology3-3-1456795346,1.0632432098765432,0.4746192767548754,2000,3720,1456795573284
production-topology2-2-1456795338,1.0159579051259553,0.42613172645435105,2060,1260,1456795573284
Running observer at: 1456795583868
production-topology1-1-1456795331,0.8912157498628275,0.4479719612299515,2500,1520,1456795584391
production-topology4-4-1456795353,0.9671722321559746,0.5407132796906856,2420,4300,1456795584391
production-topology3-3-1456795346,0.9947776391381005,0.4962925418541764,2340,4380,1456795584392
production-topology2-2-1456795338,1.16546018744254,0.4545674364923583,2400,1580,1456795584392
Running observer at: 1456795594935
production-topology1-1-1456795331,0.9727743526074463,0.4667149037791477,2220,1420,1456795595571
production-topology4-4-1456795353,0.9467105356381565,0.5583653342970974,2060,3620,1456795595571
production-topology3-3-1456795346,0.9415827107856414,0.514104148611435,2360,4100,1456795595572
production-topology2-2-1456795338,0.8265241894455378,0.4683436125276612,2220,1300,1456795595572
Running observer at: 1456795606061
production-topology1-1-1456795331,1.0999114391850737,0.4885492670690072,1900,1220,1456795606717
production-topology4-4-1456795353,1.0023224379043483,0.5768635469473996,2180,4020,1456795606717
production-topology3-3-1456795346,1.0986549844332596,0.5365868730661206,1900,3420,1456795606718
production-topology2-2-1456795338,1.0363985910562912,0.4886312903322552,2040,1400,1456795606718
Running observer at: 1456795617277
production-topology1-1-1456795331,0.9915797512066687,0.5053169498735959,2480,1580,1456795617754
production-topology4-4-1456795353,1.0423220543377307,0.5954818872430129,2400,4280,1456795617754
production-topology3-3-1456795346,0.9471229508196719,0.5517919129829189,2500,4400,1456795617755
production-topology2-2-1456795338,1.1552526818271496,0.5116182348665619,2420,1560,1456795617755
Running observer at: 1456795628251
production-topology1-1-1456795331,0.8424792394546649,0.5333995911887514,2300,1400,1456795629043
production-topology4-4-1456795353,0.9712808821209904,0.6099356947383197,2100,3680,1456795629043
production-topology3-3-1456795346,0.9881868513943985,0.5673774464976146,2120,3860,1456795629043
production-topology2-2-1456795338,1.017116778036981,0.5284681863055759,2140,1320,1456795629043
Running observer at: 1456795639539
production-topology1-1-1456795331,1.219562005426984,0.5740516580363175,2040,1320,1456795640205
production-topology4-4-1456795353,1.02083707137806,0.6251542642434953,2180,3820,1456795640206
production-topology3-3-1456795346,1.014124310842008,0.5827825107853523,2060,3700,1456795640206
production-topology2-2-1456795338,0.9033787664787536,0.5585808118548676,2060,1280,1456795640206
Running observer at: 1456795650751
production-topology1-1-1456795331,1.0797125668449197,0.6100420769311481,2280,1420,1456795651239
production-topology4-4-1456795353,0.949617238913061,0.6367422276245511,2360,4420,1456795651239
production-topology3-3-1456795346,0.9851810100949706,0.5961957940956728,2380,4280,1456795651239
production-topology2-2-1456795338,0.8848173649415052,0.5880747240195845,2400,1540,1456795651239
Running observer at: 1456795661731
production-topology1-1-1456795331,0.8885610126201394,0.6396607773518195,2280,1380,1456795662316
production-topology4-4-1456795353,0.9970287433044487,0.6491659005790303,2100,3620,1456795662316
production-topology3-3-1456795346,1.0282939189189189,0.6304722580596368,2280,4120,1456795662316
production-topology2-2-1456795338,1.0128393413211703,0.6218360353969569,2320,1480,1456795662317
Running observer at: 1456795672814
production-topology1-1-1456795331,1.0874263575819674,0.6759083226045518,1920,1320,1456795673490
production-topology4-4-1456795353,1.0799555391441662,0.6635255551978682,2120,3940,1456795673490
production-topology3-3-1456795346,0.953034162910706,0.6622400634899938,1960,3520,1456795673491
production-topology2-2-1456795338,1.2056529474463384,0.6620244669785015,1880,1260,1456795673491
Running observer at: 1456795684096
production-topology1-1-1456795331,1.0804590571028692,0.7119236245079806,2400,1580,1456795684594
production-topology4-4-1456795353,0.9602944556724646,0.6955353703869503,2420,4340,1456795684594
production-topology3-3-1456795346,1.0207190181977102,0.6962640307632507,2440,4320,1456795684594
production-topology2-2-1456795338,0.9873656814578414,0.6949366563604296,2440,1500,1456795684594
Running observer at: 1456795695144
production-topology1-1-1456795331,0.8851993284240989,0.741430268788784,2300,1440,1456795695768
production-topology4-4-1456795353,1.0216014487586067,0.7295887520122372,1980,3700,1456795695768
production-topology3-3-1456795346,1.115656128534785,0.7334525683810769,2180,4160,1456795695768
production-topology2-2-1456795338,0.9776255288426827,0.727524173988519,2280,1500,1456795695769
Running observer at: 1456795706256
production-topology1-1-1456795331,1.0375573692367799,0.77601551443001,2080,1320,1456795706960
production-topology4-4-1456795353,0.9780525227270314,0.7621905027698048,2240,3920,1456795706960
production-topology3-3-1456795346,0.9523298041020919,0.76519689518448,1980,3420,1456795706961
production-topology2-2-1456795338,1.0388739167914343,0.7621533045482335,1860,1180,1456795706961
Running observer at: 1456795717519
production-topology1-1-1456795331,0.985266310064038,0.8088577247654779,2280,1480,1456795718029
production-topology4-4-1456795353,1.0217828355396708,0.7962499306211271,2360,4340,1456795718029
production-topology3-3-1456795346,0.9559688255845202,0.7970625227039639,2440,4380,1456795718029
production-topology2-2-1456795338,0.9225897924886415,0.7929062976311881,2460,1460,1456795718030
Running observer at: 1456795728535
production-topology1-1-1456795331,1.0297726116829509,0.8431834784882429,2240,1460,1456795729157
production-topology4-4-1456795353,0.981964311342782,0.8289820743325532,2080,3680,1456795729157
production-topology3-3-1456795346,0.9872718702810237,0.8299715850466647,2280,4040,1456795729158
production-topology2-2-1456795338,1.083045928491698,0.8290078285809114,2280,1520,1456795729158
Running observer at: 1456795739669
production-topology1-1-1456795331,0.9681909192376181,0.8754565091294969,2100,1300,1456795740361
production-topology4-4-1456795353,1.0558258583244253,0.8641762696100341,2180,3900,1456795740361
production-topology3-3-1456795346,1.072667953580116,0.8657271834993352,1920,3560,1456795740361
production-topology2-2-1456795338,0.9889419774151251,0.8619725611614155,1940,1240,1456795740361
Running observer at: 1456795750844
production-topology1-1-1456795331,1.094203301269057,0.9119299525051321,2240,1420,1456795751363
production-topology4-4-1456795353,0.9498234869813204,0.8958370525094115,2380,4260,1456795751363
production-topology3-3-1456795346,1.0110824577103161,0.8994299320896791,2360,4240,1456795751364
production-topology2-2-1456795338,0.9759134040125775,0.8945030079618347,2440,1560,1456795751364
Running observer at: 1456795761902
production-topology1-1-1456795331,0.86283560370213,0.9406911392952032,2300,1500,1456795762488
production-topology4-4-1456795353,1.0545149639753388,0.9309875513085895,2080,3840,1456795762489
production-topology3-3-1456795346,0.9764355351648419,0.9319777832618406,2380,4140,1456795762489
production-topology2-2-1456795338,1.04078338668724,0.9291957875180761,2320,1420,1456795762489
Running observer at: 1456795772972
production-topology1-1-1456795331,1.130982905982906,0.9783905694946334,2040,1300,1456795773664
production-topology4-4-1456795353,1.0263884754999277,0.9652005004919204,2120,3880,1456795773665
production-topology3-3-1456795346,1.0477410422954136,0.9669024846716876,1840,3480,1456795773665
production-topology2-2-1456795338,0.9284336352061314,0.9601435753582805,1840,1220,1456795773665
Running observer at: 1456795784210
production-topology1-1-1456795331,0.8914528803709599,1.0081056655069986,2320,1400,1456795784739
production-topology4-4-1456795353,1.024390243902439,0.999346841955335,2460,4340,1456795784739
production-topology3-3-1456795346,0.9733035184585734,0.9993459352869735,2500,4340,1456795784739
production-topology2-2-1456795338,0.864660019452832,0.9889655760067082,2440,1560,1456795784740
Running observer at: 1456795795228
production-topology1-1-1456795331,0.960033256336622,1.0079753461534229,2260,1420,1456795795922
production-topology4-4-1456795353,0.894739394542639,1.0010697352762676,2080,3600,1456795795922
production-topology3-3-1456795346,1.0002201438502472,1.0051327007748059,2140,4060,1456795795923
production-topology2-2-1456795338,1.2873788141645734,1.0144523284349536,2280,1480,1456795795923
Running observer at: 1456795806408
production-topology1-1-1456795331,1.2164685241133428,1.0128658805851878,2060,1400,1456795807102
production-topology4-4-1456795353,0.995951675050286,1.0028525181604324,2140,3940,1456795807103
production-topology3-3-1456795346,0.9898336765031983,1.0033064859923748,2020,3500,1456795807103
production-topology2-2-1456795338,0.9576778413424178,1.0096398971067662,1940,1220,1456795807103
Running observer at: 1456795817653
production-topology1-1-1456795331,0.9171869941916603,1.014146153400991,2320,1380,1456795818157
production-topology4-4-1456795353,1.0264788624166101,1.002278257073336,2420,4300,1456795818157
production-topology3-3-1456795346,1.0006383015063836,1.0018769601893152,2400,4360,1456795818157
production-topology2-2-1456795338,0.9783668726778777,1.006792286584056,2400,1540,1456795818157
Running observer at: 1456795828670
production-topology1-1-1456795331,0.9294086713441553,1.0098808784852584,2260,1460,1456795829229
production-topology4-4-1456795353,1.0393402610464717,1.0012144932499378,2000,3680,1456795829229
production-topology3-3-1456795346,0.9512968638008906,1.0026002433439658,2300,4020,1456795829229
production-topology2-2-1456795338,0.9677958802237345,1.0078348518217972,2240,1440,1456795829229
Running observer at: 1456795839712
production-topology1-1-1456795331,1.0860940788441613,1.0073432191185883,2040,1300,1456795840367
production-topology4-4-1456795353,0.9826978966126718,1.002993898912549,2200,3900,1456795840367
production-topology3-3-1456795346,1.0289546931600257,1.0022509717678376,1900,3620,1456795840367
production-topology2-2-1456795338,1.0362420830401124,1.0084650080890936,1960,1240,1456795840367
Running observer at: 1456795850913
production-topology1-1-1456795331,0.9993828436255575,1.009287050720047,2300,1500,1456795851424
production-topology4-4-1456795353,0.957011145371454,0.9992496597832514,2400,4400,1456795851424
production-topology3-3-1456795346,1.0417918399180124,1.002447039882733,2400,4260,1456795851424
production-topology2-2-1456795338,0.8609192838373219,1.0042094433945408,2380,1520,1456795851424
Running observer at: 1456795861936
production-topology1-1-1456795331,1.1081008530836043,1.0153142897222738,2240,1420,1456795862504
production-topology4-4-1456795353,1.1138273516407904,1.0048538265324571,2020,3620,1456795862504
production-topology3-3-1456795346,0.956331991092753,1.0020968855351398,2260,4040,1456795862505
production-topology2-2-1456795338,1.0981152142982176,1.0064935607654166,2280,1500,1456795862505
Running observer at: 1456795873000
production-topology1-1-1456795331,0.9324180036817505,1.0116308127207547,2020,1300,1456795873663
production-topology4-4-1456795353,0.9332468902040766,1.0008613443528782,2160,3840,1456795873663
production-topology3-3-1456795346,1.0237542270531401,1.0042150465978972,1920,3540,1456795873663
production-topology2-2-1456795338,1.0273003620218084,1.0086391983057355,1960,1200,1456795873664
Running observer at: 1456795884221
production-topology1-1-1456795331,0.9867544950245675,1.0064157196588972,2360,1460,1456795884758
production-topology4-4-1456795353,1.0173309033746625,1.0019185401547381,2420,4400,1456795884758
production-topology3-3-1456795346,1.0230336434306104,1.002926998623857,2400,4400,1456795884758
production-topology2-2-1456795338,1.1660924914154382,1.0144620779203002,2360,1540,1456795884759
Running observer at: 1456795895260
production-topology1-1-1456795331,0.955551132366713,1.0080574195999712,2340,1480,1456795895881
production-topology4-4-1456795353,0.9912915913964131,1.001317571501793,2060,3600,1456795895881
production-topology3-3-1456795346,0.9415177606153198,1.0028250348018064,2300,4020,1456795895882
production-topology2-2-1456795338,1.0058263189312178,1.013911572864038,2340,1460,1456795895882
Running observer at: 1456795906326
production-topology1-1-1456795331,1.055232558139535,1.0061924724205256,2040,1320,1456795907037
production-topology4-4-1456795353,1.0159734554804571,1.0006591588252491,2140,3860,1456795907037
production-topology3-3-1456795346,1.0967072013345898,1.0039405011837412,1880,3460,1456795907037
production-topology2-2-1456795338,0.9198889958240898,1.0107092758873093,1920,1260,1456795907037
Running observer at: 1456795917585
production-topology1-1-1456795331,0.9666935957696825,1.008708400617421,2240,1440,1456795918105
production-topology4-4-1456795353,0.9664561260365794,1.0006352886212693,2520,4420,1456795918105
production-topology3-3-1456795346,0.9439582117605918,1.0022465202711577,2500,4400,1456795918105
production-topology2-2-1456795338,0.9836301429472813,1.0046482744041338,2460,1520,1456795918105
Running observer at: 1456795928669
production-topology1-1-1456795331,1.069907343233228,1.0119461669716137,2360,1520,1456795929276
production-topology4-4-1456795353,1.1046978666938858,1.0059015329897936,1940,3720,1456795929276
production-topology3-3-1456795346,1.0238917732486976,1.0049901556865928,2220,4080,1456795929276
production-topology2-2-1456795338,0.9110835410321227,1.0074669194570203,2220,1460,1456795929276
Running observer at: 1456795939764
production-topology1-1-1456795331,0.9258579727564102,1.006144384757325,2000,1240,1456795940433
production-topology4-4-1456795353,0.9274995546637628,1.003407436881774,2240,3880,1456795940433
production-topology3-3-1456795346,0.9973521053991217,1.0016133930521214,1920,3540,1456795940433
production-topology2-2-1456795338,1.1440762399826727,1.011056174421233,2000,1200,1456795940433
Running observer at: 1456795951007
production-topology1-1-1456795331,1.1164243524708641,1.0103058714661315,2220,1420,1456795951479
production-topology4-4-1456795353,1.0082597996291953,1.0022720283914894,2340,4340,1456795951479
production-topology3-3-1456795346,1.0360267337620335,1.0045768524835335,2420,4360,1456795951479
production-topology2-2-1456795338,1.047729134763003,1.0074720561857613,2260,1580,1456795951479
Running observer at: 1456795961999
production-topology1-1-1456795331,0.9501138270168283,1.013893691051537,2420,1460,1456795962576
production-topology4-4-1456795353,1.093029370942483,1.0063303113522057,1980,3740,1456795962576
production-topology3-3-1456795346,1.0069748602357298,1.0052031194449114,2260,4040,1456795962576
production-topology2-2-1456795338,0.86377787518969,1.0023607594241848,2440,1400,1456795962576
Running observer at: 1456795973043
production-topology1-1-1456795331,0.9543162340081978,1.0050521653375772,1920,1300,1456795973725
production-topology4-4-1456795353,0.9076210951210952,1.0025564454769735,2240,3860,1456795973726
production-topology3-3-1456795346,0.9621159302424644,1.00346950675826,1940,3500,1456795973726
production-topology2-2-1456795338,1.0887519598086095,1.0085398658685134,1820,1260,1456795973726
Running observer at: 1456795984241
production-topology1-1-1456795331,1.0807771033314513,1.0050876498871284,2280,1480,1456795984739
production-topology4-4-1456795353,0.9620003437505634,1.0029692156382237,2360,4300,1456795984739
production-topology3-3-1456795346,1.0313161525734347,1.0050073448408752,2440,4320,1456795984739
production-topology2-2-1456795338,1.0498344361074723,1.0140404349073788,2460,1540,1456795984740
Running observer at: 1456795995313
production-topology1-1-1456795331,0.8511185005533609,1.0038395661515693,2460,1540,1456795995893
production-topology4-4-1456795353,1.1046612336672263,1.006556965316983,2020,3660,1456795995893
production-topology3-3-1456795346,0.9851593703500665,1.003569526555247,2260,4160,1456795995893
production-topology2-2-1456795338,0.9492839237896915,1.011921920989663,2300,1480,1456795995894
Running observer at: 1456796006407
production-topology1-1-1456795331,1.2068470707248418,1.0078202565896648,1960,1240,1456796007088
production-topology4-4-1456795353,0.9009400705052879,1.0005897830290205,2300,3900,1456796007088
production-topology3-3-1456795346,1.0410422999823772,1.0065031311243025,1920,3440,1456796007088
production-topology2-2-1456795338,0.9646278017074027,1.0038877494650318,1900,1140,1456796007088
Running observer at: 1456796017629
production-topology1-1-1456795331,0.9265827680357287,1.0026910469540935,2260,1480,1456796018110
production-topology4-4-1456795353,1.0320350900650817,1.0029811375087747,2360,4360,1456796018111
production-topology3-3-1456795346,1.023391121346935,1.0065922012292767,2440,4400,1456796018111
production-topology2-2-1456795338,1.098216692576815,1.0075827831689976,2440,1600,1456796018111
Running observer at: 1456796028671
production-topology1-1-1456795331,0.989505458402831,1.0061679179533847,2440,1480,1456796029248
production-topology4-4-1456795353,0.9813590950367195,1.001639725718045,2120,3700,1456796029248
production-topology3-3-1456795346,0.9113978761574117,0.9997835928166975,2240,4100,1456796029248
production-topology2-2-1456795338,0.9146640437860477,1.0054840670004432,2300,1500,1456796029248
/var/nimbus/storm/bin/storm rebalance production-topology3 -e spout_head=11
1456796029540
/var/nimbus/storm/bin/storm rebalance production-topology2 -e spout_head=9
Running observer at: 1456796039698
production-topology1-1-1456795331,0.991429119672516,1.004630309634576,1740,1160,1456796040386
production-topology4-4-1456795353,0.9584809063142308,1.0009873385042847,2220,3880,1456796040386
production-topology3-3-1456795346,1.0002171879638824,1.0002171879638824,115320,207660,1456796040387
production-topology2-2-1456795338,0.9993170768874218,0.9993170768874218,115460,73520,1456796040387
Running observer at: 1456796050909
production-topology1-1-1456795331,1.155208779586725,1.0102950586186654,2420,1520,1456796051399
production-topology4-4-1456795353,1.0668697974792316,1.0024902372356035,2340,4380,1456796051400
production-topology3-3-1456795346,1.1899159663865544,1.0950665771752184,280,640,1456796051400
production-topology2-2-1456795338,0.9486952675807165,0.9740061722340692,340,240,1456796051400
Running observer at: 1456796061905
production-topology1-1-1456795331,0.9212559576062544,1.006677836816109,2420,1520,1456796062494
production-topology4-4-1456795353,1.0159955170534807,1.0036246107592934,2040,3600,1456796062494
production-topology3-3-1456795346,2.0,1.3967110514501455,0,0,1456796062494
production-topology2-2-1456795338,1.0,0.9826707814893795,0,0,1456796062494
Running observer at: 1456796068162
production-topology1-1-1456795331,1.1954347826086957,1.0142526322618115,1200,900,1456796068743
production-topology4-4-1456795353,0.9852706771182003,1.0012727713857525,1220,2200,1456796068743
production-topology3-3-1456795346,2.0,1.5475332885876092,0,0,1456796068744
production-topology2-2-1456795338,1.0,0.9870030861170346,0,0,1456796068744
Running observer at: 1456796069212
production-topology1-1-1456795331,1.0,1.0111125222195094,0,0,1456796069784
production-topology4-4-1456795353,0.8375272727272728,0.997529564243951,400,620,1456796069784
production-topology3-3-1456795346,2.0,1.6380266308700875,0,0,1456796069784
production-topology2-2-1456795338,1.0,0.9896024688936276,0,0,1456796069785
Running observer at: 1456796072951
production-topology1-1-1456795331,1.0286621395184765,1.0166400734133876,560,300,1456796073638
production-topology4-4-1456795353,1.1658653846153846,1.0012412449319525,540,1100,1456796073639
production-topology3-3-1456795346,0.0,1.3650221923917396,104180,40,1456796073639
production-topology2-2-1456795338,1.0,0.9913353907446897,0,0,1456796073639
Running observer at: 1456796084080
production-topology1-1-1456795331,0.8714860844800362,1.0079901793632922,2480,1620,1456796084581
production-topology4-4-1456795353,1.0034099604087974,1.000475294428915,2400,4340,1456796084581
production-topology3-3-1456795346,0.9872819653088993,1.3110593028084767,70920,126300,1456796084581
production-topology2-2-1456795338,0.0,0.849716049209734,240,0,1456796084581
Running observer at: 1456796095061
production-topology1-1-1456795331,1.2878079230571629,1.0212020141194986,2260,1480,1456796095607
production-topology4-4-1456795353,0.9635408334337328,0.9984469807466247,2080,3640,1456796095607
production-topology3-3-1456795346,1.0221335452641243,1.2749435831154325,2360,4320,1456796095607
production-topology2-2-1456795338,1.1582954133439427,0.8882884697265101,1460,1080,1456796095607
Running observer at: 1456796106149
production-topology1-1-1456795331,0.7831347406482652,1.015305396929887,1940,1220,1456796106834
production-topology4-4-1456795353,1.0666014115902094,1.0041757146482106,2120,3940,1456796106834
production-topology3-3-1456795346,1.0426100208002038,1.249128742858185,2240,4140,1456796106835
production-topology2-2-1456795338,0.8277219241975217,0.8815588535566224,1840,1120,1456796106835
Running observer at: 1456796117366
production-topology1-1-1456795331,1.1116673281580502,1.0118120237313772,2400,1540,1456796117856
production-topology4-4-1456795353,1.0001733920416618,1.004316438547923,2440,4280,1456796117856
production-topology3-3-1456795346,0.9686476236585169,1.2210806309382183,2700,4720,1456796117856
production-topology2-2-1456795338,1.0484745104257582,0.8982504192435361,2120,1340,1456796117857
Running observer at: 1456796128341
production-topology1-1-1456795331,0.889254784118937,1.0108809500622862,2320,1440,1456796128865
production-topology4-4-1456795353,0.9946545886038187,1.0032556294208301,2060,3840,1456796128865
production-topology3-3-1456795346,0.9660451284586232,1.197895585258255,2380,4220,1456796128865
production-topology2-2-1456795338,1.1573358962917195,0.9218036444297346,1980,1360,1456796128865
Running observer at: 1456796139433
production-topology1-1-1456795331,1.0325074463302235,1.0143175758951553,1880,1220,1456796140111
production-topology4-4-1456795353,1.0826168846940285,1.0046981835424154,2060,3840,1456796140112
production-topology3-3-1456795346,1.0464292124533454,1.1852733875245125,2220,4140,1456796140112
production-topology2-2-1456795338,0.9370959251625179,0.9230780011574665,1800,1080,1456796140112
Running observer at: 1456796150637
production-topology1-1-1456795331,1.1096874836420831,1.0151040227217527,2520,1500,1456796151188
production-topology4-4-1456795353,0.9694874608332568,1.0042578356831016,2400,4260,1456796151188
production-topology3-3-1456795346,1.0014032601502698,1.1711295315726475,2640,4740,1456796151188
production-topology2-2-1456795338,1.0516531854287334,0.932968399947564,2060,1400,1456796151188
Running observer at: 1456796161636
production-topology1-1-1456795331,0.8125580300064162,1.0088765289344481,2240,1400,1456796162196
production-topology4-4-1456795353,1.0082478851126409,1.0059657270078077,2080,3820,1456796162197
production-topology3-3-1456795346,0.9804790634910716,1.157511640995392,2480,4300,1456796162197
production-topology2-2-1456795338,1.0741272347547228,0.9430511738623611,2140,1320,1456796162197
Running observer at: 1456796172660
production-topology1-1-1456795331,1.0497143705889327,1.0069303128512923,1860,1280,1456796173195
production-topology4-4-1456795353,0.9807703150662143,1.0015304924553214,2200,3880,1456796173195
production-topology3-3-1456795346,0.9904150763843421,1.1463718700213221,2220,3960,1456796173195
production-topology2-2-1456795338,0.8416515689242963,0.9362912001998235,1720,1040,1456796173195
Running observer at: 1456796183910
production-topology1-1-1456795331,1.164085995538648,1.0146525792465222,2360,1560,1456796184363
production-topology4-4-1456795353,0.9893886808071761,1.003401885475425,2160,3880,1456796184363
production-topology3-3-1456795346,1.0185370586966096,1.1383821943135275,2640,4760,1456796184364
production-topology2-2-1456795338,1.0473336825563122,0.943231355347104,2140,1440,1456796184364
Running observer at: 1456796194886
production-topology1-1-1456795331,0.8414935773996404,1.0098105486590248,2380,1460,1456796195456
production-topology4-4-1456795353,1.0370313914114235,1.0040585684099836,2260,4160,1456796195456
production-topology3-3-1456795346,0.9891185102162675,1.129601977601924,2440,4380,1456796195456
production-topology2-2-1456795338,1.0757705224251335,0.9510277769399292,2080,1320,1456796195456
Running observer at: 1456796205987
production-topology1-1-1456795331,1.0780418646564882,1.0138935730686838,1960,1260,1456796206549
production-topology4-4-1456795353,0.9895406410851814,1.0040002033996094,2160,3860,1456796206550
production-topology3-3-1456795346,1.033154627982214,1.12424379151194,2220,4000,1456796206550
production-topology2-2-1456795338,0.9889672611435004,0.9531355260623499,1740,1140,1456796206550
Running observer at: 1456796217190
production-topology1-1-1456795331,1.090970892391053,1.0150848508770676,2360,1560,1456796217718
production-topology4-4-1456795353,1.0257306255835665,1.0043254424030463,2060,3700,1456796217718
production-topology3-3-1456795346,1.0006038144777225,1.117736424299613,2660,4760,1456796217719
production-topology2-2-1456795338,0.9537676821926935,0.9531687974376312,2220,1320,1456796217719
Running observer at: 1456796228248
production-topology1-1-1456795331,0.9349750031182186,1.014027564455352,2360,1440,1456796228686
production-topology4-4-1456795353,1.019166655936408,1.0060824600663743,2380,4260,1456796228686
production-topology3-3-1456795346,1.033826171650325,1.1135409116671486,2320,4240,1456796228686
production-topology2-2-1456795338,1.0524986163229058,0.958135288381895,1980,1320,1456796228686
Running observer at: 1456796239261
production-topology1-1-1456795331,1.0179475375952178,1.0122955709340853,1860,1180,1456796239751
production-topology4-4-1456795353,1.0106396943257567,1.0029471876541032,2220,4040,1456796239751
production-topology3-3-1456795346,1.0202129670127922,1.109096723826465,2300,4180,1456796239751
production-topology2-2-1456795338,0.9760584052915499,0.9589887701394976,1740,1060,1456796239751
Running observer at: 1456796250508
production-topology1-1-1456795331,0.8783427288562617,1.0107117294707468,2460,1520,1456796251042
production-topology4-4-1456795353,0.9565256726596911,1.0039147249206342,2020,3580,1456796251042
production-topology3-3-1456795346,0.9815312156764836,1.1032982916378293,2620,4720,1456796251042
production-topology2-2-1456795338,1.0599431300775843,0.9635776046821379,2200,1380,1456796251042
Running observer at: 1456796261612
production-topology1-1-1456795331,0.9997687073173701,1.0068232079656303,2280,1380,1456796262118
production-topology4-4-1456795353,1.0597820208848088,1.0056321322958213,2360,4360,1456796262118
production-topology3-3-1456795346,0.9688786500633191,1.0974539593954595,2460,4240,1456796262119
production-topology2-2-1456795338,0.7619543941607652,0.9548113781377303,2080,1280,1456796262119
Running observer at: 1456796272718
production-topology1-1-1456795331,1.1126630806264675,1.012241516419285,1840,1300,1456796273235
production-topology4-4-1456795353,0.9596506779877355,1.0011861758639964,2260,3940,1456796273235
production-topology3-3-1456795346,1.0001309858457994,1.093398835497557,2220,4100,1456796273235
production-topology2-2-1456795338,1.3010622550172362,0.9692384980077097,1660,1040,1456796273235
Running observer at: 1456796283963
production-topology1-1-1456795331,1.043297518633796,1.0152075592401384,2540,1500,1456796284440
production-topology4-4-1456795353,1.011712928170224,1.0046559036323006,2100,3900,1456796284440
production-topology3-3-1456795346,1.0622397698664912,1.0921524728723144,2580,4740,1456796284440
production-topology2-2-1456795338,0.9324397278619386,0.9677665472018789,2200,1400,1456796284440
Running observer at: 1456796294988
production-topology1-1-1456795331,0.9433118277058838,1.0106253833859526,2200,1500,1456796295492
production-topology4-4-1456795353,0.9723708060422056,1.0050015857086885,2260,4040,1456796295492
production-topology3-3-1456795346,0.9236122280447985,1.0856701557635637,2400,4240,1456796295492
production-topology2-2-1456795338,1.173684500421744,0.975686468479566,2040,1340,1456796295492
Running observer at: 1456796306075
production-topology1-1-1456795331,1.0672146464646466,1.0178285882496623,1920,1180,1456796306563
production-topology4-4-1456795353,1.037452207104458,1.0027612848232628,2200,3900,1456796306564
production-topology3-3-1456795346,0.9910693714451024,1.0821664230110282,2320,4080,1456796306564
production-topology2-2-1456795338,0.9041983199372896,0.9730387592742965,1740,1120,1456796306564
Running observer at: 1456796317337
production-topology1-1-1456795331,1.1050838336550393,1.0144364803473356,2380,1520,1456796317832
production-topology4-4-1456795353,1.0155020861279975,1.0065800186773532,2080,3720,1456796317832
production-topology3-3-1456795346,1.052335649475109,1.0811010382418882,2620,4760,1456796317832
production-topology2-2-1456795338,0.9240356962240031,0.9712886498796431,2240,1440,1456796317832
Running observer at: 1456796328360
production-topology1-1-1456795331,0.9339967970716083,1.0146836146485314,2260,1420,1456796328984
production-topology4-4-1456795353,0.9788048098509038,1.0048056760035473,2400,4280,1456796328984
production-topology3-3-1456795346,0.9433856386757602,1.0763522313602976,2400,4240,1456796328984
production-topology2-2-1456795338,1.0935042176509273,0.9755029798027909,2020,1280,1456796328984
Running observer at: 1456796339474
production-topology1-1-1456795331,1.1004578361709556,1.0183820272408022,1960,1240,1456796339955
production-topology4-4-1456795353,0.970525831224579,1.0044445672098092,2220,3980,1456796339955
production-topology3-3-1456795346,1.023825644969592,1.0746013451472742,2280,4060,1456796339955
production-topology2-2-1456795338,0.9311216134013383,0.9740236009227424,1680,1080,1456796339955
Running observer at: 1456796350615
production-topology1-1-1456795331,0.8325042335573423,1.0130845310369632,2420,1500,1456796351185
production-topology4-4-1456795353,1.0073585973413968,1.0060738235773816,2020,3620,1456796351185
production-topology3-3-1456795346,1.0570904440598476,1.076497120350473,2540,4760,1456796351186
production-topology2-2-1456795338,1.0371144567051276,0.9752835135833327,2240,1400,1456796351186
Running observer at: 1456796361677
production-topology1-1-1456795331,1.2378902232019997,1.0158405791574723,2240,1480,1456796362164
production-topology4-4-1456795353,1.0886721169329865,1.0068005675591734,2340,4400,1456796362164
production-topology3-3-1456795346,0.9290678073002077,1.0678021817142613,2480,4280,1456796362164
production-topology2-2-1456795338,0.9370372854021735,0.9748949141773812,1980,1360,1456796362164
Running observer at: 1456796372691
production-topology1-1-1456795331,0.9825468648998061,1.0178836094005907,1940,1280,1456796373182
production-topology4-4-1456795353,1.007557232459396,1.0065192914060372,2180,3900,1456796373183
production-topology3-3-1456795346,0.9949627327778118,1.0343009394735219,2200,3940,1456796373183
production-topology2-2-1456795338,1.1272032273310044,0.9791350217550813,1780,1080,1456796373183
Running observer at: 1456796383769
production-topology1-1-1456795331,0.9406216235276972,1.0093898374312242,2400,1600,1456796384316
production-topology4-4-1456795353,0.9112059340790639,1.0040504666380659,2020,3640,1456796384316
production-topology3-3-1456795346,1.026082501494149,1.00183702285666,2680,4820,1456796384316
production-topology2-2-1456795338,0.9334410021217799,0.976916388492474,2200,1420,1456796384316
Running observer at: 1456796394857
production-topology1-1-1456795331,1.0761530139247706,1.0119282712287165,2140,1360,1456796395373
production-topology4-4-1456795353,1.046380782620783,1.011012250301183,2220,3960,1456796395373
production-topology3-3-1456795346,0.9732235087234,0.9676111398141066,2140,3820,1456796395374
production-topology2-2-1456795338,1.0756460034810549,0.9794379219418423,1960,1260,1456796395374
Running observer at: 1456796405920
production-topology1-1-1456795331,0.8150223903447198,1.0048069462562579,2180,1280,1456796406421
production-topology4-4-1456795353,0.9595091168965588,1.0041337080438886,2420,4340,1456796406421
production-topology3-3-1456795346,1.0617396552430347,1.003002461655541,2440,4500,1456796406421
production-topology2-2-1456795338,1.057311541507668,0.9813483066587647,1780,1080,1456796406422
Running observer at: 1456796417063
production-topology1-1-1456795331,1.156444175220606,1.0143055492809436,2280,1540,1456796417622
production-topology4-4-1456795353,1.0438700357947417,1.0054823772234203,1960,3720,1456796417622
production-topology3-3-1456795346,0.9947620678011404,1.0032517984052824,2620,4700,1456796417622
production-topology2-2-1456795338,0.9936632797989733,1.0144704159853972,2120,1380,1456796417623
Running observer at: 1456796428216
production-topology1-1-1456795331,0.9151588702559577,1.0018839141875702,2080,1300,1456796428720
production-topology4-4-1456795353,1.0979986035622555,1.009964302894371,2120,3860,1456796428720
production-topology3-3-1456795346,1.0888303236844388,1.0054750243526263,2140,3900,1456796428720
production-topology2-2-1456795338,0.9780421436867429,1.0084619736634906,2100,1340,1456796428721
Running observer at: 1456796439169
production-topology1-1-1456795331,0.9411150280715499,1.0071499237683463,2220,1400,1456796439733
production-topology4-4-1456795353,0.940027749731092,1.0057451808324005,2460,4340,1456796439733
production-topology3-3-1456795346,0.9786172248178964,1.0033419311532161,2480,4520,1456796439733
production-topology2-2-1456795338,0.9929825421333399,1.0139706609280177,1680,1040,1456796439734
Running observer at: 1456796450219
production-topology1-1-1456795331,1.01733639689106,1.00400555939278,2360,1520,1456796450777
production-topology4-4-1456795353,0.9705953704823594,1.0047592467804238,2080,3780,1456796450777
production-topology3-3-1456795346,1.0188498610480878,1.0050153390662018,2440,4280,1456796450777
production-topology2-2-1456795338,0.9528845680895799,1.010784329516812,2100,1380,1456796450777
Running observer at: 1456796461354
production-topology1-1-1456795331,1.071943652523897,1.0100951883396119,1780,1100,1456796462015
production-topology4-4-1456795353,0.9953378001507545,1.004782020498655,2120,3800,1456796462015
production-topology3-3-1456795346,0.9848757532128195,1.005643026558008,2240,4060,1456796462015
production-topology2-2-1456795338,0.9980627737953007,1.005475225433598,1800,1180,1456796462015
Running observer at: 1456796472489
production-topology1-1-1456795331,0.9994126273541216,1.0089920277070752,2460,1580,1456796473029
production-topology4-4-1456795353,1.062202361110963,1.0041015363792194,2440,4300,1456796473029
production-topology3-3-1456795346,1.0064538528105926,1.0043105145699165,2620,4740,1456796473029
production-topology2-2-1456795338,1.0576026515566193,1.0094921163134012,2040,1360,1456796473029
Running observer at: 1456796483550
production-topology1-1-1456795331,0.9986136228252711,1.0052895656798482,2380,1540,1456796484143
production-topology4-4-1456795353,0.9751355717087804,1.0042898067417367,2080,3720,1456796484143
production-topology3-3-1456795346,0.9919264532358243,1.0039946210061015,2420,4400,1456796484143
production-topology2-2-1456795338,1.0350275453780433,1.0089379283117115,2060,1460,1456796484143
Running observer at: 1456796494678
production-topology1-1-1456795331,0.9547101167565711,1.0100279685715199,1820,1140,1456796495375
production-topology4-4-1456795353,0.9863769803205643,1.003560776582001,2080,3920,1456796495375
production-topology3-3-1456795346,0.9807736366901061,1.0040044401127362,2280,4040,1456796495375
production-topology2-2-1456795338,0.9769493183447945,1.0056986644313806,1880,1120,1456796495375
Running observer at: 1456796505829
production-topology1-1-1456795331,1.014426460239268,1.0088517048931978,2320,1540,1456796506330
production-topology4-4-1456795353,0.9666437188565433,1.0030898900416785,2460,4220,1456796506331
production-topology3-3-1456795346,0.9930714073306666,1.0040929844776136,2600,4720,1456796506331
production-topology2-2-1456795338,0.9967379896146706,1.0108682117877263,2140,1360,1456796506331
Running observer at: 1456796516819
production-topology1-1-1456795331,1.0079790300533822,1.0036481393770222,2400,1460,1456796517376
production-topology4-4-1456795353,1.0193989908823147,1.00409023371085,2040,3700,1456796517377
production-topology3-3-1456795346,1.006394840225924,1.003688243861924,2420,4280,1456796517377
production-topology2-2-1456795338,0.9983335900344237,1.0092348753703302,2000,1280,1456796517377
Running observer at: 1456796527876
production-topology1-1-1456795331,1.0303625022365914,1.0099437702049208,1880,1220,1456796528561
production-topology4-4-1456795353,1.0215350437164163,1.003573688787683,2160,3920,1456796528561
production-topology3-3-1456795346,0.9896744482968932,1.0037067751312783,2200,4040,1456796528562
production-topology2-2-1456795338,0.9697049989272689,1.0056993579204012,1760,1160,1456796528562
Running observer at: 1456796539040
production-topology1-1-1456795331,0.9801,1.0066790413830378,2440,1600,1456796539580
production-topology4-4-1456795353,0.9969606523035167,1.0038210224949609,2480,4420,1456796539581
production-topology3-3-1456795346,1.0279151342831536,1.0035321253413094,2660,4740,1456796539581
production-topology2-2-1456795338,0.9644815673369519,1.0048831681268497,2100,1300,1456796539581
Running observer at: 1456796550061
production-topology1-1-1456795331,1.0924991858085424,1.006729984496954,2260,1500,1456796550555
production-topology4-4-1456795353,1.0362126006904488,1.00417042166519,1980,3640,1456796550555
production-topology3-3-1456795346,1.0420824694295223,1.0049147471730362,2420,4320,1456796550555
production-topology2-2-1456795338,0.9523350829254229,1.0048354148179408,2080,1360,1456796550555
Running observer at: 1456796561142
production-topology1-1-1456795331,0.9394430443548386,1.0068789192048413,1980,1180,1456796561799
production-topology4-4-1456795353,0.9443161244760315,1.0016754039498441,2180,3900,1456796561799
production-topology3-3-1456795346,0.902435803183438,1.0005350682241398,2260,4080,1456796561799
production-topology2-2-1456795338,1.0404516271668014,1.0044338485127373,1780,1120,1456796561799
Running observer at: 1456796572299
production-topology1-1-1456795331,1.0015872706129731,1.0063335769720998,2360,1620,1456796572812
production-topology4-4-1456795353,1.0177746400544687,1.0019132354741347,2440,4400,1456796572813
production-topology3-3-1456795346,1.0270455839371333,1.000762822121618,2600,4720,1456796572813
production-topology2-2-1456795338,1.1147798211841482,1.0090578957091572,2040,1320,1456796572813
Running observer at: 1456796583273
production-topology1-1-1456795331,0.9719125710133438,1.0094525717106693,2320,1440,1456796583800
production-topology4-4-1456795353,1.0206137297945328,1.004049504045296,1980,3640,1456796583800
production-topology3-3-1456795346,0.9709295882778339,1.0004094345416632,2440,4280,1456796583800
production-topology2-2-1456795338,0.9673560488300358,1.0059716596675723,2120,1260,1456796583800
Running observer at: 1456796594333
production-topology1-1-1456795331,1.0144907316717613,1.0099433058558156,1920,1240,1456796594901
production-topology4-4-1456795353,1.0462893263991342,1.00359974756244,2180,4000,1456796594901
production-topology3-3-1456795346,1.016978324469414,1.0020127570218664,2180,4080,1456796594902
production-topology2-2-1456795338,1.0549633905339313,1.0157386262133445,1800,1100,1456796594902
Running observer at: 1456796605471
production-topology1-1-1456795331,1.0077288303094754,1.006445497511916,2440,1540,1456796606045
production-topology4-4-1456795353,0.966220653073059,1.0038187467319508,2100,3600,1456796606045
production-topology3-3-1456795346,1.0231002678399501,1.0027783997550046,2720,4740,1456796606045
production-topology2-2-1456795338,0.8952971847322998,1.0022131238705134,2060,1320,1456796606046
Running observer at: 1456796616528
production-topology1-1-1456795331,1.0177776359594541,1.0055948347561043,2200,1480,1456796617043
production-topology4-4-1456795353,1.009667665418625,1.0037505713068975,2320,4340,1456796617043
production-topology3-3-1456795346,0.9606980988039839,0.9993936773862544,2420,4260,1456796617043
production-topology2-2-1456795338,1.0428641199502446,1.0058939369401234,2080,1400,1456796617044
Running observer at: 1456796627616
production-topology1-1-1456795331,0.9276672526127072,1.0050733489196653,2000,1200,1456796628127
production-topology4-4-1456795353,0.9873761561979955,1.004250749645424,2200,3920,1456796628127
production-topology3-3-1456795346,1.0353091826909395,1.0031169092077925,2220,4080,1456796628127
production-topology2-2-1456795338,0.9302314227126255,0.9977788343498196,1840,1080,1456796628128
Running observer at: 1456796638825
production-topology1-1-1456795331,0.9860326302171443,1.0023672817114153,2440,1580,1456796639380
production-topology4-4-1456795353,1.011226242789994,1.003376550834942,2120,3600,1456796639380
production-topology3-3-1456795346,1.0004078201843174,1.0034281908324327,2600,4680,1456796639381
production-topology2-2-1456795338,1.0259899604151101,1.0018385556990803,2100,1360,1456796639381
Running observer at: 1456796649873
production-topology1-1-1456795331,0.9538609137374132,0.9973265177141609,2240,1460,1456796650417
production-topology4-4-1456795353,1.0025634239890953,1.0029452620969783,2380,4460,1456796650418
production-topology3-3-1456795346,0.9973835688121401,1.0015964548103338,2340,4380,1456796650418
production-topology2-2-1456795338,0.9863310601086677,1.0039150678285693,2000,1320,1456796650418
/var/nimbus/storm/bin/storm rebalance production-topology1 -e spout_head=11
1456796650796
/var/nimbus/storm/bin/storm rebalance production-topology4 -e bolt_output_1=9
Running observer at: 1456796660985
production-topology1-1-1456795331,1.0002926906406449,1.0002926906406449,238860,152420,1456796661516
production-topology4-4-1456795353,1.0008488027131741,1.0008488027131741,238720,429920,1456796661516
production-topology3-3-1456795346,0.9782344231974167,1.0027580809610557,2340,4060,1456796661517
production-topology2-2-1456795338,1.0170751182217277,1.001367431180929,1820,1180,1456796661517
Running observer at: 1456796672188
production-topology1-1-1456795331,1.6250000000000002,1.3126463453203225,200,180,1456796672746
production-topology4-4-1456795353,0.7142857142857142,0.8575672584994442,140,220,1456796672747
production-topology3-3-1456795346,1.0505727269714504,1.0036496503611176,2660,4760,1456796672747
production-topology2-2-1456795338,1.0257019495749928,1.0045201090533844,2080,1320,1456796672747
Running observer at: 1456796683229
production-topology1-1-1456795331,1.0,1.208430896880215,0,0,1456796683764
production-topology4-4-1456795353,2.0,1.2383781723329628,0,0,1456796683764
production-topology3-3-1456795346,1.0067031986746526,1.0019700755149445,2380,4360,1456796683764
production-topology2-2-1456795338,0.831740706051144,0.9976743173649183,2080,1360,1456796683764
Running observer at: 1456796689383
production-topology1-1-1456795331,1.0,1.1563231726601613,0,0,1456796689891
production-topology4-4-1456795353,2.0,1.428783629249722,0,0,1456796689891
production-topology3-3-1456795346,0.9052312875614642,1.0011755248569865,1360,2340,1456796689891
production-topology2-2-1456795338,1.5458558561840097,1.0179682697243126,960,680,1456796689892
Running observer at: 1456796690463
production-topology1-1-1456795331,1.0,1.125058538128129,0,0,1456796690962
production-topology4-4-1456795353,0.0,1.1430269033997775,0,0,1456796690962
production-topology3-3-1456795346,1.1654040404040407,1.0068569017778608,280,460,1456796690963
production-topology2-2-1456795338,1.25,1.0220614954799456,180,80,1456796690963
Running observer at: 1456796694226
production-topology1-1-1456795331,0.0,0.9375487817734408,215260,0,1456796694707
production-topology4-4-1456795353,0.0,0.9525224194998146,0,0,1456796694707
production-topology3-3-1456795346,1.0938920594093005,1.0091172203750325,580,1240,1456796694707
production-topology2-2-1456795338,0.8080808080808081,1.017882822345247,720,480,1456796694707
Running observer at: 1456796705360
production-topology1-1-1456795331,0.9928084882833236,0.9454430255605669,144980,91940,1456796705893
production-topology4-4-1456795353,26.583333333333332,4.614066835761746,480,20,1456796705893
production-topology3-3-1456795346,0.9876735507066289,1.0095988884411402,2480,4280,1456796705893
production-topology2-2-1456795338,1.0996287819582449,1.0186822482944866,1980,1320,1456796705893
Running observer at: 1456796716450
production-topology1-1-1456795331,0.44825270304450604,0.8832942352460593,1720,580,1456796717037
production-topology4-4-1456795353,1.1864886105957533,4.185619557615997,1680,3620,1456796717037
production-topology3-3-1456795346,0.9326728917845405,1.0052966629925235,2640,4760,1456796717037
production-topology2-2-1456795338,0.9789001278855393,1.0160685345070821,2140,1320,1456796717038
Running observer at: 1456796727512
production-topology1-1-1456795331,1.2770507007953575,0.9270449536404257,2320,1780,1456796727959
production-topology4-4-1456795353,1.1752334811914915,3.851132215791052,2160,4140,1456796727959
production-topology3-3-1456795346,1.0724456766349446,1.007886116620317,2220,4060,1456796727959
production-topology2-2-1456795338,0.935281849413412,1.0141224868275633,1840,1180,1456796727959
Running observer at: 1456796738508
production-topology1-1-1456795331,1.0090302913813922,0.9352434874145225,2640,1840,1456796739036
production-topology4-4-1456795353,0.9079089851490627,3.5568098927268528,2340,4080,1456796739036
production-topology3-3-1456795346,0.9775219724015625,1.0041758382442212,2380,4260,1456796739037
production-topology2-2-1456795338,0.87609413052863,1.010724219722293,2000,1300,1456796739037
Running observer at: 1456796749553
production-topology1-1-1456795331,0.9882995929947366,0.9400667697399965,2160,1380,1456796750138
production-topology4-4-1456795353,1.0059519614752173,3.324913717158523,2160,4020,1456796750138
production-topology3-3-1456795346,0.9859394382420699,1.004419912025027,2240,4020,1456796750138
production-topology2-2-1456795338,1.1630942973517324,1.0163946115629061,1880,1240,1456796750138
Running observer at: 1456796760739
production-topology1-1-1456795331,1.0915149554182126,0.9526874518798478,2500,1700,1456796761313
production-topology4-4-1456795353,1.000698871953845,3.1312291467247992,2100,3620,1456796761313
production-topology3-3-1456795346,1.0107862515142398,1.0041511250405655,2700,4840,1456796761313
production-topology2-2-1456795338,1.100523198388104,1.0213158992395235,2000,1300,1456796761313
Running observer at: 1456796771885
production-topology1-1-1456795331,1.0994910697696023,0.9639800378713674,2640,1700,1456796772443
production-topology4-4-1456795353,0.9563909780438101,2.9639339029801075,2380,4280,1456796772443
production-topology3-3-1456795346,1.0233402960675688,1.005433276469057,2380,4260,1456796772443
production-topology2-2-1456795338,0.798378470200009,1.0146597557863473,2120,1340,1456796772443
Running observer at: 1456796782937
production-topology1-1-1456795331,1.0734756545885389,0.9718011533511653,2180,1500,1456796783496
production-topology4-4-1456795353,1.011710200016686,2.8244893527684347,2200,4000,1456796783497
production-topology3-3-1456795346,1.0782619165613632,1.0078268785940827,2200,4040,1456796783497
production-topology2-2-1456795338,1.0652263285648746,1.0149138783532892,2140,1260,1456796783497
Running observer at: 1456796794051
production-topology1-1-1456795331,0.792251267405291,0.9598311609547737,2440,1500,1456796794648
production-topology4-4-1456795353,1.072956829570586,2.707720517888578,1980,3660,1456796794648
production-topology3-3-1456795346,0.9508069843944901,1.006456229632705,2680,4820,1456796794648
production-topology2-2-1456795338,1.0783713476137726,1.0163586717611466,1760,1240,1456796794648
Running observer at: 1456796805133
production-topology1-1-1456795331,1.1793202438025492,0.9735492286327596,2480,1620,1456796805689
production-topology4-4-1456795353,0.9660425345403523,2.598865643929314,2320,4160,1456796805689
production-topology3-3-1456795346,0.9465725516168975,1.0053161934635981,2420,4240,1456796805689
production-topology2-2-1456795338,1.0816914672157634,1.0198500767235121,2020,1360,1456796805689
Running observer at: 1456796816229
production-topology1-1-1456795331,0.9949815251143134,0.9748099519552039,2280,1520,1456796816823
production-topology4-4-1456795353,1.0316604272675167,2.5066771017727376,2280,4140,1456796816823
production-topology3-3-1456795346,1.0613203129981108,1.007591156985846,2200,4100,1456796816823
production-topology2-2-1456795338,0.793475892435664,1.013074673484212,2100,1260,1456796816824
Running observer at: 1456796827357
production-topology1-1-1456795331,0.8567087036263866,0.9682487714924917,2560,1560,1456796827871
production-topology4-4-1456795353,0.9871129986271722,2.4222568738202064,1940,3560,1456796827871
production-topology3-3-1456795346,1.0369163445859737,1.0086085404645144,2680,4800,1456796827871
production-topology2-2-1456795338,1.2990588006045407,1.0230988471698828,1860,1180,1456796827872
Running observer at: 1456796838489
production-topology1-1-1456795331,1.095866996134084,0.9749655201578387,2420,1600,1456796839016
production-topology4-4-1456795353,0.9962137752437192,2.347201973895128,2460,4220,1456796839017
production-topology3-3-1456795346,0.9258720771155909,1.006481794758471,2420,4240,1456796839017
production-topology2-2-1456795338,0.9265734989648033,1.0216611305044672,2000,1320,1456796839017
Running observer at: 1456796849606
production-topology1-1-1456795331,0.8765566820140177,0.9700450782506478,2380,1540,1456796850184
production-topology4-4-1456795353,0.9944131934997695,2.27956253487536,2220,4080,1456796850184
production-topology3-3-1456795346,1.0508044986063938,1.0072447735692458,2240,4160,1456796850184
production-topology2-2-1456795338,1.0778524828990144,1.0254401610232025,2040,1320,1456796850184
Running observer at: 1456796860727
production-topology1-1-1456795331,1.1671434350064103,0.9794307142866364,2420,1560,1456796861277
production-topology4-4-1456795353,1.0226986714644943,2.219711874712938,2000,3660,1456796861277
production-topology3-3-1456795346,0.9446671939178417,1.0039975977188564,2640,4660,1456796861277
production-topology2-2-1456795338,0.9939821482055313,1.0268283965325395,1920,1200,1456796861277
Running observer at: 1456796871886
production-topology1-1-1456795331,0.8906096710700867,0.9753933941404296,2680,1700,1456796872457
production-topology4-4-1456795353,1.0629723727674647,2.167132806442689,2240,4100,1456796872458
production-topology3-3-1456795346,1.035915440591542,1.0084469189657932,2420,4320,1456796872458
production-topology2-2-1456795338,0.9303005291428303,1.0231566932650737,2020,1300,1456796872458
Running observer at: 1456796882939
production-topology1-1-1456795331,0.9737625460496314,0.9753224877016993,2260,1360,1456796883509
production-topology4-4-1456795353,0.9506546186004832,2.1142424504495496,2360,4240,1456796883510
production-topology3-3-1456795346,1.090142680622332,1.0105501555219663,2200,4080,1456796883510
production-topology2-2-1456795338,1.072716346153846,1.0217545774307306,2060,1280,1456796883510
Running observer at: 1456796893989
production-topology1-1-1456795331,1.0938438438438438,0.9802608775409553,2420,1560,1456796894528
production-topology4-4-1456795353,1.0300252923647109,2.069066735529348,2040,3620,1456796894529
production-topology3-3-1456795346,0.9526405198503536,1.009940519907717,2620,4760,1456796894529
production-topology2-2-1456795338,0.814555657888575,1.0166612310660152,1880,1100,1456796894529
Running observer at: 1456796905058
production-topology1-1-1456795331,1.0032731800878403,0.9811813696428306,2480,1620,1456796905691
production-topology4-4-1456795353,0.9599325397577796,2.0247013676984853,2240,4120,1456796905691
production-topology3-3-1456795346,0.9523210721403531,1.0077852781634151,2500,4320,1456796905691
production-topology2-2-1456795338,1.2885066402532301,1.0244460060566585,1860,1300,1456796905692
Running observer at: 1456796916210
production-topology1-1-1456795331,0.9134652928090716,0.9785769051492246,2240,1320,1456796916851
production-topology4-4-1456795353,1.0034947240665129,1.9854241890972555,2340,4100,1456796916852
production-topology3-3-1456795346,1.0032354367460752,1.0071231171269526,2160,4000,1456796916852
production-topology2-2-1456795338,0.9458642943460261,1.026131576377116,2240,1400,1456796916852
Running observer at: 1456796927356
production-topology1-1-1456795331,1.0966704872727273,0.9829507415241692,2500,1660,1456796927927
production-topology4-4-1456795353,0.9827160055599136,1.9482868489662428,2060,3640,1456796927928
production-topology3-3-1456795346,1.0259351033221698,1.0092976839442254,2560,4520,1456796927928
production-topology2-2-1456795338,0.9008379844635104,1.0213973718608915,1840,1160,1456796927928
Running observer at: 1456796938467
production-topology1-1-1456795331,0.956640625,0.9820110945054488,2560,1540,1456796939110
production-topology4-4-1456795353,0.9937565621718913,1.9141964815807302,2280,4200,1456796939110
production-topology3-3-1456795346,1.0370084337084404,1.0093543256448085,2460,4540,1456796939110
production-topology2-2-1456795338,0.9010428731133042,1.0204244202075807,1960,1240,1456796939110
Running observer at: 1456796949582
production-topology1-1-1456795331,1.0371866277710011,0.9839136991008126,2260,1480,1456796950185
production-topology4-4-1456795353,0.9961673840221292,1.8825403058028476,2260,4080,1456796950185
production-topology3-3-1456795346,1.0069842310987362,1.009573539341956,2260,4120,1456796950186
production-topology2-2-1456795338,1.0199949960999017,1.0202245880637404,2180,1360,1456796950186
Running observer at: 1456796960647
production-topology1-1-1456795331,1.00147696985442,0.9844991414592662,2460,1580,1456796961134
production-topology4-4-1456795353,1.0440047831501493,1.8545891217144244,2040,3760,1456796961135
production-topology3-3-1456795346,0.9076224785642533,1.0065815030003598,2600,4480,1456796961135
production-topology2-2-1456795338,1.0954264465898362,1.023861100946446,1720,1160,1456796961135
Running observer at: 1456796971700
production-topology1-1-1456795331,1.0020959970147962,0.984559251671738,2500,1700,1456796972223
production-topology4-4-1456795353,1.0231662395820171,1.855333036276719,2240,4040,1456796972223
production-topology3-3-1456795346,1.0458487898185793,1.0088353152210654,2480,4560,1456796972223
production-topology2-2-1456795338,1.1059768087422575,1.0268244906304638,1940,1280,1456796972223
Running observer at: 1456796982809
production-topology1-1-1456795331,1.005170380109189,0.9638982643420442,2280,1400,1456796983310
production-topology4-4-1456795353,1.0538496388484162,1.8666518337621425,2300,4200,1456796983310
production-topology3-3-1456795346,1.082761469156068,1.0099082732938858,2240,4040,1456796983310
production-topology2-2-1456795338,0.871303354327152,1.0216778707888692,2040,1240,1456796983310
Running observer at: 1456796993903
production-topology1-1-1456795331,0.890109821867983,0.9602352584043103,2560,1580,1456796994408
production-topology4-4-1456795353,0.9071072990551368,1.83022207706398,2040,3620,1456796994408
production-topology3-3-1456795346,0.9822153924017767,1.0090920130847898,2580,4560,1456796994408
production-topology2-2-1456795338,1.2111258142443786,1.0343240410619772,2060,1360,1456796994408
Running observer at: 1456797005056
production-topology1-1-1456795331,1.1355877436807096,0.964754849860334,2500,1620,1456797005598
production-topology4-4-1456795353,1.012854882082768,1.7973172398000725,2320,4020,1456797005598
production-topology3-3-1456795346,0.9503794989603523,1.0105969534647528,2520,4600,1456797005598
production-topology2-2-1456795338,0.8210402466731582,1.0101635207449486,1900,1180,1456797005598
Running observer at: 1456797016172
production-topology1-1-1456795331,0.9768729860365197,0.9639839493948846,2220,1460,1456797016675
production-topology4-4-1456795353,1.0202109165735371,1.8313242703525239,2300,4180,1456797016675
production-topology3-3-1456795346,0.9336250236902863,1.002870986240961,2240,3980,1456797016675
production-topology2-2-1456795338,1.0807507614663066,1.0045218794604922,2100,1340,1456797016676
Running observer at: 1456797027287
production-topology1-1-1456795331,0.9614253769486327,0.996031461959839,2560,1620,1456797027835
production-topology4-4-1456795353,0.9534479680868504,1.863105869288752,2020,3700,1456797027835
production-topology3-3-1456795346,1.034562854879855,1.0008933460899796,2560,4600,1456797027836
production-topology2-2-1456795338,0.9582041238723603,1.0095259899868771,1880,1180,1456797027836
Running observer at: 1456797038488
production-topology1-1-1456795331,0.9906899269537935,0.9959608432488547,2500,1620,1456797039070
production-topology4-4-1456795353,0.9873172309260299,1.0099053325418423,2320,4100,1456797039070
production-topology3-3-1456795346,1.015480990694345,1.001820260756237,2500,4540,1456797039070
production-topology2-2-1456795338,0.9980181319839763,1.0061389683210682,2040,1280,1456797039070
Running observer at: 1456797049616
production-topology1-1-1456795331,1.0503324350365089,1.0160301676485881,2400,1460,1456797050119
production-topology4-4-1456795353,1.0177809388335703,1.0042817434831028,2280,4140,1456797050119
production-topology3-3-1456795346,0.9754099816075219,1.003244830417003,2180,3980,1456797050119
production-topology2-2-1456795338,0.9224092950521596,1.0042559405599556,2180,1360,1456797050119
Running observer at: 1456797060727
production-topology1-1-1456795331,0.9923341335661282,1.0065396154076138,2320,1560,1456797061246
production-topology4-4-1456795353,1.096850861556744,1.001668989495278,1980,3720,1456797061246
production-topology3-3-1456795346,1.005892089606534,1.0010263775160557,2640,4580,1456797061247
production-topology2-2-1456795338,1.0181627792168453,1.0070186382200699,1860,1220,1456797061247
Running observer at: 1456797071937
production-topology1-1-1456795331,0.9747266398633038,1.005396160357011,2580,1620,1456797072410
production-topology4-4-1456795353,0.9097990369388202,1.0017319912216032,2320,4080,1456797072410
production-topology3-3-1456795346,1.053370542633087,1.00355466319044,2460,4540,1456797072410
production-topology2-2-1456795338,1.0279301315070069,1.0120798382526823,1900,1220,1456797072410
Running observer at: 1456797082971
production-topology1-1-1456795331,0.9871535093714403,1.0053579575695677,2400,1520,1456797083473
production-topology4-4-1456795353,1.0192759807862783,1.0021761251986387,2300,4120,1456797083473
production-topology3-3-1456795346,0.9725571632533807,1.0031085873574836,2220,4060,1456797083473
production-topology2-2-1456795338,1.0943990279629912,1.009789995939724,2100,1420,1456797083473
Running observer at: 1456797094034
production-topology1-1-1456795331,0.957804324324324,1.0009009365331047,2340,1440,1456797094578
production-topology4-4-1456795353,0.9769665493644644,1.0013850477789925,2060,3580,1456797094578
production-topology3-3-1456795346,0.9406051993163995,1.000769218950889,2520,4560,1456797094578
production-topology2-2-1456795338,0.9891140412903824,1.0060763573698002,1940,1260,1456797094578
Running observer at: 1456797105217
production-topology1-1-1456795331,0.9594626758611694,0.9962333234028234,2500,1660,1456797105726
production-topology4-4-1456795353,1.0880537639969883,1.0057738073107652,2260,4220,1456797105726
production-topology3-3-1456795346,1.0422171654771297,1.0013984479312077,2540,4600,1456797105726
production-topology2-2-1456795338,1.0761033730491691,1.0153338541314387,1920,1200,1456797105726
Running observer at: 1456797116285
production-topology1-1-1456795331,1.0440433864450116,0.9952522477980393,2500,1460,1456797116779
production-topology4-4-1456795353,0.9995803766665954,1.0053694798657622,2260,4140,1456797116779
production-topology3-3-1456795346,0.9862138967227461,0.998330180603254,2260,4080,1456797116780
production-topology2-2-1456795338,0.8511393042239273,1.0081976199867406,2200,1340,1456797116780
Running observer at: 1456797127395
production-topology1-1-1456795331,1.0721418645124263,1.0045819343682774,2300,1680,1456797127967
production-topology4-4-1456795353,0.9262136653788726,1.0004780410593717,2160,3680,1456797127967
production-topology3-3-1456795346,0.9856533386138613,0.9994917257438994,2500,4480,1456797127968
production-topology2-2-1456795338,0.9575155972105114,1.0041690949732986,1920,1240,1456797127968
Running observer at: 1456797138604
production-topology1-1-1456795331,0.9515149750056987,0.9969884254083822,2480,1600,1456797139103
production-topology4-4-1456795353,1.0212384990576722,1.0023179065432823,2160,4020,1456797139103
production-topology3-3-1456795346,1.040982241081251,1.0026387153927112,2500,4500,1456797139103
production-topology2-2-1456795338,1.050682735309154,1.0031354705764115,1940,1280,1456797139103
Running observer at: 1456797149658
production-topology1-1-1456795331,0.9139554077886056,0.9942875548308586,2520,1440,1456797150159
production-topology4-4-1456795353,0.9902033615006036,1.0009360043510518,2420,4280,1456797150159
production-topology3-3-1456795346,1.028457162051519,1.001543277027825,2280,4140,1456797150159
production-topology2-2-1456795338,1.1161752963096339,1.0138921173722104,2040,1400,1456797150159
Running observer at: 1456797160725
production-topology1-1-1456795331,1.1536512783264516,1.004185640654194,2280,1560,1456797161049
production-topology4-4-1456795353,0.9989285839687514,1.0013298571957714,1980,3580,1456797161049
production-topology3-3-1456795346,0.9648126029099926,0.999139818971959,2540,4480,1456797161049
production-topology2-2-1456795338,1.0210249039647112,1.0046243208175496,1940,1120,1456797161049
Running observer at: 1456797171453
production-topology1-1-1456795331,1.0373679464588554,1.0022356723316865,800,580,1456797172001
production-topology4-4-1456795353,1.001709219685811,1.0015130386771744,2200,3880,1456797172001
production-topology3-3-1456795346,1.01199108071914,1.0020104524254105,2140,3800,1456797172001
production-topology2-2-1456795338,0.8495768228804936,1.0020577649480726,1900,1220,1456797172001
Running observer at: 1456797182380
production-topology1-1-1456795331,1.0,1.006350449597886,0,0,1456797182926
production-topology4-4-1456795353,1.0861080818689692,1.0045695349561479,1980,3700,1456797182926
production-topology3-3-1456795346,1.046762499055707,1.0018757191070542,1900,3700,1456797182926
production-topology2-2-1456795338,0.4687500000000001,0.9817543488514389,120,60,1456797182926
