Running observer at: 1456103422000
production-topology1-1-1456103421,0.0,0.0,1456103422094
Running observer at: 1456103428262
production-topology2-2-1456103428,0.0,0.0,1456103428392
production-topology1-1-1456103421,0.0,0.0,1456103428393
Running observer at: 1456103431252
production-topology2-2-1456103428,0.0,0.0,1456103431426
production-topology1-1-1456103421,0.0,0.0,1456103431426
Running observer at: 1456103435346
production-topology2-2-1456103428,0.0,0.0,1456103435529
production-topology3-3-1456103435,0.0,0.0,1456103435529
production-topology1-1-1456103421,0.0,0.0,1456103435529
Running observer at: 1456103441893
production-topology2-2-1456103428,0.626701451905626,0.1566753629764065,1456103442132
production-topology3-3-1456103435,0.0,0.0,1456103442132
production-topology1-1-1456103421,0.0,0.0,1456103442132
Running observer at: 1456103443023
production-topology4-4-1456103442,0.0,0.0,1456103443238
production-topology2-2-1456103428,1.0315430520034101,0.3316489007818072,1456103443238
production-topology3-3-1456103435,0.0,0.0,1456103443239
production-topology1-1-1456103421,0.0,0.0,1456103443239
Running observer at: 1456103453879
production-topology4-4-1456103442,0.0,0.0,1456103454195
production-topology2-2-1456103428,0.912121212121212,0.42839428600504137,1456103454195
production-topology3-3-1456103435,0.4468424198947872,0.1117106049736968,1456103454195
production-topology1-1-1456103421,0.9663654618473898,0.1380522088353414,1456103454196
Running observer at: 1456103465011
production-topology4-4-1456103442,0.6309363328664799,0.2103121109554933,1456103465296
production-topology2-2-1456103428,1.051328829433956,0.5173849350663149,1456103465296
production-topology3-3-1456103435,1.2604223171460331,0.34145294740816406,1456103465297
production-topology1-1-1456103421,0.9652564360823335,0.2414527372412154,1456103465297
Running observer at: 1456103476086
production-topology4-4-1456103442,1.1406763156931419,0.44290316213990544,1456103476439
production-topology2-2-1456103428,1.2071477374652242,0.6036052853661785,1456103476440
production-topology3-3-1456103435,1.0047888918053811,0.45200893814103354,1456103476440
production-topology1-1-1456103421,0.9680443548387097,0.3221851391964925,1456103476440
Running observer at: 1456103487090
production-topology4-4-1456103442,0.9299559605872247,0.5403137218293693,1456103487342
production-topology2-2-1456103428,0.915324805742238,0.6382407876301852,1456103487342
production-topology3-3-1456103435,1.0878191091277714,0.5428389625677104,1456103487342
production-topology1-1-1456103421,1.1031568625234556,0.4002823115291888,1456103487343
Running observer at: 1456103497909
production-topology4-4-1456103442,0.9685752483300003,0.6116906429128078,1456103498178
production-topology2-2-1456103428,0.9172701338599957,0.6661437222531662,1456103498178
production-topology3-3-1456103435,1.0017408366257716,0.600201696824968,1456103498179
production-topology1-1-1456103421,0.9363016543041904,0.44901134269055265,1456103498179
Running observer at: 1456103508802
production-topology4-4-1456103442,1.0681918737060019,0.6769051044546927,1456103509046
production-topology2-2-1456103428,0.9857561674154016,0.6951993990860967,1456103509047
production-topology3-3-1456103435,1.011318967878357,0.6458813936086779,1456103509047
production-topology1-1-1456103421,1.0633856630743816,0.5002092027225383,1456103509048
Running observer at: 1456103519697
production-topology4-4-1456103442,0.9935277123450075,0.716482930440982,1456103519940
production-topology2-2-1456103428,1.0477309061293438,0.724577024673034,1456103519941
production-topology3-3-1456103435,0.9738457011129549,0.6786778243591056,1456103519941
production-topology1-1-1456103421,1.0653274838127214,0.5436798397294755,1456103519942
Running observer at: 1456103530615
production-topology4-4-1456103442,0.9302013935479007,0.7402294263417507,1456103530961
production-topology2-2-1456103428,1.0,0.745763407390493,1456103530961
production-topology3-3-1456103435,1.02030699781538,0.7097350219460398,1456103530962
production-topology1-1-1456103421,0.7712535117892864,0.559935102019462,1456103530962
Running observer at: 1456103541573
production-topology4-4-1456103442,1.0562819025539114,0.7718346739629668,1456103541814
production-topology2-2-1456103428,1.0,0.7639231640054577,1456103541815
production-topology3-3-1456103435,1.0213804216740092,0.7357054719233705,1456103541815
production-topology1-1-1456103421,1.1643663148770773,0.6002305162099696,1456103541815
Running observer at: 1456103547172
production-topology4-4-1456103442,0.950638357521548,0.7880895542864742,1456103547401
production-topology2-2-1456103428,1.0,0.7796616197384272,1456103547401
production-topology3-3-1456103435,0.8632762586699969,0.7455186093654187,1456103547401
production-topology1-1-1456103421,0.9657240266658552,0.6230738606134625,1456103547402
Running observer at: 1456103552333
production-topology4-4-1456103442,1.129552253676243,0.8165447792356216,1456103552539
production-topology2-2-1456103428,1.0,0.7934327685047755,1456103552539
production-topology3-3-1456103435,1.0252364066193853,0.7654984520264163,1456103552539
production-topology1-1-1456103421,1.0381114769750293,0.6474878380464958,1456103552539
Running observer at: 1456103563021
production-topology4-4-1456103442,0.9280591415899,0.8251228071090276,1456103563251
production-topology2-2-1456103428,1.0,0.8055837821221417,1456103563251
production-topology3-3-1456103435,0.9840489084708899,0.7800684824560479,1456103563251
production-topology1-1-1456103421,0.9432738885484749,0.6639203964077169,1456103563252
Running observer at: 1456103573775
production-topology4-4-1456103442,1.0235941553614287,0.839299331984199,1456103574031
production-topology2-2-1456103428,0.841159809183065,0.8075602280699707,1456103574031
production-topology3-3-1456103435,1.0613737398892171,0.797650061045621,1456103574032
production-topology1-1-1456103421,1.0265877372086436,0.683008151186713,1456103574032
Running observer at: 1456103584586
production-topology4-4-1456103442,0.9538870291183545,0.8469385117931427,1456103584800
production-topology2-2-1456103428,1.0476738972832722,0.8201977896075129,1456103584800
production-topology3-3-1456103435,1.0021765175058794,0.809681029072695,1456103584801
production-topology1-1-1456103421,0.9673858054995644,0.6972270339023556,1456103584801
Running observer at: 1456103595425
production-topology4-4-1456103442,1.021206984238479,0.8578302913209762,1456103595650
production-topology2-2-1456103428,1.0218947776549832,0.8302826390098863,1456103595650
production-topology3-3-1456103435,0.9228347349629187,0.8159673460665964,1456103595650
production-topology1-1-1456103421,0.9321586606006547,0.7084142542213222,1456103595651
Running observer at: 1456103606289
production-topology4-4-1456103442,1.0594785747871869,0.8696919550542828,1456103606519
production-topology2-2-1456103428,1.0065043057870706,0.838674146951657,1456103606519
production-topology3-3-1456103435,1.0771071531337904,0.8297115464385539,1456103606520
production-topology1-1-1456103421,1.1623267206266148,0.7290466390579264,1456103606520
Running observer at: 1456103617171
production-topology4-4-1456103442,0.9886852526602494,0.8763026938101698,1456103617394
production-topology2-2-1456103428,0.8737756380295365,0.8402696692733788,1456103617395
production-topology3-3-1456103435,1.0148981161091888,0.8389708749220857,1456103617395
production-topology1-1-1456103421,0.9833691756272404,0.7401041406478965,1456103617396
Running observer at: 1456103628044
production-topology4-4-1456103442,0.997168144522767,0.8826640333213591,1456103628269
production-topology2-2-1456103428,1.1205653337172612,0.8524564372926781,1456103628269
production-topology3-3-1456103435,0.9983346222846894,0.8465596247964955,1456103628270
production-topology1-1-1456103421,0.9483326441398863,0.748780328293396,1456103628270
Running observer at: 1456103638916
production-topology4-4-1456103442,0.947050807502488,0.8858833720304157,1456103639128
production-topology2-2-1456103428,1.052541115691626,0.8607932988926342,1456103639128
production-topology3-3-1456103435,1.00224800390879,0.8536363693015997,1456103639128
production-topology1-1-1456103421,1.0228125007301465,0.759741615190866,1456103639129
Running observer at: 1456103649664
production-topology4-4-1456103442,1.0678299900462564,0.8945474966978366,1456103649879
production-topology2-2-1456103428,0.8187549575368918,0.8591117652384045,1456103649880
production-topology3-3-1456103435,0.9405236310046097,0.8574140763321654,1456103649880
production-topology1-1-1456103421,1.0285537891649947,0.7700805449591018,1456103649880
Running observer at: 1456103660409
production-topology4-4-1456103442,1.0525676350052622,0.901730230257265,1456103660623
production-topology2-2-1456103428,1.147051116595977,0.8701863556752343,1456103660623
production-topology3-3-1456103435,1.0473273265668794,0.8653271284252785,1456103660623
production-topology1-1-1456103421,1.0591901652932598,0.7807883086751817,1456103660624
Running observer at: 1456103671198
production-topology4-4-1456103442,0.9358762795517523,0.9032148410961558,1456103671427
production-topology2-2-1456103428,0.9973055643353451,0.8748944745144976,1456103671427
production-topology3-3-1456103435,1.0610448843419955,0.8731558386619471,1456103671428
production-topology1-1-1456103421,0.9067182989210817,0.7852858083268209,1456103671428
Running observer at: 1456103681951
production-topology4-4-1456103442,1.0691378589949156,0.9101283001752707,1456103682193
production-topology2-2-1456103428,1.132623937546636,0.884099098194217,1456103682194
production-topology3-3-1456103435,0.9462839932257766,0.8759684599913252,1456103682194
production-topology1-1-1456103421,1.1638253111502586,0.7983388946310774,1456103682194
Running observer at: 1456103692737
production-topology4-4-1456103442,1.0053363733916854,0.9139366231039273,1456103692948
production-topology2-2-1456103428,0.9567341407608639,0.8866037548344462,1456103692948
production-topology3-3-1456103435,0.9844465078665655,0.879986165468186,1456103692949
production-topology1-1-1456103421,0.9563705284987182,0.8036066157599987,1456103692949
Running observer at: 1456103703523
production-topology4-4-1456103442,0.9514309135814156,0.9153787111992153,1456103703828
production-topology2-2-1456103428,0.8709025386072303,0.8860803809602056,1456103703828
production-topology3-3-1456103435,0.97219251658504,0.8832792494366449,1456103703828
production-topology1-1-1456103421,0.907630996453258,0.8338609823084406,1456103703829
Running observer at: 1456103714395
production-topology4-4-1456103442,0.97834796741716,0.917710905873954,1456103714588
production-topology2-2-1456103428,1.054425990624756,0.9212279139810309,1456103714588
production-topology3-3-1456103435,1.0313703809278054,0.8883858401777194,1456103714588
production-topology1-1-1456103421,1.0578444549789463,0.8691224641410723,1456103714588
Running observer at: 1456103725164
production-topology4-4-1456103442,1.0601999354919915,0.9227997997888838,1456103725376
production-topology2-2-1456103428,0.9988816881124575,0.9545239702514461,1456103725376
production-topology3-3-1456103435,0.9353142464281077,0.8899501203860657,1456103725376
production-topology1-1-1456103421,0.9696328573055332,0.9014435593845901,1456103725377
Running observer at: 1456103735916
production-topology4-4-1456103442,0.9328315438324861,0.923145721997284,1456103736112
production-topology2-2-1456103428,0.9426115902660317,0.9859443565936472,1456103736113
production-topology3-3-1456103435,1.1212033505644028,0.9273235654048791,1456103736113
production-topology1-1-1456103421,0.8760814612732543,0.9306462747603652,1456103736113
/var/nimbus/storm/bin/storm rebalance production-topology1 -e spout_head=11
1456103736435
/var/nimbus/storm/bin/storm rebalance production-topology2 -e spout_head=9
Running observer at: 1456103746641
production-topology4-4-1456103442,1.0717874601312842,0.9281004466017505,1456103746816
production-topology2-2-1456103428,0.9930509172394802,0.9930509172394802,1456103746816
production-topology3-3-1456103435,0.9388151737838666,0.958617404531008,1456103746817
production-topology1-1-1456103421,1.0019221077907527,1.0019221077907527,1456103746817
/var/nimbus/storm/bin/storm rebalance production-topology3 -e spout_head=11
1456103747208
/var/nimbus/storm/bin/storm rebalance production-topology4 -e bolt_output_1=9
Running observer at: 1456103757387
production-topology4-4-1456103442,0.9989334189755243,0.9989334189755243,1456103757569
production-topology2-2-1456103428,4.166666666666667,2.5798587919530735,1456103757569
production-topology3-3-1456103435,1.0008153832483013,1.0008153832483013,1456103757570
production-topology1-1-1456103421,0.0,0.5009610538953764,1456103757570
Running observer at: 1456103768055
production-topology4-4-1456103442,0.7774305555555556,0.88818198726554,1456103768308
production-topology2-2-1456103428,1.0,2.0532391946353825,1456103768308
production-topology3-3-1456103435,0.16666666666666666,0.583741024957484,1456103768309
production-topology1-1-1456103421,1.0,0.6673073692635842,1456103768309
Running observer at: 1456103774629
production-topology4-4-1456103442,2.0,1.25878799151036,1456103774851
production-topology2-2-1456103428,1.0,1.7899293959765368,1456103774851
production-topology3-3-1456103435,2.0,1.055827349971656,1456103774851
production-topology1-1-1456103421,1.0,0.7504805269476882,1456103774851
Running observer at: 1456103775513
production-topology4-4-1456103442,2.0,1.44409099363277,1456103775784
production-topology2-2-1456103428,1.0,1.6319435167812295,1456103775784
production-topology3-3-1456103435,2.0,1.291870512478742,1456103775785
production-topology1-1-1456103421,1.0,0.8003844215581506,1456103775785
Running observer at: 1456103778811
production-topology4-4-1456103442,2.0,1.555272794906216,1456103778997
production-topology2-2-1456103428,1.0,1.5266195973176913,1456103778997
production-topology3-3-1456103435,2.0,1.4334964099829937,1456103778997
production-topology1-1-1456103421,3.705075954057058E-4,0.6670487692310264,1456103778998
Running observer at: 1456103785305
production-topology4-4-1456103442,2.0,1.62939399575518,1456103785603
production-topology2-2-1456103428,1.0,1.4513882262723068,1456103785603
production-topology3-3-1456103435,2.0,1.527913674985828,1456103785603
production-topology1-1-1456103421,0.9965301844224423,0.7141175428298002,1456103785603
Running observer at: 1456103786131
production-topology4-4-1456103442,0.8794903344325757,1.5222649012805223,1456103786310
production-topology2-2-1456103428,1.0,1.3949646979882684,1456103786310
production-topology3-3-1456103435,2.0,1.595354578559281,1456103786310
production-topology1-1-1456103421,0.1904761904761905,0.648662373785599,1456103786311
Running observer at: 1456103789490
production-topology4-4-1456103442,0.8794903344325757,1.441918080424529,1456103789704
production-topology2-2-1456103428,1.0,1.3510797315451275,1456103789705
production-topology3-3-1456103435,8.66113316492241E-4,1.3960435204039325,1456103789705
production-topology1-1-1456103421,0.0,0.5765887766983102,1456103789705
Running observer at: 1456103800171
production-topology4-4-1456103442,0.8794903344325757,1.3794261086476454,1456103800409
production-topology2-2-1456103428,0.8791146833455087,1.3038832267251657,1456103800409
production-topology3-3-1456103435,0.9865684459757434,1.3505462899119116,1456103800409
production-topology1-1-1456103421,0.22163124733689246,0.5410930237621685,1456103800409
Running observer at: 1456103810963
production-topology4-4-1456103442,0.8794903344325757,1.3294325312261386,1456103811157
production-topology2-2-1456103428,1.1646403324034806,1.2912247817868308,1456103811157
production-topology3-3-1456103435,0.818168874332744,1.2973085483539948,1456103811157
production-topology1-1-1456103421,1.1632234301780695,0.5976503334363413,1456103811157
Running observer at: 1456103821762
production-topology4-4-1456103442,0.9056000746521096,1.290902307901227,1456103822045
production-topology2-2-1456103428,0.9127294079987398,1.259683500637823,1456103822045
production-topology3-3-1456103435,1.058266941774205,1.2755774932103774,1456103822045
production-topology1-1-1456103421,0.9067271134945399,0.6234067317745245,1456103822046
Running observer at: 1456103832574
production-topology4-4-1456103442,1.0837278731075646,1.2736377716684217,1456103832787
production-topology2-2-1456103428,0.9311135483945312,1.2344088889268006,1456103832787
production-topology3-3-1456103435,1.0036419834542962,1.252916200730704,1456103832788
production-topology1-1-1456103421,1.0751029952708724,0.6581525981973205,1456103832788
Running observer at: 1456103843353
production-topology4-4-1456103442,1.0034044033735317,1.2528505894918918,1456103843545
production-topology2-2-1456103428,1.19913903488588,1.2318896136381634,1456103843545
production-topology3-3-1456103435,0.9793174052539437,1.231870139540184,1456103843545
production-topology1-1-1456103421,0.9945661089238846,0.6821821346777893,1456103843546
Running observer at: 1456103854091
production-topology4-4-1456103442,0.9415369157509219,1.2306138985103938,1456103854292
production-topology2-2-1456103428,0.8930739581355714,1.209301903271324,1456103854292
production-topology3-3-1456103435,1.0078427179058758,1.2158681808520193,1456103854293
production-topology1-1-1456103421,1.0879331864053785,0.7092322047929619,1456103854293
Running observer at: 1456103864880
production-topology4-4-1456103442,1.0318606843486455,1.217363684232944,1456103865086
production-topology2-2-1456103428,0.9616524673290956,1.1938238135249346,1456103865086
production-topology3-3-1456103435,1.0837705367351893,1.2070616712442306,1456103865086
production-topology1-1-1456103421,1.0002257041046412,0.7274192984999419,1456103865087
Running observer at: 1456103875607
production-topology4-4-1456103442,0.9519421911801469,1.2007748409171444,1456103875842
production-topology2-2-1456103428,0.907056855938933,1.1769551689610522,1456103875843
production-topology3-3-1456103435,0.9195610144800601,1.18909288019647,1456103875843
production-topology1-1-1456103421,1.0294694026364661,0.7451869516844433,1456103875843
Running observer at: 1456103886400
production-topology4-4-1456103442,1.0627005591885177,1.1926528243448722,1456103886609
production-topology2-2-1456103428,1.2818369216674304,1.1827819330002953,1456103886609
production-topology3-3-1456103435,1.0541337314543742,1.1811541067410527,1456103886609
production-topology1-1-1456103421,1.0564873761439662,0.7624814197099723,1456103886609
Running observer at: 1456103897189
production-topology4-4-1456103442,0.9769636071175377,1.1806700900544647,1456103897380
production-topology2-2-1456103428,1.0078275466030566,1.1735738074004407,1456103897380
production-topology3-3-1456103435,0.9406908707000204,1.1677950380721063,1456103897380
production-topology1-1-1456103421,1.0302732753037012,0.776575727899116,1456103897380
Running observer at: 1456103907940
production-topology4-4-1456103442,0.9905456639509558,1.1706635413121749,1456103908197
production-topology2-2-1456103428,0.9743703614318262,1.16361363510201,1456103908197
production-topology3-3-1456103435,1.0122427760673887,1.1596080769139634,1456103908198
production-topology1-1-1456103421,0.9123834964776464,0.7833661163280425,1456103908198
Running observer at: 1456103918701
production-topology4-4-1456103442,0.9903417439327153,1.1616474514432018,1456103918957
production-topology2-2-1456103428,0.972304394036509,1.154503671241748,1456103918958
production-topology3-3-1456103435,1.0502879676867722,1.1541420714526036,1456103918958
production-topology1-1-1456103421,0.9226369965006329,0.7899980630029277,1456103918958
Running observer at: 1456103929515
production-topology4-4-1456103442,0.9929039730063489,1.1536120477081135,1456103929769
production-topology2-2-1456103428,0.9203908039315891,1.1438621772731046,1456103929769
production-topology3-3-1456103435,0.9543219954648525,1.1446268297389013,1456103929769
production-topology1-1-1456103421,1.1309608143207515,0.8054963698810106,1456103929769
Running observer at: 1456103940338
production-topology4-4-1456103442,1.0032170477106273,1.1467759113445914,1456103940535
production-topology2-2-1456103428,1.087938605562651,1.1414307176335197,1456103940535
production-topology3-3-1456103435,1.077457493525504,1.1415736780928378,1456103940535
production-topology1-1-1456103421,0.9246692351365685,0.8106777988051653,1456103940535
Running observer at: 1456103951032
production-topology4-4-1456103442,0.9628349538100628,1.1387784784083075,1456103951221
production-topology2-2-1456103428,0.9351032667997271,1.132833740515445,1456103951221
production-topology3-3-1456103435,0.9135984647673019,1.1316617122960753,1456103951221
production-topology1-1-1456103421,1.0797411647585864,0.8218887723865579,1456103951222
Running observer at: 1456103961809
production-topology4-4-1456103442,1.0631524945491855,1.135627395747511,1456103962037
production-topology2-2-1456103428,1.1360691359257507,1.1329631563318572,1456103962038
production-topology3-3-1456103435,1.094475581800163,1.130112290192079,1456103962038
production-topology1-1-1456103421,0.9593004651567671,0.8273852400973664,1456103962038
Running observer at: 1456103972507
production-topology4-4-1456103442,0.9539599542680446,1.128360698088332,1456103972742
production-topology2-2-1456103428,0.9721224420767799,1.1267769750143544,1456103972742
production-topology3-3-1456103435,0.9660503669223252,1.1235498132612889,1456103972743
production-topology1-1-1456103421,1.2665014430685395,0.8442743248270268,1456103972743
Running observer at: 1456103983269
production-topology4-4-1456103442,1.0013167060743746,1.12347439070318,1456103983456
production-topology2-2-1456103428,0.9909636228094643,1.1217468508586177,1456103983456
production-topology3-3-1456103435,1.0638348470271,1.121253083790743,1456103983456
production-topology1-1-1456103421,0.9393171814627327,0.8477944306283492,1456103983456
Running observer at: 1456103993931
production-topology4-4-1456103442,1.0389589676671014,1.120344189849992,1456103994178
production-topology2-2-1456103428,0.9830428596212071,1.116793136885853,1456103994178
production-topology3-3-1456103435,0.9583325042421518,1.1152189882519064,1456103994178
production-topology1-1-1456103421,0.8823742959328013,0.8490294258177941,1456103994179
Running observer at: 1456104004721
production-topology4-4-1456103442,1.0881326283111994,1.1191937769378921,1456104004928
production-topology2-2-1456103428,0.9506685887118247,1.1110647041901969,1456104004928
production-topology3-3-1456103435,0.9866189659693481,1.1106261303132434,1456104004928
production-topology1-1-1456103421,1.075808618416015,0.8568493979763534,1456104004928
Running observer at: 1456104015538
production-topology4-4-1456103442,0.9446107130526076,1.1131736712866755,1456104015778
production-topology2-2-1456103428,1.1004131961578767,1.1107096539224528,1456104015778
production-topology3-3-1456103435,1.0416640731722824,1.1082481283428656,1456104015778
production-topology1-1-1456103421,0.946964798797788,0.8598532446704011,1456104015778
Running observer at: 1456104026301
production-topology4-4-1456103442,0.9948231736124045,1.109228654697533,1456104026526
production-topology2-2-1456103428,1.0429057031348357,1.1123714801189648,1456104026527
production-topology3-3-1456103435,1.0533027505399208,1.1064166157494342,1456104026527
production-topology1-1-1456103421,1.0021180057676604,0.8598597746029647,1456104026527
Running observer at: 1456104037124
production-topology4-4-1456103442,0.9587411141277575,1.1078889112026074,1456104037379
production-topology2-2-1456103428,0.8848500750503654,1.0029775937317547,1456104037379
production-topology3-3-1456103435,1.0094117933723197,1.1067031627535682,1456104037380
production-topology1-1-1456103421,1.016993158983249,0.893759546569073,1456104037380
Running observer at: 1456104047896
production-topology4-4-1456103442,1.0917404697728146,1.1183659083431827,1456104048093
production-topology2-2-1456103428,0.9458347552238792,1.0011720855725506,1456104048093
production-topology3-3-1456103435,0.9686630368470539,1.1334363750929142,1456104048093
production-topology1-1-1456103421,1.0044981513355007,0.8939094849469229,1456104048094
Running observer at: 1456104058649
production-topology4-4-1456103442,0.9485514393461678,1.0833176229880548,1456104058873
production-topology2-2-1456103428,0.9363272516767804,0.9990496606284432,1456104058873
production-topology3-3-1456103435,1.038457084574854,1.1013849445787425,1456104058873
production-topology1-1-1456103421,1.0428343014406642,0.8953372949949451,1456104058873
Running observer at: 1456104069412
production-topology4-4-1456103442,0.9729138556248944,1.0490814181755515,1456104069623
production-topology2-2-1456103428,1.1116600790513835,1.0027716632634893,1456104069623
production-topology3-3-1456103435,0.8899000732629674,1.0643816136875082,1456104069623
production-topology1-1-1456103421,0.9778972817886887,0.8946005377212347,1456104069623
Running observer at: 1456104080193
production-topology4-4-1456103442,0.9776037634476835,1.0150015436238076,1456104080387
production-topology2-2-1456103428,1.0103684288612993,1.003117277558866,1456104080387
production-topology3-3-1456103435,1.117345500854017,1.034959797049309,1456104080387
production-topology1-1-1456103421,0.9559451985922575,0.9264530274211297,1456104080387
Running observer at: 1456104090872
production-topology4-4-1456103442,1.0288551856791486,0.9826300498131124,1456104091059
production-topology2-2-1456103428,1.1323805423940785,1.007529962305335,1456104091060
production-topology3-3-1456103435,0.9375455466410076,0.9995446486040093,1456104091060
production-topology1-1-1456103421,1.0146524787896272,0.927057103900036,1456104091060
Running observer at: 1456104101625
production-topology4-4-1456103442,1.0065049273975784,0.9868638695786126,1456104101838
production-topology2-2-1456103428,0.9478466317118888,1.0057915166957314,1456104101838
production-topology3-3-1456103435,0.9494423866155122,0.9645260614911929,1456104101838
production-topology1-1-1456103421,0.9463701593331224,0.9522535695286004,1456104101838
Running observer at: 1456104112343
production-topology4-4-1456103442,1.0203202233264843,0.9915581992084095,1456104112637
production-topology2-2-1456103428,1.0765253649455078,1.008342362193915,1456104112637
production-topology3-3-1456103435,1.0799002747142987,1.0004938668711199,1456104112637
production-topology1-1-1456103421,0.9242555310576624,0.9830620872305225,1456104112637
Running observer at: 1456104123167
production-topology4-4-1456103442,0.996550303071043,0.9954601981630253,1456104123377
production-topology2-2-1456103428,0.9092099354676157,1.0093455372646518,1456104123377
production-topology3-3-1456103435,0.876664879327777,0.9968304146495209,1456104123377
production-topology1-1-1456103421,1.0788135050291499,1.0116348291535977,1456104123377
Running observer at: 1456104134036
production-topology4-4-1456103442,0.9444422064668601,0.997625260564168,1456104134221
production-topology2-2-1456103428,1.1178002613958569,1.0077842015643976,1456104134221
production-topology3-3-1456103435,1.0762330385015608,1.005432553455148,1456104134222
production-topology1-1-1456103421,1.0209244897959184,1.0068915311408593,1456104134222
Running observer at: 1456104144814
production-topology4-4-1456103442,1.0327628604399361,1.001864020090429,1456104145071
production-topology2-2-1456103428,0.9994644527703035,1.0106753697234498,1456104145071
production-topology3-3-1456103435,0.992048363378901,1.0032252675086382,1456104145071
production-topology1-1-1456103421,1.1195749518843674,1.0139864590871868,1456104145071
Running observer at: 1456104155576
production-topology4-4-1456103442,1.088253136483225,1.0020148622029508,1456104155770
production-topology2-2-1456103428,1.006869773058835,1.0132005772122599,1456104155770
production-topology3-3-1456103435,1.0298326508002147,1.004098289753502,1456104155770
production-topology1-1-1456103421,0.8630884724265038,1.0069193083257078,1456104155770
Running observer at: 1456104166270
production-topology4-4-1456103442,0.879735824269505,0.9978925762328166,1456104166478
production-topology2-2-1456103428,0.8880160512603416,1.0028298110914087,1456104166478
production-topology3-3-1456103435,1.0045254828556178,1.004938559006891,1456104166478
production-topology1-1-1456103421,1.0252372520294837,1.007941679762561,1456104166478
Running observer at: 1456104176945
production-topology4-4-1456103442,1.1022423528449177,1.0032494241359498,1456104177172
production-topology2-2-1456103428,0.9982010930878465,1.0063340489231511,1456104177172
production-topology3-3-1456103435,0.9250823392622974,1.0021798797187718,1456104177172
production-topology1-1-1456103421,1.0045023891909703,1.0051606531887478,1456104177173
Running observer at: 1456104187656
production-topology4-4-1456103442,0.91085227707453,0.999215810560146,1456104187929
production-topology2-2-1456103428,1.0279589864961016,1.008544266228718,1456104187929
production-topology3-3-1456103435,1.0975809640335623,1.0026402272953843,1456104187929
production-topology1-1-1456103421,0.9835625494916642,1.0046052147016487,1456104187929
Running observer at: 1456104198445
production-topology4-4-1456103442,0.9441986789132535,0.9989576934845829,1456104198641
production-topology2-2-1456103428,1.1689683354367004,1.0172746488786435,1456104198641
production-topology3-3-1456103435,0.9595843025359225,1.0039743368972465,1456104198641
production-topology1-1-1456103421,1.1811588646203712,1.009661530101112,1456104198641
Running observer at: 1456104209111
production-topology4-4-1456103442,1.1062261664363908,1.0004085470595119,1456104209311
production-topology2-2-1456103428,0.9563581632604614,1.0064253569317447,1456104209311
production-topology3-3-1456103435,0.9856808215379935,1.001692573233367,1456104209311
production-topology1-1-1456103421,0.7875166860831998,1.0006958404324198,1456104209311
Running observer at: 1456104219876
production-topology4-4-1456103442,0.9877183349500356,1.0007670379872617,1456104220083
production-topology2-2-1456103428,0.9748670347359807,1.0053266732028423,1456104220083
production-topology3-3-1456103435,1.036966430262638,1.004901758552121,1456104220083
production-topology1-1-1456103421,1.1235740150512856,1.0038058650906727,1456104220083
Running observer at: 1456104230553
production-topology4-4-1456103442,0.9819823870629766,1.0004815954243291,1456104230803
production-topology2-2-1456103428,1.0349854326150911,1.0073471755756178,1456104230803
production-topology3-3-1456103435,0.9472719392806815,1.002736063992564,1456104230803
production-topology1-1-1456103421,0.9070869501534642,1.0036293135465333,1456104230803
Running observer at: 1456104241381
production-topology4-4-1456103442,1.0028983419872932,1.000900148692815,1456104241573
production-topology2-2-1456103428,0.8408731748330551,1.0029661349355028,1456104241573
production-topology3-3-1456103435,1.1205713426833879,1.0050788431591178,1456104241573
production-topology1-1-1456103421,0.995993877852085,1.006074542924915,1456104241573
Running observer at: 1456104252225
production-topology4-4-1456103442,0.9651455678996225,0.9999748685225908,1456104252462
production-topology2-2-1456103428,0.9551222956161757,1.0041238513249888,1456104252462
production-topology3-3-1456103435,0.9333469811925601,1.004379676016708,1456104252462
production-topology1-1-1456103421,1.1065022322331433,1.005259256855328,1456104252462
Running observer at: 1456104262988
production-topology4-4-1456103442,0.9874053061146939,0.999447810469393,1456104263323
production-topology2-2-1456103428,1.1433131600806932,1.0059696698089238,1456104263323
production-topology3-3-1456103435,0.9975197964213767,1.0017150861132371,1456104263323
production-topology1-1-1456103421,1.017786936185523,1.0083631802236266,1456104263323
Running observer at: 1456104273796
production-topology4-4-1456103442,1.0400860699012724,1.0020228476724333,1456104274000
production-topology2-2-1456103428,1.17797617666883,1.0140654334712271,1456104274000
production-topology3-3-1456103435,0.9916911539094904,1.00431817575131,1456104274001
production-topology1-1-1456103421,0.9423301913119199,1.003782814442071,1456104274001
Running observer at: 1456104284608
production-topology4-4-1456103442,1.0450057342724082,1.0014179556632075,1456104284807
production-topology2-2-1456103428,1.0522806837954042,1.0112724850668822,1456104284807
production-topology3-3-1456103435,1.0220411441376518,1.001903694495893,1456104284807
production-topology1-1-1456103421,0.9457683051119667,1.0033317424405777,1456104284807
Running observer at: 1456104295272
production-topology4-4-1456103442,0.9781651160613141,1.0022247943896498,1456104295484
production-topology2-2-1456103428,0.8806048328975877,1.0082218980942426,1456104295484
production-topology3-3-1456103435,0.945873782405837,1.0012311416786768,1456104295484
production-topology1-1-1456103421,1.0371650068232632,0.995687194565735,1456104295484
Running observer at: 1456104305936
production-topology4-4-1456103442,1.0304737511130926,1.0031966958909402,1456104306121
production-topology2-2-1456103428,0.9568935036398686,1.007086227455256,1456104306121
production-topology3-3-1456103435,1.0801664389446848,1.0017755280759295,1456104306121
production-topology1-1-1456103421,0.9390904181375404,0.9956796357882286,1456104306122
Running observer at: 1456104316744
production-topology4-4-1456103442,1.0463064146317484,1.003441610789762,1456104316942
production-topology2-2-1456103428,1.0746627562628754,1.0101402240099782,1456104316942
production-topology3-3-1456103435,1.0022217031269869,1.0032385013720906,1456104316942
production-topology1-1-1456103421,1.050537558244859,1.001285077865297,1456104316942
Running observer at: 1456104327412
production-topology4-4-1456103442,0.925237894736842,0.9980117863372833,1456104327605
production-topology2-2-1456103428,0.9033661010639181,1.0085634744217147,1456104327605
production-topology3-3-1456103435,0.9731408735812606,1.0027892316258213,1456104327605
production-topology1-1-1456103421,1.028926742469823,0.9997223486670908,1456104327605
Running observer at: 1456104338180
production-topology4-4-1456103442,1.0308329147938946,1.0008858597286596,1456104338373
production-topology2-2-1456103428,1.023416941839806,1.0059969326111122,1456104338374
production-topology3-3-1456103435,1.0352732923234653,1.0025762055975274,1456104338374
production-topology1-1-1456103421,0.9620534800799377,1.000225304709829,1456104338374
Running observer at: 1456104348831
production-topology4-4-1456103442,0.9475390355588219,0.9993097217935403,1456104349082
production-topology2-2-1456103428,1.0464973182065205,1.0061166531135017,1456104349082
production-topology3-3-1456103435,0.9349805999912836,0.9986321339125728,1456104349082
production-topology1-1-1456103421,0.9378308076782567,0.998082398106849,1456104349082
Running observer at: 1456104359700
production-topology4-4-1456103442,1.022280778928561,1.0014277106202336,1456104359899
production-topology2-2-1456103428,0.9907244815696001,1.0096457999974762,1456104359899
production-topology3-3-1456103435,1.0360916068781707,0.9995214610294345,1456104359899
production-topology1-1-1456103421,1.0062931095783259,0.9977257297933515,1456104359899
Running observer at: 1456104370496
production-topology4-4-1456103442,1.0383506750788705,0.9996480507971021,1456104370782
production-topology2-2-1456103428,1.0304684558841881,1.0124669233528196,1456104370782
production-topology3-3-1456103435,1.0078457543619372,1.0008275516132639,1456104370783
production-topology1-1-1456103421,0.9373128651411878,0.995486220253541,1456104370783
Running observer at: 1456104381244
production-topology4-4-1456103442,1.0518691588785045,1.0030919747815132,1456104381438
production-topology2-2-1456103428,0.8773968920406545,1.0105025780316155,1456104381439
production-topology3-3-1456103435,0.9395897396205497,0.9975319734481206,1456104381439
production-topology1-1-1456103421,1.2693945369980928,1.0030382281054553,1456104381439
Running observer at: 1456104392096
production-topology4-4-1456103442,0.9590396968784503,1.0026295028232983,1456104392296
production-topology2-2-1456103428,1.010565661430832,1.0071327641109304,1456104392296
production-topology3-3-1456103435,1.001230031800874,1.0012429720660507,1456104392296
production-topology1-1-1456103421,0.9441604239988723,1.0019136661791281,1456104392296
Running observer at: 1456104402809
production-topology4-4-1456103442,0.9581406788543011,1.0019807333368524,1456104403121
production-topology2-2-1456103428,1.198642543145555,1.0134085679204057,1456104403121
production-topology3-3-1456103435,0.9884457582996655,0.9969463139809057,1456104403121
production-topology1-1-1456103421,1.033372328773508,1.004494570518503,1456104403122
Running observer at: 1456104413720
production-topology4-4-1456103442,1.0574051033001695,1.002932397257553,1456104413908
production-topology2-2-1456103428,0.9397781949405847,1.0069884896719559,1456104413908
production-topology3-3-1456103435,1.0301887143846242,1.0000344195723596,1456104413908
production-topology1-1-1456103421,0.8809604063619475,1.0000381681042472,1456104413908
Running observer at: 1456104424487
production-topology4-4-1456103442,0.9108954456798494,0.9997454145336288,1456104424681
production-topology2-2-1456103428,0.9376068823777728,1.006647164694152,1456104424681
production-topology3-3-1456103435,1.0505771256054253,1.00340557753869,1456104424682
production-topology1-1-1456103421,0.9702096361903714,1.000832817332822,1456104424682
Running observer at: 1456104435275
production-topology4-4-1456103442,1.0407938755396384,1.0004278696074007,1456104435491
production-topology2-2-1456103428,1.069734404910986,1.0064207993596679,1456104435491
production-topology3-3-1456103435,0.9015630039245159,0.9974610018456972,1456104435491
production-topology1-1-1456103421,1.0522723530524605,1.0051000447326488,1456104435491
Running observer at: 1456104445998
production-topology4-4-1456103442,1.0047346433905902,1.0007006809513854,1456104446265
production-topology2-2-1456103428,0.8939228114848954,1.0059112285602436,1456104446265
production-topology3-3-1456103435,1.0466498561692021,1.0031271677404114,1456104446265
production-topology1-1-1456103421,1.1134775789548728,1.0062555138635063,1456104446266
Running observer at: 1456104456769
production-topology4-4-1456103442,0.9800395256916996,1.00188725825888,1456104456969
production-topology2-2-1456103428,1.1339464210946066,1.0064494338835355,1456104456969
production-topology3-3-1456103435,0.9270299807452584,0.9981537324818681,1456104456969
production-topology1-1-1456103421,0.883303024179969,1.001668131676308,1456104456970
Running observer at: 1456104467481
production-topology4-4-1456103442,1.040121898919817,1.002132559541543,1456104467669
production-topology2-2-1456103428,0.8800777271694051,1.0024698763635056,1456104467669
production-topology3-3-1456103435,1.0657949992294653,1.0006119536768867,1456104467669
production-topology1-1-1456103421,1.1279696294119665,1.0019479542605612,1456104467670
Running observer at: 1456104478255
production-topology4-4-1456103442,0.9245904518206194,0.9966771367194561,1456104478441
production-topology2-2-1456103428,1.0279240121996251,1.0031716843348653,1456104478441
production-topology3-3-1456103435,1.0000295312795313,0.9996185163595308,1456104478442
production-topology1-1-1456103421,0.9586085696468004,1.0051319575012376,1456104478442
Running observer at: 1456104489052
production-topology4-4-1456103442,1.1088099373444555,1.0043129404886213,1456104489306
production-topology2-2-1456103428,0.8548940397564253,1.0020676172847347,1456104489306
production-topology3-3-1456103435,1.0705863155241935,1.00182054411515,1456104489306
production-topology1-1-1456103421,1.0355375354979828,1.0054753002835208,1456104489306
Running observer at: 1456104499697
production-topology4-4-1456103442,0.9293046962696112,0.9985483519361108,1456104499893
production-topology2-2-1456103428,1.1077688261045506,1.005719875051958,1456104499893
production-topology3-3-1456103435,0.985037822616432,1.0038190602269543,1456104499893
production-topology1-1-1456103421,1.0480179698882952,1.0069258196400985,1456104499893
Running observer at: 1456104510540
production-topology4-4-1456103442,1.0024893515820474,1.0016029210863615,1456104510725
production-topology2-2-1456103428,1.0077694481906314,1.0050468904417758,1456104510725
production-topology3-3-1456103435,0.8704013268776276,0.9962464056550897,1456104510725
production-topology1-1-1456103421,0.9623094134262816,1.0062173817712525,1456104510725
Running observer at: 1456104521363
production-topology4-4-1456103442,1.0747141095033814,1.0059534354393658,1456104521614
production-topology2-2-1456103428,1.1228661625992395,1.003510151347194,1456104521615
production-topology3-3-1456103435,1.087701941108007,1.0005169936074927,1456104521615
production-topology1-1-1456103421,1.0526461693548386,1.0019336252624014,1456104521615
Running observer at: 1456104532206
production-topology4-4-1456103442,0.9643431113485561,1.0012240002697712,1456104532397
production-topology2-2-1456103428,1.0550500917304282,1.006799882296193,1456104532397
production-topology3-3-1456103435,0.9797307760892795,1.0003186587592021,1456104532397
production-topology1-1-1456103421,0.9482058061706565,1.0072899292653166,1456104532398
Running observer at: 1456104542851
production-topology4-4-1456103442,0.9782197802197803,1.0009073817787628,1456104543160
production-topology2-2-1456103428,0.8536657026817744,1.0027598378943858,1456104543160
production-topology3-3-1456103435,1.017997008244171,0.9996863446919197,1456104543161
production-topology1-1-1456103421,1.1460482334179398,1.0080390698775383,1456104543161
Running observer at: 1456104553694
production-topology4-4-1456103442,1.028259411010319,1.0024499492436743,1456104553885
production-topology2-2-1456103428,0.988067744785576,1.0011959149667353,1456104553885
production-topology3-3-1456103435,0.9716481693029778,1.0004988856926629,1456104553885
production-topology1-1-1456103421,0.9215558414345658,1.008521366253575,1456104553885
Running observer at: 1456104564394
production-topology4-4-1456103442,1.0181870060833476,1.0029595713802093,1456104564591
production-topology2-2-1456103428,1.1303136997624648,1.0108439324643823,1456104564591
production-topology3-3-1456103435,1.0519989466007618,0.9982131391565755,1456104564591
production-topology1-1-1456103421,1.0035677389081707,1.008773828288778,1456104564591
Running observer at: 1456104575096
production-topology4-4-1456103442,1.0302035014696926,1.0051281691658784,1456104575266
production-topology2-2-1456103428,1.018986489256411,1.0129727389190568,1456104575266
production-topology3-3-1456103435,0.9475056375225421,0.998685094367575,1456104575266
production-topology1-1-1456103421,0.8663894533393645,1.0007700689923185,1456104575267
Running observer at: 1456104585765
production-topology4-4-1456103442,0.9662137709098013,1.0044217846590486,1456104585962
production-topology2-2-1456103428,1.021363048301611,1.0089077351930875,1456104585963
production-topology3-3-1456103435,1.0289702124539042,0.9997334415686592,1456104585963
production-topology1-1-1456103421,1.0951849043732391,1.0033500012652425,1456104585963
Running observer at: 1456104596516
production-topology4-4-1456103442,1.0289682879925528,1.004051191928758,1456104596697
production-topology2-2-1456103428,1.0359434531949387,1.0041733110772912,1456104596697
production-topology3-3-1456103435,0.9959796131989889,0.9998763902116424,1456104596697
production-topology1-1-1456103421,1.1434605501297395,1.0100543465591698,1456104596698
Running observer at: 1456104607168
production-topology4-4-1456103442,0.9593588772732093,1.0011962966954513,1456104607365
production-topology2-2-1456103428,0.9361646728035222,1.0003027773775617,1456104607366
production-topology3-3-1456103435,0.9761449988297297,0.9983465187013782,1456104607366
production-topology1-1-1456103421,0.9406171532417377,1.009882641496829,1456104607366
Running observer at: 1456104617903
production-topology4-4-1456103442,1.0742617073656453,1.0043995164055957,1456104618082
production-topology2-2-1456103428,1.1372928249405319,1.0088590437789933,1456104618083
production-topology3-3-1456103435,1.037229714952249,1.0013917164529251,1456104618083
production-topology1-1-1456103421,0.9704116029569656,1.007657528034619,1456104618083
Running observer at: 1456104628630
production-topology4-4-1456103442,0.9212153161232978,1.0007575685726027,1456104628910
production-topology2-2-1456103428,0.9054591160282385,1.007144564191939,1456104628910
production-topology3-3-1456103435,1.0165636929350887,0.9992716249192722,1456104628910
production-topology1-1-1456103421,0.970294858861119,1.0086976760587383,1456104628911
Running observer at: 1456104639383
production-topology4-4-1456103442,1.0073478936369906,0.9994589512061105,1456104639588
production-topology2-2-1456103428,1.040953776308702,1.0060209315267998,1456104639588
production-topology3-3-1456103435,0.9356150363983,0.9970514026949827,1456104639588
production-topology1-1-1456103421,1.097410430168708,1.0102601051228666,1456104639588
Running observer at: 1456104650250
production-topology4-4-1456103442,1.0218986082351744,1.0026809749893884,1456104650469
production-topology2-2-1456103428,1.0332227510261836,1.010349486525542,1456104650469
production-topology3-3-1456103435,1.0554464907914385,0.9997949232686555,1456104650469
production-topology1-1-1456103421,1.0166705048387437,1.009851563868497,1456104650469
Running observer at: 1456104660955
production-topology4-4-1456103442,0.9332937128883494,0.9994296682592034,1456104661224
production-topology2-2-1456103428,0.9934866588682234,1.0093518104264894,1456104661224
production-topology3-3-1456103435,0.9663640266949831,0.997497947747706,1456104661224
production-topology1-1-1456103421,1.0173849737914968,1.0116959469922158,1456104661225
Running observer at: 1456104671864
production-topology4-4-1456103442,1.0669834342602962,1.0034111482159194,1456104672053
production-topology2-2-1456103428,1.13122868306201,1.0121761892550056,1456104672053
production-topology3-3-1456103435,1.1101773229220722,1.0033378385120657,1456104672053
production-topology1-1-1456103421,1.0004500450045004,1.0137832549030905,1456104672054
Running observer at: 1456104682698
production-topology4-4-1456103442,0.9705593148485807,1.0016870994132534,1456104682893
production-topology2-2-1456103428,0.8016226960308072,1.0058727964037124,1456104682893
production-topology3-3-1456103435,0.9784660504799148,1.0014169866321239,1456104682893
production-topology1-1-1456103421,0.9390601609300924,1.0115421566148164,1456104682893
Running observer at: 1456104693349
production-topology4-4-1456103442,1.0043272538811607,1.0005529853733297,1456104693543
production-topology2-2-1456103428,1.1413716873975026,1.0095695707874894,1456104693544
production-topology3-3-1456103435,0.9503415370895107,0.9995001793897097,1456104693544
production-topology1-1-1456103421,1.1652654099529753,1.0191405747752094,1456104693544
Running observer at: 1456104704080
production-topology4-4-1456103442,0.9987343085382301,0.9987818236953205,1456104704271
production-topology2-2-1456103428,0.9692108412790714,1.0126300357621034,1456104704271
production-topology3-3-1456103435,0.9712513543168213,1.000555566546252,1456104704271
production-topology1-1-1456103421,0.7470759303757583,1.0017299545544647,1456104704272
Running observer at: 1456104714813
production-topology4-4-1456103442,0.9706012606904982,0.9991672091557221,1456104715002
production-topology2-2-1456103428,0.9680668242446049,1.0112134078558959,1456104715002
production-topology3-3-1456103435,1.063028616102865,1.0026155193563184,1456104715002
production-topology1-1-1456103421,1.0902871305649087,1.0066008447733326,1456104715002
Running observer at: 1456104725467
production-topology4-4-1456103442,1.2215405085699031,1.0079472034795756,1456104725651
production-topology2-2-1456103428,1.0581804545979,1.0065313382376406,1456104725652
production-topology3-3-1456103435,0.916843719538806,1.0002287847309563,1456104725652
production-topology1-1-1456103421,1.0087534754083862,1.0057802163278287,1456104725652
Running observer at: 1456104736176
production-topology4-4-1456103442,0.919123882360568,1.0033378294482556,1456104736368
production-topology2-2-1456103428,1.061016655544389,1.0105726202577676,1456104736368
production-topology3-3-1456103435,1.1021302959293133,1.0026268374491127,1456104736368
production-topology1-1-1456103421,1.1672368218939604,1.015322763512229,1456104736368
Running observer at: 1456104746849
production-topology4-4-1456103442,0.9768714531671303,1.0055370296978317,1456104747081
production-topology2-2-1456103428,1.0343300365928971,1.0137967253982716,1456104747081
production-topology3-3-1456103435,0.9922180931830896,1.0006815363683683,1456104747081
production-topology1-1-1456103421,1.0152643335815341,1.0168245867586012,1456104747082
Running observer at: 1456104757653
production-topology4-4-1456103442,1.0135726282888715,1.0046296547894729,1456104757837
production-topology2-2-1456103428,0.8690380906460945,1.0071068482561087,1456104757837
production-topology3-3-1456103435,0.9490063388291698,1.00226298086519,1456104757838
production-topology1-1-1456103421,0.9557447462027607,1.0136069998636112,1456104757838
Running observer at: 1456104768307
production-topology4-4-1456103442,0.9292031250557297,1.0021119375116438,1456104768569
production-topology2-2-1456103428,1.0536139332365748,1.0124298856478313,1456104768570
production-topology3-3-1456103435,1.003387867647059,1.0008209145811187,1456104768570
production-topology1-1-1456103421,1.011901328809726,1.0102211248587731,1456104768570
Running observer at: 1456104779030
production-topology4-4-1456103442,0.9865058422579853,1.002327481397187,1456104779227
production-topology2-2-1456103428,0.970026525198939,1.0069658891179758,1456104779227
production-topology3-3-1456103435,1.0106596932689413,1.0036085716652414,1456104779227
production-topology1-1-1456103421,0.8230987762237764,1.0082143165935666,1456104779228
Running observer at: 1456104789671
production-topology4-4-1456103442,1.0487472766884531,1.0026149939894746,1456104789947
production-topology2-2-1456103428,0.9914713320161799,1.010679009279535,1456104789947
production-topology3-3-1456103435,1.0235806164107872,1.0022014255712854,1456104789947
production-topology1-1-1456103421,1.1042286027225787,1.0074229490372537,1456104789947
Running observer at: 1456104800402
production-topology4-4-1456103442,1.0258325552443197,1.0059897307702645,1456104800586
production-topology2-2-1456103428,1.1265942293277438,1.013968016517139,1456104800586
production-topology3-3-1456103435,0.9857952938698435,1.0017269509909625,1456104800586
production-topology1-1-1456103421,0.9598053212199871,1.00746284075636,1456104800587
Running observer at: 1456104811240
production-topology4-4-1456103442,1.0088160837419085,1.0026566023168464,1456104811437
production-topology2-2-1456103428,0.954802867846346,1.017298310786803,1456104811437
production-topology3-3-1456103435,0.9742039125322899,0.9985142042245656,1456104811437
production-topology1-1-1456103421,1.1227492351161117,1.0103698974102975,1456104811437
Running observer at: 1456104821907
production-topology4-4-1456103442,1.0684827917692201,1.0072958721668335,1456104822108
production-topology2-2-1456103428,0.9379798763775132,1.011638679129235,1456104822108
production-topology3-3-1456103435,1.0305703277517215,1.0000319543957419,1456104822109
production-topology1-1-1456103421,0.9218104753583564,1.0061629809259662,1456104822109
Running observer at: 1456104832883
production-topology4-4-1456103442,0.920669195806592,1.0045685336409849,1456104833049
production-topology2-2-1456103428,1.0258366568406452,1.012240919417569,1456104833049
production-topology3-3-1456103435,1.0551699445952147,1.0061909083196612,1456104833050
production-topology1-1-1456103421,0.9166546280797737,1.004641154747749,1456104833050
Running observer at: 1456104843573
production-topology4-4-1456103442,1.0056444602497234,1.0022662119991963,1456104843903
production-topology2-2-1456103428,0.918207451704792,1.0054189623877539,1456104843903
production-topology3-3-1456103435,1.0092954472058302,1.0035773585229222,1456104843903
production-topology1-1-1456103421,1.062729117979439,1.0049772530352359,1456104843903
Running observer at: 1456104854369
production-topology4-4-1456103442,0.952963763397843,1.0018869004008393,1456104854553
production-topology2-2-1456103428,1.123717626694995,1.0077078802199062,1456104854553
production-topology3-3-1456103435,0.9582870163388417,1.0028625665312407,1456104854553
production-topology1-1-1456103421,0.9911442261859962,1.0064085337024138,1456104854553
Running observer at: 1456104865148
production-topology4-4-1456103442,1.0254723610364735,1.0034619864280623,1456104865328
production-topology2-2-1456103428,0.9110091305316069,1.0096193278149004,1456104865328
production-topology3-3-1456103435,1.111407339877715,1.0059762442523588,1456104865328
production-topology1-1-1456103421,1.0170836830755674,1.002109715357668,1456104865329
Running observer at: 1456104875729
production-topology4-4-1456103442,1.0950523862091024,1.0056884189346884,1456104875920
production-topology2-2-1456103428,1.1237727272727271,1.014142827231139,1456104875920
production-topology3-3-1456103435,0.876923779984352,1.0028187646084048,1456104875920
production-topology1-1-1456103421,1.000757241862702,1.0047497620386059,1456104875920
Running observer at: 1456104886454
production-topology4-4-1456103442,0.8945420737376355,1.0015669211898315,1456104886685
production-topology2-2-1456103428,0.9088490801726096,1.0067606732448102,1456104886685
production-topology3-3-1456103435,1.067610342327332,1.003339144465957,1456104886686
production-topology1-1-1456103421,0.9976748288192939,1.0045533317023099,1456104886686
Running observer at: 1456104897219
production-topology4-4-1456103442,1.1036643655385312,1.0040156166587926,1456104897408
production-topology2-2-1456103428,0.9434832311948689,1.0042438979760921,1456104897408
production-topology3-3-1456103435,0.957724064695409,1.0036797587050523,1456104897408
production-topology1-1-1456103421,0.9982276475411095,1.0089479381757014,1456104897409
Running observer at: 1456104907903
production-topology4-4-1456103442,0.9968079040655788,1.0050354210973187,1456104908088
production-topology2-2-1456103428,1.0609523345999146,1.0055635408527024,1456104908088
production-topology3-3-1456103435,0.9807354413933725,1.0020719330030348,1456104908088
production-topology1-1-1456103421,1.0082047635975826,1.006048600149846,1456104908088
Running observer at: 1456104918631
production-topology4-4-1456103442,0.9642110598571348,1.002876846826138,1456104918822
production-topology2-2-1456103428,1.1289473684210527,1.0086636713602395,1456104918823
production-topology3-3-1456103435,1.004170456685908,1.0023449611192654,1456104918823
production-topology1-1-1456103421,1.065116691567235,1.0034371381977627,1456104918823
Running observer at: 1456104929297
production-topology4-4-1456103442,1.015659067483549,1.0047535198331492,1456104929504
production-topology2-2-1456103428,0.92273746253243,1.0082160976845365,1456104929504
production-topology3-3-1456103435,1.0593476773872412,1.005118383737849,1456104929504
production-topology1-1-1456103421,1.102680750067941,1.0088392580919694,1456104929504
Running observer at: 1456104940105
production-topology4-4-1456103442,0.986819388206652,1.0018387758611829,1456104940295
production-topology2-2-1456103428,1.036381556004388,1.0048523887199985,1456104940295
production-topology3-3-1456103435,0.9401754099246926,1.0018832402369307,1456104940295
production-topology1-1-1456103421,1.039029220092434,1.011126511996485,1456104940295
Running observer at: 1456104950899
production-topology4-4-1456103442,1.0236464101859746,1.005253145663272,1456104951089
production-topology2-2-1456103428,1.0565811887113852,1.00988979114277,1456104951089
production-topology3-3-1456103435,1.0325257714878664,1.0024153095220232,1456104951089
production-topology1-1-1456103421,0.957931641509434,1.0107144047514287,1456104951089
Running observer at: 1456104961553
production-topology4-4-1456103442,0.959186170322823,1.0036477548861331,1456104961752
production-topology2-2-1456103428,0.7816397410638896,1.0012459899679427,1456104961752
production-topology3-3-1456103435,0.981130998572585,1.003932508261166,1456104961752
production-topology1-1-1456103421,0.9287613771494901,1.0050927696507883,1456104961752
Running observer at: 1456104972530
production-topology4-4-1456103442,0.9622182593411654,1.0016584099229995,1456104972717
production-topology2-2-1456103428,1.0556667687508807,1.0019941238920995,1456104972717
production-topology3-3-1456103435,0.9914326133592314,1.001798712346759,1456104972717
production-topology1-1-1456103421,0.992095761300268,1.004273611532839,1456104972717
Running observer at: 1456104983183
production-topology4-4-1456103442,0.974977524722805,1.0030478703174814,1456104983586
production-topology2-2-1456103428,1.1501840135004613,1.0072173690465072,1456104983586
production-topology3-3-1456103435,0.9600697979421918,1.0015889047216662,1456104983587
production-topology1-1-1456103421,1.034658859219595,1.0048494077137755,1456104983587
Running observer at: 1456104994055
production-topology4-4-1456103442,1.0870409356165358,1.0037164536960228,1456104994251
production-topology2-2-1456103428,1.001756923855493,1.0029016437396234,1456104994252
production-topology3-3-1456103435,0.9875990290874466,0.9975029615938453,1456104994252
production-topology1-1-1456103421,0.9198472375320219,1.002162647464693,1456104994252
Running observer at: 1456105004915
production-topology4-4-1456103442,0.9046148289699417,1.0015183041667348,1456105005113
production-topology2-2-1456103428,1.0915327602752314,1.0125653125477707,1456105005113
production-topology3-3-1456103435,1.0006163017393488,0.998241303302493,1456105005113
production-topology1-1-1456103421,1.1691725610115449,1.0098330608007415,1456105005113
Running observer at: 1456105015574
production-topology4-4-1456103442,0.9570992175019084,0.9999440362874262,1456105015750
production-topology2-2-1456103428,0.9441053840111184,1.005989769101558,1456105015750
production-topology3-3-1456103435,0.9439760825532928,0.998029121484619,1456105015751
production-topology1-1-1456103421,0.8757643567436906,1.0001830256937654,1456105015751
Running observer at: 1456105026237
production-topology4-4-1456103442,0.16257167438712827,0.9720719484823896,1456105026409
production-topology2-2-1456103428,0.989153935584404,1.006654538911736,1456105026409
production-topology3-3-1456103435,0.19152694692064043,0.9720383079047463,1456105026410
production-topology1-1-1456103421,0.9715184506492627,1.0076644430362154,1456105026410
Running observer at: 1456105036868
production-topology4-4-1456103442,0.10676386215644196,0.9432773685312543,1456105037103
production-topology2-2-1456103428,0.8558245860856457,1.002913130973104,1456105037103
production-topology3-3-1456103435,0.13424318978351546,0.9410787936941014,1456105037104
production-topology1-1-1456103421,1.0764316753092953,1.007202594527695,1456105037104
Running observer at: 1456105047601
production-topology4-4-1456103442,0.11741056071551428,0.906473036936108,1456105047783
production-topology2-2-1456103428,1.0280124298763655,1.001907530149053,1456105047783
production-topology3-3-1456103435,0.10376779935823942,0.9139762630214159,1456105047783
production-topology1-1-1456103421,1.0485159833515632,1.0085280114591344,1456105047783
Running observer at: 1456105058306
production-topology4-4-1456103442,0.09887005649717513,0.8791312427406618,1456105058542
production-topology2-2-1456103428,1.2047995730498346,1.0067002940659011,1456105058542
production-topology3-3-1456103435,0.18536352040816328,0.8834173705040442,1456105058542
production-topology1-1-1456103421,0.9715570625306407,1.0020053528136903,1456105058542
Running observer at: 1456105068968
production-topology4-4-1456103442,0.14504014504014504,0.8514035324697621,1456105069140
production-topology2-2-1456103428,0.9606227275365837,1.0042433837640241,1456105069140
production-topology3-3-1456103435,0.11346046392413175,0.8541254495287455,1456105069140
production-topology1-1-1456103421,0.9181773824701088,0.9987691211099761,1456105069140
Running observer at: 1456105079706
production-topology4-4-1456103442,0.11578439481665288,0.8214772580206883,1456105079884
production-topology2-2-1456103428,0.9246350664261112,1.0060966162900244,1456105079884
production-topology3-3-1456103435,0.16667749480249483,0.828047821394523,1456105079884
production-topology1-1-1456103421,1.143445363582326,1.0050258083559616,1456105079884
/var/nimbus/storm/bin/storm rebalance production-topology3 -e spout_head=12
1456105080164
/var/nimbus/storm/bin/storm rebalance production-topology4 -e bolt_output_1=8
Running observer at: 1456105090350
production-topology4-4-1456103442,0.9107202239778422,0.9107202239778422,1456105090498
production-topology2-2-1456103428,1.0166181592888588,1.0048634238251006,1456105090498
production-topology3-3-1456103435,0.9010819997419196,0.9010819997419196,1456105090498
production-topology1-1-1456103421,1.018228016245821,1.0052366979371647,1456105090498
Running observer at: 1456105101041
production-topology4-4-1456103442,1.1968253968253968,1.0537728104016195,1456105101219
production-topology2-2-1456103428,0.8718170134363905,1.0015897734330157,1456105101220
production-topology3-3-1456103435,6.992592592592592,3.946837296167256,1456105101220
production-topology1-1-1456103421,0.7899376796121187,1.0041313280501096,1456105101220
Running observer at: 1456105111663
production-topology4-4-1456103442,2.0,1.3691818736010797,1456105111871
production-topology2-2-1456103428,1.147019881692186,1.0067747250888825,1456105111871
production-topology3-3-1456103435,2.0,3.297891530778171,1456105111871
production-topology1-1-1456103421,1.1219187712941432,1.0047210003358285,1456105111872
Running observer at: 1456105118709
production-topology4-4-1456103442,2.0,1.5268864052008098,1456105118890
production-topology2-2-1456103428,0.8842575510061325,0.9986968358114955,1456105118890
production-topology3-3-1456103435,2.0,2.973418648083628,1456105118890
production-topology1-1-1456103421,0.9534815163235382,1.0045102068392802,1456105118890
Running observer at: 1456105119345
production-topology4-4-1456103442,2.0,1.621509124160648,1456105119540
production-topology2-2-1456103428,1.0,1.000203406883284,1456105119540
production-topology3-3-1456103435,2.0,2.7787349184669026,1456105119540
production-topology1-1-1456103421,1.0,1.0004185656687432,1456105119540
Running observer at: 1456105122413
production-topology4-4-1456103442,0.7414095921349807,1.4748258688230367,1456105122597
production-topology2-2-1456103428,1.1883333333333335,1.0085485221151447,1456105122597
production-topology3-3-1456103435,0.0,2.3156124320557523,1456105122597
production-topology1-1-1456103421,1.8743872549019607,1.0321711249868633,1456105122598
Running observer at: 1456105132990
production-topology4-4-1456103442,0.7414095921349807,1.3700521150104572,1456105133177
production-topology2-2-1456103428,0.9936820898728271,1.0074767032162173,1456105133178
production-topology3-3-1456103435,1.0249424578758795,2.131231007172913,1456105133178
production-topology1-1-1456103421,0.8009866367006119,1.0283155252742247,1456105133178
Running observer at: 1456105143612
production-topology4-4-1456103442,0.36778429814373326,1.2447686379021168,1456105143790
production-topology2-2-1456103428,1.1433831990794017,1.0149825614620376,1456105143790
production-topology3-3-1456103435,0.07098429951690821,1.8737001687159125,1456105143790
production-topology1-1-1456103421,0.9898761257166406,1.025887092198798,1456105143790
Running observer at: 1456105154256
production-topology4-4-1456103442,1.0989763552479814,1.2285694953849906,1456105154469
production-topology2-2-1456103428,0.9047965116279071,1.0076851909598012,1456105154469
production-topology3-3-1456103435,1.0853157236862367,1.7861018970459486,1456105154469
production-topology1-1-1456103421,1.164765674136887,1.031674473797161,1456105154469
Running observer at: 1456105164944
production-topology4-4-1456103442,1.0897130757983808,1.2146838534263296,1456105165136
production-topology2-2-1456103428,1.1212976967416162,1.0146948098334685,1456105165136
production-topology3-3-1456103435,0.9710245154212309,1.7045941588834768,1456105165136
production-topology1-1-1456103421,0.7983420359424138,1.0243830855593894,1456105165136
Running observer at: 1456105175694
production-topology4-4-1456103442,1.0655207433016423,1.2011235706877217,1456105175883
production-topology2-2-1456103428,0.9861980516555062,1.0101089873128946,1456105175883
production-topology3-3-1456103435,1.0405647051752118,1.644227844909998,1456105175883
production-topology1-1-1456103421,1.0820884528270105,1.0270941259248663,1456105175883
Running observer at: 1456105186347
production-topology4-4-1456103442,1.006756070449954,1.184926279001241,1456105186539
production-topology2-2-1456103428,0.9514066496163682,1.0115275729610196,1456105186539
production-topology3-3-1456103435,1.0186155475880052,1.592093486799832,1456105186539
production-topology1-1-1456103421,1.1085336062632654,1.030789418506332,1456105186540
Running observer at: 1456105197089
production-topology4-4-1456103442,0.9601038943382119,1.1676322494117772,1456105197280
production-topology2-2-1456103428,1.013888683463354,1.013874421369969,1456105197280
production-topology3-3-1456103435,0.9906529925766014,1.5458288333980452,1456105197280
production-topology1-1-1456103421,0.9457760901547735,1.0290410332601208,1456105197280
Running observer at: 1456105207813
production-topology4-4-1456103442,1.073197596795728,1.1608869170820595,1456105208001
production-topology2-2-1456103428,0.9281099472436731,1.009446341791428,1456105208001
production-topology3-3-1456103435,1.0346542236091918,1.50931636127027,1456105208001
production-topology1-1-1456103421,1.02787949316433,1.0296968575790124,1456105208001
Running observer at: 1456105218661
production-topology4-4-1456103442,0.9929174488223473,1.149688952531412,1456105218898
production-topology2-2-1456103428,0.8915001405783148,1.00153143419667,1456105218899
production-topology3-3-1456103435,0.9571139540093117,1.4725028674528728,1456105218899
production-topology1-1-1456103421,1.012326096295562,1.0279371710699567,1456105218899
Running observer at: 1456105229423
production-topology4-4-1456103442,0.9612463318843086,1.137911288740968,1456105229644
production-topology2-2-1456103428,1.0873609167942557,1.007018882672064,1456105229644
production-topology3-3-1456103435,1.0571854897248203,1.4465455313448694,1456105229644
production-topology1-1-1456103421,1.0344840063685048,1.0256639462799755,1456105229645
Running observer at: 1456105240174
production-topology4-4-1456103442,0.9200274164785474,1.1250945903725902,1456105240367
production-topology2-2-1456103428,1.0366572975889974,1.0070280740582178,1456105240367
production-topology3-3-1456103435,1.0461268691395984,1.4229914923916183,1456105240367
production-topology1-1-1456103421,1.0589411421423744,1.0263276770149734,1456105240367
Running observer at: 1456105250833
production-topology4-4-1456103442,1.0791466229530453,1.122541925515949,1456105250977
production-topology2-2-1456103428,1.0768920077451567,1.0077051013593434,1456105250977
production-topology3-3-1456103435,0.999638363363978,1.399471874112305,1456105250978
production-topology1-1-1456103421,0.9925416666666667,1.0274813445202144,1456105250978
Running observer at: 1456105261437
production-topology4-4-1456103442,1.0048205562293644,1.1163460639745497,1456105261577
production-topology2-2-1456103428,1.0252169275738003,1.0158243409096739,1456105261578
production-topology3-3-1456103435,1.0245879705034036,1.3797411423434154,1456105261578
production-topology1-1-1456103421,1.1513377926421404,1.0349005583699697,1456105261578
Running observer at: 1456105272037
production-topology4-4-1456103442,1.0366475570297102,1.1123611386273078,1456105272167
production-topology2-2-1456103428,1.0,1.0139687819513112,1456105272167
production-topology3-3-1456103435,1.0811188599151,1.3648100282219997,1456105272168
production-topology1-1-1456103421,1.0,1.035164032993294,1456105272168
Running observer at: 1456105282555
production-topology4-4-1456103442,1.0490276717846947,1.1093452592538502,1456105282716
production-topology2-2-1456103428,1.0,1.0089626481679626,1456105282716
production-topology3-3-1456103435,1.3452380952380951,1.3638780314132422,1456105282716
production-topology1-1-1456103421,1.0,1.0340087376859741,1456105282717
Running observer at: 1456105293057
production-topology4-4-1456103442,2.0,1.1498295656514024,1456105293189
production-topology2-2-1456103428,1.0,1.008904084039446,1456105293190
production-topology3-3-1456103435,2.0,1.392792666349004,1456105293190
production-topology1-1-1456103421,1.0,1.0366804964349068,1456105293190
Running observer at: 1456105303419
production-topology4-4-1456103442,2.0,1.1867934975796022,1456105303477
production-topology2-2-1456103428,1.0,1.0058529920302717,1456105303477
production-topology3-3-1456103435,2.0,1.419192985203395,1456105303477
production-topology1-1-1456103421,1.0,1.0310414110678552,1456105303478
