Running observer at: 1456822179367
production-topology1-1-1456822179,0.0,0.0,0,0,1456822179657
Running observer at: 1456822180375
production-topology1-1-1456822179,0.0,0.0,0,0,1456822180684
Running observer at: 1456822186262
production-topology2-2-1456822185,0.0,0.0,0,0,1456822186644
production-topology1-1-1456822179,0.0,0.0,0,0,1456822186644
Running observer at: 1456822191301
production-topology2-2-1456822185,0.0,0.0,0,0,1456822191712
production-topology1-1-1456822179,0.0,0.0,0,0,1456822191713
Running observer at: 1456822193226
production-topology2-2-1456822185,0.0,0.0,0,0,1456822193631
production-topology1-1-1456822179,0.0,0.0,160,0,1456822193631
production-topology3-3-1456822192,0.0,0.0,0,0,1456822193631
Running observer at: 1456822200655
production-topology4-4-1456822200,0.0,0.0,0,0,1456822201267
production-topology2-2-1456822185,0.0,0.0,160,0,1456822201268
production-topology1-1-1456822179,0.803092654944507,0.1338487758240845,660,240,1456822201268
production-topology3-3-1456822192,0.0,0.0,0,0,1456822201268
Running observer at: 1456822202140
production-topology4-4-1456822200,0.0,0.0,0,0,1456822202712
production-topology2-2-1456822185,0.0,0.0,220,0,1456822202712
production-topology1-1-1456822179,1.0798898071625342,0.2689974945867202,220,160,1456822202712
production-topology3-3-1456822192,0.0,0.0,0,0,1456822202712
Running observer at: 1456822213325
production-topology4-4-1456822200,0.0,0.0,0,0,1456822213868
production-topology2-2-1456822185,1.037316176470588,0.17288602941176467,1600,1140,1456822213868
production-topology1-1-1456822179,1.100240954540769,0.3729029270809763,2400,1760,1456822213868
production-topology3-3-1456822192,0.09617346938775509,0.024043367346938772,560,80,1456822213868
Running observer at: 1456822224536
production-topology4-4-1456822200,0.745410542243083,0.18635263556077075,720,980,1456822225255
production-topology2-2-1456822185,1.226107817614097,0.3233462848692407,2100,1380,1456822225255
production-topology1-1-1456822179,0.9663004961020552,0.43883599030554055,2200,1340,1456822225255
production-topology3-3-1456822192,1.1967538365948056,0.25858546119651216,2240,4840,1456822225256
Running observer at: 1456822235915
production-topology4-4-1456822200,1.1176139671609266,0.3726049018808019,2340,4440,1456822236577
production-topology2-2-1456822185,1.1080133916920802,0.4214296732220957,2380,1520,1456822236578
production-topology1-1-1456822179,1.0015441282287645,0.49510680409786295,2080,1300,1456822236578
production-topology3-3-1456822192,0.9946735227246724,0.38126680478453884,2260,4220,1456822236578
Running observer at: 1456822247280
production-topology4-4-1456822200,1.0021893174029224,0.4775356378011553,2380,4380,1456822247907
production-topology2-2-1456822185,0.8892125201277805,0.4734055451005051,2320,1460,1456822247907
production-topology1-1-1456822179,1.0169447372537148,0.5425466162029404,2360,1560,1456822247908
production-topology3-3-1456822192,1.0051842618550135,0.4703978700803209,2140,3680,1456822247908
Running observer at: 1456822258464
production-topology4-4-1456822200,0.8802554116753903,0.5350670340689032,2140,3720,1456822259078
production-topology2-2-1456822185,0.946159904183432,0.5206809810087978,2160,1460,1456822259079
production-topology1-1-1456822179,1.0675238743283513,0.5862947210467246,2180,1360,1456822259079
production-topology3-3-1456822192,0.9599731596997864,0.5315947812827541,2420,4320,1456822259079
Running observer at: 1456822269612
production-topology4-4-1456822200,1.0323428791278413,0.5972265147012704,2240,4080,1456822270212
production-topology2-2-1456822185,0.9812887388949725,0.5625544135439046,2180,1360,1456822270212
production-topology1-1-1456822179,1.0165928132862692,0.6193945742959204,2060,1320,1456822270212
production-topology3-3-1456822192,1.0985068974675434,0.5945850164143973,2200,4180,1456822270213
Running observer at: 1456822280903
production-topology4-4-1456822200,1.0753739317625042,0.650354005485852,2280,4160,1456822281459
production-topology2-2-1456822185,1.12197655634441,0.6091729254439466,2240,1500,1456822281459
production-topology1-1-1456822179,1.0049676215644392,0.6469355062436718,2340,1560,1456822281459
production-topology3-3-1456822192,0.9914892019989235,0.63427543497285,1960,3540,1456822281460
Running observer at: 1456822292131
production-topology4-4-1456822200,0.9552795685834462,0.6808465617956114,2400,4260,1456822292704
production-topology2-2-1456822185,0.8793610866136337,0.6299566301493071,2360,1460,1456822292704
production-topology1-1-1456822179,0.9153217792845452,0.6648279244463967,2300,1480,1456822292704
production-topology3-3-1456822192,0.9160089637384904,0.6598875739515445,2420,4260,1456822292704
Running observer at: 1456822303278
production-topology4-4-1456822200,0.9888213876965833,0.7088442732411543,1920,3440,1456822303794
production-topology2-2-1456822185,0.9882456333349191,0.6555487018054224,1980,1380,1456822303794
production-topology1-1-1456822179,1.108687821331499,0.6925691680017155,2320,1500,1456822303794
production-topology3-3-1456822192,1.0523830728049157,0.6925955321893255,2260,4200,1456822303795
Running observer at: 1456822314537
production-topology4-4-1456822200,1.0258131475803889,0.7352583461027571,2300,4120,1456822315083
production-topology2-2-1456822185,1.0202878520105993,0.6798646451524342,2320,1500,1456822315083
production-topology1-1-1456822179,0.8773169976640993,0.7034366873936204,2020,1280,1456822315083
production-topology3-3-1456822192,1.0558396467301723,0.7205373871540061,2220,3880,1456822315084
Running observer at: 1456822325703
production-topology4-4-1456822200,0.9888547796285422,0.754765764066279,2340,4400,1456822326220
production-topology2-2-1456822185,0.8899071082159702,0.6929922990939051,2320,1460,1456822326220
production-topology1-1-1456822179,1.0050893189811536,0.7201951669262612,2460,1500,1456822326220
production-topology3-3-1456822192,1.0228385304247372,0.7421303259590583,2100,3920,1456822326221
Running observer at: 1456822336661
production-topology4-4-1456822200,0.9797706911324406,0.7708375445710048,2000,3460,1456822337249
production-topology2-2-1456822185,1.12390453711718,0.7183400778011566,2060,1320,1456822337249
production-topology1-1-1456822179,1.15441741969194,0.7430489697034023,2120,1420,1456822337250
production-topology3-3-1456822192,0.9703813591364443,0.7573470615042174,2280,4160,1456822337250
Running observer at: 1456822347961
production-topology4-4-1456822200,0.9871076492258337,0.7852555515479935,2300,4160,1456822348581
production-topology2-2-1456822185,1.0538311936421751,0.7369784731256577,2360,1560,1456822348581
production-topology1-1-1456822179,0.9764365663769096,0.7547183495370776,2040,1340,1456822348581
production-topology3-3-1456822192,0.9798324039995576,0.7712523954101761,2340,4080,1456822348581
Running observer at: 1456822359115
production-topology4-4-1456822200,0.9893073187356224,0.7980087869972203,2420,4280,1456822359663
production-topology2-2-1456822185,0.9479942221285653,0.7480845651784422,2280,1400,1456822359664
production-topology1-1-1456822179,0.9775747587745837,0.7653305595007683,2420,1540,1456822359664
production-topology3-3-1456822192,1.0330251491867655,0.7866507926911519,1980,3700,1456822359664
Running observer at: 1456822370240
production-topology4-4-1456822200,1.05758653606949,0.8132780663544127,1900,3500,1456822370786
production-topology2-2-1456822185,1.049675081377975,0.763164090988419,1980,1300,1456822370786
production-topology1-1-1456822179,1.1093951266691464,0.7809698580084219,2100,1380,1456822370787
production-topology3-3-1456822192,0.9882970971680649,0.7978533651620915,2340,4140,1456822370787
Running observer at: 1456822381562
production-topology4-4-1456822200,1.0501284984043604,0.8264364236905208,2260,4140,1456822382153
production-topology2-2-1456822185,1.01520618556701,0.7751660954921614,2420,1600,1456822382153
production-topology1-1-1456822179,0.8129336452818722,0.7823595878898763,2100,1240,1456822382153
production-topology3-3-1456822192,0.9530081431785251,0.8060194061103249,2260,4060,1456822382153
Running observer at: 1456822392653
production-topology4-4-1456822200,0.9221698145842778,0.8314750232112449,2460,4420,1456822393202
production-topology2-2-1456822185,1.2346586782861289,0.7960521219827963,2080,1400,1456822393203
production-topology1-1-1456822179,1.0342274208193134,0.7928540809286028,2400,1600,1456822393203
production-topology3-3-1456822192,1.0315295815295815,0.8172949148812878,2080,3760,1456822393203
Running observer at: 1456822403777
production-topology4-4-1456822200,1.0292448011384527,0.8413635121076053,1940,3460,1456822404432
production-topology2-2-1456822185,0.8518826558030438,0.7984795364967201,2120,1260,1456822404432
production-topology1-1-1456822179,1.052648373959418,0.8032458526498354,2180,1400,1456822404433
production-topology3-3-1456822192,1.1108555100872632,0.831273990843477,2180,4100,1456822404433
Running observer at: 1456822414941
production-topology4-4-1456822200,1.0009978582718562,0.8489651476392363,2240,4140,1456822415534
production-topology2-2-1456822185,1.1354155200880576,0.8125185358130258,2340,1580,1456822415534
production-topology1-1-1456822179,0.9612881954764201,0.8093244042970118,2020,1300,1456822415534
production-topology3-3-1456822192,0.8423652852349919,0.8317781405885458,2400,4120,1456822415534
Running observer at: 1456822426055
production-topology4-4-1456822200,1.0079297140515648,0.8561908097488875,2380,4280,1456822426575
production-topology2-2-1456822185,0.9438047563299213,0.8177699846337017,2280,1420,1456822426575
production-topology1-1-1456822179,0.9577452803043415,0.8148214737787647,2460,1540,1456822426575
production-topology3-3-1456822192,1.176297239999812,0.8467572318672965,1980,3680,1456822426575
Running observer at: 1456822437149
production-topology4-4-1456822200,0.9528255780969632,0.8603923214161951,1980,3460,1456822437787
production-topology2-2-1456822185,0.918701026119403,0.8216519477677671,2020,1260,1456822437787
production-topology1-1-1456822179,1.0927302758400232,0.8247467881380953,2100,1360,1456822437787
production-topology3-3-1456822192,1.003074382121082,0.8532704464612042,2260,4120,1456822437788
Running observer at: 1456822448251
production-topology4-4-1456822200,1.0403602399908671,0.8678909846901398,2260,4200,1456822448827
production-topology2-2-1456822185,1.1308316525929978,0.8331030479464794,2280,1480,1456822448827
production-topology1-1-1456822179,0.9906996010872219,0.8304692989294445,2140,1300,1456822448827
production-topology3-3-1456822192,0.8929538492541957,0.8548577825729238,2340,4060,1456822448827
Running observer at: 1456822459322
production-topology4-4-1456822200,1.0365017276275426,0.8746354144076359,2280,4240,1456822459968
production-topology2-2-1456822185,0.7909978990095332,0.8315992926273027,2340,1500,1456822459968
production-topology1-1-1456822179,0.9238815374563532,0.8335830402136748,2420,1580,1456822459968
production-topology3-3-1456822192,1.037873622698044,0.8618968533469669,2080,3780,1456822459969
Running observer at: 1456822470543
production-topology4-4-1456822200,0.9755108899096855,0.8785152403884839,2000,3500,1456822471222
production-topology2-2-1456822185,1.2328546763928905,0.8454356851709437,1960,1240,1456822471222
production-topology1-1-1456822179,1.0704523011871847,0.869264783586581,2100,1420,1456822471222
production-topology3-3-1456822192,1.024383947015042,0.8679148938531919,2280,4120,1456822471223
Running observer at: 1456822481703
production-topology4-4-1456822200,0.9780661866217667,0.8822023124711982,2340,4140,1456822482277
production-topology2-2-1456822185,0.9546001148621338,0.8490744994939834,2380,1460,1456822482277
production-topology1-1-1456822179,0.8632422289304071,0.8980395245509278,2060,1280,1456822482277
production-topology3-3-1456822192,0.9418950356138791,0.8705570417732165,2220,4040,1456822482277
Running observer at: 1456822492784
production-topology4-4-1456822200,1.027928139230899,0.8874068062840446,2380,4280,1456822493316
production-topology2-2-1456822185,0.9712609970674486,0.8814498660628983,2280,1440,1456822493316
production-topology1-1-1456822179,1.1251593610389794,0.9355448365855604,2340,1500,1456822493316
production-topology3-3-1456822192,1.0374293596432886,0.876311259630805,2100,3680,1456822493316
Running observer at: 1456822503865
production-topology4-4-1456822200,0.9572084226428083,0.8898137585722778,1980,3500,1456822504474
production-topology2-2-1456822185,1.0573216520650812,0.9166939211317344,1880,1280,1456822504475
production-topology1-1-1456822179,0.9586338185404281,0.9674992972035746,2260,1400,1456822504475
production-topology3-3-1456822192,1.004343480597895,0.8805790003297082,2300,4080,1456822504475
Running observer at: 1456822514957
production-topology4-4-1456822200,0.9919739790136592,0.8932190992536572,2260,4040,1456822515543
production-topology2-2-1456822185,1.1106250312390662,0.95371475550637,2400,1640,1456822515543
production-topology1-1-1456822179,1.1548270031294723,1.0059935306412238,1980,1360,1456822515543
production-topology3-3-1456822192,1.0460309701514015,0.9154466993347549,2200,4180,1456822515543
Running observer at: 1456822526027
production-topology4-4-1456822200,0.9436489606954167,0.924674064610171,2440,4320,1456822526532
production-topology2-2-1456822185,0.8796090116186331,0.9830350558936577,2260,1380,1456822526532
production-topology1-1-1456822179,0.99481789786738,1.0123843720719863,2420,1540,1456822526532
production-topology3-3-1456822192,0.9796257201917579,0.9481008900078135,2120,3660,1456822526532
Running observer at: 1456822537091
production-topology4-4-1456822200,1.085461749260459,0.960856122918853,1840,3460,1456822537740
production-topology2-2-1456822185,1.0602909164093608,1.0183780864406364,1980,1280,1456822537740
production-topology1-1-1456822179,0.9848803000359327,1.0092173885010995,2160,1340,1456822537740
production-topology3-3-1456822192,0.9869730110238247,0.9809999903752743,2240,4120,1456822537740
Running observer at: 1456822548199
production-topology4-4-1456822200,0.9652211914509667,0.9930301626338853,2440,4120,1456822548841
production-topology2-2-1456822185,0.9406302950700312,1.0151552237272845,2420,1480,1456822548842
production-topology1-1-1456822179,0.8929785236171294,1.0023086408036448,2060,1300,1456822548842
production-topology3-3-1456822192,1.0402369829805271,1.0124687741617,2280,4100,1456822548842
Running observer at: 1456822559330
production-topology4-4-1456822200,0.9994172210818147,1.0014970519285098,2300,4220,1456822559844
production-topology2-2-1456822185,1.1374186843045875,1.0121989192836343,2320,1440,1456822559844
production-topology1-1-1456822179,1.1237632037599063,1.0075573977255732,2360,1620,1456822559845
production-topology3-3-1456822192,0.9305788053904449,1.0035962731215549,2040,3680,1456822559845
Running observer at: 1456822570437
production-topology4-4-1456822200,1.017741969647226,0.9981679853447197,1920,3520,1456822571090
production-topology2-2-1456822185,0.9662887271369912,1.0074747637984647,1900,1200,1456822571090
production-topology1-1-1456822179,0.9091023647225619,1.0044760056086997,2280,1400,1456822571090
production-topology3-3-1456822192,0.9829204390939541,1.0032045036671977,2300,4020,1456822571090
Running observer at: 1456822581575
production-topology4-4-1456822200,1.0335268363124097,0.9992125693083693,2300,4140,1456822582162
production-topology2-2-1456822185,0.8883838516151004,1.0074471415147086,2460,1560,1456822582162
production-topology1-1-1456822179,1.1255284796431304,1.0080954636883468,1980,1300,1456822582163
production-topology3-3-1456822192,1.0856339524183243,1.0058861600193079,2200,4160,1456822582163
Running observer at: 1456822592642
production-topology4-4-1456822200,1.0309780006749705,1.0042366556083555,2380,4360,1456822593196
production-topology2-2-1456822185,1.044258639910814,1.010717099372288,2240,1440,1456822593197
production-topology1-1-1456822179,1.1079793040556323,1.0094439780125897,2320,1560,1456822593197
production-topology3-3-1456822192,0.968192034142142,1.0061601225007197,2120,3680,1456822593197
Running observer at: 1456822603745
production-topology4-4-1456822200,0.9237014925568994,1.0006152760559905,1920,3500,1456822604387
production-topology2-2-1456822185,1.1003263386483344,1.0146850193640666,1960,1300,1456822604387
production-topology1-1-1456822179,1.0457451579199386,1.0104157228337118,2220,1400,1456822604388
production-topology3-3-1456822192,0.9515785234187775,1.0012625100324277,2340,4100,1456822604388
Running observer at: 1456822614974
production-topology4-4-1456822200,1.0340286430818182,0.9992370997666343,2300,4100,1456822615505
production-topology2-2-1456822185,0.9785485779274115,1.0099040867501667,2400,1580,1456822615506
production-topology1-1-1456822179,0.8983912836491079,1.0068631782365343,2020,1300,1456822615506
production-topology3-3-1456822192,1.089859495262524,1.0045415198078809,2220,4120,1456822615506
Running observer at: 1456822625995
production-topology4-4-1456822200,0.9332321706801825,0.9985021865031922,2520,4360,1456822626564
production-topology2-2-1456822185,1.0125698626872786,1.0143443792859548,2280,1480,1456822626564
production-topology1-1-1456822179,1.0738392115907394,1.0121470926467409,2460,1600,1456822626564
production-topology3-3-1456822192,0.9466689616736748,1.0055635197390536,2080,3660,1456822626564
Running observer at: 1456822637155
production-topology4-4-1456822200,1.1342034516541828,1.003348255301779,1780,3320,1456822637800
production-topology2-2-1456822185,0.9498766795193854,1.0130654141587703,1940,1180,1456822637800
production-topology1-1-1456822179,0.9387853723851651,1.006483677681863,2100,1320,1456822637800
production-topology3-3-1456822192,0.9624715265740906,1.0025664681980262,2340,4120,1456822637800
Running observer at: 1456822648310
production-topology4-4-1456822200,0.9904524188908654,1.0021695643454616,2300,4220,1456822648880
production-topology2-2-1456822185,0.931518517705429,1.0101064363485979,2460,1560,1456822648881
production-topology1-1-1456822179,1.049847346345946,1.0122346893045913,2000,1280,1456822648881
production-topology3-3-1456822192,1.0280128521716425,1.0016389083794086,2300,4160,1456822648881
Running observer at: 1456822659338
production-topology4-4-1456822200,1.020015020384152,1.003208239037315,2380,4340,1456822659863
production-topology2-2-1456822185,1.0085604340262728,1.0140615472089411,2240,1460,1456822659863
production-topology1-1-1456822179,0.9067439862542955,1.0089565115470294,2500,1520,1456822659863
production-topology3-3-1456822192,0.9936818302193675,1.000667018372563,2060,3640,1456822659863
Running observer at: 1456822670352
production-topology4-4-1456822200,0.9276038671371061,1.001469344904137,1960,3440,1456822670910
production-topology2-2-1456822185,1.0332178164624974,1.0110386565204519,1920,1240,1456822670911
production-topology1-1-1456822179,1.0295894532641832,1.0047955793327707,2140,1440,1456822670911
production-topology3-3-1456822192,0.9773760053723735,1.000900173247094,2220,4100,1456822670911
Running observer at: 1456822681541
production-topology4-4-1456822200,1.0134913440514661,1.0023488013983248,2320,4160,1456822682128
production-topology2-2-1456822185,1.0873642987916405,1.0121564266921006,2300,1500,1456822682128
production-topology1-1-1456822179,1.115479174005498,1.0094303329203904,1980,1260,1456822682128
production-topology3-3-1456822192,1.0205191319810325,1.0022563975131429,2080,3700,1456822682128
Running observer at: 1456822692580
production-topology4-4-1456822200,1.0599896241119329,1.0047048782442018,2280,4300,1456822693068
production-topology2-2-1456822185,1.0704691739074306,1.0162389250847295,2360,1480,1456822693068
production-topology1-1-1456822179,0.8618291682504473,1.005572146569586,2480,1560,1456822693068
production-topology3-3-1456822192,0.9824054237634763,1.0005690733323667,2280,4120,1456822693069
Running observer at: 1456822703538
production-topology4-4-1456822200,0.9602082015347988,1.001458933759712,1980,3420,1456822704030
production-topology2-2-1456822185,0.9268214355597555,1.0121438035574555,1900,1180,1456822704030
production-topology1-1-1456822179,1.3103011727078888,1.012269014770877,2180,1440,1456822704030
production-topology3-3-1456822192,0.9796020734349646,1.0002792392079298,2340,4140,1456822704030
Running observer at: 1456822714683
production-topology4-4-1456822200,0.9416640473701883,0.9978434520585729,2360,4180,1456822715319
production-topology2-2-1456822185,0.890468680545345,1.0079858867234,2340,1460,1456822715319
production-topology1-1-1456822179,0.824722403546258,1.01266197337969,2020,1280,1456822715320
production-topology3-3-1456822192,1.0221718775850184,1.0025846970214798,1960,3620,1456822715320
Running observer at: 1456822725791
production-topology4-4-1456822200,1.020555171498799,1.0011229639557238,2340,4380,1456822726351
production-topology2-2-1456822185,1.175051662152127,1.0059989861856,2340,1500,1456822726352
production-topology1-1-1456822179,0.9730447061235373,1.0106225495564976,2440,1520,1456822726352
production-topology3-3-1456822192,0.9944482504128649,1.0013486526509225,2280,4160,1456822726352
Running observer at: 1456822736824
production-topology4-4-1456822200,1.0681452602166563,1.0024196459249972,1880,3460,1456822737355
production-topology2-2-1456822185,0.9349470464297666,1.0087677992064907,1920,1280,1456822737355
production-topology1-1-1456822179,0.9857878642576187,1.008393865899771,2200,1400,1456822737356
production-topology3-3-1456822192,1.028247471347071,0.9985950513595829,2280,4120,1456822737356
Running observer at: 1456822748061
production-topology4-4-1456822200,0.9866285948457629,1.0019406704774607,2320,4080,1456822748708
production-topology2-2-1456822185,0.9279221349470191,1.0018513530351227,2320,1460,1456822748708
production-topology1-1-1456822179,1.042019888263336,1.0110849223260014,2020,1300,1456822748708
production-topology3-3-1456822192,1.0123890328148062,1.0042625096122435,2060,3640,1456822748708
Running observer at: 1456822759165
production-topology4-4-1456822200,0.9943213166330729,1.001487057230178,2400,4340,1456822759639
production-topology2-2-1456822185,0.9535488991653326,1.0021761577963033,2420,1500,1456822759639
production-topology1-1-1456822179,1.0231295454545455,1.0132643978310083,2420,1560,1456822759639
production-topology3-3-1456822192,1.0120725274597195,0.9987883525275737,2240,4140,1456822759639
Running observer at: 1456822770113
production-topology4-4-1456822200,1.022026560263464,1.0037937566357278,1920,3500,1456822770651
production-topology2-2-1456822185,1.1173922267785956,1.0087991978182762,1960,1300,1456822770651
production-topology1-1-1456822179,0.9330859960675958,1.007942921838594,2180,1340,1456822770651
production-topology3-3-1456822192,0.9408801244170677,0.9967152106041064,2300,4160,1456822770651
Running observer at: 1456822781276
production-topology4-4-1456822200,1.0306232578475394,1.0034691905642836,2260,4080,1456822781911
production-topology2-2-1456822185,0.9754584118750077,1.0036200897943433,2260,1480,1456822781911
production-topology1-1-1456822179,1.2092078603449359,1.015226530480518,2000,1280,1456822781911
production-topology3-3-1456822192,1.0151744604212056,1.0007892309763402,2000,3640,1456822781911
Running observer at: 1456822792475
production-topology4-4-1456822200,0.9970701395312223,1.0021548042944062,2440,4280,1456822792984
production-topology2-2-1456822185,1.0304622229752118,1.0116022339265327,2400,1500,1456822792985
production-topology1-1-1456822179,0.9540226854600201,1.0162312354139733,2380,1560,1456822792985
production-topology3-3-1456822192,1.0328405089274655,1.0006214605173207,2340,4160,1456822792985
Running observer at: 1456822803457
production-topology4-4-1456822200,0.9365390392957431,1.0008557426072746,1960,3480,1456822803978
production-topology2-2-1456822185,1.1273001417978463,1.0080837494400312,1900,1240,1456822803979
production-topology1-1-1456822179,0.9663998734795194,1.0127628211570514,2200,1420,1456822803979
production-topology3-3-1456822192,1.0918474985953344,1.0028702455699972,2260,4040,1456822803979
Running observer at: 1456822814561
production-topology4-4-1456822200,0.9662306370047096,1.0004612242867061,2280,4120,1456822815134
production-topology2-2-1456822185,0.8853192191564093,1.0057743862498405,2280,1480,1456822815134
production-topology1-1-1456822179,0.9405308703994985,1.0153391092060209,2060,1360,1456822815134
production-topology3-3-1456822192,0.8355797169775429,0.9993264016154527,2100,3640,1456822815134
/var/nimbus/storm/bin/storm rebalance production-topology3 -e spout_head=11
1456822815521
/var/nimbus/storm/bin/storm rebalance production-topology2 -e spout_head=9
Running observer at: 1456822825809
production-topology4-4-1456822200,1.0423246320764852,1.0009411073815593,2160,3960,1456822826254
production-topology2-2-1456822185,1.0007396699715347,1.0007396699715347,123500,79180,1456822826254
production-topology1-1-1456822179,1.136508979339642,1.0157174298160432,2100,1400,1456822826254
production-topology3-3-1456822192,0.998732150442574,0.998732150442574,121940,219640,1456822826255
Running observer at: 1456822836842
production-topology4-4-1456822200,0.9506815333822795,1.0007235444062081,2220,3840,1456822837383
production-topology2-2-1456822185,1.0,1.0003698349857673,0,20,1456822837383
production-topology1-1-1456822179,0.8778616201390071,1.0130250232026625,2440,1460,1456822837383
production-topology3-3-1456822192,0.7259259259259259,0.8623290381842499,60,160,1456822837383
Running observer at: 1456822848013
production-topology4-4-1456822200,1.0445502323763192,1.0024760861849635,2280,4160,1456822848601
production-topology2-2-1456822185,1.0,1.000246556657178,0,0,1456822848601
production-topology1-1-1456822179,1.1022095959595961,1.0112711096303333,2000,1360,1456822848601
production-topology3-3-1456822192,2.0,1.2415526921228333,0,0,1456822848601
Running observer at: 1456822853940
production-topology4-4-1456822200,1.0646072280789998,1.006508028431083,1160,2180,1456822854529
production-topology2-2-1456822185,1.0,1.0001849174928836,0,0,1456822854530
production-topology1-1-1456822179,0.9359723534971645,1.0093095914846595,1300,740,1456822854530
production-topology3-3-1456822192,2.0,1.431164519092125,0,0,1456822854530
Running observer at: 1456822855177
production-topology4-4-1456822200,0.48392857142857143,0.9864569225033535,160,200,1456822855582
production-topology2-2-1456822185,1.0,1.000147933994307,0,0,1456822855582
production-topology1-1-1456822179,2.713169642857143,1.0669192362453663,300,240,1456822855582
production-topology3-3-1456822192,1.1403134018110461,1.3729942956359094,85420,175820,1456822855582
Running observer at: 1456822859234
production-topology4-4-1456822200,1.1254244362444785,0.9917970306631373,980,1980,1456822859720
production-topology2-2-1456822185,0.9969227267323012,0.9996103994506393,0,31700,1456822859720
production-topology1-1-1456822179,0.6087114337568058,1.0574436665833555,900,520,1456822859721
production-topology3-3-1456822192,0.9982655807577154,1.310539509822877,73380,131960,1456822859721
Running observer at: 1456822870154
production-topology4-4-1456822200,0.9006792929292928,0.9885057663913865,2000,3400,1456822870639
production-topology2-2-1456822185,0.9969227267323012,0.9992264462051625,0,31700,1456822870639
production-topology1-1-1456822179,1.1338793317011224,1.0577808708480627,2160,1440,1456822870639
production-topology3-3-1456822192,0.7610474117812595,1.2320406386740745,1960,2860,1456822870639
Running observer at: 1456822881164
production-topology4-4-1456822200,1.0123960935679865,0.9883275705220786,2360,4160,1456822881704
production-topology2-2-1456822185,1.0377977250154604,1.0040478560564496,1460,840,1456822881705
production-topology1-1-1456822179,0.85836760224112,1.0560897120986814,2080,1240,1456822881705
production-topology3-3-1456822192,0.9553465793788037,1.1974538812621656,2540,4420,1456822881705
Running observer at: 1456822892256
production-topology4-4-1456822200,1.0268757715313177,0.9881058683627089,1880,3440,1456822892936
production-topology2-2-1456822185,1.0107625856785991,1.0047939371255774,1820,1200,1456822892936
production-topology1-1-1456822179,1.1493207003268289,1.0568827861214714,2120,1420,1456822892936
production-topology3-3-1456822192,1.0084231805929917,1.1764504700767018,2120,3860,1456822892937
Running observer at: 1456822903438
production-topology4-4-1456822200,1.012193562431579,0.9874797204212625,2460,4440,1456822903945
production-topology2-2-1456822185,1.0478258524459456,1.0090971286576143,2060,1340,1456822903945
production-topology1-1-1456822179,1.0070077872312937,1.0535170688939934,2440,1580,1456822903945
production-topology3-3-1456822192,1.002275575578008,1.1590329806268325,2680,4780,1456822903946
Running observer at: 1456822914438
production-topology4-4-1456822200,0.9738608736515155,0.9891516997910832,2260,4100,1456822915003
production-topology2-2-1456822185,0.9774332372223941,1.0062185930725942,1920,1220,1456822915003
production-topology1-1-1456822179,0.909570619691727,1.0489779176197198,2040,1240,1456822915004
production-topology3-3-1456822192,1.0469221231586574,1.1488410844933619,2460,4560,1456822915004
Running observer at: 1456822925587
production-topology4-4-1456822200,1.0645435545444937,0.9901688635065055,1900,3440,1456822926222
production-topology2-2-1456822185,1.0814256329463698,1.012485846395409,2000,1280,1456822926223
production-topology1-1-1456822179,1.1352814237065545,1.0568742556216348,2140,1420,1456822926223
production-topology3-3-1456822192,0.9017442141857435,1.1282496786343936,2220,3840,1456822926223
Running observer at: 1456822936748
production-topology4-4-1456822200,0.9220679055008969,0.9897967213338627,2400,4120,1456822937234
production-topology2-2-1456822185,0.8568535164538404,1.000514128707596,1960,1340,1456822937235
production-topology1-1-1456822179,0.9465850472089397,1.0526324501422413,2340,1460,1456822937235
production-topology3-3-1456822192,1.06872893287873,1.123671159730112,2580,4820,1456822937235
Running observer at: 1456822947758
production-topology4-4-1456822200,1.0242632139477914,0.9861320467436495,2340,4280,1456822948291
production-topology2-2-1456822185,0.9742049612569951,0.9986349024611244,2020,1240,1456822948291
production-topology1-1-1456822179,1.054152566278145,1.0564780232720075,2140,1420,1456822948291
production-topology3-3-1456822192,0.9201819251786465,1.1091362144050072,2700,4480,1456822948291
Running observer at: 1456822958772
production-topology4-4-1456822200,1.0348683992007452,0.9876125794206456,1980,3520,1456822959286
production-topology2-2-1456822185,0.9195809595472896,0.993364639600202,2000,1280,1456822959286
production-topology1-1-1456822179,0.9502922263740836,1.0531595192729453,2200,1400,1456822959286
production-topology3-3-1456822192,1.1430309469810958,1.111395863243413,1980,3860,1456822959287
Running observer at: 1456822969981
production-topology4-4-1456822200,0.959369726308036,0.9855910696181085,2300,4140,1456822970511
production-topology2-2-1456822185,1.1865484600971714,1.0054386283812626,2060,1300,1456822970512
production-topology1-1-1456822179,1.0406293130737576,1.0576223635002606,2080,1280,1456822970512
production-topology3-3-1456822192,0.9520746336242327,1.1014382863922143,2620,4740,1456822970512
Running observer at: 1456822981033
production-topology4-4-1456822200,1.0286280227565958,0.9889585414720915,2300,4140,1456822981544
production-topology2-2-1456822185,1.0759422464263995,1.0095859000309766,1820,1220,1456822981544
production-topology1-1-1456822179,0.9233594725157453,1.0540813641419795,2220,1460,1456822981544
production-topology3-3-1456822192,1.0604379987861345,1.0990265047683272,2380,4320,1456822981544
Running observer at: 1456822992095
production-topology4-4-1456822200,1.038748754649507,0.9898004551586929,2000,3720,1456822992589
production-topology2-2-1456822185,1.0673211752728622,1.0127934153221925,1960,1260,1456822992589
production-topology1-1-1456822179,0.9937315425653693,1.0500231097606418,2300,1500,1456822992590
production-topology3-3-1456822192,0.9957040589980698,1.0932863688922019,2280,4020,1456822992590
Running observer at: 1456823003185
production-topology4-4-1456822200,0.9785513034446376,0.9870858444697829,2320,4100,1456823003733
production-topology2-2-1456822185,0.809674298627007,1.0021029354961302,2080,1280,1456823003733
production-topology1-1-1456822179,1.125189442021125,1.0588017855529979,2020,1340,1456823003733
production-topology3-3-1456822192,0.9725124264388564,1.0869298456051837,2520,4480,1456823003733
Running observer at: 1456823014434
production-topology4-4-1456822200,1.006544310535479,0.9886303814364722,2240,4060,1456823014962
production-topology2-2-1456822185,0.9722433330453176,1.0006099553735894,1960,1180,1456823014963
production-topology1-1-1456822179,0.9982488261240263,1.048400040666869,2500,1560,1456823014963
production-topology3-3-1456822192,1.0206950233963554,1.0836181044947424,2380,4360,1456823014963
Running observer at: 1456823025402
production-topology4-4-1456822200,0.9642831107751744,0.9893843502166384,2100,3720,1456823025869
production-topology2-2-1456822185,1.0764096031701869,1.0042194624115228,1980,1360,1456823025869
production-topology1-1-1456822179,0.9351322135319413,1.0520803676663917,2100,1340,1456823025869
production-topology3-3-1456822192,0.9498146467232489,1.0772465112675282,2380,4300,1456823025869
Running observer at: 1456823036313
production-topology4-4-1456822200,1.01007326007326,0.9890349531691203,2300,4120,1456823036871
production-topology2-2-1456822185,1.068400212826509,1.0071367692485678,2080,1280,1456823036872
production-topology1-1-1456822179,0.9928836224016947,1.0527416648756636,2060,1320,1456823036872
production-topology3-3-1456822192,1.0317287463908515,1.075177521954952,2520,4600,1456823036872
Running observer at: 1456823047332
production-topology4-4-1456822200,1.0419310080526003,0.9881611447636516,1920,3420,1456823047985
production-topology2-2-1456822185,0.9272030651340998,1.0036613908088083,1680,1140,1456823047986
production-topology1-1-1456822179,0.9304870846952007,1.0508983055569163,2160,1380,1456823047986
production-topology3-3-1456822192,1.0023667800453515,1.0720118375241,2120,3780,1456823047986
Running observer at: 1456823058451
production-topology4-4-1456822200,0.9438050437168592,0.9867336930593549,2420,4360,1456823058989
production-topology2-2-1456822185,1.0295762946040092,1.0047411784669416,2060,1240,1456823058989
production-topology1-1-1456822179,1.0392074443347323,1.0508045574259628,2420,1580,1456823058989
production-topology3-3-1456822192,1.0413480788324128,1.0707341809119464,2640,4820,1456823058990
Running observer at: 1456823069434
production-topology4-4-1456822200,1.0298562418533745,0.9879181905666984,2240,4180,1456823069889
production-topology2-2-1456822185,1.01353237562354,1.0050928263532055,2180,1420,1456823069889
production-topology1-1-1456822179,0.9644135672347127,1.0488473581519684,2040,1340,1456823069889
production-topology3-3-1456822192,0.965066700635266,1.066507481700879,2520,4540,1456823069889
Running observer at: 1456823080447
production-topology4-4-1456822200,0.9040045905935119,0.9839841249110334,1980,3400,1456823081079
production-topology2-2-1456822185,1.0141537231030715,1.0054413223820466,1740,1060,1456823081079
production-topology1-1-1456822179,1.118981196024648,1.0550438648172034,2200,1420,1456823081079
production-topology3-3-1456822192,0.9638709789957782,1.0625599239045291,2140,3780,1456823081079
Running observer at: 1456823091631
production-topology4-4-1456822200,1.0796818176412961,0.985619410237492,2400,4380,1456823092122
production-topology2-2-1456822185,0.9175812390364209,1.0021872452210974,2060,1340,1456823092122
production-topology1-1-1456822179,0.8977301001297854,1.0446612728100315,2420,1460,1456823092122
production-topology3-3-1456822192,1.02675818359481,1.0612339335226877,2680,4800,1456823092122
Running observer at: 1456823102632
production-topology4-4-1456822200,1.0299622560747066,0.9867158141222749,2220,4120,1456823103089
production-topology2-2-1456822185,1.091839452688046,1.0053891097734884,2140,1480,1456823103089
production-topology1-1-1456822179,1.0198646942417655,1.04685600643609,1960,1240,1456823103089
production-topology3-3-1456822192,1.052720934160048,1.060929897831165,2460,4540,1456823103090
Running observer at: 1456823113660
production-topology4-4-1456822200,0.9261025561690783,0.986367931351386,1960,3480,1456823114158
production-topology2-2-1456822185,1.0293209876543208,1.006214346941793,1680,1020,1456823114159
production-topology1-1-1456822179,1.1228965493051843,1.0520725622969453,2220,1480,1456823114159
production-topology3-3-1456822192,0.9353749505389541,1.0566004168900542,2180,3860,1456823114159
Running observer at: 1456823124948
production-topology4-4-1456822200,1.0688149609963338,0.9897874088177735,2400,4320,1456823125449
production-topology2-2-1456822185,0.9643219114219114,1.0048179324244635,2160,1380,1456823125449
production-topology1-1-1456822179,0.9398871289739513,1.052051104249427,2380,1480,1456823125449
production-topology3-3-1456822192,0.9673402893656906,1.0536250793059088,2640,4780,1456823125450
Running observer at: 1456823135990
production-topology4-4-1456822200,1.0501073285317317,0.9900468320329483,2240,4180,1456823136482
production-topology2-2-1456822185,0.9296697378683826,1.002448934687692,2100,1320,1456823136483
production-topology1-1-1456822179,1.0313480515294855,1.0485457399890885,2020,1360,1456823136483
production-topology3-3-1456822192,1.0547516359007292,1.0554923954878472,2520,4560,1456823136483
Running observer at: 1456823146941
production-topology4-4-1456822200,0.9258556883060999,0.9892193038637423,1940,3440,1456823147429
production-topology2-2-1456822185,1.0819470851228068,1.0051805041917854,1740,1080,1456823147429
production-topology1-1-1456822179,0.9348274362228981,1.0504446005252182,2340,1320,1456823147429
production-topology3-3-1456822192,1.040028324458068,1.0659624754389185,2100,3800,1456823147429
Running observer at: 1456823158147
production-topology4-4-1456822200,1.0252344593019789,0.9885754447612644,2280,4100,1456823158667
production-topology2-2-1456822185,1.0120223962694777,1.005581250734101,2000,1320,1456823158667
production-topology1-1-1456822179,0.979885831883774,1.0463671417226907,1960,1380,1456823158667
production-topology3-3-1456822192,0.9513088437711021,1.031006103564622,2580,4560,1456823158667
Running observer at: 1456823169274
production-topology4-4-1456822200,0.9883844491539442,0.9860346854637625,2340,4080,1456823169751
production-topology2-2-1456822185,0.8882030235980628,1.0018546848540366,2200,1460,1456823169751
production-topology1-1-1456822179,1.0907104716040248,1.0515250789929194,2320,1460,1456823169751
production-topology3-3-1456822192,1.062482470072236,0.9997555192336964,2160,4060,1456823169751
Running observer at: 1456823180203
production-topology4-4-1456822200,1.0343017836033634,1.0043804592029224,2080,3760,1456823180682
production-topology2-2-1456822185,0.9693368225331631,1.0008325789384753,1760,1120,1456823180682
production-topology1-1-1456822179,0.9494376661261912,0.9927340131018875,2260,1460,1456823180682
production-topology3-3-1456822192,1.0496953749596192,0.996734918338649,2440,4560,1456823180682
/var/nimbus/storm/bin/storm rebalance production-topology1 -e spout_head=11
1456823180982
/var/nimbus/storm/bin/storm rebalance production-topology4 -e bolt_output_1=9
Running observer at: 1456823191159
production-topology4-4-1456822200,0.9986653608185265,0.9986653608185265,192680,346960,1456823191747
production-topology2-2-1456822185,1.2070977855646743,1.0078384142328878,2060,1280,1456823191747
production-topology1-1-1456822179,1.0005773697985147,1.0005773697985147,197380,126380,1456823191748
production-topology3-3-1456822192,0.9542622501873902,0.9952681406529715,2560,4600,1456823191748
Running observer at: 1456823202302
production-topology4-4-1456822200,0.694047619047619,0.8463564899330728,240,360,1456823203032
production-topology2-2-1456822185,0.8603337204065259,1.003285447355362,1720,1060,1456823203032
production-topology1-1-1456822179,1.5187499999999998,1.2596636848992573,100,140,1456823203033
production-topology3-3-1456822192,1.007104700659931,1.0034700502822607,2140,3720,1456823203033
Running observer at: 1456823213499
production-topology4-4-1456822200,2.0,1.2309043266220485,0,0,1456823213990
production-topology2-2-1456822185,1.0593154183863227,1.0040027038010575,2220,1460,1456823213991
production-topology1-1-1456822179,1.0,1.1731091232661714,0,0,1456823213991
production-topology3-3-1456822192,1.0351400672849012,1.0061298332124635,2640,4840,1456823213991
Running observer at: 1456823219723
production-topology4-4-1456822200,2.0,1.4231782449665364,0,0,1456823220206
production-topology2-2-1456822185,0.8252581552600772,0.9978192227871064,1080,640,1456823220206
production-topology1-1-1456822179,1.0,1.1298318424496285,0,0,1456823220206
production-topology3-3-1456822192,0.9838737613979289,1.005311519239295,1280,2300,1456823220206
Running observer at: 1456823220837
production-topology4-4-1456822200,2.0,1.538542595973229,0,0,1456823221371
production-topology2-2-1456822185,1.296398891966759,1.0061049907711337,400,280,1456823221371
production-topology1-1-1456822179,0.0,0.9038654739597028,177820,0,1456823221372
production-topology3-3-1456822192,0.5097222222222222,0.9888930741274354,200,260,1456823221372
Running observer at: 1456823224447
production-topology4-4-1456822200,0.0,1.2821188299776909,0,0,1456823224936
production-topology2-2-1456822185,1.0355172413793106,1.0080411242430312,500,360,1456823224936
production-topology1-1-1456822179,0.9954962066198678,0.9191372627363971,119020,75920,1456823224936
production-topology3-3-1456822192,1.1021840337407496,0.9907351378135051,1060,1960,1456823224937
Running observer at: 1456823235379
production-topology4-4-1456822200,0.0,1.098958997123735,0,0,1456823235852
production-topology2-2-1456822185,1.1882032354182555,1.0116003776587605,1740,1100,1456823235852
production-topology1-1-1456822179,0.2119347559599132,0.8181083331968994,1620,180,1456823235852
production-topology3-3-1456822192,0.978695349448867,0.993300175655609,2080,3860,1456823235852
Running observer at: 1456823246443
production-topology4-4-1456822200,0.5956343878600824,1.0360434209657785,1000,1200,1456823246991
production-topology2-2-1456822185,0.9627849663396935,1.0151314259882889,2240,1420,1456823246991
production-topology1-1-1456822179,1.111975480283114,0.8548417265826762,2220,1700,1456823246992
production-topology3-3-1456822192,1.027924292555729,0.9919400209781757,2660,4720,1456823246992
Running observer at: 1456823257411
production-topology4-4-1456822200,1.1975169037623665,1.0539849190542883,2280,4620,1456823257881
production-topology2-2-1456822185,0.8990500025117271,1.01262626069678,2000,1280,1456823257881
production-topology1-1-1456822179,1.037908163792685,0.8751824418282328,2480,1640,1456823257881
production-topology3-3-1456822192,0.9604596847620284,0.9932826129642884,2500,4580,1456823257882
Running observer at: 1456823268335
production-topology4-4-1456822200,1.0677357258619282,1.0553599997350522,2300,4220,1456823268873
production-topology2-2-1456822185,1.1186287395012735,1.0192611866952461,1820,1180,1456823268873
production-topology1-1-1456822179,0.9759542560603979,0.8852596232514494,2360,1500,1456823268873
production-topology3-3-1456822192,1.0305183860768576,0.9895321942674805,2140,3840,1456823268873
Running observer at: 1456823279486
production-topology4-4-1456822200,0.8588003984731971,1.0374909450748837,2080,3580,1456823279998
production-topology2-2-1456822185,1.012311621947115,1.0134532920902444,1960,1300,1456823279999
production-topology1-1-1456822179,1.175135993392572,0.911612020537006,2440,1660,1456823279999
production-topology3-3-1456822192,0.9791333345553287,0.9904341509651837,2540,4460,1456823279999
Running observer at: 1456823290606
production-topology4-4-1456822200,1.1339664699670418,1.0455305721492303,2160,3980,1456823291155
production-topology2-2-1456822185,0.9081679153471847,1.0078608143876038,2200,1360,1456823291155
production-topology1-1-1456822179,0.9270420344611873,0.9128978550306878,2360,1500,1456823291155
production-topology3-3-1456822192,1.0315480523483507,0.9894711527505909,2120,3900,1456823291155
Running observer at: 1456823301639
production-topology4-4-1456822200,0.9374736174437175,1.0372184987103448,2280,3920,1456823302125
production-topology2-2-1456822185,1.1779604175089124,1.0115487891288055,1680,1080,1456823302125
production-topology1-1-1456822179,1.0490749296515924,0.9233730146169112,2500,1600,1456823302126
production-topology3-3-1456822192,0.997229661186814,0.9895220061568825,2640,4780,1456823302126
Running observer at: 1456823312610
production-topology4-4-1456822200,1.0052987681802368,1.0349385179581942,2280,4100,1456823313152
production-topology2-2-1456822185,1.1879799632963592,1.0241589779511175,2040,1360,1456823313152
production-topology1-1-1456822179,0.999909279465496,0.9288398906775245,2300,1580,1456823313153
production-topology3-3-1456822192,0.9944403357564092,0.9902529364674675,2540,4540,1456823313153
Running observer at: 1456823323635
production-topology4-4-1456822200,1.0440384854530818,1.0355451824578532,2040,3960,1456823324234
production-topology2-2-1456822185,0.9056824931971702,1.0219402832895126,1800,1180,1456823324234
production-topology1-1-1456822179,1.0396617259320837,0.9362280130278283,2360,1400,1456823324234
production-topology3-3-1456822192,1.0023991152753329,0.9896430728634333,2120,3780,1456823324234
Running observer at: 1456823334788
production-topology4-4-1456822200,0.8899054464553116,1.0264426989576945,2120,3560,1456823335319
production-topology2-2-1456822185,0.8517197544060062,1.0144506216640397,2160,1300,1456823335319
production-topology1-1-1456822179,0.9151555257300791,0.934910982571719,2580,1700,1456823335319
production-topology3-3-1456822192,0.9833967289101619,0.9907624756029971,2560,4720,1456823335319
Running observer at: 1456823345769
production-topology4-4-1456822200,1.1037779269537111,1.0309918300162837,2240,4200,1456823346325
production-topology2-2-1456822185,1.0637040750026718,1.0142940837365786,2000,1380,1456823346325
production-topology1-1-1456822179,1.1730777494076408,0.9489207923855967,2380,1620,1456823346325
production-topology3-3-1456822192,1.0293303579903264,0.9906825293229797,2600,4480,1456823346326
Running observer at: 1456823356801
production-topology4-4-1456822200,0.9804795652030264,1.028185593082214,2280,4020,1456823357476
production-topology2-2-1456822185,0.9988571499749318,1.0166825532312729,1700,1080,1456823357476
production-topology1-1-1456822179,0.913422250522336,0.9469486511709712,2300,1460,1456823357476
production-topology3-3-1456822192,1.0094922095400782,0.9909200436394704,2160,3820,1456823357476
Running observer at: 1456823368052
production-topology4-4-1456822200,0.9993759946602214,1.026669298428425,2080,3740,1456823368598
production-topology2-2-1456822185,0.9970825872090264,1.0155994296514401,2280,1420,1456823368598
production-topology1-1-1456822179,0.9896244324163747,0.9491947449207292,2460,1660,1456823368598
production-topology3-3-1456822192,1.0116038954262918,0.9899285708592666,2640,4780,1456823368598
Running observer at: 1456823379074
production-topology4-4-1456822200,1.0770276512546686,1.029187216069737,2280,4180,1456823379539
production-topology2-2-1456822185,1.0081176600191664,1.0154189391312942,2000,1320,1456823379539
production-topology1-1-1456822179,0.9913965981821571,0.9513048375838006,2400,1500,1456823379539
production-topology3-3-1456822192,1.0093311226493302,0.9914040515930687,2460,4540,1456823379539
Running observer at: 1456823390092
production-topology4-4-1456822200,0.9143935433164156,1.023720850700531,2300,4120,1456823390713
production-topology2-2-1456822185,1.0530975296277614,1.0167170660154505,1740,1120,1456823390713
production-topology1-1-1456822179,0.9513400600899049,0.951306514845996,2460,1460,1456823390713
production-topology3-3-1456822192,0.9833288384812433,0.992052646909251,2120,3800,1456823390713
Running observer at: 1456823401202
production-topology4-4-1456822200,1.020798571373387,1.0235880198220246,2040,3600,1456823401704
production-topology2-2-1456822185,1.0450125138326436,1.0209647751753246,2120,1360,1456823401705
production-topology1-1-1456822179,1.0898405911976878,0.9576035183165275,2520,1640,1456823401705
production-topology3-3-1456822192,1.012377932557592,0.9915733052080102,2660,4740,1456823401705
Running observer at: 1456823412257
production-topology4-4-1456822200,1.0676744073670668,1.0255048192805047,2140,4000,1456823412805
production-topology2-2-1456822185,1.0286755379765569,1.0188593113516082,2060,1340,1456823412805
production-topology1-1-1456822179,0.9995746019844409,0.9594283480412195,2260,1480,1456823412805
production-topology3-3-1456822192,1.0078140472440944,0.9900764089774785,2500,4620,1456823412805
Running observer at: 1456823423379
production-topology4-4-1456822200,0.9319253710393158,1.0216056756037886,2400,4340,1456823423999
production-topology2-2-1456822185,0.9899461296920462,1.0175468160861991,1740,1120,1456823424000
production-topology1-1-1456822179,0.8917366129294196,0.9566078590782278,2460,1580,1456823424000
production-topology3-3-1456822192,0.9508711047073548,0.9905929474497585,2160,3780,1456823424000
Running observer at: 1456823434543
production-topology4-4-1456822200,1.0982426090394357,1.0246711529412145,2060,3580,1456823435076
production-topology2-2-1456822185,0.9273666715256764,1.0163149747563247,2160,1320,1456823435076
production-topology1-1-1456822179,1.1096659117312273,0.9627301811843477,2440,1640,1456823435076
production-topology3-3-1456822192,0.990711799389751,0.9913719977838936,2640,4720,1456823435076
Running observer at: 1456823445621
production-topology4-4-1456822200,0.8907367733773106,1.019519830650295,2260,3940,1456823446167
production-topology2-2-1456822185,1.0934072726661983,1.0217728925829184,2000,1300,1456823446167
production-topology1-1-1456822179,0.9063441606751202,0.960561488087839,2480,1520,1456823446167
production-topology3-3-1456822192,1.055004731870251,0.991380434316211,2500,4540,1456823446168
Running observer at: 1456823456685
production-topology4-4-1456822200,1.0677316552641112,1.02130545378414,2360,4320,1456823457359
production-topology2-2-1456822185,0.9678657234013042,1.017970180525535,1780,1100,1456823457360
production-topology1-1-1456822179,1.043558007015443,0.9636354332333058,2380,1520,1456823457360
production-topology3-3-1456822192,1.022094309694997,0.9907826338241088,2140,3820,1456823457360
Running observer at: 1456823467894
production-topology4-4-1456822200,0.9872167809772892,1.0200880011838953,2020,3640,1456823468464
production-topology2-2-1456822185,0.9469503907577301,1.0158011136751433,2180,1400,1456823468465
production-topology1-1-1456822179,1.0778402160492653,0.9677141754767329,2480,1640,1456823468465
production-topology3-3-1456822192,0.9460739265223537,0.9906081365824836,2680,4680,1456823468465
Running observer at: 1456823478947
production-topology4-4-1456822200,1.0370094750510812,1.0206715002827638,2180,3920,1456823479499
production-topology2-2-1456822185,1.1085260031461415,1.0231452129934129,2000,1320,1456823479499
production-topology1-1-1456822179,0.9945274311424029,0.968638770499687,2360,1580,1456823479499
production-topology3-3-1456822192,1.0532047126069468,0.9902988780003074,2380,4580,1456823479499
Running observer at: 1456823490039
production-topology4-4-1456822200,0.9254140263151731,1.0174962511505108,2420,4340,1456823490580
production-topology2-2-1456822185,0.8304929346691978,1.018517083397947,1860,1120,1456823490580
production-topology1-1-1456822179,0.9250664492252068,0.9671863597905376,2440,1420,1456823490580
production-topology3-3-1456822192,1.066677440206852,0.9908649468418818,2140,3780,1456823490580
Running observer at: 1456823501222
production-topology4-4-1456822200,1.027064348923213,1.0184428840873336,2040,3640,1456823501776
production-topology2-2-1456822185,1.1579269959998373,1.0168780570791194,2020,1320,1456823501776
production-topology1-1-1456822179,1.0479652491998168,0.968765955770581,2400,1680,1456823501776
production-topology3-3-1456822192,0.9500592807192187,0.9907248478596095,2640,4860,1456823501776
Running observer at: 1456823512247
production-topology4-4-1456822200,0.9569387029028433,1.027205920215841,2160,3980,1456823512809
production-topology2-2-1456822185,0.9829239441475525,1.0209643978704868,2140,1320,1456823512809
production-topology1-1-1456822179,1.0586710081555437,0.9534299893757657,2400,1540,1456823512809
production-topology3-3-1456822192,1.0322731927020676,0.9915637975943473,2400,4340,1456823512809
Running observer at: 1456823523392
production-topology4-4-1456822200,1.0835521447562289,0.996657658374382,2360,4340,1456823523965
production-topology2-2-1456822185,0.9380261178953041,1.016921421187453,1720,1160,1456823523965
production-topology1-1-1456822179,1.0717639240055183,0.9558221201759498,2420,1520,1456823523965
production-topology3-3-1456822192,1.0136336936689103,0.9908469184738143,2240,4020,1456823523965
Running observer at: 1456823534591
production-topology4-4-1456822200,0.8647149546141957,0.9588148235281886,2140,3660,1456823535104
production-topology2-2-1456822185,1.0430201931518877,1.0241801557838466,2140,1400,1456823535104
production-topology1-1-1456822179,0.9242978707066911,0.9532987158661727,2520,1660,1456823535105
production-topology3-3-1456822192,1.0296315526578685,0.9923721781824792,2640,4680,1456823535105
Running observer at: 1456823545598
production-topology4-4-1456822200,1.1397912906824574,0.9301411998842705,2140,3900,1456823546179
production-topology2-2-1456822185,1.0358921566447612,1.0154965979397799,2040,1320,1456823546179
production-topology1-1-1456822179,0.9775370394474812,0.9858832838477554,2380,1500,1456823546179
production-topology3-3-1456822192,0.9652512109432052,1.007556477806512,2440,4420,1456823546179
Running observer at: 1456823556557
production-topology4-4-1456822200,0.9616022589262443,0.9621946085151454,2400,4340,1456823557000
production-topology2-2-1456822185,0.9310214501278471,1.0120134048980645,1780,1100,1456823557000
production-topology1-1-1456822179,0.955896179762242,0.9845632829525013,2480,1480,1456823557001
production-topology3-3-1456822192,0.9844601469269504,1.0036323482460519,2180,3920,1456823557001
Running observer at: 1456823567509
production-topology4-4-1456822200,1.0175599945742895,0.9961132750009549,1980,3600,1456823568036
production-topology2-2-1456822185,1.038158848528376,1.0070119253350687,2020,1260,1456823568036
production-topology1-1-1456822179,1.1252966356791148,1.0150086789431412,2260,1540,1456823568036
production-topology3-3-1456822192,1.0101114874499058,1.0046795528460863,2600,4620,1456823568036
Running observer at: 1456823578609
production-topology4-4-1456822200,0.9854243879155435,1.0091062750028035,2240,3980,1456823579173
production-topology2-2-1456822185,1.0638586920669602,1.0103810495259775,2200,1500,1456823579173
production-topology1-1-1456822179,0.9431533843837375,1.0093812757464955,2400,1620,1456823579173
production-topology3-3-1456822192,1.031296376117497,1.0047919556314788,2000,3780,1456823579173
Running observer at: 1456823589719
production-topology4-4-1456822200,0.949490700323204,1.0008387348881649,2440,4360,1456823590254
production-topology2-2-1456822185,0.968685743051369,1.012702240877299,1700,1020,1456823590254
production-topology1-1-1456822179,1.1377277257803173,1.0127085944794163,2560,1600,1456823590254
production-topology3-3-1456822192,1.0290162315307838,1.007077173857104,2660,4780,1456823590255
Running observer at: 1456823600806
production-topology4-4-1456822200,1.0365540962816961,0.9997993472354904,1940,3720,1456823601357
production-topology2-2-1456822185,0.8697091218590841,1.0044049202892262,2080,1320,1456823601358
production-topology1-1-1456822179,0.8663959345891546,1.0090566504303748,2340,1440,1456823601358
production-topology3-3-1456822192,0.9605836563971795,1.0047460162011148,2560,4560,1456823601358
Running observer at: 1456823611898
production-topology4-4-1456822200,1.0325655729888135,1.0055915197193444,2180,3940,1456823612485
production-topology2-2-1456822185,1.0401705968675603,1.0053335527865745,2200,1460,1456823612485
production-topology1-1-1456822179,1.058773194927141,1.0051778904815274,2320,1540,1456823612485
production-topology3-3-1456822192,0.8729229819168858,1.0012056711131667,2180,3820,1456823612485
Running observer at: 1456823623052
production-topology4-4-1456822200,1.0137190586039684,1.0015832726739087,2440,4320,1456823623542
production-topology2-2-1456822185,1.1415494100310004,1.0131129359427016,1640,1100,1456823623542
production-topology1-1-1456822179,0.9567647143723116,1.0061686464785649,2560,1620,1456823623542
production-topology3-3-1456822192,1.0793749251740652,1.0027999002073573,2600,4860,1456823623542
Running observer at: 1456823634116
production-topology4-4-1456822200,0.9470508697056539,1.0019025144159732,2040,3680,1456823634720
production-topology2-2-1456822185,1.0419754840067341,1.0085801048259622,2200,1360,1456823634720
production-topology1-1-1456822179,1.1106542462518252,1.0082212903652392,2420,1520,1456823634721
production-topology3-3-1456822192,1.0135950142427752,1.0033454119758891,2560,4520,1456823634721
Running observer at: 1456823645249
production-topology4-4-1456822200,0.9642039018725475,1.0005326855390502,2200,3940,1456823645791
production-topology2-2-1456822185,0.9396618330909369,1.000302833819115,2080,1300,1456823645791
production-topology1-1-1456822179,0.905185185185185,1.0050638205558957,2340,1560,1456823645792
production-topology3-3-1456822192,1.0116530889266744,1.0039191704148982,2060,3740,1456823645792
Running observer at: 1456823656306
production-topology4-4-1456822200,1.0568083960628032,1.0009583492260405,2240,4180,1456823656787
production-topology2-2-1456822185,0.9631871643319585,1.0022196561902745,1740,1160,1456823656787
production-topology1-1-1456822179,1.0445696763505365,1.0052274189031773,2560,1580,1456823656787
production-topology3-3-1456822192,1.0059054524040367,1.0040360483191881,2740,4840,1456823656788
Running observer at: 1456823667365
production-topology4-4-1456822200,0.9456989139633156,1.0028181314763076,2160,3780,1456823667855
production-topology2-2-1456822185,0.9428738589461579,1.005258126341613,2140,1320,1456823667856
production-topology1-1-1456822179,0.9815748793760813,1.007441397358044,2360,1500,1456823667856
production-topology3-3-1456822192,1.0036293660981723,1.0047104695587885,2460,4600,1456823667856
Running observer at: 1456823678490
production-topology4-4-1456822200,1.0649393880327374,1.001523513512275,2240,3940,1456823679064
production-topology2-2-1456822185,1.073907794955589,1.0055982503400434,2080,1400,1456823679064
production-topology1-1-1456822179,0.9772662852651643,1.000914348553295,2440,1520,1456823679064
production-topology3-3-1456822192,1.0496101304429735,1.0053864619738768,2060,3860,1456823679064
Running observer at: 1456823689661
production-topology4-4-1456822200,0.964780056897715,1.0010001965687645,2260,4040,1456823690157
production-topology2-2-1456822185,0.9935120848519862,1.005420081502612,1720,1080,1456823690157
production-topology1-1-1456822179,1.049638650194907,1.0054548952090472,2460,1680,1456823690158
production-topology3-3-1456822192,0.9808864367489907,1.0044329362141737,2700,4740,1456823690158
Running observer at: 1456823700750
production-topology4-4-1456822200,1.0463430031581487,1.0025657635186955,2140,3860,1456823701247
production-topology2-2-1456822185,0.9780003915517764,1.004784008314037,2040,1400,1456823701247
production-topology1-1-1456822179,0.9012968149038136,1.0025106412919618,2380,1480,1456823701247
production-topology3-3-1456822192,1.014725973706018,1.0045370054901648,2420,4500,1456823701247
Running observer at: 1456823711799
production-topology4-4-1456822200,1.0088164034570453,1.0002920552587748,2140,4020,1456823712397
production-topology2-2-1456822185,1.0319250490419731,1.0055775879481303,2200,1360,1456823712398
production-topology1-1-1456822179,1.053335488521034,1.0045752709699245,2380,1580,1456823712398
production-topology3-3-1456822192,0.9676491594817008,1.0031476067179106,2180,3780,1456823712398
Running observer at: 1456823722893
production-topology4-4-1456822200,1.0120893293443889,1.0035485814597072,2160,3880,1456823723431
production-topology2-2-1456822185,0.9442627475114042,1.0019497618775854,1760,1040,1456823723431
production-topology1-1-1456822179,0.9484392522654596,1.0044785773757765,2600,1520,1456823723432
production-topology3-3-1456822192,1.0364777179052505,1.004919236032044,2620,4700,1456823723432
Running observer at: 1456823734044
production-topology4-4-1456822200,0.9474453753942501,1.0011034749270695,2200,3880,1456823734588
production-topology2-2-1456822185,1.051128981218834,1.0021536441237917,2020,1360,1456823734588
production-topology1-1-1456822179,1.0203697420505458,1.0021628824042048,2280,1520,1456823734589
production-topology3-3-1456822192,0.976516890676515,1.0037238679693414,2560,4540,1456823734589
Running observer at: 1456823745209
production-topology4-4-1456822200,1.056353767690803,1.000726120271194,2240,4120,1456823745821
production-topology2-2-1456822185,1.1404132312112059,1.00587823389828,2220,1400,1456823745821
production-topology1-1-1456822179,1.1826480337872625,1.0082653301309654,2440,1500,1456823745821
production-topology3-3-1456822192,0.9805421873006637,1.0028148059712274,2160,3820,1456823745822
Running observer at: 1456823756391
production-topology4-4-1456822200,0.9676129548180727,1.0019157063971527,2440,4260,1456823756933
production-topology2-2-1456822185,0.7641745994892035,0.9983525162248517,1660,1080,1456823756933
production-topology1-1-1456822179,0.9510895008216861,1.0102437597273746,2520,1760,1456823756933
production-topology3-3-1456822192,0.9730643186353296,1.0035545797688263,2660,4820,1456823756933
Running observer at: 1456823767463
production-topology4-4-1456822200,0.9822283717716324,0.9980485651548925,2060,3620,1456823767962
production-topology2-2-1456822185,1.0583753326453051,1.002719471595506,2120,1320,1456823767962
production-topology1-1-1456822179,1.0308891403256524,1.0076178673471887,2340,1500,1456823767962
production-topology3-3-1456822192,1.0445217503357949,1.0053482448003612,2460,4540,1456823767962
Running observer at: 1456823778539
production-topology4-4-1456822200,1.0413079848554185,1.0030676055374963,2200,3960,1456823779132
production-topology2-2-1456822185,1.0520920151206798,1.0013422963439886,2160,1360,1456823779132
production-topology1-1-1456822179,0.9102146475928979,1.0077468835777812,2480,1480,1456823779132
production-topology3-3-1456822192,0.9428641203238306,1.0016102244154805,2160,3760,1456823779132
Running observer at: 1456823789739
production-topology4-4-1456822200,0.9841399950828045,1.0002812168647859,2480,4400,1456823790278
production-topology2-2-1456822185,0.9979693256026712,1.002345749750701,1700,1160,1456823790278
production-topology1-1-1456822179,1.000566716162193,1.0063138405493397,2520,1620,1456823790278
production-topology3-3-1456822192,1.022180634089569,1.0016131018952996,2620,4740,1456823790278
Running observer at: 1456823800841
production-topology4-4-1456822200,0.9770921440471613,0.9999437289671149,2020,3620,1456823801333
production-topology2-2-1456822185,0.8829236170981165,1.000211523962047,2080,1280,1456823801333
production-topology1-1-1456822179,0.9109151418038388,1.0007496714078252,2340,1540,1456823801333
production-topology3-3-1456822192,1.0338141025641026,1.0045377744300243,2520,4540,1456823801333
Running observer at: 1456823811785
production-topology4-4-1456822200,1.0033473840813292,0.9988216592681234,2220,3900,1456823812346
production-topology2-2-1456822185,1.2918125777721519,1.006321076449581,2140,1360,1456823812346
production-topology1-1-1456822179,1.0586120152298655,1.0028858242107408,2440,1560,1456823812346
production-topology3-3-1456822192,1.0580883605000975,1.0047005626931296,2000,3920,1456823812346
Running observer at: 1456823822777
production-topology4-4-1456822200,0.9551459821428572,0.9998127244623795,2000,3660,1456823823422
production-topology2-2-1456822185,0.8630037353110859,1.0074047698043105,1620,1060,1456823823423
production-topology1-1-1456822179,0.9992607577000522,1.005358967826569,2120,1400,1456823823423
production-topology3-3-1456822192,0.9310263683345079,1.0001788602973845,2640,4460,1456823823423
Running observer at: 1456823833932
production-topology4-4-1456822200,1.0606254863689133,1.0009314290439029,2120,3960,1456823834493
production-topology2-2-1456822185,1.0427227530853875,1.0035646283738289,2180,1360,1456823834493
production-topology1-1-1456822179,1.0150284016315205,1.004261072907626,2680,1640,1456823834493
production-topology3-3-1456822192,1.015849742154144,1.002371875678549,2540,4460,1456823834493
Running observer at: 1456823844980
production-topology4-4-1456822200,1.047981945814763,1.0039662038076334,2440,4400,1456823845468
production-topology2-2-1456822185,0.9873702727667899,1.0037128393278034,2140,1420,1456823845469
production-topology1-1-1456822179,1.0277408453473678,1.0032300674806867,2300,1500,1456823845469
production-topology3-3-1456822192,1.0071991255677843,1.0015360734407392,2240,4080,1456823845469
Running observer at: 1456823856012
production-topology4-4-1456822200,0.9133738853436593,0.9982935951605475,2080,3560,1456823856689
production-topology2-2-1456822185,1.062702496664761,1.0078687186201185,1660,1020,1456823856689
production-topology1-1-1456822179,1.0144934052176562,1.0013210501877579,2340,1500,1456823856689
production-topology3-3-1456822192,0.9760653041138023,1.0002837937889024,2500,4440,1456823856689
Running observer at: 1456823867201
production-topology4-4-1456822200,1.043929200553339,1.004267403358519,2120,3920,1456823867771
production-topology2-2-1456822185,0.8734738601541461,1.0022171741868606,2200,1440,1456823867772
production-topology1-1-1456822179,1.0162932999131573,1.0043875644946403,2720,1640,1456823867772
production-topology3-3-1456822192,1.0202980877390326,0.9999726782916079,2540,4580,1456823867772
Running observer at: 1456823878237
production-topology4-4-1456822200,1.0117014836948122,0.9999977431255974,2360,4300,1456823878733
production-topology2-2-1456822185,1.2155137171203085,1.0082045595360456,2040,1320,1456823878733
production-topology1-1-1456822179,1.0436074139845573,1.0065899103125426,2180,1500,1456823878733
production-topology3-3-1456822192,0.9118085975084823,0.9981912578437837,2240,4020,1456823878733
Running observer at: 1456823889256
production-topology4-4-1456822200,1.0136935380059016,1.0017341190949198,2060,3660,1456823889889
production-topology2-2-1456822185,0.9395085996653796,1.0084874645206299,1660,1100,1456823889890
production-topology1-1-1456822179,0.9822304565427661,1.0074677195385602,2460,1480,1456823889890
production-topology3-3-1456822192,1.1095146599022567,1.0023597416096273,2520,4640,1456823889890
Running observer at: 1456823900419
production-topology4-4-1456822200,0.9911157266424867,1.000852643497193,2160,3960,1456823900990
production-topology2-2-1456822185,1.0018257916306363,1.0072763626240386,2260,1340,1456823900990
production-topology1-1-1456822179,0.9185350183125268,1.0005756656263405,2460,1620,1456823900990
production-topology3-3-1456822192,0.9279767451415424,0.9996219168660152,2440,4240,1456823900990
Running observer at: 1456823911460
production-topology4-4-1456822200,0.9810031272814443,1.0007052681427229,2400,4300,1456823911932
production-topology2-2-1456822185,1.0230859042822262,1.0059172696978809,2000,1380,1456823911932
production-topology1-1-1456822179,1.0504876107746468,1.0041534731727042,2380,1480,1456823911932
production-topology3-3-1456822192,1.0299930873421945,0.9995784739068383,2360,4240,1456823911933
Running observer at: 1456823922384
production-topology4-4-1456822200,1.0654526439273746,1.004570666262862,1960,3700,1456823922885
production-topology2-2-1456822185,0.9474980814757771,1.0052110143120279,1720,1120,1456823922885
production-topology1-1-1456822179,1.0643705017747342,1.001708232372518,2340,1620,1456823922886
production-topology3-3-1456822192,1.040004921865387,0.9999447635846586,2520,4620,1456823922886
Running observer at: 1456823933548
production-topology4-4-1456822200,0.9491281658973412,1.0016564685833835,2240,3900,1456823934124
production-topology2-2-1456822185,1.0660932267205676,1.011757151140744,2200,1460,1456823934124
production-topology1-1-1456822179,1.1184774797537491,1.0101109505446713,2380,1460,1456823934124
production-topology3-3-1456822192,0.9648291247459069,1.0000862791962828,2060,3740,1456823934124
Running observer at: 1456823944695
production-topology4-4-1456822200,1.0295319723135796,1.0015553485608757,2480,4360,1456823945222
production-topology2-2-1456822185,0.9073397708510531,1.0073294569401936,1980,1240,1456823945222
production-topology1-1-1456822179,0.876283041499344,1.0040279454304113,2600,1600,1456823945222
production-topology3-3-1456822192,0.9486200397480181,1.0026095144573206,2700,4780,1456823945222
Running observer at: 1456823955683
production-topology4-4-1456822200,0.9902943155973766,1.0007745237939893,2060,3660,1456823956175
production-topology2-2-1456822185,1.0884680481814795,1.0055600782118763,1760,1200,1456823956176
production-topology1-1-1456822179,1.0832117011907954,1.0082428449910275,2380,1520,1456823956176
production-topology3-3-1456822192,1.0853302653351509,1.0028080257960235,2500,4500,1456823956176
Running observer at: 1456823966885
production-topology4-4-1456822200,0.9837319479610214,1.0019972264025017,2160,3960,1456823967461
production-topology2-2-1456822185,1.0864797381651312,1.0070435533504896,2160,1380,1456823967461
production-topology1-1-1456822179,0.9390813996863792,1.0025237501055126,2440,1580,1456823967461
production-topology3-3-1456822192,1.0504779319990456,1.004037456387899,2120,3920,1456823967461
Running observer at: 1456823978060
production-topology4-4-1456822200,0.8965751724725555,0.9997429354225018,2440,4300,1456823978607
production-topology2-2-1456822185,0.8287404607827145,1.0033461742735488,2040,1360,1456823978607
production-topology1-1-1456822179,1.0150233046867663,1.0061850207555654,2600,1580,1456823978607
production-topology3-3-1456822192,0.9817517045088995,1.0030407435739734,2700,4720,1456823978607
Running observer at: 1456823989106
production-topology4-4-1456822200,1.0805086967819366,1.000532945446473,2020,3720,1456823989608
production-topology2-2-1456822185,1.0159265397625328,1.005104153454568,1780,1160,1456823989609
production-topology1-1-1456822179,0.9480394067262855,1.0029673451014236,2240,1460,1456823989609
production-topology3-3-1456822192,0.9237645101059736,1.0003027121640378,2600,4480,1456823989609
Running observer at: 1456824000251
production-topology4-4-1456822200,1.0881936406698434,1.005282769670024,2080,4040,1456824000852
production-topology2-2-1456822185,1.1481639687398246,1.0119471571143568,2140,1420,1456824000852
production-topology1-1-1456822179,0.9509455129933873,1.0019463662220005,2340,1560,1456824000853
production-topology3-3-1456822192,1.0092451114532892,1.000489903675875,2000,3800,1456824000853
Running observer at: 1456824011368
production-topology4-4-1456822200,0.8935483329228832,0.9995697344996956,2460,4180,1456824011752
production-topology2-2-1456822185,0.8995515766165662,1.0061352831697226,2120,1220,1456824011752
production-topology1-1-1456822179,1.0353379435953198,1.0038820881663388,2440,1540,1456824011752
production-topology3-3-1456822192,1.0819096954146672,1.001566555841598,2640,4820,1456824011753
Running observer at: 1456824022095
production-topology4-4-1456822200,1.094926009021655,1.0039079329038267,1900,3420,1456824022481
production-topology2-2-1456822185,1.3437908792340454,1.017811242982458,1240,880,1456824022481
production-topology1-1-1456822179,30.0,1.968894133159842,60,80,1456824022482
production-topology3-3-1456822192,0.9653755260850567,1.0010495254861338,2400,4300,1456824022482
