production-topology1-1-1456623636,0.0,0.0,1456623636742
production-topology1-1-1456623636,0.0,0.0,1456623637078
production-topology1-1-1456623636,0.0,0.0,1456623643170
production-topology2-2-1456623642,0.0,0.0,1456623643171
production-topology1-1-1456623636,0.0,0.0,1456623647519
production-topology2-2-1456623642,0.0,0.0,1456623647519
production-topology1-1-1456623636,0.0,0.0,1456623649680
production-topology3-3-1456623649,0.0,0.0,1456623649681
production-topology2-2-1456623642,0.0,0.0,1456623649681
production-topology4-4-1456623655,0.0,0.0,1456623656181
production-topology1-1-1456623636,0.0,0.0,1456623656181
production-topology3-3-1456623649,0.0,0.0,1456623656181
production-topology2-2-1456623642,0.0,0.0,1456623656182
production-topology4-4-1456623655,0.0,0.0,1456623658201
production-topology1-1-1456623636,0.0,0.0,1456623658201
production-topology3-3-1456623649,0.0,0.0,1456623658201
production-topology2-2-1456623642,0.0,0.0,1456623658202
production-topology4-4-1456623655,0.0,0.0,1456623668926
production-topology1-1-1456623636,0.0,0.0,1456623668926
production-topology3-3-1456623649,0.0,0.0,1456623668927
production-topology2-2-1456623642,0.0,0.0,1456623668927
production-topology4-4-1456623655,0.0,0.0,1456623679612
production-topology1-1-1456623636,0.0,0.0,1456623679612
production-topology3-3-1456623649,0.0,0.0,1456623679612
production-topology2-2-1456623642,0.0,0.0,1456623679613
production-topology4-4-1456623655,0.0,0.0,1456623690247
production-topology1-1-1456623636,0.0,0.0,1456623690248
production-topology3-3-1456623649,0.0,0.0,1456623690248
production-topology2-2-1456623642,0.0,0.0,1456623690248
production-topology4-4-1456623655,0.0,0.0,1456623700892
production-topology1-1-1456623636,0.0,0.0,1456623700892
production-topology3-3-1456623649,0.0,0.0,1456623700893
production-topology2-2-1456623642,0.0,0.0,1456623700893
production-topology4-4-1456623655,0.0,0.0,1456623711483
production-topology1-1-1456623636,0.0,0.0,1456623711484
production-topology3-3-1456623649,0.0,0.0,1456623711484
production-topology2-2-1456623642,0.0,0.0,1456623711484
production-topology4-4-1456623655,0.0,0.0,1456623722048
production-topology1-1-1456623636,0.0,0.0,1456623722049
production-topology3-3-1456623649,0.0,0.0,1456623722049
production-topology2-2-1456623642,0.0,0.0,1456623722049
production-topology4-4-1456623655,0.0,0.0,1456623732545
production-topology1-1-1456623636,0.0,0.0,1456623732545
production-topology3-3-1456623649,0.0,0.0,1456623732545
production-topology2-2-1456623642,0.0,0.0,1456623732545
production-topology4-4-1456623655,0.0,0.0,1456623743061
production-topology1-1-1456623636,0.0,0.0,1456623743061
production-topology3-3-1456623649,0.0,0.0,1456623743062
production-topology2-2-1456623642,0.0,0.0,1456623743062
production-topology4-4-1456623655,0.0,0.0,1456623753577
production-topology1-1-1456623636,0.0,0.0,1456623753577
production-topology3-3-1456623649,0.0,0.0,1456623753577
production-topology2-2-1456623642,0.0,0.0,1456623753578
production-topology4-4-1456623655,0.0,0.0,1456623764095
production-topology1-1-1456623636,0.0,0.0,1456623764096
production-topology3-3-1456623649,0.0,0.0,1456623764096
production-topology2-2-1456623642,0.0,0.0,1456623764096
production-topology4-4-1456623655,0.0,0.0,1456623774611
production-topology1-1-1456623636,0.0,0.0,1456623774611
production-topology3-3-1456623649,0.0,0.0,1456623774611
production-topology2-2-1456623642,0.0,0.0,1456623774612
production-topology4-4-1456623655,0.0,0.0,1456623785113
production-topology1-1-1456623636,0.0,0.0,1456623785114
production-topology3-3-1456623649,0.0,0.0,1456623785114
production-topology2-2-1456623642,0.0,0.0,1456623785114
production-topology4-4-1456623655,0.0,0.0,1456623795621
production-topology1-1-1456623636,0.0,0.0,1456623795621
production-topology3-3-1456623649,0.0,0.0,1456623795621
production-topology2-2-1456623642,0.0,0.0,1456623795622
production-topology4-4-1456623655,0.0,0.0,1456623806137
production-topology1-1-1456623636,0.0,0.0,1456623806137
production-topology3-3-1456623649,0.0,0.0,1456623806138
production-topology2-2-1456623642,0.0,0.0,1456623806138
production-topology4-4-1456623655,0.0,0.0,1456623816642
production-topology1-1-1456623636,0.0,0.0,1456623816642
production-topology3-3-1456623649,0.0,0.0,1456623816643
production-topology2-2-1456623642,0.0,0.0,1456623816643
production-topology4-4-1456623655,0.0,0.0,1456623827132
production-topology1-1-1456623636,0.0,0.0,1456623827133
production-topology3-3-1456623649,0.0,0.0,1456623827133
production-topology2-2-1456623642,0.0,0.0,1456623827133
production-topology4-4-1456623655,0.0,0.0,1456623837616
production-topology1-1-1456623636,0.0,0.0,1456623837616
production-topology3-3-1456623649,0.0,0.0,1456623837616
production-topology2-2-1456623642,0.0,0.0,1456623837617
production-topology4-4-1456623655,0.0,0.0,1456623848001
production-topology1-1-1456623636,0.0,0.0,1456623848001
production-topology3-3-1456623649,0.0,0.0,1456623848001
production-topology2-2-1456623642,0.0,0.0,1456623848002
production-topology4-4-1456623655,0.0,0.0,1456623858395
production-topology1-1-1456623636,0.0,0.0,1456623858395
production-topology3-3-1456623649,0.0,0.0,1456623858395
production-topology2-2-1456623642,0.0,0.0,1456623858396
production-topology4-4-1456623655,0.0,0.0,1456623868812
production-topology1-1-1456623636,0.0,0.0,1456623868812
production-topology3-3-1456623649,0.0,0.0,1456623868813
production-topology2-2-1456623642,0.0,0.0,1456623868813
production-topology4-4-1456623655,0.0,0.0,1456623879229
production-topology1-1-1456623636,0.0,0.0,1456623879229
production-topology3-3-1456623649,0.0,0.0,1456623879229
production-topology2-2-1456623642,0.0,0.0,1456623879229
production-topology4-4-1456623655,0.0,0.0,1456623889653
production-topology1-1-1456623636,0.0,0.0,1456623889653
production-topology3-3-1456623649,0.0,0.0,1456623889654
production-topology2-2-1456623642,0.0,0.0,1456623889654
production-topology4-4-1456623655,0.0,0.0,1456623900082
production-topology1-1-1456623636,0.0,0.0,1456623900082
production-topology3-3-1456623649,0.0,0.0,1456623900082
production-topology2-2-1456623642,0.0,0.0,1456623900083
production-topology4-4-1456623655,0.0,0.0,1456623910499
production-topology1-1-1456623636,0.0,0.0,1456623910500
production-topology3-3-1456623649,0.0,0.0,1456623910500
production-topology2-2-1456623642,0.0,0.0,1456623910500
production-topology4-4-1456623655,0.0,0.0,1456623920904
production-topology1-1-1456623636,0.0,0.0,1456623920905
production-topology3-3-1456623649,0.0,0.0,1456623920905
production-topology2-2-1456623642,0.0,0.0,1456623920905
production-topology4-4-1456623655,0.0,0.0,1456623931316
production-topology1-1-1456623636,0.0,0.0,1456623931317
production-topology3-3-1456623649,0.0,0.0,1456623931317
production-topology2-2-1456623642,0.0,0.0,1456623931317
production-topology4-4-1456623655,0.0,0.0,1456623941726
production-topology1-1-1456623636,0.0,0.0,1456623941726
production-topology3-3-1456623649,0.0,0.0,1456623941726
production-topology2-2-1456623642,0.0,0.0,1456623941726
production-topology4-4-1456623655,0.0,0.0,1456623952133
production-topology1-1-1456623636,0.0,0.0,1456623952133
production-topology3-3-1456623649,0.0,0.0,1456623952133
production-topology2-2-1456623642,0.0,0.0,1456623952134
production-topology4-4-1456623655,0.0,0.0,1456623962535
production-topology1-1-1456623636,0.0,0.0,1456623962536
production-topology3-3-1456623649,0.0,0.0,1456623962536
production-topology2-2-1456623642,0.0,0.0,1456623962536
production-topology4-4-1456623655,0.0,0.0,1456623972920
production-topology1-1-1456623636,0.0,0.0,1456623972920
production-topology3-3-1456623649,0.0,0.0,1456623972921
production-topology2-2-1456623642,0.0,0.0,1456623972921
production-topology4-4-1456623655,0.0,0.0,1456623983293
production-topology1-1-1456623636,0.0,0.0,1456623983293
production-topology3-3-1456623649,0.0,0.0,1456623983293
production-topology2-2-1456623642,0.0,0.0,1456623983294
production-topology4-4-1456623655,0.0,0.0,1456623993699
production-topology1-1-1456623636,0.0,0.0,1456623993699
production-topology3-3-1456623649,0.0,0.0,1456623993699
production-topology2-2-1456623642,0.0,0.0,1456623993700
production-topology4-4-1456623655,0.0,0.0,1456624004096
production-topology1-1-1456623636,0.0,0.0,1456624004097
production-topology3-3-1456623649,0.0,0.0,1456624004097
production-topology2-2-1456623642,0.0,0.0,1456624004097
production-topology4-4-1456623655,0.0,0.0,1456624014493
production-topology1-1-1456623636,0.0,0.0,1456624014493
production-topology3-3-1456623649,0.0,0.0,1456624014494
production-topology2-2-1456623642,0.0,0.0,1456624014494
production-topology4-4-1456623655,0.0,0.0,1456624024872
production-topology1-1-1456623636,0.0,0.0,1456624024872
production-topology3-3-1456623649,0.0,0.0,1456624024872
production-topology2-2-1456623642,0.0,0.0,1456624024873
production-topology4-4-1456623655,0.0,0.0,1456624035270
production-topology1-1-1456623636,0.0,0.0,1456624035271
production-topology3-3-1456623649,0.0,0.0,1456624035271
production-topology2-2-1456623642,0.0,0.0,1456624035271
production-topology4-4-1456623655,0.0,0.0,1456624045684
production-topology1-1-1456623636,0.0,0.0,1456624045684
production-topology3-3-1456623649,0.0,0.0,1456624045684
production-topology2-2-1456623642,0.0,0.0,1456624045685
production-topology4-4-1456623655,0.0,0.0,1456624056077
production-topology1-1-1456623636,0.0,0.0,1456624056077
production-topology3-3-1456623649,0.0,0.0,1456624056077
production-topology2-2-1456623642,0.0,0.0,1456624056078
production-topology4-4-1456623655,0.0,0.0,1456624066474
production-topology1-1-1456623636,0.0,0.0,1456624066474
production-topology3-3-1456623649,0.0,0.0,1456624066475
production-topology2-2-1456623642,0.0,0.0,1456624066475
production-topology4-4-1456623655,0.0,0.0,1456624076884
production-topology1-1-1456623636,0.0,0.0,1456624076884
production-topology3-3-1456623649,0.0,0.0,1456624076884
production-topology2-2-1456623642,0.0,0.0,1456624076884
production-topology4-4-1456623655,0.0,0.0,1456624087288
production-topology1-1-1456623636,0.0,0.0,1456624087288
production-topology3-3-1456623649,0.0,0.0,1456624087289
production-topology2-2-1456623642,0.0,0.0,1456624087290
production-topology4-4-1456623655,0.0,0.0,1456624097686
production-topology1-1-1456623636,0.0,0.0,1456624097686
production-topology3-3-1456623649,0.0,0.0,1456624097686
production-topology2-2-1456623642,0.0,0.0,1456624097687
production-topology4-4-1456623655,0.0,0.0,1456624108093
production-topology1-1-1456623636,0.0,0.0,1456624108093
production-topology3-3-1456623649,0.0,0.0,1456624108093
production-topology2-2-1456623642,0.0,0.0,1456624108094
production-topology4-4-1456623655,0.0,0.0,1456624118465
production-topology1-1-1456623636,0.0,0.0,1456624118465
production-topology3-3-1456623649,0.0,0.0,1456624118466
production-topology2-2-1456623642,0.0,0.0,1456624118466
production-topology4-4-1456623655,0.0,0.0,1456624128842
production-topology1-1-1456623636,0.0,0.0,1456624128842
production-topology3-3-1456623649,0.0,0.0,1456624128842
production-topology2-2-1456623642,0.0,0.0,1456624128843
production-topology4-4-1456623655,0.0,0.0,1456624139141
production-topology1-1-1456623636,0.0,0.0,1456624139141
production-topology3-3-1456623649,0.0,0.0,1456624139141
production-topology2-2-1456623642,0.0,0.0,1456624139141
production-topology4-4-1456623655,0.0,0.0,1456624149413
production-topology1-1-1456623636,0.0,0.0,1456624149413
production-topology3-3-1456623649,0.0,0.0,1456624149414
production-topology2-2-1456623642,0.0,0.0,1456624149414
