Running observer at: 1457752763774
production-topology1-1-1457752763,0.0,0.0,0,0,1457752764078
Running observer at: 1457752764637
production-topology1-1-1457752763,0.0,0.0,0,0,1457752764948
Running observer at: 1457752771028
production-topology1-1-1457752763,0.0,0.0,0,0,1457752771383
production-topology2-2-1457752770,0.0,0.0,0,0,1457752771383
Running observer at: 1457752775317
production-topology1-1-1457752763,0.0,0.0,0,0,1457752775664
production-topology2-2-1457752770,0.0,0.0,0,0,1457752775664
Running observer at: 1457752777805
production-topology3-3-1457752777,0.0,0.0,0,0,1457752778183
production-topology1-1-1457752763,0.0,0.0,0,0,1457752778183
production-topology2-2-1457752770,0.0,0.0,0,0,1457752778184
Running observer at: 1457752784841
production-topology3-3-1457752777,0.0,0.0,0,0,1457752785330
production-topology1-1-1457752763,0.0,0.0,0,0,1457752785330
production-topology4-4-1457752784,0.0,0.0,0,0,1457752785330
production-topology2-2-1457752770,0.0,0.0,0,0,1457752785330
Running observer at: 1457752786043
production-topology3-3-1457752777,0.0,0.0,0,0,1457752786557
production-topology1-1-1457752763,0.0,0.0,0,0,1457752786557
production-topology4-4-1457752784,0.0,0.0,0,0,1457752786558
production-topology2-2-1457752770,0.0,0.0,0,0,1457752786558
Running observer at: 1457752797078
production-topology3-3-1457752777,0.0,0.0,0,0,1457752797577
production-topology1-1-1457752763,0.0,0.0,0,0,1457752797577
production-topology4-4-1457752784,0.0,0.0,0,0,1457752797578
production-topology2-2-1457752770,0.0,0.0,0,0,1457752797578
Running observer at: 1457752808051
production-topology3-3-1457752777,0.0,0.0,0,0,1457752808575
production-topology1-1-1457752763,0.7993589743589745,0.08881766381766383,1080,420,1457752808575
production-topology4-4-1457752784,0.0,0.0,0,0,1457752808575
production-topology2-2-1457752770,0.0,0.0,0,0,1457752808576
Running observer at: 1457752819007
production-topology3-3-1457752777,0.0,0.0,0,0,1457752819391
production-topology1-1-1457752763,0.8447493940104777,0.1644108368369452,1740,1020,1457752819391
production-topology4-4-1457752784,0.0,0.0,0,0,1457752819392
production-topology2-2-1457752770,0.0,0.0,0,0,1457752819392
Running observer at: 1457752829803
production-topology3-3-1457752777,0.0,0.0,0,0,1457752830180
production-topology1-1-1457752763,2.4704690904139435,0.374052496253036,340,580,1457752830180
production-topology4-4-1457752784,0.0,0.0,0,0,1457752830181
production-topology2-2-1457752770,0.0,0.0,0,0,1457752830181
