2016-02-10 10:00:45.815 b.s.u.Utils [INFO] Using defaults.yaml from resources
2016-02-10 10:00:45.895 b.s.u.Utils [INFO] Using storm.yaml from resources
2016-02-10 10:00:47.200 b.s.u.Utils [INFO] Using defaults.yaml from resources
2016-02-10 10:00:47.221 b.s.u.Utils [INFO] Using storm.yaml from resources
2016-02-10 10:00:47.392 o.a.s.s.o.e.j.s.Server [INFO] jetty-7.x.y-SNAPSHOT
2016-02-10 10:00:47.427 o.a.s.s.o.e.j.s.h.ContextHandler [INFO] started o.a.s.s.o.e.j.s.ServletContextHandler{/,null}
2016-02-10 10:00:47.445 o.a.s.s.o.e.j.s.AbstractConnector [INFO] Started SelectChannelConnector@0.0.0.0:8080
2016-02-10 10:17:01.952 b.s.u.Utils [INFO] Using defaults.yaml from resources
2016-02-10 10:17:02.030 b.s.u.Utils [INFO] Using storm.yaml from resources
2016-02-10 10:17:03.173 b.s.u.Utils [INFO] Using defaults.yaml from resources
2016-02-10 10:17:03.195 b.s.u.Utils [INFO] Using storm.yaml from resources
2016-02-10 10:17:03.363 o.a.s.s.o.e.j.s.Server [INFO] jetty-7.x.y-SNAPSHOT
2016-02-10 10:17:03.391 o.a.s.s.o.e.j.s.h.ContextHandler [INFO] started o.a.s.s.o.e.j.s.ServletContextHandler{/,null}
2016-02-10 10:17:03.409 o.a.s.s.o.e.j.s.AbstractConnector [INFO] Started SelectChannelConnector@0.0.0.0:8080
2016-02-10 10:23:30.542 b.s.thrift [INFO] Connecting to Nimbus at ZookeeperNimbus:6627 as user: 
2016-02-10 10:23:30.542 b.s.thrift [INFO] Connecting to Nimbus at ZookeeperNimbus:6627 as user: 
2016-02-10 10:23:30.542 b.s.u.Utils [INFO] Using defaults.yaml from resources
2016-02-10 10:23:30.542 b.s.thrift [INFO] Connecting to Nimbus at ZookeeperNimbus:6627 as user: 
2016-02-10 10:23:30.542 b.s.thrift [INFO] Connecting to Nimbus at ZookeeperNimbus:6627 as user: 
2016-02-10 10:23:30.543 b.s.u.Utils [INFO] Using defaults.yaml from resources
2016-02-10 10:23:30.543 b.s.u.Utils [INFO] Using defaults.yaml from resources
2016-02-10 10:23:30.543 b.s.u.Utils [INFO] Using defaults.yaml from resources
2016-02-10 10:23:30.572 b.s.u.Utils [INFO] Using storm.yaml from resources
2016-02-10 10:23:30.572 b.s.u.Utils [INFO] Using storm.yaml from resources
2016-02-10 10:23:30.586 b.s.u.Utils [INFO] Using storm.yaml from resources
2016-02-10 10:23:30.586 b.s.u.Utils [INFO] Using storm.yaml from resources
2016-02-10 10:23:30.593 b.s.u.StormBoundedExponentialBackoffRetry [INFO] The baseSleepTimeMs [2000] the maxSleepTimeMs [60000] the maxRetries [5]
2016-02-10 10:23:30.593 b.s.u.StormBoundedExponentialBackoffRetry [INFO] The baseSleepTimeMs [2000] the maxSleepTimeMs [60000] the maxRetries [5]
2016-02-10 10:23:30.605 b.s.u.StormBoundedExponentialBackoffRetry [INFO] The baseSleepTimeMs [2000] the maxSleepTimeMs [60000] the maxRetries [5]
2016-02-10 10:23:30.605 b.s.u.StormBoundedExponentialBackoffRetry [INFO] The baseSleepTimeMs [2000] the maxSleepTimeMs [60000] the maxRetries [5]
2016-02-10 10:28:21.067 b.s.thrift [INFO] Connecting to Nimbus at ZookeeperNimbus:6627 as user: 
2016-02-10 10:28:21.067 b.s.thrift [INFO] Connecting to Nimbus at ZookeeperNimbus:6627 as user: 
2016-02-10 10:28:21.068 b.s.thrift [INFO] Connecting to Nimbus at ZookeeperNimbus:6627 as user: 
2016-02-10 10:28:21.068 b.s.u.Utils [INFO] Using defaults.yaml from resources
2016-02-10 10:28:21.068 b.s.u.Utils [INFO] Using defaults.yaml from resources
2016-02-10 10:28:21.068 b.s.u.Utils [INFO] Using defaults.yaml from resources
2016-02-10 10:28:21.087 b.s.u.Utils [INFO] Using storm.yaml from resources
2016-02-10 10:28:21.087 b.s.u.Utils [INFO] Using storm.yaml from resources
2016-02-10 10:28:21.088 b.s.u.Utils [INFO] Using storm.yaml from resources
2016-02-10 10:28:21.098 b.s.u.StormBoundedExponentialBackoffRetry [INFO] The baseSleepTimeMs [2000] the maxSleepTimeMs [60000] the maxRetries [5]
2016-02-10 10:28:21.098 b.s.u.StormBoundedExponentialBackoffRetry [INFO] The baseSleepTimeMs [2000] the maxSleepTimeMs [60000] the maxRetries [5]
2016-02-10 10:28:21.099 b.s.u.StormBoundedExponentialBackoffRetry [INFO] The baseSleepTimeMs [2000] the maxSleepTimeMs [60000] the maxRetries [5]
2016-02-10 10:28:21.123 b.s.thrift [INFO] Connecting to Nimbus at ZookeeperNimbus:6627 as user: 
2016-02-10 10:28:21.123 b.s.u.Utils [INFO] Using defaults.yaml from resources
2016-02-10 10:28:21.140 b.s.u.Utils [INFO] Using storm.yaml from resources
2016-02-10 10:28:21.148 b.s.u.StormBoundedExponentialBackoffRetry [INFO] The baseSleepTimeMs [2000] the maxSleepTimeMs [60000] the maxRetries [5]
2016-02-10 10:29:38.283 b.s.thrift [INFO] Connecting to Nimbus at ZookeeperNimbus:6627 as user: 
2016-02-10 10:29:38.284 b.s.thrift [INFO] Connecting to Nimbus at ZookeeperNimbus:6627 as user: 
2016-02-10 10:29:38.284 b.s.thrift [INFO] Connecting to Nimbus at ZookeeperNimbus:6627 as user: 
2016-02-10 10:29:38.284 b.s.u.Utils [INFO] Using defaults.yaml from resources
2016-02-10 10:29:38.284 b.s.u.Utils [INFO] Using defaults.yaml from resources
2016-02-10 10:29:38.285 b.s.thrift [INFO] Connecting to Nimbus at ZookeeperNimbus:6627 as user: 
2016-02-10 10:29:38.285 b.s.u.Utils [INFO] Using defaults.yaml from resources
2016-02-10 10:29:38.285 b.s.u.Utils [INFO] Using defaults.yaml from resources
2016-02-10 10:29:38.300 b.s.u.Utils [INFO] Using storm.yaml from resources
2016-02-10 10:29:38.300 b.s.u.Utils [INFO] Using storm.yaml from resources
2016-02-10 10:29:38.305 b.s.u.Utils [INFO] Using storm.yaml from resources
2016-02-10 10:29:38.305 b.s.u.Utils [INFO] Using storm.yaml from resources
2016-02-10 10:29:38.310 b.s.u.StormBoundedExponentialBackoffRetry [INFO] The baseSleepTimeMs [2000] the maxSleepTimeMs [60000] the maxRetries [5]
2016-02-10 10:29:38.310 b.s.u.StormBoundedExponentialBackoffRetry [INFO] The baseSleepTimeMs [2000] the maxSleepTimeMs [60000] the maxRetries [5]
2016-02-10 10:29:38.318 b.s.u.StormBoundedExponentialBackoffRetry [INFO] The baseSleepTimeMs [2000] the maxSleepTimeMs [60000] the maxRetries [5]
2016-02-10 10:29:38.318 b.s.u.StormBoundedExponentialBackoffRetry [INFO] The baseSleepTimeMs [2000] the maxSleepTimeMs [60000] the maxRetries [5]
2016-02-10 10:30:30.490 b.s.thrift [INFO] Connecting to Nimbus at ZookeeperNimbus:6627 as user: 
2016-02-10 10:30:30.490 b.s.thrift [INFO] Connecting to Nimbus at ZookeeperNimbus:6627 as user: 
2016-02-10 10:30:30.490 b.s.u.Utils [INFO] Using defaults.yaml from resources
2016-02-10 10:30:30.490 b.s.u.Utils [INFO] Using defaults.yaml from resources
2016-02-10 10:30:30.490 b.s.thrift [INFO] Connecting to Nimbus at ZookeeperNimbus:6627 as user: 
2016-02-10 10:30:30.491 b.s.u.Utils [INFO] Using defaults.yaml from resources
2016-02-10 10:30:30.491 b.s.thrift [INFO] Connecting to Nimbus at ZookeeperNimbus:6627 as user: 
2016-02-10 10:30:30.492 b.s.u.Utils [INFO] Using defaults.yaml from resources
2016-02-10 10:30:30.501 b.s.u.Utils [INFO] Using storm.yaml from resources
2016-02-10 10:30:30.506 b.s.u.Utils [INFO] Using storm.yaml from resources
2016-02-10 10:30:30.506 b.s.u.Utils [INFO] Using storm.yaml from resources
2016-02-10 10:30:30.507 b.s.u.Utils [INFO] Using storm.yaml from resources
2016-02-10 10:30:30.510 b.s.u.StormBoundedExponentialBackoffRetry [INFO] The baseSleepTimeMs [2000] the maxSleepTimeMs [60000] the maxRetries [5]
2016-02-10 10:30:30.519 b.s.u.StormBoundedExponentialBackoffRetry [INFO] The baseSleepTimeMs [2000] the maxSleepTimeMs [60000] the maxRetries [5]
2016-02-10 10:30:30.520 b.s.u.StormBoundedExponentialBackoffRetry [INFO] The baseSleepTimeMs [2000] the maxSleepTimeMs [60000] the maxRetries [5]
2016-02-10 10:30:30.520 b.s.u.StormBoundedExponentialBackoffRetry [INFO] The baseSleepTimeMs [2000] the maxSleepTimeMs [60000] the maxRetries [5]
2016-02-10 10:50:40.909 b.s.u.Utils [INFO] Using defaults.yaml from resources
2016-02-10 10:50:40.986 b.s.u.Utils [INFO] Using storm.yaml from resources
2016-02-10 10:50:42.119 b.s.u.Utils [INFO] Using defaults.yaml from resources
2016-02-10 10:50:42.140 b.s.u.Utils [INFO] Using storm.yaml from resources
2016-02-10 10:50:42.307 o.a.s.s.o.e.j.s.Server [INFO] jetty-7.x.y-SNAPSHOT
2016-02-10 10:50:42.333 o.a.s.s.o.e.j.s.h.ContextHandler [INFO] started o.a.s.s.o.e.j.s.ServletContextHandler{/,null}
2016-02-10 10:50:42.351 o.a.s.s.o.e.j.s.AbstractConnector [INFO] Started SelectChannelConnector@0.0.0.0:8080
2016-02-10 10:51:37.412 b.s.thrift [INFO] Connecting to Nimbus at ZookeeperNimbus:6627 as user: 
2016-02-10 10:51:37.412 b.s.thrift [INFO] Connecting to Nimbus at ZookeeperNimbus:6627 as user: 
2016-02-10 10:51:37.413 b.s.thrift [INFO] Connecting to Nimbus at ZookeeperNimbus:6627 as user: 
2016-02-10 10:51:37.413 b.s.thrift [INFO] Connecting to Nimbus at ZookeeperNimbus:6627 as user: 
2016-02-10 10:51:37.413 b.s.u.Utils [INFO] Using defaults.yaml from resources
2016-02-10 10:51:37.413 b.s.u.Utils [INFO] Using defaults.yaml from resources
2016-02-10 10:51:37.413 b.s.u.Utils [INFO] Using defaults.yaml from resources
2016-02-10 10:51:37.413 b.s.u.Utils [INFO] Using defaults.yaml from resources
2016-02-10 10:51:37.441 b.s.u.Utils [INFO] Using storm.yaml from resources
2016-02-10 10:51:37.450 b.s.u.Utils [INFO] Using storm.yaml from resources
2016-02-10 10:51:37.450 b.s.u.Utils [INFO] Using storm.yaml from resources
2016-02-10 10:51:37.451 b.s.u.Utils [INFO] Using storm.yaml from resources
2016-02-10 10:51:37.460 b.s.u.StormBoundedExponentialBackoffRetry [INFO] The baseSleepTimeMs [2000] the maxSleepTimeMs [60000] the maxRetries [5]
2016-02-10 10:51:37.468 b.s.u.StormBoundedExponentialBackoffRetry [INFO] The baseSleepTimeMs [2000] the maxSleepTimeMs [60000] the maxRetries [5]
2016-02-10 10:51:37.468 b.s.u.StormBoundedExponentialBackoffRetry [INFO] The baseSleepTimeMs [2000] the maxSleepTimeMs [60000] the maxRetries [5]
2016-02-10 10:51:37.470 b.s.u.StormBoundedExponentialBackoffRetry [INFO] The baseSleepTimeMs [2000] the maxSleepTimeMs [60000] the maxRetries [5]
2016-02-10 11:11:29.640 b.s.u.Utils [INFO] Using defaults.yaml from resources
2016-02-10 11:11:29.719 b.s.u.Utils [INFO] Using storm.yaml from resources
2016-02-10 11:11:30.844 b.s.u.Utils [INFO] Using defaults.yaml from resources
2016-02-10 11:11:30.865 b.s.u.Utils [INFO] Using storm.yaml from resources
2016-02-10 11:11:31.028 o.a.s.s.o.e.j.s.Server [INFO] jetty-7.x.y-SNAPSHOT
2016-02-10 11:11:31.054 o.a.s.s.o.e.j.s.h.ContextHandler [INFO] started o.a.s.s.o.e.j.s.ServletContextHandler{/,null}
2016-02-10 11:11:31.072 o.a.s.s.o.e.j.s.AbstractConnector [INFO] Started SelectChannelConnector@0.0.0.0:8080
2016-02-10 11:13:02.537 b.s.thrift [INFO] Connecting to Nimbus at ZookeeperNimbus:6627 as user: 
2016-02-10 11:13:02.537 b.s.thrift [INFO] Connecting to Nimbus at ZookeeperNimbus:6627 as user: 
2016-02-10 11:13:02.537 b.s.thrift [INFO] Connecting to Nimbus at ZookeeperNimbus:6627 as user: 
2016-02-10 11:13:02.537 b.s.thrift [INFO] Connecting to Nimbus at ZookeeperNimbus:6627 as user: 
2016-02-10 11:13:02.538 b.s.u.Utils [INFO] Using defaults.yaml from resources
2016-02-10 11:13:02.538 b.s.u.Utils [INFO] Using defaults.yaml from resources
2016-02-10 11:13:02.538 b.s.u.Utils [INFO] Using defaults.yaml from resources
2016-02-10 11:13:02.538 b.s.u.Utils [INFO] Using defaults.yaml from resources
2016-02-10 11:13:02.568 b.s.u.Utils [INFO] Using storm.yaml from resources
2016-02-10 11:13:02.581 b.s.u.Utils [INFO] Using storm.yaml from resources
2016-02-10 11:13:02.581 b.s.u.Utils [INFO] Using storm.yaml from resources
2016-02-10 11:13:02.584 b.s.u.Utils [INFO] Using storm.yaml from resources
2016-02-10 11:13:02.587 b.s.u.StormBoundedExponentialBackoffRetry [INFO] The baseSleepTimeMs [2000] the maxSleepTimeMs [60000] the maxRetries [5]
2016-02-10 11:13:02.599 b.s.u.StormBoundedExponentialBackoffRetry [INFO] The baseSleepTimeMs [2000] the maxSleepTimeMs [60000] the maxRetries [5]
2016-02-10 11:13:02.599 b.s.u.StormBoundedExponentialBackoffRetry [INFO] The baseSleepTimeMs [2000] the maxSleepTimeMs [60000] the maxRetries [5]
2016-02-10 11:13:02.602 b.s.u.StormBoundedExponentialBackoffRetry [INFO] The baseSleepTimeMs [2000] the maxSleepTimeMs [60000] the maxRetries [5]
2016-02-10 11:15:47.963 b.s.thrift [INFO] Connecting to Nimbus at ZookeeperNimbus:6627 as user: 
2016-02-10 11:15:47.963 b.s.thrift [INFO] Connecting to Nimbus at ZookeeperNimbus:6627 as user: 
2016-02-10 11:15:47.963 b.s.u.Utils [INFO] Using defaults.yaml from resources
2016-02-10 11:15:47.963 b.s.u.Utils [INFO] Using defaults.yaml from resources
2016-02-10 11:15:47.963 b.s.thrift [INFO] Connecting to Nimbus at ZookeeperNimbus:6627 as user: 
2016-02-10 11:15:47.963 b.s.thrift [INFO] Connecting to Nimbus at ZookeeperNimbus:6627 as user: 
2016-02-10 11:15:47.964 b.s.u.Utils [INFO] Using defaults.yaml from resources
2016-02-10 11:15:47.964 b.s.u.Utils [INFO] Using defaults.yaml from resources
2016-02-10 11:15:47.982 b.s.u.Utils [INFO] Using storm.yaml from resources
2016-02-10 11:15:47.985 b.s.u.Utils [INFO] Using storm.yaml from resources
2016-02-10 11:15:47.986 b.s.u.Utils [INFO] Using storm.yaml from resources
2016-02-10 11:15:47.986 b.s.u.Utils [INFO] Using storm.yaml from resources
2016-02-10 11:15:47.993 b.s.u.StormBoundedExponentialBackoffRetry [INFO] The baseSleepTimeMs [2000] the maxSleepTimeMs [60000] the maxRetries [5]
2016-02-10 11:15:47.997 b.s.u.StormBoundedExponentialBackoffRetry [INFO] The baseSleepTimeMs [2000] the maxSleepTimeMs [60000] the maxRetries [5]
2016-02-10 11:15:48.000 b.s.u.StormBoundedExponentialBackoffRetry [INFO] The baseSleepTimeMs [2000] the maxSleepTimeMs [60000] the maxRetries [5]
2016-02-10 11:15:48.000 b.s.u.StormBoundedExponentialBackoffRetry [INFO] The baseSleepTimeMs [2000] the maxSleepTimeMs [60000] the maxRetries [5]
2016-02-10 11:20:02.816 b.s.thrift [INFO] Connecting to Nimbus at ZookeeperNimbus:6627 as user: 
2016-02-10 11:20:02.816 b.s.thrift [INFO] Connecting to Nimbus at ZookeeperNimbus:6627 as user: 
2016-02-10 11:20:02.817 b.s.u.Utils [INFO] Using defaults.yaml from resources
2016-02-10 11:20:02.817 b.s.u.Utils [INFO] Using defaults.yaml from resources
2016-02-10 11:20:02.818 b.s.thrift [INFO] Connecting to Nimbus at ZookeeperNimbus:6627 as user: 
2016-02-10 11:20:02.818 b.s.u.Utils [INFO] Using defaults.yaml from resources
2016-02-10 11:20:02.831 b.s.u.Utils [INFO] Using storm.yaml from resources
2016-02-10 11:20:02.836 b.s.u.Utils [INFO] Using storm.yaml from resources
2016-02-10 11:20:02.837 b.s.u.Utils [INFO] Using storm.yaml from resources
2016-02-10 11:20:02.840 b.s.u.StormBoundedExponentialBackoffRetry [INFO] The baseSleepTimeMs [2000] the maxSleepTimeMs [60000] the maxRetries [5]
2016-02-10 11:20:02.850 b.s.u.StormBoundedExponentialBackoffRetry [INFO] The baseSleepTimeMs [2000] the maxSleepTimeMs [60000] the maxRetries [5]
2016-02-10 11:20:02.851 b.s.u.StormBoundedExponentialBackoffRetry [INFO] The baseSleepTimeMs [2000] the maxSleepTimeMs [60000] the maxRetries [5]
2016-02-10 11:20:02.870 b.s.thrift [INFO] Connecting to Nimbus at ZookeeperNimbus:6627 as user: 
2016-02-10 11:20:02.870 b.s.u.Utils [INFO] Using defaults.yaml from resources
2016-02-10 11:20:02.884 b.s.u.Utils [INFO] Using storm.yaml from resources
2016-02-10 11:20:02.893 b.s.u.StormBoundedExponentialBackoffRetry [INFO] The baseSleepTimeMs [2000] the maxSleepTimeMs [60000] the maxRetries [5]
2016-02-10 11:21:16.418 b.s.thrift [INFO] Connecting to Nimbus at ZookeeperNimbus:6627 as user: 
2016-02-10 11:21:16.419 b.s.thrift [INFO] Connecting to Nimbus at ZookeeperNimbus:6627 as user: 
2016-02-10 11:21:16.419 b.s.u.Utils [INFO] Using defaults.yaml from resources
2016-02-10 11:21:16.419 b.s.u.Utils [INFO] Using defaults.yaml from resources
2016-02-10 11:21:16.420 b.s.thrift [INFO] Connecting to Nimbus at ZookeeperNimbus:6627 as user: 
2016-02-10 11:21:16.420 b.s.u.Utils [INFO] Using defaults.yaml from resources
2016-02-10 11:21:16.420 b.s.thrift [INFO] Connecting to Nimbus at ZookeeperNimbus:6627 as user: 
2016-02-10 11:21:16.421 b.s.u.Utils [INFO] Using defaults.yaml from resources
2016-02-10 11:21:16.433 b.s.u.Utils [INFO] Using storm.yaml from resources
2016-02-10 11:21:16.433 b.s.u.Utils [INFO] Using storm.yaml from resources
2016-02-10 11:21:16.438 b.s.u.Utils [INFO] Using storm.yaml from resources
2016-02-10 11:21:16.438 b.s.u.Utils [INFO] Using storm.yaml from resources
2016-02-10 11:21:16.443 b.s.u.StormBoundedExponentialBackoffRetry [INFO] The baseSleepTimeMs [2000] the maxSleepTimeMs [60000] the maxRetries [5]
2016-02-10 11:21:16.443 b.s.u.StormBoundedExponentialBackoffRetry [INFO] The baseSleepTimeMs [2000] the maxSleepTimeMs [60000] the maxRetries [5]
2016-02-10 11:21:16.451 b.s.u.StormBoundedExponentialBackoffRetry [INFO] The baseSleepTimeMs [2000] the maxSleepTimeMs [60000] the maxRetries [5]
2016-02-10 11:21:16.452 b.s.u.StormBoundedExponentialBackoffRetry [INFO] The baseSleepTimeMs [2000] the maxSleepTimeMs [60000] the maxRetries [5]
2016-02-10 11:22:33.700 b.s.thrift [INFO] Connecting to Nimbus at ZookeeperNimbus:6627 as user: 
2016-02-10 11:22:33.701 b.s.thrift [INFO] Connecting to Nimbus at ZookeeperNimbus:6627 as user: 
2016-02-10 11:22:33.701 b.s.u.Utils [INFO] Using defaults.yaml from resources
2016-02-10 11:22:33.701 b.s.u.Utils [INFO] Using defaults.yaml from resources
2016-02-10 11:22:33.702 b.s.thrift [INFO] Connecting to Nimbus at ZookeeperNimbus:6627 as user: 
2016-02-10 11:22:33.702 b.s.thrift [INFO] Connecting to Nimbus at ZookeeperNimbus:6627 as user: 
2016-02-10 11:22:33.702 b.s.u.Utils [INFO] Using defaults.yaml from resources
2016-02-10 11:22:33.702 b.s.u.Utils [INFO] Using defaults.yaml from resources
2016-02-10 11:22:33.714 b.s.u.Utils [INFO] Using storm.yaml from resources
2016-02-10 11:22:33.714 b.s.u.Utils [INFO] Using storm.yaml from resources
2016-02-10 11:22:33.719 b.s.u.Utils [INFO] Using storm.yaml from resources
2016-02-10 11:22:33.719 b.s.u.Utils [INFO] Using storm.yaml from resources
2016-02-10 11:22:33.723 b.s.u.StormBoundedExponentialBackoffRetry [INFO] The baseSleepTimeMs [2000] the maxSleepTimeMs [60000] the maxRetries [5]
2016-02-10 11:22:33.723 b.s.u.StormBoundedExponentialBackoffRetry [INFO] The baseSleepTimeMs [2000] the maxSleepTimeMs [60000] the maxRetries [5]
2016-02-10 11:22:33.730 b.s.u.StormBoundedExponentialBackoffRetry [INFO] The baseSleepTimeMs [2000] the maxSleepTimeMs [60000] the maxRetries [5]
2016-02-10 11:22:33.730 b.s.u.StormBoundedExponentialBackoffRetry [INFO] The baseSleepTimeMs [2000] the maxSleepTimeMs [60000] the maxRetries [5]
2016-03-11 19:43:45.603 b.s.u.Utils [INFO] Using defaults.yaml from resources
2016-03-11 19:43:45.710 b.s.u.Utils [INFO] Using storm.yaml from resources
2016-03-11 19:43:47.291 b.s.u.Utils [INFO] Using defaults.yaml from resources
2016-03-11 19:43:47.314 b.s.u.Utils [INFO] Using storm.yaml from resources
2016-03-11 19:43:47.507 o.a.s.s.o.e.j.s.Server [INFO] jetty-7.x.y-SNAPSHOT
2016-03-11 19:43:47.536 o.a.s.s.o.e.j.s.h.ContextHandler [INFO] started o.a.s.s.o.e.j.s.ServletContextHandler{/,null}
2016-03-11 19:43:47.555 o.a.s.s.o.e.j.s.AbstractConnector [INFO] Started SelectChannelConnector@0.0.0.0:8080
2016-03-11 19:46:56.264 b.s.u.Utils [INFO] Using defaults.yaml from resources
2016-03-11 19:46:56.380 b.s.u.Utils [INFO] Using storm.yaml from resources
2016-03-11 19:46:57.728 b.s.u.Utils [INFO] Using defaults.yaml from resources
2016-03-11 19:46:57.749 b.s.u.Utils [INFO] Using storm.yaml from resources
2016-03-11 19:46:57.937 o.a.s.s.o.e.j.s.Server [INFO] jetty-7.x.y-SNAPSHOT
2016-03-11 19:46:57.974 o.a.s.s.o.e.j.s.h.ContextHandler [INFO] started o.a.s.s.o.e.j.s.ServletContextHandler{/,null}
2016-03-11 19:46:57.998 o.a.s.s.o.e.j.s.AbstractConnector [INFO] Started SelectChannelConnector@0.0.0.0:8080
2016-03-11 19:49:24.693 b.s.u.Utils [INFO] Using defaults.yaml from resources
2016-03-11 19:49:24.773 b.s.u.Utils [INFO] Using storm.yaml from resources
2016-03-11 19:49:25.988 b.s.u.Utils [INFO] Using defaults.yaml from resources
2016-03-11 19:49:26.008 b.s.u.Utils [INFO] Using storm.yaml from resources
2016-03-11 19:49:26.169 o.a.s.s.o.e.j.s.Server [INFO] jetty-7.x.y-SNAPSHOT
2016-03-11 19:49:26.195 o.a.s.s.o.e.j.s.h.ContextHandler [INFO] started o.a.s.s.o.e.j.s.ServletContextHandler{/,null}
2016-03-11 19:49:26.213 o.a.s.s.o.e.j.s.AbstractConnector [INFO] Started SelectChannelConnector@0.0.0.0:8080
2016-03-11 19:49:42.737 b.s.thrift [INFO] Connecting to Nimbus at ZookeeperNimbus:6627 as user: 
2016-03-11 19:49:42.738 b.s.u.Utils [INFO] Using defaults.yaml from resources
2016-03-11 19:49:42.743 b.s.thrift [INFO] Connecting to Nimbus at ZookeeperNimbus:6627 as user: 
2016-03-11 19:49:42.744 b.s.u.Utils [INFO] Using defaults.yaml from resources
2016-03-11 19:49:42.745 b.s.thrift [INFO] Connecting to Nimbus at ZookeeperNimbus:6627 as user: 
2016-03-11 19:49:42.746 b.s.u.Utils [INFO] Using defaults.yaml from resources
2016-03-11 19:49:42.747 b.s.thrift [INFO] Connecting to Nimbus at ZookeeperNimbus:6627 as user: 
2016-03-11 19:49:42.747 b.s.u.Utils [INFO] Using defaults.yaml from resources
2016-03-11 19:49:42.774 b.s.u.Utils [INFO] Using storm.yaml from resources
2016-03-11 19:49:42.789 b.s.u.Utils [INFO] Using storm.yaml from resources
2016-03-11 19:49:42.794 b.s.u.Utils [INFO] Using storm.yaml from resources
2016-03-11 19:49:42.803 b.s.u.StormBoundedExponentialBackoffRetry [INFO] The baseSleepTimeMs [2000] the maxSleepTimeMs [60000] the maxRetries [5]
2016-03-11 19:49:42.806 b.s.u.StormBoundedExponentialBackoffRetry [INFO] The baseSleepTimeMs [2000] the maxSleepTimeMs [60000] the maxRetries [5]
2016-03-11 19:49:42.809 b.s.u.Utils [INFO] Using storm.yaml from resources
2016-03-11 19:49:42.816 b.s.u.StormBoundedExponentialBackoffRetry [INFO] The baseSleepTimeMs [2000] the maxSleepTimeMs [60000] the maxRetries [5]
2016-03-11 19:49:42.833 b.s.u.StormBoundedExponentialBackoffRetry [INFO] The baseSleepTimeMs [2000] the maxSleepTimeMs [60000] the maxRetries [5]
2016-03-11 19:51:14.618 b.s.thrift [INFO] Connecting to Nimbus at ZookeeperNimbus:6627 as user: 
2016-03-11 19:51:14.619 b.s.u.Utils [INFO] Using defaults.yaml from resources
2016-03-11 19:51:14.624 b.s.thrift [INFO] Connecting to Nimbus at ZookeeperNimbus:6627 as user: 
2016-03-11 19:51:14.624 b.s.thrift [INFO] Connecting to Nimbus at ZookeeperNimbus:6627 as user: 
2016-03-11 19:51:14.624 b.s.u.Utils [INFO] Using defaults.yaml from resources
2016-03-11 19:51:14.624 b.s.thrift [INFO] Connecting to Nimbus at ZookeeperNimbus:6627 as user: 
2016-03-11 19:51:14.624 b.s.u.Utils [INFO] Using defaults.yaml from resources
2016-03-11 19:51:14.625 b.s.u.Utils [INFO] Using defaults.yaml from resources
2016-03-11 19:51:14.636 b.s.u.Utils [INFO] Using storm.yaml from resources
2016-03-11 19:51:14.639 b.s.u.Utils [INFO] Using storm.yaml from resources
2016-03-11 19:51:14.644 b.s.u.Utils [INFO] Using storm.yaml from resources
2016-03-11 19:51:14.644 b.s.u.Utils [INFO] Using storm.yaml from resources
2016-03-11 19:51:14.646 b.s.u.StormBoundedExponentialBackoffRetry [INFO] The baseSleepTimeMs [2000] the maxSleepTimeMs [60000] the maxRetries [5]
2016-03-11 19:51:14.649 b.s.u.StormBoundedExponentialBackoffRetry [INFO] The baseSleepTimeMs [2000] the maxSleepTimeMs [60000] the maxRetries [5]
2016-03-11 19:51:14.659 b.s.u.StormBoundedExponentialBackoffRetry [INFO] The baseSleepTimeMs [2000] the maxSleepTimeMs [60000] the maxRetries [5]
2016-03-11 19:51:14.659 b.s.u.StormBoundedExponentialBackoffRetry [INFO] The baseSleepTimeMs [2000] the maxSleepTimeMs [60000] the maxRetries [5]
2016-03-11 19:56:03.881 b.s.thrift [INFO] Connecting to Nimbus at ZookeeperNimbus:6627 as user: 
2016-03-11 19:56:03.881 b.s.thrift [INFO] Connecting to Nimbus at ZookeeperNimbus:6627 as user: 
2016-03-11 19:56:03.882 b.s.thrift [INFO] Connecting to Nimbus at ZookeeperNimbus:6627 as user: 
2016-03-11 19:56:03.882 b.s.u.Utils [INFO] Using defaults.yaml from resources
2016-03-11 19:56:03.882 b.s.u.Utils [INFO] Using defaults.yaml from resources
2016-03-11 19:56:03.882 b.s.u.Utils [INFO] Using defaults.yaml from resources
2016-03-11 19:56:03.886 b.s.thrift [INFO] Connecting to Nimbus at ZookeeperNimbus:6627 as user: 
2016-03-11 19:56:03.887 b.s.u.Utils [INFO] Using defaults.yaml from resources
2016-03-11 19:56:03.899 b.s.u.Utils [INFO] Using storm.yaml from resources
2016-03-11 19:56:03.899 b.s.u.Utils [INFO] Using storm.yaml from resources
2016-03-11 19:56:03.901 b.s.u.Utils [INFO] Using storm.yaml from resources
2016-03-11 19:56:03.903 b.s.u.Utils [INFO] Using storm.yaml from resources
2016-03-11 19:56:03.908 b.s.u.StormBoundedExponentialBackoffRetry [INFO] The baseSleepTimeMs [2000] the maxSleepTimeMs [60000] the maxRetries [5]
2016-03-11 19:56:03.908 b.s.u.StormBoundedExponentialBackoffRetry [INFO] The baseSleepTimeMs [2000] the maxSleepTimeMs [60000] the maxRetries [5]
2016-03-11 19:56:03.913 b.s.u.StormBoundedExponentialBackoffRetry [INFO] The baseSleepTimeMs [2000] the maxSleepTimeMs [60000] the maxRetries [5]
2016-03-11 19:56:03.917 b.s.u.StormBoundedExponentialBackoffRetry [INFO] The baseSleepTimeMs [2000] the maxSleepTimeMs [60000] the maxRetries [5]
2016-03-11 19:58:12.065 b.s.thrift [INFO] Connecting to Nimbus at ZookeeperNimbus:6627 as user: 
2016-03-11 19:58:12.065 b.s.thrift [INFO] Connecting to Nimbus at ZookeeperNimbus:6627 as user: 
2016-03-11 19:58:12.066 b.s.thrift [INFO] Connecting to Nimbus at ZookeeperNimbus:6627 as user: 
2016-03-11 19:58:12.066 b.s.u.Utils [INFO] Using defaults.yaml from resources
2016-03-11 19:58:12.066 b.s.u.Utils [INFO] Using defaults.yaml from resources
2016-03-11 19:58:12.066 b.s.u.Utils [INFO] Using defaults.yaml from resources
2016-03-11 19:58:12.067 b.s.thrift [INFO] Connecting to Nimbus at ZookeeperNimbus:6627 as user: 
2016-03-11 19:58:12.067 b.s.u.Utils [INFO] Using defaults.yaml from resources
2016-03-11 19:58:12.082 b.s.u.Utils [INFO] Using storm.yaml from resources
2016-03-11 19:58:12.087 b.s.u.Utils [INFO] Using storm.yaml from resources
2016-03-11 19:58:12.087 b.s.u.Utils [INFO] Using storm.yaml from resources
2016-03-11 19:58:12.087 b.s.u.Utils [INFO] Using storm.yaml from resources
2016-03-11 19:58:12.091 b.s.u.StormBoundedExponentialBackoffRetry [INFO] The baseSleepTimeMs [2000] the maxSleepTimeMs [60000] the maxRetries [5]
2016-03-11 19:58:12.101 b.s.u.StormBoundedExponentialBackoffRetry [INFO] The baseSleepTimeMs [2000] the maxSleepTimeMs [60000] the maxRetries [5]
2016-03-11 19:58:12.102 b.s.u.StormBoundedExponentialBackoffRetry [INFO] The baseSleepTimeMs [2000] the maxSleepTimeMs [60000] the maxRetries [5]
2016-03-11 19:58:12.102 b.s.u.StormBoundedExponentialBackoffRetry [INFO] The baseSleepTimeMs [2000] the maxSleepTimeMs [60000] the maxRetries [5]
2016-03-11 19:58:47.497 b.s.thrift [INFO] Connecting to Nimbus at ZookeeperNimbus:6627 as user: 
2016-03-11 19:58:47.497 b.s.u.Utils [INFO] Using defaults.yaml from resources
2016-03-11 19:58:47.508 b.s.u.Utils [INFO] Using storm.yaml from resources
2016-03-11 19:58:47.511 b.s.thrift [INFO] Connecting to Nimbus at ZookeeperNimbus:6627 as user: 
2016-03-11 19:58:47.511 b.s.thrift [INFO] Connecting to Nimbus at ZookeeperNimbus:6627 as user: 
2016-03-11 19:58:47.511 b.s.u.Utils [INFO] Using defaults.yaml from resources
2016-03-11 19:58:47.511 b.s.u.Utils [INFO] Using defaults.yaml from resources
2016-03-11 19:58:47.511 b.s.thrift [INFO] Connecting to Nimbus at ZookeeperNimbus:6627 as user: 
2016-03-11 19:58:47.512 b.s.u.Utils [INFO] Using defaults.yaml from resources
2016-03-11 19:58:47.516 b.s.u.StormBoundedExponentialBackoffRetry [INFO] The baseSleepTimeMs [2000] the maxSleepTimeMs [60000] the maxRetries [5]
2016-03-11 19:58:47.521 b.s.u.Utils [INFO] Using storm.yaml from resources
2016-03-11 19:58:47.521 b.s.u.Utils [INFO] Using storm.yaml from resources
2016-03-11 19:58:47.524 b.s.u.Utils [INFO] Using storm.yaml from resources
2016-03-11 19:58:47.530 b.s.u.StormBoundedExponentialBackoffRetry [INFO] The baseSleepTimeMs [2000] the maxSleepTimeMs [60000] the maxRetries [5]
2016-03-11 19:58:47.531 b.s.u.StormBoundedExponentialBackoffRetry [INFO] The baseSleepTimeMs [2000] the maxSleepTimeMs [60000] the maxRetries [5]
2016-03-11 19:58:47.532 b.s.u.StormBoundedExponentialBackoffRetry [INFO] The baseSleepTimeMs [2000] the maxSleepTimeMs [60000] the maxRetries [5]
2016-03-11 19:59:44.956 b.s.thrift [INFO] Connecting to Nimbus at ZookeeperNimbus:6627 as user: 
2016-03-11 19:59:44.956 b.s.thrift [INFO] Connecting to Nimbus at ZookeeperNimbus:6627 as user: 
2016-03-11 19:59:44.957 b.s.u.Utils [INFO] Using defaults.yaml from resources
2016-03-11 19:59:44.957 b.s.u.Utils [INFO] Using defaults.yaml from resources
2016-03-11 19:59:44.961 b.s.thrift [INFO] Connecting to Nimbus at ZookeeperNimbus:6627 as user: 
2016-03-11 19:59:44.962 b.s.u.Utils [INFO] Using defaults.yaml from resources
2016-03-11 19:59:44.962 b.s.thrift [INFO] Connecting to Nimbus at ZookeeperNimbus:6627 as user: 
2016-03-11 19:59:44.962 b.s.u.Utils [INFO] Using defaults.yaml from resources
2016-03-11 19:59:44.966 b.s.u.Utils [INFO] Using storm.yaml from resources
2016-03-11 19:59:44.969 b.s.u.Utils [INFO] Using storm.yaml from resources
2016-03-11 19:59:44.970 b.s.u.Utils [INFO] Using storm.yaml from resources
2016-03-11 19:59:44.974 b.s.u.StormBoundedExponentialBackoffRetry [INFO] The baseSleepTimeMs [2000] the maxSleepTimeMs [60000] the maxRetries [5]
2016-03-11 19:59:44.974 b.s.u.Utils [INFO] Using storm.yaml from resources
2016-03-11 19:59:44.978 b.s.u.StormBoundedExponentialBackoffRetry [INFO] The baseSleepTimeMs [2000] the maxSleepTimeMs [60000] the maxRetries [5]
2016-03-11 19:59:44.983 b.s.u.StormBoundedExponentialBackoffRetry [INFO] The baseSleepTimeMs [2000] the maxSleepTimeMs [60000] the maxRetries [5]
2016-03-11 19:59:44.986 b.s.u.StormBoundedExponentialBackoffRetry [INFO] The baseSleepTimeMs [2000] the maxSleepTimeMs [60000] the maxRetries [5]
2016-03-11 20:00:55.671 b.s.thrift [INFO] Connecting to Nimbus at ZookeeperNimbus:6627 as user: 
2016-03-11 20:00:55.671 b.s.thrift [INFO] Connecting to Nimbus at ZookeeperNimbus:6627 as user: 
2016-03-11 20:00:55.672 b.s.u.Utils [INFO] Using defaults.yaml from resources
2016-03-11 20:00:55.672 b.s.u.Utils [INFO] Using defaults.yaml from resources
2016-03-11 20:00:55.676 b.s.thrift [INFO] Connecting to Nimbus at ZookeeperNimbus:6627 as user: 
2016-03-11 20:00:55.676 b.s.thrift [INFO] Connecting to Nimbus at ZookeeperNimbus:6627 as user: 
2016-03-11 20:00:55.676 b.s.u.Utils [INFO] Using defaults.yaml from resources
2016-03-11 20:00:55.676 b.s.u.Utils [INFO] Using defaults.yaml from resources
2016-03-11 20:00:55.680 b.s.u.Utils [INFO] Using storm.yaml from resources
2016-03-11 20:00:55.680 b.s.u.Utils [INFO] Using storm.yaml from resources
2016-03-11 20:00:55.686 b.s.u.Utils [INFO] Using storm.yaml from resources
2016-03-11 20:00:55.686 b.s.u.Utils [INFO] Using storm.yaml from resources
2016-03-11 20:00:55.686 b.s.u.StormBoundedExponentialBackoffRetry [INFO] The baseSleepTimeMs [2000] the maxSleepTimeMs [60000] the maxRetries [5]
2016-03-11 20:00:55.688 b.s.u.StormBoundedExponentialBackoffRetry [INFO] The baseSleepTimeMs [2000] the maxSleepTimeMs [60000] the maxRetries [5]
2016-03-11 20:00:55.695 b.s.u.StormBoundedExponentialBackoffRetry [INFO] The baseSleepTimeMs [2000] the maxSleepTimeMs [60000] the maxRetries [5]
2016-03-11 20:00:55.695 b.s.u.StormBoundedExponentialBackoffRetry [INFO] The baseSleepTimeMs [2000] the maxSleepTimeMs [60000] the maxRetries [5]
2016-03-11 20:01:13.776 b.s.thrift [INFO] Connecting to Nimbus at ZookeeperNimbus:6627 as user: 
2016-03-11 20:01:13.776 b.s.thrift [INFO] Connecting to Nimbus at ZookeeperNimbus:6627 as user: 
2016-03-11 20:01:13.776 b.s.u.Utils [INFO] Using defaults.yaml from resources
2016-03-11 20:01:13.776 b.s.u.Utils [INFO] Using defaults.yaml from resources
2016-03-11 20:01:13.782 b.s.thrift [INFO] Connecting to Nimbus at ZookeeperNimbus:6627 as user: 
2016-03-11 20:01:13.782 b.s.thrift [INFO] Connecting to Nimbus at ZookeeperNimbus:6627 as user: 
2016-03-11 20:01:13.783 b.s.u.Utils [INFO] Using defaults.yaml from resources
2016-03-11 20:01:13.783 b.s.u.Utils [INFO] Using defaults.yaml from resources
2016-03-11 20:01:13.785 b.s.u.Utils [INFO] Using storm.yaml from resources
2016-03-11 20:01:13.785 b.s.u.Utils [INFO] Using storm.yaml from resources
2016-03-11 20:01:13.791 b.s.u.StormBoundedExponentialBackoffRetry [INFO] The baseSleepTimeMs [2000] the maxSleepTimeMs [60000] the maxRetries [5]
2016-03-11 20:01:13.792 b.s.u.Utils [INFO] Using storm.yaml from resources
2016-03-11 20:01:13.792 b.s.u.Utils [INFO] Using storm.yaml from resources
2016-03-11 20:01:13.792 b.s.u.StormBoundedExponentialBackoffRetry [INFO] The baseSleepTimeMs [2000] the maxSleepTimeMs [60000] the maxRetries [5]
2016-03-11 20:01:13.802 b.s.u.StormBoundedExponentialBackoffRetry [INFO] The baseSleepTimeMs [2000] the maxSleepTimeMs [60000] the maxRetries [5]
2016-03-11 20:01:13.802 b.s.u.StormBoundedExponentialBackoffRetry [INFO] The baseSleepTimeMs [2000] the maxSleepTimeMs [60000] the maxRetries [5]
2016-03-11 20:08:55.966 b.s.thrift [INFO] Connecting to Nimbus at ZookeeperNimbus:6627 as user: 
2016-03-11 20:08:55.966 b.s.thrift [INFO] Connecting to Nimbus at ZookeeperNimbus:6627 as user: 
2016-03-11 20:08:55.966 b.s.thrift [INFO] Connecting to Nimbus at ZookeeperNimbus:6627 as user: 
2016-03-11 20:08:55.966 b.s.u.Utils [INFO] Using defaults.yaml from resources
2016-03-11 20:08:55.966 b.s.u.Utils [INFO] Using defaults.yaml from resources
2016-03-11 20:08:55.966 b.s.thrift [INFO] Connecting to Nimbus at ZookeeperNimbus:6627 as user: 
2016-03-11 20:08:55.967 b.s.u.Utils [INFO] Using defaults.yaml from resources
2016-03-11 20:08:55.967 b.s.u.Utils [INFO] Using defaults.yaml from resources
2016-03-11 20:08:55.976 b.s.u.Utils [INFO] Using storm.yaml from resources
2016-03-11 20:08:55.977 b.s.u.Utils [INFO] Using storm.yaml from resources
2016-03-11 20:08:55.978 b.s.u.Utils [INFO] Using storm.yaml from resources
2016-03-11 20:08:55.978 b.s.u.Utils [INFO] Using storm.yaml from resources
2016-03-11 20:08:55.981 b.s.u.StormBoundedExponentialBackoffRetry [INFO] The baseSleepTimeMs [2000] the maxSleepTimeMs [60000] the maxRetries [5]
2016-03-11 20:08:55.986 b.s.u.StormBoundedExponentialBackoffRetry [INFO] The baseSleepTimeMs [2000] the maxSleepTimeMs [60000] the maxRetries [5]
2016-03-11 20:08:55.986 b.s.u.StormBoundedExponentialBackoffRetry [INFO] The baseSleepTimeMs [2000] the maxSleepTimeMs [60000] the maxRetries [5]
2016-03-11 20:08:55.987 b.s.u.StormBoundedExponentialBackoffRetry [INFO] The baseSleepTimeMs [2000] the maxSleepTimeMs [60000] the maxRetries [5]
2016-03-11 20:13:32.486 b.s.u.Utils [INFO] Using defaults.yaml from resources
2016-03-11 20:13:32.564 b.s.u.Utils [INFO] Using storm.yaml from resources
2016-03-11 20:13:33.717 b.s.u.Utils [INFO] Using defaults.yaml from resources
2016-03-11 20:13:33.739 b.s.u.Utils [INFO] Using storm.yaml from resources
2016-03-11 20:13:33.905 o.a.s.s.o.e.j.s.Server [INFO] jetty-7.x.y-SNAPSHOT
2016-03-11 20:13:33.932 o.a.s.s.o.e.j.s.h.ContextHandler [INFO] started o.a.s.s.o.e.j.s.ServletContextHandler{/,null}
2016-03-11 20:13:33.949 o.a.s.s.o.e.j.s.AbstractConnector [INFO] Started SelectChannelConnector@0.0.0.0:8080
2016-03-11 20:13:49.113 b.s.thrift [INFO] Connecting to Nimbus at ZookeeperNimbus:6627 as user: 
2016-03-11 20:13:49.113 b.s.u.Utils [INFO] Using defaults.yaml from resources
2016-03-11 20:13:49.114 b.s.thrift [INFO] Connecting to Nimbus at ZookeeperNimbus:6627 as user: 
2016-03-11 20:13:49.114 b.s.u.Utils [INFO] Using defaults.yaml from resources
2016-03-11 20:13:49.115 b.s.thrift [INFO] Connecting to Nimbus at ZookeeperNimbus:6627 as user: 
2016-03-11 20:13:49.115 b.s.thrift [INFO] Connecting to Nimbus at ZookeeperNimbus:6627 as user: 
2016-03-11 20:13:49.115 b.s.u.Utils [INFO] Using defaults.yaml from resources
2016-03-11 20:13:49.115 b.s.u.Utils [INFO] Using defaults.yaml from resources
2016-03-11 20:13:49.139 b.s.u.Utils [INFO] Using storm.yaml from resources
2016-03-11 20:13:49.140 b.s.u.Utils [INFO] Using storm.yaml from resources
2016-03-11 20:13:49.156 b.s.u.Utils [INFO] Using storm.yaml from resources
2016-03-11 20:13:49.156 b.s.u.Utils [INFO] Using storm.yaml from resources
2016-03-11 20:13:49.160 b.s.u.StormBoundedExponentialBackoffRetry [INFO] The baseSleepTimeMs [2000] the maxSleepTimeMs [60000] the maxRetries [5]
2016-03-11 20:13:49.160 b.s.u.StormBoundedExponentialBackoffRetry [INFO] The baseSleepTimeMs [2000] the maxSleepTimeMs [60000] the maxRetries [5]
2016-03-11 20:13:49.175 b.s.u.StormBoundedExponentialBackoffRetry [INFO] The baseSleepTimeMs [2000] the maxSleepTimeMs [60000] the maxRetries [5]
2016-03-11 20:13:49.175 b.s.u.StormBoundedExponentialBackoffRetry [INFO] The baseSleepTimeMs [2000] the maxSleepTimeMs [60000] the maxRetries [5]
2016-03-11 20:14:00.797 b.s.thrift [INFO] Connecting to Nimbus at ZookeeperNimbus:6627 as user: 
2016-03-11 20:14:00.797 b.s.thrift [INFO] Connecting to Nimbus at ZookeeperNimbus:6627 as user: 
2016-03-11 20:14:00.798 b.s.u.Utils [INFO] Using defaults.yaml from resources
2016-03-11 20:14:00.798 b.s.u.Utils [INFO] Using defaults.yaml from resources
2016-03-11 20:14:00.798 b.s.thrift [INFO] Connecting to Nimbus at ZookeeperNimbus:6627 as user: 
2016-03-11 20:14:00.798 b.s.thrift [INFO] Connecting to Nimbus at ZookeeperNimbus:6627 as user: 
2016-03-11 20:14:00.799 b.s.u.Utils [INFO] Using defaults.yaml from resources
2016-03-11 20:14:00.799 b.s.u.Utils [INFO] Using defaults.yaml from resources
2016-03-11 20:14:00.817 b.s.u.Utils [INFO] Using storm.yaml from resources
2016-03-11 20:14:00.819 b.s.u.Utils [INFO] Using storm.yaml from resources
2016-03-11 20:14:00.819 b.s.u.Utils [INFO] Using storm.yaml from resources
2016-03-11 20:14:00.822 b.s.u.Utils [INFO] Using storm.yaml from resources
2016-03-11 20:14:00.828 b.s.u.StormBoundedExponentialBackoffRetry [INFO] The baseSleepTimeMs [2000] the maxSleepTimeMs [60000] the maxRetries [5]
2016-03-11 20:14:00.829 b.s.u.StormBoundedExponentialBackoffRetry [INFO] The baseSleepTimeMs [2000] the maxSleepTimeMs [60000] the maxRetries [5]
2016-03-11 20:14:00.830 b.s.u.StormBoundedExponentialBackoffRetry [INFO] The baseSleepTimeMs [2000] the maxSleepTimeMs [60000] the maxRetries [5]
2016-03-11 20:14:00.833 b.s.u.StormBoundedExponentialBackoffRetry [INFO] The baseSleepTimeMs [2000] the maxSleepTimeMs [60000] the maxRetries [5]
2016-03-11 20:14:12.601 b.s.thrift [INFO] Connecting to Nimbus at ZookeeperNimbus:6627 as user: 
2016-03-11 20:14:12.601 b.s.thrift [INFO] Connecting to Nimbus at ZookeeperNimbus:6627 as user: 
2016-03-11 20:14:12.602 b.s.u.Utils [INFO] Using defaults.yaml from resources
2016-03-11 20:14:12.602 b.s.u.Utils [INFO] Using defaults.yaml from resources
2016-03-11 20:14:12.606 b.s.thrift [INFO] Connecting to Nimbus at ZookeeperNimbus:6627 as user: 
2016-03-11 20:14:12.607 b.s.u.Utils [INFO] Using defaults.yaml from resources
2016-03-11 20:14:12.607 b.s.thrift [INFO] Connecting to Nimbus at ZookeeperNimbus:6627 as user: 
2016-03-11 20:14:12.607 b.s.u.Utils [INFO] Using defaults.yaml from resources
2016-03-11 20:14:12.616 b.s.u.Utils [INFO] Using storm.yaml from resources
2016-03-11 20:14:12.620 b.s.u.Utils [INFO] Using storm.yaml from resources
2016-03-11 20:14:12.621 b.s.u.Utils [INFO] Using storm.yaml from resources
2016-03-11 20:14:12.625 b.s.u.Utils [INFO] Using storm.yaml from resources
2016-03-11 20:14:12.626 b.s.u.StormBoundedExponentialBackoffRetry [INFO] The baseSleepTimeMs [2000] the maxSleepTimeMs [60000] the maxRetries [5]
2016-03-11 20:14:12.630 b.s.u.StormBoundedExponentialBackoffRetry [INFO] The baseSleepTimeMs [2000] the maxSleepTimeMs [60000] the maxRetries [5]
2016-03-11 20:14:12.635 b.s.u.StormBoundedExponentialBackoffRetry [INFO] The baseSleepTimeMs [2000] the maxSleepTimeMs [60000] the maxRetries [5]
2016-03-11 20:14:12.638 b.s.u.StormBoundedExponentialBackoffRetry [INFO] The baseSleepTimeMs [2000] the maxSleepTimeMs [60000] the maxRetries [5]
2016-03-11 20:16:34.164 b.s.thrift [INFO] Connecting to Nimbus at ZookeeperNimbus:6627 as user: 
2016-03-11 20:16:34.165 b.s.thrift [INFO] Connecting to Nimbus at ZookeeperNimbus:6627 as user: 
2016-03-11 20:16:34.165 b.s.u.Utils [INFO] Using defaults.yaml from resources
2016-03-11 20:16:34.165 b.s.thrift [INFO] Connecting to Nimbus at ZookeeperNimbus:6627 as user: 
2016-03-11 20:16:34.165 b.s.thrift [INFO] Connecting to Nimbus at ZookeeperNimbus:6627 as user: 
2016-03-11 20:16:34.165 b.s.u.Utils [INFO] Using defaults.yaml from resources
2016-03-11 20:16:34.166 b.s.u.Utils [INFO] Using defaults.yaml from resources
2016-03-11 20:16:34.166 b.s.u.Utils [INFO] Using defaults.yaml from resources
2016-03-11 20:16:34.178 b.s.u.Utils [INFO] Using storm.yaml from resources
2016-03-11 20:16:34.178 b.s.u.Utils [INFO] Using storm.yaml from resources
2016-03-11 20:16:34.183 b.s.u.Utils [INFO] Using storm.yaml from resources
2016-03-11 20:16:34.183 b.s.u.Utils [INFO] Using storm.yaml from resources
2016-03-11 20:16:34.188 b.s.u.StormBoundedExponentialBackoffRetry [INFO] The baseSleepTimeMs [2000] the maxSleepTimeMs [60000] the maxRetries [5]
2016-03-11 20:16:34.187 b.s.u.StormBoundedExponentialBackoffRetry [INFO] The baseSleepTimeMs [2000] the maxSleepTimeMs [60000] the maxRetries [5]
2016-03-11 20:16:34.196 b.s.u.StormBoundedExponentialBackoffRetry [INFO] The baseSleepTimeMs [2000] the maxSleepTimeMs [60000] the maxRetries [5]
2016-03-11 20:16:34.196 b.s.u.StormBoundedExponentialBackoffRetry [INFO] The baseSleepTimeMs [2000] the maxSleepTimeMs [60000] the maxRetries [5]
2016-03-11 20:19:00.776 b.s.u.Utils [INFO] Using defaults.yaml from resources
2016-03-11 20:19:00.859 b.s.u.Utils [INFO] Using storm.yaml from resources
2016-03-11 20:19:02.176 b.s.u.Utils [INFO] Using defaults.yaml from resources
2016-03-11 20:19:02.198 b.s.u.Utils [INFO] Using storm.yaml from resources
2016-03-11 20:19:02.378 o.a.s.s.o.e.j.s.Server [INFO] jetty-7.x.y-SNAPSHOT
2016-03-11 20:19:02.404 o.a.s.s.o.e.j.s.h.ContextHandler [INFO] started o.a.s.s.o.e.j.s.ServletContextHandler{/,null}
2016-03-11 20:19:02.427 o.a.s.s.o.e.j.s.AbstractConnector [INFO] Started SelectChannelConnector@0.0.0.0:8080
