Running observer at: 1456548093574
production-topology1-1-1456548093,0.0,0.0,0,0,1456548093832
Running observer at: 1456548100395
production-topology2-2-1456548100,0.0,0.0,0,0,1456548100858
production-topology1-1-1456548093,0.0,0.0,0,0,1456548100858
Running observer at: 1456548103601
production-topology2-2-1456548100,0.0,0.0,0,0,1456548104087
production-topology1-1-1456548093,0.0,0.0,0,0,1456548104087
Running observer at: 1456548107616
production-topology2-2-1456548100,0.0,0.0,0,0,1456548108337
production-topology1-1-1456548093,0.0,0.0,80,0,1456548108338
production-topology3-3-1456548107,0.0,0.0,0,0,1456548108338
Running observer at: 1456548114479
production-topology2-2-1456548100,0.0,0.0,160,0,1456548114915
production-topology1-1-1456548093,0.5061807331628303,0.10123614663256605,460,0,1456548114915
production-topology3-3-1456548107,0.0,0.0,0,0,1456548114916
Running observer at: 1456548115599
production-topology2-2-1456548100,0.0,0.0,0,0,1456548116092
production-topology1-1-1456548093,1.2244897959183674,0.2884450881801996,140,0,1456548116092
production-topology4-4-1456548114,0.0,0.0,0,0,1456548116092
production-topology3-3-1456548107,0.0,0.0,0,0,1456548116092
Running observer at: 1456548125455
production-topology2-2-1456548100,0.8126829268292682,0.1354471544715447,1440,0,1456548126154
production-topology1-1-1456548093,1.2194153443090554,0.4214408390557504,1900,0,1456548126154
production-topology4-4-1456548114,0.0,0.0,0,0,1456548126154
production-topology3-3-1456548107,0.023809523809523808,0.005952380952380952,420,0,1456548126154
Running observer at: 1456548136723
production-topology2-2-1456548100,1.189858906060849,0.28607740469858817,2140,0,1456548137316
production-topology1-1-1456548093,0.8919338979287594,0.4802524714148766,2260,0,1456548137317
production-topology4-4-1456548114,0.3291666666666667,0.10972222222222223,400,0,1456548137317
production-topology3-3-1456548107,1.1055812626492276,0.22587815729175026,1960,0,1456548137317
Running observer at: 1456548148064
production-topology2-2-1456548100,0.9153601839200122,0.3647377521012662,2220,0,1456548148728
production-topology1-1-1456548093,0.9766290969535565,0.5354054298080633,2460,0,1456548148728
production-topology4-4-1456548114,1.111949256882877,0.36027898088738597,2220,0,1456548148729
production-topology3-3-1456548107,1.062696080691126,0.3653478111916462,2120,0,1456548148729
Running observer at: 1456548159547
production-topology2-2-1456548100,1.015191292856464,0.4370103677407326,2280,0,1456548160198
production-topology1-1-1456548093,1.0657988165680474,0.5884447684840616,1820,0,1456548160198
production-topology4-4-1456548114,0.967882171461262,0.4817996190021612,2280,0,1456548160199
production-topology3-3-1456548107,0.94431149836074,0.44805690935865966,2420,0,1456548160199
Running observer at: 1456548170812
production-topology2-2-1456548100,1.0951936325451594,0.5028286942211753,2300,0,1456548171422
production-topology1-1-1456548093,1.0216470666804927,0.6278267955928281,2420,0,1456548171423
production-topology4-4-1456548114,0.9253815279828493,0.5557299371656091,2460,0,1456548171423
production-topology3-3-1456548107,1.012685523318145,0.5186354861035953,2080,0,1456548171423
Running observer at: 1456548182062
production-topology2-2-1456548100,1.073943377701554,0.5547482109012097,2220,0,1456548182709
production-topology1-1-1456548093,0.990018811669864,0.6580094635992477,2320,0,1456548182709
production-topology4-4-1456548114,1.114318364362759,0.6355282839080593,1860,0,1456548182710
production-topology3-3-1456548107,1.0842063848391836,0.5814766970742162,2280,0,1456548182710
Running observer at: 1456548193269
production-topology2-2-1456548100,0.8754435947418405,0.5814728262212623,2220,0,1456548193840
production-topology1-1-1456548093,1.0135199999999998,0.6853564279377671,2000,0,1456548193840
production-topology4-4-1456548114,1.0285668495569018,0.6846581046141645,2300,0,1456548193841
production-topology3-3-1456548107,0.9845563676258622,0.6217846641293809,2320,0,1456548193841
Running observer at: 1456548204394
production-topology2-2-1456548100,1.0974168648253155,0.6211608291908048,2200,0,1456548205043
production-topology1-1-1456548093,0.9969585250478209,0.7076137205884853,2320,0,1456548205043
production-topology4-4-1456548114,1.0149963239757667,0.7213623512098981,2440,0,1456548205043
production-topology3-3-1456548107,1.0509174952638345,0.6607967396870585,1980,0,1456548205044
Running observer at: 1456548215668
production-topology2-2-1456548100,0.9985694324306339,0.6481185865650784,2260,0,1456548216330
production-topology1-1-1456548093,0.8973083956518497,0.7202600322593763,2220,0,1456548216330
production-topology4-4-1456548114,1.008685159890194,0.7500946320779277,1880,0,1456548216330
production-topology3-3-1456548107,0.9232859020428629,0.6826708365500421,2300,0,1456548216331
Running observer at: 1456548226981
production-topology2-2-1456548100,1.1054687335534419,0.6786085963643026,2120,0,1456548227548
production-topology1-1-1456548093,1.0935320736665868,0.7435895348473269,2500,0,1456548227548
production-topology4-4-1456548114,0.9698130547903274,0.7700690341426913,2420,0,1456548227548
production-topology3-3-1456548107,1.0088499891745246,0.7077615405980793,2280,0,1456548227548
Running observer at: 1456548238133
production-topology2-2-1456548100,0.9490482090648855,0.695511072158089,2340,0,1456548238673
production-topology1-1-1456548093,1.0556868220288846,0.7619481987991833,1900,0,1456548238673
production-topology4-4-1456548114,0.9245245058866183,0.7829403234546852,2340,0,1456548238673
production-topology3-3-1456548107,1.0804281140053187,0.7343805815557393,2220,0,1456548238673
Running observer at: 1456548249258
production-topology2-2-1456548100,0.9752327954118539,0.7119652911730164,2220,0,1456548249821
production-topology1-1-1456548093,0.9228406002599551,0.7708866655470039,2280,0,1456548249822
production-topology4-4-1456548114,1.0829514269722904,0.8060181006483471,1960,0,1456548249822
production-topology3-3-1456548107,0.8863388364380289,0.7445111318812252,2280,0,1456548249822
Running observer at: 1456548260439
production-topology2-2-1456548100,0.9564609303739741,0.7255483822397362,2200,0,1456548260996
production-topology1-1-1456548093,1.231726932311976,0.7951414164293709,2400,0,1456548260996
production-topology4-4-1456548114,0.9989440474657822,0.819798525421021,2380,0,1456548260996
production-topology3-3-1456548107,1.029945890619699,0.7623508043023798,2160,0,1456548260996
Running observer at: 1456548271602
production-topology2-2-1456548100,1.079575603282601,0.7441813938735712,2240,0,1456548272157
production-topology1-1-1456548093,0.7584515165956494,0.7933069214376848,1960,0,1456548272157
production-topology4-4-1456548114,1.007527282767564,0.8323137759107906,2240,0,1456548272158
production-topology3-3-1456548107,1.0264568242624668,0.7778864525353261,2380,0,1456548272158
Running observer at: 1456548282813
production-topology2-2-1456548100,1.0068449767540482,0.757314573017595,2240,0,1456548283333
production-topology1-1-1456548093,1.1440608582967378,0.8100094898595445,2260,0,1456548283333
production-topology4-4-1456548114,1.017299235034443,0.8438753671060188,2300,0,1456548283333
production-topology3-3-1456548107,0.9781209292936881,0.7890105901330128,2100,0,1456548283334
Running observer at: 1456548293894
production-topology2-2-1456548100,1.0833353809021196,0.7728393733930486,2080,0,1456548294439
production-topology1-1-1456548093,0.948317102103245,0.8162961995069854,2500,0,1456548294440
production-topology4-4-1456548114,0.9797240092197607,0.8518664637009448,2080,0,1456548294440
production-topology3-3-1456548107,0.9300256873290582,0.7964324373538573,2200,0,1456548294440
Running observer at: 1456548305104
production-topology2-2-1456548100,0.8859273661002546,0.7779797366979216,2220,0,1456548305633
production-topology1-1-1456548093,1.0347397212543552,0.8257937439307841,2000,0,1456548305633
production-topology4-4-1456548114,1.0171596936283063,0.8610494209191315,2240,0,1456548305633
production-topology3-3-1456548107,1.008296848151025,0.8070256578937156,2380,0,1456548305633
Running observer at: 1456548316454
production-topology2-2-1456548100,1.0966759313104173,0.7918360929854215,2360,0,1456548317045
production-topology1-1-1456548093,0.9320185721814274,0.8302197784412275,2280,0,1456548317045
production-topology4-4-1456548114,0.9397025224231106,0.8651890578403937,2560,0,1456548317046
production-topology3-3-1456548107,1.09049148061861,0.8205240304044249,2020,0,1456548317046
Running observer at: 1456548327615
production-topology2-2-1456548100,0.9117317313354584,0.7968317445833396,2200,0,1456548328274
production-topology1-1-1456548093,0.9934163797477085,0.8367476424934867,2300,0,1456548328275
production-topology4-4-1456548114,1.0399553245595015,0.873927371176349,1860,0,1456548328275
production-topology3-3-1456548107,0.9149828137082894,0.8248176114636915,2320,0,1456548328275
Running observer at: 1456548338787
production-topology2-2-1456548100,0.93118640619403,0.8022059310477673,2240,0,1456548339351
production-topology1-1-1456548093,1.0600798024802711,0.8453373409545168,2160,0,1456548339351
production-topology4-4-1456548114,0.9655981579947303,0.878292646739129,2280,0,1456548339352
production-topology3-3-1456548107,1.0496522858220156,0.8345930320879664,2280,0,1456548339352
Running observer at: 1456548349942
production-topology2-2-1456548100,1.0463870278954417,0.8115975116957548,2140,0,1456548350544
production-topology1-1-1456548093,0.948165974985382,0.849145808881586,2160,0,1456548350544
production-topology4-4-1456548114,1.0239391105839757,0.8849129405502584,2400,0,1456548350545
production-topology3-3-1456548107,0.9646054552622573,0.8400102163868953,2060,0,1456548350545
Running observer at: 1456548361038
production-topology2-2-1456548100,1.093284638468943,0.8220303682429099,2260,0,1456548361723
production-topology1-1-1456548093,1.109674853335985,0.8584504176121002,2260,0,1456548361723
production-topology4-4-1456548114,1.0048026043487464,0.8901255346284536,1940,0,1456548361723
production-topology3-3-1456548107,1.0281861222784823,0.8475372526225587,2280,0,1456548361724
Running observer at: 1456548372234
production-topology2-2-1456548100,0.9353799749495154,0.8260785684824316,2280,0,1456548372876
production-topology1-1-1456548093,0.8845868650558835,0.8593516744205065,2180,0,1456548372876
production-topology4-4-1456548114,1.015117065228456,0.8953335150701203,2320,0,1456548372877
production-topology3-3-1456548107,1.024262286832681,0.854334369322948,2260,0,1456548372877
Running observer at: 1456548383338
production-topology2-2-1456548100,0.9905386326153233,0.8317496051766692,2140,0,1456548383944
production-topology1-1-1456548093,0.9867135189507612,0.8635970692381817,2180,0,1456548383944
production-topology4-4-1456548114,1.0586392148961246,0.9018657430631605,2360,0,1456548383944
production-topology3-3-1456548107,0.9311058062824645,0.8571777558770042,2140,0,1456548383944
Running observer at: 1456548394501
production-topology2-2-1456548100,1.0337060271127612,0.8384814859078722,2140,0,1456548395127
production-topology1-1-1456548093,1.1516786617671573,0.9019863579637536,2260,0,1456548395127
production-topology4-4-1456548114,0.9504172006521312,0.9037331068165824,1940,0,1456548395127
production-topology3-3-1456548107,1.0182491056431733,0.8629303040829388,2240,0,1456548395127
Running observer at: 1456548405627
production-topology2-2-1456548100,0.9317776767896307,0.8695407418008598,2200,0,1456548406215
production-topology1-1-1456548093,0.9273267604914306,0.9328972499801346,2240,0,1456548406215
production-topology4-4-1456548114,1.0118682688661584,0.9077381128184185,2260,0,1456548406216
production-topology3-3-1456548107,1.1730508053238617,0.8736241144705568,2180,0,1456548406216
Running observer at: 1456548416726
production-topology2-2-1456548100,1.0830842451503133,0.9056435499725369,2160,0,1456548417368
production-topology1-1-1456548093,1.050364022072943,0.9679093840492327,2140,0,1456548417368
production-topology4-4-1456548114,1.0004063440870536,0.9110476925065841,2380,0,1456548417369
production-topology3-3-1456548107,0.8039577237105928,0.8713019014452247,2180,0,1456548417369
Running observer at: 1456548427782
production-topology2-2-1456548100,1.0268942267172356,0.9398733575297782,2260,0,1456548428414
production-topology1-1-1456548093,0.8936446233467511,0.9976975381607911,2200,0,1456548428415
production-topology4-4-1456548114,1.0761891713274765,0.9167422262590287,1920,0,1456548428415
production-topology3-3-1456548107,1.1654212995456392,0.910149278096746,2200,0,1456548428415
Running observer at: 1456548438949
production-topology2-2-1456548100,0.9564688836581956,0.971755653651718,2220,0,1456548439559
production-topology1-1-1456548093,1.0175158734323344,1.0147420428364413,2380,0,1456548439559
production-topology4-4-1456548114,0.9122424162440376,0.9165922325918623,2360,0,1456548439559
production-topology3-3-1456548107,0.922481258094123,0.9408986533665501,2260,0,1456548439560
Running observer at: 1456548450048
production-topology2-2-1456548100,1.0448427750402762,1.0065837461530607,2220,0,1456548450660
production-topology1-1-1456548093,0.9863059931510463,1.0068025827441973,2020,0,1456548450661
production-topology4-4-1456548114,1.0255149751118708,0.9507760650955913,2360,0,1456548450661
production-topology3-3-1456548107,0.9919761961818037,0.9739645265726101,2140,0,1456548450661
Running observer at: 1456548461205
production-topology2-2-1456548100,0.9149191109029526,1.0099916189555167,2220,0,1456548461851
production-topology1-1-1456548093,1.0752263374485593,1.001996282515514,2240,0,1456548461851
production-topology4-4-1456548114,0.9449567001894399,0.9822746217685727,1940,0,1456548461852
production-topology3-3-1456548107,1.09430674905107,1.0096477674139952,2200,0,1456548461852
Running observer at: 1456548472311
production-topology2-2-1456548100,1.108571641520954,1.0072820434708534,2180,0,1456548472905
production-topology1-1-1456548093,1.0043543818021943,1.0057436319779618,2280,0,1456548472905
production-topology4-4-1456548114,1.0892483947056792,1.0076106793698731,2280,0,1456548472905
production-topology3-3-1456548107,0.9519013108181128,1.004525102352958,2280,0,1456548472906
Running observer at: 1456548483395
production-topology2-2-1456548100,1.0856639430445119,1.01295883544167,2120,0,1456548484008
production-topology1-1-1456548093,0.8931605535598557,1.0029613471981718,2100,0,1456548484009
production-topology4-4-1456548114,0.9751404712737672,1.0030503865162361,2420,0,1456548484009
production-topology3-3-1456548107,1.010784038253186,1.00279470093836,2120,0,1456548484009
Running observer at: 1456548494454
production-topology2-2-1456548100,0.8086766867091659,1.0060750152367604,2300,0,1456548495012
production-topology1-1-1456548093,1.0514483746342154,1.0024829991337108,2260,0,1456548495013
production-topology4-4-1456548114,1.0102233694334788,1.004461759781977,1920,0,1456548495013
production-topology3-3-1456548107,0.9885349594410601,1.004268816307704,2260,0,1456548495013
Running observer at: 1456548505587
production-topology2-2-1456548100,1.1580301187189492,1.0081695647758864,2220,0,1456548506119
production-topology1-1-1456548093,1.0860856745470737,1.0046309527292634,2260,0,1456548506120
production-topology4-4-1456548114,1.0063827920716888,1.0071618019182715,2300,0,1456548506120
production-topology3-3-1456548107,0.976070710000288,1.003048322530442,2300,0,1456548506120
Running observer at: 1456548516607
production-topology2-2-1456548100,1.0025801176867954,1.005790789442061,2080,0,1456548517214
production-topology1-1-1456548093,0.8670736353693486,1.0005327801859132,2120,0,1456548517215
production-topology4-4-1456548114,1.0207591807909604,1.0040431624658783,2400,0,1456548517215
production-topology3-3-1456548107,1.005835889676519,1.0004359726916865,2040,0,1456548517215
Running observer at: 1456548527748
production-topology2-2-1456548100,0.9788965166539538,1.009239220172465,2280,0,1456548528348
production-topology1-1-1456548093,1.196700414129735,1.0066387939902375,2220,0,1456548528348
production-topology4-4-1456548114,0.9974171311596706,1.003004838519304,1900,0,1456548528348
production-topology3-3-1456548107,1.0320395697027418,1.0020187460942491,2240,0,1456548528348
Running observer at: 1456548538954
production-topology2-2-1456548100,1.0655979845533698,1.008178590830067,2160,0,1456548539537
production-topology1-1-1456548093,0.9755078507814046,1.0059237715146905,2320,0,1456548539537
production-topology4-4-1456548114,0.98208159786102,1.0019076809821457,2300,0,1456548539537
production-topology3-3-1456548107,0.937202929033717,0.9982282605532453,2380,0,1456548539537
Running observer at: 1456548550023
production-topology2-2-1456548100,1.0040290936068472,1.0083605795359405,2180,0,1456548550626
production-topology1-1-1456548093,1.0094448173240176,1.009661652237096,2020,0,1456548550626
production-topology4-4-1456548114,0.9859121910170783,1.0011485820197086,2480,0,1456548550626
production-topology3-3-1456548107,1.0056209335219237,1.0009727616025474,2000,0,1456548550626
Running observer at: 1456548561183
production-topology2-2-1456548100,0.878809869965979,1.000805284083025,2320,0,1456548561751
production-topology1-1-1456548093,0.932994553886354,1.0043104015777549,2260,0,1456548561751
production-topology4-4-1456548114,1.0673503479152124,1.0043998251238715,1880,0,1456548561751
production-topology3-3-1456548107,1.0190247683270433,1.0013119209076313,2240,0,1456548561751
Running observer at: 1456548572380
production-topology2-2-1456548100,1.0524853482349734,1.004253188722028,2180,0,1456548572932
production-topology1-1-1456548093,1.0437966811220818,1.0039140635475279,2420,0,1456548572932
production-topology4-4-1456548114,0.9659599744035402,1.0057810074077687,2300,0,1456548572932
production-topology3-3-1456548107,1.0459504035483378,1.0001626638923988,2360,0,1456548572932
Running observer at: 1456548583410
production-topology2-2-1456548100,1.0020880137438881,1.0051483626664295,2160,0,1456548584021
production-topology1-1-1456548093,0.9438036100756041,1.0046128305413828,1880,0,1456548584021
production-topology4-4-1456548114,1.0166830503791844,1.003572061521332,2400,0,1456548584021
production-topology3-3-1456548107,0.989421123836733,1.0035987401390223,2020,0,1456548584022
Running observer at: 1456548594554
production-topology2-2-1456548100,0.9637406551053155,1.005391020157474,2260,0,1456548595104
production-topology1-1-1456548093,1.0920899628257292,0.9999582648918414,2320,0,1456548595104
production-topology4-4-1456548114,1.0524581557409398,1.0053558651305037,1860,0,1456548595104
production-topology3-3-1456548107,1.0251607038873518,1.0034392339146108,2300,0,1456548595104
Running observer at: 1456548605676
production-topology2-2-1456548100,1.0515029277813923,1.0044552643074338,2180,0,1456548606250
production-topology1-1-1456548093,1.0490144775859063,1.00964369692485,2340,0,1456548606250
production-topology4-4-1456548114,0.925064639157501,1.0026071103435015,2300,0,1456548606250
production-topology3-3-1456548107,0.968617868696958,1.0015112687290937,2260,0,1456548606250
Running observer at: 1456548616787
production-topology2-2-1456548100,1.0380590881865415,1.005495734688517,2060,0,1456548617420
production-topology1-1-1456548093,0.8692279942279942,1.0004826014558916,1980,0,1456548617420
production-topology4-4-1456548114,1.00635179597707,1.002242195708256,2460,0,1456548617421
production-topology3-3-1456548107,0.9624062808482916,1.0009874471142473,2260,0,1456548617421
Running observer at: 1456548627901
production-topology2-2-1456548100,0.9827898550724637,1.0021442171608619,2340,0,1456548628480
production-topology1-1-1456548093,1.0250375113945904,1.0030399484322698,2260,0,1456548628481
production-topology4-4-1456548114,1.0592926752980207,1.0048944845775312,1920,0,1456548628481
production-topology3-3-1456548107,1.0690335930318897,1.0056210439710083,2020,0,1456548628481
Running observer at: 1456548639066
production-topology2-2-1456548100,0.9707958511543928,1.0049731666626665,2200,0,1456548639579
production-topology1-1-1456548093,0.9262552993316872,0.9994238010348476,2460,0,1456548639580
production-topology4-4-1456548114,0.95648138859674,1.0028718744098122,2300,0,1456548639580
production-topology3-3-1456548107,0.9789395830035292,1.0046424684660917,2300,0,1456548639580
Running observer at: 1456548650168
production-topology2-2-1456548100,0.8488044742401967,0.9967107847603256,2220,0,1456548650744
production-topology1-1-1456548093,1.0071158854166666,1.0019270448093556,1920,0,1456548650744
production-topology4-4-1456548114,1.0121551580329544,1.0052869622634737,2420,0,1456548650745
production-topology3-3-1456548107,0.9591168446324949,1.0002633139332213,2240,0,1456548650745
Running observer at: 1456548661276
production-topology2-2-1456548100,1.1450279380301895,1.0044873249834834,2280,0,1456548661855
production-topology1-1-1456548093,0.9703929617637989,1.0011595975432253,2300,0,1456548661856
production-topology4-4-1456548114,0.94636478801862,1.002167277712111,1900,0,1456548661856
production-topology3-3-1456548107,1.0059823461801294,1.0032966316822824,2140,0,1456548661856
Running observer at: 1456548672434
production-topology2-2-1456548100,1.0877072438319906,1.009704686238082,2140,0,1456548672928
production-topology1-1-1456548093,1.122008026495944,1.0032238716770812,2440,0,1456548672928
production-topology4-4-1456548114,1.0168122446835843,1.0038744139350728,2280,0,1456548672928
production-topology3-3-1456548107,1.0699179536679537,1.0039721539438138,2240,0,1456548672928
Running observer at: 1456548683537
production-topology2-2-1456548100,0.9176530791816018,1.0054135546142873,2160,0,1456548684128
production-topology1-1-1456548093,1.0277459257051096,1.005876536701072,1820,0,1456548684128
production-topology4-4-1456548114,1.0240267774019935,1.00387733616234,2420,0,1456548684128
production-topology3-3-1456548107,0.9799418604651163,1.0044833674505758,2240,0,1456548684128
Running observer at: 1456548694653
production-topology2-2-1456548100,1.0697046185245564,1.0046275539494744,2260,0,1456548695281
production-topology1-1-1456548093,1.0021978021978022,1.0022939683297991,2340,0,1456548695281
production-topology4-4-1456548114,1.0221213832302016,1.004454628791722,1940,0,1456548695281
production-topology3-3-1456548107,1.0577961175657031,1.005470367293483,2020,0,1456548695282
Running observer at: 1456548705824
production-topology2-2-1456548100,0.8382155272162458,1.0013887390250322,2160,0,1456548706329
production-topology1-1-1456548093,0.9550977920257121,1.0046443325621268,2380,0,1456548706329
production-topology4-4-1456548114,1.0733810871492602,1.0063967628557486,2260,0,1456548706330
production-topology3-3-1456548107,0.8936910701585521,1.0011179934043455,2340,0,1456548706330
Running observer at: 1456548716900
production-topology2-2-1456548100,1.1554677872487522,1.0068863775128132,2140,0,1456548717527
production-topology1-1-1456548093,0.9148893146019583,1.0022501924171667,1980,0,1456548717527
production-topology4-4-1456548114,0.8844275071070856,1.0005897059294475,2420,0,1456548717527
production-topology3-3-1456548107,0.9661153438676375,1.0022849779905179,2220,0,1456548717528
Running observer at: 1456548728056
production-topology2-2-1456548100,0.9142732998311943,1.0029052866034276,2340,0,1456548728641
production-topology1-1-1456548093,1.0848489557580465,1.0000225355501966,2200,0,1456548728641
production-topology4-4-1456548114,1.0481247774773284,1.003846625156954,1980,0,1456548728641
production-topology3-3-1456548107,1.1061203363241092,1.005214019013216,2120,0,1456548728642
Running observer at: 1456548739193
production-topology2-2-1456548100,1.167385260103961,1.0107588727139052,2180,0,1456548739762
production-topology1-1-1456548093,0.9794906367297899,1.0017613314248084,2480,0,1456548739762
production-topology4-4-1456548114,1.0522076729110412,1.0051912719584501,2180,0,1456548739762
production-topology3-3-1456548107,0.9569785823420734,0.9980116115804895,2280,0,1456548739762
/var/nimbus/storm/bin/storm rebalance production-topology3 -e spout_head=11
1456548740133
/var/nimbus/storm/bin/storm rebalance production-topology2 -e spout_head=9
Running observer at: 1456548750312
production-topology2-2-1456548100,0.9996419685000554,0.9996419685000554,125380,0,1456548750877
production-topology1-1-1456548093,1.0255253766851704,1.000933376578549,1940,0,1456548750877
production-topology4-4-1456548114,0.9165648666139583,1.0023965560426802,2520,0,1456548750877
production-topology3-3-1456548107,0.9987722452940295,0.9987722452940295,123880,0,1456548750877
Running observer at: 1456548761405
production-topology2-2-1456548100,1.3333333333333333,1.1664876509166944,60,0,1456548762006
production-topology1-1-1456548093,0.9592395778288839,1.003119875061287,2200,0,1456548762006
production-topology4-4-1456548114,1.1258924143092304,1.0040533308087387,1860,0,1456548762006
production-topology3-3-1456548107,2.2222222222222223,1.6104972337581258,120,0,1456548762007
Running observer at: 1456548772629
production-topology2-2-1456548100,1.0,1.1109917672777962,0,0,1456548773111
production-topology1-1-1456548093,0.8831963216127456,0.9986425566673008,2500,0,1456548773111
production-topology4-4-1456548114,0.9598008870986643,1.0056386131705595,2240,0,1456548773111
production-topology3-3-1456548107,2.0,1.7403314891720838,0,0,1456548773112
/var/nimbus/storm/bin/storm rebalance production-topology1 -e spout_head=11
1456548773507
/var/nimbus/storm/bin/storm rebalance production-topology4 -e bolt_output_1=9
Running observer at: 1456548778043
production-topology2-2-1456548100,1.0,1.0832438254583472,0,0,1456548778536
production-topology1-1-1456548093,0.9962024178218246,0.9962024178218246,132100,0,1456548778536
production-topology4-4-1456548114,0.998964508021726,0.998964508021726,127880,0,1456548778536
production-topology3-3-1456548107,2.0,1.805248616879063,0,0,1456548778536
Running observer at: 1456548779011
production-topology2-2-1456548100,1.0,1.0665950603666778,0,0,1456548779482
production-topology1-1-1456548093,0.8617424242424243,0.9289724210321244,240,0,1456548779483
production-topology4-4-1456548114,2.0,1.499482254010863,0,0,1456548779483
production-topology3-3-1456548107,2.0,1.8441988935032505,0,0,1456548779483
Running observer at: 1456548783673
production-topology2-2-1456548100,1.0,1.0554958836388981,0,0,1456548784227
production-topology1-1-1456548093,1.7631319779329493,1.2070256066657328,700,0,1456548784227
production-topology4-4-1456548114,1.2926352032608237,1.4305332370941832,1140,0,1456548784227
production-topology3-3-1456548107,0.0028446584626359906,1.5373065209964814,112140,0,1456548784228
Running observer at: 1456548794798
production-topology2-2-1456548100,0.018518518518518517,0.9073562600502724,360,0,1456548795313
production-topology1-1-1456548093,0.8821733821733823,1.125812550542645,240,0,1456548795314
production-topology4-4-1456548114,0.0,1.0728999278206375,20,0,1456548795314
production-topology3-3-1456548107,0.9894018495571821,1.4590344250765814,75860,0,1456548795314
Running observer at: 1456548805869
production-topology2-2-1456548100,1.1851333760758482,0.9420783995534694,1720,0,1456548806364
production-topology1-1-1456548093,1.0,1.100650040434116,0,0,1456548806364
production-topology4-4-1456548114,2.0,1.25831994225651,0,0,1456548806364
production-topology3-3-1456548107,0.8562627148168527,1.3836879612941153,2060,0,1456548806364
Running observer at: 1456548812262
production-topology2-2-1456548100,0.9103237499810326,0.9385501051565319,1040,0,1456548812812
production-topology1-1-1456548093,1.0,1.0838750336950966,0,0,1456548812812
production-topology4-4-1456548114,2.0,1.3819332852137585,0,0,1456548812812
production-topology3-3-1456548107,1.0718447445262316,1.3490387149865726,1300,0,1456548812812
Running observer at: 1456548813370
production-topology2-2-1456548100,1.3397129186602872,0.9786663865069075,380,0,1456548814000
production-topology1-1-1456548093,1.0,1.0718928860243686,0,0,1456548814000
production-topology4-4-1456548114,2.0,1.4702285301832216,0,0,1456548814000
production-topology3-3-1456548107,1.4103835978835977,1.355173203276275,160,0,1456548814000
Running observer at: 1456548816811
production-topology2-2-1456548100,0.9162027982548518,0.9729878784839934,560,0,1456548817297
production-topology1-1-1456548093,4.997501249375312E-4,0.9379687440369397,120060,0,1456548817297
production-topology4-4-1456548114,2.0,1.5364499639103188,0,0,1456548817298
production-topology3-3-1456548107,0.7476521500911744,1.2999440166230842,820,0,1456548817298
Running observer at: 1456548827890
production-topology2-2-1456548100,1.099201132196577,0.9835056496267086,1820,0,1456548828367
production-topology1-1-1456548093,0.9885224452929332,0.9435858219542723,81440,0,1456548828367
production-topology4-4-1456548114,0.0610246371275783,1.3725138164900144,680,0,1456548828367
production-topology3-3-1456548107,1.1143240212180983,1.2844756836726685,2360,0,1456548828367
Running observer at: 1456548838836
production-topology2-2-1456548100,0.9765479502721235,0.9829704419840483,2180,0,1456548839323
production-topology1-1-1456548093,0.5364766133792485,0.9028749010967699,1800,0,1456548839323
production-topology4-4-1456548114,1.1743697807443398,1.352699412915447,1760,0,1456548839323
production-topology3-3-1456548107,1.0533699414798148,1.266698318888603,2720,0,1456548839323
Running observer at: 1456548849893
production-topology2-2-1456548100,1.0084695805106825,0.9847918090216651,1900,0,1456548850426
production-topology1-1-1456548093,1.1492288366250263,0.9252707134175204,2300,0,1456548850426
production-topology4-4-1456548114,1.1754146891423694,1.3365826198451674,2120,0,1456548850426
production-topology3-3-1456548107,0.9644571939579094,1.245109667107839,2160,0,1456548850426
Running observer at: 1456548861069
production-topology2-2-1456548100,0.8892111893659465,0.9784197677112838,1860,0,1456548861571
production-topology1-1-1456548093,1.0890177309127909,0.938916298208793,2560,0,1456548861571
production-topology4-4-1456548114,0.9525946373666123,1.3045836213052877,2300,0,1456548861571
production-topology3-3-1456548107,1.069691385464676,1.2334151149982948,2440,0,1456548861572
Running observer at: 1456548872131
production-topology2-2-1456548100,1.1640253303690318,0.9900201153773931,2120,0,1456548872684
production-topology1-1-1456548093,1.0558395903883793,0.9479103976072226,2440,0,1456548872684
production-topology4-4-1456548114,1.0650974252980927,1.2861616062278112,2140,0,1456548872685
production-topology3-3-1456548107,1.0090125765402673,1.2193899563446682,2500,0,1456548872685
Running observer at: 1456548883105
production-topology2-2-1456548100,0.99275522858439,0.9901810043895694,2020,0,1456548883692
production-topology1-1-1456548093,1.0485645467924705,0.9550999796918831,2200,0,1456548883692
production-topology4-4-1456548114,1.0027225784106517,1.2659159613837283,2200,0,1456548883692
production-topology3-3-1456548107,0.9610929591408977,1.2041960153326818,2340,0,1456548883693
Running observer at: 1456548894276
production-topology2-2-1456548100,0.9046893379520783,0.9854314673652643,1820,0,1456548894799
production-topology1-1-1456548093,0.9560743446624264,0.9551649373565859,2500,0,1456548894799
production-topology4-4-1456548114,0.9767509311839776,1.2466382927037452,2120,0,1456548894799
production-topology3-3-1456548107,1.0450495641408537,1.1953545458220247,2460,0,1456548894799
Running observer at: 1456548905436
production-topology2-2-1456548100,0.9664832837158888,0.984434194541613,2000,0,1456548905989
production-topology1-1-1456548093,0.928389367619833,0.9534914642480389,2640,0,1456548905990
production-topology4-4-1456548114,1.010809803411886,1.2318990121230038,2360,0,1456548905990
production-topology3-3-1456548107,0.933900837851847,1.18159382434991,2500,0,1456548905990
Running observer at: 1456548916471
production-topology2-2-1456548100,1.0564246626023455,0.9880337179446496,2140,0,1456548916974
production-topology1-1-1456548093,1.2071761741578741,0.9684140942427351,2140,0,1456548916974
production-topology4-4-1456548114,1.0396637078517814,1.220591053048226,2100,0,1456548916974
production-topology3-3-1456548107,0.9790431757606426,1.1714662919204468,2300,0,1456548916975
Running observer at: 1456548927609
production-topology2-2-1456548100,1.2306122029912039,0.9995850743754379,1760,0,1456548928144
production-topology1-1-1456548093,0.9403061224489794,0.9668525402541932,2520,0,1456548928144
production-topology4-4-1456548114,0.9356499414433372,1.2047609912923987,2120,0,1456548928144
production-topology3-3-1456548107,1.1066884460933368,1.1683816325953462,2440,0,1456548928145
Running observer at: 1456548938782
production-topology2-2-1456548100,0.8220596546310832,0.9915157371143308,2080,0,1456548939334
production-topology1-1-1456548093,0.9815635465647305,0.9676268037442214,2520,0,1456548939335
production-topology4-4-1456548114,0.9931158727212699,1.1936217745254971,2440,0,1456548939335
production-topology3-3-1456548107,0.9659787617962332,1.1591815021044776,2540,0,1456548939335
Running observer at: 1456548949807
production-topology2-2-1456548100,0.9972612421592013,0.9917655416814991,2100,0,1456548950321
production-topology1-1-1456548093,1.0476054132297896,0.9716257342184997,2240,0,1456548950321
production-topology4-4-1456548114,1.066461055309394,1.187263738564692,2100,0,1456548950321
production-topology3-3-1456548107,0.9594589648162839,1.15049791352673,2280,0,1456548950322
Running observer at: 1456548960901
production-topology2-2-1456548100,1.1086823293003711,0.9966370744989521,1820,0,1456548961466
production-topology1-1-1456548093,1.0240367308734193,0.9741214959639721,2500,0,1456548961466
production-topology4-4-1456548114,0.937677138083234,1.1753786623512892,2120,0,1456548961467
production-topology3-3-1456548107,0.9926624390243902,1.1439214354224658,2500,0,1456548961467
Running observer at: 1456548972079
production-topology2-2-1456548100,0.9869678356779603,0.9962503049461123,2100,0,1456548972606
production-topology1-1-1456548093,1.0142148623416831,0.9759439217084135,2560,0,1456548972606
production-topology4-4-1456548114,0.9678506463678489,1.1659455707156783,2360,0,1456548972606
production-topology3-3-1456548107,1.0183780519030559,1.1388997000816894,2560,0,1456548972606
Running observer at: 1456548983085
production-topology2-2-1456548100,1.0408467883722696,0.997965554308657,2060,0,1456548983618
production-topology1-1-1456548093,0.9280492497114275,0.9738615446650662,2260,0,1456548983618
production-topology4-4-1456548114,1.083205430965767,1.1623481733352474,2160,0,1456548983618
production-topology3-3-1456548107,1.0235120590365345,1.134461713887645,2260,0,1456548983618
Running observer at: 1456548994148
production-topology2-2-1456548100,1.0956521037166198,1.0015835746571,1840,0,1456548994691
production-topology1-1-1456548093,0.9140614026873917,0.9713698720826631,2480,0,1456548994691
production-topology4-4-1456548114,1.015479055312946,1.1562286267509847,2040,0,1456548994691
production-topology3-3-1456548107,0.9590427921220602,1.1279647167852158,2520,0,1456548994691
Running observer at: 1456549005241
production-topology2-2-1456548100,1.0515630062283736,1.0033685543560742,2000,0,1456549005870
production-topology1-1-1456548093,1.0493738973271138,0.9744900330924412,2280,0,1456549005870
production-topology4-4-1456548114,1.0711494875004228,1.1528254611809623,2160,0,1456549005871
production-topology3-3-1456548107,0.9784256559766763,1.1226240360420536,2380,0,1456549005871
Running observer at: 1456549016369
production-topology2-2-1456548100,0.8959530774238457,0.9996645723928939,1960,0,1456549016919
production-topology1-1-1456548093,1.1130704403464142,0.9798200487560556,2440,0,1456549016919
production-topology4-4-1456548114,0.915993659685629,1.143716545738834,2440,0,1456549016920
production-topology3-3-1456548107,1.017012762969396,1.1189822680050654,2340,0,1456549016920
Running observer at: 1456549027463
production-topology2-2-1456548100,1.02494670374622,1.0005073101046713,1940,0,1456549028009
production-topology1-1-1456548093,0.9777457923125331,0.9797432244433325,2600,0,1456549028009
production-topology4-4-1456548114,1.0298497990691624,1.1394992588251425,1980,0,1456549028010
production-topology3-3-1456548107,1.0370991682571098,1.1162528313468,2520,0,1456549028010
Running observer at: 1456549038580
production-topology2-2-1456548100,0.9981611371076254,1.0004579490582572,2040,0,1456549039223
production-topology1-1-1456548093,1.03409294496343,0.9816842858904788,2180,0,1456549039223
production-topology4-4-1456548114,0.9465656565656566,1.1326087730301608,2200,0,1456549039223
production-topology3-3-1456548107,1.0002440334407547,1.1163018909516913,2340,0,1456549039224
Running observer at: 1456549049696
production-topology2-2-1456548100,0.9704773489628601,0.9883627495792413,1980,0,1456549050193
production-topology1-1-1456548093,0.9589852008456661,0.9809015588199681,2540,0,1456549050194
production-topology4-4-1456548114,0.9342185584098008,1.1257677311467003,2480,0,1456549050194
production-topology3-3-1456548107,1.0222009500661575,1.0763011818798227,2420,0,1456549050194
Running observer at: 1456549060744
production-topology2-2-1456548100,0.9194487431682076,0.9856777076848482,1960,0,1456549061322
production-topology1-1-1456548093,0.9690742367189092,0.9805073147499328,2560,0,1456549061322
production-topology4-4-1456548114,1.1234619546456561,1.1256908719299987,2040,0,1456549061322
production-topology3-3-1456548107,1.015109182455787,1.043471487961682,2520,0,1456549061323
Running observer at: 1456549071872
production-topology2-2-1456548100,0.9948647991783678,0.9855065343241272,2000,0,1456549072504
production-topology1-1-1456548093,1.193349737050989,0.9870788920575717,2140,0,1456549072504
production-topology4-4-1456548114,0.9670274010013461,1.124626301695986,2160,0,1456549072504
production-topology3-3-1456548107,1.006431757465592,1.0103525465438683,2200,0,1456549072505
Running observer at: 1456549083014
production-topology2-2-1456548100,1.0764861569566222,0.9880560728893479,1960,0,1456549083515
production-topology1-1-1456548093,0.8438125949454934,0.9864812310810074,2580,0,1456549083515
production-topology4-4-1456548114,1.0325743555132085,1.0923787802130929,2380,0,1456549083515
production-topology3-3-1456548107,1.027217741935484,0.9779264712750511,2540,0,1456549083515
Running observer at: 1456549094037
production-topology2-2-1456548100,1.1219550012796624,0.99212123959867,1840,0,1456549094610
production-topology1-1-1456548093,1.1024835233811068,0.9644596159292793,2540,0,1456549094611
production-topology4-4-1456548114,1.053256806641768,1.0843995003257911,1960,0,1456549094611
production-topology3-3-1456548107,0.892922847270414,1.0075957442353103,2640,0,1456549094611
Running observer at: 1456549105141
production-topology2-2-1456548100,0.9083847945647576,1.0217834488002113,2140,0,1456549105731
production-topology1-1-1456548093,1.0215214192742283,0.9691045504993077,2220,0,1456549105731
production-topology4-4-1456548114,1.0011715920781472,1.117771886728396,2240,0,1456549105731
production-topology3-3-1456548107,1.1335931796335785,1.0124021219045234,2160,0,1456549105731
Running observer at: 1456549116303
production-topology2-2-1456548100,0.9950641114172609,1.0154478066449248,2000,0,1456549116797
production-topology1-1-1456548093,0.9500004286659676,0.9674378981215065,2420,0,1456549116797
production-topology4-4-1456548114,0.988925515086985,1.0840694038979624,2440,0,1456549116797
production-topology3-3-1456548107,0.9447000242931303,1.0153500322203994,2500,0,1456549116797
Running observer at: 1456549127336
production-topology2-2-1456548100,1.0123269973535514,1.0188479148906757,1920,0,1456549127920
production-topology1-1-1456548093,1.014253557880283,0.9679130167175161,2620,0,1456549127921
production-topology4-4-1456548114,0.9692470579912666,1.0497109724976712,2020,0,1456549127921
production-topology3-3-1456548107,1.0905320903318572,1.0159729437472536,2520,0,1456549127921
Running observer at: 1456549138442
production-topology2-2-1456548100,1.072956376433878,1.0099560301497954,2060,0,1456549139039
production-topology1-1-1456548093,1.1108450092321063,0.9716078503585862,2260,0,1456549139039
production-topology4-4-1456548114,0.9639837116327213,1.0151770962187618,2180,0,1456549139039
production-topology3-3-1456548107,0.9540307298863218,1.0007611814806778,2260,0,1456549139039
Running observer at: 1456549149596
production-topology2-2-1456548100,0.8458394783988425,1.0076105861545952,1720,0,1456549150143
production-topology1-1-1456548093,0.9014477468822397,1.0016394502504964,2480,0,1456549150143
production-topology4-4-1456548114,1.0294543267802347,0.9828255737781032,2400,0,1456549150143
production-topology3-3-1456548107,0.9978804056865522,1.0091021233338568,2320,0,1456549150143
Running observer at: 1456549160618
production-topology2-2-1456548100,1.2284274493592395,1.0119181300600173,2200,0,1456549161091
production-topology1-1-1456548093,1.0588077055280738,1.0039822922583344,2600,0,1456549161091
production-topology4-4-1456548114,0.9872618573064389,1.0137001477840653,2000,0,1456549161091
production-topology3-3-1456548107,0.9676483034111487,1.004212932740292,2720,0,1456549161091
Running observer at: 1456549171623
production-topology2-2-1456548100,1.1229503537856835,1.0167982101771358,1820,0,1456549172259
production-topology1-1-1456548093,0.924161207067699,1.0169051120479493,2260,0,1456549172259
production-topology4-4-1456548114,1.0163575693884428,1.008433074072202,2240,0,1456549172259
production-topology3-3-1456548107,1.01006261553065,1.0027693552086532,2060,0,1456549172260
Running observer at: 1456549182664
production-topology2-2-1456548100,0.8163721848801804,1.010394963656119,1920,0,1456549183302
production-topology1-1-1456548093,1.0556713739892358,1.0137865299600897,2480,0,1456549183303
production-topology4-4-1456548114,1.0463656482685304,1.0041314393764074,2300,0,1456549183303
production-topology3-3-1456548107,1.098857835702248,1.0072493766001314,2520,0,1456549183303
Running observer at: 1456549193816
production-topology2-2-1456548100,1.1060996578237958,1.0176245792713807,2160,0,1456549194308
production-topology1-1-1456548093,0.9672987891737892,1.009729231902123,2520,0,1456549194308
production-topology4-4-1456548114,0.9939007733041207,1.0055083105743243,2120,0,1456549194308
production-topology3-3-1456548107,0.9182256586137367,1.002200519038433,2600,0,1456549194308
Running observer at: 1456549204855
production-topology2-2-1456548100,0.9162388811109696,1.0093650309627789,1940,0,1456549205382
production-topology1-1-1456548093,1.0573088333811846,1.00977820666855,2200,0,1456549205382
production-topology4-4-1456548114,0.9848174643084922,1.002832311874671,2140,0,1456549205382
production-topology3-3-1456548107,1.0068327729718494,1.0021278589194857,2240,0,1456549205383
Running observer at: 1456549216001
production-topology2-2-1456548100,0.8924883056922424,1.0060228001997071,1920,0,1456549216593
production-topology1-1-1456548093,0.960648336038961,1.0068476663100994,2500,0,1456549216593
production-topology4-4-1456548114,1.0215142218576727,1.0034586999895716,2340,0,1456549216593
production-topology3-3-1456548107,1.0593540365319756,1.0054032281658551,2440,0,1456549216593
Running observer at: 1456549227110
production-topology2-2-1456548100,1.0688936836074476,1.0114962783882195,2040,0,1456549227613
production-topology1-1-1456548093,1.0161925618175303,1.008851606881936,2580,0,1456549227613
production-topology4-4-1456548114,0.9904515961680596,1.0039153888223744,2080,0,1456549227613
production-topology3-3-1456548107,0.9668202291424238,1.0027955836659075,2600,0,1456549227613
Running observer at: 1456549238137
production-topology2-2-1456548100,1.0270153954498324,1.0135140154460176,2040,0,1456549238656
production-topology1-1-1456548093,0.9251120703063986,1.0087423636381547,2240,0,1456549238656
production-topology4-4-1456548114,1.0035034086669457,1.0036718423308764,2200,0,1456549238656
production-topology3-3-1456548107,1.0889043066321478,1.0079623659585841,2240,0,1456549238657
Running observer at: 1456549249292
production-topology2-2-1456548100,0.9787216078557335,1.0109239136211305,1820,0,1456549249823
production-topology1-1-1456548093,1.0619877117178658,1.003902748223488,2460,0,1456549249823
production-topology4-4-1456548114,1.0524906001681429,1.0040994054080883,2300,0,1456549249823
production-topology3-3-1456548107,1.0084700890588016,1.0089432630685229,2480,0,1456549249823
Running observer at: 1456549260306
production-topology2-2-1456548100,1.0112208772850362,1.003610869430925,2120,0,1456549260826
production-topology1-1-1456548093,0.9784301981776886,1.0051735507477781,2580,0,1456549260826
production-topology4-4-1456548114,0.9067771882547138,1.0031369803018009,2180,0,1456549260826
production-topology3-3-1456548107,0.9035179005550205,1.002170911550579,2520,0,1456549260826
Running observer at: 1456549271281
production-topology2-2-1456548100,0.9596821071941217,1.0081982845163597,2060,0,1456549271873
production-topology1-1-1456548093,0.9900051773784024,1.0054549384415672,2100,0,1456549271873
production-topology4-4-1456548114,1.0392087415031768,1.004673409261198,2240,0,1456549271873
production-topology3-3-1456548107,1.025652532801532,1.0041600372507555,2320,0,1456549271874
Running observer at: 1456549282323
production-topology2-2-1456548100,1.3039897926220039,1.0184225695317863,1780,0,1456549282911
production-topology1-1-1456548093,0.9907081571516082,1.0035583632389613,2480,0,1456549282911
production-topology4-4-1456548114,1.093811661789232,1.0055850961438588,2000,0,1456549282912
production-topology3-3-1456548107,1.0528650855124322,1.007273574607294,2440,0,1456549282912
Running observer at: 1456549293432
production-topology2-2-1456548100,0.9087105930305948,1.0117568449894605,2040,0,1456549294018
production-topology1-1-1456548093,1.2269311203427224,1.0103215095546048,2260,0,1456549294018
production-topology4-4-1456548114,0.9581961911677829,1.0062690645800105,2200,0,1456549294018
production-topology3-3-1456548107,1.0063227912043324,1.0077289196799586,2380,0,1456549294019
Running observer at: 1456549304469
production-topology2-2-1456548100,0.9284619469146651,1.0098066486973507,2120,0,1456549304961
production-topology1-1-1456548093,0.9223613693998308,1.0072597264565428,2500,0,1456549304961
production-topology4-4-1456548114,0.9080418757276469,1.0042754388920039,2360,0,1456549304962
production-topology3-3-1456548107,0.9126759980134732,1.0042055178836393,2480,0,1456549304962
Running observer at: 1456549315433
production-topology2-2-1456548100,0.9576671206552364,1.0070339931067829,1780,0,1456549316009
production-topology1-1-1456548093,0.943134730217208,1.0077625758067355,2500,0,1456549316009
production-topology4-4-1456548114,1.1807513495623185,1.0075269695118887,2020,0,1456549316009
production-topology3-3-1456548107,1.1112985919804101,1.007131735648435,2400,0,1456549316009
Running observer at: 1456549326572
production-topology2-2-1456548100,1.1111278147622685,1.0075498501416378,2040,0,1456549327153
production-topology1-1-1456548093,0.9155538292001507,1.0078123233571608,2300,0,1456549327153
production-topology4-4-1456548114,0.8850571182097486,1.0031795716084488,2240,0,1456549327153
production-topology3-3-1456548107,0.9047751332009616,1.0053228136843984,2360,0,1456549327153
Running observer at: 1456549337699
production-topology2-2-1456548100,0.8093400516160747,0.9994757516545613,2100,0,1456549338179
production-topology1-1-1456548093,1.1514257270852593,1.0112140510157657,2460,0,1456549338179
production-topology4-4-1456548114,1.0340940582181266,1.0019443906323724,2400,0,1456549338180
production-topology3-3-1456548107,1.0388597131178694,1.0073372822557716,2500,0,1456549338180
Running observer at: 1456549348764
production-topology2-2-1456548100,1.3040812065092762,1.0130800226240757,1700,0,1456549349293
production-topology1-1-1456548093,0.8901778972201508,1.0037842995782236,2640,0,1456549349294
production-topology4-4-1456548114,0.9570307303515833,1.0033122929879041,2000,0,1456549349294
production-topology3-3-1456548107,0.9954402467293031,1.0066181983811018,2460,0,1456549349294
Running observer at: 1456549359888
production-topology2-2-1456548100,0.8696091307890512,1.0079021035255034,2120,0,1456549360522
production-topology1-1-1456548093,0.9937860679976408,1.0043189754343937,2180,0,1456549360522
production-topology4-4-1456548114,1.0449659826749147,1.0038161657747626,2220,0,1456549360522
production-topology3-3-1456548107,1.0370128151621536,1.0066153199446033,2300,0,1456549360522
Running observer at: 1456549371085
production-topology2-2-1456548100,0.9585585585585588,1.0065820175738678,1860,0,1456549371586
production-topology1-1-1456548093,1.0660778965802296,1.0053851404882872,2520,0,1456549371586
production-topology4-4-1456548114,0.9177827163262435,1.002856734433449,2400,0,1456549371586
production-topology3-3-1456548107,0.9615260840014856,1.005324721629961,2500,0,1456549371586
Running observer at: 1456549382182
production-topology2-2-1456548100,1.0342814161491576,1.0087088198134109,2120,0,1456549382725
production-topology1-1-1456548093,1.0328366586141131,1.0078468557472353,2500,0,1456549382725
production-topology4-4-1456548114,1.075423525229282,1.007563566660765,2080,0,1456549382726
production-topology3-3-1456548107,1.0012137491105597,1.0046251482647743,2480,0,1456549382726
Running observer at: 1456549393291
production-topology2-2-1456548100,0.9408060035126152,1.0094207284915577,2040,0,1456549393835
production-topology1-1-1456548093,1.0433253873301578,1.0103218941009435,2280,0,1456549393836
production-topology4-4-1456548114,0.9633242082734983,1.002225641781693,2220,0,1456549393836
production-topology3-3-1456548107,1.027313986109,1.0050319750532148,2280,0,1456549393836
Running observer at: 1456549404378
production-topology2-2-1456548100,0.9311561104785392,1.0072971055348967,1860,0,1456549404906
production-topology1-1-1456548093,0.9771041867153365,1.0031137090897553,2460,0,1456549404906
production-topology4-4-1456548114,0.9664762645049816,1.0022072705651475,2360,0,1456549404906
production-topology3-3-1456548107,0.9768279733009708,1.0040451822477274,2500,0,1456549404906
Running observer at: 1456549415439
production-topology2-2-1456548100,1.1437296257847451,1.0095385544958342,2040,0,1456549415946
production-topology1-1-1456548093,1.0042059373278063,1.0084601538358327,2480,0,1456549415946
production-topology4-4-1456548114,1.0590843349740164,1.0030909365471745,2020,0,1456549415946
production-topology3-3-1456548107,1.073652113758076,1.0055929946418138,2320,0,1456549415946
Running observer at: 1456549426442
production-topology2-2-1456548100,0.8908160970919822,1.0018339243562449,2020,0,1456549427038
production-topology1-1-1456548093,0.9194013215508319,1.0023574137748232,2340,0,1456549427038
production-topology4-4-1456548114,1.1024032689249026,1.0047291519566124,2120,0,1456549427038
production-topology3-3-1456548107,0.926743652173913,1.0067203548052637,2500,0,1456549427038
Running observer at: 1456549437781
production-topology2-2-1456548100,1.3007882693564956,1.014914040182636,1660,0,1456549438275
production-topology1-1-1456548093,0.9691889230453539,1.0006129972338609,2480,0,1456549438275
production-topology4-4-1456548114,0.9002154315221467,1.0013639466047455,2220,0,1456549438275
production-topology3-3-1456548107,0.9834429623967956,1.0017153475640377,2480,0,1456549438275
Running observer at: 1456549448842
production-topology2-2-1456548100,1.000919021755807,1.0151092038605873,2240,0,1456549449325
production-topology1-1-1456548093,1.127582322375581,1.006532393690848,2520,0,1456549449325
production-topology4-4-1456548114,1.0363119958609877,1.002943495963879,2300,0,1456549449325
production-topology3-3-1456548107,1.0430922374372624,1.0049950880021752,2480,0,1456549449325
Running observer at: 1456549459808
production-topology2-2-1456548100,0.8510846198944694,1.0097344579452847,2040,0,1456549460375
production-topology1-1-1456548093,0.9514587770595367,1.0044392343301562,2180,0,1456549460376
production-topology4-4-1456548114,0.9969608162379247,1.0038672879054344,2120,0,1456549460376
production-topology3-3-1456548107,1.064374755914922,1.0041231768549441,2260,0,1456549460376
Running observer at: 1456549471060
production-topology2-2-1456548100,1.1450108276105515,1.0121362729845071,1900,0,1456549471556
production-topology1-1-1456548093,1.1170907814763378,1.0046474267382974,2500,0,1456549471556
production-topology4-4-1456548114,0.9455129506544108,1.003251595872824,2300,0,1456549471556
production-topology3-3-1456548107,0.9454528842737921,1.0038372486678597,2540,0,1456549471556
Running observer at: 1456549482120
production-topology2-2-1456548100,0.925402652624813,1.0147883787920395,2020,0,1456549482636
production-topology1-1-1456548093,0.940010104697947,1.0059328386654878,2640,0,1456549482636
production-topology4-4-1456548114,1.1066739663349834,1.0058255838579822,2160,0,1456549482636
production-topology3-3-1456548107,0.982341719477538,1.0033192924608927,2400,0,1456549482637
Running observer at: 1456549493143
production-topology2-2-1456548100,1.0156194417165962,1.0076947785372845,1960,0,1456549493737
production-topology1-1-1456548093,1.0006682933652458,1.00399485826006,2080,0,1456549493737
production-topology4-4-1456548114,0.9529068543861897,1.0046804170939738,2140,0,1456549493737
production-topology3-3-1456548107,1.083439293810255,1.007178992140863,2220,0,1456549493737
Running observer at: 1456549504326
production-topology2-2-1456548100,1.0014911480386868,1.003646138345718,1880,0,1456549504907
production-topology1-1-1456548093,0.9572386366049058,1.0050974392446337,2580,0,1456549504907
production-topology4-4-1456548114,1.0307306133519947,1.0051595185594255,2060,0,1456549504907
production-topology3-3-1456548107,0.9636441901441584,1.0056317112946467,2460,0,1456549504907
Running observer at: 1456549515398
production-topology2-2-1456548100,0.994277728717345,1.00957632314029,2120,0,1456549515877
production-topology1-1-1456548093,1.0288655234263686,1.004203910892538,2500,0,1456549515877
production-topology4-4-1456548114,0.884261807639026,0.9997560572051089,2480,0,1456549515877
production-topology3-3-1456548107,0.9920890556858719,1.0020727519607675,2540,0,1456549515877
Running observer at: 1456549526350
production-topology2-2-1456548100,0.9629534324883907,1.0048047822957766,2020,0,1456549526874
production-topology1-1-1456548093,0.9052454122355438,1.0021354649945966,2240,0,1456549526874
production-topology4-4-1456548114,1.09852162387766,1.0032434188908934,2100,0,1456549526874
production-topology3-3-1456548107,0.9701159240283599,1.0038024274745883,2260,0,1456549526874
Running observer at: 1456549537499
production-topology2-2-1456548100,1.1613406707836924,1.0129748419515343,1760,0,1456549538108
production-topology1-1-1456548093,1.046664656425482,1.0017806590960732,2560,0,1456549538109
production-topology4-4-1456548114,1.075850787976691,1.0062778630131668,2060,0,1456549538109
production-topology3-3-1456548107,1.006092296883745,1.0037777449383183,2520,0,1456549538109
Running observer at: 1456549548641
production-topology2-2-1456548100,0.9618519278684141,1.0152869626907397,2200,0,1456549549169
production-topology1-1-1456548093,1.0470321568099161,1.0046601197884384,2580,0,1456549549169
production-topology4-4-1456548114,0.9462764760392051,1.0037699381525511,2380,0,1456549549169
production-topology3-3-1456548107,1.0426007946632225,1.003219303542693,2460,0,1456549549169
Running observer at: 1456549559643
production-topology2-2-1456548100,1.0754656662504336,1.0155060287788396,1940,0,1456549560151
production-topology1-1-1456548093,1.0046088085451488,1.004273994679359,2100,0,1456549560151
production-topology4-4-1456548114,0.9689116800297748,1.0030519409479415,2220,0,1456549560151
production-topology3-3-1456548107,1.009394781775779,1.0046384552971384,2320,0,1456549560151
Running observer at: 1456549570750
production-topology2-2-1456548100,0.9289153439153439,1.012236027061023,1840,0,1456549571376
production-topology1-1-1456548093,0.9653918139199978,1.0056166527998123,2600,0,1456549571376
production-topology4-4-1456548114,1.0175973732593753,1.0035217397676892,2020,0,1456549571377
production-topology3-3-1456548107,1.0046029583552933,1.0018284103545763,2500,0,1456549571377
Running observer at: 1456549581971
production-topology2-2-1456548100,0.8992694562258843,1.009587622006695,2180,0,1456549582523
production-topology1-1-1456548093,0.9581043956043953,1.00215387559603,2400,0,1456549582523
production-topology4-4-1456548114,1.0132648537896078,1.0022142148884048,2420,0,1456549582523
production-topology3-3-1456548107,0.9562849462802527,1.0000889055952915,2500,0,1456549582523
Running observer at: 1456549593000
production-topology2-2-1456548100,0.9945928437298451,1.0090333542215217,2060,0,1456549593505
production-topology1-1-1456548093,1.1066273900783639,1.0064271153260522,2240,0,1456549593505
production-topology4-4-1456548114,1.0065734353331133,1.0055407564576846,2200,0,1456549593505
production-topology3-3-1456548107,0.9621617498088431,1.0020437005704188,2260,0,1456549593506
Running observer at: 1456549604022
production-topology2-2-1456548100,1.089963202981525,1.0133760574144353,1700,0,1456549604726
production-topology1-1-1456548093,0.9332341277002824,1.0045347470034482,2720,0,1456549604726
production-topology4-4-1456548114,1.0531611938656842,1.0060058382031014,2000,0,1456549604727
production-topology3-3-1456548107,1.0804835661959489,1.0038714016835661,2520,0,1456549604727
Running observer at: 1456549615311
production-topology2-2-1456548100,0.9570813863207317,1.0018124438710594,2200,0,1456549615802
production-topology1-1-1456548093,1.1105152833412295,1.0085283178764357,2180,0,1456549615802
production-topology4-4-1456548114,0.9425855245927287,1.0009649669632181,2400,0,1456549615802
production-topology3-3-1456548107,0.9838753152548888,1.001571742674981,2580,0,1456549615802
Running observer at: 1456549626269
production-topology2-2-1456548100,0.9126065358520915,1.0019423086317762,2020,0,1456549626821
production-topology1-1-1456548093,0.9566695516218444,0.9995195989190732,2360,0,1456549626821
production-topology4-4-1456548114,1.0376649960648956,1.003613927126455,2200,0,1456549626821
production-topology3-3-1456548107,1.0069323760510294,1.001592062169871,2260,0,1456549626821
Running observer at: 1456549637284
production-topology2-2-1456548100,1.0570131777210385,1.0062273496586553,1780,0,1456549637838
production-topology1-1-1456548093,0.9285351210533693,0.9997253906408577,2640,0,1456549637838
production-topology4-4-1456548114,1.0125823010824684,1.007098607971616,2040,0,1456549637838
production-topology3-3-1456548107,0.9587786395391255,1.0031288168873929,2420,0,1456549637839
Running observer at: 1456549648491
production-topology2-2-1456548100,0.9977867496508427,1.0075646706251755,2080,0,1456549649114
production-topology1-1-1456548093,1.2308630088015262,1.009316333260335,2120,0,1456549649114
production-topology4-4-1456548114,0.932447767743974,0.9988218219110043,2180,0,1456549649114
production-topology3-3-1456548107,1.0281784711092339,1.0003581461916868,2400,0,1456549649115
Running observer at: 1456549659592
production-topology2-2-1456548100,1.0008890355831885,1.0038900446525394,2160,0,1456549660161
production-topology1-1-1456548093,0.8584465465838876,1.0074127571731262,2620,0,1456549660161
production-topology4-4-1456548114,1.0243697478991596,1.0034655762339848,2380,0,1456549660161
production-topology3-3-1456548107,0.9559415444348576,1.0020636932328166,2400,0,1456549660162
Running observer at: 1456549670627
production-topology2-2-1456548100,1.037029781013529,1.0114797022991213,1780,0,1456549671134
production-topology1-1-1456548093,1.0033339941093442,1.002476366073929,2620,0,1456549671134
production-topology4-4-1456548114,1.037086037086037,1.0035653088629153,2080,0,1456549671134
production-topology3-3-1456548107,1.1280826783444682,1.0050377920737035,2420,0,1456549671134
Running observer at: 1456549681759
production-topology2-2-1456548100,1.06860214898298,1.0036304003815781,2040,0,1456549682400
production-topology1-1-1456548093,1.0373911704104717,1.007383475180273,2080,0,1456549682400
production-topology4-4-1456548114,0.9751687894602387,1.0041699108332038,2120,0,1456549682400
production-topology3-3-1456548107,0.8835836253958218,1.001309238029254,2300,0,1456549682400
Running observer at: 1456549692887
production-topology2-2-1456548100,1.0333787731256086,1.0090893884594634,2100,0,1456549693467
production-topology1-1-1456548093,0.9737651436322774,1.006716111034761,2540,0,1456549693467
production-topology4-4-1456548114,1.0064881103993242,1.002887315090684,2400,0,1456549693467
production-topology3-3-1456548107,0.9801248933519162,0.9994129739689127,2540,0,1456549693467
Running observer at: 1456549703900
production-topology2-2-1456548100,0.8249308587297016,1.0046351317985016,1780,0,1456549704355
production-topology1-1-1456548093,1.0767817756119609,1.0070729070024853,2720,0,1456549704355
production-topology4-4-1456548114,0.964493554173676,1.0044443430189316,2120,0,1456549704355
production-topology3-3-1456548107,1.0376592536341707,1.0019507462900024,2480,0,1456549704355
Running observer at: 1456549714852
production-topology2-2-1456548100,1.2270117649058374,1.0110594767570573,1980,0,1456549715325
production-topology1-1-1456548093,1.0312514250568352,1.0070200658839095,2100,0,1456549715325
production-topology4-4-1456548114,0.9649263583507901,1.000761104122982,2200,0,1456549715325
production-topology3-3-1456548107,0.975489479836353,1.0010932706475288,2360,0,1456549715325
Running observer at: 1456549725929
production-topology2-2-1456548100,0.9650458510617629,1.0118674716753626,1760,0,1456549726625
production-topology1-1-1456548093,1.0199029108629152,1.0062393166683345,2540,0,1456549726625
production-topology4-4-1456548114,1.1459217053003345,1.00684768735721,1980,0,1456549726625
production-topology3-3-1456548107,1.0546394689275325,1.0020041200748133,2360,0,1456549726626
Running observer at: 1456549737140
production-topology2-2-1456548100,0.9124611337000716,1.011244305782747,2260,0,1456549737655
production-topology1-1-1456548093,1.0012781010179153,1.0070451138117542,2660,0,1456549737655
production-topology4-4-1456548114,0.9453385416666666,1.006143096595933,2400,0,1456549737655
production-topology3-3-1456548107,0.9581861478441505,1.0013827258929193,2580,0,1456549737656
Running observer at: 1456549748141
production-topology2-2-1456548100,0.9395269603006231,1.0044375502666094,2000,0,1456549748698
production-topology1-1-1456548093,1.0820504269875932,1.0096399301337469,2100,0,1456549748698
production-topology4-4-1456548114,0.9768337534981402,1.003401410546737,2220,0,1456549748698
production-topology3-3-1456548107,0.9964519437553647,0.9988093868928287,2340,0,1456549748698
Running observer at: 1456549759358
production-topology2-2-1456548100,0.9403704054566123,1.0060893605454304,1840,0,1456549760005
production-topology1-1-1456548093,0.9388036033733709,1.010286672861165,2500,0,1456549760005
production-topology4-4-1456548114,0.9706990034755748,0.9990112683650928,2060,0,1456549760005
production-topology3-3-1456548107,0.9763591067236079,1.0004632353778187,2360,0,1456549760005
Running observer at: 1456549770465
production-topology2-2-1456548100,1.050447699079632,0.997744674869535,2200,0,1456549770949
production-topology1-1-1456548093,0.9461742170703015,1.0095195159953299,2640,0,1456549770949
production-topology4-4-1456548114,1.0497067608848214,1.0039943126771818,2360,0,1456549770949
production-topology3-3-1456548107,1.0244787875722787,1.0018310962170014,2600,0,1456549770949
Running observer at: 1456549781428
production-topology2-2-1456548100,1.1499237041405712,1.002711497615694,1980,0,1456549781917
production-topology1-1-1456548093,0.9651028311727547,1.0041035329552357,2120,0,1456549781917
production-topology4-4-1456548114,1.0222064970397784,1.0035241293831416,2140,0,1456549781917
production-topology3-3-1456548107,0.9575212693821183,0.9989787306151633,2320,0,1456549781918
Running observer at: 1456549792568
production-topology2-2-1456548100,0.9559403099912742,1.0062066872855873,1700,0,1456549793233
production-topology1-1-1456548093,1.171503187613478,1.0114383466403671,2520,0,1456549793233
production-topology4-4-1456548114,1.0471324190240876,1.0051965161426806,2040,0,1456549793233
production-topology3-3-1456548107,1.0234528200420439,0.9976146660860673,2380,0,1456549793233
Running observer at: 1456549803737
production-topology2-2-1456548100,0.9880926304522495,1.000976080713644,2180,0,1456549804286
production-topology1-1-1456548093,0.9657274499379763,1.0063929022557552,2660,0,1456549804287
production-topology4-4-1456548114,0.952165528820027,1.005418268748201,2460,0,1456549804287
production-topology3-3-1456548107,0.9956725743734034,0.9992886557560544,2600,0,1456549804287
Running observer at: 1456549814756
production-topology2-2-1456548100,1.0053546224417782,1.0036411463742094,2080,0,1456549815223
production-topology1-1-1456548093,0.8631927633233692,1.0038323242099356,2160,0,1456549815224
production-topology4-4-1456548114,0.9600917880649447,1.0005321961391995,2160,0,1456549815224
production-topology3-3-1456548107,0.9792554539481624,0.9991857802384085,2140,0,1456549815224
Running observer at: 1456549825779
production-topology2-2-1456548100,1.115726490152602,1.006978047988743,1740,0,1456549826392
production-topology1-1-1456548093,0.9750594153958875,1.0029786949442903,2520,0,1456549826392
production-topology4-4-1456548114,1.057224467749232,1.0040094499179675,2080,0,1456549826392
production-topology3-3-1456548107,1.0317928976553328,0.9974642336999111,2560,0,1456549826392
Running observer at: 1456549836998
production-topology2-2-1456548100,1.0154791696072558,1.007444315374362,2160,0,1456549837409
production-topology1-1-1456548093,1.0852831887992311,1.0072468466841011,2460,0,1456549837409
production-topology4-4-1456548114,1.014435795851806,1.003466289334628,2120,0,1456549837409
production-topology3-3-1456548107,0.9640418647918052,0.9974774895214993,2540,0,1456549837410
Running observer at: 1456549847880
production-topology2-2-1456548100,0.9649802746855124,1.006467733573301,2040,0,1456549848415
production-topology1-1-1456548093,0.9082152874110224,1.0032251721502563,2140,0,1456549848415
production-topology4-4-1456548114,1.0175867916703694,1.0079104554690064,2400,0,1456549848416
production-topology3-3-1456548107,0.992061619141265,0.9974765749700123,2260,0,1456549848416
Running observer at: 1456549858864
production-topology2-2-1456548100,0.983063578101438,1.0071380717604024,1680,0,1456549859341
production-topology1-1-1456548093,1.1217924925059821,1.0104434081592708,2660,0,1456549859341
production-topology4-4-1456548114,1.0313680270466072,1.0056720022413044,2020,0,1456549859341
production-topology3-3-1456548107,1.0759023659356108,1.0010027897002542,2400,0,1456549859341
Running observer at: 1456549869933
production-topology2-2-1456548100,0.9193649152932061,0.9990722132440528,2040,0,1456549870598
production-topology1-1-1456548093,0.9551382813247861,1.0073925289892476,2180,0,1456549870598
production-topology4-4-1456548114,0.9999597671656155,1.0031423015476022,2220,0,1456549870598
production-topology3-3-1456548107,0.9853987759689513,1.0003130056697611,2280,0,1456549870598
Running observer at: 1456549881092
production-topology2-2-1456548100,1.010588979182244,1.0006967816211805,2220,0,1456549881625
production-topology1-1-1456548093,1.0830623292349726,1.0085935347367496,2440,0,1456549881626
production-topology4-4-1456548114,0.9677738380410064,1.0038588802809953,2360,0,1456549881626
production-topology3-3-1456548107,0.9688923725468577,0.9978560582658823,2580,0,1456549881626
Running observer at: 1456549892105
production-topology2-2-1456548100,1.0772891978952583,1.0007575660093413,1760,0,1456549892678
production-topology1-1-1456548093,0.9264503710200983,1.0059882534859146,2620,0,1456549892678
production-topology4-4-1456548114,0.9613786719075645,1.003607780010255,2140,0,1456549892678
production-topology3-3-1456548107,1.0794246732261876,1.0001903879808962,2440,0,1456549892678
Running observer at: 1456549903257
production-topology2-2-1456548100,0.9200599210480634,1.0004623852470989,2080,0,1456549903879
production-topology1-1-1456548093,0.9834986497150466,1.0065918146790827,2200,0,1456549903879
production-topology4-4-1456548114,0.981812572426144,1.002414953315814,2140,0,1456549903879
production-topology3-3-1456548107,0.9364129254536024,0.9979173868841732,2280,0,1456549903879
Running observer at: 1456549914369
production-topology2-2-1456548100,1.1086763848396501,1.007442616200891,2100,0,1456549914912
production-topology1-1-1456548093,1.1084878755865664,1.011604597345155,2480,0,1456549914912
production-topology4-4-1456548114,1.019409696794785,1.0026197814159865,2300,0,1456549914912
production-topology3-3-1456548107,0.9802222761830515,0.998715297880933,2560,0,1456549914912
Running observer at: 1456549925402
production-topology2-2-1456548100,0.9448884188857951,1.0057858020394226,1800,0,1456549925742
production-topology1-1-1456548093,0.9117270828269325,1.005107920436774,2700,0,1456549925742
production-topology4-4-1456548114,1.0221330228674372,1.0031384343337975,2160,0,1456549925742
production-topology3-3-1456548107,1.0794942513179762,1.0026263812645708,2380,0,1456549925742
Running observer at: 1456549936092
production-topology2-2-1456548100,0.9691305455471851,1.0017580467916114,1700,0,1456549936462
production-topology1-1-1456548093,4.0,1.1073334495134313,60,0,1456549936462
production-topology4-4-1456548114,1.0033038327710149,1.0014765222973083,2140,0,1456549936463
production-topology3-3-1456548107,0.9648562801299683,0.9987721383957047,2300,0,1456549936463
Running observer at: 1456549946795
production-topology2-2-1456548100,1.0,1.003188667247587,0,0,1456549947151
production-topology1-1-1456548093,1.0,1.1036496067353905,0,0,1456549947151
production-topology4-4-1456548114,0.9961859383388774,1.003263202755513,2080,0,1456549947152
production-topology3-3-1456548107,1.0153729446943824,0.9998220593770211,1260,0,1456549947152
