Running observer at: 1456804784014
production-topology1-1-1456804783,0.0,0.0,0,0,1456804784298
Running observer at: 1456804785131
production-topology1-1-1456804783,0.0,0.0,0,0,1456804785419
Running observer at: 1456804790724
production-topology2-2-1456804790,0.0,0.0,0,0,1456804791117
production-topology1-1-1456804783,0.0,0.0,0,0,1456804791117
Running observer at: 1456804795770
production-topology2-2-1456804790,0.0,0.0,0,0,1456804796210
production-topology1-1-1456804783,0.0,0.0,0,0,1456804796210
Running observer at: 1456804797685
production-topology2-2-1456804790,0.0,0.0,0,0,1456804798172
production-topology3-3-1456804797,0.0,0.0,0,0,1456804798172
production-topology1-1-1456804783,0.0,0.0,160,0,1456804798172
Running observer at: 1456804805046
production-topology4-4-1456804804,0.0,0.0,0,0,1456804805690
production-topology2-2-1456804790,0.0,0.0,60,0,1456804805690
production-topology3-3-1456804797,0.0,0.0,0,0,1456804805690
production-topology1-1-1456804783,1.4151724137931032,0.2358620689655172,580,120,1456804805691
Running observer at: 1456804806668
production-topology4-4-1456804804,0.0,0.0,0,0,1456804807265
production-topology2-2-1456804790,0.0,0.0,0,0,1456804807266
production-topology3-3-1456804797,0.0,0.0,0,0,1456804807266
production-topology1-1-1456804783,0.8619528619528618,0.32530361082085213,220,120,1456804807266
Running observer at: 1456804817982
production-topology4-4-1456804804,0.0,0.0,0,0,1456804818565
production-topology2-2-1456804790,0.9548972312344115,0.15914953853906857,1620,980,1456804818565
production-topology3-3-1456804797,0.11666666666666667,0.029166666666666667,320,80,1456804818565
production-topology1-1-1456804783,1.1190049465911536,0.42451627779213985,2340,1760,1456804818565
Running observer at: 1456804829207
production-topology4-4-1456804804,1.0102576567817207,0.2525644141954302,1000,1620,1456804829990
production-topology2-2-1456804790,1.0941164667890424,0.2927162425747791,1900,1320,1456804829991
production-topology3-3-1456804797,1.1090450204219404,0.24514233741772143,2160,4220,1456804829991
production-topology1-1-1456804783,1.0089044303605772,0.4894482947441884,2160,1460,1456804829991
Running observer at: 1456804840599
production-topology4-4-1456804804,0.946676226204396,0.3913867765972233,2200,4040,1456804841244
production-topology2-2-1456804790,1.0802325859634847,0.39115578549836727,2440,1540,1456804841245
production-topology3-3-1456804797,0.9974881705331065,0.3705333096036189,2400,4380,1456804841245
production-topology1-1-1456804783,1.0430016813488678,0.5448036334046563,2220,1480,1456804841245
Running observer at: 1456804851954
production-topology4-4-1456804804,0.9908945484136246,0.49130473856662354,2280,4040,1456804852551
production-topology2-2-1456804790,0.9168501691441049,0.44956627257011594,2300,1480,1456804852551
production-topology3-3-1456804797,1.0431133237206125,0.4666161687631894,1900,3460,1456804852551
production-topology1-1-1456804783,0.9039366098118516,0.5774520858053104,2360,1480,1456804852551
Running observer at: 1456804863117
production-topology4-4-1456804804,1.084187660054378,0.5760022987791599,2420,4440,1456804863679
production-topology2-2-1456804790,0.9590777730294106,0.5005174226160454,2120,1400,1456804863679
production-topology3-3-1456804797,0.9795462960169137,0.5307324346699049,2340,4120,1456804863679
production-topology1-1-1456804783,1.10232667517539,0.6211916349194837,2380,1500,1456804863680
Running observer at: 1456804874304
production-topology4-4-1456804804,0.9645005370569281,0.6245645785638809,1880,3460,1456804874946
production-topology2-2-1456804790,1.0113535462372674,0.5469570702179747,2180,1360,1456804874946
production-topology3-3-1456804797,1.0027292391238793,0.5831765240536799,2420,4400,1456804874946
production-topology1-1-1456804783,0.8896853010404513,0.6418449938518658,1860,1200,1456804874947
Running observer at: 1456804885635
production-topology4-4-1456804804,0.9759110442459973,0.6636030747507827,2360,4160,1456804886191
production-topology2-2-1456804790,1.0939757752768309,0.5925419623062127,2280,1440,1456804886192
production-topology3-3-1456804797,1.0189063862544434,0.6267495102737562,2320,4140,1456804886192
production-topology1-1-1456804783,0.9803275413493574,0.6660223186731152,2400,1500,1456804886192
Running observer at: 1456804896795
production-topology4-4-1456804804,0.9486680730170503,0.6921095745774094,2380,4220,1456804897311
production-topology2-2-1456804790,1.0096786352174503,0.6246293986840001,2460,1580,1456804897311
production-topology3-3-1456804797,1.001462812795222,0.6608143559575259,2020,3700,1456804897311
production-topology1-1-1456804783,0.9932699804184646,0.6878388294561385,2320,1500,1456804897312
Running observer at: 1456804907895
production-topology4-4-1456804804,1.0266532746577124,0.7225226382210733,1980,3520,1456804908557
production-topology2-2-1456804790,0.955927855350653,0.6482935741601896,1880,1180,1456804908558
production-topology3-3-1456804797,1.0451856395427654,0.6928452962562958,2180,4080,1456804908558
production-topology1-1-1456804783,1.1029380084258742,0.7137825281417469,2140,1400,1456804908558
Running observer at: 1456804919167
production-topology4-4-1456804804,1.0391764689715823,0.7489104574502824,2260,4140,1456804919756
production-topology2-2-1456804790,0.907450262503454,0.6655706867164073,2340,1500,1456804919756
production-topology3-3-1456804797,0.9385613091864318,0.7117465280201524,2520,4320,1456804919756
production-topology1-1-1456804783,0.995507879338824,0.7303546076239279,2120,1420,1456804919757
Running observer at: 1456804930302
production-topology4-4-1456804804,0.9468989626440307,0.7641403424651861,2380,4340,1456804930838
production-topology2-2-1456804790,1.098067611355389,0.6926017445063437,2320,1580,1456804930838
production-topology3-3-1456804797,0.9850737306528439,0.7312698996367732,1900,3440,1456804930838
production-topology1-1-1456804783,1.050540047154099,0.7481426875978263,2240,1540,1456804930838
Running observer at: 1456804941333
production-topology4-4-1456804804,1.0881360226603372,0.7872828910505542,1920,3480,1456804942002
production-topology2-2-1456804790,0.8923667325597102,0.7043526261565417,1960,1260,1456804942002
production-topology3-3-1456804797,1.007215043833702,0.7496662425832351,2240,4180,1456804942002
production-topology1-1-1456804783,0.9190062598731524,0.7571355071912645,2180,1380,1456804942003
Running observer at: 1456804952508
production-topology4-4-1456804804,0.9643947695229744,0.7990903496153821,2340,4020,1456804953046
production-topology2-2-1456804790,1.159659772003305,0.729647467592473,2260,1420,1456804953047
production-topology3-3-1456804797,1.0384692017853399,0.7677164275333667,2460,4280,1456804953047
production-topology1-1-1456804783,1.1056103974156712,0.7745592517024849,2160,1380,1456804953047
Running observer at: 1456804963631
production-topology4-4-1456804804,1.0092879489944624,0.8122276995765746,2420,4340,1456804964356
production-topology2-2-1456804790,0.8619001058276725,0.7366081327627466,2420,1520,1456804964356
production-topology3-3-1456804797,0.9959349825240084,0.7811410484151692,1880,3480,1456804964357
production-topology1-1-1456804783,0.9460528813786112,0.7827256150203956,2340,1480,1456804964357
Running observer at: 1456804974880
production-topology4-4-1456804804,0.9903982149436571,0.8227083181275794,2040,3600,1456804975568
production-topology2-2-1456804790,1.0716576287981106,0.7533606075645148,1940,1300,1456804975568
production-topology3-3-1456804797,1.0055274789326711,0.793606961221697,2320,4200,1456804975569
production-topology1-1-1456804783,1.027136723454553,0.7938352108583119,2160,1340,1456804975569
Running observer at: 1456804986051
production-topology4-4-1456804804,1.0084012868756034,0.8330245941691363,2140,3980,1456804986599
production-topology2-2-1456804790,0.9918968663519667,0.764719477030584,2260,1420,1456804986599
production-topology3-3-1456804797,0.9478453716690043,0.8017247722978711,2400,4200,1456804986599
production-topology1-1-1456804783,0.892385738682765,0.7981200164158969,2160,1400,1456804986600
Running observer at: 1456804997181
production-topology4-4-1456804804,0.9976004046233549,0.8416864789298847,2360,4320,1456804997746
production-topology2-2-1456804790,0.9775356942889135,0.7743929414514171,2440,1540,1456804997747
production-topology3-3-1456804797,1.0951126697100368,0.8163941671684795,1860,3500,1456804997747
production-topology1-1-1456804783,1.1083330707433892,0.811045560346209,2260,1480,1456804997747
Running observer at: 1456805008313
production-topology4-4-1456804804,0.9211010249157431,0.8456572062291776,2160,3620,1456805008970
production-topology2-2-1456804790,1.012897332125642,0.7847626975676879,1920,1220,1456805008970
production-topology3-3-1456804797,0.9603741252314453,0.8232503556476684,2400,4100,1456805008970
production-topology1-1-1456804783,1.0915722013867135,0.8222666259878292,2160,1320,1456805008970
Running observer at: 1456805019490
production-topology4-4-1456804804,1.0596687488907957,0.8558482320702071,2080,4000,1456805020027
production-topology2-2-1456804790,0.9827700695488065,0.7930130047335678,2300,1480,1456805020027
production-topology3-3-1456804797,0.9907128911278555,0.830862289078586,2320,4400,1456805020027
production-topology1-1-1456804783,1.0290098114967356,0.830218286968941,2160,1320,1456805020028
Running observer at: 1456805030596
production-topology4-4-1456804804,1.0024141520743042,0.8625103193431207,2400,4380,1456805031140
production-topology2-2-1456804790,1.1587894848991769,0.8076440639401922,2360,1520,1456805031141
production-topology3-3-1456804797,1.059575548974254,0.8408063438566585,1980,3440,1456805031141
production-topology1-1-1456804783,0.9567051346420056,0.8349029850309064,2280,1480,1456805031141
Running observer at: 1456805041746
production-topology4-4-1456804804,1.0364385889138363,0.8700724180201083,2100,3700,1456805042433
production-topology2-2-1456804790,0.8757095236571643,0.8102619662369988,1940,1240,1456805042434
production-topology3-3-1456804797,0.9893248912759264,0.8469946166657948,2340,4120,1456805042434
production-topology1-1-1456804783,1.0332117082817653,0.8419854394327227,2180,1420,1456805042434
Running observer at: 1456805052961
production-topology4-4-1456804804,0.9969307104723772,0.8753581802056195,2160,3900,1456805053491
production-topology2-2-1456804790,1.090642928098938,0.8206464463059595,2420,1560,1456805053491
production-topology3-3-1456804797,0.9803422205397889,0.8523285208207545,2340,4200,1456805053492
production-topology1-1-1456804783,1.0472920224985685,0.8490649767798208,2220,1400,1456805053492
Running observer at: 1456805064116
production-topology4-4-1456804804,0.9643089524451497,0.8789162110952007,2420,4320,1456805064701
production-topology2-2-1456804790,0.9988683676737481,0.8270115149262376,2240,1440,1456805064702
production-topology3-3-1456804797,1.0723727805381804,0.8607917615791171,1880,3480,1456805064702
production-topology1-1-1456804783,1.0479366354174358,0.8556940320677414,2300,1520,1456805064702
Running observer at: 1456805075283
production-topology4-4-1456804804,1.0684549697789931,0.8862061633522698,2400,4340,1456805075843
production-topology2-2-1456804790,1.0373068533782823,0.8342630783211358,2220,1360,1456805075843
production-topology3-3-1456804797,0.9863759782763653,0.8654430288642003,2420,4220,1456805075843
production-topology1-1-1456804783,0.9060775862068966,0.885896618274638,2320,1460,1456805075843
Running observer at: 1456805086416
production-topology4-4-1456804804,0.9712096654364544,0.8893544412072395,1800,3260,1456805086940
production-topology2-2-1456804790,1.0224701139151817,0.8405366461742706,2120,1400,1456805086940
production-topology3-3-1456804797,1.0475142775688127,0.8719455734607936,2280,4320,1456805086941
production-topology1-1-1456804783,1.0680842948068527,0.9214994281015331,2020,1340,1456805086941
Running observer at: 1456805097562
production-topology4-4-1456804804,1.0061148776311488,0.8935244567938077,2360,4360,1456805098138
production-topology2-2-1456804790,0.9643487786855628,0.8726816054637894,2300,1500,1456805098138
production-topology3-3-1456804797,0.9385433598383341,0.8742420488531226,2060,3600,1456805098139
production-topology1-1-1456804783,0.9300705662310992,0.9525017803092363,2260,1480,1456805098139
Running observer at: 1456805108691
production-topology4-4-1456804804,1.0560463040184551,0.8991286584222438,2380,4280,1456805109194
production-topology2-2-1456804790,0.9839664450775563,0.9054804869663745,2180,1320,1456805109194
production-topology3-3-1456804797,0.9962103118357952,0.8783076576192117,2160,3940,1456805109194
production-topology1-1-1456804783,1.1484614484153775,0.9907838285897489,2360,1480,1456805109195
Running observer at: 1456805119626
production-topology4-4-1456804804,0.9269953311248265,0.9000575475123298,1860,3200,1456805120171
production-topology2-2-1456804790,1.0233627944937387,0.9395925801161659,2120,1420,1456805120171
production-topology3-3-1456804797,0.9951387989813323,0.9114789509185894,2460,4320,1456805120171
production-topology1-1-1456804783,0.8291537105501554,1.0184222856080873,1880,1200,1456805120171
Running observer at: 1456805130782
production-topology4-4-1456804804,0.9575688153181263,0.9319765080229341,2460,4260,1456805131433
production-topology2-2-1456804790,0.9827788782916985,0.9723518760592225,2400,1460,1456805131433
production-topology3-3-1456804797,1.0344423594356575,0.945960362899778,1920,3460,1456805131434
production-topology1-1-1456804783,1.1029001883239171,1.0080132114257812,2400,1520,1456805131434
Running observer at: 1456805142041
production-topology4-4-1456804804,0.9757021456123431,0.9644999128766788,2400,4420,1456805142578
production-topology2-2-1456804790,1.0623478460076303,1.0077634709261434,2220,1540,1456805142578
production-topology3-3-1456804797,1.0326141089580798,0.9803808331983807,2260,4120,1456805142578
production-topology1-1-1456804783,0.8623896464616055,1.008027770909406,2300,1480,1456805142578
Running observer at: 1456805153120
production-topology4-4-1456804804,1.0406710623853928,0.9991889482895252,1900,3400,1456805153643
production-topology2-2-1456804790,0.8970640683935841,1.0058356988314492,2120,1240,1456805153644
production-topology3-3-1456804797,1.0422525624519485,1.0112336963912234,2380,4320,1456805153644
production-topology1-1-1456804783,1.0251959205582393,1.0049008033749756,2160,1360,1456805153644
Running observer at: 1456805164204
production-topology4-4-1456804804,1.0224452051295154,0.9995951999011182,2300,4160,1456805164757
production-topology2-2-1456804790,0.9826988809289694,1.00212177930278,2160,1460,1456805164757
production-topology3-3-1456804797,0.8941441174192937,1.004070332957802,2120,3680,1456805164757
production-topology1-1-1456804783,0.9836677471939613,1.0040595806027552,2140,1400,1456805164758
Running observer at: 1456805175368
production-topology4-4-1456804804,0.9924098450146233,1.001119653861459,2360,4300,1456805175903
production-topology2-2-1456804790,1.127577660102948,1.003699948440762,2480,1560,1456805175903
production-topology3-3-1456804797,1.0098384876060806,1.0044820101935676,2140,3960,1456805175903
production-topology1-1-1456804783,1.2868664705980353,1.0121884069110607,2240,1480,1456805175903
Running observer at: 1456805186466
production-topology4-4-1456804804,1.0294828339471196,1.002405930045909,1920,3540,1456805187014
production-topology2-2-1456804790,0.8990800730456895,1.003107611904148,1900,1180,1456805187015
production-topology3-3-1456804797,1.0603139564271602,1.0050553646171192,2380,4280,1456805187015
production-topology1-1-1456804783,0.8553622259381745,1.010569260781938,2180,1300,1456805187015
Running observer at: 1456805197638
production-topology4-4-1456804804,1.005217391304348,0.9997735877542414,2300,4100,1456805198177
production-topology2-2-1456804790,1.0128359701063876,1.0048995518067139,2300,1480,1456805198177
production-topology3-3-1456804797,0.9844379585074808,1.0052184200334715,2240,3980,1456805198177
production-topology1-1-1456804783,1.0185302408377317,1.007776046304016,2160,1440,1456805198178
Running observer at: 1456805208776
production-topology4-4-1456804804,0.9734453953616748,1.000071749697733,2380,4340,1456805209273
production-topology2-2-1456804790,0.9809476094276095,1.0038860205797253,2400,1520,1456805209274
production-topology3-3-1456804797,0.9961056379312809,1.0049976333270514,2000,3600,1456805209274
production-topology1-1-1456804783,0.8610815857497792,1.0068225891276605,2300,1400,1456805209274
Running observer at: 1456805219863
production-topology4-4-1456804804,1.0109751733053036,1.00124055399971,2000,3440,1456805220378
production-topology2-2-1456804790,1.191219624900023,1.0071274822338316,1880,1240,1456805220378
production-topology3-3-1456804797,1.0698372402370087,1.0066953284598035,2420,4380,1456805220378
production-topology1-1-1456804783,1.0065515242642893,1.0076967218914914,2260,1440,1456805220378
Running observer at: 1456805231016
production-topology4-4-1456804804,1.0447344068339492,1.0044427651269399,2280,4160,1456805231564
production-topology2-2-1456804790,0.8702172757027195,1.0024787702500073,2360,1520,1456805231564
production-topology3-3-1456804797,0.8472155475472907,1.001553752951539,2200,3840,1456805231564
production-topology1-1-1456804783,0.9660884597776548,1.0067906712034644,2020,1340,1456805231564
Running observer at: 1456805242146
production-topology4-4-1456804804,0.9836557738162015,1.0030095150988894,2380,4320,1456805242685
production-topology2-2-1456804790,1.0629137445107164,1.0060449665553428,2420,1500,1456805242685
production-topology3-3-1456804797,1.0755995713821394,1.0025675506795184,1980,3660,1456805242685
production-topology1-1-1456804783,1.201683855646972,1.0100821994441678,2300,1460,1456805242686
Running observer at: 1456805253189
production-topology4-4-1456804804,0.9223930636010033,0.9991167349198701,1860,3280,1456805253683
production-topology2-2-1456804790,1.1181067562311249,1.0130668496795985,1860,1260,1456805253683
production-topology3-3-1456804797,1.045488470023813,1.0061317893740975,2400,4420,1456805253684
production-topology1-1-1456804783,0.9506816861627968,1.0085879930049668,2240,1420,1456805253684
Running observer at: 1456805264333
production-topology4-4-1456804804,1.0241448413165586,1.0016915975422878,2340,4220,1456805264926
production-topology2-2-1456804790,0.9980945083014049,1.0097344129111323,2320,1480,1456805264926
production-topology3-3-1456804797,0.9042800555912516,1.0034386668720443,2180,3860,1456805264926
production-topology1-1-1456804783,1.1077907742174566,1.0104963505737454,2080,1340,1456805264926
Running observer at: 1456805275492
production-topology4-4-1456804804,1.0208878291818841,0.9994499910930063,2420,4360,1456805276007
production-topology2-2-1456804790,0.934155374887082,1.011127367655378,2360,1600,1456805276007
production-topology3-3-1456804797,0.9777353977761498,1.0024560120034596,2060,3680,1456805276008
production-topology1-1-1456804783,0.8741482288715743,1.0090010828736928,2360,1520,1456805276008
Running observer at: 1456805286512
production-topology4-4-1456804804,0.9979839333481275,1.000569629887178,1920,3500,1456805287046
production-topology2-2-1456804790,0.8785101082594472,1.0017557121972496,2000,1160,1456805287046
production-topology3-3-1456804797,1.0685837278214414,1.0034598295379962,2380,4340,1456805287046
production-topology1-1-1456804783,0.8983537589171391,1.0020925282570752,2100,1360,1456805287046
Running observer at: 1456805297671
production-topology4-4-1456804804,1.0168915497315172,1.0008230832450797,2260,4060,1456805298300
production-topology2-2-1456804790,1.0846809031102966,1.009181738773337,2240,1440,1456805298300
production-topology3-3-1456804797,1.038842565218712,1.0048900822944862,2220,3960,1456805298300
production-topology1-1-1456804783,1.0135895838301807,1.0043437516721274,2340,1420,1456805298300
Running observer at: 1456805308838
production-topology4-4-1456804804,0.9388339775496519,0.9991042753319463,2480,4300,1456805309364
production-topology2-2-1456804790,1.0645893502203614,1.0089461294874122,2420,1560,1456805309364
production-topology3-3-1456804797,0.9546462979484942,1.003194042928347,2060,3640,1456805309365
production-topology1-1-1456804783,1.2654213416388356,1.0122865722782701,2160,1480,1456805309365
Running observer at: 1456805319876
production-topology4-4-1456804804,1.0656692934220335,1.001013208883494,1840,3520,1456805320411
production-topology2-2-1456804790,0.9348035886134617,1.0070430202294622,1880,1180,1456805320411
production-topology3-3-1456804797,0.9778497957542129,1.004194190397854,2440,4380,1456805320411
production-topology1-1-1456804783,0.9164584154531382,1.0130889948372828,2160,1400,1456805320411
Running observer at: 1456805331036
production-topology4-4-1456804804,0.9844712297884727,1.0005755697223313,2340,4060,1456805331543
production-topology2-2-1456804790,1.0469942020140375,1.0093583038202998,2260,1500,1456805331543
production-topology3-3-1456804797,1.0672543475941532,1.0032655796606578,2160,3820,1456805331543
production-topology1-1-1456804783,1.0212657021554559,1.010186749217685,2180,1380,1456805331543
Running observer at: 1456805342148
production-topology4-4-1456804804,0.962627761848541,1.001959794286758,2400,4400,1456805342654
production-topology2-2-1456804790,0.9664395392457108,1.007809710724302,2440,1540,1456805342654
production-topology3-3-1456804797,0.9827455694256115,1.0040112944671302,1940,3640,1456805342655
production-topology1-1-1456804783,0.9263661654966002,1.004679881354681,2300,1460,1456805342655
Running observer at: 1456805353189
production-topology4-4-1456804804,1.0294258688753182,1.0009516982862419,1960,3480,1456805353720
production-topology2-2-1456804790,0.9861972125581299,1.0079239488246128,1900,1260,1456805353720
production-topology3-3-1456804797,0.9979666087901621,1.0042530850558735,2480,4400,1456805353720
production-topology1-1-1456804783,1.0252746707925107,1.00455537666454,2120,1320,1456805353721
Running observer at: 1456805364308
production-topology4-4-1456804804,1.058903019554017,1.0028346605355656,2240,4060,1456805364857
production-topology2-2-1456804790,1.0371280646416798,1.003868568149363,2200,1500,1456805364857
production-topology3-3-1456804797,1.0564282184880538,1.0041481740396667,2040,3820,1456805364857
production-topology1-1-1456804783,1.038487282463186,1.0072814482585795,2160,1400,1456805364857
Running observer at: 1456805375492
production-topology4-4-1456804804,1.0149430805678543,1.0021181435906994,2420,4320,1456805376036
production-topology2-2-1456804790,1.0165417462294175,1.0085629755684382,2500,1500,1456805376036
production-topology3-3-1456804797,0.9937496538240911,1.0042956661246059,2060,3700,1456805376036
production-topology1-1-1456804783,0.8984280812085943,1.0027886606894738,2320,1500,1456805376036
Running observer at: 1456805386513
production-topology4-4-1456804804,0.9166778698045996,0.9994430489017735,1920,3420,1456805387050
production-topology2-2-1456804790,1.00112263921904,1.0055789659391083,1920,1240,1456805387050
production-topology3-3-1456804797,0.9511108958753434,1.003321288635791,2420,4240,1456805387050
production-topology1-1-1456804783,0.9065499939491544,0.9980972597378267,2140,1320,1456805387050
/var/nimbus/storm/bin/storm rebalance production-topology1 -e spout_head=11
1456805387475
/var/nimbus/storm/bin/storm rebalance production-topology1 -e spout_head=10
Running observer at: 1456805397744
production-topology4-4-1456804804,1.0818213589765315,1.0033601291194862,2320,4200,1456805398307
production-topology2-2-1456804790,1.0904882635619706,1.0086329624687158,2240,1500,1456805398308
production-topology3-3-1456804797,1.0275679499732235,1.0018277942836258,2160,3920,1456805398308
production-topology1-1-1456804783,0.9997472802749695,0.9997472802749695,118160,75640,1456805398308
Running observer at: 1456805408859
production-topology4-4-1456804804,0.951118993785872,0.9994489299197153,2360,4320,1456805409405
production-topology2-2-1456804790,0.9290940349235004,1.0050258685202231,2400,1520,1456805409405
production-topology3-3-1456804797,1.0037808065720686,1.002407955226816,2080,3640,1456805409405
production-topology1-1-1456804783,3.4375000000000004,2.218623640137485,120,180,1456805409405
Running observer at: 1456805419947
production-topology4-4-1456804804,0.9806140293971095,0.9997624087184038,1940,3460,1456805420482
production-topology2-2-1456804790,0.9960053768106525,1.0041437106167386,1940,1280,1456805420483
production-topology3-3-1456804797,1.016525507296936,1.0013749962177534,2340,4360,1456805420483
production-topology1-1-1456804783,1.0,1.8124157600916566,0,0,1456805420483
Running observer at: 1456805426496
production-topology4-4-1456804804,0.9910110885027275,0.9992589490807899,1380,2340,1456805427110
production-topology2-2-1456804790,0.8242852481519403,0.9994749262656178,1240,740,1456805427110
production-topology3-3-1456804797,0.97499221216884,1.0025899579621036,1240,2140,1456805427111
production-topology1-1-1456804783,1.0,1.6093118200687424,0,0,1456805427111
Running observer at: 1456805431114
production-topology4-4-1456804804,0.9448376220053238,0.9955519930136855,920,1720,1456805431671
production-topology2-2-1456804790,1.2098980044345895,1.0070059782441856,1080,720,1456805431671
production-topology3-3-1456804797,1.0793393450160935,1.0053609257347802,1000,1760,1456805431671
production-topology1-1-1456804783,0.9928928702678423,1.4860280301085624,71520,45500,1456805431671
Running observer at: 1456805442225
production-topology4-4-1456804804,1.0358731179084928,0.9991812525731409,2420,4400,1456805442804
production-topology2-2-1456804790,1.0289186428067483,1.0071911731879526,2420,1520,1456805442804
production-topology3-3-1456804797,0.9767071822561839,1.0047465385106087,2000,3660,1456805442804
production-topology1-1-1456804783,0.7115269655620532,1.3569445193508107,1900,880,1456805442804
Running observer at: 1456805453371
production-topology4-4-1456804804,1.0485179503360862,1.002212890407073,1880,3420,1456805453973
production-topology2-2-1456804790,0.8800769930352885,1.003767777012739,1900,1180,1456805453973
production-topology3-3-1456804797,1.0111648144954666,1.0039706203459355,2440,4380,1456805453973
production-topology1-1-1456804783,0.9103744121205007,1.2931487897464806,2500,1660,1456805453973
Running observer at: 1456805464523
production-topology4-4-1456804804,0.931400148552973,1.0007361571717608,2320,4160,1456805465083
production-topology2-2-1456804790,0.9829829590699155,1.0011222807814817,2280,1500,1456805465084
production-topology3-3-1456804797,0.9371919148643197,1.0007898805428104,2200,3880,1456805465084
production-topology1-1-1456804783,1.0991479534307698,1.2688986852070168,2300,1480,1456805465084
Running observer at: 1456805475689
production-topology4-4-1456804804,1.0226943456906783,1.000136933281937,2420,4340,1456805476230
production-topology2-2-1456804790,0.9479415177063665,1.0028181957585744,2420,1600,1456805476231
production-topology3-3-1456804797,1.0595857568432931,1.0013676536891885,2020,3640,1456805476231
production-topology1-1-1456804783,1.0138779261071138,1.2405630453070275,2460,1660,1456805476231
Running observer at: 1456805486773
production-topology4-4-1456804804,1.0685729378914552,1.0016745243740015,1900,3440,1456805487263
production-topology2-2-1456804790,1.058920621705576,1.0053589204511277,1880,1240,1456805487263
production-topology3-3-1456804797,0.9498626880179264,1.0032249393758095,2460,4360,1456805487264
production-topology1-1-1456804783,0.9921227367008097,1.2157190144464056,2580,1580,1456805487264
Running observer at: 1456805497927
production-topology4-4-1456804804,0.9086922157582467,0.9988839367321224,2320,4080,1456805498499
production-topology2-2-1456804790,0.9934639476495281,1.0008884633693471,2300,1480,1456805498499
production-topology3-3-1456804797,1.0932674581495712,1.0060059050605927,2120,3980,1456805498499
production-topology1-1-1456804783,1.0155752753977965,1.1975241290783503,2260,1440,1456805498499
Running observer at: 1456805509024
production-topology4-4-1456804804,1.0959871311724756,1.0011007466396342,2360,4340,1456805509565
production-topology2-2-1456804790,1.124769326968537,1.0084114385001086,2400,1500,1456805509565
production-topology3-3-1456804797,0.9694141407706063,1.0029759112053742,2040,3640,1456805509565
production-topology1-1-1456804783,0.8735657724628313,1.1705275993603903,2520,1620,1456805509565
Running observer at: 1456805520060
production-topology4-4-1456804804,0.9559778281458821,0.9994594278676855,1940,3460,1456805520578
production-topology2-2-1456804790,1.003962962472815,1.0081156715789896,1860,1160,1456805520578
production-topology3-3-1456804797,1.0483774254401725,1.0051072267697974,2420,4360,1456805520578
production-topology1-1-1456804783,1.146638297131718,1.1686899607274155,2520,1660,1456805520578
Running observer at: 1456805531241
production-topology4-4-1456804804,1.0567938242356847,1.0022377088301524,2300,4180,1456805531822
production-topology2-2-1456804790,0.8590176576959899,1.0040513398546023,2380,1460,1456805531822
production-topology3-3-1456804797,0.9082895771146522,1.0021800247425763,2220,3900,1456805531823
production-topology1-1-1456804783,1.0496014627317658,1.160183639442012,2220,1480,1456805531823
Running observer at: 1456805542344
production-topology4-4-1456804804,1.0211565734983592,1.0025770888365877,2420,4260,1456805542826
production-topology2-2-1456804790,1.1625414090997725,1.0030953993279272,2320,1620,1456805542826
production-topology3-3-1456804797,1.0474008650562994,1.0014321455698858,2020,3660,1456805542826
production-topology1-1-1456804783,0.9675308576936871,1.1473401206587903,2560,1540,1456805542826
Running observer at: 1456805553280
production-topology4-4-1456804804,0.873147804576376,0.9968575354280019,2020,3460,1456805553798
production-topology2-2-1456804790,0.8318001519115537,1.0018148285348885,2040,1280,1456805553798
production-topology3-3-1456804797,0.9579664063967372,1.0051238408648673,2420,4320,1456805553798
production-topology1-1-1456804783,1.0644696816561017,1.1421607182211224,2440,1600,1456805553798
Running observer at: 1456805564370
production-topology4-4-1456804804,0.9967737096762374,0.9972947999566698,2240,4140,1456805564932
production-topology2-2-1456804790,1.0659030137837044,1.001914470843988,2340,1460,1456805564932
production-topology3-3-1456804797,0.9796245421245422,1.0019246732229476,2020,3720,1456805564932
production-topology1-1-1456804783,0.9395817992409784,1.1302443112222904,2380,1480,1456805564932
Running observer at: 1456805575580
production-topology4-4-1456804804,1.1289908877100694,1.0041813940936388,2120,3960,1456805576120
production-topology2-2-1456804790,1.1325343558192233,1.0023953908302579,2160,1520,1456805576120
production-topology3-3-1456804797,1.0770995127118126,1.0029783746458807,2120,3880,1456805576121
production-topology1-1-1456804783,1.0281955797719498,1.124574937252827,2420,1580,1456805576121
Running observer at: 1456805586591
production-topology4-4-1456804804,0.9855563096990244,1.0028951097063876,2020,3660,1456805587131
production-topology2-2-1456804790,0.8965022207445958,0.999008981245031,2140,1240,1456805587131
production-topology3-3-1456804797,0.9983126567414086,1.0061127946842192,2420,4320,1456805587132
production-topology1-1-1456804783,1.0279353299761462,1.1194886421330017,2540,1680,1456805587132
Running observer at: 1456805597628
production-topology4-4-1456804804,0.9191172305545867,0.9995027564188109,2500,4320,1456805598227
production-topology2-2-1456804790,1.0221419371326874,1.0019418666532178,2260,1440,1456805598228
production-topology3-3-1456804797,1.0012092261031442,1.0068952556284523,1980,3460,1456805598228
production-topology1-1-1456804783,0.9759429400386846,1.1123113570282859,2240,1440,1456805598228
Running observer at: 1456805608647
production-topology4-4-1456804804,1.0740764660294497,1.0020391741748549,1960,3680,1456805609253
production-topology2-2-1456804790,1.072686755128081,1.0084144215488389,1860,1280,1456805609254
production-topology3-3-1456804797,0.9828278116937816,1.0040367250908637,2240,4160,1456805609254
production-topology1-1-1456804783,0.8927889706978298,1.1018579100601689,2440,1400,1456805609254
Running observer at: 1456805619786
production-topology4-4-1456804804,0.9681784062476306,1.000415402725392,2200,3840,1456805620325
production-topology2-2-1456804790,0.853478305830908,1.0007076683061926,2540,1520,1456805620325
production-topology3-3-1456804797,1.0519382978723404,1.0044732495126514,2400,4360,1456805620326
production-topology1-1-1456804783,1.061556426749323,1.1000260244551305,2500,1640,1456805620326
Running observer at: 1456805630784
production-topology4-4-1456804804,1.0278320647688082,1.0033820056326974,2400,4360,1456805631402
production-topology2-2-1456804790,1.036253634574684,0.9997631444513367,2180,1420,1456805631402
production-topology3-3-1456804797,0.971415544332211,1.0050322243921086,1920,3440,1456805631402
production-topology1-1-1456804783,0.9853836282695142,1.0950415724470601,2360,1540,1456805631402
Running observer at: 1456805641944
production-topology4-4-1456804804,1.080956816438239,1.0038915897332374,2020,3640,1456805642651
production-topology2-2-1456804790,1.1988329960426674,1.008564124698977,1900,1260,1456805642651
production-topology3-3-1456804797,1.0158997343328933,1.0063005556780644,2320,4120,1456805642651
production-topology1-1-1456804783,1.0190191515164702,1.0918739715749524,2380,1480,1456805642652
Running observer at: 1456805653171
production-topology4-4-1456804804,0.9569989942152428,1.0029758485474631,2140,3920,1456805653704
production-topology2-2-1456804790,0.8704100681593341,1.0026779869038205,2440,1560,1456805653704
production-topology3-3-1456804797,0.9548139656770482,1.0025525429474942,2400,4340,1456805653704
production-topology1-1-1456804783,0.976114508317751,1.0872435930446642,2660,1720,1456805653705
Running observer at: 1456805664173
production-topology4-4-1456804804,0.9571825496155909,1.0027943414730316,2400,4320,1456805664740
production-topology2-2-1456804790,0.9639235982846954,1.00259412220512,2320,1480,1456805664740
production-topology3-3-1456804797,1.0906696058673457,1.0061500108288854,1840,3440,1456805664740
production-topology1-1-1456804783,1.1108199939595287,1.088150377695236,2240,1460,1456805664740
Running observer at: 1456805675281
production-topology4-4-1456804804,1.0601743634752705,1.00381929129303,2040,3660,1456805675901
production-topology2-2-1456804790,1.0517428322579498,1.0047789761951138,1920,1200,1456805675901
production-topology3-3-1456804797,0.9653984926474962,1.0050644069574632,2340,4180,1456805675902
production-topology1-1-1456804783,0.9401158543659052,1.0826676175719274,2440,1440,1456805675902
Running observer at: 1456805686496
production-topology4-4-1456804804,0.9820361245415596,1.0012570614592813,2240,3900,1456805687068
production-topology2-2-1456804790,1.0382978723404255,1.004817969785072,2400,1560,1456805687068
production-topology3-3-1456804797,1.046190674780531,1.0047231555005456,2380,4260,1456805687068
production-topology1-1-1456804783,0.9918047218887556,1.0794225141546712,2600,1720,1456805687068
Running observer at: 1456805697513
production-topology4-4-1456804804,1.0037969074973228,1.0008855223569302,2340,4320,1456805698082
production-topology2-2-1456804790,0.9899711495456176,1.0039322832289455,2340,1400,1456805698082
production-topology3-3-1456804797,1.019653813044907,1.005586627474573,1880,3460,1456805698082
production-topology1-1-1456804783,1.1271774507450085,1.081069236106062,2140,1440,1456805698082
Running observer at: 1456805708688
production-topology4-4-1456804804,1.0039210141070003,1.0037936271670103,2040,3740,1456805709314
production-topology2-2-1456804790,1.0179061953008217,1.004491735098338,2000,1300,1456805709314
production-topology3-3-1456804797,0.9943088554307276,1.0070265594597523,2320,4080,1456805709314
production-topology1-1-1456804783,0.913723076923077,1.0754910307999628,2500,1520,1456805709314
Running observer at: 1456805719855
production-topology4-4-1456804804,0.9559261059795819,0.9995971187337785,2200,3860,1456805720370
production-topology2-2-1456804790,1.0165300547790899,1.0020264614722418,2280,1560,1456805720370
production-topology3-3-1456804797,0.9954590643398218,1.0059562632719723,2460,4400,1456805720370
production-topology1-1-1456804783,1.0566081771071485,1.077386394027702,2560,1800,1456805720370
Running observer at: 1456805730841
production-topology4-4-1456804804,1.068159712839968,1.0034984760355818,2360,4420,1456805731507
production-topology2-2-1456804790,0.9996431344969579,1.0043780981246906,2280,1460,1456805731507
production-topology3-3-1456804797,0.9373922592504761,1.003743311694586,1900,3420,1456805731507
production-topology1-1-1456804783,0.9601948650244104,0.9948095561951822,2240,1380,1456805731507
Running observer at: 1456805742069
production-topology4-4-1456804804,0.9214254065899055,1.001525521942008,2080,3540,1456805742731
production-topology2-2-1456804790,1.070403533683882,1.0068580366871316,2060,1280,1456805742731
production-topology3-3-1456804797,1.0490036920105017,1.004825917851705,2220,4120,1456805742731
production-topology1-1-1456804783,0.9774792106837846,0.994058863217975,2380,1560,1456805742731
Running observer at: 1456805753191
production-topology4-4-1456804804,1.0907713323583708,1.004850863403863,2180,3980,1456805753732
production-topology2-2-1456804790,0.9583987019018674,1.0113284851454625,2280,1440,1456805753732
production-topology3-3-1456804797,0.9514650280189616,1.0040416783800423,2460,4320,1456805753732
production-topology1-1-1456804783,0.9595661802852024,0.9927110692274818,2720,1700,1456805753732
Running observer at: 1456805764243
production-topology4-4-1456804804,0.968447384253357,1.0056378554787975,2360,4240,1456805764790
production-topology2-2-1456804790,0.9389713310881861,1.0022975960339155,2340,1460,1456805764791
production-topology3-3-1456804797,1.0989184241986552,1.0046943143527944,1840,3440,1456805764791
production-topology1-1-1456804783,1.0227936969116604,0.9937077634489423,2220,1500,1456805764791
Running observer at: 1456805775380
production-topology4-4-1456804804,0.9431729916688437,1.0025478512708093,2100,3760,1456805775997
production-topology2-2-1456804790,1.1317398406507317,1.0057249692953818,2020,1300,1456805775997
production-topology3-3-1456804797,0.9599135984557223,1.0041345282261123,2420,4100,1456805775997
production-topology1-1-1456804783,0.9544111061352442,1.0018039014680487,2420,1520,1456805775997
Running observer at: 1456805786544
production-topology4-4-1456804804,1.1074834781729148,1.0045133688653702,2100,3920,1456805787098
production-topology2-2-1456804790,0.9707374319945207,1.0087469839273562,2240,1480,1456805787099
production-topology3-3-1456804797,1.0126670886569245,1.0041846040314943,2400,4420,1456805787099
production-topology1-1-1456804783,1.0408529288190331,1.0061531853579997,2560,1740,1456805787099
Running observer at: 1456805797583
production-topology4-4-1456804804,0.9725662215878166,1.005885571299865,2360,4260,1456805798114
production-topology2-2-1456804790,0.9670628183361629,1.0082163125695645,2320,1440,1456805798114
production-topology3-3-1456804797,0.9610223883007458,1.0049789531460418,1860,3360,1456805798114
production-topology1-1-1456804783,0.9842514336627697,1.002323301365733,2320,1380,1456805798114
Running observer at: 1456805808737
production-topology4-4-1456804804,1.009217364357498,1.0054363385887588,2140,3780,1456805809325
production-topology2-2-1456804790,1.0420797503813497,1.0113542536587306,2060,1340,1456805809325
production-topology3-3-1456804797,0.9785370879120878,1.002277330848335,2320,4120,1456805809325
production-topology1-1-1456804783,0.9462042991326207,1.0000675137999167,2340,1500,1456805809325
Running observer at: 1456805819851
production-topology4-4-1456804804,1.03188014700653,1.004213245559261,2200,3940,1456805820465
production-topology2-2-1456804790,1.0246289996697115,1.0102111995908685,2240,1460,1456805820465
production-topology3-3-1456804797,1.011823972008979,1.00434270698137,2400,4320,1456805820465
production-topology1-1-1456804783,1.004473159395448,1.0004791945564047,2720,1760,1456805820465
Running observer at: 1456805830952
production-topology4-4-1456804804,0.9301947493976048,1.004929996680573,2400,4280,1456805831499
production-topology2-2-1456804790,1.042489024743072,1.0118453688273201,2280,1420,1456805831500
production-topology3-3-1456804797,1.0879337035027432,1.004164915159809,1900,3480,1456805831500
production-topology1-1-1456804783,0.987877022795645,0.9995559194696662,2240,1420,1456805831500
Running observer at: 1456805842121
production-topology4-4-1456804804,1.0314335635244198,1.0027782110923047,2020,3720,1456805842759
production-topology2-2-1456804790,0.9067073239189938,1.004576635392335,2040,1320,1456805842759
production-topology3-3-1456804797,0.9559092353981122,1.0037147516473925,2260,4120,1456805842759
production-topology1-1-1456804783,1.073618829193221,1.0062243546940126,2420,1480,1456805842759
Running observer at: 1456805853303
production-topology4-4-1456804804,1.0455079951495514,1.0057625499924272,2160,3940,1456805853805
production-topology2-2-1456804790,1.0000337016474268,1.004445660031489,2320,1460,1456805853805
production-topology3-3-1456804797,0.9946602330791544,1.001924178568692,2480,4280,1456805853805
production-topology1-1-1456804783,1.0666753256715955,1.0035589223120085,2580,1720,1456805853805
Running observer at: 1456805864351
production-topology4-4-1456804804,0.9588962476505108,1.0024992974395879,2360,4300,1456805864896
production-topology2-2-1456804790,1.0739625173295528,1.0116104886859412,2320,1540,1456805864897
production-topology3-3-1456804797,1.0596123618265858,1.0069682713924233,1860,3560,1456805864897
production-topology1-1-1456804783,0.8264333526447675,0.9961199853091086,2320,1420,1456805864897
Running observer at: 1456805875477
production-topology4-4-1456804804,1.086650032591855,1.0046824127427043,2080,3680,1456805876105
production-topology2-2-1456804790,0.8226995535136048,1.0002824268330688,2020,1260,1456805876105
production-topology3-3-1456804797,0.96824186149532,1.0043296379403905,2360,4120,1456805876105
production-topology1-1-1456804783,1.0982819722650228,1.0004783557948198,2420,1520,1456805876105
Running observer at: 1456805886604
production-topology4-4-1456804804,1.0013257850026318,1.0089550120902462,2100,3860,1456805887150
production-topology2-2-1456804790,1.1373496194924766,1.0104674090857662,2220,1520,1456805887150
production-topology3-3-1456804797,0.9857801381517155,1.005256762332223,2420,4340,1456805887150
production-topology1-1-1456804783,0.960357115316207,0.9970079369168233,2600,1760,1456805887150
Running observer at: 1456805897581
production-topology4-4-1456804804,0.940534050072214,1.007080356770112,2500,4420,1456805898142
production-topology2-2-1456804790,0.9645908890687348,1.0070903382619338,2320,1480,1456805898142
production-topology3-3-1456804797,1.1407298964182364,1.0106269408086797,1900,3520,1456805898142
production-topology1-1-1456804783,0.9992870883519588,0.9989981132205227,2260,1420,1456805898142
Running observer at: 1456805908760
production-topology4-4-1456804804,1.108278362048881,1.0063899392480726,2060,3660,1456805909398
production-topology2-2-1456804790,0.9279891060901974,1.0002721632709664,2100,1280,1456805909398
production-topology3-3-1456804797,0.9055066913479576,1.0049071800965512,2320,3980,1456805909398
production-topology1-1-1456804783,0.953465211920606,0.9965071009588112,2360,1580,1456805909398
Running observer at: 1456805919927
production-topology4-4-1456804804,0.9378697691197692,1.0048003878954306,2140,3880,1456805920426
production-topology2-2-1456804790,1.0721544502178995,1.0061272375867432,2220,1540,1456805920427
production-topology3-3-1456804797,0.9635616852902549,1.0037488143815125,2420,4460,1456805920427
production-topology1-1-1456804783,1.0758009993772322,0.9981026232721809,2680,1660,1456805920427
Running observer at: 1456805930985
production-topology4-4-1456804804,1.0526825246227522,1.0092525643643697,2400,4420,1456805931565
production-topology2-2-1456804790,0.9983741799249652,1.0053349790131523,2320,1400,1456805931565
production-topology3-3-1456804797,1.0199585038088315,1.0043737903050356,1860,3400,1456805931565
production-topology1-1-1456804783,0.8613941561508874,0.994284330475921,2240,1380,1456805931566
Running observer at: 1456805942141
production-topology4-4-1456804804,0.97112034129544,1.0058206935399026,2040,3640,1456805942677
production-topology2-2-1456804790,1.072959674509961,1.0053440763258816,2020,1320,1456805942678
production-topology3-3-1456804797,1.0867250941417794,1.0078370330533022,2300,4160,1456805942678
production-topology1-1-1456804783,1.169835922848056,1.0035192288809285,2340,1560,1456805942678
Running observer at: 1456805953310
production-topology4-4-1456804804,0.9479778154973522,1.0051473405148932,2240,3820,1456805953822
production-topology2-2-1456804790,1.020076897196895,1.0108973627047477,2300,1480,1456805953822
production-topology3-3-1456804797,0.9607461665299563,1.004797295341889,2480,4320,1456805953822
production-topology1-1-1456804783,1.0401988352104141,1.002807309162965,2660,1760,1456805953822
Running observer at: 1456805964389
production-topology4-4-1456804804,1.0283956249782273,1.0051661258552074,2340,4300,1456805964880
production-topology2-2-1456804790,0.966294524189261,1.0085653923585671,2320,1440,1456805964880
production-topology3-3-1456804797,1.0223246484874635,1.0064942654803977,1880,3560,1456805964881
production-topology1-1-1456804783,0.877786418104422,0.9992207354907952,2300,1460,1456805964881
Running observer at: 1456805975484
production-topology4-4-1456804804,1.1199594743846988,1.0064662144534227,2040,3740,1456805976073
production-topology2-2-1456804790,0.9070110169162616,0.9988379930543535,2000,1260,1456805976073
production-topology3-3-1456804797,0.9810630498533724,1.0053330426644136,2200,4080,1456805976074
production-topology1-1-1456804783,1.128218755676082,1.0028607222961154,2300,1480,1456805976074
Running observer at: 1456805986675
production-topology4-4-1456804804,0.9470372977793412,1.0061341579055594,2180,3880,1456805987226
production-topology2-2-1456804790,1.0137871247206285,1.0036172282730633,2300,1420,1456805987227
production-topology3-3-1456804797,0.942218305068616,1.0049131873107993,2560,4340,1456805987227
production-topology1-1-1456804783,0.8967465865524965,1.0002151249039402,2660,1700,1456805987227
Running observer at: 1456805997815
production-topology4-4-1456804804,0.9751030784870589,1.0067315088679416,2380,4260,1456805998358
production-topology2-2-1456804790,1.0206285270387834,1.0055073925648663,2340,1460,1456805998358
production-topology3-3-1456804797,1.1341233789690421,1.0063616464141891,1880,3440,1456805998358
production-topology1-1-1456804783,0.9759035579671593,0.9957179103708614,2280,1440,1456805998358
Running observer at: 1456806008917
production-topology4-4-1456804804,1.0705629291972532,1.0070777943920077,2060,3780,1456806009489
production-topology2-2-1456804790,1.0220687357452511,1.004518256014443,1960,1400,1456806009489
production-topology3-3-1456804797,0.916207091082316,1.004721933028683,2320,4100,1456806009489
production-topology1-1-1456804783,1.0825812356979403,1.0004667564152625,2420,1540,1456806009489
Running observer at: 1456806020059
production-topology4-4-1456804804,0.92147471890312,1.0050590808707265,2180,3860,1456806020557
production-topology2-2-1456804790,0.985807439280187,1.0027685749124349,2280,1380,1456806020557
production-topology3-3-1456804797,1.03689497439548,1.0044120763491813,2340,4280,1456806020557
production-topology1-1-1456804783,0.9126322621030308,0.997827674422405,2660,1680,1456806020558
Running observer at: 1456806031110
production-topology4-4-1456804804,1.1671343099444411,1.010503660952297,2300,4260,1456806031641
production-topology2-2-1456804790,0.9971545620060774,1.0030080219944504,2300,1500,1456806031641
production-topology3-3-1456804797,1.0025836792754086,1.003843071890198,1960,3480,1456806031641
production-topology1-1-1456804783,1.1409237303684847,0.9982858837431876,2200,1480,1456806031642
Running observer at: 1456806042270
production-topology4-4-1456804804,0.8982492866401997,1.006981270036737,2080,3720,1456806042864
production-topology2-2-1456804790,1.0783702837721387,1.0050234916101608,2020,1320,1456806042864
production-topology3-3-1456804797,1.022691089406898,1.0047891463560705,2300,4220,1456806042864
production-topology1-1-1456804783,0.9806792477560226,1.0005177561042857,2300,1500,1456806042864
Running observer at: 1456806053424
production-topology4-4-1456804804,1.0015740023559812,1.008502866582617,2240,3900,1456806053915
production-topology2-2-1456804790,0.873222577226176,1.0002465756917305,2340,1400,1456806053915
production-topology3-3-1456804797,1.021771769856524,1.0056662365399607,2360,4280,1456806053915
production-topology1-1-1456804783,0.9920253535259017,0.9983649953182441,2720,1740,1456806053915
Running observer at: 1456806064481
production-topology4-4-1456804804,1.080408870369643,1.0089111718336061,2320,4320,1456806065004
production-topology2-2-1456804790,1.1444688851693041,1.005074100714142,2340,1400,1456806065004
production-topology3-3-1456804797,0.9995143751962866,1.0077369737381543,1960,3480,1456806065004
production-topology1-1-1456804783,1.0424780448481374,1.001107767979035,2280,1400,1456806065004
Running observer at: 1456806075622
production-topology4-4-1456804804,0.8853269702942905,1.0077078906237522,2040,3600,1456806076186
production-topology2-2-1456804790,0.8904053339573906,0.9990741607232589,2000,1360,1456806076186
production-topology3-3-1456804797,0.9379348898650369,1.0040346803333053,2300,4080,1456806076187
production-topology1-1-1456804783,1.036369291636915,1.0030707706774726,2380,1600,1456806076187
Running observer at: 1456806086760
production-topology4-4-1456804804,1.0480799988283374,1.0062848461727512,2140,4000,1456806087264
production-topology2-2-1456804790,1.1026077393443938,1.0038811286380098,2280,1400,1456806087264
production-topology3-3-1456804797,1.0536410217321925,1.0074405467904133,2420,4360,1456806087264
production-topology1-1-1456804783,1.0072043486816213,1.0046587096240198,2620,1720,1456806087264
Running observer at: 1456806097816
production-topology4-4-1456804804,1.0043139730639732,1.007480399133105,2420,4400,1456806098339
production-topology2-2-1456804790,0.8918353857282812,1.0023099304593464,2240,1440,1456806098339
production-topology3-3-1456804797,0.9445952329274223,1.0022964404147054,1820,3280,1456806098339
production-topology1-1-1456804783,0.8140667687759813,0.9977011453528307,2160,1300,1456806098340
Running observer at: 1456806109024
production-topology4-4-1456804804,1.035606597953144,1.0105615193425819,2020,3640,1456806109623
production-topology2-2-1456804790,0.9765067538593483,0.9971354942329669,2080,1260,1456806109623
production-topology3-3-1456804797,1.0223561509534265,1.0043778588312957,2300,4220,1456806109623
production-topology1-1-1456804783,1.0989503328213006,1.002519119575699,2480,1700,1456806109623
Running observer at: 1456806120113
production-topology4-4-1456804804,0.949972277433364,1.0053111459845967,2160,3940,1456806120597
production-topology2-2-1456804790,1.1665129176619171,1.0036613437552133,2320,1520,1456806120598
production-topology3-3-1456804797,0.9742198309855993,1.003096283575585,2440,4400,1456806120598
production-topology1-1-1456804783,1.0943517844752413,1.0043024147642394,2640,1640,1456806120598
Running observer at: 1456806131076
production-topology4-4-1456804804,1.0857980805160707,1.009085541282205,2300,4140,1456806131597
production-topology2-2-1456804790,0.9394963617309785,1.0027424618683738,2280,1480,1456806131597
production-topology3-3-1456804797,1.0001888065929676,1.0044018308519924,1840,3220,1456806131597
production-topology1-1-1456804783,0.9853705625819573,1.0043397190615457,2080,1380,1456806131597
Running observer at: 1456806142227
production-topology4-4-1456804804,0.9229924336250679,1.0062113769244576,2080,3700,1456806142863
production-topology2-2-1456804790,0.9974335223021953,1.0012542542657354,1960,1220,1456806142864
production-topology3-3-1456804797,1.0144366072273199,1.0055984814958334,2420,4340,1456806142864
production-topology1-1-1456804783,0.9986808369221565,1.0060889369878636,2640,1560,1456806142864
Running observer at: 1456806153425
production-topology4-4-1456804804,0.9724683528550877,1.0042309837860761,2180,4120,1456806154012
production-topology2-2-1456804790,0.9833229951262736,0.9998773874476206,2360,1560,1456806154012
production-topology3-3-1456804797,0.9693415600446369,1.004182401097022,2460,4380,1456806154012
production-topology1-1-1456804783,0.9083975561415675,1.002886416879401,2600,1640,1456806154013
Running observer at: 1456806164474
production-topology4-4-1456804804,1.1001692650744508,1.0098968009753042,2380,4420,1456806165014
production-topology2-2-1456804790,1.2089573356829992,1.0054263311456182,2220,1460,1456806165014
production-topology3-3-1456804797,0.974423264907136,1.0003987198105018,1760,3220,1456806165014
production-topology1-1-1456804783,1.0253996781156405,1.004137172056734,2160,1420,1456806165014
Running observer at: 1456806175611
production-topology4-4-1456804804,0.9077684030076607,1.0057746289580791,1960,3380,1456806176190
production-topology2-2-1456804790,0.859675762851791,1.0038586124433782,1960,1180,1456806176190
production-topology3-3-1456804797,1.024549566064615,1.0026867308327185,2480,4320,1456806176191
production-topology1-1-1456804783,1.0102765575989174,1.0020257630035907,2500,1600,1456806176191
Running observer at: 1456806186767
production-topology4-4-1456804804,1.049239729636777,1.0058990201076532,2300,4140,1456806187283
production-topology2-2-1456804790,1.0823936315970055,1.0066039434416973,2420,1600,1456806187283
production-topology3-3-1456804797,0.9642866756755739,1.001674278919266,2380,4340,1456806187283
production-topology1-1-1456804783,1.0667518603943404,1.0020283141610156,2600,1720,1456806187284
Running observer at: 1456806197831
production-topology4-4-1456804804,0.9680825610910975,1.0062052305556728,2480,4400,1456806198351
production-topology2-2-1456804790,0.9135882933865772,1.0012581359769315,2340,1440,1456806198351
production-topology3-3-1456804797,0.9902724208873976,0.9993629475546263,1880,3260,1456806198351
production-topology1-1-1456804783,1.0348588448088256,1.0089758305664842,2060,1320,1456806198351
/var/nimbus/storm/bin/storm rebalance production-topology3 -e spout_head=11
1456806198781
/var/nimbus/storm/bin/storm rebalance production-topology4 -e bolt_output_1=9
Running observer at: 1456806209009
production-topology4-4-1456804804,1.0005834830611111,1.0005834830611111,274360,494060,1456806209599
production-topology2-2-1456804790,0.976556676842508,1.0063867067545615,1920,1220,1456806209599
production-topology3-3-1456804797,1.0002175012365162,1.0002175012365162,276320,497060,1456806209599
production-topology1-1-1456804783,0.9242388809190555,1.0031743941882854,2620,1640,1456806209600
Running observer at: 1456806220187
production-topology4-4-1456804804,1.058241758241758,1.0294126206514345,200,360,1456806220671
production-topology2-2-1456804790,0.9340894081209719,0.9996113663755114,2380,1620,1456806220671
production-topology3-3-1456804797,1.4571428571428573,1.2286801791896869,100,180,1456806220671
production-topology1-1-1456804783,0.984567420373437,1.0039814043568596,2620,1760,1456806220671
Running observer at: 1456806231200
production-topology4-4-1456804804,2.0,1.3529417471009564,0,0,1456806231853
production-topology2-2-1456804790,1.1020788004850237,1.0041942967560546,2340,1540,1456806231853
production-topology3-3-1456804797,2.0,1.485786786126458,0,0,1456806231853
production-topology1-1-1456804783,1.019395449436671,1.0046516830596834,2140,1360,1456806231853
Running observer at: 1456806237076
production-topology4-4-1456804804,2.0,1.5147063103257172,0,0,1456806237629
production-topology2-2-1456804790,0.9393398751115074,1.0045726557234316,1180,720,1456806237630
production-topology3-3-1456804797,2.0,1.6143400895948434,0,0,1456806237630
production-topology1-1-1456804783,0.9852576969397522,1.0057114325603214,1320,880,1456806237630
Running observer at: 1456806238343
production-topology4-4-1456804804,2.0,1.6117650482605739,0,0,1456806238824
production-topology2-2-1456804790,1.0,1.002167507382835,0,0,1456806238824
production-topology3-3-1456804797,2.0,1.6914720716758747,0,0,1456806238824
production-topology1-1-1456804783,1.5999999999999999,1.0231847325810806,100,100,1456806238824
Running observer at: 1456806242436
production-topology4-4-1456804804,2.0,1.6764708735504783,0,0,1456806242959
production-topology2-2-1456804790,1.1062127041742287,1.0057621248578106,740,440,1456806242959
production-topology3-3-1456804797,5.854481207838098E-4,1.409657634416693,249040,300,1456806242959
production-topology1-1-1456804783,0.9090904096192253,1.0247746076966917,1100,720,1456806242960
Running observer at: 1456806253463
production-topology4-4-1456804804,0.0,1.4369750344718386,240,0,1456806254010
production-topology2-2-1456804790,0.9732193819308546,1.002437448438507,2240,1540,1456806254010
production-topology3-3-1456804797,0.9945823383277104,1.3503611635468382,167520,299680,1456806254011
production-topology1-1-1456804783,1.0894317473030632,1.0220944685118587,2400,1640,1456806254011
Running observer at: 1456806264535
production-topology4-4-1456804804,1.1513936673450988,1.401277363580996,1780,3560,1456806265060
production-topology2-2-1456804790,1.0267537948161651,1.0026600116924829,2480,1480,1456806265060
production-topology3-3-1456804797,0.9892547256054813,1.3052228588041688,2400,4400,1456806265060
production-topology1-1-1456804783,0.9915422098944633,1.020472581001327,2380,1400,1456806265060
Running observer at: 1456806275569
production-topology4-4-1456804804,0.9671626435268625,1.3530423946860923,2300,4120,1456806276174
production-topology2-2-1456804790,1.0304137289126791,1.0047973185165968,1900,1260,1456806276174
production-topology3-3-1456804797,1.0680565491112701,1.2788710466160689,2440,4520,1456806276174
production-topology1-1-1456804783,1.0103447920212052,1.0248911934652198,2520,1580,1456806276174
Running observer at: 1456806286604
production-topology4-4-1456804804,1.026046526694568,1.32034280788694,1960,3540,1456806287176
production-topology2-2-1456804790,1.0824043035087656,1.0106437614030137,2240,1460,1456806287176
production-topology3-3-1456804797,0.9481775755373291,1.245801699508195,2420,4360,1456806287176
production-topology1-1-1456804783,0.971938384509273,1.0196818477596594,2220,1500,1456806287176
Running observer at: 1456806297730
production-topology4-4-1456804804,0.9761514573687919,1.2890526851125628,2260,4040,1456806298208
production-topology2-2-1456804790,0.9018933937570256,1.0069139703708934,2440,1520,1456806298208
production-topology3-3-1456804797,0.9823435345820558,1.2218509572421823,2460,4240,1456806298208
production-topology1-1-1456804783,1.0257381549630016,1.0239815667066763,2500,1540,1456806298208
Running observer at: 1456806308793
production-topology4-4-1456804804,1.0014890588863192,1.265089049593709,2000,3520,1456806309448
production-topology2-2-1456804790,1.0459404310044804,1.0077577005030836,1880,1220,1456806309448
production-topology3-3-1456804797,1.0048091043843077,1.2037641361706928,2520,4560,1456806309448
production-topology1-1-1456804783,0.9187330629495433,1.0220758835394226,2580,1620,1456806309449
Running observer at: 1456806320084
production-topology4-4-1456804804,0.9986980892826125,1.2445974372620863,2280,4340,1456806320599
production-topology2-2-1456804790,1.034057078987388,1.008157311944488,2300,1500,1456806320599
production-topology3-3-1456804797,1.0660852379070853,1.1931734516888768,2320,4300,1456806320599
production-topology1-1-1456804783,1.0776100588890656,1.021910177645793,2440,1680,1456806320599
Running observer at: 1456806331057
production-topology4-4-1456804804,1.0026358037110725,1.2273144634370137,2340,4180,1456806331556
production-topology2-2-1456804790,1.04004702883263,1.0099652982629026,2440,1540,1456806331556
production-topology3-3-1456804797,0.991205609085172,1.1787471772171834,2380,4180,1456806331556
production-topology1-1-1456804783,0.9569605088959926,1.0233877858722251,2300,1340,1456806331556
Running observer at: 1456806342020
production-topology4-4-1456804804,1.0140082446669223,1.213094048852341,1940,3480,1456806342590
production-topology2-2-1456804790,0.8245601020272872,1.0042121495969432,1880,1200,1456806342590
production-topology3-3-1456804797,1.0433064925606343,1.1697177982400802,2360,4340,1456806342590
production-topology1-1-1456804783,0.9967025550377631,1.018580413361201,2500,1640,1456806342590
Running observer at: 1456806353061
production-topology4-4-1456804804,1.0047426670947852,1.2000720874924937,2380,4280,1456806353669
production-topology2-2-1456804790,1.2898194015594109,1.0112604535231855,2360,1420,1456806353669
production-topology3-3-1456804797,0.9720683601741508,1.1573647083609597,2380,4240,1456806353670
production-topology1-1-1456804783,1.1428185713899996,1.0239850574823337,2220,1440,1456806353670
Running observer at: 1456806364167
production-topology4-4-1456804804,0.9198625101549733,1.183589171178522,2400,4160,1456806364678
production-topology2-2-1456804790,0.8436333550559357,1.0102741461175107,2400,1560,1456806364678
production-topology3-3-1456804797,1.004567854778439,1.1483766581502233,2580,4600,1456806364678
production-topology1-1-1456804783,1.0390563041604284,1.0255527558368178,2380,1560,1456806364678
Running observer at: 1456806375145
production-topology4-4-1456804804,1.0056949225947658,1.1737061573683134,1940,3400,1456806375626
production-topology2-2-1456804790,1.098563270761193,1.0087439589705738,1900,1200,1456806375627
production-topology3-3-1456804797,1.016309507189725,1.1410395942079734,2320,4260,1456806375627
production-topology1-1-1456804783,0.9586232530855746,1.022757596111399,2680,1760,1456806375627
Running observer at: 1456806386270
production-topology4-4-1456804804,0.9719682995149279,1.16308837537603,2380,4380,1456806386838
production-topology2-2-1456804790,0.9702239955487931,1.0114045810236205,2320,1500,1456806386838
production-topology3-3-1456804797,0.9676128226410181,1.13191186938866,2240,3980,1456806386838
production-topology1-1-1456804783,0.962478373702422,1.0202945655135827,2120,1300,1456806386838
Running observer at: 1456806397343
production-topology4-4-1456804804,0.9967491583155791,1.1547714145230075,2320,4140,1456806397860
production-topology2-2-1456804790,0.9948230616412894,1.007811758433517,2320,1460,1456806397860
production-topology3-3-1456804797,1.0399085690399894,1.1273117043712264,2660,4760,1456806397860
production-topology1-1-1456804783,1.1329006533662307,1.024484442336403,2500,1680,1456806397860
Running observer at: 1456806408328
production-topology4-4-1456804804,1.0903306784200084,1.1517028080419123,1820,3480,1456806408827
production-topology2-2-1456804790,1.0387553041018387,1.0127090890459687,2020,1320,1456806408827
production-topology3-3-1456804797,1.0387269143583466,1.1230933810372798,2320,4320,1456806408827
production-topology1-1-1456804783,0.866327691681418,1.0262264730999175,2680,1620,1456806408827
Running observer at: 1456806419366
production-topology4-4-1456804804,1.0259357294318243,1.1459861226505448,2400,4380,1456806419994
production-topology2-2-1456804790,0.9432336979929365,1.011599987183755,2280,1460,1456806419994
production-topology3-3-1456804797,1.0062406885062978,1.1177818950131444,2320,4120,1456806419994
production-topology1-1-1456804783,1.0092981934533922,1.0232380684543205,2120,1380,1456806419994
Running observer at: 1456806430616
production-topology4-4-1456804804,0.9972236595147491,1.1395181894707276,2220,3880,1456806431135
production-topology2-2-1456804790,0.9235408967439481,1.0035009198198226,2060,1300,1456806431135
production-topology3-3-1456804797,0.9676450955705873,1.1112542080808594,2640,4700,1456806431135
production-topology1-1-1456804783,0.9101450823885459,1.0170978450514307,2520,1580,1456806431135
Running observer at: 1456806441697
production-topology4-4-1456804804,1.081846005154639,1.1371151817908904,1940,3680,1456806442199
production-topology2-2-1456804790,0.9853068280034569,1.0050279353622384,2280,1500,1456806442199
production-topology3-3-1456804797,0.9937674015587787,1.1063589244757726,2300,4360,1456806442200
production-topology1-1-1456804783,1.118114132061008,1.0215226307007326,2660,1720,1456806442200
Running observer at: 1456806452739
production-topology4-4-1456804804,0.8774781580972317,1.126729700843144,2520,4340,1456806453318
production-topology2-2-1456804790,1.0518355550803469,1.0068413364548436,2280,1500,1456806453318
production-topology3-3-1456804797,0.985643385467609,1.101530302915446,2320,4060,1456806453318
production-topology1-1-1456804783,1.0379722805981555,1.0228323454899326,2060,1320,1456806453318
Running observer at: 1456806463831
production-topology4-4-1456804804,1.0030965507075473,1.1219745796840828,2000,3580,1456806464373
production-topology2-2-1456804790,1.1221586883295704,1.0114691928949535,1900,1260,1456806464373
production-topology3-3-1456804797,0.9744013787545275,1.0966407289092568,2660,4680,1456806464373
production-topology1-1-1456804783,0.9921795742691008,1.025625079427517,2460,1620,1456806464373
Running observer at: 1456806474838
production-topology4-4-1456804804,1.0891124221548525,1.1207574627385557,2200,3940,1456806475377
production-topology2-2-1456804790,0.8987205298785526,1.0011279660348051,2340,1440,1456806475377
production-topology3-3-1456804797,1.0783880473047662,1.095964703664646,2240,4140,1456806475377
production-topology1-1-1456804783,0.9947702462553947,1.024604098365509,2520,1580,1456806475378
Running observer at: 1456806485854
production-topology4-4-1456804804,0.9497970932945148,1.1146517352584113,2280,4080,1456806486329
production-topology2-2-1456804790,1.1006632784908261,1.0091608832227732,2340,1540,1456806486329
production-topology3-3-1456804797,0.9922066521043149,1.0922590589660628,2420,4340,1456806486329
production-topology1-1-1456804783,1.0026431113654712,1.0243496501577274,2300,1460,1456806486329
Running observer at: 1456806496914
production-topology4-4-1456804804,1.0481195732208697,1.112357522774358,1840,3480,1456806497604
production-topology2-2-1456804790,0.974231884057971,1.0055554916381386,1840,1220,1456806497604
production-topology3-3-1456804797,0.9635160224993173,1.0878196439154855,2560,4420,1456806497604
production-topology1-1-1456804783,0.958908071698634,1.0207548572012037,2620,1620,1456806497604
Running observer at: 1456806508139
production-topology4-4-1456804804,0.9890611845183968,1.1082476448324927,2460,4340,1456806508712
production-topology2-2-1456804790,1.0318129204704,1.0094963125409329,2360,1500,1456806508712
production-topology3-3-1456804797,1.0081127834596733,1.0851627485669584,2280,4300,1456806508712
production-topology1-1-1456804783,1.046201505605106,1.0211329458944132,2420,1580,1456806508712
Running observer at: 1456806519236
production-topology4-4-1456804804,1.0424548786239194,1.1096433580179197,2380,4400,1456806519739
production-topology2-2-1456804790,0.9558064098643165,1.008804636974993,2380,1480,1456806519739
production-topology3-3-1456804797,0.9777078073006042,1.0844124254357612,2440,4380,1456806519739
production-topology1-1-1456804783,1.0276739569124211,1.0245807817608585,2280,1500,1456806519739
Running observer at: 1456806530293
production-topology4-4-1456804804,1.0015443108420743,1.1077534431045968,1920,3360,1456806530878
production-topology2-2-1456804790,0.9332348648079659,1.0087761521978929,2040,1340,1456806530878
production-topology3-3-1456804797,1.0551277647671091,1.0710119223565695,2500,4500,1456806530878
production-topology1-1-1456804783,0.9130005623644495,1.0221952198272257,2520,1520,1456806530878
Running observer at: 1456806541363
production-topology4-4-1456804804,0.9980136501445869,1.0743538981094163,2240,4200,1456806541888
production-topology2-2-1456804790,1.1491118763388803,1.0103439213930214,2260,1440,1456806541888
production-topology3-3-1456804797,0.9998085440721396,1.0376722071589741,2140,3840,1456806541889
production-topology1-1-1456804783,1.0518493111530323,1.0232770152177713,2380,1600,1456806541889
Running observer at: 1456806552403
production-topology4-4-1456804804,0.9586623561668297,1.0396426433149775,2320,4100,1456806552941
production-topology2-2-1456804790,0.9673620489781152,1.0112779938552416,2460,1540,1456806552941
production-topology3-3-1456804797,1.0297227277867655,1.005329631418533,2620,4760,1456806552941
production-topology1-1-1456804783,1.1008998387424045,1.0271317532778594,2400,1540,1456806552941
Running observer at: 1456806563434
production-topology4-4-1456804804,1.0086513157894736,1.0065976871746265,1940,3400,1456806564089
production-topology2-2-1456804790,0.8788171797882539,1.0072385665148502,1860,1280,1456806564089
production-topology3-3-1456804797,0.9880432568698612,0.9715977399808616,2500,4560,1456806564089
production-topology1-1-1456804783,0.9005488275368865,1.0038167141957557,2560,1540,1456806564089
Running observer at: 1456806574551
production-topology4-4-1456804804,0.9655169429200205,0.9721149186052939,2440,4340,1456806575251
production-topology2-2-1456804790,0.9441786591786591,1.0018374316816645,2320,1380,1456806575251
production-topology3-3-1456804797,1.0137400113339599,1.005369558754634,2040,3800,1456806575251
production-topology1-1-1456804783,1.1891887497615372,1.0131533255338327,2180,1460,1456806575251
Running observer at: 1456806585770
production-topology4-4-1456804804,1.1031818444153876,1.0088876467524734,2180,4200,1456806586301
production-topology2-2-1456804790,1.1658328519726,1.008257880683056,2340,1580,1456806586301
production-topology3-3-1456804797,0.9275980255460186,1.0031367483285778,2780,4880,1456806586301
production-topology1-1-1456804783,0.89087806577539,1.0065348694829104,2500,1680,1456806586301
Running observer at: 1456806596795
production-topology4-4-1456804804,0.9773891144028444,1.0030874949877318,1980,3440,1456806597442
production-topology2-2-1456804790,1.0822060353798126,1.0101062887018442,1860,1280,1456806597442
production-topology3-3-1456804797,1.0812127313757034,1.006202015187585,2440,4480,1456806597442
production-topology1-1-1456804783,1.073515636329431,1.0092673170307427,2540,1640,1456806597442
Running observer at: 1456806607859
production-topology4-4-1456804804,1.054553232998885,1.006000514636799,2380,4440,1456806608267
production-topology2-2-1456804790,0.9570599938080226,1.0076611641983557,2380,1420,1456806608267
production-topology3-3-1456804797,0.9317664719297758,1.0016590126148686,2220,3880,1456806608267
production-topology1-1-1456804783,1.0062350175179788,1.0091303245473018,2200,1420,1456806608267
Running observer at: 1456806618705
production-topology4-4-1456804804,0.9702497028775356,1.0041406205095647,2240,4080,1456806619051
production-topology2-2-1456804790,0.920342468038811,1.0022591030160237,2380,1560,1456806619051
production-topology3-3-1456804797,0.9750527946107697,1.0025548532506499,2580,4700,1456806619051
production-topology1-1-1456804783,1.0219147279313487,1.0107962026613708,1820,1200,1456806619051
Running observer at: 1456806629548
production-topology4-4-1456804804,0.9440241169778016,1.0030697091631982,1960,3340,1456806629967
production-topology2-2-1456804790,1.3465101330913494,1.0170796609938346,800,560,1456806629967
production-topology3-3-1456804797,1.0032336947691836,1.003251191923554,2020,3680,1456806629967
production-topology1-1-1456804783,1.0,1.009938264162604,0,0,1456806629968
