Running observer at: 1457750987395
production-topology1-1-1457750987,0.0,0.0,0,0,1457750987627
Running observer at: 1457750988468
production-topology1-1-1457750987,0.0,0.0,0,0,1457750988626
Running observer at: 1457750993846
production-topology1-1-1457750987,0.0,0.0,0,0,1457750994146
production-topology2-2-1457750993,0.0,0.0,0,0,1457750994147
Running observer at: 1457750998862
production-topology1-1-1457750987,0.0,0.0,0,0,1457750999166
production-topology2-2-1457750993,0.0,0.0,0,0,1457750999167
Running observer at: 1457751000907
production-topology3-3-1457751000,0.0,0.0,0,0,1457751001452
production-topology1-1-1457750987,0.0,0.0,0,0,1457751001453
production-topology2-2-1457750993,0.0,0.0,0,0,1457751001453
Running observer at: 1457751008257
production-topology3-3-1457751000,0.0,0.0,0,0,1457751008791
production-topology4-4-1457751007,0.0,0.0,0,0,1457751008791
production-topology1-1-1457750987,0.0,0.0,0,0,1457751008792
production-topology2-2-1457750993,0.0,0.0,0,0,1457751008792
Running observer at: 1457751009661
production-topology3-3-1457751000,0.0,0.0,0,0,1457751010215
production-topology4-4-1457751007,0.0,0.0,0,0,1457751010215
production-topology1-1-1457750987,0.0,0.0,0,0,1457751010215
production-topology2-2-1457750993,0.0,0.0,0,0,1457751010215
Running observer at: 1457751020723
production-topology3-3-1457751000,0.0,0.0,0,0,1457751021219
production-topology4-4-1457751007,0.0,0.0,0,0,1457751021220
production-topology1-1-1457750987,0.0,0.0,0,0,1457751021220
production-topology2-2-1457750993,0.0,0.0,0,0,1457751021220
Running observer at: 1457751031691
production-topology3-3-1457751000,0.0,0.0,0,0,1457751032210
production-topology4-4-1457751007,0.0,0.0,0,0,1457751032210
production-topology1-1-1457750987,0.0,0.0,0,0,1457751032210
production-topology2-2-1457750993,0.0,0.0,100,0,1457751032210
Running observer at: 1457751042697
production-topology3-3-1457751000,0.0,0.0,0,0,1457751043155
production-topology4-4-1457751007,0.0,0.0,0,0,1457751043155
production-topology1-1-1457750987,0.0,0.0,0,0,1457751043156
production-topology2-2-1457750993,0.776245621785365,0.09703070272317063,1540,820,1457751043156
Running observer at: 1457751053566
production-topology3-3-1457751000,0.0,0.0,0,0,1457751054070
production-topology4-4-1457751007,0.0,0.0,0,0,1457751054070
production-topology1-1-1457750987,0.0,0.0,0,0,1457751054070
production-topology2-2-1457750993,0.8813905054209182,0.18418179191180928,1760,1020,1457751054071
Running observer at: 1457751064546
production-topology3-3-1457751000,0.0,0.0,0,0,1457751064970
production-topology4-4-1457751007,0.0,0.0,0,0,1457751064970
production-topology1-1-1457750987,0.0,0.0,0,0,1457751064970
production-topology2-2-1457750993,1.067556225075627,0.272519235228191,2320,1460,1457751064970
Running observer at: 1457751075414
production-topology3-3-1457751000,0.0,0.0,0,0,1457751075862
production-topology4-4-1457751007,0.0,0.0,0,0,1457751075862
production-topology1-1-1457750987,0.0,0.0,0,0,1457751075862
production-topology2-2-1457750993,1.0061292537020694,0.3392110550894527,2140,1360,1457751075862
Running observer at: 1457751086308
production-topology3-3-1457751000,0.0,0.0,0,0,1457751086764
production-topology4-4-1457751007,0.0,0.0,0,0,1457751086764
production-topology1-1-1457750987,0.0,0.0,0,0,1457751086765
production-topology2-2-1457750993,1.0389980857207748,0.3975266409753962,2100,1440,1457751086765
Running observer at: 1457751097198
production-topology3-3-1457751000,0.0,0.0,0,0,1457751097656
production-topology4-4-1457751007,0.0,0.0,0,0,1457751097656
production-topology1-1-1457750987,0.0,0.0,0,0,1457751097656
production-topology2-2-1457750993,0.9916006319922307,0.4432246402843835,2120,1460,1457751097657
Running observer at: 1457751108094
production-topology3-3-1457751000,0.0,0.0,0,0,1457751108491
production-topology4-4-1457751007,0.0,0.0,0,0,1457751108491
production-topology1-1-1457750987,0.0,0.0,0,0,1457751108491
production-topology2-2-1457750993,1.0015549651664561,0.4831053777759601,2100,1340,1457751108492
Running observer at: 1457751118903
production-topology3-3-1457751000,0.0,0.0,0,0,1457751119371
production-topology4-4-1457751007,0.0,0.0,0,0,1457751119371
production-topology1-1-1457750987,0.0,0.0,0,0,1457751119371
production-topology2-2-1457750993,1.0199149539333805,0.5188926828531214,1920,1360,1457751119372
Running observer at: 1457751129885
production-topology3-3-1457751000,0.0,0.0,0,0,1457751130362
production-topology4-4-1457751007,0.0,0.0,0,0,1457751130363
production-topology1-1-1457750987,0.0,0.0,0,0,1457751130363
production-topology2-2-1457750993,1.0530359452506501,0.552276636752967,2300,1460,1457751130363
Running observer at: 1457751140959
production-topology3-3-1457751000,0.2391304347826087,0.015942028985507246,460,140,1457751141477
production-topology4-4-1457751007,0.04407407407407407,0.0031481481481481477,360,60,1457751141477
production-topology1-1-1457750987,0.0,0.0,420,0,1457751141477
production-topology2-2-1457750993,1.1161875673733377,0.58544786796593,1760,1160,1457751141478
Running observer at: 1457751152086
production-topology3-3-1457751000,0.2728786836371975,0.03200056990123789,1140,500,1457751152606
production-topology4-4-1457751007,0.894375,0.06256327160493827,400,200,1457751152607
production-topology1-1-1457750987,0.4722222222222222,0.02361111111111111,660,60,1457751152607
production-topology2-2-1457750993,1.0906069146817834,0.6135122594501441,2260,1520,1457751152607
Running observer at: 1457751163210
production-topology3-3-1457751000,0.22015896154380118,0.04306871058609456,980,380,1457751163757
production-topology4-4-1457751007,0.08479999999999999,0.06395306712962963,500,100,1457751163757
production-topology1-1-1457750987,0.21041331186258722,0.032506454004038544,1020,140,1457751163757
production-topology2-2-1457750993,0.8877441261312102,0.6279455155912528,2260,1400,1457751163758
Running observer at: 1457751174270
production-topology3-3-1457751000,0.22482638888888887,0.053166359380694236,1080,560,1457751174819
production-topology4-4-1457751007,0.2285714285714286,0.0736365001556178,700,240,1457751174819
production-topology1-1-1457750987,0.20708204987084,0.04044170836162043,980,120,1457751174820
production-topology2-2-1457750993,1.313909255635915,0.662243702593486,1840,1280,1457751174820
Running observer at: 1457751185311
production-topology3-3-1457751000,0.31743543292456333,0.0670752579882663,1040,480,1457751185708
production-topology4-4-1457751007,0.37205811775998193,0.09021547891141582,940,540,1457751185708
production-topology1-1-1457750987,0.1904192740926158,0.046962472089055005,940,120,1457751185708
production-topology2-2-1457750993,0.8724725274725275,0.6722545990162975,2080,1340,1457751185709
Running observer at: 1457751196148
production-topology3-3-1457751000,0.20849556137872932,0.07414627315778946,1180,480,1457751196657
production-topology4-4-1457751007,0.1543931582294754,0.09359325150710317,920,320,1457751196657
production-topology1-1-1457750987,0.16598121103280022,0.05192158621171106,1120,140,1457751196658
production-topology2-2-1457750993,1.0434698720844162,0.6891280205193937,2120,1320,1457751196658
Running observer at: 1457751207164
production-topology3-3-1457751000,0.18893249607535323,0.07961228377291153,980,300,1457751207624
production-topology4-4-1457751007,0.2125367794864063,0.09954042790606833,1340,620,1457751207625
production-topology1-1-1457750987,0.21023437500000006,0.05825409776324261,1000,120,1457751207625
production-topology2-2-1457750993,0.9139952944636424,0.6989048585169698,2060,1300,1457751207625
Running observer at: 1457751218070
production-topology3-3-1457751000,0.30878442545109214,0.09002919930373793,1300,680,1457751218635
production-topology4-4-1457751007,0.357914201183432,0.11184394091927612,780,320,1457751218635
production-topology1-1-1457750987,0.2907051523455831,0.06719452293948648,1420,140,1457751218635
production-topology2-2-1457750993,1.061768615970543,0.714024181744202,1780,1240,1457751218635
Running observer at: 1457751229131
production-topology3-3-1457751000,0.33303942770601636,0.10059486140818481,1520,960,1457751229678
production-topology4-4-1457751007,0.23488808156568614,0.11743685640320384,1060,420,1457751229678
production-topology1-1-1457750987,0.2595160799929383,0.0743175435710958,1040,240,1457751229678
production-topology2-2-1457750993,0.93435013636841,0.7228372199291703,2300,1380,1457751229679
Running observer at: 1457751240185
production-topology3-3-1457751000,0.37041634835752485,0.11183742336440732,840,480,1457751240733
production-topology4-4-1457751007,0.3553374474789916,0.1277803603630207,1280,660,1457751240734
production-topology1-1-1457750987,0.5301433612237999,0.09059703705869238,1560,620,1457751240734
production-topology2-2-1457750993,1.032707625600905,0.7347553124550062,2060,1280,1457751240734
Running observer at: 1457751251277
production-topology3-3-1457751000,0.2966455198520239,0.11922974722391197,1500,900,1457751251775
production-topology4-4-1457751007,0.28179666889344307,0.1341977065517883,1480,840,1457751251775
production-topology1-1-1457750987,0.5082156488068528,0.10499767884311169,1460,460,1457751251776
production-topology2-2-1457750993,0.9189386084872357,0.7415769160117555,2060,1340,1457751251776
Running observer at: 1457751262270
production-topology3-3-1457751000,0.47336065573770497,0.1328501667821348,1220,1040,1457751262810
production-topology4-4-1457751007,0.40880057163014083,0.1451818211549224,920,680,1457751262810
production-topology1-1-1457750987,0.41190087145969495,0.11522778526366446,980,300,1457751262810
production-topology2-2-1457750993,0.9108949798604972,0.747623989720639,1880,1220,1457751262811
Running observer at: 1457751273396
production-topology3-3-1457751000,0.47884340551547555,0.14566473117966594,1840,1380,1457751273903
production-topology4-4-1457751007,0.378682116956844,0.15416260176268862,1400,1040,1457751273904
production-topology1-1-1457750987,0.5726229128014843,0.1343152156903806,1800,620,1457751273904
production-topology2-2-1457750993,1.0230469661677017,0.7571213337360551,1900,1200,1457751273904
Running observer at: 1457751284433
production-topology3-3-1457751000,0.39884777280477407,0.15470698266627694,1360,1100,1457751284949
production-topology4-4-1457751007,0.38949423263777716,0.1628785880913956,1740,1280,1457751284949
production-topology1-1-1457750987,0.5125156634108041,0.15139907113740741,1560,500,1457751284950
production-topology2-2-1457750993,0.974732027809637,0.7643750235385077,2100,1220,1457751284950
Running observer at: 1457751295447
production-topology3-3-1457751000,0.36345336446360155,0.16190513376273638,1620,860,1457751296128
production-topology4-4-1457751007,0.4789637269510151,0.17416734305066775,1180,900,1457751296128
production-topology1-1-1457750987,0.4969837010967567,0.1679651945072993,1840,580,1457751296129
production-topology2-2-1457750993,0.8324296024830784,0.7921226769546104,1920,1000,1457751296129
Running observer at: 1457751306665
production-topology3-3-1457751000,0.3342189625598865,0.16764892805597473,1500,920,1457751307178
production-topology4-4-1457751007,0.28171101127954734,0.17787574540338774,2060,1060,1457751307178
production-topology1-1-1457750987,0.27455202344190915,0.1771169286220296,1820,360,1457751307179
production-topology2-2-1457750993,0.8628886448592946,0.8208856317832535,2120,1280,1457751307179
Running observer at: 1457751317655
production-topology3-3-1457751000,0.2958423664306018,0.17751034027032814,1980,1040,1457751318156
production-topology4-4-1457751007,0.3591519591519592,0.18391828586167344,1100,740,1457751318156
production-topology1-1-1457750987,0.4525961206717602,0.19220346597775492,1740,440,1457751318156
production-topology2-2-1457750993,0.9129871035517101,0.8513185352349771,1980,1140,1457751318156
Running observer at: 1457751328687
production-topology3-3-1457751000,0.4948152492668622,0.1940041819125569,1520,1280,1457751329231
production-topology4-4-1457751007,0.31936257924958494,0.19456370516999297,1980,900,1457751329231
production-topology1-1-1457750987,0.7491965538981814,0.21717668444102764,1580,720,1457751329231
production-topology2-2-1457750993,0.8606960918330054,0.880008404962744,1960,1160,1457751329231
Running observer at: 1457751339727
production-topology3-3-1457751000,0.4179788054462291,0.20793680876076454,1580,1220,1457751340217
production-topology4-4-1457751007,0.22186974840495968,0.2019593634501583,2000,880,1457751340217
production-topology1-1-1457750987,0.4300588633683797,0.23151197988664027,1880,520,1457751340217
production-topology2-2-1457750993,0.9610581966161553,0.9120436781832825,2080,1240,1457751340218
Running observer at: 1457751350713
production-topology3-3-1457751000,0.6297679575099917,0.22892907401109758,1700,2000,1457751351295
production-topology4-4-1457751007,0.19870579216617773,0.20858288985569753,1320,540,1457751351295
production-topology1-1-1457750987,0.26847761478745524,0.2404612337128888,1480,360,1457751351295
production-topology2-2-1457750993,0.9650350136186001,0.9442115119705691,1960,1220,1457751351296
Running observer at: 1457751361813
production-topology3-3-1457751000,0.7239414216761738,0.2530604547336367,1280,1660,1457751362320
production-topology4-4-1457751007,0.6867032313430933,0.231472997567134,1500,1760,1457751362320
production-topology1-1-1457750987,0.45173810256270747,0.255519170464979,1780,480,1457751362320
production-topology2-2-1457750993,0.9786977587402924,0.9768347705952455,2040,1140,1457751362320
Running observer at: 1457751372858
production-topology3-3-1457751000,0.7579338640891409,0.2783249168699414,1500,1940,1457751373387
production-topology4-4-1457751007,0.6163028667440519,0.2520164264586024,1440,1640,1457751373387
production-topology1-1-1457750987,0.4454731370240016,0.27036827503244576,2120,600,1457751373387
production-topology2-2-1457750993,0.9821889575523678,0.9836995484541456,1860,1140,1457751373387
Running observer at: 1457751383973
production-topology3-3-1457751000,0.4995707830536339,0.29497727630506254,1420,1320,1457751384483
production-topology4-4-1457751007,0.6373909873102535,0.27326279270227755,1720,1860,1457751384483
production-topology1-1-1457750987,0.45856615859761496,0.2856538136523662,1700,560,1457751384483
production-topology2-2-1457750993,0.7665259194208481,0.97987072892081,2020,1040,1457751384483
Running observer at: 1457751395042
production-topology3-3-1457751000,0.8060053346532476,0.32184412079350416,1600,2140,1457751395617
production-topology4-4-1457751007,0.4056450784448862,0.28678429531710703,1700,1480,1457751395617
production-topology1-1-1457750987,0.8798809072500485,0.31498317722736785,1580,520,1457751395618
production-topology2-2-1457750993,1.2727929648435734,0.9867119535797415,1960,1220,1457751395618
Running observer at: 1457751406175
production-topology3-3-1457751000,0.4031364502871856,0.33528200246974366,2040,1680,1457751406667
production-topology4-4-1457751007,0.702510834205303,0.3102013231239505,1700,1860,1457751406667
production-topology1-1-1457750987,0.6940690131391947,0.33811881099867436,1800,880,1457751406668
production-topology2-2-1457750993,0.5974380461529519,0.9730889133281042,2020,880,1457751406668
Running observer at: 1457751417210
production-topology3-3-1457751000,0.5478481966286844,0.35354360902403315,980,960,1457751417763
production-topology4-4-1457751007,0.433160228731474,0.3246399974149996,1600,1380,1457751417763
production-topology1-1-1457750987,0.8506921245964888,0.36647521515189063,1780,1020,1457751417763
production-topology2-2-1457750993,0.8767411252148392,0.9676803479779064,1980,1240,1457751417763
Running observer at: 1457751428350
production-topology3-3-1457751000,0.3786527134305223,0.3661653661383839,2480,1660,1457751428897
production-topology4-4-1457751007,0.5633644324864715,0.3434188118312153,1840,1840,1457751428897
production-topology1-1-1457750987,0.40041297196796327,0.3798223142174894,1900,540,1457751428897
production-topology2-2-1457750993,1.0134026381222792,0.9684070815155749,2080,1260,1457751428897
Running observer at: 1457751439439
production-topology3-3-1457751000,0.440485312899106,0.38084820990168744,1740,1420,1457751440002
production-topology4-4-1457751007,0.3706576436578216,0.35577406661980937,1920,1160,1457751440002
production-topology1-1-1457750987,0.5191210416802133,0.3971263489401632,1840,540,1457751440002
production-topology2-2-1457750993,0.5201078850784301,0.9523588455126405,1940,640,1457751440003
Running observer at: 1457751450560
production-topology3-3-1457751000,0.6627524670679557,0.4029399588039526,1540,1780,1457751451115
production-topology4-4-1457751007,0.20835857438538036,0.3627193524326554,1420,540,1457751451115
production-topology1-1-1457750987,0.9940793821964033,0.43026232834670997,1700,1260,1457751451115
production-topology2-2-1457750993,1.111098161098161,0.9553982857514666,1980,1540,1457751451115
Running observer at: 1457751461727
production-topology3-3-1457751000,0.7196177351216111,0.42692721664133965,1960,2520,1457751462273
production-topology4-4-1457751007,0.22608645473322678,0.37025556759042966,2020,800,1457751462273
production-topology1-1-1457750987,1.084020950374532,0.46639636002586105,1920,1040,1457751462273
production-topology2-2-1457750993,1.0971330604802343,0.9568681895924528,2180,1540,1457751462274
Running observer at: 1457751472751
production-topology3-3-1457751000,0.7990564062284878,0.4455914156895356,1600,2500,1457751473280
production-topology4-4-1457751007,0.31504142382948985,0.3792878125822768,1300,720,1457751473280
production-topology1-1-1457750987,0.21661024353601113,0.4736167014770614,1800,280,1457751473280
production-topology2-2-1457750993,0.7100770237772319,0.9433311714725826,2060,920,1457751473281
Running observer at: 1457751483755
production-topology3-3-1457751000,1.0307619862311719,0.4708541924426681,1720,2860,1457751484270
production-topology4-4-1457751007,0.7278261676543504,0.3737361848374218,1360,1880,1457751484271
production-topology1-1-1457750987,0.2277407176891417,0.4654673179926255,2080,320,1457751484271
production-topology2-2-1457750993,1.0416790400396008,0.9417002423178432,1780,1160,1457751484271
Running observer at: 1457751494876
production-topology3-3-1457751000,0.6884474793712105,0.4864638097035818,1720,2220,1457751495466
production-topology4-4-1457751007,0.9442744114889643,0.40238533188705394,1600,2560,1457751495467
production-topology1-1-1457750987,0.3318970867633524,0.4695167771559843,1960,500,1457751495467
production-topology2-2-1457750993,1.0619857225465148,0.9475082955316867,2320,1600,1457751495467
Running observer at: 1457751505937
production-topology3-3-1457751000,0.8523368192485841,0.5073808240489049,1480,2200,1457751506466
production-topology4-4-1457751007,0.8661489820524428,0.4236379170030877,1620,2620,1457751506466
production-topology1-1-1457750987,0.8852241773506629,0.492121514738645,1820,900,1457751506467
production-topology2-2-1457750993,0.36883345445867816,0.9160057688257788,2040,520,1457751506467
Running observer at: 1457751516972
production-topology3-3-1457751000,0.9511788028370529,0.5285056030459879,1700,3000,1457751517469
production-topology4-4-1457751007,0.8026724921400554,0.4379917294824237,1620,2140,1457751517469
production-topology1-1-1457750987,0.5987922281296074,0.5057339465398781,2020,780,1457751517469
production-topology2-2-1457750993,0.8293904093156068,0.9145696982205481,1820,1040,1457751517469
Running observer at: 1457751527955
production-topology3-3-1457751000,0.575224179012243,0.5407298903004383,1880,1820,1457751528454
production-topology4-4-1457751007,0.862940982796635,0.46160999030132893,1900,2900,1457751528454
production-topology1-1-1457750987,0.7410279760932208,0.5249021720418922,1700,900,1457751528454
production-topology2-2-1457750993,1.2876910971080213,0.9227104057213349,1940,1400,1457751528454
Running observer at: 1457751539057
production-topology3-3-1457751000,0.5256508707906862,0.5519538361242826,1800,1840,1457751539587
production-topology4-4-1457751007,0.5795539334838486,0.473843895434577,1680,2000,1457751539587
production-topology1-1-1457750987,1.1266498908858278,0.555449355904753,1740,1140,1457751539587
production-topology2-2-1457750993,0.7364428532054843,0.9167919910127297,1960,1040,1457751539587
Running observer at: 1457751550150
production-topology3-3-1457751000,0.4858873473316011,0.557857266853633,1700,1420,1457751550694
production-topology4-4-1457751007,0.4361854744616545,0.47645293787718435,1680,1120,1457751550694
production-topology1-1-1457750987,0.7133403815285838,0.5695371968775197,1820,900,1457751550694
production-topology2-2-1457750993,0.5122737328492192,0.8984754949086856,2040,660,1457751550694
Running observer at: 1457751561223
production-topology3-3-1457751000,0.6394410266820834,0.5680706534861686,1780,2160,1457751561765
production-topology4-4-1457751007,0.42873380813044837,0.4829144620960098,1880,1660,1457751561765
production-topology1-1-1457750987,0.3323807645616156,0.5719660196964758,2220,480,1457751561765
production-topology2-2-1457750993,0.856917946789752,0.8958944219227303,2060,1080,1457751561766
Running observer at: 1457751572264
production-topology3-3-1457751000,0.6453494460418524,0.5772350900756461,1820,1860,1457751572798
production-topology4-4-1457751007,0.6852009188012571,0.49390991114008537,1940,2220,1457751572798
production-topology1-1-1457750987,0.385593191625061,0.5671476807098511,1660,380,1457751572798
production-topology2-2-1457750993,1.311682098293618,0.9051935710124873,2080,1640,1457751572799
Running observer at: 1457751583294
production-topology3-3-1457751000,0.5480171667243543,0.5856141449713905,1920,2120,1457751583800
production-topology4-4-1457751007,0.6364729673359728,0.5057324544215029,1620,1980,1457751583801
production-topology1-1-1457750987,0.5136771745360909,0.5673297315674923,1900,820,1457751583801
production-topology2-2-1457750993,0.41562510392664564,0.8884164541938009,1980,540,1457751583801
Running observer at: 1457751594315
production-topology3-3-1457751000,0.7380476299407357,0.5944370441114916,1460,1940,1457751594839
production-topology4-4-1457751007,0.6874206732005967,0.5150197911405182,1760,2160,1457751594839
production-topology1-1-1457750987,1.2891734076053614,0.5965721494390146,1900,1320,1457751594839
production-topology2-2-1457750993,1.0157221027194052,0.8919106916224311,2020,1320,1457751594839
/var/nimbus/storm/bin/storm rebalance production-topology1 -e spout_head=11
1457751595206
/var/nimbus/storm/bin/storm rebalance production-topology2 -e spout_head=9
Running observer at: 1457751605381
production-topology3-3-1457751000,0.53686094801898,0.5963709621949416,1880,1840,1457751605877
production-topology4-4-1457751007,0.811939031234122,0.5294616882830941,1660,2440,1457751605877
production-topology1-1-1457750987,0.5373791810381779,0.5373791810381779,69020,23980,1457751605877
production-topology2-2-1457750993,0.9408524955518581,0.9408524955518581,105160,63340,1457751605877
/var/nimbus/storm/bin/storm rebalance production-topology3 -e spout_head=11
1457751606234
/var/nimbus/storm/bin/storm rebalance production-topology3 -e bolt_output_1=9
Running observer at: 1457751616438
production-topology3-3-1457751000,0.5330434621527929,0.5330434621527929,66880,64220,1457751617106
production-topology4-4-1457751007,0.7241663586484759,0.5406174258167841,1960,2420,1457751617106
production-topology1-1-1457750987,6.831935847563298,3.684657514300738,280,1080,1457751617106
production-topology2-2-1457750993,5.852575781307964,3.396714138429911,140,700,1457751617107
/var/nimbus/storm/bin/storm rebalance production-topology4 -e spout_head=11
1457751617404
/var/nimbus/storm/bin/storm rebalance production-topology4 -e bolt_output_1=9
Running observer at: 1457751627654
production-topology3-3-1457751000,6.740919177062891,3.636981319607842,300,3360,1457751628139
production-topology4-4-1457751007,0.4923086596048082,0.4923086596048082,66080,58380,1457751628139
production-topology1-1-1457750987,0.987568465722312,2.785627831441263,0,680,1457751628139
production-topology2-2-1457750993,1.6169426131111957,2.8034569633236726,0,560,1457751628139
Running observer at: 1457751633520
production-topology3-3-1457751000,1.7240213158434106,2.9993279850196983,0,2180,1457751634050
production-topology4-4-1457751007,7.429746208207748,3.961027433906278,100,1520,1457751634050
production-topology1-1-1457750987,1.0,2.339220873580947,0,0,1457751634050
production-topology2-2-1457750993,9.65909090909091,4.517365449765482,0,760,1457751634050
Running observer at: 1457751634596
production-topology3-3-1457751000,0.42040816326530606,2.3545980295811,0,180,1457751635182
production-topology4-4-1457751007,3.0666666666666664,3.6629071781597404,0,160,1457751635183
production-topology1-1-1457750987,0.006783349080393698,1.8727333686808365,61400,200,1457751635183
production-topology2-2-1457750993,1.0,3.8138923598123853,0,0,1457751635183
Running observer at: 1457751638662
production-topology3-3-1457751000,1.7627458047979494,2.23622758462447,0,1580,1457751639155
production-topology4-4-1457751007,5.923771367521367,4.228123225500147,80,800,1457751639156
production-topology1-1-1457750987,0.78125,1.690819473900697,100,140,1457751639156
production-topology2-2-1457750993,3.491071428571429,3.760088871272226,0,460,1457751639156
Running observer at: 1457751644640
production-topology3-3-1457751000,2.0,2.1968563205203915,0,0,1457751645139
production-topology4-4-1457751007,0.6842006033182504,3.5193387010637673,0,880,1457751645139
production-topology1-1-1457750987,0.34406017369727043,1.4984252881573503,620,120,1457751645139
production-topology2-2-1457750993,0.25641025641025644,3.2595633548633733,0,0,1457751645139
Running observer at: 1457751649622
production-topology3-3-1457751000,0.0,1.8830197033031928,0,0,1457751650110
production-topology4-4-1457751007,0.38545400408348457,2.997024584900387,0,340,1457751650110
production-topology1-1-1457750987,1.307109375,1.4745107990126816,360,260,1457751650110
production-topology2-2-1457750993,0.75,2.9458679355054516,0,0,1457751650110
Running observer at: 1457751655961
production-topology3-3-1457751000,0.0,1.6476422403902937,0,0,1457751656477
production-topology4-4-1457751007,2.0,2.8545925013431885,0,0,1457751656477
production-topology1-1-1457750987,0.8473816355810618,1.4048297808536128,820,360,1457751656478
production-topology2-2-1457750993,0.08333333333333333,2.627808535264105,0,0,1457751656478
Running observer at: 1457751660676
production-topology3-3-1457751000,0.0,1.4645708803469277,0,0,1457751661161
production-topology4-4-1457751007,0.005877299060933924,2.498503101057907,58460,640,1457751661161
production-topology1-1-1457750987,0.8927536231884057,1.353622165087092,460,280,1457751661161
production-topology2-2-1457750993,0.0,2.3650276817376943,0,0,1457751661161
Running observer at: 1457751671668
production-topology3-3-1457751000,0.0,1.318113792312235,0,0,1457751672179
production-topology4-4-1457751007,0.541417886956854,2.281049188380012,51860,50420,1457751672179
production-topology1-1-1457750987,0.24978083603741166,1.2532729533553029,1300,180,1457751672179
production-topology2-2-1457750993,0.0,2.150025165216086,0,20,1457751672180
Running observer at: 1457751682657
production-topology3-3-1457751000,0.0,1.1982852657383953,0,0,1457751683168
production-topology4-4-1457751007,1.6845429868280528,2.2213985682248163,1060,3300,1457751683168
production-topology1-1-1457750987,0.5813344567351215,1.1972780786369543,58140,21620,1457751683168
production-topology2-2-1457750993,0.9768897794470248,2.052263883068664,0,52640,1457751683168
Running observer at: 1457751693659
production-topology3-3-1457751000,0.0,1.0984281602601957,0,0,1457751694159
production-topology4-4-1457751007,0.875106042154933,2.0990083385820992,1180,1820,1457751694159
production-topology1-1-1457750987,0.5966903484243627,1.151079022466755,43800,16660,1457751694159
production-topology2-2-1457750993,1.0,1.9713205074479976,0,0,1457751694159
Running observer at: 1457751704608
production-topology3-3-1457751000,0.0,1.013933686394027,0,0,1457751705143
production-topology4-4-1457751007,0.6005228809444865,1.9741345504456316,1040,1140,1457751705144
production-topology1-1-1457750987,1.1276087641165797,1.1494025754417425,1580,1220,1457751705144
production-topology2-2-1457750993,1.0,1.901940471201712,0,0,1457751705144
Running observer at: 1457751715652
production-topology3-3-1457751000,0.0,0.9415098516515964,0,0,1457751716116
production-topology4-4-1457751007,0.3819131024284003,1.8516559775212291,1080,800,1457751716117
production-topology1-1-1457750987,1.0102144109676392,1.1401233644768023,2460,1760,1457751716117
production-topology2-2-1457750993,1.0,1.8418111064549312,0,0,1457751716117
Running observer at: 1457751726592
production-topology3-3-1457751000,0.0,0.8787425282081567,0,0,1457751727097
production-topology4-4-1457751007,0.4493973829201102,1.7514946493354349,1120,820,1457751727097
production-topology1-1-1457750987,0.5708183784184223,1.1045418028481535,2120,760,1457751727097
production-topology2-2-1457750993,1.0,1.789197912301498,0,0,1457751727097
Running observer at: 1457751737648
production-topology3-3-1457751000,0.0,0.8238211201951469,0,0,1457751738097
production-topology4-4-1457751007,0.5191071428571428,1.669335482236882,1000,920,1457751738097
production-topology1-1-1457750987,0.5061752366567372,1.069343769542776,2540,780,1457751738097
production-topology2-2-1457750993,0.9766590517376001,1.7414015087389156,0,39440,1457751738097
Running observer at: 1457751748539
production-topology3-3-1457751000,0.0,0.7753610543013147,0,0,1457751749040
production-topology4-4-1457751007,0.25209461938686323,1.5807579283087558,1320,640,1457751749040
production-topology1-1-1457750987,0.7019762011387628,1.0489344601869977,2000,1060,1457751749040
production-topology2-2-1457750993,1.0,1.7002125360311982,0,0,1457751749040
Running observer at: 1457751759485
production-topology3-3-1457751000,0.0,0.7322854401734639,0,0,1457751759985
production-topology4-4-1457751007,0.21578315120514613,1.5004652943614847,920,360,1457751759985
production-topology1-1-1457750987,1.3629148716676465,1.0654597450017687,2340,1820,1457751759985
production-topology2-2-1457750993,1.0,1.6633592446611352,0,0,1457751759985
Running observer at: 1457751770424
production-topology3-3-1457751000,0.0,0.6937441012169657,0,0,1457751770848
production-topology4-4-1457751007,0.1876190476190476,1.4275293917646825,1360,440,1457751770848
production-topology1-1-1457750987,0.7874127645053425,1.0515573959769475,2420,1160,1457751770848
production-topology2-2-1457750993,0.1875,1.5895662824280783,160,0,1457751770848
Running observer at: 1457751781390
production-topology3-3-1457751000,2.0,0.7590568961561175,0,0,1457751781847
production-topology4-4-1457751007,0.1119498498106308,1.3582883632407852,1300,280,1457751781847
production-topology1-1-1457750987,0.8339757517443805,1.041196365299206,2260,1220,1457751781847
production-topology2-2-1457750993,72.44868303221101,4.963809937179646,860,20,1457751781847
Running observer at: 1457751792361
production-topology3-3-1457751000,0.0,0.7229113296724928,0,0,1457751792776
production-topology4-4-1457751007,0.04526748971193416,1.2926373195643426,1080,120,1457751792776
production-topology1-1-1457750987,1.4819570969575,1.0612309440109469,2440,2180,1457751792776
production-topology2-2-1457750993,0.0,4.73818221276239,920,0,1457751792776
Running observer at: 1457751803298
production-topology3-3-1457751000,0.0,0.6900517237782886,0,0,1457751803811
production-topology4-4-1457751007,0.5190494199133735,1.2557998005333442,50100,46720,1457751803811
production-topology1-1-1457750987,0.8221787132201822,1.0508373687591743,2080,980,1457751803812
production-topology2-2-1457750993,60.16127378409316,7.14788184629851,680,26220,1457751803812
Running observer at: 1457751814314
production-topology3-3-1457751000,2.0,0.7470059966574935,0,0,1457751814798
production-topology4-4-1457751007,0.5869260827813627,1.2253964497264358,16680,17720,1457751814799
production-topology1-1-1457750987,0.27919202927873743,1.0186854796141562,2560,560,1457751814799
production-topology2-2-1457750993,0.021276595744680844,6.850939960858768,940,0,1457751814799
Running observer at: 1457751825262
production-topology3-3-1457751000,2.0,0.7992140801300979,0,0,1457751825736
production-topology4-4-1457751007,1.1356998358854637,1.2214965969507414,1600,3200,1457751825737
production-topology1-1-1457750987,0.6535023648013422,1.0040781550216435,2240,820,1457751825737
production-topology2-2-1457750993,0.0,6.576902362424417,740,0,1457751825737
Running observer at: 1457751836294
production-topology3-3-1457751000,2.0,0.847245516924894,0,0,1457751836837
production-topology4-4-1457751007,0.9023631687242799,1.2081993707746388,1200,1940,1457751836837
production-topology1-1-1457750987,1.5478419500628904,1.0249921471386145,2120,2160,1457751836837
production-topology2-2-1457750993,0.0,6.323944579254247,1000,0,1457751836837
Running observer at: 1457751847257
production-topology3-3-1457751000,0.0,0.8146591508893212,0,0,1457751847759
production-topology4-4-1457751007,0.5644180420407505,1.1824481176252832,1780,1820,1457751847759
production-topology1-1-1457750987,0.8873979866479841,1.019896067120443,2560,1440,1457751847759
production-topology2-2-1457750993,33.0098435897913,7.312311209274139,620,12980,1457751847759
Running observer at: 1457751858210
production-topology3-3-1457751000,2.0,0.8585606638193463,0,0,1457751858678
production-topology4-4-1457751007,0.7247664384362935,1.1648449761180144,1820,2440,1457751858678
production-topology1-1-1457750987,1.1680410815417115,1.0251869604926311,2300,1900,1457751858678
production-topology2-2-1457750993,0.0,7.051157237514348,1000,0,1457751858678
Running observer at: 1457751869188
production-topology3-3-1457751000,2.0,0.8993263543972267,0,0,1457751869642
production-topology4-4-1457751007,0.5750416014293886,1.1430004066851025,59200,61160,1457751869642
production-topology1-1-1457750987,0.9361725988484844,1.0221174997462812,2420,1400,1457751869642
production-topology2-2-1457750993,0.07111111111111112,6.810465991776305,800,20,1457751869643
Running observer at: 1457751880130
production-topology3-3-1457751000,2.0,0.9372806180387017,0,0,1457751880592
production-topology4-4-1457751007,0.7804547609182896,1.1300523479077162,2440,3480,1457751880592
production-topology1-1-1457750987,0.46183667360421293,1.0034414722082123,2200,560,1457751880592
production-topology2-2-1457750993,0.0,6.583450458717095,880,0,1457751880592
Running observer at: 1457751891092
production-topology3-3-1457751000,2.0,0.9727045974374117,0,0,1457751891621
production-topology4-4-1457751007,0.5737936157664194,1.110871012316637,1800,1780,1457751891622
production-topology1-1-1457750987,1.088105844203405,1.021799027647053,2460,1740,1457751891622
production-topology2-2-1457750993,0.0,6.552088708865367,940,0,1457751891622
Running observer at: 1457751902208
production-topology3-3-1457751000,2.0,1.0216031486989852,0,0,1457751902669
production-topology4-4-1457751007,0.7797511868510147,1.0998336848011163,2400,3480,1457751902669
production-topology1-1-1457750987,1.2936125430252234,0.8371882508291173,2400,1800,1457751902669
production-topology2-2-1457750993,0.14262023217247097,6.361756857227517,780,80,1457751902670
Running observer at: 1457751913151
production-topology3-3-1457751000,2.0,0.8635725094635556,0,0,1457751913660
production-topology4-4-1457751007,1.337643930563766,1.1280115271664148,2060,4440,1457751913660
production-topology1-1-1457750987,0.5893821057834898,0.82391537216449,2240,920,1457751913660
production-topology2-2-1457750993,0.27122327734300444,6.316899546035245,1240,220,1457751913660
Running observer at: 1457751924131
production-topology3-3-1457751000,2.0,0.8727717989354419,0,0,1457751924600
production-topology4-4-1457751007,0.7558969895999486,0.9055498865461551,1720,2820,1457751924600
production-topology1-1-1457750987,1.2470716286354975,0.8321510931190067,2220,1920,1457751924600
production-topology2-2-1457750993,0.17302036199095022,6.000697194465245,1240,180,1457751924601
/var/nimbus/storm/bin/storm rebalance production-topology3 -e bolt_output_2=11
1457751924986
/var/nimbus/storm/bin/storm rebalance production-topology2 -e spout_head=8
Running observer at: 1457751935141
production-topology3-3-1457751000,0.0,0.0,0,0,1457751935590
production-topology4-4-1457751007,0.8780913842202939,0.8325973771312759,2420,3580,1457751935590
production-topology1-1-1457750987,0.8544119832551643,0.8604053809248324,2200,1120,1457751935590
production-topology2-2-1457750993,0.08383311283414815,0.08383311283414815,14100,800,1457751935590
Running observer at: 1457751946002
production-topology3-3-1457751000,0.0,0.0,0,0,1457751946560
production-topology4-4-1457751007,0.8003951826520874,0.6618181709689669,1720,2380,1457751946560
production-topology1-1-1457750987,0.5328978003467731,0.8521269742697246,2380,800,1457751946560
production-topology2-2-1457750993,1.6498316498316494,0.8668323813328987,240,280,1457751946561
/var/nimbus/storm/bin/storm rebalance production-topology4 -e bolt_output_2=11
1457751946932
/var/nimbus/storm/bin/storm rebalance production-topology1 -e spout_head=10
Running observer at: 1457751957090
production-topology3-3-1457751000,0.0,0.0,0,0,1457751957501
production-topology4-4-1457751007,0.6244886759854205,0.6244886759854205,76160,85400,1457751957501
production-topology1-1-1457750987,0.7781674638570508,0.7781674638570508,98760,49140,1457751957501
production-topology2-2-1457750993,0.8978675645342311,0.8771774424000096,0,280,1457751957501
Running observer at: 1457751964204
production-topology3-3-1457751000,0.0,0.0,0,0,1457751964727
production-topology4-4-1457751007,1.2285334605424558,0.9265110682639381,400,1140,1457751964727
production-topology1-1-1457750987,7.094334706007099,3.936251084932075,120,640,1457751964728
production-topology2-2-1457750993,1.0,0.9078830818000072,0,0,1457751964728
Running observer at: 1457751965276
production-topology3-3-1457751000,0.0,0.0,0,0,1457751965808
production-topology4-4-1457751007,1.8684807256235825,1.2405009540504863,0,280,1457751965809
production-topology1-1-1457750987,2.0,3.2908340566213834,0,20,1457751965809
production-topology2-2-1457750993,0.0563502071698793,0.7375765068739816,3660,160,1457751965809
Running observer at: 1457751967982
production-topology3-3-1457751000,0.0,0.0,0,0,1457751968420
production-topology4-4-1457751007,1.1796866748811827,1.2252973842581603,0,700,1457751968420
production-topology1-1-1457750987,1.2204241071428572,2.773231569251752,0,180,1457751968420
production-topology2-2-1457750993,2.776283452851142,1.077360997870175,420,760,1457751968420
Running observer at: 1457751978878
production-topology3-3-1457751000,0.0,0.0,0,0,1457751979346
production-topology4-4-1457751007,1.6663702451458455,1.3135119564356974,0,6000,1457751979346
production-topology1-1-1457750987,5.219521272224588,3.2624895098463194,0,1900,1457751979347
production-topology2-2-1457750993,1.0,1.0663094267458644,0,0,1457751979347
Running observer at: 1457751985338
production-topology3-3-1457751000,0.0,0.0,0,0,1457751985822
production-topology4-4-1457751007,2.1710891988669765,1.4564414968409105,0,1780,1457751985822
production-topology1-1-1457750987,1.0,2.8854079248719327,0,0,1457751985822
production-topology2-2-1457750993,1.0,1.0580207484026314,0,0,1457751985822
Running observer at: 1457751986307
production-topology3-3-1457751000,0.0,0.0,0,0,1457751986816
production-topology4-4-1457751007,2.0,1.5340927115779233,0,0,1457751986816
production-topology1-1-1457750987,0.014049598957545373,2.475213878312734,88620,820,1457751986816
production-topology2-2-1457750993,1.0,1.0515739985801167,0,0,1457751986816
Running observer at: 1457751989754
production-topology3-3-1457751000,0.0,0.0,0,0,1457751990160
production-topology4-4-1457751007,65.94758632840028,9.585779413680717,0,51260,1457751990160
production-topology1-1-1457750987,0.8491899675006489,2.2719608894612238,83600,45340,1457751990160
production-topology2-2-1457750993,1.0,1.046416598722105,0,0,1457751990160
Running observer at: 1457752000592
production-topology3-3-1457751000,0.0,0.0,0,0,1457752001022
production-topology4-4-1457751007,1.6467104603591316,8.70366064108943,0,67740,1457752001023
production-topology1-1-1457750987,0.15944636678200694,2.0372370536079774,1760,220,1457752001023
production-topology2-2-1457750993,0.4896153846153847,0.9957983065305851,0,360,1457752001023
Running observer at: 1457752011484
production-topology3-3-1457751000,0.0,0.0,0,0,1457752011961
production-topology4-4-1457751007,0.8133454962723254,7.914629126607719,0,720,1457752011962
production-topology1-1-1457750987,1.2696168159644807,1.9604750298436275,1700,1380,1457752011962
production-topology2-2-1457750993,1.0,0.9961484476530363,0,0,1457752011962
Running observer at: 1457752022378
production-topology3-3-1457751000,0.0,0.0,0,0,1457752022779
production-topology4-4-1457751007,1.6058972835875132,7.341108049969518,0,39520,1457752022779
production-topology1-1-1457750987,0.3943146280376362,1.8180968114976286,1580,400,1457752022779
production-topology2-2-1457750993,1.0,0.9964447209104951,0,0,1457752022779
Running observer at: 1457752033226
production-topology3-3-1457751000,0.0,0.0,0,0,1457752033655
production-topology4-4-1457751007,0.0,6.7293490458053915,0,0,1457752033655
production-topology1-1-1457750987,1.3549828439621725,1.7795039808696738,1700,1460,1457752033656
production-topology2-2-1457750993,1.0,0.9966986694168883,0,0,1457752033656
Running observer at: 1457752044123
production-topology3-3-1457751000,0.0,0.0,0,0,1457752044569
production-topology4-4-1457751007,1.5133289004440589,6.328116726931443,0,30680,1457752044569
production-topology1-1-1457750987,0.5682044540432257,1.6863270941907162,1500,540,1457752044569
production-topology2-2-1457750993,1.0,0.9969187581224291,0,0,1457752044569
Running observer at: 1457752055043
production-topology3-3-1457751000,0.0,0.0,0,0,1457752055454
production-topology4-4-1457751007,2.0,6.0189655321506255,0,0,1457752055454
production-topology1-1-1457750987,1.5650553350483525,1.6776648256805475,1700,1860,1457752055454
production-topology2-2-1457750993,1.0,0.9971113357397773,0,0,1457752055454
Running observer at: 1457752065854
production-topology3-3-1457751000,0.0,0.0,0,0,1457752066360
production-topology4-4-1457751007,2.0,5.751034496673918,0,0,1457752066360
production-topology1-1-1457750987,1.3893734733873968,1.6584454021943376,1440,1040,1457752066360
production-topology2-2-1457750993,1.0,0.9972812571668491,0,0,1457752066360
Running observer at: 1457752076800
production-topology3-3-1457751000,0.0,0.0,0,0,1457752077257
production-topology4-4-1457751007,2.0,5.5165948406317975,0,0,1457752077257
production-topology1-1-1457750987,0.8711783044519195,1.6092412085854364,2040,1240,1457752077258
production-topology2-2-1457750993,1.0,0.9974322984353575,0,0,1457752077258
Running observer at: 1457752087707
production-topology3-3-1457751000,0.0,0.0,0,0,1457752088193
production-topology4-4-1457751007,2.0,5.309736320594633,0,0,1457752088193
production-topology1-1-1457750987,0.4402121785211062,1.5404747950522406,1560,500,1457752088193
production-topology2-2-1457750993,1.0,0.9975674406229702,0,0,1457752088193
Running observer at: 1457752098661
production-topology3-3-1457751000,0.0,0.0,0,0,1457752099079
production-topology4-4-1457751007,1.5411176843113328,5.100368618578894,0,22320,1457752099079
production-topology1-1-1457750987,0.8224829312344579,1.5005863581734749,88520,46440,1457752099079
production-topology2-2-1457750993,0.0,0.9476890685918218,260,0,1457752099080
Running observer at: 1457752109501
production-topology3-3-1457751000,0.0,0.0,8360,0,1457752109988
production-topology4-4-1457751007,2.0,4.937191322864216,0,0,1457752109988
production-topology1-1-1457750987,1.5093216689149183,1.501046111370393,2220,2360,1457752109988
production-topology2-2-1457750993,0.13142174432497014,0.908819196007686,620,40,1457752109988
Running observer at: 1457752120469
production-topology3-3-1457751000,0.0,0.0,0,0,1457752120920
production-topology4-4-1457751007,2.0,4.790331756721004,0,0,1457752120921
production-topology1-1-1457750987,0.7817346467505679,1.4650805381394016,1800,740,1457752120921
production-topology2-2-1457750993,16.39651910383464,1.6128055554543657,1260,13220,1457752120921
Running observer at: 1457752131419
production-topology3-3-1457751000,0.0,0.0,0,0,1457752131936
production-topology4-4-1457751007,0.0,4.562220720686671,80,0,1457752131937
production-topology1-1-1457750987,1.2963735785218018,1.4570468733957065,2160,1780,1457752131937
production-topology2-2-1457750993,0.2980161816205772,1.5556408000702877,1000,180,1457752131937
Running observer at: 1457752142425
production-topology3-3-1457751000,0.0,0.0,0,0,1457752142932
production-topology4-4-1457751007,0.08814814814814814,4.3588537855712834,600,100,1457752142932
production-topology1-1-1457750987,0.9525595359841434,1.43411563078609,1980,1460,1457752142932
production-topology2-2-1457750993,0.3148143683702989,1.5039396987494549,1220,220,1457752142932
Running observer at: 1457752153337
production-topology3-3-1457751000,0.0,0.0,220,0,1457752153800
production-topology4-4-1457751007,0.09460186803936806,4.173451528287287,1000,160,1457752153800
production-topology1-1-1457750987,1.1731584750907962,1.4227696674949903,2060,1200,1457752153800
production-topology2-2-1457750993,0.2926388888888889,1.4554876663550322,1080,140,1457752153801
Running observer at: 1457752164246
production-topology3-3-1457751000,0.0,0.0,220,0,1457752164746
production-topology4-4-1457751007,0.08887878787878788,4.003260997436933,900,160,1457752164746
production-topology1-1-1457750987,1.3162919835945295,1.4183330973324713,2080,1640,1457752164747
production-topology2-2-1457750993,0.15859613476800974,1.4056072228324545,1200,200,1457752164747
Running observer at: 1457752175259
production-topology3-3-1457751000,0.0,0.0,220,0,1457752175774
production-topology4-4-1457751007,0.09454594435736677,3.84691239531375,1160,240,1457752175774
production-topology1-1-1457750987,0.7441300977134766,1.3913649773477113,1860,940,1457752175774
production-topology2-2-1457750993,0.3101258309591643,1.3650338379482587,1120,140,1457752175775
Running observer at: 1457752186269
production-topology3-3-1457751000,0.0,0.0,280,0,1457752186757
production-topology4-4-1457751007,0.16941421012849586,3.7054701574220092,1000,240,1457752186757
production-topology1-1-1457750987,1.5817923264640537,1.3986891061598783,2320,2340,1457752186757
production-topology2-2-1457750993,0.2279688811043795,1.3244243752038345,1140,200,1457752186757
Running observer at: 1457752197210
production-topology3-3-1457751000,0.1111111111111111,0.0038314176245210726,180,20,1457752197715
production-topology4-4-1457751007,0.05416666666666667,3.570236694801441,1120,120,1457752197715
production-topology1-1-1457750987,0.8367234412424447,1.3778755630147883,1700,820,1457752197715
production-topology2-2-1457750993,0.4131004131004131,1.2929994109933718,1040,160,1457752197715
Running observer at: 1457752208174
production-topology3-3-1457751000,0.0,0.0037037037037037034,280,0,1457752208524
production-topology4-4-1457751007,0.2328159645232816,3.4510430972915067,820,220,1457752208524
production-topology1-1-1457750987,1.2960115328033206,1.374951847650093,2240,1880,1457752208524
production-topology2-2-1457750993,0.17301038062283738,1.2556664433143538,1360,240,1457752208524
Running observer at: 1457752218855
production-topology3-3-1457751000,0.0,0.0037037037037037034,400,0,1457752219333
production-topology4-4-1457751007,0.07190656565656565,3.3345211479247845,1320,200,1457752219333
production-topology1-1-1457750987,1.1823842487911782,1.3683115856204753,1780,1360,1457752219333
production-topology2-2-1457750993,0.1491024340770791,1.2578420873557847,1100,120,1457752219334
Running observer at: 1457752229818
production-topology3-3-1457751000,0.0,0.0037037037037037034,280,0,1457752230332
production-topology4-4-1457751007,0.12606060606060604,3.2275724631959783,1000,240,1457752230332
production-topology1-1-1457750987,0.725729621712055,1.346892186823528,2120,1040,1457752230332
production-topology2-2-1457750993,0.2552002224694105,1.211354373110377,1160,200,1457752230332
Running observer at: 1457752240825
production-topology3-3-1457751000,0.0,0.0037037037037037034,2320,0,1457752241302
production-topology4-4-1457751007,0.15668461829176117,3.21197899460619,1440,340,1457752241302
production-topology1-1-1457750987,1.5221100544480275,1.3716902731765608,2220,2160,1457752241302
production-topology2-2-1457750993,0.24536579337617395,1.1896043140717751,1360,240,1457752241302
Running observer at: 1457752251807
production-topology3-3-1457751000,0.0,0.0037037037037037034,8820,0,1457752252313
production-topology4-4-1457751007,0.061363846314504214,3.173073340798592,960,120,1457752252314
production-topology1-1-1457750987,0.53742682802635,1.1531266772438684,1840,640,1457752252314
production-topology2-2-1457750993,4.423069941739413,1.3037066454630888,960,2720,1457752252314
Running observer at: 1457752262830
production-topology3-3-1457751000,0.020833333333333332,0.004398148148148148,320,0,1457752263285
production-topology4-4-1457751007,1.0021416347212477,3.144195371101847,1560,2820,1457752263285
production-topology1-1-1457750987,0.5651450835749617,1.1052981800297004,2200,760,1457752263286
production-topology2-2-1457750993,0.6264921241576812,1.322711376029349,1720,640,1457752263286
/var/nimbus/storm/bin/storm rebalance production-topology3 -e bolt_output_1=10
1457752263566
/var/nimbus/storm/bin/storm rebalance production-topology4 -e spout_head=10
Running observer at: 1457752273735
production-topology3-3-1457751000,0.001067491831337255,0.001067491831337255,11800,20,1457752274241
production-topology4-4-1457751007,0.13715945368317836,0.13715945368317836,14240,3560,1457752274241
production-topology1-1-1457750987,0.929525038300619,1.095601544401626,1860,1060,1457752274241
production-topology2-2-1457750993,0.35468380174017794,1.2419913876589834,1140,360,1457752274241
Running observer at: 1457752284701
production-topology3-3-1457751000,0.0,5.337459156686275E-4,120,0,1457752285210
production-topology4-4-1457751007,2.189952319075592,1.1635558863793851,260,900,1457752285210
production-topology1-1-1457750987,1.0749820842371918,0.9574502381353794,2180,1540,1457752285211
production-topology2-2-1457750993,0.3834748160724391,1.2214405481947312,1300,260,1457752285211
Running observer at: 1457752295651
production-topology3-3-1457751000,1.0,0.3336891639437791,0,0,1457752296143
production-topology4-4-1457751007,0.9503321256038648,1.0924812994542117,0,700,1457752296143
production-topology1-1-1457750987,1.3532093117722364,0.9692238818611206,2120,2040,1457752296143
production-topology2-2-1457750993,0.2633850762527233,1.1968867174031554,1320,220,1457752296143
Running observer at: 1457752301866
production-topology3-3-1457751000,1.0,0.5002668729578343,0,0,1457752302330
production-topology4-4-1457751007,2.0,1.3193609745906587,0,0,1457752302330
production-topology1-1-1457750987,1.3351921726921727,1.013261967652275,1120,780,1457752302330
production-topology2-2-1457750993,0.2131706677161222,1.1706590729936928,720,160,1457752302331
Running observer at: 1457752302819
production-topology3-3-1457751000,1.0,0.6002134983662675,0,0,1457752303334
production-topology4-4-1457751007,0.017569220504837096,1.0590026237734944,12880,440,1457752303334
production-topology1-1-1457750987,0.5842176471547101,1.0044295569740769,260,200,1457752303334
production-topology2-2-1457750993,1.0,1.1706590729936928,0,0,1457752303335
Running observer at: 1457752306565
production-topology3-3-1457751000,2.0,0.8335112486385562,0,12480,1457752307073
production-topology4-4-1457751007,0.9815126050420168,1.0460876206515815,100,180,1457752307073
production-topology1-1-1457750987,0.8038017002579043,1.02590806808994,540,360,1457752307073
production-topology2-2-1457750993,0.43875,1.16896356017318,500,60,1457752307073
Running observer at: 1457752317577
production-topology3-3-1457751000,3.0,1.1430096416901911,0,0,1457752318026
production-topology4-4-1457751007,0.1464519140989729,0.9175682340012089,1360,360,1457752318026
production-topology1-1-1457750987,1.5101672706376332,1.0339264165790452,2240,1920,1457752318026
production-topology2-2-1457750993,0.24375238107078698,1.143755306208873,1400,300,1457752318026
Running observer at: 1457752328557
production-topology3-3-1457751000,2.0,1.2501334364789172,0,0,1457752329083
production-topology4-4-1457751007,0.1764664853177094,0.8249305154157714,1180,280,1457752329083
production-topology1-1-1457750987,0.6916575399104895,1.043837846974807,2120,1000,1457752329083
production-topology2-2-1457750993,0.4801871856956603,1.1264282123987286,1180,220,1457752329083
Running observer at: 1457752339506
production-topology3-3-1457751000,0.0,1.111229721314593,0,0,1457752339930
production-topology4-4-1457751007,0.08040973312401883,0.7422059840500211,1400,260,1457752339930
production-topology1-1-1457750987,0.5727928361930941,1.0177648467158378,2080,820,1457752339930
production-topology2-2-1457750993,0.15904222766217868,1.0983962866541346,1440,280,1457752339930
Running observer at: 1457752350422
production-topology3-3-1457751000,0.14285714285714285,1.014392463468848,0,0,1457752350955
production-topology4-4-1457751007,0.18343022757284214,0.6863284084023032,1140,280,1457752350955
production-topology1-1-1457750987,1.9877152219430263,1.065081872312498,2100,2460,1457752350955
production-topology2-2-1457750993,0.860830917874396,1.0937573172499477,1000,180,1457752350956
Running observer at: 1457752361473
production-topology3-3-1457751000,0.28445104003139715,0.9480341522472616,320,180,1457752361944
production-topology4-4-1457751007,0.23217858837887315,0.6450420611274459,1400,340,1457752361944
production-topology1-1-1457750987,1.3823626472646475,1.058992116053041,2220,1880,1457752361944
production-topology2-2-1457750993,0.1775503664969891,1.066342329466514,1460,200,1457752361944
Running observer at: 1457752372435
production-topology3-3-1457751000,0.4339140271493212,0.9051908084890998,1020,780,1457752372905
production-topology4-4-1457751007,0.08883620303111828,0.598691572952752,1180,260,1457752372905
production-topology1-1-1457750987,1.56241051361777,1.0647600173940535,2000,2100,1457752372906
production-topology2-2-1457750993,0.23241126689402553,1.0407560383629815,1300,200,1457752372906
Running observer at: 1457752383385
production-topology3-3-1457751000,0.6450091722698106,0.8851768364722314,1440,1420,1457752383884
production-topology4-4-1457751007,0.1186843393874644,0.561767939601576,1280,300,1457752383885
production-topology1-1-1457750987,0.93876978295066,1.0670130666773447,2040,1080,1457752383885
production-topology2-2-1457750993,0.23757309941520469,1.0153418083434882,700,100,1457752383885
Running observer at: 1457752394337
production-topology3-3-1457751000,0.6106233477485108,0.8655658729919657,1560,1880,1457752394827
production-topology4-4-1457751007,0.11270734096821051,0.5296921825563357,1080,220,1457752394827
production-topology1-1-1457750987,0.6451506353980144,1.0738443485732418,2300,920,1457752394828
production-topology2-2-1457750993,0.3283227958738086,0.9929525682059486,1780,360,1457752394828
Running observer at: 1457752405392
production-topology3-3-1457751000,0.8564257028112451,0.864956528313251,1660,2400,1457752405782
production-topology4-4-1457751007,0.16858466102915115,0.5056183477878567,1440,340,1457752405782
production-topology1-1-1457750987,1.7113865323435842,1.1034744686102125,1840,2200,1457752405782
production-topology2-2-1457750993,0.24037051276574534,1.0009649186314735,1320,260,1457752405782
Running observer at: 1457752416220
production-topology3-3-1457751000,0.8627802978227777,0.8648205139075964,1400,2140,1457752416735
production-topology4-4-1457751007,0.12067501200103392,0.4815593893011803,1180,280,1457752416735
production-topology1-1-1457750987,1.2415785831064727,1.0945496990832644,2120,1740,1457752416736
production-topology2-2-1457750993,0.29684753748924875,1.0064791117369494,1320,160,1457752416736
Running observer at: 1457752427220
production-topology3-3-1457751000,0.7948505133324143,0.860704631520821,1900,2620,1457752427788
production-topology4-4-1457751007,0.11096690460739779,0.4597598313780167,1340,300,1457752427788
production-topology1-1-1457750987,1.4974595293823392,1.1184071951709904,1880,1760,1457752427788
production-topology2-2-1457750993,0.3211691916585638,0.4706341146644133,1260,240,1457752427788
Running observer at: 1457752438358
production-topology3-3-1457751000,0.5236679493418211,0.8419803713997654,1640,1740,1457752438846
production-topology4-4-1457751007,0.15723178882940347,0.4429527179030937,26740,7600,1457752438846
production-topology1-1-1457750987,0.9314285215094178,1.1062423599372442,2340,1360,1457752438847
production-topology2-2-1457750993,0.15401785714285712,0.4658341705151559,1320,220,1457752438847
Running observer at: 1457752449368
production-topology3-3-1457751000,0.4367318815870339,0.8206515035148849,1560,1140,1457752449884
production-topology4-4-1457751007,0.48854276323150936,0.4453521939730103,3200,2680,1457752449884
production-topology1-1-1457750987,0.6001086521460351,1.0944939971426406,2140,820,1457752449885
production-topology2-2-1457750993,0.6527314299839327,0.47709807256894365,1240,200,1457752449885
Running observer at: 1457752460434
production-topology3-3-1457751000,0.32935644147858967,0.7960867504130701,1540,960,1457752460967
production-topology4-4-1457751007,0.3397391070467993,0.44007153962669976,1300,780,1457752460967
production-topology1-1-1457750987,1.5622597319597906,1.1074640390382737,2060,2280,1457752460967
production-topology2-2-1457750993,0.2302339700182132,0.4750179086065878,920,160,1457752460967
Running observer at: 1457752471510
production-topology3-3-1457751000,0.46736343637132205,0.780433259268225,1640,1360,1457752472066
production-topology4-4-1457751007,0.32892552105173684,0.4347788720755111,1540,1020,1457752472066
production-topology1-1-1457750987,1.3563475944538237,1.108799226066917,2140,1820,1457752472066
production-topology2-2-1457750993,0.3863131774846546,0.48260847669714263,1120,340,1457752472066
Running observer at: 1457752482518
production-topology3-3-1457751000,0.344410783055199,0.7606140558039965,1500,980,1457752483058
production-topology4-4-1457751007,0.4862143639233423,0.43711684897768516,1480,1120,1457752483058
production-topology1-1-1457750987,1.3886590333073494,1.130283523920046,1960,1540,1457752483058
production-topology2-2-1457750993,0.5097261946577015,0.48926182215376063,1460,440,1457752483058
Running observer at: 1457752493647
production-topology3-3-1457751000,0.40129480247877325,0.7449914795724651,1620,1080,1457752494111
production-topology4-4-1457751007,0.4318919279689144,0.436889678499043,1620,1240,1457752494111
production-topology1-1-1457750987,0.7979163541822909,1.1041543248439871,2260,1220,1457752494111
production-topology2-2-1457750993,0.6921126520888282,0.5047332811865756,1640,640,1457752494111
Running observer at: 1457752504642
production-topology3-3-1457751000,0.36417238057336004,0.7291240171141692,1640,1020,1457752505289
production-topology4-4-1457751007,0.4898051075381152,0.4390944880423377,1480,1260,1457752505289
production-topology1-1-1457750987,1.0854509279997226,1.1124452410692298,2240,1680,1457752505290
production-topology2-2-1457750993,0.44360261903668274,0.5057500213844512,1400,440,1457752505290
Running observer at: 1457752515743
production-topology3-3-1457751000,0.3622211855081975,0.7144479038499303,1580,1140,1457752516314
production-topology4-4-1457751007,0.3950113073447277,0.4373311608144333,1780,1400,1457752516314
production-topology1-1-1457750987,1.11168542970981,1.106301037632779,1980,1360,1457752516314
production-topology2-2-1457750993,0.5299768032212885,0.517648902137733,1360,600,1457752516314
Running observer at: 1457752526869
production-topology3-3-1457751000,0.3101990349737743,0.6988998704316166,1700,960,1457752527362
production-topology4-4-1457751007,67.01663153969872,2.9980734830792133,140,16680,1457752527363
production-topology1-1-1457750987,1.159547740027146,1.1055398206739782,2020,1420,1457752527363
production-topology2-2-1457750993,0.9217417102366537,0.5434035446763854,1580,700,1457752527363
Running observer at: 1457752537932
production-topology3-3-1457751000,0.19879619375743404,0.6803775120362765,1720,520,1457752538470
production-topology4-4-1457751007,0.5900358781577999,2.9088869051191613,1880,1940,1457752538479
production-topology1-1-1457750987,1.067206766971268,1.1169223921826186,2180,1480,1457752538479
production-topology2-2-1457750993,0.5820753009479681,0.5542993806256706,1520,620,1457752538479
Running observer at: 1457752549048
production-topology3-3-1457751000,0.22266532010945095,0.6640306480388898,1460,620,1457752549563
production-topology4-4-1457751007,0.5976974397988457,2.8263444242148643,1760,1980,1457752549563
production-topology1-1-1457750987,0.9437777616215957,1.0976446490884042,2060,1280,1457752549563
production-topology2-2-1457750993,0.7412986156888597,0.57083047470276,1600,720,1457752549563
Running observer at: 1457752560083
production-topology3-3-1457751000,0.5027959763791552,0.658470831774761,1660,1660,1457752560666
production-topology4-4-1457751007,0.44644689914052416,2.7442789923157496,1860,1440,1457752560666
production-topology1-1-1457750987,0.9449596783969071,1.1112290774340894,2080,1400,1457752560666
production-topology2-2-1457750993,0.5757046489671105,0.4425849649436835,1340,520,1457752560666
Running observer at: 1457752571110
production-topology3-3-1457751000,0.7946371959904905,0.6630097105819519,1660,2020,1457752571664
production-topology4-4-1457751007,0.5003565607637065,2.6694815779306813,1820,1800,1457752571665
production-topology1-1-1457750987,1.088872231727789,1.128686649039184,1960,1260,1457752571665
production-topology2-2-1457750993,0.8756962605199262,0.4508917694890917,1600,740,1457752571665
Running observer at: 1457752582125
production-topology3-3-1457751000,0.3745722981662749,0.6754598707931164,1820,1300,1457752582615
production-topology4-4-1457751007,0.7140737937902291,2.6887120559342494,1280,1320,1457752582615
production-topology1-1-1457750987,1.1058379786088701,1.1345637470494587,2120,1440,1457752582615
production-topology2-2-1457750993,0.5002506434789316,0.4557439975470502,1460,440,1457752582615
Running observer at: 1457752593154
production-topology3-3-1457751000,0.4422980898962896,0.6902031404563261,1340,1020,1457752593708
production-topology4-4-1457751007,0.44628366714513096,2.6305897675365677,1700,1620,1457752593708
production-topology1-1-1457750987,1.2410898920071791,1.1401006739751247,2120,1460,1457752593709
production-topology2-2-1457750993,0.48611111111111105,0.45916520738167255,1380,460,1457752593709
Running observer at: 1457752604240
production-topology3-3-1457751000,0.8341691540711469,0.6846754455920311,1580,2200,1457752604835
production-topology4-4-1457751007,0.5915975920595424,2.618631949751757,1360,1340,1457752604835
production-topology1-1-1457750987,0.7726819764121226,1.1207497627964544,2040,1240,1457752604835
production-topology2-2-1457750993,0.3605681105574841,0.4624046418584979,1700,360,1457752604835
Running observer at: 1457752615361
production-topology3-3-1457751000,0.4851460011235204,0.6675136456294818,1600,1560,1457752615878
production-topology4-4-1457751007,0.931541136163057,2.5830166542905255,1620,2740,1457752615879
production-topology1-1-1457750987,0.9691289107726758,1.1085476540658046,2060,1340,1457752615879
production-topology2-2-1457750993,0.3683810435685225,0.4675783210535779,1560,420,1457752615879
Running observer at: 1457752626425
production-topology3-3-1457751000,0.3167870891885229,0.644739881935766,1620,840,1457752626949
production-topology4-4-1457751007,1.2568806144214677,2.6243270340877465,2180,4800,1457752626949
production-topology1-1-1457750987,1.1455527155820848,1.1272588230133838,1940,1280,1457752626950
production-topology2-2-1457750993,0.2101750558384051,0.44125082291485807,1780,300,1457752626950
Running observer at: 1457752637397
production-topology3-3-1457751000,0.24835970820243553,0.5863518722091805,1880,940,1457752637873
production-topology4-4-1457751007,0.8807414716778464,2.620967996308941,1740,2740,1457752637873
production-topology1-1-1457750987,0.9556047467389821,1.132318924562753,2200,1420,1457752637873
production-topology2-2-1457750993,0.5847549677336912,0.44611765517264773,1480,420,1457752637873
Running observer at: 1457752648375
production-topology3-3-1457751000,0.7566071617079119,0.5115721109327774,1580,2120,1457752648874
production-topology4-4-1457751007,0.865271281282336,2.6449286418817195,1840,2680,1457752648874
production-topology1-1-1457750987,1.01129096004599,1.115689714209698,2180,1360,1457752648874
production-topology2-2-1457750993,0.4711663825092769,0.453698121887264,1180,340,1457752648874
Running observer at: 1457752659406
production-topology3-3-1457751000,0.6288634719328015,0.46586755999720414,1340,1640,1457752659972
production-topology4-4-1457751007,0.3818659855769231,2.65177529189036,1720,1400,1457752659972
production-topology1-1-1457750987,0.9793710736714908,1.1252801653350653,2000,1340,1457752659972
production-topology2-2-1457750993,0.44543387186420114,0.4525396780928821,1400,400,1457752659972
Running observer at: 1457752670461
production-topology3-3-1457751000,0.784726998627996,0.4920251266181373,1620,1980,1457752670953
production-topology4-4-1457751007,1.4264532037567537,2.6966434075781174,2080,5160,1457752670953
production-topology1-1-1457750987,1.1234559818813974,1.143635603524675,2200,1320,1457752670953
production-topology2-2-1457750993,0.41057445998663344,0.46092408583703054,1160,360,1457752670953
Running observer at: 1457752681491
production-topology3-3-1457751000,0.38859927567104213,0.5002165310452673,1840,1340,1457752682015
production-topology4-4-1457751007,1.5637499442639256,2.7426540648011537,1940,5380,1457752682015
production-topology1-1-1457750987,0.8779961417892452,1.106644967519549,2200,1280,1457752682015
production-topology2-2-1457750993,0.34426130788200204,0.4437050988372841,1320,260,1457752682016
Running observer at: 1457752692600
production-topology3-3-1457751000,0.7696317241127366,0.5163892205146452,1580,2080,1457752693084
production-topology4-4-1457751007,0.6892623583389919,2.757890190466491,1840,2160,1457752693084
production-topology1-1-1457750987,1.0783510783510784,1.0965112485557633,1940,1300,1457752693084
production-topology2-2-1457750993,0.879164297978086,0.46709222988665394,1220,660,1457752693085
Running observer at: 1457752703544
production-topology3-3-1457751000,0.7638071562563319,0.5273856581515456,1360,1960,1457752703890
production-topology4-4-1457751007,1.0211826914293343,2.788968406746432,1780,3340,1457752703890
production-topology1-1-1457750987,1.0220513477722242,1.0784992763609118,2040,1320,1457752703890
production-topology2-2-1457750993,0.9310719681056993,0.4903809199270431,1440,860,1457752703890
Running observer at: 1457752714219
production-topology3-3-1457751000,0.33396133618367263,0.5170173969486744,1960,1120,1457752714559
production-topology4-4-1457751007,0.7091356419016022,2.8086501168302362,1880,2400,1457752714559
production-topology1-1-1457750987,3.678140664160401,1.1698116390679032,80,260,1457752714559
production-topology2-2-1457750993,1.0533531911928653,0.5175735896529651,1200,860,1457752714559
