Running observer at: 1456600726655
production-topology1-1-1456600726,0.0,0.0,0,0,1456600726945
Running observer at: 1456600727337
production-topology1-1-1456600726,0.0,0.0,0,0,1456600727765
Running observer at: 1456600733337
production-topology2-2-1456600733,0.0,0.0,0,0,1456600733958
production-topology1-1-1456600726,0.0,0.0,0,0,1456600733959
Running observer at: 1456600738230
production-topology2-2-1456600733,0.0,0.0,0,0,1456600738615
production-topology1-1-1456600726,0.0,0.0,0,0,1456600738616
Running observer at: 1456600740725
production-topology3-3-1456600740,0.0,0.0,0,0,1456600741190
production-topology2-2-1456600733,0.0,0.0,0,0,1456600741190
production-topology1-1-1456600726,0.0,0.0,240,0,1456600741190
Running observer at: 1456600747750
production-topology3-3-1456600740,0.0,0.0,0,0,1456600748367
production-topology2-2-1456600733,0.0,0.0,240,0,1456600748367
production-topology1-1-1456600726,0.4186046511627907,0.06976744186046512,860,0,1456600748367
production-topology4-4-1456600747,0.0,0.0,0,0,1456600748367
Running observer at: 1456600748993
production-topology3-3-1456600740,0.0,0.0,0,0,1456600749568
production-topology2-2-1456600733,0.0,0.0,0,0,1456600749568
production-topology1-1-1456600726,0.8912417763157894,0.18712091821122573,380,0,1456600749568
production-topology4-4-1456600747,0.0,0.0,0,0,1456600749568
Running observer at: 1456600760131
production-topology3-3-1456600740,0.0,0.0,320,0,1456600760691
production-topology2-2-1456600733,0.9388750451892784,0.15647917419821308,1840,0,1456600760691
production-topology1-1-1456600726,1.3274075615140266,0.32965674862407585,2020,0,1456600760692
production-topology4-4-1456600747,0.0,0.0,0,0,1456600760692
Running observer at: 1456600771270
production-topology3-3-1456600740,1.091093117408907,0.2182186234817814,2080,0,1456600771849
production-topology2-2-1456600733,1.167801062929551,0.3009537297312614,2380,0,1456600771849
production-topology1-1-1456600726,1.0287386832678733,0.40733251914005336,2220,0,1456600771849
production-topology4-4-1456600747,0.7707648476879247,0.1926912119219812,780,0,1456600771849
Running observer at: 1456600782583
production-topology3-3-1456600740,1.038131773610972,0.3548708151699798,1920,0,1456600783300
production-topology2-2-1456600733,0.9304047215321322,0.3796351037063702,2140,0,1456600783300
production-topology1-1-1456600726,0.9874607948753015,0.46534534671357813,2320,0,1456600783301
production-topology4-4-1456600747,1.094973179753774,0.37314760548833975,2300,0,1456600783301
Running observer at: 1456600793947
production-topology3-3-1456600740,0.9798420863185052,0.4441524253340549,2480,0,1456600794475
production-topology2-2-1456600733,1.0784481816751947,0.45728100125846183,2420,0,1456600794475
production-topology1-1-1456600726,1.0590132935658474,0.5193151600637844,2180,0,1456600794476
production-topology4-4-1456600747,0.9556887052341597,0.4702377887793097,2420,0,1456600794476
Running observer at: 1456600805040
production-topology3-3-1456600740,1.0012118268275312,0.5137848505207394,2240,0,1456600805675
production-topology2-2-1456600733,1.036027361865252,0.5151556373191408,2060,0,1456600805676
production-topology1-1-1456600726,0.8849394773977384,0.5497838531749473,2180,0,1456600805676
production-topology4-4-1456600747,1.0791729277790152,0.5572285229221248,1900,0,1456600805676
Running observer at: 1456600816369
production-topology3-3-1456600740,1.0110202169514808,0.5690332245685996,2200,0,1456600817006
production-topology2-2-1456600733,0.943814759316824,0.5541246484098393,2180,0,1456600817006
production-topology1-1-1456600726,1.0085163603765128,0.5850709691135292,2280,0,1456600817007
production-topology4-4-1456600747,0.9100428718347329,0.6013303165362008,2340,0,1456600817007
Running observer at: 1456600827556
production-topology3-3-1456600740,1.0652447093516964,0.6186543730469093,2100,0,1456600828127
production-topology2-2-1456600733,1.05331231340789,0.5957236204930102,2320,0,1456600828127
production-topology1-1-1456600726,1.0093798596525845,0.615378747009176,2420,0,1456600828127
production-topology4-4-1456600747,1.0691679151229667,0.6533122719347304,2440,0,1456600828128
Running observer at: 1456600838762
production-topology3-3-1456600740,0.9624925965809663,0.6499123933681872,2300,0,1456600839367
production-topology2-2-1456600733,0.9433691173281284,0.6224655817880194,2140,0,1456600839367
production-topology1-1-1456600726,1.1689174314712334,0.6522813259733131,2040,0,1456600839368
production-topology4-4-1456600747,1.0150781802262066,0.689488862763878,1820,0,1456600839368
Running observer at: 1456600850015
production-topology3-3-1456600740,1.0276502122857158,0.6813905449446479,2440,0,1456600850547
production-topology2-2-1456600733,0.9769537075473146,0.6477861621993977,2440,0,1456600850547
production-topology1-1-1456600726,0.9515907242374062,0.6709881633648189,2160,0,1456600850547
production-topology4-4-1456600747,1.0235811721077879,0.7198608908860517,2340,0,1456600850547
Running observer at: 1456600861150
production-topology3-3-1456600740,0.9809948607668757,0.7044370307771269,1900,0,1456600861714
production-topology2-2-1456600733,1.0921918228270604,0.6774132062412418,2040,0,1456600861714
production-topology1-1-1456600726,0.9004853376807755,0.6844879971481105,2380,0,1456600861715
production-topology4-4-1456600747,0.985771087398374,0.7420200739287451,2420,0,1456600861715
Running observer at: 1456600872302
production-topology3-3-1456600740,1.0266811653129224,0.7274544689582552,2280,0,1456600872991
production-topology2-2-1456600733,0.9817622573129008,0.6964350219332205,2140,0,1456600872991
production-topology1-1-1456600726,0.9564944753973645,0.699599468161958,2080,0,1456600872991
production-topology4-4-1456600747,0.9857798879202988,0.7607708288511723,1920,0,1456600872991
Running observer at: 1456600883418
production-topology3-3-1456600740,0.9333489706216522,0.7411807690691483,2440,0,1456600883962
production-topology2-2-1456600733,0.9732574227224063,0.7127186925678785,2380,0,1456600883962
production-topology1-1-1456600726,1.1801181012277622,0.7248899225338424,2160,0,1456600883962
production-topology4-4-1456600747,1.0048283914625578,0.7782035118948427,2280,0,1456600883962
Running observer at: 1456600894437
production-topology3-3-1456600740,0.9900240295343853,0.7567334728482257,1940,0,1456600894971
production-topology2-2-1456600733,1.0811571940604199,0.7331874982063531,2040,0,1456600894971
production-topology1-1-1456600726,0.9061667688451547,0.7339537648494081,2460,0,1456600894971
production-topology4-4-1456600747,1.0060714020358597,0.7933947045709105,2360,0,1456600894971
Running observer at: 1456600905561
production-topology3-3-1456600740,1.0893494058631674,0.7762991159667516,2220,0,1456600906207
production-topology2-2-1456600733,1.0474694826201303,0.7497286552807624,2140,0,1456600906207
production-topology1-1-1456600726,1.0064617809298657,0.7469303370437156,2000,0,1456600906207
production-topology4-4-1456600747,0.9697200900495475,0.8044150411633253,2000,0,1456600906208
Running observer at: 1456600916763
production-topology3-3-1456600740,0.9449564850773351,0.7856689698062286,2460,0,1456600917304
production-topology2-2-1456600733,0.9390359589894847,0.7591940204661984,2340,0,1456600917304
production-topology1-1-1456600726,0.9611659482166884,0.7566683193697599,2180,0,1456600917304
production-topology4-4-1456600747,0.9867734782936403,0.8151420080533438,2280,0,1456600917305
Running observer at: 1456600927799
production-topology3-3-1456600740,0.9477396774765197,0.7941990070520334,1900,0,1456600928303
production-topology2-2-1456600733,0.9499699151410483,0.7682785868792864,2100,0,1456600928303
production-topology1-1-1456600726,0.9279252136752137,0.7641142712960839,2400,0,1456600928304
production-topology4-4-1456600747,1.1218555058033266,0.8321816468172317,2380,0,1456600928304
Running observer at: 1456600939033
production-topology3-3-1456600740,1.017875036840554,0.8053828085414594,2340,0,1456600939633
production-topology2-2-1456600733,1.1035083468135412,0.7835163032399344,2200,0,1456600939633
production-topology1-1-1456600726,1.1166721480379573,0.7788041828269953,2080,0,1456600939634
production-topology4-4-1456600747,0.8383022399898471,0.832503783300001,2060,0,1456600939634
Running observer at: 1456600950186
production-topology3-3-1456600740,1.1196864992237043,0.8203496509548996,2280,0,1456600950803
production-topology2-2-1456600733,0.8527847122779518,0.7865279731981091,2460,0,1456600950803
production-topology1-1-1456600726,1.16996198254013,0.7944504948155207,2120,0,1456600950804
production-topology4-4-1456600747,1.0411031563525786,0.84293375195263,2160,0,1456600950804
Running observer at: 1456600961314
production-topology3-3-1456600740,0.95771581911221,0.8265935676893228,2000,0,1456600961821
production-topology2-2-1456600733,1.19657205410031,0.8036131432357009,2060,0,1456600961821
production-topology1-1-1456600726,0.9361465293215189,0.7999003422965205,2460,0,1456600961821
production-topology4-4-1456600747,1.0503572530051744,0.8528110615265606,2380,0,1456600961822
Running observer at: 1456600972475
production-topology3-3-1456600740,0.9465592179588123,0.8318094655271266,2320,0,1456600973172
production-topology2-2-1456600733,0.9913449754901961,0.8111224165258807,2160,0,1456600973173
production-topology1-1-1456600726,0.9122228261383921,0.804060434290664,2040,0,1456600973173
production-topology4-4-1456600747,0.9822762695795795,0.8586958437107888,1940,0,1456600973173
Running observer at: 1456600983734
production-topology3-3-1456600740,1.0075134665625904,0.8391304655702708,2400,0,1456600984283
production-topology2-2-1456600733,0.7925651878559239,0.8104086769616516,2380,0,1456600984283
production-topology1-1-1456600726,0.9693218080986461,0.8099626262123776,2180,0,1456600984284
production-topology4-4-1456600747,1.0596909341821283,0.8674347606878036,2380,0,1456600984284
Running observer at: 1456600994782
production-topology3-3-1456600740,0.9345222245628818,0.8429461359299754,2000,0,1456600995308
production-topology2-2-1456600733,1.1622058943185318,0.823438203530425,2040,0,1456600995308
production-topology1-1-1456600726,1.0454765579835394,0.8180837962734522,2380,0,1456600995308
production-topology4-4-1456600747,0.987259666057587,0.8724274650782111,2260,0,1456600995308
Running observer at: 1456601005911
production-topology3-3-1456600740,1.0311333077563045,0.850184104077142,2260,0,1456601006548
production-topology2-2-1456600733,1.1072477752101875,0.8335742596618451,2180,0,1456601006549
production-topology1-1-1456600726,0.9097715330456593,0.8211400541658591,2020,0,1456601006549
production-topology4-4-1456600747,0.9676525763968801,0.8762364695309579,1980,0,1456601006549
Running observer at: 1456601017068
production-topology3-3-1456600740,0.9855571388409345,0.8551979201795047,2340,0,1456601017575
production-topology2-2-1456600733,0.9081102618000183,0.8361444666321268,2400,0,1456601017575
production-topology1-1-1456600726,1.0063044193203299,0.8546835348098701,2220,0,1456601017576
production-topology4-4-1456600747,1.0227756786603832,0.8818725929590128,2360,0,1456601017576
Running observer at: 1456601028123
production-topology3-3-1456600740,1.0516306765457966,0.862213375764015,1980,0,1456601028745
production-topology2-2-1456600733,1.2091041618314349,0.8485764564721038,1980,0,1456601028745
production-topology1-1-1456600726,1.1133171912832927,0.8917941078526466,2380,0,1456601028745
production-topology4-4-1456600747,0.9714799820062978,0.8851913851459492,2400,0,1456601028745
Running observer at: 1456601039372
production-topology3-3-1456600740,0.970573449621698,0.8659499300349696,2220,0,1456601040008
production-topology2-2-1456600733,1.09238954566237,0.8849894413275161,2300,0,1456601040008
production-topology1-1-1456600726,0.8151574221277754,0.9189660219235724,2000,0,1456601040008
production-topology4-4-1456600747,0.9279708646207927,0.8867192236986222,2040,0,1456601040008
Running observer at: 1456601050515
production-topology3-3-1456600740,1.0114898545625146,0.8708012608525544,2460,0,1456601050991
production-topology2-2-1456600733,0.8565354192217373,0.9135406219682406,2320,0,1456601050991
production-topology1-1-1456600726,1.1978527909935373,0.9588944482900236,2220,0,1456601050991
production-topology4-4-1456600747,1.038770383356268,0.8919623671350927,2220,0,1456601050992
Running observer at: 1456601061413
production-topology3-3-1456600740,0.9524043408009613,0.9025480722125864,1900,0,1456601061930
production-topology2-2-1456600733,0.8824426775147929,0.9429553778854004,2080,0,1456601061930
production-topology1-1-1456600726,1.087052462875407,0.9951295303858705,2360,0,1456601061931
production-topology4-4-1456600747,1.0062029310149612,0.8957703859310884,2280,0,1456601061931
Running observer at: 1456601072552
production-topology3-3-1456600740,1.1839728843428374,0.9420138350240143,2280,0,1456601073220
production-topology2-2-1456600733,1.098865342880819,0.9795842226480944,2120,0,1456601073220
production-topology1-1-1456600726,0.8193038668139324,1.0084861709075752,2060,0,1456601073221
production-topology4-4-1456600747,1.0573697133596731,0.9310160430430775,1860,0,1456601073221
Running observer at: 1456601083712
production-topology3-3-1456600740,0.8904747672047675,0.9716963272641732,2440,0,1456601084283
production-topology2-2-1456600733,1.0822110051694025,1.015657922820408,2420,0,1456601084283
production-topology1-1-1456600726,1.07199372960583,1.0145112360172432,2140,0,1456601084283
production-topology4-4-1456600747,1.0721808513063444,0.966755404753289,2300,0,1456601084283
Running observer at: 1456601094745
production-topology3-3-1456600740,0.9683849845151835,1.0039758267480126,1980,0,1456601095257
production-topology2-2-1456600733,0.9815382076789606,1.0170800282367305,2060,0,1456601095257
production-topology1-1-1456600726,0.9812118689527302,1.0029713795985336,2440,0,1456601095257
production-topology4-4-1456600747,0.9010861582056138,0.9967916100268095,2420,0,1456601095258
Running observer at: 1456601105804
production-topology3-3-1456600740,1.0526962472618435,1.0026959310764438,2280,0,1456601106472
production-topology2-2-1456600733,1.011756248149871,1.0118785344107413,2140,0,1456601106472
production-topology1-1-1456600726,1.0725904617310587,1.0044331055473064,2060,0,1456601106473
production-topology4-4-1456600747,1.0208655333425,1.0051282995486286,1960,0,1456601106473
Running observer at: 1456601117020
production-topology3-3-1456600740,0.9727716556840398,1.0005172604788792,2460,0,1456601117558
production-topology2-2-1456600733,0.9691317524323724,1.0131694354407492,2400,0,1456601117558
production-topology1-1-1456600726,0.960606389915236,1.003537958715304,2140,0,1456601117558
production-topology4-4-1456600747,0.9884108946608945,1.001576223378866,2240,0,1456601117558
Running observer at: 1456601128038
production-topology3-3-1456600740,1.0381006647673314,1.0024592130938401,1820,0,1456601128572
production-topology2-2-1456600733,1.0298716270793369,1.0115502169542205,2040,0,1456601128572
production-topology1-1-1456600726,0.9716029746125361,1.0006242814168604,2440,0,1456601128573
production-topology4-4-1456600747,1.0413158848084523,1.0044304626980092,2380,0,1456601128573
Running observer at: 1456601139118
production-topology3-3-1456600740,0.9794118192198957,1.0017325461735858,2320,0,1456601139706
production-topology2-2-1456600733,1.0662169693915726,1.0125565372050978,2100,0,1456601139706
production-topology1-1-1456600726,0.9580840545027873,1.0030624339870287,1980,0,1456601139706
production-topology4-4-1456600747,1.045575548501828,1.003310550055436,1940,0,1456601139707
Running observer at: 1456601150295
production-topology3-3-1456600740,1.0034511168538751,1.0014802428369989,2380,0,1456601150861
production-topology2-2-1456600733,0.8565895705230432,1.009649030911972,2540,0,1456601150861
production-topology1-1-1456600726,1.071733104415533,1.0051696587883292,2120,0,1456601150861
production-topology4-4-1456600747,0.9601591765971422,1.0049810935475163,2340,0,1456601150861
Running observer at: 1456601161333
production-topology3-3-1456600740,0.9257315385354428,0.9968298038097904,1920,0,1456601161838
production-topology2-2-1456600733,1.0816961680606885,1.0105951594003983,1940,0,1456601161838
production-topology1-1-1456600726,0.9732440764799897,1.0039651326825758,2560,0,1456601161839
production-topology4-4-1456600747,1.000140075640846,1.002680165564779,2420,0,1456601161839
Running observer at: 1456601172423
production-topology3-3-1456600740,1.0489859131551678,0.9997129143622637,2320,0,1456601173026
production-topology2-2-1456600733,0.9630459882061434,1.0112510550963323,2220,0,1456601173026
production-topology1-1-1456600726,0.9660724669147284,0.9972036338640258,1940,0,1456601173026
production-topology4-4-1456600747,1.0496248236873236,1.0038317203468163,1920,0,1456601173026
Running observer at: 1456601183599
production-topology3-3-1456600740,1.0037385295117254,0.9989158582697975,2380,0,1456601184124
production-topology2-2-1456600733,0.9928913550306983,1.011782310012445,2440,0,1456601184124
production-topology1-1-1456600726,1.1595677377552605,1.0041362009812878,2140,0,1456601184125
production-topology4-4-1456600747,1.0116702436620852,1.0034346893986263,2280,0,1456601184125
Running observer at: 1456601194636
production-topology3-3-1456600740,0.9844572373802813,0.9990312708235776,1960,0,1456601195121
production-topology2-2-1456600733,1.0816924043150582,1.0114323293953784,2020,0,1456601195121
production-topology1-1-1456600726,1.0224945054386902,1.0082031732398848,2400,0,1456601195121
production-topology4-4-1456600747,0.9654154999972386,1.0027561698185885,2380,0,1456601195121
Running observer at: 1456601205769
production-topology3-3-1456600740,0.9715592425506928,0.9971938733981699,2300,0,1456601206365
production-topology2-2-1456600733,0.9767012898449542,1.0112636304797802,2160,0,1456601206365
production-topology1-1-1456600726,0.7688542218370327,1.001948498121207,2100,0,1456601206365
production-topology4-4-1456600747,0.9759767826383,1.0024293996425218,1880,0,1456601206365
Running observer at: 1456601216953
production-topology3-3-1456600740,1.012261672661291,0.9998242967994914,2380,0,1456601217525
production-topology2-2-1456600733,1.001279955600617,1.0121977149090537,2440,0,1456601217525
production-topology1-1-1456600726,1.1709489250992746,1.0016428589169242,2180,0,1456601217525
production-topology4-4-1456600747,0.9970987484605249,1.0021717448757874,2320,0,1456601217525
Running observer at: 1456601227988
production-topology3-3-1456600740,1.1023934748818016,1.0035699449777384,1920,0,1456601228490
production-topology2-2-1456600733,0.9948758802904043,1.0093216711167199,2040,0,1456601228490
production-topology1-1-1456600726,0.9359895284674866,1.0026369509043351,2360,0,1456601228490
production-topology4-4-1456600747,1.0269729327806976,1.002868462567282,2460,0,1456601228490
Running observer at: 1456601238962
production-topology3-3-1456600740,0.9981467339858381,1.000529855915161,2260,0,1456601239612
production-topology2-2-1456600733,1.0080234183742325,1.0080068023085231,2140,0,1456601239612
production-topology1-1-1456600726,1.0085057286352923,1.0027050824945163,2140,0,1456601239612
production-topology4-4-1456600747,1.0095785230696983,1.0041970770012871,1840,0,1456601239612
Running observer at: 1456601250110
production-topology3-3-1456600740,0.9485048477008429,1.0006481346692777,2060,0,1456601250691
production-topology2-2-1456600733,1.0101704233095106,1.0103779511191908,2180,0,1456601250691
production-topology1-1-1456600726,1.2475164578959508,1.012250099483825,2060,0,1456601250691
production-topology4-4-1456600747,1.051038915004384,1.0063392582249782,2260,0,1456601250691
Running observer at: 1456601261172
production-topology3-3-1456600740,1.0534485820177641,1.0041717648206525,2120,0,1456601261696
production-topology2-2-1456600733,1.0882383404356062,1.0149868986290094,2260,0,1456601261696
production-topology1-1-1456600726,0.851753115039119,1.0097110295292884,2380,0,1456601261696
production-topology4-4-1456600747,0.97006840520505,1.0012796882050354,2440,0,1456601261696
Running observer at: 1456601272172
production-topology3-3-1456600740,0.9365323658946842,1.0014603424557904,2460,0,1456601272783
production-topology2-2-1456600733,0.9982082502503562,1.0114768954102364,2120,0,1456601272783
production-topology1-1-1456600726,1.045304232804233,1.0073320990214978,2160,0,1456601272783
production-topology4-4-1456600747,1.041882349445644,1.0080656918535622,1920,0,1456601272783
Running observer at: 1456601283354
production-topology3-3-1456600740,1.054232140545267,0.9992785304998424,2040,0,1456601283982
production-topology2-2-1456600733,0.8967156705854175,1.0129412606871522,2160,0,1456601283982
production-topology1-1-1456600726,0.9611953490414807,1.0003732112382093,2140,0,1456601283982
production-topology4-4-1456600747,0.9125827213909918,1.0037816773548427,2340,0,1456601283983
Running observer at: 1456601294469
production-topology3-3-1456600740,1.086011271978671,1.0035550455953914,2200,0,1456601295027
production-topology2-2-1456600733,1.0581439532334673,1.0083269906582575,2380,0,1456601295028
production-topology1-1-1456600726,1.0011966055922101,1.0025415471138992,2260,0,1456601295028
production-topology4-4-1456600747,1.0690738270365672,1.004405563155889,2380,0,1456601295028
Running observer at: 1456601305494
production-topology3-3-1456600740,0.9481654006741066,1.0036085850192344,2440,0,1456601305990
production-topology2-2-1456600733,1.048991425140702,1.0102485389799412,2100,0,1456601305990
production-topology1-1-1456600726,1.003772384957375,1.005593199074532,2180,0,1456601305990
production-topology4-4-1456600747,0.9020607414708182,1.0017317122189306,1940,0,1456601305990
Running observer at: 1456601316638
production-topology3-3-1456600740,0.9600383500150709,1.0020260811343171,2060,0,1456601317205
production-topology2-2-1456600733,0.9403278388010673,1.0151739606781127,2220,0,1456601317205
production-topology1-1-1456600726,0.9781276736321489,1.0058867279256485,2140,0,1456601317205
production-topology4-4-1456600747,1.0871845101682378,1.002648164751801,2280,0,1456601317205
Running observer at: 1456601327756
production-topology3-3-1456600740,0.9807978180386752,1.0035686009168436,2180,0,1456601328237
production-topology2-2-1456600733,0.9716124427016407,1.008820845624216,2300,0,1456601328238
production-topology1-1-1456600726,1.028439040495463,1.005318810676046,2300,0,1456601328238
production-topology4-4-1456600747,0.9106133050844396,1.000093286052696,2440,0,1456601328238
Running observer at: 1456601338701
production-topology3-3-1456600740,1.0469395996384825,1.0040954773129163,2380,0,1456601339250
production-topology2-2-1456600733,1.1212885736143312,1.0092888722376876,2060,0,1456601339250
production-topology1-1-1456600726,0.8495465138694421,1.0033113100368387,2200,0,1456601339251
production-topology4-4-1456600747,1.0485045095487426,1.0027883504910915,1900,0,1456601339251
Running observer at: 1456601349812
production-topology3-3-1456600740,1.0047312533009412,1.0047346144615832,1960,0,1456601350454
production-topology2-2-1456600733,0.976940440974387,1.0115832115435,2220,0,1456601350455
production-topology1-1-1456600726,0.9968652037617555,1.0029966695182195,2200,0,1456601350455
production-topology4-4-1456600747,0.9444117806071419,1.0001762205559834,2280,0,1456601350455
Running observer at: 1456601361029
production-topology3-3-1456600740,0.9635751610929526,1.0017994306131548,2220,0,1456601361597
production-topology2-2-1456600733,0.8813893834332833,1.000659385596895,2320,0,1456601361597
production-topology1-1-1456600726,1.2195255563356358,1.0065369483532978,2280,0,1456601361597
production-topology4-4-1456600747,1.07849503377216,1.0037433889481788,2400,0,1456601361598
Running observer at: 1456601372139
production-topology3-3-1456600740,1.0303067563449568,1.0037905408372636,2480,0,1456601372631
production-topology2-2-1456600733,1.0965729262854111,1.000798831617663,2160,0,1456601372631
production-topology1-1-1456600726,0.8922602995114269,1.0091070442660863,2100,0,1456601372631
production-topology4-4-1456600747,0.9895591501280945,1.0057963317984222,2020,0,1456601372631
Running observer at: 1456601383284
production-topology3-3-1456600740,1.0399301913536498,1.0047385520636347,2000,0,1456601383892
production-topology2-2-1456600733,1.0212968563535008,1.0062908795220553,2160,0,1456601383892
production-topology1-1-1456600726,1.0298146655922644,1.0035057734193773,2140,0,1456601383892
production-topology4-4-1456600747,0.9958992523095087,1.0043672940968638,2220,0,1456601383892
Running observer at: 1456601394439
production-topology3-3-1456600740,0.9884401429175024,1.0059397454675194,2080,0,1456601394976
production-topology2-2-1456600733,0.9714585208312647,1.009258074299271,2260,0,1456601394977
production-topology1-1-1456600726,1.0315757493110318,1.0016565496338978,2260,0,1456601394977
production-topology4-4-1456600747,1.0127620731169729,1.0045859321669308,2420,0,1456601394977
Running observer at: 1456601405470
production-topology3-3-1456600740,0.9640370903094799,0.9986085523330741,2520,0,1456601405959
production-topology2-2-1456600733,0.9946639159030463,1.005784693400012,2200,0,1456601405960
production-topology1-1-1456600726,1.0144487222727958,1.0081613781491934,2240,0,1456601405960
production-topology4-4-1456600747,0.9755102040816326,1.0018572818576628,1940,0,1456601405960
/var/nimbus/storm/bin/storm rebalance production-topology3 -e spout_head=11
1456601406402
/var/nimbus/storm/bin/storm rebalance production-topology2 -e spout_head=9
Running observer at: 1456601416584
production-topology3-3-1456600740,0.9985613298736264,0.9985613298736264,130180,0,1456601417177
production-topology2-2-1456600733,0.999760012382421,0.999760012382421,132340,0,1456601417177
production-topology1-1-1456600726,1.0348872919353849,1.0069244968935118,2160,0,1456601417177
production-topology4-4-1456600747,1.0837886200486273,1.0022442074824054,2260,0,1456601417177
Running observer at: 1456601427722
production-topology3-3-1456600740,1.1982047364400306,1.0983830331568285,280,0,1456601428267
production-topology2-2-1456600733,8.333333333333332,4.666546672857876,60,0,1456601428267
production-topology1-1-1456600726,0.8967990487514863,1.004110736220137,2320,0,1456601428267
production-topology4-4-1456600747,1.0068728000116967,1.0057704288759415,2400,0,1456601428268
Running observer at: 1456601438801
production-topology3-3-1456600740,2.0,1.3989220221045524,0,0,1456601439293
production-topology2-2-1456600733,1.0,3.4443644485719176,0,0,1456601439293
production-topology1-1-1456600726,1.0864172254672546,1.0045716283446768,2120,0,1456601439293
production-topology4-4-1456600747,0.9609498915911628,1.0037732408175635,1820,0,1456601439293
Running observer at: 1456601444689
production-topology3-3-1456600740,2.0,1.5491915165784143,0,0,1456601445217
production-topology2-2-1456600733,1.0,2.833273336428938,0,0,1456601445218
production-topology1-1-1456600726,0.9422224708807584,1.0039588310435275,1220,0,1456601445218
production-topology4-4-1456600747,0.9644619269420084,1.0029749418936007,1240,0,1456601445218
Running observer at: 1456601445889
production-topology3-3-1456600740,2.0,1.6393532132627313,0,0,1456601446412
production-topology2-2-1456600733,1.0,2.4666186691431506,0,0,1456601446412
production-topology1-1-1456600726,0.948148148148148,1.0031770034947145,120,0,1456601446412
production-topology4-4-1456600747,1.26580955989823,1.010458064396593,560,0,1456601446412
Running observer at: 1456601449941
production-topology3-3-1456600740,0.0022691173133651005,1.366505863937837,117520,0,1456601450535
production-topology2-2-1456600733,1.0,2.222182224285959,0,0,1456601450535
production-topology1-1-1456600726,0.9062480376766091,1.0014491362671754,840,0,1456601450535
production-topology4-4-1456600747,0.8704941638969419,1.004622018243097,660,0,1456601450536
Running observer at: 1456601461059
production-topology3-3-1456600740,0.9880411058422913,1.3124394699241877,79820,0,1456601461643
production-topology2-2-1456600733,0.1111111111111111,1.9206006366895518,240,0,1456601461643
production-topology1-1-1456600726,1.0420170808043623,1.000458602146803,2120,0,1456601461643
production-topology4-4-1456600747,0.9911682205586074,1.0056556530418124,2340,0,1456601461644
Running observer at: 1456601472121
production-topology3-3-1456600740,1.0036797935219264,1.273844510373905,2680,0,1456601472686
production-topology2-2-1456600733,1.039325511560464,1.8104412460484158,1660,0,1456601472686
production-topology1-1-1456600726,0.9086418555920649,0.9983051947838721,2440,0,1456601472686
production-topology4-4-1456600747,1.0878041598137331,1.0085777891809087,1840,0,1456601472686
/var/nimbus/storm/bin/storm rebalance production-topology1 -e spout_head=11
1456601472964
/var/nimbus/storm/bin/storm rebalance production-topology4 -e bolt_output_1=9
Running observer at: 1456601483140
production-topology3-3-1456600740,0.9577687414617486,1.2387249804947764,2400,0,1456601483640
production-topology1-1-1456600726,0.9982432533229565,0.9982432533229565,147040,0,1456601483640
production-topology2-2-1456600733,1.172148046875,1.739519779473592,2000,0,1456601483640
production-topology4-4-1456600747,1.0005277500165517,1.0005277500165517,142100,0,1456601483640
Running observer at: 1456601494187
production-topology3-3-1456600740,1.0335320580013976,1.2182056882454386,2160,0,1456601494764
production-topology1-1-1456600726,0.2126736111111111,0.6054584322170338,180,0,1456601494764
production-topology2-2-1456600733,0.8508260814996412,1.650650409676197,1740,0,1456601494764
production-topology4-4-1456600747,1.875,1.437763875008276,40,0,1456601494764
Running observer at: 1456601505371
production-topology3-3-1456600740,1.0706870229007635,1.2047949004868317,2700,0,1456601505915
production-topology1-1-1456600726,1.0,0.7369722881446892,0,0,1456601505915
production-topology2-2-1456600733,1.095928170446601,1.600221115200779,2120,0,1456601505916
production-topology4-4-1456600747,2.0,1.625175916672184,0,0,1456601505916
Running observer at: 1456601511579
production-topology3-3-1456600740,0.9071619514368455,1.1799921547326664,1340,0,1456601512114
production-topology1-1-1456600726,1.0,0.8027292161085169,0,0,1456601512114
production-topology2-2-1456600733,0.8990349342513686,1.5417889334549948,1160,0,1456601512114
production-topology4-4-1456600747,2.0,1.718881937504138,0,0,1456601512114
Running observer at: 1456601512685
production-topology3-3-1456600740,2.0,1.243069681291692,0,0,1456601513231
production-topology1-1-1456600726,1.0,0.8421833728868136,0,0,1456601513231
production-topology2-2-1456600733,1.0,1.5001128616507644,0,0,1456601513231
production-topology4-4-1456600747,0.0,1.3751055500033105,0,0,1456601513231
Running observer at: 1456601516411
production-topology3-3-1456600740,1.1234263392857144,1.2345237282912649,700,0,1456601516932
production-topology1-1-1456600726,0.0010719190701102064,0.7019981305840296,132680,0,1456601516932
production-topology2-2-1456600733,0.7520381151621086,1.446678951187289,540,0,1456601516933
production-topology4-4-1456600747,0.0,1.1459212916694252,0,0,1456601516933
Running observer at: 1456601527456
production-topology3-3-1456600740,0.9587006637280234,1.2161355239870488,2580,0,1456601527949
production-topology1-1-1456600726,0.9873494296168455,0.7427626018744319,89620,0,1456601527949
production-topology2-2-1456600733,1.0291433652482567,1.4188432454580202,2220,0,1456601527949
production-topology4-4-1456600747,0.0,0.9822182500023645,220,0,1456601527949
Running observer at: 1456601538481
production-topology3-3-1456600740,0.9621224167740201,1.2002597047862344,2740,0,1456601539047
production-topology1-1-1456600726,0.9777186273613866,0.7721321050603012,2620,0,1456601539047
production-topology2-2-1456600733,1.08286079708695,1.3978443424348284,2080,0,1456601539047
production-topology4-4-1456600747,1.099347040094976,0.996859348763941,1680,0,1456601539047
Running observer at: 1456601549425
production-topology3-3-1456600740,1.078881615675769,1.1931198171915012,1960,0,1456601550127
production-topology1-1-1456600726,1.0196015659369952,0.7996287118243782,2240,0,1456601550127
production-topology2-2-1456600733,1.2084264530010052,1.3867021136446036,1700,0,1456601550127
production-topology4-4-1456600747,1.0373522241225013,1.0013585571371142,1820,0,1456601550127
Running observer at: 1456601560693
production-topology3-3-1456600740,0.9796815875327933,1.1812621377660173,2660,0,1456601561230
production-topology1-1-1456600726,1.0238876938752406,0.8220546100294644,2420,0,1456601561230
production-topology2-2-1456600733,0.8610926478104002,1.3575015877649257,2220,0,1456601561230
production-topology4-4-1456600747,1.0362969664037207,1.004852398063775,2460,0,1456601561230
Running observer at: 1456601571745
production-topology3-3-1456600740,1.0717616084113994,1.1754989520105112,2420,0,1456601572229
production-topology1-1-1456600726,0.9113374379315037,0.8301712307478316,2680,0,1456601572229
production-topology2-2-1456600733,1.0639594780219779,1.3420520030416128,2000,0,1456601572229
production-topology4-4-1456600747,1.0436296832591845,1.008377605808812,2280,0,1456601572229
Running observer at: 1456601582754
production-topology3-3-1456600740,0.8828883525181617,1.1608684220358936,2240,0,1456601583434
production-topology1-1-1456600726,1.0586204761624929,0.84920866786572,2240,0,1456601583434
production-topology2-2-1456600733,0.968179170462862,1.3233583614126752,1760,0,1456601583434
production-topology4-4-1456600747,0.8485664830219286,0.9950600122432385,2000,0,1456601583434
Running observer at: 1456601593997
production-topology3-3-1456600740,1.0104398612259184,1.1537051572354187,2640,0,1456601594510
production-topology1-1-1456600726,1.0391819931386497,0.8638220005790223,2400,0,1456601594510
production-topology2-2-1456600733,0.8242263648826033,1.2995901711017193,2180,0,1456601594510
production-topology4-4-1456600747,1.0430697079543818,0.9987530657594803,2420,0,1456601594511
Running observer at: 1456601604940
production-topology3-3-1456600740,1.03066075,1.1481122296338087,2460,0,1456601605480
production-topology1-1-1456600726,1.149305914140235,0.8842137086905375,2520,0,1456601605481
production-topology2-2-1456600733,1.1290665500934824,1.2918390974195266,2060,0,1456601605481
production-topology4-4-1456600747,1.001240806260937,0.9989307615095843,2300,0,1456601605481
Running observer at: 1456601615937
production-topology3-3-1456600740,1.0022025427720394,1.141768330205036,2180,0,1456601616594
production-topology1-1-1456600726,0.9151740641503573,0.8862777323878588,2240,0,1456601616594
production-topology2-2-1456600733,0.8697270603405017,1.2734864001552213,1720,0,1456601616594
production-topology4-4-1456600747,0.9866829511621716,0.9981142408197567,1900,0,1456601616595
Running observer at: 1456601627234
production-topology3-3-1456600740,0.9913884334947466,1.1355025011754407,2640,0,1456601627709
production-topology1-1-1456600726,1.0246014260897016,0.8949229632442239,2540,0,1456601627709
production-topology2-2-1456600733,1.1608270785212005,1.2687922617538037,2140,0,1456601627709
production-topology4-4-1456600747,0.9999813018160761,0.9982309321320267,2440,0,1456601627710
Running observer at: 1456601638225
production-topology3-3-1456600740,0.9642946711271736,1.1286541879735101,2560,0,1456601638730
production-topology1-1-1456600726,0.9677669745169414,0.8992079050837956,2480,0,1456601638730
production-topology2-2-1456600733,1.025732766142336,1.259069881929345,2100,0,1456601638730
production-topology4-4-1456600747,1.0518075115532746,1.0013824956273945,2220,0,1456601638730
Running observer at: 1456601649176
production-topology3-3-1456600740,1.0649273333320946,1.1262031551026863,2060,0,1456601649687
production-topology1-1-1456600726,0.9747615262321147,0.9034053284809244,2220,0,1456601649687
production-topology2-2-1456600733,0.9519849150446167,1.247258921664548,1700,0,1456601649696
production-topology4-4-1456600747,0.9302466150870408,0.9974305022640413,1980,0,1456601649696
Running observer at: 1456601660362
production-topology3-3-1456600740,0.9677652270266588,1.120335083692463,2640,0,1456601660866
production-topology1-1-1456600726,1.033468066367264,0.9102507357381001,2540,0,1456601660866
production-topology2-2-1456600733,0.9322004376697804,1.2355900889240008,2120,0,1456601660866
production-topology4-4-1456600747,0.9324032015664432,0.9940080127536415,2360,0,1456601660866
Running observer at: 1456601671396
production-topology3-3-1456600740,1.031028733423025,1.1171455711828402,2280,0,1456601671987
production-topology1-1-1456600726,1.0281656171635551,0.9161464798093728,2380,0,1456601671988
production-topology2-2-1456600733,1.1591170363745333,1.2328589084758055,2140,0,1456601671988
production-topology4-4-1456600747,1.0067472082575422,0.9946449725288365,2040,0,1456601671988
Running observer at: 1456601682451
production-topology3-3-1456600740,0.9472785230780023,1.111288086765432,2400,0,1456601682934
production-topology1-1-1456600726,1.0552280088465325,0.9227694097635234,2340,0,1456601682935
production-topology2-2-1456600733,0.8189628359483582,1.2185866301127901,1740,0,1456601682935
production-topology4-4-1456600747,1.0961123931562258,0.9994767544634742,2220,0,1456601682935
Running observer at: 1456601693387
production-topology3-3-1456600740,1.0367706960961953,1.1088041737431242,2640,0,1456601693949
production-topology1-1-1456600726,0.8617449547396969,0.919995570898804,2560,0,1456601693949
production-topology2-2-1456600733,1.06170620956935,1.2133572827613421,2020,0,1456601693949
production-topology4-4-1456600747,0.9363409462692296,0.9966069450000994,2340,0,1456601693949
Running observer at: 1456601704406
production-topology3-3-1456600740,1.0316478297874538,1.1099070570735852,1980,0,1456601705083
production-topology1-1-1456600726,1.0901265849182515,0.9273925715083453,2240,0,1456601705083
production-topology2-2-1456600733,1.057417025133436,1.2152791831863758,1740,0,1456601705083
production-topology4-4-1456600747,1.046309192485121,0.9987679122820569,1860,0,1456601705083
Running observer at: 1456601715610
production-topology3-3-1456600740,0.9979621499621163,1.103232304190988,2620,0,1456601716164
production-topology1-1-1456600726,0.9360376012260714,0.9277527810799172,2460,0,1456601716164
production-topology2-2-1456600733,0.9568218439633199,0.969395466874042,2140,0,1456601716164
production-topology4-4-1456600747,1.004737195259022,0.9990166324060971,2420,0,1456601716164
Running observer at: 1456601726626
production-topology3-3-1456600740,0.9580080549844561,1.0684992393571366,2700,0,1456601727093
production-topology1-1-1456600726,1.0735924197054272,0.9335863666249377,2640,0,1456601727093
production-topology2-2-1456600733,1.026514064293915,0.9702792690171727,2080,0,1456601727093
production-topology4-4-1456600747,0.9903333283900086,0.9986693002454535,2340,0,1456601727093
Running observer at: 1456601737636
production-topology3-3-1456600740,0.9886236517559972,1.0347866944156698,2060,0,1456601738334
production-topology1-1-1456600726,1.0979887320350692,0.9399095345253273,2160,0,1456601738335
production-topology2-2-1456600733,1.046938141147749,0.9718438737220976,1760,0,1456601738335
production-topology4-4-1456600747,1.08837978972991,1.0021197036871634,1820,0,1456601738335
Running observer at: 1456601748857
production-topology3-3-1456600740,1.0792862058471613,1.0040962346105753,2520,0,1456601749345
production-topology1-1-1456600726,0.8906358654782032,0.9380845838198782,2420,0,1456601749346
production-topology2-2-1456600733,0.9258547459863692,0.9693723652549767,2140,0,1456601749346
production-topology4-4-1456600747,0.9661065316590012,1.0007858825009353,2400,0,1456601749346
Running observer at: 1456601759885
production-topology3-3-1456600740,1.0203338897550562,1.0380317270252983,2660,0,1456601760380
production-topology1-1-1456600726,1.0365583313131939,0.941601503373211,2620,0,1456601760380
production-topology2-2-1456600733,1.1021714663877582,0.9727780808012353,2060,0,1456601760380
production-topology4-4-1456600747,0.9990368132663353,1.0007234157425566,2320,0,1456601760380
Running observer at: 1456601770913
production-topology3-3-1456600740,0.8802596693749138,1.0344390124763858,2020,0,1456601771561
production-topology1-1-1456600726,1.0195058916801392,0.9442878615906913,2240,0,1456601771561
production-topology2-2-1456600733,0.8131545702526294,0.9961795294392858,1760,0,1456601771561
production-topology4-4-1456600747,0.9872202967707686,1.000257790950426,1980,0,1456601771561
Running observer at: 1456601782171
production-topology3-3-1456600740,1.0656608884591838,1.0365050489742944,2640,0,1456601782690
production-topology1-1-1456600726,1.0175896813476888,0.9467312555825913,2420,0,1456601782691
production-topology2-2-1456600733,1.2205453407613847,1.0022201904126498,2160,0,1456601782691
production-topology4-4-1456600747,0.9595329009569197,0.9989002946173091,2380,0,1456601782691
Running observer at: 1456601793228
production-topology3-3-1456600740,0.9791425862595788,1.0372175104675554,2660,0,1456601793713
production-topology1-1-1456600726,0.9516799913569578,0.9451791468503914,2620,0,1456601793713
production-topology2-2-1456600733,0.9298856531518651,0.9941447772885453,2000,0,1456601793713
production-topology4-4-1456600747,1.018387503342057,0.9994956197281594,2320,0,1456601793714
Running observer at: 1456601804104
production-topology3-3-1456600740,0.9556653949968799,1.0346219550340714,2000,0,1456601804595
production-topology1-1-1456600726,0.9544708733625535,0.9699057222587727,2260,0,1456601804595
production-topology2-2-1456600733,0.8800939447600213,0.9951203727305579,1760,0,1456601804595
production-topology4-4-1456600747,1.1595889565931043,0.9756485849479295,1820,0,1456601804596
Running observer at: 1456601815251
production-topology3-3-1456600740,1.004221037964702,1.0324064222028693,2700,0,1456601815722
production-topology1-1-1456600726,0.9930165378107267,0.969672940185797,2380,0,1456601815722
production-topology2-2-1456600733,1.0421017172404896,0.9933261576236876,2200,0,1456601815722
production-topology4-4-1456600747,0.8536656583818085,0.937437440227323,2440,0,1456601815722
Running observer at: 1456601826203
production-topology3-3-1456600740,1.0405972185202024,1.0368542644389813,2360,0,1456601826765
production-topology1-1-1456600726,1.1369031930165483,0.9742363799530153,2340,0,1456601826765
production-topology2-2-1456600733,1.0900532021371807,0.9996934332198814,2080,0,1456601826766
production-topology4-4-1456600747,1.123169346392241,0.9082097517737311,2180,0,1456601826766
Running observer at: 1456601837279
production-topology3-3-1456600740,0.9257278645701179,1.0010451932579854,2180,0,1456601837786
production-topology1-1-1456600726,0.9505835849964588,0.9725891661195638,2400,0,1456601837787
production-topology2-2-1456600733,0.95197090584434,0.9980924634146927,1800,0,1456601837787
production-topology4-4-1456600747,0.8850177337060878,0.9377103428972674,2080,0,1456601837787
Running observer at: 1456601848395
production-topology3-3-1456600740,1.029969112295845,0.9979299523583229,2700,0,1456601848893
production-topology1-1-1456600726,1.0737797057427623,1.0083460923419856,2580,0,1456601848893
production-topology2-2-1456600733,0.9223011811248687,1.0037678989467846,2120,0,1456601848893
production-topology4-4-1456600747,1.1043797470912828,0.9745230011336435,2300,0,1456601848893
Running observer at: 1456601859374
production-topology3-3-1456600740,1.097881298992161,1.0025693068671275,1900,0,1456601860093
production-topology1-1-1456600726,0.8867443176033986,1.004992588608204,2200,0,1456601860093
production-topology2-2-1456600733,1.2571570787871842,1.011368356064749,1820,0,1456601860093
production-topology4-4-1456600747,1.0025463727749637,1.0079412135594756,1840,0,1456601860093
Running observer at: 1456601870581
production-topology3-3-1456600740,0.9660155263868773,1.002699077187556,2820,0,1456601871109
production-topology1-1-1456600726,1.068304548617835,1.0080121193167524,2460,0,1456601871109
production-topology2-2-1456600733,0.9722162796172551,1.0076802054824259,1900,0,1456601871109
production-topology4-4-1456600747,0.9153046404860021,1.001806466905843,2560,0,1456601871109
Running observer at: 1456601881570
production-topology3-3-1456600740,0.991628447555704,0.9997906382502204,2600,0,1456601882080
production-topology1-1-1456600726,0.9598892259386539,1.0060217079834741,2580,0,1456601882080
production-topology2-2-1456600733,0.9297407830855858,0.9983906831519117,2200,0,1456601882080
production-topology4-4-1456600747,1.1315700529822452,1.004947061201168,2120,0,1456601882080
Running observer at: 1456601892512
production-topology3-3-1456600740,1.028207113758251,1.001408155791069,1920,0,1456601893145
production-topology1-1-1456600726,1.0215608298425538,1.0059441458490512,2260,0,1456601893146
production-topology2-2-1456600733,1.001579066095195,1.0030735637614048,1820,0,1456601893146
production-topology4-4-1456600747,0.9162250876830129,1.000944665243811,2040,0,1456601893146
Running observer at: 1456601903749
production-topology3-3-1456600740,1.0335246274091316,1.0001335897576602,2640,0,1456601904294
production-topology1-1-1456600726,0.9021475149927064,1.0056378150844247,2500,0,1456601904294
production-topology2-2-1456600733,0.9633744811525069,0.9997207305324224,2000,0,1456601904294
production-topology4-4-1456600747,1.0345483997255953,1.0006419557926916,2340,0,1456601904294
Running observer at: 1456601914839
production-topology3-3-1456600740,1.0699780085212038,1.0063699116244282,2620,0,1456601915325
production-topology1-1-1456600726,0.9869601905144142,1.0032491388961553,2520,0,1456601915326
production-topology2-2-1456600733,1.052178511683126,1.002520708573098,2100,0,1456601915326
production-topology4-4-1456600747,0.9803445003688631,1.0050345563709224,2300,0,1456601915326
Running observer at: 1456601925794
production-topology3-3-1456600740,0.8161953111083706,0.9998950932871764,2120,0,1456601926485
production-topology1-1-1456600726,1.0599316081579955,1.0039407927301334,2320,0,1456601926485
production-topology2-2-1456600733,0.9251218431546299,1.0058838911821655,1880,0,1456601926486
production-topology4-4-1456600747,0.9794073663537533,1.002912478317568,1980,0,1456601926486
Running observer at: 1456601936991
production-topology3-3-1456600740,1.0146935910932464,0.9993628546569514,2580,0,1456601937461
production-topology1-1-1456600726,0.9154390611779419,0.9961452309647236,2460,0,1456601937461
production-topology2-2-1456600733,0.9207608880966962,0.9989403691156061,1960,0,1456601937461
production-topology4-4-1456600747,1.0101895636670621,1.0032107702311057,2420,0,1456601937462
Running observer at: 1456601947984
production-topology3-3-1456600740,0.9921813655446018,0.9990288154160368,2680,0,1456601948459
production-topology1-1-1456600726,1.1480517192951694,1.0039078194695508,2440,0,1456601948459
production-topology2-2-1456600733,1.184584329299279,1.009435611414232,2040,0,1456601948459
production-topology4-4-1456600747,1.0391993265940767,1.0049613160788358,2180,0,1456601948459
Running observer at: 1456601958916
production-topology3-3-1456600740,1.0000000925636663,0.9993158707183342,1940,0,1456601959455
production-topology1-1-1456600726,0.8672281472949199,0.9986620435097247,2400,0,1456601959455
production-topology2-2-1456600733,0.8520514089814252,0.9991430890962397,1880,0,1456601959455
production-topology4-4-1456600747,0.9145205121030303,1.002112623088401,2020,0,1456601959455
Running observer at: 1456601970142
production-topology3-3-1456600740,1.0715737359263175,1.0028918395449722,2720,0,1456601970606
production-topology1-1-1456600726,0.9329724530587148,0.9975022261277837,2280,0,1456601970606
production-topology2-2-1456600733,1.0990013546009116,1.001585375378192,2060,0,1456601970607
production-topology4-4-1456600747,1.0534832144922128,1.0021684798530324,2420,0,1456601970607
Running observer at: 1456601981212
production-topology3-3-1456600740,0.986362801005958,1.0002730218007678,2580,0,1456601981741
production-topology1-1-1456600726,1.0769106568395679,1.0009071971480321,2540,0,1456601981741
production-topology2-2-1456600733,0.9550033806626098,1.001685990898792,1980,0,1456601981741
production-topology4-4-1456600747,0.9898523983982733,1.00415533929674,2280,0,1456601981741
Running observer at: 1456601992338
production-topology3-3-1456600740,0.9890066603564502,1.0009810695784274,2080,0,1456601992849
production-topology1-1-1456600726,0.9909669686840252,0.9994904938919242,2400,0,1456601992849
production-topology2-2-1456600733,1.0314981827971461,1.0049959157363708,2040,0,1456601992849
production-topology4-4-1456600747,0.9304466199032982,1.0040901199079686,1920,0,1456601992849
Running observer at: 1456602003476
production-topology3-3-1456600740,0.9574520188726305,0.9985285124267474,2640,0,1456602003983
production-topology1-1-1456600726,1.115179284712454,1.0023909494768874,2360,0,1456602003983
production-topology2-2-1456600733,0.9960186755026018,0.9995593037073064,1820,0,1456602003983
production-topology4-4-1456600747,1.1355231402871238,1.008382650975621,2420,0,1456602003983
Running observer at: 1456602014585
production-topology3-3-1456600740,1.0086228751566633,1.000573324162703,2440,0,1456602015099
production-topology1-1-1456600726,0.9593380747926489,0.9991946183417579,2480,0,1456602015099
production-topology2-2-1456600733,0.9525316455696203,1.0040115973613484,2040,0,1456602015099
production-topology4-4-1456600747,0.9257891084587783,1.002705208152373,2320,0,1456602015099
Running observer at: 1456602025557
production-topology3-3-1456600740,0.9737052258526063,0.99847114182125,2320,0,1456602026136
production-topology1-1-1456600726,1.0064196649712318,1.0040171086828091,2280,0,1456602026136
production-topology2-2-1456600733,1.2238210773559088,1.009415426287567,1800,0,1456602026136
production-topology4-4-1456600747,1.0309884039100243,1.0058601234070663,1840,0,1456602026136
Running observer at: 1456602036609
production-topology3-3-1456600740,1.0230073809691138,0.9981831268606387,2480,0,1456602037145
production-topology1-1-1456600726,0.9630852173913043,0.9997823964319109,2500,0,1456602037145
production-topology2-2-1456600733,0.9053856129187249,1.0043477125470768,2200,0,1456602037145
production-topology4-4-1456600747,1.0208242595818815,1.0050106256436249,2460,0,1456602037145
Running observer at: 1456602047603
production-topology3-3-1456600740,0.9975895369813801,0.9981707064279476,2020,0,1456602048258
production-topology1-1-1456600726,1.0088352952560007,1.0022089862329087,2360,0,1456602048258
production-topology2-2-1456600733,0.9964567916718926,1.0056688774706959,2020,0,1456602048259
production-topology4-4-1456600747,0.9150165386664995,1.0020199370905407,1900,0,1456602048259
Running observer at: 1456602058786
production-topology3-3-1456600740,1.0656031960776164,1.0017572111310529,2720,0,1456602059316
production-topology1-1-1456600726,0.9889563002101737,0.9993877822497335,2460,0,1456602059316
production-topology2-2-1456600733,0.9159928031824475,1.001984835433647,1740,0,1456602059316
production-topology4-4-1456600747,0.9853263405854417,1.0018530374970553,2300,0,1456602059316
Running observer at: 1456602069849
production-topology3-3-1456600740,0.907905356998244,0.9990666013057946,2660,0,1456602070334
production-topology1-1-1456600726,1.0114742269855517,0.9965039654147496,2420,0,1456602070334
production-topology2-2-1456600733,1.0535869271635592,1.0022064616341737,2140,0,1456602070334
production-topology4-4-1456600747,1.0477272727272728,1.0004979535969674,2300,0,1456602070334
Running observer at: 1456602080835
production-topology3-3-1456600740,1.040230548952764,0.9977647460759813,1960,0,1456602081574
production-topology1-1-1456600726,0.9683301897937668,0.9990937762252684,2420,0,1456602081575
production-topology2-2-1456600733,1.13940281790458,1.0093247306981141,2060,0,1456602081575
production-topology4-4-1456600747,1.0361621960430931,1.0028331424097705,1900,0,1456602081575
Running observer at: 1456602092074
production-topology3-3-1456600740,1.0491258196648134,0.9987244770729731,2640,0,1456602092582
production-topology1-1-1456600726,1.0003868176538908,0.9978880591032918,2500,0,1456602092583
production-topology2-2-1456600733,1.0146877733759034,1.006408607597719,1700,0,1456602092583
production-topology4-4-1456600747,1.0083953268703554,1.003145092863238,2480,0,1456602092583
Running observer at: 1456602103087
production-topology3-3-1456600740,0.9573353304152146,1.0012936657743166,2700,0,1456602103585
production-topology1-1-1456600726,0.9527117198127784,0.9956615867077131,2460,0,1456602103585
production-topology2-2-1456600733,0.9133932081598632,1.00974989552796,2240,0,1456602103585
production-topology4-4-1456600747,0.9552611480400365,1.0020797879055467,2280,0,1456602103585
Running observer at: 1456602114069
production-topology3-3-1456600740,1.1112538925263493,1.0028134325765552,1860,0,1456602114595
production-topology1-1-1456600726,1.0299434207903368,0.9960733780224679,2360,0,1456602114595
production-topology2-2-1456600733,0.9606603446496701,1.0010870623242363,1980,0,1456602114595
production-topology4-4-1456600747,0.9995124147502581,1.0034124383653245,1960,0,1456602114595
Running observer at: 1456602125250
production-topology3-3-1456600740,0.9892369984517497,1.003149912982961,2680,0,1456602125805
production-topology1-1-1456600726,0.9979003986883388,0.9976140582668473,2400,0,1456602125806
production-topology2-2-1456600733,0.9991155460217098,1.0033947254198978,1740,0,1456602125806
production-topology4-4-1456600747,1.0409355508888871,1.004164039950219,2320,0,1456602125806
Running observer at: 1456602136343
production-topology3-3-1456600740,0.9465531095503694,1.002846170134744,2720,0,1456602136862
production-topology1-1-1456600726,0.996430885851413,0.9990127253498093,2500,0,1456602136862
production-topology2-2-1456600733,1.0183815697270557,1.0080043129187988,2260,0,1456602136863
production-topology4-4-1456600747,0.9957732418597736,0.9987035161257745,2300,0,1456602136863
Running observer at: 1456602147340
production-topology3-3-1456600740,0.9605672105672106,1.0013910425548278,1980,0,1456602147828
production-topology1-1-1456600726,1.0837543860844947,1.0020373202922683,2380,0,1456602147828
production-topology2-2-1456600733,1.054755173722804,1.0084260948015424,1980,0,1456602147828
production-topology4-4-1456600747,0.9787683632461593,1.0028736062879193,1920,0,1456602147829
Running observer at: 1456602158551
production-topology3-3-1456600740,0.9969023052751467,0.9999345454466592,2660,0,1456602159096
production-topology1-1-1456600726,0.8661500375590548,0.9930122151103518,2400,0,1456602159096
production-topology2-2-1456600733,1.1711595085795512,1.0111296383496218,1740,0,1456602159096
production-topology4-4-1456600747,0.9977539146059724,0.9986930918950438,2420,0,1456602159096
Running observer at: 1456602169642
production-topology3-3-1456600740,1.0922830610272185,1.0054863853285623,2620,0,1456602170136
production-topology1-1-1456600726,1.0508285111548776,0.9963537126489658,2540,0,1456602170136
production-topology2-2-1456600733,0.9652307676400368,1.0115716337428116,2180,0,1456602170137
production-topology4-4-1456600747,1.013404664237834,1.002972656246102,2260,0,1456602170137
Running observer at: 1456602180736
production-topology3-3-1456600740,0.9396738303242089,1.0024765425961746,2000,0,1456602181222
production-topology1-1-1456600726,1.0378752657233667,0.9951568979816527,2340,0,1456602181223
production-topology2-2-1456600733,0.9207306421999608,1.0115192824453147,2040,0,1456602181223
production-topology4-4-1456600747,0.9958264298288455,0.9993542123373541,1900,0,1456602181223
Running observer at: 1456602191936
production-topology3-3-1456600740,0.9693467888022067,0.9981920589231762,2640,0,1456602192450
production-topology1-1-1456600726,1.125548484272904,1.0031170368706361,2360,0,1456602192450
production-topology2-2-1456600733,1.0071567989590111,1.0031859397843756,1740,0,1456602192451
production-topology4-4-1456600747,0.9921467211825037,0.9990075572842722,2340,0,1456602192451
Running observer at: 1456602203013
production-topology3-3-1456600740,0.9561106293202692,0.9978618956876223,2640,0,1456602203539
production-topology1-1-1456600726,0.8416826524784286,0.9955629736659894,2580,0,1456602203539
production-topology2-2-1456600733,1.0299612773344013,1.005110773041614,2200,0,1456602203539
production-topology4-4-1456600747,1.0379361738730855,1.0030952750638416,2340,0,1456602203539
Running observer at: 1456602214038
production-topology3-3-1456600740,1.135180721470665,1.0026469714847879,1960,0,1456602214525
production-topology1-1-1456600726,1.0273987359954035,0.9978132906678809,2360,0,1456602214525
production-topology2-2-1456600733,0.9689308318264015,1.006417107999641,2100,0,1456602214525
production-topology4-4-1456600747,0.9413416828277419,0.9967543293920247,1980,0,1456602214525
Running observer at: 1456602225231
production-topology3-3-1456600740,0.9627733078218778,1.000465844620242,2720,0,1456602225796
production-topology1-1-1456600726,1.0890951592289793,1.000064434980762,2420,0,1456602225796
production-topology2-2-1456600733,1.1491195580056441,1.0113351243966562,1620,0,1456602225796
production-topology4-4-1456600747,1.0003856054526694,0.9995596799843468,2420,0,1456602225797
Running observer at: 1456602236351
production-topology3-3-1456600740,1.0207997414537586,1.0000416817550628,2620,0,1456602236893
production-topology1-1-1456600726,0.9565288119551312,1.0018771448795094,2500,0,1456602236893
production-topology2-2-1456600733,0.9951123749414805,1.012393054189622,2140,0,1456602236894
production-topology4-4-1456600747,0.998873909169613,0.9983705302991475,2280,0,1456602236894
Running observer at: 1456602247425
production-topology3-3-1456600740,1.0935767981206577,1.0008283080750446,1900,0,1456602247902
production-topology1-1-1456600726,0.9943864275668075,1.0021246861145892,2300,0,1456602247902
production-topology2-2-1456600733,0.9806489130967655,1.010008734236743,2080,0,1456602247902
production-topology4-4-1456600747,0.9600339499241942,0.9976935119509918,1960,0,1456602247902
Running observer at: 1456602258603
production-topology3-3-1456600740,0.9384647185523051,1.0049039549898422,2620,0,1456602259224
production-topology1-1-1456600726,0.9970461868958109,1.0000285054058498,2440,0,1456602259224
production-topology2-2-1456600733,0.900497729419848,1.0091879304455837,1760,0,1456602259225
production-topology4-4-1456600747,1.0333309199222414,0.9994909637366081,2360,0,1456602259225
Running observer at: 1456602269774
production-topology3-3-1456600740,0.9959082518858493,1.0042777770162623,2720,0,1456602270246
production-topology1-1-1456600726,1.0657743071165773,1.0050396802704709,2600,0,1456602270246
production-topology2-2-1456600733,1.0495353134226062,1.0134804112897808,2200,0,1456602270246
production-topology4-4-1456600747,1.0864219158234927,1.0020320421418225,2300,0,1456602270246
Running observer at: 1456602280723
production-topology3-3-1456600740,1.0246465771946904,1.005359950737932,2000,0,1456602281194
production-topology1-1-1456600726,1.0696256124827552,1.002425476710057,2240,0,1456602281194
production-topology2-2-1456600733,0.8951850605867494,1.0038337689993628,1980,0,1456602281194
production-topology4-4-1456600747,0.9564762482819735,0.9992746061980857,1920,0,1456602281194
Running observer at: 1456602291748
production-topology3-3-1456600740,1.0031617067815168,1.005465337878527,2600,0,1456602292315
production-topology1-1-1456600726,0.8570750660131584,1.002087040667332,2380,0,1456602292316
production-topology2-2-1456600733,1.14855800420093,1.0137173221733464,1760,0,1456602292316
production-topology4-4-1456600747,0.9689461502759333,1.0010887941371824,2380,0,1456602292316
Running observer at: 1456602302780
production-topology3-3-1456600740,1.0378747228381373,1.0043420374422545,2000,0,1456602303398
production-topology1-1-1456600726,1.0549753953166354,1.0061538054092625,2440,0,1456602303399
production-topology2-2-1456600733,0.960648148148148,1.009105548624921,2100,0,1456602303399
production-topology4-4-1456600747,0.9167454370451329,0.9965308682222797,2180,0,1456602303399
Running observer at: 1456602313867
production-topology3-3-1456600740,0.9150169231710503,1.0019638415144243,2680,0,1456602314389
production-topology1-1-1456600726,0.9949433800425396,1.0034215628493617,2400,0,1456602314389
production-topology2-2-1456600733,0.9981696731360123,1.0105444250407012,1960,0,1456602314389
production-topology4-4-1456600747,1.0917034976630018,0.9999259048644373,2080,0,1456602314389
Running observer at: 1456602324933
production-topology3-3-1456600740,1.0324969206648595,1.0034135168580378,2640,0,1456602325403
production-topology1-1-1456600726,1.009468219365771,1.0040382712054199,2360,0,1456602325403
production-topology2-2-1456600733,0.9493313923672035,1.0078055320263695,1940,0,1456602325403
production-topology4-4-1456600747,1.0128000865114266,1.0026710204180416,2360,0,1456602325403
Running observer at: 1456602335969
production-topology3-3-1456600740,1.0646676905125088,1.0069873725793672,1960,0,1456602336721
production-topology1-1-1456600726,1.091664348833841,1.003254440009466,2340,0,1456602336721
production-topology2-2-1456600733,1.0074085148716225,1.0081851933386703,1980,0,1456602336721
production-topology4-4-1456600747,0.985754451733833,0.9976787307995986,1980,0,1456602336721
Running observer at: 1456602347186
production-topology3-3-1456600740,0.9821414987952352,1.0061046600339862,2700,0,1456602347687
production-topology1-1-1456600726,1.063249727371865,1.0067181617621066,2620,0,1456602347687
production-topology2-2-1456600733,1.1168787803665394,1.0136634311652344,2060,0,1456602347687
production-topology4-4-1456600747,0.9984224927198224,1.0000998436083,2280,0,1456602347687
Running observer at: 1456602358213
production-topology3-3-1456600740,0.9823136942612617,1.0063916089809415,2660,0,1456602358758
production-topology1-1-1456600726,0.8719416304095,1.0022355606100488,2340,0,1456602358758
production-topology2-2-1456600733,0.9483490077507467,1.0044810288450623,1840,0,1456602358758
production-topology4-4-1456600747,1.0113768328080244,0.9994461245715667,2440,0,1456602358758
Running observer at: 1456602369318
production-topology3-3-1456600740,0.9932557840380761,1.0053998890832403,1940,0,1456602370006
production-topology1-1-1456600726,1.0847946398951736,1.0062925413601775,2400,0,1456602370006
production-topology2-2-1456600733,0.9734645033913912,1.0067503251941512,2100,0,1456602370007
production-topology4-4-1456600747,1.0368428555137417,0.9999800777692954,1900,0,1456602370007
Running observer at: 1456602380511
production-topology3-3-1456600740,1.0048589575112867,1.005642203100904,2680,0,1456602381041
production-topology1-1-1456600726,0.9384076812713826,1.003944954227357,2500,0,1456602381041
production-topology2-2-1456600733,1.091220745566283,1.0099091236572972,2040,0,1456602381041
production-topology4-4-1456600747,0.9730920513355976,1.0019159281915988,2320,0,1456602381042
Running observer at: 1456602391575
production-topology3-3-1456600740,1.0093279398542556,1.003766361226792,2700,0,1456602392114
production-topology1-1-1456600726,0.8904663419551341,1.0006619556188556,2400,0,1456602392114
production-topology2-2-1456600733,0.9927933590532751,1.012469142186325,1900,0,1456602392114
production-topology4-4-1456600747,1.0001058691860172,1.0024085791449513,2360,0,1456602392115
Running observer at: 1456602402686
production-topology3-3-1456600740,0.9962602873618158,1.0067115255722443,1940,0,1456602403376
production-topology1-1-1456600726,1.0763667525099507,1.0028250398030023,2360,0,1456602403376
production-topology2-2-1456600733,1.076184599689536,1.0132223979371908,2060,0,1456602403376
production-topology4-4-1456600747,0.9192882685641306,0.9981272790061798,1840,0,1456602403377
Running observer at: 1456602413887
production-topology3-3-1456600740,0.968711975489119,1.0043275731234562,2680,0,1456602414422
production-topology1-1-1456600726,1.030677275140585,1.0049032759812295,2520,0,1456602414423
production-topology2-2-1456600733,0.8983227876842965,1.0051863969298482,2020,0,1456602414423
production-topology4-4-1456600747,1.0283999158957107,0.9978685363346004,2440,0,1456602414423
Running observer at: 1456602424898
production-topology3-3-1456600740,1.0240099443466424,1.003490377279517,2560,0,1456602425383
production-topology1-1-1456600726,1.0252728075102304,1.0057328089764408,2420,0,1456602425383
production-topology2-2-1456600733,0.9184526748971193,1.0019785603138887,1860,0,1456602425383
production-topology4-4-1456600747,1.0596023768718696,0.9995754380013174,2260,0,1456602425383
Running observer at: 1456602435937
production-topology3-3-1456600740,0.9928693788342908,1.004674845560153,2100,0,1456602436709
production-topology1-1-1456600726,1.0137359098228667,1.0077669486434437,2240,0,1456602436709
production-topology2-2-1456600733,1.0931287144992579,1.007969743858535,2000,0,1456602436709
production-topology4-4-1456600747,0.9500630248348703,0.9994021672278118,1880,0,1456602436709
Running observer at: 1456602447172
production-topology3-3-1456600740,1.0274512282907806,1.0018814234189675,2520,0,1456602447681
production-topology1-1-1456600726,0.9035013184141217,1.0035522118975697,2680,0,1456602447681
production-topology2-2-1456600733,0.9105779902672246,1.006300332045787,2120,0,1456602447681
production-topology4-4-1456600747,0.9849610924469303,0.9989171231510343,2380,0,1456602447681
Running observer at: 1456602458100
production-topology3-3-1456600740,0.9581094980157299,1.0008438400711,2760,0,1456602458586
production-topology1-1-1456600726,1.0836325555668196,1.0064099504601858,2300,0,1456602458587
production-topology2-2-1456600733,0.9674269171653923,1.0052440444172432,1800,0,1456602458587
production-topology4-4-1456600747,1.0202115839614587,0.9982263242534533,2320,0,1456602458587
Running observer at: 1456602469118
production-topology3-3-1456600740,0.9914069342525201,1.0023389675611718,1940,0,1456602469651
production-topology1-1-1456600726,1.0017357407187915,1.0065867789557652,2340,0,1456602469651
production-topology2-2-1456600733,1.1727354161428212,1.010389172631102,2060,0,1456602469651
production-topology4-4-1456600747,1.0063806978383458,0.9985799061194057,1920,0,1456602469651
Running observer at: 1456602480352
production-topology3-3-1456600740,1.015265125564184,1.0041622313944043,2700,0,1456602480872
production-topology1-1-1456600726,0.9120205745957077,1.0008623185728056,2560,0,1456602480872
production-topology2-2-1456600733,0.9729716838927761,1.0076630563034346,2020,0,1456602480872
production-topology4-4-1456600747,1.0388062906920665,1.0005811703676026,2320,0,1456602480872
Running observer at: 1456602491387
production-topology3-3-1456600740,1.0231952525845656,1.0050386629713848,2620,0,1456602491893
production-topology1-1-1456600726,1.14142756989972,1.0100382363174942,2440,0,1456602491893
production-topology2-2-1456600733,0.9235610248162739,0.9994097735113251,1880,0,1456602491893
production-topology4-4-1456600747,1.0665970432785201,1.0028759413233543,2400,0,1456602491893
Running observer at: 1456602502424
production-topology3-3-1456600740,1.042983181181799,1.0033953336432042,1920,0,1456602502985
production-topology1-1-1456600726,0.9715286589826015,1.007394907911752,2340,0,1456602502985
production-topology2-2-1456600733,0.9734717833481547,0.9996844740349292,2100,0,1456602502985
production-topology4-4-1456600747,1.0154102327682435,1.002942793607701,1880,0,1456602502985
Running observer at: 1456602513670
production-topology3-3-1456600740,0.9543995202586124,1.003886189974351,2700,0,1456602514187
production-topology1-1-1456600726,1.1516336294320915,1.0111868533687094,2560,0,1456602514187
production-topology2-2-1456600733,1.088264392820429,1.0052689323889448,1940,0,1456602514187
production-topology4-4-1456600747,0.9411981231974414,1.001121850053321,2360,0,1456602514187
Running observer at: 1456602524726
production-topology3-3-1456600740,0.9723680144377558,1.003986897495536,2600,0,1456602525187
production-topology1-1-1456600726,0.8616298214688454,1.0023895646085743,2360,0,1456602525187
production-topology2-2-1456600733,1.0382716131098668,1.00630609286064,1840,0,1456602525187
production-topology4-4-1456600747,1.0062881499680147,1.0015932310128381,2360,0,1456602525187
Running observer at: 1456602535780
production-topology3-3-1456600740,1.0737859913317243,1.0079094095625842,2040,0,1456602536304
production-topology1-1-1456600726,1.0060340329313542,1.007867943957005,2420,0,1456602536304
production-topology2-2-1456600733,0.9261928841301719,1.0028471464204989,2140,0,1456602536304
production-topology4-4-1456600747,1.0214672079503626,1.0010442654820806,1980,0,1456602536304
Running observer at: 1456602546951
production-topology3-3-1456600740,1.0347536177899337,1.0045618394398932,2620,0,1456602547481
production-topology1-1-1456600726,0.968257410738737,1.0058965664484496,2500,0,1456602547482
production-topology2-2-1456600733,0.9764419732713963,1.0030975178019985,2000,0,1456602547482
production-topology4-4-1456600747,0.9624533684441519,1.0017479883359608,2400,0,1456602547482
Running observer at: 1456602558029
production-topology3-3-1456600740,0.9221482886277836,1.0032076721334235,2180,0,1456602558462
production-topology1-1-1456600726,1.0983546331091645,1.006205215577789,2140,0,1456602558462
production-topology2-2-1456600733,1.0053274414494036,0.9983044472501238,1840,0,1456602558462
production-topology4-4-1456600747,1.032206744754783,1.0028086929793647,2220,0,1456602558463
Running observer at: 1456602568839
production-topology3-3-1456600740,1.0238028662610354,1.0033077762936662,2500,0,1456602569163
production-topology1-1-1456600726,8.848739495798318,1.2692789050392286,200,0,1456602569163
production-topology2-2-1456600733,0.8888306195573296,0.9947617220706522,1600,0,1456602569163
production-topology4-4-1456600747,1.0505260824934677,1.0045304320901598,1920,0,1456602569163
