production-topology1-1-1456635198,0.0,0.0,1456635199218
production-topology1-1-1456635198,0.0,0.0,1456635200088
production-topology1-1-1456635198,0.0,0.0,1456635205679
production-topology2-2-1456635205,0.0,0.0,1456635205679
production-topology1-1-1456635198,0.0,0.0,1456635210496
production-topology2-2-1456635205,0.0,0.0,1456635210496
production-topology1-1-1456635198,0.0,0.0,1456635212097
production-topology2-2-1456635205,0.0,0.0,1456635212098
production-topology3-3-1456635211,0.0,0.0,1456635212098
production-topology1-1-1456635198,0.0,0.0,1456635218634
production-topology4-4-1456635218,0.0,0.0,1456635218634
production-topology2-2-1456635205,0.0,0.0,1456635218634
production-topology3-3-1456635211,0.0,0.0,1456635218634
production-topology1-1-1456635198,0.0,0.0,1456635221167
production-topology4-4-1456635218,0.0,0.0,1456635221167
production-topology2-2-1456635205,0.0,0.0,1456635221167
production-topology3-3-1456635211,0.0,0.0,1456635221168
production-topology1-1-1456635198,0.0,0.0,1456635231916
production-topology4-4-1456635218,0.0,0.0,1456635231916
production-topology2-2-1456635205,0.0,0.0,1456635231917
production-topology3-3-1456635211,0.0,0.0,1456635231917
production-topology1-1-1456635198,0.0,0.0,1456635242626
production-topology4-4-1456635218,0.0,0.0,1456635242627
production-topology2-2-1456635205,0.0,0.0,1456635242627
production-topology3-3-1456635211,0.0,0.0,1456635242627
production-topology1-1-1456635198,0.0,0.0,1456635253302
production-topology4-4-1456635218,0.0,0.0,1456635253302
production-topology2-2-1456635205,0.0,0.0,1456635253302
production-topology3-3-1456635211,0.0,0.0,1456635253303
production-topology1-1-1456635198,0.0,0.0,1456635263913
production-topology4-4-1456635218,0.0,0.0,1456635263914
production-topology2-2-1456635205,0.0,0.0,1456635263914
production-topology3-3-1456635211,0.0,0.0,1456635263914
production-topology1-1-1456635198,0.0,0.0,1456635274524
production-topology4-4-1456635218,0.0,0.0,1456635274525
production-topology2-2-1456635205,0.0,0.0,1456635274525
production-topology3-3-1456635211,0.0,0.0,1456635274525
production-topology1-1-1456635198,0.0,0.0,1456635285112
production-topology4-4-1456635218,0.0,0.0,1456635285112
production-topology2-2-1456635205,0.0,0.0,1456635285112
production-topology3-3-1456635211,0.0,0.0,1456635285112
production-topology1-1-1456635198,0.0,0.0,1456635295668
production-topology4-4-1456635218,0.0,0.0,1456635295668
production-topology2-2-1456635205,0.0,0.0,1456635295668
production-topology3-3-1456635211,0.0,0.0,1456635295668
production-topology1-1-1456635198,0.0,0.0,1456635306176
production-topology4-4-1456635218,0.0,0.0,1456635306176
production-topology2-2-1456635205,0.0,0.0,1456635306176
production-topology3-3-1456635211,0.0,0.0,1456635306177
production-topology1-1-1456635198,0.0,0.0,1456635316695
production-topology4-4-1456635218,0.0,0.0,1456635316695
production-topology2-2-1456635205,0.0,0.0,1456635316696
production-topology3-3-1456635211,0.0,0.0,1456635316696
production-topology1-1-1456635198,0.0,0.0,1456635327214
production-topology4-4-1456635218,0.0,0.0,1456635327214
production-topology2-2-1456635205,0.0,0.0,1456635327215
production-topology3-3-1456635211,0.0,0.0,1456635327215
production-topology1-1-1456635198,0.0,0.0,1456635337725
production-topology4-4-1456635218,0.0,0.0,1456635337726
production-topology2-2-1456635205,0.0,0.0,1456635337726
production-topology3-3-1456635211,0.0,0.0,1456635337726
production-topology1-1-1456635198,0.0,0.0,1456635348220
production-topology4-4-1456635218,0.0,0.0,1456635348220
production-topology2-2-1456635205,0.0,0.0,1456635348221
production-topology3-3-1456635211,0.0,0.0,1456635348221
production-topology1-1-1456635198,0.0,0.0,1456635358735
production-topology4-4-1456635218,0.0,0.0,1456635358735
production-topology2-2-1456635205,0.0,0.0,1456635358735
production-topology3-3-1456635211,0.0,0.0,1456635358735
production-topology1-1-1456635198,0.0,0.0,1456635369186
production-topology4-4-1456635218,0.0,0.0,1456635369186
production-topology2-2-1456635205,0.0,0.0,1456635369186
production-topology3-3-1456635211,0.0,0.0,1456635369186
production-topology1-1-1456635198,0.0,0.0,1456635379578
production-topology4-4-1456635218,0.0,0.0,1456635379578
production-topology2-2-1456635205,0.0,0.0,1456635379578
production-topology3-3-1456635211,0.0,0.0,1456635379579
