Running observer at: 1456801003125
production-topology1-1-1456801002,0.0,0.0,0,0,1456801003421
Running observer at: 1456801004044
production-topology1-1-1456801002,0.0,0.0,0,0,1456801004360
Running observer at: 1456801009838
production-topology1-1-1456801002,0.0,0.0,0,0,1456801010198
production-topology2-2-1456801009,0.0,0.0,0,0,1456801010198
Running observer at: 1456801014967
production-topology1-1-1456801002,0.7738095238095237,0.19345238095238093,320,120,1456801015442
production-topology2-2-1456801009,0.0,0.0,0,0,1456801015442
Running observer at: 1456801017311
production-topology1-1-1456801002,8.88888888888889,1.9325396825396826,60,80,1456801017791
production-topology2-2-1456801009,0.0,0.0,0,0,1456801017791
production-topology3-3-1456801016,0.0,0.0,0,0,1456801017792
Running observer at: 1456801024233
production-topology1-1-1456801002,0.8213273552040249,1.7473376279837396,1800,1100,1456801025084
production-topology2-2-1456801009,0.0,0.0,140,0,1456801025084
production-topology3-3-1456801016,0.0,0.0,0,0,1456801025085
production-topology4-4-1456801023,0.0,0.0,0,0,1456801025085
Running observer at: 1456801025887
production-topology1-1-1456801002,2.666666666666668,1.8786703477955864,100,60,1456801026476
production-topology2-2-1456801009,0.0,0.0,260,0,1456801026476
production-topology3-3-1456801016,0.0,0.0,0,0,1456801026476
production-topology4-4-1456801023,0.0,0.0,0,0,1456801026476
Running observer at: 1456801037164
production-topology1-1-1456801002,0.9664774326066833,1.7646462333969737,2420,1520,1456801037730
production-topology2-2-1456801009,1.1617289847180143,0.1936214974530024,1840,1320,1456801037731
production-topology3-3-1456801016,0.037500000000000006,0.009375000000000001,600,60,1456801037731
production-topology4-4-1456801023,0.0,0.0,0,0,1456801037731
Running observer at: 1456801048419
production-topology1-1-1456801002,0.9901464907484169,1.678590706436023,2240,1480,1456801049118
production-topology2-2-1456801009,1.0878125744224814,0.32136307987721363,1900,1300,1456801049118
production-topology3-3-1456801016,1.2119985138385174,0.2498997027677035,2120,4500,1456801049118
production-topology4-4-1456801023,0.6762427813595778,0.16906069533989446,1160,1440,1456801049119
Running observer at: 1456801059876
production-topology1-1-1456801002,1.1056835637480793,1.6212999921672284,1900,1180,1456801060563
production-topology2-2-1456801009,0.8723395588684403,0.39023513975111696,2480,1520,1456801060563
production-topology3-3-1456801016,1.0569248032797898,0.38440388618638455,2380,4360,1456801060564
production-topology4-4-1456801023,1.1289583134473062,0.3610402189613768,2480,4800,1456801060564
Running observer at: 1456801071163
production-topology1-1-1456801002,0.9952106325507546,1.56438277765664,2440,1520,1456801071745
production-topology2-2-1456801009,1.0906591706293591,0.4680600320709216,2280,1480,1456801071745
production-topology3-3-1456801016,1.0559263855190433,0.4803356718053358,1940,3740,1456801071745
production-topology4-4-1456801023,1.0191282656701983,0.47072156007951377,2240,4280,1456801071746
Running observer at: 1456801082299
production-topology1-1-1456801002,1.0460113929667825,1.5211851622658186,2260,1460,1456801082931
production-topology2-2-1456801009,0.9196711237855566,0.5132211412423852,1920,1280,1456801082931
production-topology3-3-1456801016,0.9376151117149758,0.5374956017940408,2300,4140,1456801082931
production-topology4-4-1456801023,1.046624904329307,0.5529934664009127,2160,3940,1456801082931
Running observer at: 1456801093477
production-topology1-1-1456801002,0.9133973419323936,1.4744322530094014,1960,1240,1456801094109
production-topology2-2-1456801009,1.025215972796618,0.5597661259291336,2420,1540,1456801094109
production-topology3-3-1456801016,1.0021667806640076,0.5891257327795927,2300,4140,1456801094110
production-topology4-4-1456801023,0.9718593213593729,0.6053516982707203,2220,3880,1456801094110
Running observer at: 1456801104690
production-topology1-1-1456801002,0.9870676731344246,1.439620497304046,2320,1520,1456801105221
production-topology2-2-1456801009,0.9828008444757212,0.5950190191413492,2320,1380,1456801105221
production-topology3-3-1456801016,0.9717952570266272,0.6273926852042961,2160,3600,1456801105221
production-topology4-4-1456801023,0.9840274236914048,0.6474267788730186,2300,4100,1456801105222
Running observer at: 1456801115850
production-topology1-1-1456801002,0.9085839538227389,1.4042180610719588,2360,1480,1456801116436
production-topology2-2-1456801009,1.0972872353420935,0.6336550357721756,1900,1240,1456801116436
production-topology3-3-1456801016,1.0493403072362486,0.6657515599344737,2220,4260,1456801116436
production-topology4-4-1456801023,0.9788419061693168,0.6805682916026484,2160,3820,1456801116436
Running observer at: 1456801126976
production-topology1-1-1456801002,1.2466556630419432,1.3943704111950828,2020,1260,1456801127533
production-topology2-2-1456801009,0.9290621792150746,0.654755546018097,2480,1520,1456801127533
production-topology3-3-1456801016,0.9911493729460714,0.6928680443521067,2300,4080,1456801127533
production-topology4-4-1456801023,1.02375028683542,0.7117666548056276,2240,4040,1456801127533
Running observer at: 1456801138110
production-topology1-1-1456801002,0.9200367088885643,1.366468428706464,2300,1420,1456801138670
production-topology2-2-1456801009,1.0133910461967297,0.6786645793633392,2200,1440,1456801138670
production-topology3-3-1456801016,1.004974381066614,0.7168762240993765,1980,3680,1456801138671
production-topology4-4-1456801023,0.9754309132903471,0.7337386763460209,2220,4080,1456801138671
Running observer at: 1456801149206
production-topology1-1-1456801002,0.9624113808160009,1.3440208149347717,2280,1500,1456801149785
production-topology2-2-1456801009,0.9446291752071364,0.6952873666035766,1900,1220,1456801149785
production-topology3-3-1456801016,0.968182386723526,0.7348266642868158,2360,4160,1456801149785
production-topology4-4-1456801023,1.0524106271772982,0.7582519033330423,2120,3900,1456801149786
Running observer at: 1456801160354
production-topology1-1-1456801002,1.1966963959576977,1.3362668981465045,2080,1360,1456801160915
production-topology2-2-1456801009,1.178054167165354,0.7236854136954458,2400,1580,1456801160915
production-topology3-3-1456801016,1.0355044779174363,0.7548718518621905,2260,4100,1456801160916
production-topology4-4-1456801023,0.9896728846650276,0.7747819734281841,2220,3960,1456801160916
Running observer at: 1456801171431
production-topology1-1-1456801002,0.9864948822129967,1.3187782973498292,2240,1480,1456801171963
production-topology2-2-1456801009,0.8973956673622675,0.7333359833436026,2360,1440,1456801171963
production-topology3-3-1456801016,1.0414962912690848,0.7727858793251214,2060,3700,1456801171964
production-topology4-4-1456801023,0.9650470193827261,0.7874663098251536,2260,4100,1456801171964
Running observer at: 1456801182586
production-topology1-1-1456801002,0.9837323226173578,1.3028237271244734,2300,1520,1456801183222
production-topology2-2-1456801009,1.0290387273895518,0.7488992856618104,1840,1220,1456801183223
production-topology3-3-1456801016,0.9179377602454525,0.7813242252616115,2340,4080,1456801183223
production-topology4-4-1456801023,1.0202070589631864,0.8020126066462807,2160,3880,1456801183223
Running observer at: 1456801193789
production-topology1-1-1456801002,0.9078122229207977,1.284868658751579,2220,1400,1456801194345
production-topology2-2-1456801009,1.0361775227114807,0.7632631975142938,2440,1540,1456801194346
production-topology3-3-1456801016,1.067595984262651,0.7972282118727804,2260,4120,1456801194346
production-topology4-4-1456801023,1.0158476707104043,0.8145911398265232,2240,3940,1456801194346
Running observer at: 1456801204912
production-topology1-1-1456801002,1.106090154226124,1.2770956802939504,2160,1400,1456801205490
production-topology2-2-1456801009,0.921355790169312,0.7707914162121519,2280,1500,1456801205490
production-topology3-3-1456801016,0.8961260245338027,0.802433359907571,2120,3600,1456801205490
production-topology4-4-1456801023,1.0532212701168744,0.8278483692870984,2220,4160,1456801205490
Running observer at: 1456801216310
production-topology1-1-1456801002,1.0080548616674503,1.265885646184513,2220,1420,1456801216875
production-topology2-2-1456801009,0.9898689555796927,0.7807494861834037,1940,1260,1456801216875
production-topology3-3-1456801016,1.0835324192914457,0.8164883128767647,2260,4460,1456801216876
production-topology4-4-1456801023,0.9769588133496551,0.835696287395654,2360,4140,1456801216876
Running observer at: 1456801227473
production-topology1-1-1456801002,1.0978944490019142,1.259165998297209,2180,1460,1456801228055
production-topology2-2-1456801009,1.0365366825552698,0.7918706686343543,2420,1480,1456801228056
production-topology3-3-1456801016,0.9962758352210899,0.8250496234645898,2200,3860,1456801228056
production-topology4-4-1456801023,0.9617267051289837,0.8419978082823205,2020,3680,1456801228056
Running observer at: 1456801238660
production-topology1-1-1456801002,0.7680310981380463,1.2402761944449334,2160,1320,1456801239286
production-topology2-2-1456801009,1.0536098128877835,0.8027764663115805,2360,1560,1456801239286
production-topology3-3-1456801016,1.0158221039965003,0.833721099852404,2180,3920,1456801239286
production-topology4-4-1456801023,0.9951077592686086,0.8492887583292866,2220,4100,1456801239287
Running observer at: 1456801249908
production-topology1-1-1456801002,1.1331757775693878,1.2363095123384316,2440,1580,1456801250467
production-topology2-2-1456801009,0.9473322566086457,0.8085586979234631,2280,1480,1456801250467
production-topology3-3-1456801016,1.0037521900229656,0.8411137559467762,2280,4140,1456801250467
production-topology4-4-1456801023,1.0285867547443588,0.8574386672572445,2340,4100,1456801250467
Running observer at: 1456801260971
production-topology1-1-1456801002,0.9847261531772743,1.2273243923683903,2240,1480,1456801261510
production-topology2-2-1456801009,1.0809753535353532,0.8190362616008435,2000,1180,1456801261510
production-topology3-3-1456801016,0.9346656880931419,0.8450117531195414,2320,4080,1456801261510
production-topology4-4-1456801023,0.9299419725393002,0.8605909848782034,2100,3680,1456801261511
Running observer at: 1456801272099
production-topology1-1-1456801002,0.9278139346022038,1.2169964455488669,1980,1140,1456801272703
production-topology2-2-1456801009,0.9031572131403581,0.8221518523986033,2400,1560,1456801272703
production-topology3-3-1456801016,1.0545730878383743,0.8533942065082947,2040,3660,1456801272703
production-topology4-4-1456801023,1.1242929825985766,0.8715785681165523,2180,4080,1456801272704
Running observer at: 1456801283259
production-topology1-1-1456801002,1.1501493100456208,1.2147682076987585,2320,1580,1456801283745
production-topology2-2-1456801009,1.0240598359967727,0.8293628518128237,2280,1500,1456801283746
production-topology3-3-1456801016,0.9860985512689919,0.8584982197683215,2360,4180,1456801283746
production-topology4-4-1456801023,0.9883007592335122,0.8762474557612308,2260,4100,1456801283746
Running observer at: 1456801294363
production-topology1-1-1456801002,0.905532882769376,1.2449526371244046,2380,1480,1456801294902
production-topology2-2-1456801009,1.0262286241607417,0.8361513267213725,1960,1180,1456801294902
production-topology3-3-1456801016,1.0279573051312183,0.8647744821891694,2260,4180,1456801294902
production-topology4-4-1456801023,0.930965017397921,0.8783519773626419,2200,3920,1456801294902
Running observer at: 1456801305557
production-topology1-1-1456801002,1.0374663978494623,1.2795348503860533,1860,1220,1456801306125
production-topology2-2-1456801009,0.9367718809120781,0.8395053451943961,2400,1520,1456801306126
production-topology3-3-1456801016,1.0289112359351178,0.8706365091086676,1940,3560,1456801306126
production-topology4-4-1456801023,1.1112353685561853,0.8869772881475879,2160,3960,1456801306126
Running observer at: 1456801316703
production-topology1-1-1456801002,1.0664898479483298,1.315084511984331,2420,1580,1456801317264
production-topology2-2-1456801009,0.9965305971801874,0.872723031767069,2280,1500,1456801317265
production-topology3-3-1456801016,0.9435527736776976,0.8731508630593239,2300,4120,1456801317265
production-topology4-4-1456801023,0.9026940338858035,0.8875386004953814,2360,3980,1456801317265
Running observer at: 1456801327767
production-topology1-1-1456801002,0.9437594197888848,1.3207495085169765,2240,1420,1456801328354
production-topology2-2-1456801009,1.0658560261584835,0.9082515659723517,1840,1200,1456801328354
production-topology3-3-1456801016,1.0583333444225278,0.8793236124380974,2360,4140,1456801328354
production-topology4-4-1456801023,0.9768863686746707,0.8906195580188051,2140,3940,1456801328354
Running observer at: 1456801338863
production-topology1-1-1456801002,1.023373205741627,1.0585656524120675,1980,1260,1456801339451
production-topology2-2-1456801009,1.0112234695204134,0.9419590149563655,2540,1520,1456801339452
production-topology3-3-1456801016,1.0127013662828195,0.9130803246475246,1980,3700,1456801339452
production-topology4-4-1456801023,1.011697354264792,0.894655484560338,2180,3940,1456801339452
Running observer at: 1456801350032
production-topology1-1-1456801002,1.0305117594849738,1.0655384658880989,2380,1580,1456801350595
production-topology2-2-1456801009,0.9932061839353001,0.9750658877542088,2180,1500,1456801350595
production-topology3-3-1456801016,0.9810893194270784,0.9457833019617606,2360,4080,1456801350596
production-topology4-4-1456801023,1.0831499901629569,0.9307604842324366,2260,4080,1456801350596
Running observer at: 1456801361186
production-topology1-1-1456801002,0.8412430689877499,1.0046910126321351,2300,1520,1456801361767
production-topology2-2-1456801009,0.9413660730316424,1.0064447568552635,1960,1200,1456801361767
production-topology3-3-1456801016,0.9932738566186653,0.9788924305157161,2280,4080,1456801361767
production-topology4-4-1456801023,0.9641029215567738,0.9628972482843291,2200,3920,1456801361767
Running observer at: 1456801372220
production-topology1-1-1456801002,1.282007659730543,1.015208686869597,1980,1200,1456801372834
production-topology2-2-1456801009,1.1921455993023764,1.0074586440080757,2380,1540,1456801372834
production-topology3-3-1456801016,1.0064778645833332,1.0111916926684938,2000,3740,1456801372834
production-topology4-4-1456801023,0.9928847907921352,0.9959934079774002,2140,3820,1456801372834
Running observer at: 1456801383355
production-topology1-1-1456801002,0.9470708299271912,1.0137728315088896,2400,1620,1456801383903
production-topology2-2-1456801009,0.80144283186285,0.9979129859227547,2380,1420,1456801383904
production-topology3-3-1456801016,0.9516276200087739,1.0025126628741692,2360,4100,1456801383904
production-topology4-4-1456801023,1.0347241090883905,1.0079427855683605,2300,4200,1456801383904
Running observer at: 1456801394409
production-topology1-1-1456801002,1.0054527680237333,1.010431804984745,2120,1260,1456801395032
production-topology2-2-1456801009,1.060126520672988,1.0041725513162396,1860,1200,1456801395032
production-topology3-3-1456801016,1.1146210986606815,1.0044358727201987,2240,4100,1456801395032
production-topology4-4-1456801023,0.9375325505232046,1.0015619268042237,2060,3720,1456801395032
Running observer at: 1456801405587
production-topology1-1-1456801002,1.0208543477450676,1.011286595491222,2080,1420,1456801406185
production-topology2-2-1456801009,0.9131004774094414,0.998253928208909,2500,1520,1456801406186
production-topology3-3-1456801016,0.8617875837428477,0.997964579327659,2080,3720,1456801406186
production-topology4-4-1456801023,1.0002234889135877,1.0009317675790035,2280,4140,1456801406186
Running observer at: 1456801416743
production-topology1-1-1456801002,0.8976492396340767,1.0063411903801318,2420,1500,1456801417298
production-topology2-2-1456801009,1.1483011831867775,1.0058749301889498,2140,1500,1456801417298
production-topology3-3-1456801016,1.045599464043805,1.00156405773862,2300,4160,1456801417298
production-topology4-4-1456801023,1.0488874793204117,1.0010071867453734,2240,4100,1456801417298
Running observer at: 1456801427797
production-topology1-1-1456801002,1.0697248243559718,1.0115521064609179,2040,1340,1456801428459
production-topology2-2-1456801009,1.0878688524590163,1.0079633595110296,2000,1240,1456801428459
production-topology3-3-1456801016,0.980711772551917,1.0008488908015503,2280,4080,1456801428459
production-topology4-4-1456801023,0.9764762187378542,1.0011610833246563,2100,3700,1456801428459
Running observer at: 1456801438917
production-topology1-1-1456801002,1.0443181324844755,1.0134604551059196,2140,1360,1456801439447
production-topology2-2-1456801009,0.9636932100748052,1.0073264383643326,2360,1520,1456801439447
production-topology3-3-1456801016,1.0691002195408839,1.0040923895520255,1980,3720,1456801439447
production-topology4-4-1456801023,1.0305913070797512,1.0027132127709346,2260,4040,1456801439447
Running observer at: 1456801449975
production-topology1-1-1456801002,1.0757524642573644,1.0190327387870737,2460,1580,1456801450512
production-topology2-2-1456801009,0.850476241715969,0.9990994052434616,2320,1420,1456801450512
production-topology3-3-1456801016,0.9608113479505516,1.0011414242425023,2380,4040,1456801450512
production-topology4-4-1456801023,0.9960142166863974,1.003285623121504,2220,4080,1456801450513
Running observer at: 1456801461099
production-topology1-1-1456801002,0.881885605764887,1.0068737368778384,2040,1260,1456801461721
production-topology2-2-1456801009,1.245488422005517,1.00964694666981,1940,1300,1456801461721
production-topology3-3-1456801016,1.0247417499697646,1.0022611701432922,2140,3860,1456801461722
production-topology4-4-1456801023,1.0080185679944587,1.0027612324934718,2120,3740,1456801461722
Running observer at: 1456801472215
production-topology1-1-1456801002,1.044611028721054,1.0110262142055881,2160,1380,1456801472754
production-topology2-2-1456801009,0.8485326641743172,1.0041516672690627,2380,1500,1456801472754
production-topology3-3-1456801016,1.0175066300568825,1.002678911776301,2120,3960,1456801472754
production-topology4-4-1456801023,0.9753137374195677,1.0027573266311127,2200,4200,1456801472755
Running observer at: 1456801483298
production-topology1-1-1456801002,0.9992583732057416,1.012254447285246,2420,1580,1456801483839
production-topology2-2-1456801009,1.1348213457998382,1.0104914062888197,2300,1500,1456801483839
production-topology3-3-1456801016,0.9510111058766653,1.0021065357480723,2320,4060,1456801483839
production-topology4-4-1456801023,1.0283983846189717,1.0019569185458352,2300,4140,1456801483839
Running observer at: 1456801494336
production-topology1-1-1456801002,1.0499473644634931,1.007362812902106,1980,1260,1456801494942
production-topology2-2-1456801009,0.9975715495532885,1.0044753190350841,1920,1200,1456801494942
production-topology3-3-1456801016,1.0765560295570653,1.0034749208027267,2160,4020,1456801494942
production-topology4-4-1456801023,0.9716563675333794,1.0013563679747801,2060,3700,1456801494942
Running observer at: 1456801505530
production-topology1-1-1456801002,1.1889855771242641,1.0141125027324815,2100,1380,1456801506030
production-topology2-2-1456801009,1.0028239058073163,1.007989593649919,2320,1540,1456801506030
production-topology3-3-1456801016,0.9555503652958122,1.0006100566036176,2240,3940,1456801506030
production-topology4-4-1456801023,1.0258188332538318,1.003382095103817,2240,4040,1456801506030
Running observer at: 1456801516579
production-topology1-1-1456801002,0.9402386365570085,1.0126627131971364,2480,1560,1456801517109
production-topology2-2-1456801009,0.9500796563337717,1.0053576246147262,2360,1420,1456801517109
production-topology3-3-1456801016,1.0831371294322025,1.0061167022431758,2200,4120,1456801517109
production-topology4-4-1456801023,1.0091043789096,1.0030120057686975,2360,4160,1456801517109
Running observer at: 1456801527642
production-topology1-1-1456801002,0.940817773521312,1.0137628982171536,1980,1260,1456801528243
production-topology2-2-1456801009,1.131060227889311,1.0085203814539871,1940,1260,1456801528243
production-topology3-3-1456801016,0.907805137232897,1.0007903406755176,2240,3820,1456801528244
production-topology4-4-1456801023,1.00502039500134,1.0026510965783955,2000,3720,1456801528244
Running observer at: 1456801538809
production-topology1-1-1456801002,0.9744462506362819,1.009374768097492,2280,1400,1456801539245
production-topology2-2-1456801009,0.951999011306289,1.009541822158553,2400,1460,1456801539245
production-topology3-3-1456801016,1.0251382265364466,1.005090747408939,2160,3900,1456801539245
production-topology4-4-1456801023,0.9564006536866116,0.9994237426973867,2360,4040,1456801539245
Running observer at: 1456801549708
production-topology1-1-1456801002,1.0000827074801997,1.0091090296245837,2280,1500,1456801550325
production-topology2-2-1456801009,0.9099834805717159,1.0068789729916205,1900,1340,1456801550325
production-topology3-3-1456801016,0.9737484826746035,1.0014312828550442,2140,3880,1456801550325
production-topology4-4-1456801023,0.9846014298751244,0.9996784965815689,2240,4160,1456801550325
Running observer at: 1456801560962
production-topology1-1-1456801002,1.0843198305654114,1.008656542343367,2140,1400,1456801561575
production-topology2-2-1456801009,0.9820957054754043,1.005064273755625,2280,1460,1456801561575
production-topology3-3-1456801016,1.0557734134186039,1.003414535461628,2240,4180,1456801561575
production-topology4-4-1456801023,0.9896148876781099,1.0006081026665399,2080,3680,1456801561575
Running observer at: 1456801572157
production-topology1-1-1456801002,1.077372359120353,1.018967917709444,2160,1340,1456801572614
production-topology2-2-1456801009,0.9516608453832811,1.0016659748388084,2440,1520,1456801572614
production-topology3-3-1456801016,0.9715958230138902,1.0019403260955408,2220,3880,1456801572614
production-topology4-4-1456801023,1.0317050473700782,1.0018280122699221,2220,4120,1456801572614
Running observer at: 1456801583200
production-topology1-1-1456801002,0.9085064122670572,1.0114789388660328,2280,1480,1456801583692
production-topology2-2-1456801009,1.1375120757286574,1.0080053021428088,2240,1400,1456801583692
production-topology3-3-1456801016,0.9186021747634627,0.9991019922535574,2380,4040,1456801583693
production-topology4-4-1456801023,1.067141856707074,1.0031131823353459,2300,4160,1456801583693
Running observer at: 1456801594288
production-topology1-1-1456801002,1.068536788012089,1.0142726266938602,2140,1400,1456801594861
production-topology2-2-1456801009,1.0912693546993733,1.0083484355149428,1920,1260,1456801594861
production-topology3-3-1456801016,1.0553213020745487,1.0031238460529377,1980,3680,1456801594861
production-topology4-4-1456801023,0.9255338872124719,1.0029662461577848,2020,3560,1456801594861
Running observer at: 1456801605466
production-topology1-1-1456801002,0.95121995514329,1.0150528273785633,2200,1340,1456801605992
production-topology2-2-1456801009,0.9315229302934197,1.0092939594200447,2380,1580,1456801605992
production-topology3-3-1456801016,1.0076014302885876,1.0015581241346114,2240,4220,1456801605992
production-topology4-4-1456801023,0.999286663573798,0.9987993688569589,2300,4140,1456801605992
Running observer at: 1456801616547
production-topology1-1-1456801002,1.0154462370490993,1.0105627249453457,2460,1460,1456801616910
production-topology2-2-1456801009,0.9622780070782079,1.0072345651227592,2360,1520,1456801616910
production-topology3-3-1456801016,0.9897611707956535,1.001680211452167,2320,4080,1456801616910
production-topology4-4-1456801023,1.0703038885802694,1.0015328065018507,2300,4100,1456801616910
Running observer at: 1456801627286
production-topology1-1-1456801002,1.2350553370214228,1.0215468067537474,1720,1200,1456801627921
production-topology2-2-1456801009,1.0855493658388395,1.0092119231786958,1920,1220,1456801627922
production-topology3-3-1456801016,1.1289150489802249,1.0050454695804671,1840,3540,1456801627922
production-topology4-4-1456801023,0.9590699147118029,1.0024696364123136,1980,3480,1456801627922
Running observer at: 1456801638466
production-topology1-1-1456801002,0.8658639338775868,1.0158267246213515,2440,1580,1456801639049
production-topology2-2-1456801009,1.0415408258450765,1.012704221343129,2220,1540,1456801639049
production-topology3-3-1456801016,0.9107288544098011,1.0011060568629566,2380,4100,1456801639049
production-topology4-4-1456801023,0.9967868624606462,0.9986546862091288,2380,4320,1456801639049
Running observer at: 1456801649471
production-topology1-1-1456801002,1.0971024904214561,1.0168471460371225,2280,1540,1456801650020
production-topology2-2-1456801009,0.8579319870263471,1.0080842676713344,2020,1240,1456801650020
production-topology3-3-1456801016,1.0173695081555407,1.0035666146788846,2320,4140,1456801650021
production-topology4-4-1456801023,1.020495607644972,1.0025814053344344,2200,4100,1456801650021
Running observer at: 1456801660463
production-topology1-1-1456801002,1.0240734943223222,1.0195242818549037,1880,1200,1456801661070
production-topology2-2-1456801009,1.0350882092607132,1.007058673774742,2280,1500,1456801661070
production-topology3-3-1456801016,1.0162047955660618,1.0021623297170026,2000,3700,1456801661070
production-topology4-4-1456801023,0.9411309523809526,1.001389558124644,1960,3480,1456801661070
Running observer at: 1456801671707
production-topology1-1-1456801002,0.8037117737930193,1.0122022341232835,2460,1560,1456801672237
production-topology2-2-1456801009,0.9534505497789629,1.0051329097833606,2320,1440,1456801672238
production-topology3-3-1456801016,1.0148531381999792,1.0022340554475744,2240,4100,1456801672238
production-topology4-4-1456801023,1.014844751593641,1.0014944713689387,2420,4280,1456801672238
Running observer at: 1456801682734
production-topology1-1-1456801002,1.310090907113212,1.0215215390442245,2260,1440,1456801683337
production-topology2-2-1456801009,1.1571540213028713,1.0105978376956128,2000,1340,1456801683337
production-topology3-3-1456801016,0.9449027626180391,1.001027836887273,2300,4060,1456801683337
production-topology4-4-1456801023,1.071315212373038,1.0010999787759414,2280,4180,1456801683338
Running observer at: 1456801693809
production-topology1-1-1456801002,0.8174337662337662,1.020727895619092,2000,1200,1456801694382
production-topology2-2-1456801009,0.9655101365493386,1.0114026398128693,2320,1480,1456801694382
production-topology3-3-1456801016,1.0543532428610727,1.0030638164286865,2060,3780,1456801694383
production-topology4-4-1456801023,0.9912403280299232,1.002004558991713,1920,3440,1456801694383
Running observer at: 1456801705061
production-topology1-1-1456801002,1.0474250722830267,1.012908476037508,2420,1600,1456801705621
production-topology2-2-1456801009,1.0340816404332822,1.0061338411838996,2320,1440,1456801705621
production-topology3-3-1456801016,0.9371151216501697,1.000751724997581,2380,4180,1456801705621
production-topology4-4-1456801023,0.9686284770106554,1.0011960151989971,2480,4400,1456801705621
Running observer at: 1456801716107
production-topology1-1-1456801002,1.0117820662825459,1.015065517249353,2180,1460,1456801716668
production-topology2-2-1456801009,0.8898942507947127,1.0090822218149615,2060,1240,1456801716668
production-topology3-3-1456801016,1.0808866324537094,1.0050603587457454,2180,4080,1456801716668
production-topology4-4-1456801023,0.9996788578823002,1.000027840158794,2200,4080,1456801716668
Running observer at: 1456801727169
production-topology1-1-1456801002,0.899669353105105,1.0115394034187322,2000,1320,1456801727707
production-topology2-2-1456801009,1.0321471291866031,1.0081495754320822,2200,1520,1456801727707
production-topology3-3-1456801016,0.9504746052424502,0.9995888089651379,2080,3660,1456801727707
production-topology4-4-1456801023,0.9844489016550803,1.0015917185298568,2020,3480,1456801727707
/var/nimbus/storm/bin/storm rebalance production-topology3 -e spout_head=11
1456801728210
/var/nimbus/storm/bin/storm rebalance production-topology2 -e spout_head=9
Running observer at: 1456801738415
production-topology1-1-1456801002,1.0324466048018854,1.0119258119872927,2440,1480,1456801738882
production-topology2-2-1456801009,0.9973083846747134,0.9973083846747134,141140,90160,1456801738882
production-topology3-3-1456801016,1.0001441750552427,1.0001441750552427,139620,251260,1456801738883
production-topology4-4-1456801023,0.9929306756535485,1.0013486247545218,2320,4320,1456801738883
Running observer at: 1456801749467
production-topology1-1-1456801002,1.0093928203185825,1.0156505980101094,2240,1420,1456801750048
production-topology2-2-1456801009,1.0,0.9986541923373566,80,40,1456801750048
production-topology3-3-1456801016,0.45399058948863635,0.7270673822719396,160,160,1456801750049
production-topology4-4-1456801023,0.9759138322787065,0.9989161698531319,2360,4220,1456801750049
Running observer at: 1456801760524
production-topology1-1-1456801002,1.1170217788003303,1.0172271631582546,1880,1340,1456801761128
production-topology2-2-1456801009,1.0,0.999102794891571,0,0,1456801761128
production-topology3-3-1456801016,2.0,1.1513782548479596,0,0,1456801761128
production-topology4-4-1456801023,1.0114053462101,1.000080474102207,1900,3400,1456801761128
Running observer at: 1456801766723
production-topology1-1-1456801002,0.940764189988175,1.013775365075045,1220,780,1456801767310
production-topology2-2-1456801009,1.0,0.9993270961686783,0,0,1456801767310
production-topology3-3-1456801016,2.0,1.3635336911359697,0,0,1456801767310
production-topology4-4-1456801023,1.0553766097634023,1.0009066508583286,1220,2220,1456801767311
Running observer at: 1456801768021
production-topology1-1-1456801002,0.8258952254641911,1.0054467904486057,580,340,1456801768556
production-topology2-2-1456801009,1.0,0.9994616769349427,0,0,1456801768556
production-topology3-3-1456801016,2.0,1.4908269529087756,0,0,1456801768556
production-topology4-4-1456801023,1.0124435038212816,1.0014542937628248,500,800,1456801768556
Running observer at: 1456801771841
production-topology1-1-1456801002,0.7854976564653985,1.0022338588052895,620,460,1456801772394
production-topology2-2-1456801009,0.9970475383002391,0.9990593204958255,0,18040,1456801772394
production-topology3-3-1456801016,0.0011529982363315697,1.2425479604633682,126000,320,1456801772394
production-topology4-4-1456801023,0.772250358076971,0.9935953534322416,740,1320,1456801772395
Running observer at: 1456801782879
production-topology1-1-1456801002,1.1396729704842956,1.0054025901973975,2360,1500,1456801783436
production-topology2-2-1456801009,42.4908876622415,6.926463369316636,380,18040,1456801783436
production-topology3-3-1456801016,0.988104763140158,1.2061989322743383,85520,152320,1456801783436
production-topology4-4-1456801023,1.0261079593267262,0.9952884941624804,2260,4020,1456801783436
Running observer at: 1456801794000
production-topology1-1-1456801002,1.036833855799373,1.0066551062838518,1920,1200,1456801794673
production-topology2-2-1456801009,1.0952536923740983,6.197562159698819,1580,1180,1456801794673
production-topology3-3-1456801016,0.9808193553590533,1.1780264851599276,2360,4220,1456801794674
production-topology4-4-1456801023,1.0146589483000503,0.9948305129518497,1960,3440,1456801794674
Running observer at: 1456801805439
production-topology1-1-1456801002,1.0823445591582281,1.0077350127736762,2420,1540,1456801805943
production-topology2-2-1456801009,1.07504823387325,5.6283939457182,2120,1320,1456801805943
production-topology3-3-1456801016,1.01923936286668,1.160383471571789,2680,4880,1456801805943
production-topology4-4-1456801023,1.0492216635682496,0.9974160228196787,2400,4520,1456801805944
Running observer at: 1456801816412
production-topology1-1-1456801002,0.9617804852760785,1.00016150971207,2260,1540,1456801816933
production-topology2-2-1456801009,1.2193075683392167,5.187485307980301,1740,1220,1456801816933
production-topology3-3-1456801016,1.0203487431998535,1.1463799987345955,2240,4040,1456801816933
production-topology4-4-1456801023,0.9677501746167287,0.9954804008651085,2240,4020,1456801816933
Running observer at: 1456801827392
production-topology1-1-1456801002,0.886669439438949,0.9983758698081349,1880,1160,1456801827860
production-topology2-2-1456801009,0.8701609519872162,4.795001275617294,2120,1300,1456801827861
production-topology3-3-1456801016,0.9935045895775699,1.132482234265775,2440,4360,1456801827861
production-topology4-4-1456801023,0.9995131969224926,0.9951606947988716,1980,3520,1456801827861
/var/nimbus/storm/bin/storm rebalance production-topology1 -e spout_head=11
1456801828338
/var/nimbus/storm/bin/storm rebalance production-topology4 -e bolt_output_1=9
Running observer at: 1456801838517
production-topology1-1-1456801002,1.0029153327428328,1.0029153327428328,163560,104800,1456801839091
production-topology2-2-1456801009,0.9974222096245904,4.4785363534512355,1680,1060,1456801839091
production-topology3-3-1456801016,1.0821241228058711,1.1282857249774496,2320,4300,1456801839092
production-topology4-4-1456801023,0.999162754457309,0.999162754457309,158120,284620,1456801839092
Running observer at: 1456801849575
production-topology1-1-1456801002,1.0,1.0014576663714165,0,0,1456801850058
production-topology2-2-1456801009,0.9537355552610655,4.207397830513529,2240,1480,1456801850058
production-topology3-3-1456801016,0.919261822975387,1.1122069632849831,2500,4540,1456801850058
production-topology4-4-1456801023,2.1666666666666665,1.5829147105619876,120,360,1456801850058
Running observer at: 1456801860584
production-topology1-1-1456801002,1.0,1.0009717775809444,0,0,1456801861128
production-topology2-2-1456801009,0.9194576214264725,3.9725449584358827,2040,1260,1456801861128
production-topology3-3-1456801016,0.9463629950972043,1.1003609655572846,2500,4320,1456801861128
production-topology4-4-1456801023,2.0,1.7219431403746583,0,0,1456801861129
Running observer at: 1456801866617
production-topology1-1-1456801002,1.0,1.0007288331857083,0,0,1456801867061
production-topology2-2-1456801009,0.8894497607655502,3.767005278591194,1100,680,1456801867061
production-topology3-3-1456801016,1.158862015788654,1.1042610355727092,1300,2380,1456801867061
production-topology4-4-1456801023,2.0,1.7914573552809938,0,0,1456801867061
Running observer at: 1456801867509
production-topology1-1-1456801002,0.0,0.8005830665485666,147220,0,1456801868109
production-topology2-2-1456801009,22.857142857142854,4.960138877250673,140,120,1456801868109
production-topology3-3-1456801016,1.1392857142857142,1.106450077992272,120,220,1456801868110
production-topology4-4-1456801023,2.0,1.833165884224795,0,0,1456801868110
Running observer at: 1456801871759
production-topology1-1-1456801002,0.99789287985166,0.8334680354324155,98400,62880,1456801872336
production-topology2-2-1456801009,0.6985858585858585,4.709459287917448,440,320,1456801872336
production-topology3-3-1456801016,0.7508950875597964,1.0855350785550675,920,1620,1456801872336
production-topology4-4-1456801023,0.0,1.5276382368539958,0,0,1456801872336
Running observer at: 1456801882809
production-topology1-1-1456801002,0.831924686239244,0.8332475569762482,1940,1000,1456801883308
production-topology2-2-1456801009,1.1977758580067541,4.514365764033521,2140,1440,1456801883308
production-topology3-3-1456801016,1.101832795821867,1.086440507292112,2520,4620,1456801883308
production-topology4-4-1456801023,0.0,1.3094042030177107,0,0,1456801883308
Running observer at: 1456801893862
production-topology1-1-1456801002,0.9578128704024508,0.8488182211545235,2440,1540,1456801894321
production-topology2-2-1456801009,0.9936486072849707,4.329064861046755,2080,1260,1456801894321
production-topology3-3-1456801016,0.9402521450402889,1.0787463829630688,2500,4360,1456801894321
production-topology4-4-1456801023,0.9350260079426745,1.2626069286333312,1760,2900,1456801894321
Running observer at: 1456801904755
production-topology1-1-1456801002,0.9864822628535709,0.864114225787751,2560,1600,1456801905332
production-topology2-2-1456801009,1.0039511494252873,4.162809175465681,1760,1060,1456801905332
production-topology3-3-1456801016,1.0484809073546812,1.0772331091826493,2180,4060,1456801905333
production-topology4-4-1456801023,1.0130363501384636,1.2348768643561236,1980,3620,1456801905333
Running observer at: 1456801915839
production-topology1-1-1456801002,1.1649004477399814,0.8941928479829742,2080,1420,1456801916396
production-topology2-2-1456801009,0.997388117885545,4.012074839390437,2140,1400,1456801916396
production-topology3-3-1456801016,0.9820783814374647,1.0727019316709738,2400,4280,1456801916396
production-topology4-4-1456801023,0.9558412481104361,1.206973302731555,2320,4160,1456801916396
Running observer at: 1456801926879
production-topology1-1-1456801002,0.8988160221153567,0.8946131365404635,2660,1620,1456801927406
production-topology2-2-1456801009,0.9156574813140469,3.87132859584151,1980,1260,1456801927406
production-topology3-3-1456801016,0.9675374493927125,1.0679217279310527,2340,4240,1456801927406
production-topology4-4-1456801023,1.033015303598369,1.1911589391739925,2160,3960,1456801927406
Running observer at: 1456801937870
production-topology1-1-1456801002,1.1232740950079099,0.9136682164127506,2220,1540,1456801938478
production-topology2-2-1456801009,1.0564905754755933,3.7489443340864703,1840,1160,1456801938478
production-topology3-3-1456801016,0.9764281269856432,1.0639437452812524,2580,4520,1456801938478
production-topology4-4-1456801023,1.0153365254388897,1.1765070713627341,2140,3880,1456801938478
Running observer at: 1456801949012
production-topology1-1-1456801002,0.7750542159807022,0.9030056009949008,2420,1480,1456801949497
production-topology2-2-1456801009,1.0606885602811347,3.6369336768445812,2120,1320,1456801949497
production-topology3-3-1456801016,1.1178533007691485,1.0661899767599146,2320,4360,1456801949497
production-topology4-4-1456801023,1.0271487499270586,1.1650179697138359,2340,4120,1456801949498
Running observer at: 1456801960127
production-topology1-1-1456801002,1.1106030242933338,0.9178339883733602,2700,1760,1456801960693
production-topology2-2-1456801009,0.8530990239884176,3.5255802907303346,1940,1200,1456801960693
production-topology3-3-1456801016,0.9698086157112972,1.06233472231797,2380,4220,1456801960693
production-topology4-4-1456801023,1.0205018672041068,1.154695390963141,2080,3840,1456801960693
Running observer at: 1456801971161
production-topology1-1-1456801002,1.0976016471732104,0.9298184989600169,2240,1420,1456801971790
production-topology2-2-1456801009,1.1351170150169811,3.433639395510591,1860,1220,1456801971790
production-topology3-3-1456801016,1.0565300339910422,1.0621114650746266,2560,4560,1456801971791
production-topology4-4-1456801023,0.9577952336573026,1.1415687138094186,2240,4000,1456801971791
Running observer at: 1456801982293
production-topology1-1-1456801002,1.035497716120091,0.9364234500325215,2340,1560,1456801982785
production-topology2-2-1456801009,0.9306181701463359,3.340934905682285,2160,1400,1456801982786
production-topology3-3-1456801016,0.9563449982325911,1.0581941885249215,2340,4260,1456801982786
production-topology4-4-1456801023,0.9637767566635542,1.130456716487802,2320,4060,1456801982786
Running observer at: 1456801993422
production-topology1-1-1456801002,0.8507254294906815,0.9313823900006486,2660,1680,1456801993975
production-topology2-2-1456801009,0.955026364142199,3.2557238863415674,1900,1180,1456801993975
production-topology3-3-1456801016,0.9633321180314323,1.0548062574358683,2420,4200,1456801993975
production-topology4-4-1456801023,0.990779010344088,1.1222403808322896,2180,3880,1456801993975
Running observer at: 1456802004413
production-topology1-1-1456801002,1.142711249450568,0.9431228821923108,2180,1380,1456802004927
production-topology2-2-1456801009,1.1606384662991696,3.1834795615125193,1900,1280,1456802004927
production-topology3-3-1456801016,1.0230560009096594,1.05371142100393,2500,4640,1456802004927
production-topology4-4-1456801023,1.1478528695620915,1.123663296872834,1900,3760,1456802004927
Running observer at: 1456802015513
production-topology1-1-1456801002,0.910298170257091,0.9413952657746676,2420,1500,1456802015994
production-topology2-2-1456801009,0.9271287319466328,3.1082678671936566,2020,1260,1456802015994
production-topology3-3-1456801016,1.0558771993801561,1.0537836136164709,2320,4420,1456802015994
production-topology4-4-1456801023,0.9604398405201778,1.1150725886437467,2540,4340,1456802015994
Running observer at: 1456802026491
production-topology1-1-1456801002,1.047511087209218,0.9467010568463952,2720,1820,1456802027072
production-topology2-2-1456801009,0.9307586999734603,3.106049544370282,1820,1220,1456802027072
production-topology3-3-1456801016,1.0054832408321421,1.053961582475701,2420,4200,1456802027073
production-topology4-4-1456801023,0.941458792330734,1.1063918988280963,2120,3860,1456802027073
Running observer at: 1456802037562
production-topology1-1-1456801002,1.180400083699519,0.9578295819346391,1940,1240,1456802038206
production-topology2-2-1456801009,1.2271573977990444,3.1136214576302503,2100,1340,1456802038206
production-topology3-3-1456801016,0.920674549477746,1.069517714475338,2260,4020,1456802038206
production-topology4-4-1456801023,0.9939601886717271,1.101038007868269,2080,3680,1456802038206
Running observer at: 1456802048775
production-topology1-1-1456801002,0.917412922086865,0.9559924610324675,2740,1720,1456802049252
production-topology2-2-1456801009,0.9816986459219351,3.113011412494315,2020,1280,1456802049252
production-topology3-3-1456801016,1.0183245047633975,1.0367951979674512,2740,4760,1456802049252
production-topology4-4-1456801023,1.0937174343625444,1.1007052545270999,2360,4340,1456802049253
Running observer at: 1456802059711
production-topology1-1-1456801002,1.119240319448912,0.9630901940070956,2460,1620,1456802060386
production-topology2-2-1456801009,0.832298136645963,3.1074213503825137,1740,1040,1456802060386
production-topology3-3-1456801016,1.0371239244309878,1.0046993287818173,2160,4080,1456802060386
production-topology4-4-1456801023,0.9177789147395916,1.0927519354059039,1920,3500,1456802060386
Running observer at: 1456802070881
production-topology1-1-1456801002,0.8036886666316713,0.9564484636997862,2120,1340,1456802071526
production-topology2-2-1456801009,1.0165289256198347,3.1079723145698415,2200,1440,1456802071526
production-topology3-3-1456801016,0.9543526537906162,0.9698444172415045,2380,4240,1456802071526
production-topology4-4-1456801023,1.03923725524966,1.0905221570660604,2320,4140,1456802071526
Running observer at: 1456802081923
production-topology1-1-1456801002,1.0323716042038469,0.9594853893199486,2660,1700,1456802082410
production-topology2-2-1456801009,1.0598143885410773,3.110064542911202,2040,1300,1456802082410
production-topology3-3-1456801016,1.0258993366159737,1.0040026285208261,2640,4820,1456802082410
production-topology4-4-1456801023,0.9549948568303157,1.0851010650566306,2400,4280,1456802082410
Running observer at: 1456802092883
production-topology1-1-1456801002,1.1405694067488767,0.9664501592210613,2480,1620,1456802093477
production-topology2-2-1456801009,1.0667127855825176,1.7292587136892361,1680,1120,1456802093478
production-topology3-3-1456801016,1.046118233293933,1.0059364108592852,2260,4040,1456802093478
production-topology4-4-1456801023,1.0133673461600936,1.0823420758683022,1900,3460,1456802093478
Running observer at: 1456802104007
production-topology1-1-1456801002,0.966305463803995,0.9664448001315402,2060,1360,1456802104495
production-topology2-2-1456801009,0.9158987439501686,1.7232802154084381,2240,1360,1456802104495
production-topology3-3-1456801016,0.9625907266540398,1.0053287899024517,2360,4240,1456802104495
production-topology4-4-1456801023,1.0160825309761479,1.0798880186500743,2300,4140,1456802104495
Running observer at: 1456802115104
production-topology1-1-1456801002,0.9254374557221197,0.9649802521169181,2720,1700,1456802115662
production-topology2-2-1456801009,0.9368773800456969,1.718674520280853,2020,1340,1456802115662
production-topology3-3-1456801016,0.9689381395619673,1.003652082458961,2720,4840,1456802115662
production-topology4-4-1456801023,0.9579944441790423,1.0755346767046805,2220,3960,1456802115662
Running observer at: 1456802126115
production-topology1-1-1456801002,1.1136967168621426,0.97010840607365,2480,1580,1456802126591
production-topology2-2-1456801009,1.0988951460240735,1.7146607728703482,1680,1060,1456802126591
production-topology3-3-1456801016,1.0341857482579533,1.0041133159608977,2240,4100,1456802126591
production-topology4-4-1456801023,1.0783265319067958,1.075630947573719,2080,3880,1456802126591
Running observer at: 1456802137208
production-topology1-1-1456801002,0.8934309959579223,0.9675524924031257,2160,1400,1456802137684
production-topology2-2-1456801009,0.9347720627325892,1.7168144765618607,2280,1380,1456802137684
production-topology3-3-1456801016,0.9769307570048651,1.003560854875141,2420,4260,1456802137684
production-topology4-4-1456801023,1.009492616737196,1.073426336545835,2280,4100,1456802137684
Running observer at: 1456802148287
production-topology1-1-1456801002,1.0695338516646642,0.9697731097005202,2600,1700,1456802148821
production-topology2-2-1456801009,1.1034606652965637,1.7203490917509265,2000,1320,1456802148821
production-topology3-3-1456801016,1.0269763390914868,1.0017225954179947,2340,4240,1456802148821
production-topology4-4-1456801023,0.9729410648528295,1.0725522802256855,2240,3860,1456802148821
Running observer at: 1456802159277
production-topology1-1-1456801002,0.9555944813923424,0.9682929257469316,2100,1400,1456802159856
production-topology2-2-1456801009,0.8275510706485323,1.7161429422638423,1760,1060,1456802159856
production-topology3-3-1456801016,1.0554504720140443,1.0062622170526168,2260,4160,1456802159856
production-topology4-4-1456801023,0.9815230791371821,1.0330474939747025,2000,3640,1456802159856
Running observer at: 1456802170449
production-topology1-1-1456801002,1.0323056379428364,0.9693697803450262,2540,1500,1456802170916
production-topology2-2-1456801009,1.1057716806801574,1.7223534109056318,2120,1400,1456802170916
production-topology3-3-1456801016,0.9447865236940942,1.0062096680058465,2600,4760,1456802170917
production-topology4-4-1456801023,1.0571712921644112,1.001619870380183,2360,4340,1456802170917
Running observer at: 1456802181513
production-topology1-1-1456801002,1.0734817316029381,0.9718191713984575,2660,1800,1456802182146
production-topology2-2-1456801009,0.9628163039676899,1.7247989623457027,2080,1300,1456802182146
production-topology3-3-1456801016,1.0400223233863075,1.0022483449257682,2340,4380,1456802182146
production-topology4-4-1456801023,0.9372630244578108,0.9661953045287766,2180,3840,1456802182146
Running observer at: 1456802192588
production-topology1-1-1456801002,0.8075088747451689,0.9987361338899631,2060,1300,1456802193120
production-topology2-2-1456801009,0.9942164091393468,0.9960347474122524,1720,1160,1456802193120
production-topology3-3-1456801016,1.006575104466771,0.9978246579318034,2300,4040,1456802193120
production-topology4-4-1456801023,1.1004433522515007,0.9362100829371599,2120,3800,1456802193120
Running observer at: 1456802203556
production-topology1-1-1456801002,1.0265504404771186,0.9996913859108117,2540,1580,1456802203994
production-topology2-2-1456801009,1.0733747657097759,1.0085277109830497,2180,1340,1456802203994
production-topology3-3-1456801016,0.9857557536960828,1.0056533468030129,2700,4820,1456802203994
production-topology4-4-1456801023,0.9295876751288641,0.9671963387747887,2400,4280,1456802203994
Running observer at: 1456802214434
production-topology1-1-1456801002,1.1002771773680866,1.0086364689484397,2500,1620,1456802215097
production-topology2-2-1456801009,0.971584506689445,1.0009879992724728,1680,1100,1456802215097
production-topology3-3-1456801016,1.0492267020777573,1.003899810344876,2200,3980,1456802215097
production-topology4-4-1456801023,0.9759274603783046,0.9997272541207322,2000,3440,1456802215097
Running observer at: 1456802225635
production-topology1-1-1456801002,0.9123243797346043,1.007120185926178,2180,1360,1456802226149
production-topology2-2-1456801009,1.0119849820696574,1.0015992117652956,2120,1300,1456802226149
production-topology3-3-1456801016,0.9675272272208708,1.0048089797508954,2440,4320,1456802226149
production-topology4-4-1456801023,1.0796560663007204,1.0045482560660004,2260,4100,1456802226149
Running observer at: 1456802236762
production-topology1-1-1456801002,1.1322349278499506,1.011978608092724,2540,1640,1456802237261
production-topology2-2-1456801009,1.0052285280281041,1.0016417910520563,2140,1400,1456802237261
production-topology3-3-1456801016,1.0031828972512007,1.0032990460807794,2700,4800,1456802237261
production-topology4-4-1456801023,0.972441946626377,1.003195109282264,2360,4360,1456802237261
Running observer at: 1456802247747
production-topology1-1-1456801002,0.8947435477288536,1.002973378092353,2540,1700,1456802248410
production-topology2-2-1456801009,0.9528241058798117,1.0001563239851985,1720,1160,1456802248410
production-topology3-3-1456801016,1.0271088841703988,1.0048000628385438,2200,4100,1456802248410
production-topology4-4-1456801023,0.9959503610594788,1.0045320797138988,1940,3440,1456802248410
Running observer at: 1456802258909
production-topology1-1-1456801002,1.0173828461294925,1.006925605559491,2120,1340,1456802259437
production-topology2-2-1456801009,0.9412087169195152,1.001008031838714,2080,1260,1456802259437
production-topology3-3-1456801016,0.9582486815292773,1.004490437243096,2380,4200,1456802259437
production-topology4-4-1456801023,1.0514991058236762,1.0051482064547423,2320,4140,1456802259437
Running observer at: 1456802270039
production-topology1-1-1456801002,0.940189967088046,1.0008228012954956,2660,1680,1456802270524
production-topology2-2-1456801009,1.0023859994183417,0.999204545970139,2200,1460,1456802270524
production-topology3-3-1456801016,1.0125175457465296,1.005693417868459,2740,4880,1456802270524
production-topology4-4-1456801023,0.9955345879638984,1.0044881418722427,2380,4360,1456802270524
Running observer at: 1456802281112
production-topology1-1-1456801002,1.0350282438490475,1.0094886022244405,2500,1640,1456802281781
production-topology2-2-1456801009,1.14573732718894,1.0020395048670658,1600,1060,1456802281781
production-topology3-3-1456801016,0.9934125490766825,1.0015453928120435,2140,3900,1456802281781
production-topology4-4-1456801023,0.9605158705246764,1.0022670458921632,1940,3440,1456802281781
Running observer at: 1456802292330
production-topology1-1-1456801002,0.9548738261388868,1.0042976289526255,2180,1300,1456802292832
production-topology2-2-1456801009,1.068933350570074,1.0092339824197878,2200,1380,1456802292832
production-topology3-3-1456801016,1.0500190622739645,1.0042190743641324,2380,4320,1456802292832
production-topology4-4-1456801023,0.9958871915393653,1.0014465567033386,2220,4100,1456802292833
Running observer at: 1456802303421
production-topology1-1-1456801002,1.0987526914599495,1.004335997095517,2600,1680,1456802303890
production-topology2-2-1456801009,0.9027669535822554,1.0014889803719635,2160,1360,1456802303890
production-topology3-3-1456801016,1.0058013123692628,1.0025281169767397,2580,4820,1456802303890
production-topology4-4-1456801023,1.0186701135969476,1.0034757193679935,2480,4360,1456802303890
Running observer at: 1456802314475
production-topology1-1-1456801002,0.9471573393631052,1.001391317870284,2440,1520,1456802315104
production-topology2-2-1456801009,0.9289603570261055,1.0014337199346226,1680,1040,1456802315104
production-topology3-3-1456801016,0.9563854569142832,1.0025294655994628,2240,3860,1456802315104
production-topology4-4-1456801023,0.9775758483621246,1.0039356890912792,1880,3520,1456802315104
Running observer at: 1456802325590
production-topology1-1-1456801002,1.0769095747191542,1.0089307893778998,2140,1440,1456802326102
production-topology2-2-1456801009,1.0770324282556372,1.0055005887384039,2060,1440,1456802326102
production-topology3-3-1456801016,0.988748687171793,1.003376684570808,2580,4620,1456802326103
production-topology4-4-1456801023,1.0280849994392443,1.0051792220611175,2440,4120,1456802326103
Running observer at: 1456802336593
production-topology1-1-1456801002,0.9838196158088862,1.0036344015898435,2720,1740,1456802337070
production-topology2-2-1456801009,1.0055403762676112,1.0003306524040185,2140,1320,1456802337070
production-topology3-3-1456801016,0.9846831658799486,1.0020975900698177,2560,4740,1456802337071
production-topology4-4-1456801023,1.0614611962467697,1.0022994996172736,2220,4360,1456802337071
Running observer at: 1456802347545
production-topology1-1-1456801002,0.9665497237058946,1.0055094533714706,2220,1380,1456802348137
production-topology2-2-1456801009,0.9671584800120577,1.0016649773395327,1740,1100,1456802348138
production-topology3-3-1456801016,0.9888826681054463,0.9998644390273275,2060,3520,1456802348138
production-topology4-4-1456801023,0.89509607252615,1.0001213740174728,1900,3160,1456802348138
Running observer at: 1456802358762
production-topology1-1-1456801002,1.0663826157062368,1.006138504321371,2400,1580,1456802359245
production-topology2-2-1456801009,1.058634297647565,1.005927497262003,2160,1380,1456802359245
production-topology3-3-1456801016,0.9839657589646977,0.999147189631746,2640,4820,1456802359246
production-topology4-4-1456801023,1.001815323600609,1.0021332583931353,2380,4420,1456802359246
Running observer at: 1456802369902
production-topology1-1-1456801002,1.0381010421817793,1.0013952029374464,2580,1740,1456802370442
production-topology2-2-1456801009,1.087155194565788,1.0012607571542276,1980,1300,1456802370443
production-topology3-3-1456801016,1.0442316848820365,1.0032657608118891,2580,4760,1456802370443
production-topology4-4-1456801023,1.012608306480487,1.002754862320094,2400,4300,1456802370443
Running observer at: 1456802380894
production-topology1-1-1456801002,0.8239329298152827,0.9982792031950605,2320,1340,1456802381481
production-topology2-2-1456801009,0.7997404019078895,0.9951954823537595,1800,1040,1456802381481
production-topology3-3-1456801016,0.9909445689879044,1.0023530962860392,2020,3560,1456802381481
production-topology4-4-1456801023,1.0386536169811098,1.0009194017407128,1720,3280,1456802381481
Running observer at: 1456802392093
production-topology1-1-1456801002,1.2292258746023668,1.001945388366842,2340,1520,1456802392607
production-topology2-2-1456801009,1.028377496130122,1.0017314610032315,2180,1440,1456802392607
production-topology3-3-1456801016,1.0172246594086474,1.0016897874519612,2620,4760,1456802392607
production-topology4-4-1456801023,1.0658001588699362,1.0058534432117243,2480,4460,1456802392607
Running observer at: 1456802403324
production-topology1-1-1456801002,0.8673994559223587,1.0040690813431985,2680,1600,1456802403811
production-topology2-2-1456801009,0.8227224387893652,0.9952712447755492,2040,1260,1456802403811
production-topology3-3-1456801016,1.0238737512074154,1.0040071573658542,2640,4780,1456802403811
production-topology4-4-1456801023,0.8968827725630177,1.0011082937888365,2480,4160,1456802403811
Running observer at: 1456802414268
production-topology1-1-1456801002,1.1533030194017473,1.0081001285164617,2360,1460,1456802414856
production-topology2-2-1456801009,1.286952435420465,1.002842513004862,1760,1140,1456802414856
production-topology3-3-1456801016,0.9721004701761882,1.0022138618178618,2040,3520,1456802414856
production-topology4-4-1456801023,1.016211674906719,1.0031488543913831,1760,3320,1456802414856
Running observer at: 1456802425476
production-topology1-1-1456801002,0.8864348986475424,0.9996289782464173,2320,1500,1456802425953
production-topology2-2-1456801009,0.9368129197381503,0.9985125174767165,2200,1400,1456802425953
production-topology3-3-1456801016,1.0551391481666934,1.0025145589802869,2600,4900,1456802425953
production-topology4-4-1456801023,1.0156482689786483,1.0032248851520016,2420,4380,1456802425953
Running observer at: 1456802436428
production-topology1-1-1456801002,0.9846620734908137,1.000240865235978,2560,1680,1456802437058
production-topology2-2-1456801009,1.0298827667283512,1.002311984902656,1840,1160,1456802437058
production-topology3-3-1456801016,0.9581977817290085,1.0023681274827856,2300,4040,1456802437058
production-topology4-4-1456801023,1.0110488448792867,1.0030570956154394,1940,3440,1456802437058
Running observer at: 1456802447532
production-topology1-1-1456801002,1.0020007457255904,1.0027929749027604,2380,1600,1456802448135
production-topology2-2-1456801009,1.0917013902756145,1.0074727852436531,1920,1240,1456802448135
production-topology3-3-1456801016,0.9557474394445933,1.0019284374788733,2420,4240,1456802448135
production-topology4-4-1456801023,0.9875498352915286,1.0040422753191889,2280,4140,1456802448135
Running observer at: 1456802458672
production-topology1-1-1456801002,1.0746945490254092,1.001492902641536,2260,1420,1456802459125
production-topology2-2-1456801009,1.0425753553598833,1.0055954588881801,2180,1380,1456802459125
production-topology3-3-1456801016,0.9484988356134978,0.9990722070573915,2640,4640,1456802459125
production-topology4-4-1456801023,1.0031512605042017,1.0015364329391023,2380,4300,1456802459125
Running observer at: 1456802469597
production-topology1-1-1456801002,0.9827201366740292,1.004469207332073,2580,1680,1456802470250
production-topology2-2-1456801009,0.8486265505617945,1.00272394181582,1960,1200,1456802470251
production-topology3-3-1456801016,1.1563913629561167,1.0050542272557665,2140,4220,1456802470251
production-topology4-4-1456801023,0.9482044176696417,0.9994934929701839,1940,3500,1456802470251
Running observer at: 1456802480689
production-topology1-1-1456801002,1.0344435904970726,1.0032995319598197,2080,1260,1456802481184
production-topology2-2-1456801009,1.016536666008845,0.9998264751728964,1860,1260,1456802481184
production-topology3-3-1456801016,0.9704300338470846,1.0031693504142865,2480,4260,1456802481184
production-topology4-4-1456801023,1.0749665178274552,1.0028943414026716,2280,4120,1456802481184
Running observer at: 1456802491809
production-topology1-1-1456801002,0.9425766404026187,1.0028656039268289,2640,1780,1456802492284
production-topology2-2-1456801009,1.0184635555635504,1.0061902246700636,2160,1360,1456802492284
production-topology3-3-1456801016,0.9611375274990268,1.0000255855971192,2680,4860,1456802492284
production-topology4-4-1456801023,0.9673793580651684,1.0024228840336045,2440,4240,1456802492285
Running observer at: 1456802502803
production-topology1-1-1456801002,1.0937031899262943,1.0049121889929442,2540,1600,1456802503572
production-topology2-2-1456801009,0.9074441196904723,0.9995793059704073,1780,1080,1456802503573
production-topology3-3-1456801016,1.0596317525990089,1.0038537598939496,2200,4000,1456802503573
production-topology4-4-1456801023,1.0125033295281582,1.0009339519457294,1920,3560,1456802503573
Running observer at: 1456802514043
production-topology1-1-1456801002,1.0065970064269143,1.0026826981537433,2160,1340,1456802514583
production-topology2-2-1456801009,1.3694518654692514,1.013133824687126,2060,1480,1456802514583
production-topology3-3-1456801016,0.9849324823096939,1.0020174318580628,2380,4260,1456802514583
production-topology4-4-1456801023,1.0225514277538807,1.003776898722265,2280,4040,1456802514583
Running observer at: 1456802525187
production-topology1-1-1456801002,0.8905475071844945,1.0054506525683875,2580,1700,1456802525674
production-topology2-2-1456801009,0.7799289431159706,1.0059909091530135,2260,1300,1456802525674
production-topology3-3-1456801016,0.9613733175337876,1.0005107056269635,2700,4760,1456802525674
production-topology4-4-1456801023,0.9945227650270603,1.0002462124814502,2460,4340,1456802525674
Running observer at: 1456802536193
production-topology1-1-1456801002,1.1043443631659973,1.0080437833246836,2600,1640,1456802536704
production-topology2-2-1456801009,0.9875264311211915,1.0031292980000608,1640,1100,1456802536704
production-topology3-3-1456801016,0.9433279245518842,0.9990964446554901,2180,4040,1456802536704
production-topology4-4-1456801023,0.9733697571647065,1.0017056152159782,1880,3500,1456802536705
Running observer at: 1456802547336
production-topology1-1-1456801002,0.9653869421374628,1.0035474421503294,2080,1340,1456802547877
production-topology2-2-1456801009,1.0582289281872863,1.0060174453833222,2040,1360,1456802547877
production-topology3-3-1456801016,1.0212789653807548,0.9981648534322567,2520,4260,1456802547877
production-topology4-4-1456801023,0.9858984340184712,1.002037981003984,2320,4160,1456802547877
Running observer at: 1456802558474
production-topology1-1-1456801002,0.9866927704006355,1.0060263885058638,2640,1720,1456802558963
production-topology2-2-1456801009,1.0071309116305964,1.0058556430353536,2200,1320,1456802558963
production-topology3-3-1456801016,0.9832935955447266,0.9986903990430519,2600,4780,1456802558963
production-topology4-4-1456801023,1.01480290058123,0.999876208813334,2400,4320,1456802558963
Running observer at: 1456802569534
production-topology1-1-1456801002,1.1382513979496742,1.006226937509188,2400,1520,1456802570032
production-topology2-2-1456801009,0.979000619798586,1.004981379427703,1700,1140,1456802570033
production-topology3-3-1456801016,1.0740715180319689,1.0010533530690775,2180,4060,1456802570033
production-topology4-4-1456801023,1.052734375,1.0025526230924549,1920,3480,1456802570033
Running observer at: 1456802580674
production-topology1-1-1456801002,0.9407508220724108,1.0077605133206398,2220,1420,1456802581228
production-topology2-2-1456801009,1.083986503029932,1.0093534593327071,2060,1300,1456802581228
production-topology3-3-1456801016,0.9686176698654105,0.9991036459255779,2420,4280,1456802581228
production-topology4-4-1456801023,0.922402457548346,1.0001010263087506,2320,4080,1456802581228
Running observer at: 1456802591879
production-topology1-1-1456801002,0.9724751992193853,1.0062635917569696,2640,1700,1456802592368
production-topology2-2-1456801009,1.0412257443863067,1.0126873602482667,2160,1400,1456802592368
production-topology3-3-1456801016,1.0045294197312444,1.0006463371989769,2620,4820,1456802592368
production-topology4-4-1456801023,0.9913746886133661,0.998096879068407,2440,4280,1456802592368
Running observer at: 1456802602918
production-topology1-1-1456801002,1.01709544988026,1.0088271078500433,2400,1520,1456802603452
production-topology2-2-1456801009,0.9727580327122659,1.0116997613580643,1820,1120,1456802603452
production-topology3-3-1456801016,1.0615597755784671,1.0022810781933746,2240,4120,1456802603452
production-topology4-4-1456801023,1.0914871858244646,1.0012952989970925,1900,3460,1456802603452
Running observer at: 1456802614106
production-topology1-1-1456801002,1.0738423499945675,1.0101209113882272,2240,1500,1456802614611
production-topology2-2-1456801009,0.8738391256199144,1.00263648797243,2000,1280,1456802614611
production-topology3-3-1456801016,0.9587300581122564,1.0011249951612269,2460,4160,1456802614611
production-topology4-4-1456801023,1.0079753272274048,1.0028772808871838,2240,4160,1456802614611
Running observer at: 1456802625205
production-topology1-1-1456801002,1.0565504228167601,1.0135101312774897,2640,1680,1456802625676
production-topology2-2-1456801009,1.2280341076940002,1.0079398465432277,2080,1400,1456802625676
production-topology3-3-1456801016,1.0069338427933978,0.9996888211785414,2580,4900,1456802625676
production-topology4-4-1456801023,0.9937108688981595,1.0028047367991433,2440,4280,1456802625676
Running observer at: 1456802636206
production-topology1-1-1456801002,0.9059572006940427,1.0070836149186262,2300,1460,1456802636744
production-topology2-2-1456801009,1.002513965471035,1.0112647469395202,1680,1060,1456802636744
production-topology3-3-1456801016,1.0104869058334405,0.9998450076273474,2000,3480,1456802636745
production-topology4-4-1456801023,0.9728807664624679,1.0012784252279938,1800,3220,1456802636745
Running observer at: 1456802647421
production-topology1-1-1456801002,1.001119120502946,1.0088823409566208,2420,1580,1456802647921
production-topology2-2-1456801009,0.9103174698146398,1.0106433173658047,2160,1360,1456802647921
production-topology3-3-1456801016,0.986629961836921,1.0008531577914352,2680,4880,1456802647921
production-topology4-4-1456801023,1.0607835033953714,1.004052013729102,2340,4360,1456802647921
Running observer at: 1456802658510
production-topology1-1-1456801002,0.9801221861870879,1.0056560946722186,2540,1580,1456802658990
production-topology2-2-1456801009,1.0248251512881394,1.0089030748002215,2020,1360,1456802658990
production-topology3-3-1456801016,0.9678351108691112,1.000156038581346,2680,4660,1456802658990
production-topology4-4-1456801023,1.0004514561733546,1.0031308956202392,2440,4380,1456802658990
Running observer at: 1456802669468
production-topology1-1-1456801002,1.0992943458192959,1.0095052523392323,2400,1480,1456802670101
production-topology2-2-1456801009,0.8998124355093756,1.0053788101082803,1720,1140,1456802670102
production-topology3-3-1456801016,1.0577722306178585,1.002592340739276,1880,3600,1456802670102
production-topology4-4-1456801023,0.9400563205097157,0.9990840664290039,1880,3160,1456802670102
Running observer at: 1456802680558
production-topology1-1-1456801002,0.907042486636272,1.007521677770245,2340,1500,1456802681053
production-topology2-2-1456801009,1.1617158218336614,1.011864054835667,2240,1400,1456802681054
production-topology3-3-1456801016,1.05657337833919,1.0048486977470676,2660,4880,1456802681054
production-topology4-4-1456801023,1.0695778210813751,1.0049001247141782,2340,4380,1456802681054
Running observer at: 1456802691511
production-topology1-1-1456801002,0.9828219598570374,1.0047363225752717,2520,1620,1456802692131
production-topology2-2-1456801009,0.9385538170132509,1.0078613721478566,2080,1340,1456802692131
production-topology3-3-1456801016,0.9307949671727951,1.0030763380206706,2300,3940,1456802692131
production-topology4-4-1456801023,0.9488543599257884,1.0031347592583506,2000,3420,1456802692131
Running observer at: 1456802702607
production-topology1-1-1456801002,0.9712640040508894,1.0025084213042421,2440,1540,1456802703259
production-topology2-2-1456801009,0.9713679571021433,1.0040017975657352,1620,1100,1456802703259
production-topology3-3-1456801016,1.010490567239462,1.0019516340992516,2320,4340,1456802703259
production-topology4-4-1456801023,1.0284807459778944,1.003663840574931,2220,4140,1456802703259
Running observer at: 1456802713722
production-topology1-1-1456801002,0.996573153572381,1.0082630954294787,2360,1600,1456802714216
production-topology2-2-1456801009,1.0536372510000116,1.0124650258688057,2220,1400,1456802714216
production-topology3-3-1456801016,1.0599393275798814,1.0042514593856506,2620,4740,1456802714216
production-topology4-4-1456801023,0.9326338881638583,1.000129849614356,2520,4280,1456802714216
Running observer at: 1456802724733
production-topology1-1-1456801002,1.1769907780104394,1.006521925543081,2540,1580,1456802725401
production-topology2-2-1456801009,1.088707893413776,1.0144760391115943,2040,1320,1456802725401
production-topology3-3-1456801016,0.9224960626860537,1.0010938394948978,2240,4080,1456802725402
production-topology4-4-1456801023,1.0418430489708603,0.9993312792843868,1920,3480,1456802725402
Running observer at: 1456802735931
production-topology1-1-1456801002,0.9370093075890149,1.0088422539319695,2380,1480,1456802736471
production-topology2-2-1456801009,0.8957200545734686,1.0169092929710644,1720,1140,1456802736471
production-topology3-3-1456801016,0.9358680052679312,0.9981603146302482,2400,4240,1456802736471
production-topology4-4-1456801023,1.0141726958050294,1.0032409433924538,2300,4240,1456802736471
Running observer at: 1456802746997
production-topology1-1-1456801002,0.9963355304456996,1.0036100043001013,2360,1560,1456802747481
production-topology2-2-1456801009,0.9465825580753384,1.0055636303928934,2200,1340,1456802747481
production-topology3-3-1456801016,1.0825170538262208,1.0018408674185826,2620,4760,1456802747481
production-topology4-4-1456801023,0.9358684656605424,1.0005628364175814,2400,4300,1456802747481
Running observer at: 1456802757993
production-topology1-1-1456801002,0.9423886831723729,1.005475130450929,2560,1540,1456802758489
production-topology2-2-1456801009,1.1127422058467011,1.0114279399298451,2100,1320,1456802758489
production-topology3-3-1456801016,1.0540455120101138,1.00180441288003,2240,4120,1456802758489
production-topology4-4-1456801023,1.0619324867403517,1.0021056436763047,1920,3480,1456802758489
Running observer at: 1456802769102
production-topology1-1-1456801002,1.049019564086519,1.0076203801374524,2300,1540,1456802769714
production-topology2-2-1456801009,0.9103644499019841,1.0074439960356327,1680,1120,1456802769715
production-topology3-3-1456801016,0.9790947677556764,1.002500979080919,2440,4300,1456802769715
production-topology4-4-1456801023,1.0523377498160764,1.003481940507531,2300,4080,1456802769715
Running observer at: 1456802780288
production-topology1-1-1456801002,1.0499523914158062,1.0092187683271263,2420,1520,1456802780785
production-topology2-2-1456801009,1.1252360152645364,1.008561816868597,2160,1380,1456802780785
production-topology3-3-1456801016,0.9531902570551776,1.0024157396679383,2660,4820,1456802780785
production-topology4-4-1456801023,0.9482898971809289,1.0021732759038442,2380,4340,1456802780785
Running observer at: 1456802791269
production-topology1-1-1456801002,0.9013604621171644,1.0034409654301848,2500,1580,1456802791725
production-topology2-2-1456801009,0.8811462064474113,1.0031808452381812,2080,1320,1456802791725
production-topology3-3-1456801016,1.0507147895540752,1.0058229381326242,2240,4000,1456802791726
production-topology4-4-1456801023,1.0122302766648983,1.0024759097758673,1920,3480,1456802791726
Running observer at: 1456802802387
production-topology1-1-1456801002,1.04166226662161,1.0054057030951042,2280,1460,1456802802911
production-topology2-2-1456801009,1.0055578297370429,1.0084118878773562,1720,1140,1456802802911
production-topology3-3-1456801016,1.0266659910326612,1.0014987590685092,2380,4280,1456802802911
production-topology4-4-1456801023,0.9915393960753931,1.0039204090560594,2300,4140,1456802802911
Running observer at: 1456802813599
production-topology1-1-1456801002,0.9654493159365862,1.003105893943088,2480,1600,1456802814104
production-topology2-2-1456801009,0.9619230495697321,1.0065914339960524,2200,1380,1456802814104
production-topology3-3-1456801016,0.9885580692434264,1.0021030269150542,2660,4780,1456802814104
production-topology4-4-1456801023,1.0864108757553321,1.0043018876536551,2400,4320,1456802814104
Running observer at: 1456802824673
production-topology1-1-1456801002,1.148853765150288,1.0099817981013437,2540,1620,1456802825151
production-topology2-2-1456801009,1.0391881342701015,1.0072822532862709,2100,1260,1456802825151
production-topology3-3-1456801016,1.0157099015595847,1.0039221060504058,2220,4080,1456802825151
production-topology4-4-1456801023,0.964635444174665,1.004210423857305,1920,3500,1456802825151
Running observer at: 1456802835772
production-topology1-1-1456801002,1.0438274341625169,1.0083192729092179,2080,1320,1456802836143
production-topology2-2-1456801009,1.2129825633220617,1.0174668680739904,1740,1160,1456802836143
production-topology3-3-1456801016,0.9998477808200029,1.0019293069911055,2400,4360,1456802836143
production-topology4-4-1456801023,0.9890490832559033,1.00342861564823,2300,4100,1456802836143
Running observer at: 1456802846606
production-topology1-1-1456801002,1.8000000000000003,1.0347660393616538,40,60,1456802847147
production-topology2-2-1456801009,0.7454716716946068,0.9966675282815023,1320,900,1456802847148
production-topology3-3-1456801016,0.9884620551118997,1.0020469594178458,2240,3940,1456802847148
production-topology4-4-1456801023,1.0041662063807981,1.002815774935794,1920,3500,1456802847148
