Running observer at: 1456596945960
production-topology1-1-1456596945,0.0,0.0,0,0,1456596946446
Running observer at: 1456596947988
production-topology1-1-1456596945,0.0,0.0,0,0,1456596948320
Running observer at: 1456596952859
production-topology2-2-1456596952,0.0,0.0,0,0,1456596953236
production-topology1-1-1456596945,0.0,0.0,0,0,1456596953236
Running observer at: 1456596958754
production-topology2-2-1456596952,0.0,0.0,0,0,1456596959177
production-topology1-1-1456596945,0.0,0.0,160,0,1456596959177
Running observer at: 1456596959920
production-topology3-3-1456596959,0.0,0.0,0,0,1456596960343
production-topology2-2-1456596952,0.0,0.0,0,0,1456596960343
production-topology1-1-1456596945,0.0,0.0,80,0,1456596960343
Running observer at: 1456596967051
production-topology4-4-1456596966,0.0,0.0,0,0,1456596967643
production-topology3-3-1456596959,0.0,0.0,0,0,1456596967643
production-topology2-2-1456596952,0.0,0.0,160,0,1456596967643
production-topology1-1-1456596945,0.18258807588075882,0.030431345980126468,820,0,1456596967644
Running observer at: 1456596969668
production-topology4-4-1456596966,0.0,0.0,0,0,1456596970310
production-topology3-3-1456596959,0.0,0.0,0,0,1456596970310
production-topology2-2-1456596952,0.0,0.0,240,0,1456596970310
production-topology1-1-1456596945,1.5859258037116477,0.25264483994177234,540,0,1456596970310
Running observer at: 1456596980986
production-topology4-4-1456596966,0.0,0.0,80,0,1456596981604
production-topology3-3-1456596959,0.4969576719576719,0.12423941798941797,600,0,1456596981604
production-topology2-2-1456596952,1.035166940339354,0.17252782338989234,1680,0,1456596981604
production-topology1-1-1456596945,1.2473048229361932,0.37697733781607495,2260,0,1456596981605
Running observer at: 1456596992192
production-topology4-4-1456596966,0.9269957234497506,0.23174893086243764,1160,0,1456596992818
production-topology3-3-1456596959,1.1163491422859637,0.3226613628487271,1880,0,1456596992818
production-topology2-2-1456596952,1.1155232145340168,0.30724145069619585,2260,0,1456596992819
production-topology1-1-1456596945,0.8941530181998674,0.43444130230316297,2340,0,1456596992819
Running observer at: 1456597003571
production-topology4-4-1456596966,1.0833011742653946,0.40205937954302906,2040,0,1456597004254
production-topology3-3-1456596959,1.0211695920087895,0.4390794010420708,2300,0,1456597004254
production-topology2-2-1456596952,1.057093139608452,0.40097291181022787,2100,0,1456597004255
production-topology1-1-1456596945,1.1274936169585892,0.5037465337687056,2020,0,1456597004255
Running observer at: 1456597014887
production-topology4-4-1456596966,1.0530647942340674,0.5105602819915355,2320,0,1456597015349
production-topology3-3-1456596959,1.000790658422243,0.5193238663820955,2360,0,1456597015350
production-topology2-2-1456596952,0.946467637733972,0.4615834369128662,2460,0,1456597015350
production-topology1-1-1456596945,1.1425825188455059,0.5618225324120512,2280,0,1456597015350
Running observer at: 1456597025948
production-topology4-4-1456596966,0.8695175499020218,0.5618398916930335,2420,0,1456597026450
production-topology3-3-1456596959,0.9826155267186776,0.5772353239241682,2020,0,1456597026450
production-topology2-2-1456596952,1.1284893221773262,0.5282740254393122,2100,0,1456597026451
production-topology1-1-1456596945,0.7871719874634475,0.5806016536663342,2420,0,1456597026451
Running observer at: 1456597037134
production-topology4-4-1456596966,1.1098155863310732,0.6303368535227885,2200,0,1456597037799
production-topology3-3-1456596959,1.0519032168481108,0.6299762009157175,2220,0,1456597037800
production-topology2-2-1456596952,0.8657515725653656,0.5589538024507715,2100,0,1456597037800
production-topology1-1-1456596945,1.0731336805555558,0.6184887326578128,2180,0,1456597037800
Running observer at: 1456597048362
production-topology4-4-1456596966,0.9927675705390637,0.6706069331912635,2040,0,1456597048970
production-topology3-3-1456596959,0.9565761320166737,0.662636194025813,2440,0,1456597048970
production-topology2-2-1456596952,1.0234535034608554,0.5976621108682786,2400,0,1456597048971
production-topology1-1-1456596945,1.0740905649628583,0.6510317206796018,2060,0,1456597048971
Running observer at: 1456597059545
production-topology4-4-1456596966,1.0031923361776474,0.7038654734899019,2340,0,1456597060259
production-topology3-3-1456596959,1.0118528566185228,0.694383163352423,1940,0,1456597060259
production-topology2-2-1456596952,0.9988966559047421,0.6285263066403142,2120,0,1456597060260
production-topology1-1-1456596945,0.998069508010041,0.6741675731682977,2400,0,1456597060260
Running observer at: 1456597070866
production-topology4-4-1456596966,1.0193545637209958,0.7325462998745468,2360,0,1456597071416
production-topology3-3-1456596959,1.0168608377567772,0.7212563028861192,2480,0,1456597071417
production-topology2-2-1456596952,0.9942498355263156,0.6546494158464571,2400,0,1456597071417
production-topology1-1-1456596945,0.8712662472182713,0.686486240296421,2180,0,1456597071417
Running observer at: 1456597081941
production-topology4-4-1456596966,0.9949333636225959,0.7544118885202176,1900,0,1456597082600
production-topology3-3-1456596959,0.95532643209571,0.7392616974407031,2240,0,1456597082600
production-topology2-2-1456596952,0.9387086868335776,0.6735867005789318,2100,0,1456597082600
production-topology1-1-1456596945,1.2887720107650904,0.7219148150298721,2100,0,1456597082601
Running observer at: 1456597093233
production-topology4-4-1456596966,1.0490419183419215,0.7770757369680409,2340,0,1456597093810
production-topology3-3-1456596959,1.0343873244892916,0.7603420993727451,1900,0,1456597093810
production-topology2-2-1456596952,0.9242110304780297,0.6892507211976254,2140,0,1456597093810
production-topology1-1-1456596945,0.9349499497747633,0.7337501002934772,2320,0,1456597093811
Running observer at: 1456597104284
production-topology4-4-1456596966,0.9813043802663484,0.7916634972036343,2320,0,1456597104879
production-topology3-3-1456596959,1.0495551230446722,0.7796229676175402,2420,0,1456597104879
production-topology2-2-1456596952,1.0131419328331384,0.7083031454114791,2440,0,1456597104880
production-topology1-1-1456596945,0.9708409541228473,0.7462285662844966,2160,0,1456597104880
Running observer at: 1456597115416
production-topology4-4-1456596966,0.9615824866771838,0.8029914298352042,1980,0,1456597116011
production-topology3-3-1456596959,0.9621210448092714,0.7910290974420234,2320,0,1456597116011
production-topology2-2-1456596952,1.1637570978513085,0.7336061427692474,2000,0,1456597116011
production-topology1-1-1456596945,0.9269287670022966,0.7552635763203867,2220,0,1456597116012
Running observer at: 1456597126607
production-topology4-4-1456596966,0.9865294254101322,0.8144625545586373,2420,0,1456597127203
production-topology3-3-1456596959,1.0596401549896322,0.8068297478860004,1920,0,1456597127204
production-topology2-2-1456596952,0.8845430251680252,0.7415501892112882,2160,0,1456597127204
production-topology1-1-1456596945,0.9755178020217253,0.7657518727823551,2220,0,1456597127204
Running observer at: 1456597137738
production-topology4-4-1456596966,0.9698506864461175,0.8236030329049596,2300,0,1456597138309
production-topology3-3-1456596959,0.9502768227579692,0.814799029823332,2380,0,1456597138309
production-topology2-2-1456596952,1.1803727045489754,0.7634913149781727,2380,0,1456597138310
production-topology1-1-1456596945,1.0527065324200005,0.778795266402248,2240,0,1456597138310
Running observer at: 1456597148794
production-topology4-4-1456596966,0.9826518937771116,0.8324390807311902,1920,0,1456597149410
production-topology3-3-1456596959,1.0075389198073508,0.8249432345593329,2340,0,1456597149410
production-topology2-2-1456596952,0.8849557992151997,0.7692753380370787,2140,0,1456597149410
production-topology1-1-1456596945,1.164928437522395,0.7955836651466023,2080,0,1456597149411
Running observer at: 1456597160152
production-topology4-4-1456596966,1.02413530881502,0.8425283558934971,2480,0,1456597160732
production-topology3-3-1456596959,1.032528329234216,0.8353224892930772,1900,0,1456597160732
production-topology2-2-1456596952,1.041916391635815,0.7816681132006577,2100,0,1456597160733
production-topology1-1-1456596945,0.9223463162399779,0.800865442275493,2340,0,1456597160733
Running observer at: 1456597171215
production-topology4-4-1456596966,0.9820645262061836,0.8495051644091314,2180,0,1456597171721
production-topology3-3-1456596959,0.9105241623658331,0.8389035213441607,2500,0,1456597171721
production-topology2-2-1456596952,0.9208083433293348,0.7877176884236436,2460,0,1456597171721
production-topology1-1-1456596945,1.0160412266621612,0.8094724736509596,2280,0,1456597171722
Running observer at: 1456597182257
production-topology4-4-1456596966,1.0532108755838572,0.8592054363698326,1940,0,1456597182858
production-topology3-3-1456596959,1.0925245871482434,0.8504317516079827,2200,0,1456597182859
production-topology2-2-1456596952,1.0037462701663884,0.7967188793295913,2080,0,1456597182859
production-topology1-1-1456596945,1.0193543059310322,0.8175448518155778,2040,0,1456597182859
Running observer at: 1456597193501
production-topology4-4-1456596966,0.9979446999398256,0.865511766532105,2380,0,1456597194063
production-topology3-3-1456596959,1.033949708180637,0.8584107931980981,1920,0,1456597194063
production-topology2-2-1456596952,1.0723871080443708,0.8077456084781826,2140,0,1456597194063
production-topology1-1-1456596945,0.901872223801103,0.8206680878150416,2320,0,1456597194063
Running observer at: 1456597204569
production-topology4-4-1456596966,0.9894258270602359,0.8708993343811542,2340,0,1456597205111
production-topology3-3-1456596959,1.0752174147896074,0.8674444024310777,2380,0,1456597205111
production-topology2-2-1456596952,1.019738167955804,0.8158991684580911,2340,0,1456597205112
production-topology1-1-1456596945,0.8900450529741148,0.8231458365707229,2300,0,1456597205112
Running observer at: 1456597215608
production-topology4-4-1456596966,0.9985868889656193,0.8762196491555069,1900,0,1456597216243
production-topology3-3-1456596959,0.9374917359364338,0.8702462957712919,2280,0,1456597216244
production-topology2-2-1456596952,0.8710250658170257,0.8179408683602738,2120,0,1456597216244
production-topology1-1-1456596945,1.1308164718133893,0.8337551688204701,2060,0,1456597216244
Running observer at: 1456597226806
production-topology4-4-1456596966,0.9587927362800575,0.8795225726404888,2440,0,1456597227386
production-topology3-3-1456596959,1.0238669997415797,0.8761547843855337,1960,0,1456597227386
production-topology2-2-1456596952,1.1090635503578365,0.8283381070030439,2140,0,1456597227386
production-topology1-1-1456596945,1.1353543229566625,0.8438084739583431,2220,0,1456597227386
Running observer at: 1456597237872
production-topology4-4-1456596966,1.031087039357986,0.8853519752065464,2280,0,1456597238371
production-topology3-3-1456596959,0.9116103390549686,0.8774679530769942,2500,0,1456597238371
production-topology2-2-1456596952,0.9636847717801571,0.8330052333746685,2420,0,1456597238371
production-topology1-1-1456596945,0.9503148976712888,0.8754856372140527,2280,0,1456597238372
Running observer at: 1456597248953
production-topology4-4-1456596966,0.9603089340387131,0.888128158866997,1960,0,1456597249535
production-topology3-3-1456596959,1.0820638569104715,0.8847749496424756,2220,0,1456597249535
production-topology2-2-1456596952,1.0115259740259739,0.838955924729712,2080,0,1456597249535
production-topology1-1-1456596945,0.8284681188817357,0.9031012411767773,2040,0,1456597249536
Running observer at: 1456597260140
production-topology4-4-1456596966,1.0574960030763152,0.8941770104459013,2300,0,1456597260774
production-topology3-3-1456596959,0.9415475310136382,0.8867326248621707,1900,0,1456597260774
production-topology2-2-1456596952,0.9344600674701316,0.8701045936453831,2300,0,1456597260775
production-topology1-1-1456596945,1.0605077344977234,0.938451498993368,2300,0,1456597260775
Running observer at: 1456597271270
production-topology4-4-1456596966,0.9560190239974029,0.8963094936718151,2380,0,1456597271794
production-topology3-3-1456596959,1.0405811258884294,0.8918609082297128,2380,0,1456597271794
production-topology2-2-1456596952,1.0453288311052462,0.9049488880155578,2180,0,1456597271794
production-topology1-1-1456596945,0.979838326507484,0.9711127765436174,2320,0,1456597271795
Running observer at: 1456597282204
production-topology4-4-1456596966,1.0071525686237686,0.9000042628368803,1920,0,1456597282797
production-topology3-3-1456596959,1.0195214198587017,0.9258449555583361,2300,0,1456597282797
production-topology2-2-1456596952,0.8918525109121033,0.9346773050459612,2080,0,1456597282798
production-topology1-1-1456596945,1.0694181826360436,1.006760049298152,2040,0,1456597282798
Running observer at: 1456597293413
production-topology4-4-1456596966,1.0840800463012576,0.9361402643802555,2380,0,1456597294012
production-topology3-3-1456596959,0.9703370749514506,0.9581895247233845,1940,0,1456597294012
production-topology2-2-1456596952,1.1403114491794204,0.9726876866852753,2300,0,1456597294013
production-topology1-1-1456596945,1.0446886446886448,1.0354967349250819,2240,0,1456597294013
Running observer at: 1456597304519
production-topology4-4-1456596966,0.9893421052631579,0.9691183345556941,2280,0,1456597305042
production-topology3-3-1456596959,0.9883037763978433,0.991132983936646,2420,0,1456597305042
production-topology2-2-1456596952,0.9812355882213776,1.005395539625988,2300,0,1456597305043
production-topology1-1-1456596945,1.0123363033068737,1.0163770849115894,2320,0,1456597305043
Running observer at: 1456597315584
production-topology4-4-1456596966,1.0253545556575858,1.0032968197442804,1980,0,1456597316166
production-topology3-3-1456596959,1.0337106717687077,1.0090247505970138,2240,0,1456597316166
production-topology2-2-1456596952,0.8787521269421733,1.0001817125127486,2080,0,1456597316167
production-topology1-1-1456596945,0.8935961557320782,1.0045867960047856,2040,0,1456597316167
Running observer at: 1456597326726
production-topology4-4-1456596966,0.9273077317123147,1.003307220019699,2400,0,1456597327298
production-topology3-3-1456596959,0.9585482466947604,1.0037647207439737,1920,0,1456597327299
production-topology2-2-1456596952,1.105390801800383,0.9998439654216276,2240,0,1456597327299
production-topology1-1-1456596945,1.1166304622258836,1.0120027108056526,2340,0,1456597327299
Running observer at: 1456597337821
production-topology4-4-1456596966,1.0027077222616225,1.0006207716195734,2300,0,1456597338328
production-topology3-3-1456596959,1.063377117886462,1.0051716382732294,2460,0,1456597338328
production-topology2-2-1456596952,0.9599358527806803,0.9966053891940352,2320,0,1456597338328
production-topology1-1-1456596945,0.9507048377279007,1.0061097514979631,2240,0,1456597338329
Running observer at: 1456597348859
production-topology4-4-1456596966,1.1000446694460986,1.0021867674599745,1840,0,1456597349456
production-topology3-3-1456596959,0.8886348719639636,1.0014331120579534,2340,0,1456597349456
production-topology2-2-1456596952,1.0991823501762543,1.0016958796087778,1980,0,1456597349456
production-topology1-1-1456596945,0.9587452681098163,0.9999818431401067,2080,0,1456597349456
Running observer at: 1456597360102
production-topology4-4-1456596966,0.970083894597408,1.0055389789498208,2460,0,1456597360669
production-topology3-3-1456596959,1.1427909674278607,1.0067722934149261,1860,0,1456597360669
production-topology2-2-1456596952,0.9631410032398233,0.9961842689775278,2300,0,1456597360669
production-topology1-1-1456596945,1.1127968740213636,1.0108360060253705,2240,0,1456597360669
Running observer at: 1456597371165
production-topology4-4-1456596966,0.9948001059669684,1.0017051296043507,2280,0,1456597371659
production-topology3-3-1456596959,0.951434426229508,1.0034233337276395,2440,0,1456597371659
production-topology2-2-1456596952,1.0363659726088925,1.0018714156456452,2300,0,1456597371659
production-topology1-1-1456596945,1.0227726548593472,1.0091573051688303,2220,0,1456597371659
Running observer at: 1456597382191
production-topology4-4-1456596966,0.9578994960699254,1.0005428604553794,1980,0,1456597382777
production-topology3-3-1456596959,1.0160633779553807,1.0054062419255962,2240,0,1456597382778
production-topology2-2-1456596952,0.9063279794040123,0.9979672315104171,2020,0,1456597382778
production-topology1-1-1456596945,1.0505974405650076,1.0083742010222354,2120,0,1456597382778
Running observer at: 1456597393314
production-topology4-4-1456596966,0.9816386152033474,0.9998244030895694,2380,0,1456597393926
production-topology3-3-1456596959,0.9748862025655307,1.00417402012383,1920,0,1456597393926
production-topology2-2-1456596952,1.0031159861668335,0.9981078758524867,2360,0,1456597393927
production-topology1-1-1456596945,0.8641697451987302,1.0039108755951915,2280,0,1456597393927
Running observer at: 1456597404449
production-topology4-4-1456596966,1.0294983226307228,1.0001625283865603,2220,0,1456597404926
production-topology3-3-1456596959,1.0688464626489687,1.005906874286903,2360,0,1456597404926
production-topology2-2-1456596952,1.1012438998908207,1.001674344664637,2120,0,1456597404927
production-topology1-1-1456596945,1.0075446634359695,1.0084534894691148,2360,0,1456597404927
Running observer at: 1456597415462
production-topology4-4-1456596966,1.044603309219672,1.001818193239796,1920,0,1456597416074
production-topology3-3-1456596959,0.9530977655559701,1.005832585402245,2400,0,1456597416075
production-topology2-2-1456596952,1.0180287890964084,1.004318348073398,2160,0,1456597416075
production-topology1-1-1456596945,1.1315755146943263,1.003213606266756,2000,0,1456597416075
Running observer at: 1456597426525
production-topology4-4-1456596966,0.9689534094459118,0.9991485762765957,2420,0,1456597427171
production-topology3-3-1456596959,1.0578167355711217,1.0066135657716395,1900,0,1456597427171
production-topology2-2-1456596952,0.9512995451591943,1.0052212985627702,2240,0,1456597427171
production-topology1-1-1456596945,0.9949048769475115,1.005212103839181,2280,0,1456597427171
Running observer at: 1456597437701
production-topology4-4-1456596966,1.039705209747038,1.0010952705926186,2140,0,1456597438219
production-topology3-3-1456596959,0.9935482815713632,1.0047466710558626,2240,0,1456597438219
production-topology2-2-1456596952,1.010388285775549,1.0051295103275173,1980,0,1456597438220
production-topology1-1-1456596945,0.8831578450937757,1.002289333538212,2280,0,1456597438220
Running observer at: 1456597448749
production-topology4-4-1456596966,0.8963908847854449,0.9989222171962273,2120,0,1456597449244
production-topology3-3-1456596959,0.8762390870728426,1.0018839391313148,2540,0,1456597449245
production-topology2-2-1456596952,0.9928592600576649,0.9994329157343957,2360,0,1456597449245
production-topology1-1-1456596945,1.1652291760476712,1.0102326805063913,1980,0,1456597449245
Running observer at: 1456597459888
production-topology4-4-1456596966,1.0692823648778402,1.0016806485118175,2420,0,1456597460375
production-topology3-3-1456596959,1.128601283336964,1.0041826434095593,1860,0,1456597460375
production-topology2-2-1456596952,1.0841872606319065,1.0060877235831918,2280,0,1456597460375
production-topology1-1-1456596945,0.968848150904775,1.0100103588024927,2300,0,1456597460375
Running observer at: 1456597470954
production-topology4-4-1456596966,0.938251022261924,1.0006273263723444,2200,0,1456597471526
production-topology3-3-1456596959,0.981189967916787,1.00521308158152,2380,0,1456597471526
production-topology2-2-1456596952,0.9891094568513924,0.9997122819932723,2080,0,1456597471526
production-topology1-1-1456596945,1.003470865417768,1.0083691699024184,2260,0,1456597471526
Running observer at: 1456597481987
production-topology4-4-1456596966,1.0110728757977212,1.001574692439698,1980,0,1456597482472
production-topology3-3-1456596959,0.996607208527298,1.004848691205518,2280,0,1456597482472
production-topology2-2-1456596952,0.9796014326496997,1.0028671364410888,2260,0,1456597482472
production-topology1-1-1456596945,1.124546796922848,1.007023115215767,2100,0,1456597482472
Running observer at: 1456597493029
production-topology4-4-1456596966,1.0327554389256601,1.001862030110053,2300,0,1456597493566
production-topology3-3-1456596959,1.080534204928727,1.0064488870620019,2020,0,1456597493566
production-topology2-2-1456596952,0.9509678948648896,0.999835519882058,2140,0,1456597493567
production-topology1-1-1456596945,0.9231306089617213,1.0070492583064916,2280,0,1456597493567
Running observer at: 1456597504153
production-topology4-4-1456596966,0.9829401457552718,1.0018912174283556,2340,0,1456597504744
production-topology3-3-1456596959,0.9289354084296124,1.007062595264128,2300,0,1456597504744
production-topology2-2-1456596952,0.997665809428152,1.002397435418685,2180,0,1456597504744
production-topology1-1-1456596945,1.1014834363176371,1.0098973319616742,2160,0,1456597504744
Running observer at: 1456597515211
production-topology4-4-1456596966,0.9823802657570715,0.9995301971007962,1980,0,1456597515763
production-topology3-3-1456596959,1.0669800867899952,1.006211111918853,2300,0,1456597515764
production-topology2-2-1456596952,0.9458983170323377,1.000469170314217,2340,0,1456597515764
production-topology1-1-1456596945,1.0197902409793422,1.0099118631299513,2180,0,1456597515764
Running observer at: 1456597526382
production-topology4-4-1456596966,1.061245870117952,1.0016402361067338,2320,0,1456597526910
production-topology3-3-1456596959,0.9567176030205312,1.003636708413516,2020,0,1456597526910
production-topology2-2-1456596952,1.1354235981101657,1.0025703866497433,2180,0,1456597526911
production-topology1-1-1456596945,0.9504955770384845,1.0115326415711972,2240,0,1456597526911
Running observer at: 1456597537498
production-topology4-4-1456596966,0.9470049655106416,1.0002262073884138,2320,0,1456597538073
production-topology3-3-1456596959,0.9233124355060635,0.9985732091040647,2300,0,1456597538073
production-topology2-2-1456596952,0.9350972508028895,0.9997490227446464,2160,0,1456597538073
production-topology1-1-1456596945,0.9397548435806864,1.0131896345914162,2260,0,1456597538073
Running observer at: 1456597548584
production-topology4-4-1456596966,0.9635597740877587,0.9990586368924852,2100,0,1456597549080
production-topology3-3-1456596959,1.0643418335877692,1.0028015456924426,2420,0,1456597549081
production-topology2-2-1456596952,0.8987712653971534,1.000673896063984,2380,0,1456597549081
production-topology1-1-1456596945,1.1229861395000322,1.0129286235143045,2080,0,1456597549081
Running observer at: 1456597559674
production-topology4-4-1456596966,1.0862893570415233,1.0033085242512008,2140,0,1456597560179
production-topology3-3-1456596959,0.9844526596771016,1.00148773435696,1920,0,1456597560180
production-topology2-2-1456596952,1.1644012160724508,1.002518484921138,2040,0,1456597560180
production-topology1-1-1456596945,0.918962714756232,1.0057155699076235,2380,0,1456597560180
Running observer at: 1456597570805
production-topology4-4-1456596966,0.988451444553832,1.0018873377577289,2300,0,1456597571397
production-topology3-3-1456596959,1.0584306498960765,1.00638174471833,2260,0,1456597571397
production-topology2-2-1456596952,0.8988517510258306,1.000357384229327,2240,0,1456597571397
production-topology1-1-1456596945,1.0855055159544427,1.0102219238503953,2120,0,1456597571397
Running observer at: 1456597581942
production-topology4-4-1456596966,0.9506203879862157,1.0015643862226458,2140,0,1456597582439
production-topology3-3-1456596959,1.0145750093497239,1.0041321164663053,2360,0,1456597582440
production-topology2-2-1456596952,1.1274363407397923,1.0042210631197876,2300,0,1456597582440
production-topology1-1-1456596945,0.9933929852380412,1.0157194193956054,2180,0,1456597582440
Running observer at: 1456597593018
production-topology4-4-1456596966,1.0088237784190384,0.9999419787340699,2180,0,1456597593621
production-topology3-3-1456596959,0.8949099058913206,1.0025775289622278,1980,0,1456597593621
production-topology2-2-1456596952,0.9294487551471659,1.0040540193756888,2200,0,1456597593621
production-topology1-1-1456596945,1.0035162963134854,1.0138197047894641,2180,0,1456597593621
Running observer at: 1456597604244
production-topology4-4-1456596966,1.0133858438657015,1.0018542060630131,2320,0,1456597604853
production-topology3-3-1456596959,1.0891437148024599,1.0041962819260288,2320,0,1456597604853
production-topology2-2-1456596952,1.012392069500995,1.0029561273222138,2120,0,1456597604854
production-topology1-1-1456596945,0.9517354446795441,1.0128829420618664,2300,0,1456597604854
Running observer at: 1456597615353
production-topology4-4-1456596966,1.0290254019056029,1.0025833005057412,2060,0,1456597615847
production-topology3-3-1456596959,0.9432249322493225,1.001653065672383,2460,0,1456597615847
production-topology2-2-1456596952,1.0545464235553772,1.0083792577436563,2240,0,1456597615847
production-topology1-1-1456596945,1.193106543941495,1.0170058874387145,2060,0,1456597615847
Running observer at: 1456597626424
production-topology4-4-1456596966,0.9624449164990312,0.9985287961790003,2260,0,1456597626964
production-topology3-3-1456596959,1.0031325917401868,1.0027462495653408,1840,0,1456597626964
production-topology2-2-1456596952,1.0064515603206088,1.0039172614483625,2220,0,1456597626964
production-topology1-1-1456596945,0.8388703615572088,1.0101452780009998,2420,0,1456597626964
Running observer at: 1456597637625
production-topology4-4-1456596966,0.9525878533231474,0.9973036544476664,2320,0,1456597638174
production-topology3-3-1456596959,1.11892210372098,1.0071001938094455,2320,0,1456597638175
production-topology2-2-1456596952,0.9321433824059655,1.002280854587849,2140,0,1456597638175
production-topology1-1-1456596945,0.9911376185493043,1.0094386551757475,2180,0,1456597638175
Running observer at: 1456597648605
production-topology4-4-1456596966,1.120025527568583,1.0004593535113664,2020,0,1456597649096
production-topology3-3-1456596959,0.9669965014489709,1.004876388132121,2180,0,1456597649096
production-topology2-2-1456596952,1.1125996446894046,1.01007577184609,2180,0,1456597649096
production-topology1-1-1456596945,1.0615578794785792,1.015037379300631,2140,0,1456597649097
Running observer at: 1456597659546
production-topology4-4-1456596966,1.038208417592727,1.0041560430407135,2260,0,1456597660079
production-topology3-3-1456596959,0.9597246127366609,1.0049156003335176,2100,0,1456597660079
production-topology2-2-1456596952,0.8622166223515133,1.001969965864461,2300,0,1456597660079
production-topology1-1-1456596945,0.9517805674939555,1.0095423828095667,2220,0,1456597660079
Running observer at: 1456597670524
production-topology4-4-1456596966,0.8414645200757773,0.9987812696345186,1960,0,1456597671179
production-topology3-3-1456596959,1.0321183558065687,1.0038736415975211,2300,0,1456597671179
production-topology2-2-1456596952,1.0174580057561076,1.0038873709636418,2080,0,1456597671179
production-topology1-1-1456596945,1.0516008950193971,1.0129055847192832,1920,0,1456597671179
Running observer at: 1456597681717
production-topology4-4-1456596966,1.042717271389619,0.9968703563659694,2420,0,1456597682304
production-topology3-3-1456596959,1.0084568285183664,1.0078677068160011,1940,0,1456597682304
production-topology2-2-1456596952,1.1745511033932081,1.0063996627375404,2160,0,1456597682304
production-topology1-1-1456596945,0.8578006139451284,1.0095407629137936,2300,0,1456597682304
Running observer at: 1456597692825
production-topology4-4-1456596966,0.958495644433236,0.996484081360497,2260,0,1456597693297
production-topology3-3-1456596959,0.9960972373591226,1.00297791581371,2380,0,1456597693298
production-topology2-2-1456596952,0.932800305171842,1.0053883061352742,2340,0,1456597693298
production-topology1-1-1456596945,0.9974697901994216,1.0056965267863955,2400,0,1456597693298
Running observer at: 1456597703825
production-topology4-4-1456596966,1.123198066992077,1.0007640133946674,1920,0,1456597704474
production-topology3-3-1456596959,0.9118380532625545,1.0016580367148114,2340,0,1456597704475
production-topology2-2-1456596952,1.0493317327284186,1.0058204981392584,2080,0,1456597704475
production-topology1-1-1456596945,1.1311390160119599,1.009308738824816,1980,0,1456597704475
Running observer at: 1456597715040
production-topology4-4-1456596966,0.9153245635081124,0.9993448489759402,2420,0,1456597715617
production-topology3-3-1456596959,1.0984612151782818,1.0044046312889081,1840,0,1456597715617
production-topology2-2-1456596952,0.9135694622213478,1.0060618808998363,2240,0,1456597715617
production-topology1-1-1456596945,1.01161178084255,1.0080092168340675,2220,0,1456597715617
Running observer at: 1456597726106
production-topology4-4-1456596966,1.014563722856151,1.000442352564367,2340,0,1456597726608
production-topology3-3-1456596959,0.9883516868623121,1.0048534807654674,2500,0,1456597726609
production-topology2-2-1456596952,0.9939899855664395,1.005757680879823,2360,0,1456597726609
production-topology1-1-1456596945,0.9900138574707104,1.0122040205764666,2460,0,1456597726609
Running observer at: 1456597737173
production-topology4-4-1456596966,1.0344278324565397,1.000606669558561,1880,0,1456597737831
production-topology3-3-1456596959,0.9860909884784044,1.002094964959782,2280,0,1456597737831
production-topology2-2-1456596952,1.1685414030935837,1.0080009309865818,1980,0,1456597737831
production-topology1-1-1456596945,1.040308421158637,1.013296145833889,1960,0,1456597737831
Running observer at: 1456597748361
production-topology4-4-1456596966,1.0399144572584622,1.0004503744931872,2400,0,1456597748933
production-topology3-3-1456596959,1.1258192955059632,1.0078523492914484,1840,0,1456597748933
production-topology2-2-1456596952,0.9915985677531699,1.0071199236084738,2320,0,1456597748933
production-topology1-1-1456596945,0.9626838084284892,1.0076664222916945,2300,0,1456597748934
Running observer at: 1456597759396
production-topology4-4-1456596966,0.9938341193173188,1.0012797314889008,2280,0,1456597759893
production-topology3-3-1456596959,0.8981012681644331,1.002528500377892,2300,0,1456597759893
production-topology2-2-1456596952,0.9602514827412602,1.007418321527876,2280,0,1456597759893
production-topology1-1-1456596945,1.1210956016305396,1.0118727797811287,2240,0,1456597759893
Running observer at: 1456597770368
production-topology4-4-1456596966,0.9955526772660819,0.9998079804062024,1900,0,1456597770836
production-topology3-3-1456596959,0.9639985359637212,1.0015435088576374,2440,0,1456597770836
production-topology2-2-1456596952,1.001990885268662,1.0071384081776464,2020,0,1456597770837
production-topology1-1-1456596945,0.9350594341652323,1.0136028327501774,1980,0,1456597770837
Running observer at: 1456597781514
production-topology4-4-1456596966,0.9798912600300179,1.0025913262476882,2320,0,1456597782150
production-topology3-3-1456596959,1.078049963618724,1.0082705380758334,1940,0,1456597782151
production-topology2-2-1456596952,0.9259814958948388,1.0049091493722189,2320,0,1456597782151
production-topology1-1-1456596945,0.8479454878737709,1.0030267098110472,2380,0,1456597782151
Running observer at: 1456597792674
production-topology4-4-1456596966,1.0097478279296461,1.0006068416827485,2380,0,1456597793177
production-topology3-3-1456596959,1.0060450038138828,1.0041853287583973,2300,0,1456597793177
production-topology2-2-1456596952,0.9681336737604648,1.0010406964765042,2320,0,1456597793177
production-topology1-1-1456596945,1.1602036983555055,1.009405228059405,2280,0,1456597793178
Running observer at: 1456597803708
production-topology4-4-1456596966,1.0202785382183532,1.0033410922146293,1980,0,1456597804196
production-topology3-3-1456596959,0.9348853981105514,1.0026418430981896,2380,0,1456597804196
production-topology2-2-1456596952,0.990269059802264,1.0010793499081998,2000,0,1456597804196
production-topology1-1-1456596945,1.1224546886233557,1.0133713554995913,2100,0,1456597804196
Running observer at: 1456597814883
production-topology4-4-1456596966,0.9606039278130007,1.0016587939484718,2340,0,1456597815474
production-topology3-3-1456596959,1.0011757047205119,1.00279412630463,1960,0,1456597815474
production-topology2-2-1456596952,1.1472553300969615,1.006667813156442,2320,0,1456597815474
production-topology1-1-1456596945,0.9601433452349638,1.0078912404433287,2220,0,1456597815474
Running observer at: 1456597825983
production-topology4-4-1456596966,1.0185470350067467,1.0011851804845082,2380,0,1456597826493
production-topology3-3-1456596959,1.0529169712948567,1.0018735518501678,2260,0,1456597826493
production-topology2-2-1456596952,0.962291796617562,1.0070452765481976,2260,0,1456597826493
production-topology1-1-1456596945,0.963737513904032,1.0092448039414055,2360,0,1456597826493
Running observer at: 1456597836952
production-topology4-4-1456596966,1.042683221902692,1.0031766163560887,1920,0,1456597837413
production-topology3-3-1456596959,1.031179730885936,1.005281695932045,2360,0,1456597837414
production-topology2-2-1456596952,1.0764706764137133,1.0096721054477165,2040,0,1456597837414
production-topology1-1-1456596945,0.9527228824351058,1.004286118811988,2020,0,1456597837414
Running observer at: 1456597847857
production-topology4-4-1456596966,0.9903592576560073,1.00344258275272,2220,0,1456597848272
production-topology3-3-1456596959,0.904963141208529,0.9998811310793294,2020,0,1456597848280
production-topology2-2-1456596952,1.0631387634551415,1.0135801203284767,2280,0,1456597848280
production-topology1-1-1456596945,1.0956235107886736,1.0068138944722989,2320,0,1456597848281
/var/nimbus/storm/bin/storm rebalance production-topology3 -e spout_head=11
1456597848697
/var/nimbus/storm/bin/storm rebalance production-topology2 -e spout_head=9
Running observer at: 1456597858883
production-topology4-4-1456596966,0.9867018894307509,1.00095778339648,2000,0,1456597859485
production-topology3-3-1456596959,0.9986564179267494,0.9986564179267494,174740,0,1456597859485
production-topology2-2-1456596952,0.9992547190771971,0.9992547190771971,176160,0,1456597859485
production-topology1-1-1456596945,1.019950781081929,1.0091290679404137,1940,0,1456597859485
Running observer at: 1456597870053
production-topology4-4-1456596966,1.02004239366132,1.003392364334836,2360,0,1456597870560
production-topology3-3-1456596959,2.0574074074074074,1.5280319126670783,80,0,1456597870560
production-topology2-2-1456596952,1.1582905982905984,1.0787726586838977,260,0,1456597870560
production-topology1-1-1456596945,0.8992911591441184,1.007780278459195,2400,0,1456597870560
Running observer at: 1456597881023
production-topology4-4-1456596966,0.9871913565721737,1.004180083750983,2320,0,1456597881556
production-topology3-3-1456596959,2.0,1.6853546084447188,0,0,1456597881556
production-topology2-2-1456596952,1.0,1.0525151057892652,0,0,1456597881556
production-topology1-1-1456596945,1.0844810153063,1.0064967743194038,2300,0,1456597881556
Running observer at: 1456597886940
production-topology4-4-1456596966,0.9908626283229667,1.0009991927936979,1260,0,1456597887484
production-topology3-3-1456596959,2.0,1.7640159563335391,0,0,1456597887485
production-topology2-2-1456596952,1.0,1.0393863293419487,0,0,1456597887485
production-topology1-1-1456596945,0.9236437687478007,1.0066528094524558,1180,0,1456597887485
Running observer at: 1456597888127
production-topology4-4-1456596966,1.25,1.0097174779752367,140,0,1456597888601
production-topology3-3-1456596959,2.0,1.8112127650668313,0,0,1456597888601
production-topology2-2-1456596952,1.0,1.031509063473559,0,0,1456597888602
production-topology1-1-1456596945,0.8400000000000001,0.9984692922539744,160,0,1456597888602
Running observer at: 1456597892036
production-topology4-4-1456596966,1.1395858223815212,1.0160163257884136,540,0,1456597892585
production-topology3-3-1456596959,0.0015331433998100664,1.5095994947889944,157500,0,1456597892586
production-topology2-2-1456596952,1.0,1.0262575528946325,0,0,1456597892586
production-topology1-1-1456596945,1.3006926288921654,1.008712613709112,580,0,1456597892586
Running observer at: 1456597903267
production-topology4-4-1456596966,1.0192630643379492,1.0163643019857105,2400,0,1456597903750
production-topology3-3-1456596959,0.9928863087439208,1.435783325353984,106520,0,1456597903750
production-topology2-2-1456596952,0.0,0.8796493310525422,240,0,1456597903750
production-topology1-1-1456596945,1.0074516379939904,1.008843791765129,2380,0,1456597903751
Running observer at: 1456597914301
production-topology4-4-1456596966,0.9286662065273634,1.0135403140744323,2300,0,1456597914820
production-topology3-3-1456596959,0.9498927884495709,1.3750470082409323,2480,0,1456597914820
production-topology2-2-1456596952,1.1612594240514154,0.9148505926774013,1480,0,1456597914820
production-topology1-1-1456596945,0.9553577019843887,1.0089645336752904,2320,0,1456597914820
Running observer at: 1456597925305
production-topology4-4-1456596966,1.0693479059151756,1.0148843975414181,1980,0,1456597925800
production-topology3-3-1456596959,1.048891135462061,1.3388074668210577,2280,0,1456597925800
production-topology2-2-1456596952,1.0418417767455364,0.9289607242405276,2100,0,1456597925800
production-topology1-1-1456596945,1.0325678504962779,1.003613243893783,1920,0,1456597925800
Running observer at: 1456597936434
production-topology4-4-1456596966,0.9791871589496519,1.0154424722897721,2240,0,1456597936985
production-topology3-3-1456596959,0.9464612203426244,1.2995728421732142,2280,0,1456597936985
production-topology2-2-1456596952,0.9469324098141382,0.9307578927978886,1760,0,1456597936985
production-topology1-1-1456596945,0.9907244676347648,1.0086750474297015,2280,0,1456597936985
Running observer at: 1456597947610
production-topology4-4-1456596966,1.0026900082733239,1.0171125441214448,2440,0,1456597948116
production-topology3-3-1456596959,0.9931358602135874,1.271714934722339,2640,0,1456597948116
production-topology2-2-1456596952,1.0433969465613797,0.9409978067763878,2180,0,1456597948116
production-topology1-1-1456596945,0.9946828944382516,1.0087932232926664,2400,0,1456597948116
Running observer at: 1456597958618
production-topology4-4-1456596966,1.046365209562468,1.0146572001879075,1920,0,1456597959225
production-topology3-3-1456596959,1.0027697456918963,1.2493028356364688,2360,0,1456597959225
production-topology2-2-1456596952,0.8908095662340293,0.936815453397858,1860,0,1456597959225
production-topology1-1-1456596945,0.9915374563604538,1.006459209188729,1920,0,1456597959225
Running observer at: 1456597969823
production-topology4-4-1456596966,1.0082283826196898,1.0136578656888062,2240,0,1456597970422
production-topology3-3-1456596959,1.0023759733708875,1.2303084616160396,2420,0,1456597970422
production-topology2-2-1456596952,1.0413400553054615,0.9448558073907505,1900,0,1456597970422
production-topology1-1-1456596945,1.082207668054628,1.0108067792074182,2260,0,1456597970422
Running observer at: 1456597981054
production-topology4-4-1456596966,0.9480669491525424,1.0172112799913653,2500,0,1456597981547
production-topology3-3-1456596959,1.1058424811446161,1.2214180344395091,2440,0,1456597981547
production-topology2-2-1456596952,0.9691827173347215,0.9465934438153198,2260,0,1456597981548
production-topology1-1-1456596945,0.9344361783261178,1.0069012886509754,2440,0,1456597981548
Running observer at: 1456597992038
production-topology4-4-1456596966,1.0170738114000524,1.016356497991713,1880,0,1456597992596
production-topology3-3-1456596959,0.9328561504714044,1.2021805755083022,2340,0,1456597992596
production-topology2-2-1456596952,1.076695894256494,0.9552669405113982,1860,0,1456597992597
production-topology1-1-1456596945,1.0228916510786468,1.012404323222093,1960,0,1456597992597
Running observer at: 1456598003207
production-topology4-4-1456596966,0.9660556620528787,1.0166084985790345,2300,0,1456598003763
production-topology3-3-1456596959,1.0220811327839794,1.1909243603380322,2380,0,1456598003763
production-topology2-2-1456596952,1.0128597531053143,0.9588664912985179,1880,0,1456598003763
production-topology1-1-1456596945,1.0721282264034602,1.0148929377622276,2260,0,1456598003763
Running observer at: 1456598014241
production-topology4-4-1456596966,0.9816415567959837,1.0118899482391648,1980,0,1456598014827
production-topology3-3-1456596959,1.005765689074238,1.180032673793103,2620,0,1456598014827
production-topology2-2-1456596952,1.0273392025168928,0.9628942978407752,2080,0,1456598014827
production-topology1-1-1456596945,0.8965409022729895,1.0070730006375952,2100,0,1456598014827
Running observer at: 1456598025293
production-topology4-4-1456596966,1.02305043621863,1.0154808106628486,2380,0,1456598025865
production-topology3-3-1456596959,0.9489352529301539,1.167193928189606,2320,0,1456598025865
production-topology2-2-1456596952,0.9769940030886161,0.9636776147989886,1820,0,1456598025865
production-topology1-1-1456596945,1.1259140888703933,1.0108830775718567,2300,0,1456598025865
Running observer at: 1456598036327
production-topology4-4-1456596966,1.0016364793951316,1.0150499025474813,2300,0,1456598036796
production-topology3-3-1456596959,1.0347568232336721,1.160223554244557,2460,0,1456598036796
production-topology2-2-1456596952,0.9113377257085339,0.9609228837942279,2060,0,1456598036878
production-topology1-1-1456596945,0.9106569519835125,1.00823784738895,2380,0,1456598036879
Running observer at: 1456598047336
production-topology4-4-1456596966,1.0042489452361314,1.0140439396401344,1880,0,1456598047961
production-topology3-3-1456596959,0.9383059510815308,1.1491276740864056,2480,0,1456598047962
production-topology2-2-1456596952,1.002134399689542,0.9629834595889936,2120,0,1456598047962
production-topology1-1-1456596945,1.0994840406226611,1.0102103680377508,1760,0,1456598047962
Running observer at: 1456598058400
production-topology4-4-1456596966,0.9951373153834784,1.0125513682443017,2480,0,1456598058948
production-topology3-3-1456596959,1.0913164474255903,1.1463747585311286,2320,0,1456598058948
production-topology2-2-1456596952,1.008496077093638,0.9651507270892148,1720,0,1456598058948
production-topology1-1-1456596945,0.9260278227529288,1.0089885018485656,2440,0,1456598058948
Running observer at: 1456598069393
production-topology4-4-1456596966,0.9831715533872751,1.0121959493799668,2260,0,1456598069883
production-topology3-3-1456596959,0.9803248086384782,1.1388270335360082,2440,0,1456598069883
production-topology2-2-1456596952,1.1498575781664016,0.9735464930472687,2140,0,1456598069883
production-topology1-1-1456596945,1.086712109204247,1.0078423854343557,2240,0,1456598069883
Running observer at: 1456598080349
production-topology4-4-1456596966,1.0207263214333242,1.0130350708522082,1880,0,1456598080907
production-topology3-3-1456596959,1.012940784535893,1.13335371836209,2520,0,1456598080907
production-topology2-2-1456596952,0.8886848280787674,0.9698568554399425,2040,0,1456598080907
production-topology1-1-1456596945,0.941970336274134,1.0080727488379855,1980,0,1456598080907
Running observer at: 1456598091640
production-topology4-4-1456596966,1.0640123999514914,1.0158391088495908,2300,0,1456598092223
production-topology3-3-1456596959,1.0115256176421181,1.1282775474987579,2120,0,1456598092223
production-topology2-2-1456596952,0.9431392480241219,0.9687436217976165,1760,0,1456598092223
production-topology1-1-1456596945,1.0144784487000007,1.0136238475321933,2380,0,1456598092223
Running observer at: 1456598102703
production-topology4-4-1456596966,0.9812283391296499,1.0148884592229241,2380,0,1456598103216
production-topology3-3-1456596959,1.015090485799441,1.1237500650307852,2680,0,1456598103216
production-topology2-2-1456596952,1.0640922050903534,0.9725575651293261,2160,0,1456598103217
production-topology1-1-1456596945,1.030604126545622,1.009303861805197,2320,0,1456598103217
Running observer at: 1456598113679
production-topology4-4-1456596966,0.8813869174032247,1.0102587385290867,2040,0,1456598114165
production-topology3-3-1456596959,0.9596846609842505,1.1174398571828417,2480,0,1456598114165
production-topology2-2-1456596952,1.0100271658732078,0.9739987036194754,2000,0,1456598114165
production-topology1-1-1456596945,0.92151239606655,1.0026057853866368,1980,0,1456598114165
Running observer at: 1456598124871
production-topology4-4-1456596966,1.0377534627705969,1.0128303896943398,2260,0,1456598125487
production-topology3-3-1456596959,1.103268818163826,1.116915003885841,2060,0,1456598125487
production-topology2-2-1456596952,0.9285593788555407,0.9723157656652556,1700,0,1456598125487
production-topology1-1-1456596945,1.1444415995617008,1.0087490605308616,2160,0,1456598125487
Running observer at: 1456598136089
production-topology4-4-1456596966,1.0464111068237327,1.0137591920882392,2360,0,1456598136555
production-topology3-3-1456596959,0.9573913302431214,1.1112177298271726,2680,0,1456598136555
production-topology2-2-1456596952,0.9571757390662721,0.9717750504295777,2200,0,1456598136555
production-topology1-1-1456596945,0.9070263735594628,1.0068586891860425,2460,0,1456598136555
Running observer at: 1456598147017
production-topology4-4-1456596966,0.9331224392727051,1.010107166000573,1920,0,1456598147495
production-topology3-3-1456596959,1.1016292682926827,1.110887093222535,2460,0,1456598147496
production-topology2-2-1456596952,1.0841085541855062,0.9756486195246097,2000,0,1456598147496
production-topology1-1-1456596945,1.0347897375685282,1.0095942510238232,1920,0,1456598147496
Running observer at: 1456598158139
production-topology4-4-1456596966,1.0633472005583307,1.0125400974306504,2260,0,1456598158694
production-topology3-3-1456596959,0.9784283510116145,1.1064718018155044,2080,0,1456598158694
production-topology2-2-1456596952,0.9714715227478824,0.9755093829653855,1800,0,1456598158695
production-topology1-1-1456596945,0.9572519478492714,1.00498186559251,2300,0,1456598158695
Running observer at: 1456598169274
production-topology4-4-1456596966,0.9524647527251365,1.0113988595404633,2400,0,1456598169771
production-topology3-3-1456596959,0.9937193155103603,1.106307231734958,2700,0,1456598169771
production-topology2-2-1456596952,1.0352221326072792,0.9767082967497216,2160,0,1456598169772
production-topology1-1-1456596945,1.0156889809795355,1.0048398055890968,2440,0,1456598169772
Running observer at: 1456598180266
production-topology4-4-1456596966,0.9648380371764985,1.0095587143243026,2000,0,1456598180730
production-topology3-3-1456596959,0.9527573811557648,1.0694855641932366,2500,0,1456598180730
production-topology2-2-1456596952,0.9450788836560181,0.9696012395952355,2060,0,1456598180730
production-topology1-1-1456596945,0.9133854432999731,1.0053096150609586,1920,0,1456598180730
Running observer at: 1456598191277
production-topology4-4-1456596966,1.0721364448428667,1.012390217266659,2180,0,1456598191769
production-topology3-3-1456596959,1.0052330612447269,1.0363266662347275,2040,0,1456598191769
production-topology2-2-1456596952,0.8202924723563615,0.9636109886737808,1760,0,1456598191769
production-topology1-1-1456596945,0.902270374576629,0.9992359270366364,2300,0,1456598191769
/var/nimbus/storm/bin/storm rebalance production-topology1 -e spout_head=11
1456598192183
/var/nimbus/storm/bin/storm rebalance production-topology4 -e bolt_output_1=9
Running observer at: 1456598202449
production-topology4-4-1456596966,0.9987151521111608,0.9987151521111608,241120,0,1456598202980
production-topology3-3-1456596959,1.074017246299561,1.005460574444713,2580,0,1456598202980
production-topology2-2-1456596952,1.2801610352567516,0.9729496898490059,2000,0,1456598202980
production-topology1-1-1456596945,1.0007323956251213,1.0007323956251213,246380,0,1456598202980
Running observer at: 1456598213438
production-topology4-4-1456596966,0.9660579168807946,0.9823865344959777,340,0,1456598213934
production-topology3-3-1456596959,1.0052701070376613,0.9723029113459682,2440,0,1456598213934
production-topology2-2-1456596952,0.8876576354104445,0.9692049443626873,2200,0,1456598213934
production-topology1-1-1456596945,1.171875,1.0863036978125606,100,0,1456598213934
Running observer at: 1456598224395
production-topology4-4-1456596966,2.0,1.3215910229973185,0,0,1456598224898
production-topology3-3-1456596959,1.0021835320118246,1.005657924299702,2300,0,1456598224898
production-topology2-2-1456596952,1.0124349101736851,0.9696194413684769,1680,0,1456598224899
production-topology1-1-1456596945,1.0,1.057535798541707,0,0,1456598224899
Running observer at: 1456598230838
production-topology4-4-1456596966,2.0,1.4911932672479888,0,0,1456598231392
production-topology3-3-1456596959,0.8708722954064569,1.0015907905217865,1400,0,1456598231392
production-topology2-2-1456596952,0.884509953714106,0.9991031064922803,1120,0,1456598231392
production-topology1-1-1456596945,1.0,1.0431518489062803,0,0,1456598231392
Running observer at: 1456598231995
production-topology4-4-1456596966,2.0,1.592954613798391,0,0,1456598232498
production-topology3-3-1456596959,1.2201939237233357,1.0106008283642456,500,0,1456598232498
production-topology2-2-1456596952,1.8287834614365226,1.0213539077384506,400,0,1456598232498
production-topology1-1-1456596945,0.0,0.8345214791250243,221960,0,1456598232498
Running observer at: 1456598235545
production-topology4-4-1456596966,0.0,1.327462178165326,0,0,1456598236087
production-topology3-3-1456596959,1.2634814340413154,1.0177538383168874,620,0,1456598236087
production-topology2-2-1456596952,1.2333367531890154,1.0277370736199,540,0,1456598236088
production-topology1-1-1456596945,1.000132256406871,0.8621232753386655,148180,0,1456598236088
Running observer at: 1456598246537
production-topology4-4-1456596966,0.0,1.1378247241417079,0,0,1456598247143
production-topology3-3-1456596959,0.9734062307439142,1.018652005330264,2140,0,1456598247143
production-topology2-2-1456596952,0.9532705160135235,1.027948343826546,1820,0,1456598247143
production-topology1-1-1456596945,0.673775619510105,0.8352164673631568,1700,0,1456598247143
Running observer at: 1456598257593
production-topology4-4-1456596966,0.8083060172110879,1.0966348857753805,1640,0,1456598258096
production-topology3-3-1456596959,0.983086524904287,1.0183170274866202,2660,0,1456598258096
production-topology2-2-1456596952,0.9049992938426081,1.0233350887359203,2160,0,1456598258096
production-topology1-1-1456596945,1.0412719975220486,0.8609734086330183,2500,0,1456598258096
Running observer at: 1456598268590
production-topology4-4-1456596966,1.008185395809294,1.0868071646680375,2140,0,1456598269183
production-topology3-3-1456596959,1.0150696232753333,1.0187270234060681,2460,0,1456598269184
production-topology2-2-1456596952,1.0689248339318462,1.0292722643258476,2080,0,1456598269184
production-topology1-1-1456596945,0.9846133746055354,0.8747111826299646,2080,0,1456598269184
Running observer at: 1456598279746
production-topology4-4-1456596966,1.1690516697812088,1.0950316151793547,2240,0,1456598280393
production-topology3-3-1456596959,0.935211536955723,1.016488208858896,2160,0,1456598280393
production-topology2-2-1456596952,0.9795290133907957,1.0272118962620254,1780,0,1456598280393
production-topology1-1-1456596945,1.0907708409945973,0.896317148466428,2720,0,1456598280393
Running observer at: 1456598290852
production-topology4-4-1456596966,0.9149746736369544,1.0786628023118638,2160,0,1456598291353
production-topology3-3-1456596959,1.0501421241897433,1.0146315302937334,2640,0,1456598291353
production-topology2-2-1456596952,0.9360205792957217,1.0261064916607254,2120,0,1456598291353
production-topology1-1-1456596945,0.9025484842714525,0.896883633539612,2540,0,1456598291353
Running observer at: 1456598301878
production-topology4-4-1456596966,1.0202351131743672,1.0737938282170725,2060,0,1456598302365
production-topology3-3-1456596959,0.9693903330605236,1.0158493363800374,2560,0,1456598302366
production-topology2-2-1456596952,1.0267923875432527,1.0244430414369505,2000,0,1456598302366
production-topology1-1-1456596945,1.2615122912221155,0.9272693550131539,2000,0,1456598302366
Running observer at: 1456598313002
production-topology4-4-1456596966,0.9785774146239263,1.0664694887099073,2220,0,1456598313632
production-topology3-3-1456596959,1.0979742977157305,1.0183791085444291,2060,0,1456598313632
production-topology2-2-1456596952,0.9036837025156196,1.0208038397506274,1800,0,1456598313632
production-topology1-1-1456596945,0.9800869753691056,0.9313322488866886,2660,0,1456598313632
Running observer at: 1456598324137
production-topology4-4-1456596966,1.0077871127433573,1.0622778904265824,2240,0,1456598324599
production-topology3-3-1456596959,0.9664092095917078,1.0170672258950113,2560,0,1456598324599
production-topology2-2-1456596952,1.093522300988978,1.0230099430330304,2100,0,1456598324600
production-topology1-1-1456596945,0.8787098038754848,0.9275735028144598,2620,0,1456598324600
Running observer at: 1456598335113
production-topology4-4-1456596966,1.0466442577030812,1.0612356482450156,2200,0,1456598335643
production-topology3-3-1456596959,0.9421389401871947,1.0168406821369127,2640,0,1456598335643
production-topology2-2-1456596952,0.9693165507767255,1.0227540279559673,2000,0,1456598335644
production-topology1-1-1456596945,1.064713756046843,0.9367161863632852,2020,0,1456598335644
Running observer at: 1456598346215
production-topology4-4-1456596966,1.0497545738509593,1.0605180810953871,2140,0,1456598346827
production-topology3-3-1456596959,1.0824174975470504,1.018429371280692,2100,0,1456598346827
production-topology2-2-1456596952,1.1818684976837672,1.0317717203551418,1780,0,1456598346828
production-topology1-1-1456596945,1.1310044037341236,0.9488591999489627,2620,0,1456598346828
Running observer at: 1456598357285
production-topology4-4-1456596966,0.9527242211741116,1.0541772658059003,2320,0,1456598357830
production-topology3-3-1456596959,0.9742678524105153,1.0196281013249917,2520,0,1456598357830
production-topology2-2-1456596952,1.0229145570195917,1.0324643922661434,2180,0,1456598357830
production-topology1-1-1456596945,0.847063820631529,0.9428712364597018,2600,0,1456598357830
Running observer at: 1456598368301
production-topology4-4-1456596966,1.0812749426366688,1.0556826922964986,2100,0,1456598368789
production-topology3-3-1456596959,0.9853471923312564,1.0160957928218475,2640,0,1456598368789
production-topology2-2-1456596952,0.7579431061275412,1.0241126265672738,2020,0,1456598368789
production-topology1-1-1456596945,1.0040370703376311,0.946269338341809,2140,0,1456598368789
Running observer at: 1456598379317
production-topology4-4-1456596966,0.9640950040950043,1.0508622876543146,2220,0,1456598379920
production-topology3-3-1456596959,1.0512801587024831,1.0184609711573143,2200,0,1456598379921
production-topology2-2-1456596952,1.2083333333333335,1.0260618184061714,1700,0,1456598379921
production-topology1-1-1456596945,0.9764258590622924,0.9478565236428871,2520,0,1456598379921
Running observer at: 1456598390521
production-topology4-4-1456596966,0.9732863870014627,1.046983492621672,2160,0,1456598391099
production-topology3-3-1456596959,0.9606409150434245,1.0167176421742319,2480,0,1456598391099
production-topology2-2-1456596952,1.089116529666808,1.0327428751257726,2180,0,1456598391099
production-topology1-1-1456596945,1.0597138347893047,0.9534493892002078,2480,0,1456598391099
Running observer at: 1456598401617
production-topology4-4-1456596966,0.9935376450723401,1.04443845226218,2300,0,1456598402092
production-topology3-3-1456596959,1.026510207509399,1.0172171285031413,2600,0,1456598402092
production-topology2-2-1456596952,1.0013355559269401,1.0346827520558664,2040,0,1456598402092
production-topology1-1-1456596945,1.111329630743384,0.9609674959403591,2200,0,1456598402092
Running observer at: 1456598412540
production-topology4-4-1456596966,1.0594853426178727,1.0451224018238023,2080,0,1456598413081
production-topology3-3-1456596959,0.9685522884294362,1.0156658552574744,2180,0,1456598413081
production-topology2-2-1456596952,1.0794343328520584,1.0351941563145899,1760,0,1456598413081
production-topology1-1-1456596945,0.9104988135004156,0.9586734649203617,2620,0,1456598413082
Running observer at: 1456598423781
production-topology4-4-1456596966,0.9400333919026636,1.0405533144359267,2280,0,1456598424352
production-topology3-3-1456596959,1.0079323328780008,1.0172741109872658,2500,0,1456598424352
production-topology2-2-1456596952,0.8488988161715435,1.0298232113245345,2200,0,1456598424352
production-topology1-1-1456596945,1.0067532467532467,0.9607638902174436,2340,0,1456598424353
Running observer at: 1456598434850
production-topology4-4-1456596966,0.9756361870608424,1.0378484341286316,2240,0,1456598435347
production-topology3-3-1456596959,1.0508054923666417,1.015525333460693,2620,0,1456598435347
production-topology2-2-1456596952,1.0016877696558264,1.0322608243512108,1960,0,1456598435347
production-topology1-1-1456596945,1.0197190813769303,0.9632203565157554,2400,0,1456598435347
Running observer at: 1456598445806
production-topology4-4-1456596966,1.0563361618557807,1.0385879432377176,2140,0,1456598446311
production-topology3-3-1456596959,0.9468766544434171,1.0151748442673696,2120,0,1456598446311
production-topology2-2-1456596952,1.079431001966213,1.036335999781209,1800,0,1456598446311
production-topology1-1-1456596945,1.0076306725126873,0.9649967691556327,2460,0,1456598446311
Running observer at: 1456598456889
production-topology4-4-1456596966,1.0079528598009224,1.0374096707978409,2060,0,1456598457484
production-topology3-3-1456596959,0.9805921472867108,1.0111402735671706,2620,0,1456598457484
production-topology2-2-1456596952,1.0183511990654848,1.0341440879438748,2040,0,1456598457485
production-topology1-1-1456596945,1.000044689688336,0.9663447660991983,2180,0,1456598457485
Running observer at: 1456598468024
production-topology4-4-1456596966,0.9598829040980269,1.034538309068218,2400,0,1456598468598
production-topology3-3-1456596959,1.0204446060853019,1.0125408154029603,2000,0,1456598468598
production-topology2-2-1456596952,0.9806818808622906,1.034451099881022,2120,0,1456598468598
production-topology1-1-1456596945,0.9157760301135981,0.9644718499515834,2640,0,1456598468598
Running observer at: 1456598479096
production-topology4-4-1456596966,1.0313904389426785,1.0344258851351633,2160,0,1456598479582
production-topology3-3-1456596959,1.0998378469222763,1.0160780997833574,2660,0,1456598479582
production-topology2-2-1456596952,0.8661247795203085,1.0288145214447895,1820,0,1456598479583
production-topology1-1-1456596945,0.9986881179802655,0.9656938595240364,2480,0,1456598479583
Running observer at: 1456598490209
production-topology4-4-1456596966,1.061670715202495,1.0353653620340368,2040,0,1456598490808
production-topology3-3-1456596959,0.9605444243890648,1.016337667891134,2500,0,1456598490808
production-topology2-2-1456596952,1.1075830288289095,1.0342313262838858,2040,0,1456598490809
production-topology1-1-1456596945,0.9812002051643363,0.9662285610978397,2120,0,1456598490809
Running observer at: 1456598501268
production-topology4-4-1456596966,1.024355007326371,1.0349983502104478,2400,0,1456598501830
production-topology3-3-1456596959,0.9115395620611966,1.0132145512516832,2180,0,1456598501830
production-topology2-2-1456596952,0.846420863957103,1.0351022726705772,2220,0,1456598501830
production-topology1-1-1456596945,0.999282321368521,0.9673303531068626,2640,0,1456598501830
Running observer at: 1456598512289
production-topology4-4-1456596966,0.9606936916015907,1.033730968193462,2120,0,1456598512789
production-topology3-3-1456596959,1.0185097482042782,1.0113643013151734,2500,0,1456598512789
production-topology2-2-1456596952,1.335960426541881,1.0369622523800817,1680,0,1456598512789
production-topology1-1-1456596945,0.9546959203714095,0.9657958039317388,2620,0,1456598512789
Running observer at: 1456598523388
production-topology4-4-1456596966,1.017291535124116,1.0354387554682396,2080,0,1456598524002
production-topology3-3-1456596959,1.0052881883694103,1.0113649040262318,2680,0,1456598524002
production-topology2-2-1456596952,1.0628497932185161,1.0428019909736839,2020,0,1456598524002
production-topology1-1-1456596945,1.0975227721151632,0.9633173963355777,2080,0,1456598524002
Running observer at: 1456598534529
production-topology4-4-1456596966,0.9721381307738246,1.0011766931607002,2380,0,1456598535110
production-topology3-3-1456596959,1.1000862928586326,1.014628329387792,2020,0,1456598535110
production-topology2-2-1456596952,0.8906105372825758,1.0387411785439804,2200,0,1456598535110
production-topology1-1-1456596945,0.9529406616648345,0.9617487517244054,2660,0,1456598535110
Running observer at: 1456598545580
production-topology4-4-1456596966,1.0803141007680095,0.970520496519634,2160,0,1456598546068
production-topology3-3-1456596959,0.9514116019481874,1.017312972939183,2600,0,1456598546068
production-topology2-2-1456596952,1.1387664884135473,1.047216396367295,1700,0,1456598546068
production-topology1-1-1456596945,1.0815018386975106,0.9644654796809891,2560,0,1456598546068
Running observer at: 1456598556649
production-topology4-4-1456596966,0.9493626196455098,0.9354992505078177,2060,0,1456598557180
production-topology3-3-1456596959,0.9676305715264986,1.0088941945326217,2620,0,1456598557180
production-topology2-2-1456596952,0.890046962581427,1.0159251797387918,2000,0,1456598557181
production-topology1-1-1456596945,1.020927324891867,0.998496390510718,2020,0,1456598557181
Running observer at: 1456598567795
production-topology4-4-1456596966,1.0251685677261337,0.9696715360986888,2280,0,1456598568365
production-topology3-3-1456596959,1.01609822113352,1.000648087435695,2120,0,1456598568365
production-topology2-2-1456596952,1.0693939571607254,1.0104604198711822,2080,0,1456598568365
production-topology1-1-1456596945,1.1030287699978398,1.0019262742970838,2560,0,1456598568365
Running observer at: 1456598578917
production-topology4-4-1456596966,0.9654434996002681,1.0018529860853644,2180,0,1456598579430
production-topology3-3-1456596959,1.0400563845947635,1.0028697592307236,2500,0,1456598579430
production-topology2-2-1456596952,0.8839695681011275,1.0081503882741023,1900,0,1456598579430
production-topology1-1-1456596945,0.975459972573725,1.0119824193992042,2620,0,1456598579431
Running observer at: 1456598590008
production-topology4-4-1456596966,1.0508395843185758,1.0099374383222808,2160,0,1456598590543
production-topology3-3-1456596959,0.9710859325084482,1.0024697394841955,2640,0,1456598590543
production-topology2-2-1456596952,1.1036463542468071,1.0147719569542422,2040,0,1456598590543
production-topology1-1-1456596945,0.9886386340754669,1.010227973950985,2100,0,1456598590544
Running observer at: 1456598601129
production-topology4-4-1456596966,1.0212552580281113,1.0103731003962413,2320,0,1456598601696
production-topology3-3-1456596959,1.0233512137448852,1.0027457924998473,2160,0,1456598601696
production-topology2-2-1456596952,0.9067325941232647,1.0093655489606226,2000,0,1456598601696
production-topology1-1-1456596945,0.9388999166277233,1.0087041920183912,2680,0,1456598601696
Running observer at: 1456598612166
production-topology4-4-1456596966,1.0181065744361855,1.005341597218074,2120,0,1456598612678
production-topology3-3-1456596959,1.0120733974358975,1.0053078545158531,2500,0,1456598612678
production-topology2-2-1456596952,1.1116188088570411,1.0137685421428309,1920,0,1456598612678
production-topology1-1-1456596945,1.0211485269579037,1.0063834482171683,2480,0,1456598612678
Running observer at: 1456598623147
production-topology4-4-1456596966,0.9417520771028687,1.0062341773336043,2160,0,1456598623689
production-topology3-3-1456596959,1.0511015177133252,1.0053398342999726,2640,0,1456598623689
production-topology2-2-1456596952,1.0794145568913371,1.018548341396018,2000,0,1456598623689
production-topology1-1-1456596945,0.9769289214631515,1.0088627961235583,2040,0,1456598623690
Running observer at: 1456598634249
production-topology4-4-1456596966,1.0606119140620935,1.0075800706965286,2180,0,1456598634792
production-topology3-3-1456596959,0.933837999971969,1.0041547565303541,2020,0,1456598634792
production-topology2-2-1456596952,0.8564840020410307,1.0128713952126107,1920,0,1456598634792
production-topology1-1-1456596945,1.0111080988935897,1.0005159897126075,2740,0,1456598634792
Running observer at: 1456598645380
production-topology4-4-1456596966,0.9402437170787137,1.0063022807783546,2240,0,1456598645894
production-topology3-3-1456596959,0.990022882207467,1.000556376013412,2580,0,1456598645894
production-topology2-2-1456596952,1.1388956712775073,1.0207117941713404,2000,0,1456598645894
production-topology1-1-1456596945,0.9239529239105893,0.9986448546639902,2480,0,1456598645894
Running observer at: 1456598656406
production-topology4-4-1456596966,0.9984300569700522,1.0059903789192446,2300,0,1456598656967
production-topology3-3-1456596959,0.9932608824593557,1.001451431775667,2620,0,1456598656967
production-topology2-2-1456596952,0.947432666421548,1.0158421396857593,2040,0,1456598656968
production-topology1-1-1456596945,1.1145518109030654,1.0065062548982429,2100,0,1456598656968
Running observer at: 1456598667574
production-topology4-4-1456596966,1.1515774899703473,1.0094881533281534,2000,0,1456598668104
production-topology3-3-1456596959,1.039463372754378,1.0046955795279062,2120,0,1456598668104
production-topology2-2-1456596952,0.9553282798565198,1.0153758639884192,1860,0,1456598668104
production-topology1-1-1456596945,1.0639976381224434,1.0064823843007629,2640,0,1456598668104
Running observer at: 1456598678676
production-topology4-4-1456596966,0.9044648333964443,1.0046451619796697,2360,0,1456598679230
production-topology3-3-1456596959,0.9776628787395981,1.0012037589009912,2540,0,1456598679230
production-topology2-2-1456596952,1.2055205356195364,1.016164265252945,2000,0,1456598679230
production-topology1-1-1456596945,0.8634396476158341,0.9975635590968199,2540,0,1456598679230
Running observer at: 1456598689775
production-topology4-4-1456596966,0.9957766586052613,1.0060802432273745,2160,0,1456598690281
production-topology3-3-1456596959,1.037969331826178,1.0033271415481801,2600,0,1456598690282
production-topology2-2-1456596952,0.8976536461412327,1.0119889015569996,2080,0,1456598690282
production-topology1-1-1456596945,1.0832815984636621,1.0054374850245578,2120,0,1456598690282
Running observer at: 1456598700837
production-topology4-4-1456596966,0.918918431011075,1.0006683595065216,2220,0,1456598701402
production-topology3-3-1456596959,1.067412293504637,1.0060626449206262,2120,0,1456598701402
production-topology2-2-1456596952,0.8113604488078541,1.0137694796463435,1840,0,1456598701402
production-topology1-1-1456596945,1.0721778856512203,1.0077088455350107,2700,0,1456598701402
Running observer at: 1456598711993
production-topology4-4-1456596966,1.038279825084941,1.0031411868728528,2200,0,1456598712483
production-topology3-3-1456596959,1.015519945349709,1.0048706378088672,2540,0,1456598712483
production-topology2-2-1456596952,1.2112854206301058,1.0138678825562357,2080,0,1456598712483
production-topology1-1-1456596945,0.9277229486585671,1.0060854151882197,2520,0,1456598712483
Running observer at: 1456598723072
production-topology4-4-1456596966,1.1260853564915654,1.0082344858558563,2180,0,1456598723559
production-topology3-3-1456596959,0.9325595268670472,1.0039345915363211,2700,0,1456598723559
production-topology2-2-1456596952,1.0591757278406408,1.012869855828697,2020,0,1456598723559
production-topology1-1-1456596945,0.9545301898956026,1.002579293691763,2140,0,1456598723559
Running observer at: 1456598734032
production-topology4-4-1456596966,1.0402528016624948,1.0097916577421946,2140,0,1456598734629
production-topology3-3-1456596959,0.953041294708104,1.0014856277762778,2000,0,1456598734629
production-topology2-2-1456596952,0.9618544697395317,1.01155381962245,1740,0,1456598734629
production-topology1-1-1456596945,1.1074681238615665,1.0024505767957026,2440,0,1456598734629
Running observer at: 1456598745118
production-topology4-4-1456596966,0.9378638581488323,1.0057376082598932,2040,0,1456598745739
production-topology3-3-1456596959,1.0266170601804703,1.003421120167979,2560,0,1456598745739
production-topology2-2-1456596952,0.8575942283799434,1.0041591494733795,2140,0,1456598745739
production-topology1-1-1456596945,0.9026728102154293,1.0021897100195363,2240,0,1456598745739
Running observer at: 1456598756208
production-topology4-4-1456596966,0.9905195326922052,1.0074204796195447,2380,0,1456598756807
production-topology3-3-1456596959,1.0651337128323743,1.0053278328331248,2080,0,1456598756807
production-topology2-2-1456596952,0.888729895148459,1.0054868521059435,2060,0,1456598756807
production-topology1-1-1456596945,1.161514649912885,1.007348423458191,2500,0,1456598756807
Running observer at: 1456598767276
production-topology4-4-1456596966,0.9888616079124389,1.0078613269812646,2140,0,1456598767902
production-topology3-3-1456596959,0.9099060763407706,1.0006311856322625,2640,0,1456598767902
production-topology2-2-1456596952,1.0902210024855012,1.0084379598669324,1840,0,1456598767902
production-topology1-1-1456596945,0.911054356057276,1.0037262659475357,2580,0,1456598767902
Running observer at: 1456598778304
production-topology4-4-1456596966,1.046010483401281,1.0075171376994478,2080,0,1456598778733
production-topology3-3-1456596959,1.0300824412452319,1.0034047118589895,2640,0,1456598778733
production-topology2-2-1456596952,1.086271736417339,1.0086659843486367,2020,0,1456598778734
production-topology1-1-1456596945,0.9800285334394442,1.0028061946450941,2200,0,1456598778734
Running observer at: 1456598789132
production-topology4-4-1456596966,1.0075168035151412,1.0075026024899219,2400,0,1456598789504
production-topology3-3-1456596959,1.043730176765931,1.0055093128416301,2080,0,1456598789504
production-topology2-2-1456596952,1.0968398583923367,1.011282272992865,1520,0,1456598789504
production-topology1-1-1456596945,2.357142857142857,1.0480428002269118,180,0,1456598789504
