Running observer at: 1456639053409
production-topology1-1-1456639053,0.0,0.0,0,0,1456639053637
Running observer at: 1456639053860
production-topology1-1-1456639053,0.0,0.0,0,0,1456639054010
Running observer at: 1456639059782
production-topology1-1-1456639053,0.0,0.0,0,0,1456639060080
production-topology2-2-1456639059,0.0,0.0,0,0,1456639060081
Running observer at: 1456639064202
production-topology1-1-1456639053,0.0,0.0,0,0,1456639064446
production-topology2-2-1456639059,0.0,0.0,0,0,1456639064446
Running observer at: 1456639066182
production-topology1-1-1456639053,0.0,0.0,0,0,1456639066540
production-topology2-2-1456639059,0.0,0.0,0,0,1456639066540
production-topology3-3-1456639066,0.0,0.0,0,0,1456639066541
Running observer at: 1456639072703
production-topology4-4-1456639072,0.0,0.0,0,0,1456639073137
production-topology1-1-1456639053,0.0,0.0,0,0,1456639073137
production-topology2-2-1456639059,0.0,0.0,0,0,1456639073137
production-topology3-3-1456639066,0.0,0.0,0,0,1456639073137
Running observer at: 1456639074706
production-topology4-4-1456639072,0.0,0.0,0,0,1456639075153
production-topology1-1-1456639053,0.0,0.0,0,0,1456639075153
production-topology2-2-1456639059,0.0,0.0,0,0,1456639075153
production-topology3-3-1456639066,0.0,0.0,0,0,1456639075154
Running observer at: 1456639085495
production-topology4-4-1456639072,0.0,0.0,0,0,1456639085893
production-topology1-1-1456639053,0.0,0.0,0,0,1456639085893
production-topology2-2-1456639059,0.0,0.0,0,0,1456639085893
production-topology3-3-1456639066,0.0,0.0,0,0,1456639085893
Running observer at: 1456639096231
production-topology4-4-1456639072,0.0,0.0,0,0,1456639096592
production-topology1-1-1456639053,0.0,0.0,0,0,1456639096592
production-topology2-2-1456639059,0.0,0.0,0,0,1456639096592
production-topology3-3-1456639066,0.0,0.0,0,0,1456639096592
Running observer at: 1456639106885
production-topology4-4-1456639072,0.0,0.0,0,0,1456639107159
production-topology1-1-1456639053,0.0,0.0,0,0,1456639107160
production-topology2-2-1456639059,0.0,0.0,0,0,1456639107160
production-topology3-3-1456639066,0.0,0.0,0,0,1456639107160
Running observer at: 1456639117429
production-topology4-4-1456639072,0.0,0.0,0,0,1456639117716
production-topology1-1-1456639053,0.0,0.0,0,0,1456639117716
production-topology2-2-1456639059,0.0,0.0,0,0,1456639117716
production-topology3-3-1456639066,0.0,0.0,0,0,1456639117717
