Running observer at: 1456611067673
production-topology1-1-1456611067,0.0,0.0,0,0,1456611068133
Running observer at: 1456611068597
production-topology1-1-1456611067,0.0,0.0,0,0,1456611068911
Running observer at: 1456611074619
production-topology1-1-1456611067,0.0,0.0,0,0,1456611075168
production-topology2-2-1456611074,0.0,0.0,0,0,1456611075168
Running observer at: 1456611079391
production-topology1-1-1456611067,0.0,0.0,0,0,1456611079799
production-topology2-2-1456611074,0.0,0.0,0,0,1456611079799
Running observer at: 1456611081937
production-topology3-3-1456611081,0.0,0.0,0,0,1456611082345
production-topology1-1-1456611067,0.0,0.0,80,0,1456611082345
production-topology2-2-1456611074,0.0,0.0,0,0,1456611082345
Running observer at: 1456611088814
production-topology3-3-1456611081,0.0,0.0,0,0,1456611089527
production-topology1-1-1456611067,0.6647230320699709,0.11078717201166181,420,0,1456611089527
production-topology2-2-1456611074,0.0,0.0,160,0,1456611089527
production-topology4-4-1456611088,0.0,0.0,0,0,1456611089527
Running observer at: 1456611090179
production-topology3-3-1456611081,0.0,0.0,0,0,1456611090658
production-topology1-1-1456611067,1.0285714285714285,0.24189920866305706,160,0,1456611090658
production-topology2-2-1456611074,0.0,0.0,0,0,1456611090658
production-topology4-4-1456611088,0.0,0.0,0,0,1456611090659
Running observer at: 1456611101241
production-topology3-3-1456611081,0.0,0.0,240,0,1456611101876
production-topology1-1-1456611067,1.0807132394221375,0.34675096250794213,2340,0,1456611101876
production-topology2-2-1456611074,0.7717684660961156,0.12862807768268594,1600,0,1456611101876
production-topology4-4-1456611088,0.0,0.0,0,0,1456611101876
Running observer at: 1456611112559
production-topology3-3-1456611081,1.0707205903975034,0.21414411807950068,2060,0,1456611113293
production-topology1-1-1456611067,1.0117355406553026,0.42063813785764886,1880,0,1456611113293
production-topology2-2-1456611074,1.2442982890651515,0.2880095364516096,2360,0,1456611113293
production-topology4-4-1456611088,0.651575421966436,0.162893855491609,1160,0,1456611113293
Running observer at: 1456611123932
production-topology3-3-1456611081,1.0547095730516585,0.3542383605748603,1980,0,1456611124613
production-topology1-1-1456611067,1.0123730814639906,0.479811632218283,2400,0,1456611124614
production-topology2-2-1456611074,0.8760852839707252,0.361519004891499,2300,0,1456611124614
production-topology4-4-1456611088,1.1606119347643575,0.3624374713461587,2300,0,1456611124614
Running observer at: 1456611135208
production-topology3-3-1456611081,0.9918323063295341,0.44532320996838515,2440,0,1456611135668
production-topology1-1-1456611067,0.9113609035669048,0.5190433841590668,2300,0,1456611135668
production-topology2-2-1456611074,1.192930249870922,0.45389803211143487,2300,0,1456611135669
production-topology4-4-1456611088,1.0253345567748835,0.4729203189176128,2260,0,1456611135669
Running observer at: 1456611146158
production-topology3-3-1456611081,0.961925914021083,0.5098985479749724,2280,0,1456611146787
production-topology1-1-1456611067,0.9465690112007706,0.5546705197458754,1900,0,1456611146787
production-topology2-2-1456611074,0.8433492718974136,0.49284315609003276,2100,0,1456611146788
production-topology4-4-1456611088,1.019029866813772,0.5509359686170642,2080,0,1456611146788
Running observer at: 1456611157419
production-topology3-3-1456611081,1.0023302064180992,0.5646131766908753,1900,0,1456611158027
production-topology1-1-1456611067,1.0385593176195107,0.5918927349669243,2440,0,1456611158028
production-topology2-2-1456611074,1.0499131227570986,0.5434858803324933,2180,0,1456611158028
production-topology4-4-1456611088,1.0059472069720794,0.6078123734114411,2280,0,1456611158028
Running observer at: 1456611168597
production-topology3-3-1456611081,1.0435528379975343,0.6125071428215413,2400,0,1456611169155
production-topology1-1-1456611067,0.9182154185543605,0.6152014980803127,2360,0,1456611169155
production-topology2-2-1456611074,1.1085029605619745,0.5905706370182834,2300,0,1456611169156
production-topology4-4-1456611088,0.9518088255847559,0.6460342014306983,2300,0,1456611169156
Running observer at: 1456611179829
production-topology3-3-1456611081,0.974175119940341,0.6453860498323413,2320,0,1456611180436
production-topology1-1-1456611067,1.1515167199949812,0.6509558462079572,2220,0,1456611180436
production-topology2-2-1456611074,0.9743799888540922,0.6200944333133456,2080,0,1456611180436
production-topology4-4-1456611088,1.0137490856854154,0.68280568985617,2020,0,1456611180436
Running observer at: 1456611191091
production-topology3-3-1456611081,1.0601422196249781,0.6799490639817276,2200,0,1456611191625
production-topology1-1-1456611067,0.8982168477146956,0.6664096588021284,2060,0,1456611191625
production-topology2-2-1456611074,1.080701754385965,0.6529949562471041,2360,0,1456611191625
production-topology4-4-1456611088,0.9819894755150864,0.7100042158251624,2300,0,1456611191625
Running observer at: 1456611202216
production-topology3-3-1456611081,0.9687799861702924,0.7021668272270017,2080,0,1456611202803
production-topology1-1-1456611067,1.0689019468379493,0.690085675745412,2320,0,1456611202803
production-topology2-2-1456611074,0.8406723484848485,0.665506782396287,2240,0,1456611202803
production-topology4-4-1456611088,1.0813548766003596,0.7409501042230954,2260,0,1456611202803
Running observer at: 1456611213487
production-topology3-3-1456611081,0.962037135276457,0.7207289920876772,2280,0,1456611214045
production-topology1-1-1456611067,0.9628009277751526,0.7052365230803975,2400,0,1456611214045
production-topology2-2-1456611074,0.9856350232976525,0.6855147974526223,1960,0,1456611214045
production-topology4-4-1456611088,0.9735940097768101,0.7588457892656889,2180,0,1456611214045
Running observer at: 1456611224467
production-topology3-3-1456611081,1.0601311537489124,0.7433558028650928,2320,0,1456611225015
production-topology1-1-1456611067,0.9213698630136984,0.7166119620242555,1880,0,1456611225015
production-topology2-2-1456611074,0.9837705885462084,0.703059255752245,2420,0,1456611225015
production-topology4-4-1456611088,1.0271176749561355,0.7780080668150066,2180,0,1456611225015
Running observer at: 1456611235620
production-topology3-3-1456611081,0.983659179174484,0.7583747638844298,2000,0,1456611236162
production-topology1-1-1456611067,1.1078918656806886,0.7361759572070772,2260,0,1456611236162
production-topology2-2-1456611074,1.0670336278037698,0.723280054199552,2240,0,1456611236163
production-topology4-4-1456611088,0.996867075063021,0.7925986673648742,2220,0,1456611236163
Running observer at: 1456611246829
production-topology3-3-1456611081,1.0171250366342175,0.7735953681638291,2340,0,1456611247420
production-topology1-1-1456611067,1.0374236042665503,0.7505210832575282,2400,0,1456611247421
production-topology2-2-1456611074,1.0225054151282007,0.739028757406323,1980,0,1456611247421
production-topology4-4-1456611088,1.01115540671537,0.8062584635742801,2340,0,1456611247421
Running observer at: 1456611257919
production-topology3-3-1456611081,0.977476489423392,0.7849220971226937,2260,0,1456611258469
production-topology1-1-1456611067,0.9006069343713814,0.7573431673990669,1960,0,1456611258469
production-topology2-2-1456611074,0.9838718868382222,0.751270913877918,2420,0,1456611258469
production-topology4-4-1456611088,0.9924466260283602,0.8172107084245201,2160,0,1456611258469
Running observer at: 1456611269066
production-topology3-3-1456611081,1.0239951759336945,0.7975048907443253,2060,0,1456611269631
production-topology1-1-1456611067,1.1093071686703635,0.7726459500630363,2220,0,1456611269631
production-topology2-2-1456611074,0.9932031103312982,0.7627914946614124,2180,0,1456611269631
production-topology4-4-1456611088,0.9923277619342161,0.8269394336195033,2180,0,1456611269631
Running observer at: 1456611280207
production-topology3-3-1456611081,0.9608870717176652,0.8056739997929923,2320,0,1456611280784
production-topology1-1-1456611067,0.9394621511851506,0.7795966251097911,2460,0,1456611280784
production-topology2-2-1456611074,0.9474259349198638,0.7711839692186147,1980,0,1456611280784
production-topology4-4-1456611088,0.985775242994088,0.8352992130602709,2240,0,1456611280785
Running observer at: 1456611291331
production-topology3-3-1456611081,1.0372912639966032,0.8167033933264976,2240,0,1456611291859
production-topology1-1-1456611067,0.8706990173045982,0.7832407207975833,1960,0,1456611291859
production-topology2-2-1456611074,1.1310242878290218,0.7868292004625453,2420,0,1456611291860
production-topology4-4-1456611088,1.0335976692595303,0.8452141358702339,2200,0,1456611291860
Running observer at: 1456611302423
production-topology3-3-1456611081,0.9567566658356887,0.8230694511678244,2100,0,1456611302956
production-topology1-1-1456611067,1.229190016389017,0.8003926167818692,2160,0,1456611302956
production-topology2-2-1456611074,1.0316654455420387,0.797030710674191,2200,0,1456611302957
production-topology4-4-1456611088,0.9841717143320468,0.8518311634160344,2160,0,1456611302957
Running observer at: 1456611313549
production-topology3-3-1456611081,1.0322446276812764,0.8321640240597136,2240,0,1456611314151
production-topology1-1-1456611067,0.9195378690629011,0.8048054039033888,2500,0,1456611314151
production-topology2-2-1456611074,0.9649749811906156,0.8037484814948479,2020,0,1456611314152
production-topology4-4-1456611088,0.9674629326376671,0.8570871529261086,2280,0,1456611314152
Running observer at: 1456611324681
production-topology3-3-1456611081,0.9773777457669724,0.838214595797516,2320,0,1456611325387
production-topology1-1-1456611067,1.051065162907268,0.8136003952963845,1880,0,1456611325387
production-topology2-2-1456611074,0.9852350202546757,0.8107287329856105,2440,0,1456611325388
production-topology4-4-1456611088,0.9542174156202371,0.8613102078258533,2200,0,1456611325388
Running observer at: 1456611335969
production-topology3-3-1456611081,1.076126529888442,0.847731073161153,1940,0,1456611336604
production-topology1-1-1456611067,0.98650121566135,0.8195624925503489,2280,0,1456611336604
production-topology2-2-1456611074,0.9628863501289633,0.8163642002872161,2120,0,1456611336604
production-topology4-4-1456611088,1.0117797999764286,0.8675797741654606,2160,0,1456611336604
Running observer at: 1456611347160
production-topology3-3-1456611081,0.9765633403601679,0.8526861603611151,2300,0,1456611347674
production-topology1-1-1456611067,0.9892082317509815,0.8252173505237033,2520,0,1456611347674
production-topology2-2-1456611074,1.017992386295332,0.8235652069303632,2300,0,1456611347674
production-topology4-4-1456611088,1.148261467549678,0.8788070419008293,2320,0,1456611347675
Running observer at: 1456611358162
production-topology3-3-1456611081,1.0490359224577621,0.859958373772102,2380,0,1456611358662
production-topology1-1-1456611067,0.9115440367808686,0.8556021517497322,1840,0,1456611358662
production-topology2-2-1456611074,0.9819368475463495,0.829026297986087,2140,0,1456611358662
production-topology4-4-1456611088,0.8943237530578361,0.879403838483791,2060,0,1456611358663
Running observer at: 1456611369306
production-topology3-3-1456611081,0.9518974270120419,0.8632419113878143,1960,0,1456611369925
production-topology1-1-1456611067,1.0202965483714146,0.8896120366954461,2260,0,1456611369925
production-topology2-2-1456611074,0.9365861013497782,0.8326116247648766,2200,0,1456611369925
production-topology4-4-1456611088,0.999080069762252,0.8838362914941044,2200,0,1456611369925
Running observer at: 1456611380493
production-topology3-3-1456611081,0.9777046549121894,0.8671889025438271,2300,0,1456611381052
production-topology1-1-1456611067,1.0945234159779615,0.9260961505613781,2340,0,1456611381052
production-topology2-2-1456611074,1.1553663301933812,0.8711238357713227,2360,0,1456611381053
production-topology4-4-1456611088,1.0161910524903788,0.8885632472439713,2420,0,1456611381053
Running observer at: 1456611391567
production-topology3-3-1456611081,1.0624292136050253,0.8736969129125337,2400,0,1456611392193
production-topology1-1-1456611067,0.9404832919565027,0.9574455936265949,2100,0,1456611392193
production-topology2-2-1456611074,0.8672364102820398,0.9000317161140573,2020,0,1456611392193
production-topology4-4-1456611088,1.0020639863452356,0.89247706583367,2020,0,1456611392194
Running observer at: 1456611402668
production-topology3-3-1456611081,0.9954391354595191,0.906878217427851,1900,0,1456611403260
production-topology1-1-1456611067,0.9460573389834617,0.9889808382593769,2220,0,1456611403260
production-topology2-2-1456611074,1.018810554412881,0.93399206792782,2180,0,1456611403260
production-topology4-4-1456611088,0.9826171808573956,0.8954817363344608,2200,0,1456611403260
Running observer at: 1456611413936
production-topology3-3-1456611081,0.9172339287327467,0.9374526817189426,2260,0,1456611414433
production-topology1-1-1456611067,1.039191689371253,1.0014631268360865,2360,0,1456611414433
production-topology2-2-1456611074,0.9832809661459296,0.9667681001326843,2420,0,1456611414433
production-topology4-4-1456611088,1.008187398270294,0.9290879829434707,2380,0,1456611414433
Running observer at: 1456611424908
production-topology3-3-1456611081,0.9951283166594171,0.9706236256075899,2480,0,1456611425443
production-topology1-1-1456611067,0.8977078684026877,0.9971010081637951,2060,0,1456611425443
production-topology2-2-1456611074,0.8518659864698951,0.9951636330150142,2020,0,1456611425443
production-topology4-4-1456611088,1.038151066554561,0.9636930184952894,2120,0,1456611425444
Running observer at: 1456611436096
production-topology3-3-1456611081,0.9839764030612244,1.003422839042964,1960,0,1456611436668
production-topology1-1-1456611067,1.2083104968895186,1.0013542500793744,2160,0,1456611436669
production-topology2-2-1456611074,1.1272018970189703,1.0070114140457762,2200,0,1456611436669
production-topology4-4-1456611088,0.9823556475730388,0.9964382067477241,2160,0,1456611436669
Running observer at: 1456611447206
production-topology3-3-1456611081,1.0702518884031629,1.0034072156431526,2200,0,1456611447691
production-topology1-1-1456611067,0.9909753735596172,1.0006622445095181,2420,0,1456611447691
production-topology2-2-1456611074,1.1363564623960705,1.0034133531568068,2400,0,1456611447691
production-topology4-4-1456611088,0.9830748508434458,1.0074881877102912,2420,0,1456611447691
Running observer at: 1456611458165
production-topology3-3-1456611081,1.0623785865388775,1.00366284942606,2360,0,1456611458719
production-topology1-1-1456611067,0.955079928018607,0.9987524727280054,1980,0,1456611458719
production-topology2-2-1456611074,1.113407084664727,1.0113240798466065,2000,0,1456611458719
production-topology4-4-1456611088,0.982815893843674,1.001561653012935,1980,0,1456611458719
Running observer at: 1456611469362
production-topology3-3-1456611081,0.8526878727986187,0.9990247016416962,1980,0,1456611469937
production-topology1-1-1456611067,0.9265029562341583,0.999257207816914,2240,0,1456611469937
production-topology2-2-1456611074,1.0031389519647083,1.0049977032497328,2200,0,1456611469938
production-topology4-4-1456611088,1.089534320147834,1.0037016451253669,2140,0,1456611469938
Running observer at: 1456611480538
production-topology3-3-1456611081,1.02226373748149,1.0010359624237097,2240,0,1456611481091
production-topology1-1-1456611067,1.239348544383457,1.0090165255896701,2320,0,1456611481091
production-topology2-2-1456611074,0.916685957196069,1.0074422594263546,2440,0,1456611481091
production-topology4-4-1456611088,0.9372586265647883,1.0009759371170672,2420,0,1456611481091
Running observer at: 1456611491592
production-topology3-3-1456611081,0.9981192154716574,1.0008955960588284,2380,0,1456611492140
production-topology1-1-1456611067,0.8728153452747252,1.0034917265115106,2120,0,1456611492140
production-topology2-2-1456611074,1.0399090929343264,1.0071087917655956,1980,0,1456611492140
production-topology4-4-1456611088,1.0851383455653258,1.0036156417368423,2000,0,1456611492141
Running observer at: 1456611502767
production-topology3-3-1456611081,1.031752076523442,1.0005022373430255,1900,0,1456611503325
production-topology1-1-1456611067,0.8379319530342103,1.0008156109941724,2080,0,1456611503325
production-topology2-2-1456611074,0.9369387398022115,1.0013899844069367,2140,0,1456611503326
production-topology4-4-1456611088,0.9314538881742972,1.0029371438231602,2260,0,1456611503326
Running observer at: 1456611513875
production-topology3-3-1456611081,0.9838392720914813,1.0008243757480633,2320,0,1456611514445
production-topology1-1-1456611067,1.1624772226015003,1.0011809610810563,2520,0,1456611514445
production-topology2-2-1456611074,0.9972454594912775,1.0021521667615096,2480,0,1456611514445
production-topology4-4-1456611088,1.0272322551696589,1.0033865828059683,2360,0,1456611514445
Running observer at: 1456611524913
production-topology3-3-1456611081,1.032520943271278,0.9999036665362733,2420,0,1456611525459
production-topology1-1-1456611067,1.0807487551982817,1.0072653579971758,1960,0,1456611525459
production-topology2-2-1456611074,1.0106287925490065,0.9998164013669444,2020,0,1456611525459
production-topology4-4-1456611088,1.0516701049558088,1.0057092704539923,2020,0,1456611525459
Running observer at: 1456611536036
production-topology3-3-1456611081,1.0828957028693424,1.0037075237595752,1900,0,1456611536642
production-topology1-1-1456611067,0.9472024569881823,1.0032087083355168,2160,0,1456611536642
production-topology2-2-1456611074,1.0265995404869783,1.006013974433682,2080,0,1456611536643
production-topology4-4-1456611088,1.0215671940202862,1.0037163477013233,2140,0,1456611536643
Running observer at: 1456611547217
production-topology3-3-1456611081,0.9679912205078749,1.0039059932672891,2180,0,1456611547750
production-topology1-1-1456611067,0.8795447996992775,1.000433504066321,2460,0,1456611547751
production-topology2-2-1456611074,0.877204034875609,1.0023996081529474,2580,0,1456611547751
production-topology4-4-1456611088,0.999171911520306,1.0045689444261068,2420,0,1456611547751
Running observer at: 1456611558219
production-topology3-3-1456611081,0.9908326270541652,1.0015960423774641,2440,0,1456611558759
production-topology1-1-1456611067,1.2240935728876354,1.0105242943954524,1960,0,1456611558759
production-topology2-2-1456611074,1.125068054833186,1.0071095236958465,1980,0,1456611558759
production-topology4-4-1456611088,0.9508936350865962,1.002028143097122,2040,0,1456611558759
Running observer at: 1456611569379
production-topology3-3-1456611081,1.0285443126722034,1.0030922134940548,1940,0,1456611569974
production-topology1-1-1456611067,0.8912432055228924,1.0033026723901926,2200,0,1456611569974
production-topology2-2-1456611074,1.0448055016011872,1.0063685861557603,2160,0,1456611569974
production-topology4-4-1456611088,1.0228682599156702,1.002894849258877,2280,0,1456611569975
Running observer at: 1456611580541
production-topology3-3-1456611081,0.9667972452138749,1.00141462044671,2380,0,1456611581039
production-topology1-1-1456611067,1.0343187522290458,1.0031991773222757,2460,0,1456611581039
production-topology2-2-1456611074,0.8873968135884284,1.0018649661044343,2380,0,1456611581039
production-topology4-4-1456611088,1.0051775281949669,1.0026955866415304,2280,0,1456611581039
Running observer at: 1456611591600
production-topology3-3-1456611081,1.0514611970680146,1.0038807773681975,2300,0,1456611592153
production-topology1-1-1456611067,1.0332157318152912,1.007619470570406,2020,0,1456611592153
production-topology2-2-1456611074,1.1467578598278287,1.0072944985374215,2000,0,1456611592153
production-topology4-4-1456611088,0.9767410240422866,1.0021720665753278,2020,0,1456611592153
Running observer at: 1456611602775
production-topology3-3-1456611081,0.899311427399717,0.9997246524170649,1980,0,1456611603355
production-topology1-1-1456611067,1.038726759965698,1.0052667902802503,2300,0,1456611603355
production-topology2-2-1456611074,1.008809759236121,1.0078147201675824,2340,0,1456611603356
production-topology4-4-1456611088,1.0417393784236983,1.0038191204583105,2320,0,1456611603356
Running observer at: 1456611613928
production-topology3-3-1456611081,1.0972890986132513,1.0042713866469177,2160,0,1456611614404
production-topology1-1-1456611067,0.9123259470403927,1.004362250142092,2280,0,1456611614404
production-topology2-2-1456611074,1.005294724513655,1.0097436798207087,2260,0,1456611614405
production-topology4-4-1456611088,1.0114511608366472,1.0046749843863958,2260,0,1456611614405
Running observer at: 1456611624891
production-topology3-3-1456611081,0.9910102535093641,1.0027286862973432,2460,0,1456611625397
production-topology1-1-1456611067,1.0412741644823067,1.0100480883813487,2180,0,1456611625397
production-topology2-2-1456611074,1.0348131587352283,1.006536642184249,2020,0,1456611625397
production-topology4-4-1456611088,0.8621141769905192,0.9989588679774286,2120,0,1456611625397
Running observer at: 1456611635925
production-topology3-3-1456611081,1.0091169390218375,1.0044740287368814,1900,0,1456611636505
production-topology1-1-1456611067,0.9682692035633214,1.0013507279538258,2020,0,1456611636505
production-topology2-2-1456611074,0.9241710846649119,1.002953496821678,2160,0,1456611636505
production-topology4-4-1456611088,1.0581568967125703,1.001425040723446,2120,0,1456611636505
Running observer at: 1456611647000
production-topology3-3-1456611081,1.0614583395784871,1.005447819133455,2240,0,1456611647591
production-topology1-1-1456611067,1.0163250459729394,1.0045769671841605,2360,0,1456611647591
production-topology2-2-1456611074,1.0210516906368414,1.0048227204698856,2140,0,1456611647591
production-topology4-4-1456611088,1.036542237303621,1.003727684212311,2280,0,1456611647591
Running observer at: 1456611658085
production-topology3-3-1456611081,0.934401700795455,1.004015284301071,2360,0,1456611658592
production-topology1-1-1456611067,1.1150686947090698,1.0067104182442204,2000,0,1456611658592
production-topology2-2-1456611074,0.8913891912389794,1.0016945261693624,2260,0,1456611658592
production-topology4-4-1456611088,0.9473631889739731,1.0034992099907691,2060,0,1456611658592
Running observer at: 1456611669183
production-topology3-3-1456611081,1.0019547170327867,1.001542890539216,2060,0,1456611669780
production-topology1-1-1456611067,0.8468213465173767,1.002054422606088,2300,0,1456611669780
production-topology2-2-1456611074,1.1509149032785397,1.0079621446076816,2200,0,1456611669780
production-topology4-4-1456611088,1.1182101548166834,1.0070468884854442,2200,0,1456611669781
Running observer at: 1456611680268
production-topology3-3-1456611081,1.0006460231966643,1.002345646633766,2320,0,1456611680791
production-topology1-1-1456611067,0.9663965267973571,1.0012940324409674,2380,0,1456611680792
production-topology2-2-1456611074,1.0040343697267102,1.0074968773887276,2180,0,1456611680792
production-topology4-4-1456611088,0.8931812495931765,0.998544214553561,2320,0,1456611680792
Running observer at: 1456611691326
production-topology3-3-1456611081,1.0186645288755567,1.0013332668476924,2280,0,1456611691909
production-topology1-1-1456611067,0.962766932379249,1.0030014622942467,1960,0,1456611691910
production-topology2-2-1456611074,0.9672383282297076,1.0070069267448396,2300,0,1456611691910
production-topology4-4-1456611088,1.0848585205448866,1.004895373469796,2040,0,1456611691910
Running observer at: 1456611702439
production-topology3-3-1456611081,0.9855587002073232,1.002455309287535,2000,0,1456611703053
production-topology1-1-1456611067,1.0393339768339769,1.0036360432429985,2240,0,1456611703053
production-topology2-2-1456611074,1.0944144289206685,1.0122678709972026,2100,0,1456611703053
production-topology4-4-1456611088,0.988717458443724,1.004549953092512,2280,0,1456611703054
Running observer at: 1456611713617
production-topology3-3-1456611081,1.0167743921206527,1.0037576338611507,2280,0,1456611714157
production-topology1-1-1456611067,1.0934427195478547,1.0036000200286617,2380,0,1456611714157
production-topology2-2-1456611074,1.0843382872388785,1.0099002695653858,2100,0,1456611714157
production-topology4-4-1456611088,0.9451176693130606,1.0021808403199344,2280,0,1456611714157
Running observer at: 1456611724620
production-topology3-3-1456611081,0.9390753745934051,0.9996458392274299,2300,0,1456611725197
production-topology1-1-1456611067,1.1165003683611279,1.0094672559088158,2000,0,1456611725197
production-topology2-2-1456611074,0.9126962794261364,1.0114155985368558,2340,0,1456611725197
production-topology4-4-1456611088,0.9995656213704993,1.0020975614874432,2120,0,1456611725197
/var/nimbus/storm/bin/storm rebalance production-topology3 -e spout_head=11
1456611725556
/var/nimbus/storm/bin/storm rebalance production-topology2 -e spout_head=9
Running observer at: 1456611735751
production-topology3-3-1456611081,1.0013737576612978,1.0013737576612978,125520,0,1456611736338
production-topology1-1-1456611067,0.9294295075350004,1.0089129948605338,2220,0,1456611736339
production-topology2-2-1456611074,1.0005884967149556,1.0005884967149556,127580,0,1456611736339
production-topology4-4-1456611088,0.9879425678095204,1.0022750743858473,2260,0,1456611736339
Running observer at: 1456611746859
production-topology3-3-1456611081,0.9737824675324676,0.9875781125968827,200,0,1456611747451
production-topology1-1-1456611067,0.9032762453885806,1.0043824800611114,2440,0,1456611747451
production-topology2-2-1456611074,1.05,1.0252942483574778,120,0,1456611747451
production-topology4-4-1456611088,1.0593657933757152,1.0039810208893614,2120,0,1456611747452
Running observer at: 1456611757959
production-topology3-3-1456611081,2.0,1.3250520750645884,0,0,1456611758565
production-topology1-1-1456611067,1.2236138700349024,1.015246013448852,1920,0,1456611758565
production-topology2-2-1456611074,1.0,1.0168628322383186,0,0,1456611758566
production-topology4-4-1456611088,0.9442066165740366,1.0008495392233439,2240,0,1456611758566
Running observer at: 1456611764000
production-topology3-3-1456611081,2.0,1.4937890562984413,0,0,1456611764595
production-topology1-1-1456611067,0.8099045504829722,1.0019658152353004,1220,0,1456611764595
production-topology2-2-1456611074,1.0,1.012647124178739,0,0,1456611764595
production-topology4-4-1456611088,1.0584255425197453,1.0033852023882341,1120,0,1456611764595
Running observer at: 1456611765168
production-topology3-3-1456611081,0.0,1.195031245038753,113140,0,1456611765796
production-topology1-1-1456611067,1.3792060491493383,1.0149068377549577,460,0,1456611765796
production-topology2-2-1456611074,1.0,1.0101176993429912,0,0,1456611765796
production-topology4-4-1456611088,1.1271706117822664,1.008188394419528,340,0,1456611765796
Running observer at: 1456611769082
production-topology3-3-1456611081,0.996538148205506,1.1619490622332118,75800,0,1456611769641
production-topology1-1-1456611067,1.0309184028641043,1.0174347869164742,560,0,1456611769641
production-topology2-2-1456611074,0.9974956376812587,1.008014022399369,0,0,1456611769641
production-topology4-4-1456611088,0.8546903392514794,1.0039175425997882,860,0,1456611769641
Running observer at: 1456611780145
production-topology3-3-1456611081,0.30873657944060434,1.0400615646914109,1660,0,1456611780616
production-topology1-1-1456611067,1.0072211716571893,1.020125394097242,2340,0,1456611780616
production-topology2-2-1456611074,0.9974956376812587,1.0065113960110676,0,0,1456611780616
production-topology4-4-1456611088,0.9748549560181355,1.0000948971287982,2120,0,1456611780617
Running observer at: 1456611791094
production-topology3-3-1456611081,1.0729705578308555,1.0441751888338413,2400,0,1456611791724
production-topology1-1-1456611067,0.9061400835341183,1.0090184454022642,2100,0,1456611791725
production-topology2-2-1456611074,3.26797385620915E-5,0.8807015564770044,600,0,1456611791725
production-topology4-4-1456611088,1.0501187207830294,1.0038569002694062,2180,0,1456611791725
Running observer at: 1456611802161
production-topology3-3-1456611081,1.117185532044806,1.0522874491906151,2080,0,1456611802700
production-topology1-1-1456611067,1.1181567408040938,1.0171964919199097,2160,0,1456611802700
production-topology2-2-1456611074,0.02660861151427189,0.7858023403700342,1060,0,1456611802700
production-topology4-4-1456611088,0.9792190853060417,1.0003262582607635,2220,0,1456611802701
Running observer at: 1456611813281
production-topology3-3-1456611081,0.9826311668416929,1.045321820955723,2660,0,1456611813798
production-topology1-1-1456611067,0.9938285141867013,1.022393043958326,2300,0,1456611813798
production-topology2-2-1456611074,0.03697478991596639,0.7109195853246273,1140,0,1456611813798
production-topology4-4-1456611088,0.9882165108753621,1.0022183456841323,2240,0,1456611813799
Running observer at: 1456611824382
production-topology3-3-1456611081,1.0410163916713169,1.044930418293504,2480,0,1456611824941
production-topology1-1-1456611067,1.0562962881000855,1.0188536794749454,2080,0,1456611824941
production-topology2-2-1456611074,0.06348558537110725,0.6520619489652164,1080,0,1456611824942
production-topology4-4-1456611088,0.9748068863585404,1.0004708333904284,2120,0,1456611824942
Running observer at: 1456611835444
production-topology3-3-1456611081,1.0497010020288848,1.045327966938119,2160,0,1456611835986
production-topology1-1-1456611067,0.8817965230716637,1.0122219384040583,2260,0,1456611835986
production-topology2-2-1456611074,0.19939010086793338,0.6143392949571095,1160,0,1456611835986
production-topology4-4-1456611088,1.0256252477864412,0.9996026714847827,2300,0,1456611835987
Running observer at: 1456611846549
production-topology3-3-1456611081,1.00341643907073,1.0421040032560123,2660,0,1456611847065
production-topology1-1-1456611067,0.9826051442747094,1.013402027980276,2280,0,1456611847065
production-topology2-2-1456611074,0.026525198938992047,0.569122826032639,1040,0,1456611847065
production-topology4-4-1456611088,1.040546394249343,1.0002353114924178,2040,0,1456611847065
Running observer at: 1456611857623
production-topology3-3-1456611081,1.0220316654019457,1.0406702648378645,2380,0,1456611858162
production-topology1-1-1456611067,0.9637417960263752,1.0162085945245125,2040,0,1456611858162
production-topology2-2-1456611074,0.01603238866396761,0.5296163662205909,1140,0,1456611858163
production-topology4-4-1456611088,1.020448842239678,1.000944542516397,2240,0,1456611858163
Running observer at: 1456611868681
production-topology3-3-1456611081,1.0458269786969177,1.0410140457618013,2220,0,1456611869198
production-topology1-1-1456611067,1.0838963963963966,1.0115353553081379,2300,0,1456611869199
production-topology2-2-1456611074,0.011593609875027703,0.4950815157975534,1120,0,1456611869199
production-topology4-4-1456611088,0.9879426999917527,1.0021795113465688,2300,0,1456611869199
Running observer at: 1456611879676
production-topology3-3-1456611081,0.9681478439328948,1.0364599081474948,2720,0,1456611880226
production-topology1-1-1456611067,1.0366905690515735,1.0163836007590938,2260,0,1456611880226
production-topology2-2-1456611074,0.11202830188679244,0.47114068992813085,1060,0,1456611880227
production-topology4-4-1456611088,1.0797924491304283,1.004076984320394,1960,0,1456611880227
Running observer at: 1456611890813
production-topology3-3-1456611081,0.9275533684240368,1.0300536411049384,2300,0,1456611891378
production-topology1-1-1456611067,0.8915669451343419,1.0116252071892704,2060,0,1456611891378
production-topology2-2-1456611074,0.07794784580498866,0.4480116990973578,1120,0,1456611891378
production-topology4-4-1456611088,0.9745078542199084,1.0030546618545588,2280,0,1456611891378
Running observer at: 1456611901954
production-topology3-3-1456611081,1.0753730212399237,1.032571384445771,2280,0,1456611902482
production-topology1-1-1456611067,1.047402513326847,1.0120980999063223,2300,0,1456611902482
production-topology2-2-1456611074,0.024011642008246424,0.4244561403701849,1140,0,1456611902483
production-topology4-4-1456611088,0.976404928213866,1.003043458660278,2340,0,1456611902483
Running observer at: 1456611913041
production-topology3-3-1456611081,1.0223256800440466,1.0320321368456802,2660,0,1456611913604
production-topology1-1-1456611067,1.051881220468483,1.0125365819230818,2320,0,1456611913604
production-topology2-2-1456611074,0.012425931701231869,0.40277033991392425,1060,0,1456611913604
production-topology4-4-1456611088,0.9768690867003369,1.0008811156028325,1980,0,1456611913604
/var/nimbus/storm/bin/storm rebalance production-topology2 -e bolt_output_sink=11
1456611913890
/var/nimbus/storm/bin/storm rebalance production-topology4 -e bolt_output_1=9
Running observer at: 1456611924175
production-topology3-3-1456611081,0.9967486903295115,1.0302679645198718,2220,0,1456611924730
production-topology1-1-1456611067,1.0438957328386593,1.0169222414496908,1940,0,1456611924730
production-topology2-2-1456611074,0.049709716490974276,0.049709716490974276,13780,0,1456611924730
production-topology4-4-1456611088,0.9995392491088351,0.9995392491088351,162080,0,1456611924730
Running observer at: 1456611935249
production-topology3-3-1456611081,1.007536267531546,1.0291855027585228,2340,0,1456611935779
production-topology1-1-1456611067,0.8893558886602603,1.0118582989222893,2320,0,1456611935779
production-topology2-2-1456611074,0.0,0.024854858245487138,40,0,1456611935779
production-topology4-4-1456611088,1.064351851851852,1.0319455504803434,120,0,1456611935779
Running observer at: 1456611946337
production-topology3-3-1456611081,0.990051245449455,1.027406672880838,2760,0,1456611946878
production-topology1-1-1456611067,1.1471143061317108,1.0178198023412357,2320,0,1456611946879
production-topology2-2-1456611074,1.0,0.34990323883032476,0,0,1456611946879
production-topology4-4-1456611088,2.0,1.3546303669868955,0,0,1456611946879
Running observer at: 1456611952631
production-topology3-3-1456611081,0.9421584880636605,1.0237002300626998,1340,0,1456611953160
production-topology1-1-1456611067,1.1616909542407534,1.0226653326168296,1140,0,1456611953160
production-topology2-2-1456611074,1.0,0.5124274291227435,0,0,1456611953160
production-topology4-4-1456611088,2.0,1.5159727752401717,0,0,1456611953160
Running observer at: 1456611953692
production-topology3-3-1456611081,2.0,1.0643793871434206,0,0,1456611954289
production-topology1-1-1456611067,2.488888888888889,1.06845933908949,100,0,1456611954289
production-topology2-2-1456611074,1.0,0.6099419432981948,0,0,1456611954289
production-topology4-4-1456611088,2.0,1.6127782201921375,0,0,1456611954290
Running observer at: 1456611957294
production-topology3-3-1456611081,1.2260458839406208,1.0708460470153087,780,0,1456611957812
production-topology1-1-1456611067,0.5548226358987753,1.0587260487355368,700,0,1456611957812
production-topology2-2-1456611074,1.0,0.6749516194151624,0,0,1456611957812
production-topology4-4-1456611088,0.0,1.3439818501601144,0,0,1456611957812
Running observer at: 1456611968314
production-topology3-3-1456611081,0.9961138899600601,1.0679717332824146,2440,0,1456611968759
production-topology1-1-1456611067,1.0365970718184183,1.0610660669029055,2380,0,1456611968759
production-topology2-2-1456611074,0.0,0.5785299594987106,240,0,1456611968759
production-topology4-4-1456611088,0.0,1.1519844429943837,0,0,1456611968759
Running observer at: 1456611979183
production-topology3-3-1456611081,1.0323862844255833,1.0666537536951244,2500,0,1456611979698
production-topology1-1-1456611067,0.996662596953994,1.06219592238873,2040,0,1456611979699
production-topology2-2-1456611074,0.7755207911161547,0.6031538134508911,1460,0,1456611979699
production-topology4-4-1456611088,0.3645502645502645,1.0535551706888688,420,0,1456611979699
Running observer at: 1456611990206
production-topology3-3-1456611081,0.9102720196470195,1.061068691764835,2200,0,1456611990790
production-topology1-1-1456611067,1.0118794752810933,1.0612807723369675,2140,0,1456611990790
production-topology2-2-1456611074,1.1385194310514501,0.6626388820731755,1780,0,1456611990790
production-topology4-4-1456611088,1.1332542362183975,1.062410622414372,1940,0,1456611990790
Running observer at: 1456612001523
production-topology3-3-1456611081,1.0190869375430813,1.0596210450675332,2560,0,1456612002025
production-topology1-1-1456611067,1.0045506765374081,1.0583177042366192,2400,0,1456612002026
production-topology2-2-1456611074,0.9021529695284919,0.6865902908187071,2120,0,1456612002026
production-topology4-4-1456611088,0.9797341114378859,1.0541429713167232,2500,0,1456612002026
Running observer at: 1456612012510
production-topology3-3-1456611081,1.00434255020448,1.0577784285720981,2540,0,1456612013075
production-topology1-1-1456611067,0.9376429115853658,1.0523557890107604,2000,0,1456612013076
production-topology2-2-1456611074,0.9526515266721781,0.7107776758962955,2200,0,1456612013076
production-topology4-4-1456611088,1.0463890125105078,1.0534380659707037,2140,0,1456612013076
Running observer at: 1456612023538
production-topology3-3-1456611081,0.9879162421271028,1.0573298447209585,2140,0,1456612024046
production-topology1-1-1456611067,0.9971465895275959,1.0546130250771804,2260,0,1456612024046
production-topology2-2-1456611074,1.0830687830687828,0.741801934827336,1700,0,1456612024046
production-topology4-4-1456611088,1.0486107908282651,1.0530357930421672,2060,0,1456612024047
Running observer at: 1456612034673
production-topology3-3-1456611081,0.9567124127080481,1.0567608428934778,2700,0,1456612035188
production-topology1-1-1456611067,1.070457400180931,1.0601857302369253,2300,0,1456612035188
production-topology2-2-1456611074,0.8745067178149926,0.7520099950571558,2000,0,1456612035188
production-topology4-4-1456611088,1.0050594041097471,1.0493453015858272,2400,0,1456612035188
Running observer at: 1456612045720
production-topology3-3-1456611081,1.1201593131822638,1.0274328199995533,2400,0,1456612046315
production-topology1-1-1456611067,0.9964246064891755,1.052612754785401,2140,0,1456612046315
production-topology2-2-1456611074,1.0544254691578117,0.7736111003500598,1980,0,1456612046315
production-topology4-4-1456611088,0.9211594752548847,1.040189171133617,1980,0,1456612046315
Running observer at: 1456612056839
production-topology3-3-1456611081,0.9352906501477405,0.9919425083378113,2260,0,1456612057362
production-topology1-1-1456611067,0.9663041174375436,1.0578260736838867,2080,0,1456612057362
production-topology2-2-1456611074,1.0717743601299456,0.7934886510020521,1980,0,1456612057362
production-topology4-4-1456611088,0.9952732652312483,1.0371947774067924,2240,0,1456612057362
Running observer at: 1456612068012
production-topology3-3-1456611081,0.9766347566300637,1.02449700022548,2600,0,1456612068513
production-topology1-1-1456611067,1.006634932176528,1.0454070364514596,2480,0,1456612068514
production-topology2-2-1456611074,1.0371336957503678,0.8087164662988219,2060,0,1456612068514
production-topology4-4-1456611088,1.050042897917923,1.037997784938738,2440,0,1456612068514
Running observer at: 1456612079046
production-topology3-3-1456611081,1.0387567614348598,1.0259042873331252,2420,0,1456612079597
production-topology1-1-1456611067,1.0756121849092368,1.0468968291862975,1960,0,1456612079597
production-topology2-2-1456611074,0.9721646737226728,0.818331066735519,1940,0,1456612079597
production-topology4-4-1456611088,1.0124572349125893,1.0364953996430821,1880,0,1456612079597
Running observer at: 1456612090122
production-topology3-3-1456611081,0.9801803193969045,1.0482857453316685,2160,0,1456612090655
production-topology1-1-1456611067,0.9332378161293824,1.0444307173353704,2120,0,1456612090655
production-topology2-2-1456611074,0.9729554862160383,0.8269213122622145,1920,0,1456612090655
production-topology4-4-1456611088,0.9827268838783952,1.0335082598783774,2340,0,1456612090655
Running observer at: 1456612101251
production-topology3-3-1456611081,1.0271696673043265,1.0467590489807843,2660,0,1456612101793
production-topology1-1-1456611067,1.0179968785205171,1.0481592771682502,2440,0,1456612101793
production-topology2-2-1456611074,1.1935525412087913,0.8462176927330871,2040,0,1456612101793
production-topology4-4-1456611088,0.996194995216793,1.0315444038435573,2240,0,1456612101794
Running observer at: 1456612112298
production-topology3-3-1456611081,1.0380155630874024,1.0441200500155374,2320,0,1456612112918
production-topology1-1-1456611067,1.0484897809627491,1.045837045173539,1980,0,1456612112918
production-topology2-2-1456611074,0.9220572495390896,0.8500096705733873,1880,0,1456612112918
production-topology4-4-1456611088,1.0048621941932487,1.0302102933610418,1920,0,1456612112918
Running observer at: 1456612123449
production-topology3-3-1456611081,0.9395147637713068,1.042682836579858,2300,0,1456612123935
production-topology1-1-1456611067,0.888993602731312,1.042342548125026,2320,0,1456612123935
production-topology2-2-1456611074,0.9852689616008529,0.8564505891937427,2040,0,1456612123935
production-topology4-4-1456611088,0.9737790775489741,1.0275230926080863,2400,0,1456612123935
Running observer at: 1456612134527
production-topology3-3-1456611081,0.971725674721607,1.0403731460148675,2720,0,1456612135053
production-topology1-1-1456611067,1.1446834989739552,1.0452887884874882,2280,0,1456612135053
production-topology2-2-1456611074,1.062483052468725,0.8658157011607873,2040,0,1456612135054
production-topology4-4-1456611088,1.0946940734476631,1.0305763190098851,2260,0,1456612135054
Running observer at: 1456612145459
production-topology3-3-1456611081,1.0329927884615384,1.0398162055626228,2140,0,1456612146093
production-topology1-1-1456611067,0.9746186797159815,1.048382860375632,1900,0,1456612146093
production-topology2-2-1456611074,1.0240475450142208,0.8726953465457192,1920,0,1456612146093
production-topology4-4-1456611088,1.0002467105263158,1.0292576403801648,1900,0,1456612146093
Running observer at: 1456612156620
production-topology3-3-1456611081,1.015263879942221,1.040211120258339,2460,0,1456612157115
production-topology1-1-1456611067,0.9711551606288449,1.0480011942541032,2400,0,1456612157115
production-topology2-2-1456611074,0.9976558777140175,0.8779020353443983,2000,0,1456612157115
production-topology4-4-1456611088,0.9810833648271879,1.0272503788987908,2480,0,1456612157116
Running observer at: 1456612167583
production-topology3-3-1456611081,0.9802719666707322,1.0388191303006318,2680,0,1456612168215
production-topology1-1-1456611067,0.9573759573759573,1.0477889996324228,2320,0,1456612168215
production-topology2-2-1456611074,0.9723970508901276,0.8816818359662274,2080,0,1456612168216
production-topology4-4-1456611088,0.9845978052772484,1.025544275953929,2120,0,1456612168216
Running observer at: 1456612178705
production-topology3-3-1456611081,0.9477138445056628,1.0355486924942567,1980,0,1456612179421
production-topology1-1-1456611067,0.9696257331115874,1.043979977522929,1900,0,1456612179421
production-topology2-2-1456611074,0.9856830289193301,0.885681881849039,1720,0,1456612179421
production-topology4-4-1456611088,0.9800039960606409,1.023792726727264,1980,0,1456612179421
Running observer at: 1456612189888
production-topology3-3-1456611081,1.0446863348301303,1.0380999755241647,2620,0,1456612190360
production-topology1-1-1456611067,0.9972367164421485,1.0426648491026147,2460,0,1456612190360
production-topology2-2-1456611074,0.8517455548402952,0.8844249808487151,2260,0,1456612190360
production-topology4-4-1456611088,1.0616579833095119,1.0251951436377178,2460,0,1456612190360
Running observer at: 1456612200827
production-topology3-3-1456611081,1.0284737707319453,1.0414639889344284,2620,0,1456612201351
production-topology1-1-1456611067,0.9931916023837236,1.0460523376775943,2260,0,1456612201351
production-topology2-2-1456611074,1.3478642537428616,0.9009763834520775,1920,0,1456612201351
production-topology4-4-1456611088,0.9158949379846995,1.0212915648643957,2220,0,1456612201351
Running observer at: 1456612211820
production-topology3-3-1456611081,0.8936010135184657,1.0354049220103798,2100,0,1456612212297
production-topology1-1-1456611067,1.127183416743525,1.0487117011248168,1960,0,1456612212297
production-topology2-2-1456611074,1.071974343010913,0.9068728648161752,1720,0,1456612212297
production-topology4-4-1456611088,1.0769933768427733,1.023212317001581,2020,0,1456612212297
Running observer at: 1456612222977
production-topology3-3-1456611081,1.058898051901425,1.0366240010722922,2580,0,1456612223454
production-topology1-1-1456611067,0.9874993465132139,1.0465656386596411,2360,0,1456612223454
production-topology2-2-1456611074,0.8260334778638165,0.90417821858443,2280,0,1456612223455
production-topology4-4-1456611088,1.007393957125748,1.022685038339053,2420,0,1456612223455
Running observer at: 1456612234079
production-topology3-3-1456611081,1.0648780078833155,1.0388949783240857,2660,0,1456612234572
production-topology1-1-1456611067,1.1014125710862162,1.0484828666012265,2340,0,1456612234572
production-topology2-2-1456611074,1.028521746379907,0.9368052862473946,2020,0,1456612234572
production-topology4-4-1456611088,0.9255946955102533,1.0202202198857673,2180,0,1456612234572
Running observer at: 1456612245097
production-topology3-3-1456611081,0.9575705940691421,1.037229455875339,2020,0,1456612245574
production-topology1-1-1456611067,0.975021947087521,1.051338401882135,1980,0,1456612245574
production-topology2-2-1456611074,0.9519940869932482,0.9685384224805028,1780,0,1456612245574
production-topology4-4-1456611088,1.0422556009926252,1.0194836781904597,2080,0,1456612245574
Running observer at: 1456612256036
production-topology3-3-1456611081,1.02192946487919,1.0382920631896635,2660,0,1456612256554
production-topology1-1-1456611067,1.016464101078386,1.0469833950470242,2400,0,1456612256554
production-topology2-2-1456611074,1.023600154276014,0.9693250942897033,2060,0,1456612256554
production-topology4-4-1456611088,1.0371419017008114,0.9873884082471533,2380,0,1456612256554
Running observer at: 1456612267008
production-topology3-3-1456611081,0.9314633650489899,1.0379355590891746,2040,0,1456612267714
production-topology1-1-1456611067,1.0216253655533327,1.0423145420907771,1780,0,1456612267714
production-topology2-2-1456611074,1.0681965711793053,0.9715983133290135,1860,0,1456612267714
production-topology4-4-1456611088,1.0142999623943365,0.9545317403269646,1740,0,1456612267714
Running observer at: 1456612278281
production-topology3-3-1456611081,1.051320630246647,1.0063129134307294,2640,0,1456612278890
production-topology1-1-1456611067,0.9530078682429335,0.9911185080692452,2440,0,1456612278890
production-topology2-2-1456611074,0.9275928344265647,0.9691847411432324,2120,0,1456612278891
production-topology4-4-1456611088,0.9225422850967305,0.9186164831635223,2480,0,1456612278891
/var/nimbus/storm/bin/storm rebalance production-topology1 -e spout_head=11
1456612279183
/var/nimbus/storm/bin/storm rebalance production-topology3 -e bolt_output_1=9
Running observer at: 1456612289348
production-topology1-1-1456611067,1.0017801281886773,1.0017801281886773,238640,0,1456612289835
production-topology3-3-1456611081,0.9963963676361116,0.9963963676361116,188640,0,1456612289835
production-topology2-2-1456611074,0.951839552212234,0.9675793928836403,1940,0,1456612289835
production-topology4-4-1456611088,1.0832448770280307,0.9547246457311233,2380,0,1456612289835
Running observer at: 1456612300307
production-topology1-1-1456611067,1.0,1.0008900640943388,0,0,1456612301047
production-topology3-3-1456611081,0.5,0.7481981838180558,20,0,1456612301048
production-topology2-2-1456611074,1.1088787859880709,1.0045420190832426,1840,0,1456612301048
production-topology4-4-1456611088,0.9429260088609963,0.9861555126931566,1800,0,1456612301048
Running observer at: 1456612311596
production-topology1-1-1456611067,1.0,1.0005933760628924,0,0,1456612312099
production-topology3-3-1456611081,2.0,1.1654654558787039,0,0,1456612312099
production-topology2-2-1456611074,0.9966513359803851,1.0119130372453837,2120,0,1456612312099
production-topology4-4-1456611088,1.0447023562647975,1.0088272490836407,2420,0,1456612312099
Running observer at: 1456612317760
production-topology1-1-1456611067,1.0,1.0004450320471694,0,0,1456612318258
production-topology3-3-1456611081,2.0,1.374099091909028,0,0,1456612318258
production-topology2-2-1456611074,0.9367948418954051,1.0051888842735155,1080,0,1456612318258
production-topology4-4-1456611088,0.9914226937451562,1.0040995310011995,1220,0,1456612318258
Running observer at: 1456612318788
production-topology1-1-1456611067,0.0,0.8003560256377356,214840,0,1456612319532
production-topology3-3-1456611081,2.0,1.4992792735272222,0,0,1456612319532
production-topology2-2-1456611074,0.35714285714285715,0.9870218805273278,120,0,1456612319532
production-topology4-4-1456611088,2.0,1.03810839395327,0,0,1456612319533
Running observer at: 1456612322568
production-topology1-1-1456611067,0.9988153482153999,0.8334325794006796,191420,0,1456612323066
production-topology3-3-1456611081,0.0,1.2493993946060187,0,0,1456612323066
production-topology2-2-1456611074,1.4146236558361847,1.0024209514994613,820,0,1456612323066
production-topology4-4-1456611088,1.0575308646378756,1.0384797890241821,1120,0,1456612323066
Running observer at: 1456612333513
production-topology1-1-1456611067,0.9951539653544971,0.8565356345369393,145400,0,1456612334001
production-topology3-3-1456611081,0.0,1.0709137668051587,0,0,1456612334002
production-topology2-2-1456611074,0.8914212076583212,0.9960326989857791,1800,0,1456612334002
production-topology4-4-1456611088,0.942951817832516,1.0349578232576573,1860,0,1456612334002
Running observer at: 1456612344610
production-topology1-1-1456611067,0.9147332971194523,0.8638103423597534,2700,0,1456612345109
production-topology3-3-1456611081,0.6864261181612379,1.0228528107246686,1780,0,1456612345110
production-topology2-2-1456611074,0.9544872846595571,0.998698717880598,2120,0,1456612345110
production-topology4-4-1456611088,0.9360114154300088,1.0326562236349994,2380,0,1456612345110
Running observer at: 1456612355631
production-topology1-1-1456611067,1.3124790824943273,0.9136624245969283,2220,0,1456612356249
production-topology3-3-1456611081,1.1533736800397967,1.0373551295374606,2340,0,1456612356249
production-topology2-2-1456611074,1.0178688128785671,0.9974801626712897,1960,0,1456612356249
production-topology4-4-1456611088,1.0585942115249956,1.0372373815106697,2040,0,1456612356249
Running observer at: 1456612366762
production-topology1-1-1456611067,0.986753003003003,0.9209714824375357,2400,0,1456612367283
production-topology3-3-1456611081,0.9730233486181252,1.0309219514455272,2500,0,1456612367283
production-topology2-2-1456611074,1.036600915230468,0.996307714507974,1960,0,1456612367284
production-topology4-4-1456611088,0.9871747129444174,1.0369674297677753,2240,0,1456612367284
Running observer at: 1456612377817
production-topology1-1-1456611067,1.0116025086212201,0.9292106666360525,2600,0,1456612378264
production-topology3-3-1456611081,1.082163936681457,1.0355803137397026,2460,0,1456612378264
production-topology2-2-1456611074,1.143854493231873,0.9998650744240242,2000,0,1456612378264
production-topology4-4-1456611088,1.0248107189440847,1.036126357135314,2380,0,1456612378264
Running observer at: 1456612388856
production-topology1-1-1456611067,0.8408211143695015,0.9218448706138398,2300,0,1456612389486
production-topology3-3-1456611081,1.0178283602872193,1.034100984285329,2120,0,1456612389487
production-topology2-2-1456611074,0.8092736632714557,0.9944353740756502,2000,0,1456612389487
production-topology4-4-1456611088,1.008918346212329,1.0360083941786387,1900,0,1456612389487
Running observer at: 1456612400007
production-topology1-1-1456611067,1.0805911256700418,0.9340561210027784,2400,0,1456612400475
production-topology3-3-1456611081,0.9773507450784091,1.029735581269412,2620,0,1456612400476
production-topology2-2-1456611074,0.9356691258342078,0.9931924953962558,1960,0,1456612400476
production-topology4-4-1456611088,1.0257040435255054,1.0374409661668758,2260,0,1456612400476
Running observer at: 1456612410898
production-topology1-1-1456611067,0.9990301767122742,0.9386971249820281,2640,0,1456612411362
production-topology3-3-1456611081,1.0437132640635605,1.03073398718328,2240,0,1456612411362
production-topology2-2-1456611074,1.2107691590908356,0.9937663826589904,1940,0,1456612411362
production-topology4-4-1456611088,0.9698439736199436,1.0365625987803142,2420,0,1456612411363
Running observer at: 1456612421877
production-topology1-1-1456611067,0.7954148066177523,0.9291449704244098,2020,0,1456612422521
production-topology3-3-1456611081,0.9541139969919856,1.0256259878371936,2400,0,1456612422521
production-topology2-2-1456611074,0.8210719579890406,0.990400206273989,1900,0,1456612422522
production-topology4-4-1456611088,0.9955506117908788,1.0362522127002352,1860,0,1456612422522
Running observer at: 1456612433083
production-topology1-1-1456611067,1.1336228588320323,0.9419248384498862,2660,0,1456612433570
production-topology3-3-1456611081,1.0687838487236951,1.0283233541425998,2580,0,1456612433570
production-topology2-2-1456611074,1.2262284083322388,0.9984321878317018,2020,0,1456612433570
production-topology4-4-1456611088,1.0294706138355356,1.0381085972431205,2400,0,1456612433571
Running observer at: 1456612444111
production-topology1-1-1456611067,0.9613557217896309,0.9430678315875182,2620,0,1456612444631
production-topology3-3-1456611081,0.9622998224020005,1.0244396169813879,2260,0,1456612444631
production-topology2-2-1456611074,0.858000042882849,0.9916160875121726,2120,0,1456612444631
production-topology4-4-1456611088,1.0290577572733546,1.0359207200373102,2440,0,1456612444631
Running observer at: 1456612455065
production-topology1-1-1456611067,1.0152906808537996,0.9470802121023115,2020,0,1456612455672
production-topology3-3-1456611081,0.9896701148412487,1.0225079779736026,2500,0,1456612455672
production-topology2-2-1456611074,1.3330594131350524,1.0019164831162004,1700,0,1456612455672
production-topology4-4-1456611088,0.9649975162530758,1.0347457468948689,1720,0,1456612455672
Running observer at: 1456612466332
production-topology1-1-1456611067,0.9984121727718533,0.9497818942428138,2540,0,1456612466827
production-topology3-3-1456611081,1.0446658425503503,1.0236741813723789,2520,0,1456612466827
production-topology2-2-1456611074,0.9033269383744327,0.9987721851382143,2240,0,1456612466827
production-topology4-4-1456611088,0.9301551355537343,1.0330481392524202,2520,0,1456612466827
Running observer at: 1456612477287
production-topology1-1-1456611067,1.0200791018119404,0.9532967546212701,2360,0,1456612477826
production-topology3-3-1456611081,0.9780270172585164,1.0213918231666856,2340,0,1456612477826
production-topology2-2-1456611074,0.9258911631539435,0.9972219888803413,1860,0,1456612477826
production-topology4-4-1456611088,1.0023113659141103,1.033638591273649,2460,0,1456612477826
Running observer at: 1456612488282
production-topology1-1-1456611067,1.0731206734615786,0.9590026555184276,2280,0,1456612488899
production-topology3-3-1456611081,0.9422710482630176,1.017624167218892,2440,0,1456612488899
production-topology2-2-1456611074,1.0306881935289354,0.998722161033995,1880,0,1456612488899
production-topology4-4-1456611088,0.9734091848312341,1.0334187642326687,1740,0,1456612488899
Running observer at: 1456612499446
production-topology1-1-1456611067,1.0227622669190235,0.9619008196730001,2680,0,1456612499947
production-topology3-3-1456611081,1.0307506689225763,1.018220826387241,2480,0,1456612499947
production-topology2-2-1456611074,1.1963451865032908,1.0102088154227613,1940,0,1456612499948
production-topology4-4-1456611088,1.0434369372373773,1.0328113960302643,2420,0,1456612499948
Running observer at: 1456612510478
production-topology1-1-1456611067,0.9894905132693989,0.9631003715684957,2300,0,1456612511021
production-topology3-3-1456611081,1.0275575020017256,1.0186267688052622,2400,0,1456612511022
production-topology2-2-1456611074,0.8654829570482672,0.9941294388662748,2100,0,1456612511022
production-topology4-4-1456611088,1.0305616238766326,1.0366336188933287,2360,0,1456612511022
Running observer at: 1456612521473
production-topology1-1-1456611067,0.9643419051768987,0.9631521021355125,2280,0,1456612522017
production-topology3-3-1456611081,0.988028880697654,1.0173518568007787,2260,0,1456612522017
production-topology2-2-1456611074,0.994862922718939,0.9915590581898758,1920,0,1456612522017
production-topology4-4-1456611088,0.9273662600458438,1.031646048333431,1840,0,1456612522017
Running observer at: 1456612532657
production-topology1-1-1456611067,1.013081700868063,0.9651492860848145,2680,0,1456612533185
production-topology3-3-1456611081,0.9970432232787525,1.0165395114598974,2560,0,1456612533185
production-topology2-2-1456611074,0.9340472670146822,0.995159517828238,2040,0,1456612533185
production-topology4-4-1456611088,1.0330125361181262,1.0325000009665104,2300,0,1456612533185
Running observer at: 1456612543753
production-topology1-1-1456611067,1.0195901557375542,0.967243165686843,2360,0,1456612544321
production-topology3-3-1456611081,0.9872334530781384,1.0154123553682912,2260,0,1456612544321
production-topology2-2-1456611074,1.0449314366269382,0.9957065075031389,2100,0,1456612544321
production-topology4-4-1456611088,1.0346366630581019,1.0361347332181052,2180,0,1456612544321
Running observer at: 1456612554807
production-topology1-1-1456611067,0.9880895603801839,0.968015254379189,2300,0,1456612555440
production-topology3-3-1456611081,1.0409742207385078,1.0163590911227438,2520,0,1456612555440
production-topology2-2-1456611074,1.0469807112218072,0.9988727283107575,1800,0,1456612555440
production-topology4-4-1456611088,0.9873264615251793,1.0343037619025237,2100,0,1456612555440
Running observer at: 1456612566076
production-topology1-1-1456611067,0.9790562355519051,0.9684095751353574,2600,0,1456612566557
production-topology3-3-1456611081,0.93220658379948,1.0133536444326272,2540,0,1456612566558
production-topology2-2-1456611074,1.0187207169377652,0.9987100803994825,2020,0,1456612566558
production-topology4-4-1456611088,0.954151277041924,1.0315374077472275,2420,0,1456612566558
Running observer at: 1456612577184
production-topology1-1-1456611067,1.1158280411583341,0.97349297051546,2280,0,1456612577723
production-topology3-3-1456611081,1.0833438209324735,1.015767098794691,2220,0,1456612577723
production-topology2-2-1456611074,1.009476881743892,0.996752757418302,2060,0,1456612577723
production-topology4-4-1456611088,1.0324693155814437,1.0321430528534643,2280,0,1456612577723
Running observer at: 1456612588205
production-topology1-1-1456611067,0.9198510133530264,0.9717049052767123,2280,0,1456612588779
production-topology3-3-1456611081,0.9566898144184017,1.0137978559821479,2520,0,1456612588779
production-topology2-2-1456611074,0.8606637204136951,0.9945217869512063,1900,0,1456612588779
production-topology4-4-1456611088,0.934673179104666,1.0325474159870622,1960,0,1456612588779
Running observer at: 1456612599368
production-topology1-1-1456611067,0.9910394977891378,0.9713468842633942,2760,0,1456612599892
production-topology3-3-1456611081,1.0467555417436434,1.015476495119066,2580,0,1456612599892
production-topology2-2-1456611074,1.0842530026244408,0.9989355686316134,1960,0,1456612599893
production-topology4-4-1456611088,1.0622794812476117,1.0318485694610484,2440,0,1456612599893
Running observer at: 1456612610381
production-topology1-1-1456611067,1.0928436769667424,0.9744416734956189,2220,0,1456612610985
production-topology3-3-1456611081,0.9934890457849349,1.0319261299785638,2140,0,1456612610985
production-topology2-2-1456611074,1.1216274244325564,0.9993605232464293,2060,0,1456612610985
production-topology4-4-1456611088,0.9672706908932651,1.032660058862124,2060,0,1456612610985
Running observer at: 1456612621440
production-topology1-1-1456611067,0.8414896610195918,0.9691579955296052,2360,0,1456612621933
production-topology3-3-1456611081,0.9855116901148337,0.9981098529823913,2620,0,1456612621933
production-topology2-2-1456611074,0.9316052898108178,0.997192321707444,1860,0,1456612621933
production-topology4-4-1456611088,1.0462016896938013,1.032710036643091,2080,0,1456612621933
Running observer at: 1456612632520
production-topology1-1-1456611067,1.0357374827538852,0.970349244954735,2680,0,1456612633065
production-topology3-3-1456611081,1.0308660141358168,0.9658053867869187,2460,0,1456612633065
production-topology2-2-1456611074,0.9937187254121869,0.9990897844913367,2060,0,1456612633065
production-topology4-4-1456611088,1.015766380036789,1.0335214928528123,2340,0,1456612633065
Running observer at: 1456612643558
production-topology1-1-1456611067,1.095401098451457,1.006862614903117,2200,0,1456612644246
production-topology3-3-1456611081,0.932116712516434,0.9302092772041329,2220,0,1456612644246
production-topology2-2-1456611074,0.9213361967383105,1.0178962291445184,2000,0,1456612644246
production-topology4-4-1456611088,0.9953282933739678,1.0000324359652777,2100,0,1456612644246
Running observer at: 1456612654790
production-topology1-1-1456611067,0.8902306773274516,1.0032431258735186,2480,0,1456612655267
production-topology3-3-1456611081,1.0520575936341294,0.9652778636586039,2540,0,1456612655267
production-topology2-2-1456611074,0.9756188626916759,1.0032627360397013,2060,0,1456612655267
production-topology4-4-1456611088,0.9861771845936038,0.997653979963802,2240,0,1456612655267
Running observer at: 1456612665951
production-topology1-1-1456611067,0.9724301343349417,1.0024856648395335,2580,0,1456612666492
production-topology3-3-1456611081,0.9631764512069488,0.9973837453655021,2500,0,1456612666492
production-topology2-2-1456611074,1.1020619420216105,1.010284093851811,1840,0,1456612666492
production-topology4-4-1456611088,0.9841209349593495,0.9990262838680298,2360,0,1456612666492
Running observer at: 1456612677002
production-topology1-1-1456611067,1.0882087549575599,1.0082681801008038,2300,0,1456612677674
production-topology3-3-1456611081,1.0498850211430315,1.009499042131562,2240,0,1456612677674
production-topology2-2-1456611074,1.0789998387096773,1.0144345123201481,2000,0,1456612677674
production-topology4-4-1456611088,0.9752331103785364,1.0003336736996473,2060,0,1456612677674
Running observer at: 1456612688127
production-topology1-1-1456611067,0.9576579350286248,0.9964408085186137,2320,0,1456612688664
production-topology3-3-1456611081,0.9439467236315087,1.0025181435846189,2540,0,1456612688665
production-topology2-2-1456611074,0.7722363467098522,1.0062467634478578,2060,0,1456612688665
production-topology4-4-1456611088,0.9620935838298419,0.9971169861098089,2200,0,1456612688665
Running observer at: 1456612699244
production-topology1-1-1456611067,1.0334207482067708,0.9979964000254057,2640,0,1456612699769
production-topology3-3-1456611081,1.0430977523910505,1.0048539570437165,2500,0,1456612699769
production-topology2-2-1456611074,1.1134709289851963,1.008809097239682,1980,0,1456612699769
production-topology4-4-1456611088,1.0216840156550961,0.998267296200165,2420,0,1456612699769
Running observer at: 1456612710282
production-topology1-1-1456611067,1.0122469607898268,0.9980178817643595,2200,0,1456612710910
production-topology3-3-1456611081,1.0218240960965768,1.0028426290242205,2280,0,1456612710910
production-topology2-2-1456611074,1.0040809877881827,1.004149980391559,1900,0,1456612710910
production-topology4-4-1456611088,0.9295183789237644,0.9950908848661543,1860,0,1456612710910
Running observer at: 1456612721381
production-topology1-1-1456611067,0.9567876522636559,1.001883433027498,2460,0,1456612721886
production-topology3-3-1456611081,0.9953085336342362,1.0020919681357878,2480,0,1456612721886
production-topology2-2-1456611074,1.1244982394366199,1.014657466263731,1980,0,1456612721886
production-topology4-4-1456611088,1.03097131143667,0.9958259837069655,2320,0,1456612721886
Running observer at: 1456612732452
production-topology1-1-1456611067,1.08775778850373,1.0021223217886206,2580,0,1456612732923
production-topology3-3-1456611081,1.027744283824641,1.0037717527606622,2520,0,1456612732924
production-topology2-2-1456611074,0.9003726746783498,1.0134809178918693,2060,0,1456612732924
production-topology4-4-1456611088,1.0558949413569838,0.9968323469680148,2440,0,1456612732924
Running observer at: 1456612743453
production-topology1-1-1456611067,0.9165861031422826,0.9993741860029545,2280,0,1456612744177
production-topology3-3-1456611081,0.9822905345528921,1.0017243284436401,2100,0,1456612744177
production-topology2-2-1456611074,1.078552242499299,1.0090736873388182,1980,0,1456612744177
production-topology4-4-1456611088,1.0018027704961017,0.99789764019722,1780,0,1456612744177
Running observer at: 1456612754646
production-topology1-1-1456611067,1.2518446060488027,1.014588512650656,2400,0,1456612755201
production-topology3-3-1456611081,0.930744372214434,1.000945340951055,2780,0,1456612755201
production-topology2-2-1456611074,1.0536980749746707,1.016827891238339,1880,0,1456612755201
production-topology4-4-1456611088,0.9887026921484492,0.9976693762091392,2460,0,1456612755201
Running observer at: 1456612765792
production-topology1-1-1456611067,0.8026519085320104,1.0035561476406554,2680,0,1456612766260
production-topology3-3-1456611081,1.074710811718563,1.0011429063842172,2460,0,1456612766260
production-topology2-2-1456611074,0.943061514378479,1.0073889947732135,2000,0,1456612766260
production-topology4-4-1456611088,1.0152397880254105,0.9971950153488017,2340,0,1456612766260
Running observer at: 1456612776822
production-topology1-1-1456611067,1.1150007488033686,1.0086776485411133,2200,0,1456612777513
production-topology3-3-1456611081,0.9664743045253896,1.0012820557883304,2100,0,1456612777513
production-topology2-2-1456611074,0.9438928427338013,1.010252088101579,2040,0,1456612777513
production-topology4-4-1456611088,0.9945802682708669,0.9960457657153854,1780,0,1456612777513
Running observer at: 1456612787985
production-topology1-1-1456611067,0.9285749928544207,1.0057871256078006,2400,0,1456612788495
production-topology3-3-1456611081,0.9761228064960316,1.0008304788434896,2620,0,1456612788496
production-topology2-2-1456611074,1.0325037308407639,1.000233565358436,1880,0,1456612788496
production-topology4-4-1456611088,0.9713702966702387,0.9962581917292908,2500,0,1456612788496
Running observer at: 1456612799049
production-topology1-1-1456611067,1.0157167747932419,1.0063639456751803,2660,0,1456612799537
production-topology3-3-1456611081,1.0726119635154614,1.0017620162089933,2400,0,1456612799538
production-topology2-2-1456611074,1.0562647908996308,1.0053314937759426,2060,0,1456612799538
production-topology4-4-1456611088,1.0170957089683024,0.9991562108431097,2340,0,1456612799538
Running observer at: 1456612810165
production-topology1-1-1456611067,1.0542424630344407,1.0075027243825971,2180,0,1456612810833
production-topology3-3-1456611081,0.9169543917725513,0.999726262026128,2240,0,1456612810833
production-topology2-2-1456611074,0.9131295177753291,1.0049061055966553,2040,0,1456612810833
production-topology4-4-1456611088,1.0122007829431103,0.9994858580774095,1840,0,1456612810834
Running observer at: 1456612821288
production-topology1-1-1456611067,1.0962095565065537,1.0082723538174296,2380,0,1456612821796
production-topology3-3-1456611081,1.0614650446957965,1.003699395240554,2680,0,1456612821796
production-topology2-2-1456611074,1.000354609929078,1.0038949861433268,1900,0,1456612821797
production-topology4-4-1456611088,1.0270488132272841,1.0012738456906112,2400,0,1456612821797
Running observer at: 1456612832261
production-topology1-1-1456611067,0.9408171725029564,1.0055408506702272,2740,0,1456612832745
production-topology3-3-1456611081,1.039504622163541,1.0039911936819195,2300,0,1456612832745
production-topology2-2-1456611074,1.058446897718704,0.9992983765171739,2080,0,1456612832745
production-topology4-4-1456611088,0.9806199950763187,0.999179947618576,2440,0,1456612832746
Running observer at: 1456612843291
production-topology1-1-1456611067,1.1574340006343402,1.0111389669157256,1960,0,1456612843865
production-topology3-3-1456611081,0.930053131325543,1.0007410479927132,2280,0,1456612843865
production-topology2-2-1456611074,1.0179675994108983,1.0043811979292614,1940,0,1456612843865
production-topology4-4-1456611088,1.0445460350632767,0.9996460946581307,1760,0,1456612843865
Running observer at: 1456612854470
production-topology1-1-1456611067,0.9179422601919773,1.0095923120828947,2660,0,1456612854988
production-topology3-3-1456611081,1.0261097568095479,1.0020104105297767,2700,0,1456612854988
production-topology2-2-1456611074,0.9731121561633014,1.003656172377407,1940,0,1456612854988
production-topology4-4-1456611088,0.9802506169141336,1.0014089065537404,2460,0,1456612854988
Running observer at: 1456612865564
production-topology1-1-1456611067,1.0494050479228407,1.0108030903180538,2620,0,1456612866063
production-topology3-3-1456611081,1.000223796500604,1.0021164296371714,2080,0,1456612866063
production-topology2-2-1456611074,0.9398528131059185,1.003849690580448,2100,0,1456612866063
production-topology4-4-1456611088,1.0071689636565815,1.0005474541383557,2340,0,1456612866063
Running observer at: 1456612876635
production-topology1-1-1456611067,0.8405938105656673,1.0048365454789911,2160,0,1456612877185
production-topology3-3-1456611081,0.9658105221361872,1.0014023319391063,2480,0,1456612877185
production-topology2-2-1456611074,1.0446370370582148,1.0038398772614905,1880,0,1456612877185
production-topology4-4-1456611088,0.9354864354782204,0.9972424465523597,1860,0,1456612877185
Running observer at: 1456612887775
production-topology1-1-1456611067,1.099781079389673,1.0085595961126406,2540,0,1456612888291
production-topology3-3-1456611081,0.9497007702113238,0.9983598835882003,2680,0,1456612888291
production-topology2-2-1456611074,1.1139324496544603,1.0060716018759124,1880,0,1456612888291
production-topology4-4-1456611088,0.9904303606665019,0.9973459098570705,2360,0,1456612888291
Running observer at: 1456612898809
production-topology1-1-1456611067,1.0488356701279984,1.010885577265177,2260,0,1456612899223
production-topology3-3-1456611081,1.0814632777473148,1.0033351067197946,2100,0,1456612899223
production-topology2-2-1456611074,0.8875999878076926,1.00170091090491,2040,0,1456612899223
production-topology4-4-1456611088,1.0657205717272642,1.0010648863465819,2080,0,1456612899223
Running observer at: 1456612909539
production-topology1-1-1456611067,2.6666666666666674,1.0625801981154548,220,0,1456612909910
production-topology3-3-1456611081,0.9437916177293019,0.9986833666130224,2580,0,1456612909910
production-topology2-2-1456611074,1.13242640499554,1.0057992283466315,1520,0,1456612909910
production-topology4-4-1456611088,1.008844167323042,1.000277381404635,2140,0,1456612909910
Running observer at: 1456612920376
