Running observer at: 1456774809412
production-topology1-1-1456774809,0.0,0.0,0,0,1456774809694
Running observer at: 1456774810288
production-topology1-1-1456774809,0.0,0.0,0,0,1456774810615
Running observer at: 1456774816519
production-topology1-1-1456774809,0.0,0.0,0,0,1456774816871
production-topology2-2-1456774816,0.0,0.0,0,0,1456774816871
Running observer at: 1456774820951
production-topology1-1-1456774809,0.0,0.0,0,0,1456774821294
production-topology2-2-1456774816,0.0,0.0,0,0,1456774821294
Running observer at: 1456774823595
production-topology3-3-1456774823,0.0,0.0,0,0,1456774824094
production-topology1-1-1456774809,0.0,0.0,80,0,1456774824094
production-topology2-2-1456774816,0.0,0.0,0,0,1456774824094
Running observer at: 1456774830740
production-topology3-3-1456774823,0.0,0.0,0,0,1456774831214
production-topology1-1-1456774809,0.0,0.0,520,0,1456774831214
production-topology4-4-1456774830,0.0,0.0,0,0,1456774831214
production-topology2-2-1456774816,0.0,0.0,0,0,1456774831215
Running observer at: 1456774831775
production-topology3-3-1456774823,0.0,0.0,0,0,1456774832278
production-topology1-1-1456774809,0.0,0.0,0,0,1456774832278
production-topology4-4-1456774830,0.0,0.0,0,0,1456774832278
production-topology2-2-1456774816,0.0,0.0,60,0,1456774832279
Running observer at: 1456774842800
production-topology3-3-1456774823,0.17831777597402595,0.04457944399350649,560,140,1456774843486
production-topology1-1-1456774809,1.1270926227858842,0.14088657784823552,2060,1620,1456774843486
production-topology4-4-1456774830,0.0,0.0,0,0,1456774843486
production-topology2-2-1456774816,0.9138150950035187,0.15230251583391977,960,540,1456774843487
Running observer at: 1456774854128
production-topology3-3-1456774823,1.0207046988284287,0.23980449496049094,2000,3780,1456774854777
production-topology1-1-1456774809,1.0986312689969606,0.2473026546425383,2340,1560,1456774854777
production-topology4-4-1456774830,0.8004721065294096,0.2001180266323524,600,900,1456774854778
production-topology2-2-1456774816,1.0492724597668428,0.2804410792529088,1940,1320,1456774854778
Running observer at: 1456774865417
production-topology3-3-1456774823,1.1370273401333233,0.38934163582262965,2320,4600,1456774866077
production-topology1-1-1456774809,0.9613496627464543,0.31870735545292994,2100,1260,1456774866077
production-topology4-4-1456774830,0.9937113255672838,0.3588366864193387,2400,4540,1456774866077
production-topology2-2-1456774816,1.015132575757576,0.37227751631599215,2420,1540,1456774866077
Running observer at: 1456774876757
production-topology3-3-1456774823,1.0489003867293727,0.48356431452359294,1980,3660,1456774877367
production-topology1-1-1456774809,0.9975057022048526,0.38041629606674104,2400,1500,1456774877367
production-topology4-4-1456774830,0.996013627495865,0.46503284326542643,1980,3400,1456774877367
production-topology2-2-1456774816,0.9846132128740822,0.4403148159335577,2220,1500,1456774877368
Running observer at: 1456774888055
production-topology3-3-1456774823,0.9882330427588923,0.5466479055530054,2400,4360,1456774888619
production-topology1-1-1456774809,1.1206805731142013,0.4421049858206961,2260,1480,1456774888620
production-topology4-4-1456774830,1.0532324502866508,0.5490613585541728,2240,4300,1456774888620
production-topology2-2-1456774816,0.9320200341872168,0.48948533775892367,2380,1440,1456774888620
Running observer at: 1456774899240
production-topology3-3-1456774823,1.0279960865237336,0.6001310367719752,2240,4100,1456774899883
production-topology1-1-1456774809,0.8708932776820757,0.4750887005792637,2220,1400,1456774899883
production-topology4-4-1456774830,0.9750568998902462,0.602310801221182,2480,4200,1456774899883
production-topology2-2-1456774816,1.1004148986327202,0.5450243887474506,2020,1320,1456774899884
Running observer at: 1456774910468
production-topology3-3-1456774823,0.9178480225291785,0.6319027353476956,2080,3700,1456774911138
production-topology1-1-1456774809,1.0410656755547634,0.515515627363228,2080,1400,1456774911138
production-topology4-4-1456774830,1.1509022472175063,0.6632654063318847,1800,3620,1456774911138
production-topology2-2-1456774816,0.9917163253879377,0.5822487168008245,2260,1500,1456774911139
Running observer at: 1456774921707
production-topology3-3-1456774823,1.0851841338191108,0.6731101352087333,2320,4120,1456774922238
production-topology1-1-1456774809,0.93465336304046,0.5434581430750435,2260,1420,1456774922238
production-topology4-4-1456774830,0.8778061684055052,0.6847194825392467,2420,4000,1456774922238
production-topology2-2-1456774816,0.9864678977260815,0.6133424999489212,2340,1540,1456774922239
Running observer at: 1456774932881
production-topology3-3-1456774823,0.9243391399114608,0.6940458856006272,2220,4140,1456774933476
production-topology1-1-1456774809,1.0314679205072659,0.5739587541645574,2280,1480,1456774933476
production-topology4-4-1456774830,1.0233210541535565,0.715501443595093,2360,4280,1456774933476
production-topology2-2-1456774816,0.8266353285608306,0.6285777019926291,2020,1200,1456774933477
Running observer at: 1456774944070
production-topology3-3-1456774823,0.9739676556248067,0.715578329448641,2400,4080,1456774944725
production-topology1-1-1456774809,1.0633666742441465,0.6027474553457097,2120,1360,1456774944725
production-topology4-4-1456774830,0.9678780484115741,0.7365328273297997,1980,3540,1456774944725
production-topology2-2-1456774816,1.1338541647819997,0.6622627995119204,2420,1600,1456774944726
Running observer at: 1456774955234
production-topology3-3-1456774823,1.099988978489686,0.7430362329515727,1960,3660,1456774955739
production-topology1-1-1456774809,0.9244899291405642,0.6206220372232018,2320,1340,1456774955739
production-topology4-4-1456774830,1.0415071585860731,0.75999239127259,2260,4140,1456774955739
production-topology2-2-1456774816,0.9751088438003219,0.6818156772799455,2300,1460,1456774955740
Running observer at: 1456774966249
production-topology3-3-1456774823,0.967188599577762,0.7579797240599854,2320,4160,1456774966833
production-topology1-1-1456774809,0.9728523601134491,0.6391604752700569,2220,1560,1456774966833
production-topology4-4-1456774830,1.0021679377687445,0.7772906445937439,2400,4340,1456774966833
production-topology2-2-1456774816,1.077894736842105,0.7051144454894843,1900,1300,1456774966834
Running observer at: 1456774977353
production-topology3-3-1456774823,0.9801582427708495,0.7718658814794144,2100,3840,1456774977978
production-topology1-1-1456774809,1.1259701492537313,0.6635009589692407,2080,1280,1456774977978
production-topology4-4-1456774830,0.9132792161617804,0.7863565493649464,1960,3400,1456774977978
production-topology2-2-1456774816,0.9985530420985841,0.7214165897455453,2380,1580,1456774977978
Running observer at: 1456774988533
production-topology3-3-1456774823,1.0863080198830046,0.7903624778560961,2220,3960,1456774989104
production-topology1-1-1456774809,0.9473684210526315,0.6770184571636878,2300,1500,1456774989105
production-topology4-4-1456774830,0.9652167286831856,0.7975353105723364,2320,4060,1456774989105
production-topology2-2-1456774816,1.1005875903277553,0.7413729581972406,2300,1480,1456774989105
Running observer at: 1456774999714
production-topology3-3-1456774823,0.9444776763453645,0.7989244333277221,2320,4020,1456775000293
production-topology1-1-1456774809,1.0491318881902827,0.693932704028533,2320,1540,1456775000293
production-topology4-4-1456774830,1.075268807549239,0.8138725751003895,2360,4420,1456775000293
production-topology2-2-1456774816,0.9983503495309284,0.754221827763925,1920,1200,1456775000294
Running observer at: 1456775010807
production-topology3-3-1456774823,1.0561924555287385,0.8124648555488283,2200,4200,1456775011380
production-topology1-1-1456774809,1.0615553937587838,0.7099162992341961,1900,1240,1456775011380
production-topology4-4-1456774830,1.0507724988206113,0.8270336819737352,1880,3520,1456775011381
production-topology2-2-1456774816,0.9044173648134044,0.7613739961948527,2380,1520,1456775011381
Running observer at: 1456775022047
production-topology3-3-1456774823,0.8962685219108097,0.8166550388669274,2120,3640,1456775022560
production-topology1-1-1456774809,0.9279996673907848,0.7190031062407206,2300,1440,1456775022560
production-topology4-4-1456774830,0.9629159043877638,0.834185377890263,2340,4000,1456775022560
production-topology2-2-1456774816,1.0869384857528115,0.7761723820838508,2320,1460,1456775022560
Running observer at: 1456775033183
production-topology3-3-1456774823,1.0129685963618487,0.8260033035095427,2260,4160,1456775033748
production-topology1-1-1456774809,1.0022235596417748,0.7303319243767628,2360,1560,1456775033748
production-topology4-4-1456774830,1.0781422804066265,0.8463832230160812,2300,4360,1456775033748
production-topology2-2-1456774816,0.8759054573847816,0.7805086027491086,2020,1280,1456775033749
Running observer at: 1456775044235
production-topology3-3-1456774823,0.9691740278139387,0.832511063705197,2300,4060,1456775044851
production-topology1-1-1456774809,0.9035527925498713,0.7369942654603439,1960,1200,1456775044852
production-topology4-4-1456774830,0.941981691045422,0.8509355310174782,2060,3660,1456775044852
production-topology2-2-1456774816,1.1898084673231126,0.7975627637730254,2260,1580,1456775044852
Running observer at: 1456775055356
production-topology3-3-1456774823,1.1011949715783165,0.8441929727431586,2040,3780,1456775055860
production-topology1-1-1456774809,1.2780023279868924,0.7570316011094753,2200,1500,1456775055860
production-topology4-4-1456774830,1.0264737777875077,0.8589145422342978,2160,3860,1456775055860
production-topology2-2-1456774816,0.8785910804123849,0.8008038964385997,2260,1420,1456775055860
Running observer at: 1456775066496
production-topology3-3-1456774823,0.967007379623998,0.849310239696527,2280,4060,1456775067049
production-topology1-1-1456774809,0.8425829035099973,0.7600870047666367,2400,1480,1456775067050
production-topology4-4-1456774830,1.0302970239785654,0.8663659544840485,2400,4400,1456775067050
production-topology2-2-1456774816,0.9604937603205111,0.8069458142802117,2120,1380,1456775067050
Running observer at: 1456775077571
production-topology3-3-1456774823,0.955323339859946,0.8535507637030636,2300,4120,1456775078155
production-topology1-1-1456774809,1.134350725656698,0.7729926503145699,1960,1220,1456775078155
production-topology4-4-1456774830,0.9985117607759116,0.8718720297462096,2040,3700,1456775078155
production-topology2-2-1456774816,1.1440305910129347,0.819430435640683,2240,1460,1456775078155
Running observer at: 1456775088694
production-topology3-3-1456774823,0.9701905701172968,0.858036910103611,2120,3600,1456775089187
production-topology1-1-1456774809,0.9801442126740757,0.7798977023932202,2240,1520,1456775089188
production-topology4-4-1456774830,0.9863098706848705,0.876449543383756,2160,3920,1456775089188
production-topology2-2-1456774816,0.9553857742062204,0.824285983446595,2260,1440,1456775089188
Running observer at: 1456775099787
production-topology3-3-1456774823,1.049814865931661,0.8651397973565018,2180,4160,1456775100407
production-topology1-1-1456774809,1.0524488266835204,0.8149793299493375,2420,1540,1456775100408
production-topology4-4-1456774830,0.9679833409253595,0.8799700740584331,2400,4300,1456775100408
production-topology2-2-1456774816,0.9649162795474292,0.8291353040017961,2080,1340,1456775100408
Running observer at: 1456775110958
production-topology3-3-1456774823,1.008472310981679,0.8702588157002582,2480,4420,1456775111539
production-topology1-1-1456774809,1.006726775123593,0.8485368891201239,1880,1260,1456775111540
production-topology4-4-1456774830,1.0116997582742397,0.8848489512516111,2220,3900,1456775111540
production-topology2-2-1456774816,0.9550572082379862,0.833332700809669,2260,1400,1456775111540
Running observer at: 1456775122044
production-topology3-3-1456774823,1.0132247967125196,0.8751886771144741,1900,3500,1456775122567
production-topology1-1-1456774809,0.9721003462215432,0.8809402339941753,2460,1520,1456775122568
production-topology4-4-1456774830,1.0221941123955443,0.8897541355781803,2000,3700,1456775122568
production-topology2-2-1456774816,1.1066051481301606,0.8702195390806744,2320,1400,1456775122568
Running observer at: 1456775133182
production-topology3-3-1456774823,1.0155988126239561,0.8798690149647902,2300,4100,1456775133688
production-topology1-1-1456774809,1.016044341456698,0.9148083787093986,2300,1520,1456775133688
production-topology4-4-1456774830,1.0854978962131838,0.8965039204276631,2400,4380,1456775133688
production-topology2-2-1456774816,1.023634155006994,0.9043406775809076,1980,1380,1456775133688
Running observer at: 1456775144135
production-topology3-3-1456774823,0.9839355029874745,0.9126668650643727,1920,3440,1456775144759
production-topology1-1-1456774809,1.0279516700097655,0.9490734343763908,1940,1180,1456775144759
production-topology4-4-1456774830,0.8781708986806074,0.8958928197027612,1920,3400,1456775144759
production-topology2-2-1456774816,0.9223140058688987,0.9350844777765376,2160,1380,1456775144759
Running observer at: 1456775155239
production-topology3-3-1456774823,1.003002562560253,0.9461002838163812,2420,4320,1456775155769
production-topology1-1-1456774809,0.9436511714644154,0.9805284734252047,2260,1460,1456775155769
production-topology4-4-1456774830,1.051174723049723,0.930931977137752,2240,4140,1456775155769
production-topology2-2-1456774816,0.9680644594979085,0.9673532930931346,2380,1560,1456775155769
Running observer at: 1456775166256
production-topology3-3-1456774823,0.9553713599656215,0.9779459958152352,2320,4100,1456775166808
production-topology1-1-1456774809,0.8416210473506366,1.0085825083368924,2440,1560,1456775166808
production-topology4-4-1456774830,0.9564856317815027,0.9628148315304689,2440,4340,1456775166808
production-topology2-2-1456774816,0.9730215467779791,0.9997873446524005,2120,1260,1456775166809
Running observer at: 1456775177270
production-topology3-3-1456774823,1.0346354387425065,1.0064899179075177,1920,3400,1456775177978
production-topology1-1-1456774809,1.3473635000219628,1.0159248709114286,1920,1280,1456775177978
production-topology4-4-1456774830,1.0337236016263371,0.9972722849180135,1920,3480,1456775177978
production-topology2-2-1456774816,1.021695991613792,1.0033833745394096,2140,1400,1456775177978
Running observer at: 1456775188472
production-topology3-3-1456774823,0.9762578797866831,1.005008357272793,2460,4440,1456775189003
production-topology1-1-1456774809,0.8696864398646549,1.0082933766070183,2300,1420,1456775189004
production-topology4-4-1456774830,1.0401997659210174,1.0052632068977339,2140,4120,1456775189004
production-topology2-2-1456774816,1.163673301186776,1.0071967359200742,2400,1500,1456775189004
Running observer at: 1456775199509
production-topology3-3-1456774823,1.0687967671290524,1.0027340048393174,2200,4120,1456775200048
production-topology1-1-1456774809,1.1501040945650831,1.0145851910009727,2340,1560,1456775200049
production-topology4-4-1456774830,0.982593075420894,1.0048925985595207,2460,4320,1456775200049
production-topology2-2-1456774816,0.824350501620689,1.0008373334488447,2040,1300,1456775200049
Running observer at: 1456775210524
production-topology3-3-1456774823,0.9061276156032033,0.9979749124684448,1960,3380,1456775211213
production-topology1-1-1456774809,0.8651920853985422,1.010174737107429,1920,1220,1456775211213
production-topology4-4-1456774830,0.953663161621959,1.0034809163637237,1880,3300,1456775211213
production-topology2-2-1456774816,1.1048857324432848,1.0048464174344849,2100,1420,1456775211213
Running observer at: 1456775221691
production-topology3-3-1456774823,1.0929334604374374,1.001464926391063,2320,4380,1456775222170
production-topology1-1-1456774809,1.0641996633375943,1.0082920401148754,2320,1400,1456775222170
production-topology4-4-1456774830,0.9197887366090131,0.9990327925744691,2420,4280,1456775222170
production-topology2-2-1456774816,0.9048914424106226,1.0039421310419316,2460,1560,1456775222171
Running observer at: 1456775232620
production-topology3-3-1456774823,0.8948876278481777,0.9970279777685446,2360,4100,1456775233195
production-topology1-1-1456774809,1.0423283960938967,1.014006544061936,2180,1460,1456775233195
production-topology4-4-1456774830,1.111905888173223,1.003594425517235,2440,4420,1456775233195
production-topology2-2-1456774816,1.064240779167641,1.0027363270597625,1960,1200,1456775233195
Running observer at: 1456775243725
production-topology3-3-1456774823,1.0956614644240488,1.0029550924983737,1860,3500,1456775244355
production-topology1-1-1456774809,0.9515826296193448,1.0110237758640888,2140,1340,1456775244355
production-topology4-4-1456774830,1.0375757827391787,0.9998168767012907,1760,3220,1456775244355
production-topology2-2-1456774816,0.9673749071545891,1.001924946451984,2280,1420,1456775244355
Running observer at: 1456775254820
production-topology3-3-1456774823,0.9876201165589484,0.9997029585897014,2380,4280,1456775255422
production-topology1-1-1456774809,1.1200789805805478,1.0172046297820916,2200,1420,1456775255422
production-topology4-4-1456774830,0.9927058653787741,1.0036468666003997,2400,4300,1456775255422
production-topology2-2-1456774816,1.0094674411094486,1.0026915978980964,2300,1520,1456775255423
Running observer at: 1456775265872
production-topology3-3-1456774823,0.9930074478904045,1.0019919021889996,2260,4160,1456775266440
production-topology1-1-1456774809,0.8435448448401216,1.0109405272598537,2380,1500,1456775266440
production-topology4-4-1456774830,1.036339810101508,1.0040808251319981,2380,4300,1456775266440
production-topology2-2-1456774816,1.0749904427288504,1.0109701017036972,1960,1260,1456775266440
Running observer at: 1456775276973
production-topology3-3-1456774823,1.0995801918109953,1.0061789867285393,1980,3480,1456775277673
production-topology1-1-1456774809,1.1861751152073732,1.0150341419586277,1960,1320,1456775277673
production-topology4-4-1456774830,0.9215424215135815,1.0025363042353985,1900,3240,1456775277673
production-topology2-2-1456774816,0.8725233689901162,1.0022590751773008,2380,1440,1456775277673
Running observer at: 1456775288178
production-topology3-3-1456774823,0.9423266717394145,1.0009235765035303,2420,4260,1456775288658
production-topology1-1-1456774809,1.0409591159267237,1.0189164481848332,2280,1400,1456775288658
production-topology4-4-1456774830,0.9662719946615992,1.000028465437916,2360,4400,1456775288658
production-topology2-2-1456774816,1.1836370564948042,1.0092100156004504,2300,1500,1456775288659
Running observer at: 1456775299126
production-topology3-3-1456774823,1.0109208568295738,1.002381318411924,2220,4160,1456775299713
production-topology1-1-1456774809,0.8355415791901827,1.0143394221540576,2360,1520,1456775299713
production-topology4-4-1456774830,1.0291619730308985,1.000928266613321,2380,4280,1456775299713
production-topology2-2-1456774816,0.927624483657736,1.0042010071609715,1940,1260,1456775299714
Running observer at: 1456775310186
production-topology3-3-1456774823,1.048038212073064,1.0046439840553312,1980,3440,1456775310669
production-topology1-1-1456774809,1.2184726346281567,1.017422838333205,2020,1240,1456775310669
production-topology4-4-1456774830,0.9956039942270521,1.0036724258821637,1820,3260,1456775310669
production-topology2-2-1456774816,0.9630529616306149,1.0030176711453724,2340,1480,1456775310669
Running observer at: 1456775321343
production-topology3-3-1456774823,1.029381814200958,1.0027464438659297,2400,4380,1456775321834
production-topology1-1-1456774809,0.9399141596239262,1.017174362952248,2340,1460,1456775321834
production-topology4-4-1456774830,0.9119912038605764,1.00189824172141,2400,4260,1456775321834
production-topology2-2-1456774816,1.1417342695112072,1.004389227118154,2300,1500,1456775321834
Running observer at: 1456775332390
production-topology3-3-1456774823,0.9143855392708766,1.0017433726301135,2280,4100,1456775332906
production-topology1-1-1456774809,0.8996653489183862,1.012192144976518,2240,1440,1456775332906
production-topology4-4-1456774830,1.1269842368366874,1.0036220893643248,2380,4460,1456775332906
production-topology2-2-1456774816,0.9253076447092046,1.0019544702907632,2060,1240,1456775332907
Running observer at: 1456775343419
production-topology3-3-1456774823,0.991645242940933,0.9995917988771866,1940,3520,1456775343893
production-topology1-1-1456774809,1.0789210789210786,1.0127710011485946,2060,1320,1456775343893
production-topology4-4-1456774830,0.8893100159151477,0.9982400066008092,1800,3120,1456775343894
production-topology2-2-1456774816,0.9562474547435563,1.0036821399551017,2240,1460,1456775343894
Running observer at: 1456775354522
production-topology3-3-1456774823,1.046054587109201,1.004584667717133,2360,4240,1456775355082
production-topology1-1-1456774809,0.9543237294521228,1.0136484698839725,2320,1520,1456775355082
production-topology4-4-1456774830,1.0386839340907026,1.000765607590907,2420,4300,1456775355082
production-topology2-2-1456774816,1.0777197348622627,1.00337484825875,2320,1580,1456775355083
Running observer at: 1456775365690
production-topology3-3-1456774823,1.0244833628979246,1.0049684932683356,2260,4140,1456775366219
production-topology1-1-1456774809,0.9614349786638718,1.0122888505180425,2300,1360,1456775366219
production-topology4-4-1456774830,1.0178585508876308,0.998756149940274,2440,4380,1456775366220
production-topology2-2-1456774816,1.0326086956521736,1.0085982895343295,1940,1180,1456775366220
Running observer at: 1456775376806
production-topology3-3-1456774823,1.044839731876019,1.0074906834037383,1980,3500,1456775377306
production-topology1-1-1456774809,1.0027527963257552,1.015595517310572,2000,1360,1456775377306
production-topology4-4-1456774830,1.0573941588416846,1.0026032322001495,1740,3240,1456775377306
production-topology2-2-1456774816,0.962975933908046,1.0010372050871608,2280,1460,1456775377306
Running observer at: 1456775387970
production-topology3-3-1456774823,0.9689573644250482,1.003082763165296,2380,4400,1456775388458
production-topology1-1-1456774809,1.1393191790270305,1.0109727456785764,2280,1440,1456775388458
production-topology4-4-1456774830,0.9668908482472818,1.0006171345488086,2440,4320,1456775388458
production-topology2-2-1456774816,1.0494985734653772,1.0067341215222605,2420,1580,1456775388458
Running observer at: 1456775399020
production-topology3-3-1456774823,0.9434440145437588,1.0022973176626213,2340,4120,1456775399602
production-topology1-1-1456774809,1.0081950267135331,1.016493149785361,2060,1320,1456775399602
production-topology4-4-1456774830,1.035806139866673,1.0008007717450789,2400,4260,1456775399602
production-topology2-2-1456774816,1.0039907525510205,1.0081840212632776,1920,1200,1456775399602
Running observer at: 1456775410130
production-topology3-3-1456774823,0.9790468749244217,1.0030881021647704,1920,3360,1456775410612
production-topology1-1-1456774809,1.0067410887296362,1.0122394952211258,2260,1440,1456775410612
production-topology4-4-1456774830,0.9426057776319098,0.9989372389736121,1840,3280,1456775410612
production-topology2-2-1456774816,0.9369942609259541,1.0012828102603781,2320,1540,1456775410613
Running observer at: 1456775421243
production-topology3-3-1456774823,1.0196147397619106,1.0047355744862576,2460,4360,1456775421732
production-topology1-1-1456774809,1.072606983495511,1.0153215875818402,2280,1480,1456775421733
production-topology4-4-1456774830,0.9785716285842294,0.9986792975702574,2400,4380,1456775421733
production-topology2-2-1456774816,1.1851605511224819,1.00894196949092,2340,1520,1456775421733
Running observer at: 1456775432303
production-topology3-3-1456774823,0.931786609117432,1.0008012992591164,1780,3200,1456775433044
production-topology1-1-1456774809,0.9365898654190282,1.011459622206357,1980,1200,1456775433044
production-topology4-4-1456774830,0.9341896254204924,0.9975528403867618,2040,3440,1456775433044
production-topology2-2-1456774816,0.8159744208645497,1.0039772408681575,1840,1100,1456775433045
Running observer at: 1456775443520
production-topology3-3-1456774823,1.119155237782151,1.0044907301524655,2340,4420,1456775444022
production-topology1-1-1456774809,1.013159317982417,1.011674040301651,2340,1580,1456775444022
production-topology4-4-1456774830,1.1204482340071478,1.0011777895778589,2240,4100,1456775444022
production-topology2-2-1456774816,1.1295383787031406,1.0097932798836626,2420,1600,1456775444022
Running observer at: 1456775454710
production-topology3-3-1456774823,0.9673267620228729,1.0029607956628106,2480,4280,1456775455202
production-topology1-1-1456774809,1.0350149356452658,1.0137711932824418,2280,1500,1456775455202
production-topology4-4-1456774830,0.9155809768986763,0.99762401839463,2400,4380,1456775455202
production-topology2-2-1456774816,0.9816483758372379,1.0056280541405653,2380,1620,1456775455202
Running observer at: 1456775465840
production-topology3-3-1456774823,1.0169138368306654,1.0030046298030342,2260,4140,1456775466356
production-topology1-1-1456774809,0.9692508497446769,1.0122114102253745,2400,1520,1456775466356
production-topology4-4-1456774830,1.0562079433319012,0.9966476866319205,2380,4300,1456775466356
production-topology2-2-1456774816,0.8856674778005462,1.0010291649003502,1960,1160,1456775466356
Running observer at: 1456775476869
production-topology3-3-1456774823,0.9280681392579366,1.001142384345383,1960,3460,1456775477347
production-topology1-1-1456774809,1.0100769517301784,1.0116155862827214,1900,1300,1456775477347
production-topology4-4-1456774830,1.0250118343723764,1.0015423844883127,1720,3200,1456775477347
production-topology2-2-1456774816,1.0346179645467664,1.0047726301896125,2260,1500,1456775477347
Running observer at: 1456775487987
production-topology3-3-1456774823,0.9673552326522217,0.9999541400151152,2460,4260,1456775488479
production-topology1-1-1456774809,0.9460180674576728,1.01169448281583,2300,1480,1456775488479
production-topology4-4-1456774830,1.0367988228109843,1.0010631878136882,2480,4340,1456775488479
production-topology2-2-1456774816,1.1236559139784945,1.009959012005632,2420,1560,1456775488480
/var/nimbus/storm/bin/storm rebalance production-topology3 -e spout_head=11
1456775488759
/var/nimbus/storm/bin/storm rebalance production-topology2 -e spout_head=9
Running observer at: 1456775499044
production-topology3-3-1456774823,0.9980242209587707,0.9980242209587707,130260,234180,1456775499665
production-topology1-1-1456774809,1.0102533379671539,1.017315559169714,1920,1220,1456775499665
production-topology4-4-1456774830,0.9695180274088644,1.0014976010012668,1940,3440,1456775499665
production-topology2-2-1456774816,1.0018933041790063,1.0018933041790063,130800,83940,1456775499666
Running observer at: 1456775510199
production-topology3-3-1456774823,1.3231490384615383,1.1605866297101546,320,640,1456775510682
production-topology1-1-1456774809,1.0937118317533316,1.0088605035607598,2420,1500,1456775510683
production-topology4-4-1456774830,0.9647484550620049,0.9991984294491225,2340,4220,1456775510683
production-topology2-2-1456774816,1.577909270216962,1.289901287197984,260,240,1456775510683
Running observer at: 1456775521371
production-topology3-3-1456774823,2.0,1.4403910864734364,0,0,1456775521864
production-topology1-1-1456774809,0.9541831053932144,1.0116770590783783,2320,1440,1456775521864
production-topology4-4-1456774830,1.0222701245015724,0.9986007747351411,2340,4300,1456775521864
production-topology2-2-1456774816,1.0,1.193267524798656,0,0,1456775521864
Running observer at: 1456775527024
production-topology3-3-1456774823,2.0,1.5802933148550773,0,0,1456775527572
production-topology1-1-1456774809,1.1498450578213633,1.0116684245202543,1220,840,1456775527572
production-topology4-4-1456774830,1.0280666101767941,1.000116559227004,1160,2200,1456775527572
production-topology2-2-1456774816,1.0,1.144950643598992,0,0,1456775527572
Running observer at: 1456775528061
production-topology3-3-1456774823,0.0,1.264234651884062,117620,0,1456775528658
production-topology1-1-1456774809,1.0,1.0161620216736362,0,0,1456775528658
production-topology4-4-1456774830,2.0,1.0349944538396056,0,0,1456775528659
production-topology2-2-1456774816,1.0,1.1159605148791936,0,0,1456775528659
Running observer at: 1456775532352
production-topology3-3-1456774823,0.998122964127655,1.2198827039246607,78500,140940,1456775532976
production-topology1-1-1456774809,0.8701678266895657,1.0096942937853686,720,480,1456775532977
production-topology4-4-1456774830,0.8072870737801294,1.0312443984119761,680,1080,1456775532977
production-topology2-2-1456774816,0.9989352032888797,1.096456296280808,0,33660,1456775532977
Running observer at: 1456775543397
production-topology3-3-1456774823,0.36212066365007545,1.09734526959972,1700,1100,1456775543928
production-topology1-1-1456774809,1.0210202707958174,1.0089840229420992,2260,1400,1456775543928
production-topology4-4-1456774830,1.066705168809673,1.0297377077665244,2380,4300,1456775543928
production-topology2-2-1456774816,0.9989352032888797,1.0825247115676753,0,33660,1456775543928
Running observer at: 1456775554375
production-topology3-3-1456774823,0.9469615369360065,1.0785473030167556,2340,3920,1456775554903
production-topology1-1-1456774809,0.8677685950413224,1.0061902217894985,2400,1600,1456775554903
production-topology4-4-1456774830,0.9177247258210928,1.0257426725359216,2440,4320,1456775554903
production-topology2-2-1456774816,0.05549640018271553,0.9541461726445553,240,33660,1456775554904
Running observer at: 1456775565374
production-topology3-3-1456774823,1.014595810628003,1.0714415816402276,2220,4100,1456775566041
production-topology1-1-1456774809,1.0362450422277685,1.0033957571777392,2020,1240,1456775566042
production-topology4-4-1456774830,1.1282869333731402,1.030262041469067,1760,3280,1456775566042
production-topology2-2-1456774816,0.3367320261437909,0.885544600811137,1600,320,1456775566042
Running observer at: 1456775576567
production-topology3-3-1456774823,0.9782762866289091,1.0621250521390957,2480,4500,1456775577109
production-topology1-1-1456774809,1.083449674245446,1.0113925848245835,2180,1500,1456775577109
production-topology4-4-1456774830,0.9348477714685921,1.0268789735146364,2420,4280,1456775577109
production-topology2-2-1456774816,0.20166558230318804,0.817156698960342,1380,180,1456775577109
Running observer at: 1456775587622
production-topology3-3-1456774823,0.9822549188783878,1.054864130933577,2620,4600,1456775588175
production-topology1-1-1456774809,0.9988941404835963,1.0051498856671244,2480,1520,1456775588175
production-topology4-4-1456774830,0.9657835332211229,1.0283536772382211,2460,4300,1456775588175
production-topology2-2-1456774816,0.3012658227848101,0.77025752839893,1580,280,1456775588176
Running observer at: 1456775598685
production-topology3-3-1456774823,1.0048607407361954,1.0506971817504616,2080,3800,1456775599324
production-topology1-1-1456774809,0.9697471910112359,1.002776154836608,1920,1200,1456775599324
production-topology4-4-1456774830,1.1446667754244175,1.0343001699303151,1720,3220,1456775599324
production-topology2-2-1456774816,0.4341955017301037,0.7422523595098611,1600,280,1456775599325
Running observer at: 1456775609901
production-topology3-3-1456774823,1.0091035540029,1.0474976719237261,2660,4780,1456775610412
production-topology1-1-1456774809,0.8698242838718705,1.0039189116593312,2260,1420,1456775610412
production-topology4-4-1456774830,0.959193084693438,1.0319678736523996,2460,4380,1456775610412
production-topology2-2-1456774816,0.20489596083231332,0.7009172519192806,1400,280,1456775610412
Running observer at: 1456775620957
production-topology3-3-1456774823,0.9819337970340382,1.0428145380030343,2480,4540,1456775621436
production-topology1-1-1456774809,1.0110834109167783,0.9970059375356186,2500,1560,1456775621436
production-topology4-4-1456774830,1.0090270314597334,1.0324153082268226,2360,4260,1456775621436
production-topology2-2-1456774816,0.2581537595390268,0.6692912881778339,1560,240,1456775621436
/var/nimbus/storm/bin/storm rebalance production-topology1 -e spout_head=11
1456775621774
/var/nimbus/storm/bin/storm rebalance production-topology4 -e bolt_output_1=9
Running observer at: 1456775631943
production-topology3-3-1456774823,1.0004494786048184,1.0399902007098196,2160,3800,1456775632401
production-topology1-1-1456774809,1.001966780428434,1.001966780428434,159040,101880,1456775632401
production-topology4-4-1456774830,0.9976599694362929,0.9976599694362929,154660,278260,1456775632401
production-topology2-2-1456774816,0.28245676971088096,0.6435023202800371,1580,320,1456775632401
Running observer at: 1456775642925
production-topology3-3-1456774823,1.0526037805891073,1.0407785494522752,2600,4760,1456775643420
production-topology1-1-1456774809,0.9350649350649349,0.9685158577466845,160,120,1456775643420
production-topology4-4-1456774830,2.669412950365331,1.8335364599008122,240,660,1456775643420
production-topology2-2-1456774816,0.26626236303655665,0.6199248229523195,1440,240,1456775643421
Running observer at: 1456775654096
production-topology3-3-1456774823,0.9564624347812332,1.0358187780010375,2220,3800,1456775654623
production-topology1-1-1456774809,1.0,0.9790105718311229,0,0,1456775654623
production-topology4-4-1456774830,2.0,1.8890243066005414,0,0,1456775654623
production-topology2-2-1456774816,0.31182516281484507,0.6018013135324681,1660,260,1456775654623
Running observer at: 1456775660240
production-topology3-3-1456774823,1.0640349166594827,1.03738634125984,1520,2840,1456775660787
production-topology1-1-1456774809,1.0,0.9842579288733422,0,0,1456775660787
production-topology4-4-1456774830,2.0,1.916768229950406,0,0,1456775660788
production-topology2-2-1456774816,0.06511394941147008,0.5719853488590794,880,100,1456775660788
Running observer at: 1456775661334
production-topology3-3-1456774823,0.7902414327753694,1.0243787144974996,260,440,1456775661805
production-topology1-1-1456774809,1.1419175180859873,1.0157898467158712,111720,81600,1456775661805
production-topology4-4-1456774830,2.0,1.933414583960325,0,0,1456775661805
production-topology2-2-1456774816,2.2222222222222223,0.65883992114135,60,40,1456775661805
Running observer at: 1456775665135
production-topology3-3-1456774823,1.2337041156840933,1.0348449845568293,640,1260,1456775665587
production-topology1-1-1456774809,0.998384522930947,1.0128889594183839,96140,61200,1456775665588
production-topology4-4-1456774830,0.0,1.6111788199669375,0,0,1456775665588
production-topology2-2-1456774816,0.5701884920634921,0.6544073496874572,480,60,1456775665588
Running observer at: 1456775675965
production-topology3-3-1456774823,0.9847854980629643,1.032461199485693,2580,4500,1456775676447
production-topology1-1-1456774809,0.23415778498609824,0.9016416487852003,1660,340,1456775676447
production-topology4-4-1456774830,0.0,1.3810104171145177,0,0,1456775676447
production-topology2-2-1456774816,0.19936950282754973,0.6327388807893664,1500,280,1456775676447
Running observer at: 1456775686872
production-topology3-3-1456774823,0.8846821569332135,1.025743970278762,2280,4040,1456775687380
production-topology1-1-1456774809,0.8528888888888889,0.8955475537981613,2100,1160,1456775687380
production-topology4-4-1456774830,0.024630541871921183,1.2114629327091933,580,20,1456775687380
production-topology2-2-1456774816,0.2417718173204781,0.6149676506316896,1720,320,1456775687380
Running observer at: 1456775697928
production-topology3-3-1456774823,1.0973399636108507,1.0288568395540703,2460,4540,1456775698421
production-topology1-1-1456774809,1.0246029274369357,0.9098870397580251,2400,1540,1456775698421
production-topology4-4-1456774830,0.16652659161490685,1.095358894809828,1280,400,1456775698421
production-topology2-2-1456774816,0.28885646953203903,0.6007889036273569,1340,220,1456775698421
Running observer at: 1456775709001
production-topology3-3-1456774823,0.9954925247864359,1.0274666597720854,2560,4560,1456775709550
production-topology1-1-1456774809,1.0881956776798276,0.9277179035502053,2640,1720,1456775709550
production-topology4-4-1456774830,0.11058326058326058,0.9968813313871714,1320,320,1456775709551
production-topology2-2-1456774816,0.36933560330890397,0.5911450161140881,1560,300,1456775709551
Running observer at: 1456775720048
production-topology3-3-1456774823,0.9640043173232595,1.0249281660741323,2100,3740,1456775720530
production-topology1-1-1456774809,0.8017637590660512,0.9162675267789187,2260,1400,1456775720530
production-topology4-4-1456774830,0.11038374519880036,0.9162906417336831,1340,200,1456775720530
production-topology2-2-1456774816,0.24175483281086727,0.5771694087819593,1740,260,1456775720530
Running observer at: 1456775731143
production-topology3-3-1456774823,1.0266952131383706,1.024996129422757,2620,4860,1456775731609
production-topology1-1-1456774809,0.9960945134265352,0.92291977566622,2500,1500,1456775731609
production-topology4-4-1456774830,0.16332979472780848,0.8535439044831935,1320,380,1456775731609
production-topology2-2-1456774816,0.16398039633496694,0.5612775236878442,1300,220,1456775731610
Running observer at: 1456775742175
production-topology3-3-1456774823,0.9405914806626507,1.0218700313205307,2420,4180,1456775742640
production-topology1-1-1456774809,1.0673824550720696,0.9340322894666699,2560,1680,1456775742640
production-topology4-4-1456774830,0.10268557752667921,0.7957855716403848,1180,240,1456775742640
production-topology2-2-1456774816,0.2711334702637575,0.5505314476351002,1660,240,1456775742640
Running observer at: 1456775753202
production-topology3-3-1456774823,1.0803125432170284,1.0239572638882628,2160,4080,1456775753753
production-topology1-1-1456774809,1.1439515948433512,0.9490265255650042,2200,1460,1456775753753
production-topology4-4-1456774830,0.14718667297614668,0.7494570788786535,1400,320,1456775753754
production-topology2-2-1456774816,0.3488083942624323,0.5433270528717907,1520,280,1456775753754
Running observer at: 1456775764344
production-topology3-3-1456774823,0.9946497205445018,1.0229466589453744,2660,4860,1456775764872
production-topology1-1-1456774809,1.085639954451143,0.9581340874907468,2420,1580,1456775764872
production-topology4-4-1456774830,0.1332391459341814,0.7083758833490221,1400,340,1456775764872
production-topology2-2-1456774816,0.248837649116465,0.533172245845745,1480,280,1456775764872
Running observer at: 1456775775459
production-topology3-3-1456774823,0.9475994893920453,1.02043508662693,2280,3900,1456775775977
production-topology1-1-1456774809,0.8326735279576437,0.9502928025199279,2720,1640,1456775775978
production-topology4-4-1456774830,0.09531351001939237,0.6700594850159203,1200,240,1456775775978
production-topology2-2-1456774816,0.22113022113022116,0.5227708450218942,1600,240,1456775775978
Running observer at: 1456775786468
production-topology3-3-1456774823,0.9809735968534763,1.019866732490087,2460,4340,1456775786974
production-topology1-1-1456774809,1.2413517837870116,0.9674139190650505,2160,1460,1456775786974
production-topology4-4-1456774830,0.1505171431317625,0.6394981707874404,1360,320,1456775786974
production-topology2-2-1456774816,0.2752952290977798,0.4985509091858533,1460,240,1456775786974
Running observer at: 1456775797411
production-topology3-3-1456774823,1.1717491120159407,1.0148200682752337,2380,4560,1456775797918
production-topology1-1-1456774809,0.8599644371694789,0.9614445034041853,2420,1540,1456775797918
production-topology4-4-1456774830,0.14126440361258172,0.6118185170555038,1300,300,1456775797918
production-topology2-2-1456774816,0.4158742539635242,0.459816408644072,1540,300,1456775797918
/var/nimbus/storm/bin/storm rebalance production-topology2 -e bolt_output_sink=11
1456775798245
/var/nimbus/storm/bin/storm rebalance production-topology3 -e spout_head=10
Running observer at: 1456775808427
production-topology3-3-1456774823,0.9902268495394625,0.9902268495394625,137620,245280,1456775809023
production-topology1-1-1456774809,1.0289681739161607,0.9649983807995525,2280,1440,1456775809023
production-topology4-4-1456774830,0.1338379801854866,0.586661646693924,1380,300,1456775809023
production-topology2-2-1456774816,0.26462852278858673,0.26462852278858673,35480,6020,1456775809024
Running observer at: 1456775819470
production-topology3-3-1456774823,1.1560846560846563,1.0731557528120594,240,380,1456775820065
production-topology1-1-1456774809,0.9485662652667343,0.9641767750229115,2540,1560,1456775820065
production-topology4-4-1456774830,0.1061841804029304,0.5626377733793743,1280,320,1456775820065
production-topology2-2-1456774816,0.0,0.13231426139429336,40,0,1456775820065
Running observer at: 1456775830522
production-topology3-3-1456774823,2.0,1.3821038352080397,0,0,1456775831052
production-topology1-1-1456774809,0.9750231149370318,0.9646932673997745,2460,1680,1456775831052
production-topology4-4-1456774830,0.11041475183823529,0.5411033437821772,1280,260,1456775831052
production-topology2-2-1456774816,1.0,0.42154284092952893,0,0,1456775831052
Running observer at: 1456775836603
production-topology3-3-1456774823,2.0,1.5365778764060298,0,0,1456775837106
production-topology1-1-1456774809,1.064210778496493,0.9692167906314434,1320,840,1456775837106
production-topology4-4-1456774830,0.1723592197276408,0.5243422472342437,760,140,1456775837106
production-topology2-2-1456774816,1.0,0.5661571306971467,0,0,1456775837107
Running observer at: 1456775837612
production-topology3-3-1456774823,0.0,1.2292623011248238,127240,0,1456775838250
production-topology1-1-1456774809,0.2612244897959184,0.9384345166820727,120,80,1456775838250
production-topology4-4-1456774830,0.38888888888888884,0.5184529707844456,120,60,1456775838250
production-topology2-2-1456774816,1.0,0.6529257045577174,0,0,1456775838250
Running observer at: 1456775841495
production-topology3-3-1456774823,1.0167963219548617,1.193851304596497,111600,204040,1456775841973
production-topology1-1-1456774809,1.3884873949579832,0.957186719943569,800,480,1456775841973
production-topology4-4-1456774830,0.1737847222222222,0.5040917937610198,480,140,1456775841974
production-topology2-2-1456774816,0.3469017201879393,0.6019217071627544,0,3780,1456775841974
Running observer at: 1456775852521
production-topology3-3-1456774823,0.45413218972970604,1.0881771453298126,1700,1220,1456775852978
production-topology1-1-1456774809,0.9845376085845293,0.9582807554892073,2340,1520,1456775852978
production-topology4-4-1456774830,0.09164104816278729,0.4875937639370904,1380,240,1456775852978
production-topology2-2-1456774816,0.3469017201879393,0.5654902804520665,0,3780,1456775852978
Running observer at: 1456775863451
production-topology3-3-1456774823,0.9326554855585111,1.0687369378583997,1980,3440,1456775863962
production-topology1-1-1456774809,1.0087999069969618,0.9602237997779672,2720,1700,1456775863962
production-topology4-4-1456774830,0.17267379359770665,0.4754814573855756,1200,300,1456775863962
production-topology2-2-1456774816,0.2283848396501458,0.5233521003518264,980,160,1456775863962
Running observer at: 1456775874535
production-topology3-3-1456774823,0.9139405951059669,1.0515373442192404,2020,3640,1456775875058
production-topology1-1-1456774809,0.9370526004603332,0.9593656072106475,2180,1380,1456775875058
production-topology4-4-1456774830,0.1387044445938677,0.46300823468958646,1280,320,1456775875058
production-topology2-2-1456774816,1.3591411966397575,0.61621755549493,2040,1680,1456775875058
Running observer at: 1456775885649
production-topology3-3-1456774823,1.1266689696419734,1.0590505067615137,2300,4100,1456775886164
production-topology1-1-1456774809,1.1456506849315062,0.9660186457006781,2380,1620,1456775886164
production-topology4-4-1456774830,0.1054542101133614,0.4502384480975784,1440,340,1456775886164
production-topology2-2-1456774816,0.8871262820683888,0.6433084281522758,1800,1180,1456775886165
Running observer at: 1456775896624
production-topology3-3-1456774823,0.9499080293401481,1.0491284633595714,2040,3680,1456775897179
production-topology1-1-1456774809,1.0442477165512394,0.9687161998679389,2500,1520,1456775897179
production-topology4-4-1456774830,0.10253623188405797,0.4382487165040087,1200,260,1456775897179
production-topology2-2-1456774816,1.001496551505083,0.6758709848207128,2100,1320,1456775897180
Running observer at: 1456775907624
production-topology3-3-1456774823,0.9115314069642757,1.0376620419932967,2340,4120,1456775908130
production-topology1-1-1456774809,0.9544230173514768,0.9682397604507235,2260,1420,1456775908130
production-topology4-4-1456774830,0.13544146825396824,0.42815514156234075,1320,280,1456775908131
production-topology2-2-1456774816,1.2023655554366437,0.7197455323720403,1980,1220,1456775908131
Running observer at: 1456775918649
production-topology3-3-1456774823,1.1118944968730107,1.0433722308301978,2300,4140,1456775919233
production-topology1-1-1456774809,0.8553392121160212,0.9633521748403098,2560,1640,1456775919233
production-topology4-4-1456774830,0.18519825585042976,0.401073084442812,1320,400,1456775919233
production-topology2-2-1456774816,0.9769188340779653,0.7395280940417268,1920,1240,1456775919233
Running observer at: 1456775929699
production-topology3-3-1456774823,0.9191412189614001,1.0344985871252839,2000,3680,1456775930302
production-topology1-1-1456774809,1.060421697237071,0.9675307335793809,2360,1520,1456775930303
production-topology4-4-1456774830,0.07501388106542206,0.3145931154661482,1360,200,1456775930303
production-topology2-2-1456774816,0.9309541998097334,0.7532013873108702,2120,1340,1456775930303
/var/nimbus/storm/bin/storm rebalance production-topology4 -e bolt_output_2=11
1456775930593
/var/nimbus/storm/bin/storm rebalance production-topology1 -e spout_head=10
Running observer at: 1456775940765
production-topology3-3-1456774823,0.9567130693936763,1.0293128859431766,2320,4080,1456775941226
production-topology1-1-1456774809,0.9901518147528264,0.9901518147528264,155320,98120,1456775941226
production-topology4-4-1456774830,0.1258326307590195,0.1258326307590195,30740,6980,1456775941226
production-topology2-2-1456774816,1.0603765112416605,0.7736797289062561,1900,1300,1456775941226
Running observer at: 1456775951752
production-topology3-3-1456774823,0.9923815930346265,1.0270046801363921,2320,4160,1456775952245
production-topology1-1-1456774809,0.6357927786499215,0.8129722967013739,280,180,1456775952245
production-topology4-4-1456774830,0.5,0.31291631537950976,40,20,1456775952245
production-topology2-2-1456774816,0.8928490028490028,0.7811278085276778,1980,1200,1456775952245
Running observer at: 1456775962753
production-topology3-3-1456774823,1.069095677951815,1.0294806211843581,1900,3380,1456775963307
production-topology1-1-1456774809,1.0,0.8753148644675827,0,0,1456775963307
production-topology4-4-1456774830,2.0,0.8752775435863399,0,0,1456775963307
production-topology2-2-1456774816,0.9999715980668362,0.7940009726182166,1960,1220,1456775963307
Running observer at: 1456775968873
production-topology3-3-1456774823,1.0720871138546684,1.0318476485549308,1180,2280,1456775969401
production-topology1-1-1456774809,1.0,0.906486148350687,0,0,1456775969401
production-topology4-4-1456774830,2.0,1.1564581576897548,0,0,1456775969401
production-topology2-2-1456774816,1.138267718977253,0.8131269029714964,1040,760,1456775969401
Running observer at: 1456775969990
production-topology3-3-1456774823,1.021451762523191,1.0313004966585235,480,840,1456775970489
production-topology1-1-1456774809,1.0,0.9251889186805495,0,0,1456775970489
production-topology4-4-1456774830,2.0,1.3251665261518037,0,0,1456775970489
production-topology2-2-1456774816,1.2484658198943914,0.8360394775463856,260,100,1456775970489
Running observer at: 1456775973869
production-topology3-3-1456774823,0.9417454258086919,1.026822743116032,760,1380,1456775974332
production-topology1-1-1456774809,9.23775407104148E-4,0.7711447281349754,145160,80,1456775974332
production-topology4-4-1456774830,2.0,1.4376387717931698,0,0,1456775974333
production-topology2-2-1456774816,1.1493428912783752,0.8517046482329851,620,440,1456775974333
Running observer at: 1456775984786
production-topology3-3-1456774823,1.040273766941658,1.0274632680601095,1900,3400,1456775985318
production-topology1-1-1456774809,1.007581249176953,0.804921373998115,130460,83980,1456775985318
production-topology4-4-1456774830,0.125,1.2501189472512884,240,0,1456775985318
production-topology2-2-1456774816,1.0041462218930186,0.8589637707882248,1940,1240,1456775985318
Running observer at: 1456775995757
production-topology3-3-1456774823,1.0214266261531364,1.0271888752461562,2280,4120,1456775996241
production-topology1-1-1456774809,0.28509584581551195,0.7399431829752896,1580,320,1456775996241
production-topology4-4-1456774830,0.015503875968992246,1.0957920633410014,860,60,1456775996241
production-topology2-2-1456774816,0.9241947482227774,0.8619288152170682,1920,1180,1456775996241
Running observer at: 1456776006751
production-topology3-3-1456774823,0.9093682264698772,1.0220662383428396,2360,4140,1456776007284
production-topology1-1-1456774809,1.376082350773766,0.8106253127306758,2260,1900,1456776007285
production-topology4-4-1456774830,0.053781512605042006,0.9800131132592281,840,40,1456776007285
production-topology2-2-1456774816,1.00538349034284,0.8681659750051453,1980,1320,1456776007285
Running observer at: 1456776017757
production-topology3-3-1456774823,1.0882561423553874,1.024824151010029,1980,3740,1456776018216
production-topology1-1-1456774809,1.1401163194261985,0.8435744134002281,2260,1620,1456776018216
production-topology4-4-1456774830,0.015795586527293844,0.8835913605860346,820,20,1456776018216
production-topology2-2-1456774816,0.9599682849712716,0.8719910712537339,2060,1300,1456776018216
Running observer at: 1456776028871
production-topology3-3-1456774823,1.0059083152171737,1.024067517578315,2320,4060,1456776029418
production-topology1-1-1456774809,1.0980767590618337,0.8667109902785558,2000,1320,1456776029418
production-topology4-4-1456774830,0.0,0.8032648732600315,840,0,1456776029418
production-topology2-2-1456774816,0.9227671412621549,0.8740221140540707,1880,1220,1456776029418
Running observer at: 1456776039983
production-topology3-3-1456774823,0.9827167542919959,1.022477103605764,2180,4120,1456776040481
production-topology1-1-1456774809,0.9276354973198331,0.8717880325319957,2380,1360,1456776040481
production-topology4-4-1456774830,0.034266517357222845,0.7391816769347974,940,80,1456776040482
production-topology2-2-1456774816,1.1372649222561293,0.8841468374464576,2020,1280,1456776040482
Running observer at: 1456776050993
production-topology3-3-1456774823,0.9457390685444459,1.0196349541590486,2040,3460,1456776051487
production-topology1-1-1456774809,1.0649080468770802,0.8866434182508484,1880,1260,1456776051487
production-topology4-4-1456774830,0.028361344537815126,0.6845031898273373,840,20,1456776051487
production-topology2-2-1456774816,1.1502783436374666,0.8940035598979764,2020,1340,1456776051487
Running observer at: 1456776062029
production-topology3-3-1456774823,1.0761498589205503,1.0216533436148165,2380,4340,1456776062513
production-topology1-1-1456774809,0.9971265925725128,0.8945350735595387,2440,1440,1456776062513
production-topology4-4-1456774830,0.08876357560568086,0.6419503602400761,840,80,1456776062513
production-topology2-2-1456774816,0.8858960787923416,0.8937140070013466,1940,1180,1456776062514
Running observer at: 1456776073015
production-topology3-3-1456774823,0.9259224118996714,1.0183522770039495,2140,3920,1456776073511
production-topology1-1-1456774809,0.8719682335847012,0.8930306175612162,2060,1460,1456776073511
production-topology4-4-1456774830,0.019591836734693877,0.600459792006384,840,60,1456776073511
production-topology2-2-1456774816,0.9512316276680498,0.895697373231233,1860,1180,1456776073511
Running observer at: 1456776084037
production-topology3-3-1456774823,1.0752734110530806,1.0202496481389205,2020,3660,1456776084589
production-topology1-1-1456774809,1.1856709891583563,0.9113206407860375,2160,1300,1456776084590
production-topology4-4-1456774830,0.06715029761904762,0.5671279486071754,960,40,1456776084590
production-topology2-2-1456774816,1.1330877227919942,0.9036103848832584,2160,1420,1456776084590
Running observer at: 1456776095030
production-topology3-3-1456774823,1.0099917146689814,1.020908476976571,2280,4160,1456776095554
production-topology1-1-1456774809,0.9360364187524328,0.9127745100781784,2300,1500,1456776095554
production-topology4-4-1456774830,0.0,0.5337674810420474,840,0,1456776095554
production-topology2-2-1456774816,0.9055641469366785,0.9249749056881948,1860,1120,1456776095555
Running observer at: 1456776106081
production-topology3-3-1456774823,1.0139976715316463,1.0161722441581376,2180,3860,1456776106628
production-topology1-1-1456774809,1.0671512913580485,0.92135099792706,2220,1460,1456776106628
production-topology4-4-1456774830,0.21841269841269842,0.5162477708959725,900,80,1456776106629
production-topology2-2-1456774816,1.073005687511051,0.9607417619385631,1960,1300,1456776106629
Running observer at: 1456776117086
production-topology3-3-1456774823,0.9591036772216547,0.9814757000655259,2200,3860,1456776117586
production-topology1-1-1456774809,0.9856625380019797,0.9247358158257399,2080,1320,1456776117586
production-topology4-4-1456774830,0.009819121447028423,0.48959363145129126,860,20,1456776117586
production-topology2-2-1456774816,1.0155827192949523,0.9612611859150615,1840,1220,1456776117587
Running observer at: 1456776128104
production-topology3-3-1456774823,0.9511784364155558,0.9465149812793778,2280,4120,1456776128691
production-topology1-1-1456774809,0.9948931942799729,0.9282436847484516,2240,1480,1456776128691
production-topology4-4-1456774830,0.028409090909090908,0.4665344044241813,880,40,1456776128691
production-topology2-2-1456774816,0.9649022508139244,0.9600912609421923,1980,1260,1456776128691
Running observer at: 1456776139157
production-topology3-3-1456774823,1.0156001212366135,0.9803683186539316,2040,3660,1456776139652
production-topology1-1-1456774809,0.9329390551749008,0.928467273816378,2360,1440,1456776139652
production-topology4-4-1456774830,0.021428571428571425,0.4453388885672475,840,40,1456776139653
production-topology2-2-1456774816,0.8555608914490624,0.9552766239904944,2160,1240,1456776139653
Running observer at: 1456776150314
production-topology3-3-1456774823,0.9947886877336084,0.9796347308465566,2320,4060,1456776150822
production-topology1-1-1456774809,1.1222189695550353,0.9372741690772259,2040,1300,1456776150822
production-topology4-4-1456774830,0.0,0.4250962118141908,860,0,1456776150822
production-topology2-2-1456774816,1.1356592891726942,0.981568542956653,1880,1300,1456776150822
Running observer at: 1456776161335
production-topology3-3-1456774823,0.9651333906821034,0.9966681042116365,2260,4060,1456776161855
production-topology1-1-1456774809,0.9211752567919383,0.9365742163691699,2240,1440,1456776161855
production-topology4-4-1456774830,0.04995374653098983,0.408785669845356,940,60,1456776161855
production-topology2-2-1456774816,1.0594502618197341,1.005320161011046,1960,1260,1456776161855
Running observer at: 1456776172403
production-topology3-3-1456774823,1.100389424062308,1.0022592354950963,2000,3740,1456776172914
production-topology1-1-1456774809,1.1080001077229564,0.9437169618422443,2060,1400,1456776172914
production-topology4-4-1456774830,0.006802721088435373,0.39203638031381766,840,20,1456776172914
production-topology2-2-1456774816,0.9512146644872506,1.029414488505616,2040,1300,1456776172914
Running observer at: 1456776183464
production-topology3-3-1456774823,0.9990794042723321,1.0050971958006418,2340,4120,1456776184016
production-topology1-1-1456774809,0.9292261193962232,0.9431373281444034,2340,1420,1456776184016
production-topology4-4-1456774830,0.04859259259259259,0.3782986288049687,900,100,1456776184016
production-topology2-2-1456774816,1.019599927654187,1.018096446206097,1900,1180,1456776184016
Running observer at: 1456776194514
production-topology3-3-1456774823,0.966368410705041,0.9997538438360775,2180,3900,1456776195082
production-topology1-1-1456774809,1.097568358389668,0.9490769831538367,2100,1400,1456776195083
production-topology4-4-1456774830,0.03333333333333333,0.3650307328252904,960,20,1456776195083
production-topology2-2-1456774816,1.1006208468651457,1.0252129316993221,2020,1240,1456776195083
Running observer at: 1456776205533
production-topology3-3-1456774823,1.0082341279216014,1.0016980471221257,2140,3960,1456776206064
production-topology1-1-1456774809,0.9948659383686709,0.9507728703840158,2020,1340,1456776206064
production-topology4-4-1456774830,0.14253048780487806,0.3567899830097196,820,100,1456776206064
production-topology2-2-1456774816,0.893192531186148,1.0216027976886912,2080,1340,1456776206064
Running observer at: 1456776216526
production-topology3-3-1456774823,1.016929125319649,1.0052113044006383,2200,3780,1456776216999
production-topology1-1-1456774809,0.9007263735765164,0.9489854954980338,2480,1520,1456776216999
production-topology4-4-1456774830,0.0,0.3440474836165153,820,0,1456776216999
production-topology2-2-1456774816,1.0301128514390165,1.01586104088877,1860,1300,1456776217000
Running observer at: 1456776227559
production-topology3-3-1456774823,1.0662283057326019,1.0036890980292914,2100,3940,1456776228072
production-topology1-1-1456774809,1.0866717091996727,0.953733295970504,2100,1440,1456776228072
production-topology4-4-1456774830,0.015873015873015876,0.3327311226598429,840,60,1456776228072
production-topology2-2-1456774816,1.066903462415894,1.0188605285000345,2040,1180,1456776228072
Running observer at: 1456776238496
production-topology3-3-1456774823,0.988959555197873,1.0060163759038405,2140,3960,1456776238991
production-topology1-1-1456774809,0.9432144522921108,0.9533826678478909,2060,1240,1456776238991
production-topology4-4-1456774830,0.006283068783068781,0.3218495208639504,960,20,1456776238992
production-topology2-2-1456774816,0.8863534748329206,1.017373837667474,2020,1300,1456776238992
Running observer at: 1456776249556
production-topology3-3-1456774823,0.8903458581608125,1.0038041355294116,2400,3980,1456776250054
production-topology1-1-1456774809,0.9380405370566172,0.9516456252580175,2260,1520,1456776250054
production-topology4-4-1456774830,0.003018465909090909,0.3177557153689528,880,20,1456776250054
production-topology2-2-1456774816,0.9950260457325906,1.0151954888171715,1900,1260,1456776250054
Running observer at: 1456776260580
production-topology3-3-1456774823,1.125820137684034,1.0082520870177254,2120,3980,1456776261149
production-topology1-1-1456774809,1.1128817236354007,0.9675485900908669,2380,1420,1456776261149
production-topology4-4-1456774830,0.26587301587301587,0.30995148256472,840,80,1456776261150
production-topology2-2-1456774816,1.096550814860674,1.0219855492175607,1900,1100,1456776261150
Running observer at: 1456776271772
production-topology3-3-1456774823,0.9888332917775692,1.0055766741452503,2100,3940,1456776272242
production-topology1-1-1456774809,0.9484270972944112,0.9658294933340136,2000,1400,1456776272242
production-topology4-4-1456774830,0.007346938775510204,0.24352971385723696,980,20,1456776272242
production-topology2-2-1456774816,1.0389188123034452,1.0232837896921143,1980,1280,1456776272243
Running observer at: 1456776282790
production-topology3-3-1456774823,0.9701064908722108,1.0021773200458353,2300,4100,1456776283250
production-topology1-1-1456774809,0.955558100676579,0.9643480966898996,2320,1400,1456776283250
production-topology4-4-1456774830,0.043697478991596636,0.1783196298236235,840,100,1456776283250
production-topology2-2-1456774816,0.8556425566635214,1.0138629509483235,2100,1340,1456776283250
Running observer at: 1456776293779
production-topology3-3-1456774823,1.0037383177570094,1.0015868718869625,2160,3920,1456776294233
production-topology1-1-1456774809,1.1939179270183626,0.9708120275905117,2260,1480,1456776294233
production-topology4-4-1456774830,0.0,0.11165296315695679,800,20,1456776294233
production-topology2-2-1456774816,1.129520181396013,1.0098980963317108,1800,1240,1456776294233
Running observer at: 1456776304805
production-topology3-3-1456774823,1.0262363155891019,1.0044032348796428,2140,3880,1456776305337
production-topology1-1-1456774809,0.8308136338647608,0.9984750228724336,2080,1240,1456776305337
production-topology4-4-1456774830,0.027597402597402596,0.045906209910203596,880,20,1456776305338
production-topology2-2-1456774816,0.9432046536224219,1.003026821743179,2000,1260,1456776305338
Running observer at: 1456776315949
production-topology3-3-1456774823,0.9863838271633552,1.0026069035536993,2320,4080,1456776316454
production-topology1-1-1456774809,1.004574875176424,0.9983748104057494,2220,1440,1456776316455
production-topology4-4-1456774830,0.026140873015873013,0.04261090567739937,960,60,1456776316455
production-topology2-2-1456774816,0.9642738514363713,1.0016977427279576,2160,1420,1456776316455
Running observer at: 1456776327021
production-topology3-3-1456774823,1.0217721022228987,1.0026184194226915,2040,3680,1456776327513
production-topology1-1-1456774809,1.1033033955311191,1.0256483953962696,2300,1540,1456776327513
production-topology4-4-1456774830,0.024853801169590642,0.04292256985075265,840,60,1456776327513
production-topology2-2-1456774816,0.9918181281196999,1.0039518553911884,1860,1120,1456776327513
Running observer at: 1456776337968
production-topology3-3-1456774823,0.9357853856013025,1.0034989913937389,2180,3940,1456776338489
production-topology1-1-1456774809,1.0305313542967829,1.0141300288470367,2060,1340,1456776338489
production-topology4-4-1456774830,0.060823170731707316,0.04315729178830816,820,20,1456776338489
production-topology2-2-1456774816,1.1197463112374797,1.0077639494210096,1840,1200,1456776338490
Running observer at: 1456776349002
production-topology3-3-1456774823,0.9885881573558173,1.0001767252270866,2200,3820,1456776349600
production-topology1-1-1456774809,0.8751061773745537,1.005296357445315,2120,1340,1456776349601
production-topology4-4-1456774830,0.0,0.04263077223739837,880,0,1456776349601
production-topology2-2-1456774816,0.9060569735237093,1.0059669057060912,1920,1360,1456776349601
Running observer at: 1456776360036
production-topology3-3-1456774823,1.0096554352429739,1.0003016292279465,2300,4140,1456776360552
production-topology1-1-1456774809,0.9698212324766355,1.0010211732258087,2140,1260,1456776360552
production-topology4-4-1456774830,0.012957926731722922,0.0430627031284558,940,60,1456776360552
production-topology2-2-1456774816,1.1188225514066323,1.0125020860442404,2160,1320,1456776360552
Running observer at: 1456776371026
production-topology3-3-1456774823,1.018328646913158,1.0014886923153188,2120,3940,1456776371501
production-topology1-1-1456774809,0.9831696029172943,1.0028723100790573,2360,1520,1456776371502
production-topology4-4-1456774830,0.03603776884070641,0.04312174484457191,860,60,1456776371502
production-topology2-2-1456774816,1.0109956742263315,1.0082931111099138,1900,1260,1456776371502
Running observer at: 1456776382065
production-topology3-3-1456774823,1.0207108142112338,1.0039877505042116,2180,3920,1456776382653
production-topology1-1-1456774809,0.8901640869768099,0.9970475114157149,2200,1360,1456776382653
production-topology4-4-1456774830,0.0896218487394958,0.04516376165129459,800,60,1456776382653
production-topology2-2-1456774816,0.9437627739382126,1.0014092587866052,1940,1240,1456776382653
Running observer at: 1456776393087
production-topology3-3-1456774823,1.0502949941902924,1.0031259216798698,2080,3840,1456776393563
production-topology1-1-1456774809,1.0206628047207755,0.997832051820657,2080,1300,1456776393563
production-topology4-4-1456774830,0.020999999999999998,0.04290497579777189,1000,40,1456776393563
production-topology2-2-1456774816,0.9922237802396084,1.0049535155015141,2040,1280,1456776393563
Running observer at: 1456776404077
production-topology3-3-1456774823,0.9999202838613779,1.0055925174119267,2340,4140,1456776404600
production-topology1-1-1456774809,1.0630417651694248,1.0042011695401478,2220,1480,1456776404600
production-topology4-4-1456774830,0.017296511627906973,0.04282846496087899,860,60,1456776404600
production-topology2-2-1456774816,1.007423117709438,1.0068265651695607,1840,1240,1456776404600
Running observer at: 1456776415098
production-topology3-3-1456774823,0.9672820932490291,1.0019928068184583,2200,3900,1456776415601
production-topology1-1-1456774809,1.188796293831039,1.0043053463625704,2300,1480,1456776415601
production-topology4-4-1456774830,0.05429732868757258,0.042400032663163154,820,40,1456776415601
production-topology2-2-1456774816,0.8766841396037095,0.9982797790632845,2100,1220,1456776415601
Running observer at: 1456776426214
production-topology3-3-1456774823,1.0675251856729338,1.0039105891852567,1960,3700,1456776426795
production-topology1-1-1456774809,0.8154279954104361,1.000285065584504,2020,1320,1456776426795
production-topology4-4-1456774830,0.012576219512195123,0.042819239980236325,820,40,1456776426796
production-topology2-2-1456774816,1.323417203688212,1.0122082142883353,1740,1220,1456776426796
Running observer at: 1456776437346
production-topology3-3-1456774823,0.9735567466561764,1.0025625583560742,2460,4300,1456776437851
production-topology1-1-1456774809,0.9740900561448291,0.9971830244107299,2340,1440,1456776437851
production-topology4-4-1456774830,0.019766069693183393,0.03619768568958583,980,40,1456776437851
production-topology2-2-1456774816,0.940173148985657,1.0077804630041556,2160,1340,1456776437851
Running observer at: 1456776448328
production-topology3-3-1456774823,1.0095435759653335,1.0042438883141969,2200,3880,1456776448800
production-topology1-1-1456774809,1.0394481872596244,0.9989758793859846,2280,1500,1456776448800
production-topology4-4-1456774830,0.015243902439024392,0.036378511722652364,820,20,1456776448800
production-topology2-2-1456774816,0.8555626748029492,1.0024464615210888,1900,1160,1456776448800
Running observer at: 1456776459233
production-topology3-3-1456774823,1.0179636409502792,1.0064700617986877,1920,3740,1456776459868
production-topology1-1-1456774809,1.1156800918484502,1.0030021093049342,1980,1380,1456776459868
production-topology4-4-1456774830,0.09883720930232556,0.03872611566909352,860,60,1456776459868
production-topology2-2-1456774816,1.0632244413029857,1.005723867870724,2000,1280,1456776459868
Running observer at: 1456776470402
production-topology3-3-1456774823,0.9357705856861546,1.0038090772803387,2340,3820,1456776470970
production-topology1-1-1456774809,0.890772687986171,1.0015965637319764,2240,1340,1456776470970
production-topology4-4-1456774830,0.004813863928112965,0.0381722920857449,820,20,1456776470970
production-topology2-2-1456774816,1.0376238947667518,1.0117926346479806,1960,1220,1456776470970
Running observer at: 1456776481465
production-topology3-3-1456774823,1.0922702287826058,1.0070584619819722,2180,4180,1456776481999
production-topology1-1-1456774809,1.0457341237507918,0.9990470688718348,2320,1540,1456776481999
production-topology4-4-1456774830,0.035273368606701945,0.03934807103930163,980,40,1456776481999
production-topology2-2-1456774816,0.938250286937766,1.005212334573483,2020,1320,1456776481999
Running observer at: 1456776492460
production-topology3-3-1456774823,0.9772677111102156,1.0074629393295758,2160,3880,1456776492893
production-topology1-1-1456774809,1.0238836252371541,1.0024706811533421,2140,1280,1456776492894
production-topology4-4-1456774830,0.0,0.0376829461549353,860,0,1456776492894
production-topology2-2-1456774816,1.1482892250715853,1.0081736333485447,1880,1260,1456776492894
Running observer at: 1456776503415
production-topology3-3-1456774823,0.9190845566549707,1.0014194437493313,2180,3860,1456776503885
production-topology1-1-1456774809,1.0061705779905388,0.9990763634955948,2160,1340,1456776503885
production-topology4-4-1456774830,0.018927648578811372,0.038087110404614516,860,60,1456776503885
production-topology2-2-1456774816,0.9492650832202841,1.0081086473063123,1900,1240,1456776503885
Running observer at: 1456776514604
production-topology3-3-1456774823,1.0513724638328843,1.003162545734683,2320,4160,1456776515174
production-topology1-1-1456774809,1.0269292707688296,1.002333135208015,2040,1340,1456776515174
production-topology4-4-1456774830,0.06939716312056737,0.038780596088880334,940,100,1456776515174
production-topology2-2-1456774816,0.9307218927661569,1.0051460461433779,2180,1280,1456776515174
Running observer at: 1456776525648
production-topology3-3-1456774823,1.1071660186057002,1.0078557993313717,2140,3960,1456776526120
production-topology1-1-1456774809,0.9576425354574173,0.997668941110273,2400,1540,1456776526120
production-topology4-4-1456774830,0.04331550802139038,0.03911333524514891,880,40,1456776526121
production-topology2-2-1456774816,1.0847180234007092,1.0046159520278966,1860,1280,1456776526121
Running observer at: 1456776536562
production-topology3-3-1456774823,0.9457328002089211,1.0057724217409492,2220,3880,1456776537031
production-topology1-1-1456774809,0.9453549944166274,0.996018576311872,2100,1440,1456776537031
production-topology4-4-1456774830,0.0,0.0343623189849863,800,60,1456776537031
production-topology2-2-1456774816,0.9254131738115451,1.005689973448743,1960,1220,1456776537031
Running observer at: 1456776547584
production-topology3-3-1456774823,0.9711201444116402,1.0042454557106821,1920,3600,1456776548175
production-topology1-1-1456774809,0.9707186724101406,0.9983516529396592,2100,1320,1456776548175
production-topology4-4-1456774830,0.0,0.0343623189849863,840,20,1456776548175
production-topology2-2-1456774816,1.0158549297790267,1.00521470939341,1860,1180,1456776548175
Running observer at: 1456776558743
production-topology3-3-1456774823,0.9640816822887551,1.0008405682625539,2440,4440,1456776559250
production-topology1-1-1456774809,1.081631263346196,0.9981836380778767,2220,1460,1456776559250
production-topology4-4-1456774830,0.09130938003220611,0.0368768644569593,920,60,1456776559250
production-topology2-2-1456774816,1.0481564790711297,1.0045898099485846,2180,1380,1456776559250
Running observer at: 1456776569732
production-topology3-3-1456774823,1.1401835734293715,1.0058813688702706,2240,3820,1456776570225
production-topology1-1-1456774809,0.9589502016600701,0.9987081630568088,2400,1480,1456776570225
production-topology4-4-1456774830,0.00556947925368978,0.036853078139313336,840,20,1456776570225
production-topology2-2-1456774816,0.9490570719602979,1.0066799298528304,1980,1320,1456776570225
Running observer at: 1456776580643
production-topology3-3-1456774823,0.9348336279782398,1.0073642945308514,2000,3720,1456776581120
production-topology1-1-1456774809,1.08759585835313,1.0036933404333592,1980,1340,1456776581120
production-topology4-4-1456774830,0.047748447204968944,0.0383440775158426,920,40,1456776581120
production-topology2-2-1456774816,1.095634102932245,1.0100335317594855,1760,1200,1456776581120
Running observer at: 1456776591765
production-topology3-3-1456774823,0.9598874662845157,1.0018332054842007,2180,3940,1456776592399
production-topology1-1-1456774809,0.9661168121775726,0.9988011767180982,2220,1400,1456776592400
production-topology4-4-1456774830,0.020737690161130612,0.030172899992113103,920,60,1456776592400
production-topology2-2-1456774816,0.8976964376690053,1.0034050525197633,2040,1160,1456776592400
Running observer at: 1456776602861
production-topology3-3-1456774823,0.9972124770428095,1.002112511659709,2340,4120,1456776603349
production-topology1-1-1456774809,1.0015402742889972,1.0005716159512512,2380,1500,1456776603349
production-topology4-4-1456774830,0.03233695652173913,0.031005900583654065,920,40,1456776603350
production-topology2-2-1456774816,0.9395833849391348,1.0000938716076198,1940,1280,1456776603350
Running observer at: 1456776613789
production-topology3-3-1456774823,1.0500225245957755,1.0047763794504943,2200,3860,1456776614257
production-topology1-1-1456774809,1.01131978293359,1.0024303386931517,2060,1360,1456776614258
production-topology4-4-1456774830,0.028846153846153844,0.03051085641213931,780,40,1456776614258
production-topology2-2-1456774816,1.1890375068946495,1.0112070366153239,1960,1340,1456776614258
Running observer at: 1456776624695
production-topology3-3-1456774823,1.0332403272539672,1.0057597797670597,2100,3940,1456776625200
production-topology1-1-1456774809,0.9462329667787132,0.9941741733518298,2180,1420,1456776625201
production-topology4-4-1456774830,0.008310249307479223,0.030787864722388623,760,20,1456776625201
production-topology2-2-1456774816,0.7707799411896322,0.9992490286084446,2080,1120,1456776625201
Running observer at: 1456776635753
production-topology3-3-1456774823,0.9502131022835996,1.003225672656876,2080,3620,1456776636236
production-topology1-1-1456774809,1.1195678710937502,1.0037993145927961,2000,1300,1456776636236
production-topology4-4-1456774830,0.012418300653594772,0.030281894657595024,1020,20,1456776636236
production-topology2-2-1456774816,1.2957361065531054,1.0110000770394671,1720,1220,1456776636236
Running observer at: 1456776646675
production-topology3-3-1456774823,0.9502826093737912,1.0020222987305574,2160,4000,1456776647193
production-topology1-1-1456774809,0.8545829974021321,0.9987995853336532,1220,760,1456776647193
production-topology4-4-1456774830,0.044444444444444446,0.03089201370521407,900,20,1456776647193
production-topology2-2-1456774816,0.8057758371522892,1.0057168098966645,2060,1240,1456776647193
Running observer at: 1456776657617
production-topology3-3-1456774823,1.1105533679715922,1.004981674255514,2080,4040,1456776657949
production-topology1-1-1456774809,1.0,0.9953561388159492,0,0,1456776657949
production-topology4-4-1456774830,0.07912087912087912,0.03270091630359035,780,120,1456776657949
production-topology2-2-1456774816,2.028105476673428,1.0402597215151221,580,380,1456776657949
