production-topology1-1-1456639053,0.0,0.0,1456639053638
production-topology1-1-1456639053,0.0,0.0,1456639054010
production-topology1-1-1456639053,0.0,0.0,1456639060081
production-topology2-2-1456639059,0.0,0.0,1456639060081
production-topology1-1-1456639053,0.0,0.0,1456639064446
production-topology2-2-1456639059,0.0,0.0,1456639064446
production-topology1-1-1456639053,0.0,0.0,1456639066540
production-topology2-2-1456639059,0.0,0.0,1456639066541
production-topology3-3-1456639066,0.0,0.0,1456639066541
production-topology4-4-1456639072,0.0,0.0,1456639073137
production-topology1-1-1456639053,0.0,0.0,1456639073137
production-topology2-2-1456639059,0.0,0.0,1456639073137
production-topology3-3-1456639066,0.0,0.0,1456639073138
production-topology4-4-1456639072,0.0,0.0,1456639075153
production-topology1-1-1456639053,0.0,0.0,1456639075153
production-topology2-2-1456639059,0.0,0.0,1456639075153
production-topology3-3-1456639066,0.0,0.0,1456639075154
production-topology4-4-1456639072,0.0,0.0,1456639085893
production-topology1-1-1456639053,0.0,0.0,1456639085893
production-topology2-2-1456639059,0.0,0.0,1456639085893
production-topology3-3-1456639066,0.0,0.0,1456639085894
production-topology4-4-1456639072,0.0,0.0,1456639096592
production-topology1-1-1456639053,0.0,0.0,1456639096592
production-topology2-2-1456639059,0.0,0.0,1456639096592
production-topology3-3-1456639066,0.0,0.0,1456639096592
production-topology4-4-1456639072,0.0,0.0,1456639107160
production-topology1-1-1456639053,0.0,0.0,1456639107160
production-topology2-2-1456639059,0.0,0.0,1456639107160
production-topology3-3-1456639066,0.0,0.0,1456639107160
production-topology4-4-1456639072,0.0,0.0,1456639117716
production-topology1-1-1456639053,0.0,0.0,1456639117716
production-topology2-2-1456639059,0.0,0.0,1456639117716
production-topology3-3-1456639066,0.0,0.0,1456639117717
