Running observer at: 1456631344995
production-topology1-1-1456631344,0.0,0.0,0,0,1456631345189
Running observer at: 1456631345870
production-topology1-1-1456631344,0.0,0.0,0,0,1456631346016
Running observer at: 1456631351325
production-topology1-1-1456631344,0.0,0.0,0,0,1456631351615
production-topology2-2-1456631351,0.0,0.0,0,0,1456631351616
Running observer at: 1456631356200
production-topology1-1-1456631344,0.0,0.0,0,0,1456631356441
production-topology2-2-1456631351,0.0,0.0,0,0,1456631356441
Running observer at: 1456631357729
production-topology1-1-1456631344,0.0,0.0,0,0,1456631358043
production-topology2-2-1456631351,0.0,0.0,0,0,1456631358044
production-topology3-3-1456631357,0.0,0.0,0,0,1456631358044
Running observer at: 1456631364087
production-topology1-1-1456631344,0.0,0.0,0,0,1456631364518
production-topology2-2-1456631351,0.0,0.0,0,0,1456631364518
production-topology3-3-1456631357,0.0,0.0,0,0,1456631364518
production-topology4-4-1456631363,0.0,0.0,0,0,1456631364519
Running observer at: 1456631366718
production-topology1-1-1456631344,0.0,0.0,0,0,1456631367138
production-topology2-2-1456631351,0.0,0.0,0,0,1456631367139
production-topology3-3-1456631357,0.0,0.0,0,0,1456631367139
production-topology4-4-1456631363,0.0,0.0,0,0,1456631367139
Running observer at: 1456631377488
production-topology1-1-1456631344,0.0,0.0,0,0,1456631377876
production-topology2-2-1456631351,0.0,0.0,0,0,1456631377876
production-topology3-3-1456631357,0.0,0.0,0,0,1456631377876
production-topology4-4-1456631363,0.0,0.0,0,0,1456631377877
Running observer at: 1456631388224
production-topology1-1-1456631344,0.0,0.0,0,0,1456631388555
production-topology2-2-1456631351,0.0,0.0,0,0,1456631388555
production-topology3-3-1456631357,0.0,0.0,0,0,1456631388555
production-topology4-4-1456631363,0.0,0.0,0,0,1456631388555
Running observer at: 1456631398854
production-topology1-1-1456631344,0.0,0.0,0,0,1456631399208
production-topology2-2-1456631351,0.0,0.0,0,0,1456631399209
production-topology3-3-1456631357,0.0,0.0,0,0,1456631399209
production-topology4-4-1456631363,0.0,0.0,0,0,1456631399209
Running observer at: 1456631409483
production-topology1-1-1456631344,0.0,0.0,0,0,1456631409812
production-topology2-2-1456631351,0.0,0.0,0,0,1456631409812
production-topology3-3-1456631357,0.0,0.0,0,0,1456631409812
production-topology4-4-1456631363,0.0,0.0,0,0,1456631409812
Running observer at: 1456631420079
production-topology1-1-1456631344,0.0,0.0,0,0,1456631420389
production-topology2-2-1456631351,0.0,0.0,0,0,1456631420389
production-topology3-3-1456631357,0.0,0.0,0,0,1456631420390
production-topology4-4-1456631363,0.0,0.0,0,0,1456631420390
Running observer at: 1456631430664
production-topology1-1-1456631344,0.0,0.0,0,0,1456631430978
production-topology2-2-1456631351,0.0,0.0,0,0,1456631430978
production-topology3-3-1456631357,0.0,0.0,0,0,1456631430978
production-topology4-4-1456631363,0.0,0.0,0,0,1456631430978
Running observer at: 1456631441249
production-topology1-1-1456631344,0.0,0.0,0,0,1456631441523
production-topology2-2-1456631351,0.0,0.0,0,0,1456631441523
production-topology3-3-1456631357,0.0,0.0,0,0,1456631441523
production-topology4-4-1456631363,0.0,0.0,0,0,1456631441523
Running observer at: 1456631451748
production-topology1-1-1456631344,0.0,0.0,0,0,1456631452025
production-topology2-2-1456631351,0.0,0.0,0,0,1456631452026
production-topology3-3-1456631357,0.0,0.0,0,0,1456631452026
production-topology4-4-1456631363,0.0,0.0,0,0,1456631452026
Running observer at: 1456631462269
production-topology1-1-1456631344,0.0,0.0,0,0,1456631462540
production-topology2-2-1456631351,0.0,0.0,0,0,1456631462540
production-topology3-3-1456631357,0.0,0.0,0,0,1456631462540
production-topology4-4-1456631363,0.0,0.0,0,0,1456631462541
Running observer at: 1456631472762
production-topology1-1-1456631344,0.0,0.0,0,0,1456631473038
production-topology2-2-1456631351,0.0,0.0,0,0,1456631473039
production-topology3-3-1456631357,0.0,0.0,0,0,1456631473039
production-topology4-4-1456631363,0.0,0.0,0,0,1456631473039
Running observer at: 1456631483271
production-topology1-1-1456631344,0.0,0.0,0,0,1456631483536
production-topology2-2-1456631351,0.0,0.0,0,0,1456631483536
production-topology3-3-1456631357,0.0,0.0,0,0,1456631483537
production-topology4-4-1456631363,0.0,0.0,0,0,1456631483537
Running observer at: 1456631493779
production-topology1-1-1456631344,0.0,0.0,0,0,1456631494049
production-topology2-2-1456631351,0.0,0.0,0,0,1456631494049
production-topology3-3-1456631357,0.0,0.0,0,0,1456631494049
production-topology4-4-1456631363,0.0,0.0,0,0,1456631494050
Running observer at: 1456631504284
production-topology1-1-1456631344,0.0,0.0,0,0,1456631504554
production-topology2-2-1456631351,0.0,0.0,0,0,1456631504554
production-topology3-3-1456631357,0.0,0.0,0,0,1456631504555
production-topology4-4-1456631363,0.0,0.0,0,0,1456631504555
Running observer at: 1456631514790
production-topology1-1-1456631344,0.0,0.0,0,0,1456631515060
production-topology2-2-1456631351,0.0,0.0,0,0,1456631515060
production-topology3-3-1456631357,0.0,0.0,0,0,1456631515060
production-topology4-4-1456631363,0.0,0.0,0,0,1456631515061
Running observer at: 1456631525287
production-topology1-1-1456631344,0.0,0.0,0,0,1456631525553
production-topology2-2-1456631351,0.0,0.0,0,0,1456631525554
production-topology3-3-1456631357,0.0,0.0,0,0,1456631525554
production-topology4-4-1456631363,0.0,0.0,0,0,1456631525554
Running observer at: 1456631535777
production-topology1-1-1456631344,0.0,0.0,0,0,1456631536040
production-topology2-2-1456631351,0.0,0.0,0,0,1456631536040
production-topology3-3-1456631357,0.0,0.0,0,0,1456631536041
production-topology4-4-1456631363,0.0,0.0,0,0,1456631536041
Running observer at: 1456631546265
production-topology1-1-1456631344,0.0,0.0,0,0,1456631546520
production-topology2-2-1456631351,0.0,0.0,0,0,1456631546520
production-topology3-3-1456631357,0.0,0.0,0,0,1456631546520
production-topology4-4-1456631363,0.0,0.0,0,0,1456631546521
Running observer at: 1456631556739
production-topology1-1-1456631344,0.0,0.0,0,0,1456631556959
production-topology2-2-1456631351,0.0,0.0,0,0,1456631556959
production-topology3-3-1456631357,0.0,0.0,0,0,1456631556960
production-topology4-4-1456631363,0.0,0.0,0,0,1456631556960
Running observer at: 1456631567147
production-topology1-1-1456631344,0.0,0.0,0,0,1456631567376
production-topology2-2-1456631351,0.0,0.0,0,0,1456631567376
production-topology3-3-1456631357,0.0,0.0,0,0,1456631567376
production-topology4-4-1456631363,0.0,0.0,0,0,1456631567377
Running observer at: 1456631577569
production-topology1-1-1456631344,0.0,0.0,0,0,1456631577787
production-topology2-2-1456631351,0.0,0.0,0,0,1456631577788
production-topology3-3-1456631357,0.0,0.0,0,0,1456631577788
production-topology4-4-1456631363,0.0,0.0,0,0,1456631577788
Running observer at: 1456631587989
production-topology1-1-1456631344,0.0,0.0,0,0,1456631588215
production-topology2-2-1456631351,0.0,0.0,0,0,1456631588216
production-topology3-3-1456631357,0.0,0.0,0,0,1456631588216
production-topology4-4-1456631363,0.0,0.0,0,0,1456631588216
Running observer at: 1456631598416
production-topology1-1-1456631344,0.0,0.0,0,0,1456631598648
production-topology2-2-1456631351,0.0,0.0,0,0,1456631598648
production-topology3-3-1456631357,0.0,0.0,0,0,1456631598648
production-topology4-4-1456631363,0.0,0.0,0,0,1456631598649
Running observer at: 1456631608850
production-topology1-1-1456631344,0.0,0.0,0,0,1456631609074
production-topology2-2-1456631351,0.0,0.0,0,0,1456631609074
production-topology3-3-1456631357,0.0,0.0,0,0,1456631609075
production-topology4-4-1456631363,0.0,0.0,0,0,1456631609075
Running observer at: 1456631619272
production-topology1-1-1456631344,0.0,0.0,0,0,1456631619499
production-topology2-2-1456631351,0.0,0.0,0,0,1456631619499
production-topology3-3-1456631357,0.0,0.0,0,0,1456631619499
production-topology4-4-1456631363,0.0,0.0,0,0,1456631619500
Running observer at: 1456631629677
production-topology1-1-1456631344,0.0,0.0,0,0,1456631629805
production-topology2-2-1456631351,0.0,0.0,0,0,1456631629805
production-topology3-3-1456631357,0.0,0.0,0,0,1456631629806
production-topology4-4-1456631363,0.0,0.0,0,0,1456631629806
Running observer at: 1456631639945
production-topology1-1-1456631344,0.0,0.0,0,0,1456631640102
production-topology2-2-1456631351,0.0,0.0,0,0,1456631640102
production-topology3-3-1456631357,0.0,0.0,0,0,1456631640102
production-topology4-4-1456631363,0.0,0.0,0,0,1456631640103
