Running observer at: 1456615427827
production-topology1-1-1456615427,0.0,0.0,0,0,1456615428076
Running observer at: 1456615428498
production-topology1-1-1456615427,0.0,0.0,0,0,1456615429008
Running observer at: 1456615434515
production-topology2-2-1456615434,0.0,0.0,0,0,1456615434884
production-topology1-1-1456615427,0.0,0.0,0,0,1456615434885
Running observer at: 1456615439375
production-topology2-2-1456615434,0.0,0.0,0,0,1456615439785
production-topology1-1-1456615427,0.0,0.0,80,0,1456615439785
Running observer at: 1456615441449
production-topology2-2-1456615434,0.0,0.0,0,0,1456615441839
production-topology1-1-1456615427,0.0,0.0,140,0,1456615441839
production-topology3-3-1456615441,0.0,0.0,0,0,1456615441839
Running observer at: 1456615448706
production-topology4-4-1456615448,0.0,0.0,0,0,1456615449295
production-topology2-2-1456615434,0.0,0.0,0,0,1456615449295
production-topology1-1-1456615427,0.4154209284028324,0.06923682140047206,820,0,1456615449296
production-topology3-3-1456615441,0.0,0.0,0,0,1456615449296
Running observer at: 1456615450220
production-topology4-4-1456615448,0.0,0.0,0,0,1456615450874
production-topology2-2-1456615434,0.0,0.0,0,0,1456615450874
production-topology1-1-1456615427,1.435064935064935,0.2643551233525382,300,0,1456615450874
production-topology3-3-1456615441,0.0,0.0,0,0,1456615450875
Running observer at: 1456615461466
production-topology4-4-1456615448,0.0,0.0,0,0,1456615462081
production-topology2-2-1456615434,0.0,0.0,0,0,1456615462082
production-topology1-1-1456615427,1.13749354338843,0.37349742585702467,2400,0,1456615462082
production-topology3-3-1456615441,0.0,0.0,0,0,1456615462082
Running observer at: 1456615472633
production-topology4-4-1456615448,0.0,0.0,0,0,1456615473162
production-topology2-2-1456615434,0.0,0.0,0,0,1456615473162
production-topology1-1-1456615427,1.1673649721624233,0.46170493100206894,2020,0,1456615473162
production-topology3-3-1456615441,0.0,0.0,0,0,1456615473162
Running observer at: 1456615483689
production-topology4-4-1456615448,0.0,0.0,0,0,1456615484276
production-topology2-2-1456615434,0.0,0.0,0,0,1456615484276
production-topology1-1-1456615427,0.9092562369515825,0.5064600615970203,2320,0,1456615484276
production-topology3-3-1456615441,0.0,0.0,0,0,1456615484277
Running observer at: 1456615494827
production-topology4-4-1456615448,0.0,0.0,0,0,1456615495319
production-topology2-2-1456615434,0.0,0.0,0,0,1456615495320
production-topology1-1-1456615427,1.0071215266475366,0.5519747402379763,2300,0,1456615495320
production-topology3-3-1456615441,0.0,0.0,0,0,1456615495320
Running observer at: 1456615505933
production-topology4-4-1456615448,0.0,0.0,0,0,1456615506328
production-topology2-2-1456615434,0.0,0.0,0,0,1456615506329
production-topology1-1-1456615427,1.0888692940320037,0.5967159530541454,1960,0,1456615506329
production-topology3-3-1456615441,0.0,0.0,0,0,1456615506329
Running observer at: 1456615516832
production-topology4-4-1456615448,0.0,0.0,0,0,1456615517310
production-topology2-2-1456615434,0.0,0.0,0,0,1456615517310
production-topology1-1-1456615427,1.0161624055371714,0.6289810647836089,2280,0,1456615517310
production-topology3-3-1456615441,0.0,0.0,0,0,1456615517311
Running observer at: 1456615527782
production-topology4-4-1456615448,0.0,0.0,0,0,1456615528276
production-topology2-2-1456615434,0.0,0.0,0,0,1456615528276
production-topology1-1-1456615427,0.9652026946856682,0.6529968954908989,2320,0,1456615528276
production-topology3-3-1456615441,0.0,0.0,0,0,1456615528277
Running observer at: 1456615538745
production-topology4-4-1456615448,0.0,0.0,0,0,1456615539204
production-topology2-2-1456615434,0.0,0.0,0,0,1456615539205
production-topology1-1-1456615427,0.9539443413729128,0.6730600585496997,2000,0,1456615539205
production-topology3-3-1456615441,0.0,0.0,0,0,1456615539205
Running observer at: 1456615549686
production-topology4-4-1456615448,0.0,0.0,0,0,1456615550135
production-topology2-2-1456615434,0.0,0.0,0,0,1456615550135
production-topology1-1-1456615427,1.046248586150559,0.6963843415247535,2180,0,1456615550135
production-topology3-3-1456615441,0.0,0.0,0,0,1456615550135
Running observer at: 1456615560628
production-topology4-4-1456615448,0.0,0.0,0,0,1456615561168
production-topology2-2-1456615434,0.0,0.0,0,0,1456615561168
production-topology1-1-1456615427,1.0486135567138322,0.7171037071241111,2020,0,1456615561168
production-topology3-3-1456615441,0.0,0.0,0,0,1456615561169
Running observer at: 1456615571740
production-topology4-4-1456615448,0.26638176638176636,0.02049090510628972,300,0,1456615572242
production-topology2-2-1456615434,0.1952490421455939,0.01220306513409962,800,0,1456615572242
production-topology1-1-1456615427,0.9995462908184618,0.7327949617737972,2280,0,1456615572242
production-topology3-3-1456615441,0.0,0.0,80,0,1456615572243
Running observer at: 1456615582808
production-topology4-4-1456615448,0.8420833791634268,0.07917608182465664,1800,0,1456615583359
production-topology2-2-1456615434,0.3495604190048634,0.032047615361791605,1620,0,1456615583359
production-topology1-1-1456615427,0.8741004421126249,0.740232092317946,2380,0,1456615583360
production-topology3-3-1456615441,1.1285273368606703,0.07523515579071136,1800,0,1456615583360
Running observer at: 1456615593966
production-topology4-4-1456615448,1.287157637369468,0.15970818552764407,2000,0,1456615594594
production-topology2-2-1456615434,0.22480780598557157,0.04275651484089049,1840,0,1456615594594
production-topology1-1-1456615427,1.1657945882292118,0.7615102171135092,2040,0,1456615594595
production-topology3-3-1456615441,0.9375489104429919,0.1291297654564789,2280,0,1456615594595
Running observer at: 1456615605182
production-topology4-4-1456615448,0.9478989022704141,0.20897010532406718,2480,0,1456615605694
production-topology2-2-1456615434,0.26401697312588407,0.05440180211904805,2020,0,1456615605694
production-topology1-1-1456615427,0.9977998037440757,0.7727621021911553,2300,0,1456615605695
production-topology3-3-1456615441,1.0304046934117317,0.18214593768914084,2000,0,1456615605695
Running observer at: 1456615616316
production-topology4-4-1456615448,1.030312750618613,0.2572843785766875,2200,0,1456615616843
production-topology2-2-1456615434,0.35650410398901344,0.06950691721254632,1420,0,1456615616843
production-topology1-1-1456615427,0.9372798881333569,0.7802401833703463,2240,0,1456615616844
production-topology3-3-1456615441,0.9745868259800148,0.22617043148307825,2380,0,1456615616844
Running observer at: 1456615627457
production-topology4-4-1456615448,0.9786408706722314,0.2973597392486622,2080,0,1456615627982
production-topology2-2-1456615434,0.22486516677430052,0.07690492909643937,1880,0,1456615627982
production-topology1-1-1456615427,1.0017761215172218,0.7898721806810799,2060,0,1456615627983
production-topology3-3-1456615441,1.020033668023756,0.26795270709048236,2260,0,1456615627983
Running observer at: 1456615638386
production-topology4-4-1456615448,1.0756323774574947,0.33832145704912703,2120,0,1456615638962
production-topology2-2-1456615434,0.2585499316005472,0.08516152011935336,1700,0,1456615638962
production-topology1-1-1456615427,1.1197914418652832,0.8036188165637551,2220,0,1456615638962
production-topology3-3-1456615441,1.0124418486070277,0.30517716416630963,2060,0,1456615638963
Running observer at: 1456615649541
production-topology4-4-1456615448,0.9839063097214004,0.37060069968274073,2440,0,1456615650093
production-topology2-2-1456615434,0.2917976095818661,0.09414569792207131,1680,0,1456615650093
production-topology1-1-1456615427,1.0191709490102656,0.8122409018616156,2280,0,1456615650093
production-topology3-3-1456615441,0.9894372968376763,0.3377609800078033,2340,0,1456615650094
Running observer at: 1456615660622
production-topology4-4-1456615448,0.9104913385998128,0.3963097777264108,2040,0,1456615661226
production-topology2-2-1456615434,0.22672064777327938,0.09966965416587165,1900,0,1456615661226
production-topology1-1-1456615427,0.8620950213284059,0.8141583679949538,2060,0,1456615661227
production-topology3-3-1456615441,0.9992391781740966,0.36782817083354397,2240,0,1456615661227
Running observer at: 1456615671828
production-topology4-4-1456615448,1.0923939709511705,0.42794996832753623,2180,0,1456615672348
production-topology2-2-1456615434,0.3244994034940469,0.10866284413899865,1780,0,1456615672348
production-topology1-1-1456615427,1.1099025481047953,0.8251118561471701,2280,0,1456615672349
production-topology3-3-1456615441,1.012621615351572,0.39586266842128426,2020,0,1456615672349
Running observer at: 1456615682906
production-topology4-4-1456615448,0.9470775193983442,0.4505207314175714,2440,0,1456615683445
production-topology2-2-1456615434,0.28349823683584285,0.11538728231964651,1600,0,1456615683446
production-topology1-1-1456615427,0.8788857892979031,0.8270323537596963,2300,0,1456615683446
production-topology3-3-1456615441,0.9331146342898722,0.4182481669991421,2380,0,1456615683446
Running observer at: 1456615693965
production-topology4-4-1456615448,1.0105988536168706,0.4738573198425422,2000,0,1456615694562
production-topology2-2-1456615434,0.7216347714098953,0.13784089302669275,2140,0,1456615694562
production-topology1-1-1456615427,1.086427429967672,0.8359770115599713,2120,0,1456615694562
production-topology3-3-1456615441,1.049691454634888,0.44350589850457195,2140,0,1456615694562
Running observer at: 1456615705167
production-topology4-4-1456615448,0.9897991642734605,0.49449499361977894,2160,0,1456615705684
production-topology2-2-1456615434,0.947472869887708,0.16675632077172903,2160,0,1456615705684
production-topology1-1-1456615427,1.1267576465027487,0.8456696993913972,2180,0,1456615705684
production-topology3-3-1456615441,1.0366529889501541,0.46631924813709436,1980,0,1456615705685
Running observer at: 1456615716314
production-topology4-4-1456615448,0.9831634076274156,0.5132899326200726,2420,0,1456615716821
production-topology2-2-1456615434,0.9646657512415421,0.19427043906379154,2180,0,1456615716821
production-topology1-1-1456615427,0.9567254990490319,0.8775605493596983,2260,0,1456615716821
production-topology3-3-1456615441,1.0174385569240214,0.486731074388462,2360,0,1456615716822
Running observer at: 1456615727632
production-topology4-4-1456615448,1.012253649626784,0.5317700702869879,2160,0,1456615728169
production-topology2-2-1456615434,1.039560371634194,0.2224467701494716,2200,0,1456615728170
production-topology1-1-1456615427,1.06603150057988,0.913094932712361,2120,0,1456615728170
production-topology3-3-1456615441,1.0313447277938717,0.5061815620100838,2280,0,1456615728170
Running observer at: 1456615738678
production-topology4-4-1456615448,1.0403187392336453,0.5499325227493685,2220,0,1456615739200
production-topology2-2-1456615434,0.9914950768343427,0.2554966060439497,2500,0,1456615739201
production-topology1-1-1456615427,0.9356644017868508,0.944283746105256,2180,0,1456615739201
production-topology3-3-1456615441,0.9870195156362609,0.5227621811006417,2060,0,1456615739201
Running observer at: 1456615749805
production-topology4-4-1456615448,0.9099362764820769,0.5623464452918757,2240,0,1456615750280
production-topology2-2-1456615434,1.1101742337216698,0.292502413834672,2060,0,1456615750280
production-topology1-1-1456615427,1.075446421098578,0.9801319601418753,2500,0,1456615750280
production-topology3-3-1456615441,0.9863711102375632,0.5382158120718723,2300,0,1456615750280
Running observer at: 1456615760796
production-topology4-4-1456615448,1.108612781785276,0.580555323174989,1940,0,1456615761408
production-topology2-2-1456615434,1.0458415451269778,0.3273637986722379,2120,0,1456615761408
production-topology1-1-1456615427,0.9786081783772789,1.0127522327544514,1980,0,1456615761409
production-topology3-3-1456615441,0.9718617683762245,0.5706112043510798,2220,0,1456615761409
Running observer at: 1456615771992
production-topology4-4-1456615448,1.0299280362574659,0.6148862577169045,2340,0,1456615772503
production-topology2-2-1456615434,0.9402890953208747,0.3587067685162671,2360,0,1456615772503
production-topology1-1-1456615427,0.9248048871289811,1.0297316980453226,2160,0,1456615772503
production-topology3-3-1456615441,1.0359238209261945,0.6051419983819529,2060,0,1456615772504
Running observer at: 1456615783128
production-topology4-4-1456615448,0.9982162764771461,0.648160133599476,2220,0,1456615783638
production-topology2-2-1456615434,0.9680956937475098,0.3909766249745174,2080,0,1456615783638
production-topology1-1-1456615427,0.9560257399502838,1.0137637248748346,2460,0,1456615783638
production-topology3-3-1456615441,1.015362096682985,0.6389874016047191,2280,0,1456615783638
Running observer at: 1456615794135
production-topology4-4-1456615448,0.9550781575433912,0.6799960721842557,2140,0,1456615794726
production-topology2-2-1456615434,0.9711545729402871,0.423348444072527,2140,0,1456615794726
production-topology1-1-1456615427,1.0354582091367417,1.010362547066445,2060,0,1456615794726
production-topology3-3-1456615441,1.0454019511707209,0.6738341333104098,2240,0,1456615794726
Running observer at: 1456615805300
production-topology4-4-1456615448,1.0098224629205015,0.7136568209482724,2180,0,1456615805856
production-topology2-2-1456615434,1.0489882030104292,0.45831471750620795,2180,0,1456615805857
production-topology1-1-1456615427,1.2097502035839918,1.0117753881138305,2080,0,1456615805857
production-topology3-3-1456615441,0.8858407895595273,0.7033621596290607,2020,0,1456615805857
Running observer at: 1456615816467
production-topology4-4-1456615448,1.0004447667822496,0.747004979841014,2360,0,1456615816980
production-topology2-2-1456615434,1.099812714019984,0.4949751413068741,2220,0,1456615816981
production-topology1-1-1456615427,0.8591303941164338,1.010104526685992,2440,0,1456615816981
production-topology3-3-1456615441,1.1305806082813046,0.7410481799051041,2340,0,1456615816981
Running observer at: 1456615827528
production-topology4-4-1456615448,1.0818518549273493,0.7830667083385924,2100,0,1456615828077
production-topology2-2-1456615434,0.871989337893228,0.5240414525699817,2180,0,1456615828077
production-topology1-1-1456615427,1.0640612711924669,1.0120025181708232,2160,0,1456615828077
production-topology3-3-1456615441,0.9407348314406137,0.7724060076197913,2280,0,1456615828078
Running observer at: 1456615838671
production-topology4-4-1456615448,1.005626431060229,0.8165875893739333,2100,0,1456615839198
production-topology2-2-1456615434,1.1140248448712715,0.5611756140656907,2180,0,1456615839198
production-topology1-1-1456615427,1.1541296429189591,1.0141778631337217,2020,0,1456615839198
production-topology3-3-1456615441,0.9941686570011828,0.805544962853164,1920,0,1456615839198
Running observer at: 1456615849821
production-topology4-4-1456615448,0.9712651750536343,0.8489630952090544,2360,0,1456615850305
production-topology2-2-1456615434,0.9089596567939939,0.5914742692921571,2340,0,1456615850306
production-topology1-1-1456615427,0.8283474182561197,1.0079173635576868,2500,0,1456615850306
production-topology3-3-1456615441,1.0138903785412547,0.8393413088045392,2440,0,1456615850306
Running observer at: 1456615860867
production-topology4-4-1456615448,0.9512774203887395,0.8806723425553458,2180,0,1456615861411
production-topology2-2-1456615434,0.9262661562550233,0.6223498078339913,2180,0,1456615861412
production-topology1-1-1456615427,0.996269041804756,1.0089529084616562,2140,0,1456615861412
production-topology3-3-1456615441,0.9427129004422221,0.8707650721526132,2460,0,1456615861412
Running observer at: 1456615872023
production-topology4-4-1456615448,1.026206388878707,0.9148792221846359,2140,0,1456615872633
production-topology2-2-1456615434,1.1704729773899119,0.6613655737469883,2280,0,1456615872634
production-topology1-1-1456615427,0.927177096343512,1.0080606669606762,1980,0,1456615872634
production-topology3-3-1456615441,1.041975447048165,0.9054975870542188,1780,0,1456615872634
Running observer at: 1456615883295
production-topology4-4-1456615448,0.9693118220785035,0.9471896162539193,2320,0,1456615883844
production-topology2-2-1456615434,0.9167360764062414,0.6919234429605298,2200,0,1456615883844
production-topology1-1-1456615427,0.9786645057431256,1.0058078642804285,2420,0,1456615883844
production-topology3-3-1456615441,0.9999511201799696,0.9388292910602177,2400,0,1456615883845
Running observer at: 1456615894490
production-topology4-4-1456615448,0.9762899183369504,0.9797326135318176,2200,0,1456615895041
production-topology2-2-1456615434,1.0315509354706363,0.7263084741428844,2080,0,1456615895041
production-topology1-1-1456615427,1.1071648455869278,1.0077595739095317,2140,0,1456615895041
production-topology3-3-1456615441,1.0091295685706831,0.9724669433459071,2360,0,1456615895041
Running observer at: 1456615905632
production-topology4-4-1456615448,1.028181855018437,1.0051259498197067,2280,0,1456615906294
production-topology2-2-1456615434,1.0106973172273723,0.753490083312277,2440,0,1456615906294
production-topology1-1-1456615427,0.9976356815607298,1.007695886934274,2100,0,1456615906294
production-topology3-3-1456615441,0.9745921904311495,1.004953349693612,1940,0,1456615906295
Running observer at: 1456615916771
production-topology4-4-1456615448,1.0270930428246063,1.0112929386084126,2180,0,1456615917304
production-topology2-2-1456615434,0.9097971141581633,0.7721646398173869,2080,0,1456615917305
production-topology1-1-1456615427,0.9509459495707648,1.0102574038495453,2360,0,1456615917305
production-topology3-3-1456615441,0.9528109821844789,0.9990961378710723,2280,0,1456615917305
Running observer at: 1456615927897
production-topology4-4-1456615448,1.0578305075637484,1.003648700948222,2140,0,1456615928477
production-topology2-2-1456615434,1.1114733629300777,0.8017201583822039,2120,0,1456615928477
production-topology1-1-1456615427,0.9749551794152229,1.0038960902224123,2200,0,1456615928477
production-topology3-3-1456615441,1.0200389038077848,1.0018458043165654,2460,0,1456615928477
Running observer at: 1456615939000
production-topology4-4-1456615448,1.0010771873355242,1.0054213104503924,2160,0,1456615939615
production-topology2-2-1456615434,0.9957691219363547,0.8261118966758862,2380,0,1456615939615
production-topology1-1-1456615427,1.060820367751061,1.0059967756893118,2020,0,1456615939615
production-topology3-3-1456615441,1.1009306562763679,1.0041966697453868,1900,0,1456615939616
Running observer at: 1456615950088
production-topology4-4-1456615448,0.9283788314176245,1.002023513143693,2260,0,1456615950631
production-topology2-2-1456615434,1.1644828385899813,0.8530445211625853,1960,0,1456615950632
production-topology1-1-1456615427,0.9887549477069928,1.007712611008433,2420,0,1456615950632
production-topology3-3-1456615441,0.9833109415049215,1.0044874735962168,2300,0,1456615950632
Running observer at: 1456615961114
production-topology4-4-1456615448,1.0534258258453462,1.0045163449827967,2200,0,1456615961655
production-topology2-2-1456615434,0.9325996083452588,0.8766356692149506,2240,0,1456615961655
production-topology1-1-1456615427,1.0087981118373277,1.0079466773524366,2200,0,1456615961655
production-topology3-3-1456615441,0.9737456545600586,1.0029445398140937,2420,0,1456615961656
Running observer at: 1456615972237
production-topology4-4-1456615448,0.934523264334127,0.9998127078786845,2060,0,1456615972780
production-topology2-2-1456615434,0.9495236178320678,0.8996681254226679,2240,0,1456615972780
production-topology1-1-1456615427,1.0553920342825596,1.0058000304330124,1920,0,1456615972780
production-topology3-3-1456615441,1.0721968503327612,1.0049363732049514,1880,0,1456615972780
Running observer at: 1456615983434
production-topology4-4-1456615448,0.9616067255149221,0.9990693884051354,2420,0,1456615983914
production-topology2-2-1456615434,0.9902943634098924,0.9229513505502688,2240,0,1456615983914
production-topology1-1-1456615427,0.9232314044348467,1.0026020456138318,2560,0,1456615983914
production-topology3-3-1456615441,0.988182837652003,1.0048945578987623,2320,0,1456615983914
Running observer at: 1456615994423
production-topology4-4-1456615448,1.0923847019090736,1.0051325005154441,2120,0,1456615994947
production-topology2-2-1456615434,1.0098415315108733,0.9490553800081885,2140,0,1456615994947
production-topology1-1-1456615427,1.096919381891915,1.010429524299282,2100,0,1456615994947
production-topology3-3-1456615441,0.9881952531368065,1.004526427064186,2360,0,1456615994947
Running observer at: 1456616005462
production-topology4-4-1456615448,1.0906594189806786,1.0050746821164276,1980,0,1456616005997
production-topology2-2-1456615434,1.0121838323781116,0.971978194304324,2300,0,1456616005997
production-topology1-1-1456615427,0.9978171818967839,1.006693345425682,2040,0,1456616005997
production-topology3-3-1456615441,0.9182531261257585,1.0013808107566586,1840,0,1456616005997
Running observer at: 1456616016624
production-topology4-4-1456615448,0.9258511680716706,1.0043671370722052,2440,0,1456616017137
production-topology2-2-1456615434,1.028476155854272,0.9968107916049381,2160,0,1456616017137
production-topology1-1-1456615427,1.0667824765484102,1.012956568334032,2380,0,1456616017137
production-topology3-3-1456615441,1.032853881963133,1.0047054523457675,2440,0,1456616017137
Running observer at: 1456616027727
production-topology4-4-1456615448,0.9882131753522195,1.0036209477967168,2240,0,1456616028308
production-topology2-2-1456615434,0.9067695643892417,1.0029819513709164,2200,0,1456616028308
production-topology1-1-1456615427,0.8155153595181354,1.0039261659857142,2220,0,1456616028308
production-topology3-3-1456615441,0.9631923554732627,1.00182214904038,2380,0,1456616028309
Running observer at: 1456616038824
production-topology4-4-1456615448,1.0140789044873584,1.0044302724705134,2080,0,1456616039389
production-topology2-2-1456615434,1.079753740375002,1.0073913137204928,2280,0,1456616039389
production-topology1-1-1456615427,1.023286775233563,1.0004771369434078,2080,0,1456616039389
production-topology3-3-1456615441,1.0876596532762406,1.0035223711845829,1840,0,1456616039389
Running observer at: 1456616049931
production-topology4-4-1456615448,1.0116463388606993,1.0053797035116228,2400,0,1456616050420
production-topology2-2-1456615434,1.0849957898360398,1.0114023150069762,2080,0,1456616050420
production-topology1-1-1456615427,1.1260426883343508,1.0061210432529184,2380,0,1456616050420
production-topology3-3-1456615441,1.0008622504186526,1.002969827634404,2300,0,1456616050420
Running observer at: 1456616060927
production-topology4-4-1456615448,0.9799876530993756,1.0043041702940427,2020,0,1456616061543
production-topology2-2-1456615434,0.9920741659593918,1.0098194414844828,2180,0,1456616061543
production-topology1-1-1456615427,0.9838804206570919,1.0033826739221587,2020,0,1456616061543
production-topology3-3-1456615441,1.0259634400439681,1.002790451376074,2280,0,1456616061543
Running observer at: 1456616072181
production-topology4-4-1456615448,0.9715139861577406,1.002010678524846,2240,0,1456616072798
production-topology2-2-1456615434,0.9850508779733343,1.0096046348557823,2260,0,1456616072798
production-topology1-1-1456615427,0.9080719193078746,1.002462924506193,2220,0,1456616072798
production-topology3-3-1456615441,1.0028069972196478,1.0033167007621868,2000,0,1456616072798
Running observer at: 1456616083382
production-topology4-4-1456615448,1.0411232204581895,1.006383576657383,2340,0,1456616083903
production-topology2-2-1456615434,0.940757722007722,1.003957417798651,2240,0,1456616083903
production-topology1-1-1456615427,1.0763716570168183,1.0024937657034676,2340,0,1456616083903
production-topology3-3-1456615441,0.9497515482863346,1.002096048697146,2400,0,1456616083903
Running observer at: 1456616094438
production-topology4-4-1456615448,1.0223648579335776,1.0035086458623264,2120,0,1456616095007
production-topology2-2-1456615434,0.8748205961100444,0.9982567194980863,2140,0,1456616095007
production-topology1-1-1456615427,0.9351618745691067,1.0010455555765285,2160,0,1456616095008
production-topology3-3-1456615441,1.045856636969169,1.0045625443169108,2420,0,1456616095008
Running observer at: 1456616105548
production-topology4-4-1456615448,1.022876251456129,1.0032735863689484,2040,0,1456616106162
production-topology2-2-1456615434,1.0978564771668218,1.0035089655596179,2260,0,1456616106162
production-topology1-1-1456615427,1.0296440903846418,1.0045401956850506,2040,0,1456616106162
production-topology3-3-1456615441,0.9335410013327634,1.0011497836637964,1840,0,1456616106162
Running observer at: 1456616116728
production-topology4-4-1456615448,0.9278147731197185,1.0009268695903673,2480,0,1456616117290
production-topology2-2-1456615434,1.082985944524406,1.0073386405855145,2200,0,1456616117291
production-topology1-1-1456615427,1.0097589831948894,1.006331303793204,2460,0,1456616117291
production-topology3-3-1456615441,1.0126383244554653,1.0010589912562124,2400,0,1456616117291
Running observer at: 1456616127776
production-topology4-4-1456615448,1.1072803528785826,1.0060002761015405,2060,0,1456616128426
production-topology2-2-1456615434,0.9696131786614964,1.0072872607762213,2060,0,1456616128426
production-topology1-1-1456615427,1.1842075051167653,1.011289613659205,2020,0,1456616128426
production-topology3-3-1456615441,0.9517212181792363,0.9979363001564963,2360,0,1456616128427
/var/nimbus/storm/bin/storm rebalance production-topology3 -e spout_head=11
1456616128734
/var/nimbus/storm/bin/storm rebalance production-topology2 -e spout_head=9
Running observer at: 1456616138898
production-topology4-4-1456615448,0.8699689876338568,1.0013384935919856,2120,0,1456616139434
production-topology2-2-1456615434,0.8730304528312763,0.8730304528312763,108480,0,1456616139434
production-topology1-1-1456615427,0.8813566420624499,1.0003431616084868,2220,0,1456616139434
production-topology3-3-1456615441,1.0002006315619572,1.0002006315619572,111980,0,1456616139435
Running observer at: 1456616150036
production-topology4-4-1456615448,0.9769095706006359,1.0005539870525986,2420,0,1456616150550
production-topology2-2-1456615434,1.1666666666666667,1.0198485597489715,120,0,1456616150550
production-topology1-1-1456615427,0.9188196270729332,1.0023328027070368,2360,0,1456616150550
production-topology3-3-1456615441,1.012215909090909,1.0062082703264332,200,0,1456616150551
Running observer at: 1456616161078
production-topology4-4-1456615448,1.1217805099844416,1.0018849422211682,2160,0,1456616161754
production-topology2-2-1456615434,1.0,1.013232373165981,0,0,1456616161754
production-topology1-1-1456615427,1.0637972262075561,1.0023240012075398,2040,0,1456616161755
production-topology3-3-1456615441,2.0,1.3374721802176222,0,0,1456616161755
Running observer at: 1456616167283
production-topology4-4-1456615448,0.8944545313949892,0.9981792122323269,1200,0,1456616167872
production-topology2-2-1456615434,1.0,1.0099242798744856,0,0,1456616167872
production-topology1-1-1456615427,0.906206450107932,0.9940598947805053,1420,0,1456616167872
production-topology3-3-1456615441,2.0,1.5031041351632166,0,0,1456616167872
Running observer at: 1456616168286
production-topology4-4-1456615448,0.638095238095238,0.9870735476670471,280,0,1456616168886
production-topology2-2-1456615434,1.0,1.0079394238995885,0,0,1456616168886
production-topology1-1-1456615427,1.263888888888889,1.0085779438015978,200,0,1456616168886
production-topology3-3-1456615441,1.0012852568827173,1.4027403595071166,44840,0,1456616168887
Running observer at: 1456616172217
production-topology4-4-1456615448,1.4499621618982519,1.0036963723840309,560,0,1456616172714
production-topology2-2-1456615434,1.0,1.0066161865829903,0,0,1456616172714
production-topology1-1-1456615427,1.3395273604297948,1.0200198877557658,580,0,1456616172714
production-topology3-3-1456615441,0.06666666666666667,1.180061410700375,100,0,1456616172715
Running observer at: 1456616183230
production-topology4-4-1456615448,1.0777250784857948,1.0054136620376004,2400,0,1456616183706
production-topology2-2-1456615434,1.0,1.0056710170711347,0,0,1456616183706
production-topology1-1-1456615427,0.8547757471174209,1.0176065094482294,2440,0,1456616183706
production-topology3-3-1456615441,0.0261437908496732,1.015216036435989,1020,0,1456616183706
Running observer at: 1456616194207
production-topology4-4-1456615448,0.9667401992426421,1.0053279412764051,2020,0,1456616194797
production-topology2-2-1456615434,0.4946180555555556,0.9417893968816873,1200,0,1456616194798
production-topology1-1-1456615427,1.2124657506641987,1.0253998842789318,2000,0,1456616194798
production-topology3-3-1456615441,0.4304623482625358,0.9421218254143073,1560,0,1456616194798
Running observer at: 1456616205312
production-topology4-4-1456615448,0.9736399033560952,1.00523960744371,2180,0,1456616205857
production-topology2-2-1456615434,0.23678450829885678,0.8634555203724839,1520,0,1456616205857
production-topology1-1-1456615427,0.9072472946358462,1.0187359659138957,2180,0,1456616205858
production-topology3-3-1456615441,0.43637528983046847,0.885927765904992,2020,0,1456616205858
Running observer at: 1456616216432
production-topology4-4-1456615448,0.9451486452423892,1.0024718337845084,2420,0,1456616216907
production-topology2-2-1456615434,0.3329394126466178,0.8104039095998973,1380,0,1456616216907
production-topology1-1-1456615427,1.1369569569569566,1.0233800084271032,2400,0,1456616216907
production-topology3-3-1456615441,0.3616438436379834,0.8334993736782911,2120,0,1456616216907
Running observer at: 1456616227472
production-topology4-4-1456615448,1.044279955766418,1.0030447308825685,2040,0,1456616228072
production-topology2-2-1456615434,0.15501463797686707,0.7508230667250764,1700,0,1456616228073
production-topology1-1-1456615427,0.8998737864456624,1.0216776029895998,2080,0,1456616228073
production-topology3-3-1456615441,0.46912522503227155,0.8003744510741075,1840,0,1456616228073
Running observer at: 1456616238645
production-topology4-4-1456615448,0.9989336655119191,1.0010815028141744,2160,0,1456616239272
production-topology2-2-1456615434,0.24353531240462378,0.7085490871983721,1620,0,1456616239272
production-topology1-1-1456615427,0.9977072300185508,1.0224360046763774,2120,0,1456616239272
production-topology3-3-1456615441,0.3868194861092996,0.7659115373270402,2000,0,1456616239273
Running observer at: 1456616249769
production-topology4-4-1456615448,0.9956090498081659,1.0008992315632625,2420,0,1456616250268
production-topology2-2-1456615434,0.269931568929575,0.6748092781007723,1360,0,1456616250268
production-topology1-1-1456615427,1.0002999161998851,1.0204186562913384,2400,0,1456616250268
production-topology3-3-1456615441,0.4135799777704956,0.7388091096688445,2120,0,1456616250269
Running observer at: 1456616260761
production-topology4-4-1456615448,1.0566753517457008,1.005175782240865,2020,0,1456616261343
production-topology2-2-1456615434,0.3191693850246756,0.6494064285953368,1660,0,1456616261344
production-topology1-1-1456615427,1.003839085520195,1.0209214608851118,1860,0,1456616261344
production-topology3-3-1456615441,0.4237491232172083,0.7163048249222991,1820,0,1456616261344
Running observer at: 1456616271897
production-topology4-4-1456615448,1.0608429414758045,1.005423019428547,2160,0,1456616272459
production-topology2-2-1456615434,0.2612330001959632,0.6235282000353786,1500,0,1456616272460
production-topology1-1-1456615427,1.105703778733998,1.0241516497816674,2400,0,1456616272460
production-topology3-3-1456615441,0.3771651973366068,0.6936955164165862,2060,0,1456616272460
Running observer at: 1456616283053
production-topology4-4-1456615448,0.8861977524189537,1.0038121690313744,2420,0,1456616283566
production-topology2-2-1456615434,0.31788446089210204,0.6044254663389238,1480,0,1456616283566
production-topology1-1-1456615427,0.9014439032858766,1.0190200454151113,2440,0,1456616283566
production-topology3-3-1456615441,0.48426030634625383,0.6806058157871905,2000,0,1456616283566
Running observer at: 1456616294127
production-topology4-4-1456615448,0.9744090900334741,1.0042389145153263,2140,0,1456616294690
production-topology2-2-1456615434,0.23741493904997346,0.5828366117925149,1660,0,1456616294690
production-topology1-1-1456615427,0.9685402057723846,1.0205303387930291,2040,0,1456616294691
production-topology3-3-1456615441,0.3465579448693895,0.6609559410273198,1900,0,1456616294691
Running observer at: 1456616305205
production-topology4-4-1456615448,1.0441810961060125,1.0026321276552244,2100,0,1456616305759
production-topology2-2-1456615434,0.22393611263995292,0.5628976951729281,1500,0,1456616305759
production-topology1-1-1456615427,1.035499670563044,1.0184830150820667,2060,0,1456616305759
production-topology3-3-1456615441,0.4152786907604661,0.6473072049013835,1920,0,1456616305760
Running observer at: 1456616316297
production-topology4-4-1456615448,1.089988558352403,1.0026097656342818,2240,0,1456616316843
production-topology2-2-1456615434,0.31212337564424686,0.5496990467766817,1480,0,1456616316843
production-topology1-1-1456615427,0.941536378237241,1.0166069882934154,2260,0,1456616316844
production-topology3-3-1456615441,0.42347879226464125,0.6355267621310287,2140,0,1456616316844
/var/nimbus/storm/bin/storm rebalance production-topology2 -e bolt_output_sink=11
1456616317098
/var/nimbus/storm/bin/storm rebalance production-topology4 -e bolt_output_1=9
Running observer at: 1456616327276
production-topology4-4-1456615448,0.9995829103215259,0.9995829103215259,149680,0,1456616327886
production-topology2-2-1456615434,0.25636563988708067,0.25636563988708067,19740,0,1456616327886
production-topology1-1-1456615427,1.0031236319160781,1.0144850268056713,2120,0,1456616327886
production-topology3-3-1456615441,0.4343993719542074,0.6254703926221875,1920,0,1456616327886
Running observer at: 1456616338447
production-topology4-4-1456615448,0.7920918367346939,0.8958373735281099,220,0,1456616338997
production-topology2-2-1456615434,0.0,0.12818281994354033,0,0,1456616338998
production-topology1-1-1456615427,1.0720709001158606,1.0230368781589287,2340,0,1456616338998
production-topology3-3-1456615441,0.4339784826974268,0.6163517302448179,1840,0,1456616338998
Running observer at: 1456616349564
production-topology4-4-1456615448,2.0,1.2638915823520733,0,0,1456616350135
production-topology2-2-1456615434,1.0,0.41878854662902687,0,0,1456616350136
production-topology1-1-1456615427,0.9175452638982122,1.0195121611144171,2080,0,1456616350136
production-topology3-3-1456615441,0.40598434344188417,0.6067895762992301,2240,0,1456616350136
Running observer at: 1456616355661
production-topology4-4-1456615448,2.0,1.447918686764055,0,0,1456616356218
production-topology2-2-1456615434,1.0,0.5640914099717702,0,0,1456616356218
production-topology1-1-1456615427,1.2360266203703705,1.0231782921822843,1260,0,1456616356218
production-topology3-3-1456615441,0.3995131845841785,0.5977775592681409,1020,0,1456616356218
Running observer at: 1456616356710
production-topology4-4-1456615448,2.0,1.558334949411244,0,0,1456616357245
production-topology2-2-1456615434,1.0,0.6512731279774162,0,0,1456616357246
production-topology1-1-1456615427,0.4125,1.0041322781603812,280,0,1456616357246
production-topology3-3-1456615441,2.0,0.656203494298635,0,0,1456616357246
Running observer at: 1456616360552
production-topology4-4-1456615448,2.0,1.6319457911760367,0,0,1456616360999
production-topology2-2-1456615434,0.3384970190188841,0.5991437764843275,0,0,1456616360999
production-topology1-1-1456615427,0.8423985814409011,1.0019431668981487,680,0,1456616360999
production-topology3-3-1456615441,0.4112785643910501,0.6464064971023317,800,0,1456616360999
Running observer at: 1456616371468
production-topology4-4-1456615448,2.0,1.6845249638651743,0,0,1456616371914
production-topology2-2-1456615434,0.3384970190188841,0.5619085254178355,0,0,1456616371914
production-topology1-1-1456615427,0.9876427088643304,0.9989855352930658,2240,0,1456616371914
production-topology3-3-1456615441,0.4191405890209081,0.6376655006376615,1880,0,1456616371914
/var/nimbus/storm/bin/storm rebalance production-topology1 -e spout_head=11
1456616372223
/var/nimbus/storm/bin/storm rebalance production-topology3 -e bolt_output_1=9
Running observer at: 1456616382369
production-topology4-4-1456615448,0.09942857142857142,1.486387914810599,700,0,1456616382922
production-topology2-2-1456615434,1.2393273460586983E-4,0.49168545133243186,280,0,1456616382923
production-topology1-1-1456615427,0.9992371459428692,0.9992371459428692,186240,0,1456616382923
production-topology3-3-1456615441,0.7310652220968328,0.7310652220968328,81140,0,1456616382923
Running observer at: 1456616393431
production-topology4-4-1456615448,0.12479338842975204,1.3350996341016161,1000,0,1456616393981
production-topology2-2-1456615434,1.1023366778070989,0.5595355876073949,1780,0,1456616393981
production-topology1-1-1456615427,0.6613756613756614,0.8303064036592653,160,0,1456616393981
production-topology3-3-1456615441,5.03125,2.8811576110484163,80,0,1456616393981
Running observer at: 1456616404501
production-topology4-4-1456615448,0.12916864232653708,1.2145065349241082,1480,0,1456616405028
production-topology2-2-1456615434,1.1048220075167,0.6140642295983254,2060,0,1456616405028
production-topology1-1-1456615427,1.0,0.8868709357728436,0,0,1456616405029
production-topology3-3-1456615441,2.0,2.5874384073656107,0,0,1456616405029
Running observer at: 1456616410415
production-topology4-4-1456615448,0.08573367363474314,1.1118908202614386,720,0,1456616410921
production-topology2-2-1456615434,0.7801877326731744,0.6291663662414935,900,0,1456616410921
production-topology1-1-1456615427,1.0,0.9151532018296327,0,0,1456616410921
production-topology3-3-1456615441,2.0,2.440578805524208,0,0,1456616410921
Running observer at: 1456616411390
production-topology4-4-1456615448,2.0,1.1858999185729855,0,0,1456616411979
production-topology2-2-1456615434,0.28645833333333337,0.6006073634991468,280,0,1456616411979
production-topology1-1-1456615427,1.0,0.9321225614637061,0,0,1456616411979
production-topology3-3-1456615441,2.0,2.3524630444193666,0,0,1456616411979
Running observer at: 1456616415496
production-topology4-4-1456615448,0.20840097402597402,1.110707692069369,480,0,1456616416012
production-topology2-2-1456615434,1.0660271353838087,0.6364088844133515,920,0,1456616416012
production-topology1-1-1456615427,0.0021561287688014697,0.7771281560145553,167920,0,1456616416012
production-topology3-3-1456615441,0.0,1.960385870349472,0,0,1456616416012
Running observer at: 1456616426434
production-topology4-4-1456615448,0.11883366953970291,1.0398595476029644,1400,0,1456616426880
production-topology2-2-1456615434,1.1869280594775018,0.6757316826322194,1880,0,1456616426881
production-topology1-1-1456615427,0.9955610819163192,0.8083328597148073,112940,0,1456616426881
production-topology3-3-1456615441,0.0,1.6803307460138333,200,0,1456616426881
Running observer at: 1456616437436
production-topology4-4-1456615448,0.12434460963872729,0.9788252184053486,1360,0,1456616437971
production-topology2-2-1456615434,0.9289062027325121,0.692609983972239,1960,0,1456616437971
production-topology1-1-1456615427,0.8612807494086033,0.8149513459265318,2220,0,1456616437971
production-topology3-3-1456615441,1.0490180352055354,1.601416657162796,1800,0,1456616437972
Running observer at: 1456616448522
production-topology4-4-1456615448,0.1643347338935574,0.9279195631233617,1120,0,1456616449106
production-topology2-2-1456615434,0.9543086674435933,0.7089661516891986,2020,0,1456616449106
production-topology1-1-1456615427,1.095802105263158,0.8461569858528236,2500,0,1456616449106
production-topology3-3-1456615441,0.9478822809921801,1.528801726477172,2180,0,1456616449106
Running observer at: 1456616459592
production-topology4-4-1456615448,0.08651030852621434,0.8784249010882353,1460,0,1456616460067
production-topology2-2-1456615434,0.9980415197806504,0.7259705851063429,1840,0,1456616460067
production-topology1-1-1456615427,0.9969408369408371,0.8612353709616251,2500,0,1456616460067
production-topology3-3-1456615441,1.0213885302024412,1.478060406849699,2620,0,1456616460067
Running observer at: 1456616470581
production-topology4-4-1456615448,0.13216042213332185,0.8369657633685179,1440,0,1456616471082
production-topology2-2-1456615434,0.945699505952774,0.738177747375589,2020,0,1456616471082
production-topology1-1-1456615427,1.0187123914476455,0.8755514637330815,2300,0,1456616471082
production-topology3-3-1456615441,1.0012602606281111,1.434714939011373,2540,0,1456616471082
Running observer at: 1456616481607
production-topology4-4-1456615448,0.11369340790828392,0.7988987972916636,1100,0,1456616482221
production-topology2-2-1456615434,1.194967944531436,0.7622193366995811,1880,0,1456616482221
production-topology1-1-1456615427,0.8534284742496951,0.8737078812761325,2560,0,1456616482221
production-topology3-3-1456615441,1.0186543876431515,1.4000432263973543,2100,0,1456616482222
Running observer at: 1456616492748
production-topology4-4-1456615448,0.17522396584896588,0.7677150557195287,1440,0,1456616493292
production-topology2-2-1456615434,0.8881199376509138,0.7685143667471477,2060,0,1456616493293
production-topology1-1-1456615427,1.0874539627209143,0.8901498875411158,2280,0,1456616493293
production-topology3-3-1456615441,0.9970533499809371,1.3690440051345532,2720,0,1456616493293
Running observer at: 1456616503724
production-topology4-4-1456615448,0.12548611111111113,0.7371327250238897,1200,0,1456616504240
production-topology2-2-1456615434,1.0664678348738574,0.7827026271341337,2020,0,1456616504240
production-topology1-1-1456615427,1.0607321891728572,0.9023343376576687,2360,0,1456616504240
production-topology3-3-1456615441,0.9482916003877038,1.3389902619383496,2600,0,1456616504240
Running observer at: 1456616514735
production-topology4-4-1456615448,0.10284838350055742,0.708301618591011,1300,0,1456616515314
production-topology2-2-1456615434,0.942878453018827,0.789983346492529,1920,0,1456616515314
production-topology1-1-1456615427,1.1309813507615705,0.9175774718645955,2420,0,1456616515315
production-topology3-3-1456615441,1.1809831286342143,1.3284564530514074,1960,0,1456616515315
Running observer at: 1456616525922
production-topology4-4-1456615448,0.14842900630571865,0.6839593311003461,1460,0,1456616526426
production-topology2-2-1456615434,1.0468159469325422,0.8011499812942687,1980,0,1456616526426
production-topology1-1-1456615427,0.901409004065673,0.9165669426271629,2440,0,1456616526426
production-topology3-3-1456615441,0.9319966556599781,1.303677715714443,2540,0,1456616526426
Running observer at: 1456616536981
production-topology4-4-1456615448,0.09171220400728597,0.6592823674714686,1220,0,1456616537464
production-topology2-2-1456615434,0.9685936088819134,0.8081267991104206,2000,0,1456616537464
production-topology1-1-1456615427,0.9720283771302184,0.919829379950872,2500,0,1456616537465
production-topology3-3-1456615441,0.9965159982458511,1.2856093793927612,2680,0,1456616537465
Running observer at: 1456616547926
production-topology4-4-1456615448,0.15840576971529355,0.6392473035612217,1260,0,1456616548495
production-topology2-2-1456615434,1.0167098470637155,0.8164701210285524,1900,0,1456616548495
production-topology1-1-1456615427,1.034998272120906,0.9262276517380962,2380,0,1456616548495
production-topology3-3-1456615441,0.973568170496295,1.268273756676291,2020,0,1456616548495
Running observer at: 1456616558949
production-topology4-4-1456615448,0.11907729721656665,0.619240764855658,1460,0,1456616559459
production-topology2-2-1456615434,1.1330311148822945,0.828645543869081,1980,0,1456616559460
production-topology1-1-1456615427,1.0496917191687936,0.9327257605502383,2320,0,1456616559460
production-topology3-3-1456615441,0.9857408184909928,1.2534036020349593,2600,0,1456616559460
/var/nimbus/storm/bin/storm rebalance production-topology4 -e bolt_output_2=11
1456616559753
/var/nimbus/storm/bin/storm rebalance production-topology1 -e spout_head=10
Running observer at: 1456616569958
production-topology4-4-1456615448,0.12392879391407834,0.12392879391407834,22760,0,1456616570477
production-topology2-2-1456615434,0.9394102873599729,0.832747941776151,2100,0,1456616570477
production-topology1-1-1456615427,0.9958307491210209,0.9958307491210209,144120,0,1456616570477
production-topology3-3-1456615441,0.9845750068089333,1.239962172273658,2120,0,1456616570477
Running observer at: 1456616580977
production-topology4-4-1456615448,0.0,0.06196439695703917,180,0,1456616581497
production-topology2-2-1456615434,0.9758746690986572,0.8378596106090976,1760,0,1456616581497
production-topology1-1-1456615427,1.2804232804232802,1.1381270147721505,180,0,1456616581498
production-topology3-3-1456615441,1.037159455128205,1.2303049000286364,2700,0,1456616581498
Running observer at: 1456616592024
production-topology4-4-1456615448,2.0,0.7079762646380261,0,0,1456616592493
production-topology2-2-1456615434,1.0650304399433317,0.8456930874826919,2000,0,1456616592493
production-topology1-1-1456615427,1.0,1.092084676514767,0,0,1456616592493
production-topology3-3-1456615441,0.9638426880827837,1.218192981303825,2460,0,1456616592493
Running observer at: 1456616598494
production-topology4-4-1456615448,2.0,1.0309821984785197,0,0,1456616599021
production-topology2-2-1456615434,0.8533164387659925,0.8459471991921353,1240,0,1456616599021
production-topology1-1-1456615427,1.0,1.0690635073860753,0,0,1456616599021
production-topology3-3-1456615441,1.0005480542986422,1.208730158390556,1360,0,1456616599021
Running observer at: 1456616599570
production-topology4-4-1456615448,2.0,1.2247857587828157,0,0,1456616600168
production-topology2-2-1456615434,0.6,0.8574016778625659,120,0,1456616600168
production-topology1-1-1456615427,1.0,1.0552508059088601,0,0,1456616600168
production-topology3-3-1456615441,2.0142857142857142,1.242294973219521,120,0,1456616600168
Running observer at: 1456616602993
production-topology4-4-1456615448,2.0,1.353988132319013,0,0,1456616603512
production-topology2-2-1456615434,0.9946434220412038,0.8905564585972727,660,0,1456616603512
production-topology1-1-1456615427,1.0082275658445854,1.047413599231481,130180,0,1456616603513
production-topology3-3-1456615441,0.7498244658735731,1.222596152925683,700,0,1456616603513
Running observer at: 1456616613939
production-topology4-4-1456615448,0.0,1.1605612562734398,160,0,1456616614413
production-topology2-2-1456615434,1.1949584616038902,0.897055073984069,1980,0,1456616614414
production-topology1-1-1456615427,0.3398399793668584,0.9463316535365349,1540,0,1456616614414
production-topology3-3-1456615441,1.1521662117263398,1.2198873090334006,2380,0,1456616614414
Running observer at: 1456616624933
production-topology4-4-1456615448,1.0145998429356748,1.1423160796062193,1840,0,1456616625541
production-topology2-2-1456615434,0.7661258854259915,0.8892592701649353,2060,0,1456616625541
production-topology1-1-1456615427,1.1297944549741477,0.9692645037162365,2180,0,1456616625542
production-topology3-3-1456615441,0.9402302920551097,1.2095296417379084,2740,0,1456616625542
Running observer at: 1456616636020
production-topology4-4-1456615448,1.0331694240827425,1.1301886734369442,1940,0,1456616636567
production-topology2-2-1456615434,1.2249120800474136,0.8967563394998492,1760,0,1456616636567
production-topology1-1-1456615427,1.032570535822432,0.9762985072835916,1980,0,1456616636568
production-topology3-3-1456615441,1.045846052096052,1.2036837992506992,2080,0,1456616636568
Running observer at: 1456616647174
production-topology4-4-1456615448,1.0272223765539272,1.1198920437486426,2420,0,1456616647678
production-topology2-2-1456615434,0.9099569860129343,0.9158050050663175,2180,0,1456616647678
production-topology1-1-1456615427,0.8643943421455382,0.9651080907697862,2420,0,1456616647679
production-topology3-3-1456615441,0.9930768337930449,1.1964214900969872,2480,0,1456616647679
Running observer at: 1456616658137
production-topology4-4-1456615448,1.0061979446706582,1.1095562165597348,2080,0,1456616658508
production-topology2-2-1456615434,0.9756967250501734,0.9370449952673605,1960,0,1456616658508
production-topology1-1-1456615427,1.1827236729515211,0.9848913255135803,2000,0,1456616658508
production-topology3-3-1456615441,0.9968900821443001,1.1897704431652307,2700,0,1456616658508
Running observer at: 1456616668923
production-topology4-4-1456615448,0.9639722498257296,1.097424219331901,2160,0,1456616669250
production-topology2-2-1456615434,1.076137913453572,0.9729121279579928,1700,0,1456616669250
production-topology1-1-1456615427,0.9738304774750453,0.9839695881770357,2220,0,1456616669250
production-topology3-3-1456615441,1.007038582413296,1.1989695551757793,2120,0,1456616669250
