Running observer at: 1456175416155
production-topology2-1-1456175415,0.0,0.0,1456175416258
Running observer at: 1456175420779
production-topology2-1-1456175415,0.0,0.0,1456175420887
Running observer at: 1456175422584
production-topology2-1-1456175415,0.0,0.0,1456175422715
production-topology3-2-1456175422,0.0,0.0,1456175422715
Running observer at: 1456175429251
production-topology2-1-1456175415,0.0,0.0,1456175429565
production-topology3-2-1456175422,0.0,0.0,1456175429566
production-topology4-3-1456175428,0.0,0.0,1456175429566
Running observer at: 1456175431267
production-topology2-1-1456175415,0.0,0.0,1456175431474
production-topology3-2-1456175422,0.0,0.0,1456175431474
production-topology4-3-1456175428,0.0,0.0,1456175431475
Running observer at: 1456175442074
production-topology2-1-1456175415,0.0,0.0,1456175442326
production-topology3-2-1456175422,0.0,0.0,1456175442326
production-topology4-3-1456175428,0.3118062697106815,0.10393542323689382,1456175442326
Running observer at: 1456175452948
production-topology2-1-1456175415,0.447903578575085,0.06398622551072643,1456175453189
production-topology3-2-1456175422,0.19887255601541315,0.03977451120308263,1456175453189
production-topology4-3-1456175428,0.9436987438552168,0.31387625339147457,1456175453189
Running observer at: 1456175463776
production-topology2-1-1456175415,1.1647116938951407,0.20157690905877823,1456175464001
production-topology3-2-1456175422,1.2591139910327827,0.24299775784136599,1456175464002
production-topology4-3-1456175428,1.1291483882456481,0.4769306803623093,1456175464002
Running observer at: 1456175474620
production-topology2-1-1456175415,0.9799589389386666,0.28806380126765474,1456175474852
production-topology3-2-1456175422,1.1394655963416263,0.37106459191283175,1456175474853
production-topology4-3-1456175428,1.020319666582656,0.5674955113990338,1456175474853
Running observer at: 1456175485424
production-topology2-1-1456175415,0.9912197118843722,0.3583793923293265,1456175485628
production-topology3-2-1456175422,0.9532632992851131,0.4438394303343669,1456175485628
production-topology4-3-1456175428,1.0486020492670323,0.6362250168087478,1456175485628
Running observer at: 1456175496203
production-topology2-1-1456175415,1.0957065296437598,0.42540913208518405,1456175496396
production-topology3-2-1456175422,1.0348187264577426,0.5095037965702975,1456175496397
production-topology4-3-1456175428,0.9809289997858213,0.6793130146808819,1456175496397
Running observer at: 1456175504942
production-topology2-1-1456175415,1.069331927961607,0.479069365074886,1456175505362
production-topology3-2-1456175422,0.9837002392775784,0.5569234408410256,1456175505363
production-topology4-3-1456175428,1.019412878787879,0.7171018884705482,1456175505363
production-topology1-4-1456175504,0.0,0.0,1456175505364
Running observer at: 1456175506929
production-topology2-1-1456175415,0.8200444240196078,0.5052982157629415,1456175507154
production-topology3-2-1456175422,0.8251748251748251,0.5813099303259165,1456175507155
production-topology4-3-1456175428,0.375,0.6828916996234934,1456175507155
production-topology1-4-1456175504,0.0,0.0,1456175507155
Running observer at: 1456175517756
production-topology2-1-1456175415,0.9886918183148073,0.539826330230932,1456175517998
production-topology3-2-1456175422,0.9710110037554867,0.6137850197783806,1456175517998
production-topology4-3-1456175428,1.0561757333314576,0.7168266117787628,1456175517998
production-topology1-4-1456175504,0.9474431818181819,0.315814393939394,1456175517998
Running observer at: 1456175528639
production-topology2-1-1456175415,1.1090535368316385,0.577774810670979,1456175528912
production-topology3-2-1456175422,1.0664835577039868,0.6486079842341965,1456175528912
production-topology4-3-1456175428,1.022256404457306,0.7422790945019747,1456175528912
production-topology1-4-1456175504,1.0197241707890685,0.4917918381518126,1456175528912
Running observer at: 1456175539576
production-topology2-1-1456175415,0.8156862745098038,0.5926442771609056,1456175539838
production-topology3-2-1456175422,1.0318976817574947,0.675985819771575,1456175539838
production-topology4-3-1456175428,0.9818240658756923,0.7607056307614914,1456175539838
production-topology1-4-1456175504,1.042064890168133,0.6018464485550767,1456175539839
Running observer at: 1456175550454
production-topology2-1-1456175415,1.0,0.6166063785043817,1456175550692
production-topology3-2-1456175422,0.9656157735277098,0.6952944833553173,1456175550692
production-topology4-3-1456175428,0.9894162230318159,0.7770421016379432,1456175550692
production-topology1-4-1456175504,0.8940872225860265,0.6505532442269016,1456175550692
Running observer at: 1456175560041
production-topology2-1-1456175415,1.0,0.6379060241430272,1456175560233
production-topology3-2-1456175422,1.1209538514232333,0.7218981938595621,1456175560233
production-topology4-3-1456175428,1.0028389897257275,0.7920952275104621,1456175560234
production-topology1-4-1456175504,1.0022868706125014,0.7008009051391302,1456175560234
Running observer at: 1456175561288
production-topology2-1-1456175415,0.0,0.6043320228723416,1456175561494
production-topology3-2-1456175422,0.9084467120181405,0.7328716361041844,1456175561495
production-topology4-3-1456175428,2.0,0.8675892757910583,1456175561495
production-topology1-4-1456175504,1.0,0.7382007919967389,1456175561495
Running observer at: 1456175572091
production-topology2-1-1456175415,0.0,0.5741154217287245,1456175572282
production-topology3-2-1456175422,0.9134101262279228,0.7429015522221698,1456175572282
production-topology4-3-1456175428,1.058098020185388,0.8787956725201366,1456175572282
production-topology1-4-1456175504,1.0118607469085938,0.7686074536536117,1456175572283
Running observer at: 1456175582817
production-topology2-1-1456175415,0.0,0.5467765921225948,1456175583021
production-topology3-2-1456175422,1.0040934232803733,0.7566484928041806,1456175583021
production-topology4-3-1456175428,0.9277858447877658,0.881517348757227,1456175583021
production-topology1-4-1456175504,1.0742264320234913,0.7991693514905996,1456175583022
Running observer at: 1456175593628
production-topology2-1-1456175415,0.06676363636363639,0.5249578214062786,1456175593824
production-topology3-2-1456175422,0.9466030926477174,0.7661462227963574,1456175593825
production-topology4-3-1456175428,1.017636144193771,0.8886814958854662,1456175593825
production-topology1-4-1456175504,0.9544237148445465,0.8132833845227766,1456175593825
Running observer at: 1456175604429
production-topology2-1-1456175415,0.7010580428181786,0.5326143527720133,1456175604696
production-topology3-2-1456175422,1.1029590437396402,0.7821849285555613,1456175604696
production-topology4-3-1456175428,1.0722459315636133,0.8978597176693736,1456175604697
production-topology1-4-1456175504,0.9821279082322901,0.8273537614985694,1456175604697
Running observer at: 1456175615336
production-topology2-1-1456175415,1.4738392175529669,0.5718320554712197,1456175615548
production-topology3-2-1456175422,0.9564939513653972,0.7901080659560084,1456175615549
production-topology4-3-1456175428,0.9660047946633312,0.9011047213357525,1456175615549
production-topology1-4-1456175504,1.1206045727398086,0.8499115162094341,1456175615549
Running observer at: 1456175626235
production-topology2-1-1456175415,0.9066740057795514,0.585225733483553,1456175626446
production-topology3-2-1456175422,1.0936081478739474,0.8033037216915709,1456175626446
production-topology4-3-1456175428,1.032363315731518,0.9070710210810146,1456175626447
production-topology1-4-1456175504,0.9455433130956968,0.8567423588441672,1456175626447
Running observer at: 1456175637070
production-topology2-1-1456175415,1.197632341154183,0.6087798337785773,1456175637316
production-topology3-2-1456175422,0.9346642957285025,0.8087770789431098,1456175637317
production-topology4-3-1456175428,0.9938266915900069,0.9108430067553187,1456175637317
production-topology1-4-1456175504,0.9576543678251063,0.8634698261095631,1456175637318
Running observer at: 1456175647919
production-topology2-1-1456175415,0.9012095009407646,0.6196105621919915,1456175648136
production-topology3-2-1456175422,0.9998969906373177,0.8164218754108781,1456175648136
production-topology4-3-1456175428,0.9981173640507066,0.9144794383092932,1456175648136
production-topology1-4-1456175504,1.095222321340696,0.8779543570615089,1456175648136
Running observer at: 1456175658687
production-topology2-1-1456175415,1.1365998036217844,0.638074463671627,1456175658976
production-topology3-2-1456175422,1.0357643705856296,0.8248581252252916,1456175658976
production-topology4-3-1456175428,0.9617238226436411,0.9163692136826671,1456175658976
production-topology1-4-1456175504,0.956473313565604,0.8825731192088087,1456175658977
Running observer at: 1456175669566
production-topology2-1-1456175415,0.9558008139978622,0.6490305447173592,1456175669782
production-topology3-2-1456175422,1.0426871091691035,0.8329258653713587,1456175669782
production-topology4-3-1456175428,0.940521973426865,0.9172981659805208,1456175669782
production-topology1-4-1456175504,1.0241793115356335,0.8904401298936323,1456175669782
Running observer at: 1456175680334
production-topology2-1-1456175415,0.8538813454399035,0.655858904741444,1456175680598
production-topology3-2-1456175422,0.918616954929577,0.8359862614270093,1456175680598
production-topology4-3-1456175428,1.04208543301436,0.9219199166114038,1456175680599
production-topology1-4-1456175504,1.0210897757973612,0.8973164270464601,1456175680599
Running observer at: 1456175691195
production-topology2-1-1456175415,1.142187472365512,0.6939318204869611,1456175691391
production-topology3-2-1456175422,1.0333577313369253,0.8427921741825236,1456175691391
production-topology4-3-1456175428,1.0109412132052362,0.9250992486326121,1456175691391
production-topology1-4-1456175504,1.068614694531234,0.9058813404206989,1456175691392
Running observer at: 1456175701989
production-topology2-1-1456175415,1.0372238852855769,0.7285059499964803,1456175702214
production-topology3-2-1456175422,1.031555775416229,0.8490842942236472,1456175702215
production-topology4-3-1456175428,0.9638990182328191,0.9264371717222745,1456175702215
production-topology1-4-1456175504,0.8630843946795529,0.9038433906235015,1456175702215
Running observer at: 1456175712810
production-topology2-1-1456175415,0.8479891780345294,0.7567722559309646,1456175713014
production-topology3-2-1456175422,1.0313702709680517,0.8834633032559155,1456175713015
production-topology4-3-1456175428,1.13241382627643,0.9333030602074129,1456175713015
production-topology1-4-1456175504,1.0410308742406593,0.9100791853333722,1456175713015
Running observer at: 1456175723544
production-topology2-1-1456175415,1.13803004077483,0.7947065906234589,1456175723749
production-topology3-2-1456175422,0.911050194931774,0.9138316430869746,1456175723749
production-topology4-3-1456175428,1.0547063555913114,0.9684599387271233,1456175723749
production-topology1-4-1456175504,0.9330273250426854,0.911076930538125,1456175723750
Running observer at: 1456175734306
production-topology2-1-1456175415,0.9548093120596775,0.8265335676921148,1456175734555
production-topology3-2-1456175422,1.0782634133124942,0.9497737568640578,1456175734555
production-topology4-3-1456175428,0.9736045949835526,1.000913425226575,1456175734555
production-topology1-4-1456175504,0.90063833922764,0.9106419892335215,1456175734555
/var/nimbus/storm/bin/storm rebalance production-topology3 -e spout_head=11
1456175734869
/var/nimbus/storm/bin/storm rebalance production-topology2 -e spout_head=9
Running observer at: 1456175745108
production-topology2-1-1456175415,0.992168658346625,0.992168658346625,1456175745318
production-topology3-2-1456175422,1.0020888673835429,1.0020888673835429,1456175745319
production-topology4-3-1456175428,0.884551959536114,1.020004948220756,1456175745319
production-topology1-4-1456175504,1.1456633126081905,0.9200428421685082,1456175745319
Running observer at: 1456175755877
production-topology2-1-1456175415,1.5873015873015872,1.289735122824106,1456175756092
production-topology3-2-1456175422,0.875,0.9385444336917714,1456175756092
production-topology4-3-1456175428,1.1892367705712803,1.0281895491112916,1456175756092
production-topology1-4-1456175504,0.9798769422202176,0.9223441537089586,1456175756093
Running observer at: 1456175766732
production-topology2-1-1456175415,1.0,1.1931567485494041,1456175767122
production-topology3-2-1456175422,2.0,1.2923629557945142,1456175767122
production-topology4-3-1456175428,0.9224248548869458,1.0212987646660014,1456175767123
production-topology1-4-1456175504,0.9862681271477661,0.9247117082807663,1456175767123
Running observer at: 1456175773292
production-topology2-1-1456175415,1.0,1.144867561412053,1456175773532
production-topology3-2-1456175422,2.0,1.4692722168458858,1456175773533
production-topology4-3-1456175428,1.1879495162804132,1.0268864263225932,1456175773533
production-topology1-4-1456175504,1.0371368408798596,0.9287268915878768,1456175773533
Running observer at: 1456175774093
production-topology2-1-1456175415,1.0,1.1158940491296423,1456175774282
production-topology3-2-1456175422,2.0,1.5754177734767087,1456175774282
production-topology4-3-1456175428,2.0,1.0585996913470255,1456175774282
production-topology1-4-1456175504,1.0,0.9311845849813983,1456175774283
Running observer at: 1456175777696
production-topology2-1-1456175415,1.0,1.096578374274702,1456175777851
production-topology3-2-1456175422,0.9979676044904005,1.4791760786456571,1456175777852
production-topology4-3-1456175428,0.7674790911659262,1.051484694393029,1456175777852
production-topology1-4-1456175504,1.0038845176517266,0.9336079160704093,1456175777852
Running observer at: 1456175788354
production-topology2-1-1456175415,1.0,1.0827814636640303,1456175788568
production-topology3-2-1456175422,0.5569725967812094,1.3474327240935933,1456175788568
production-topology4-3-1456175428,1.0720202788745095,1.0532382743959166,1456175788568
production-topology1-4-1456175504,0.9913294569016573,0.9666522313004645,1456175788568
Running observer at: 1456175799024
production-topology2-1-1456175415,1.0,1.0724337807060265,1456175799227
production-topology3-2-1456175422,1.0203997211060893,1.3065535987201553,1456175799228
production-topology4-3-1456175428,0.964451750191051,1.0728866660689518,1456175799228
production-topology1-4-1456175504,0.9726442824065807,0.9990737073806838,1456175799228
Running observer at: 1456175809714
production-topology2-1-1456175415,0.13151397011046134,0.967887135084297,1456175809914
production-topology3-2-1456175422,0.9706269018552756,1.2692284101796132,1456175809915
production-topology4-3-1456175428,1.0728420278684179,1.0734422092201836,1456175809915
production-topology1-4-1456175504,1.030897538878645,1.0018555192826992,1456175809915
Running observer at: 1456175820442
production-topology2-1-1456175415,1.3482146438988138,1.0059198859657488,1456175820636
production-topology3-2-1456175422,0.9701511043412033,1.2393206795957723,1456175820636
production-topology4-3-1456175428,0.9788806577045293,1.0719963509950914,1456175820636
production-topology1-4-1456175504,1.0481342723381335,1.002802522667668,1456175820636
Running observer at: 1456175831084
production-topology2-1-1456175415,1.152695806704056,1.019263151487413,1456175831279
production-topology3-2-1456175422,1.0139713269273956,1.218834374807738,1456175831279
production-topology4-3-1456175428,1.0027192919902268,1.0726928585322424,1456175831279
production-topology1-4-1456175504,0.985685219401778,1.0009232003087896,1456175831279
Running observer at: 1456175841787
production-topology2-1-1456175415,0.8984517845321124,1.0091955375744712,1456175841981
production-topology3-2-1456175422,1.040006663952357,1.2039320655697896,1456175841981
production-topology4-3-1456175428,1.0629276522284994,1.0751432395054654,1456175841981
production-topology1-4-1456175504,1.0083242670636738,1.0047311017913778,1456175841981
Running observer at: 1456175852515
production-topology2-1-1456175415,1.0916850550891168,1.0155408850755978,1456175852716
production-topology3-2-1456175422,0.9330357142857144,1.1830938847017838,1456175852716
production-topology4-3-1456175428,0.9579169297682859,1.073645837506884,1456175852716
production-topology1-4-1456175504,1.108962886781605,1.0082869689970146,1456175852717
Running observer at: 1456175863276
production-topology2-1-1456175415,1.1365263157894738,1.0241827015551606,1456175863469
production-topology3-2-1456175422,1.0406357748831412,1.1729183054290238,1456175863469
production-topology4-3-1456175428,0.9881714982230447,1.0399182207809854,1456175863469
production-topology1-4-1456175504,0.9279981177831227,1.005886906256452,1456175863469
Running observer at: 1456175873959
production-topology2-1-1456175415,0.8603932476112928,1.0132634046255693,1456175874152
production-topology3-2-1456175422,0.940005412705095,1.1573907792474285,1456175874153
production-topology4-3-1456175428,0.9837935707865486,1.037441405801024,1456175874153
production-topology1-4-1456175504,0.9770379338175947,1.0047261458200853,1456175874153
Running observer at: 1456175884838
production-topology2-1-1456175415,0.9636495749451915,1.0101625402705456,1456175885040
production-topology3-2-1456175422,0.9854836800464322,1.1466465855473662,1456175885040
production-topology4-3-1456175428,1.004650081189451,1.0400035470144136,1456175885040
production-topology1-4-1456175504,0.9491868106386121,1.0005581584405892,1456175885041
Running observer at: 1456175895533
production-topology2-1-1456175415,1.0745428569079554,1.013949617719805,1456175895909
production-topology3-2-1456175422,1.069093545729186,1.1420846420286497,1456175895909
production-topology4-3-1456175428,1.0614274614274615,1.0414632575888698,1456175895909
production-topology1-4-1456175504,1.0496811830145165,1.0037334073795883,1456175895910
Running observer at: 1456175906445
production-topology2-1-1456175415,0.9942498739314961,1.0128551875093437,1456175906686
production-topology3-2-1456175422,0.9691298084022761,1.1324760401605178,1456175906686
production-topology4-3-1456175428,0.9474439427713779,1.0373031912957955,1456175906687
production-topology1-4-1456175504,0.9937754287181495,1.0041216580624501,1456175906687
Running observer at: 1456175917216
production-topology2-1-1456175415,0.9414497026722658,1.0090970040968659,1456175917480
production-topology3-2-1456175422,0.9881352612797765,1.1248791570615313,1456175917480
production-topology4-3-1456175428,1.1087696481073006,1.0420620197439279,1456175917480
production-topology1-4-1456175504,0.9308235624025097,0.9977956243845402,1456175917480
/var/nimbus/storm/bin/storm rebalance production-topology1 -e spout_head=11
1456175917783
/var/nimbus/storm/bin/storm rebalance production-topology4 -e bolt_output_1=9
Running observer at: 1456175927983
production-topology2-1-1456175415,1.0549692004428708,1.011390613914166,1456175928152
production-topology3-2-1456175422,1.0512311660615754,1.1211967575115336,1456175928152
production-topology4-3-1456175428,0.998550812923523,0.998550812923523,1456175928152
production-topology1-4-1456175504,1.0005834261375726,1.0005834261375726,1456175928152
Running observer at: 1456175938674
production-topology2-1-1456175415,1.076842105263158,1.0145073515974512,1456175938867
production-topology3-2-1456175422,0.9520117067318081,1.113140326522023,1456175938867
production-topology4-3-1456175428,3.6333333333333333,2.3159420731284284,1456175938867
production-topology1-4-1456175504,2.480625,1.7406042130687862,1456175938867
Running observer at: 1456175949414
production-topology2-1-1456175415,0.9039736368768625,1.0094830918374245,1456175949639
production-topology3-2-1456175422,1.1014966622162885,1.1126110690535804,1456175949639
production-topology4-3-1456175428,2.0,2.2106280487522856,1456175949639
production-topology1-4-1456175504,1.0,1.4937361420458573,1456175949639
Running observer at: 1456175955996
production-topology2-1-1456175415,0.8590783979425932,1.002943757320258,1456175956185
production-topology3-2-1456175422,0.9441609379965544,1.1052871503119706,1456175956186
production-topology4-3-1456175428,2.0,2.157971036564214,1456175956186
production-topology1-4-1456175504,1.0,1.370302106534393,1456175956186
Running observer at: 1456175956996
production-topology2-1-1456175415,2.693877551020408,1.0733993320577642,1456175957176
production-topology3-2-1456175422,0.9703565217391303,1.0996650407881023,1456175957176
production-topology4-3-1456175428,0.0,1.7263768292513713,1456175957176
production-topology1-4-1456175504,1.0,1.2962416852275145,1456175957177
Running observer at: 1456175960104
production-topology2-1-1456175415,0.9204597701149426,1.0672817495800513,1456175960268
production-topology3-2-1456175422,1.0350332105170814,1.0970797675772614,1456175960268
production-topology4-3-1456175428,0.0,1.438647357709476,1456175960269
production-topology1-4-1456175504,1.3297433283250188,1.3018252924104319,1456175960269
Running observer at: 1456175970771
production-topology2-1-1456175415,0.9774813912801369,1.0638278896454392,1456175970957
production-topology3-2-1456175422,0.9951676924449201,1.0931600723798636,1456175970958
production-topology4-3-1456175428,0.0,1.2331263066081224,1456175970958
production-topology1-4-1456175504,1.3297433283250188,1.305813583255373,1456175970958
Running observer at: 1456175981490
production-topology2-1-1456175415,1.1233703002128692,1.0660331641108995,1456175981689
production-topology3-2-1456175422,1.0324884573701067,1.0909129755276505,1456175981689
production-topology4-3-1456175428,1.018661033855542,1.2063181475140499,1456175981689
production-topology1-4-1456175504,0.1114063215758131,1.156512675545428,1456175981689
Running observer at: 1456175992269
production-topology2-1-1456175415,1.0556034354661357,1.065660673802158,1456175992483
production-topology3-2-1456175422,0.9493407158963938,1.0858568233979626,1456175992484
production-topology4-3-1456175428,1.1189661474230523,1.1966123697261613,1456175992484
production-topology1-4-1456175504,1.2478282063531907,1.1666588456351794,1456175992484
Running observer at: 1456176003115
production-topology2-1-1456175415,0.7831955251589611,1.0559204962627375,1456176003345
production-topology3-2-1456175422,1.016243574075033,1.0834563665247583,1456176003345
production-topology4-3-1456175428,0.9735969983676317,1.1743108325903082,1456176003345
production-topology1-4-1456175504,1.1200145675498243,1.161994417826644,1456176003345
Running observer at: 1456176013913
production-topology2-1-1456175415,1.4973576913832576,1.0706350694334215,1456176014210
production-topology3-2-1456175422,0.9507133594649702,1.0790315996227653,1456176014211
production-topology4-3-1456175428,0.9526915142134138,1.1541636218287723,1456176014211
production-topology1-4-1456175504,1.044774234058087,1.1513380374840478,1456176014211
Running observer at: 1456176024720
production-topology2-1-1456175415,0.8558465183056477,1.066090998098722,1456176024941
production-topology3-2-1456175422,0.9844848423240263,1.0784447987874481,1456176024941
production-topology4-3-1456175428,1.0053751405727192,1.1417645817241013,1456176024942
production-topology1-4-1456175504,0.9944619181103199,1.1382650275362372,1456176024942
Running observer at: 1456176035499
production-topology2-1-1456175415,1.0981032823882622,1.0497843879349447,1456176035707
production-topology3-2-1456175422,1.0103472163139058,1.0829563726645783,1456176035707
production-topology4-3-1456175428,1.0676818681617233,1.1360659114500722,1456176035708
production-topology1-4-1456175504,1.052322299337058,1.1316540484439928,1456176035708
Running observer at: 1456176046271
production-topology2-1-1456175415,0.918263727336509,1.0470598455128282,1456176046475
production-topology3-2-1456175422,0.9949924602857874,1.0494561213407712,1456176046475
production-topology4-3-1456175428,0.9304605044588075,1.121379810950696,1456176046475
production-topology1-4-1456175504,1.07665106041334,1.1277252635846604,1456176046475
Running observer at: 1456176057023
production-topology2-1-1456175415,1.027639772388168,1.0479811712591005,1456176057219
production-topology3-2-1456175422,1.0363543869198972,1.0173346009047677,1456176057219
production-topology4-3-1456175428,1.0000408634201408,1.1132905477819923,1456176057219
production-topology1-4-1456175504,0.8543471780657441,1.1095000578833993,1456176057220
Running observer at: 1456176067728
production-topology2-1-1456175415,0.94901178984896,1.0462815642540657,1456176067927
production-topology3-2-1456175422,1.0292254192073171,0.9849754482116782,1456176067927
production-topology4-3-1456175428,1.0115398857643472,1.1069311314058894,1456176067927
production-topology1-4-1456175504,1.1487421632562633,1.1119526894692033,1456176067927
Running observer at: 1456176078414
production-topology2-1-1456175415,1.0357202037292792,1.0474722377117085,1456176078621
production-topology3-2-1456175422,0.9598846027397989,0.9837060148199914,1456176078621
production-topology4-3-1456175428,0.9664798897472164,1.0986692936612616,1456176078621
production-topology1-4-1456175504,0.93089591994025,1.101302291261618,1456176078621
Running observer at: 1456176089103
production-topology2-1-1456175415,0.9221131211857019,1.0448760084178985,1456176089296
production-topology3-2-1456175422,1.0929577776328387,1.0015721875150458,1456176089297
production-topology4-3-1456175428,0.984131404694967,1.0923060776075786,1456176089297
production-topology1-4-1456175504,0.9765687726707216,1.0943726513399015,1456176089297
Running observer at: 1456176099845
production-topology2-1-1456175415,1.0250894589874853,1.0457123237174815,1456176100032
production-topology3-2-1456175422,0.9268537586160588,0.9984539887653782,1456176100032
production-topology4-3-1456175428,1.1294484910677027,1.0942609414739008,1456176100032
production-topology1-4-1456175504,1.088689316543914,1.094073528455902,1456176100032
Running observer at: 1456176110616
production-topology2-1-1456175415,1.0972582765756809,1.0779038005996555,1456176110815
production-topology3-2-1456175422,1.0078457819777724,0.9996946181027947,1456176110815
production-topology4-3-1456175428,0.9627036630235664,1.0876830775513842,1456176110815
production-topology1-4-1456175504,1.039377525193435,1.0913387282927787,1456176110815
Running observer at: 1456176121457
production-topology2-1-1456175415,0.9289267361260336,1.0639275370072294,1456176121687
production-topology3-2-1456175422,1.0418107598491535,1.002083273286393,1456176121687
production-topology4-3-1456175428,0.9971383827182774,1.0833714254164744,1456176121687
production-topology1-4-1456175504,0.9825926625771542,1.0861603442110823,1456176121687
Running observer at: 1456176132373
production-topology2-1-1456175415,0.9858180419743027,1.0583649448495709,1456176132573
production-topology3-2-1456175422,0.9357415930444901,0.9994756154902961,1456176132573
production-topology4-3-1456175428,1.0024568254630244,1.0796934890549539,1456176132573
production-topology1-4-1456175504,0.9531205047601702,1.0801130787814954,1456176132574
Running observer at: 1456176143102
production-topology2-1-1456175415,1.0266496162007808,1.0626382059051933,1456176143299
production-topology3-2-1456175422,1.1504130094112979,1.0031558270055942,1456176143299
production-topology4-3-1456175428,0.9878958843015619,1.0757022888482846,1456176143300
production-topology1-4-1456175504,1.0208517221214688,1.0775364980571465,1456176143300
Running observer at: 1456176153821
production-topology2-1-1456175415,0.8930529580969199,1.0560171360054533,1456176154015
production-topology3-2-1456175422,1.0097260531144503,1.005712171633219,1456176154015
production-topology4-3-1456175428,1.014585640411974,1.0731557618301049,1456176154015
production-topology1-4-1456175504,0.9976965666168883,1.0742098342471358,1456176154015
Running observer at: 1456176164515
production-topology2-1-1456175415,1.1083213884735381,1.0550769717615889,1456176164739
production-topology3-2-1456175422,0.944353439431155,1.0025027604514858,1456176164739
production-topology4-3-1456175428,0.9649634163939815,1.06882806801266,1456176164739
production-topology1-4-1456175504,0.9677013949981148,1.069949496677175,1456176164739
Running observer at: 1456176175220
production-topology2-1-1456175415,1.0506874043243088,1.0614201103186893,1456176175413
production-topology3-2-1456175422,0.990802773902957,1.0041960058247479,1456176175413
production-topology4-3-1456175428,1.0165285817017242,1.0668165493083932,1456176175413
production-topology1-4-1456175504,1.3024750944704107,1.0788927888999917,1456176175413
Running observer at: 1456176185894
production-topology2-1-1456175415,1.0805805811317046,1.0653178105249064,1456176186090
production-topology3-2-1456175422,1.0385327365384436,1.0059643077078149,1456176186091
production-topology4-3-1456175428,1.0266863973845832,1.0653302473852893,1456176186091
production-topology1-4-1456175504,0.8197368421052632,1.0692944205001869,1456176186091
Running observer at: 1456176196659
production-topology2-1-1456175415,0.7175106899842041,1.0534167382941149,1456176196875
production-topology3-2-1456175422,0.9182771385424437,1.0009370941349234,1456176196875
production-topology4-3-1456175428,0.9432069882048427,1.0609687024145589,1456176196876
production-topology1-4-1456175504,1.0467719349075282,1.0684900460147349,1456176196876
Running observer at: 1456176207355
production-topology2-1-1456175415,1.2728171342281644,1.062702313637337,1456176207576
production-topology3-2-1456175422,1.1222347013809686,1.0060405905675467,1456176207576
production-topology4-3-1456175428,0.9993239089373616,1.0588430198808625,1456176207576
production-topology1-4-1456175504,1.0090384625741047,1.0664399914133338,1456176207576
Running observer at: 1456176218054
production-topology2-1-1456175415,0.9293345849365553,1.0622984763794798,1456176218247
production-topology3-2-1456175422,0.8701980239757714,1.0021093493240796,1456176218247
production-topology4-3-1456175428,1.0716263435483402,1.0592691306697786,1456176218247
production-topology1-4-1456175504,0.8488506888105494,1.0591870146599076,1456176218247
Running observer at: 1456176228879
production-topology2-1-1456175415,1.0529277328535191,1.0622304274598349,1456176229070
production-topology3-2-1456175422,1.0472362016591004,1.0019761838439973,1456176229070
production-topology4-3-1456175428,1.0062068241080588,1.0595243310425964,1456176229071
production-topology1-4-1456175504,1.250333655084101,1.0675120222914587,1456176229071
Running observer at: 1456176239710
production-topology2-1-1456175415,0.8854508293645945,1.0558507182632162,1456176239963
production-topology3-2-1456175422,1.0806300156116895,1.00626346080666,1456176239963
production-topology4-3-1456175428,0.9426661246826342,0.9698354240875733,1456176239963
production-topology1-4-1456175504,0.9938510036623245,1.0179528890802028,1456176239963
Running observer at: 1456176250648
production-topology2-1-1456175415,1.146733287510985,1.063942706617687,1456176250844
production-topology3-2-1456175422,1.0064692076578494,1.0030958789880453,1456176250844
production-topology4-3-1456175428,1.0758956266054664,0.9390319449744221,1456176250844
production-topology1-4-1456175504,0.9187723719402078,1.0152453014782095,1456176250845
Running observer at: 1456176261292
production-topology2-1-1456175415,1.0114933303722304,1.0690232043653414,1456176261510
production-topology3-2-1456175422,0.9444444444444444,1.003105329202975,1456176261510
production-topology4-3-1456175428,0.925432776263422,0.9032130375165359,1456176261511
production-topology1-4-1456175504,0.988826073250223,1.014872837253217,1456176261511
Running observer at: 1456176272038
production-topology2-1-1456175415,0.9867412072392509,1.0121186595726361,1456176272240
production-topology3-2-1456175422,1.0851844908657502,1.0069329281738624,1456176272240
production-topology4-3-1456175428,1.0963858945956593,0.9397592340030578,1456176272240
production-topology1-4-1456175504,1.0746383218298674,1.0173607813142125,1456176272240
Running observer at: 1456176282731
production-topology2-1-1456175415,0.9332668687054695,1.0125455628589872,1456176282931
production-topology3-2-1456175422,0.9248605178017658,1.0032605050833516,1456176282931
production-topology4-3-1456175428,0.9458551759261697,0.9712877398672635,1456176282931
production-topology1-4-1456175504,0.920607215183974,1.0037229108761778,1456176282931
Running observer at: 1456176293424
production-topology2-1-1456175415,0.9408778751626711,1.0113254456550718,1456176293625
production-topology3-2-1456175422,1.0775112384134942,1.0060052899489709,1456176293625
production-topology4-3-1456175428,0.9440747545597092,1.0027568983525872,1456176293625
production-topology1-4-1456175504,1.065330155570489,0.9949091384510268,1456176293625
Running observer at: 1456176304146
production-topology2-1-1456175415,0.977746213246869,1.0064713094228717,1456176304364
production-topology3-2-1456175422,0.9478603703637902,1.003184353715427,1456176304364
production-topology4-3-1456175428,1.03651215563487,1.0033519357452316,1456176304365
production-topology1-4-1456175504,1.072433329624272,1.026943372052642,1456176304365
Running observer at: 1456176314853
production-topology2-1-1456175415,1.124460986093461,1.008766561110449,1456176315040
production-topology3-2-1456175422,0.9628062968777253,1.0036332064148048,1456176315040
production-topology4-3-1456175428,1.046049401967069,1.0009213775633654,1456176315041
production-topology1-4-1456175504,0.909670272480577,1.0156714409235548,1456176315041
Running observer at: 1456176325539
production-topology2-1-1456175415,1.0943668387488612,1.0191389382301126,1456176325733
production-topology3-2-1456175422,1.0353931101176652,1.0042715242828926,1456176325733
production-topology4-3-1456175428,1.0671523707975765,1.0040398899776968,1456176325733
production-topology1-4-1456175504,1.0028004103027726,1.011764302348653,1456176325733
Running observer at: 1456176336189
production-topology2-1-1456175415,0.96884137528449,1.001521727693487,1456176336378
production-topology3-2-1456175422,1.0236404347742811,1.006702426793203,1456176336378
production-topology4-3-1456175428,0.9471544392292519,1.0038553208115581,1456176336378
production-topology1-4-1456175504,1.0749649786501634,1.0127706605017222,1456176336378
Running observer at: 1456176346933
production-topology2-1-1456175415,1.0509293557343302,1.0080244889411096,1456176347167
production-topology3-2-1456175422,1.0557195816231961,1.0090769181031753,1456176347167
production-topology4-3-1456175428,0.9621193548429845,1.0024134612872337,1456176347167
production-topology1-4-1456175504,0.8828053279509577,1.009048774163077,1456176347167
Running observer at: 1456176357723
production-topology2-1-1456175415,0.9716285647342349,1.0038086650193088,1456176357915
production-topology3-2-1456175422,0.9579769828550584,1.0073312436545472,1456176357916
production-topology4-3-1456175428,1.0577783061276458,1.0020833425527642,1456176357916
production-topology1-4-1456175504,1.0795833370546013,1.0099574754203284,1456176357916
Running observer at: 1456176368467
production-topology2-1-1456175415,0.9025899901676299,1.0032862071136794,1456176368661
production-topology3-2-1456175422,0.9643598396321743,1.0063101562994268,1456176368661
production-topology4-3-1456175428,0.9709328091131739,1.0034324193745765,1456176368661
production-topology1-4-1456175504,1.0907769271195198,1.0104283376438674,1456176368662
Running observer at: 1456176379339
production-topology2-1-1456175415,1.209156260067146,1.0093367567029785,1456176379543
production-topology3-2-1456175422,1.095623984501937,1.0082858095521612,1456176379543
production-topology4-3-1456175428,1.0034464410557067,1.0035459386290955,1456176379543
production-topology1-4-1456175504,0.9483033292333373,1.013560209349454,1456176379543
Running observer at: 1456176390210
production-topology2-1-1456175415,0.8391441582536201,1.0056745023164675,1456176390405
production-topology3-2-1456175422,0.9395045343950453,1.0052951133917523,1456176390405
production-topology4-3-1456175428,0.9827837894344795,1.0025874020847663,1456176390406
production-topology1-4-1456175504,1.0265581582426893,1.009487409182335,1456176390406
Running observer at: 1456176400935
production-topology2-1-1456175415,1.1611512324982645,1.009855536608767,1456176401167
production-topology3-2-1456175422,0.975377376632125,1.005811539188163,1456176401168
production-topology4-3-1456175428,0.9474580612061159,1.0019533411333965,1456176401168
production-topology1-4-1456175504,1.011392916426289,1.0121706423985364,1456176401168
Running observer at: 1456176411642
production-topology2-1-1456175415,0.9473549049820237,1.0106969294019779,1456176411927
production-topology3-2-1456175422,1.0692789803268563,1.0050222459446303,1456176411927
production-topology4-3-1456175428,1.0170603585666362,1.0030509729291188,1456176411927
production-topology1-4-1456175504,1.0211038879148262,1.0136551462400063,1456176411928
Running observer at: 1456176422452
production-topology2-1-1456175415,1.048104699942224,1.011464104100469,1456176422643
production-topology3-2-1456175422,0.8701373597206931,1.003131699314785,1456176422644
production-topology4-3-1456175428,1.0532640318422888,1.0005114909549382,1456176422644
production-topology1-4-1456175504,0.9968525078722447,1.010593919284284,1456176422644
Running observer at: 1456176433170
production-topology2-1-1456175415,0.8613323898726951,1.0035999078770363,1456176433370
production-topology3-2-1456175422,1.0714333454197154,1.0052512847628499,1456176433370
production-topology4-3-1456175428,0.8886330299471137,0.99804246985239,1456176433370
production-topology1-4-1456175504,0.9568744223374273,1.0078438158557506,1456176433371
Running observer at: 1456176443990
production-topology2-1-1456175415,1.1887476773985188,1.0122606059194523,1456176444208
production-topology3-2-1456175422,0.9758858932065451,1.0030537892080962,1456176444208
production-topology4-3-1456175428,1.152091728125789,1.0032075813659738,1456176444208
production-topology1-4-1456175504,1.0494203895551661,1.0100714067550176,1456176444209
Running observer at: 1456176454743
production-topology2-1-1456175415,0.8520260561109775,1.0078008730573418,1456176455026
production-topology3-2-1456175422,0.998086042436241,1.0051319375211545,1456176455027
production-topology4-3-1456175428,0.9509965803038265,1.001492239860667,1456176455027
production-topology1-4-1456175504,0.9849056603773584,1.0111309119422573,1456176455027
Running observer at: 1456176465441
production-topology2-1-1456175415,0.955035763276504,1.0054137446265325,1456176465642
production-topology3-2-1456175422,1.0925275736749143,1.0032024229966083,1456176465642
production-topology4-3-1456175428,0.9969111752103722,1.0017927495576275,1456176465642
production-topology1-4-1456175504,0.9982195574886096,1.0103765064544954,1456176465642
Running observer at: 1456176476306
production-topology2-1-1456175415,1.1586124248163645,1.014265726850514,1456176476494
production-topology3-2-1456175422,0.9850512164642938,1.002379928441603,1456176476494
production-topology4-3-1456175428,1.0337399670958303,1.002431227113756,1456176476494
production-topology1-4-1456175504,0.9685076752650735,1.0094035434094348,1456176476494
Running observer at: 1456176487026
production-topology2-1-1456175415,0.9206494047183384,1.008009994058674,1456176487354
production-topology3-2-1456175422,0.9428990697733488,1.0023314494530096,1456176487354
production-topology4-3-1456175428,0.9905689343323894,1.0032847443783697,1456176487354
production-topology1-4-1456175504,1.0694255197109197,1.0127943475665282,1456176487354
Running observer at: 1456176497862
production-topology2-1-1456175415,1.140385169709244,1.0109999195715051,1456176498088
production-topology3-2-1456175422,1.0368451847459754,1.0038661964811102,1456176498089
production-topology4-3-1456175428,1.010126852487271,1.0030713534045546,1456176498089
production-topology1-4-1456175504,0.8987863925045587,0.9993380575009998,1456176498089
Running observer at: 1456176508623
production-topology2-1-1456175415,0.934634294430376,1.0061350433481275,1456176508942
production-topology3-2-1456175422,0.9630479394550074,1.0013500365783288,1456176508942
production-topology4-3-1456175428,0.9450342459889385,1.0003496150246998,1456176508942
production-topology1-4-1456175504,1.0925426789560486,1.008431585396026,1456176508942
Running observer at: 1456176519414
production-topology2-1-1456175415,0.9599359565776511,1.0142158855679093,1456176519644
production-topology3-2-1456175422,1.0877009121405572,1.006997495698266,1456176519645
production-topology4-3-1456175428,1.0618486216769902,1.004304336140438,1456176519645
production-topology1-4-1456175504,0.9089124473937057,1.0038362691455651,1456176519645
Running observer at: 1456176530126
production-topology2-1-1456175415,0.7884589775458918,0.9980706136785003,1456176530313
production-topology3-2-1456175422,0.9966276289428424,1.0028105932836617,1456176530314
production-topology4-3-1456175428,0.9976479873301087,1.004248472086863,1456176530314
production-topology1-4-1456175504,1.0042920027830666,1.0036780538191974,1456176530314
Running observer at: 1456176540885
production-topology2-1-1456175415,1.4056606550224555,1.0139481493480302,1456176541110
production-topology3-2-1456175422,0.9304618899729454,1.004819388816901,1456176541111
production-topology4-3-1456175428,0.9074066936359895,0.9987744837564511,1456176541111
production-topology1-4-1456175504,1.0148920309031413,1.0092127652222838,1456176541111
Running observer at: 1456176551580
production-topology2-1-1456175415,0.9847084899554033,1.0116741745847597,1456176551867
production-topology3-2-1456175422,1.076188900329295,1.0057844787725743,1456176551867
production-topology4-3-1456175428,1.129313014216819,1.0028780234267431,1456176551867
production-topology1-4-1456175504,1.062713457541927,1.0029587586375446,1456176551868
Running observer at: 1456176562403
production-topology2-1-1456175415,0.8861330631543397,1.0116969157110842,1456176562590
production-topology3-2-1456175422,0.930727154753932,1.0007877167439823,1456176562590
production-topology4-3-1456175428,0.9135525985494097,1.0019075725556355,1456176562590
production-topology1-4-1456175504,1.0056742212794463,1.0033528658914488,1456176562590
Running observer at: 1456176573253
production-topology2-1-1456175415,1.0417103716100926,1.0081961518477214,1456176573458
production-topology3-2-1456175422,1.0680996764341417,1.002842065703192,1456176573458
production-topology4-3-1456175428,1.0195992002844376,1.0000310250116016,1456176573458
production-topology1-4-1456175504,0.9038154312236317,1.0028543012008961,1456176573459
Running observer at: 1456176583987
production-topology2-1-1456175415,0.9673777237472654,1.006725631626889,1456176584241
production-topology3-2-1456175422,0.9252173135414663,1.0022011613397594,1456176584242
production-topology4-3-1456175428,1.0154857435743863,1.0030327905886338,1456176584242
production-topology1-4-1456175504,1.1101407285734675,1.006898123045004,1456176584242
Running observer at: 1456176594822
production-topology2-1-1456175415,1.0456568816892786,1.00868948744189,1456176595079
production-topology3-2-1456175422,0.9915247518610422,0.9990791700396023,1456176595079
production-topology4-3-1456175428,1.0231609343763073,1.0005919585813219,1456176595079
production-topology1-4-1456175504,1.0453740152090558,1.0059226461576438,1456176595080
Running observer at: 1456176605629
production-topology2-1-1456175415,1.0585001300111654,1.0128639294854132,1456176605834
production-topology3-2-1456175422,1.016566835312923,1.0021360472899743,1456176605834
production-topology4-3-1456175428,1.0435212761252544,1.0038474952546248,1456176605834
production-topology1-4-1456175504,0.9743414393250878,1.0077137869623476,1456176605834
Running observer at: 1456176616343
production-topology2-1-1456175415,1.013152125603474,1.015273071166773,1456176616565
production-topology3-2-1456175422,0.9852690328670943,0.9990613071050942,1456176616565
production-topology4-3-1456175428,1.038281082457329,1.0069877061845454,1456176616566
production-topology1-4-1456175504,1.0193415325883661,1.0061808328629434,1456176616566
Running observer at: 1456176627034
production-topology2-1-1456175415,0.9585068874259781,1.0146317603060768,1456176627218
production-topology3-2-1456175422,1.038574138215405,1.002085099366815,1456176627218
production-topology4-3-1456175428,0.9108212570464322,1.002798009564931,1456176627218
production-topology1-4-1456175504,0.9512894385496453,1.002142703160456,1456176627218
Running observer at: 1456176637786
production-topology2-1-1456175415,1.0437372611831228,1.0119409694757322,1456176638013
production-topology3-2-1456175422,0.8968960907373155,0.9998880924954677,1456176638013
production-topology4-3-1456175428,0.9908318295979557,1.0009574238192935,1456176638013
production-topology1-4-1456175504,0.9457820614546043,1.00334642945959,1456176638013
Running observer at: 1456176648479
production-topology2-1-1456175415,0.9196999236911966,1.0061187389738098,1456176648671
production-topology3-2-1456175422,1.0761392015774338,1.0012462955441268,1456176648671
production-topology4-3-1456175428,1.0185027625347267,0.9993357702105319,1456176648671
production-topology1-4-1456175504,0.9785774993726111,1.0025389990952516,1456176648671
Running observer at: 1456176659283
production-topology2-1-1456175415,1.0750575802736755,1.0096592791401162,1456176659485
production-topology3-2-1456175422,0.9968436392354514,1.0003530690261657,1456176659486
production-topology4-3-1456175428,0.9811793062175326,1.0004699324434747,1456176659486
production-topology1-4-1456175504,0.9822230416272668,0.9994476011944883,1456176659486
Running observer at: 1456176669960
production-topology2-1-1456175415,0.8960270172833792,1.0044958678584177,1456176670216
production-topology3-2-1456175422,1.0560296756833019,1.0003634054948358,1456176670216
production-topology4-3-1456175428,0.9766150732239849,1.0009531230561748,1456176670216
production-topology1-4-1456175504,1.0533333333333332,1.0051318680405674,1456176670217
Running observer at: 1456176680682
production-topology2-1-1456175415,1.045520263433386,1.0069589244817228,1456176680878
production-topology3-2-1456175422,0.9843071216611528,1.0012410767883724,1456176680879
production-topology4-3-1456175428,1.027784841119944,0.9999533408892513,1456176680879
production-topology1-4-1456175504,1.064141351535156,1.0046171351899191,1456176680879
Running observer at: 1456176691548
production-topology2-1-1456175415,1.0228008560068356,1.0109659533430295,1456176691742
production-topology3-2-1456175422,0.9575680630605532,1.001014684235985,1456176691742
production-topology4-3-1456175428,0.9706261757592045,0.9999431197774523,1456176691742
production-topology1-4-1456175504,0.8893042019304596,0.9979013776836173,1456176691743
Running observer at: 1456176702295
production-topology2-1-1456175415,0.9962447482845915,1.0038689029502779,1456176702640
production-topology3-2-1456175422,1.0435466484422338,0.9992787730339948,1456176702640
production-topology4-3-1456175428,1.0743451629002325,1.0023064105056032,1456176702640
production-topology1-4-1456175504,0.9652867268041236,0.9984674909359769,1456176702641
Running observer at: 1456176713182
production-topology2-1-1456175415,1.004804050224741,1.0093908993493153,1456176713427
production-topology3-2-1456175422,0.981901845219853,1.000692016728155,1456176713427
production-topology4-3-1456175428,0.9515337447380249,1.0012647423490548,1456176713428
production-topology1-4-1456175504,1.2562190609104145,1.0061228543582343,1456176713428
Running observer at: 1456176724012
production-topology2-1-1456175415,0.9781080701073912,1.0032894606029528,1456176724204
production-topology3-2-1456175422,1.0165972878458491,1.0020660137686126,1456176724204
production-topology4-3-1456175428,0.9824904151564744,1.0024324874807333,1456176724204
production-topology1-4-1456175504,0.9247069389331537,1.00323332177513,1456176724204
Running observer at: 1456176734750
production-topology2-1-1456175415,0.9966769944675381,1.0049335302524698,1456176734945
production-topology3-2-1456175422,0.926228756542899,0.9972976729758138,1456176734945
production-topology4-3-1456175428,1.1266104044052576,1.0060841556753541,1456176734945
production-topology1-4-1456175504,0.9820925902359195,1.001932945185833,1456176734945
Running observer at: 1456176745419
production-topology2-1-1456175415,1.1416126839419924,1.0080504630524623,1456176745713
production-topology3-2-1456175422,1.0263646862191762,1.0025052505257634,1456176745714
production-topology4-3-1456175428,0.9462226066897347,1.002516108170269,1456176745714
production-topology1-4-1456175504,1.0552194793158647,1.0038785109006203,1456176745714
Running observer at: 1456176756262
production-topology2-1-1456175415,0.8698110996043638,1.0083330867101845,1456176756458
production-topology3-2-1456175422,0.979033878016475,0.9994252682789887,1456176756458
production-topology4-3-1456175428,1.0419705501054548,1.0076273588422135,1456176756459
production-topology1-4-1456175504,0.9191475517531894,1.0026209485478124,1456176756459
Running observer at: 1456176766958
production-topology2-1-1456175415,0.9925589081392151,1.0017934610682078,1456176767203
production-topology3-2-1456175422,0.9995989780275931,1.0002157044396902,1456176767203
production-topology4-3-1456175428,0.9014923757401179,0.9992740470960245,1456176767203
production-topology1-4-1456175504,0.9611184675927826,0.9996775511490663,1456176767203
Running observer at: 1456176777689
production-topology2-1-1456175415,0.9852165065008481,1.0062331427478701,1456176777880
production-topology3-2-1456175422,0.9739959807418705,0.9994127023832113,1456176777880
production-topology4-3-1456175428,1.0769035995510778,1.0034709477375996,1456176777880
production-topology1-4-1456175504,1.1480155233384235,1.0051145465811018,1456176777881
Running observer at: 1456176788419
production-topology2-1-1456175415,0.949052066047584,1.0060336861735728,1456176788647
production-topology3-2-1456175422,0.9746571868038757,0.9954836894875101,1456176788647
production-topology4-3-1456175428,0.9741073394008788,1.0027108198772832,1456176788647
production-topology1-4-1456175504,0.9909384625492593,1.0048718434164567,1456176788647
Running observer at: 1456176799111
production-topology2-1-1456175415,1.1997546353288475,1.0074050931906557,1456176799300
production-topology3-2-1456175422,1.1262232192838768,1.0001894229148296,1456176799300
production-topology4-3-1456175428,1.0859760451607363,1.0044520224794466,1456176799301
production-topology1-4-1456175504,0.9855945975026733,1.0054414074910434,1456176799301
Running observer at: 1456176809881
production-topology2-1-1456175415,0.9936259588871301,1.0098376449962818,1456176810073
production-topology3-2-1456175422,0.9474773101817457,1.0003420309284428,1456176810074
production-topology4-3-1456175428,0.9483612666562509,1.0030451002235754,1456176810074
production-topology1-4-1456175504,0.9562477529691146,1.0016688152663165,1456176810074
Running observer at: 1456176820661
production-topology2-1-1456175415,0.9411365858999023,1.0031960255359704,1456176820931
production-topology3-2-1456175422,1.0527892943207344,1.0008735012476013,1456176820931
production-topology4-3-1456175428,1.0269809273616195,1.003606902719387,1456176820931
production-topology1-4-1456175504,1.058638441728393,1.0069972169071109,1456176820931
Running observer at: 1456176831497
production-topology2-1-1456175415,0.9043934165993968,1.0021879962749378,1456176831695
production-topology3-2-1456175422,1.0086612254709704,1.0023939441148,1456176831695
production-topology4-3-1456175428,0.9916918913975346,1.00516215756634,1456176831695
production-topology1-4-1456175504,0.965227321626587,1.0027533716627957,1456176831695
Running observer at: 1456176842381
production-topology2-1-1456175415,0.9890289713559227,1.0031577634342135,1456176842575
production-topology3-2-1456175422,0.9828426505336858,0.9988986687279044,1456176842576
production-topology4-3-1456175428,1.01318084488643,1.0035398983399881,1456176842576
production-topology1-4-1456175504,0.9843099466656566,1.0052666216385273,1456176842576
Running observer at: 1456176853196
production-topology2-1-1456175415,1.1042810465867676,1.013685165735576,1456176853389
production-topology3-2-1456175422,1.0135065775519871,0.9994613003482092,1456176853390
production-topology4-3-1456175428,1.0232510573924858,1.004393334008734,1456176853390
production-topology1-4-1456175504,1.0218511459455493,1.00585192641061,1456176853390
Running observer at: 1456176863862
production-topology2-1-1456175415,0.9470408259808953,0.9983978381008574,1456176864078
production-topology3-2-1456175422,0.9539102785992762,1.0002429133024202,1456176864078
production-topology4-3-1456175428,0.9828373146230445,1.0069076880416357,1456176864078
production-topology1-4-1456175504,0.8858029272151899,1.0015489562876783,1456176864078
Running observer at: 1456176874644
production-topology2-1-1456175415,1.1232674748742801,1.0030164709314864,1456176874835
production-topology3-2-1456175422,0.98197483362374,0.9971024444122353,1456176874836
production-topology4-3-1456175428,1.0134182702943884,1.003044529910888,1456176874836
production-topology1-4-1456175504,1.0651031124708943,1.0016286114519772,1456176874836
Running observer at: 1456176885335
production-topology2-1-1456175415,0.7957546401122442,1.000003856830083,1456176885543
production-topology3-2-1456175422,1.0163540353089533,0.9999566737640695,1456176885544
production-topology4-3-1456175428,1.0029333900342872,1.0060238896270508,1456176885544
production-topology1-4-1456175504,0.9052710859113712,0.9982818402730415,1456176885544
Running observer at: 1456176896119
production-topology2-1-1456175415,1.2400886472739354,1.006616466018878,1456176896398
production-topology3-2-1456175422,1.0070481254474655,0.9979216220645135,1456176896398
production-topology4-3-1456175428,0.9872533611647422,1.0049456949897277,1456176896398
production-topology1-4-1456175504,1.072150791591669,1.003893018951976,1456176896398
Running observer at: 1456176906928
production-topology2-1-1456175415,0.8835640294637445,1.0038226762094273,1456176907122
production-topology3-2-1456175422,1.0410813679735198,1.0017837572122485,1456176907122
production-topology4-3-1456175428,1.0136363752253184,1.004884049378092,1456176907122
production-topology1-4-1456175504,0.9611252612330197,0.9989258367072942,1456176907122
Running observer at: 1456176917578
production-topology2-1-1456175415,1.0834897778856982,1.005083772749308,1456176917779
production-topology3-2-1456175422,0.9659967328298189,1.0009328232445411,1456176917779
production-topology4-3-1456175428,0.9754006410256411,1.0032920395997365,1456176917779
production-topology1-4-1456175504,0.9370811030682898,0.9953160729692689,1456176917780
Running observer at: 1456176928276
production-topology2-1-1456175415,1.0895746206800159,1.0061195891049364,1456176928471
production-topology3-2-1456175422,0.9815682045372847,0.9997662022186866,1456176928472
production-topology4-3-1456175428,0.9628140488906886,1.0006017986919176,1456176928472
production-topology1-4-1456175504,0.9875381537700051,0.9957559634507661,1456176928472
Running observer at: 1456176938936
production-topology2-1-1456175415,0.942907278863563,1.0037780942136059,1456176939123
production-topology3-2-1456175422,1.1206160738160387,1.004277770250318,1456176939123
production-topology4-3-1456175428,1.0240404604971487,1.0001271112932448,1456176939123
production-topology1-4-1456175504,1.070863693361913,0.9974733688098845,1456176939123
Running observer at: 1456176949609
production-topology2-1-1456175415,1.0635855396375418,1.0072807159539914,1456176949805
production-topology3-2-1456175422,0.9111155922565808,1.0000291520516906,1456176949805
production-topology4-3-1456175428,0.9892122702739632,1.0027401450674958,1456176949805
production-topology1-4-1456175504,1.0981657524409667,1.002369245939595,1456176949806
Running observer at: 1456176960360
production-topology2-1-1456175415,0.9841031328762915,1.005292911677097,1456176960552
production-topology3-2-1456175422,1.0392330854315124,1.004773718541497,1456176960552
production-topology4-3-1456175428,1.1098055777469744,1.006705936672463,1456176960552
production-topology1-4-1456175504,1.0205719107579925,1.0048622409163748,1456176960553
Running observer at: 1456176971178
production-topology2-1-1456175415,0.8298070623039008,1.0022964829641872,1456176971383
production-topology3-2-1456175422,0.9794631505870736,1.0015511835084852,1456176971383
production-topology4-3-1456175428,0.9675074081966437,1.0050060915278602,1456176971383
production-topology1-4-1456175504,1.0094258647962708,1.00589051976383,1456176971384
Running observer at: 1456176981945
production-topology2-1-1456175415,1.2521090158488835,1.0081981974833607,1456176982153
production-topology3-2-1456175422,0.9796806020382482,1.0009790822685782,1456176982153
production-topology4-3-1456175428,0.9328453674526606,1.003394960235698,1456176982153
production-topology1-4-1456175504,0.8833537498298626,1.0025948767039166,1456176982154
Running observer at: 1456176992911
production-topology2-1-1456175415,0.9505098529947927,1.0100142920070745,1456176993102
production-topology3-2-1456175422,1.019967890205124,0.9997770227526389,1456176993102
production-topology4-3-1456175428,1.0265447416506182,1.0050592825165856,1456176993102
production-topology1-4-1456175504,1.0739919821470016,1.0032834983310388,1456176993102
Running observer at: 1456177003834
production-topology2-1-1456175415,0.9167262990624505,1.0057211598613767,1456177004099
production-topology3-2-1456175422,0.9805560906456876,0.9996519883854568,1456177004099
production-topology4-3-1456175428,1.0389545596461098,1.005431606467458,1456177004099
production-topology1-4-1456175504,1.0277742983625338,1.0020712632252848,1456177004100
Running observer at: 1456177014552
production-topology2-1-1456175415,1.0500911754383289,1.00663083717576,1456177014756
production-topology3-2-1456175422,1.0242471006359897,1.0018746229713045,1456177014756
production-topology4-3-1456175428,0.980017251372608,1.0057446423212382,1456177014756
production-topology1-4-1456175504,1.0683723817525839,1.008040202552689,1456177014756
Running observer at: 1456177025338
production-topology2-1-1456175415,0.9916929098858923,1.0064791092291365,1456177025530
production-topology3-2-1456175422,0.9818452742581939,0.9998179104985032,1456177025531
production-topology4-3-1456175428,0.9280795913867432,1.0008691232707885,1456177025531
production-topology1-4-1456175504,0.9208849515072034,1.0065601433761249,1456177025531
Running observer at: 1456177036008
production-topology2-1-1456175415,0.9197955467193729,1.0036454924456244,1456177036211
production-topology3-2-1456175422,0.9970239011507258,1.0003219790295321,1456177036211
production-topology4-3-1456175428,1.0815605290699275,1.0052033494151853,1456177036212
production-topology1-4-1456175504,1.054234628718793,0.9998273289697376,1456177036212
Running observer at: 1456177046736
production-topology2-1-1456175415,1.1701019341892878,1.010045287915021,1456177046966
production-topology3-2-1456175422,0.9811611100351304,0.9991407731025084,1456177046966
production-topology4-3-1456175428,1.002189016831053,1.0058599694710046,1456177046967
production-topology1-4-1456175504,0.832788699810922,0.9967633876656631,1456177046967
Running observer at: 1456177057443
production-topology2-1-1456175415,0.8264483926971326,1.0043710011893408,1456177057639
production-topology3-2-1456175422,1.070195821129054,1.0039396752553802,1456177057639
production-topology4-3-1456175428,0.9206636456643331,0.9989950775129739,1456177057639
production-topology1-4-1456175504,1.1372537150812632,1.0019354251605082,1456177057640
Running observer at: 1456177068090
production-topology2-1-1456175415,1.0533791765331793,1.0014298842757137,1456177068283
production-topology3-2-1456175422,1.0097949319345478,1.0033873501125594,1456177068283
production-topology4-3-1456175428,1.0863462049525956,1.003665864121736,1456177068283
production-topology1-4-1456175504,0.9131261562154586,0.9971989810571612,1456177068283
Running observer at: 1456177078838
production-topology2-1-1456175415,1.1319808406069012,1.0101688756424647,1456177079023
production-topology3-2-1456175422,0.9860219732924589,1.0036202866217587,1456177079023
production-topology4-3-1456175428,0.94446240144849,1.000415592499837,1456177079023
production-topology1-4-1456175504,0.9616833132054476,0.9986168397722365,1456177079023
Running observer at: 1456177089442
production-topology2-1-1456175415,0.8560137543367036,1.0056173705157145,1456177089634
production-topology3-2-1456175422,0.9885392905864465,1.0032516303737204,1456177089634
production-topology4-3-1456175428,1.004201680672269,1.0038392359975754,1456177089634
production-topology1-4-1456175504,0.9739130434782609,0.9990433256350859,1456177089635
Running observer at: 1456177100130
production-topology2-1-1456175415,1.3901904975804966,1.019116503551703,1456177100330
production-topology3-2-1456175422,0.9565631796765269,1.0026705370048756,1456177100330
production-topology4-3-1456175428,0.9865481164498955,1.0008273865608692,1456177100330
production-topology1-4-1456175504,1.1149452068001415,0.9979409817504764,1456177100330
Running observer at: 1456177110808
production-topology2-1-1456175415,0.9186439669319387,1.0181029002478479,1456177111006
production-topology3-2-1456175422,1.0565320384453316,1.0053996987262575,1456177111006
production-topology4-3-1456175428,1.099500652899357,1.0050071636774853,1456177111006
production-topology1-4-1456175504,1.1239283253161823,1.0023739771760405,1456177111006
Running observer at: 1456177121503
production-topology2-1-1456175415,1.0026003876665983,1.0115310919924396,1456177121707
production-topology3-2-1456175422,1.022115294566518,1.0019294345690122,1456177121707
production-topology4-3-1456175428,0.9197359136319876,0.9994658259598604,1456177121707
production-topology1-4-1456175504,0.888029829713961,0.99912181824975,1456177121707
Running observer at: 1456177132268
production-topology2-1-1456175415,0.93417716527671,1.009549465538759,1456177132490
production-topology3-2-1456175422,0.9691628527787424,1.0026522859889122,1456177132490
production-topology4-3-1456175428,0.982390526289389,1.0006001346142983,1456177132491
production-topology1-4-1456175504,1.0768953403928323,1.0031434044972072,1456177132491
Running observer at: 1456177143063
production-topology2-1-1456175415,0.9458062357953149,1.0097051205352727,1456177143304
production-topology3-2-1456175422,1.0247076601261011,1.0017162315157577,1456177143304
production-topology4-3-1456175428,1.026752101576045,1.0005925070881128,1456177143304
production-topology1-4-1456175504,0.9664117131091019,1.0000691802098975,1456177143304
Running observer at: 1456177154018
production-topology2-1-1456175415,1.1251539924989284,1.0170638063985904,1456177154222
production-topology3-2-1456175422,0.9851083209325397,1.00093113469781,1456177154222
production-topology4-3-1456175428,1.0500752358293681,1.0025386185691738,1456177154222
production-topology1-4-1456175504,0.9257040256936656,0.9987517370121335,1456177154222
Running observer at: 1456177164810
production-topology2-1-1456175415,0.940331469614428,1.0154405563405406,1456177165065
production-topology3-2-1456175422,1.0055090231337949,1.001686680451147,1456177165065
production-topology4-3-1456175428,1.0185837462447818,1.0027187152811188,1456177165065
production-topology1-4-1456175504,1.0939091680814939,1.0024050443926613,1456177165065
Running observer at: 1456177175540
production-topology2-1-1456175415,1.03776390351537,1.0132233182381607,1456177175730
production-topology3-2-1456175422,1.0251030673746946,1.0020732301119037,1456177175731
production-topology4-3-1456175428,0.8739429871395563,0.9977417796060212,1456177175731
production-topology1-4-1456175504,0.9507273195545776,1.0000342501796289,1456177175731
Running observer at: 1456177186313
production-topology2-1-1456175415,0.9967779507782111,1.014881222398071,1456177186511
production-topology3-2-1456175422,0.9703639236081982,1.0026216849455345,1456177186512
production-topology4-3-1456175428,1.1115421538316288,1.0020319409129739,1456177186512
production-topology1-4-1456175504,1.003568750937172,1.0039597776370284,1456177186512
Running observer at: 1456177196992
production-topology2-1-1456175415,0.9513603733704157,1.0091509856812757,1456177197212
production-topology3-2-1456175422,1.0331551728292965,1.0043276962523864,1456177197212
production-topology4-3-1456175428,0.95822555856903,1.000192183855462,1456177197213
production-topology1-4-1456175504,1.0535247567881514,1.0035738324476036,1456177197213
Running observer at: 1456177207678
production-topology2-1-1456175415,0.9875215146299482,1.015543214831866,1456177207867
production-topology3-2-1456175422,1.01565578873612,1.0043044213666252,1456177207867
production-topology4-3-1456175428,1.0451572412585999,1.001599645562939,1456177207867
production-topology1-4-1456175504,0.9966131193707672,1.0066185668962502,1456177207867
Running observer at: 1456177218330
production-topology2-1-1456175415,1.0708542883180883,1.0099020695333376,1456177218551
production-topology3-2-1456175422,1.0034863634283622,1.0041856959659883,1456177218551
production-topology4-3-1456175428,0.9266783341170491,0.9995804779946826,1456177218551
production-topology1-4-1456175504,0.9668482789806219,1.0031084831425485,1456177218551
Running observer at: 1456177229017
production-topology2-1-1456175415,0.9687285027506404,1.0127408853095674,1456177229217
production-topology3-2-1456175422,0.9613917520894266,1.0015293754365187,1456177229217
production-topology4-3-1456175428,1.0085546500641223,0.9994110871559763,1456177229217
production-topology1-4-1456175504,1.0346218739840791,1.0055583702342505,1456177229218
Running observer at: 1456177239721
production-topology2-1-1456175415,0.8703076966675459,1.005634815935629,1456177239869
production-topology3-2-1456175422,1.0831074320339629,1.0054330654099901,1456177239869
production-topology4-3-1456175428,1.009689926607997,1.0005540633420547,1456177239869
production-topology1-4-1456175504,0.935384235632188,1.0055018079863802,1456177239869
Running observer at: 1456177250227
production-topology2-1-1456175415,1.3200929664612715,1.013318760795004,1456177250371
production-topology3-2-1456175422,0.9676989469844727,1.0049707568248964,1456177250371
production-topology4-3-1456175428,0.9540860075245328,1.0002631286298496,1456177250371
production-topology1-4-1456175504,10.799999999999999,1.3325838695273802,1456177250371
Running observer at: 1456177260762
production-topology2-1-1456175415,1.0,1.015221851499552,1456177260896
production-topology3-2-1456175422,0.9937063415124925,1.0007404324147782,1456177260896
production-topology4-3-1456175428,1.0051846683640162,0.9996346022254118,1456177260896
production-topology1-4-1456175504,1.0,1.3302217464153163,1456177260896
