Running observer at: 1456163372588
production-topology1-1-1456163372,0.0,0.0,1456163372684
Running observer at: 1456163378753
production-topology2-2-1456163378,0.0,0.0,1456163378875
production-topology1-1-1456163372,0.0,0.0,1456163378876
Running observer at: 1456163382024
production-topology2-2-1456163378,0.0,0.0,1456163382150
production-topology1-1-1456163372,0.0,0.0,1456163382150
Running observer at: 1456163385481
production-topology2-2-1456163378,0.0,0.0,1456163385689
production-topology3-3-1456163385,0.0,0.0,1456163385690
production-topology1-1-1456163372,0.0,0.0,1456163385690
Running observer at: 1456163392472
production-topology2-2-1456163378,0.0,0.0,1456163392705
production-topology3-3-1456163385,0.0,0.0,1456163392706
production-topology1-1-1456163372,0.0,0.0,1456163392706
production-topology4-4-1456163392,0.0,0.0,1456163392707
Running observer at: 1456163393493
production-topology2-2-1456163378,0.0,0.0,1456163393741
production-topology3-3-1456163385,0.0,0.0,1456163393741
production-topology1-1-1456163372,0.0,0.0,1456163393741
production-topology4-4-1456163392,0.0,0.0,1456163393742
Running observer at: 1456163404385
production-topology2-2-1456163378,0.15124238427005596,0.025207064045009327,1456163404673
production-topology3-3-1456163385,0.0,0.0,1456163404673
production-topology1-1-1456163372,0.06887755102040817,0.009839650145772596,1456163404673
production-topology4-4-1456163392,0.0,0.0,1456163404673
Running observer at: 1456163415306
production-topology2-2-1456163378,1.3036412273583735,0.2078405159469185,1456163415590
production-topology3-3-1456163385,1.0164447924220938,0.20328895848441877,1456163415590
production-topology1-1-1456163372,1.1917751896284994,0.15758159258111346,1456163415591
production-topology4-4-1456163392,0.0,0.0,1456163415591
Running observer at: 1456163426300
production-topology2-2-1456163378,1.0370243999206508,0.31148850144363505,1456163426622
production-topology3-3-1456163385,1.0584734182962388,0.3458197017863888,1456163426622
production-topology1-1-1456163372,1.232775700172192,0.2770476045356777,1456163426623
production-topology4-4-1456163392,0.5127940241576605,0.1025588048315321,1456163426623
Running observer at: 1456163437369
production-topology2-2-1456163378,1.156240507711318,0.40534983547337755,1456163437682
production-topology3-3-1456163385,1.0217306574777285,0.4423784097422945,1456163437682
production-topology1-1-1456163372,0.9331214303325842,0.34265498711536835,1456163437683
production-topology4-4-1456163392,0.7315743528137291,0.2073947294952316,1456163437683
Running observer at: 1456163448385
production-topology2-2-1456163378,0.9519851504581299,0.4600133669718528,1456163448662
production-topology3-3-1456163385,1.044635651282555,0.517660564934827,1456163448662
production-topology1-1-1456163372,1.1128458971999888,0.41267234257760654,1456163448662
production-topology4-4-1456163392,1.0471520298864665,0.32736005812255087,1456163448663
Running observer at: 1456163459270
production-topology2-2-1456163378,1.0921058597988744,0.5174763208652184,1456163459492
production-topology3-3-1456163385,0.8698982383192909,0.5567980841997674,1456163459492
production-topology1-1-1456163372,0.8703340448865149,0.4508108177700156,1456163459492
production-topology4-4-1456163392,0.9062601776920423,0.39972257306873726,1456163459493
Running observer at: 1456163470159
production-topology2-2-1456163378,0.9550600160797991,0.5539416287997668,1456163470410
production-topology3-3-1456163385,1.1716242689561052,0.6182807026754011,1456163470410
production-topology1-1-1456163372,1.0807179075555946,0.4992652092919832,1456163470411
production-topology4-4-1456163392,1.0948247166492109,0.4769561445776788,1456163470411
Running observer at: 1456163481087
production-topology2-2-1456163378,1.0427549194991055,0.5915426511612545,1456163481374
production-topology3-3-1456163385,0.9304372751902503,0.6466585729040238,1456163481374
production-topology1-1-1456163372,1.073141510660967,0.5402563736754821,1456163481375
production-topology4-4-1456163392,0.9970338872224211,0.528963918842153,1456163481375
Running observer at: 1456163492014
production-topology2-2-1456163378,0.9457971209545687,0.6168465418607768,1456163492279
production-topology3-3-1456163385,1.033286523569387,0.678877568792804,1456163492279
production-topology1-1-1456163372,1.02903981364189,0.5728419363399093,1456163492280
production-topology4-4-1456163392,1.1821314306297146,0.5883427835501132,1456163492280
Running observer at: 1456163502919
production-topology2-2-1456163378,0.994722852652747,0.6420382959135748,1456163503162
production-topology3-3-1456163385,0.990300756522411,0.7028331986181584,1456163503162
production-topology1-1-1456163372,0.9837758112094397,0.598525303519255,1456163503162
production-topology4-4-1456163392,1.0934271965810174,0.6304331513026885,1456163503163
Running observer at: 1456163513756
production-topology2-2-1456163378,1.0875410682534594,0.6698822191848176,1456163514023
production-topology3-3-1456163385,1.0849889844099971,0.7301300404604325,1456163514023
production-topology1-1-1456163372,0.875489635466481,0.6148173230455625,1456163514024
production-topology4-4-1456163392,1.0381178906606217,0.6617935158686834,1456163514024
Running observer at: 1456163524626
production-topology2-2-1456163378,1.0236925188743993,0.690694589754793,1456163524820
production-topology3-3-1456163385,0.941743486383518,0.7442376035219715,1456163524820
production-topology1-1-1456163372,1.006253680637716,0.6365637873562376,1456163524820
production-topology4-4-1456163392,0.9721724994038823,0.6839634432640548,1456163524820
Running observer at: 1456163535340
production-topology2-2-1456163378,0.9831179680803743,0.7069403329951032,1456163535556
production-topology3-3-1456163385,0.9808021117260478,0.7590228852847263,1456163535556
production-topology1-1-1456163372,0.9731531141859471,0.6542790150841171,1456163535557
production-topology4-4-1456163392,1.086393711509769,0.7107921278137691,1456163535557
Running observer at: 1456163546180
production-topology2-2-1456163378,0.872119524407487,0.7156339746483865,1456163546387
production-topology3-3-1456163385,1.0129209215054424,0.7739580638859449,1456163546387
production-topology1-1-1456163372,1.0103032592935772,0.6720802272945902,1456163546387
production-topology4-4-1456163392,0.8414618586690752,0.7189589859922256,1456163546388
Running observer at: 1456163556960
production-topology2-2-1456163378,0.9505224015986827,0.7273783959959014,1456163557183
production-topology3-3-1456163385,1.0496270176274312,0.7892730057604719,1456163557183
production-topology1-1-1456163372,1.034782538307741,0.6893517659142641,1456163557183
production-topology4-4-1456163392,1.0833078059612946,0.7403912695198178,1456163557183
Running observer at: 1456163567806
production-topology2-2-1456163378,1.2578181129260688,0.7526374301354332,1456163568016
production-topology3-3-1456163385,1.0181221005599794,0.801317694960446,1456163568016
production-topology1-1-1456163372,1.0705882352941176,0.706680696340621,1456163568017
production-topology4-4-1456163392,1.0158065433444219,0.7556921180656292,1456163568017
Running observer at: 1456163578677
production-topology2-2-1456163378,0.9043253329145651,0.7595323348072118,1456163578926
production-topology3-3-1456163385,0.9073365416026187,0.8066186372925547,1456163578926
production-topology1-1-1456163372,0.9649417464037545,0.7179094376477139,1456163578927
production-topology4-4-1456163392,1.0204971380031855,0.7696292243781322,1456163578927
Running observer at: 1456163589451
production-topology2-2-1456163378,1.1190084553871007,0.7751617313541636,1456163589711
production-topology3-3-1456163385,1.0281966961358564,0.8171699734279501,1456163589711
production-topology1-1-1456163372,0.979879462334631,0.728824855343002,1456163589711
production-topology4-4-1456163392,0.9499260295133679,0.778644064634894,1456163589712
Running observer at: 1456163600332
production-topology2-2-1456163378,0.9987526728439058,0.7844780205829028,1456163600556
production-topology3-3-1456163385,1.0706717573680002,0.8286927817888614,1456163600557
production-topology1-1-1456163372,1.0213476198199658,0.7405257659220805,1456163600557
production-topology4-4-1456163392,1.082851501237647,0.7931301330445489,1456163600557
Running observer at: 1456163611109
production-topology2-2-1456163378,1.053423676012461,0.7952358468000851,1456163611329
production-topology3-3-1456163385,0.9991998350437551,0.8361061319303785,1456163611329
production-topology1-1-1456163372,0.9223663549483286,0.7475196347307823,1456163611329
production-topology4-4-1456163392,0.9347262313860252,0.7995663193327979,1456163611330
Running observer at: 1456163621924
production-topology2-2-1456163378,0.8698653255476424,0.7981062113672989,1456163622126
production-topology3-3-1456163385,0.9839093655617004,0.8422645999983502,1456163622126
production-topology1-1-1456163372,1.0263938228083365,0.7578483083632844,1456163622126
production-topology4-4-1456163392,0.9756950865731586,0.8072240918215092,1456163622127
Running observer at: 1456163632617
production-topology2-2-1456163378,0.9600346914426293,0.8041035624812,1456163632903
production-topology3-3-1456163385,1.0191096554114067,0.8493384022148724,1456163632903
production-topology1-1-1456163372,1.0517374829961104,0.7683443503144567,1456163632903
production-topology4-4-1456163392,0.9858006646054648,0.8146647823541739,1456163632904
Running observer at: 1456163643503
production-topology2-2-1456163378,1.0032651161429726,0.8112164751119776,1456163643766
production-topology3-3-1456163385,0.9266292087050283,0.8523111255414169,1456163643766
production-topology1-1-1456163372,0.9758823730786346,0.775500833858049,1456163643766
production-topology4-4-1456163392,1.004913070105267,0.8222747138642177,1456163643766
Running observer at: 1456163654351
production-topology2-2-1456163378,1.0300977686500954,0.8187641059236368,1456163654579
production-topology3-3-1456163385,1.0971859369006403,0.8613805629991659,1456163654579
production-topology1-1-1456163372,0.9207885053935975,0.7803437562425674,1456163654579
production-topology4-4-1456163392,0.9986752066740598,0.8290593482030578,1456163654580
Running observer at: 1456163665094
production-topology2-2-1456163378,0.9938783998842593,0.8246012490556576,1456163665361
production-topology3-3-1456163385,0.9302063825451647,0.8638386279829515,1456163665361
production-topology1-1-1456163372,1.1366112655810534,0.8182307984286025,1456163665361
production-topology4-4-1456163392,1.063571267303114,0.8377449748363932,1456163665361
Running observer at: 1456163675922
production-topology2-2-1456163378,1.1822676300993926,0.8640101700589706,1456163676133
production-topology3-3-1456163385,0.9654675668570175,0.8673430741510229,1456163676133
production-topology1-1-1456163372,0.9347028512017242,0.8493875601353266,1456163676134
production-topology4-4-1456163392,0.966003396035233,0.8423256327363519,1456163676134
Running observer at: 1456163686705
production-topology2-2-1456163378,0.9481423235954121,0.8956149141788178,1456163686895
production-topology3-3-1456163385,1.1162353690227111,0.8756394839800791,1456163686896
production-topology1-1-1456163372,1.059837914656483,0.884715490623876,1456163686896
production-topology4-4-1456163392,1.0688774791897646,0.8501377653726765,1456163686896
/var/nimbus/storm/bin/storm rebalance production-topology3 -e spout_head=11
1456163687330
/var/nimbus/storm/bin/storm rebalance production-topology2 -e spout_head=9
Running observer at: 1456163697522
production-topology2-2-1456163378,1.0025164585282649,1.0025164585282649,1456163697676
production-topology3-3-1456163385,1.0006488198558938,1.0006488198558938,1456163697676
production-topology1-1-1456163372,0.9162034637732935,0.9152556060829858,1456163697677
production-topology4-4-1456163392,1.0185749450772543,0.8557523380294957,1456163697677
/var/nimbus/storm/bin/storm rebalance production-topology1 -e spout_head=11
1456163697910
/var/nimbus/storm/bin/storm rebalance production-topology4 -e bolt_output_1=9
Running observer at: 1456163708120
production-topology2-2-1456163378,0.06666666666666667,0.5345915625974658,1456163708273
production-topology3-3-1456163385,2.3071428571428574,1.6538958384993756,1456163708273
production-topology1-1-1456163372,0.9946435516081371,0.9946435516081371,1456163708273
production-topology4-4-1456163392,0.9973010333382375,0.9973010333382375,1456163708273
Running observer at: 1456163718975
production-topology2-2-1456163378,1.0,0.6897277083983105,1456163719191
production-topology3-3-1456163385,2.0,1.7692638923329171,1456163719191
production-topology1-1-1456163372,5.833333333333334,3.4139884424707354,1456163719191
production-topology4-4-1456163392,2.144742063492064,1.5710215484151506,1456163719192
Running observer at: 1456163725451
production-topology2-2-1456163378,1.0,0.7672957812987329,1456163725644
production-topology3-3-1456163385,2.0,1.8269479192496878,1456163725644
production-topology1-1-1456163372,1.0,2.6093256283138238,1456163725644
production-topology4-4-1456163392,2.0,1.7140143656101003,1456163725644
Running observer at: 1456163726248
production-topology2-2-1456163378,1.0005720223051067,0.8139510295000075,1456163726498
production-topology3-3-1456163385,2.0,1.86155833539975,1456163726499
production-topology1-1-1456163372,1.0,2.2069942212353677,1456163726499
production-topology4-4-1456163392,2.0,1.7855107742075753,1456163726499
Running observer at: 1456163729740
production-topology2-2-1456163378,1.0005720223051067,0.8450545283008575,1456163729957
production-topology3-3-1456163385,1.3438708889222475,1.7752770943201661,1456163729957
production-topology1-1-1456163372,1.0,1.9655953769882941,1456163729957
production-topology4-4-1456163392,2.0,1.8284086193660603,1456163729958
Running observer at: 1456163736379
production-topology2-2-1456163378,1.0005720223051067,0.8672713131586074,1456163736561
production-topology3-3-1456163385,1.3438708889222475,1.7136476364061777,1456163736562
production-topology1-1-1456163372,1.0,1.8046628141569119,1456163736562
production-topology4-4-1456163392,2.0,1.8570071828050503,1456163736562
Running observer at: 1456163737080
production-topology2-2-1456163378,769723.7333333334,96216.22552906569,1456163737255
production-topology3-3-1456163385,1.3438708889222475,1.6674255429706863,1456163737255
production-topology1-1-1456163372,1.0,1.6897109835630673,1456163737255
production-topology4-4-1456163392,2.0,1.8774347281186146,1456163737256
Running observer at: 1456163740473
production-topology2-2-1456163378,14137.782857142854,87096.39856551871,1456163740640
production-topology3-3-1456163385,1.3438708889222475,1.631475025854193,1456163740641
production-topology1-1-1456163372,1.0076923937946396,1.6044586598420139,1456163740641
production-topology4-4-1456163392,0.0,1.6427553871037877,1456163740641
Running observer at: 1456163751248
production-topology2-2-1456163378,1.5632676294651997,78386.91503572979,1456163751435
production-topology3-3-1456163385,0.24946524064171124,1.4932740473329449,1456163751435
production-topology1-1-1456163372,0.5623707277256972,1.4886711118290898,1456163751435
production-topology4-4-1456163392,2.0,1.6824492329811447,1456163751435
Running observer at: 1456163761939
production-topology2-2-1456163378,1.1168364231227,71260.93338124736,1456163762147
production-topology3-3-1456163385,1.228479103635213,1.4692017797240602,1456163762147
production-topology1-1-1456163372,0.9647274598924357,1.4362767466354245,1456163762147
production-topology4-4-1456163392,2.0,1.71420430968303,1456163762147
Running observer at: 1456163772702
production-topology2-2-1456163378,1.0845298920480058,65322.61264363443,1456163772912
production-topology3-3-1456163385,1.0719200348523055,1.4360949676514139,1456163772912
production-topology1-1-1456163372,0.870231223337446,1.3848180626992446,1456163772912
production-topology4-4-1456163392,0.4941043571812803,1.603286132182871,1456163772912
Running observer at: 1456163783443
production-topology2-2-1456163378,0.9342291507480663,60297.868150212606,1456163783685
production-topology3-3-1456163385,0.979348491072566,1.400960623299195,1456163783685
production-topology1-1-1456163372,1.1153380635012267,1.3623613960994099,1456163783685
production-topology4-4-1456163392,0.7720612720612722,1.5340173938394044,1456163783686
Running observer at: 1456163794214
production-topology2-2-1456163378,1.0239402997999936,55990.9507066474,1456163794423
production-topology3-3-1456163385,0.9817459225748802,1.371016716104601,1456163794423
production-topology1-1-1456163372,1.0171062451884372,1.3358033075677964,1456163794424
production-topology4-4-1456163392,0.8543289425493947,1.481733666817096,1456163794424
Running observer at: 1456163804925
production-topology2-2-1456163378,0.9314228833077561,52258.28275439646,1456163805126
production-topology3-3-1456163385,1.1392615456882873,1.3555663714101802,1456163805126
production-topology1-1-1456163372,1.0547482131301695,1.3157279436793945,1456163805127
production-topology4-4-1456163392,0.9832399711384991,1.4461269742686247,1456163805127
Running observer at: 1456163815608
production-topology2-2-1456163378,0.9879019182961291,48992.20182611657,1456163815808
production-topology3-3-1456163385,0.9627965791860631,1.3310182593961728,1456163815808
production-topology1-1-1456163372,0.916475126022235,1.289111089168917,1456163815808
production-topology4-4-1456163392,1.2333238433719824,1.4319400988755153,1456163815809
Running observer at: 1456163826302
production-topology2-2-1456163378,1.1858688675201638,46110.3773580431,1456163826490
production-topology3-3-1456163385,1.0085841547846681,1.312051547360202,1456163826490
production-topology1-1-1456163372,0.9914016854538008,1.2705042514367224,1456163826490
production-topology4-4-1456163392,1.0929179894179892,1.41075121703442,1456163826490
Running observer at: 1456163836905
production-topology2-2-1456163378,0.7705645161290321,43548.73253618049,1456163837085
production-topology3-3-1456163385,0.9861869747899159,1.293947959995186,1456163837085
production-topology1-1-1456163372,1.1585713005095464,1.263919960205712,1456163837085
production-topology4-4-1456163392,0.9728482578534449,1.3849922194355393,1456163837086
Running observer at: 1456163847570
production-topology2-2-1456163378,0.9981626339848675,41256.74651652014,1456163847743
production-topology3-3-1456163385,0.9492102310759679,1.2758038689994375,1456163847743
production-topology1-1-1456163372,0.8677980996320096,1.2419131901738396,1456163847743
production-topology4-4-1456163392,1.1367180910047092,1.3711992123004932,1456163847743
Running observer at: 1456163858230
production-topology2-2-1456163378,1.049683238548447,39193.961674856066,1456163858416
production-topology3-3-1456163385,1.0156417084604104,1.2627957609724862,1456163858416
production-topology1-1-1456163372,1.1731505174248769,1.2382941021344205,1456163858416
production-topology4-4-1456163392,1.0012045406437147,1.3517258085290837,1456163858416
Running observer at: 1456163869034
production-topology2-2-1456163378,1.1610377886444514,37327.63783499571,1456163869263
production-topology3-3-1456163385,1.0336442832382822,1.251883785842286,1456163869263
production-topology1-1-1456163372,0.9025531559833395,1.2215070548268665,1456163869263
production-topology4-4-1456163392,1.0617860588654646,1.337228821045903,1456163869264
Running observer at: 1456163879852
production-topology2-2-1456163378,0.9155958890088028,35630.96864230904,1456163880120
production-topology3-3-1456163385,0.9686932872059391,1.2390114904497247,1456163880121
production-topology1-1-1456163372,0.9588155027178744,1.2089979332978669,1456163880121
production-topology4-4-1456163392,0.9116068941567155,1.3169611102416559,1456163880121
Running observer at: 1456163890763
production-topology2-2-1456163378,0.9399274380804954,34081.83695905378,1456163891017
production-topology3-3-1456163385,1.002931180178151,1.2287471291335694,1456163891017
production-topology1-1-1456163372,1.1136476805790478,1.2046638309015572,1456163891017
production-topology4-4-1456163392,1.0110897822668896,1.3030578680609848,1456163891017
Running observer at: 1456163901538
production-topology2-2-1456163378,0.9856460945824111,32661.801487680477,1456163901782
production-topology3-3-1456163385,1.0327490793858898,1.2205805437274162,1456163901782
production-topology1-1-1456163372,0.8118101992727176,1.1875832382220424,1456163901782
production-topology4-4-1456163392,0.9778668004273539,1.2889191259899573,1456163901782
Running observer at: 1456163912277
production-topology2-2-1456163378,0.9504946725007517,31355.367447960158,1456163912477
production-topology3-3-1456163385,0.9633051507020902,1.2102895280064032,1456163912477
production-topology1-1-1456163372,1.1412442396313365,1.1856524466140963,1456163912477
production-topology4-4-1456163392,0.9807537274056852,1.276078901048946,1456163912477
Running observer at: 1456163922963
production-topology2-2-1456163378,1.1357790362642823,30149.43546069385,1456163923166
production-topology3-3-1456163385,1.088998992726713,1.2056245074187226,1456163923166
production-topology1-1-1456163372,1.027810436679489,1.1793387662167119,1456163923166
production-topology4-4-1456163392,1.0609924528301886,1.2674754431201956,1456163923166
Running observer at: 1456163933619
production-topology2-2-1456163378,1.0826342636787243,29032.829800455696,1456163933811
production-topology3-3-1456163385,0.9209647049706241,1.1950815517724966,1456163933811
production-topology1-1-1456163372,1.0232041141189465,1.1733335872898747,1456163933811
production-topology4-4-1456163392,0.9760465373334599,1.256266639051475,1456163933811
Running observer at: 1456163944298
production-topology2-2-1456163378,0.8645344125289967,27995.97389809701,1456163944505
production-topology3-3-1456163385,1.0172661664558882,1.1887310022969035,1456163944506
production-topology1-1-1456163372,1.028091367574941,1.1679542458189514,1456163944506
production-topology4-4-1456163392,0.9938684774257693,1.2465481886208933,1456163944506
Running observer at: 1456163954983
production-topology2-2-1456163378,1.0377536885155787,27030.631272427752,1456163955163
production-topology3-3-1456163385,0.9791756807474472,1.1815049567262326,1456163955163
production-topology1-1-1456163372,1.0653180688033945,1.1642886680683957,1456163955163
production-topology4-4-1456163392,1.1063546217763098,1.2415412755193012,1456163955164
Running observer at: 1456163965680
production-topology2-2-1456163378,1.0317617913552874,26129.644622073207,1456163965879
production-topology3-3-1456163385,1.0397844672305947,1.1767809404097114,1456163965879
production-topology1-1-1456163372,0.8743045733144742,1.154289216525157,1456163965879
production-topology4-4-1456163392,0.9626473035607739,1.2319242420034897,1456163965879
Running observer at: 1456163976352
production-topology2-2-1456163378,1.1060620089359703,26129.64807359155,1456163976544
production-topology3-3-1456163385,1.0043471592271707,1.1769042183887541,1456163976544
production-topology1-1-1456163372,1.0147773788555257,1.1496388219361693,1456163976544
production-topology4-4-1456163392,1.0445099703378957,1.2256770996146367,1456163976544
Running observer at: 1456163987021
production-topology2-2-1456163378,1.0275943621125136,26129.680104514737,1456163987218
production-topology3-3-1456163385,0.9631065497224593,1.1321030081414076,1456163987218
production-topology1-1-1456163372,0.9987287509238728,1.149774995246694,1456163987218
production-topology4-4-1456163392,0.9645522225671809,1.2245854725889347,1456163987218
Running observer at: 1456163997725
production-topology2-2-1456163378,0.9717746391132329,26129.67916366937,1456163997990
production-topology3-3-1456163385,1.0272490362604667,1.0996779760167563,1456163997990
production-topology1-1-1456163372,1.0604584326128517,0.9906791652226781,1456163997990
production-topology4-4-1456163392,0.9144069127476206,1.1835743008974535,1456163997991
Running observer at: 1456164008539
production-topology2-2-1456163378,0.9920470100473436,26129.678898569706,1456164008730
production-topology3-3-1456163385,1.044385623071903,1.0678241634524863,1456164008730
production-topology1-1-1456163372,1.038894400151722,0.9919756452277352,1456164008730
production-topology4-4-1456163392,1.1439364784576735,1.155038850179376,1456164008731
Running observer at: 1456164019327
production-topology2-2-1456163378,0.8897860397861097,26129.675205703617,1456164019644
production-topology3-3-1456163385,0.9841671973020343,1.033963070029221,1456164019645
production-topology1-1-1456163372,0.8987030018553209,0.9885990786229126,1456164019645
production-topology4-4-1456163392,0.9527048921871599,1.120129013252281,1456164019645
Running observer at: 1456164030199
production-topology2-2-1456163378,1.0828644501278772,26129.67794878455,1456164030439
production-topology3-3-1456163385,1.0334331473299008,1.0236151453094762,1456164030439
production-topology1-1-1456163372,0.9710532058742983,0.9876341854853892,1456164030440
production-topology4-4-1456163392,1.0330387205387206,1.0878969706035717,1456164030440
Running observer at: 1456164041008
production-topology2-2-1456163378,1.121116599849794,26129.681966937136,1456164041214
production-topology3-3-1456163385,0.980683673644545,1.0115089048002195,1456164041214
production-topology1-1-1456163372,1.0999087868653084,0.9909644783808995,1456164041214
production-topology4-4-1456163392,0.9997879604832849,1.0545565692863477,1456164041214
Running observer at: 1456164051688
production-topology2-2-1456163378,0.9461453128407398,472.25572733646,1456164051894
production-topology3-3-1456163385,0.9116505857502879,0.9971015613611541,1456164051894
production-topology1-1-1456163372,0.900960433259403,0.9876631594895461,1456164051894
production-topology4-4-1456163392,1.0140363881401617,1.0216911155576864,1456164051895
Running observer at: 1456164062368
production-topology2-2-1456163378,1.0114761173473639,1.0300146356097029,1456164062573
production-topology3-3-1456163385,1.0536357242648329,0.9874270558725737,1456164062574
production-topology1-1-1456163372,1.0158701841712292,0.9879357525020993,1456164062574
production-topology4-4-1456163392,0.9886276866618471,1.054645371779748,1456164062574
Running observer at: 1456164073051
production-topology2-2-1456163378,0.8683194552814887,1.006849696470246,1456164073265
production-topology3-3-1456163385,0.9356373237350397,1.0102994586423513,1456164073265
production-topology1-1-1456163372,1.2569976901748598,1.011089984583738,1456164073266
production-topology4-4-1456163392,0.9579694817546647,1.0199110211715703,1456164073266
Running observer at: 1456164083787
production-topology2-2-1456163378,0.8693790387442104,0.998601116990963,1456164083978
production-topology3-3-1456163385,1.0213684186964973,1.003395769144394,1456164083979
production-topology1-1-1456163372,0.8359478847598685,1.006797332079319,1456164083979
production-topology4-4-1456163392,1.0615304266267684,0.988628702059129,1456164083979
Running observer at: 1456164094455
production-topology2-2-1456163378,1.0749169880504281,0.9982806868577103,1456164094687
production-topology3-3-1456163385,1.1247909981289883,1.00515813458695,1456164094687
production-topology1-1-1456163372,1.0899725887677694,1.0141220442603298,1456164094687
production-topology4-4-1456163392,0.9826176862969318,1.0049124796963176,1456164094687
Running observer at: 1456164105254
production-topology2-2-1456163378,1.1295277789471152,1.004790641131012,1456164105457
production-topology3-3-1456163385,0.9611943872219623,1.00455299779193,1456164105457
production-topology1-1-1456163372,0.9811372470846207,1.0096486837131098,1456164105457
production-topology4-4-1456163392,1.0201257244626902,1.0131812947763648,1456164105457
Running observer at: 1456164115923
production-topology2-2-1456163378,0.9730868342653223,1.0030955256131897,1456164116149
production-topology3-3-1456163385,0.9354221527534818,1.0030088721312167,1456164116149
production-topology1-1-1456163372,0.9235459910557959,1.006530008575355,1456164116149
production-topology4-4-1456163392,0.9739761441101957,1.0171695348283916,1456164116149
Running observer at: 1456164126641
production-topology2-2-1456163378,0.9770042746982769,1.0046149053262072,1456164126841
production-topology3-3-1456163385,1.1116067360126836,1.0020870451420298,1456164126841
production-topology1-1-1456163372,1.141420355816641,1.0094190799982374,1456164126842
production-topology4-4-1456163392,1.0406671314817908,1.019083773506501,1456164126842
Running observer at: 1456164137422
production-topology2-2-1456163378,1.0867270531400965,1.0079090764876726,1456164137630
production-topology3-3-1456163385,0.9233262723179089,1.0007713682464248,1456164137630
production-topology1-1-1456163372,0.9433556096682586,1.0103150961197715,1456164137630
production-topology4-4-1456163392,0.9617076841458494,1.0100299015322967,1456164137630
Running observer at: 1456164148257
production-topology2-2-1456163378,1.0344061341032598,1.0028603187071092,1456164148578
production-topology3-3-1456163385,0.9770145117053617,0.9997190468104479,1456164148579
production-topology1-1-1456163372,1.019345050021427,1.011246541605359,1456164148579
production-topology4-4-1456163392,1.1059869633745625,1.010465533997516,1456164148579
Running observer at: 1456164159211
production-topology2-2-1456163378,0.9416117722139039,1.0085618939099386,1456164159437
production-topology3-3-1456163385,1.024228483766945,1.0009870971096821,1456164159437
production-topology1-1-1456163372,0.9298980848692742,1.0036241010840166,1456164159437
production-topology4-4-1456163392,0.9155129135688503,1.008554355854696,1456164159437
Running observer at: 1456164169988
production-topology2-2-1456163378,0.9874925237581264,1.008206223569047,1456164170192
production-topology3-3-1456163385,1.0159220433351346,1.0032108241849877,1456164170193
production-topology1-1-1456163372,1.0638396583931509,1.010158819709388,1456164170193
production-topology4-4-1456163392,1.0005182873653247,1.00401436240005,1456164170193
Running observer at: 1456164180711
production-topology2-2-1456163378,1.0459036480089112,1.008080237217729,1456164180914
production-topology3-3-1456163385,0.9288000962096874,1.0003161037766302,1456164180914
production-topology1-1-1456163372,1.0915867988568744,1.0074400290904546,1456164180914
production-topology4-4-1456163392,1.027490765698313,1.00489056990187,1456164180915
Running observer at: 1456164191354
production-topology2-2-1456163378,0.8468599051157183,0.9976076411001046,1456164191558
production-topology3-3-1456163385,1.1171260523584363,1.0030988294139687,1456164191558
production-topology1-1-1456163372,0.9316310256159879,1.0084092914115428,1456164191558
production-topology4-4-1456163392,1.0542472834926229,1.0046392773894417,1456164191559
Running observer at: 1456164202004
production-topology2-2-1456163378,1.352586958297625,1.0121740100763987,1456164202198
production-topology3-3-1456163385,0.8920701109199621,1.0005447235377696,1456164202198
production-topology1-1-1456163372,1.0094001639718237,1.0100954467866743,1456164202199
production-topology4-4-1456163392,1.0002465042596984,1.0075939310595412,1456164202199
Running observer at: 1456164212779
production-topology2-2-1456163378,0.8810456690599924,1.0102112844423818,1456164212970
production-topology3-3-1456163385,1.1234025230890072,1.0045604349681314,1456164212970
production-topology1-1-1456163372,1.007172103736916,1.0065462608919367,1456164212970
production-topology4-4-1456163392,0.9875870588058321,1.0068105069441726,1456164212970
Running observer at: 1456164223524
production-topology2-2-1456163378,0.9411178376748974,1.0087270092121314,1456164223728
production-topology3-3-1456163385,0.9866257979976121,1.003022992255189,1456164223728
production-topology1-1-1456163372,0.9722837702789449,1.0118953799254777,1456164223728
production-topology4-4-1456163392,0.9814956682159397,1.0069314692037923,1456164223729
Running observer at: 1456164234266
production-topology2-2-1456163378,1.0688746684205743,1.0126730090761256,1456164234478
production-topology3-3-1456163385,0.9585038801083116,1.002862949902063,1456164234478
production-topology1-1-1456163372,1.0272053734988806,1.008094084387729,1456164234479
production-topology4-4-1456163392,0.9558102987542633,1.0061000215820781,1456164234479
Running observer at: 1456164244959
production-topology2-2-1456163378,0.9002154598177048,1.0048208898612394,1456164245161
production-topology3-3-1456163385,0.99319670660026,0.9996695403645144,1456164245161
production-topology1-1-1456163372,1.0874680764395273,1.0100826723797305,1456164245161
production-topology4-4-1456163392,1.061258632307356,1.0061088942313172,1456164245161
Running observer at: 1456164255736
production-topology2-2-1456163378,1.0274105145151102,1.0029800982224524,1456164255931
production-topology3-3-1456163385,1.0000276047000571,1.0023049703554956,1456164255931
production-topology1-1-1456163372,0.8271078068711984,1.0035461288048055,1456164255931
production-topology4-4-1456163392,1.0611101651066588,1.0089443484904237,1456164255931
Running observer at: 1456164266629
production-topology2-2-1456163378,0.9899326342988315,1.0071600389481137,1456164266876
production-topology3-3-1456163385,1.0081472333355426,1.0020010059181506,1456164266876
production-topology1-1-1456163372,1.1939005757649443,1.009073102411139,1456164266876
production-topology4-4-1456163392,0.9315484390715326,1.0068670138786158,1456164266876
Running observer at: 1456164277537
production-topology2-2-1456163378,1.14904808945739,1.0108698523128405,1456164277738
production-topology3-3-1456163385,1.0622089743971368,1.0047687823731404,1456164277739
production-topology1-1-1456163372,0.91195373775161,1.003960958042746,1456164277739
production-topology4-4-1456163392,0.952612812958001,1.0017422869180055,1456164277739
Running observer at: 1456164288217
production-topology2-2-1456163378,0.8481410001123264,1.0047491592714086,1456164288485
production-topology3-3-1456163385,0.9307489975166807,1.00113426671601,1456164288485
production-topology1-1-1456163372,0.8700573332754983,1.00381938337478,1456164288485
production-topology4-4-1456163392,0.9921073387649777,1.002724288091479,1456164288485
Running observer at: 1456164298950
production-topology2-2-1456163378,1.1376065913736433,1.0058006453526642,1456164299152
production-topology3-3-1456163385,1.018124757770441,1.0015935200007855,1456164299152
production-topology1-1-1456163372,1.0861963636363634,1.006200016200808,1456164299152
production-topology4-4-1456163392,1.1158776842837268,1.0051032118896734,1456164299152
Running observer at: 1456164309649
production-topology2-2-1456163378,0.8523892183466691,0.9999604738938028,1456164309922
production-topology3-3-1456163385,1.0048585473447786,1.0029852532548629,1456164309922
production-topology1-1-1456163372,1.0095969475234854,1.006562289420795,1456164309922
production-topology4-4-1456163392,1.0103758670909193,1.0066306667071314,1456164309922
Running observer at: 1456164320446
production-topology2-2-1456163378,1.2148318224180295,1.0080623800039628,1456164320644
production-topology3-3-1456163385,1.0181796977314121,1.002682941970561,1456164320644
production-topology1-1-1456163372,1.0373898149308602,1.0057933354980622,1456164320644
production-topology4-4-1456163392,0.986468125737257,1.0090327071401193,1456164320644
Running observer at: 1456164331102
production-topology2-2-1456163378,0.9244611683107168,1.005809518612742,1456164331357
production-topology3-3-1456163385,0.9560239385010201,0.9997375524848647,1456164331357
production-topology1-1-1456163372,0.9100602043634356,1.0014988623051193,1456164331358
production-topology4-4-1456163392,0.9588970059801862,1.002864724724203,1456164331358
Running observer at: 1456164341835
production-topology2-2-1456163378,1.1769229285238725,1.015380748237334,1456164342036
production-topology3-3-1456163385,0.9913981545775024,0.999978584394047,1456164342036
production-topology1-1-1456163372,1.0107235291126817,1.0052328798803645,1456164342036
production-topology4-4-1456163392,0.9497075064317876,1.0027648118656907,1456164342036
Running observer at: 1456164352612
production-topology2-2-1456163378,0.8152648779147135,1.0064607624968953,1456164352803
production-topology3-3-1456163385,1.0447682329942851,1.00035642058286,1456164352803
production-topology1-1-1456163372,1.0316235235056457,1.007251890468076,1456164352804
production-topology4-4-1456163392,1.0046150157526663,1.0018173550394889,1456164352804
Running observer at: 1456164363283
production-topology2-2-1456163378,1.2809675562926013,1.0117891277116555,1456164363485
production-topology3-3-1456163385,0.9640301960003979,0.9998013046613884,1456164363486
production-topology1-1-1456163372,0.9621301106823361,1.0026592679286437,1456164363486
production-topology4-4-1456163392,1.087521809216585,1.0047418166639321,1456164363486
Running observer at: 1456164374048
production-topology2-2-1456163378,0.8870758154813885,1.0098201444663437,1456164374240
production-topology3-3-1456163385,0.9592766940836008,1.001388841605832,1456164374240
production-topology1-1-1456163372,1.1065773745049166,1.0095131659701606,1456164374240
production-topology4-4-1456163392,0.9351036837208575,1.002110726516622,1456164374240
Running observer at: 1456164384943
production-topology2-2-1456163378,1.1101379448229678,1.0131088720488637,1456164385140
production-topology3-3-1456163385,1.1102835078546707,1.0032771010588268,1456164385140
production-topology1-1-1456163372,0.9693654849355904,1.0079630093289726,1456164385140
production-topology4-4-1456163392,1.0368730890285112,1.003718906595511,1456164385141
Running observer at: 1456164395856
production-topology2-2-1456163378,0.9442023469199998,1.0156383017701476,1456164396090
production-topology3-3-1456163385,1.0279739115434852,1.0063549873191084,1456164396090
production-topology1-1-1456163372,0.9530726242299906,0.9978321737974769,1456164396090
production-topology4-4-1456163392,0.9985399924370544,1.0050712569515905,1456164396091
Running observer at: 1456164406579
production-topology2-2-1456163378,0.971875544994768,1.0190548519784994,1456164406853
production-topology3-3-1456163385,0.9575845067774238,1.004228856921806,1456164406853
production-topology1-1-1456163372,0.9650117246501383,1.0021343017938196,1456164406853
production-topology4-4-1456163392,0.9504252569895095,1.0013677512970152,1456164406853
Running observer at: 1456164417337
production-topology2-2-1456163378,0.9915116464368461,1.0162746739247133,1456164417529
production-topology3-3-1456163385,0.9956981111713932,0.9999257606898859,1456164417529
production-topology1-1-1456163372,1.0069656110005736,0.999367402534913,1456164417529
production-topology4-4-1456163392,1.012589280369602,1.0023668044327707,1456164417529
Running observer at: 1456164427957
production-topology2-2-1456163378,1.0452087579195073,1.0134640398904597,1456164428174
production-topology3-3-1456163385,0.9517142768162314,0.999609757009695,1456164428174
production-topology1-1-1456163372,1.149272243275175,1.0049719024079315,1456164428175
production-topology4-4-1456163392,1.013481116099559,1.0021453174873332,1456164428175
Running observer at: 1456164438646
production-topology2-2-1456163378,0.9632300872690066,1.013135481657249,1456164438839
production-topology3-3-1456163385,1.0255572726619282,1.0026142610066433,1456164438839
production-topology1-1-1456163372,0.8732523135621387,1.003295446491476,1456164438839
production-topology4-4-1456163392,1.0062126414566275,1.0032198673988808,1456164438840
Running observer at: 1456164449412
production-topology2-2-1456163378,1.0699611890103087,1.0162340454676502,1456164449578
production-topology3-3-1456163385,0.9034749276681346,0.995676534061825,1456164449578
production-topology1-1-1456163372,1.080981662855417,1.0012808233927688,1456164449578
production-topology4-4-1456163392,1.0273120095160904,1.0027746966666908,1456164449578
Running observer at: 1456164460039
production-topology2-2-1456163378,0.9566154761691005,1.0118969929019503,1456164460243
production-topology3-3-1456163385,1.1285386541254403,1.0025169467887427,1456164460243
production-topology1-1-1456163372,0.9764119096349554,1.0023827000583252,1456164460243
production-topology4-4-1456163392,0.9870736176163262,1.0036202277823734,1456164460243
Running observer at: 1456164470740
production-topology2-2-1456163378,0.935812019749218,1.0086105224234823,1456164470932
production-topology3-3-1456163385,0.9889686721195556,1.002915418802549,1456164470933
production-topology1-1-1456163372,1.099522701170277,1.0050552884299535,1456164470933
production-topology4-4-1456163392,1.0435101558949276,1.001537667533052,1456164470933
Running observer at: 1456164481401
production-topology2-2-1456163378,0.8747855917667238,1.0063829830752429,1456164481594
production-topology3-3-1456163385,1.008367400282294,1.0023867160197273,1456164481594
production-topology1-1-1456163372,0.9304022578915356,1.0050720941973623,1456164481594
production-topology4-4-1456163392,0.9327252993112104,1.0021114137244642,1456164481594
Running observer at: 1456164492052
production-topology2-2-1456163378,1.0535549941479072,1.0085850654215691,1456164492236
production-topology3-3-1456163385,0.9818840356655483,1.0012521157640744,1456164492237
production-topology1-1-1456163372,0.978425091659748,1.0022249419729155,1456164492237
production-topology4-4-1456163392,0.9881875349038409,1.0017003886424147,1456164492237
Running observer at: 1456164502707
production-topology2-2-1456163378,1.1399711399711396,1.0117206484869763,1456164502899
production-topology3-3-1456163385,1.0658364891445982,1.0058199955285716,1456164502899
production-topology1-1-1456163372,1.073217525834216,1.0016126328721602,1456164502899
production-topology4-4-1456163392,1.0107517496163045,1.0011424214396814,1456164502900
Running observer at: 1456164513479
production-topology2-2-1456163378,0.9502567199862356,1.0151672089826604,1456164513677
production-topology3-3-1456163385,0.9715692875832699,1.0009681033693991,1456164513677
production-topology1-1-1456163372,0.920871040723982,1.0012539667090934,1456164513677
production-topology4-4-1456163392,1.087760986915618,1.0022595448871143,1456164513677
Running observer at: 1456164524146
production-topology2-2-1456163378,1.0122037832594237,1.0038211031480535,1456164524346
production-topology3-3-1456163385,0.9371227862648307,1.002469859214228,1456164524347
production-topology1-1-1456163372,1.0804403296580702,1.0036219722319684,1456164524347
production-topology4-4-1456163392,0.9543303500261894,1.000729006412664,1456164524347
Running observer at: 1456164534994
production-topology2-2-1456163378,1.0781855482106222,1.0103924324530749,1456164535184
production-topology3-3-1456163385,1.0707940252156956,1.0007162426184513,1456164535184
production-topology1-1-1456163372,1.018973584327794,1.0040153549183308,1456164535184
production-topology4-4-1456163392,0.9190266913974068,0.9984436608323831,1456164535184
Running observer at: 1456164545934
production-topology2-2-1456163378,0.9618498569195445,1.0110834997612297,1456164546158
production-topology3-3-1456163385,0.9686899971373288,1.0001183825897748,1456164546158
production-topology1-1-1456163372,0.9756574271499644,1.004127810147365,1456164546158
production-topology4-4-1456163392,1.0447496155324876,1.0005521257429346,1456164546159
Running observer at: 1456164556780
production-topology2-2-1456163378,1.0896131654064156,1.011774782994091,1456164557075
production-topology3-3-1456163385,1.0337533297830488,1.002626697578933,1456164557075
production-topology1-1-1456163372,0.9160530292184605,1.0004227320046843,1456164557075
production-topology4-4-1456163392,0.9457418192945755,1.0002165097609452,1456164557075
Running observer at: 1456164567568
production-topology2-2-1456163378,0.9196330047783667,1.0124220344927797,1456164567760
production-topology3-3-1456163385,0.9717335300018823,1.001911258358987,1456164567761
production-topology1-1-1456163372,1.0458636509121944,0.9990359178204399,1456164567761
production-topology4-4-1456163392,1.150316316957914,1.0031850992492972,1456164567761
Running observer at: 1456164578301
production-topology2-2-1456163378,1.0955665161562689,1.0146939012141516,1456164578489
production-topology3-3-1456163385,1.020937529846666,1.0026082558638738,1456164578489
production-topology1-1-1456163372,1.0163885371244712,1.005345275495549,1456164578490
production-topology4-4-1456163392,0.9785812356979404,1.0004341349356731,1456164578490
Running observer at: 1456164588944
production-topology2-2-1456163378,0.9968955272480489,1.0149259976457923,1456164589190
production-topology3-3-1456163385,1.01285878708929,1.0027653076556655,1456164589190
production-topology1-1-1456163372,1.0113000627912223,0.9992585917297581,1456164589190
production-topology4-4-1456163392,0.9036710553815408,0.9995048888126733,1456164589190
Running observer at: 1456164599656
production-topology2-2-1456163378,1.0968923611111114,1.013187473367583,1456164599846
production-topology3-3-1456163385,0.9834054059849167,1.0001385220419248,1456164599846
production-topology1-1-1456163372,0.8844729411404164,0.9983425651760516,1456164599846
production-topology4-4-1456163392,1.003034875151574,1.0011856242191257,1456164599846
Running observer at: 1456164610321
production-topology2-2-1456163378,0.8120284676803816,1.0119837222865182,1456164610539
production-topology3-3-1456163385,1.0032441551638538,1.0025550272968304,1456164610539
production-topology1-1-1456163372,1.1041189612009832,1.0061446194402344,1456164610540
production-topology4-4-1456163392,1.1252204988326842,1.005622729554716,1456164610540
Running observer at: 1456164621034
production-topology2-2-1456163378,1.2289200016857615,1.0150275026302555,1456164621217
production-topology3-3-1456163385,1.0368877641878005,1.003180460844076,1456164621217
production-topology1-1-1456163372,1.0316473940868427,1.0043263204552504,1456164621217
production-topology4-4-1456163392,0.9465547224056358,0.9999786308254464,1456164621217
Running observer at: 1456164631914
production-topology2-2-1456163378,0.8457023722949123,1.0148046077618635,1456164632104
production-topology3-3-1456163385,1.005490222342242,1.003201516677325,1456164632104
production-topology1-1-1456163372,0.9833676033638994,1.0034520089832644,1456164632104
production-topology4-4-1456163392,1.0614923030764616,1.0016825120249644,1456164632104
Running observer at: 1456164642583
production-topology2-2-1456163378,1.1976267923712245,1.0142311067603034,1456164642870
production-topology3-3-1456163385,1.0467327610184753,1.0041532854535604,1456164642870
production-topology1-1-1456163372,0.9146672164323849,0.9993612556999818,1456164642870
production-topology4-4-1456163392,0.9551271249393016,1.0006378119983659,1456164642870
Running observer at: 1456164653451
production-topology2-2-1456163378,1.0043334397064105,1.0168935158068266,1456164653644
production-topology3-3-1456163385,0.946840841211864,1.0038471822105886,1456164653645
production-topology1-1-1456163372,1.0555098035638824,1.00420957567333,1456164653645
production-topology4-4-1456163392,0.9355643606768044,0.9998600571549198,1456164653645
Running observer at: 1456164664401
production-topology2-2-1456163378,1.0852988026935582,1.0138393782791495,1456164664658
production-topology3-3-1456163385,1.0527364014055003,1.0058917904381883,1456164664658
production-topology1-1-1456163372,1.083108059391972,1.0066223933493064,1456164664658
production-topology4-4-1456163392,1.166786855320289,1.007096035451203,1456164664658
Running observer at: 1456164675221
production-topology2-2-1456163378,0.8484971205907796,1.014947119701685,1456164675418
production-topology3-3-1456163385,1.0464686327518185,1.005948470430106,1456164675419
production-topology1-1-1456163372,0.8812689359523902,1.0016105737641978,1456164675419
production-topology4-4-1456163392,0.9648998060762766,1.005772195128657,1456164675419
Running observer at: 1456164685915
production-topology2-2-1456163378,1.0200759636417605,1.0062507332799904,1456164686111
production-topology3-3-1456163385,0.9045565474970303,1.0039660154799936,1456164686112
production-topology1-1-1456163372,1.018692113070495,1.0034959738438034,1456164686112
production-topology4-4-1456163392,1.003733482642777,1.0029792509095297,1456164686112
Running observer at: 1456164696604
production-topology2-2-1456163378,1.0398860189874308,1.0113444067301918,1456164696799
production-topology3-3-1456163385,1.0505889402242963,1.007009757018017,1456164696800
production-topology1-1-1456163372,1.011031560388797,1.000311113373266,1456164696800
production-topology4-4-1456163392,1.001650736212933,1.005197485992599,1456164696800
Running observer at: 1456164707277
production-topology2-2-1456163378,0.8455199995631516,1.0025238085548644,1456164707467
production-topology3-3-1456163385,0.9477571113092585,1.0015922104665032,1456164707468
production-topology1-1-1456163372,1.0510499943700033,1.0030339303544131,1456164707468
production-topology4-4-1456163392,0.993752464343499,1.003760131836432,1456164707468
Running observer at: 1456164717942
production-topology2-2-1456163378,1.3166632117191817,1.014939170714837,1456164718133
production-topology3-3-1456163385,1.033659396159396,1.0017817266203672,1456164718134
production-topology1-1-1456163372,0.8852468894777413,1.0007730725293382,1456164718134
production-topology4-4-1456163392,0.9967757694186616,1.0037013244024855,1456164718134
Running observer at: 1456164728600
production-topology2-2-1456163378,0.8677960032451485,1.0114698526565165,1456164728793
production-topology3-3-1456163385,0.9893456972697983,1.0028404329701128,1456164728793
production-topology1-1-1456163372,1.2051744083517013,1.0087784953193901,1456164728794
production-topology4-4-1456163392,1.0405889823867196,1.0067067819157258,1456164728794
Running observer at: 1456164739253
production-topology2-2-1456163378,1.0227158311736526,1.0125099921477436,1456164739422
production-topology3-3-1456163385,1.096313052883369,1.0061942643605122,1456164739422
production-topology1-1-1456163372,0.9734144804196223,1.0076601243000252,1456164739423
production-topology4-4-1456163392,0.9755962269194782,1.005473680134055,1456164739423
Running observer at: 1456164749850
production-topology2-2-1456163378,0.30532105813909355,0.9878470688217296,1456164750027
production-topology3-3-1456163385,0.12360520996617441,0.9785906287988433,1456164750027
production-topology1-1-1456163372,0.25050277276084976,0.9777011419495476,1456164750027
production-topology4-4-1456163392,1.0603798904447959,1.0070369726122297,1456164750027
Running observer at: 1456164760493
production-topology2-2-1456163378,0.2744480144999176,0.9648876663960934,1456164760677
production-topology3-3-1456163385,0.19035409035409034,0.9507505227219154,1456164760677
production-topology1-1-1456163372,0.22309190969330556,0.9560291284872532,1456164760677
production-topology4-4-1456163392,0.9337647772852866,1.0046220438065183,1456164760677
Running observer at: 1456164771174
production-topology2-2-1456163378,0.1937762825904121,0.9356815028487636,1456164771358
production-topology3-3-1456163385,0.0960079575596817,0.9238349570516339,1456164771358
production-topology1-1-1456163372,0.3184466872902681,0.9306112959684152,1456164771358
production-topology4-4-1456163392,1.0380066607284841,1.0049785321802647,1456164771359
Running observer at: 1456164781954
production-topology2-2-1456163378,0.506449353461564,0.9206759654251788,1456164782120
production-topology3-3-1456163385,0.12696227378197725,0.8904490777068517,1456164782121
production-topology1-1-1456163372,0.30907594429861635,0.908366763790537,1456164782121
production-topology4-4-1456163392,1.033792321632378,1.0065358223141332,1456164782121
Running observer at: 1456164792687
production-topology2-2-1456163378,0.4606032125768968,0.9048356718527681,1456164792918
production-topology3-3-1456163385,0.3765030259595477,0.8700335561681848,1456164792919
production-topology1-1-1456163372,0.2916666666666667,0.8814382293070833,1456164792919
production-topology4-4-1456163392,0.8995364004920398,1.0017366971340367,1456164792919
/var/nimbus/storm/bin/storm rebalance production-topology3 -e bolt_output_2=11
1456164793293
/var/nimbus/storm/bin/storm rebalance production-topology2 -e spout_head=8
Running observer at: 1456164803505
production-topology2-2-1456163378,0.985750252835454,0.985750252835454,1456164803667
production-topology3-3-1456163385,1.04881343592584,1.04881343592584,1456164803667
production-topology1-1-1456163372,1.1258869153403461,0.8879543845553769,1456164803667
production-topology4-4-1456163392,1.05944288339682,1.005960616603557,1456164803667
Running observer at: 1456164814261
production-topology2-2-1456163378,2.4372837370242215,1.7115169949298377,1456164814480
production-topology3-3-1456163385,0.9525874239350913,1.0007004299304656,1456164814481
production-topology1-1-1456163372,0.9635259076603612,0.8874577450887309,1456164814481
production-topology4-4-1456163392,0.9786333645646701,1.005642144258918,1456164814481
Running observer at: 1456164825144
production-topology2-2-1456163378,1.0,1.4743446632865584,1456164825382
production-topology3-3-1456163385,2.0,1.3338002866203105,1456164825382
production-topology1-1-1456163372,1.0281029039437297,0.885953924359048,1456164825382
production-topology4-4-1456163392,1.0042745934161115,1.005426239052245,1456164825382
Running observer at: 1456164833100
production-topology2-2-1456163378,1.0,1.3557584974649188,1456164833286
production-topology3-3-1456163385,2.0,1.5003502149652328,1456164833286
production-topology1-1-1456163372,0.9388446231089157,0.8865530437718792,1456164833286
production-topology4-4-1456163392,0.9166448795405813,0.9997223688064104,1456164833287
Running observer at: 1456164833850
production-topology2-2-1456163378,1.0,1.284606797971935,1456164834131
production-topology3-3-1456163385,2.0,1.6002801719721862,1456164834131
production-topology1-1-1456163372,1.0285714285714285,0.8848240804023243,1456164834131
production-topology4-4-1456163392,0.8693877551020408,0.9968909489756055,1456164834131
Running observer at: 1456164835934
production-topology2-2-1456163378,0.0,1.0705056649766125,1456164836115
production-topology3-3-1456163385,2.0,1.6669001433101551,1456164836116
production-topology1-1-1456163372,1.0416666666666667,0.8855805164802867,1456164836116
production-topology4-4-1456163392,1.2888621794871793,1.0092187985785979,1456164836116
Running observer at: 1456164846627
production-topology2-2-1456163378,0.0,0.917576284265668,1456164846825
production-topology3-3-1456163385,0.11904761904761904,1.4457783541297928,1456164846825
production-topology1-1-1456163372,1.0138461712584776,0.8868534746172372,1456164846825
production-topology4-4-1456163392,1.0968853669849925,1.010956656960348,1456164846826
Running observer at: 1456164857351
production-topology2-2-1456163378,0.32498862084660896,0.8435028263382855,1456164857569
production-topology3-3-1456163385,0.8923366721834229,1.3765981438864965,1456164857570
production-topology1-1-1456163372,1.0461606731875717,0.8911903960828743,1456164857570
production-topology4-4-1456163392,0.9520043625281789,1.0111654084014683,1456164857570
Running observer at: 1456164868056
production-topology2-2-1456163378,1.5998069991117885,0.9275366233131191,1456164868243
production-topology3-3-1456163385,1.0940247167099149,1.345201096422432,1456164868244
production-topology1-1-1456163372,0.9499418116650744,0.8879930014413036,1456164868244
production-topology4-4-1456163392,0.993039856678487,1.0059228597254875,1456164868244
Running observer at: 1456164878756
production-topology2-2-1456163378,0.891053743576112,0.9238883353394185,1456164879005
production-topology3-3-1456163385,1.0315203485534314,1.3138330216355318,1456164879005
production-topology1-1-1456163372,0.9966453721586687,0.8873348959424435,1456164879005
production-topology4-4-1456163392,1.0316902043460878,1.0076931586804256,1456164879005
Running observer at: 1456164889482
production-topology2-2-1456163378,1.1257558455482428,0.9422399271765843,1456164889667
production-topology3-3-1456163385,1.0042812945979793,1.285691955541209,1456164889667
production-topology1-1-1456163372,0.9995526113495243,0.8869433142277201,1456164889667
production-topology4-4-1456163392,0.9661750548620356,1.0097766253297753,1456164889667
Running observer at: 1456164900273
production-topology2-2-1456163378,1.1216680903256897,0.9571922741056764,1456164900465
production-topology3-3-1456163385,0.967635816231362,1.2591872772653883,1456164900465
production-topology1-1-1456163372,1.0395558881998077,0.8921127457963665,1456164900465
production-topology4-4-1456163392,0.9898096630775686,1.0093357849273084,1456164900465
Running observer at: 1456164910921
production-topology2-2-1456163378,0.8375946347727653,0.9479924556954524,1456164911118
production-topology3-3-1456163385,0.9276114894537834,1.2336814474337265,1456164911119
production-topology1-1-1456163372,0.9469929388848309,0.8868752117191614,1456164911119
production-topology4-4-1456163392,0.9757034114450293,1.0043518820143864,1456164911119
Running observer at: 1456164921699
production-topology2-2-1456163378,1.053120589412607,0.9555016081038207,1456164921891
production-topology3-3-1456163385,1.1577245900747979,1.2282559576223744,1456164921891
production-topology1-1-1456163372,0.9299395161290321,0.8834849491205677,1456164921892
production-topology4-4-1456163392,1.0431388511745656,1.0075713529733508,1456164921892
Running observer at: 1456164932357
production-topology2-2-1456163378,1.0520160867055057,0.9619359066772664,1456164932589
production-topology3-3-1456163385,0.9922354118993135,1.2125212545741701,1456164932590
production-topology1-1-1456163372,1.0255454940436484,0.8848908788098927,1456164932590
production-topology4-4-1456163392,0.9796897640391622,1.0048446016721073,1456164932590
Running observer at: 1456164943132
production-topology2-2-1456163378,0.9621814355856911,0.9619512522340429,1456164943319
production-topology3-3-1456163385,1.0518356024517992,1.202478401316522,1456164943319
production-topology1-1-1456163372,1.1802432368297853,0.8937434128231392,1456164943320
production-topology4-4-1456163392,1.018755797196645,1.006965557414019,1456164943320
Running observer at: 1456164953784
production-topology2-2-1456163378,0.9326121270160909,0.9602254213388692,1456164954014
production-topology3-3-1456163385,0.8804985440745567,1.1835384097140533,1456164954014
production-topology1-1-1456163372,0.971584178673731,0.8909458919934675,1456164954014
production-topology4-4-1456163392,0.9892611217703096,1.0087554494504691,1456164954014
Running observer at: 1456164964599
production-topology2-2-1456163378,1.0258338992942455,0.9638703367808346,1456164964794
production-topology3-3-1456163385,1.0983560318632288,1.1788060553890076,1456164964794
production-topology1-1-1456163372,0.8426035162283217,0.8829290738880126,1456164964795
production-topology4-4-1456163392,1.0246228684825178,1.00401664988921,1456164964795
Running observer at: 1456164975275
production-topology2-2-1456163378,1.1078295316593185,0.9714471365112811,1456164975537
production-topology3-3-1456163385,0.9913875674509824,1.1689419244449009,1456164975537
production-topology1-1-1456163372,1.1692329649669846,0.8925278748551656,1456164975537
production-topology4-4-1456163392,0.9391498420867939,1.0031583177562273,1456164975537
/var/nimbus/storm/bin/storm rebalance production-topology1 -e bolt_output_sink=11
1456164975876
/var/nimbus/storm/bin/storm rebalance production-topology3 -e spout_head=10
Running observer at: 1456164986101
production-topology2-2-1456163378,0.8749586969087249,0.9666227145311532,1456164986257
production-topology3-3-1456163385,0.9957962866802298,0.9957962866802298,1456164986257
production-topology1-1-1456163372,0.9524746970269616,0.9524746970269616,1456164986257
production-topology4-4-1456163392,1.045168741522908,1.0045394930522318,1456164986257
Running observer at: 1456164996891
production-topology2-2-1456163378,0.9587543924234597,0.966248032526025,1456164997112
production-topology3-3-1456163385,1.1766233766233765,1.0862098316518032,1456164997113
production-topology1-1-1456163372,5.333333333333333,3.1429040151801475,1456164997113
production-topology4-4-1456163392,0.9979552586294159,1.0044163104661146,1456164997113
Running observer at: 1456165007714
production-topology2-2-1456163378,1.2565248265045426,0.9794424322523212,1456165007982
production-topology3-3-1456163385,2.0,1.3908065544345354,1456165007983
production-topology1-1-1456163372,1.0,2.428602676786765,1456165007983
production-topology4-4-1456163392,0.9978558541193199,1.0045530901253086,1456165007983
Running observer at: 1456165014178
production-topology2-2-1456163378,0.8905637254901959,0.9755781406539679,1456165014368
production-topology3-3-1456163385,2.0,1.5431049158259016,1456165014368
production-topology1-1-1456163372,1.0,2.0714520075900738,1456165014369
production-topology4-4-1456163392,0.9072348292326002,1.0015683921191065,1456165014369
Running observer at: 1456165015062
production-topology2-2-1456163378,0.4285714285714285,0.9527861943171954,1456165015287
production-topology3-3-1456163385,2.0,1.6344839326607215,1456165015288
production-topology1-1-1456163372,1.0,1.857161606072059,1456165015288
production-topology4-4-1456163392,0.9500000000000001,0.9985487593728826,1456165015288
Running observer at: 1456165018445
production-topology2-2-1456163378,1.0777200345764901,0.9577835479275671,1456165018656
production-topology3-3-1456163385,0.02887438825448613,1.366882341926349,1456165018656
production-topology1-1-1456163372,1.0,1.7143013383933825,1456165018656
production-topology4-4-1456163392,1.1874578123932498,1.0056108122220084,1456165018656
Running observer at: 1456165029119
production-topology2-2-1456163378,0.9170386904761906,0.9562164380255911,1456165029310
production-topology3-3-1456163385,1.0183229578279165,1.3170881441980014,1456165029310
production-topology1-1-1456163372,0.19230769230769232,1.4968736746668552,1456165029310
production-topology4-4-1456163392,0.9516264911478411,1.0019856989121096,1456165029310
Running observer at: 1456165039859
production-topology2-2-1456163378,0.9934919090856326,0.9575970110278149,1456165040049
production-topology3-3-1456163385,0.5010150935374149,1.215079012865428,1456165040050
production-topology1-1-1456163372,1.0000124146002023,1.4347660171585237,1456165040050
production-topology4-4-1456163392,1.08780733185709,1.00712045073117,1456165040050
Running observer at: 1456165050519
production-topology2-2-1456163378,0.9627090077592845,0.9577795823396531,1456165050749
production-topology3-3-1456163385,1.2649244614529551,1.2206173960418198,1456165050749
production-topology1-1-1456163372,1.021179174467309,1.3888119235261667,1456165050749
production-topology4-4-1456163392,0.9885730245170035,1.005472662857454,1456165050749
Running observer at: 1456165061272
production-topology2-2-1456163378,0.9824695118651845,0.9586309592198438,1456165061466
production-topology3-3-1456163385,1.0526963268063594,1.203825289118274,1456165061466
production-topology1-1-1456163372,0.9797122001465814,1.347901951188208,1456165061466
production-topology4-4-1456163392,0.9886924168307107,1.0039693326973984,1456165061466
Running observer at: 1456165071981
production-topology2-2-1456163378,1.035604061707685,0.9611967293027718,1456165072211
production-topology3-3-1456163385,1.0555400787441447,1.1903448154478984,1456165072211
production-topology1-1-1456163372,1.1231170817676985,1.327466963059071,1456165072211
production-topology4-4-1456163392,0.9697924375964173,1.0063112006008776,1456165072211
Running observer at: 1456165082732
production-topology2-2-1456163378,1.036134976800245,0.9628762201015982,1456165082948
production-topology3-3-1456163385,1.027507440351041,1.1767750341898269,1456165082948
production-topology1-1-1456163372,0.9423255033576768,1.2953718414172881,1456165082948
production-topology4-4-1456163392,1.0082683983847351,1.0046053844338083,1456165082948
Running observer at: 1456165093397
production-topology2-2-1456163378,0.8969628573131672,0.9115321907778963,1456165093606
production-topology3-3-1456163385,1.0168678605253858,1.1644744823694853,1456165093606
production-topology1-1-1456163372,0.9463311789630249,1.2685225596900371,1456165093606
production-topology4-4-1456163392,1.0354566489723696,1.0064994939140652,1456165093607
Running observer at: 1456165104284
production-topology2-2-1456163378,1.0904709695032277,0.9145478897613373,1456165104473
production-topology3-3-1456163385,0.9467767159645417,1.1489246419119894,1456165104473
production-topology1-1-1456163372,1.0045659739765334,1.2496685178533582,1456165104473
production-topology4-4-1456163392,0.9694073486634758,1.0053372524223105,1456165104473
Running observer at: 1456165115019
production-topology2-2-1456163378,1.0416619417583912,0.9159366211532837,1456165115323
production-topology3-3-1456163385,1.0182906108701069,1.1402157065091971,1456165115323
production-topology1-1-1456163372,1.1029954007113913,1.2398903100438938,1456165115323
production-topology4-4-1456163392,1.0234338669492997,1.0088968853359346,1456165115324
Running observer at: 1456165125777
production-topology2-2-1456163378,0.9074443265409756,0.9128514320379828,1456165126020
production-topology3-3-1456163385,0.9945593852135909,1.1311121864282219,1456165126020
production-topology1-1-1456163372,1.0310213709487193,1.2268360013504453,1456165126020
production-topology4-4-1456163392,1.0033381224672946,1.0133618975814427,1456165126020
Running observer at: 1456165136529
production-topology2-2-1456163378,1.0145611597517221,0.9466701373630403,1456165136771
production-topology3-3-1456163385,0.9845620188205662,1.122491588333654,1456165136771
production-topology1-1-1456163372,0.8950378075871497,1.2073184605408398,1456165136772
production-topology4-4-1456163392,0.9956871828664469,1.003589397694085,1456165136772
Running observer at: 1456165147318
production-topology2-2-1456163378,1.1359004764203415,0.9845334865770516,1456165147505
production-topology3-3-1456163385,1.04062075250823,1.1179432085655747,1456165147505
production-topology1-1-1456163372,1.0525595266756549,1.198720741992774,1456165147506
production-topology4-4-1456163392,1.0432954041533398,1.0018030655996968,1456165147506
Running observer at: 1456165158061
production-topology2-2-1456163378,0.8585704063632684,1.0023195460942735,1456165158261
production-topology3-3-1456163385,0.9929895817256743,1.1113667018897904,1456165158261
production-topology1-1-1456163372,0.9774728976697061,1.1870761186073493,1456165158261
production-topology4-4-1456163392,1.001371993163863,1.0034486532875528,1456165158261
Running observer at: 1456165168769
production-topology2-2-1456163378,1.124573161590113,0.9864784181768845,1456165168985
production-topology3-3-1456163385,1.0466955297659561,1.1081331432835986,1456165168985
production-topology1-1-1456163372,1.002732847556738,1.1778589550548189,1456165168985
production-topology4-4-1456163392,0.9492152560892737,1.0019878332679124,1456165168986
Running observer at: 1456165179497
production-topology2-2-1456163378,0.9032720795263972,0.986885696041894,1456165179721
production-topology3-3-1456163385,0.9391768269926601,1.1000876044126016,1456165179722
production-topology1-1-1456163372,0.9388064873990578,1.1664755042140684,1456165179722
production-topology4-4-1456163392,1.0503976219273206,1.0026114138539535,1456165179722
Running observer at: 1456165190278
production-topology2-2-1456163378,0.9871908271908272,0.9822668620966467,1456165190470
production-topology3-3-1456163385,1.0629557649866548,1.098399793529604,1456165190471
production-topology1-1-1456163372,1.0942909943456858,1.163194390129142,1456165190471
production-topology4-4-1456163392,1.0074290881401105,1.003986548296556,1456165190471
Running observer at: 1456165201026
production-topology2-2-1456163378,1.0658772346406835,0.9804071669071467,1456165201171
production-topology3-3-1456163385,0.9327888429543795,1.0911993174176378,1456165201171
production-topology1-1-1456163372,0.9249484251178477,1.1528358699112595,1456165201171
production-topology4-4-1456163392,0.935641757805969,1.0021809514541693,1456165201171
Running observer at: 1456165211575
production-topology2-2-1456163378,1.0831242272219834,0.9885914866554539,1456165211711
production-topology3-3-1456163385,1.0732017473415654,1.090449418664468,1456165211711
production-topology1-1-1456163372,1.8766483516483519,1.1829947233169718,1456165211711
production-topology4-4-1456163392,0.9703568772806151,1.002002733648689,1456165211711
Running observer at: 1456165222083
production-topology2-2-1456163378,2.6999999999999997,1.0434874670083671,1456165222260
production-topology3-3-1456163385,0.847216107401702,1.0807200862139574,1456165222260
production-topology1-1-1456163372,1.0,1.1756749343842927,1456165222260
production-topology4-4-1456163392,1.0209031946359248,1.001261545097401,1456165222261
