Running observer at: 1456123038395
production-topology1-1-1456123038,0.0,0.0,1456123038494
Running observer at: 1456123044547
production-topology1-1-1456123038,0.0,0.0,1456123044680
production-topology2-2-1456123044,0.0,0.0,1456123044681
Running observer at: 1456123047635
production-topology1-1-1456123038,0.0,0.0,1456123047752
production-topology2-2-1456123044,0.0,0.0,1456123047753
Running observer at: 1456123051137
production-topology3-3-1456123050,0.0,0.0,1456123051318
production-topology1-1-1456123038,0.0,0.0,1456123051318
production-topology2-2-1456123044,0.0,0.0,1456123051318
Running observer at: 1456123057987
production-topology4-4-1456123057,0.0,0.0,1456123058250
production-topology3-3-1456123050,0.0,0.0,1456123058250
production-topology1-1-1456123038,0.0,0.0,1456123058251
production-topology2-2-1456123044,0.0,0.0,1456123058251
Running observer at: 1456123059113
production-topology4-4-1456123057,0.0,0.0,1456123059435
production-topology3-3-1456123050,0.0,0.0,1456123059435
production-topology1-1-1456123038,0.0,0.0,1456123059435
production-topology2-2-1456123044,1.173721340388007,0.23474426807760138,1456123059436
Running observer at: 1456123070098
production-topology4-4-1456123057,0.0,0.0,1456123070377
production-topology3-3-1456123050,0.9156839622641509,0.22892099056603774,1456123070378
production-topology1-1-1456123038,0.9790053646512977,0.13985790923589966,1456123070378
production-topology2-2-1456123044,0.9657671789164213,0.3565814198840713,1456123070378
Running observer at: 1456123081099
production-topology4-4-1456123057,0.9227146810192788,0.2306786702548197,1456123081403
production-topology3-3-1456123050,0.9990030532796419,0.38293740310875857,1456123081403
production-topology1-1-1456123038,0.9646933333333333,0.24296233724807886,1456123081404
production-topology2-2-1456123044,0.9918615477298867,0.4473357238620449,1456123081404
Running observer at: 1456123092082
production-topology4-4-1456123057,1.0352771116477375,0.39159835853340325,1456123092368
production-topology3-3-1456123050,1.051878541484539,0.4944275928380553,1456123092369
production-topology1-1-1456123038,0.9928704465196538,0.3262854605004761,1456123092369
production-topology2-2-1456123044,0.9913966397611432,0.5153433383494322,1456123092369
Running observer at: 1456123103176
production-topology4-4-1456123057,0.9674005030198906,0.4875653826144845,1456123103445
production-topology3-3-1456123050,1.0001800187983407,0.5666779394038104,1456123103445
production-topology1-1-1456123038,1.123691767619516,0.40602609121238,1456123103445
production-topology2-2-1456123044,0.9667029092338688,0.5654944017810364,1456123103445
Running observer at: 1456123114037
production-topology4-4-1456123057,0.9954477023442542,0.5601199997187373,1456123114352
production-topology3-3-1456123050,0.9278321498823547,0.6118222157136285,1456123114352
production-topology1-1-1456123038,0.9176030574988334,0.4525330881475122,1456123114353
production-topology2-2-1456123044,1.0100505302904106,0.6099500146319737,1456123114353
Running observer at: 1456123124945
production-topology4-4-1456123057,1.0188863364773533,0.6174657918135643,1456123125186
production-topology3-3-1456123050,0.9977585091319596,0.6547040260934431,1456123125186
production-topology1-1-1456123038,1.0353608018374212,0.5011020642883379,1456123125187
production-topology2-2-1456123044,0.9651004399630495,0.6422364169347988,1456123125187
Running observer at: 1456123135745
production-topology4-4-1456123057,1.0143901233767814,0.6615684953205885,1456123135977
production-topology3-3-1456123050,1.0130917148251508,0.6905427949666139,1456123135978
production-topology1-1-1456123038,1.0215794077756437,0.5411387830181307,1456123135978
production-topology2-2-1456123044,0.9956386470512707,0.6716866027778381,1456123135979
Running observer at: 1456123146551
production-topology4-4-1456123057,0.9564786840662189,0.6910595141951514,1456123146794
production-topology3-3-1456123050,0.9697004993349709,0.71592076809101,1456123146794
production-topology1-1-1456123038,0.9470745972888184,0.5701341983231798,1456123146794
production-topology2-2-1456123044,1.1028486911871407,0.7048529172708614,1456123146795
Running observer at: 1456123157351
production-topology4-4-1456123057,1.0272996517065396,0.7216267994234594,1456123157590
production-topology3-3-1456123050,1.019386573767544,0.7412095852307212,1456123157591
production-topology1-1-1456123038,1.0931741651320126,0.6050035294437687,1456123157591
production-topology2-2-1456123044,0.9324146851059596,0.7211073292590827,1456123157591
Running observer at: 1456123168163
production-topology4-4-1456123057,0.9327870491867862,0.7392234869037367,1456123168377
production-topology3-3-1456123050,1.0399757947051733,0.7641916013441405,1456123168377
production-topology1-1-1456123038,1.008729104490486,0.6302363778841885,1456123168377
production-topology2-2-1456123044,0.9938843264022362,0.7392924624019596,1456123168378
Running observer at: 1456123179109
production-topology4-4-1456123057,1.0810117664003052,0.7655148930188573,1456123179296
production-topology3-3-1456123050,0.9588414581261075,0.7780951625428525,1456123179296
production-topology1-1-1456123038,0.8763733941852603,0.6447150259018986,1456123179296
production-topology2-2-1456123044,0.979786871558554,0.7543233629742467,1456123179297
Running observer at: 1456123189906
production-topology4-4-1456123057,0.9830894804579016,0.781055934978789,1456123190153
production-topology3-3-1456123050,1.0047257319540406,0.793203867170265,1456123190153
production-topology1-1-1456123038,1.043596911640008,0.6668751306651269,1456123190154
production-topology2-2-1456123044,1.0181445466713592,0.7698422561329004,1456123190154
Running observer at: 1456123200772
production-topology4-4-1456123057,1.0638527958819377,0.7999090590389989,1456123200981
production-topology3-3-1456123050,1.0519992466471197,0.8093785783875684,1456123200981
production-topology1-1-1456123038,1.1425860858765153,0.6919125493604632,1456123200981
production-topology2-2-1456123044,0.9803001884015728,0.78153436348116,1456123200981
Running observer at: 1456123211550
production-topology4-4-1456123057,0.9546808246117678,0.8095822943872969,1456123211810
production-topology3-3-1456123050,0.9374807679939843,0.8169140013055929,1456123211810
production-topology1-1-1456123038,0.941525689428634,0.7043932063638717,1456123211811
production-topology2-2-1456123044,0.9114171922575032,0.7883703018378095,1456123211811
Running observer at: 1456123222334
production-topology4-4-1456123057,1.0325453422267377,0.822697767789617,1456123222553
production-topology3-3-1456123050,1.0104985020652542,0.8276686957922407,1456123222553
production-topology1-1-1456123038,0.9673890590885177,0.7169168183983787,1456123222553
production-topology2-2-1456123044,1.3190949713454652,0.8149065353131923,1456123222554
Running observer at: 1456123233077
production-topology4-4-1456123057,0.9688687587013312,0.8308183783958234,1456123233291
production-topology3-3-1456123050,0.9911510602280827,0.8362730307625481,1456123233292
production-topology1-1-1456123038,1.1287548448764688,0.7356367286928372,1456123233292
production-topology2-2-1456123044,0.8778882514077345,0.8179056646510278,1456123233292
Running observer at: 1456123243867
production-topology4-4-1456123057,1.04805269669623,0.8422517635695289,1456123244085
production-topology3-3-1456123050,0.9649595140038444,0.8427073549246129,1456123244085
production-topology1-1-1456123038,0.8816355289074507,0.7419845026152119,1456123244086
production-topology2-2-1456123044,1.0141616589985847,0.8268263916668258,1456123244086
Running observer at: 1456123254697
production-topology4-4-1456123057,0.9316683964844186,0.8467225952152735,1456123254935
production-topology3-3-1456123050,1.032857598644748,0.8517621284350957,1456123254935
production-topology1-1-1456123038,0.9750702058394367,0.7516964069162212,1456123254935
production-topology2-2-1456123044,0.8914926452857488,0.8296379679111269,1456123254936
Running observer at: 1456123265575
production-topology4-4-1456123057,0.9886575412891203,0.853481402171171,1456123265816
production-topology3-3-1456123050,0.9715514366692521,0.8572070969911937,1456123265816
production-topology1-1-1456123038,1.321248330643914,0.7744784838653289,1456123265816
production-topology2-2-1456123044,0.9599097329535043,0.835065958121226,1456123265817
Running observer at: 1456123276339
production-topology4-4-1456123057,0.9737899998840164,0.8589499747944821,1456123276573
production-topology3-3-1456123050,0.9989981307733804,0.8633719245469409,1456123276573
production-topology1-1-1456123038,0.8602248771636526,0.7777764220691107,1456123276574
production-topology2-2-1456123044,1.0561287090129712,0.8439084681568957,1456123276574
Running observer at: 1456123287150
production-topology4-4-1456123057,0.9864856234300678,0.8644950029960292,1456123287342
production-topology3-3-1456123050,1.0132727598536033,0.8696177926847185,1456123287342
production-topology1-1-1456123038,1.0122456834212583,0.7864604687858568,1456123287343
production-topology2-2-1456123044,1.1847952407109559,0.8570194978705133,1456123287343
Running observer at: 1456123297852
production-topology4-4-1456123057,1.0680662368763283,0.8729771377410417,1456123298065
production-topology3-3-1456123050,0.964999352218687,0.8734330550660772,1456123298066
production-topology1-1-1456123038,0.9733626158629827,0.7931355454671828,1456123298066
production-topology2-2-1456123044,0.8973763532860916,0.8585141962192385,1456123298066
Running observer at: 1456123308570
production-topology4-4-1456123057,0.9758420716607337,0.8770917350978293,1456123308791
production-topology3-3-1456123050,1.0206312785251643,0.879094525199119,1456123308791
production-topology1-1-1456123038,0.9688749800031994,0.7991955259684247,1456123308792
production-topology2-2-1456123044,0.9225056141433775,0.8607996040022435,1456123308792
Running observer at: 1456123319384
production-topology4-4-1456123057,0.993642263078207,0.8815744477124592,1456123319585
production-topology3-3-1456123050,0.9776841866579047,0.882745994142037,1456123319585
production-topology1-1-1456123038,1.0785666607408204,0.8085078971275046,1456123319586
production-topology2-2-1456123044,1.2648609806093625,0.8747327549197303,1456123319586
Running observer at: 1456123330123
production-topology4-4-1456123057,1.027604031899369,0.8869829508304929,1456123330408
production-topology3-3-1456123050,1.0588524316737482,0.8890355097681696,1456123330409
production-topology1-1-1456123038,0.9874244385374673,0.8414220450787534,1456123330409
production-topology2-2-1456123044,0.9480345643365405,0.8771761485669575,1456123330409
Running observer at: 1456123340996
production-topology4-4-1456123057,0.9689131161724558,0.8899090281641344,1456123341292
production-topology3-3-1456123050,0.9804405074270262,0.8921874062391646,1456123341292
production-topology1-1-1456123038,0.8342584050982758,0.8692306585820293,1456123341292
production-topology2-2-1456123044,1.0388015501956198,0.9118028669068113,1456123341293
Running observer at: 1456123352019
production-topology4-4-1456123057,1.0858454964895303,0.8966654581063894,1456123352260
production-topology3-3-1456123050,1.016806751875521,0.8963413844270431,1456123352261
production-topology1-1-1456123038,1.1202350521685382,0.9065718269876473,1456123352261
production-topology2-2-1456123044,0.9666017228271124,0.9440229243343817,1456123352261
Running observer at: 1456123362797
production-topology4-4-1456123057,0.9685869457701725,0.8990628410285155,1456123362992
production-topology3-3-1456123050,0.9738488132017156,0.928803011533767,1456123362992
production-topology1-1-1456123038,0.896203144853332,0.9364452651494249,1456123362992
production-topology2-2-1456123044,1.0113890634820868,0.977735893117118,1456123362993
Running observer at: 1456123373424
production-topology4-4-1456123057,0.9617256923872637,0.9311203641080911,1456123373633
production-topology3-3-1456123050,1.0129359258650945,0.9625675423959368,1456123373634
production-topology1-1-1456123038,0.9547022178397039,0.9682686724107483,1456123373634
production-topology2-2-1456123044,1.1157332125947765,1.0149270002036106,1456123373634
Running observer at: 1456123384133
production-topology4-4-1456123057,1.132431007284223,0.9688680643508985,1456123384339
production-topology3-3-1456123050,1.018002498296616,0.996500959005824,1456123384340
production-topology1-1-1456123038,1.2463432502034255,1.009813447417529,1456123384340
production-topology2-2-1456123044,1.0117008432666421,1.0095263169662316,1456123384340
Running observer at: 1456123394839
production-topology4-4-1456123057,0.9647410841055275,1.0010261004877494,1456123395028
production-topology3-3-1456123050,0.9564512336250438,0.997859868051187,1456123395028
production-topology1-1-1456123038,1.0587478272997946,1.0124715295058122,1456123395028
production-topology2-2-1456123044,0.920846266243591,1.0080289532104707,1456123395028
Running observer at: 1456123405484
production-topology4-4-1456123057,1.021678236511996,1.00432488567084,1456123405688
production-topology3-3-1456123050,1.0083413154306857,0.9981711434562219,1456123405688
production-topology1-1-1456123038,0.8176118915680232,1.007568814780302,1456123405688
production-topology2-2-1456123044,0.9895145239972823,1.0079507190860506,1456123405688
Running observer at: 1456123416167
production-topology4-4-1456123057,0.9399480422692068,1.0011472500248888,1456123416378
production-topology3-3-1456123050,1.0279431268528632,0.9973732963018327,1456123416379
production-topology1-1-1456123038,1.08362303893491,1.0105939011941438,1456123416379
production-topology2-2-1456123044,0.9624062233488935,1.0069843718723088,1456123416379
Running observer at: 1456123426877
production-topology4-4-1456123057,1.083547013180531,1.005018800363577,1456123427087
production-topology3-3-1456123050,0.8847703353751741,0.9935263068543938,1456123427088
production-topology1-1-1456123038,0.986578991312679,1.0060234753172492,1456123427088
production-topology2-2-1456123044,1.1380560234021546,1.012696142344585,1456123427088
Running observer at: 1456123437625
production-topology4-4-1456123057,0.9742492651595274,1.0043121857907529,1456123437817
production-topology3-3-1456123050,1.0910878405204245,0.9989681632089961,1456123437818
production-topology1-1-1456123038,1.0768618493909192,1.011332101713652,1456123437818
production-topology2-2-1456123044,0.973083880399532,1.0114639206815557,1456123437818
Running observer at: 1456123448470
production-topology4-4-1456123057,1.0823896657391425,1.0064289634328125,1456123448672
production-topology3-3-1456123050,0.9562706719132967,0.9975852353017073,1456123448672
production-topology1-1-1456123038,1.0047385397059876,1.0103113596426043,1456123448673
production-topology2-2-1456123044,1.0142247510668565,1.0131013977183494,1456123448673
Running observer at: 1456123459218
production-topology4-4-1456123057,0.9251804425395276,1.0034553074049042,1456123459522
production-topology3-3-1456123050,1.021030741821798,0.997849869534929,1456123459523
production-topology1-1-1456123038,0.9746685324360405,1.0087476637979509,1456123459523
production-topology2-2-1456123044,0.9246651857302195,1.0107356156743144,1456123459523
Running observer at: 1456123470042
production-topology4-4-1456123057,1.0753011654114346,1.0074160567830779,1456123470267
production-topology3-3-1456123050,1.09232668887357,1.0019374091862154,1456123470267
production-topology1-1-1456123038,1.0588253126184162,1.012472687642271,1456123470267
production-topology2-2-1456123044,1.2140105559579988,1.0144410111666762,1456123470268
Running observer at: 1456123480843
production-topology4-4-1456123057,0.9579269541147006,1.0051036335300167,1456123481051
production-topology3-3-1456123050,0.8733389771833202,0.9970691559667414,1456123481051
production-topology1-1-1456123038,0.9517060070840893,1.0077570823740067,1456123481051
production-topology2-2-1456123044,0.8619877867634923,1.012093447888594,1456123481051
Running observer at: 1456123491649
production-topology4-4-1456123057,0.9912115030451791,1.0070511153252963,1456123491887
production-topology3-3-1456123050,1.115219251842967,0.9995772712046677,1456123491888
production-topology1-1-1456123038,1.121670296714649,1.011521788781479,1456123491888
production-topology2-2-1456123044,1.1847816995650722,1.0184566936606883,1456123491888
Running observer at: 1456123502370
production-topology4-4-1456123057,1.0620355744608276,1.0064185755939805,1456123502570
production-topology3-3-1456123050,0.9213149195463675,0.9983263865853432,1456123502570
production-topology1-1-1456123038,0.9104065238430934,1.0126562264367398,1456123502570
production-topology2-2-1456123044,0.9143503049359738,1.016275474773269,1456123502570
Running observer at: 1456123513093
production-topology4-4-1456123057,0.9508911130284727,1.0053452966796663,1456123513337
production-topology3-3-1456123050,1.0915218056241804,1.0012195890410145,1456123513337
production-topology1-1-1456123038,1.1322697939061728,1.0156119891789455,1456123513337
production-topology2-2-1456123044,0.9645293598032589,1.0144883018776656,1456123513337
Running observer at: 1456123523830
production-topology4-4-1456123057,1.0017322195392815,1.0032746108015778,1456123524036
production-topology3-3-1456123050,0.9978241296518607,0.9994137518078392,1456123524037
production-topology1-1-1456123038,0.8669258791176527,1.0064233156203166,1456123524037
production-topology2-2-1456123044,1.0262476069262774,1.0160198824951556,1456123524037
Running observer at: 1456123534547
production-topology4-4-1456123057,1.066972186030081,1.007017656182188,1456123534749
production-topology3-3-1456123050,1.0322852345013938,1.0025739006914194,1456123534749
production-topology1-1-1456123038,1.1812821963770441,1.014415199185264,1456123534750
production-topology2-2-1456123044,0.9525544799850355,1.0173911254194068,1456123534750
Running observer at: 1456123545343
production-topology4-4-1456123057,0.9392097209183348,1.0039064688052415,1456123545545
production-topology3-3-1456123050,1.0112955267384989,1.0026004681805276,1456123545545
production-topology1-1-1456123038,0.9873387576049718,1.0150801891358123,1456123545545
production-topology2-2-1456123044,1.1166408961690544,1.0106426562468598,1456123545546
Running observer at: 1456123556122
production-topology4-4-1456123057,1.038742033918818,1.0062355779791576,1456123556417
production-topology3-3-1456123050,0.9228058532871367,1.0003222946158294,1456123556418
production-topology1-1-1456123038,0.9015519181688472,1.0075067582455581,1456123556418
production-topology2-2-1456123044,0.8713136019978661,1.0104235012665308,1456123556418
Running observer at: 1456123566975
production-topology4-4-1456123057,0.9939672643331361,1.004432730233721,1456123567187
production-topology3-3-1456123050,1.1477178164654291,1.0064142380312158,1456123567187
production-topology1-1-1456123038,1.1406312578027484,1.0161399492087346,1456123567187
production-topology2-2-1456123044,0.9841121448201093,1.0094218507939152,1456123567187
Running observer at: 1456123577781
production-topology4-4-1456123057,1.0022555545408731,1.0067856355022695,1456123577983
production-topology3-3-1456123050,1.01415935544254,1.005790963257809,1456123577983
production-topology1-1-1456123038,0.9363886735207195,1.0148505647981108,1456123577983
production-topology2-2-1456123044,1.0543861819372025,1.0148516353489636,1456123577984
Running observer at: 1456123588474
production-topology4-4-1456123057,0.9384472586715491,1.005111959415017,1456123588701
production-topology3-3-1456123050,1.0147971843824377,1.0072324881815817,1456123588701
production-topology1-1-1456123038,1.0727254686896714,1.0065664693996361,1456123588702
production-topology2-2-1456123044,0.9143455222521135,1.0133328283255838,1456123588702
Running observer at: 1456123599276
production-topology4-4-1456123057,0.9848393696482668,1.0054802717404923,1456123599472
production-topology3-3-1456123050,0.9612430649272754,1.0059739859867114,1456123599473
production-topology1-1-1456123038,0.831543912268604,1.0056104372364678,1456123599473
production-topology2-2-1456123044,1.0135206099807874,1.0119125583578445,1456123599473
Running observer at: 1456123610032
production-topology4-4-1456123057,1.0887540739267467,1.0088892200903816,1456123610229
production-topology3-3-1456123050,0.9815345963340956,1.0049160472027279,1456123610229
production-topology1-1-1456123038,1.157894859283126,1.0104654097651966,1456123610229
production-topology2-2-1456123044,1.0382315914366425,1.007027103382034,1456123610230
Running observer at: 1456123620781
production-topology4-4-1456123057,0.9768157793724048,1.005847538173584,1456123620980
production-topology3-3-1456123050,1.002173390189409,1.006155181801752,1456123620980
production-topology1-1-1456123038,1.0062085221097798,1.0115602733067566,1456123620981
production-topology2-2-1456123044,1.014230796005662,1.0109222514726863,1456123620981
Running observer at: 1456123631501
production-topology4-4-1456123057,0.9815345841468952,1.0060372885897895,1456123631695
production-topology3-3-1456123050,1.029263631052121,1.006442926885984,1456123631695
production-topology1-1-1456123038,0.9673913043478262,1.0115108174515774,1456123631696
production-topology2-2-1456123044,0.9292972772235445,1.0111486402420253,1456123631696
Running observer at: 1456123642325
production-topology4-4-1456123057,1.0177794588664155,1.0068418617827297,1456123642526
production-topology3-3-1456123050,0.984002912893427,1.0066535510938346,1456123642527
production-topology1-1-1456123038,0.9999303295970873,1.0088896064134534,1456123642527
production-topology2-2-1456123044,1.0462764381420773,1.003862488826449,1456123642527
Running observer at: 1456123653094
production-topology4-4-1456123057,0.9795045191330358,1.0052385446905188,1456123653308
production-topology3-3-1456123050,0.965380362600488,1.0035378154580592,1456123653309
production-topology1-1-1456123038,1.1709637905122703,1.0150075848126134,1456123653309
production-topology2-2-1456123044,1.0412258494337108,1.0069688649963549,1456123653309
Running observer at: 1456123663898
production-topology4-4-1456123057,0.9806522180311679,1.0056298480858092,1456123664138
production-topology3-3-1456123050,1.0200454419030751,1.0048579799405943,1456123664138
production-topology1-1-1456123038,0.933136287191461,1.0183035142157195,1456123664139
production-topology2-2-1456123044,0.9702073974700354,1.0046823932388353,1456123664139
Running observer at: 1456123674686
production-topology4-4-1456123057,1.0372421120204849,1.0040097352701742,1456123674977
production-topology3-3-1456123050,0.9515534700577022,1.002682870546667,1456123674978
production-topology1-1-1456123038,1.1491053417515915,1.0192658572018212,1456123674978
production-topology2-2-1456123044,1.1041318410838448,1.00926673051406,1456123674978
Running observer at: 1456123685462
production-topology4-4-1456123057,1.0061009708737862,1.005260202773628,1456123685661
production-topology3-3-1456123050,1.0841231798407187,1.0063586827679671,1456123685661
production-topology1-1-1456123038,1.0656888468856085,1.0249153806028974,1456123685661
production-topology2-2-1456123044,0.8518032078069316,1.0039472019915547,1456123685661
Running observer at: 1456123696240
production-topology4-4-1456123057,1.0512640830159987,1.0082448157945858,1456123696434
production-topology3-3-1456123050,0.9329602908417785,1.00369282826719,1456123696434
production-topology1-1-1456123038,0.895834383259957,1.0229531194502388,1456123696434
production-topology2-2-1456123044,1.162689269049312,1.0055124038733725,1456123696434
Running observer at: 1456123706918
production-topology4-4-1456123057,0.9729947797142904,1.002930274875588,1456123707148
production-topology3-3-1456123050,1.0358919873902535,1.004289144570311,1456123707148
production-topology1-1-1456123038,0.9632946197726435,1.0135181651025462,1456123707148
production-topology2-2-1456123044,0.8189756457948882,0.9990882306243141,1456123707149
Running observer at: 1456123717669
production-topology4-4-1456123057,0.9658715836153577,1.0029679581925823,1456123717861
production-topology3-3-1456123050,1.0091001415143315,1.0060441081666207,1456123717861
production-topology1-1-1456123038,1.0414547948936368,1.0129417306890074,1456123717861
production-topology2-2-1456123044,1.2326648668082831,1.0094821839764705,1456123717862
Running observer at: 1456123728335
production-topology4-4-1456123057,1.0311314912991363,1.0032830666854868,1456123728539
production-topology3-3-1456123050,1.0018426708407497,1.0058274866802894,1456123728539
production-topology1-1-1456123038,1.0216836734693877,1.019744123419053,1456123728539
production-topology2-2-1456123044,0.9979972734745778,1.0097649422923802,1456123728539
Running observer at: 1456123739023
production-topology4-4-1456123057,0.9925033225058892,1.005034909360043,1456123739217
production-topology3-3-1456123050,0.9752630773204428,1.0040714850292087,1456123739218
production-topology1-1-1456123038,0.9608131746907259,1.0156504612775803,1456123739218
production-topology2-2-1456123044,0.8507949658324531,1.0060445670418323,1456123739218
Running observer at: 1456123749727
production-topology4-4-1456123057,1.0151108715167556,1.0027537046379174,1456123749898
production-topology3-3-1456123050,1.019658701351079,1.0085677638950723,1456123749899
production-topology1-1-1456123038,1.0914125295508275,1.019144912552185,1456123749899
production-topology2-2-1456123044,1.1470858256810175,1.0063455604511276,1456123749899
Running observer at: 1456123760403
production-topology4-4-1456123057,0.9473445403206378,1.001856880476621,1456123760594
production-topology3-3-1456123050,0.9920894550999217,1.005267817714389,1456123760594
production-topology1-1-1456123038,0.9194750633891724,1.0138986863521269,1456123760594
production-topology2-2-1456123044,0.88285215372106,1.003337836228512,1456123760594
Running observer at: 1456123771030
production-topology4-4-1456123057,0.9749093756337242,0.9982742041397737,1456123771219
production-topology3-3-1456123050,1.0309080348249835,1.007755729811445,1456123771219
production-topology1-1-1456123038,1.018546894159689,1.0143589648339169,1456123771219
production-topology2-2-1456123044,0.9731316203740762,1.0019680652054193,1456123771219
Running observer at: 1456123781822
production-topology4-4-1456123057,1.0389011440182598,1.0020648941890649,1456123782024
production-topology3-3-1456123050,1.0570313392619108,1.0089557497261155,1456123782024
production-topology1-1-1456123038,1.0348205364749157,1.0163640316352125,1456123782025
production-topology2-2-1456123044,0.9617155226659037,1.0032030764366087,1456123782025
Running observer at: 1456123792508
production-topology4-4-1456123057,1.022371023939554,1.0003005561400022,1456123792696
production-topology3-3-1456123050,0.8295405615066153,1.000196212147217,1456123792696
production-topology1-1-1456123038,1.102647098748536,1.0178247578395498,1456123792696
production-topology2-2-1456123044,1.1068016270929901,0.9996294454744419,1456123792697
Running observer at: 1456123803285
production-topology4-4-1456123057,1.0001251956181532,1.0017071641901174,1456123803481
production-topology3-3-1456123050,1.0919293763313274,1.0074825587854839,1456123803482
production-topology1-1-1456123038,1.0630713200773267,1.0215369349393244,1456123803482
production-topology2-2-1456123044,1.0322813337306087,1.0053058970400124,1456123803482
Running observer at: 1456123813996
production-topology4-4-1456123057,0.9870859251670185,1.001569644927512,1456123814259
production-topology3-3-1456123050,0.9795695797586157,1.002960903049339,1456123814260
production-topology1-1-1456123038,1.0002844463404372,1.0174907399268507,1456123814260
production-topology2-2-1456123044,0.8799407014678893,0.995144530436773,1456123814260
Running observer at: 1456123824731
production-topology4-4-1456123057,0.9363162878787878,0.997379002041444,1456123824927
production-topology3-3-1456123050,0.9502387921937387,1.0039250321375845,1456123824927
production-topology1-1-1456123038,0.9757665300048521,1.0196694067989094,1456123824928
production-topology2-2-1456123044,1.2224989622249895,1.0054161523464067,1456123824928
Running observer at: 1456123835569
production-topology4-4-1456123057,1.0618536277443282,1.0010777525319723,1456123835761
production-topology3-3-1456123050,1.1288181508188397,1.0051682436440732,1456123835761
production-topology1-1-1456123038,0.9637629550890248,1.014052512171671,1456123835761
production-topology2-2-1456123044,0.9305877284260698,1.0042847646338338,1456123835761
Running observer at: 1456123846308
production-topology4-4-1456123057,1.0389417222592403,1.0023180692893046,1456123846530
production-topology3-3-1456123050,0.955552205272753,1.003759179498103,1456123846530
production-topology1-1-1456123038,1.00250539989503,1.018571829530917,1456123846530
production-topology2-2-1456123044,0.9353156553242602,1.0012536995804333,1456123846531
Running observer at: 1456123857079
production-topology4-4-1456123057,0.9499799165976588,0.9984183269748905,1456123857287
production-topology3-3-1456123050,1.0974828355871376,1.0059324328676278,1456123857287
production-topology1-1-1456123038,0.9749353108116312,1.01169360001207,1456123857287
production-topology2-2-1456123044,0.9482779153963415,1.0011111474274768,1456123857287
Running observer at: 1456123867833
production-topology4-4-1456123057,0.9509703715397388,0.9988103486622707,1456123868027
production-topology3-3-1456123050,0.943047011596204,1.0036574823628845,1456123868027
production-topology1-1-1456123038,1.0057025971610987,1.012305727997274,1456123868027
production-topology2-2-1456123044,1.0577191166321602,0.9991470881095803,1456123868027
Running observer at: 1456123878579
production-topology4-4-1456123057,1.019538746542158,0.9981702390830485,1456123878779
production-topology3-3-1456123050,0.9264426969738859,1.003778710485776,1456123878779
production-topology1-1-1456123038,1.077994019849494,1.0181871313866293,1456123878779
production-topology2-2-1456123044,0.9768270277176859,1.002664202300241,1456123878780
Running observer at: 1456123889380
production-topology4-4-1456123057,1.0829073807407488,1.0011349096299689,1456123889572
production-topology3-3-1456123050,1.0321766392740968,0.9999273379127319,1456123889573
production-topology1-1-1456123038,0.9424313570944124,1.0115804680296845,1456123889573
production-topology2-2-1456123044,0.9910377135844425,1.0028950545923854,1456123889573
Running observer at: 1456123900179
production-topology4-4-1456123057,0.9729262317813454,1.0001572655379847,1456123900379
production-topology3-3-1456123050,1.1075839297219323,1.0030414903887115,1456123900379
production-topology1-1-1456123038,1.1037961443436548,1.0171607170571157,1456123900379
production-topology2-2-1456123044,0.9317341817140312,0.9988066545849464,1456123900379
Running observer at: 1456123910887
production-topology4-4-1456123057,0.987540962835527,1.0017937223434508,1456123911178
production-topology3-3-1456123050,1.0237706246251177,1.0033406050634677,1456123911178
production-topology1-1-1456123038,0.8643569238767288,1.0102150988966845,1456123911178
production-topology2-2-1456123044,1.122485292133147,1.005744646914314,1456123911179
Running observer at: 1456123921668
production-topology4-4-1456123057,0.928388485342303,0.9999120261999185,1456123921940
production-topology3-3-1456123050,0.9401753855326279,1.002638349083646,1456123921941
production-topology1-1-1456123038,1.0545652173913043,1.0176491424007745,1456123921941
production-topology2-2-1456123044,1.0012116598471155,1.0053343485765251,1456123921941
Running observer at: 1456123932532
production-topology4-4-1456123057,1.0084253803005279,0.9972344030790443,1456123932730
production-topology3-3-1456123050,1.0225710209636785,1.0040062299046322,1456123932730
production-topology1-1-1456123038,0.961160001158628,1.0110913137966249,1456123932731
production-topology2-2-1456123044,1.1288172756645274,1.0083538713841211,1456123932731
Running observer at: 1456123943297
production-topology4-4-1456123057,0.9732136210398697,0.9971143311346264,1456123943553
production-topology3-3-1456123050,1.0130790587519616,1.0043697521900505,1456123943553
production-topology1-1-1456123038,0.9894881228892406,1.0105339671559401,1456123943553
production-topology2-2-1456123044,0.8761219393664061,1.0037502428294793,1456123943554
Running observer at: 1456123953996
production-topology4-4-1456123057,1.1039423996897182,1.0011945916527205,1456123954196
production-topology3-3-1456123050,1.0038162246457203,1.0035215053098372,1456123954196
production-topology1-1-1456123038,0.8816876974190274,1.0076771802583133,1456123954196
production-topology2-2-1456123044,1.0430842145063302,1.0075431407389055,1456123954196
Running observer at: 1456123964870
production-topology4-4-1456123057,1.0567892508075618,1.0024949180507587,1456123965057
production-topology3-3-1456123050,0.9332905022689884,1.001831091622356,1456123965058
production-topology1-1-1456123038,1.310972788829541,1.0180452622327287,1456123965058
production-topology2-2-1456123044,0.9984336339988514,1.0059483806007978,1456123965058
Running observer at: 1456123975631
production-topology4-4-1456123057,0.8907618220229627,0.9995368281470897,1456123975823
production-topology3-3-1456123050,1.0879056307543191,1.0059152672274836,1456123975823
production-topology1-1-1456123038,0.9435436048919196,1.0104645893787167,1456123975824
production-topology2-2-1456123044,1.0526622922314177,1.0063295953607214,1456123975824
Running observer at: 1456123986352
production-topology4-4-1456123057,1.0563193081798599,1.0020590644853793,1456123986574
production-topology3-3-1456123050,0.9684497035630637,1.0041954092828167,1456123986574
production-topology1-1-1456123038,1.0604284336419751,1.0147076609270673,1456123986575
production-topology2-2-1456123044,0.8966769692842299,1.0038785810878614,1456123986575
Running observer at: 1456123997187
production-topology4-4-1456123057,0.9704333722247247,0.9998321064921873,1456123997395
production-topology3-3-1456123050,1.0158534545205695,1.0063387420982457,1456123997395
production-topology1-1-1456123038,0.947898808510756,1.0080007764857062,1456123997396
production-topology2-2-1456123044,0.9911879898995829,1.000113786048386,1456123997396
Running observer at: 1456124007949
production-topology4-4-1456123057,1.020885590446496,1.0003249271446113,1456124008136
production-topology3-3-1456123050,1.0261709182267096,1.0044070000444452,1456124008136
production-topology1-1-1456123038,1.0555954306690805,1.0076643292784886,1456124008137
production-topology2-2-1456123044,0.9686912714842597,1.00401005483763,1456124008137
Running observer at: 1456124018564
production-topology4-4-1456123057,0.9185877483556653,0.9959023826559333,1456124018744
production-topology3-3-1456123050,0.8943970014238021,1.003121557063846,1456124018744
production-topology1-1-1456123038,1.108709816750905,1.0147601770615202,1456124018744
production-topology2-2-1456123044,1.0634654903628118,1.0007025955480802,1456124018744
Running observer at: 1456124029281
production-topology4-4-1456123057,1.0245529780529152,0.9976209892672209,1456124029515
production-topology3-3-1456123050,2.0,1.0352584908175042,1456124029515
production-topology1-1-1456123038,0.8380672838051524,1.0105859325292705,1456124029515
production-topology2-2-1456123044,1.0273863670683967,1.0076496195905305,1456124029515
Running observer at: 1456124039990
production-topology4-4-1456123057,0.9946370659295413,0.9985798386776938,1456124040187
production-topology3-3-1456123050,2.0,1.06828848610036,1456124040188
production-topology1-1-1456123038,1.0939595829451045,1.012336092130986,1456124040188
production-topology2-2-1456123044,1.0330455672264638,1.000995642937803,1456124040188
Running observer at: 1456124042434
production-topology4-4-1456123057,1.1621174524400333,1.0029460373823902,1456124042640
production-topology3-3-1456123050,2.0,1.1015603970723347,1456124042641
production-topology1-1-1456123038,1.3699320070511205,1.0239443699170436,1456124042641
production-topology2-2-1456123044,0.5031529411764708,0.9845008318611994,1456124042641
Running observer at: 1456124050807
production-topology4-4-1456123057,1.0033753262966747,1.0033084375087495,1456124050991
production-topology3-3-1456123050,2.0,1.1357182944949864,1456124050991
production-topology1-1-1456123038,0.9522384917216962,1.0236585471514095,1456124050991
production-topology2-2-1456123044,0.9943920184283235,0.9892874002810619,1456124050991
Running observer at: 1456124061471
production-topology4-4-1456123057,0.9151699586749128,0.9999770737473549,1456124061673
production-topology3-3-1456123050,2.0,1.168396337783284,1456124061673
production-topology1-1-1456123038,0.9321680555152289,1.0183503980168895,1456124061673
production-topology2-2-1456123044,1.051038473167045,0.9860858218639293,1456124061673
Running observer at: 1456124072283
production-topology4-4-1456123057,1.0071348237395186,1.001970083194651,1456124072551
production-topology3-3-1456123050,0.9583420143750103,1.167271423092454,1456124072552
production-topology1-1-1456123038,1.0517773870090326,1.0227604754708848,1456124072552
production-topology2-2-1456123044,1.1090053123282653,0.9936242604841695,1456124072552
Running observer at: 1456124083166
production-topology4-4-1456123057,1.0551334595049218,1.004644219323691,1456124083497
production-topology3-3-1456123050,0.978178567024294,1.165513774165764,1456124083497
production-topology1-1-1456123038,1.0148857908360203,1.0226384386934293,1456124083497
production-topology2-2-1456123044,0.902519976391795,0.9912705390180935,1456124083498
Running observer at: 1456124094129
production-topology4-4-1456123057,0.9795034970281737,1.0026642977573548,1456124094335
production-topology3-3-1456123050,1.0126041827530003,1.1640328689488004,1456124094335
production-topology1-1-1456123038,1.0714432988325238,1.0238591974386828,1456124094335
production-topology2-2-1456123044,1.0539787692553275,0.9943459805710743,1456124094335
Running observer at: 1456124104841
production-topology4-4-1456123057,1.0476867399715681,1.003508154958422,1456124105128
production-topology3-3-1456123050,1.0079367383304485,1.1699794081762616,1456124105128
production-topology1-1-1456123038,1.0980257279979762,1.0237051517469973,1456124105128
production-topology2-2-1456123044,0.9640094566140888,0.989586241555111,1456124105128
Running observer at: 1456124115575
production-topology4-4-1456123057,0.986957628085551,1.0030692360406686,1456124115773
production-topology3-3-1456123050,0.9836858805288051,1.1663712916495108,1456124115773
production-topology1-1-1456123038,0.7973716554516876,1.0148484962594762,1456124115774
production-topology2-2-1456123044,1.0692336171788228,0.9908179843367183,1456124115774
Running observer at: 1456124126309
production-topology4-4-1456123057,1.0376527749949909,1.004754797701601,1456124126496
production-topology3-3-1456123050,1.0730769230769228,1.1694882030934544,1456124126497
production-topology1-1-1456123038,1.1235410552180738,1.0189570498887306,1456124126497
production-topology2-2-1456123044,0.9546589451521413,0.9933085924595265,1456124126497
Running observer at: 1456124137000
production-topology4-4-1456123057,0.9051793622209281,1.0037169001796722,1456124137209
production-topology3-3-1456123050,0.9586092081595161,1.1697672169589801,1456124137210
production-topology1-1-1456123038,0.9119263089851324,1.0168290425214068,1456124137210
production-topology2-2-1456123044,0.9504546119111311,0.9842404474490646,1456124137210
Running observer at: 1456124147723
production-topology4-4-1456123057,0.9964528633072478,1.0015368746984363,1456124147921
production-topology3-3-1456123050,0.958684390108328,1.1640960916019631,1456124147921
production-topology1-1-1456123038,1.0778922914688172,1.0206333537340664,1456124147921
production-topology2-2-1456123044,0.9774133663366337,0.9858013020460833,1456124147921
Running observer at: 1456124158469
production-topology4-4-1456123057,1.074215844794225,1.0027126787829357,1456124158677
production-topology3-3-1456123050,0.9813452489656097,1.1649558597250584,1456124158677
production-topology1-1-1456123038,1.0092090145824126,1.0208568075569793,1456124158678
production-topology2-2-1456123044,1.087927773253132,0.9908883726437124,1456124158678
Running observer at: 1456124169148
production-topology4-4-1456123057,0.9548741119224291,1.0028758186270947,1456124169345
production-topology3-3-1456123050,1.0429832716650402,1.163139207594322,1456124169345
production-topology1-1-1456123038,0.9982978179859271,1.0216355577961225,1456124169345
production-topology2-2-1456123044,1.022266645702922,0.9933546636539317,1456124169345
Running observer at: 1456124179942
production-topology4-4-1456123057,1.099041538658474,1.0078115241977192,1456124180220
production-topology3-3-1456123050,1.0238999680689918,1.1658343061434147,1456124180220
production-topology1-1-1456123038,1.1126261833433757,1.0251996773355319,1456124180220
production-topology2-2-1456123044,0.950719620689775,0.9897880137891857,1456124180220
Running observer at: 1456124190802
production-topology4-4-1456123057,0.9434346326582246,1.005274720401588,1456124191051
production-topology3-3-1456123050,0.9806589774544814,1.1676415154927677,1456124191052
production-topology1-1-1456123038,0.822072869669413,1.0166689723295292,1456124191052
production-topology2-2-1456123044,1.0702669658244723,0.9929026783927453,1456124191052
Running observer at: 1456124201550
production-topology4-4-1456123057,1.0117213478453788,1.0029018526384093,1456124201835
production-topology3-3-1456123050,1.0259363443317706,1.167433505661357,1456124201835
production-topology1-1-1456123038,1.065284889645771,1.0207640900812411,1456124201835
production-topology2-2-1456123044,0.9348939221803998,0.9910312186792771,1456124201835
Running observer at: 1456124212393
production-topology4-4-1456123057,1.0630598876881154,1.0059063078353017,1456124212607
production-topology3-3-1456123050,0.9933166286351265,1.16362459562513,1456124212607
production-topology1-1-1456123038,1.117971295320691,1.0212365951138087,1456124212607
production-topology2-2-1456123044,1.1924055148263617,0.9997202631163549,1456124212608
Running observer at: 1456124223139
production-topology4-4-1456123057,0.9546858734856507,1.0048111381903058,1456124223357
production-topology3-3-1456123050,0.9610106687483736,1.1615325970959054,1456124223358
production-topology1-1-1456123038,1.2070018554674364,1.032658092833499,1456124223358
production-topology2-2-1456123044,0.8901167841809375,0.9919746461846145,1456124223358
Running observer at: 1456124233823
production-topology4-4-1456123057,1.0029732957833544,1.0072972985383408,1456124234030
production-topology3-3-1456123050,1.0276235363843642,1.1644475354576298,1456124234030
production-topology1-1-1456123038,0.8805956536812083,1.0268591073764959,1456124234030
production-topology2-2-1456123044,1.0798019772147243,0.9945943234302016,1456124234030
Running observer at: 1456124244508
production-topology4-4-1456123057,1.033541880271995,1.0081345152040562,1456124244702
production-topology3-3-1456123050,1.0046425676912576,1.1638499203485493,1456124244703
production-topology1-1-1456123038,0.941874962319889,1.0262162727485378,1456124244703
production-topology2-2-1456123044,0.9105651429608944,0.9873192523400803,1456124244703
Running observer at: 1456124255185
production-topology4-4-1456123057,0.9791622481442206,1.0083328027742013,1456124255381
production-topology3-3-1456123050,1.1028900466737115,1.1668436199459409,1456124255381
production-topology1-1-1456123038,1.0865157225732551,1.0294505260713385,1456124255381
production-topology2-2-1456123044,0.9846706700469171,0.990937543362764,1456124255382
Running observer at: 1456124265908
production-topology4-4-1456123057,1.007866521606203,1.0051302735047507,1456124266092
production-topology3-3-1456123050,0.9133518131498176,1.1638281395627443,1456124266092
production-topology1-1-1456123038,0.873896788939805,1.029190829122031,1456124266092
production-topology2-2-1456123044,1.0441782350178803,0.9909740107131491,1456124266092
Running observer at: 1456124276637
production-topology4-4-1456123057,0.9759995316812196,1.002437282867206,1456124276837
production-topology3-3-1456123050,1.0033007304913129,1.1661618138368217,1456124276837
production-topology1-1-1456123038,0.9055701302689115,1.01567740717001,1456124276837
production-topology2-2-1456123044,1.0161155577634309,0.9915634081719685,1456124276837
Running observer at: 1456124287405
production-topology4-4-1456123057,0.9624739931115898,1.0048276885701604,1456124287596
production-topology3-3-1456123050,0.9807287775888893,1.1625892520646406,1456124287597
production-topology1-1-1456123038,1.1918399144549807,1.023953950822112,1456124287597
production-topology2-2-1456123044,1.0467976402708679,0.9913679197732834,1456124287597
Running observer at: 1456124298186
production-topology4-4-1456123057,1.0328259954618653,1.004044578146227,1456124298492
production-topology3-3-1456123050,1.0168098105868604,1.1642012556321004,1456124298493
production-topology1-1-1456123038,0.9670810185185186,1.020842370317997,1456124298493
production-topology2-2-1456123044,0.9191226241675953,0.9921161082693958,1456124298493
Running observer at: 1456124309026
production-topology4-4-1456123057,1.0040737593599078,1.0051659243840667,1456124309222
production-topology3-3-1456123050,1.0521246575404701,1.1654102957327637,1456124309222
production-topology1-1-1456123038,0.9765106752966153,1.021796099210859,1456124309222
production-topology2-2-1456123044,0.9727332650452898,0.9915009507742525,1456124309222
Running observer at: 1456124319807
production-topology4-4-1456123057,1.0742089594695163,1.0069433700181674,1456124320044
production-topology3-3-1456123050,0.9801760674588795,1.1638771340405027,1456124320044
production-topology1-1-1456123038,1.0279231652831469,1.020873690364661,1456124320044
production-topology2-2-1456123044,1.1285151727287244,0.9968284141490681,1456124320045
Running observer at: 1456124330648
production-topology4-4-1456123057,0.8972553071861655,1.0062322886458503,1456124330840
production-topology3-3-1456123050,0.9908485709928321,1.16709218635947,1456124330840
production-topology1-1-1456123038,1.11985435940952,1.0212451751199483,1456124330840
production-topology2-2-1456123044,1.0262499777314593,0.9955878970613564,1456124330840
Running observer at: 1456124341373
production-topology4-4-1456123057,1.0430159464377495,1.0068477209253448,1456124341599
production-topology3-3-1456123050,0.9692977487025385,1.132735444649555,1456124341599
production-topology1-1-1456123038,1.017439700655766,1.0272242556816353,1456124341599
production-topology2-2-1456123044,0.9910305090963908,0.9943760351289561,1456124341599
Running observer at: 1456124352072
production-topology4-4-1456123057,0.9666703750013951,1.0059154978944067,1456124352251
production-topology3-3-1456123050,0.9661567880827941,1.0982740042523147,1456124352251
production-topology1-1-1456123038,0.9844987477154267,1.0235755611739796,1456124352251
production-topology2-2-1456123044,0.9979363374048231,0.9932057274682348,1456124352251
Running observer at: 1456124362737
production-topology4-4-1456123057,1.0459871840345483,1.002044488947557,1456124362957
production-topology3-3-1456123050,1.0335047729843776,1.0660574966851273,1456124362957
production-topology1-1-1456123038,1.078058225685504,1.013846435128459,1456124362958
production-topology2-2-1456123044,0.9818465009766282,1.0091621794615733,1456124362958
Running observer at: 1456124373430
production-topology4-4-1456123057,0.9386361883984219,0.999886517684282,1456124373616
production-topology3-3-1456123050,1.0544870340837313,1.0345403978212515,1456124373616
production-topology1-1-1456123038,0.9255957412618956,1.0129583434464657,1456124373617
production-topology2-2-1456123044,1.0435147636510176,1.01079960430233,1456124373617
Running observer at: 1456124384221
production-topology4-4-1456123057,1.0958050689924181,1.005907688028199,1456124384415
production-topology3-3-1456123050,0.969354277410734,1.0001855404016096,1456124384415
production-topology1-1-1456123038,0.970322327763222,1.0142301525213988,1456124384415
production-topology2-2-1456123044,0.9989215086151285,1.0090623721505994,1456124384415
Running observer at: 1456124394923
production-topology4-4-1456123057,0.9286179658768607,1.003290459432777,1456124395128
production-topology3-3-1456123050,1.0349732737020483,1.0027399157125108,1456124395128
production-topology1-1-1456123038,0.855864232682958,1.007699714043863,1456124395129
production-topology2-2-1456123044,0.9193770254171952,1.0027414292535637,1456124395129
Running observer at: 1456124405776
production-topology4-4-1456123057,0.989041147014968,1.0010873823497788,1456124405966
production-topology3-3-1456123050,0.9657941131579093,1.0023271005836312,1456124405967
production-topology1-1-1456123038,1.1470949171583655,1.0121066849212745,1456124405967
production-topology2-2-1456123044,1.1165581998873422,1.0098760367034152,1456124405967
Running observer at: 1456124416507
production-topology4-4-1456123057,1.0576556432039337,1.0036924538889707,1456124416837
production-topology3-3-1456123050,1.0499749777927911,1.0035727937516243,1456124416837
production-topology1-1-1456123038,0.8860755050579092,1.0059277584621205,1456124416837
production-topology2-2-1456123044,0.9750115021787258,1.0072437944675288,1456124416837
Running observer at: 1456124427360
production-topology4-4-1456123057,0.9875736812209384,1.0016886852639495,1456124427547
production-topology3-3-1456123050,0.8907164771176369,0.9996654517111971,1456124427547
production-topology1-1-1456123038,1.1334531065534381,1.0071086710806358,1456124427547
production-topology2-2-1456123044,0.9426817188280273,1.0065328698746598,1456124427548
/var/nimbus/storm/bin/storm rebalance production-topology3 -e spout_head=11
1456124427898
/var/nimbus/storm/bin/storm rebalance production-topology4 -e bolt_output_1=9
Running observer at: 1456124438137
production-topology3-3-1456123050,0.9964961718543304,0.9964961718543304,1456124438291
production-topology4-4-1456123057,0.9992972678687703,0.9992972678687703,1456124438291
production-topology1-1-1456123038,0.9827711343056611,1.0132886537091017,1456124438292
production-topology2-2-1456123044,0.979439120879121,1.0035397199980032,1456124438292
Running observer at: 1456124448810
production-topology3-3-1456123050,2.0,1.4982480859271652,1456124449038
production-topology4-4-1456123057,0.6012500000000001,0.8002736339343852,1456124449038
production-topology1-1-1456123038,1.0255940611538736,1.0100237539069616,1456124449038
production-topology2-2-1456123044,1.1758815646333582,1.0109138073140438,1456124449038
Running observer at: 1456124459478
production-topology3-3-1456123050,2.0,1.6654987239514434,1456124459669
production-topology4-4-1456123057,2.0,1.2001824226229234,1456124459669
production-topology1-1-1456123038,0.9923542529467985,1.0127046853723507,1456124459669
production-topology2-2-1456123044,1.2028429168116703,1.0193267508107282,1456124459669
Running observer at: 1456124466361
production-topology3-3-1456123050,2.0,1.7491240429635826,1456124466542
production-topology4-4-1456123057,2.0,1.4001368169671926,1456124466542
production-topology1-1-1456123038,1.1155487850476837,1.0139599018249794,1456124466542
production-topology2-2-1456123044,0.756808545125116,1.0119732567703443,1456124466542
Running observer at: 1456124467066
production-topology3-3-1456123050,0.0,1.3992992343708661,1456124467280
production-topology4-4-1456123057,2.0,1.520109453573754,1456124467281
production-topology1-1-1456123038,2.999999999999999,1.080319601338899,1456124467281
production-topology2-2-1456123044,1.0,1.0090423309952399,1456124467281
Running observer at: 1456124470123
production-topology3-3-1456123050,0.9954525550463723,1.3319914544834506,1456124470346
production-topology4-4-1456123057,0.0,1.2667578779781283,1456124470346
production-topology1-1-1456123038,0.7399176954732511,1.0717069305884763,1456124470346
production-topology2-2-1456123044,1.0062848668879318,1.0085096050347402,1456124470346
Running observer at: 1456124480778
production-topology3-3-1456123050,0.1335402596457297,1.1607841409352047,1456124481003
production-topology4-4-1456123057,0.0,1.0857924668383958,1456124481003
production-topology1-1-1456123038,1.0500270908316882,1.0696202941714203,1456124481004
production-topology2-2-1456123044,1.0088846681439274,1.0104484399498788,1456124481004
Running observer at: 1456124491513
production-topology3-3-1456123050,0.6916320168466004,1.1021401254241292,1456124491693
production-topology4-4-1456123057,0.24323178984361865,0.9804723822140486,1456124491693
production-topology1-1-1456123038,0.9692723991810076,1.0745269451551398,1456124491693
production-topology2-2-1456123044,1.0494911966683547,1.0097559143113413,1456124491693
Running observer at: 1456124502278
production-topology3-3-1456123050,1.1137286578637786,1.1034277401396457,1456124502469
production-topology4-4-1456123057,0.10469398798480431,0.8831636717441326,1456124502469
production-topology1-1-1456123038,1.0070318289896245,1.072585176466602,1456124502469
production-topology2-2-1456123044,0.9692365484137501,1.0109006685191197,1456124502469
Running observer at: 1456124512987
production-topology3-3-1456123050,1.0579220724710676,1.0988771733727878,1456124513234
production-topology4-4-1456123057,0.15907118055555552,0.8107544226252749,1456124513234
production-topology1-1-1456123038,0.838496319952328,1.063269343954323,1456124513235
production-topology2-2-1456123044,1.0498156209646285,1.006147672057062,1456124513235
Running observer at: 1456124523716
production-topology3-3-1456123050,0.945247745481028,1.0849108617462642,1456124523905
production-topology4-4-1456123057,0.23279204628810968,0.7582123884128052,1456124523905
production-topology1-1-1456123038,1.0444834048342369,1.05785206226655,1456124523905
production-topology2-2-1456123044,0.8999788447284314,1.006476407408645,1456124523905
Running observer at: 1456124534446
production-topology3-3-1456123050,1.0825214735855593,1.0847117460662055,1456124534636
production-topology4-4-1456123057,0.7597578301824639,0.7583411752269434,1456124534636
production-topology1-1-1456123038,1.191576807651015,1.06821810073221,1456124534637
production-topology2-2-1456123044,1.1305095325327363,1.0081666592525789,1456124534637
Running observer at: 1456124545192
production-topology3-3-1456123050,0.9819091352828566,1.076803852929025,1456124545378
production-topology4-4-1456123057,1.2492345340723492,0.7961022028304362,1456124545378
production-topology1-1-1456123038,1.0061951228161,1.0703621060820836,1456124545378
production-topology2-2-1456123044,0.8281810932425923,1.0054205242619687,1456124545378
Running observer at: 1456124555896
production-topology3-3-1456123050,1.0244251769313295,1.0730625189291894,1456124556139
production-topology4-4-1456123057,1.0036450751454429,0.8109266937100795,1456124556139
production-topology1-1-1456123038,0.9102363536020495,1.0644861271163768,1456124556139
production-topology2-2-1456123044,1.095466147728591,1.0091137068513578,1456124556139
Running observer at: 1456124566826
production-topology3-3-1456123050,1.0069485020181126,1.0686549178017843,1456124567031
production-topology4-4-1456123057,1.0254980597744874,0.8252314514477066,1456124567031
production-topology1-1-1456123038,0.9247229108867011,1.0661803311812732,1456124567031
production-topology2-2-1456123044,1.0289229844056664,1.0086051984976172,1456124567031
Running observer at: 1456124577554
production-topology3-3-1456123050,0.947351673914967,1.0610734650588582,1456124577893
production-topology4-4-1456123057,1.0468214815307295,0.8390808283278955,1456124577893
production-topology1-1-1456123038,0.9483148461285048,1.0676051550432597,1456124577893
production-topology2-2-1456123044,0.9412323979591836,1.006109093170809,1456124577893
Running observer at: 1456124588409
production-topology3-3-1456123050,1.0403567798874664,1.0598548365193647,1456124588635
production-topology4-4-1456123057,1.0636493636184428,0.852290742168516,1456124588636
production-topology1-1-1456123038,1.1357912457912456,1.0657368660878017,1456124588636
production-topology2-2-1456123044,1.0556191753911022,1.0064031443414836,1456124588636
Running observer at: 1456124599174
production-topology3-3-1456123050,0.9627324833770512,1.0544591502336804,1456124599447
production-topology4-4-1456123057,0.9857861941556738,0.8597071561678026,1456124599447
production-topology1-1-1456123038,0.960319323449526,1.0655114762521685,1456124599447
production-topology2-2-1456123044,0.8950454350289645,1.0056005713701959,1456124599447
Running observer at: 1456124609969
production-topology3-3-1456123050,1.1328968673268125,1.058587451133319,1456124610199
production-topology4-4-1456123057,1.0189326225045372,0.868087443869736,1456124610199
production-topology1-1-1456123038,0.9285142028176617,1.0639115938362034,1456124610199
production-topology2-2-1456123044,0.9871939321383317,1.0060825936066307,1456124610200
Running observer at: 1456124620641
production-topology3-3-1456123050,0.9473121314708812,1.053023685150197,1456124620905
production-topology4-4-1456123057,0.9221632498157739,0.870791234167038,1456124620905
production-topology1-1-1456123038,1.1301954825158842,1.067320671077295,1456124620905
production-topology2-2-1456123044,1.206607618941368,1.008685675147052,1456124620906
Running observer at: 1456124631360
production-topology3-3-1456123050,0.9792515781691342,1.0495107276749085,1456124631563
production-topology4-4-1456123057,1.061410481708647,0.879868341192829,1456124631563
production-topology1-1-1456123038,1.0209138385365673,1.064022653714863,1456124631563
production-topology2-2-1456123044,1.0132881508842375,1.0082536142521448,1456124631563
Running observer at: 1456124642171
production-topology3-3-1456123050,1.0628869961599983,1.0501187398787761,1456124642337
production-topology4-4-1456123057,0.9389846297158826,0.8825554452166041,1456124642337
production-topology1-1-1456123038,0.8901280341075537,1.059778931496589,1456124642337
production-topology2-2-1456123044,0.9941850044807331,1.0083587640982896,1456124642337
Running observer at: 1456124652877
production-topology3-3-1456123050,0.8728052769544405,1.042409458882066,1456124653075
production-topology4-4-1456123057,1.0678536573692585,0.8906118892232413,1456124653075
production-topology1-1-1456123038,1.050440242986827,1.0619769813389695,1456124653076
production-topology2-2-1456123044,1.0621397960691592,1.0104988793871006,1456124653076
Running observer at: 1456124663635
production-topology3-3-1456123050,1.0938564562508521,1.044553083772432,1456124663812
production-topology4-4-1456123057,1.056408331660773,0.8975200743248051,1456124663812
production-topology1-1-1456123038,0.9184061360267506,1.056655245017011,1456124663813
production-topology2-2-1456123044,0.8874661334162367,1.0073528671350878,1456124663813
Running observer at: 1456124674332
production-topology3-3-1456123050,0.982055296525862,1.0420531722825692,1456124674599
production-topology4-4-1456123057,0.8882556583118008,0.897149497684285,1456124674600
production-topology1-1-1456123038,0.996739687880253,1.0590267099042894,1456124674600
production-topology2-2-1456123044,0.939922626201923,1.0038997958867846,1456124674600
Running observer at: 1456124685160
production-topology3-3-1456123050,0.9873577452630906,1.0399495020125893,1456124685331
production-topology4-4-1456123057,1.0628114527417318,0.9035211113403405,1456124685331
production-topology1-1-1456123038,0.9871421105656359,1.0595873693310367,1456124685331
production-topology2-2-1456123044,1.1025626023539117,1.0073544990114105,1456124685331
Running observer at: 1456124695948
production-topology3-3-1456123050,0.9694586880130126,1.037338731123716,1456124696171
production-topology4-4-1456123057,1.0251397145275771,0.9080255040509789,1456124696171
production-topology1-1-1456123038,0.9874504838790552,1.0639735777042398,1456124696172
production-topology2-2-1456123044,1.0580923903466615,1.0119783445090595,1456124696172
Running observer at: 1456124706652
production-topology3-3-1456123050,1.0804594533978404,1.0388787569192204,1456124706906
production-topology4-4-1456123057,0.9382064798945449,0.909103396045392,1456124706906
production-topology1-1-1456123038,1.016847429908023,1.0596319947958952,1456124706907
production-topology2-2-1456123044,1.0264391738003613,1.008974376972827,1456124706907
Running observer at: 1456124717384
production-topology3-3-1456123050,0.9796967768804851,1.0368379989868501,1456124717583
production-topology4-4-1456123057,1.0487839897735864,0.913919968242916,1456124717583
production-topology1-1-1456123038,1.060928454756037,1.0654604264524994,1456124717584
production-topology2-2-1456123044,0.946800130646122,1.00803399792174,1456124717584
Running observer at: 1456124728123
production-topology3-3-1456123050,0.9762766864348982,1.0348192885684517,1456124728308
production-topology4-4-1456123057,1.0319272645468418,0.9178535447863801,1456124728309
production-topology1-1-1456123038,1.179166903308591,1.0669842196776713,1456124728309
production-topology2-2-1456123044,1.1652885924200675,1.0154542270414748,1456124728309
Running observer at: 1456124738894
production-topology3-3-1456123050,1.0244544793563235,1.0357512321518516,1456124739119
production-topology4-4-1456123057,0.9493254035744636,0.91618781597657,1456124739119
production-topology1-1-1456123038,0.8800000488742459,1.0635585168299573,1456124739119
production-topology2-2-1456123044,0.7644491544299524,1.0082878948265026,1456124739119
Running observer at: 1456124749640
production-topology3-3-1456123050,0.9666966386500748,1.0013077867735207,1456124749826
production-topology4-4-1456123057,0.9968472499109753,0.9293743909736024,1456124749826
production-topology1-1-1456123038,1.045868316394167,1.064234325337967,1456124749826
production-topology2-2-1456123044,1.1731734699567227,1.008197625003948,1456124749826
Running observer at: 1456124760454
production-topology3-3-1456123050,0.9467427837684186,0.9661992128991345,1456124760705
production-topology4-4-1456123057,1.0060114266325373,0.8962414385280203,1456124760705
production-topology1-1-1456123038,0.9271306588699795,1.0620602055354065,1456124760705
production-topology2-2-1456123044,0.9173734120594024,0.998681974845539,1456124760705
Running observer at: 1456124771233
production-topology3-3-1456123050,1.0803649640329505,0.9355447117002328,1456124771492
production-topology4-4-1456123057,1.0631960784313725,0.8650146411423992,1456124771493
production-topology1-1-1456123038,0.9598880438537378,1.0568715141622749,1456124771493
production-topology2-2-1456123044,0.973998204100637,1.0059216301447234,1456124771493
Running observer at: 1456124782095
production-topology3-3-1456123050,0.9747969999922661,0.9680379450333082,1456124782294
production-topology4-4-1456123057,0.9869561751330966,0.8312465136468359,1456124782294
production-topology1-1-1456123038,1.0564783482782831,0.9920874591048843,1456124782294
production-topology2-2-1456123044,1.0311769620305071,1.0069608622124067,1456124782294
/var/nimbus/storm/bin/storm rebalance production-topology1 -e spout_head=11
1456124782657
/var/nimbus/storm/bin/storm rebalance production-topology2 -e spout_head=9
Running observer at: 1456124792865
production-topology3-3-1456123050,1.0207474078287475,0.9688811067927207,1456124793111
production-topology4-4-1456123057,0.9564809051217759,0.8631292104842284,1456124793111
production-topology1-1-1456123038,1.003050628357292,1.003050628357292,1456124793111
production-topology2-2-1456123044,1.0002736939126693,1.0002736939126693,1456124793111
Running observer at: 1456124803573
production-topology3-3-1456123050,1.0085602321751264,0.9980484392103671,1456124803756
production-topology4-4-1456123057,0.990192521056549,0.8961356278527801,1456124803756
production-topology1-1-1456123038,0.6475006475006474,0.8252756379289696,1456124803756
production-topology2-2-1456123044,5.817777777777778,3.4090257358452236,1456124803757
Running observer at: 1456124814341
production-topology3-3-1456123050,0.9928924330201577,1.0080904530828192,1456124814529
production-topology4-4-1456123057,1.0668751552113473,0.923590406698371,1456124814529
production-topology1-1-1456123038,1.0,0.8835170919526464,1456124814530
production-topology2-2-1456123044,1.0,2.606017157230149,1456124814530
Running observer at: 1456124821494
production-topology3-3-1456123050,1.0547475283610397,1.006124415432728,1456124821693
production-topology4-4-1456123057,1.0148335320848334,0.9539283915017053,1456124821693
production-topology1-1-1456123038,1.0,0.9126378189644848,1456124821693
production-topology2-2-1456123044,1.0,2.204512867922612,1456124821693
Running observer at: 1456124822265
production-topology3-3-1456123050,1.2395833333333335,1.0121797907948036,1456124822439
production-topology4-4-1456123057,1.8,1.0086260188165201,1456124822440
production-topology1-1-1456123038,1.0000080238904234,0.9301118599496725,1456124822440
production-topology2-2-1456123044,1.0,1.9636102943380895,1456124822440
Running observer at: 1456124825052
production-topology3-3-1456123050,0.7844411127769448,1.0068195697046673,1456124825228
production-topology4-4-1456123057,0.9360357415277325,1.0320674753245074,1456124825229
production-topology1-1-1456123038,0.0,0.7750932166247271,1456124825229
production-topology2-2-1456123044,1.0001419453419607,1.8030322361720679,1456124825229
Running observer at: 1456124835713
production-topology3-3-1456123050,1.064725255460094,1.0062263624338186,1456124835891
production-topology4-4-1456123057,1.0143217751983125,1.040552940158369,1456124835891
production-topology1-1-1456123038,0.6007087286424608,0.7501811469129748,1456124835891
production-topology2-2-1456123044,1.0001419453419607,1.6883336231963384,1456124835891
Running observer at: 1456124846362
production-topology3-3-1456123050,0.9703927310129511,1.0058424822914884,1456124846597
production-topology4-4-1456123057,0.9037658211578741,1.0290373163945532,1456124846597
production-topology1-1-1456123038,1.1081733522393413,0.7949301725787706,1456124846597
production-topology2-2-1456123044,9331517.907543534,1166441.215734862,1456124846597
Running observer at: 1456124857044
production-topology3-3-1456123050,0.9545201974775639,1.0035123163096964,1456124857208
production-topology4-4-1456123057,1.0056763948273384,1.0291050270506163,1456124857208
production-topology1-1-1456123038,0.9236023001777061,0.809227075645319,1456124857208
production-topology2-2-1456123044,1.5379346601403238E-5,1036836.6362104751,1456124857209
Running observer at: 1456124867712
production-topology3-3-1456123050,1.1290367735386133,1.0075819253603797,1456124867890
production-topology4-4-1456123057,1.1301983442478036,1.0325950365330603,1456124867890
production-topology1-1-1456123038,0.9986691622372004,0.8281712843045073,1456124867890
production-topology2-2-1456123044,0.019354838709677417,933152.9745249115,1456124867890
Running observer at: 1456124878249
production-topology3-3-1456123050,0.8839473054558644,1.005468446411743,1456124878361
production-topology4-4-1456123057,0.8983331168415623,1.0276454243767545,1456124878362
production-topology1-1-1456123038,2.0,0.934701167549552,1456124878362
production-topology2-2-1456123044,0.04443181818181818,848320.889970994,1456124878362
Running observer at: 1456124888823
production-topology3-3-1456123050,1.5287326579989036,1.021747642348791,1456124888946
production-topology4-4-1456123057,1.0536805928654882,1.027313132018323,1456124888946
production-topology1-1-1456123038,1.0,0.9401427369204227,1456124888947
production-topology2-2-1456123044,1.0,777627.5658067445,1456124888947
