TOPOLOGY INFO 
production-topology1-1-1456385060
Topology Uptime: 0
Topology Status: ACTIVE
Topology Sched Status: null
********* END CLUSTER INFO **********
********* CLUSTER INFO: **********
NUMBER OF TOPOLOGIES: 1
NUMBER OF SUPERVISORS: 5
NIMBUS UPTIME: 23
SUPERVISOR ID: 55ea8666-1ec3-4f52-90f2-2bd5f9279552
SUPERVISOR HOST: pc426.emulab.net
SUPERVISOR USED WORKERS0
SUPERVISOR GET NUMBER OF TOTAL WORKERS4
SUPERVISOR GET UPTIME SECS7
SUPERVISOR ID: 47f99571-d103-4a6e-b80d-7f31ca62cf69
SUPERVISOR HOST: pc467.emulab.net
SUPERVISOR USED WORKERS0
SUPERVISOR GET NUMBER OF TOTAL WORKERS4
SUPERVISOR GET UPTIME SECS13
SUPERVISOR ID: 1f4bae1c-dbb9-43c4-8dad-060ee5283bcf
SUPERVISOR HOST: pc512.emulab.net
SUPERVISOR USED WORKERS0
SUPERVISOR GET NUMBER OF TOTAL WORKERS4
SUPERVISOR GET UPTIME SECS8
SUPERVISOR ID: 8b8af377-6cd2-4cf9-8696-8d9b11485d1b
SUPERVISOR HOST: pc549.emulab.net
SUPERVISOR USED WORKERS0
SUPERVISOR GET NUMBER OF TOTAL WORKERS4
SUPERVISOR GET UPTIME SECS7
SUPERVISOR ID: b6760ff9-9470-40ac-8a33-bd25ca9662a6
SUPERVISOR HOST: pc495.emulab.net
SUPERVISOR USED WORKERS0
SUPERVISOR GET NUMBER OF TOTAL WORKERS4
SUPERVISOR GET UPTIME SECS7
production-topology1-1-1456385060,0.0,0.0,1456385061159
TOPOLOGY INFO 
production-topology1-1-1456385060
Topology Uptime: 1
Topology Status: ACTIVE
Topology Sched Status: null
********* END CLUSTER INFO **********
********* CLUSTER INFO: **********
NUMBER OF TOPOLOGIES: 1
NUMBER OF SUPERVISORS: 5
NIMBUS UPTIME: 23
SUPERVISOR ID: 55ea8666-1ec3-4f52-90f2-2bd5f9279552
SUPERVISOR HOST: pc426.emulab.net
SUPERVISOR USED WORKERS0
SUPERVISOR GET NUMBER OF TOTAL WORKERS4
SUPERVISOR GET UPTIME SECS12
SUPERVISOR ID: 47f99571-d103-4a6e-b80d-7f31ca62cf69
SUPERVISOR HOST: pc467.emulab.net
SUPERVISOR USED WORKERS0
SUPERVISOR GET NUMBER OF TOTAL WORKERS4
SUPERVISOR GET UPTIME SECS13
SUPERVISOR ID: 1f4bae1c-dbb9-43c4-8dad-060ee5283bcf
SUPERVISOR HOST: pc512.emulab.net
SUPERVISOR USED WORKERS0
SUPERVISOR GET NUMBER OF TOTAL WORKERS4
SUPERVISOR GET UPTIME SECS13
SUPERVISOR ID: 8b8af377-6cd2-4cf9-8696-8d9b11485d1b
SUPERVISOR HOST: pc549.emulab.net
SUPERVISOR USED WORKERS0
SUPERVISOR GET NUMBER OF TOTAL WORKERS4
SUPERVISOR GET UPTIME SECS12
SUPERVISOR ID: b6760ff9-9470-40ac-8a33-bd25ca9662a6
SUPERVISOR HOST: pc495.emulab.net
SUPERVISOR USED WORKERS0
SUPERVISOR GET NUMBER OF TOTAL WORKERS4
SUPERVISOR GET UPTIME SECS7
production-topology1-1-1456385060,0.0,0.0,1456385062060
The sorted order of receivers: 
***The sorted order of receivers: 
******The sorted order of givers: 
***There are no givers! *Sob* 
Receivers:  
TOPOLOGY INFO 
production-topology1-1-1456385060
Topology Uptime: 7
Topology Status: ACTIVE
Topology Sched Status: null
production-topology2-2-1456385067
Topology Uptime: 0
Topology Status: ACTIVE
Topology Sched Status: null
********* END CLUSTER INFO **********
********* CLUSTER INFO: **********
NUMBER OF TOPOLOGIES: 2
NUMBER OF SUPERVISORS: 5
NIMBUS UPTIME: 29
SUPERVISOR ID: 55ea8666-1ec3-4f52-90f2-2bd5f9279552
SUPERVISOR HOST: pc426.emulab.net
SUPERVISOR USED WORKERS1
SUPERVISOR GET NUMBER OF TOTAL WORKERS4
SUPERVISOR GET UPTIME SECS17
SUPERVISOR ID: 47f99571-d103-4a6e-b80d-7f31ca62cf69
SUPERVISOR HOST: pc467.emulab.net
SUPERVISOR USED WORKERS1
SUPERVISOR GET NUMBER OF TOTAL WORKERS4
SUPERVISOR GET UPTIME SECS18
SUPERVISOR ID: 1f4bae1c-dbb9-43c4-8dad-060ee5283bcf
SUPERVISOR HOST: pc512.emulab.net
SUPERVISOR USED WORKERS1
SUPERVISOR GET NUMBER OF TOTAL WORKERS4
SUPERVISOR GET UPTIME SECS18
SUPERVISOR ID: 8b8af377-6cd2-4cf9-8696-8d9b11485d1b
SUPERVISOR HOST: pc549.emulab.net
SUPERVISOR USED WORKERS1
SUPERVISOR GET NUMBER OF TOTAL WORKERS4
SUPERVISOR GET UPTIME SECS17
SUPERVISOR ID: b6760ff9-9470-40ac-8a33-bd25ca9662a6
SUPERVISOR HOST: pc495.emulab.net
SUPERVISOR USED WORKERS1
SUPERVISOR GET NUMBER OF TOTAL WORKERS4
SUPERVISOR GET UPTIME SECS12
production-topology2-2-1456385067,0.0,0.0,1456385068037
production-topology1-1-1456385060,0.0,0.0,1456385068037
TOPOLOGY INFO 
production-topology1-1-1456385060
Topology Uptime: 12
Topology Status: ACTIVE
Topology Sched Status: null
production-topology2-2-1456385067
Topology Uptime: 5
Topology Status: ACTIVE
Topology Sched Status: null
********* END CLUSTER INFO **********
********* CLUSTER INFO: **********
NUMBER OF TOPOLOGIES: 2
NUMBER OF SUPERVISORS: 5
NIMBUS UPTIME: 34
SUPERVISOR ID: 55ea8666-1ec3-4f52-90f2-2bd5f9279552
SUPERVISOR HOST: pc426.emulab.net
SUPERVISOR USED WORKERS2
SUPERVISOR GET NUMBER OF TOTAL WORKERS4
SUPERVISOR GET UPTIME SECS22
SUPERVISOR ID: 47f99571-d103-4a6e-b80d-7f31ca62cf69
SUPERVISOR HOST: pc467.emulab.net
SUPERVISOR USED WORKERS2
SUPERVISOR GET NUMBER OF TOTAL WORKERS4
SUPERVISOR GET UPTIME SECS23
SUPERVISOR ID: 1f4bae1c-dbb9-43c4-8dad-060ee5283bcf
SUPERVISOR HOST: pc512.emulab.net
SUPERVISOR USED WORKERS2
SUPERVISOR GET NUMBER OF TOTAL WORKERS4
SUPERVISOR GET UPTIME SECS23
SUPERVISOR ID: 8b8af377-6cd2-4cf9-8696-8d9b11485d1b
SUPERVISOR HOST: pc549.emulab.net
SUPERVISOR USED WORKERS2
SUPERVISOR GET NUMBER OF TOTAL WORKERS4
SUPERVISOR GET UPTIME SECS22
SUPERVISOR ID: b6760ff9-9470-40ac-8a33-bd25ca9662a6
SUPERVISOR HOST: pc495.emulab.net
SUPERVISOR USED WORKERS1
SUPERVISOR GET NUMBER OF TOTAL WORKERS4
SUPERVISOR GET UPTIME SECS17
production-topology2-2-1456385067,0.0,0.0,1456385072792
production-topology1-1-1456385060,0.0,0.0,1456385072792
The sorted order of receivers: 
***The sorted order of receivers: 
******The sorted order of givers: 
***There are no givers! *Sob* 
Receivers:  
TOPOLOGY INFO 
production-topology1-1-1456385060
Topology Uptime: 14
Topology Status: ACTIVE
Topology Sched Status: null
production-topology3-3-1456385074
Topology Uptime: 0
Topology Status: ACTIVE
Topology Sched Status: null
production-topology2-2-1456385067
Topology Uptime: 8
Topology Status: ACTIVE
Topology Sched Status: null
********* END CLUSTER INFO **********
********* CLUSTER INFO: **********
NUMBER OF TOPOLOGIES: 3
NUMBER OF SUPERVISORS: 5
NIMBUS UPTIME: 37
SUPERVISOR ID: 55ea8666-1ec3-4f52-90f2-2bd5f9279552
SUPERVISOR HOST: pc426.emulab.net
SUPERVISOR USED WORKERS2
SUPERVISOR GET NUMBER OF TOTAL WORKERS4
SUPERVISOR GET UPTIME SECS22
SUPERVISOR ID: 47f99571-d103-4a6e-b80d-7f31ca62cf69
SUPERVISOR HOST: pc467.emulab.net
SUPERVISOR USED WORKERS2
SUPERVISOR GET NUMBER OF TOTAL WORKERS4
SUPERVISOR GET UPTIME SECS23
SUPERVISOR ID: 1f4bae1c-dbb9-43c4-8dad-060ee5283bcf
SUPERVISOR HOST: pc512.emulab.net
SUPERVISOR USED WORKERS2
SUPERVISOR GET NUMBER OF TOTAL WORKERS4
SUPERVISOR GET UPTIME SECS23
SUPERVISOR ID: 8b8af377-6cd2-4cf9-8696-8d9b11485d1b
SUPERVISOR HOST: pc549.emulab.net
SUPERVISOR USED WORKERS2
SUPERVISOR GET NUMBER OF TOTAL WORKERS4
SUPERVISOR GET UPTIME SECS22
SUPERVISOR ID: b6760ff9-9470-40ac-8a33-bd25ca9662a6
SUPERVISOR HOST: pc495.emulab.net
SUPERVISOR USED WORKERS2
SUPERVISOR GET NUMBER OF TOTAL WORKERS4
SUPERVISOR GET UPTIME SECS7878
production-topology2-2-1456385067,0.0,0.0,1456385075251
production-topology1-1-1456385060,0.0,0.0,1456385075252
production-topology3-3-1456385074,0.0,0.0,1456385075252
TOPOLOGY INFO 
production-topology1-1-1456385060
Topology Uptime: 21
Topology Status: ACTIVE
Topology Sched Status: null
production-topology3-3-1456385074
Topology Uptime: 8
Topology Status: ACTIVE
Topology Sched Status: null
production-topology4-4-1456385081
Topology Uptime: 1
Topology Status: ACTIVE
Topology Sched Status: null
production-topology2-2-1456385067
Topology Uptime: 15
Topology Status: ACTIVE
Topology Sched Status: null
********* END CLUSTER INFO **********
********* CLUSTER INFO: **********
NUMBER OF TOPOLOGIES: 4
NUMBER OF SUPERVISORS: 5
NIMBUS UPTIME: 44
SUPERVISOR ID: 55ea8666-1ec3-4f52-90f2-2bd5f9279552
SUPERVISOR HOST: pc426.emulab.net
SUPERVISOR USED WORKERS3
SUPERVISOR GET NUMBER OF TOTAL WORKERS4
SUPERVISOR GET UPTIME SECS32
SUPERVISOR ID: 47f99571-d103-4a6e-b80d-7f31ca62cf69
SUPERVISOR HOST: pc467.emulab.net
SUPERVISOR USED WORKERS3
SUPERVISOR GET NUMBER OF TOTAL WORKERS4
SUPERVISOR GET UPTIME SECS33
SUPERVISOR ID: 1f4bae1c-dbb9-43c4-8dad-060ee5283bcf
SUPERVISOR HOST: pc512.emulab.net
SUPERVISOR USED WORKERS3
SUPERVISOR GET NUMBER OF TOTAL WORKERS4
SUPERVISOR GET UPTIME SECS34
SUPERVISOR ID: 8b8af377-6cd2-4cf9-8696-8d9b11485d1b
SUPERVISOR HOST: pc549.emulab.net
SUPERVISOR USED WORKERS3
SUPERVISOR GET NUMBER OF TOTAL WORKERS4
SUPERVISOR GET UPTIME SECS32
SUPERVISOR ID: b6760ff9-9470-40ac-8a33-bd25ca9662a6
SUPERVISOR HOST: pc495.emulab.net
SUPERVISOR USED WORKERS3
SUPERVISOR GET NUMBER OF TOTAL WORKERS4
SUPERVISOR GET UPTIME SECS27
production-topology2-2-1456385067,0.0,0.0,1456385082642
production-topology1-1-1456385060,0.0,0.0,1456385082643
production-topology3-3-1456385074,0.0,0.0,1456385082643
production-topology4-4-1456385081,0.0,0.0,1456385082643
TOPOLOGY INFO 
production-topology1-1-1456385060
Topology Uptime: 23
Topology Status: ACTIVE
Topology Sched Status: null
production-topology3-3-1456385074
Topology Uptime: 9
Topology Status: ACTIVE
Topology Sched Status: null
production-topology4-4-1456385081
Topology Uptime: 2
Topology Status: ACTIVE
Topology Sched Status: null
production-topology2-2-1456385067
Topology Uptime: 16
Topology Status: ACTIVE
Topology Sched Status: null
********* END CLUSTER INFO **********
********* CLUSTER INFO: **********
NUMBER OF TOPOLOGIES: 4
NUMBER OF SUPERVISORS: 5
NIMBUS UPTIME: 45
SUPERVISOR ID: 55ea8666-1ec3-4f52-90f2-2bd5f9279552
SUPERVISOR HOST: pc426.emulab.net
SUPERVISOR USED WORKERS3
SUPERVISOR GET NUMBER OF TOTAL WORKERS4
SUPERVISOR GET UPTIME SECS32
SUPERVISOR ID: 47f99571-d103-4a6e-b80d-7f31ca62cf69
SUPERVISOR HOST: pc467.emulab.net
SUPERVISOR USED WORKERS3
SUPERVISOR GET NUMBER OF TOTAL WORKERS4
SUPERVISOR GET UPTIME SECS33
SUPERVISOR ID: 1f4bae1c-dbb9-43c4-8dad-060ee5283bcf
SUPERVISOR HOST: pc512.emulab.net
SUPERVISOR USED WORKERS3
SUPERVISOR GET NUMBER OF TOTAL WORKERS4
SUPERVISOR GET UPTIME SECS34
SUPERVISOR ID: 8b8af377-6cd2-4cf9-8696-8d9b11485d1b
SUPERVISOR HOST: pc549.emulab.net
SUPERVISOR USED WORKERS3
SUPERVISOR GET NUMBER OF TOTAL WORKERS4
SUPERVISOR GET UPTIME SECS32
SUPERVISOR ID: b6760ff9-9470-40ac-8a33-bd25ca9662a6
SUPERVISOR HOST: pc495.emulab.net
SUPERVISOR USED WORKERS3
SUPERVISOR GET NUMBER OF TOTAL WORKERS4
SUPERVISOR GET UPTIME SECS27
production-topology2-2-1456385067,0.0,0.0,1456385083839
production-topology1-1-1456385060,0.0,0.0,1456385083839
production-topology3-3-1456385074,0.0,0.0,1456385083840
production-topology4-4-1456385081,0.0,0.0,1456385083840
The sorted order of receivers: 
***The sorted order of receivers: 
******The sorted order of givers: 
***There are no givers! *Sob* 
Receivers:  
TOPOLOGY INFO 
production-topology1-1-1456385060
Topology Uptime: 34
Topology Status: ACTIVE
Topology Sched Status: null
production-topology3-3-1456385074
Topology Uptime: 20
Topology Status: ACTIVE
Topology Sched Status: null
production-topology4-4-1456385081
Topology Uptime: 13
Topology Status: ACTIVE
Topology Sched Status: null
production-topology2-2-1456385067
Topology Uptime: 27
Topology Status: ACTIVE
Topology Sched Status: null
********* END CLUSTER INFO **********
********* CLUSTER INFO: **********
NUMBER OF TOPOLOGIES: 4
NUMBER OF SUPERVISORS: 5
NIMBUS UPTIME: 56
SUPERVISOR ID: 55ea8666-1ec3-4f52-90f2-2bd5f9279552
SUPERVISOR HOST: pc426.emulab.net
SUPERVISOR USED WORKERS4
SUPERVISOR GET NUMBER OF TOTAL WORKERS4
SUPERVISOR GET UPTIME SECS42
SUPERVISOR ID: 47f99571-d103-4a6e-b80d-7f31ca62cf69
SUPERVISOR HOST: pc467.emulab.net
SUPERVISOR USED WORKERS4
SUPERVISOR GET NUMBER OF TOTAL WORKERS4
SUPERVISOR GET UPTIME SECS43
SUPERVISOR ID: 1f4bae1c-dbb9-43c4-8dad-060ee5283bcf
SUPERVISOR HOST: pc512.emulab.net
SUPERVISOR USED WORKERS4
SUPERVISOR GET NUMBER OF TOTAL WORKERS4
SUPERVISOR GET UPTIME SECS44
SUPERVISOR ID: 8b8af377-6cd2-4cf9-8696-8d9b11485d1b
SUPERVISOR HOST: pc549.emulab.net
SUPERVISOR USED WORKERS4
SUPERVISOR GET NUMBER OF TOTAL WORKERS4
SUPERVISOR GET UPTIME SECS42
SUPERVISOR ID: b6760ff9-9470-40ac-8a33-bd25ca9662a6
SUPERVISOR HOST: pc495.emulab.net
SUPERVISOR USED WORKERS4
SUPERVISOR GET NUMBER OF TOTAL WORKERS4
SUPERVISOR GET UPTIME SECS7898
production-topology2-2-1456385067,0.0,0.0,1456385094889
production-topology1-1-1456385060,0.0,0.0,1456385094889
production-topology3-3-1456385074,0.0,0.0,1456385094889
production-topology4-4-1456385081,0.0,0.0,1456385094889
The sorted order of receivers: 
***The sorted order of receivers: 
******The sorted order of givers: 
***There are no givers! *Sob* 
Receivers:  
TOPOLOGY INFO 
production-topology1-1-1456385060
Topology Uptime: 45
Topology Status: ACTIVE
Topology Sched Status: null
production-topology3-3-1456385074
Topology Uptime: 31
Topology Status: ACTIVE
Topology Sched Status: null
production-topology4-4-1456385081
Topology Uptime: 24
Topology Status: ACTIVE
Topology Sched Status: null
production-topology2-2-1456385067
Topology Uptime: 38
Topology Status: ACTIVE
Topology Sched Status: null
********* END CLUSTER INFO **********
********* CLUSTER INFO: **********
NUMBER OF TOPOLOGIES: 4
NUMBER OF SUPERVISORS: 5
NIMBUS UPTIME: 67
SUPERVISOR ID: 55ea8666-1ec3-4f52-90f2-2bd5f9279552
SUPERVISOR HOST: pc426.emulab.net
SUPERVISOR USED WORKERS4
SUPERVISOR GET NUMBER OF TOTAL WORKERS4
SUPERVISOR GET UPTIME SECS52
SUPERVISOR ID: 47f99571-d103-4a6e-b80d-7f31ca62cf69
SUPERVISOR HOST: pc467.emulab.net
SUPERVISOR USED WORKERS4
SUPERVISOR GET NUMBER OF TOTAL WORKERS4
SUPERVISOR GET UPTIME SECS53
SUPERVISOR ID: 1f4bae1c-dbb9-43c4-8dad-060ee5283bcf
SUPERVISOR HOST: pc512.emulab.net
SUPERVISOR USED WORKERS4
SUPERVISOR GET NUMBER OF TOTAL WORKERS4
SUPERVISOR GET UPTIME SECS54
SUPERVISOR ID: 8b8af377-6cd2-4cf9-8696-8d9b11485d1b
SUPERVISOR HOST: pc549.emulab.net
SUPERVISOR USED WORKERS4
SUPERVISOR GET NUMBER OF TOTAL WORKERS4
SUPERVISOR GET UPTIME SECS52
SUPERVISOR ID: b6760ff9-9470-40ac-8a33-bd25ca9662a6
SUPERVISOR HOST: pc495.emulab.net
SUPERVISOR USED WORKERS4
SUPERVISOR GET NUMBER OF TOTAL WORKERS4
SUPERVISOR GET UPTIME SECS52
production-topology2-2-1456385067,0.0,0.0,1456385105929
production-topology1-1-1456385060,0.0,0.0,1456385105929
production-topology3-3-1456385074,0.0,0.0,1456385105929
production-topology4-4-1456385081,0.0,0.0,1456385105929
The sorted order of receivers: 
***The sorted order of receivers: 
******The sorted order of givers: 
***There are no givers! *Sob* 
Receivers:  
TOPOLOGY INFO 
production-topology1-1-1456385060
Topology Uptime: 56
Topology Status: ACTIVE
Topology Sched Status: null
production-topology3-3-1456385074
Topology Uptime: 42
Topology Status: ACTIVE
Topology Sched Status: null
production-topology4-4-1456385081
Topology Uptime: 35
Topology Status: ACTIVE
Topology Sched Status: null
production-topology2-2-1456385067
Topology Uptime: 49
Topology Status: ACTIVE
Topology Sched Status: null
********* END CLUSTER INFO **********
********* CLUSTER INFO: **********
NUMBER OF TOPOLOGIES: 4
NUMBER OF SUPERVISORS: 5
NIMBUS UPTIME: 78
SUPERVISOR ID: 55ea8666-1ec3-4f52-90f2-2bd5f9279552
SUPERVISOR HOST: pc426.emulab.net
SUPERVISOR USED WORKERS4
SUPERVISOR GET NUMBER OF TOTAL WORKERS4
SUPERVISOR GET UPTIME SECS67
SUPERVISOR ID: 47f99571-d103-4a6e-b80d-7f31ca62cf69
SUPERVISOR HOST: pc467.emulab.net
SUPERVISOR USED WORKERS4
SUPERVISOR GET NUMBER OF TOTAL WORKERS4
SUPERVISOR GET UPTIME SECS68
SUPERVISOR ID: 1f4bae1c-dbb9-43c4-8dad-060ee5283bcf
SUPERVISOR HOST: pc512.emulab.net
SUPERVISOR USED WORKERS4
SUPERVISOR GET NUMBER OF TOTAL WORKERS4
SUPERVISOR GET UPTIME SECS64
SUPERVISOR ID: 8b8af377-6cd2-4cf9-8696-8d9b11485d1b
SUPERVISOR HOST: pc549.emulab.net
SUPERVISOR USED WORKERS4
SUPERVISOR GET NUMBER OF TOTAL WORKERS4
SUPERVISOR GET UPTIME SECS67
SUPERVISOR ID: b6760ff9-9470-40ac-8a33-bd25ca9662a6
SUPERVISOR HOST: pc495.emulab.net
SUPERVISOR USED WORKERS4
SUPERVISOR GET NUMBER OF TOTAL WORKERS4
SUPERVISOR GET UPTIME SECS62
production-topology2-2-1456385067,0.0,0.0,1456385116915
production-topology1-1-1456385060,0.0,0.0,1456385116915
production-topology3-3-1456385074,0.0,0.0,1456385116915
production-topology4-4-1456385081,0.0,0.0,1456385116916
The sorted order of receivers: 
***The sorted order of receivers: 
******The sorted order of givers: 
***There are no givers! *Sob* 
Receivers:  
TOPOLOGY INFO 
production-topology1-1-1456385060
Topology Uptime: 67
Topology Status: ACTIVE
Topology Sched Status: null
production-topology3-3-1456385074
Topology Uptime: 53
Topology Status: ACTIVE
Topology Sched Status: null
production-topology4-4-1456385081
Topology Uptime: 46
Topology Status: ACTIVE
Topology Sched Status: null
production-topology2-2-1456385067
Topology Uptime: 60
Topology Status: ACTIVE
Topology Sched Status: null
********* END CLUSTER INFO **********
********* CLUSTER INFO: **********
NUMBER OF TOPOLOGIES: 4
NUMBER OF SUPERVISORS: 5
NIMBUS UPTIME: 89
SUPERVISOR ID: 55ea8666-1ec3-4f52-90f2-2bd5f9279552
SUPERVISOR HOST: pc426.emulab.net
SUPERVISOR USED WORKERS4
SUPERVISOR GET NUMBER OF TOTAL WORKERS4
SUPERVISOR GET UPTIME SECS77
SUPERVISOR ID: 47f99571-d103-4a6e-b80d-7f31ca62cf69
SUPERVISOR HOST: pc467.emulab.net
SUPERVISOR USED WORKERS4
SUPERVISOR GET NUMBER OF TOTAL WORKERS4
SUPERVISOR GET UPTIME SECS78
SUPERVISOR ID: 1f4bae1c-dbb9-43c4-8dad-060ee5283bcf
SUPERVISOR HOST: pc512.emulab.net
SUPERVISOR USED WORKERS4
SUPERVISOR GET NUMBER OF TOTAL WORKERS4
SUPERVISOR GET UPTIME SECS79
SUPERVISOR ID: 8b8af377-6cd2-4cf9-8696-8d9b11485d1b
SUPERVISOR HOST: pc549.emulab.net
SUPERVISOR USED WORKERS4
SUPERVISOR GET NUMBER OF TOTAL WORKERS4
SUPERVISOR GET UPTIME SECS77
SUPERVISOR ID: b6760ff9-9470-40ac-8a33-bd25ca9662a6
SUPERVISOR HOST: pc495.emulab.net
SUPERVISOR USED WORKERS4
SUPERVISOR GET NUMBER OF TOTAL WORKERS4
SUPERVISOR GET UPTIME SECS72
production-topology2-2-1456385067,0.0,0.0,1456385127837
production-topology1-1-1456385060,0.0,0.0,1456385127837
production-topology3-3-1456385074,0.0,0.0,1456385127837
production-topology4-4-1456385081,0.0,0.0,1456385127838
The sorted order of receivers: 
***The sorted order of receivers: 
******The sorted order of givers: 
***There are no givers! *Sob* 
Receivers:  
TOPOLOGY INFO 
production-topology1-1-1456385060
Topology Uptime: 78
Topology Status: ACTIVE
Topology Sched Status: null
production-topology3-3-1456385074
Topology Uptime: 64
Topology Status: ACTIVE
Topology Sched Status: null
production-topology4-4-1456385081
Topology Uptime: 57
Topology Status: ACTIVE
Topology Sched Status: null
production-topology2-2-1456385067
Topology Uptime: 71
Topology Status: ACTIVE
Topology Sched Status: null
********* END CLUSTER INFO **********
********* CLUSTER INFO: **********
NUMBER OF TOPOLOGIES: 4
NUMBER OF SUPERVISORS: 5
NIMBUS UPTIME: 100
SUPERVISOR ID: 55ea8666-1ec3-4f52-90f2-2bd5f9279552
SUPERVISOR HOST: pc426.emulab.net
SUPERVISOR USED WORKERS4
SUPERVISOR GET NUMBER OF TOTAL WORKERS4
SUPERVISOR GET UPTIME SECS87
SUPERVISOR ID: 47f99571-d103-4a6e-b80d-7f31ca62cf69
SUPERVISOR HOST: pc467.emulab.net
SUPERVISOR USED WORKERS4
SUPERVISOR GET NUMBER OF TOTAL WORKERS4
SUPERVISOR GET UPTIME SECS88
SUPERVISOR ID: 1f4bae1c-dbb9-43c4-8dad-060ee5283bcf
SUPERVISOR HOST: pc512.emulab.net
SUPERVISOR USED WORKERS4
SUPERVISOR GET NUMBER OF TOTAL WORKERS4
SUPERVISOR GET UPTIME SECS89
SUPERVISOR ID: 8b8af377-6cd2-4cf9-8696-8d9b11485d1b
SUPERVISOR HOST: pc549.emulab.net
SUPERVISOR USED WORKERS4
SUPERVISOR GET NUMBER OF TOTAL WORKERS4
SUPERVISOR GET UPTIME SECS87
SUPERVISOR ID: b6760ff9-9470-40ac-8a33-bd25ca9662a6
SUPERVISOR HOST: pc495.emulab.net
SUPERVISOR USED WORKERS4
SUPERVISOR GET NUMBER OF TOTAL WORKERS4
SUPERVISOR GET UPTIME SECS82
production-topology2-2-1456385067,0.0,0.0,1456385138726
production-topology1-1-1456385060,0.0,0.0,1456385138726
production-topology3-3-1456385074,0.0,0.0,1456385138726
production-topology4-4-1456385081,0.0,0.0,1456385138727
The sorted order of receivers: 
***The sorted order of receivers: 
******The sorted order of givers: 
***There are no givers! *Sob* 
Receivers:  
TOPOLOGY INFO 
production-topology1-1-1456385060
Topology Uptime: 89
Topology Status: ACTIVE
Topology Sched Status: null
production-topology3-3-1456385074
Topology Uptime: 75
Topology Status: ACTIVE
Topology Sched Status: null
production-topology4-4-1456385081
Topology Uptime: 68
Topology Status: ACTIVE
Topology Sched Status: null
production-topology2-2-1456385067
Topology Uptime: 82
Topology Status: ACTIVE
Topology Sched Status: null
********* END CLUSTER INFO **********
********* CLUSTER INFO: **********
NUMBER OF TOPOLOGIES: 4
NUMBER OF SUPERVISORS: 5
NIMBUS UPTIME: 111
SUPERVISOR ID: 55ea8666-1ec3-4f52-90f2-2bd5f9279552
SUPERVISOR HOST: pc426.emulab.net
SUPERVISOR USED WORKERS4
SUPERVISOR GET NUMBER OF TOTAL WORKERS4
SUPERVISOR GET UPTIME SECS97
SUPERVISOR ID: 47f99571-d103-4a6e-b80d-7f31ca62cf69
SUPERVISOR HOST: pc467.emulab.net
SUPERVISOR USED WORKERS4
SUPERVISOR GET NUMBER OF TOTAL WORKERS4
SUPERVISOR GET UPTIME SECS98
SUPERVISOR ID: 1f4bae1c-dbb9-43c4-8dad-060ee5283bcf
SUPERVISOR HOST: pc512.emulab.net
SUPERVISOR USED WORKERS4
SUPERVISOR GET NUMBER OF TOTAL WORKERS4
SUPERVISOR GET UPTIME SECS99
SUPERVISOR ID: 8b8af377-6cd2-4cf9-8696-8d9b11485d1b
SUPERVISOR HOST: pc549.emulab.net
SUPERVISOR USED WORKERS4
SUPERVISOR GET NUMBER OF TOTAL WORKERS4
SUPERVISOR GET UPTIME SECS97
SUPERVISOR ID: b6760ff9-9470-40ac-8a33-bd25ca9662a6
SUPERVISOR HOST: pc495.emulab.net
SUPERVISOR USED WORKERS4
SUPERVISOR GET NUMBER OF TOTAL WORKERS4
SUPERVISOR GET UPTIME SECS7954
production-topology2-2-1456385067,0.0,0.0,1456385149675
production-topology1-1-1456385060,0.0,0.0,1456385149676
production-topology3-3-1456385074,0.0,0.0,1456385149676
production-topology4-4-1456385081,0.0,0.0,1456385149676
The sorted order of receivers: 
***The sorted order of receivers: 
******The sorted order of givers: 
***There are no givers! *Sob* 
Receivers:  
TOPOLOGY INFO 
production-topology1-1-1456385060
Topology Uptime: 100
Topology Status: ACTIVE
Topology Sched Status: null
production-topology3-3-1456385074
Topology Uptime: 86
Topology Status: ACTIVE
Topology Sched Status: null
production-topology4-4-1456385081
Topology Uptime: 79
Topology Status: ACTIVE
Topology Sched Status: null
production-topology2-2-1456385067
Topology Uptime: 93
Topology Status: ACTIVE
Topology Sched Status: null
********* END CLUSTER INFO **********
********* CLUSTER INFO: **********
NUMBER OF TOPOLOGIES: 4
NUMBER OF SUPERVISORS: 5
NIMBUS UPTIME: 122
SUPERVISOR ID: 55ea8666-1ec3-4f52-90f2-2bd5f9279552
SUPERVISOR HOST: pc426.emulab.net
SUPERVISOR USED WORKERS4
SUPERVISOR GET NUMBER OF TOTAL WORKERS4
SUPERVISOR GET UPTIME SECS107
SUPERVISOR ID: 47f99571-d103-4a6e-b80d-7f31ca62cf69
SUPERVISOR HOST: pc467.emulab.net
SUPERVISOR USED WORKERS4
SUPERVISOR GET NUMBER OF TOTAL WORKERS4
SUPERVISOR GET UPTIME SECS108
SUPERVISOR ID: 1f4bae1c-dbb9-43c4-8dad-060ee5283bcf
SUPERVISOR HOST: pc512.emulab.net
SUPERVISOR USED WORKERS4
SUPERVISOR GET NUMBER OF TOTAL WORKERS4
SUPERVISOR GET UPTIME SECS109
SUPERVISOR ID: 8b8af377-6cd2-4cf9-8696-8d9b11485d1b
SUPERVISOR HOST: pc549.emulab.net
SUPERVISOR USED WORKERS4
SUPERVISOR GET NUMBER OF TOTAL WORKERS4
SUPERVISOR GET UPTIME SECS107
SUPERVISOR ID: b6760ff9-9470-40ac-8a33-bd25ca9662a6
SUPERVISOR HOST: pc495.emulab.net
SUPERVISOR USED WORKERS4
SUPERVISOR GET NUMBER OF TOTAL WORKERS4
SUPERVISOR GET UPTIME SECS7964
production-topology2-2-1456385067,0.0,0.0,1456385160577
production-topology1-1-1456385060,0.0,0.0,1456385160577
production-topology3-3-1456385074,0.0,0.0,1456385160577
production-topology4-4-1456385081,0.0,0.0,1456385160578
The sorted order of receivers: 
***The sorted order of receivers: 
******The sorted order of givers: 
***There are no givers! *Sob* 
Receivers:  
TOPOLOGY INFO 
production-topology1-1-1456385060
Topology Uptime: 111
Topology Status: ACTIVE
Topology Sched Status: null
production-topology3-3-1456385074
Topology Uptime: 97
Topology Status: ACTIVE
Topology Sched Status: null
production-topology4-4-1456385081
Topology Uptime: 90
Topology Status: ACTIVE
Topology Sched Status: null
production-topology2-2-1456385067
Topology Uptime: 104
Topology Status: ACTIVE
Topology Sched Status: null
********* END CLUSTER INFO **********
********* CLUSTER INFO: **********
NUMBER OF TOPOLOGIES: 4
NUMBER OF SUPERVISORS: 5
NIMBUS UPTIME: 133
SUPERVISOR ID: 55ea8666-1ec3-4f52-90f2-2bd5f9279552
SUPERVISOR HOST: pc426.emulab.net
SUPERVISOR USED WORKERS4
SUPERVISOR GET NUMBER OF TOTAL WORKERS4
SUPERVISOR GET UPTIME SECS117
SUPERVISOR ID: 47f99571-d103-4a6e-b80d-7f31ca62cf69
SUPERVISOR HOST: pc467.emulab.net
SUPERVISOR USED WORKERS4
SUPERVISOR GET NUMBER OF TOTAL WORKERS4
SUPERVISOR GET UPTIME SECS123
SUPERVISOR ID: 1f4bae1c-dbb9-43c4-8dad-060ee5283bcf
SUPERVISOR HOST: pc512.emulab.net
SUPERVISOR USED WORKERS4
SUPERVISOR GET NUMBER OF TOTAL WORKERS4
SUPERVISOR GET UPTIME SECS119
SUPERVISOR ID: 8b8af377-6cd2-4cf9-8696-8d9b11485d1b
SUPERVISOR HOST: pc549.emulab.net
SUPERVISOR USED WORKERS4
SUPERVISOR GET NUMBER OF TOTAL WORKERS4
SUPERVISOR GET UPTIME SECS117
SUPERVISOR ID: b6760ff9-9470-40ac-8a33-bd25ca9662a6
SUPERVISOR HOST: pc495.emulab.net
SUPERVISOR USED WORKERS4
SUPERVISOR GET NUMBER OF TOTAL WORKERS4
SUPERVISOR GET UPTIME SECS117
production-topology2-2-1456385067,0.0,0.0,1456385171437
production-topology1-1-1456385060,0.0,0.0,1456385171437
production-topology3-3-1456385074,0.0,0.0,1456385171437
production-topology4-4-1456385081,0.0,0.0,1456385171437
The sorted order of receivers: 
***The sorted order of receivers: 
******The sorted order of givers: 
***There are no givers! *Sob* 
Receivers:  
TOPOLOGY INFO 
production-topology1-1-1456385060
Topology Uptime: 122
Topology Status: ACTIVE
Topology Sched Status: null
production-topology3-3-1456385074
Topology Uptime: 108
Topology Status: ACTIVE
Topology Sched Status: null
production-topology4-4-1456385081
Topology Uptime: 101
Topology Status: ACTIVE
Topology Sched Status: null
production-topology2-2-1456385067
Topology Uptime: 115
Topology Status: ACTIVE
Topology Sched Status: null
********* END CLUSTER INFO **********
********* CLUSTER INFO: **********
NUMBER OF TOPOLOGIES: 4
NUMBER OF SUPERVISORS: 5
NIMBUS UPTIME: 144
SUPERVISOR ID: 55ea8666-1ec3-4f52-90f2-2bd5f9279552
SUPERVISOR HOST: pc426.emulab.net
SUPERVISOR USED WORKERS4
SUPERVISOR GET NUMBER OF TOTAL WORKERS4
SUPERVISOR GET UPTIME SECS132
SUPERVISOR ID: 47f99571-d103-4a6e-b80d-7f31ca62cf69
SUPERVISOR HOST: pc467.emulab.net
SUPERVISOR USED WORKERS4
SUPERVISOR GET NUMBER OF TOTAL WORKERS4
SUPERVISOR GET UPTIME SECS133
SUPERVISOR ID: 1f4bae1c-dbb9-43c4-8dad-060ee5283bcf
SUPERVISOR HOST: pc512.emulab.net
SUPERVISOR USED WORKERS4
SUPERVISOR GET NUMBER OF TOTAL WORKERS4
SUPERVISOR GET UPTIME SECS129
SUPERVISOR ID: 8b8af377-6cd2-4cf9-8696-8d9b11485d1b
SUPERVISOR HOST: pc549.emulab.net
SUPERVISOR USED WORKERS4
SUPERVISOR GET NUMBER OF TOTAL WORKERS4
SUPERVISOR GET UPTIME SECS132
SUPERVISOR ID: b6760ff9-9470-40ac-8a33-bd25ca9662a6
SUPERVISOR HOST: pc495.emulab.net
SUPERVISOR USED WORKERS4
SUPERVISOR GET NUMBER OF TOTAL WORKERS4
SUPERVISOR GET UPTIME SECS127
production-topology2-2-1456385067,0.0,0.0,1456385182412
production-topology1-1-1456385060,0.0,0.0,1456385182413
production-topology3-3-1456385074,0.0,0.0,1456385182413
production-topology4-4-1456385081,0.0,0.0,1456385182413
TOPOLOGY INFO 
production-topology1-1-1456385060
Topology Uptime: 132
Topology Status: ACTIVE
Topology Sched Status: null
production-topology3-3-1456385074
Topology Uptime: 119
Topology Status: ACTIVE
Topology Sched Status: null
production-topology4-4-1456385081
Topology Uptime: 112
Topology Status: ACTIVE
Topology Sched Status: null
production-topology2-2-1456385067
Topology Uptime: 126
Topology Status: ACTIVE
Topology Sched Status: null
********* END CLUSTER INFO **********
********* CLUSTER INFO: **********
NUMBER OF TOPOLOGIES: 4
NUMBER OF SUPERVISORS: 5
NIMBUS UPTIME: 155
SUPERVISOR ID: 55ea8666-1ec3-4f52-90f2-2bd5f9279552
SUPERVISOR HOST: pc426.emulab.net
SUPERVISOR USED WORKERS3
SUPERVISOR GET NUMBER OF TOTAL WORKERS4
SUPERVISOR GET UPTIME SECS142
SUPERVISOR ID: 47f99571-d103-4a6e-b80d-7f31ca62cf69
SUPERVISOR HOST: pc467.emulab.net
SUPERVISOR USED WORKERS3
SUPERVISOR GET NUMBER OF TOTAL WORKERS4
SUPERVISOR GET UPTIME SECS143
SUPERVISOR ID: 1f4bae1c-dbb9-43c4-8dad-060ee5283bcf
SUPERVISOR HOST: pc512.emulab.net
SUPERVISOR USED WORKERS3
SUPERVISOR GET NUMBER OF TOTAL WORKERS4
SUPERVISOR GET UPTIME SECS144
SUPERVISOR ID: 8b8af377-6cd2-4cf9-8696-8d9b11485d1b
SUPERVISOR HOST: pc549.emulab.net
SUPERVISOR USED WORKERS3
SUPERVISOR GET NUMBER OF TOTAL WORKERS4
SUPERVISOR GET UPTIME SECS142
SUPERVISOR ID: b6760ff9-9470-40ac-8a33-bd25ca9662a6
SUPERVISOR HOST: pc495.emulab.net
SUPERVISOR USED WORKERS4
SUPERVISOR GET NUMBER OF TOTAL WORKERS4
SUPERVISOR GET UPTIME SECS137
production-topology2-2-1456385067,0.0,0.0,1456385193404
production-topology1-1-1456385060,0.0,0.0,1456385193404
production-topology3-3-1456385074,0.1765562996031746,0.013581253815628814,1456385193404
production-topology4-4-1456385081,0.37103349506771854,0.03091945792230988,1456385193404
TOPOLOGY INFO 
production-topology1-1-1456385060
Topology Uptime: 143
Topology Status: ACTIVE
Topology Sched Status: null
production-topology3-3-1456385074
Topology Uptime: 130
Topology Status: ACTIVE
Topology Sched Status: null
production-topology4-4-1456385081
Topology Uptime: 123
Topology Status: ACTIVE
Topology Sched Status: null
production-topology2-2-1456385067
Topology Uptime: 137
Topology Status: ACTIVE
Topology Sched Status: null
********* END CLUSTER INFO **********
********* CLUSTER INFO: **********
NUMBER OF TOPOLOGIES: 4
NUMBER OF SUPERVISORS: 5
NIMBUS UPTIME: 166
SUPERVISOR ID: 55ea8666-1ec3-4f52-90f2-2bd5f9279552
SUPERVISOR HOST: pc426.emulab.net
SUPERVISOR USED WORKERS4
SUPERVISOR GET NUMBER OF TOTAL WORKERS4
SUPERVISOR GET UPTIME SECS152
SUPERVISOR ID: 47f99571-d103-4a6e-b80d-7f31ca62cf69
SUPERVISOR HOST: pc467.emulab.net
SUPERVISOR USED WORKERS4
SUPERVISOR GET NUMBER OF TOTAL WORKERS4
SUPERVISOR GET UPTIME SECS153
SUPERVISOR ID: 1f4bae1c-dbb9-43c4-8dad-060ee5283bcf
SUPERVISOR HOST: pc512.emulab.net
SUPERVISOR USED WORKERS4
SUPERVISOR GET NUMBER OF TOTAL WORKERS4
SUPERVISOR GET UPTIME SECS154
SUPERVISOR ID: 8b8af377-6cd2-4cf9-8696-8d9b11485d1b
SUPERVISOR HOST: pc549.emulab.net
SUPERVISOR USED WORKERS4
SUPERVISOR GET NUMBER OF TOTAL WORKERS4
SUPERVISOR GET UPTIME SECS152
SUPERVISOR ID: b6760ff9-9470-40ac-8a33-bd25ca9662a6
SUPERVISOR HOST: pc495.emulab.net
SUPERVISOR USED WORKERS4
SUPERVISOR GET NUMBER OF TOTAL WORKERS4
SUPERVISOR GET UPTIME SECS8009
production-topology2-2-1456385067,0.21507947153108445,0.013442466970692778,1456385204554
production-topology1-1-1456385060,0.0,0.0,1456385204554
production-topology3-3-1456385074,1.1723600813071684,0.0963511700650245,1456385204554
production-topology4-4-1456385081,1.1705972476391144,0.11858698020821792,1456385204555
The sorted order of receivers: 
***The sorted order of receivers: 
******The sorted order of givers: 
***There are no givers! *Sob* 
Receivers:  
TOPOLOGY INFO 
production-topology1-1-1456385060
Topology Uptime: 155
Topology Status: ACTIVE
Topology Sched Status: null
production-topology3-3-1456385074
Topology Uptime: 141
Topology Status: ACTIVE
Topology Sched Status: null
production-topology4-4-1456385081
Topology Uptime: 134
Topology Status: ACTIVE
Topology Sched Status: null
production-topology2-2-1456385067
Topology Uptime: 148
Topology Status: ACTIVE
Topology Sched Status: null
********* END CLUSTER INFO **********
********* CLUSTER INFO: **********
NUMBER OF TOPOLOGIES: 4
NUMBER OF SUPERVISORS: 5
NIMBUS UPTIME: 177
SUPERVISOR ID: 55ea8666-1ec3-4f52-90f2-2bd5f9279552
SUPERVISOR HOST: pc426.emulab.net
SUPERVISOR USED WORKERS4
SUPERVISOR GET NUMBER OF TOTAL WORKERS4
SUPERVISOR GET UPTIME SECS162
SUPERVISOR ID: 47f99571-d103-4a6e-b80d-7f31ca62cf69
SUPERVISOR HOST: pc467.emulab.net
SUPERVISOR USED WORKERS4
SUPERVISOR GET NUMBER OF TOTAL WORKERS4
SUPERVISOR GET UPTIME SECS163
SUPERVISOR ID: 1f4bae1c-dbb9-43c4-8dad-060ee5283bcf
SUPERVISOR HOST: pc512.emulab.net
SUPERVISOR USED WORKERS4
SUPERVISOR GET NUMBER OF TOTAL WORKERS4
SUPERVISOR GET UPTIME SECS164
SUPERVISOR ID: 8b8af377-6cd2-4cf9-8696-8d9b11485d1b
SUPERVISOR HOST: pc549.emulab.net
SUPERVISOR USED WORKERS4
SUPERVISOR GET NUMBER OF TOTAL WORKERS4
SUPERVISOR GET UPTIME SECS162
SUPERVISOR ID: b6760ff9-9470-40ac-8a33-bd25ca9662a6
SUPERVISOR HOST: pc495.emulab.net
SUPERVISOR USED WORKERS4
SUPERVISOR GET NUMBER OF TOTAL WORKERS4
SUPERVISOR GET UPTIME SECS8019
production-topology2-2-1456385067,0.37298323584753046,0.034591923963447936,1456385215756
production-topology1-1-1456385060,1.0671396023982263,0.05616524223148559,1456385215757
production-topology3-3-1456385074,1.0584159495153216,0.16048882202837766,1456385215757
production-topology4-4-1456385081,1.101421515461356,0.1887894470120135,1456385215757
The sorted order of receivers: 
***The sorted order of receivers: 
******The sorted order of givers: 
***There are no givers! *Sob* 
Receivers:  
TOPOLOGY INFO 
production-topology1-1-1456385060
Topology Uptime: 166
Topology Status: ACTIVE
Topology Sched Status: null
production-topology3-3-1456385074
Topology Uptime: 152
Topology Status: ACTIVE
Topology Sched Status: null
production-topology4-4-1456385081
Topology Uptime: 145
Topology Status: ACTIVE
Topology Sched Status: null
production-topology2-2-1456385067
Topology Uptime: 159
Topology Status: ACTIVE
Topology Sched Status: null
********* END CLUSTER INFO **********
********* CLUSTER INFO: **********
NUMBER OF TOPOLOGIES: 4
NUMBER OF SUPERVISORS: 5
NIMBUS UPTIME: 188
SUPERVISOR ID: 55ea8666-1ec3-4f52-90f2-2bd5f9279552
SUPERVISOR HOST: pc426.emulab.net
SUPERVISOR USED WORKERS4
SUPERVISOR GET NUMBER OF TOTAL WORKERS4
SUPERVISOR GET UPTIME SECS172
SUPERVISOR ID: 47f99571-d103-4a6e-b80d-7f31ca62cf69
SUPERVISOR HOST: pc467.emulab.net
SUPERVISOR USED WORKERS4
SUPERVISOR GET NUMBER OF TOTAL WORKERS4
SUPERVISOR GET UPTIME SECS178
SUPERVISOR ID: 1f4bae1c-dbb9-43c4-8dad-060ee5283bcf
SUPERVISOR HOST: pc512.emulab.net
SUPERVISOR USED WORKERS4
SUPERVISOR GET NUMBER OF TOTAL WORKERS4
SUPERVISOR GET UPTIME SECS174
SUPERVISOR ID: 8b8af377-6cd2-4cf9-8696-8d9b11485d1b
SUPERVISOR HOST: pc549.emulab.net
SUPERVISOR USED WORKERS4
SUPERVISOR GET NUMBER OF TOTAL WORKERS4
SUPERVISOR GET UPTIME SECS172
SUPERVISOR ID: b6760ff9-9470-40ac-8a33-bd25ca9662a6
SUPERVISOR HOST: pc495.emulab.net
SUPERVISOR USED WORKERS4
SUPERVISOR GET NUMBER OF TOTAL WORKERS4
SUPERVISOR GET UPTIME SECS172
production-topology2-2-1456385067,0.29680509885113465,0.04915932256831942,1456385226928
production-topology1-1-1456385060,1.0607271303498411,0.10639333663740339,1456385226928
production-topology3-3-1456385074,1.0038964141668236,0.21320179653703053,1456385226928
production-topology4-4-1456385081,1.025803794556035,0.24459040351494826,1456385226929
The sorted order of receivers: 
***The sorted order of receivers: 
******The sorted order of givers: 
***There are no givers! *Sob* 
Receivers:  
TOPOLOGY INFO 
production-topology1-1-1456385060
Topology Uptime: 177
Topology Status: ACTIVE
Topology Sched Status: null
production-topology3-3-1456385074
Topology Uptime: 163
Topology Status: ACTIVE
Topology Sched Status: null
production-topology4-4-1456385081
Topology Uptime: 156
Topology Status: ACTIVE
Topology Sched Status: null
production-topology2-2-1456385067
Topology Uptime: 170
Topology Status: ACTIVE
Topology Sched Status: null
********* END CLUSTER INFO **********
********* CLUSTER INFO: **********
NUMBER OF TOPOLOGIES: 4
NUMBER OF SUPERVISORS: 5
NIMBUS UPTIME: 199
SUPERVISOR ID: 55ea8666-1ec3-4f52-90f2-2bd5f9279552
SUPERVISOR HOST: pc426.emulab.net
SUPERVISOR USED WORKERS4
SUPERVISOR GET NUMBER OF TOTAL WORKERS4
SUPERVISOR GET UPTIME SECS187
SUPERVISOR ID: 47f99571-d103-4a6e-b80d-7f31ca62cf69
SUPERVISOR HOST: pc467.emulab.net
SUPERVISOR USED WORKERS4
SUPERVISOR GET NUMBER OF TOTAL WORKERS4
SUPERVISOR GET UPTIME SECS188
SUPERVISOR ID: 1f4bae1c-dbb9-43c4-8dad-060ee5283bcf
SUPERVISOR HOST: pc512.emulab.net
SUPERVISOR USED WORKERS4
SUPERVISOR GET NUMBER OF TOTAL WORKERS4
SUPERVISOR GET UPTIME SECS189
SUPERVISOR ID: 8b8af377-6cd2-4cf9-8696-8d9b11485d1b
SUPERVISOR HOST: pc549.emulab.net
SUPERVISOR USED WORKERS4
SUPERVISOR GET NUMBER OF TOTAL WORKERS4
SUPERVISOR GET UPTIME SECS187
SUPERVISOR ID: b6760ff9-9470-40ac-8a33-bd25ca9662a6
SUPERVISOR HOST: pc495.emulab.net
SUPERVISOR USED WORKERS4
SUPERVISOR GET NUMBER OF TOTAL WORKERS4
SUPERVISOR GET UPTIME SECS183
production-topology2-2-1456385067,0.2127368988312923,0.05776866868742325,1456385238103
production-topology1-1-1456385060,0.8349031072290753,0.14108427809414964,1456385238103
production-topology3-3-1456385074,0.9681952646718308,0.2576131770155482,1456385238104
production-topology4-4-1456385081,1.0467610145257344,0.2947260667031224,1456385238104
The sorted order of receivers: 
***The sorted order of receivers: 
******The sorted order of givers: 
***There are no givers! *Sob* 
Receivers:  
TOPOLOGY INFO 
production-topology1-1-1456385060
Topology Uptime: 188
Topology Status: ACTIVE
Topology Sched Status: null
production-topology3-3-1456385074
Topology Uptime: 174
Topology Status: ACTIVE
Topology Sched Status: null
production-topology4-4-1456385081
Topology Uptime: 167
Topology Status: ACTIVE
Topology Sched Status: null
production-topology2-2-1456385067
Topology Uptime: 181
Topology Status: ACTIVE
Topology Sched Status: null
********* END CLUSTER INFO **********
********* CLUSTER INFO: **********
NUMBER OF TOPOLOGIES: 4
NUMBER OF SUPERVISORS: 5
NIMBUS UPTIME: 211
SUPERVISOR ID: 55ea8666-1ec3-4f52-90f2-2bd5f9279552
SUPERVISOR HOST: pc426.emulab.net
SUPERVISOR USED WORKERS4
SUPERVISOR GET NUMBER OF TOTAL WORKERS4
SUPERVISOR GET UPTIME SECS198
SUPERVISOR ID: 47f99571-d103-4a6e-b80d-7f31ca62cf69
SUPERVISOR HOST: pc467.emulab.net
SUPERVISOR USED WORKERS4
SUPERVISOR GET NUMBER OF TOTAL WORKERS4
SUPERVISOR GET UPTIME SECS198
SUPERVISOR ID: 1f4bae1c-dbb9-43c4-8dad-060ee5283bcf
SUPERVISOR HOST: pc512.emulab.net
SUPERVISOR USED WORKERS4
SUPERVISOR GET NUMBER OF TOTAL WORKERS4
SUPERVISOR GET UPTIME SECS199
SUPERVISOR ID: 8b8af377-6cd2-4cf9-8696-8d9b11485d1b
SUPERVISOR HOST: pc549.emulab.net
SUPERVISOR USED WORKERS4
SUPERVISOR GET NUMBER OF TOTAL WORKERS4
SUPERVISOR GET UPTIME SECS197
SUPERVISOR ID: b6760ff9-9470-40ac-8a33-bd25ca9662a6
SUPERVISOR HOST: pc495.emulab.net
SUPERVISOR USED WORKERS4
SUPERVISOR GET NUMBER OF TOTAL WORKERS4
SUPERVISOR GET UPTIME SECS193
production-topology2-2-1456385067,0.23156092675797108,0.06645828159095064,1456385249222
production-topology1-1-1456385060,1.0476251694546748,0.18229068224690081,1456385249222
production-topology3-3-1456385074,0.998722419221034,0.29878591269363075,1456385249222
production-topology4-4-1456385081,0.9808121879982908,0.3350840738381323,1456385249223
The sorted order of receivers: 
***The sorted order of receivers: 
******The sorted order of givers: 
***There are no givers! *Sob* 
Receivers:  
TOPOLOGY INFO 
production-topology1-1-1456385060
Topology Uptime: 199
Topology Status: ACTIVE
Topology Sched Status: null
production-topology3-3-1456385074
Topology Uptime: 185
Topology Status: ACTIVE
Topology Sched Status: null
production-topology4-4-1456385081
Topology Uptime: 178
Topology Status: ACTIVE
Topology Sched Status: null
production-topology2-2-1456385067
Topology Uptime: 193
Topology Status: ACTIVE
Topology Sched Status: null
********* END CLUSTER INFO **********
********* CLUSTER INFO: **********
NUMBER OF TOPOLOGIES: 4
NUMBER OF SUPERVISORS: 5
NIMBUS UPTIME: 222
SUPERVISOR ID: 55ea8666-1ec3-4f52-90f2-2bd5f9279552
SUPERVISOR HOST: pc426.emulab.net
SUPERVISOR USED WORKERS4
SUPERVISOR GET NUMBER OF TOTAL WORKERS4
SUPERVISOR GET UPTIME SECS208
SUPERVISOR ID: 47f99571-d103-4a6e-b80d-7f31ca62cf69
SUPERVISOR HOST: pc467.emulab.net
SUPERVISOR USED WORKERS4
SUPERVISOR GET NUMBER OF TOTAL WORKERS4
SUPERVISOR GET UPTIME SECS208
SUPERVISOR ID: 1f4bae1c-dbb9-43c4-8dad-060ee5283bcf
SUPERVISOR HOST: pc512.emulab.net
SUPERVISOR USED WORKERS4
SUPERVISOR GET NUMBER OF TOTAL WORKERS4
SUPERVISOR GET UPTIME SECS209
SUPERVISOR ID: 8b8af377-6cd2-4cf9-8696-8d9b11485d1b
SUPERVISOR HOST: pc549.emulab.net
SUPERVISOR USED WORKERS4
SUPERVISOR GET NUMBER OF TOTAL WORKERS4
SUPERVISOR GET UPTIME SECS207
SUPERVISOR ID: b6760ff9-9470-40ac-8a33-bd25ca9662a6
SUPERVISOR HOST: pc495.emulab.net
SUPERVISOR USED WORKERS4
SUPERVISOR GET NUMBER OF TOTAL WORKERS4
SUPERVISOR GET UPTIME SECS8064
production-topology2-2-1456385067,0.2591123248500813,0.07563228365090924,1456385260324
production-topology1-1-1456385060,0.9575376612327197,0.21599707263758858,1456385260324
production-topology3-3-1456385074,1.0734100165916285,0.33955560237247273,1456385260325
production-topology4-4-1456385081,0.9914450899196016,0.37154857473154723,1456385260325
The sorted order of receivers: 
***The sorted order of receivers: 
******The sorted order of givers: 
***There are no givers! *Sob* 
Receivers:  
TOPOLOGY INFO 
production-topology1-1-1456385060
Topology Uptime: 210
Topology Status: ACTIVE
Topology Sched Status: null
production-topology3-3-1456385074
Topology Uptime: 196
Topology Status: ACTIVE
Topology Sched Status: null
production-topology4-4-1456385081
Topology Uptime: 190
Topology Status: ACTIVE
Topology Sched Status: null
production-topology2-2-1456385067
Topology Uptime: 204
Topology Status: ACTIVE
Topology Sched Status: null
********* END CLUSTER INFO **********
********* CLUSTER INFO: **********
NUMBER OF TOPOLOGIES: 4
NUMBER OF SUPERVISORS: 5
NIMBUS UPTIME: 233
SUPERVISOR ID: 55ea8666-1ec3-4f52-90f2-2bd5f9279552
SUPERVISOR HOST: pc426.emulab.net
SUPERVISOR USED WORKERS4
SUPERVISOR GET NUMBER OF TOTAL WORKERS4
SUPERVISOR GET UPTIME SECS218
SUPERVISOR ID: 47f99571-d103-4a6e-b80d-7f31ca62cf69
SUPERVISOR HOST: pc467.emulab.net
SUPERVISOR USED WORKERS4
SUPERVISOR GET NUMBER OF TOTAL WORKERS4
SUPERVISOR GET UPTIME SECS218
SUPERVISOR ID: 1f4bae1c-dbb9-43c4-8dad-060ee5283bcf
SUPERVISOR HOST: pc512.emulab.net
SUPERVISOR USED WORKERS4
SUPERVISOR GET NUMBER OF TOTAL WORKERS4
SUPERVISOR GET UPTIME SECS219
SUPERVISOR ID: 8b8af377-6cd2-4cf9-8696-8d9b11485d1b
SUPERVISOR HOST: pc549.emulab.net
SUPERVISOR USED WORKERS4
SUPERVISOR GET NUMBER OF TOTAL WORKERS4
SUPERVISOR GET UPTIME SECS217
SUPERVISOR ID: b6760ff9-9470-40ac-8a33-bd25ca9662a6
SUPERVISOR HOST: pc495.emulab.net
SUPERVISOR USED WORKERS4
SUPERVISOR GET NUMBER OF TOTAL WORKERS4
SUPERVISOR GET UPTIME SECS218
production-topology2-2-1456385067,0.3862222424049771,0.08975000904882141,1456385271405
production-topology1-1-1456385060,1.1440338917543373,0.25466527343411977,1456385271405
production-topology3-3-1456385074,0.9470290528730512,0.36992927489750166,1456385271405
production-topology4-4-1456385081,1.036008124983888,0.40652013000798626,1456385271406
The sorted order of receivers: 
***The sorted order of receivers: 
******The sorted order of givers: 
***There are no givers! *Sob* 
Receivers:  
TOPOLOGY INFO 
production-topology1-1-1456385060
Topology Uptime: 222
Topology Status: ACTIVE
Topology Sched Status: null
production-topology3-3-1456385074
Topology Uptime: 208
Topology Status: ACTIVE
Topology Sched Status: null
production-topology4-4-1456385081
Topology Uptime: 201
Topology Status: ACTIVE
Topology Sched Status: null
production-topology2-2-1456385067
Topology Uptime: 215
Topology Status: ACTIVE
Topology Sched Status: null
********* END CLUSTER INFO **********
********* CLUSTER INFO: **********
NUMBER OF TOPOLOGIES: 4
NUMBER OF SUPERVISORS: 5
NIMBUS UPTIME: 244
SUPERVISOR ID: 55ea8666-1ec3-4f52-90f2-2bd5f9279552
SUPERVISOR HOST: pc426.emulab.net
SUPERVISOR USED WORKERS4
SUPERVISOR GET NUMBER OF TOTAL WORKERS4
SUPERVISOR GET UPTIME SECS233
SUPERVISOR ID: 47f99571-d103-4a6e-b80d-7f31ca62cf69
SUPERVISOR HOST: pc467.emulab.net
SUPERVISOR USED WORKERS4
SUPERVISOR GET NUMBER OF TOTAL WORKERS4
SUPERVISOR GET UPTIME SECS233
SUPERVISOR ID: 1f4bae1c-dbb9-43c4-8dad-060ee5283bcf
SUPERVISOR HOST: pc512.emulab.net
SUPERVISOR USED WORKERS4
SUPERVISOR GET NUMBER OF TOTAL WORKERS4
SUPERVISOR GET UPTIME SECS229
SUPERVISOR ID: 8b8af377-6cd2-4cf9-8696-8d9b11485d1b
SUPERVISOR HOST: pc549.emulab.net
SUPERVISOR USED WORKERS4
SUPERVISOR GET NUMBER OF TOTAL WORKERS4
SUPERVISOR GET UPTIME SECS232
SUPERVISOR ID: b6760ff9-9470-40ac-8a33-bd25ca9662a6
SUPERVISOR HOST: pc495.emulab.net
SUPERVISOR USED WORKERS4
SUPERVISOR GET NUMBER OF TOTAL WORKERS4
SUPERVISOR GET UPTIME SECS228
production-topology2-2-1456385067,0.24502612915266886,0.09650114470551044,1456385282650
production-topology1-1-1456385060,0.9578336333655483,0.2827920078313769,1456385282650
production-topology3-3-1456385074,0.9185951440800579,0.39605622104905197,1456385282650
production-topology4-4-1456385081,1.0032479598242312,0.4363565214987985,1456385282651
The sorted order of receivers: 
***The sorted order of receivers: 
******The sorted order of givers: 
***There are no givers! *Sob* 
Receivers:  
TOPOLOGY INFO 
production-topology1-1-1456385060
Topology Uptime: 233
Topology Status: ACTIVE
Topology Sched Status: null
production-topology3-3-1456385074
Topology Uptime: 219
Topology Status: ACTIVE
Topology Sched Status: null
production-topology4-4-1456385081
Topology Uptime: 212
Topology Status: ACTIVE
Topology Sched Status: null
production-topology2-2-1456385067
Topology Uptime: 226
Topology Status: ACTIVE
Topology Sched Status: null
********* END CLUSTER INFO **********
********* CLUSTER INFO: **********
NUMBER OF TOPOLOGIES: 4
NUMBER OF SUPERVISORS: 5
NIMBUS UPTIME: 255
SUPERVISOR ID: 55ea8666-1ec3-4f52-90f2-2bd5f9279552
SUPERVISOR HOST: pc426.emulab.net
SUPERVISOR USED WORKERS4
SUPERVISOR GET NUMBER OF TOTAL WORKERS4
SUPERVISOR GET UPTIME SECS243
SUPERVISOR ID: 47f99571-d103-4a6e-b80d-7f31ca62cf69
SUPERVISOR HOST: pc467.emulab.net
SUPERVISOR USED WORKERS4
SUPERVISOR GET NUMBER OF TOTAL WORKERS4
SUPERVISOR GET UPTIME SECS243
SUPERVISOR ID: 1f4bae1c-dbb9-43c4-8dad-060ee5283bcf
SUPERVISOR HOST: pc512.emulab.net
SUPERVISOR USED WORKERS4
SUPERVISOR GET NUMBER OF TOTAL WORKERS4
SUPERVISOR GET UPTIME SECS244
SUPERVISOR ID: 8b8af377-6cd2-4cf9-8696-8d9b11485d1b
SUPERVISOR HOST: pc549.emulab.net
SUPERVISOR USED WORKERS4
SUPERVISOR GET NUMBER OF TOTAL WORKERS4
SUPERVISOR GET UPTIME SECS242
SUPERVISOR ID: b6760ff9-9470-40ac-8a33-bd25ca9662a6
SUPERVISOR HOST: pc495.emulab.net
SUPERVISOR USED WORKERS4
SUPERVISOR GET NUMBER OF TOTAL WORKERS4
SUPERVISOR GET UPTIME SECS238
production-topology2-2-1456385067,0.24987743535777907,0.10289182348268829,1456385293737
production-topology1-1-1456385060,0.9120233129233516,0.30699321187337597,1456385293737
production-topology3-3-1456385074,1.0490205019699401,0.42573641563636505,1456385293737
production-topology4-4-1456385081,1.0230808221028824,0.4642957739085168,1456385293737
The sorted order of receivers: 
***The sorted order of receivers: 
******The sorted order of givers: 
***There are no givers! *Sob* 
Receivers:  
TOPOLOGY INFO 
production-topology1-1-1456385060
Topology Uptime: 244
Topology Status: ACTIVE
Topology Sched Status: null
production-topology3-3-1456385074
Topology Uptime: 230
Topology Status: ACTIVE
Topology Sched Status: null
production-topology4-4-1456385081
Topology Uptime: 223
Topology Status: ACTIVE
Topology Sched Status: null
production-topology2-2-1456385067
Topology Uptime: 237
Topology Status: ACTIVE
Topology Sched Status: null
********* END CLUSTER INFO **********
********* CLUSTER INFO: **********
NUMBER OF TOPOLOGIES: 4
NUMBER OF SUPERVISORS: 5
NIMBUS UPTIME: 266
SUPERVISOR ID: 55ea8666-1ec3-4f52-90f2-2bd5f9279552
SUPERVISOR HOST: pc426.emulab.net
SUPERVISOR USED WORKERS4
SUPERVISOR GET NUMBER OF TOTAL WORKERS4
SUPERVISOR GET UPTIME SECS253
SUPERVISOR ID: 47f99571-d103-4a6e-b80d-7f31ca62cf69
SUPERVISOR HOST: pc467.emulab.net
SUPERVISOR USED WORKERS4
SUPERVISOR GET NUMBER OF TOTAL WORKERS4
SUPERVISOR GET UPTIME SECS253
SUPERVISOR ID: 1f4bae1c-dbb9-43c4-8dad-060ee5283bcf
SUPERVISOR HOST: pc512.emulab.net
SUPERVISOR USED WORKERS4
SUPERVISOR GET NUMBER OF TOTAL WORKERS4
SUPERVISOR GET UPTIME SECS254
SUPERVISOR ID: 8b8af377-6cd2-4cf9-8696-8d9b11485d1b
SUPERVISOR HOST: pc549.emulab.net
SUPERVISOR USED WORKERS4
SUPERVISOR GET NUMBER OF TOTAL WORKERS4
SUPERVISOR GET UPTIME SECS253
SUPERVISOR ID: b6760ff9-9470-40ac-8a33-bd25ca9662a6
SUPERVISOR HOST: pc495.emulab.net
SUPERVISOR USED WORKERS4
SUPERVISOR GET NUMBER OF TOTAL WORKERS4
SUPERVISOR GET UPTIME SECS8109
production-topology2-2-1456385067,0.33598224805390964,0.11221544046553714,1456385304803
production-topology1-1-1456385060,1.218567241629629,0.3407552129754594,1456385304803
production-topology3-3-1456385074,1.0569351645879346,0.4531798395038247,1456385304804
production-topology4-4-1456385081,0.9613405966885349,0.4868887203985176,1456385304804
The sorted order of receivers: 
***The sorted order of receivers: 
******The sorted order of givers: 
***There are no givers! *Sob* 
Receivers:  
TOPOLOGY INFO 
production-topology1-1-1456385060
Topology Uptime: 255
Topology Status: ACTIVE
Topology Sched Status: null
production-topology3-3-1456385074
Topology Uptime: 241
Topology Status: ACTIVE
Topology Sched Status: null
production-topology4-4-1456385081
Topology Uptime: 234
Topology Status: ACTIVE
Topology Sched Status: null
production-topology2-2-1456385067
Topology Uptime: 248
Topology Status: ACTIVE
Topology Sched Status: null
********* END CLUSTER INFO **********
********* CLUSTER INFO: **********
NUMBER OF TOPOLOGIES: 4
NUMBER OF SUPERVISORS: 5
NIMBUS UPTIME: 277
SUPERVISOR ID: 55ea8666-1ec3-4f52-90f2-2bd5f9279552
SUPERVISOR HOST: pc426.emulab.net
SUPERVISOR USED WORKERS4
SUPERVISOR GET NUMBER OF TOTAL WORKERS4
SUPERVISOR GET UPTIME SECS263
SUPERVISOR ID: 47f99571-d103-4a6e-b80d-7f31ca62cf69
SUPERVISOR HOST: pc467.emulab.net
SUPERVISOR USED WORKERS4
SUPERVISOR GET NUMBER OF TOTAL WORKERS4
SUPERVISOR GET UPTIME SECS263
SUPERVISOR ID: 1f4bae1c-dbb9-43c4-8dad-060ee5283bcf
SUPERVISOR HOST: pc512.emulab.net
SUPERVISOR USED WORKERS4
SUPERVISOR GET NUMBER OF TOTAL WORKERS4
SUPERVISOR GET UPTIME SECS264
SUPERVISOR ID: 8b8af377-6cd2-4cf9-8696-8d9b11485d1b
SUPERVISOR HOST: pc549.emulab.net
SUPERVISOR USED WORKERS4
SUPERVISOR GET NUMBER OF TOTAL WORKERS4
SUPERVISOR GET UPTIME SECS263
SUPERVISOR ID: b6760ff9-9470-40ac-8a33-bd25ca9662a6
SUPERVISOR HOST: pc495.emulab.net
SUPERVISOR USED WORKERS4
SUPERVISOR GET NUMBER OF TOTAL WORKERS4
SUPERVISOR GET UPTIME SECS8119
production-topology2-2-1456385067,0.23654845458089727,0.11699747946997406,1456385316024
production-topology1-1-1456385060,0.8650227976121265,0.35947905528391183,1456385316025
production-topology3-3-1456385074,0.9994765199435842,0.47594220118881464,1456385316025
production-topology4-4-1456385081,0.966822065080166,0.5077553875585893,1456385316025
The sorted order of receivers: 
***The sorted order of receivers: 
******The sorted order of givers: 
***There are no givers! *Sob* 
Receivers:  
TOPOLOGY INFO 
production-topology1-1-1456385060
Topology Uptime: 266
Topology Status: ACTIVE
Topology Sched Status: null
production-topology3-3-1456385074
Topology Uptime: 252
Topology Status: ACTIVE
Topology Sched Status: null
production-topology4-4-1456385081
Topology Uptime: 245
Topology Status: ACTIVE
Topology Sched Status: null
production-topology2-2-1456385067
Topology Uptime: 259
Topology Status: ACTIVE
Topology Sched Status: null
********* END CLUSTER INFO **********
********* CLUSTER INFO: **********
NUMBER OF TOPOLOGIES: 4
NUMBER OF SUPERVISORS: 5
NIMBUS UPTIME: 288
SUPERVISOR ID: 55ea8666-1ec3-4f52-90f2-2bd5f9279552
SUPERVISOR HOST: pc426.emulab.net
SUPERVISOR USED WORKERS4
SUPERVISOR GET NUMBER OF TOTAL WORKERS4
SUPERVISOR GET UPTIME SECS273
SUPERVISOR ID: 47f99571-d103-4a6e-b80d-7f31ca62cf69
SUPERVISOR HOST: pc467.emulab.net
SUPERVISOR USED WORKERS4
SUPERVISOR GET NUMBER OF TOTAL WORKERS4
SUPERVISOR GET UPTIME SECS278
SUPERVISOR ID: 1f4bae1c-dbb9-43c4-8dad-060ee5283bcf
SUPERVISOR HOST: pc512.emulab.net
SUPERVISOR USED WORKERS4
SUPERVISOR GET NUMBER OF TOTAL WORKERS4
SUPERVISOR GET UPTIME SECS274
SUPERVISOR ID: 8b8af377-6cd2-4cf9-8696-8d9b11485d1b
SUPERVISOR HOST: pc549.emulab.net
SUPERVISOR USED WORKERS4
SUPERVISOR GET NUMBER OF TOTAL WORKERS4
SUPERVISOR GET UPTIME SECS273
SUPERVISOR ID: b6760ff9-9470-40ac-8a33-bd25ca9662a6
SUPERVISOR HOST: pc495.emulab.net
SUPERVISOR USED WORKERS4
SUPERVISOR GET NUMBER OF TOTAL WORKERS4
SUPERVISOR GET UPTIME SECS273
production-topology2-2-1456385067,0.20192956266633225,0.1201431121809503,1456385327133
production-topology1-1-1456385060,1.1035433984704643,0.38513644642827566,1456385327133
production-topology3-3-1456385074,0.9929801609445658,0.49662371957904466,1456385327134
production-topology4-4-1456385081,1.0333739173383494,0.5296561596327459,1456385327134
The sorted order of receivers: 
***The sorted order of receivers: 
******The sorted order of givers: 
***There are no givers! *Sob* 
Receivers:  
TOPOLOGY INFO 
production-topology1-1-1456385060
Topology Uptime: 277
Topology Status: ACTIVE
Topology Sched Status: null
production-topology3-3-1456385074
Topology Uptime: 263
Topology Status: ACTIVE
Topology Sched Status: null
production-topology4-4-1456385081
Topology Uptime: 256
Topology Status: ACTIVE
Topology Sched Status: null
production-topology2-2-1456385067
Topology Uptime: 270
Topology Status: ACTIVE
Topology Sched Status: null
********* END CLUSTER INFO **********
********* CLUSTER INFO: **********
NUMBER OF TOPOLOGIES: 4
NUMBER OF SUPERVISORS: 5
NIMBUS UPTIME: 300
SUPERVISOR ID: 55ea8666-1ec3-4f52-90f2-2bd5f9279552
SUPERVISOR HOST: pc426.emulab.net
SUPERVISOR USED WORKERS4
SUPERVISOR GET NUMBER OF TOTAL WORKERS4
SUPERVISOR GET UPTIME SECS288
SUPERVISOR ID: 47f99571-d103-4a6e-b80d-7f31ca62cf69
SUPERVISOR HOST: pc467.emulab.net
SUPERVISOR USED WORKERS4
SUPERVISOR GET NUMBER OF TOTAL WORKERS4
SUPERVISOR GET UPTIME SECS288
SUPERVISOR ID: 1f4bae1c-dbb9-43c4-8dad-060ee5283bcf
SUPERVISOR HOST: pc512.emulab.net
SUPERVISOR USED WORKERS4
SUPERVISOR GET NUMBER OF TOTAL WORKERS4
SUPERVISOR GET UPTIME SECS289
SUPERVISOR ID: 8b8af377-6cd2-4cf9-8696-8d9b11485d1b
SUPERVISOR HOST: pc549.emulab.net
SUPERVISOR USED WORKERS4
SUPERVISOR GET NUMBER OF TOTAL WORKERS4
SUPERVISOR GET UPTIME SECS288
SUPERVISOR ID: b6760ff9-9470-40ac-8a33-bd25ca9662a6
SUPERVISOR HOST: pc495.emulab.net
SUPERVISOR USED WORKERS4
SUPERVISOR GET NUMBER OF TOTAL WORKERS4
SUPERVISOR GET UPTIME SECS283
production-topology2-2-1456385067,0.23447527724204437,0.12422640379027508,1456385338141
production-topology1-1-1456385060,1.0437505234591602,0.4070902489959718,1456385338142
production-topology3-3-1456385074,1.0102503713251454,0.5163785908000486,1456385338142
production-topology4-4-1456385081,0.9668274204852654,0.5471430100668467,1456385338142
The sorted order of receivers: 
***The sorted order of receivers: 
******The sorted order of givers: 
***There are no givers! *Sob* 
Receivers:  
TOPOLOGY INFO 
production-topology1-1-1456385060
Topology Uptime: 288
Topology Status: ACTIVE
Topology Sched Status: null
production-topology3-3-1456385074
Topology Uptime: 274
Topology Status: ACTIVE
Topology Sched Status: null
production-topology4-4-1456385081
Topology Uptime: 268
Topology Status: ACTIVE
Topology Sched Status: null
production-topology2-2-1456385067
Topology Uptime: 282
Topology Status: ACTIVE
Topology Sched Status: null
********* END CLUSTER INFO **********
********* CLUSTER INFO: **********
NUMBER OF TOPOLOGIES: 4
NUMBER OF SUPERVISORS: 5
NIMBUS UPTIME: 311
SUPERVISOR ID: 55ea8666-1ec3-4f52-90f2-2bd5f9279552
SUPERVISOR HOST: pc426.emulab.net
SUPERVISOR USED WORKERS4
SUPERVISOR GET NUMBER OF TOTAL WORKERS4
SUPERVISOR GET UPTIME SECS298
SUPERVISOR ID: 47f99571-d103-4a6e-b80d-7f31ca62cf69
SUPERVISOR HOST: pc467.emulab.net
SUPERVISOR USED WORKERS4
SUPERVISOR GET NUMBER OF TOTAL WORKERS4
SUPERVISOR GET UPTIME SECS298
SUPERVISOR ID: 1f4bae1c-dbb9-43c4-8dad-060ee5283bcf
SUPERVISOR HOST: pc512.emulab.net
SUPERVISOR USED WORKERS4
SUPERVISOR GET NUMBER OF TOTAL WORKERS4
SUPERVISOR GET UPTIME SECS299
SUPERVISOR ID: 8b8af377-6cd2-4cf9-8696-8d9b11485d1b
SUPERVISOR HOST: pc549.emulab.net
SUPERVISOR USED WORKERS4
SUPERVISOR GET NUMBER OF TOTAL WORKERS4
SUPERVISOR GET UPTIME SECS298
SUPERVISOR ID: b6760ff9-9470-40ac-8a33-bd25ca9662a6
SUPERVISOR HOST: pc495.emulab.net
SUPERVISOR USED WORKERS4
SUPERVISOR GET NUMBER OF TOTAL WORKERS4
SUPERVISOR GET UPTIME SECS293
production-topology2-2-1456385067,0.26849690648807134,0.12920124871088876,1456385349351
production-topology1-1-1456385060,0.9408228133649481,0.4384510094414701,1456385349351
production-topology3-3-1456385074,0.8992467750292726,0.5305588939196495,1456385349352
production-topology4-4-1456385081,0.9826605251902207,0.563893683725438,1456385349352
The sorted order of receivers: 
***The sorted order of receivers: 
******The sorted order of givers: 
***There are no givers! *Sob* 
Receivers:  
TOPOLOGY INFO 
production-topology1-1-1456385060
Topology Uptime: 299
Topology Status: ACTIVE
Topology Sched Status: null
production-topology3-3-1456385074
Topology Uptime: 285
Topology Status: ACTIVE
Topology Sched Status: null
production-topology4-4-1456385081
Topology Uptime: 279
Topology Status: ACTIVE
Topology Sched Status: null
production-topology2-2-1456385067
Topology Uptime: 293
Topology Status: ACTIVE
Topology Sched Status: null
********* END CLUSTER INFO **********
********* CLUSTER INFO: **********
NUMBER OF TOPOLOGIES: 4
NUMBER OF SUPERVISORS: 5
NIMBUS UPTIME: 322
SUPERVISOR ID: 55ea8666-1ec3-4f52-90f2-2bd5f9279552
SUPERVISOR HOST: pc426.emulab.net
SUPERVISOR USED WORKERS4
SUPERVISOR GET NUMBER OF TOTAL WORKERS4
SUPERVISOR GET UPTIME SECS308
SUPERVISOR ID: 47f99571-d103-4a6e-b80d-7f31ca62cf69
SUPERVISOR HOST: pc467.emulab.net
SUPERVISOR USED WORKERS4
SUPERVISOR GET NUMBER OF TOTAL WORKERS4
SUPERVISOR GET UPTIME SECS308
SUPERVISOR ID: 1f4bae1c-dbb9-43c4-8dad-060ee5283bcf
SUPERVISOR HOST: pc512.emulab.net
SUPERVISOR USED WORKERS4
SUPERVISOR GET NUMBER OF TOTAL WORKERS4
SUPERVISOR GET UPTIME SECS309
SUPERVISOR ID: 8b8af377-6cd2-4cf9-8696-8d9b11485d1b
SUPERVISOR HOST: pc549.emulab.net
SUPERVISOR USED WORKERS4
SUPERVISOR GET NUMBER OF TOTAL WORKERS4
SUPERVISOR GET UPTIME SECS308
SUPERVISOR ID: b6760ff9-9470-40ac-8a33-bd25ca9662a6
SUPERVISOR HOST: pc495.emulab.net
SUPERVISOR USED WORKERS4
SUPERVISOR GET NUMBER OF TOTAL WORKERS4
SUPERVISOR GET UPTIME SECS8164
production-topology2-2-1456385067,0.2732946014164236,0.13400436046773992,1456385360392
production-topology1-1-1456385060,1.005870873106277,0.47198003854501264,1456385360393
production-topology3-3-1456385074,1.114520558657305,0.55141466766028,1456385360393
production-topology4-4-1456385081,1.0091950821060367,0.5803863281099046,1456385360393
The sorted order of receivers: 
***The sorted order of receivers: 
******The sorted order of givers: 
***There are no givers! *Sob* 
Receivers:  
TOPOLOGY INFO 
production-topology1-1-1456385060
Topology Uptime: 311
Topology Status: ACTIVE
Topology Sched Status: null
production-topology3-3-1456385074
Topology Uptime: 297
Topology Status: ACTIVE
Topology Sched Status: null
production-topology4-4-1456385081
Topology Uptime: 290
Topology Status: ACTIVE
Topology Sched Status: null
production-topology2-2-1456385067
Topology Uptime: 304
Topology Status: ACTIVE
Topology Sched Status: null
********* END CLUSTER INFO **********
********* CLUSTER INFO: **********
NUMBER OF TOPOLOGIES: 4
NUMBER OF SUPERVISORS: 5
NIMBUS UPTIME: 333
SUPERVISOR ID: 55ea8666-1ec3-4f52-90f2-2bd5f9279552
SUPERVISOR HOST: pc426.emulab.net
SUPERVISOR USED WORKERS4
SUPERVISOR GET NUMBER OF TOTAL WORKERS4
SUPERVISOR GET UPTIME SECS318
SUPERVISOR ID: 47f99571-d103-4a6e-b80d-7f31ca62cf69
SUPERVISOR HOST: pc467.emulab.net
SUPERVISOR USED WORKERS4
SUPERVISOR GET NUMBER OF TOTAL WORKERS4
SUPERVISOR GET UPTIME SECS318
SUPERVISOR ID: 1f4bae1c-dbb9-43c4-8dad-060ee5283bcf
SUPERVISOR HOST: pc512.emulab.net
SUPERVISOR USED WORKERS4
SUPERVISOR GET NUMBER OF TOTAL WORKERS4
SUPERVISOR GET UPTIME SECS319
SUPERVISOR ID: 8b8af377-6cd2-4cf9-8696-8d9b11485d1b
SUPERVISOR HOST: pc549.emulab.net
SUPERVISOR USED WORKERS4
SUPERVISOR GET NUMBER OF TOTAL WORKERS4
SUPERVISOR GET UPTIME SECS318
SUPERVISOR ID: b6760ff9-9470-40ac-8a33-bd25ca9662a6
SUPERVISOR HOST: pc495.emulab.net
SUPERVISOR USED WORKERS4
SUPERVISOR GET NUMBER OF TOTAL WORKERS4
SUPERVISOR GET UPTIME SECS318
production-topology2-2-1456385067,0.5466687956217744,0.15222665365513238,1456385371735
production-topology1-1-1456385060,1.0437395613229845,0.5067713572557788,1456385371735
production-topology3-3-1456385074,0.9497268043019677,0.5651495689237864,1456385371736
production-topology4-4-1456385081,0.947875064796055,0.5935109258486957,1456385371736
The sorted order of receivers: 
production-topology1-1-1456385060 0.4932286427442212
production-topology2-2-1456385067 0.6477733463448676
***The sorted order of receivers: 
production-topology1-1-1456385060 0.4932286427442212
production-topology2-2-1456385067 0.6477733463448676
***production-topology2-2-1456385067 0.6477733463448676
production-topology1-1-1456385060 0.4932286427442212
***The sorted order of givers: 
***TOPOLOGY INFO 
production-topology1-1-1456385060
Topology Uptime: 322
Topology Status: REBALANCING
Topology Sched Status: null
production-topology3-3-1456385074
Topology Uptime: 308
Topology Status: ACTIVE
Topology Sched Status: null
production-topology4-4-1456385081
Topology Uptime: 301
Topology Status: ACTIVE
Topology Sched Status: null
production-topology2-2-1456385067
Topology Uptime: 315
Topology Status: REBALANCING
Topology Sched Status: null
********* END CLUSTER INFO **********
********* CLUSTER INFO: **********
NUMBER OF TOPOLOGIES: 4
NUMBER OF SUPERVISORS: 5
NIMBUS UPTIME: 344
SUPERVISOR ID: 55ea8666-1ec3-4f52-90f2-2bd5f9279552
SUPERVISOR HOST: pc426.emulab.net
SUPERVISOR USED WORKERS4
SUPERVISOR GET NUMBER OF TOTAL WORKERS4
SUPERVISOR GET UPTIME SECS333
SUPERVISOR ID: 47f99571-d103-4a6e-b80d-7f31ca62cf69
SUPERVISOR HOST: pc467.emulab.net
SUPERVISOR USED WORKERS4
SUPERVISOR GET NUMBER OF TOTAL WORKERS4
SUPERVISOR GET UPTIME SECS333
SUPERVISOR ID: 1f4bae1c-dbb9-43c4-8dad-060ee5283bcf
SUPERVISOR HOST: pc512.emulab.net
SUPERVISOR USED WORKERS4
SUPERVISOR GET NUMBER OF TOTAL WORKERS4
SUPERVISOR GET UPTIME SECS329
SUPERVISOR ID: 8b8af377-6cd2-4cf9-8696-8d9b11485d1b
SUPERVISOR HOST: pc549.emulab.net
SUPERVISOR USED WORKERS4
SUPERVISOR GET NUMBER OF TOTAL WORKERS4
SUPERVISOR GET UPTIME SECS333
SUPERVISOR ID: b6760ff9-9470-40ac-8a33-bd25ca9662a6
SUPERVISOR HOST: pc495.emulab.net
SUPERVISOR USED WORKERS4
SUPERVISOR GET NUMBER OF TOTAL WORKERS4
SUPERVISOR GET UPTIME SECS328
production-topology2-2-1456385067,0.2629525386694802,0.2629525386694802,1456385382860
production-topology1-1-1456385060,0.9946461085155764,0.9946461085155764,1456385382860
production-topology3-3-1456385074,1.095869603868922,0.5828402367552911,1456385382860
production-topology4-4-1456385081,1.074070934938637,0.6100819606449005,1456385382860
The sorted order of receivers: 
production-topology3-3-1456385074 0.41715976324470894
***The sorted order of receivers: 
production-topology3-3-1456385074 0.41715976324470894
***production-topology3-3-1456385074 0.41715976324470894
***The sorted order of givers: 
***TOPOLOGY INFO 
production-topology1-1-1456385060
Topology Uptime: 333
Topology Status: REBALANCING
Topology Sched Status: null
production-topology3-3-1456385074
Topology Uptime: 319
Topology Status: REBALANCING
Topology Sched Status: null
production-topology4-4-1456385081
Topology Uptime: 312
Topology Status: ACTIVE
Topology Sched Status: null
production-topology2-2-1456385067
Topology Uptime: 326
Topology Status: REBALANCING
Topology Sched Status: null
********* END CLUSTER INFO **********
********* CLUSTER INFO: **********
NUMBER OF TOPOLOGIES: 4
NUMBER OF SUPERVISORS: 5
NIMBUS UPTIME: 355
SUPERVISOR ID: 55ea8666-1ec3-4f52-90f2-2bd5f9279552
SUPERVISOR HOST: pc426.emulab.net
SUPERVISOR USED WORKERS4
SUPERVISOR GET NUMBER OF TOTAL WORKERS4
SUPERVISOR GET UPTIME SECS343
SUPERVISOR ID: 47f99571-d103-4a6e-b80d-7f31ca62cf69
SUPERVISOR HOST: pc467.emulab.net
SUPERVISOR USED WORKERS4
SUPERVISOR GET NUMBER OF TOTAL WORKERS4
SUPERVISOR GET UPTIME SECS343
SUPERVISOR ID: 1f4bae1c-dbb9-43c4-8dad-060ee5283bcf
SUPERVISOR HOST: pc512.emulab.net
SUPERVISOR USED WORKERS4
SUPERVISOR GET NUMBER OF TOTAL WORKERS4
SUPERVISOR GET UPTIME SECS344
SUPERVISOR ID: 8b8af377-6cd2-4cf9-8696-8d9b11485d1b
SUPERVISOR HOST: pc549.emulab.net
SUPERVISOR USED WORKERS4
SUPERVISOR GET NUMBER OF TOTAL WORKERS4
SUPERVISOR GET UPTIME SECS343
SUPERVISOR ID: b6760ff9-9470-40ac-8a33-bd25ca9662a6
SUPERVISOR HOST: pc495.emulab.net
SUPERVISOR USED WORKERS4
SUPERVISOR GET NUMBER OF TOTAL WORKERS4
SUPERVISOR GET UPTIME SECS338
production-topology2-2-1456385067,0.0,0.1314762693347401,1456385393798
production-topology1-1-1456385060,0.2777777777777778,0.6362119431466771,1456385393798
production-topology3-3-1456385074,1.0005629439897934,1.0005629439897934,1456385393799
production-topology4-4-1456385081,1.019723772965466,0.6237366877222528,1456385393799
The sorted order of receivers: 
production-topology4-4-1456385081 0.17626331227774727
***The sorted order of receivers: 
production-topology4-4-1456385081 0.17626331227774727
***production-topology4-4-1456385081 0.17626331227774727
***The sorted order of givers: 
***TOPOLOGY INFO 
production-topology1-1-1456385060
Topology Uptime: 344
Topology Status: REBALANCING
Topology Sched Status: null
production-topology3-3-1456385074
Topology Uptime: 330
Topology Status: REBALANCING
Topology Sched Status: null
production-topology4-4-1456385081
Topology Uptime: 323
Topology Status: REBALANCING
Topology Sched Status: null
production-topology2-2-1456385067
Topology Uptime: 337
Topology Status: REBALANCING
Topology Sched Status: null
********* END CLUSTER INFO **********
********* CLUSTER INFO: **********
NUMBER OF TOPOLOGIES: 4
NUMBER OF SUPERVISORS: 5
NIMBUS UPTIME: 366
SUPERVISOR ID: 55ea8666-1ec3-4f52-90f2-2bd5f9279552
SUPERVISOR HOST: pc426.emulab.net
SUPERVISOR USED WORKERS4
SUPERVISOR GET NUMBER OF TOTAL WORKERS4
SUPERVISOR GET UPTIME SECS353
SUPERVISOR ID: 47f99571-d103-4a6e-b80d-7f31ca62cf69
SUPERVISOR HOST: pc467.emulab.net
SUPERVISOR USED WORKERS4
SUPERVISOR GET NUMBER OF TOTAL WORKERS4
SUPERVISOR GET UPTIME SECS353
SUPERVISOR ID: 1f4bae1c-dbb9-43c4-8dad-060ee5283bcf
SUPERVISOR HOST: pc512.emulab.net
SUPERVISOR USED WORKERS4
SUPERVISOR GET NUMBER OF TOTAL WORKERS4
SUPERVISOR GET UPTIME SECS354
SUPERVISOR ID: 8b8af377-6cd2-4cf9-8696-8d9b11485d1b
SUPERVISOR HOST: pc549.emulab.net
SUPERVISOR USED WORKERS4
SUPERVISOR GET NUMBER OF TOTAL WORKERS4
SUPERVISOR GET UPTIME SECS353
SUPERVISOR ID: b6760ff9-9470-40ac-8a33-bd25ca9662a6
SUPERVISOR HOST: pc495.emulab.net
SUPERVISOR USED WORKERS4
SUPERVISOR GET NUMBER OF TOTAL WORKERS4
SUPERVISOR GET UPTIME SECS8209
production-topology2-2-1456385067,1.0,0.4209841795564934,1456385404792
production-topology1-1-1456385060,1.0,0.7574746287644514,1456385404792
production-topology3-3-1456385074,0.43333333333333335,0.7169481386615634,1456385404793
production-topology4-4-1456385081,0.9981281380702844,0.9981281380702844,1456385404793
The sorted order of receivers: 
***The sorted order of receivers: 
******The sorted order of givers: 
***There are no givers! *Sob* 
Receivers:  
TOPOLOGY INFO 
production-topology1-1-1456385060
Topology Uptime: 350
Topology Status: REBALANCING
Topology Sched Status: null
production-topology3-3-1456385074
Topology Uptime: 336
Topology Status: REBALANCING
Topology Sched Status: null
production-topology4-4-1456385081
Topology Uptime: 329
Topology Status: REBALANCING
Topology Sched Status: null
production-topology2-2-1456385067
Topology Uptime: 343
Topology Status: REBALANCING
Topology Sched Status: null
********* END CLUSTER INFO **********
********* CLUSTER INFO: **********
NUMBER OF TOPOLOGIES: 4
NUMBER OF SUPERVISORS: 5
NIMBUS UPTIME: 372
SUPERVISOR ID: 55ea8666-1ec3-4f52-90f2-2bd5f9279552
SUPERVISOR HOST: pc426.emulab.net
SUPERVISOR USED WORKERS4
SUPERVISOR GET NUMBER OF TOTAL WORKERS4
SUPERVISOR GET UPTIME SECS358
SUPERVISOR ID: 47f99571-d103-4a6e-b80d-7f31ca62cf69
SUPERVISOR HOST: pc467.emulab.net
SUPERVISOR USED WORKERS4
SUPERVISOR GET NUMBER OF TOTAL WORKERS4
SUPERVISOR GET UPTIME SECS358
SUPERVISOR ID: 1f4bae1c-dbb9-43c4-8dad-060ee5283bcf
SUPERVISOR HOST: pc512.emulab.net
SUPERVISOR USED WORKERS4
SUPERVISOR GET NUMBER OF TOTAL WORKERS4
SUPERVISOR GET UPTIME SECS360
SUPERVISOR ID: 8b8af377-6cd2-4cf9-8696-8d9b11485d1b
SUPERVISOR HOST: pc549.emulab.net
SUPERVISOR USED WORKERS4
SUPERVISOR GET NUMBER OF TOTAL WORKERS4
SUPERVISOR GET UPTIME SECS358
SUPERVISOR ID: b6760ff9-9470-40ac-8a33-bd25ca9662a6
SUPERVISOR HOST: pc495.emulab.net
SUPERVISOR USED WORKERS4
SUPERVISOR GET NUMBER OF TOTAL WORKERS4
SUPERVISOR GET UPTIME SECS8214
production-topology2-2-1456385067,1.0,0.56573813466737,1456385410861
production-topology1-1-1456385060,1.0,0.8181059715733385,1456385410861
production-topology3-3-1456385074,2.0,1.1446320924410422,1456385410861
production-topology4-4-1456385081,0.836940836940837,0.9175344875055607,1456385410862
TOPOLOGY INFO 
production-topology1-1-1456385060
Topology Uptime: 351
Topology Status: ACTIVE
Topology Sched Status: null
production-topology3-3-1456385074
Topology Uptime: 337
Topology Status: REBALANCING
Topology Sched Status: null
production-topology4-4-1456385081
Topology Uptime: 330
Topology Status: REBALANCING
Topology Sched Status: null
production-topology2-2-1456385067
Topology Uptime: 344
Topology Status: REBALANCING
Topology Sched Status: null
********* END CLUSTER INFO **********
********* CLUSTER INFO: **********
NUMBER OF TOPOLOGIES: 4
NUMBER OF SUPERVISORS: 5
NIMBUS UPTIME: 373
SUPERVISOR ID: 55ea8666-1ec3-4f52-90f2-2bd5f9279552
SUPERVISOR HOST: pc426.emulab.net
SUPERVISOR USED WORKERS4
SUPERVISOR GET NUMBER OF TOTAL WORKERS4
SUPERVISOR GET UPTIME SECS358
SUPERVISOR ID: 47f99571-d103-4a6e-b80d-7f31ca62cf69
SUPERVISOR HOST: pc467.emulab.net
SUPERVISOR USED WORKERS4
SUPERVISOR GET NUMBER OF TOTAL WORKERS4
SUPERVISOR GET UPTIME SECS363
SUPERVISOR ID: 1f4bae1c-dbb9-43c4-8dad-060ee5283bcf
SUPERVISOR HOST: pc512.emulab.net
SUPERVISOR USED WORKERS4
SUPERVISOR GET NUMBER OF TOTAL WORKERS4
SUPERVISOR GET UPTIME SECS360
SUPERVISOR ID: 8b8af377-6cd2-4cf9-8696-8d9b11485d1b
SUPERVISOR HOST: pc549.emulab.net
SUPERVISOR USED WORKERS4
SUPERVISOR GET NUMBER OF TOTAL WORKERS4
SUPERVISOR GET UPTIME SECS358
SUPERVISOR ID: b6760ff9-9470-40ac-8a33-bd25ca9662a6
SUPERVISOR HOST: pc495.emulab.net
SUPERVISOR USED WORKERS4
SUPERVISOR GET NUMBER OF TOTAL WORKERS4
SUPERVISOR GET UPTIME SECS358
production-topology2-2-1456385067,1.0,0.652590507733896,1456385412117
production-topology1-1-1456385060,1.0,0.8544847772586708,1456385412117
production-topology3-3-1456385074,2.0,1.3584740693307817,1456385412117
production-topology4-4-1456385081,2.0,1.278356325003707,1456385412118
TOPOLOGY INFO 
production-topology1-1-1456385060
Topology Uptime: 355
Topology Status: ACTIVE
Topology Sched Status: null
production-topology3-3-1456385074
Topology Uptime: 341
Topology Status: REBALANCING
Topology Sched Status: null
production-topology4-4-1456385081
Topology Uptime: 334
Topology Status: REBALANCING
Topology Sched Status: null
production-topology2-2-1456385067
Topology Uptime: 348
Topology Status: ACTIVE
Topology Sched Status: null
********* END CLUSTER INFO **********
********* CLUSTER INFO: **********
NUMBER OF TOPOLOGIES: 4
NUMBER OF SUPERVISORS: 5
NIMBUS UPTIME: 377
SUPERVISOR ID: 55ea8666-1ec3-4f52-90f2-2bd5f9279552
SUPERVISOR HOST: pc426.emulab.net
SUPERVISOR USED WORKERS4
SUPERVISOR GET NUMBER OF TOTAL WORKERS4
SUPERVISOR GET UPTIME SECS363
SUPERVISOR ID: 47f99571-d103-4a6e-b80d-7f31ca62cf69
SUPERVISOR HOST: pc467.emulab.net
SUPERVISOR USED WORKERS4
SUPERVISOR GET NUMBER OF TOTAL WORKERS4
SUPERVISOR GET UPTIME SECS363
SUPERVISOR ID: 1f4bae1c-dbb9-43c4-8dad-060ee5283bcf
SUPERVISOR HOST: pc512.emulab.net
SUPERVISOR USED WORKERS4
SUPERVISOR GET NUMBER OF TOTAL WORKERS4
SUPERVISOR GET UPTIME SECS365
SUPERVISOR ID: 8b8af377-6cd2-4cf9-8696-8d9b11485d1b
SUPERVISOR HOST: pc549.emulab.net
SUPERVISOR USED WORKERS4
SUPERVISOR GET NUMBER OF TOTAL WORKERS4
SUPERVISOR GET UPTIME SECS363
SUPERVISOR ID: b6760ff9-9470-40ac-8a33-bd25ca9662a6
SUPERVISOR HOST: pc495.emulab.net
SUPERVISOR USED WORKERS4
SUPERVISOR GET NUMBER OF TOTAL WORKERS4
SUPERVISOR GET UPTIME SECS8219
production-topology2-2-1456385067,1.0,0.7104920897782466,1456385415927
production-topology1-1-1456385060,1.0,0.8787373143822257,1456385415927
production-topology3-3-1456385074,2.0,1.4867792554646253,1456385415927
production-topology4-4-1456385081,2.0,1.4587672437527803,1456385415927
The sorted order of receivers: 
***The sorted order of receivers: 
******The sorted order of givers: 
***There are no givers! *Sob* 
Receivers:  
TOPOLOGY INFO 
production-topology1-1-1456385060
Topology Uptime: 361
Topology Status: ACTIVE
Topology Sched Status: null
production-topology3-3-1456385074
Topology Uptime: 347
Topology Status: REBALANCING
Topology Sched Status: null
production-topology4-4-1456385081
Topology Uptime: 340
Topology Status: REBALANCING
Topology Sched Status: null
production-topology2-2-1456385067
Topology Uptime: 354
Topology Status: ACTIVE
Topology Sched Status: null
********* END CLUSTER INFO **********
********* CLUSTER INFO: **********
NUMBER OF TOPOLOGIES: 4
NUMBER OF SUPERVISORS: 5
NIMBUS UPTIME: 383
SUPERVISOR ID: 55ea8666-1ec3-4f52-90f2-2bd5f9279552
SUPERVISOR HOST: pc426.emulab.net
SUPERVISOR USED WORKERS4
SUPERVISOR GET NUMBER OF TOTAL WORKERS4
SUPERVISOR GET UPTIME SECS368
SUPERVISOR ID: 47f99571-d103-4a6e-b80d-7f31ca62cf69
SUPERVISOR HOST: pc467.emulab.net
SUPERVISOR USED WORKERS4
SUPERVISOR GET NUMBER OF TOTAL WORKERS4
SUPERVISOR GET UPTIME SECS373
SUPERVISOR ID: 1f4bae1c-dbb9-43c4-8dad-060ee5283bcf
SUPERVISOR HOST: pc512.emulab.net
SUPERVISOR USED WORKERS4
SUPERVISOR GET NUMBER OF TOTAL WORKERS4
SUPERVISOR GET UPTIME SECS370
SUPERVISOR ID: 8b8af377-6cd2-4cf9-8696-8d9b11485d1b
SUPERVISOR HOST: pc549.emulab.net
SUPERVISOR USED WORKERS4
SUPERVISOR GET NUMBER OF TOTAL WORKERS4
SUPERVISOR GET UPTIME SECS368
SUPERVISOR ID: b6760ff9-9470-40ac-8a33-bd25ca9662a6
SUPERVISOR HOST: pc495.emulab.net
SUPERVISOR USED WORKERS4
SUPERVISOR GET NUMBER OF TOTAL WORKERS4
SUPERVISOR GET UPTIME SECS368
production-topology2-2-1456385067,1.0,0.7518503626670686,1456385422086
production-topology1-1-1456385060,1.0,0.8960605551847649,1456385422086
production-topology3-3-1456385074,2.0,1.5723160462205212,1456385422086
production-topology4-4-1456385081,2.0,1.5670137950022243,1456385422086
TOPOLOGY INFO 
production-topology1-1-1456385060
Topology Uptime: 366
Topology Status: ACTIVE
Topology Sched Status: null
production-topology3-3-1456385074
Topology Uptime: 352
Topology Status: ACTIVE
Topology Sched Status: null
production-topology4-4-1456385081
Topology Uptime: 345
Topology Status: REBALANCING
Topology Sched Status: null
production-topology2-2-1456385067
Topology Uptime: 359
Topology Status: ACTIVE
Topology Sched Status: null
********* END CLUSTER INFO **********
********* CLUSTER INFO: **********
NUMBER OF TOPOLOGIES: 4
NUMBER OF SUPERVISORS: 5
NIMBUS UPTIME: 388
SUPERVISOR ID: 55ea8666-1ec3-4f52-90f2-2bd5f9279552
SUPERVISOR HOST: pc426.emulab.net
SUPERVISOR USED WORKERS4
SUPERVISOR GET NUMBER OF TOTAL WORKERS4
SUPERVISOR GET UPTIME SECS373
SUPERVISOR ID: 47f99571-d103-4a6e-b80d-7f31ca62cf69
SUPERVISOR HOST: pc467.emulab.net
SUPERVISOR USED WORKERS4
SUPERVISOR GET NUMBER OF TOTAL WORKERS4
SUPERVISOR GET UPTIME SECS373
SUPERVISOR ID: 1f4bae1c-dbb9-43c4-8dad-060ee5283bcf
SUPERVISOR HOST: pc512.emulab.net
SUPERVISOR USED WORKERS4
SUPERVISOR GET NUMBER OF TOTAL WORKERS4
SUPERVISOR GET UPTIME SECS375
SUPERVISOR ID: 8b8af377-6cd2-4cf9-8696-8d9b11485d1b
SUPERVISOR HOST: pc549.emulab.net
SUPERVISOR USED WORKERS4
SUPERVISOR GET NUMBER OF TOTAL WORKERS4
SUPERVISOR GET UPTIME SECS373
SUPERVISOR ID: b6760ff9-9470-40ac-8a33-bd25ca9662a6
SUPERVISOR HOST: pc495.emulab.net
SUPERVISOR USED WORKERS4
SUPERVISOR GET NUMBER OF TOTAL WORKERS4
SUPERVISOR GET UPTIME SECS373
production-topology2-2-1456385067,1.0,0.782869067333685,1456385426914
production-topology1-1-1456385060,1.0,0.9090529857866693,1456385426915
production-topology3-3-1456385074,0.0,1.3476994681890182,1456385426915
production-topology4-4-1456385081,2.0,1.6391781625018538,1456385426915
The sorted order of receivers: 
***The sorted order of receivers: 
******The sorted order of givers: 
***There are no givers! *Sob* 
Receivers:  
TOPOLOGY INFO 
production-topology1-1-1456385060
Topology Uptime: 372
Topology Status: ACTIVE
Topology Sched Status: null
production-topology3-3-1456385074
Topology Uptime: 358
Topology Status: ACTIVE
Topology Sched Status: null
production-topology4-4-1456385081
Topology Uptime: 351
Topology Status: REBALANCING
Topology Sched Status: null
production-topology2-2-1456385067
Topology Uptime: 365
Topology Status: ACTIVE
Topology Sched Status: null
********* END CLUSTER INFO **********
********* CLUSTER INFO: **********
NUMBER OF TOPOLOGIES: 4
NUMBER OF SUPERVISORS: 5
NIMBUS UPTIME: 394
SUPERVISOR ID: 55ea8666-1ec3-4f52-90f2-2bd5f9279552
SUPERVISOR HOST: pc426.emulab.net
SUPERVISOR USED WORKERS4
SUPERVISOR GET NUMBER OF TOTAL WORKERS4
SUPERVISOR GET UPTIME SECS383
SUPERVISOR ID: 47f99571-d103-4a6e-b80d-7f31ca62cf69
SUPERVISOR HOST: pc467.emulab.net
SUPERVISOR USED WORKERS4
SUPERVISOR GET NUMBER OF TOTAL WORKERS4
SUPERVISOR GET UPTIME SECS383
SUPERVISOR ID: 1f4bae1c-dbb9-43c4-8dad-060ee5283bcf
SUPERVISOR HOST: pc512.emulab.net
SUPERVISOR USED WORKERS4
SUPERVISOR GET NUMBER OF TOTAL WORKERS4
SUPERVISOR GET UPTIME SECS380
SUPERVISOR ID: 8b8af377-6cd2-4cf9-8696-8d9b11485d1b
SUPERVISOR HOST: pc549.emulab.net
SUPERVISOR USED WORKERS4
SUPERVISOR GET NUMBER OF TOTAL WORKERS4
SUPERVISOR GET UPTIME SECS383
SUPERVISOR ID: b6760ff9-9470-40ac-8a33-bd25ca9662a6
SUPERVISOR HOST: pc495.emulab.net
SUPERVISOR USED WORKERS4
SUPERVISOR GET NUMBER OF TOTAL WORKERS4
SUPERVISOR GET UPTIME SECS378
production-topology2-2-1456385067,1.0,0.8069947265188311,1456385433094
production-topology1-1-1456385060,0.14238165680473372,0.8238672825664541,1456385433094
production-topology3-3-1456385074,0.0,1.1792370346653909,1456385433095
production-topology4-4-1456385081,2.0,1.6907241392873031,1456385433095
TOPOLOGY INFO 
production-topology1-1-1456385060
Topology Uptime: 377
Topology Status: ACTIVE
Topology Sched Status: null
production-topology3-3-1456385074
Topology Uptime: 363
Topology Status: ACTIVE
Topology Sched Status: null
production-topology4-4-1456385081
Topology Uptime: 356
Topology Status: ACTIVE
Topology Sched Status: null
production-topology2-2-1456385067
Topology Uptime: 370
Topology Status: ACTIVE
Topology Sched Status: null
********* END CLUSTER INFO **********
********* CLUSTER INFO: **********
NUMBER OF TOPOLOGIES: 4
NUMBER OF SUPERVISORS: 5
NIMBUS UPTIME: 399
SUPERVISOR ID: 55ea8666-1ec3-4f52-90f2-2bd5f9279552
SUPERVISOR HOST: pc426.emulab.net
SUPERVISOR USED WORKERS4
SUPERVISOR GET NUMBER OF TOTAL WORKERS4
SUPERVISOR GET UPTIME SECS388
SUPERVISOR ID: 47f99571-d103-4a6e-b80d-7f31ca62cf69
SUPERVISOR HOST: pc467.emulab.net
SUPERVISOR USED WORKERS4
SUPERVISOR GET NUMBER OF TOTAL WORKERS4
SUPERVISOR GET UPTIME SECS388
SUPERVISOR ID: 1f4bae1c-dbb9-43c4-8dad-060ee5283bcf
SUPERVISOR HOST: pc512.emulab.net
SUPERVISOR USED WORKERS4
SUPERVISOR GET NUMBER OF TOTAL WORKERS4
SUPERVISOR GET UPTIME SECS385
SUPERVISOR ID: 8b8af377-6cd2-4cf9-8696-8d9b11485d1b
SUPERVISOR HOST: pc549.emulab.net
SUPERVISOR USED WORKERS4
SUPERVISOR GET NUMBER OF TOTAL WORKERS4
SUPERVISOR GET UPTIME SECS388
SUPERVISOR ID: b6760ff9-9470-40ac-8a33-bd25ca9662a6
SUPERVISOR HOST: pc495.emulab.net
SUPERVISOR USED WORKERS4
SUPERVISOR GET NUMBER OF TOTAL WORKERS4
SUPERVISOR GET UPTIME SECS383
production-topology2-2-1456385067,1.0,0.8262952538669481,1456385437881
production-topology1-1-1456385060,0.1527544290702186,0.7567559972168306,1456385437881
production-topology3-3-1456385074,0.7977808685816499,1.136853016211642,1456385437881
production-topology4-4-1456385081,1.137168982079071,1.6215297446362742,1456385437881
The sorted order of receivers: 
***The sorted order of receivers: 
******The sorted order of givers: 
***There are no givers! *Sob* 
Receivers:  
TOPOLOGY INFO 
production-topology1-1-1456385060
Topology Uptime: 388
Topology Status: ACTIVE
Topology Sched Status: null
production-topology3-3-1456385074
Topology Uptime: 374
Topology Status: ACTIVE
Topology Sched Status: null
production-topology4-4-1456385081
Topology Uptime: 367
Topology Status: ACTIVE
Topology Sched Status: null
production-topology2-2-1456385067
Topology Uptime: 381
Topology Status: ACTIVE
Topology Sched Status: null
********* END CLUSTER INFO **********
********* CLUSTER INFO: **********
NUMBER OF TOPOLOGIES: 4
NUMBER OF SUPERVISORS: 5
NIMBUS UPTIME: 410
SUPERVISOR ID: 55ea8666-1ec3-4f52-90f2-2bd5f9279552
SUPERVISOR HOST: pc426.emulab.net
SUPERVISOR USED WORKERS4
SUPERVISOR GET NUMBER OF TOTAL WORKERS4
SUPERVISOR GET UPTIME SECS398
SUPERVISOR ID: 47f99571-d103-4a6e-b80d-7f31ca62cf69
SUPERVISOR HOST: pc467.emulab.net
SUPERVISOR USED WORKERS4
SUPERVISOR GET NUMBER OF TOTAL WORKERS4
SUPERVISOR GET UPTIME SECS399
SUPERVISOR ID: 1f4bae1c-dbb9-43c4-8dad-060ee5283bcf
SUPERVISOR HOST: pc512.emulab.net
SUPERVISOR USED WORKERS4
SUPERVISOR GET NUMBER OF TOTAL WORKERS4
SUPERVISOR GET UPTIME SECS400
SUPERVISOR ID: 8b8af377-6cd2-4cf9-8696-8d9b11485d1b
SUPERVISOR HOST: pc549.emulab.net
SUPERVISOR USED WORKERS4
SUPERVISOR GET NUMBER OF TOTAL WORKERS4
SUPERVISOR GET UPTIME SECS398
SUPERVISOR ID: b6760ff9-9470-40ac-8a33-bd25ca9662a6
SUPERVISOR HOST: pc495.emulab.net
SUPERVISOR USED WORKERS4
SUPERVISOR GET NUMBER OF TOTAL WORKERS4
SUPERVISOR GET UPTIME SECS393
production-topology2-2-1456385067,0.0,0.7511775035154074,1456385448974
production-topology1-1-1456385060,1.0141763635739538,0.7801578487038419,1456385448974
production-topology3-3-1456385074,0.5410296067167477,1.0772706752621526,1456385448974
production-topology4-4-1456385081,0.9553256629582625,1.547507068894273,1456385448974
The sorted order of receivers: 
***The sorted order of receivers: 
******The sorted order of givers: 
***There are no givers! *Sob* 
Receivers:  
TOPOLOGY INFO 
production-topology1-1-1456385060
Topology Uptime: 399
Topology Status: ACTIVE
Topology Sched Status: null
production-topology3-3-1456385074
Topology Uptime: 385
Topology Status: ACTIVE
Topology Sched Status: null
production-topology4-4-1456385081
Topology Uptime: 378
Topology Status: ACTIVE
Topology Sched Status: null
production-topology2-2-1456385067
Topology Uptime: 392
Topology Status: ACTIVE
Topology Sched Status: null
********* END CLUSTER INFO **********
********* CLUSTER INFO: **********
NUMBER OF TOPOLOGIES: 4
NUMBER OF SUPERVISORS: 5
NIMBUS UPTIME: 421
SUPERVISOR ID: 55ea8666-1ec3-4f52-90f2-2bd5f9279552
SUPERVISOR HOST: pc426.emulab.net
SUPERVISOR USED WORKERS4
SUPERVISOR GET NUMBER OF TOTAL WORKERS4
SUPERVISOR GET UPTIME SECS408
SUPERVISOR ID: 47f99571-d103-4a6e-b80d-7f31ca62cf69
SUPERVISOR HOST: pc467.emulab.net
SUPERVISOR USED WORKERS4
SUPERVISOR GET NUMBER OF TOTAL WORKERS4
SUPERVISOR GET UPTIME SECS409
SUPERVISOR ID: 1f4bae1c-dbb9-43c4-8dad-060ee5283bcf
SUPERVISOR HOST: pc512.emulab.net
SUPERVISOR USED WORKERS4
SUPERVISOR GET NUMBER OF TOTAL WORKERS4
SUPERVISOR GET UPTIME SECS410
SUPERVISOR ID: 8b8af377-6cd2-4cf9-8696-8d9b11485d1b
SUPERVISOR HOST: pc549.emulab.net
SUPERVISOR USED WORKERS4
SUPERVISOR GET NUMBER OF TOTAL WORKERS4
SUPERVISOR GET UPTIME SECS408
SUPERVISOR ID: b6760ff9-9470-40ac-8a33-bd25ca9662a6
SUPERVISOR HOST: pc495.emulab.net
SUPERVISOR USED WORKERS4
SUPERVISOR GET NUMBER OF TOTAL WORKERS4
SUPERVISOR GET UPTIME SECS8264
production-topology2-2-1456385067,0.0,0.6885793782224567,1456385459919
production-topology1-1-1456385060,1.136617008369877,0.8098627786760114,1456385459919
production-topology3-3-1456385074,0.4597272585706921,1.021130364653838,1456385459919
production-topology4-4-1456385081,0.18758985375526727,1.4115153473803723,1456385459919
The sorted order of receivers: 
***The sorted order of receivers: 
******The sorted order of givers: 
***There are no givers! *Sob* 
Receivers:  
TOPOLOGY INFO 
production-topology1-1-1456385060
Topology Uptime: 410
Topology Status: ACTIVE
Topology Sched Status: null
production-topology3-3-1456385074
Topology Uptime: 396
Topology Status: ACTIVE
Topology Sched Status: null
production-topology4-4-1456385081
Topology Uptime: 389
Topology Status: ACTIVE
Topology Sched Status: null
production-topology2-2-1456385067
Topology Uptime: 403
Topology Status: ACTIVE
Topology Sched Status: null
********* END CLUSTER INFO **********
********* CLUSTER INFO: **********
NUMBER OF TOPOLOGIES: 4
NUMBER OF SUPERVISORS: 5
NIMBUS UPTIME: 432
SUPERVISOR ID: 55ea8666-1ec3-4f52-90f2-2bd5f9279552
SUPERVISOR HOST: pc426.emulab.net
SUPERVISOR USED WORKERS4
SUPERVISOR GET NUMBER OF TOTAL WORKERS4
SUPERVISOR GET UPTIME SECS418
SUPERVISOR ID: 47f99571-d103-4a6e-b80d-7f31ca62cf69
SUPERVISOR HOST: pc467.emulab.net
SUPERVISOR USED WORKERS4
SUPERVISOR GET NUMBER OF TOTAL WORKERS4
SUPERVISOR GET UPTIME SECS419
SUPERVISOR ID: 1f4bae1c-dbb9-43c4-8dad-060ee5283bcf
SUPERVISOR HOST: pc512.emulab.net
SUPERVISOR USED WORKERS4
SUPERVISOR GET NUMBER OF TOTAL WORKERS4
SUPERVISOR GET UPTIME SECS420
SUPERVISOR ID: 8b8af377-6cd2-4cf9-8696-8d9b11485d1b
SUPERVISOR HOST: pc549.emulab.net
SUPERVISOR USED WORKERS4
SUPERVISOR GET NUMBER OF TOTAL WORKERS4
SUPERVISOR GET UPTIME SECS418
SUPERVISOR ID: b6760ff9-9470-40ac-8a33-bd25ca9662a6
SUPERVISOR HOST: pc495.emulab.net
SUPERVISOR USED WORKERS4
SUPERVISOR GET NUMBER OF TOTAL WORKERS4
SUPERVISOR GET UPTIME SECS8274
production-topology2-2-1456385067,0.0,0.6356117337438062,1456385470931
production-topology1-1-1456385060,0.9049789681976188,0.817179408639212,1456385470931
production-topology3-3-1456385074,0.966932828911014,1.0166139033419361,1456385470931
production-topology4-4-1456385081,0.871045636070144,1.3623817372612608,1456385470931
The sorted order of receivers: 
***The sorted order of receivers: 
******The sorted order of givers: 
***There are no givers! *Sob* 
Receivers:  
TOPOLOGY INFO 
production-topology1-1-1456385060
Topology Uptime: 421
Topology Status: ACTIVE
Topology Sched Status: null
production-topology3-3-1456385074
Topology Uptime: 407
Topology Status: ACTIVE
Topology Sched Status: null
production-topology4-4-1456385081
Topology Uptime: 400
Topology Status: ACTIVE
Topology Sched Status: null
production-topology2-2-1456385067
Topology Uptime: 414
Topology Status: ACTIVE
Topology Sched Status: null
********* END CLUSTER INFO **********
********* CLUSTER INFO: **********
NUMBER OF TOPOLOGIES: 4
NUMBER OF SUPERVISORS: 5
NIMBUS UPTIME: 443
SUPERVISOR ID: 55ea8666-1ec3-4f52-90f2-2bd5f9279552
SUPERVISOR HOST: pc426.emulab.net
SUPERVISOR USED WORKERS4
SUPERVISOR GET NUMBER OF TOTAL WORKERS4
SUPERVISOR GET UPTIME SECS428
SUPERVISOR ID: 47f99571-d103-4a6e-b80d-7f31ca62cf69
SUPERVISOR HOST: pc467.emulab.net
SUPERVISOR USED WORKERS4
SUPERVISOR GET NUMBER OF TOTAL WORKERS4
SUPERVISOR GET UPTIME SECS429
SUPERVISOR ID: 1f4bae1c-dbb9-43c4-8dad-060ee5283bcf
SUPERVISOR HOST: pc512.emulab.net
SUPERVISOR USED WORKERS4
SUPERVISOR GET NUMBER OF TOTAL WORKERS4
SUPERVISOR GET UPTIME SECS430
SUPERVISOR ID: 8b8af377-6cd2-4cf9-8696-8d9b11485d1b
SUPERVISOR HOST: pc549.emulab.net
SUPERVISOR USED WORKERS4
SUPERVISOR GET NUMBER OF TOTAL WORKERS4
SUPERVISOR GET UPTIME SECS428
SUPERVISOR ID: b6760ff9-9470-40ac-8a33-bd25ca9662a6
SUPERVISOR HOST: pc495.emulab.net
SUPERVISOR USED WORKERS4
SUPERVISOR GET NUMBER OF TOTAL WORKERS4
SUPERVISOR GET UPTIME SECS428
production-topology2-2-1456385067,0.0,0.5902108956192487,1456385481972
production-topology1-1-1456385060,1.0095188707041127,0.8309179416438478,1456385481972
production-topology3-3-1456385074,0.9962142631650328,1.0150447002514051,1456385481972
production-topology4-4-1456385081,1.2232054755419088,1.3507837154513147,1456385481972
The sorted order of receivers: 
***The sorted order of receivers: 
******The sorted order of givers: 
***There are no givers! *Sob* 
Receivers:  
TOPOLOGY INFO 
production-topology1-1-1456385060
Topology Uptime: 432
Topology Status: ACTIVE
Topology Sched Status: null
production-topology3-3-1456385074
Topology Uptime: 418
Topology Status: ACTIVE
Topology Sched Status: null
production-topology4-4-1456385081
Topology Uptime: 411
Topology Status: ACTIVE
Topology Sched Status: null
production-topology2-2-1456385067
Topology Uptime: 425
Topology Status: ACTIVE
Topology Sched Status: null
********* END CLUSTER INFO **********
********* CLUSTER INFO: **********
NUMBER OF TOPOLOGIES: 4
NUMBER OF SUPERVISORS: 5
NIMBUS UPTIME: 454
SUPERVISOR ID: 55ea8666-1ec3-4f52-90f2-2bd5f9279552
SUPERVISOR HOST: pc426.emulab.net
SUPERVISOR USED WORKERS4
SUPERVISOR GET NUMBER OF TOTAL WORKERS4
SUPERVISOR GET UPTIME SECS443
SUPERVISOR ID: 47f99571-d103-4a6e-b80d-7f31ca62cf69
SUPERVISOR HOST: pc467.emulab.net
SUPERVISOR USED WORKERS4
SUPERVISOR GET NUMBER OF TOTAL WORKERS4
SUPERVISOR GET UPTIME SECS444
SUPERVISOR ID: 1f4bae1c-dbb9-43c4-8dad-060ee5283bcf
SUPERVISOR HOST: pc512.emulab.net
SUPERVISOR USED WORKERS4
SUPERVISOR GET NUMBER OF TOTAL WORKERS4
SUPERVISOR GET UPTIME SECS440
SUPERVISOR ID: 8b8af377-6cd2-4cf9-8696-8d9b11485d1b
SUPERVISOR HOST: pc549.emulab.net
SUPERVISOR USED WORKERS4
SUPERVISOR GET NUMBER OF TOTAL WORKERS4
SUPERVISOR GET UPTIME SECS443
SUPERVISOR ID: b6760ff9-9470-40ac-8a33-bd25ca9662a6
SUPERVISOR HOST: pc495.emulab.net
SUPERVISOR USED WORKERS4
SUPERVISOR GET NUMBER OF TOTAL WORKERS4
SUPERVISOR GET UPTIME SECS438
production-topology2-2-1456385067,0.0,0.5508635025779653,1456385493096
production-topology1-1-1456385060,1.1838217647700513,0.8544448631855948,1456385493096
production-topology3-3-1456385074,1.0266510830606201,1.0158737275949206,1456385493096
production-topology4-4-1456385081,0.9927950040131449,1.3232461222637633,1456385493097
The sorted order of receivers: 
***The sorted order of receivers: 
******The sorted order of givers: 
***There are no givers! *Sob* 
Receivers:  
TOPOLOGY INFO 
production-topology1-1-1456385060
Topology Uptime: 443
Topology Status: ACTIVE
Topology Sched Status: null
production-topology3-3-1456385074
Topology Uptime: 429
Topology Status: ACTIVE
Topology Sched Status: null
production-topology4-4-1456385081
Topology Uptime: 422
Topology Status: ACTIVE
Topology Sched Status: null
production-topology2-2-1456385067
Topology Uptime: 436
Topology Status: ACTIVE
Topology Sched Status: null
********* END CLUSTER INFO **********
********* CLUSTER INFO: **********
NUMBER OF TOPOLOGIES: 4
NUMBER OF SUPERVISORS: 5
NIMBUS UPTIME: 465
SUPERVISOR ID: 55ea8666-1ec3-4f52-90f2-2bd5f9279552
SUPERVISOR HOST: pc426.emulab.net
SUPERVISOR USED WORKERS4
SUPERVISOR GET NUMBER OF TOTAL WORKERS4
SUPERVISOR GET UPTIME SECS453
SUPERVISOR ID: 47f99571-d103-4a6e-b80d-7f31ca62cf69
SUPERVISOR HOST: pc467.emulab.net
SUPERVISOR USED WORKERS4
SUPERVISOR GET NUMBER OF TOTAL WORKERS4
SUPERVISOR GET UPTIME SECS454
SUPERVISOR ID: 1f4bae1c-dbb9-43c4-8dad-060ee5283bcf
SUPERVISOR HOST: pc512.emulab.net
SUPERVISOR USED WORKERS4
SUPERVISOR GET NUMBER OF TOTAL WORKERS4
SUPERVISOR GET UPTIME SECS455
SUPERVISOR ID: 8b8af377-6cd2-4cf9-8696-8d9b11485d1b
SUPERVISOR HOST: pc549.emulab.net
SUPERVISOR USED WORKERS4
SUPERVISOR GET NUMBER OF TOTAL WORKERS4
SUPERVISOR GET UPTIME SECS453
SUPERVISOR ID: b6760ff9-9470-40ac-8a33-bd25ca9662a6
SUPERVISOR HOST: pc495.emulab.net
SUPERVISOR USED WORKERS4
SUPERVISOR GET NUMBER OF TOTAL WORKERS4
SUPERVISOR GET UPTIME SECS448
production-topology2-2-1456385067,0.026984126984126985,0.5181210416033505,1456385504153
production-topology1-1-1456385060,0.9292529012538927,0.8591203655648634,1456385504153
production-topology3-3-1456385074,0.9832155055387998,1.013696512791179,1456385504154
production-topology4-4-1456385081,1.054108448112973,1.3040220026815639,1456385504154
The sorted order of receivers: 
***The sorted order of receivers: 
******The sorted order of givers: 
***There are no givers! *Sob* 
Receivers:  
TOPOLOGY INFO 
production-topology1-1-1456385060
Topology Uptime: 454
Topology Status: ACTIVE
Topology Sched Status: null
production-topology3-3-1456385074
Topology Uptime: 440
Topology Status: ACTIVE
Topology Sched Status: null
production-topology4-4-1456385081
Topology Uptime: 433
Topology Status: ACTIVE
Topology Sched Status: null
production-topology2-2-1456385067
Topology Uptime: 447
Topology Status: ACTIVE
Topology Sched Status: null
********* END CLUSTER INFO **********
********* CLUSTER INFO: **********
NUMBER OF TOPOLOGIES: 4
NUMBER OF SUPERVISORS: 5
NIMBUS UPTIME: 476
SUPERVISOR ID: 55ea8666-1ec3-4f52-90f2-2bd5f9279552
SUPERVISOR HOST: pc426.emulab.net
SUPERVISOR USED WORKERS4
SUPERVISOR GET NUMBER OF TOTAL WORKERS4
SUPERVISOR GET UPTIME SECS463
SUPERVISOR ID: 47f99571-d103-4a6e-b80d-7f31ca62cf69
SUPERVISOR HOST: pc467.emulab.net
SUPERVISOR USED WORKERS4
SUPERVISOR GET NUMBER OF TOTAL WORKERS4
SUPERVISOR GET UPTIME SECS464
SUPERVISOR ID: 1f4bae1c-dbb9-43c4-8dad-060ee5283bcf
SUPERVISOR HOST: pc512.emulab.net
SUPERVISOR USED WORKERS4
SUPERVISOR GET NUMBER OF TOTAL WORKERS4
SUPERVISOR GET UPTIME SECS465
SUPERVISOR ID: 8b8af377-6cd2-4cf9-8696-8d9b11485d1b
SUPERVISOR HOST: pc549.emulab.net
SUPERVISOR USED WORKERS4
SUPERVISOR GET NUMBER OF TOTAL WORKERS4
SUPERVISOR GET UPTIME SECS463
SUPERVISOR ID: b6760ff9-9470-40ac-8a33-bd25ca9662a6
SUPERVISOR HOST: pc495.emulab.net
SUPERVISOR USED WORKERS4
SUPERVISOR GET NUMBER OF TOTAL WORKERS4
SUPERVISOR GET UPTIME SECS458
production-topology2-2-1456385067,0.0,0.48764333327374165,1456385514877
production-topology1-1-1456385060,0.9607050056353157,0.8650959326278311,1456385514877
production-topology3-3-1456385074,1.0353244425825072,1.015048258403137,1456385514877
production-topology4-4-1456385081,1.0715305033383626,1.2885225693920173,1456385514877
The sorted order of receivers: 
***The sorted order of receivers: 
******The sorted order of givers: 
***There are no givers! *Sob* 
Receivers:  
