Running observer at: 1456385060863
production-topology1-1-1456385060,0.0,0.0,0,0,1456385061158
Running observer at: 1456385061709
production-topology1-1-1456385060,0.0,0.0,0,0,1456385062060
Running observer at: 1456385067692
production-topology2-2-1456385067,0.0,0.0,0,0,1456385068036
production-topology1-1-1456385060,0.0,0.0,0,0,1456385068037
Running observer at: 1456385072421
production-topology2-2-1456385067,0.0,0.0,0,0,1456385072792
production-topology1-1-1456385060,0.0,0.0,0,0,1456385072792
Running observer at: 1456385074837
production-topology2-2-1456385067,0.0,0.0,0,0,1456385075251
production-topology1-1-1456385060,0.0,0.0,0,0,1456385075252
production-topology3-3-1456385074,0.0,0.0,0,0,1456385075252
Running observer at: 1456385081898
production-topology2-2-1456385067,0.0,0.0,0,0,1456385082642
production-topology1-1-1456385060,0.0,0.0,0,0,1456385082643
production-topology3-3-1456385074,0.0,0.0,0,0,1456385082643
production-topology4-4-1456385081,0.0,0.0,0,0,1456385082643
Running observer at: 1456385083244
production-topology2-2-1456385067,0.0,0.0,0,0,1456385083839
production-topology1-1-1456385060,0.0,0.0,0,0,1456385083839
production-topology3-3-1456385074,0.0,0.0,0,0,1456385083840
production-topology4-4-1456385081,0.0,0.0,0,0,1456385083840
Running observer at: 1456385094418
production-topology2-2-1456385067,0.0,0.0,0,0,1456385094889
production-topology1-1-1456385060,0.0,0.0,0,0,1456385094889
production-topology3-3-1456385074,0.0,0.0,0,0,1456385094889
production-topology4-4-1456385081,0.0,0.0,0,0,1456385094889
Running observer at: 1456385105374
production-topology2-2-1456385067,0.0,0.0,0,0,1456385105929
production-topology1-1-1456385060,0.0,0.0,0,0,1456385105929
production-topology3-3-1456385074,0.0,0.0,0,0,1456385105929
production-topology4-4-1456385081,0.0,0.0,0,0,1456385105929
Running observer at: 1456385116436
production-topology2-2-1456385067,0.0,0.0,0,0,1456385116915
production-topology1-1-1456385060,0.0,0.0,0,0,1456385116915
production-topology3-3-1456385074,0.0,0.0,0,0,1456385116915
production-topology4-4-1456385081,0.0,0.0,0,0,1456385116915
Running observer at: 1456385127408
production-topology2-2-1456385067,0.0,0.0,0,0,1456385127837
production-topology1-1-1456385060,0.0,0.0,0,0,1456385127837
production-topology3-3-1456385074,0.0,0.0,0,0,1456385127837
production-topology4-4-1456385081,0.0,0.0,0,0,1456385127838
Running observer at: 1456385138317
production-topology2-2-1456385067,0.0,0.0,0,0,1456385138726
production-topology1-1-1456385060,0.0,0.0,0,0,1456385138726
production-topology3-3-1456385074,0.0,0.0,0,0,1456385138726
production-topology4-4-1456385081,0.0,0.0,0,0,1456385138726
Running observer at: 1456385149251
production-topology2-2-1456385067,0.0,0.0,0,0,1456385149675
production-topology1-1-1456385060,0.0,0.0,0,0,1456385149675
production-topology3-3-1456385074,0.0,0.0,0,0,1456385149676
production-topology4-4-1456385081,0.0,0.0,0,0,1456385149676
Running observer at: 1456385160140
production-topology2-2-1456385067,0.0,0.0,0,0,1456385160577
production-topology1-1-1456385060,0.0,0.0,0,0,1456385160577
production-topology3-3-1456385074,0.0,0.0,0,0,1456385160577
production-topology4-4-1456385081,0.0,0.0,0,0,1456385160578
Running observer at: 1456385171067
production-topology2-2-1456385067,0.0,0.0,0,0,1456385171436
production-topology1-1-1456385060,0.0,0.0,0,0,1456385171437
production-topology3-3-1456385074,0.0,0.0,0,0,1456385171437
production-topology4-4-1456385081,0.0,0.0,0,0,1456385171437
Running observer at: 1456385182006
production-topology2-2-1456385067,0.0,0.0,0,0,1456385182412
production-topology1-1-1456385060,0.0,0.0,0,0,1456385182413
production-topology3-3-1456385074,0.0,0.0,0,0,1456385182413
production-topology4-4-1456385081,0.0,0.0,0,0,1456385182413
Running observer at: 1456385192914
production-topology2-2-1456385067,0.0,0.0,220,0,1456385193404
production-topology1-1-1456385060,0.0,0.0,0,0,1456385193404
production-topology3-3-1456385074,0.1765562996031746,0.013581253815628814,640,0,1456385193404
production-topology4-4-1456385081,0.37103349506771854,0.03091945792230988,1140,0,1456385193404
Running observer at: 1456385203896
production-topology2-2-1456385067,0.21507947153108445,0.013442466970692778,1360,0,1456385204554
production-topology1-1-1456385060,0.0,0.0,380,0,1456385204554
production-topology3-3-1456385074,1.1723600813071684,0.0963511700650245,1900,0,1456385204554
production-topology4-4-1456385081,1.1705972476391144,0.11858698020821792,1880,0,1456385204555
Running observer at: 1456385215193
production-topology2-2-1456385067,0.37298323584753046,0.034591923963447936,1880,0,1456385215756
production-topology1-1-1456385060,1.0671396023982263,0.05616524223148559,2220,0,1456385215757
production-topology3-3-1456385074,1.0584159495153216,0.16048882202837766,2300,0,1456385215757
production-topology4-4-1456385081,1.101421515461356,0.1887894470120135,2400,0,1456385215757
Running observer at: 1456385226366
production-topology2-2-1456385067,0.29680509885113465,0.04915932256831942,1840,0,1456385226928
production-topology1-1-1456385060,1.0607271303498411,0.10639333663740339,2380,0,1456385226928
production-topology3-3-1456385074,1.0038964141668236,0.21320179653703053,2300,0,1456385226928
production-topology4-4-1456385081,1.025803794556035,0.24459040351494826,2260,0,1456385226929
Running observer at: 1456385237502
production-topology2-2-1456385067,0.2127368988312923,0.05776866868742325,1540,0,1456385238103
production-topology1-1-1456385060,0.8349031072290753,0.14108427809414964,2000,0,1456385238103
production-topology3-3-1456385074,0.9681952646718308,0.2576131770155482,2080,0,1456385238104
production-topology4-4-1456385081,1.0467610145257344,0.2947260667031224,1960,0,1456385238104
Running observer at: 1456385248674
production-topology2-2-1456385067,0.23156092675797108,0.06645828159095064,1920,0,1456385249221
production-topology1-1-1456385060,1.0476251694546748,0.18229068224690081,2200,0,1456385249222
production-topology3-3-1456385074,0.998722419221034,0.29878591269363075,2220,0,1456385249222
production-topology4-4-1456385081,0.9808121879982908,0.3350840738381323,2420,0,1456385249222
Running observer at: 1456385259798
production-topology2-2-1456385067,0.2591123248500813,0.07563228365090924,1860,0,1456385260324
production-topology1-1-1456385060,0.9575376612327197,0.21599707263758858,2480,0,1456385260324
production-topology3-3-1456385074,1.0734100165916285,0.33955560237247273,2260,0,1456385260324
production-topology4-4-1456385081,0.9914450899196016,0.37154857473154723,2280,0,1456385260325
Running observer at: 1456385270879
production-topology2-2-1456385067,0.3862222424049771,0.08975000904882141,1540,0,1456385271405
production-topology1-1-1456385060,1.1440338917543373,0.25466527343411977,1880,0,1456385271405
production-topology3-3-1456385074,0.9470290528730512,0.36992927489750166,2140,0,1456385271405
production-topology4-4-1456385081,1.036008124983888,0.40652013000798626,1960,0,1456385271405
Running observer at: 1456385282069
production-topology2-2-1456385067,0.24502612915266886,0.09650114470551044,1880,0,1456385282650
production-topology1-1-1456385060,0.9578336333655483,0.2827920078313769,2340,0,1456385282650
production-topology3-3-1456385074,0.9185951440800579,0.39605622104905197,2280,0,1456385282650
production-topology4-4-1456385081,1.0032479598242312,0.4363565214987985,2400,0,1456385282651
Running observer at: 1456385293179
production-topology2-2-1456385067,0.24987743535777907,0.10289182348268829,1880,0,1456385293736
production-topology1-1-1456385060,0.9120233129233516,0.30699321187337597,2340,0,1456385293737
production-topology3-3-1456385074,1.0490205019699401,0.42573641563636505,2320,0,1456385293737
production-topology4-4-1456385081,1.0230808221028824,0.4642957739085168,2280,0,1456385293737
Running observer at: 1456385304260
production-topology2-2-1456385067,0.33598224805390964,0.11221544046553714,1500,0,1456385304803
production-topology1-1-1456385060,1.218567241629629,0.3407552129754594,1920,0,1456385304803
production-topology3-3-1456385074,1.0569351645879346,0.4531798395038247,2060,0,1456385304804
production-topology4-4-1456385081,0.9613405966885349,0.4868887203985176,1920,0,1456385304804
Running observer at: 1456385315504
production-topology2-2-1456385067,0.23654845458089727,0.11699747946997406,1940,0,1456385316024
production-topology1-1-1456385060,0.8650227976121265,0.35947905528391183,2340,0,1456385316024
production-topology3-3-1456385074,0.9994765199435842,0.47594220118881464,2220,0,1456385316025
production-topology4-4-1456385081,0.966822065080166,0.5077553875585893,2420,0,1456385316025
Running observer at: 1456385326581
production-topology2-2-1456385067,0.20192956266633225,0.1201431121809503,1820,0,1456385327133
production-topology1-1-1456385060,1.1035433984704643,0.38513644642827566,2360,0,1456385327133
production-topology3-3-1456385074,0.9929801609445658,0.49662371957904466,2340,0,1456385327134
production-topology4-4-1456385081,1.0333739173383494,0.5296561596327459,2320,0,1456385327134
Running observer at: 1456385337629
production-topology2-2-1456385067,0.23447527724204437,0.12422640379027508,1600,0,1456385338141
production-topology1-1-1456385060,1.0437505234591602,0.4070902489959718,1960,0,1456385338141
production-topology3-3-1456385074,1.0102503713251454,0.5163785908000486,2040,0,1456385338142
production-topology4-4-1456385081,0.9668274204852654,0.5471430100668467,1900,0,1456385338142
Running observer at: 1456385348843
production-topology2-2-1456385067,0.26849690648807134,0.12920124871088876,1920,0,1456385349351
production-topology1-1-1456385060,0.9408228133649481,0.4384510094414701,2220,0,1456385349351
production-topology3-3-1456385074,0.8992467750292726,0.5305588939196495,2260,0,1456385349352
production-topology4-4-1456385081,0.9826605251902207,0.563893683725438,2440,0,1456385349352
Running observer at: 1456385359883
production-topology2-2-1456385067,0.2732946014164236,0.13400436046773992,1720,0,1456385360392
production-topology1-1-1456385060,1.005870873106277,0.47198003854501264,2420,0,1456385360392
production-topology3-3-1456385074,1.114520558657305,0.55141466766028,2320,0,1456385360393
production-topology4-4-1456385081,1.0091950821060367,0.5803863281099046,2220,0,1456385360393
Running observer at: 1456385371089
production-topology2-2-1456385067,0.5466687956217744,0.15222665365513238,1620,0,1456385371735
production-topology1-1-1456385060,1.0437395613229845,0.5067713572557788,1960,0,1456385371735
production-topology3-3-1456385074,0.9497268043019677,0.5651495689237864,2080,0,1456385371735
production-topology4-4-1456385081,0.947875064796055,0.5935109258486957,2040,0,1456385371736
/var/nimbus/storm/bin/storm rebalance production-topology2 -e bolt_aggregate=11
1456385372179
/var/nimbus/storm/bin/storm rebalance production-topology1 -e spout_head=9
Running observer at: 1456385382359
production-topology2-2-1456385067,0.2629525386694802,0.2629525386694802,29960,0,1456385382860
production-topology1-1-1456385060,0.9946461085155764,0.9946461085155764,35680,0,1456385382860
production-topology3-3-1456385074,1.095869603868922,0.5828402367552911,2220,0,1456385382860
production-topology4-4-1456385081,1.074070934938637,0.6100819606449005,2320,0,1456385382860
/var/nimbus/storm/bin/storm rebalance production-topology3 -e spout_head=11
1456385383127
/var/nimbus/storm/bin/storm rebalance production-topology3 -e bolt_output_1=9
Running observer at: 1456385393326
production-topology2-2-1456385067,0.0,0.1314762693347401,100,0,1456385393798
production-topology1-1-1456385060,0.2777777777777778,0.6362119431466771,60,0,1456385393798
production-topology3-3-1456385074,1.0005629439897934,1.0005629439897934,40160,0,1456385393798
production-topology4-4-1456385081,1.019723772965466,0.6237366877222528,2300,0,1456385393799
/var/nimbus/storm/bin/storm rebalance production-topology4 -e spout_head=11
1456385394160
/var/nimbus/storm/bin/storm rebalance production-topology4 -e bolt_output_1=9
Running observer at: 1456385404318
production-topology2-2-1456385067,1.0,0.4209841795564934,0,0,1456385404792
production-topology1-1-1456385060,1.0,0.7574746287644514,0,0,1456385404792
production-topology3-3-1456385074,0.43333333333333335,0.7169481386615634,100,0,1456385404792
production-topology4-4-1456385081,0.9981281380702844,0.9981281380702844,42760,0,1456385404793
Running observer at: 1456385410368
production-topology2-2-1456385067,1.0,0.56573813466737,0,0,1456385410861
production-topology1-1-1456385060,1.0,0.8181059715733385,0,0,1456385410861
production-topology3-3-1456385074,2.0,1.1446320924410422,0,0,1456385410861
production-topology4-4-1456385081,0.836940836940837,0.9175344875055607,220,0,1456385410861
Running observer at: 1456385411612
production-topology2-2-1456385067,1.0,0.652590507733896,0,0,1456385412117
production-topology1-1-1456385060,1.0,0.8544847772586708,0,0,1456385412117
production-topology3-3-1456385074,2.0,1.3584740693307817,0,0,1456385412117
production-topology4-4-1456385081,2.0,1.278356325003707,0,0,1456385412118
Running observer at: 1456385415482
production-topology2-2-1456385067,1.0,0.7104920897782466,0,0,1456385415927
production-topology1-1-1456385060,1.0,0.8787373143822257,0,0,1456385415927
production-topology3-3-1456385074,2.0,1.4867792554646253,0,0,1456385415927
production-topology4-4-1456385081,2.0,1.4587672437527803,0,0,1456385415927
Running observer at: 1456385421560
production-topology2-2-1456385067,1.0,0.7518503626670686,0,0,1456385422085
production-topology1-1-1456385060,1.0,0.8960605551847649,0,0,1456385422086
production-topology3-3-1456385074,2.0,1.5723160462205212,0,0,1456385422086
production-topology4-4-1456385081,2.0,1.5670137950022243,0,0,1456385422086
Running observer at: 1456385426422
production-topology2-2-1456385067,1.0,0.782869067333685,0,0,1456385426914
production-topology1-1-1456385060,1.0,0.9090529857866693,0,0,1456385426914
production-topology3-3-1456385074,0.0,1.3476994681890182,0,0,1456385426915
production-topology4-4-1456385081,2.0,1.6391781625018538,0,0,1456385426915
Running observer at: 1456385432613
production-topology2-2-1456385067,1.0,0.8069947265188311,0,0,1456385433094
production-topology1-1-1456385060,0.14238165680473372,0.8238672825664541,320,0,1456385433094
production-topology3-3-1456385074,0.0,1.1792370346653909,0,0,1456385433094
production-topology4-4-1456385081,2.0,1.6907241392873031,0,0,1456385433095
Running observer at: 1456385437356
production-topology2-2-1456385067,1.0,0.8262952538669481,0,0,1456385437881
production-topology1-1-1456385060,0.1527544290702186,0.7567559972168306,960,0,1456385437881
production-topology3-3-1456385074,0.7977808685816499,1.136853016211642,960,0,1456385437881
production-topology4-4-1456385081,1.137168982079071,1.6215297446362742,30220,0,1456385437881
Running observer at: 1456385448304
production-topology2-2-1456385067,0.0,0.7511775035154074,260,0,1456385448974
production-topology1-1-1456385060,1.0141763635739538,0.7801578487038419,1620,0,1456385448974
production-topology3-3-1456385074,0.5410296067167477,1.0772706752621526,1460,0,1456385448974
production-topology4-4-1456385081,0.9553256629582625,1.547507068894273,27280,0,1456385448974
Running observer at: 1456385459447
production-topology2-2-1456385067,0.0,0.6885793782224567,960,0,1456385459919
production-topology1-1-1456385060,1.136617008369877,0.8098627786760114,2040,0,1456385459919
production-topology3-3-1456385074,0.4597272585706921,1.021130364653838,1880,0,1456385459919
production-topology4-4-1456385081,0.18758985375526727,1.4115153473803723,1140,0,1456385459919
Running observer at: 1456385470436
production-topology2-2-1456385067,0.0,0.6356117337438062,880,0,1456385470931
production-topology1-1-1456385060,0.9049789681976188,0.817179408639212,2280,0,1456385470931
production-topology3-3-1456385074,0.966932828911014,1.0166139033419361,2300,0,1456385470931
production-topology4-4-1456385081,0.871045636070144,1.3623817372612608,1960,0,1456385470931
Running observer at: 1456385481427
production-topology2-2-1456385067,0.0,0.5902108956192487,780,0,1456385481972
production-topology1-1-1456385060,1.0095188707041127,0.8309179416438478,1580,0,1456385481972
production-topology3-3-1456385074,0.9962142631650328,1.0150447002514051,1900,0,1456385481972
production-topology4-4-1456385081,1.2232054755419088,1.3507837154513147,2720,0,1456385481972
Running observer at: 1456385492570
production-topology2-2-1456385067,0.0,0.5508635025779653,940,0,1456385493096
production-topology1-1-1456385060,1.1838217647700513,0.8544448631855948,2220,0,1456385493096
production-topology3-3-1456385074,1.0266510830606201,1.0158737275949206,2400,0,1456385493096
production-topology4-4-1456385081,0.9927950040131449,1.3232461222637633,2200,0,1456385493097
Running observer at: 1456385503701
production-topology2-2-1456385067,0.026984126984126985,0.5181210416033505,840,0,1456385504153
production-topology1-1-1456385060,0.9292529012538927,0.8591203655648634,2200,0,1456385504153
production-topology3-3-1456385074,0.9832155055387998,1.013696512791179,2400,0,1456385504153
production-topology4-4-1456385081,1.054108448112973,1.3040220026815639,2420,0,1456385504154
Running observer at: 1456385514541
production-topology2-2-1456385067,0.0,0.48764333327374165,860,0,1456385514877
production-topology1-1-1456385060,0.9607050056353157,0.8650959326278311,1660,0,1456385514877
production-topology3-3-1456385074,1.0353244425825072,1.015048258403137,1860,0,1456385514877
production-topology4-4-1456385081,1.0715305033383626,1.2885225693920173,2380,0,1456385514877
