Running observer at: 1456105665191
production-topology1-1-1456105664,0.0,0.0,1456105665287
Running observer at: 1456105671499
production-topology1-1-1456105664,0.0,0.0,1456105671637
production-topology2-2-1456105671,0.0,0.0,1456105671637
Running observer at: 1456105674984
production-topology1-1-1456105664,0.0,0.0,1456105675140
production-topology2-2-1456105671,0.0,0.0,1456105675141
Running observer at: 1456105678725
production-topology1-1-1456105664,0.0,0.0,1456105678944
production-topology2-2-1456105671,0.0,0.0,1456105678945
production-topology3-3-1456105678,0.0,0.0,1456105678945
Running observer at: 1456105685802
production-topology4-4-1456105685,0.0,0.0,1456105686100
production-topology1-1-1456105664,0.0,0.0,1456105686101
production-topology2-2-1456105671,0.477951364764268,0.119487841191067,1456105686101
production-topology3-3-1456105678,0.0,0.0,1456105686101
Running observer at: 1456105686766
production-topology4-4-1456105685,0.0,0.0,1456105686981
production-topology1-1-1456105664,0.0,0.0,1456105686982
production-topology2-2-1456105671,0.32634032634032634,0.16085833822091886,1456105686982
production-topology3-3-1456105678,0.0,0.0,1456105686982
Running observer at: 1456105697563
production-topology4-4-1456105685,0.0,0.0,1456105697874
production-topology1-1-1456105664,0.25936300446104366,0.03705185778014909,1456105697875
production-topology2-2-1456105671,1.033057710833837,0.30622490032307187,1456105697875
production-topology3-3-1456105678,1.1061045092344268,0.2765261273086067,1456105697875
Running observer at: 1456105708629
production-topology4-4-1456105685,0.745594189092641,0.18639854727316024,1456105708974
production-topology1-1-1456105664,1.2536005372654289,0.18912044271580908,1456105708974
production-topology2-2-1456105671,1.2122530028804257,0.4356574864026938,1456105708975
production-topology3-3-1456105678,0.8838718894009217,0.3979952797270697,1456105708975
Running observer at: 1456105719698
production-topology4-4-1456105685,1.0621682411156095,0.3615524860416501,1456105720009
production-topology1-1-1456105664,1.0147310350119945,0.28085495297094076,1456105720010
production-topology2-2-1456105671,0.9803385896745042,0.5037426243116702,1456105720010
production-topology3-3-1456105678,1.0254934068481807,0.5025783009139215,1456105720011
Running observer at: 1456105730760
production-topology4-4-1456105685,1.107509582463772,0.4858786687786704,1456105731070
production-topology1-1-1456105664,0.8900053549810701,0.3417699931719537,1456105731070
production-topology2-2-1456105671,1.057606066791615,0.5652830068094418,1456105731070
production-topology3-3-1456105678,1.0541408826906695,0.5813729554534569,1456105731070
Running observer at: 1456105741709
production-topology4-4-1456105685,0.8608223120043461,0.5394420463823384,1456105741974
production-topology1-1-1456105664,1.1665196334990826,0.41674723320169266,1456105741974
production-topology2-2-1456105671,0.9448687343358396,0.6032415795620816,1456105741975
production-topology3-3-1456105678,0.994149968619725,0.6329700820992404,1456105741975
Running observer at: 1456105752577
production-topology4-4-1456105685,1.1038749115014235,0.609996154522224,1456105752822
production-topology1-1-1456105664,1.0066982687649726,0.4659098194986327,1456105752823
production-topology2-2-1456105671,1.1247881787656044,0.6506549067624019,1456105752823
production-topology3-3-1456105678,1.0249628297406392,0.6765248318371736,1456105752823
Running observer at: 1456105763346
production-topology4-4-1456105685,0.9594901206603256,0.6488288174264576,1456105763644
production-topology1-1-1456105664,0.9322708694997728,0.5017837464217973,1456105763644
production-topology2-2-1456105671,0.9445907471611416,0.6751495601289634,1456105763644
production-topology3-3-1456105678,0.921560113407065,0.7010283599941628,1456105763645
Running observer at: 1456105774189
production-topology4-4-1456105685,0.9739139983097802,0.6813373355147898,1456105774410
production-topology1-1-1456105664,0.928917451278433,0.5322932967686999,1456105774410
production-topology2-2-1456105671,1.1114987760847441,0.7087148844332543,1456105774411
production-topology3-3-1456105678,2.0,0.8191166909037844,1456105774411
Running observer at: 1456105784939
production-topology4-4-1456105685,1.015157894736842,0.711684659080431,1456105785191
production-topology1-1-1456105664,1.007994513485274,0.5640067112164715,1456105785191
production-topology2-2-1456105671,0.972984046317778,0.7275912531392917,1456105785192
production-topology3-3-1456105678,2.0,0.917523633328469,1456105785192
Running observer at: 1456105786150
production-topology4-4-1456105685,0.9799999999999999,0.7340442708237284,1456105786377
production-topology1-1-1456105664,1.0736079545454544,0.595856788924533,1456105786378
production-topology2-2-1456105671,1.1092436974789917,0.753034749428605,1456105786378
production-topology3-3-1456105678,2.0,1.000791046149356,1456105786378
Running observer at: 1456105795869
production-topology4-4-1456105685,1.0971012905821123,0.7619717338820655,1456105796117
production-topology1-1-1456105664,1.0979108932845658,0.6253893832986526,1456105796117
production-topology2-2-1456105671,0.8777087703417733,0.760826875735678,1456105796117
production-topology3-3-1456105678,2.0,1.0721631142815449,1456105796117
Running observer at: 1456105806561
production-topology4-4-1456105685,0.9699330411280307,0.7768261129710631,1456105806823
production-topology1-1-1456105664,0.9472276698163664,0.6432692881051921,1456105806824
production-topology2-2-1456105671,0.9676919764947897,0.7729954110744492,1456105806824
production-topology3-3-1456105678,0.4725274725274725,1.0321874048312734,1456105806824
Running observer at: 1456105817403
production-topology4-4-1456105685,0.990897547473998,0.7910975419379253,1456105817623
production-topology1-1-1456105664,1.0445316195042758,0.6643883581788281,1456105817623
production-topology2-2-1456105671,1.1016768087399393,0.791255488722532,1456105817624
production-topology3-3-1456105678,0.6856033741672038,1.010525902914769,1456105817624
Running observer at: 1456105828236
production-topology4-4-1456105685,0.9696750230623574,0.8022586345082023,1456105828564
production-topology1-1-1456105664,1.061444503368688,0.6842411654383211,1456105828564
production-topology2-2-1456105671,1.050237251603289,0.8048861078215193,1456105828565
production-topology3-3-1456105678,1.0939235432398395,1.0154316464633026,1456105828565
Running observer at: 1456105839078
production-topology4-4-1456105685,1.0337758561926744,0.815877294607289,1456105839343
production-topology1-1-1456105664,1.0468696832363302,0.7015091900953692,1456105839343
production-topology2-2-1456105671,0.9511956085151962,0.812201582856203,1456105839343
production-topology3-3-1456105678,1.1563483197273503,1.0232603505335274,1456105839343
Running observer at: 1456105849883
production-topology4-4-1456105685,0.9224866870592829,0.8218000386323997,1456105850077
production-topology1-1-1456105664,0.9128127116392216,0.7111138956200898,1456105850078
production-topology2-2-1456105671,0.9312040195694217,0.8178683655568325,1456105850078
production-topology3-3-1456105678,1.0322236675509164,1.0237321040607583,1456105850078
Running observer at: 1456105860736
production-topology4-4-1456105685,1.1053992318403512,0.836726311959134,1456105860991
production-topology1-1-1456105664,1.1286028370132513,0.7292655887241403,1456105860991
production-topology2-2-1456105671,1.0613099674179696,0.8289338929141569,1456105860991
production-topology3-3-1456105678,1.0017078211906987,1.0226308899172554,1456105860992
Running observer at: 1456105871587
production-topology4-4-1456105685,1.070734099205035,0.848426701321429,1456105871888
production-topology1-1-1456105664,0.9514238255698828,0.7385221819260462,1456105871889
production-topology2-2-1456105671,1.1146546233073997,0.841356533366037,1456105871889
production-topology3-3-1456105678,1.0350213733058207,1.0232209129357586,1456105871890
Running observer at: 1456105882422
production-topology4-4-1456105685,0.8904092044681613,0.8504258681379401,1456105882616
production-topology1-1-1456105664,1.1638521362358576,0.7555353800984386,1456105882616
production-topology2-2-1456105671,0.9046967624259006,0.8439957095768645,1456105882617
production-topology3-3-1456105678,1.052695525505945,1.0245606680525852,1456105882617
Running observer at: 1456105893263
production-topology4-4-1456105685,0.9797144537217328,0.8563026220281125,1456105893483
production-topology1-1-1456105664,0.8353365662496334,0.7586046564888692,1456105893483
production-topology2-2-1456105671,1.010040884650868,0.8506375165798247,1456105893484
production-topology3-3-1456105678,0.9319454837998793,1.0205339209111632,1456105893484
Running observer at: 1456105904019
production-topology4-4-1456105685,1.0731502586407797,0.8657307801417068,1456105904260
production-topology1-1-1456105664,1.0444901696576252,0.7691930088284528,1456105904261
production-topology2-2-1456105671,1.0202168829751903,0.8571597999027234,1456105904261
production-topology3-3-1456105678,1.0274312501055012,1.020821309627594,1456105904261
Running observer at: 1456105914778
production-topology4-4-1456105685,0.985005490544199,0.8707005597418106,1456105914994
production-topology1-1-1456105664,1.101636356417281,0.7810659855280537,1456105914994
production-topology2-2-1456105671,1.0469008117906682,0.864187244787462,1456105914995
production-topology3-3-1456105678,0.9412943438910988,1.017640230998134,1456105914995
Running observer at: 1456105925606
production-topology4-4-1456105685,0.9970034905169383,0.8757526769728158,1456105925997
production-topology1-1-1456105664,0.9596226869779616,0.7872231131642574,1456105925997
production-topology2-2-1456105671,1.1666528954841688,0.8749895894552016,1456105925997
production-topology3-3-1456105678,1.0479176277084097,1.0188047462562215,1456105925997
Running observer at: 1456105936650
production-topology4-4-1456105685,0.9465992894314524,0.8784775466827633,1456105936868
production-topology1-1-1456105664,1.0325034240933606,0.7953991235285609,1456105936869
production-topology2-2-1456105671,0.7295563453863168,0.8699746500045504,1456105936869
production-topology3-3-1456105678,0.9524238672580014,1.0163461951822135,1456105936869
Running observer at: 1456105947495
production-topology4-4-1456105685,0.9704459132250082,0.8818837824806243,1456105947699
production-topology1-1-1456105664,0.9607750452820877,0.8274249583712971,1456105947700
production-topology2-2-1456105671,1.0079657486122315,0.8745743532914731,1456105947700
production-topology3-3-1456105678,1.0396643640880379,1.01717898692885,1456105947700
Running observer at: 1456105958224
production-topology4-4-1456105685,1.0614333753543232,0.8882962679403992,1456105958440
production-topology1-1-1456105664,0.8947163947163947,0.8572488381951769,1456105958440
production-topology2-2-1456105671,0.9426759287224404,0.9059968842488878,1456105958440
production-topology3-3-1456105678,0.9634619379460608,1.0153266748949608,1456105958441
Running observer at: 1456105969026
production-topology4-4-1456105685,1.011692076957818,0.8925512958375516,1456105969217
production-topology1-1-1456105664,0.9470814727441235,0.8888182206199811,1456105969217
production-topology2-2-1456105671,1.3068241108781646,0.9495576879448266,1456105969217
production-topology3-3-1456105678,1.1069413237967947,1.0183804965250218,1456105969217
Running observer at: 1456105979661
production-topology4-4-1456105685,1.0005784418533343,0.8961522007047443,1456105979870
production-topology1-1-1456105664,0.9049914209334501,0.9189846013177626,1456105979871
production-topology2-2-1456105671,0.8966635973580418,0.979446474523428,1456105979871
production-topology3-3-1456105678,0.9536686353324724,1.0501694510361042,1456105979871
/var/nimbus/storm/bin/storm rebalance production-topology1 -e spout_head=11
1456105980291
/var/nimbus/storm/bin/storm rebalance production-topology2 -e spout_head=9
Running observer at: 1456105990476
production-topology4-4-1456105685,1.0251857377629259,0.9303250586301751,1456105990658
production-topology1-1-1456105664,1.000080965801892,1.000080965801892,1456105990658
production-topology2-2-1456105671,1.000575915928318,1.000575915928318,1456105990659
production-topology3-3-1456105678,1.041690794734092,1.0848924775272406,1456105990659
Running observer at: 1456106001171
production-topology4-4-1456105685,1.0098593023790658,0.963987035376144,1456106001456
production-topology1-1-1456105664,2.6041666666666665,1.8021238162342792,1456106001457
production-topology2-2-1456105671,1.0,1.000287957964159,1456106001457
production-topology3-3-1456105678,1.0060499883986576,1.1184274771405291,1456106001457
Running observer at: 1456106011920
production-topology4-4-1456105685,0.9798866753961275,0.996649924556015,1456106012126
production-topology1-1-1456105664,1.0,1.5347492108228529,1456106012127
production-topology2-2-1456105671,1.0,1.000191971976106,1456106012127
production-topology3-3-1456105678,0.9318621134020619,1.1126193972794503,1456106012127
Running observer at: 1456106018689
production-topology4-4-1456105685,0.8659606077892639,1.0006621385125691,1456106018894
production-topology1-1-1456105664,1.0,1.4010619081171396,1456106018895
production-topology2-2-1456105671,1.0,1.0001439789820794,1456106018895
production-topology3-3-1456105678,1.1109913448374986,1.120190045794003,1456106018895
Running observer at: 1456106019481
production-topology4-4-1456105685,3.4,1.0785898638087155,1456106019751
production-topology1-1-1456105664,1.0,1.3208495264937117,1456106019751
production-topology2-2-1456105671,1.0,1.0001151831856636,1456106019751
production-topology3-3-1456105678,0.8452380952380951,1.1141815354070002,1456106019751
Running observer at: 1456106022701
production-topology4-4-1456105685,1.103766327904259,1.0784650886567317,1456106022870
production-topology1-1-1456105664,0.9990580776447868,1.2672176183522241,1456106022870
production-topology2-2-1456105671,1.0,1.000095985988053,1456106022870
production-topology3-3-1456105678,0.8554550528357365,1.1075586744118355,1456106022870
Running observer at: 1456106033314
production-topology4-4-1456105685,0.9705552454981676,1.0821228531065257,1456106033567
production-topology1-1-1456105664,0.0,1.0861865300161921,1456106033567
production-topology2-2-1456105671,0.2222222222222222,0.8889711625929343,1456106033568
production-topology3-3-1456105678,1.0178450555398948,1.1083485106425077,1456106033568
Running observer at: 1456106044071
production-topology4-4-1456105685,0.9991660576775439,1.0786325579790632,1456106044261
production-topology1-1-1456105664,0.0,0.9504132137641681,1456106044262
production-topology2-2-1456105671,1.0782353344210207,0.9126291840714451,1456106044262
production-topology3-3-1456105678,0.9415490564934013,1.1055680515342667,1456106044262
Running observer at: 1456106054853
production-topology4-4-1456105685,0.9757089766229453,1.0791731865111507,1456106055082
production-topology1-1-1456105664,1.162995212288201,0.9740334358223941,1456106055082
production-topology2-2-1456105671,0.8989860207049537,0.9111132770307238,1456106055083
production-topology3-3-1456105678,1.0743631122486719,1.1106614848289869,1456106055083
Running observer at: 1456106065732
production-topology4-4-1456105685,1.07036367620936,1.0823881757744698,1456106065987
production-topology1-1-1456105664,1.024163337250294,0.9790464259651841,1456106065987
production-topology2-2-1456105671,0.9617878072688569,0.9161807300545372,1456106065988
production-topology3-3-1456105678,1.019286657520151,1.0779710400796583,1456106065988
Running observer at: 1456106076514
production-topology4-4-1456105685,0.9869537723997679,1.081448038363234,1456106076760
production-topology1-1-1456105664,1.077278437638305,0.9879766088445588,1456106076760
production-topology2-2-1456105671,1.1662785447830104,0.9389168950298529,1456106076760
production-topology3-3-1456105678,0.9596013353555679,1.0432910845915109,1456106076761
Running observer at: 1456106087264
production-topology4-4-1456105685,0.9652412966556486,1.0809560815850892,1456106087469
production-topology1-1-1456105664,1.0813843695455998,0.9957605889029789,1456106087470
production-topology2-2-1456105671,0.947200947200947,0.9396072327107774,1456106087470
production-topology3-3-1456105678,0.9702514783793865,1.0089661338708238,1456106087470
Running observer at: 1456106097984
production-topology4-4-1456105685,1.054421934963116,1.079533436397789,1456106098201
production-topology1-1-1456105664,1.1057568185674498,1.0042218373387075,1456106098201
production-topology2-2-1456105671,1.0644344101276872,0.9492093232813089,1456106098201
production-topology3-3-1456105678,1.1074892339034355,0.9792157750009383,1456106098202
/var/nimbus/storm/bin/storm rebalance production-topology3 -e spout_head=11
1456106098566
/var/nimbus/storm/bin/storm rebalance production-topology4 -e bolt_output_1=9
Running observer at: 1456106108759
production-topology4-4-1456105685,0.9977565165158233,0.9977565165158233,1456106108931
production-topology1-1-1456105664,0.9575802447732354,1.0008902950126022,1456106108932
production-topology2-2-1456105671,1.0239284228048275,0.9545464018187031,1456106108932
production-topology3-3-1456105678,1.0003345688459278,1.0003345688459278,1456106108932
Running observer at: 1456106119449
production-topology4-4-1456105685,2.3333333333333335,1.6655449249245784,1456106119634
production-topology1-1-1456105664,0.9589772278154434,0.9980960905327917,1456106119635
production-topology2-2-1456105671,0.9573060732651929,0.9547303799151357,1456106119635
production-topology3-3-1456105678,2.6843112244897958,1.8423228966678618,1456106119635
Running observer at: 1456106130127
production-topology4-4-1456105685,2.0,1.7770299499497189,1456106130308
production-topology1-1-1456105664,1.0044600971225683,0.9984938409446527,1456106130308
production-topology2-2-1456105671,0.9674967139198993,0.9555282757904334,1456106130308
production-topology3-3-1456105678,2.0,1.894881931111908,1456106130309
Running observer at: 1456106136769
production-topology4-4-1456105685,2.0,1.8327724624622892,1456106137023
production-topology1-1-1456105664,0.9817156920397305,0.9975068910090691,1456106137024
production-topology2-2-1456105671,1.2821473595741701,0.9747411630718297,1456106137024
production-topology3-3-1456105678,2.0,1.921161448333931,1456106137024
Running observer at: 1456106137627
production-topology4-4-1456105685,2.0,1.8662179699698314,1456106137838
production-topology1-1-1456105664,0.5892857142857142,0.9748279367466606,1456106137838
production-topology2-2-1456105671,0.8420759608191104,0.9673708740577897,1456106137838
production-topology3-3-1456105678,2.0,1.9369291586671449,1456106137839
Running observer at: 1456106140945
production-topology4-4-1456105685,2.0,1.8885149749748595,1456106141135
production-topology1-1-1456105664,1.934757120281691,1.0253505253537674,1456106141135
production-topology2-2-1456105671,0.4579889807162533,0.9405613007240244,1456106141136
production-topology3-3-1456105678,0.0027263934481141557,1.6145620311306397,1456106141136
Running observer at: 1456106151581
production-topology4-4-1456105685,2.0,1.904441407121308,1456106151779
production-topology1-1-1456105664,0.8466152769987693,1.0164137629360175,1456106151779
production-topology2-2-1456105671,1.1719306910625071,0.9521297702409486,1456106151780
production-topology3-3-1456105678,1.2139269665805172,1.5573284504806222,1456106151780
Running observer at: 1456106162383
production-topology4-4-1456105685,0.8481264705882353,1.772402040054674,1456106162580
production-topology1-1-1456105664,1.1331784484767502,1.0219739860570047,1456106162580
production-topology2-2-1456105671,1.1770607124678352,0.9628407674898479,1456106162580
production-topology3-3-1456105678,0.9748164946805593,1.4845144560056145,1456106162581
Running observer at: 1456106173020
production-topology4-4-1456105685,1.0020030705103729,1.6868021545497518,1456106173233
production-topology1-1-1456105664,0.963202802054155,1.0193025686023298,1456106173233
production-topology2-2-1456105671,0.7767690109987466,0.954382960376616,1456106173233
production-topology3-3-1456105678,0.11047339570748935,1.3318432270836005,1456106173233
Running observer at: 1456106183751
production-topology4-4-1456105685,0.9983804622140968,1.6179599853161861,1456106183978
production-topology1-1-1456105664,1.073894271034908,1.0216761208820073,1456106183978
production-topology2-2-1456105671,1.1375627522568599,0.9623472991540178,1456106183978
production-topology3-3-1456105678,0.15663844352368944,1.2143227487276094,1456106183979
Running observer at: 1456106194597
production-topology4-4-1456105685,0.9942403121195509,1.5612581968437647,1456106194805
production-topology1-1-1456105664,0.9515083156994385,1.0187524623327335,1456106194805
production-topology2-2-1456105671,1.0613141325618987,0.9664709172126796,1456106194805
production-topology3-3-1456105678,0.9055275957259019,1.1862504620910905,1456106194805
Running observer at: 1456106205354
production-topology4-4-1456105685,1.0239175531914892,1.5164798098727417,1456106205606
production-topology1-1-1456105664,0.8633321320353057,1.0125356491208364,1456106205606
production-topology2-2-1456105671,0.9405803029905351,0.9654352926437939,1456106205606
production-topology3-3-1456105678,1.1096728755604806,1.1798689965468732,1456106205606
Running observer at: 1456106216136
production-topology4-4-1456105685,0.9675008344763907,1.474250657919176,1456106216373
production-topology1-1-1456105664,1.1033348541839998,1.0160279262386505,1456106216374
production-topology2-2-1456105671,1.15541439760018,0.9727421812959626,1456106216374
production-topology3-3-1456105678,0.9631977264474885,1.1632019757699974,1456106216374
Running observer at: 1456106226892
production-topology4-4-1456105685,1.0292246932671878,1.4424630890154628,1456106227163
production-topology1-1-1456105664,0.9649406382335147,1.0141358044606823,1456106227163
production-topology2-2-1456105671,0.9720102120692742,0.9727150713246038,1456106227163
production-topology3-3-1456105678,1.0346838155262903,1.1540221071811612,1456106227164
Running observer at: 1456106237719
production-topology4-4-1456105685,0.9719559556312456,1.4110959467898483,1456106237912
production-topology1-1-1456105664,0.9922252777433862,1.0133532856493503,1456106237913
production-topology2-2-1456105671,0.8656353034233666,0.9688907938995596,1456106237913
production-topology3-3-1456105678,0.9968566466460625,1.1435444098121545,1456106237913
Running observer at: 1456106248418
production-topology4-4-1456105685,1.1082985972209198,1.3921711124417901,1456106248632
production-topology1-1-1456105664,0.9764197709382616,1.0120797161765542,1456106248632
production-topology2-2-1456105671,1.0291267118511696,0.9709678945185807,1456106248632
production-topology3-3-1456105678,1.1525939111076564,1.1441100036431235,1456106248632
Running observer at: 1456106259239
production-topology4-4-1456105685,0.9113104841601031,1.3638851931311027,1456106259436
production-topology1-1-1456105664,0.9371985360391117,1.0095836768386395,1456106259436
production-topology2-2-1456105671,1.053014013947902,0.9737027651662247,1456106259437
production-topology3-3-1456105678,0.9241596650087974,1.1311717484293398,1456106259437
Running observer at: 1456106269913
production-topology4-4-1456105685,1.0098401567477548,1.344216024443139,1456106270162
production-topology1-1-1456105664,1.0980844418727331,1.012850459374334,1456106270162
production-topology2-2-1456105671,0.96754244936002,0.9726016496139481,1456106270163
production-topology3-3-1456105678,1.0794936532050246,1.1283007431391,1456106270163
Running observer at: 1456106280715
production-topology4-4-1456105685,1.021030880943969,1.3272062800484457,1456106280909
production-topology1-1-1456105664,1.0783831971213966,0.9619910103894916,1456106280909
production-topology2-2-1456105671,0.9865403304144752,0.9721529939610976,1456106280909
production-topology3-3-1456105678,0.9513482338860635,1.1189874531784136,1456106280910
Running observer at: 1456106291496
production-topology4-4-1456105685,1.0134322827408988,1.3115175801830683,1456106291733
production-topology1-1-1456105664,1.04821648267009,0.9635982264784946,1456106291733
production-topology2-2-1456105671,1.0503294869212396,0.9738306435251388,1456106291733
production-topology3-3-1456105678,1.064720980294751,1.1162741295342307,1456106291733
Running observer at: 1456106302183
production-topology4-4-1456105685,0.9555323143518065,1.2945659008577701,1456106302379
production-topology1-1-1456105664,0.9504309957447895,0.9619459263366541,1456106302379
production-topology2-2-1456105671,0.8720384233545305,0.9695652576369566,1456106302380
production-topology3-3-1456105678,0.9204747266949099,1.1069503484466439,1456106302380
Running observer at: 1456106312951
production-topology4-4-1456105685,1.0693355446262776,1.2843281573927021,1456106313186
production-topology1-1-1456105664,0.9046963977929038,0.9587691395964176,1456106313187
production-topology2-2-1456105671,1.2587296095541975,0.9781895779554296,1456106313187
production-topology3-3-1456105678,1.060623485116296,1.104844581931628,1456106313187
Running observer at: 1456106323690
production-topology4-4-1456105685,0.9919188892563267,1.2716147109519902,1456106323895
production-topology1-1-1456105664,0.992438954998876,0.9585485021748872,1456106323896
production-topology2-2-1456105671,1.041503316823954,0.9795730218495613,1456106323896
production-topology3-3-1456105678,0.9641593725710242,1.0987278336985582,1456106323896
Running observer at: 1456106334535
production-topology4-4-1456105685,0.9701133541473026,1.2590521544184614,1456106334721
production-topology1-1-1456105664,0.8582466462818724,0.9871567237176163,1456106334721
production-topology2-2-1456105671,0.8810457552303395,1.0015338062831654,1456106334722
production-topology3-3-1456105678,1.0069983867902703,1.094905773410713,1456106334722
Running observer at: 1456106345269
production-topology4-4-1456105685,1.1168481857213468,1.2533639956705769,1456106345465
production-topology1-1-1456105664,1.2233434027746004,1.0279348371434363,1456106345465
production-topology2-2-1456105671,1.0806766372759775,1.0016151830449973,1456106345465
production-topology3-3-1456105678,0.9571228720966631,1.0893944573581509,1456106345465
Running observer at: 1456106356068
production-topology4-4-1456105685,0.917326240683543,1.2404394666326142,1456106356255
production-topology1-1-1456105664,0.9900942863693488,1.0221714729461413,1456106356255
production-topology2-2-1456105671,0.9456798623063684,1.003171644431711,1456106356255
production-topology3-3-1456105678,1.0446820012801763,1.087674747508998,1456106356256
Running observer at: 1456106366772
production-topology4-4-1456105685,1.0142409021638343,1.2320617420226594,1456106367013
production-topology1-1-1456105664,1.0459358762109665,1.0228972242448302,1456106367013
production-topology2-2-1456105671,0.9829323973706992,1.0038764641017726,1456106367013
production-topology3-3-1456105678,0.9813815409231579,1.083737962079893,1456106367013
Running observer at: 1456106377612
production-topology4-4-1456105685,1.0280335260330122,1.2247750200230292,1456106377868
production-topology1-1-1456105664,1.0160953895600109,1.0208577893088873,1456106377869
production-topology2-2-1456105671,0.9909837735080452,0.9980333050592736,1456106377869
production-topology3-3-1456105678,1.033095074250737,1.081929287514566,1456106377869
Running observer at: 1456106388394
production-topology4-4-1456105685,0.9988185321513956,1.2169834169929727,1456106388632
production-topology1-1-1456105664,1.0082017218778958,1.0184183677199636,1456106388633
production-topology2-2-1456105671,1.0025604543975513,0.9998786219658271,1456106388633
production-topology3-3-1456105678,0.9866845198636829,1.078644985181777,1456106388633
Running observer at: 1456106399143
production-topology4-4-1456105685,1.0058683075166592,1.2099462466770956,1456106399377
production-topology1-1-1456105664,0.9563234069239893,1.013437253998515,1456106399377
production-topology2-2-1456105671,1.0287531974464403,0.9986892482097856,1456106399377
production-topology3-3-1456105678,0.966206505448669,1.07489703585734,1456106399378
Running observer at: 1456106409886
production-topology4-4-1456105685,0.9755226804615332,1.2092051188086193,1456106410113
production-topology1-1-1456105664,0.9913754305411651,1.0145637601907793,1456106410113
production-topology2-2-1456105671,0.8662698412698412,0.9934339621586192,1456106410113
production-topology3-3-1456105678,0.9819240352670584,1.0742833514047108,1456106410113
Running observer at: 1456106420592
production-topology4-4-1456105685,1.0427373142321594,1.166185251505247,1456106420843
production-topology1-1-1456105664,1.1142339700521253,1.0197389849320022,1456106420843
production-topology2-2-1456105671,1.1317502744916705,0.9992487688661685,1456106420843
production-topology3-3-1456105678,0.9686337149660144,1.0170941010872516,1456106420843
Running observer at: 1456106431396
production-topology4-4-1456105685,0.9545271598805316,1.1313361568345985,1456106431597
production-topology1-1-1456105664,0.8791509055356791,1.0155620118791058,1456106431597
production-topology2-2-1456105671,0.9380466472303209,0.998267099976516,1456106431597
production-topology3-3-1456105678,1.069846769194362,0.9860889933937304,1456106431598
Running observer at: 1456106442092
production-topology4-4-1456105685,1.0372572483214277,1.0992447317786458,1456106442323
production-topology1-1-1456105664,1.1025259049995373,1.019589018977766,1456106442323
production-topology2-2-1456105671,1.0411910128752557,0.9902352217532189,1456106442323
production-topology3-3-1456105678,0.9706201631770741,0.9517763321662994,1456106442323
Running observer at: 1456106452852
production-topology4-4-1456105685,0.9702743623968255,1.0649205438585398,1456106453044
production-topology1-1-1456105664,1.174695744337196,1.0391026866461488,1456106453044
production-topology2-2-1456105671,1.0057191510704913,0.995689994761598,1456106453044
production-topology3-3-1456105678,0.9954964340532264,0.9182928799680737,1456106453044
Running observer at: 1456106463503
production-topology4-4-1456105685,0.9986890243902439,1.0315435113382148,1456106463741
production-topology1-1-1456105664,0.886366520169337,1.0041563333090704,1456106463741
production-topology2-2-1456105671,1.0231691761953279,1.0145293346109006,1456106463741
production-topology3-3-1456105678,0.9737526866140211,0.9506604230736039,1456106463741
Running observer at: 1456106474268
production-topology4-4-1456105685,0.9905715684531884,0.997895896953321,1456106474456
production-topology1-1-1456105664,0.9120437846366829,1.0063372835636675,1456106474456
production-topology2-2-1456105671,0.9633356457020749,1.0075761664322196,1456106474456
production-topology3-3-1456105678,1.0121902290176843,0.9439358651548427,1456106474456
Running observer at: 1456106484965
production-topology4-4-1456105685,1.0053264668699338,1.0031358968293778,1456106485158
production-topology1-1-1456105664,0.9911063306861546,1.0016015463039811,1456106485159
production-topology2-2-1456105671,1.0658288245290368,1.0038684368342596,1456106485159
production-topology3-3-1456105678,0.9720482455401513,0.9438435901834958,1456106485159
Running observer at: 1456106495756
production-topology4-4-1456105685,1.0831852703455964,1.0058419701572185,1456106495975
production-topology1-1-1456105664,1.0004060459653805,1.0028416544343552,1456106495976
production-topology2-2-1456105671,0.9702195723832338,1.010316788880409,1456106495976
production-topology3-3-1456105678,1.1601999464760506,0.9788344752091145,1456106495976
Running observer at: 1456106506488
production-topology4-4-1456105685,0.9539975290514082,1.0043625390517954,1456106506787
production-topology1-1-1456105664,1.125407513789924,1.004558762526189,1456106506787
production-topology2-2-1456105671,0.9302540262366423,1.0034064980130686,1456106506787
production-topology3-3-1456105678,0.894966154835139,1.0034453989194962,1456106506788
Running observer at: 1456106517333
production-topology4-4-1456105685,0.9776895715669693,1.0038108477000427,1456106517531
production-topology1-1-1456105664,1.0774668067628237,1.0087573788949686,1456106517531
production-topology2-2-1456105671,1.233074493076013,1.0091318433635392,1456106517531
production-topology3-3-1456105678,1.0273913038443587,1.0075075225234447,1456106517531
Running observer at: 1456106528128
production-topology4-4-1456105685,0.9878577038325235,1.0026088527214108,1456106528319
production-topology1-1-1456105664,0.8941698686452979,1.009785303448635,1456106528320
production-topology2-2-1456105671,0.8389867220630239,1.0057453906659555,1456106528320
production-topology3-3-1456105678,1.0201740739854326,1.0045242291376097,1456106528320
Running observer at: 1456106538822
production-topology4-4-1456105685,1.040702147203004,1.0050488964789646,1456106539051
production-topology1-1-1456105664,0.9733965517241379,1.005454026699973,1456106539052
production-topology2-2-1456105671,1.0806041380887064,1.0032517153489064,1456106539052
production-topology3-3-1456105678,0.9235718988936381,1.003203368219148,1456106539052
Running observer at: 1456106549505
production-topology4-4-1456105685,0.9537853807782589,1.0025342527293335,1456106549718
production-topology1-1-1456105664,1.0721887092640912,1.0090289624009923,1456106549719
production-topology2-2-1456105671,1.0139533645377043,1.0046498204311876,1456106549719
production-topology3-3-1456105678,1.0859216680432864,1.0049112966363813,1456106549719
Running observer at: 1456106560255
production-topology4-4-1456105685,1.058237704484145,1.00541031102443,1456106560448
production-topology1-1-1456105664,1.0279732279077272,1.0102205607398036,1456106560449
production-topology2-2-1456105671,0.9030126849894291,1.0058957331500562,1456106560449
production-topology3-3-1456105678,0.9846710511339616,1.0045051101193112,1456106560449
Running observer at: 1456106570991
production-topology4-4-1456105685,0.9721447890206183,1.0008718507510868,1456106571169
production-topology1-1-1456105664,1.0096344086021503,1.0113277153285998,1456106571169
production-topology2-2-1456105671,0.993561717395817,1.0047102333348779,1456106571169
production-topology3-3-1456105678,1.0226177849780689,1.0001725725816584,1456106571169
Running observer at: 1456106581657
production-topology4-4-1456105685,0.9747788750301409,1.002987463780088,1456106581848
production-topology1-1-1456105664,0.9444994294385414,1.011571078441914,1456106581849
production-topology2-2-1456105671,1.2557206202141775,1.0114671202104202,1456106581849
production-topology3-3-1456105678,1.0032852386237514,1.0028100917021567,1456106581849
Running observer at: 1456106592431
production-topology4-4-1456105685,0.9785613781093341,1.0019448378254738,1456106592629
production-topology1-1-1456105664,0.9402899457655404,1.0063112619050076,1456106592630
production-topology2-2-1456105671,0.8753855452349634,1.0083952234062514,1456106592630
production-topology3-3-1456105678,1.0221547003787652,1.0008987932746147,1456106592630
Running observer at: 1456106603135
production-topology4-4-1456105685,1.0441503669415102,1.0027154873587252,1456106603361
production-topology1-1-1456105664,0.9761169853148766,1.0029023881781236,1456106603361
production-topology2-2-1456105671,1.0098820087080354,1.0091732793493702,1456106603361
production-topology3-3-1456105678,0.8739254070973033,0.9983180323816562,1456106603361
Running observer at: 1456106613995
production-topology4-4-1456105685,1.0704278678524304,1.0046153401957763,1456106614198
production-topology1-1-1456105664,1.0308125343663888,1.0023222565680003,1456106614198
production-topology2-2-1456105671,1.1074874347578485,1.0110785442772572,1456106614198
production-topology3-3-1456105678,1.0756777000560742,0.9986832563737004,1456106614198
Running observer at: 1456106624807
production-topology4-4-1456105685,0.8980059763020148,1.0026977955941168,1456106625136
production-topology1-1-1456105664,0.8982988789653561,1.000584519342019,1456106625136
production-topology2-2-1456105671,0.8427027140488235,1.0101006873004004,1456106625136
production-topology3-3-1456105678,1.0208902689016117,1.0020304411139236,1456106625137
Running observer at: 1456106635669
production-topology4-4-1456105685,0.9960196718718892,1.0002539331689702,1456106635911
production-topology1-1-1456105664,1.0222239816064378,1.0045021054691372,1456106635911
production-topology2-2-1456105671,1.2147248861633562,1.0086338631873724,1456106635912
production-topology3-3-1456105678,0.9801207943080414,0.9993470180869818,1456106635912
Running observer at: 1456106646532
production-topology4-4-1456105685,0.9789533815582457,0.9998217495790342,1456106646713
production-topology1-1-1456105664,1.137829994795939,1.0093484734623723,1456106646713
production-topology2-2-1456105671,0.9024071605066118,1.003997324643461,1456106646713
production-topology3-3-1456105678,0.9951530182534658,1.0003801396097298,1456106646714
Running observer at: 1456106657210
production-topology4-4-1456105685,1.0247405302125627,1.0016426554478763,1456106657459
production-topology1-1-1456105664,1.0039376926990697,1.014204841676279,1456106657459
production-topology2-2-1456105671,0.9744367369960408,1.0071103573689844,1456106657459
production-topology3-3-1456105678,0.9612430066541777,0.9988549602718603,1456106657459
Running observer at: 1456106667932
production-topology4-4-1456105685,1.0075632021386738,0.997999822661787,1456106668224
production-topology1-1-1456105664,0.9453278049337164,1.0049376550815827,1456106668224
production-topology2-2-1456105671,1.0155447978762593,1.0049392960556605,1456106668224
production-topology3-3-1456105678,1.0864999754193057,1.003167530382615,1456106668224
Running observer at: 1456106678725
production-topology4-4-1456105685,1.0508116907844633,1.0024493376651509,1456106678913
production-topology1-1-1456105664,1.019470467587138,1.0059168611221758,1456106678913
production-topology2-2-1456105671,0.9768921044353567,1.0059797041266267,1456106678913
production-topology3-3-1456105678,0.9401915985249318,0.9996845169574402,1456106678913
Running observer at: 1456106689482
production-topology4-4-1456105685,0.9978950725934317,1.001904476679471,1456106689672
production-topology1-1-1456105664,0.9276791479119195,1.001974970178874,1456106689672
production-topology2-2-1456105671,1.0233139816158683,1.007325756934799,1456106689672
production-topology3-3-1456105678,1.0131430452365278,1.0007432337678859,1456106689673
Running observer at: 1456106700134
production-topology4-4-1456105685,0.9552607554465393,0.9994787176599218,1456106700355
production-topology1-1-1456105664,1.0503338051415876,1.00311625069826,1456106700355
production-topology2-2-1456105671,1.1204499804036838,1.0116412971646536,1456106700355
production-topology3-3-1456105678,0.9971733468490173,0.9995458428544951,1456106700355
Running observer at: 1456106710915
production-topology4-4-1456105685,1.0061013242102743,0.9997214773952177,1456106711104
production-topology1-1-1456105664,1.0178760712006432,1.0034387290090183,1456106711104
production-topology2-2-1456105671,0.9881107558703188,1.011159640547079,1456106711104
production-topology3-3-1456105678,0.9785333151290228,0.9992741360300066,1456106711105
Running observer at: 1456106721569
production-topology4-4-1456105685,1.0245278855267237,1.0003434633288866,1456106721804
production-topology1-1-1456105664,0.9572306691711592,1.003468971083924,1456106721804
production-topology2-2-1456105671,0.9197904019673411,1.0075275473644425,1456106721804
production-topology3-3-1456105678,0.9611737342380529,0.9991063769896525,1456106721804
Running observer at: 1456106732463
production-topology4-4-1456105685,0.9993533037616739,1.0011378174388912,1456106732649
production-topology1-1-1456105664,1.14634381079468,1.0086345837590411,1456106732649
production-topology2-2-1456105671,1.0688493763930214,1.0142801985352152,1456106732650
production-topology3-3-1456105678,1.0716571457485073,1.0020974806723675,1456106732650
Running observer at: 1456106743206
production-topology4-4-1456105685,0.9965578574663418,0.9995985022133639,1456106743486
production-topology1-1-1456105664,0.9174689185582432,1.002075748709245,1456106743487
production-topology2-2-1456105671,0.9391842051222744,1.0078613295562353,1456106743487
production-topology3-3-1456105678,0.9583028812249041,1.0017531195476639,1456106743487
Running observer at: 1456106754030
production-topology4-4-1456105685,0.9824035599939098,1.0005277155504766,1456106754219
production-topology1-1-1456105664,1.04889522894316,1.0077338928228279,1456106754219
production-topology2-2-1456105671,0.9586727327212793,1.0085488657392672,1456106754219
production-topology3-3-1456105678,1.0632889437870245,1.0015345253674193,1456106754220
Running observer at: 1456106764787
production-topology4-4-1456105685,1.0040735420824243,0.9994215920091766,1456106764996
production-topology1-1-1456105664,0.871980607966457,1.0000490495883918,1456106764996
production-topology2-2-1456105671,1.054783841247342,1.0090019600183369,1456106764996
production-topology3-3-1456105678,0.9589461802478435,1.0011453926031115,1456106764996
Running observer at: 1456106775536
production-topology4-4-1456105685,0.9412172416830595,0.9984530213187176,1456106775799
production-topology1-1-1456105664,0.9982577922522129,0.9941677845188922,1456106775799
production-topology2-2-1456105671,0.8714614455043325,1.0045267031661316,1456106775799
production-topology3-3-1456105678,1.0034528642005278,1.001410606941355,1456106775800
Running observer at: 1456106786250
production-topology4-4-1456105685,1.0535736832611833,1.000282509947749,1456106786540
production-topology1-1-1456105664,1.014093150940404,0.9984253388779277,1456106786540
production-topology2-2-1456105671,1.1063116095466665,1.007298117611176,1456106786540
production-topology3-3-1456105678,1.057329566108192,1.004196502924494,1456106786540
Running observer at: 1456106797057
production-topology4-4-1456105685,0.9728760134150773,0.9996926581131453,1456106797253
production-topology1-1-1456105664,1.1666906993511177,1.006913569368409,1456106797254
production-topology2-2-1456105671,1.0239180672632844,1.0093175316632164,1456106797254
production-topology3-3-1456105678,0.9661435786435786,1.0026616145786904,1456106797254
Running observer at: 1456106807812
production-topology4-4-1456105685,1.02916549962836,1.0004872925384263,1456106808032
production-topology1-1-1456105664,0.854118836368365,1.0023473195578159,1456106808032
production-topology2-2-1456105671,0.9370493949415756,1.005024884010301,1456106808033
production-topology3-3-1456105678,1.02685835472709,1.004488618218255,1456106808033
Running observer at: 1456106818487
production-topology4-4-1456105685,0.9414581931337414,0.9957630566313643,1456106818685
production-topology1-1-1456105664,1.2478640894560071,1.0105959210075037,1456106818685
production-topology2-2-1456105671,1.1038924276412372,1.0094806458522345,1456106818685
production-topology3-3-1456105678,0.9853759288938917,0.9986611509655163,1456106818685
Running observer at: 1456106829220
production-topology4-4-1456105685,1.0463180326240558,0.9988404067504526,1456106829410
production-topology1-1-1456105664,0.9645130195478592,1.0052327711994349,1456106829410
production-topology2-2-1456105671,0.8238865045917354,1.0059350617974043,1456106829410
production-topology3-3-1456105678,0.9801116853087779,1.0014993353146378,1456106829411
Running observer at: 1456106839933
production-topology4-4-1456105685,0.9673981011880284,0.9984973577378212,1456106840184
production-topology1-1-1456105664,0.9918367346938772,1.0023784354638032,1456106840184
production-topology2-2-1456105671,1.0366129994036972,0.9993863453416605,1456106840185
production-topology3-3-1456105678,1.015486258410503,1.0011025004668423,1456106840185
Running observer at: 1456106850882
production-topology4-4-1456105685,0.98140662153572,0.998282321661261,1456106851069
production-topology1-1-1456105664,0.8687964267418032,1.00153265406702,1456106851069
production-topology2-2-1456105671,0.978368471335623,1.004032403650747,1456106851070
production-topology3-3-1456105678,0.973404066681994,0.9995435002233946,1456106851070
Running observer at: 1456106861648
production-topology4-4-1456105685,1.1277896448836047,1.0011852382506146,1456106861936
production-topology1-1-1456105664,1.066623695784844,1.0046402255357103,1456106861937
production-topology2-2-1456105671,1.1650643728565808,1.0068477448096764,1456106861937
production-topology3-3-1456105678,0.994444848529812,1.0019059318779335,1456106861937
Running observer at: 1456106872436
production-topology4-4-1456105685,0.9735097673474558,1.0018427178029212,1456106872673
production-topology1-1-1456105664,1.0177088110346788,1.0028242289280633,1456106872673
production-topology2-2-1456105671,0.9980303590145763,1.0063169779589054,1456106872673
production-topology3-3-1456105678,1.0408838486851053,1.000404671232661,1456106872673
Running observer at: 1456106883212
production-topology4-4-1456105685,0.8807242890262501,0.9959256039543245,1456106883443
production-topology1-1-1456105664,1.0747939724568314,1.0043849204130335,1456106883444
production-topology2-2-1456105671,1.0442898442564468,1.011026216601139,1456106883444
production-topology3-3-1456105678,0.971063815671508,0.9999510967172458,1456106883444
Running observer at: 1456106894024
production-topology4-4-1456105685,1.0795669615786068,0.9995063430395908,1456106894222
production-topology1-1-1456105664,0.844427048115425,0.9988780083968094,1456106894223
production-topology2-2-1456105671,1.0676816315851767,1.0134968804074511,1456106894223
production-topology3-3-1456105678,1.0412494363403562,1.0005721517626553,1456106894223
Running observer at: 1456106904805
production-topology4-4-1456105685,1.0142506788705226,1.0008220698342702,1456106905003
production-topology1-1-1456105664,1.0794670872058945,1.0033769303223878,1456106905003
production-topology2-2-1456105671,0.9830198029165325,1.0044068531641963,1456106905003
production-topology3-3-1456105678,1.0004201537037043,1.0004766489319872,1456106905003
Running observer at: 1456106915528
production-topology4-4-1456105685,1.0231222582852357,1.0023074325068002,1456106915777
production-topology1-1-1456105664,0.9916780055924195,1.0050898656499503,1456106915777
production-topology2-2-1456105671,1.0066610175806237,1.008782702242385,1456106915778
production-topology3-3-1456105678,0.9980243900444794,0.9996723052541775,1456106915778
Running observer at: 1456106926373
production-topology4-4-1456105685,1.0108530718120496,1.0011975226691516,1456106926571
production-topology1-1-1456105664,1.087924617751419,1.0088167867311684,1456106926571
production-topology2-2-1456105671,1.0022406687177103,1.008527990909374,1456106926571
production-topology3-3-1456105678,0.9547181776890971,1.0023653976072373,1456106926572
Running observer at: 1456106937047
production-topology4-4-1456105685,0.959669641140127,0.9975055817787415,1456106937284
production-topology1-1-1456105664,1.008511530729503,1.0080734199432722,1456106937284
production-topology2-2-1456105671,0.962185104052574,1.0036845798858651,1456106937284
production-topology3-3-1456105678,0.9839773089633581,0.999308717904147,1456106937284
Running observer at: 1456106947891
production-topology4-4-1456105685,0.9803830214758189,1.000251483284535,1456106948081
production-topology1-1-1456105664,0.9483590551181101,1.0097420924816973,1456106948082
production-topology2-2-1456105671,1.024915650276736,1.0097583444267955,1456106948082
production-topology3-3-1456105678,1.0333098435441492,0.9997227037255649,1456106948082
Running observer at: 1456106958620
production-topology4-4-1456105685,0.9673689777872367,0.9992964601483798,1456106958901
production-topology1-1-1456105664,0.9931368940656868,1.0087725228970057,1456106958901
production-topology2-2-1456105671,0.9117668580434537,0.9996597434894654,1456106958901
production-topology3-3-1456105678,1.007276320517427,1.0006278879325443,1456106958902
Running observer at: 1456106969422
production-topology4-4-1456105685,1.0720672240715183,1.0024002548988225,1456106969659
production-topology1-1-1456105664,1.067015661931715,1.0064120451348648,1456106969659
production-topology2-2-1456105671,1.0638831975477938,1.0050422780575048,1456106969659
production-topology3-3-1456105678,1.0317817256246427,1.0018488448449172,1456106969659
Running observer at: 1456106980196
production-topology4-4-1456105685,1.004349358638286,1.0017205491796797,1456106980422
production-topology1-1-1456105664,0.9053069208468104,1.0031243527397897,1456106980422
production-topology2-2-1456105671,0.865760753131117,1.0014197452620073,1456106980422
production-topology3-3-1456105678,0.9472121632636452,1.0013811500652328,1456106980423
Running observer at: 1456106991021
production-topology4-4-1456105685,0.9567313836062181,1.0000261552285978,1456106991209
production-topology1-1-1456105664,0.9940264777339757,1.0047476418331316,1456106991210
production-topology2-2-1456105671,1.1156349775141507,1.0047560845832704,1456106991210
production-topology3-3-1456105678,0.9816553413818359,0.9978863289306503,1456106991210
Running observer at: 1456107001731
production-topology4-4-1456105685,1.0549438464189422,1.0001638937497472,1456107002015
production-topology1-1-1456105664,1.0475642133266754,1.0056841000244496,1456107002016
production-topology2-2-1456105671,0.916593726132608,1.0027461386398453,1456107002016
production-topology3-3-1456105678,1.0153749476916234,1.00039244056954,1456107002016
Running observer at: 1456107012537
production-topology4-4-1456105685,0.9259102262198237,0.9977643988706271,1456107012722
production-topology1-1-1456105664,0.9778438258314084,1.007356255955099,1456107012723
production-topology2-2-1456105671,1.101904761904762,1.0053658313161418,1456107012723
production-topology3-3-1456105678,0.9988116176703239,0.999914726317333,1456107012723
Running observer at: 1456107023290
production-topology4-4-1456105685,1.1091924129719644,1.0028954541214745,1456107023474
production-topology1-1-1456105664,1.1133179822638017,1.0094557285258394,1456107023475
production-topology2-2-1456105671,1.0554731486078963,1.0031999369229487,1456107023475
production-topology3-3-1456105678,1.0113956005218656,1.0003888014397613,1456107023475
Running observer at: 1456107034005
production-topology4-4-1456105685,0.9423317938560644,1.0007698031096675,1456107034295
production-topology1-1-1456105664,0.9165161160399627,1.0060770633538167,1456107034295
production-topology2-2-1456105671,0.8215564648414208,0.9976481272219856,1456107034295
production-topology3-3-1456105678,1.020152251682085,1.0017760993248634,1456107034295
Running observer at: 1456107044867
production-topology4-4-1456105685,0.9985010471641854,0.9999022418309162,1456107045062
production-topology1-1-1456105664,1.0263875292569697,1.0083822920233438,1456107045062
production-topology2-2-1456105671,1.054990679164631,1.002154803128562,1456107045062
production-topology3-3-1456105678,0.981163227190642,1.0024424157566163,1456107045062
Running observer at: 1456107055603
production-topology4-4-1456105685,1.0969448167149234,1.0031552922626914,1456107055883
production-topology1-1-1456105664,0.9264336716570588,1.0010519540520897,1456107055883
production-topology2-2-1456105671,0.8708419785342864,0.9955545565332707,1456107055884
production-topology3-3-1456105678,0.9597783388252337,0.9987131221925074,1456107055884
Running observer at: 1456107066448
production-topology4-4-1456105685,0.9040840014286932,1.0000728303947697,1456107066643
production-topology1-1-1456105664,1.1159855257556404,1.007669174292003,1456107066643
production-topology2-2-1456105671,1.0807978980517787,1.0002750129642541,1456107066644
production-topology3-3-1456105678,1.0618187974831614,1.0021636527344493,1456107066644
Running observer at: 1456107077198
production-topology4-4-1456105685,0.9698053401240343,0.9996528897324405,1456107077394
production-topology1-1-1456105664,0.9799507727389997,1.0053710257518642,1456107077394
production-topology2-2-1456105671,1.020344852090884,1.0023307502765744,1456107077394
production-topology3-3-1456105678,1.0119501618336766,1.0004523600026711,1456107077394
Running observer at: 1456107087960
production-topology4-4-1456105685,1.1267814547944635,1.0037431534895085,1456107088190
production-topology1-1-1456105664,0.8833034001522113,1.0057484521580562,1456107088190
production-topology2-2-1456105671,1.0422767825886918,1.0019138483212862,1456107088190
production-topology3-3-1456105678,0.964536803710426,1.0006387141180904,1456107088190
Running observer at: 1456107098650
production-topology4-4-1456105685,0.9144539035735049,1.00285104221919,1456107098883
production-topology1-1-1456105664,1.0483882639262636,1.0074194678805246,1456107098883
production-topology2-2-1456105671,0.9689545683754587,1.005163619083657,1456107098884
production-topology3-3-1456105678,1.0225735286219155,1.0012760695988034,1456107098884
Running observer at: 1456107109432
production-topology4-4-1456105685,1.0234646051506358,1.0018474062821716,1456107109621
production-topology1-1-1456105664,1.0331704634148817,1.0080553782963404,1456107109621
production-topology2-2-1456105671,1.0851692117944236,1.0044588724919157,1456107109621
production-topology3-3-1456105678,1.0345556433928573,1.0005169388416255,1456107109621
Running observer at: 1456107120208
production-topology4-4-1456105685,1.0901641706766645,1.0057570115242247,1456107120436
production-topology1-1-1456105664,1.05876919975015,1.0044579949763082,1456107120436
production-topology2-2-1456105671,0.9075194468452894,1.0005789184779823,1456107120436
production-topology3-3-1456105678,0.9580720444650301,1.0002478877023406,1456107120436
Running observer at: 1456107130911
production-topology4-4-1456105685,0.9117193830897912,1.001842140972939,1456107131153
production-topology1-1-1456105664,0.8295512734685507,1.003639076212981,1456107131153
production-topology2-2-1456105671,1.024167976849831,1.0034828712082575,1456107131153
production-topology3-3-1456105678,1.0244941354022714,1.0001690803915133,1456107131153
Running observer at: 1456107141795
production-topology4-4-1456105685,1.0478603603603602,1.0053888798804929,1456107141981
production-topology1-1-1456105664,1.0942942079066047,0.998520080161334,1456107141981
production-topology2-2-1456105671,1.0556006493506493,1.0018731452652376,1456107141981
production-topology3-3-1456105678,0.9594020110140431,0.9993032831288516,1456107141981
Running observer at: 1456107152498
production-topology4-4-1456105685,0.9567578972365884,1.002403542034244,1456107152830
production-topology1-1-1456105664,1.0914872020681017,1.0027525529120087,1456107152831
production-topology2-2-1456105671,0.8049231968304483,1.0012410350065282,1456107152831
production-topology3-3-1456105678,1.0546529125102904,1.0017879907022356,1456107152831
Running observer at: 1456107163367
production-topology4-4-1456105685,1.0780244088482076,1.0060910856229168,1456107163556
production-topology1-1-1456105664,0.9471805096094437,1.0012640120758611,1456107163556
production-topology2-2-1456105671,1.1920307469177667,1.0064216265903305,1456107163556
production-topology3-3-1456105678,0.9895587606952687,1.0009237407783942,1456107163556
Running observer at: 1456107174186
production-topology4-4-1456105685,0.9837972866337716,1.0061707744595183,1456107174388
production-topology1-1-1456105664,1.039050965942788,1.0069391633825604,1456107174388
production-topology2-2-1456105671,0.9267127288399956,1.0046997685071428,1456107174389
production-topology3-3-1456105678,0.9619751659014032,1.0005427774190412,1456107174389
Running observer at: 1456107184852
production-topology4-4-1456105685,1.0234632946335551,1.0026932294511834,1456107185059
production-topology1-1-1456105664,0.9463346958999133,1.002929530053063,1456107185059
production-topology2-2-1456105671,0.8938863542444103,0.9956605012200707,1456107185059
production-topology3-3-1456105678,1.1088716895132422,1.0043570054518223,1456107185060
Running observer at: 1456107195586
production-topology4-4-1456105685,0.9593820836166952,1.0022223066601579,1456107195777
production-topology1-1-1456105664,1.0551118710511498,1.0041762987202785,1456107195777
production-topology2-2-1456105671,0.9196067675042865,0.993046381503061,1456107195777
production-topology3-3-1456105678,0.9482169217304375,1.0012681078866668,1456107195778
Running observer at: 1456107206332
production-topology4-4-1456105685,1.0066277894228493,1.0064190900067114,1456107206589
production-topology1-1-1456105664,0.9637534202478673,1.00047494697998,1456107206589
production-topology2-2-1456105671,1.3221241705988196,1.0023075257144733,1456107206589
production-topology3-3-1456105678,1.0069384491004123,1.0024639290009636,1456107206590
Running observer at: 1456107217151
production-topology4-4-1456105685,1.0275119873281062,1.0046839241983614,1456107217407
production-topology1-1-1456105664,0.9814775784097777,1.0050432979897916,1456107217408
production-topology2-2-1456105671,0.9769161464970145,0.9992820095448681,1456107217408
production-topology3-3-1456105678,1.0108433134137345,1.0014503915700759,1456107217408
Running observer at: 1456107227923
production-topology4-4-1456105685,0.9892469844426057,1.0038504677174307,1456107228188
production-topology1-1-1456105664,0.9479744584025611,1.000660210363014,1456107228188
production-topology2-2-1456105671,1.0543955423629803,1.0016612008597496,1456107228188
production-topology3-3-1456105678,0.9914854375652138,1.0011525676987931,1456107228188
Running observer at: 1456107238738
production-topology4-4-1456105685,0.9737653010443339,1.002205235809401,1456107239023
production-topology1-1-1456105664,1.1071518987341773,1.0045093401344058,1456107239023
production-topology2-2-1456105671,0.8392090263498309,0.9960794678187231,1456107239023
production-topology3-3-1456105678,1.0349488853671072,1.002383384209547,1456107239023
Running observer at: 1456107249562
production-topology4-4-1456105685,1.024993479137624,1.002676582720253,1456107249761
production-topology1-1-1456105664,0.9398858103787879,0.9995747132219849,1456107249761
production-topology2-2-1456105671,1.147156975997946,1.0009100113947311,1456107249761
production-topology3-3-1456105678,0.9499508449721821,1.0022244731189833,1456107249761
Running observer at: 1456107260349
production-topology4-4-1456105685,0.9957682291666667,1.0038798689878046,1456107260577
production-topology1-1-1456105664,1.2122873095099567,1.0063672391813332,1456107260577
production-topology2-2-1456105671,1.0451344044452628,1.0036749880744873,1456107260578
production-topology3-3-1456105678,1.0660953757989975,1.0049617420135049,1456107260578
Running observer at: 1456107271130
production-topology4-4-1456105685,0.9909171894810271,1.0042310079213115,1456107271394
production-topology1-1-1456105664,0.8473352486759406,1.002999778966594,1456107271395
production-topology2-2-1456105671,0.8898287135173018,0.9991720901825064,1456107271395
production-topology3-3-1456105678,1.0772006069875104,1.0064247674616167,1456107271395
Running observer at: 1456107281895
production-topology4-4-1456105685,0.9964003787312223,1.005198721286111,1456107282092
production-topology1-1-1456105664,1.0063931742188401,1.0034416549716996,1456107282093
production-topology2-2-1456105671,0.8541307280681779,0.9972508858499971,1456107282093
production-topology3-3-1456105678,0.9216597015286179,1.0035708801619898,1456107282093
Running observer at: 1456107292676
production-topology4-4-1456105685,1.0099444006460179,1.003127960505261,1456107292869
production-topology1-1-1456105664,0.9957003154368033,1.0010644767552024,1456107292869
production-topology2-2-1456105671,1.241240224146761,1.0031627867366295,1456107292869
production-topology3-3-1456105678,0.9920831087212687,1.0022475929318775,1456107292870
Running observer at: 1456107303384
production-topology4-4-1456105685,1.0190545884236326,1.003618134831439,1456107303609
production-topology1-1-1456105664,1.0676361957525393,1.0064754525853934,1456107303609
production-topology2-2-1456105671,0.867484692122463,1.0032202513696744,1456107303609
production-topology3-3-1456105678,0.9680171248965488,1.0029410916529742,1456107303610
Running observer at: 1456107314149
production-topology4-4-1456105685,0.9804721806214235,1.004409494731946,1456107314338
production-topology1-1-1456105664,0.8582296701754385,1.0019488923334423,1456107314338
production-topology2-2-1456105671,1.0016036228796417,0.9994192062151908,1456107314339
production-topology3-3-1456105678,0.9960530997880923,1.0034210169331828,1456107314339
Running observer at: 1456107324904
production-topology4-4-1456105685,0.9981572401009704,1.0025166078546803,1456107325135
production-topology1-1-1456105664,1.176907681465821,1.0062603412714135,1456107325135
production-topology2-2-1456105671,1.06523807423556,1.0043740178186225,1456107325135
production-topology3-3-1456105678,1.0088117910449528,1.0032022450449605,1456107325135
Running observer at: 1456107335684
production-topology4-4-1456105685,1.0781752627546126,1.0075921090725066,1456107335893
production-topology1-1-1456105664,0.9811137037102754,1.0063693372007092,1456107335893
production-topology2-2-1456105671,1.0834924777004218,1.0037602750118109,1456107335894
production-topology3-3-1456105678,0.9695232575488564,1.0022259663742448,1456107335894
Running observer at: 1456107346340
production-topology4-4-1456105685,0.9248278911793157,1.0014466250127516,1456107346504
production-topology1-1-1456105664,0.9284307848817421,1.0002064306213072,1456107346504
production-topology2-2-1456105671,0.9733211041175137,1.0010218735287981,1456107346504
production-topology3-3-1456105678,1.0317705873717462,1.0029051326025742,1456107346504
Running observer at: 1456107357081
production-topology4-4-1456105685,1.0676734461393127,1.00562468008886,1456107357325
production-topology1-1-1456105664,1.0992202944075866,1.006296569900228,1456107357325
production-topology2-2-1456105671,1.0509453781512605,1.008668170639126,1456107357325
production-topology3-3-1456105678,1.01659614318275,1.0027865956525963,1456107357325
Running observer at: 1456107367819
production-topology4-4-1456105685,1.028660028211537,1.006629979457105,1456107368017
production-topology1-1-1456105664,0.9745956061242234,1.0045701724624696,1456107368017
production-topology2-2-1456105671,1.108296511573359,1.010445031719417,1456107368017
production-topology3-3-1456105678,1.0240559784419432,1.0042163540276396,1456107368018
Running observer at: 1456107378677
production-topology4-4-1456105685,0.9367646380135257,1.0012906401670583,1456107378864
production-topology1-1-1456105664,0.8637485115623061,1.002480667125978,1456107378864
production-topology2-2-1456105671,0.8474834020756868,1.0096664125041301,1456107378864
production-topology3-3-1456105678,0.9456720581529465,1.0037461446718967,1456107378864
Running observer at: 1456107389471
production-topology4-4-1456105685,1.0372136396198846,1.0057282947734312,1456107389705
production-topology1-1-1456105664,1.1596311467881482,1.0039355211603949,1456107389706
production-topology2-2-1456105671,1.1370925372437302,1.0115429004771952,1456107389706
production-topology3-3-1456105678,1.0240984147987162,1.0024887985824151,1456107389706
Running observer at: 1456107400239
production-topology4-4-1456105685,0.948922098184992,1.0050321867087966,1456107400509
production-topology1-1-1456105664,0.9590712073717829,1.0032395356481543,1456107400509
production-topology2-2-1456105671,0.8856165732498354,1.0070519578491604,1456107400509
production-topology3-3-1456105678,0.9903813513656397,1.0017698382334805,1456107400510
Running observer at: 1456107411095
production-topology4-4-1456105685,0.983890050268537,1.0002691398912655,1456107411316
production-topology1-1-1456105664,1.018264076313949,1.0077382248535454,1456107411316
production-topology2-2-1456105671,1.1538668064487259,1.0107716253111616,1456107411317
production-topology3-3-1456105678,0.996944784147312,1.0028501042480436,1456107411317
Running observer at: 1456107421836
production-topology4-4-1456105685,1.069618473043485,1.0054412922069316,1456107422085
production-topology1-1-1456105664,0.9340646593627004,1.00392743803476,1456107422085
production-topology2-2-1456105671,0.9438910374103155,1.0099361742789903,1456107422085
production-topology3-3-1456105678,1.0469898783966063,1.0036639825738665,1456107422085
Running observer at: 1456107432610
production-topology4-4-1456105685,1.0238359546147415,1.0054536705224018,1456107432791
production-topology1-1-1456105664,1.1650423984988576,1.008323169204226,1456107432791
production-topology2-2-1456105671,0.8779907697080506,1.0030302262094444,1456107432792
production-topology3-3-1456105678,0.9833117119711972,1.0019558515264777,1456107432792
Running observer at: 1456107443286
production-topology4-4-1456105685,0.9512920737476541,1.0008246006247683,1456107443484
production-topology1-1-1456105664,0.8540174330191838,1.0014981103131937,1456107443485
production-topology2-2-1456105671,1.0502846299810247,1.0077890656473023,1456107443485
production-topology3-3-1456105678,0.9964771460423635,1.0032360215790554,1456107443485
Running observer at: 1456107453989
production-topology4-4-1456105685,1.0428657540639341,1.0051961463239065,1456107454179
production-topology1-1-1456105664,1.209273776585965,1.014155527083774,1456107454179
production-topology2-2-1456105671,1.0715892046156128,1.0093697732394948,1456107454179
production-topology3-3-1456105678,0.981500977414354,1.0018029163127917,1456107454180
Running observer at: 1456107464658
production-topology4-4-1456105685,0.9713005433309521,1.0026441524229261,1456107464889
production-topology1-1-1456105664,0.8419583960633858,1.005744333355667,1456107464890
production-topology2-2-1456105671,0.9106400897527289,1.0045377545862308,1456107464890
production-topology3-3-1456105678,1.0066018629312203,1.003376244710031,1456107464890
Running observer at: 1456107475499
production-topology4-4-1456105685,1.0655093735852164,1.0062692016345471,1456107475714
production-topology1-1-1456105664,1.0877328257553456,1.0056191874785751,1456107475714
production-topology2-2-1456105671,0.9480614366120076,1.0093090292456164,1456107475714
production-topology3-3-1456105678,1.0018768008149403,1.0016170409868528,1456107475714
Running observer at: 1456107486247
production-topology4-4-1456105685,0.980426548152335,1.0030159396113512,1456107486569
production-topology1-1-1456105664,0.9642402281778369,1.0061878447641883,1456107486569
production-topology2-2-1456105671,1.114862803734579,1.0067367644728433,1456107486569
production-topology3-3-1456105678,0.959967342042122,1.0006306603650812,1456107486569
Running observer at: 1456107496953
production-topology4-4-1456105685,0.9834243188771441,1.003003507352797,1456107497106
production-topology1-1-1456105664,1.0265961191018091,1.0057726832028224,1456107497106
production-topology2-2-1456105671,0.9748874806869835,1.0083425895344098,1456107497106
production-topology3-3-1456105678,1.0584440374555366,1.0038462894168856,1456107497106
Running observer at: 1456107507522
production-topology4-4-1456105685,1.0698159559814384,1.0045485960643932,1456107507743
production-topology1-1-1456105664,0.2314814814814815,0.9819442427222079,1456107507743
production-topology2-2-1456105671,1.0249097222377068,1.012710035134186,1456107507743
production-topology3-3-1456105678,1.0436793943659821,1.0016732129119768,1456107507744
