production-topology1-1-1456633271,0.0,0.0,1456633272028
production-topology1-1-1456633271,0.0,0.0,1456633272899
production-topology1-1-1456633271,0.0,0.0,1456633278417
production-topology2-2-1456633277,0.0,0.0,1456633278417
production-topology1-1-1456633271,0.0,0.0,1456633283380
production-topology2-2-1456633277,0.0,0.0,1456633283380
production-topology3-3-1456633284,0.0,0.0,1456633284925
production-topology1-1-1456633271,0.0,0.0,1456633284926
production-topology2-2-1456633277,0.0,0.0,1456633284926
production-topology4-4-1456633290,0.0,0.0,1456633291574
production-topology3-3-1456633284,0.0,0.0,1456633291574
production-topology1-1-1456633271,0.0,0.0,1456633291575
production-topology2-2-1456633277,0.0,0.0,1456633291575
production-topology4-4-1456633290,0.0,0.0,1456633294045
production-topology3-3-1456633284,0.0,0.0,1456633294045
production-topology1-1-1456633271,0.0,0.0,1456633294046
production-topology2-2-1456633277,0.0,0.0,1456633294046
production-topology4-4-1456633290,0.0,0.0,1456633304795
production-topology3-3-1456633284,0.0,0.0,1456633304795
production-topology1-1-1456633271,0.0,0.0,1456633304795
production-topology2-2-1456633277,0.0,0.0,1456633304795
production-topology4-4-1456633290,0.0,0.0,1456633315474
production-topology3-3-1456633284,0.0,0.0,1456633315475
production-topology1-1-1456633271,0.0,0.0,1456633315475
production-topology2-2-1456633277,0.0,0.0,1456633315475
production-topology4-4-1456633290,0.0,0.0,1456633326128
production-topology3-3-1456633284,0.0,0.0,1456633326129
production-topology1-1-1456633271,0.0,0.0,1456633326129
production-topology2-2-1456633277,0.0,0.0,1456633326129
production-topology4-4-1456633290,0.0,0.0,1456633336770
production-topology3-3-1456633284,0.0,0.0,1456633336770
production-topology1-1-1456633271,0.0,0.0,1456633336770
production-topology2-2-1456633277,0.0,0.0,1456633336770
production-topology4-4-1456633290,0.0,0.0,1456633347376
production-topology3-3-1456633284,0.0,0.0,1456633347376
production-topology1-1-1456633271,0.0,0.0,1456633347377
production-topology2-2-1456633277,0.0,0.0,1456633347377
production-topology4-4-1456633290,0.0,0.0,1456633357970
production-topology3-3-1456633284,0.0,0.0,1456633357970
production-topology1-1-1456633271,0.0,0.0,1456633357971
production-topology2-2-1456633277,0.0,0.0,1456633357971
production-topology4-4-1456633290,0.0,0.0,1456633368499
production-topology3-3-1456633284,0.0,0.0,1456633368499
production-topology1-1-1456633271,0.0,0.0,1456633368499
production-topology2-2-1456633277,0.0,0.0,1456633368500
production-topology4-4-1456633290,0.0,0.0,1456633379036
production-topology3-3-1456633284,0.0,0.0,1456633379036
production-topology1-1-1456633271,0.0,0.0,1456633379037
production-topology2-2-1456633277,0.0,0.0,1456633379037
production-topology4-4-1456633290,0.0,0.0,1456633389573
production-topology3-3-1456633284,0.0,0.0,1456633389574
production-topology1-1-1456633271,0.0,0.0,1456633389574
production-topology2-2-1456633277,0.0,0.0,1456633389574
production-topology4-4-1456633290,0.0,0.0,1456633400081
production-topology3-3-1456633284,0.0,0.0,1456633400082
production-topology1-1-1456633271,0.0,0.0,1456633400082
production-topology2-2-1456633277,0.0,0.0,1456633400082
production-topology4-4-1456633290,0.0,0.0,1456633410579
production-topology3-3-1456633284,0.0,0.0,1456633410579
production-topology1-1-1456633271,0.0,0.0,1456633410579
production-topology2-2-1456633277,0.0,0.0,1456633410579
production-topology4-4-1456633290,0.0,0.0,1456633421085
production-topology3-3-1456633284,0.0,0.0,1456633421086
production-topology1-1-1456633271,0.0,0.0,1456633421086
production-topology2-2-1456633277,0.0,0.0,1456633421086
production-topology4-4-1456633290,0.0,0.0,1456633431609
production-topology3-3-1456633284,0.0,0.0,1456633431609
production-topology1-1-1456633271,0.0,0.0,1456633431609
production-topology2-2-1456633277,0.0,0.0,1456633431610
production-topology4-4-1456633290,0.0,0.0,1456633442119
production-topology3-3-1456633284,0.0,0.0,1456633442119
production-topology1-1-1456633271,0.0,0.0,1456633442120
production-topology2-2-1456633277,0.0,0.0,1456633442120
production-topology4-4-1456633290,0.0,0.0,1456633452629
production-topology3-3-1456633284,0.0,0.0,1456633452629
production-topology1-1-1456633271,0.0,0.0,1456633452630
production-topology2-2-1456633277,0.0,0.0,1456633452630
production-topology4-4-1456633290,0.0,0.0,1456633463131
production-topology3-3-1456633284,0.0,0.0,1456633463131
production-topology1-1-1456633271,0.0,0.0,1456633463132
production-topology2-2-1456633277,0.0,0.0,1456633463132
production-topology4-4-1456633290,0.0,0.0,1456633473625
production-topology3-3-1456633284,0.0,0.0,1456633473625
production-topology1-1-1456633271,0.0,0.0,1456633473625
production-topology2-2-1456633277,0.0,0.0,1456633473626
production-topology4-4-1456633290,0.0,0.0,1456633484058
production-topology3-3-1456633284,0.0,0.0,1456633484059
production-topology1-1-1456633271,0.0,0.0,1456633484059
production-topology2-2-1456633277,0.0,0.0,1456633484059
production-topology4-4-1456633290,0.0,0.0,1456633494419
production-topology3-3-1456633284,0.0,0.0,1456633494419
production-topology1-1-1456633271,0.0,0.0,1456633494420
production-topology2-2-1456633277,0.0,0.0,1456633494420
production-topology4-4-1456633290,0.0,0.0,1456633504751
production-topology3-3-1456633284,0.0,0.0,1456633504751
production-topology1-1-1456633271,0.0,0.0,1456633504752
production-topology2-2-1456633277,0.0,0.0,1456633504752
