Running observer at: 1456553766521
production-topology1-1-1456553766,0.0,0.0,0,0,1456553766810
Running observer at: 1456553767226
production-topology1-1-1456553766,0.0,0.0,0,0,1456553767553
Running observer at: 1456553773149
production-topology2-2-1456553772,0.0,0.0,0,0,1456553773528
production-topology1-1-1456553766,0.0,0.0,0,0,1456553773529
Running observer at: 1456553778136
production-topology2-2-1456553772,0.0,0.0,0,0,1456553778592
production-topology1-1-1456553766,0.0,0.0,140,0,1456553778593
Running observer at: 1456553780334
production-topology2-2-1456553772,0.0,0.0,0,0,1456553780762
production-topology1-1-1456553766,0.33749999999999997,0.06749999999999999,160,0,1456553780762
production-topology3-3-1456553779,0.0,0.0,0,0,1456553780763
Running observer at: 1456553787269
production-topology2-2-1456553772,0.0,0.0,60,0,1456553788067
production-topology4-4-1456553787,0.0,0.0,0,0,1456553788067
production-topology1-1-1456553766,0.5680701947962701,0.15092836579937832,1320,0,1456553788067
production-topology3-3-1456553779,0.0,0.0,0,0,1456553788067
Running observer at: 1456553789097
production-topology2-2-1456553772,0.0,0.0,140,0,1456553789673
production-topology4-4-1456553787,0.0,0.0,0,0,1456553789673
production-topology1-1-1456553766,1.4238281249999998,0.33277118854232424,220,0,1456553789673
production-topology3-3-1456553779,0.0,0.0,0,0,1456553789673
Running observer at: 1456553800343
production-topology2-2-1456553772,0.9967228542682456,0.16612047571137425,1600,0,1456553800877
production-topology4-4-1456553787,0.0,0.0,0,0,1456553800877
production-topology1-1-1456553766,1.251018399862832,0.4475520899573877,2240,0,1456553800877
production-topology3-3-1456553779,0.0,0.0,300,0,1456553800877
Running observer at: 1456553811542
production-topology2-2-1456553772,0.943728813559322,0.27720738111822396,1880,0,1456553812314
production-topology4-4-1456553787,0.8028816137036741,0.20072040342591851,700,0,1456553812314
production-topology1-1-1456553766,1.0116202197037656,0.5102263265958741,2240,0,1456553812314
production-topology3-3-1456553779,1.0796856229886476,0.2159371245977295,2040,0,1456553812315
Running observer at: 1456553822929
production-topology2-2-1456553772,1.0866776757514032,0.3783911679473714,2480,0,1456553823596
production-topology4-4-1456553787,1.0985025543738132,0.38027683361549747,2320,0,1456553823596
production-topology1-1-1456553766,1.019399901850549,0.5611436841213415,2160,0,1456553823596
production-topology3-3-1456553779,1.0437298440391223,0.35390257783796164,2340,0,1456553823597
Running observer at: 1456553834241
production-topology2-2-1456553772,0.9410820040118446,0.4409123719545351,2280,0,1456553834782
production-topology4-4-1456553787,0.9681184612224831,0.4782504382166617,2420,0,1456553834782
production-topology1-1-1456553766,0.9910277556526647,0.6002240542605528,2360,0,1456553834782
production-topology3-3-1456553779,1.0079622132253712,0.44733966860759156,1940,0,1456553834782
Running observer at: 1456553845348
production-topology2-2-1456553772,0.9278775659824046,0.48960889135732205,1960,0,1456553845975
production-topology4-4-1456553787,0.9719130089736607,0.5487736626105187,2320,0,1456553845975
production-topology1-1-1456553766,0.9874325941671616,0.6324914325861035,2060,0,1456553845975
production-topology3-3-1456553779,0.9556356569710867,0.5108766671530285,2360,0,1456553845975
Running observer at: 1456553856527
production-topology2-2-1456553772,1.1060268588722468,0.5456468884041334,2360,0,1456553857119
production-topology4-4-1456553787,0.9681058073625686,0.6011901807045249,1940,0,1456553857119
production-topology1-1-1456553766,1.1524868026255655,0.6724910764352928,2140,0,1456553857119
production-topology3-3-1456553779,1.0019205935486646,0.5654371034192103,2440,0,1456553857119
Running observer at: 1456553867727
production-topology2-2-1456553772,0.9008051867787602,0.5752434132686857,2340,0,1456553868373
production-topology4-4-1456553787,1.1677458997691392,0.6641408161561487,2280,0,1456553868373
production-topology1-1-1456553766,0.9329316737288136,0.6910939762419729,2340,0,1456553868373
production-topology3-3-1456553779,0.9881686043304725,0.6077102535103365,1860,0,1456553868373
Running observer at: 1456553878927
production-topology2-2-1456553772,1.146695397300532,0.6192012581942123,1940,0,1456553879536
production-topology4-4-1456553787,0.9374958592002751,0.6914763204605613,2380,0,1456553879536
production-topology1-1-1456553766,0.998422607049144,0.7115825516291177,2220,0,1456553879536
production-topology3-3-1456553779,1.0226216363888678,0.6454294701356575,2260,0,1456553879537
Running observer at: 1456553890072
production-topology2-2-1456553772,0.9997018633540372,0.6463798728484855,2400,0,1456553890723
production-topology4-4-1456553787,0.9611477381117135,0.7159919038833933,2080,0,1456553890724
production-topology1-1-1456553766,1.005072699652778,0.7299256858805965,2080,0,1456553890724
production-topology3-3-1456553779,1.0350662755323772,0.6778992039187175,2360,0,1456553890724
Running observer at: 1456553901392
production-topology2-2-1456553772,1.0159094254255754,0.6710151763536248,2240,0,1456553901998
production-topology4-4-1456553787,1.013489906832298,0.7407834041291353,2240,0,1456553901998
production-topology1-1-1456553766,1.140139248345307,0.7540558954373441,2340,0,1456553901999
production-topology3-3-1456553779,1.0119151996560165,0.7035927420523559,2140,0,1456553901999
Running observer at: 1456553912573
production-topology2-2-1456553772,0.9978597005063016,0.6914429591131671,2460,0,1456553913025
production-topology4-4-1456553787,0.9749508108031584,0.7587962815655985,2460,0,1456553913025
production-topology1-1-1456553766,0.8970524277881302,0.7620001472346101,2320,0,1456553913025
production-topology3-3-1456553779,0.9675679777564945,0.7224481160312229,2240,0,1456553913026
Running observer at: 1456553923512
production-topology2-2-1456553772,1.0210672742146918,0.7108326247073745,1820,0,1456553924081
production-topology4-4-1456553787,1.0160173538432111,0.7771692152997137,1860,0,1456553924081
production-topology1-1-1456553766,1.0256078917672797,0.7758742390521189,1920,0,1456553924081
production-topology3-3-1456553779,0.9760484097945399,0.7393548022821108,2380,0,1456553924081
Running observer at: 1456553934737
production-topology2-2-1456553772,1.0004094389376377,0.7269202254979447,2320,0,1456553935352
production-topology4-4-1456553787,1.0419851871609245,0.7948236134237945,2280,0,1456553935352
production-topology1-1-1456553766,0.9665221746976482,0.7854066358343954,2380,0,1456553935352
production-topology3-3-1456553779,1.0444476048485818,0.7584231024425152,2020,0,1456553935353
Running observer at: 1456553945910
production-topology2-2-1456553772,0.9954954954954954,0.7410557660241315,2380,0,1456553946445
production-topology4-4-1456553787,0.9580288212250396,0.8050239389113722,2400,0,1456553946446
production-topology1-1-1456553766,1.0779765519934061,0.7993385366038721,2260,0,1456553946446
production-topology3-3-1456553779,1.0189343990116304,0.7737472963583455,2240,0,1456553946446
Running observer at: 1456553956973
production-topology2-2-1456553772,0.9569815689261234,0.7518520561692311,1940,0,1456553957571
production-topology4-4-1456553787,1.0777734336520417,0.821068026837294,1900,0,1456553957571
production-topology1-1-1456553766,0.8464944938668338,0.8014819892067341,1900,0,1456553957572
production-topology3-3-1456553779,1.0244374428389469,0.7876745267183789,2320,0,1456553957572
Running observer at: 1456553968179
production-topology2-2-1456553772,1.0625191999284007,0.7666457296815724,2360,0,1456553968719
production-topology4-4-1456553787,0.9939281756420346,0.8306713684375573,2280,0,1456553968719
production-topology1-1-1456553766,1.0940872617176263,0.8142039575767729,2540,0,1456553968719
production-topology3-3-1456553779,1.0190788115645086,0.7998536996050173,2140,0,1456553968719
Running observer at: 1456553979332
production-topology2-2-1456553772,0.9253280930642289,0.7738585643807842,2360,0,1456553979851
production-topology4-4-1456553787,0.9631898025191536,0.8376460228629045,2460,0,1456553979851
production-topology1-1-1456553766,1.0041153342070772,0.8221169316030356,2180,0,1456553979851
production-topology3-3-1456553779,0.9400780256513193,0.8068649159073324,2140,0,1456553979851
Running observer at: 1456553990449
production-topology2-2-1456553772,0.9967007069913588,0.7835473531899396,1960,0,1456553991025
production-topology4-4-1456553787,1.0279308234026574,0.8471602628898921,1920,0,1456553991026
production-topology1-1-1456553766,0.9215880396666768,0.8260957759255813,2160,0,1456553991026
production-topology3-3-1456553779,1.0146497034612394,0.8167594296003755,2320,0,1456553991026
Running observer at: 1456554001653
production-topology2-2-1456553772,0.9615384615384615,0.790963649371128,2280,0,1456554002177
production-topology4-4-1456553787,0.9998323637657205,0.8544303629315981,2280,0,1456554002177
production-topology1-1-1456553766,0.9903469107423191,0.8324131272646865,2200,0,1456554002178
production-topology3-3-1456553779,0.997268612653228,0.8249643924664144,2320,0,1456554002178
Running observer at: 1456554012805
production-topology2-2-1456553772,1.0273537704555507,0.8004192542145049,2440,0,1456554013478
production-topology4-4-1456553787,1.0066060068844007,0.8613474376567255,2400,0,1456554013478
production-topology1-1-1456553766,1.2708537403385098,0.8486516684896429,2380,0,1456554013478
production-topology3-3-1456553779,1.0188233280659922,0.833393041840309,1980,0,1456554013478
Running observer at: 1456554024013
production-topology2-2-1456553772,1.0225147367641845,0.8089613881587232,1900,0,1456554024627
production-topology4-4-1456553787,1.0263309667027358,0.8685206345717695,2100,0,1456554024628
production-topology1-1-1456553766,0.9310858068079374,0.8515957448581535,2140,0,1456554024628
production-topology3-3-1456553779,0.9482701678613707,0.8381795887578533,2320,0,1456554024628
Running observer at: 1456554035196
production-topology2-2-1456553772,1.1139466612561768,0.8202571390141844,2280,0,1456554035791
production-topology4-4-1456553787,1.0216302948351226,0.8749002037494092,2100,0,1456554035791
production-topology1-1-1456553766,0.8574477166026461,0.8517975369872739,2160,0,1456554035792
production-topology3-3-1456553779,0.9864486124805458,0.844110349706761,2480,0,1456554035792
Running observer at: 1456554046339
production-topology2-2-1456553772,0.9369798316909096,0.8244258066097817,2420,0,1456554046843
production-topology4-4-1456553787,0.9312490638683029,0.8771541581541651,2500,0,1456554046843
production-topology1-1-1456553766,1.068679960288011,0.8590269510972985,2320,0,1456554046843
production-topology3-3-1456553779,1.0389691197017803,0.8516049177834925,1860,0,1456554046843
Running observer at: 1456554057430
production-topology2-2-1456553772,1.0574118454856107,0.8324598079503276,1880,0,1456554057999
production-topology4-4-1456553787,1.0373722947884247,0.8833163941785597,1980,0,1456554057999
production-topology1-1-1456553766,0.9569580375983878,0.8909255523505781,2260,0,1456554057999
production-topology3-3-1456553779,1.0548859896195402,0.8591338463700127,2260,0,1456554057999
Running observer at: 1456554068600
production-topology2-2-1456553772,1.0214563979622413,0.8387596942840579,2400,0,1456554069127
production-topology4-4-1456553787,1.0564782539132664,0.8897297963909563,2120,0,1456554069127
production-topology1-1-1456553766,1.0944189468815535,0.9274061839132965,1940,0,1456554069127
production-topology3-3-1456553779,0.926598634659677,0.8615433030946436,2420,0,1456554069128
Running observer at: 1456554079677
production-topology2-2-1456553772,0.952694979595997,0.8705161936039245,2300,0,1456554080177
production-topology4-4-1456553787,0.9647849811648439,0.8924103387043093,2480,0,1456554080177
production-topology1-1-1456553766,0.9908397615708279,0.9604341759656575,2440,0,1456554080177
production-topology3-3-1456553779,1.1126580246397064,0.8702024314237836,1880,0,1456554080178
Running observer at: 1456554090780
production-topology2-2-1456553772,1.1824460327146482,0.9099310613610795,1900,0,1456554091468
production-topology4-4-1456553787,1.033721313656053,0.8972831309440246,1960,0,1456554091468
production-topology1-1-1456553766,0.9617261133416893,0.9924917130770472,2120,0,1456554091469
production-topology3-3-1456553779,0.9354524552911831,0.8723774322193637,2340,0,1456554091469
Running observer at: 1456554101987
production-topology2-2-1456553772,0.807052395701269,0.9368328078844551,2440,0,1456554102569
production-topology4-4-1456553787,0.8944701406387231,0.8971893646005146,2220,0,1456554102569
production-topology1-1-1456553766,0.8906870491042681,1.010931281380523,2040,0,1456554102569
production-topology3-3-1456553779,0.9905363305769809,0.905395309905263,2340,0,1456554102569
Running observer at: 1456554113096
production-topology2-2-1456553772,1.0707379148275384,0.9725240717120397,2280,0,1456554113638
production-topology4-4-1456553787,1.0886639708942534,0.933478163630323,2340,0,1456554113638
production-topology1-1-1456553766,1.0649592872340887,1.0274942511284502,2440,0,1456554113639
production-topology3-3-1456553779,1.0236518552482294,0.9395170384135373,2020,0,1456554113639
Running observer at: 1456554124250
production-topology2-2-1456553772,1.0564420803782506,1.007738807724648,1880,0,1456554124864
production-topology4-4-1456553787,0.9472978330953444,0.9650547580668345,2080,0,1456554124865
production-topology1-1-1456553766,1.0597062957748997,1.0153568568209468,2220,0,1456554124865
production-topology3-3-1456553779,0.9933610066833751,0.9726290719696498,2260,0,1456554124865
Running observer at: 1456554135331
production-topology2-2-1456553772,0.9345655478308537,1.0056668975100684,2380,0,1456554135920
production-topology4-4-1456553787,1.0475240901645573,0.9999722277389864,2180,0,1456554135921
production-topology1-1-1456553766,0.9730455337520297,1.0060910946172532,1960,0,1456554135921
production-topology3-3-1456553779,1.0458811739736444,1.0074917777687713,2460,0,1456554135921
Running observer at: 1456554146418
production-topology2-2-1456553772,1.0062664240512234,1.007751484526465,2340,0,1456554146989
production-topology4-4-1456553787,0.9873749918800023,1.0061220070115309,2380,0,1456554146989
production-topology1-1-1456553766,0.946834625268745,1.0039315748027524,2440,0,1456554146990
production-topology3-3-1456553779,1.0020479366286095,1.0049038548901035,1780,0,1456554146990
Running observer at: 1456554157543
production-topology2-2-1456553772,1.0481765999371733,1.0064681153326573,1900,0,1456554158189
production-topology4-4-1456553787,1.0098918036972475,1.0031683153223119,2040,0,1456554158189
production-topology1-1-1456553766,1.0137761840423583,1.0037441175424795,2080,0,1456554158189
production-topology3-3-1456553779,0.9624177660069982,1.0021934522890326,2360,0,1456554158190
Running observer at: 1456554168678
production-topology2-2-1456553772,0.9798145307488496,1.0077591995572242,2400,0,1456554169256
production-topology4-4-1456553787,0.9908427367982636,1.003925791174838,2220,0,1456554169257
production-topology1-1-1456553766,1.1876334653948486,1.0102976412005524,2060,0,1456554169257
production-topology3-3-1456553779,1.0796954631416158,1.004584560619574,2380,0,1456554169257
Running observer at: 1456554179743
production-topology2-2-1456553772,0.9481822781803678,1.0084360232971563,2320,0,1456554180287
production-topology4-4-1456553787,0.9397246612656619,1.002852846251238,2360,0,1456554180288
production-topology1-1-1456553766,0.9057414544579953,1.0075746032102468,2480,0,1456554180288
production-topology3-3-1456553779,0.9816153687254698,1.0054505510113867,1940,0,1456554180288
Running observer at: 1456554190938
production-topology2-2-1456553772,0.9538150036196911,1.003362294788738,1940,0,1456554191552
production-topology4-4-1456553787,1.0725725196423108,1.006335069993896,2100,0,1456554191552
production-topology1-1-1456553766,1.0552560646900269,1.0043335786123955,2180,0,1456554191552
production-topology3-3-1456553779,0.9172497049380643,1.0026281880577,2260,0,1456554191552
Running observer at: 1456554202032
production-topology2-2-1456553772,0.9427329610737615,1.0047598872652381,2420,0,1456554202599
production-topology4-4-1456553787,0.9638692348008386,0.9995391811616193,2160,0,1456554202599
production-topology1-1-1456553766,0.9472167208185359,1.0048097468487194,2000,0,1456554202599
production-topology3-3-1456553779,1.0774363960734599,1.0056037811157996,2420,0,1456554202599
Running observer at: 1456554213069
production-topology2-2-1456553772,1.1984335059317033,1.0064844908862771,2280,0,1456554213633
production-topology4-4-1456553787,1.0001722000275517,1.0016283925225287,2440,0,1456554213633
production-topology1-1-1456553766,0.9708213386953214,1.0038897045702586,2360,0,1456554213633
production-topology3-3-1456553779,0.9715482887951242,1.0039013361960083,1960,0,1456554213633
Running observer at: 1456554224149
production-topology2-2-1456553772,0.9427625258954998,1.0045865129709926,1880,0,1456554224790
production-topology4-4-1456553787,1.1211081831815688,1.0069604073581904,1980,0,1456554224790
production-topology1-1-1456553766,1.1457856572422336,1.0085801364899072,2180,0,1456554224790
production-topology3-3-1456553779,1.0241150689001968,1.0035362959749354,2180,0,1456554224791
Running observer at: 1456554235307
production-topology2-2-1456553772,0.9395120773048299,1.002039934700301,2460,0,1456554235925
production-topology4-4-1456553787,0.930688737049177,1.0042003683654197,2160,0,1456554235925
production-topology1-1-1456553766,0.8112327923648678,0.997616587957226,2060,0,1456554235926
production-topology3-3-1456553779,1.0079815595379191,1.0034051746376658,2460,0,1456554235926
Running observer at: 1456554246411
production-topology2-2-1456553772,1.0264696829793782,1.002993600782737,2220,0,1456554246968
production-topology4-4-1456553787,0.9538189474540069,1.003495972920448,2460,0,1456554246969
production-topology1-1-1456553766,1.0640392173440536,1.0031828142757566,2360,0,1456554246969
production-topology3-3-1456553779,1.0055909047210814,1.0046726055364852,1840,0,1456554246969
Running observer at: 1456554257471
production-topology2-2-1456553772,1.0472437908281562,1.003866151336519,1900,0,1456554258113
production-topology4-4-1456553787,1.0131151201516793,1.003399231797397,1980,0,1456554258113
production-topology1-1-1456553766,0.9928145613330799,1.0020897032612832,2200,0,1456554258113
production-topology3-3-1456553779,0.9651948021137995,1.0043108186137937,2420,0,1456554258113
Running observer at: 1456554268603
production-topology2-2-1456553772,0.8189437048819931,0.9978172935346641,2520,0,1456554269216
production-topology4-4-1456553787,1.00671517735785,1.0022235648039612,2220,0,1456554269216
production-topology1-1-1456553766,1.1125153186274508,1.0069561413922767,2040,0,1456554269216
production-topology3-3-1456553779,1.018049925211545,1.0034308959592262,2340,0,1456554269217
Running observer at: 1456554279691
production-topology2-2-1456553772,1.2290041216071932,1.005600914405054,2260,0,1456554280231
production-topology4-4-1456553787,1.0747404970760233,1.006113953998994,2400,0,1456554280231
production-topology1-1-1456553766,0.9725255031706647,1.0034411064315187,2480,0,1456554280231
production-topology3-3-1456553779,0.9710704457158857,1.001835430849368,1940,0,1456554280231
Running observer at: 1456554290792
production-topology2-2-1456553772,0.9959696187300354,1.0069005160651845,1920,0,1456554291517
production-topology4-4-1456553787,1.051643612771569,1.0052429599696449,1940,0,1456554291517
production-topology1-1-1456553766,1.035996738317969,1.0097578479132234,2120,0,1456554291517
production-topology3-3-1456553779,1.119647446901268,1.0050090976514454,2180,0,1456554291517
Running observer at: 1456554302006
production-topology2-2-1456553772,1.019523296203138,1.0054673192743424,2400,0,1456554302546
production-topology4-4-1456553787,0.9713788269846921,1.0044913150144001,2240,0,1456554302546
production-topology1-1-1456553766,0.9982783531050081,1.006564217626136,2040,0,1456554302546
production-topology3-3-1456553779,0.9258317248685356,1.0019008614282463,2460,0,1456554302546
Running observer at: 1456554313041
production-topology2-2-1456553772,0.9483606725880603,1.0062350719251367,2320,0,1456554313573
production-topology4-4-1456553787,1.0342052707633458,1.0068584972892065,2340,0,1456554313573
production-topology1-1-1456553766,0.984137761064289,1.0058982985213765,2400,0,1456554313573
production-topology3-3-1456553779,1.001048589176291,1.0039332135457455,1980,0,1456554313573
Running observer at: 1456554324095
production-topology2-2-1456553772,1.0079269367088608,1.0066092795823869,1900,0,1456554324709
production-topology4-4-1456553787,0.9790240149229879,1.0052282703398843,2140,0,1456554324709
production-topology1-1-1456553766,1.0443245562961454,1.0099895157423588,2220,0,1456554324710
production-topology3-3-1456553779,1.0532967032967033,1.0052214468735943,2200,0,1456554324710
Running observer at: 1456554335299
production-topology2-2-1456553772,0.9130369900225501,1.0049925638651898,2400,0,1456554335789
production-topology4-4-1456553787,1.0423690518329138,1.0066461599421244,2060,0,1456554335790
production-topology1-1-1456553766,0.9798123262279886,1.0096383629252144,2000,0,1456554335790
production-topology3-3-1456553779,0.9915651782579256,1.0050313323937508,2440,0,1456554335790
Running observer at: 1456554346370
production-topology2-2-1456553772,1.0058351175595772,1.004275275435324,2360,0,1456554346897
production-topology4-4-1456553787,0.932604856710755,1.0041794549363359,2480,0,1456554346897
production-topology1-1-1456553766,0.9721087641498425,0.9996801970522587,2480,0,1456554346898
production-topology3-3-1456553779,0.9727321910153806,1.0034949611587303,1940,0,1456554346898
Running observer at: 1456554357483
production-topology2-2-1456553772,1.0398684977111943,1.0048537341335575,1780,0,1456554358093
production-topology4-4-1456553787,0.9699309708642287,1.0022994550750524,2080,0,1456554358094
production-topology1-1-1456553766,1.0331522807187963,1.0030824128492875,2080,0,1456554358094
production-topology3-3-1456553779,0.9347999026954058,1.003045952319865,2300,0,1456554358094
Running observer at: 1456554368598
production-topology2-2-1456553772,1.082628074512604,1.0038097812421054,2420,0,1456554369188
production-topology4-4-1456553787,1.0648552500426787,1.003740286915304,2060,0,1456554369188
production-topology1-1-1456553766,1.1188114869279122,1.0117945385267963,2060,0,1456554369188
production-topology3-3-1456553779,1.053206516285365,1.0052712157800257,2340,0,1456554369188
Running observer at: 1456554379660
production-topology2-2-1456553772,0.9351364186057624,1.003748334139267,2360,0,1456554380233
production-topology4-4-1456553787,0.9755275025599534,1.0052162348716924,2460,0,1456554380233
production-topology1-1-1456553766,0.9569903380465012,1.0080715511187461,2340,0,1456554380233
production-topology3-3-1456553779,0.9756264623340712,1.0031597938677685,1980,0,1456554380233
Running observer at: 1456554390763
production-topology2-2-1456553772,1.1092477420681746,1.0054761973586859,1960,0,1456554391415
production-topology4-4-1456553787,1.022174655254576,1.004709646887231,2060,0,1456554391416
production-topology1-1-1456553766,0.9329544998105461,1.0072714331924846,2220,0,1456554391416
production-topology3-3-1456553779,1.024582437389401,1.0021496754600971,2300,0,1456554391416
Running observer at: 1456554401909
production-topology2-2-1456553772,1.1148976036168348,1.008590904213839,2140,0,1456554402411
production-topology4-4-1456553787,0.9696154592943584,1.0018142203999338,2180,0,1456554402411
production-topology1-1-1456553766,0.9191049445691356,1.001427633115404,1980,0,1456554402411
production-topology3-3-1456553779,1.0605592829876236,1.006615030404362,2380,0,1456554402411
Running observer at: 1456554412979
production-topology2-2-1456553772,0.9056326487120061,1.0070221598510394,2500,0,1456554413440
production-topology4-4-1456553787,1.0716909715234912,1.005377753411889,2360,0,1456554413440
production-topology1-1-1456553766,1.0760909985266636,1.0042693410139318,2480,0,1456554413440
production-topology3-3-1456553779,0.9817436647894191,1.0022512184093524,1940,0,1456554413441
Running observer at: 1456554423989
production-topology2-2-1456553772,1.0894446286472153,1.0039221130487914,1900,0,1456554424478
production-topology4-4-1456553787,0.9569341614566869,1.0028181816719102,2020,0,1456554424478
production-topology1-1-1456553766,1.032866721619966,1.0066406946232078,2140,0,1456554424479
production-topology3-3-1456553779,0.9706922845011527,1.003425879383018,2300,0,1456554424479
Running observer at: 1456554435115
production-topology2-2-1456553772,0.8774887005478252,1.00626998987701,2380,0,1456554435662
production-topology4-4-1456553787,0.9862861684766833,1.0058787159331755,2180,0,1456554435662
production-topology1-1-1456553766,1.0329260994874667,1.0113819963026476,1980,0,1456554435662
production-topology3-3-1456553779,0.9455901701318423,1.0019276740348468,2140,0,1456554435662
Running observer at: 1456554446245
production-topology2-2-1456553772,0.9345764484658463,1.0017312743316205,2320,0,1456554446738
production-topology4-4-1456553787,1.0485185170578477,1.0045405341386284,2320,0,1456554446738
production-topology1-1-1456553766,0.9369798684314815,1.007116015675894,2480,0,1456554446738
production-topology3-3-1456553779,1.0731509937778674,1.003577645319168,2120,0,1456554446739
Running observer at: 1456554457346
production-topology2-2-1456553772,1.2057587308738877,1.0067084960148083,1940,0,1456554457894
production-topology4-4-1456553787,0.9123730729318649,1.0033763754665126,2120,0,1456554457894
production-topology1-1-1456553766,0.9311950970377936,1.0028323090513238,2200,0,1456554457895
production-topology3-3-1456553779,0.9811000825816834,1.0031689478491117,2360,0,1456554457895
Running observer at: 1456554468545
production-topology2-2-1456553772,0.8326970652437548,1.0033128799285715,2400,0,1456554469074
production-topology4-4-1456553787,0.9848902590986017,1.0012885810976473,2200,0,1456554469074
production-topology1-1-1456553766,1.0274552314150591,1.0046459656400915,1980,0,1456554469075
production-topology3-3-1456553779,0.9563300142247512,1.0001839091908153,2220,0,1456554469075
Running observer at: 1456554479666
production-topology2-2-1456553772,1.0838224453831369,1.0058980806396354,2300,0,1456554480147
production-topology4-4-1456553787,1.0495966000677006,1.003362634703904,2380,0,1456554480147
production-topology1-1-1456553766,1.1114770275019756,1.0101340457145325,2440,0,1456554480147
production-topology3-3-1456553779,0.993944794479448,0.9999138044525098,2200,0,1456554480148
/var/nimbus/storm/bin/storm rebalance production-topology3 -e spout_head=11
1456554480555
/var/nimbus/storm/bin/storm rebalance production-topology2 -e spout_head=9
Running observer at: 1456554490794
production-topology2-2-1456553772,0.9966278486097703,0.9966278486097703,138500,0,1456554491411
production-topology4-4-1456553787,1.1026229453654648,1.0064536727595113,2080,0,1456554491411
production-topology1-1-1456553766,0.7382361561026596,1.0009493781165424,2220,0,1456554491411
production-topology3-3-1456553779,1.000329079650339,1.000329079650339,137020,0,1456554491411
Running observer at: 1456554502060
production-topology2-2-1456553772,4.375,2.685813924304885,40,0,1456554502565
production-topology4-4-1456553787,0.9221880461885179,1.0041651830725196,2140,0,1456554502565
production-topology1-1-1456553766,1.0934493985010338,0.997809909220082,2200,0,1456554502566
production-topology3-3-1456553779,2.25,1.6251645398251695,0,0,1456554502566
/var/nimbus/storm/bin/storm rebalance production-topology1 -e spout_head=11
1456554502940
/var/nimbus/storm/bin/storm rebalance production-topology4 -e bolt_output_1=9
Running observer at: 1456554513132
production-topology2-2-1456553772,1.0,2.12387594953659,0,0,1456554513611
production-topology4-4-1456553787,1.0016256524810143,1.0016256524810143,139980,0,1456554513611
production-topology1-1-1456553766,1.0000769451653693,1.0000769451653693,145400,0,1456554513611
production-topology3-3-1456553779,2.0,1.7501096932167794,0,0,1456554513611
Running observer at: 1456554518824
production-topology2-2-1456553772,1.0,1.8429069621524425,0,0,1456554519370
production-topology4-4-1456553787,2.0,1.5008128262405072,0,0,1456554519370
production-topology1-1-1456553766,2.9761904761904763,1.9881337106779227,80,0,1456554519370
production-topology3-3-1456553779,2.0,1.8125822699125846,0,0,1456554519370
Running observer at: 1456554519986
production-topology2-2-1456553772,1.0,1.674325569721954,0,0,1456554520568
production-topology4-4-1456553787,2.0,1.6672085508270047,0,0,1456554520568
production-topology1-1-1456553766,1.0,1.658755807118615,0,0,1456554520568
production-topology3-3-1456553779,2.0,1.8500658159300678,0,0,1456554520568
Running observer at: 1456554524262
production-topology2-2-1456553772,1.0,1.5619379747682949,0,0,1456554524876
production-topology4-4-1456553787,2.0,1.7504064131202535,0,0,1456554524876
production-topology1-1-1456553766,1.0,1.4940668553389613,0,0,1456554524876
production-topology3-3-1456553779,0.0013482176562584264,1.541946216217766,123620,0,1456554524876
Running observer at: 1456554535439
production-topology2-2-1456553772,0.2727272727272727,1.3777650173338631,220,0,1456554535925
production-topology4-4-1456553787,2.0,1.8003251304962027,0,0,1456554535925
production-topology1-1-1456553766,1.0,1.395253484271169,0,0,1456554535925
production-topology3-3-1456553779,0.9872475918892009,1.4627035555993995,83940,0,1456554535925
Running observer at: 1456554541488
production-topology2-2-1456553772,1.0755951438821807,1.339993783152403,520,0,1456554542059
production-topology4-4-1456553787,2.0,1.8336042754135022,0,0,1456554542059
production-topology1-1-1456553766,1.0,1.3293779035593076,0,0,1456554542059
production-topology3-3-1456553779,1.0709773471035744,1.4137377795374215,1360,0,1456554542060
Running observer at: 1456554542654
production-topology2-2-1456553772,1.2396214466647901,1.3288413013204459,440,0,1456554543328
production-topology4-4-1456553787,2.0,1.8573750932115733,0,0,1456554543328
production-topology1-1-1456553766,0.0,1.1394667744794065,130880,0,1456554543328
production-topology3-3-1456553779,0.5884375,1.322037748477708,200,0,1456554543328
Running observer at: 1456554546470
production-topology2-2-1456553772,1.121405103259942,1.3080976815143956,660,0,1456554547014
production-topology4-4-1456553787,0.0,1.6252032065601267,0,0,1456554547014
production-topology1-1-1456553766,1.0004610010690076,1.1220910528031065,87400,0,1456554547014
production-topology3-3-1456553779,1.1879715522572663,1.3086311288556638,880,0,1456554547015
Running observer at: 1456554557419
production-topology2-2-1456553772,0.9536318234845613,1.2758735126025924,2040,0,1456554557930
production-topology4-4-1456553787,0.0,1.4446250724978904,0,0,1456554557930
production-topology1-1-1456553766,0.7913500908300161,1.0853420570283188,1860,0,1456554557930
production-topology3-3-1456553779,1.018316472782115,1.2822388873944321,2240,0,1456554557930
Running observer at: 1456554568457
production-topology2-2-1456553772,0.9378520520560168,1.2477050575570445,1720,0,1456554569039
production-topology4-4-1456553787,0.9323998181881064,1.393402547066912,1520,0,1456554569039
production-topology1-1-1456553766,0.9096745227803394,1.0677753036035207,2480,0,1456554569039
production-topology3-3-1456553779,0.9063755083705886,1.250916939142445,2420,0,1456554569040
Running observer at: 1456554579600
production-topology2-2-1456553772,1.1336469829946205,1.2389313595137812,2240,0,1456554580176
production-topology4-4-1456553787,1.029621426850442,1.360331536138142,2180,0,1456554580176
production-topology1-1-1456553766,1.1118748623044725,1.0717843543945165,2260,0,1456554580176
production-topology3-3-1456553779,1.0145738112319478,1.2327366985339454,2640,0,1456554580177
Running observer at: 1456554590652
production-topology2-2-1456553772,0.8204604715672678,1.209040581803316,2100,0,1456554591135
production-topology4-4-1456553787,1.0278041450837743,1.3326209202169446,2200,0,1456554591136
production-topology1-1-1456553766,0.9451620648259303,1.0612324969304676,2500,0,1456554591136
production-topology3-3-1456553779,1.0788048275172686,1.2217415648898968,2240,0,1456554591136
Running observer at: 1456554601642
production-topology2-2-1456553772,1.0123020157622236,1.1959246774005765,1700,0,1456554602199
production-topology4-4-1456553787,1.0410488588589608,1.3101923001124842,2220,0,1456554602199
production-topology1-1-1456553766,1.0113678255688567,1.0573967529795745,2540,0,1456554602199
production-topology3-3-1456553779,0.9367608023398404,1.2027428473865598,2460,0,1456554602199
Running observer at: 1456554612785
production-topology2-2-1456553772,1.0377543747598486,1.186039033485531,2080,0,1456554613335
production-topology4-4-1456553787,1.0168414934453862,1.2892386710648345,2020,0,1456554613335
production-topology1-1-1456553766,0.9535020327197604,1.049975701532445,2260,0,1456554613335
production-topology3-3-1456553779,0.9762351921815985,1.1885861189362497,2300,0,1456554613336
Running observer at: 1456554623836
production-topology2-2-1456553772,0.9879265670654391,1.1743853589902316,1920,0,1456554624319
production-topology4-4-1456553787,0.9381211816519204,1.2658308384373067,2440,0,1456554624320
production-topology1-1-1456553766,1.0785924885496183,1.0518834873335898,2500,0,1456554624320
production-topology3-3-1456553779,1.0320159512062903,1.1793761090697814,2540,0,1456554624320
Running observer at: 1456554634865
production-topology2-2-1456553772,1.0200213927209898,1.1658095830863848,1920,0,1456554635330
production-topology4-4-1456553787,1.0152472942315474,1.2501693669244467,2000,0,1456554635330
production-topology1-1-1456553766,0.9374916290803454,1.044733996192762,2540,0,1456554635330
production-topology3-3-1456553779,0.9915094394925741,1.1689390718710477,2440,0,1456554635330
Running observer at: 1456554645921
production-topology2-2-1456553772,0.9525569874995162,1.1545857622660234,2100,0,1456554646522
production-topology4-4-1456553787,1.0003714607326784,1.235475372442578,2280,0,1456554646523
production-topology1-1-1456553766,1.0168941518272898,1.0430963582889108,2120,0,1456554646523
production-topology3-3-1456553779,0.9674532696990177,1.1583345559672567,2240,0,1456554646523
Running observer at: 1456554657044
production-topology2-2-1456553772,1.1264299446003787,1.1531779713827413,1800,0,1456554657583
production-topology4-4-1456553787,0.9920998071927682,1.2219545077064775,2160,0,1456554657583
production-topology1-1-1456553766,0.9347361393843293,1.0370763461275452,2600,0,1456554657583
production-topology3-3-1456553779,1.0368183471775394,1.1522587455277709,2540,0,1456554657583
Running observer at: 1456554668051
production-topology2-2-1456553772,0.9125981563673607,1.141721789715342,2020,0,1456554668529
production-topology4-4-1456553787,0.9773944805194805,1.2090829273282144,2200,0,1456554668529
production-topology1-1-1456553766,1.030362000093259,1.0367229594941616,2540,0,1456554668529
production-topology3-3-1456553779,0.9519360186827586,1.1427195680589608,2520,0,1456554668529
Running observer at: 1456554678984
production-topology2-2-1456553772,1.1275656561152856,1.1410783290971578,2080,0,1456554679535
production-topology4-4-1456553787,1.0984285845819064,1.203550210190899,2220,0,1456554679535
production-topology1-1-1456553766,0.9858863446838244,1.0341811287536449,2080,0,1456554679536
production-topology3-3-1456553779,1.0518265620389016,1.1385880677853217,2280,0,1456554679536
Running observer at: 1456554690113
production-topology2-2-1456553772,0.8700109000556493,1.1292927887040487,1780,0,1456554690752
production-topology4-4-1456553787,0.9297141674852777,1.1905103986334884,2160,0,1456554690752
production-topology1-1-1456553766,1.0176464757329804,1.0333937643240894,2540,0,1456554690752
production-topology3-3-1456553779,1.0290746710522933,1.133826615753451,2280,0,1456554690752
Running observer at: 1456554701200
production-topology2-2-1456553772,1.0645327701062868,1.1265944545958086,2120,0,1456554701728
production-topology4-4-1456553787,1.046763332000714,1.1839764410592715,2160,0,1456554701728
production-topology1-1-1456553766,1.0516233214855382,1.0342223805587007,2460,0,1456554701728
production-topology3-3-1456553779,0.9607374681794824,1.1266145679378687,2660,0,1456554701728
Running observer at: 1456554712186
production-topology2-2-1456553772,0.976125885703615,1.120575711840121,2060,0,1456554712731
production-topology4-4-1456553787,0.9147545528595546,1.1722711415723273,2320,0,1456554712731
production-topology1-1-1456553766,0.9380431669368958,1.0300406756186222,2300,0,1456554712731
production-topology3-3-1456553779,1.0285142742236415,1.1226905561892997,2260,0,1456554712731
Running observer at: 1456554723358
production-topology2-2-1456553772,0.9716290188256931,1.1148469928780276,1740,0,1456554723974
production-topology4-4-1456553787,1.0918988444279814,1.1689222958579795,2100,0,1456554723974
production-topology1-1-1456553766,1.0235559471587137,1.0297704785994595,2540,0,1456554723974
production-topology3-3-1456553779,1.0641702536437014,1.1204397753221613,2340,0,1456554723974
Running observer at: 1456554734508
production-topology2-2-1456553772,1.114100374213906,1.114819340334912,2120,0,1456554735097
production-topology4-4-1456553787,0.9738550612777592,1.1611196064747709,2260,0,1456554735097
production-topology1-1-1456553766,1.0407274264939326,1.0302087565152385,2440,0,1456554735097
production-topology3-3-1456553779,0.9655229220913111,1.114702114091389,2660,0,1456554735097
Running observer at: 1456554745552
production-topology2-2-1456553772,1.088192493309962,1.1138683815125923,2160,0,1456554746059
production-topology4-4-1456553787,1.027731883494333,1.1559893094370617,2180,0,1456554746059
production-topology1-1-1456553766,1.109223654564842,1.0332477910556077,2280,0,1456554746060
production-topology3-3-1456553779,1.0372178436724113,1.1119348187192828,2280,0,1456554746060
Running observer at: 1456554756636
production-topology2-2-1456553772,0.9057980322141445,1.1066935418816113,1660,0,1456554757259
production-topology4-4-1456553787,1.0012098565005398,1.1502567371060795,2200,0,1456554757259
production-topology1-1-1456553766,0.9608465997825036,1.0305662654529002,2520,0,1456554757259
production-topology3-3-1456553779,0.9834680794073127,1.107504931156801,2400,0,1456554757259
Running observer at: 1456554767824
production-topology2-2-1456553772,0.9784716579390874,1.102419479083527,2160,0,1456554768373
production-topology4-4-1456553787,0.9496274777233928,1.1430914064138407,2200,0,1456554768373
production-topology1-1-1456553766,1.0242234061766298,1.030339734764462,2260,0,1456554768373
production-topology3-3-1456553779,0.9579214200882482,1.1025188141211826,2520,0,1456554768373
Running observer at: 1456554778844
production-topology2-2-1456553772,0.8754285784023641,1.0983795034099468,2040,0,1456554779332
production-topology4-4-1456553787,0.9829940206896116,1.1375708069061086,2280,0,1456554779332
production-topology1-1-1456553766,0.8854673807205453,1.0253441363491544,2560,0,1456554779332
production-topology3-3-1456553779,1.0654491978377862,1.104689484727431,2340,0,1456554779332
Running observer at: 1456554789843
production-topology2-2-1456553772,1.1060764622452084,0.989415385484787,1680,0,1456554790480
production-topology4-4-1456553787,1.026183955586469,1.1338579118621204,2180,0,1456554790480
production-topology1-1-1456553766,1.0444912638351527,1.025982373932021,2520,0,1456554790480
production-topology3-3-1456553779,0.9173588848643438,1.0602681142229091,2420,0,1456554790480
Running observer at: 1456554800934
production-topology2-2-1456553772,1.0333692639866827,0.9905276942843432,2140,0,1456554801553
production-topology4-4-1456553787,0.9977358490566038,1.1337282517479739,2120,0,1456554801553
production-topology1-1-1456553766,0.9673669014430822,1.0248920391412784,2180,0,1456554801553
production-topology3-3-1456553779,0.9715708864190837,1.0259871437702117,2480,0,1456554801553
Running observer at: 1456554812011
production-topology2-2-1456553772,0.8275516610175936,0.9847794163182629,2200,0,1456554812504
production-topology4-4-1456553787,0.9756660516302389,1.0995837868023153,2340,0,1456554812504
production-topology1-1-1456553766,0.9335300847575049,0.9568033594268457,2600,0,1456554812505
production-topology3-3-1456553779,1.0553027432433404,0.9944972352116566,2440,0,1456554812505
Running observer at: 1456554823031
production-topology2-2-1456553772,1.1834751593787738,0.990895254964222,1660,0,1456554823487
production-topology4-4-1456553787,1.0779097350873121,1.0688474446385585,2160,0,1456554823487
production-topology1-1-1456553766,1.147514408849956,0.9617205063885109,2540,0,1456554823488
production-topology3-3-1456553779,0.9938474133009514,0.9609588156550217,2420,0,1456554823488
Running observer at: 1456554834137
production-topology2-2-1456553772,1.045341981881375,0.9924066543602679,2160,0,1456554834771
production-topology4-4-1456553787,1.0062185371736916,1.0357213958776816,2020,0,1456554834771
production-topology1-1-1456553766,0.8415422602089268,0.9564385817288085,2200,0,1456554834771
production-topology3-3-1456553779,0.9963187882916478,0.994124501342868,2320,0,1456554834771
Running observer at: 1456554845222
production-topology2-2-1456553772,0.8536472761366952,1.0117706544739151,2060,0,1456554845709
production-topology4-4-1456553787,0.993888062790439,1.0021843313040297,2420,0,1456554845709
production-topology1-1-1456553766,1.0310544465816567,0.9574737299481968,2540,0,1456554845709
production-topology3-3-1456553779,1.0255129184981988,0.9954000122298345,2500,0,1456554845709
Running observer at: 1456554856218
production-topology2-2-1456553772,1.3022029100006585,1.0193242466778645,1720,0,1456554856707
production-topology4-4-1456553787,0.9954168737983242,0.9686982270973072,2120,0,1456554856707
production-topology1-1-1456553766,0.9870023397385561,0.9570404746061488,2540,0,1456554856707
production-topology3-3-1456553779,1.0321375169967717,0.9941053512262745,2380,0,1456554856707
Running observer at: 1456554867171
production-topology2-2-1456553772,0.8839504483284074,1.0074685467333182,2060,0,1456554867756
production-topology4-4-1456553787,0.9648785519370662,0.9341941788285427,2160,0,1456554867756
production-topology1-1-1456553766,1.0739815608919383,0.9928398599692134,2160,0,1456554867756
production-topology3-3-1456553779,0.930990665934583,1.0055237900907605,2200,0,1456554867756
Running observer at: 1456554878299
production-topology2-2-1456553772,1.0876603272888101,1.0063437208676138,1760,0,1456554878930
production-topology4-4-1456553787,0.9285580671927961,0.9651461144016359,2180,0,1456554878931
production-topology1-1-1456553766,1.0039456128279833,0.9929560136945125,2520,0,1456554878931
production-topology3-3-1456553779,1.0361645388770317,1.0004635563114195,2460,0,1456554878931
Running observer at: 1456554889399
production-topology2-2-1456553772,1.0501267011511557,1.0095602167898337,2180,0,1456554889848
production-topology4-4-1456553787,1.0400376248911036,0.9998140352313393,2240,0,1456554889848
production-topology1-1-1456553766,0.9704779199512327,0.9989269413318864,2660,0,1456554889848
production-topology3-3-1456553779,0.9522569659993754,0.9982615727519948,2720,0,1456554889848
Running observer at: 1456554900333
production-topology2-2-1456553772,0.8954079310295545,1.0081454127556184,2100,0,1456554900893
production-topology4-4-1456553787,1.0133757465032263,1.0025132328418433,2140,0,1456554900893
production-topology1-1-1456553766,1.062772051125655,1.0040301922767303,2080,0,1456554900893
production-topology3-3-1456553779,1.0634685601309277,1.0034980078106728,2140,0,1456554900893
Running observer at: 1456554911365
production-topology2-2-1456553772,1.1749345821679287,1.0095216660613953,1680,0,1456554911986
production-topology4-4-1456553787,0.9644557823129252,1.0003410446905927,2240,0,1456554911987
production-topology1-1-1456553766,1.0526374492924422,1.002055611842996,2540,0,1456554911987
production-topology3-3-1456553779,1.056025676115084,1.0048797366401108,2400,0,1456554911987
Running observer at: 1456554922433
production-topology2-2-1456553772,0.943741596876603,1.0136310369050399,2160,0,1456554923104
production-topology4-4-1456553787,1.1432409768447593,1.0041889390826253,2080,0,1456554923104
production-topology1-1-1456553766,0.8944809951015625,1.0003662428521836,2160,0,1456554923104
production-topology3-3-1456553779,0.955360821238082,1.0007649364308044,2580,0,1456554923105
Running observer at: 1456554933549
production-topology2-2-1456553772,0.9801253762418811,1.0125584822543618,2060,0,1456554934097
production-topology4-4-1456553787,0.9028038406935761,0.9995807718104459,2360,0,1456554934097
production-topology1-1-1456553766,1.0068616835160034,1.0002160381170886,2520,0,1456554934097
production-topology3-3-1456553779,0.9619758615371056,1.0016054384040467,2360,0,1456554934097
Running observer at: 1456554944604
production-topology2-2-1456553772,0.9252981176224516,1.0088099403497819,1840,0,1456554945105
production-topology4-4-1456553787,1.096033747307394,1.0022205136058462,2060,0,1456554945105
production-topology1-1-1456553766,1.0969039757422625,1.0049961028845054,2520,0,1456554945105
production-topology3-3-1456553779,1.0052738310696177,1.0025733930336473,2360,0,1456554945105
Running observer at: 1456554955733
production-topology2-2-1456553772,1.045316050694735,1.0107229231374248,2040,0,1456554956318
production-topology4-4-1456553787,0.988934815352753,1.003914301395874,2160,0,1456554956318
production-topology1-1-1456553766,0.9400978696590649,1.0003796155881537,2260,0,1456554956319
production-topology3-3-1456553779,1.0477483768786622,1.0030978072227263,2580,0,1456554956319
Running observer at: 1456554966794
production-topology2-2-1456553772,1.1186224703748588,1.0140096257258873,2120,0,1456554967285
production-topology4-4-1456553787,1.0051433383001178,1.0035775028648264,2340,0,1456554967285
production-topology1-1-1456553766,1.0249059421635516,1.0032934260242603,2560,0,1456554967285
production-topology3-3-1456553779,0.9295591055519395,1.0010327960913719,2320,0,1456554967285
Running observer at: 1456554977868
production-topology2-2-1456553772,1.0470636354170613,1.0171598473231387,1760,0,1456554978399
production-topology4-4-1456553787,1.0678700072621643,1.0058274544158092,2140,0,1456554978399
production-topology1-1-1456553766,0.9385983339465593,1.000683565428236,2520,0,1456554978399
production-topology3-3-1456553779,1.0052031361368496,1.0022911249726327,2420,0,1456554978399
Running observer at: 1456554989024
production-topology2-2-1456553772,0.8548037500052457,1.0081056408366345,2240,0,1456554989567
production-topology4-4-1456553787,0.8742815691524124,1.001900179814464,2200,0,1456554989568
production-topology1-1-1456553766,1.0555028462998102,1.0047091223254185,2220,0,1456554989568
production-topology3-3-1456553779,1.0514215302346133,1.0027778977412019,2480,0,1456554989568
Running observer at: 1456555000128
production-topology2-2-1456553772,1.0624617710331996,1.0131010946588288,1980,0,1456555000616
production-topology4-4-1456553787,0.9896089891416995,1.0023073301018712,2140,0,1456555000616
production-topology1-1-1456553766,0.8937507659444064,1.000155414520457,2500,0,1456555000616
production-topology3-3-1456553779,1.0339418844561634,1.0055114266003153,2340,0,1456555000616
Running observer at: 1456555011145
production-topology2-2-1456553772,0.9128383007962921,1.0059435161481958,1700,0,1456555011736
production-topology4-4-1456553787,1.070795547608865,1.0013862288694366,2320,0,1456555011736
production-topology1-1-1456553766,1.1029519617666654,1.004057601756552,2580,0,1456555011736
production-topology3-3-1456553779,0.9545330570210848,1.002268309766388,2420,0,1456555011736
Running observer at: 1456555022295
production-topology2-2-1456553772,1.0499898261062404,1.0119428136832156,2240,0,1456555022909
production-topology4-4-1456553787,1.025431837949685,1.0045768178849168,2060,0,1456555022910
production-topology1-1-1456553766,1.1189949337712957,1.0074358836911623,2060,0,1456555022910
production-topology3-3-1456553779,1.0717564788846126,1.003691036694132,2440,0,1456555022910
Running observer at: 1456555033482
production-topology2-2-1456553772,1.114004911653468,1.0135918850681216,1840,0,1456555033995
production-topology4-4-1456553787,1.0575895976839376,1.004937693407691,2160,0,1456555033995
production-topology1-1-1456553766,0.9245165987952715,1.0031989929348202,2600,0,1456555033995
production-topology3-3-1456553779,0.9608277285067873,1.003694045371709,2500,0,1456555033995
Running observer at: 1456555044563
production-topology2-2-1456553772,0.9263731344354951,1.011933460025851,2000,0,1456555045069
production-topology4-4-1456553787,0.9228078886769795,1.0052061379349384,2420,0,1456555045069
production-topology1-1-1456553766,0.8859634874637289,1.0014630036190482,2560,0,1456555045069
production-topology3-3-1456553779,1.0103466076284773,1.0030884564852032,2360,0,1456555045069
Running observer at: 1456555055631
production-topology2-2-1456553772,1.054022148721068,1.01467989768903,2080,0,1456555056236
production-topology4-4-1456553787,0.9681544418290617,1.0010813245149746,2040,0,1456555056236
production-topology1-1-1456553766,1.1207824499566166,1.0047038870456446,2280,0,1456555056236
production-topology3-3-1456553779,0.9469864946583351,0.9991823311856912,2420,0,1456555056236
Running observer at: 1456555066764
production-topology2-2-1456553772,0.8927307211972098,1.0073009092551402,1920,0,1456555067338
production-topology4-4-1456553787,0.9969989214910973,1.0018527865220859,2180,0,1456555067338
production-topology1-1-1456553766,1.038762598939465,1.0046383927938292,2380,0,1456555067338
production-topology3-3-1456553779,1.005183645462177,1.0005043552980533,2400,0,1456555067338
Running observer at: 1456555077880
production-topology2-2-1456553772,0.937741935483871,1.002285890660937,1900,0,1456555078363
production-topology4-4-1456553787,1.05847058785265,1.0028774100006965,2420,0,1456555078363
production-topology1-1-1456553766,0.9701346257779544,1.0000020918342662,2660,0,1456555078363
production-topology3-3-1456553779,1.001914045282636,0.9993275620183942,2500,0,1456555078363
Running observer at: 1456555088904
production-topology2-2-1456553772,1.201387957395051,1.0121388881669673,2020,0,1456555089459
production-topology4-4-1456553787,0.9913100218886253,1.0025474155136327,2020,0,1456555089460
production-topology1-1-1456553766,1.0843755636724388,1.0041197239639308,2240,0,1456555089460
production-topology3-3-1456553779,0.9683211361775088,0.9988226639107342,2400,0,1456555089460
Running observer at: 1456555100028
production-topology2-2-1456553772,0.958800961978928,1.0114831983016288,2000,0,1456555100630
production-topology4-4-1456553787,1.0035956890353808,1.0043463558906989,2200,0,1456555100630
production-topology1-1-1456553766,0.8532917240724025,0.9984220012271232,2380,0,1456555100630
production-topology3-3-1456553779,1.0309983305492425,1.0012585609261004,2320,0,1456555100630
Running observer at: 1456555111176
production-topology2-2-1456553772,0.8714180962427207,1.011349515562974,1860,0,1456555111670
production-topology4-4-1456553787,0.9142122873444369,1.0020536314458597,2420,0,1456555111670
production-topology1-1-1456553766,1.0947290375950438,1.0053973897896067,2680,0,1456555111670
production-topology3-3-1456553779,0.9920437462667372,0.9988117125403988,2620,0,1456555111671
Running observer at: 1456555122110
production-topology2-2-1456553772,1.12988518279733,1.0121431395813782,2080,0,1456555122660
production-topology4-4-1456553787,1.0629297693920337,1.0032784919060453,2000,0,1456555122661
production-topology1-1-1456553766,0.9931157268942062,1.0036848718915747,2240,0,1456555122661
production-topology3-3-1456553779,1.0503011348907894,1.0032431208746138,2140,0,1456555122661
Running observer at: 1456555133343
production-topology2-2-1456553772,1.1350605109816223,1.015532847814543,1940,0,1456555133931
production-topology4-4-1456553787,1.0021455007637914,1.0034254802962848,2160,0,1456555133931
production-topology1-1-1456553766,0.9487789663231522,1.003065274054244,2400,0,1456555133931
production-topology3-3-1456553779,0.9548270164005881,1.0026849918739973,2480,0,1456555133931
Running observer at: 1456555144408
production-topology2-2-1456553772,0.9789096793967395,1.0205781150938475,1960,0,1456555144907
production-topology4-4-1456553787,0.9919092228393613,1.0039669193365888,2300,0,1456555144907
production-topology1-1-1456553766,1.0002037807678514,1.0052877305879224,2580,0,1456555144907
production-topology3-3-1456553779,0.9984410482554699,1.0007896020410683,2640,0,1456555144907
Running observer at: 1456555155368
production-topology2-2-1456553772,0.9722591626511023,1.013537581869592,2120,0,1456555155949
production-topology4-4-1456553787,1.045628458724495,1.0028908767911617,2140,0,1456555155949
production-topology1-1-1456553766,1.087855728342454,1.003299107904339,2260,0,1456555155949
production-topology3-3-1456553779,1.0224469604180835,1.001742920278306,2260,0,1456555155949
Running observer at: 1456555166401
production-topology2-2-1456553772,0.9919808252011642,1.0117588766469183,1800,0,1456555167060
production-topology4-4-1456553787,0.971902746665832,1.0017470171075662,2180,0,1456555167060
production-topology1-1-1456553766,0.9841461472386351,1.008052570805329,2400,0,1456555167060
production-topology3-3-1456553779,0.9226928374655647,0.9992887219174366,2420,0,1456555167060
Running observer at: 1456555177511
production-topology2-2-1456553772,0.9816442244813032,1.0160254415917385,2040,0,1456555178018
production-topology4-4-1456553787,1.0419812122161833,1.0033501220884244,2220,0,1456555178018
production-topology1-1-1456553766,0.9867513322356684,1.0065758003271295,2520,0,1456555178018
production-topology3-3-1456553779,1.0250275159092932,0.9992725418311397,2500,0,1456555178018
Running observer at: 1456555188589
production-topology2-2-1456553772,1.039290920962015,1.0072617086237836,2060,0,1456555189135
production-topology4-4-1456553787,1.0032467345006153,1.0036111174451674,2240,0,1456555189135
production-topology1-1-1456553766,1.045250286075549,1.0085173985383626,2400,0,1456555189136
production-topology3-3-1456553779,1.0291722437642616,0.9991736993900561,2320,0,1456555189136
Running observer at: 1456555199689
production-topology2-2-1456553772,1.007134252510528,1.0113678354298545,1820,0,1456555200253
production-topology4-4-1456553787,1.0539369399036662,1.0065797303773876,2140,0,1456555200253
production-topology1-1-1456553766,0.8879962190323708,1.0023178871430436,2440,0,1456555200253
production-topology3-3-1456553779,0.9916429890825273,1.0011954434949877,2460,0,1456555200253
Running observer at: 1456555210858
production-topology2-2-1456553772,0.8762785179702219,1.0043217751192348,2100,0,1456555211487
production-topology4-4-1456553787,0.9740238794221538,1.0080952574516995,2160,0,1456555211488
production-topology1-1-1456553766,1.1124495162368824,1.0059346839233403,2480,0,1456555211488
production-topology3-3-1456553779,0.971749573785432,0.9990482779919343,2520,0,1456555211488
Running observer at: 1456555221948
production-topology2-2-1456553772,1.1444212437605013,1.0074649265395463,1980,0,1456555222480
production-topology4-4-1456553787,1.0208213770570576,1.0074547158572313,2320,0,1456555222480
production-topology1-1-1456553766,0.9254431121506179,1.0044335236633197,2380,0,1456555222480
production-topology3-3-1456553779,0.979685600555545,0.999962565810473,2360,0,1456555222481
Running observer at: 1456555233004
production-topology2-2-1456553772,0.9573579221435278,1.0095299262433455,1900,0,1456555233595
production-topology4-4-1456553787,0.9890200881321887,1.0066428605781967,2160,0,1456555233595
production-topology1-1-1456553766,1.0542073705092814,1.0041480343094407,2320,0,1456555233595
production-topology3-3-1456553779,1.1190207577696847,1.0018143057317652,2340,0,1456555233595
Running observer at: 1456555244120
production-topology2-2-1456553772,1.1332154781316206,1.0081392894421353,2060,0,1456555244646
production-topology4-4-1456553787,0.9822598090305747,1.0072363281354517,2180,0,1456555244646
production-topology1-1-1456553766,0.8704633038308133,0.9980755627940531,2620,0,1456555244646
production-topology3-3-1456553779,0.9809029761109656,0.9993102157316279,2560,0,1456555244646
Running observer at: 1456555255122
production-topology2-2-1456553772,0.9620832585201291,1.008750678163586,1980,0,1456555255585
production-topology4-4-1456553787,1.057189823743434,1.0043679563654073,2260,0,1456555255585
production-topology1-1-1456553766,1.0174989971465525,1.0021761628622194,2340,0,1456555255585
production-topology3-3-1456553779,1.0256968460984461,1.00165474989364,2280,0,1456555255586
Running observer at: 1456555266153
production-topology2-2-1456553772,0.925603392041748,1.0069332786902483,1920,0,1456555266626
production-topology4-4-1456553787,0.9283423436905229,1.005219239798639,2240,0,1456555266626
production-topology1-1-1456553766,1.03883437146149,1.003241919127069,2360,0,1456555266626
production-topology3-3-1456553779,0.941229181186541,1.0009631938819543,2500,0,1456555266626
Running observer at: 1456555277280
production-topology2-2-1456553772,1.0479195613256937,1.0110206601470229,2060,0,1456555277751
production-topology4-4-1456553787,1.0159586419940787,1.0025500696215286,2080,0,1456555277751
production-topology1-1-1456553766,1.0134094350611529,1.000458767771032,2480,0,1456555277751
production-topology3-3-1456553779,0.9900367852858856,1.0004552923558299,2460,0,1456555277752
Running observer at: 1456555288359
production-topology2-2-1456553772,1.0619498646453873,1.011575120612045,1980,0,1456555288879
production-topology4-4-1456553787,1.0582782557322372,1.004861517634178,2240,0,1456555288879
production-topology1-1-1456553766,1.053530297693337,1.0042398487055075,2340,0,1456555288879
production-topology3-3-1456553779,1.032462627616325,0.9999457673804187,2420,0,1456555288879
Running observer at: 1456555299372
production-topology2-2-1456553772,0.9905049326431604,1.007304536020988,1920,0,1456555299843
production-topology4-4-1456553787,0.9042940805198305,1.0014998757081683,2340,0,1456555299843
production-topology1-1-1456553766,1.0638719154722565,1.0055387144824646,2480,0,1456555299843
production-topology3-3-1456553779,0.9414499339106779,1.0003421283257101,2440,0,1456555299843
Running observer at: 1456555310320
production-topology2-2-1456553772,0.9981591138705709,1.0056743853027716,1960,0,1456555310865
production-topology4-4-1456553787,1.046221565934066,1.0007782609972318,2000,0,1456555310866
production-topology1-1-1456553766,0.9655994900691462,1.0064387530198842,2240,0,1456555310866
production-topology3-3-1456553779,1.087378212347218,1.0030812975327223,2180,0,1456555310866
Running observer at: 1456555321305
production-topology2-2-1456553772,0.7760688648875275,1.0030498891321813,1980,0,1456555321908
production-topology4-4-1456553787,1.0414896524559119,1.0063518637740152,2120,0,1456555321908
production-topology1-1-1456553766,0.9533675709935997,1.0030342438430102,2420,0,1456555321908
production-topology3-3-1456553779,1.0143999135584665,1.0018472436435173,2380,0,1456555321908
Running observer at: 1456555332430
production-topology2-2-1456553772,1.078567937438905,1.0035867613457046,1920,0,1456555332997
production-topology4-4-1456553787,0.911211633194392,1.0037386185757715,2320,0,1456555332998
production-topology1-1-1456553766,1.0435300246553998,1.0080268858000434,2520,0,1456555332998
production-topology3-3-1456553779,1.013891090770286,1.0011788838539883,2480,0,1456555332998
Running observer at: 1456555343492
production-topology2-2-1456553772,1.1146705926313822,1.0103145044068742,2060,0,1456555344073
production-topology4-4-1456553787,1.0771037891161925,1.0039488932926823,2140,0,1456555344073
production-topology1-1-1456553766,0.8873244931012569,1.0008393035111962,2360,0,1456555344073
production-topology3-3-1456553779,0.9564748426703835,1.0012436100422983,2440,0,1456555344073
Running observer at: 1456555354547
production-topology2-2-1456553772,1.0514330679479043,1.010362612468263,1940,0,1456555355174
production-topology4-4-1456553787,0.9487520817385987,1.0013929014189795,2260,0,1456555355174
production-topology1-1-1456553766,1.1081936912308703,1.000479262093182,2360,0,1456555355174
production-topology3-3-1456553779,1.0407728837045562,1.0002108235362963,2360,0,1456555355174
Running observer at: 1456555365620
production-topology2-2-1456553772,0.8948767383592927,1.003058340025124,1920,0,1456555366201
production-topology4-4-1456553787,1.0063113615943806,0.999683626882661,2120,0,1456555366201
production-topology1-1-1456553766,1.0369492640604903,1.0042270176020225,2580,0,1456555366201
production-topology3-3-1456553779,0.933177940337417,0.9992891639306507,2540,0,1456555366201
Running observer at: 1456555376654
production-topology2-2-1456553772,1.1163463377318799,1.0093907801350035,2080,0,1456555377274
production-topology4-4-1456553787,1.0500054265348653,1.0039235448112571,2300,0,1456555377274
production-topology1-1-1456553766,1.005004956007783,1.0081950665534911,2300,0,1456555377274
production-topology3-3-1456553779,1.0077500372886412,0.9992026115859894,2340,0,1456555377274
Running observer at: 1456555387737
production-topology2-2-1456553772,0.9583821134073093,1.0062027789578782,1860,0,1456555388247
production-topology4-4-1456553787,1.0018220843117511,1.00504579956068,2120,0,1456555388247
production-topology1-1-1456553766,0.8699716613111682,0.9998347069319763,2420,0,1456555388248
production-topology3-3-1456553779,0.9994676438053097,1.000951983224222,2420,0,1456555388248
Running observer at: 1456555398916
production-topology2-2-1456553772,0.938523120923609,1.0077291922820915,2060,0,1456555399513
production-topology4-4-1456553787,0.9520548745023817,1.0035476646610564,2200,0,1456555399513
production-topology1-1-1456553766,1.040732716650438,0.999900377522342,2500,0,1456555399513
production-topology3-3-1456553779,1.007088285574779,1.0010154712279753,2540,0,1456555399513
Running observer at: 1456555409975
production-topology2-2-1456553772,1.0605499655786452,1.0118227932852506,2020,0,1456555410469
production-topology4-4-1456553787,0.9853671864639961,1.0011108846147678,2240,0,1456555410469
production-topology1-1-1456553766,1.011473340703387,1.001278334686523,2360,0,1456555410469
production-topology3-3-1456553779,1.0127036622355121,1.0013751251264045,2380,0,1456555410469
Running observer at: 1456555421145
production-topology2-2-1456553772,1.0253076387276525,1.005953449329671,1900,0,1456555421718
production-topology4-4-1456553787,0.9803017294850855,1.0007439415346497,2280,0,1456555421718
production-topology1-1-1456553766,1.0309135192538552,0.999496266539237,2400,0,1456555421719
production-topology3-3-1456553779,1.0060080462001142,1.0026313554604915,2400,0,1456555421719
Running observer at: 1456555432256
production-topology2-2-1456553772,0.9882907902218923,1.0069364436044361,2060,0,1456555432853
production-topology4-4-1456553787,1.0934326977465798,1.0037385084916897,2080,0,1456555432853
production-topology1-1-1456553766,1.0463768335677917,1.00593243685575,2540,0,1456555432853
production-topology3-3-1456553779,1.0358673335389426,1.0027936555601482,2540,0,1456555432853
Running observer at: 1456555443324
production-topology2-2-1456553772,0.9856658627932564,1.010744702489454,1960,0,1456555443809
production-topology4-4-1456553787,0.9569066420673735,1.0051616536491208,2380,0,1456555443809
production-topology1-1-1456553766,0.9812718507218094,1.0021505306266423,2420,0,1456555443809
production-topology3-3-1456553779,0.9845240615076015,1.0025429994015103,2260,0,1456555443809
Running observer at: 1456555454434
production-topology2-2-1456553772,0.9341830414756496,1.0042212977787313,1920,0,1456555454939
production-topology4-4-1456553787,1.0298610372421366,1.0040593625774574,2160,0,1456555454940
production-topology1-1-1456553766,1.0898729096989968,1.0053757700534685,2400,0,1456555454940
production-topology3-3-1456553779,0.9431442980698603,0.9989711048408126,2420,0,1456555454940
Running observer at: 1456555465528
production-topology2-2-1456553772,1.0456454725194948,1.0012407964966603,2060,0,1456555465997
production-topology4-4-1456553787,1.0283602513293275,1.004933187596309,2100,0,1456555465997
production-topology1-1-1456553766,0.8016762500990463,1.0004723461793317,2540,0,1456555465998
production-topology3-3-1456553779,1.1075552192526494,1.0040620449358812,2520,0,1456555465998
Running observer at: 1456555476626
production-topology2-2-1456553772,0.9909412404118803,1.0016418485304985,2040,0,1456555477107
production-topology4-4-1456553787,0.9757259528130673,1.004393745262099,2320,0,1456555477108
production-topology1-1-1456553766,1.1471243225404555,1.0053696975717519,2340,0,1456555477108
production-topology3-3-1456553779,1.0169486463911608,1.0046789648737378,2320,0,1456555477108
Running observer at: 1456555487683
production-topology2-2-1456553772,0.8496670640224446,0.9975554452428768,1880,0,1456555488187
production-topology4-4-1456553787,1.0333630665068625,1.0039848988548448,2100,0,1456555488187
production-topology1-1-1456553766,0.9786304247591086,1.0017288541189737,2400,0,1456555488187
production-topology3-3-1456553779,0.9710210833337741,1.0029647689709273,2440,0,1456555488187
Running observer at: 1456555498839
production-topology2-2-1456553772,1.1388707285570774,1.0024517753547404,1980,0,1456555499242
production-topology4-4-1456553787,0.9966359660464702,1.004809339500866,2180,0,1456555499242
production-topology1-1-1456553766,0.9402170372431086,1.000264550452456,2580,0,1456555499242
production-topology3-3-1456553779,0.9960124260499472,1.0054087552570734,2500,0,1456555499243
Running observer at: 1456555509909
production-topology2-2-1456553772,1.0675863497488964,1.0053165128636603,1980,0,1456555510395
production-topology4-4-1456553787,0.9454055936814558,1.001590152216375,2220,0,1456555510395
production-topology1-1-1456553766,1.0343481792779048,1.0018511120205307,2280,0,1456555510395
production-topology3-3-1456553779,1.0368382792560422,1.0058024473686318,2360,0,1456555510395
Running observer at: 1456555521129
production-topology2-2-1456553772,1.0729117266212571,1.0064372063856348,1920,0,1456555521631
production-topology4-4-1456553787,1.0530016667148203,1.0032486499568487,2200,0,1456555521631
production-topology1-1-1456553766,0.945526775531058,0.998526995002381,2420,0,1456555521631
production-topology3-3-1456553779,1.0150812646453344,1.0053327480646677,2420,0,1456555521631
Running observer at: 1456555532230
production-topology2-2-1456553772,0.9196198078147974,1.0035200582291106,2140,0,1456555532721
production-topology4-4-1456553787,1.0079375645441095,1.0017153374448633,2180,0,1456555532722
production-topology1-1-1456553766,1.0037043681506703,1.0023839333063242,2580,0,1456555532722
production-topology3-3-1456553779,1.0009976540767844,1.0056445702311427,2520,0,1456555532722
Running observer at: 1456555543349
production-topology2-2-1456553772,0.9439541441576631,1.0057759124353585,2060,0,1456555543834
production-topology4-4-1456553787,0.9755711127487104,1.001766911889082,2360,0,1456555543834
production-topology1-1-1456553766,1.056216194841986,1.0005094892598279,2360,0,1456555543834
production-topology3-3-1456553779,1.0323721701531006,1.0076653234433985,2360,0,1456555543834
Running observer at: 1456555554447
production-topology2-2-1456553772,0.9002822284483513,0.9976379452582869,1840,0,1456555554973
production-topology4-4-1456553787,0.980570401851673,1.000425212715569,2160,0,1456555554973
production-topology1-1-1456553766,1.0674864429694075,1.0052442669537875,2340,0,1456555554973
production-topology3-3-1456553779,0.9404825725481124,1.0063585558431507,2500,0,1456555554973
Running observer at: 1456555565571
production-topology2-2-1456553772,1.1865385904825654,1.005277300869588,2060,0,1456555566067
production-topology4-4-1456553787,1.0670142714670554,1.0030250188267316,2160,0,1456555566067
production-topology1-1-1456553766,0.8903205610204578,0.9997813733041601,2600,0,1456555566068
production-topology3-3-1456553779,1.028660206022983,1.003346537451594,2420,0,1456555566068
Running observer at: 1456555576750
production-topology2-2-1456553772,1.0013440258052955,1.0008815857920437,2020,0,1456555577241
production-topology4-4-1456553787,0.9671841448282068,1.0025224966866524,2260,0,1456555577241
production-topology1-1-1456553766,1.0547051217409207,1.005922767234497,2360,0,1456555577241
production-topology3-3-1456553779,1.036655603498824,1.0052049583645226,2360,0,1456555577241
Running observer at: 1456555587836
production-topology2-2-1456553772,1.009787326388889,1.0024717213876693,1980,0,1456555588300
production-topology4-4-1456553787,0.9404126582976235,0.9986299245051254,2240,0,1456555588300
production-topology1-1-1456553766,0.9828698927059583,1.004768463753144,2420,0,1456555588300
production-topology3-3-1456553779,0.9064483062248693,1.0012300070354037,2480,0,1456555588300
Running observer at: 1456555598843
production-topology2-2-1456553772,1.0695794479774186,1.0072709232521915,1780,0,1456555599200
production-topology4-4-1456553787,1.0450072805057329,1.002518755732299,2200,0,1456555599200
production-topology1-1-1456553766,1.093854204758169,1.0066024581963666,2260,0,1456555599200
production-topology3-3-1456553779,1.0452753368798464,1.0046982122251802,2320,0,1456555599200
Running observer at: 1456555609551
production-topology2-2-1456553772,0.9501598007833469,1.0040122645674467,1440,0,1456555610072
production-topology4-4-1456553787,0.9719874481779243,1.0010530492717606,1980,0,1456555610072
production-topology1-1-1456553766,0.0,0.9728221436943282,20,0,1456555610072
production-topology3-3-1456553779,1.0110607364983177,1.005399010598928,2300,0,1456555610072
