Running observer at: 1456810834752
production-topology1-1-1456810834,0.0,0.0,0,0,1456810834946
Running observer at: 1456810835130
production-topology1-1-1456810834,0.0,0.0,0,0,1456810835296
Running observer at: 1456810841107
production-topology1-1-1456810834,0.0,0.0,0,0,1456810841471
production-topology2-2-1456810840,0.0,0.0,0,0,1456810841472
Running observer at: 1456810845555
production-topology1-1-1456810834,0.0,0.0,0,0,1456810845983
production-topology2-2-1456810840,0.0,0.0,0,0,1456810845983
Running observer at: 1456810848504
production-topology1-1-1456810834,0.0,0.0,0,0,1456810848968
production-topology3-3-1456810848,0.0,0.0,0,0,1456810848968
production-topology2-2-1456810840,0.0,0.0,0,0,1456810848969
Running observer at: 1456810855295
production-topology1-1-1456810834,0.0,0.0,0,0,1456810855832
production-topology3-3-1456810848,0.0,0.0,0,0,1456810855832
production-topology4-4-1456810855,0.0,0.0,0,0,1456810855832
production-topology2-2-1456810840,0.0,0.0,0,0,1456810855833
Running observer at: 1456810856416
production-topology1-1-1456810834,0.0,0.0,0,0,1456810856943
production-topology3-3-1456810848,0.0,0.0,0,0,1456810856943
production-topology4-4-1456810855,0.0,0.0,0,0,1456810856943
production-topology2-2-1456810840,0.0,0.0,0,0,1456810856944
Running observer at: 1456810867465
production-topology1-1-1456810834,0.0,0.0,0,0,1456810867967
production-topology3-3-1456810848,0.0,0.0,0,0,1456810867968
production-topology4-4-1456810855,0.0,0.0,0,0,1456810867968
production-topology2-2-1456810840,0.0,0.0,0,0,1456810867968
Running observer at: 1456810878412
production-topology1-1-1456810834,0.0,0.0,0,0,1456810878872
production-topology3-3-1456810848,0.0,0.0,0,0,1456810878872
production-topology4-4-1456810855,0.0,0.0,0,0,1456810878873
production-topology2-2-1456810840,0.0,0.0,0,0,1456810878873
Running observer at: 1456810889321
production-topology1-1-1456810834,0.0,0.0,0,0,1456810889721
production-topology3-3-1456810848,0.0,0.0,0,0,1456810889721
production-topology4-4-1456810855,0.0,0.0,0,0,1456810889721
production-topology2-2-1456810840,0.0,0.0,0,0,1456810889722
Running observer at: 1456810900146
production-topology1-1-1456810834,0.0,0.0,0,0,1456810900557
production-topology3-3-1456810848,0.0,0.0,0,0,1456810900558
production-topology4-4-1456810855,0.0,0.0,0,0,1456810900558
production-topology2-2-1456810840,0.0,0.0,0,0,1456810900558
Running observer at: 1456810910978
production-topology1-1-1456810834,0.0,0.0,0,0,1456810911402
production-topology3-3-1456810848,0.0,0.0,0,0,1456810911403
production-topology4-4-1456810855,0.0,0.0,0,0,1456810911403
production-topology2-2-1456810840,0.0,0.0,0,0,1456810911403
Running observer at: 1456810921809
production-topology1-1-1456810834,0.0,0.0,0,0,1456810922217
production-topology3-3-1456810848,0.0,0.0,0,0,1456810922217
production-topology4-4-1456810855,0.0,0.0,0,0,1456810922217
production-topology2-2-1456810840,0.0,0.0,0,0,1456810922218
Running observer at: 1456810932628
production-topology1-1-1456810834,0.0,0.0,0,0,1456810933004
production-topology3-3-1456810848,0.0,0.0,0,0,1456810933005
production-topology4-4-1456810855,0.0,0.0,0,0,1456810933005
production-topology2-2-1456810840,0.0,0.0,0,0,1456810933005
Running observer at: 1456810943410
production-topology1-1-1456810834,0.0,0.0,0,0,1456810943799
production-topology3-3-1456810848,0.0,0.0,0,0,1456810943800
production-topology4-4-1456810855,0.0,0.0,0,0,1456810943800
production-topology2-2-1456810840,0.0,0.0,0,0,1456810943800
Running observer at: 1456810954176
production-topology1-1-1456810834,0.0,0.0,0,0,1456810954546
production-topology3-3-1456810848,0.0,0.0,0,0,1456810954546
production-topology4-4-1456810855,0.0,0.0,0,0,1456810954546
production-topology2-2-1456810840,0.0,0.0,0,0,1456810954547
Running observer at: 1456810964944
production-topology1-1-1456810834,0.0,0.0,0,0,1456810965306
production-topology3-3-1456810848,0.0,0.0,0,0,1456810965306
production-topology4-4-1456810855,0.0,0.0,0,0,1456810965306
production-topology2-2-1456810840,0.0,0.0,0,0,1456810965307
Running observer at: 1456810975770
production-topology1-1-1456810834,0.0,0.0,0,0,1456810976190
production-topology3-3-1456810848,0.0,0.0,0,0,1456810976190
production-topology4-4-1456810855,0.0,0.0,0,0,1456810976191
production-topology2-2-1456810840,0.0,0.0,0,0,1456810976191
Running observer at: 1456810986651
production-topology1-1-1456810834,0.0,0.0,0,0,1456810987106
production-topology3-3-1456810848,0.7036587210245968,0.04691058140163979,820,920,1456810987106
production-topology4-4-1456810855,0.9025049354348036,0.06446463824534311,1200,1940,1456810987106
production-topology2-2-1456810840,0.0,0.0,0,0,1456810987107
Running observer at: 1456810997512
production-topology1-1-1456810834,0.0,0.0,0,0,1456810998018
production-topology3-3-1456810848,0.5051861037376489,0.07555280154764035,1920,1900,1456810998019
production-topology4-4-1456810855,0.9696350936376235,0.12480933527149514,2360,4440,1456810998019
production-topology2-2-1456810840,0.0,0.0,0,0,1456810998019
Running observer at: 1456811008427
production-topology1-1-1456810834,0.0,0.0,0,0,1456811008807
production-topology3-3-1456810848,0.5112627276105537,0.10118279719839995,1500,1360,1456811008807
production-topology4-4-1456810855,1.0307109971322048,0.1814281891377895,1960,3340,1456811008808
production-topology2-2-1456810840,0.0,0.0,0,0,1456811008808
Running observer at: 1456811019279
production-topology1-1-1456810834,0.0,0.0,0,0,1456811019731
production-topology3-3-1456810848,0.5541175558312655,0.12634583934467025,1860,1940,1456811019731
production-topology4-4-1456810855,1.0450172580485972,0.2322275461325429,2220,4200,1456811019732
production-topology2-2-1456810840,0.0,0.0,0,0,1456811019732
Running observer at: 1456811030168
production-topology1-1-1456810834,0.0,0.0,0,0,1456811030645
production-topology3-3-1456810848,0.5514151342814835,0.14871790749923938,1720,1660,1456811030645
production-topology4-4-1456810855,0.9793260246641273,0.2737330171620754,2060,3720,1456811030645
production-topology2-2-1456810840,0.0,0.0,0,0,1456811030645
Running observer at: 1456811041077
production-topology1-1-1456810834,0.0,0.0,0,0,1456811041568
production-topology3-3-1456810848,0.5958474102065232,0.17107438263460356,1640,1700,1456811041569
production-topology4-4-1456810855,1.00499583396596,0.312220533835964,2220,3920,1456811041569
production-topology2-2-1456810840,0.0,0.0,0,0,1456811041569
Running observer at: 1456811051990
production-topology1-1-1456810834,0.0,0.0,0,0,1456811052447
production-topology3-3-1456810848,0.5509759526884741,0.18916493358954978,1940,1820,1456811052447
production-topology4-4-1456810855,1.0331410825199645,0.34826656127016403,2420,4280,1456811052448
production-topology2-2-1456810840,0.0,0.0,0,0,1456811052448
Running observer at: 1456811062884
production-topology1-1-1456810834,0.0,0.0,0,0,1456811063340
production-topology3-3-1456810848,0.5373123717043862,0.20498981714022416,1520,1460,1456811063341
production-topology4-4-1456810855,0.9379361798032235,0.37634606691459543,2000,3500,1456811063341
production-topology2-2-1456810840,0.0,0.0,0,0,1456811063341
Running observer at: 1456811073955
production-topology1-1-1456810834,0.0,0.0,0,0,1456811074399
production-topology3-3-1456810848,0.5582113204901864,0.22034727380761382,1920,1880,1456811074400
production-topology4-4-1456810855,0.9873365144114195,0.4041183599826329,2160,4060,1456811074400
production-topology2-2-1456810840,0.0,0.0,0,0,1456811074400
Running observer at: 1456811084839
production-topology1-1-1456810834,0.0,0.0,0,0,1456811085291
production-topology3-3-1456810848,0.49515631684102046,0.23179765060067245,1600,1580,1456811085291
production-topology4-4-1456810855,1.019541968159139,0.4308759081642201,2020,3600,1456811085292
production-topology2-2-1456810840,0.0,0.0,0,0,1456811085292
Running observer at: 1456811095705
production-topology1-1-1456810834,0.0,0.0,0,0,1456811096236
production-topology3-3-1456810848,0.7325150849693325,0.2518263479754188,1880,2340,1456811096236
production-topology4-4-1456810855,0.9842930563824742,0.4539349560066474,2240,4040,1456811096236
production-topology2-2-1456810840,0.0,0.0,0,0,1456811096237
Running observer at: 1456811106711
production-topology1-1-1456810834,1.1734232581921653,0.03911410860640551,1020,620,1456811107274
production-topology3-3-1456810848,1.0051985531375536,0.2808022020201163,2440,4340,1456811107274
production-topology4-4-1456810855,1.0299520435514435,0.47697563950843924,2400,4380,1456811107275
production-topology2-2-1456810840,0.9189978285969505,0.03282135102131966,1100,640,1456811107275
Running observer at: 1456811117791
production-topology1-1-1456810834,0.9379457256645363,0.07037896612855672,2440,1540,1456811118466
production-topology3-3-1456810848,1.1230810477265902,0.3119977148240598,1820,3580,1456811118466
production-topology4-4-1456810855,1.0338731074555587,0.49839477289102074,1960,3420,1456811118467
production-topology2-2-1456810840,1.0214499784904045,0.06691199334783983,2360,1540,1456811118467
Running observer at: 1456811128994
production-topology1-1-1456810834,0.9838709677419355,0.1031746650532879,1940,1280,1456811129606
production-topology3-3-1456810848,0.9370891076094604,0.3343224074235384,2340,4020,1456811129606
production-topology4-4-1456810855,0.9508167438344932,0.5151511421852234,2260,4100,1456811129606
production-topology2-2-1456810840,1.0253372977026636,0.09885950349300063,1940,1200,1456811129606
Running observer at: 1456811140120
production-topology1-1-1456810834,1.017616345282249,0.13709520989602952,2300,1460,1456811140639
production-topology3-3-1456810848,1.0270223503938969,0.35820861235355084,2400,4360,1456811140640
production-topology4-4-1456810855,1.0615691036161217,0.534666069379184,2360,4320,1456811140640
production-topology2-2-1456810840,1.0329181395984182,0.13329010814628123,2240,1480,1456811140640
Running observer at: 1456811151207
production-topology1-1-1456810834,0.9043921652262867,0.1672416154035724,2440,1520,1456811151848
production-topology3-3-1456810848,0.9163459814197787,0.3768131913224251,1920,3500,1456811151848
production-topology4-4-1456810855,0.9131162997002258,0.547716077321289,1940,3500,1456811151848
production-topology2-2-1456810840,0.9403024991494362,0.16463352478459575,2600,1560,1456811151849
Running observer at: 1456811162344
production-topology1-1-1456810834,1.1272890666898583,0.2048179176265677,1860,1240,1456811163017
production-topology3-3-1456810848,1.0544654057014982,0.4119620381791417,2320,4100,1456811163018
production-topology4-4-1456810855,1.0666066260037923,0.565012428944039,2340,4140,1456811163018
production-topology2-2-1456810840,1.0773715212211452,0.20054590882530063,1840,1200,1456811163018
Running observer at: 1456811173456
production-topology1-1-1456810834,1.0115139997266342,0.23853505095078884,2400,1480,1456811173987
production-topology3-3-1456810848,1.0417156397992025,0.4466858928391151,2380,4340,1456811173988
production-topology4-4-1456810855,0.9590331959235823,0.5969802021414917,2400,4300,1456811173988
production-topology2-2-1456810840,0.9308302903861613,0.231573585171506,2300,1540,1456811173988
Running observer at: 1456811184489
production-topology1-1-1456810834,1.061587941284156,0.27392131566026073,2400,1520,1456811185156
production-topology3-3-1456810848,0.8739292441345543,0.47581686764360026,2060,3460,1456811185156
production-topology4-4-1456810855,0.9812326690206874,0.6296879577755147,1980,3500,1456811185157
production-topology2-2-1456810840,1.0127687438611808,0.26533254330021205,2380,1420,1456811185157
Running observer at: 1456811195638
production-topology1-1-1456810834,0.8733680086795591,0.303033582616246,1800,1160,1456811196251
production-topology3-3-1456810848,1.051911962842468,0.5108805997383492,2180,4060,1456811196251
production-topology4-4-1456810855,0.9223000496783778,0.660431292764794,2240,4120,1456811196252
production-topology2-2-1456810840,0.9099254159495122,0.2956633904985291,1920,1240,1456811196252
Running observer at: 1456811206890
production-topology1-1-1456810834,1.0282769452260976,0.3373094807904493,2360,1580,1456811207413
production-topology3-3-1456810848,0.9794979487434381,0.5435305313631305,2360,4340,1456811207414
production-topology4-4-1456810855,1.064585733560106,0.6959174838834642,2360,4360,1456811207414
production-topology2-2-1456810840,1.0935570883316441,0.33211529344291724,2320,1460,1456811207414
Running observer at: 1456811217968
production-topology1-1-1456810834,1.1492060568090536,0.37561634935075106,2320,1600,1456811218613
production-topology3-3-1456810848,1.0452432315345161,0.5783719724142811,1940,3440,1456811218613
production-topology4-4-1456810855,0.9727695632705157,0.7283431359924813,1980,3340,1456811218613
production-topology2-2-1456810840,1.0602496781788917,0.3674569493822136,2380,1520,1456811218614
Running observer at: 1456811229125
production-topology1-1-1456810834,0.9887149107337536,0.40857351304187617,1960,1200,1456811229767
production-topology3-3-1456810848,1.0284057971014493,0.612652165650996,2300,4200,1456811229768
production-topology4-4-1456810855,1.1359591287017796,0.7662084402825406,2220,4260,1456811229768
production-topology2-2-1456810840,0.9059579374391585,0.39765554729685226,1960,1260,1456811229768
Running observer at: 1456811240326
production-topology1-1-1456810834,0.88129265221809,0.4379499347824792,2360,1520,1456811240853
production-topology3-3-1456810848,1.0162988636571408,0.6465287944395673,2400,4360,1456811240853
production-topology4-4-1456810855,0.9609848425797525,0.7982412683685324,2460,4360,1456811240853
production-topology2-2-1456810840,0.9840549612266696,0.43045737933774125,2300,1500,1456811240853
Running observer at: 1456811251359
production-topology1-1-1456810834,1.0889949179280323,0.47424976538008023,2400,1500,1456811251995
production-topology3-3-1456810848,0.9414091043485895,0.6779090979178537,2060,3600,1456811251995
production-topology4-4-1456810855,1.009138303143953,0.8318792118066641,1960,3400,1456811251995
production-topology2-2-1456810840,0.9892269921875,0.46343161241065794,2400,1460,1456811251996
Running observer at: 1456811262483
production-topology1-1-1456810834,0.9455382167905408,0.5057677059397648,1960,1240,1456811263137
production-topology3-3-1456810848,1.0704140995938318,0.7135895679043148,2200,3960,1456811263137
production-topology4-4-1456810855,0.990436625342344,0.8648937659847423,2240,4120,1456811263138
production-topology2-2-1456810840,1.0218087681932022,0.49749190468376464,1840,1220,1456811263138
Running observer at: 1456811273627
production-topology1-1-1456810834,0.9469583852758671,0.5373329854489605,2320,1420,1456811274048
production-topology3-3-1456810848,0.9762115314095512,0.7461299522846332,2340,4280,1456811274048
production-topology4-4-1456810855,1.017323487399245,0.8988045488980505,2400,4440,1456811274048
production-topology2-2-1456810840,1.173268862796779,0.5366008667769907,2360,1460,1456811274048
Running observer at: 1456811284443
production-topology1-1-1456810834,0.991149948240815,0.5703713170569876,2320,1520,1456811285081
production-topology3-3-1456810848,1.0321209852511792,0.7805339851263392,1900,3520,1456811285081
production-topology4-4-1456810855,0.9512804439303411,0.9305138970290618,2000,3380,1456811285082
production-topology2-2-1456810840,1.0324822846561976,0.5710169429321972,740,520,1456811285082
Running observer at: 1456811295655
production-topology1-1-1456810834,1.1474974386217889,0.6086212316777139,1920,1260,1456811296263
production-topology3-3-1456810848,0.9489109125838997,0.8121643488791359,2400,4080,1456811296263
production-topology4-4-1456810855,0.9657734974257837,0.9627063469432546,2200,4080,1456811296263
production-topology2-2-1456810840,1.0,0.6043502762655305,0,0,1456811296263
Running observer at: 1456811305649
production-topology1-1-1456810834,0.9164337883141762,0.6391690246215197,2240,1420,1456811306204
production-topology3-3-1456810848,0.980700169976106,0.8448543545450061,1840,3440,1456811306204
production-topology4-4-1456810855,1.0639891883171708,0.9981726532204935,1960,3560,1456811306204
production-topology2-2-1456810840,1.0,0.6376836095988639,0,0,1456811306205
Running observer at: 1456811306869
production-topology1-1-1456810834,1.0,0.672502357954853,0,0,1456811307341
production-topology3-3-1456810848,0.8964646464646465,0.8512812187263409,540,900,1456811307341
production-topology4-4-1456810855,0.7548760418325635,0.9932516901004188,520,800,1456811307341
production-topology2-2-1456810840,0.0,0.6376836095988639,3480,2220,1456811307342
Running observer at: 1456811317728
production-topology1-1-1456810834,1.078877252790296,0.7084649330478628,2420,1580,1456811318282
production-topology3-3-1456810848,1.1665617228658376,0.8733270726972805,1900,3560,1456811318282
production-topology4-4-1456810855,1.0570259274787746,0.996164717895124,1940,3500,1456811318282
production-topology2-2-1456810840,0.0,0.6376836095988639,3480,2220,1456811318282
Running observer at: 1456811328883
production-topology1-1-1456810834,0.9791769123416447,0.741104163459251,1860,1140,1456811329480
production-topology3-3-1456810848,0.9541573958073712,0.8880902283038412,2240,4180,1456811329480
production-topology4-4-1456810855,1.0199491828144074,0.9958059907511975,2240,4080,1456811329480
production-topology2-2-1456810840,1.0409393663875077,0.6723815884784475,1480,740,1456811329480
Running observer at: 1456811340052
production-topology1-1-1456810834,0.9192359578438111,0.7717453620540446,2400,1440,1456811340552
production-topology3-3-1456810848,0.9715177457200799,0.9020035679668015,2460,4380,1456811340552
production-topology4-4-1456810855,0.999881141585687,0.9943014535357672,2420,4320,1456811340552
production-topology2-2-1456810840,0.985211033565969,0.7052219562639798,1800,1240,1456811340552
Running observer at: 1456811351132
production-topology1-1-1456810834,1.1476087611386239,0.8099989874253322,2380,1620,1456811351741
production-topology3-3-1456810848,1.03074217663213,0.9179811360451564,1920,3380,1456811351741
production-topology4-4-1456810855,0.9869174937727261,0.9945545025060536,1940,3480,1456811351741
production-topology2-2-1456810840,0.9975545704307225,0.7384737752783371,2480,1540,1456811351741
Running observer at: 1456811362388
production-topology1-1-1456810834,0.8727517780874063,0.8390907133615789,1960,1200,1456811362940
production-topology3-3-1456810848,0.9093404401987217,0.928430903711563,2320,4160,1456811362940
production-topology4-4-1456810855,1.0043097643097645,0.9945316335175138,2200,4100,1456811362940
production-topology2-2-1456810840,1.0043194502717416,0.7719510902873952,2420,1500,1456811362941
Running observer at: 1456811373430
production-topology1-1-1456810834,0.9571493462008163,0.8709956915682728,2280,1500,1456811373979
production-topology3-3-1456810848,1.0605573032911308,0.9454169487316515,2360,4260,1456811373979
production-topology4-4-1456810855,0.9870667337366201,0.9929958218914023,2460,4400,1456811373979
production-topology2-2-1456810840,0.9753424657534246,0.8044625058125093,1680,1120,1456811373980
Running observer at: 1456811384507
production-topology1-1-1456810834,1.0332955760944889,0.905438877438089,2300,1500,1456811385091
production-topology3-3-1456810848,1.0655236705098803,0.9630239920251681,1880,3460,1456811385091
production-topology4-4-1456810855,0.9947495222278637,0.9948895999722237,1920,3520,1456811385091
production-topology2-2-1456810840,1.0345632555572222,0.8389479476644168,2460,1580,1456811385092
Running observer at: 1456811395708
production-topology1-1-1456810834,1.0076116467198584,0.939025932328751,2000,1300,1456811396246
production-topology3-3-1456810848,1.016701615408512,0.9783070018557789,2320,4180,1456811396246
production-topology4-4-1456810855,1.0115879804971486,0.9956979821750812,2280,4060,1456811396246
production-topology2-2-1456810840,0.9116004796580334,0.8693346303196846,2460,1520,1456811396246
Running observer at: 1456811406836
production-topology1-1-1456810834,1.1507881830400455,0.9773855384300859,2220,1480,1456811407393
production-topology3-3-1456810848,0.9714484582875886,0.9941834065706646,2440,4300,1456811407393
production-topology4-4-1456810855,1.001283697047497,0.9950893731380266,2460,4380,1456811407394
production-topology2-2-1456810840,1.1718548052726585,0.9083964571621066,1760,1180,1456811407394
Running observer at: 1456811417955
production-topology1-1-1456810834,0.8836188035053685,1.0068394985469316,2480,1480,1456811418531
production-topology3-3-1456810848,0.9710457942534516,1.0021344302134685,2000,3700,1456811418531
production-topology4-4-1456810855,1.022862585872779,0.9963750241210366,1880,3440,1456811418531
production-topology2-2-1456810840,0.9146007176111882,0.9388831477491462,2440,1500,1456811418532
Running observer at: 1456811429088
production-topology1-1-1456810834,1.0053999500430808,1.001238721608629,1880,1220,1456811429658
production-topology3-3-1456810848,0.9682562104202159,1.0009030187895571,2140,3880,1456811429658
production-topology4-4-1456810855,0.9887933322715932,0.995003067078375,2300,4020,1456811429658
production-topology2-2-1456810840,1.0457095750776215,0.9431068726318351,2380,1500,1456811429658
Running observer at: 1456811440258
production-topology1-1-1456810834,0.9972953644378272,1.0032170429010718,2300,1540,1456811440777
production-topology3-3-1456810848,1.1259778711000625,1.0009995795686728,2400,4360,1456811440777
production-topology4-4-1456810855,1.0140558422915893,0.9943424915729094,2340,4420,1456811440778
production-topology2-2-1456810840,1.0772222133576212,0.9449659471274091,1860,1200,1456811440778
Running observer at: 1456811451336
production-topology1-1-1456810834,1.0793356916726793,1.00639920036543,2400,1460,1456811451873
production-topology3-3-1456810848,0.9454996578403441,1.0012799312430356,2100,3580,1456811451874
production-topology4-4-1456810855,1.0265594116161245,0.9968672471656304,1980,3440,1456811451874
production-topology2-2-1456810840,0.8661265533597726,0.9396589223159795,2420,1500,1456811451874
Running observer at: 1456811462393
production-topology1-1-1456810834,0.9165105810353065,1.0030290082238653,1920,1280,1456811462951
production-topology3-3-1456810848,0.8966293376479855,0.9969334974848388,2180,3880,1456811462951
production-topology4-4-1456810855,1.004049137817585,0.9949499149723458,2280,4100,1456811462951
production-topology2-2-1456810840,1.09814584728526,0.941833179238874,2360,1520,1456811462951
/var/nimbus/storm/bin/storm rebalance production-topology3 -e spout_head=11
1456811463310
/var/nimbus/storm/bin/storm rebalance production-topology4 -e bolt_output_1=9
Running observer at: 1456811473503
production-topology1-1-1456810834,0.9356247726997213,1.0040700951396464,2320,1400,1456811473980
production-topology3-3-1456810848,0.9152359469184785,0.9152359469184785,93460,154020,1456811473980
production-topology4-4-1456810855,0.9995668269191508,0.9995668269191508,98000,176520,1456811473981
production-topology2-2-1456810840,0.9309301898346601,0.9415207689283814,1840,1160,1456811473981
Running observer at: 1456811484573
production-topology1-1-1456810834,1.0548507193812602,1.0016554835626932,2380,1520,1456811485176
production-topology3-3-1456810848,4.25,2.5826179734592394,0,180,1456811485176
production-topology4-4-1456810855,0.3333333333333333,0.6664500801262421,20,60,1456811485177
production-topology2-2-1456810840,1.1858912648938689,0.9451380937174725,2300,1560,1456811485177
Running observer at: 1456811495764
production-topology1-1-1456810834,1.0155817726882628,1.0017910759947477,1860,1180,1456811496305
production-topology3-3-1456810848,2.0,2.3884119823061596,0,0,1456811496306
production-topology4-4-1456810855,2.0,1.1109667200841613,0,0,1456811496306
production-topology2-2-1456810840,0.8271453782653385,0.9416819299801117,2480,1560,1456811496306
Running observer at: 1456811502073
production-topology1-1-1456810834,1.0843194294032708,1.0025487922653846,1480,940,1456811502656
production-topology3-3-1456810848,2.0,2.2913089867296197,0,0,1456811502656
production-topology4-4-1456810855,2.0,1.333225040063121,0,0,1456811502656
production-topology2-2-1456810840,1.091705244812374,0.9443131466784849,1220,720,1456811502656
Running observer at: 1456811503414
production-topology1-1-1456810834,1.190082644628099,1.0131059467970027,220,140,1456811503904
production-topology3-3-1456810848,2.0,2.233047189383696,0,0,1456811503904
production-topology4-4-1456810855,2.0,1.4665800320504967,0,0,1456811503904
production-topology2-2-1456810840,1.0,0.947315632813501,0,0,1456811503904
Running observer at: 1456811506836
production-topology1-1-1456810834,1.6154518558364717,1.0326784438173486,640,400,1456811507238
production-topology3-3-1456810848,0.898066059131104,2.010550334341597,39300,63400,1456811507238
production-topology4-4-1456810855,2.0,1.5554833600420805,0,0,1456811507238
production-topology2-2-1456810840,1.3386727688787188,0.9554861554984035,600,400,1456811507238
Running observer at: 1456811517733
production-topology1-1-1456810834,0.9273151087365141,1.0252820788815975,2400,1540,1456811518258
production-topology3-3-1456810848,0.02762762762762763,1.7272756619538872,740,40,1456811518258
production-topology4-4-1456810855,0.0,1.3332714514646404,180,0,1456811518258
production-topology2-2-1456810840,0.9759898042044896,0.9526774930325901,2380,1560,1456811518259
Running observer at: 1456811528721
production-topology1-1-1456810834,0.8627956989247311,1.0210847718212965,1860,1180,1456811529314
production-topology3-3-1456810848,0.66159130551163,1.594065117398605,1900,2280,1456811529314
production-topology4-4-1456810855,0.9815072821854316,1.2893009303047394,1720,3160,1456811529314
production-topology2-2-1456810840,0.9184840074015332,0.9530950286980028,1920,1220,1456811529314
Running observer at: 1456811539838
production-topology1-1-1456810834,1.040149226148532,1.0263799909523112,2380,1480,1456811540338
production-topology3-3-1456810848,1.0348740006634745,1.5319327710947015,2600,4880,1456811540339
production-topology4-4-1456810855,1.1266179738488873,1.271225046254089,1880,3600,1456811540339
production-topology2-2-1456810840,1.0403974498025175,0.9549731116505309,2300,1420,1456811540339
Running observer at: 1456811550967
production-topology1-1-1456810834,1.1228687131262223,1.027509117458918,2320,1560,1456811551450
production-topology3-3-1456810848,1.0722949676398976,1.4859689907492213,2100,4120,1456811551450
production-topology4-4-1456810855,0.9757749002849002,1.2416800316571703,2440,4360,1456811551450
production-topology2-2-1456810840,1.110338124909349,0.9590101494079258,2420,1560,1456811551451
Running observer at: 1456811562083
production-topology1-1-1456810834,0.8823763026349234,1.0254037203203972,1920,1120,1456811562620
production-topology3-3-1456810848,1.0088672060623776,1.4425961012322355,2640,4860,1456811562620
production-topology4-4-1456810855,0.9975825707570758,1.2194893533935252,1940,3440,1456811562620
production-topology2-2-1456810840,0.8605555134337473,0.9536350409159441,2040,1300,1456811562620
Running observer at: 1456811573173
production-topology1-1-1456810834,0.9887217985073069,1.0267958340947785,2300,1540,1456811573677
production-topology3-3-1456810848,0.9889405731040918,1.4047914738882235,2440,4340,1456811573677
production-topology4-4-1456810855,1.0259454578985578,1.2033606954356113,2320,4160,1456811573677
production-topology2-2-1456810840,1.0872652809862238,0.9507682548555921,2180,1360,1456811573677
Running observer at: 1456811584147
production-topology1-1-1456810834,1.1422788904994408,1.0318334655033994,2480,1540,1456811584675
production-topology3-3-1456810848,1.0987054897520823,1.3812463981854433,2220,4240,1456811584675
production-topology4-4-1456810855,0.9344897107897664,1.1826783120013156,2400,4160,1456811584676
production-topology2-2-1456810840,0.9473779021324192,0.9479314421047995,2400,1440,1456811584676
Running observer at: 1456811595183
production-topology1-1-1456810834,0.8560508432166575,1.0221185789898948,1680,1180,1456811595822
production-topology3-3-1456810848,0.9840449164795563,1.35287486377788,2520,4480,1456811595822
production-topology4-4-1456810855,1.0070701637886224,1.170134872843266,1880,3360,1456811595822
production-topology2-2-1456810840,1.2693419672919863,0.9569095076811991,1900,1340,1456811595822
Running observer at: 1456811606311
production-topology1-1-1456810834,1.0455619895501806,1.0264228523644283,2380,1600,1456811606841
production-topology3-3-1456810848,1.0303747809851456,1.3313748582583644,2280,4080,1456811606841
production-topology4-4-1456810855,0.9735944816337718,1.1570321800959664,2320,4340,1456811606841
production-topology2-2-1456810840,0.9295667861759306,0.9545617338870631,2300,1440,1456811606841
Running observer at: 1456811617315
production-topology1-1-1456810834,1.1148801901789602,1.0302521920370602,2260,1380,1456811617864
production-topology3-3-1456810848,0.9950065347371898,1.310351838038291,2440,4540,1456811617864
production-topology4-4-1456810855,1.1058021123356025,1.1538303008609436,2300,4200,1456811617864
production-topology2-2-1456810840,0.8713281253718164,0.9836060047327904,2320,1520,1456811617864
Running observer at: 1456811628334
production-topology1-1-1456810834,0.9393956015635424,1.0256028036628353,2000,1240,1456811629000
production-topology3-3-1456810848,1.0436474261635786,1.2946633432221315,2580,4560,1456811629000
production-topology4-4-1456810855,0.9874534804364865,1.1440434290712695,1900,3440,1456811629000
production-topology2-2-1456810840,1.095003120205432,1.0201061087396381,1860,1200,1456811629000
Running observer at: 1456811639483
production-topology1-1-1456810834,0.9956377409865045,1.0261514979509974,2500,1580,1456811640019
production-topology3-3-1456810848,0.9582363623011343,1.2759729553931871,2120,3760,1456811640019
production-topology4-4-1456810855,0.9598495784102172,1.133810437367878,2420,4260,1456811640019
production-topology2-2-1456810840,0.9950275829777273,1.0185757159593125,2420,1560,1456811640019
Running observer at: 1456811650491
production-topology1-1-1456810834,0.96045655752698,1.0275255179404363,2100,1360,1456811651036
production-topology3-3-1456810848,0.9777040574792469,1.2602745923450849,2700,4760,1456811651036
production-topology4-4-1456810855,1.0514672312068725,1.1294765844120354,2240,4180,1456811651036
production-topology2-2-1456810840,0.9392902732045161,1.017045023947264,2380,1500,1456811651036
Running observer at: 1456811661487
production-topology1-1-1456810834,1.0876246631906779,1.025526048008838,2100,1380,1456811662081
production-topology3-3-1456810848,1.0438168246973965,1.2494517039627007,2480,4580,1456811662081
production-topology4-4-1456810855,0.9453863175173562,1.1202720710673015,2000,3420,1456811662081
production-topology2-2-1456810840,1.2812380198651072,1.02650113892841,1820,1200,1456811662081
Running observer at: 1456811672643
production-topology1-1-1456810834,1.002848180530889,1.0298625947569542,2380,1520,1456811673190
production-topology3-3-1456810848,1.0376442810022364,1.2393656362026786,2040,3800,1456811673190
production-topology4-4-1456810855,0.9975894448323657,1.1144300412465902,2440,4320,1456811673191
production-topology2-2-1456810840,0.9720185977709778,1.025424443845051,2360,1560,1456811673191
Running observer at: 1456811683640
production-topology1-1-1456810834,0.9518279051214736,1.0296852133876429,2140,1320,1456811684176
production-topology3-3-1456810848,1.023435301317622,1.2295506209806304,2700,4700,1456811684176
production-topology4-4-1456810855,1.0257436256765187,1.1103988405388596,2240,4160,1456811684177
production-topology2-2-1456810840,0.9244819366656293,1.023729092875458,2420,1480,1456811684177
Running observer at: 1456811694642
production-topology1-1-1456810834,0.876276819658452,1.0244512548397748,2040,1340,1456811695261
production-topology3-3-1456810848,1.0205311077338446,1.2204628160568571,2460,4600,1456811695261
production-topology4-4-1456810855,0.9912797891399594,1.1052197513476032,1960,3560,1456811695261
production-topology2-2-1456810840,1.0007051341246558,1.0226004888277056,1820,1160,1456811695261
Running observer at: 1456811705872
production-topology1-1-1456810834,1.1160480328290852,1.0280658010434156,2480,1540,1456811706444
production-topology3-3-1456810848,0.9075061679035672,1.2074229557171368,2240,3880,1456811706445
production-topology4-4-1456810855,0.9435415695415694,1.0984831604390184,2340,4260,1456811706445
production-topology2-2-1456810840,1.0558886824557026,1.027410095587628,2380,1500,1456811706445
Running observer at: 1456811716926
production-topology1-1-1456810834,0.9754520871205622,1.0222212645127662,2100,1420,1456811717436
production-topology3-3-1456810848,1.0367528542347546,1.2005961516578416,2600,4720,1456811717436
production-topology4-4-1456810855,1.051178485398133,1.0965909734373829,2240,4080,1456811717436
production-topology2-2-1456810840,0.900832896377526,1.0183760319577904,2460,1520,1456811717437
Running observer at: 1456811727862
production-topology1-1-1456810834,0.9496811634829595,1.024423343178686,2020,1240,1456811728393
production-topology3-3-1456810848,0.9495930085741132,1.1909421846161596,2500,4480,1456811728393
production-topology4-4-1456810855,1.0725697349679986,1.095667079650099,1980,3480,1456811728393
production-topology2-2-1456810840,1.062435500515996,1.0233038580546172,1820,1180,1456811728393
Running observer at: 1456811739033
production-topology1-1-1456810834,0.9666567046258673,1.0231319016647786,2460,1580,1456811739501
production-topology3-3-1456810848,1.0133248958498127,1.1843637665137023,2100,3800,1456811739501
production-topology4-4-1456810855,0.9689469781238413,1.0909737425565338,2300,4120,1456811739501
production-topology2-2-1456810840,0.9532041062719396,1.0202203424277612,2360,1500,1456811739501
Running observer at: 1456811750152
production-topology1-1-1456810834,1.0782034696965355,1.0258288385067358,2120,1400,1456811750701
production-topology3-3-1456810848,0.9999999999999999,1.1777793462810702,2660,4760,1456811750701
production-topology4-4-1456810855,1.0192166868477195,1.0884109905669335,2400,4320,1456811750701
production-topology2-2-1456810840,1.1261431641992687,1.0218510407891495,2320,1500,1456811750701
Running observer at: 1456811761158
production-topology1-1-1456810834,1.1370620130231008,1.0277530492184164,2060,1300,1456811761655
production-topology3-3-1456810848,1.0080795283853652,1.1719276284225975,2540,4560,1456811761655
production-topology4-4-1456810855,0.9039934701707931,1.0820517657256872,1920,3460,1456811761656
production-topology2-2-1456810840,1.0389596331810176,1.0276121434498575,1780,1220,1456811761656
Running observer at: 1456811772293
production-topology1-1-1456810834,0.9883587720802606,1.030147988919915,2400,1520,1456811772764
production-topology3-3-1456810848,0.9818289480682948,1.165591005744121,2120,3820,1456811772764
production-topology4-4-1456810855,1.0210856214366124,1.0800195609160512,2300,4100,1456811772765
production-topology2-2-1456810840,0.8953955806674274,1.0208538012292632,2420,1500,1456811772765
Running observer at: 1456811783519
production-topology1-1-1456810834,0.9914250133428215,1.0320079969413516,2100,1400,1456811784030
production-topology3-3-1456810848,1.0294522263903298,1.1693982150598494,2640,4740,1456811784030
production-topology4-4-1456810855,1.0368401134895011,1.0812620038017298,2380,4300,1456811784030
production-topology2-2-1456810840,0.8952373941847626,1.0196640413742666,2400,1540,1456811784030
Running observer at: 1456811794535
production-topology1-1-1456810834,0.9839982877842148,1.02964624922145,2080,1400,1456811795038
production-topology3-3-1456810848,0.9875351699203855,1.0606493873905287,2560,4620,1456811795038
production-topology4-4-1456810855,0.9749204077290574,1.1026482396149206,1940,3520,1456811795038
production-topology2-2-1456810840,1.165777332967872,1.0189935769767333,1860,1160,1456811795038
Running observer at: 1456811805710
production-topology1-1-1456810834,0.8988876553498075,1.0257564453101682,2460,1500,1456811806197
production-topology3-3-1456810848,1.0071945357434697,1.0275558719153108,2100,3780,1456811806197
production-topology4-4-1456810855,0.9855750605326876,1.0688340749660101,2360,4160,1456811806197
production-topology2-2-1456810840,1.0431492008679926,1.0261937043968217,2400,1560,1456811806197
Running observer at: 1456811816869
production-topology1-1-1456810834,1.1250287052969883,1.027113421173292,2040,1400,1456811817359
production-topology3-3-1456810848,0.9665652477002649,0.9931080468386531,2680,4780,1456811817359
production-topology4-4-1456810855,1.0191305123537961,1.0361384253778034,2320,4280,1456811817359
production-topology2-2-1456810840,0.9668361941089214,1.0220314027067066,2380,1500,1456811817359
Running observer at: 1456811827878
production-topology1-1-1456810834,0.9645006792019547,1.0195940223257538,2180,1320,1456811828368
production-topology3-3-1456810848,0.9911520185850895,0.9594797807914894,2500,4480,1456811828368
production-topology4-4-1456810855,0.9638084021241917,1.0015987054486097,2000,3440,1456811828368
production-topology2-2-1456810840,1.0217210080932884,1.0227554363098161,1800,1120,1456811828369
Running observer at: 1456811838920
production-topology1-1-1456810834,1.0674692049272116,1.0013279339621117,2400,1480,1456811839425
production-topology3-3-1456810848,1.0314060420548308,0.963924446888947,2100,3820,1456811839425
production-topology4-4-1456810855,1.0666025830742047,0.9704854582177501,2260,4120,1456811839425
production-topology2-2-1456810840,1.0325047992646776,1.0125498373226816,2340,1520,1456811839426
Running observer at: 1456811850139
production-topology1-1-1456810834,1.004681014706077,1.0039067974944307,1880,1240,1456811850655
production-topology3-3-1456810848,1.0189548816443867,0.9969686886895057,2680,4800,1456811850655
production-topology4-4-1456810855,0.9486697928847025,1.0021077846472402,2400,4360,1456811850655
production-topology2-2-1456810840,0.9815036088661941,1.012733630811405,2440,1560,1456811850655
Running observer at: 1456811861168
production-topology1-1-1456810834,0.9304041981230784,1.0061604141343754,2220,1480,1456811861664
production-topology3-3-1456810848,1.017067875595514,1.0088179076923018,2060,3780,1456811861665
production-topology4-4-1456810855,0.9914241663515773,1.0024383474527783,1900,3520,1456811861665
production-topology2-2-1456810840,1.0344065839967869,1.0165977166979137,1820,1140,1456811861665
Running observer at: 1456811872181
production-topology1-1-1456810834,0.9350980255671011,1.0026587074483277,2460,1460,1456811872672
production-topology3-3-1456810848,0.9390853373863337,1.0056249522497305,2520,4480,1456811872672
production-topology4-4-1456810855,1.0696469926016028,1.0005393147445354,2220,4080,1456811872672
production-topology2-2-1456810840,1.0139999855363429,1.0157178012223744,2420,1560,1456811872672
Running observer at: 1456811883151
production-topology1-1-1456810834,1.1030784990447597,1.0019990336456124,1840,1220,1456811883793
production-topology3-3-1456810848,1.0492514932011692,1.004856836435106,2580,4660,1456811883793
production-topology4-4-1456810855,0.9416115799815434,0.9994005374010901,2100,3680,1456811883793
production-topology2-2-1456810840,0.8826919057414276,1.0081295939167771,1920,1220,1456811883793
Running observer at: 1456811894254
production-topology1-1-1456810834,0.9428319827793245,1.004014222983759,2440,1500,1456811894799
production-topology3-3-1456810848,0.9932619336092712,1.0043366606866693,2100,3760,1456811894799
production-topology4-4-1456810855,1.0358210818548346,1.0006751544376822,2300,4080,1456811894800
production-topology2-2-1456810840,1.015914348216367,1.0133082217428644,2360,1460,1456811894800
Running observer at: 1456811905270
production-topology1-1-1456810834,1.0810584471570188,1.0070921112720828,2300,1540,1456811905762
production-topology3-3-1456810848,0.9880684768876016,1.0043075908127865,2600,4760,1456811905762
production-topology4-4-1456810855,0.989254442920814,0.9994521206050906,2300,4060,1456811905762
production-topology2-2-1456810840,1.0416149870631752,1.0117865452787629,2380,1520,1456811905762
Running observer at: 1456811916203
production-topology1-1-1456810834,0.9314176799906085,1.0000634042551217,1920,1220,1456811916888
production-topology3-3-1456810848,0.9962220328404071,1.0008914755823972,2560,4540,1456811916888
production-topology4-4-1456810855,1.0220457888793129,1.0023706565414088,1900,3460,1456811916888
production-topology2-2-1456810840,1.0095365953783446,1.0138585017202935,1880,1220,1456811916888
Running observer at: 1456811927460
production-topology1-1-1456810834,0.9785779295776038,1.0041476404671532,2380,1560,1456811928023
production-topology3-3-1456810848,0.9916245092117185,1.0011441286734692,2140,3840,1456811928023
production-topology4-4-1456810855,0.9752454264307748,1.001309831962814,2480,4340,1456811928023
production-topology2-2-1456810840,1.170015998463868,1.0105476360926895,2300,1540,1456811928023
Running observer at: 1456811938559
production-topology1-1-1456810834,0.9926511254908468,1.0023839449985088,2400,1500,1456811939062
production-topology3-3-1456810848,1.0157580581430332,1.0006569045787321,2660,4760,1456811939062
production-topology4-4-1456810855,1.04874177713002,1.0038147418126888,2220,4160,1456811939062
production-topology2-2-1456810840,0.8274024799793336,1.0071421592194698,2440,1460,1456811939062
Running observer at: 1456811949573
production-topology1-1-1456810834,1.0758297258297256,1.0010822628535343,1800,1220,1456811950248
production-topology3-3-1456810848,1.0240640437756496,1.0016254882133473,2500,4580,1456811950248
production-topology4-4-1456810855,0.9378736084942241,0.9982171250179762,1880,3420,1456811950248
production-topology2-2-1456810840,1.0496390570447882,1.0130858569419021,1900,1220,1456811950248
Running observer at: 1456811960777
production-topology1-1-1456810834,1.0548443449766551,1.0049305543006382,2420,1500,1456811961324
production-topology3-3-1456810848,0.9805805610788397,0.9995232593771894,2120,3760,1456811961324
production-topology4-4-1456810855,1.0652317422410271,1.0008097337447943,2440,4340,1456811961324
production-topology2-2-1456810840,1.1056273664969316,1.0134399984849523,2300,1460,1456811961325
Running observer at: 1456811971862
production-topology1-1-1456810834,1.0683441153231434,1.0073541001118593,2380,1540,1456811972377
production-topology3-3-1456810848,0.9934485336147387,1.0006969984209761,2660,4760,1456811972377
production-topology4-4-1456810855,0.9640017779861942,1.0009481403973266,2240,4080,1456811972377
production-topology2-2-1456810840,0.9175976679348667,1.0108590013168568,2340,1460,1456811972378
Running observer at: 1456811982848
production-topology1-1-1456810834,1.0510399484782518,1.0103735464769017,1780,1120,1456811983575
production-topology3-3-1456810848,0.9749456584845336,1.0006050517878189,2620,4580,1456811983575
production-topology4-4-1456810855,0.9666661685892454,0.9981214383100725,1980,3500,1456811983575
production-topology2-2-1456810840,1.0216831140350877,1.0136054293445427,1960,1220,1456811983575
Running observer at: 1456811994118
production-topology1-1-1456810834,0.7803072668540187,1.0001296332656797,2480,1580,1456811994703
production-topology3-3-1456810848,0.9980614688601066,0.9990798732599093,2060,3760,1456811994703
production-topology4-4-1456810855,1.0335460904826386,1.0010600974089152,2380,4320,1456811994703
production-topology2-2-1456810840,0.8741853429461611,1.000037006780578,2320,1440,1456811994703
Running observer at: 1456812005189
production-topology1-1-1456810834,1.1255864761216163,1.004220909785371,2320,1560,1456812005756
production-topology3-3-1456810848,1.0211353709129711,0.9985295762569338,2640,4740,1456812005756
production-topology4-4-1456810855,0.9969194641048729,1.0010377647179989,2340,4160,1456812005757
production-topology2-2-1456810840,1.0810047800840523,1.0036698795243468,2440,1560,1456812005757
Running observer at: 1456812016218
production-topology1-1-1456810834,0.9379878214163447,1.0037595736618665,1840,1180,1456812016920
production-topology3-3-1456810848,1.0510327487849214,0.9994494911725106,2440,4560,1456812016921
production-topology4-4-1456810855,1.0747815564827792,1.002672362411541,1800,3420,1456812016921
production-topology2-2-1456810840,1.0781635090948192,1.00879259860532,1920,1240,1456812016921
Running observer at: 1456812027515
production-topology1-1-1456810834,1.1030432672672672,1.011318455248827,2400,1540,1456812028093
production-topology3-3-1456810848,0.9623776419373868,0.9975110423126287,2180,3700,1456812028093
production-topology4-4-1456810855,0.9938296603873071,1.002757358119786,2400,4340,1456812028094
production-topology2-2-1456810840,0.8260991240901955,1.0029723982708378,2240,1500,1456812028094
Running observer at: 1456812038590
production-topology1-1-1456810834,0.9515402177955579,1.0058348614143762,2480,1460,1456812039084
production-topology3-3-1456810848,1.0453648923684304,1.002106333128124,2640,4880,1456812039084
production-topology4-4-1456810855,0.933408511935822,1.0024195895329278,2380,4160,1456812039084
production-topology2-2-1456810840,1.1817836839690294,1.0071688983212819,2380,1500,1456812039084
Running observer at: 1456812049610
production-topology1-1-1456810834,0.9421997138603294,1.0047264489723684,1800,1220,1456812050316
production-topology3-3-1456810848,0.909214634143785,0.9978550591250918,2560,4540,1456812050316
production-topology4-4-1456810855,1.0476058353655864,1.0023005011985096,1880,3420,1456812050317
production-topology2-2-1456810840,0.9166829371816637,1.0076972330147533,2000,1220,1456812050317
Running observer at: 1456812060811
production-topology1-1-1456810834,1.0798892185884639,1.0090667174758852,2400,1500,1456812061342
production-topology3-3-1456810848,1.1121903411684075,1.003274970211568,2060,3700,1456812061342
production-topology4-4-1456810855,0.9673265084361091,0.9987923936474465,2460,4360,1456812061342
production-topology2-2-1456810840,0.9624665510023098,1.0043649346976307,2240,1420,1456812061342
Running observer at: 1456812071931
production-topology1-1-1456810834,0.9294498040359609,1.0078264874562217,2340,1520,1456812072417
production-topology3-3-1456810848,0.9851944607849491,1.0023372890427393,2660,4800,1456812072417
production-topology4-4-1456810855,1.0006519491176964,0.9998492260139084,2280,4180,1456812072417
production-topology2-2-1456810840,1.055317411716677,1.0077687115457885,2520,1600,1456812072417
Running observer at: 1456812082847
production-topology1-1-1456810834,0.9658432147562582,1.004081145624879,1840,1180,1456812083388
production-topology3-3-1456810848,0.9927986329267771,1.002097243473632,2520,4560,1456812083388
production-topology4-4-1456810855,1.0550904965638273,1.001045019671112,1860,3460,1456812083388
production-topology2-2-1456810840,0.9040823630458793,1.0003666848406756,1840,1180,1456812083388
Running observer at: 1456812094068
production-topology1-1-1456810834,0.9640656017776624,0.9983145985833645,2420,1500,1456812094497
production-topology3-3-1456810848,0.9511315035360567,1.000198975978655,2200,3680,1456812094497
production-topology4-4-1456810855,0.9532338270628669,1.0026863649008477,2440,4280,1456812094497
production-topology2-2-1456810840,1.0558679913518623,1.0009302967797038,2280,1500,1456812094497
/var/nimbus/storm/bin/storm rebalance production-topology1 -e spout_head=11
1456812094837
/var/nimbus/storm/bin/storm rebalance production-topology2 -e spout_head=9
Running observer at: 1456812105084
production-topology1-1-1456810834,1.00033907037782,1.00033907037782,199240,127500,1456812105548
production-topology3-3-1456810848,1.0461477946430067,1.0023429375311455,2580,4900,1456812105548
production-topology4-4-1456810855,1.0414874337344484,1.0033664253107757,2300,4120,1456812105548
production-topology2-2-1456810840,1.0011401637385748,1.0011401637385748,155300,98820,1456812105549
Running observer at: 1456812116003
production-topology1-1-1456810834,2.8125,1.9064195351889102,80,60,1456812116605
production-topology3-3-1456810848,0.986165256182538,1.000900038524219,2140,3680,1456812116605
production-topology4-4-1456810855,1.0452420177568493,1.0036464887863539,1880,3520,1456812116606
production-topology2-2-1456810840,0.0,0.5005700818692874,0,0,1456812116606
Running observer at: 1456812127245
production-topology1-1-1456810834,1.0,1.6042796901259402,0,0,1456812127819
production-topology3-3-1456810848,1.0304198014136015,1.0023295262406597,2480,4620,1456812127820
production-topology4-4-1456810855,0.9919126619219587,1.0042128972594504,2280,4080,1456812127820
production-topology2-2-1456810840,1.0,0.6670467212461917,0,0,1456812127820
Running observer at: 1456812133487
production-topology1-1-1456810834,1.0,1.453209767594455,0,0,1456812133990
production-topology3-3-1456810848,0.8704417408754546,0.997771099745059,1360,2360,1456812133991
production-topology4-4-1456810855,1.0393028484333318,1.0060038235228055,1300,2440,1456812133991
production-topology2-2-1456810840,1.0,0.7502850409346438,0,0,1456812133991
Running observer at: 1456812134684
production-topology1-1-1456810834,1.0,1.3625678140755642,0,0,1456812135362
production-topology3-3-1456810848,1.1457673727238946,1.0037445039125132,500,960,1456812135362
production-topology4-4-1456810855,2.0,1.0386994731110122,0,0,1456812135362
production-topology2-2-1456810840,1.0,0.800228032747715,0,0,1456812135362
Running observer at: 1456812138333
production-topology1-1-1456810834,1.0,1.30213984506297,0,0,1456812138770
production-topology3-3-1456810848,1.1710511679644047,1.009741142225157,800,1500,1456812138770
production-topology4-4-1456810855,0.8773054835634918,1.0358160424923222,1140,1980,1456812138771
production-topology2-2-1456810840,1.0,0.8335233606230958,0,0,1456812138771
Running observer at: 1456812149147
production-topology1-1-1456810834,1.0,1.258977010053974,0,0,1456812149683
production-topology3-3-1456810848,0.9545068636639285,1.0071778362787938,2000,3540,1456812149683
production-topology4-4-1456810855,1.0141276639679004,1.034066878522112,1920,3480,1456812149683
production-topology2-2-1456810840,0.0,0.7144485948197964,100,0,1456812149683
Running observer at: 1456812160196
production-topology1-1-1456810834,0.4363636363636364,1.1561503383426819,440,60,1456812160705
production-topology3-3-1456810848,0.974182759705531,1.0056854322141655,2680,4800,1456812160705
production-topology4-4-1456810855,0.9972067068755341,1.0356847756551397,2280,4020,1456812160705
production-topology2-2-1456810840,1.1218180289596391,0.7653697740872768,1660,1120,1456812160705
Running observer at: 1456812171183
production-topology1-1-1456810834,0.17340515452418548,1.0469564290295157,1560,260,1456812171849
production-topology3-3-1456810848,1.1019877522556527,1.0085160947695033,2440,4460,1456812171849
production-topology4-4-1456810855,1.0586405820132216,1.0379253228438614,2060,3760,1456812171850
production-topology2-2-1456810840,0.987243874854509,0.7900224519503026,1660,1000,1456812171850
Running observer at: 1456812182370
production-topology1-1-1456810834,0.2078301127214171,0.9630437973987058,1840,320,1456812182919
production-topology3-3-1456810848,0.9129143255177452,1.0076437277072172,2140,3760,1456812182919
production-topology4-4-1456810855,0.9544304636334997,1.034084771878258,2200,4000,1456812182919
production-topology2-2-1456810840,0.9854019330763518,0.8095604000629075,2220,1360,1456812182919
Running observer at: 1456812193403
production-topology1-1-1456810834,0.29539937944796235,0.9023488503122746,1900,320,1456812193885
production-topology3-3-1456810848,1.0021916410724911,1.0060750659695945,2660,4720,1456812193885
production-topology4-4-1456810855,1.0257385970688173,1.036889005781167,2340,4140,1456812193885
production-topology2-2-1456810840,0.9340208884479718,0.8208749899160952,2160,1400,1456812193885
Running observer at: 1456812204355
production-topology1-1-1456810834,0.28056962025316456,0.8505339144740155,1580,220,1456812204858
production-topology3-3-1456810848,0.9979127713181077,1.0062300938932225,2600,4660,1456812204858
production-topology4-4-1456810855,1.0061920974586016,1.0359013729679594,1980,3440,1456812204859
production-topology2-2-1456810840,1.2163867211085615,0.8538343008488006,1560,1060,1456812204859
Running observer at: 1456812215420
production-topology1-1-1456810834,0.32407852864128595,0.8100373463330363,1800,320,1456812215942
production-topology3-3-1456810848,1.091039133982434,1.0096624491297168,1960,3800,1456812215942
production-topology4-4-1456810855,0.9760685042860187,1.0354618416801327,2260,4160,1456812215942
production-topology2-2-1456810840,1.1201533590717045,0.8743203822505625,2160,1440,1456812215942
Running observer at: 1456812226620
production-topology1-1-1456810834,0.2453076950797617,0.7696995141006594,1720,300,1456812227124
production-topology3-3-1456810848,0.9524725009991049,1.0082041314016734,2820,4820,1456812227124
production-topology4-4-1456810855,1.0079197178240957,1.0349909726449587,2380,4280,1456812227124
production-topology2-2-1456810840,0.8496055061272454,0.8725550339560398,2220,1320,1456812227124
Running observer at: 1456812237625
production-topology1-1-1456810834,0.2783487676467526,0.7369427976703989,1780,280,1456812238154
production-topology3-3-1456810848,0.9797228737425493,1.007807410219368,2300,4160,1456812238154
production-topology4-4-1456810855,1.0386087131580766,1.0371030822025353,1920,3400,1456812238154
production-topology2-2-1456810840,1.1320850358081618,0.8898570340795147,1640,1100,1456812238154
Running observer at: 1456812248728
production-topology1-1-1456810834,0.25354972950478577,0.7067307309100481,1780,300,1456812249211
production-topology3-3-1456810848,0.964897457343874,1.006112056859396,2220,4080,1456812249211
production-topology4-4-1456810855,1.041180354885317,1.0368510347943787,2260,4220,1456812249211
production-topology2-2-1456810840,0.983596193234939,0.8957157315267287,2120,1340,1456812249212
Running observer at: 1456812259701
production-topology1-1-1456810834,0.30514201245908573,0.683107865118815,1540,240,1456812260318
production-topology3-3-1456810848,1.047520411045503,1.006893935768391,2660,4780,1456812260318
production-topology4-4-1456810855,0.9663195723259433,1.0377992335887694,2440,4380,1456812260318
production-topology2-2-1456810840,1.0380327397183085,0.9040873202438805,1860,1160,1456812260318
Running observer at: 1456812270802
production-topology1-1-1456810834,0.19093223020291747,0.6557647742901541,1860,300,1456812271397
production-topology3-3-1456810848,1.0075151871448167,1.007791756637257,2160,3860,1456812271398
production-topology4-4-1456810855,0.9383665563709511,1.0335703940597667,1940,3460,1456812271398
production-topology2-2-1456810840,0.9250000000000002,0.9052491357858872,1920,1260,1456812271398
Running observer at: 1456812281938
production-topology1-1-1456810834,0.28254545454545454,0.6361216521983278,1860,360,1456812282418
production-topology3-3-1456810848,0.9799777267876875,1.007342729743022,2520,4460,1456812282418
production-topology4-4-1456810855,1.0934821616641506,1.037886406849032,2300,4140,1456812282418
production-topology2-2-1456810840,1.0007659746018946,0.9102763378288349,2160,1420,1456812282418
Running observer at: 1456812292870
production-topology1-1-1456810834,0.26266429546542497,0.6174487843616827,1620,260,1456812293604
production-topology3-3-1456810848,0.9742362061103511,1.007319081330549,2640,4680,1456812293604
production-topology4-4-1456810855,0.9680724201737965,1.0379332819018503,2160,4100,1456812293605
production-topology2-2-1456810840,1.00954072449905,0.9152395571623456,1560,960,1456812293605
Running observer at: 1456812304067
production-topology1-1-1456810834,0.25917151311771397,0.6003879619214937,1760,300,1456812304679
production-topology3-3-1456810848,1.120787345425227,1.0114099438827198,1900,3720,1456812304679
production-topology4-4-1456810855,1.0055399655915118,1.0369997444054795,2220,3640,1456812304679
production-topology2-2-1456810840,1.0102145045965272,0.9197621737068304,2200,1340,1456812304679
Running observer at: 1456812315272
production-topology1-1-1456810834,0.2305848405347964,0.5835787291311892,1960,300,1456812315753
production-topology3-3-1456810848,0.9462702222562054,1.0089144389274944,2740,4700,1456812315754
production-topology4-4-1456810855,0.9774580709644476,1.0363510313007986,2220,4140,1456812315754
production-topology2-2-1456810840,0.928415354260327,0.9201555000956257,2220,1400,1456812315754
Running observer at: 1456812326328
production-topology1-1-1456810834,0.33803948576675846,0.5729031098544749,1560,300,1456812326900
production-topology3-3-1456810848,1.0004433186453197,1.0072281245895076,2660,4720,1456812326900
production-topology4-4-1456810855,1.0124021458938859,1.0342717176145024,2300,4140,1456812326900
production-topology2-2-1456810840,1.1418699612244612,0.9297952592751403,1540,1100,1456812326900
Running observer at: 1456812337360
production-topology1-1-1456810834,0.26916843445561206,0.5602474983795223,1760,300,1456812337957
production-topology3-3-1456810848,1.0054312716615443,1.0086632455803128,2020,3600,1456812337957
production-topology4-4-1456810855,0.9639870465451861,1.033276963819765,2100,3700,1456812337957
production-topology2-2-1456810840,1.005941589022907,0.9329680230146306,2200,1280,1456812337958
Running observer at: 1456812348495
production-topology1-1-1456810834,0.2053397498104241,0.5460511884367584,1940,300,1456812348989
production-topology3-3-1456810848,0.9437798713258236,1.0052770782122258,2620,4660,1456812348989
production-topology4-4-1456810855,1.0065758362026158,1.0357158746286579,2260,4180,1456812348989
production-topology2-2-1456810840,0.8102412114596265,0.9280589505524304,2240,1400,1456812348990
Running observer at: 1456812359438
production-topology1-1-1456810834,0.2693804729742031,0.5354100070728139,1600,260,1456812360112
production-topology3-3-1456810848,1.0094366303122477,1.0086178114178412,2600,4860,1456812360112
production-topology4-4-1456810855,1.0084082882684027,1.0344092897254185,2040,3680,1456812360112
production-topology2-2-1456810840,1.1514206332858963,0.9366497845037175,1580,980,1456812360112
Running observer at: 1456812370563
production-topology1-1-1456810834,0.37528357430325954,0.5294793984517193,1740,360,1456812371137
production-topology3-3-1456810848,1.0977052175596533,1.008134973964216,2000,3620,1456812371137
production-topology4-4-1456810855,1.0199670119584854,1.0361639731761645,2240,4000,1456812371137
production-topology2-2-1456810840,1.026580596952966,0.9399805553351711,2180,1420,1456812371137
Running observer at: 1456812381726
production-topology1-1-1456810834,0.24164508678611424,0.5191996016065191,1960,300,1456812382263
production-topology3-3-1456810848,0.9543865128750773,1.0071080423672205,2680,4640,1456812382263
production-topology4-4-1456810855,1.0267474887561316,1.0370338244974457,2240,4220,1456812382263
production-topology2-2-1456810840,1.0268807410584748,0.9430841333967176,2100,1300,1456812382263
Running observer at: 1456812392728
production-topology1-1-1456810834,0.28443474504989885,0.5111042617252564,1540,280,1456812393395
production-topology3-3-1456810848,1.0267274441862932,1.0082390027425376,2500,4480,1456812393395
production-topology4-4-1456810855,1.0562900247168168,1.037073808769212,2040,3760,1456812393395
production-topology2-2-1456810840,0.986428373216194,0.9445787623560098,1620,1040,1456812393396
Running observer at: 1456812403860
production-topology1-1-1456810834,0.19948948948948952,0.5007171026507308,1800,220,1456812404467
production-topology3-3-1456810848,0.9965454535082251,1.0097528010749433,2140,3840,1456812404467
production-topology4-4-1456810855,0.9704744781674641,1.0376484971393654,2380,4080,1456812404467
production-topology2-2-1456810840,0.994984383447903,0.9462589497257397,2200,1380,1456812404468
Running observer at: 1456812415053
production-topology1-1-1456810834,0.3087198515769945,0.4776631286907032,1900,380,1456812415547
production-topology3-3-1456810848,1.0040873490334108,1.00835078622129,2660,4760,1456812415547
production-topology4-4-1456810855,0.9434035867315927,1.0343790355726035,2260,4020,1456812415547
production-topology2-2-1456810840,0.9286300306337779,0.9438419452889132,2120,1380,1456812415547
Running observer at: 1456812426066
production-topology1-1-1456810834,0.2922706349985957,0.3936554831906564,1620,260,1456812426714
production-topology3-3-1456810848,1.0299794610086437,1.0098112597154936,2540,4520,1456812426714
production-topology4-4-1456810855,0.9766244797418018,1.0320917843054351,2080,3780,1456812426714
production-topology2-2-1456810840,1.0004121559932175,0.9771890171553538,1640,1040,1456812426715
Running observer at: 1456812437198
production-topology1-1-1456810834,0.2623727733004081,0.3690679089673366,1740,280,1456812437694
production-topology3-3-1456810848,0.9931385346762187,1.0085685508242475,2140,3940,1456812437694
production-topology4-4-1456810855,1.0045965622981559,1.0325145809846417,2180,4100,1456812437694
production-topology2-2-1456810840,1.0223602831234926,0.9779343599261369,2220,1340,1456812437694
Running observer at: 1456812448272
production-topology1-1-1456810834,0.2261063395102921,0.34327145361767974,2000,320,1456812448762
production-topology3-3-1456810848,0.9481030723965284,1.0111572618749498,2620,4680,1456812448762
production-topology4-4-1456810855,1.0378248620808885,1.0324653147728933,2380,4080,1456812448762
production-topology2-2-1456810840,0.9290772555422827,0.975570268444213,2200,1460,1456812448762
Running observer at: 1456812459259
production-topology1-1-1456810834,0.34913862959351694,0.3215760746041303,1620,300,1456812460034
production-topology3-3-1456810848,1.0136486795941875,1.0067533054372928,2540,4500,1456812460034
production-topology4-4-1456810855,0.9875971363388123,0.9987185526508537,2120,3760,1456812460034
production-topology2-2-1456810840,1.0196663605754515,0.976225813796728,1540,1060,1456812460034
Running observer at: 1456812470525
production-topology1-1-1456810834,0.2220269870732834,0.2956436408399065,1760,300,1456812471029
production-topology3-3-1456810848,0.9887135831648026,1.0006753859439728,2140,3820,1456812471029
production-topology4-4-1456810855,1.0310199573063554,1.0038423684422824,2180,4060,1456812471029
production-topology2-2-1456810840,1.1436161202230017,0.9810130178041614,2120,1360,1456812471029
Running observer at: 1456812481675
production-topology1-1-1456810834,0.3609012345679012,0.27434034865883655,1920,360,1456812482167
production-topology3-3-1456810848,1.0195380420630693,1.0028430918906108,2620,4740,1456812482167
production-topology4-4-1456810855,0.9575988537372089,1.0019580747679262,2340,4140,1456812482167
production-topology2-2-1456810840,1.0247882943915132,1.015172627617212,2220,1420,1456812482167
Running observer at: 1456812492670
production-topology1-1-1456810834,0.1255781705083466,0.2639808331303269,1500,200,1456812493390
production-topology3-3-1456810848,1.0181817448012795,1.0043097247271358,2520,4520,1456812493390
production-topology4-4-1456810855,1.0421102834804108,1.0034548606547555,2040,3760,1456812493390
production-topology2-2-1456810840,0.7574140286537377,1.0030258276070152,1620,980,1456812493390
Running observer at: 1456812503862
production-topology1-1-1456810834,0.4757097018099189,0.27405765137318466,1840,340,1456812504351
production-topology3-3-1456810848,1.0432699492535535,1.0023524646270656,2120,3880,1456812504351
production-topology4-4-1456810855,0.981823046521515,1.0008942761383655,2320,4060,1456812504351
production-topology2-2-1456810840,1.1370869367040595,1.0080205963353335,2180,1380,1456812504351
Running observer at: 1456812514903
production-topology1-1-1456810834,0.23077788191190252,0.27482257701286755,1940,280,1456812515400
production-topology3-3-1456810848,0.9591596448677889,1.0038939752720675,2620,4760,1456812515401
production-topology4-4-1456810855,1.0162592971186364,1.0029552372545367,2200,4120,1456812515401
production-topology2-2-1456810840,0.9146987666288554,1.0056638241204168,2180,1400,1456812515401
Running observer at: 1456812525916
production-topology1-1-1456810834,0.1950061975591152,0.2714761376165727,1600,320,1456812526479
production-topology3-3-1456810848,0.995565518906687,1.003673104533207,2380,4220,1456812526479
production-topology4-4-1456810855,1.0109746948157186,1.0024631071794334,1920,3420,1456812526479
production-topology2-2-1456810840,1.2251384007471053,1.0153677411970548,1560,1040,1456812526479
Running observer at: 1456812537079
production-topology1-1-1456810834,0.21410155577341095,0.2692605354672475,1760,260,1456812537587
production-topology3-3-1456810848,0.9990047733690962,1.0037095046015734,2260,4120,1456812537587
production-topology4-4-1456810855,1.0117709990070356,1.002649070564381,2340,4260,1456812537587
production-topology2-2-1456810840,0.9525473703251479,1.006573096170941,2160,1400,1456812537587
Running observer at: 1456812548147
production-topology1-1-1456810834,0.28422882301387437,0.26793221194633376,1920,320,1456812548695
production-topology3-3-1456810848,1.0497837909181142,1.0023343264994293,2620,4760,1456812548695
production-topology4-4-1456810855,0.9395109347644099,1.0014304849136606,2440,4200,1456812548695
production-topology2-2-1456810840,1.0428467947802624,1.0039962106945597,2240,1360,1456812548695
Running observer at: 1456812559164
production-topology1-1-1456810834,0.26954475593004557,0.2687401139746766,1560,240,1456812559708
production-topology3-3-1456810848,0.9463585186661791,1.0021305270883318,2160,3760,1456812559709
production-topology4-4-1456810855,1.009322921880237,1.0014772583821987,1880,3540,1456812559709
production-topology2-2-1456810840,0.9522851790394885,1.007418866458301,1620,1100,1456812559709
Running observer at: 1456812570396
production-topology1-1-1456810834,0.33934215821243247,0.2707732269935325,1820,360,1456812570907
production-topology3-3-1456810848,1.009048188976378,1.0031080375961263,2500,4580,1456812570908
production-topology4-4-1456810855,0.9697087353759017,0.9991805924561264,2340,4060,1456812570908
production-topology2-2-1456810840,1.0605341821838072,1.0050338380041561,2100,1300,1456812570908
Running observer at: 1456812581409
production-topology1-1-1456810834,0.24729578342095598,0.27056476212407155,1980,280,1456812581857
production-topology3-3-1456810848,1.020872908186341,1.004973885957542,2620,4740,1456812581857
production-topology4-4-1456810855,1.0377507913734598,0.9990662736723978,2400,4400,1456812581857
production-topology2-2-1456810840,0.8388868290037367,1.0002101925297826,2220,1420,1456812581857
Running observer at: 1456812592326
production-topology1-1-1456810834,0.3169374429869563,0.27095794314166727,1420,260,1456812592914
production-topology3-3-1456810848,1.0737002021626858,1.0058465456614478,2060,3820,1456812592914
production-topology4-4-1456810855,1.0127103137412414,1.0006126317195743,1900,3440,1456812592914
production-topology2-2-1456810840,1.0489892551447824,1.0005754097106652,1660,1080,1456812592915
Running observer at: 1456812603488
production-topology1-1-1456810834,0.16148569023569023,0.2699763918094264,1920,340,1456812603958
production-topology3-3-1456810848,0.9964109968571628,1.0054764059851926,2560,4500,1456812603958
production-topology4-4-1456810855,0.9947519423796323,1.0024921445865305,2340,4200,1456812603958
production-topology2-2-1456810840,1.12729945345847,1.0073187248259474,2140,1320,1456812603959
Running observer at: 1456812614512
production-topology1-1-1456810834,0.4084610690592669,0.27417357895988675,1580,240,1456812615102
production-topology3-3-1456810848,0.9464760289187768,1.0043596827228958,2700,4700,1456812615102
production-topology4-4-1456810855,1.0470531718921432,1.0009445115941302,2000,3800,1456812615102
production-topology2-2-1456810840,0.9713270091436648,1.0063374259773397,1640,1080,1456812615102
Running observer at: 1456812625572
production-topology1-1-1456810834,0.2104967789274699,0.27243466174195496,1840,340,1456812626149
production-topology3-3-1456810848,1.1381525968639903,1.0098235624146836,1940,3700,1456812626149
production-topology4-4-1456810855,0.9884951914337518,1.0016252706361286,2180,3800,1456812626149
production-topology2-2-1456810840,0.9741718619058656,1.0051584638909001,2140,1360,1456812626149
Running observer at: 1456812636811
production-topology1-1-1456810834,0.31655721812434146,0.2743475185755092,1820,320,1456812637311
production-topology3-3-1456810848,0.9291504502012933,1.0034356659072192,2660,4740,1456812637311
production-topology4-4-1456810855,1.0477029425943059,1.0030307032028885,2400,4320,1456812637311
production-topology2-2-1456810840,0.9874045775874496,1.0043981329905978,2100,1360,1456812637311
Running observer at: 1456812647802
production-topology1-1-1456810834,0.16708405923344946,0.2722308258654643,1680,220,1456812648429
production-topology3-3-1456810848,1.0170102004779997,1.005793665181279,2620,4820,1456812648430
production-topology4-4-1456810855,0.9636781448104408,1.002571372331088,2060,3640,1456812648430
production-topology2-2-1456810840,1.0270097522113575,1.0076846129222985,1640,1060,1456812648430
Running observer at: 1456812658853
production-topology1-1-1456810834,0.3191441710463449,0.2716009820414505,1800,300,1456812659238
production-topology3-3-1456810848,0.9959915569671667,1.0056452731253407,1980,3640,1456812659238
production-topology4-4-1456810855,0.9450907231981752,1.0003276582412313,2160,3840,1456812659239
production-topology2-2-1456810840,1.0111852047960324,1.0033284543746843,2220,1400,1456812659239
Running observer at: 1456812669650
production-topology1-1-1456810834,0.27587824761011087,0.27182464247993376,1180,260,1456812670009
production-topology3-3-1456810848,0.9433528619402123,1.0035759928012962,2720,4720,1456812670009
production-topology4-4-1456810855,1.0973397420621018,1.004772748091795,2440,4400,1456812670009
production-topology2-2-1456810840,0.9198152584204413,1.0004575766879353,2100,1380,1456812670009
Running observer at: 1456812680404
production-topology1-1-1456810834,1.0,0.29831331748625295,0,0,1456812680837
production-topology3-3-1456810848,1.0912458781520318,1.0084915263621699,1940,3520,1456812680837
production-topology4-4-1456810855,0.934376762158561,1.0023661122903265,1940,3480,1456812680837
production-topology2-2-1456810840,1.3491178406305981,1.0184201309936345,580,360,1456812680837
