production-topology1-1-1456637125,0.0,0.0,1456637126390
production-topology1-1-1456637125,0.0,0.0,1456637126741
production-topology2-2-1456637132,0.0,0.0,1456637132684
production-topology1-1-1456637125,0.0,0.0,1456637132685
production-topology2-2-1456637132,0.0,0.0,1456637137216
production-topology1-1-1456637125,0.0,0.0,1456637137217
production-topology2-2-1456637132,0.0,0.0,1456637139163
production-topology3-3-1456637138,0.0,0.0,1456637139164
production-topology1-1-1456637125,0.0,0.0,1456637139164
production-topology4-4-1456637145,0.0,0.0,1456637145730
production-topology2-2-1456637132,0.0,0.0,1456637145731
production-topology3-3-1456637138,0.0,0.0,1456637145731
production-topology1-1-1456637125,0.0,0.0,1456637145731
production-topology4-4-1456637145,0.0,0.0,1456637147964
production-topology2-2-1456637132,0.0,0.0,1456637147964
production-topology3-3-1456637138,0.0,0.0,1456637147965
production-topology1-1-1456637125,0.0,0.0,1456637147965
production-topology4-4-1456637145,0.0,0.0,1456637158739
production-topology2-2-1456637132,0.0,0.0,1456637158739
production-topology3-3-1456637138,0.0,0.0,1456637158740
production-topology1-1-1456637125,0.0,0.0,1456637158740
production-topology4-4-1456637145,0.0,0.0,1456637169454
production-topology2-2-1456637132,0.0,0.0,1456637169455
production-topology3-3-1456637138,0.0,0.0,1456637169455
production-topology1-1-1456637125,0.0,0.0,1456637169455
production-topology4-4-1456637145,0.0,0.0,1456637180152
production-topology2-2-1456637132,0.0,0.0,1456637180152
production-topology3-3-1456637138,0.0,0.0,1456637180152
production-topology1-1-1456637125,0.0,0.0,1456637180153
production-topology4-4-1456637145,0.0,0.0,1456637190783
production-topology2-2-1456637132,0.0,0.0,1456637190783
production-topology3-3-1456637138,0.0,0.0,1456637190783
production-topology1-1-1456637125,0.0,0.0,1456637190783
production-topology4-4-1456637145,0.0,0.0,1456637201423
production-topology2-2-1456637132,0.0,0.0,1456637201423
production-topology3-3-1456637138,0.0,0.0,1456637201424
production-topology1-1-1456637125,0.0,0.0,1456637201424
production-topology4-4-1456637145,0.0,0.0,1456637212020
production-topology2-2-1456637132,0.0,0.0,1456637212021
production-topology3-3-1456637138,0.0,0.0,1456637212021
production-topology1-1-1456637125,0.0,0.0,1456637212022
production-topology4-4-1456637145,0.0,0.0,1456637222590
production-topology2-2-1456637132,0.0,0.0,1456637222590
production-topology3-3-1456637138,0.0,0.0,1456637222590
production-topology1-1-1456637125,0.0,0.0,1456637222591
production-topology4-4-1456637145,0.0,0.0,1456637233137
production-topology2-2-1456637132,0.0,0.0,1456637233137
production-topology3-3-1456637138,0.0,0.0,1456637233137
production-topology1-1-1456637125,0.0,0.0,1456637233138
production-topology4-4-1456637145,0.0,0.0,1456637243609
production-topology2-2-1456637132,0.0,0.0,1456637243609
production-topology3-3-1456637138,0.0,0.0,1456637243609
production-topology1-1-1456637125,0.0,0.0,1456637243609
