Running observer at: 1456781013721
production-topology1-1-1456781013,0.0,0.0,0,0,1456781014010
Running observer at: 1456781014419
production-topology1-1-1456781013,0.0,0.0,0,0,1456781014742
Running observer at: 1456781020401
production-topology2-2-1456781020,0.0,0.0,0,0,1456781020759
production-topology1-1-1456781013,0.0,0.0,0,0,1456781020759
Running observer at: 1456781025171
production-topology2-2-1456781020,0.0,0.0,0,0,1456781025618
production-topology1-1-1456781013,0.0,0.0,0,0,1456781025619
Running observer at: 1456781027276
production-topology2-2-1456781020,0.0,0.0,0,0,1456781027692
production-topology3-3-1456781027,0.0,0.0,0,0,1456781027693
production-topology1-1-1456781013,0.0,0.0,80,0,1456781027693
Running observer at: 1456781036020
production-topology2-2-1456781020,0.0,0.0,80,0,1456781036459
production-topology3-3-1456781027,0.0,0.0,0,0,1456781036459
production-topology1-1-1456781013,0.9699955217196597,0.16166592028660995,700,320,1456781036459
Running observer at: 1456781039425
production-topology2-2-1456781020,0.0,0.0,240,0,1456781040033
production-topology3-3-1456781027,0.0,0.0,0,0,1456781040033
production-topology1-1-1456781013,0.8311111111111111,0.25730094754725297,540,440,1456781040033
production-topology4-4-1456781038,0.0,0.0,0,0,1456781040033
Running observer at: 1456781046988
production-topology2-2-1456781020,1.2237654320987654,0.20396090534979425,1080,780,1456781047648
production-topology3-3-1456781027,0.05847953216374269,0.014619883040935672,380,80,1456781047648
production-topology1-1-1456781013,1.370557064649781,0.396457962185069,1740,1180,1456781047648
production-topology4-4-1456781038,0.0,0.0,0,0,1456781047649
Running observer at: 1456781058310
production-topology2-2-1456781020,1.0181831470893972,0.3202783684554518,2240,1500,1456781059005
production-topology3-3-1456781027,1.2137398140539792,0.25444386924354434,2040,4340,1456781059005
production-topology1-1-1456781013,0.6941356352037135,0.4295332591871406,1960,1140,1456781059006
production-topology4-4-1456781038,0.0,0.0,100,0,1456781059006
Running observer at: 1456781069707
production-topology2-2-1456781020,1.0005482456140353,0.40531210310027477,2340,1460,1456781070357
production-topology3-3-1456781027,1.00145718037682,0.37894608776575694,2480,4300,1456781070357
production-topology1-1-1456781013,1.1451823209148713,0.5010981653599137,2400,1600,1456781070357
production-topology4-4-1456781038,0.9674283336343149,0.24185708340857873,2000,3580,1456781070358
Running observer at: 1456781081023
production-topology2-2-1456781020,1.0375577141048444,0.4755616154341158,2440,1500,1456781081665
production-topology3-3-1456781027,0.994534903410998,0.4668873471436485,1900,3580,1456781081665
production-topology1-1-1456781013,0.9863518201643564,0.5452121339784994,2280,1500,1456781081665
production-topology4-4-1456781038,1.0912533819873642,0.4117363431243358,2080,3860,1456781081665
Running observer at: 1456781092216
production-topology2-2-1456781020,1.0205273566637136,0.5300581895570756,1940,1280,1456781092815
production-topology3-3-1456781027,1.0346650690624069,0.5378595623834933,2300,4120,1456781092815
production-topology1-1-1456781013,1.0144316729246026,0.584313762224008,2020,1320,1456781092816
production-topology4-4-1456781038,0.9179814803723853,0.4961105326656774,2280,4100,1456781092816
Running observer at: 1456781103431
production-topology2-2-1456781020,0.9350607674941931,0.5668766057331772,2380,1500,1456781103949
production-topology3-3-1456781027,1.000527359840457,0.589267095434267,2380,4300,1456781103949
production-topology1-1-1456781013,0.9542563909707864,0.6127708875122218,2340,1500,1456781103949
production-topology4-4-1456781038,1.0593449141318918,0.5765725871608509,2400,4320,1456781103950
Running observer at: 1456781114505
production-topology2-2-1456781020,1.1368241629989104,0.6143722355053216,2300,1480,1456781115121
production-topology3-3-1456781027,0.9750741863656123,0.6278478045274015,1920,3440,1456781115121
production-topology1-1-1456781013,1.102077587477947,0.6477213660812021,2280,1540,1456781115122
production-topology4-4-1456781038,0.9831828530252771,0.6273988703939042,1940,3440,1456781115122
Running observer at: 1456781125792
production-topology2-2-1456781020,0.9409899984613017,0.6394966788096278,1800,1240,1456781126436
production-topology3-3-1456781027,0.9283392719568568,0.655165210657352,2400,4100,1456781126437
production-topology1-1-1456781013,1.0582611506140918,0.6750906850500614,2400,1440,1456781126437
production-topology4-4-1456781038,0.9462949196677352,0.6628317647576631,2320,4200,1456781126437
Running observer at: 1456781136966
production-topology2-2-1456781020,0.9291794310441075,0.6601883039692336,2520,1620,1456781137499
production-topology3-3-1456781027,1.0607335365348938,0.6889625711471471,2360,4400,1456781137512
production-topology1-1-1456781013,0.7463816585113053,0.6795463708913891,1940,1260,1456781137513
production-topology4-4-1456781038,1.066634099038791,0.703211998185776,2400,4340,1456781137513
Running observer at: 1456781148132
production-topology2-2-1456781020,1.0582014720337982,0.6867225151735378,2240,1480,1456781148787
production-topology3-3-1456781027,1.0191822331117597,0.7143640836059635,1940,3400,1456781148788
production-topology1-1-1456781013,1.1656487868811773,0.7081406306554944,2340,1540,1456781148788
production-topology4-4-1456781038,0.978394724207831,0.7282286096423264,2020,3660,1456781148788
Running observer at: 1456781159409
production-topology2-2-1456781020,1.0335352850546886,0.7083983132911097,2260,1360,1456781159983
production-topology3-3-1456781027,0.9600842195022877,0.7319155218842724,2380,4320,1456781159983
production-topology1-1-1456781013,0.9588684607553003,0.722069954549928,2360,1460,1456781159983
production-topology4-4-1456781038,0.9876996489146022,0.7498511962483493,2140,3860,1456781159984
Running observer at: 1456781170433
production-topology2-2-1456781020,0.9390920600210045,0.7219685336869858,2180,1400,1456781171011
production-topology3-3-1456781027,0.9999615266235764,0.7497852555335593,2300,4080,1456781171012
production-topology1-1-1456781013,1.0598374572112759,0.7398471915321041,1880,1280,1456781171012
production-topology4-4-1456781038,1.0408429437814932,0.772235176827822,2460,4420,1456781171012
Running observer at: 1456781181589
production-topology2-2-1456781020,1.1029274028276685,0.7431329153059126,2160,1420,1456781182218
production-topology3-3-1456781027,0.9730172147754566,0.7637372529861779,1940,3460,1456781182219
production-topology1-1-1456781013,0.9661592054939018,0.751162792230194,2340,1500,1456781182219
production-topology4-4-1456781038,0.9817081607293416,0.7871975328207876,1940,3560,1456781182219
Running observer at: 1456781192853
production-topology2-2-1456781020,0.877560935971356,0.7502080742883045,2500,1580,1456781193388
production-topology3-3-1456781027,1.0131174113519852,0.7784066740665194,2400,4320,1456781193388
production-topology1-1-1456781013,0.9754068709289735,0.7618410816920407,2360,1420,1456781193388
production-topology4-4-1456781038,1.051735595733768,0.804833403681653,2220,3980,1456781193388
Running observer at: 1456781203933
production-topology2-2-1456781020,1.009710456025312,0.7631831933751548,1860,1240,1456781204519
production-topology3-3-1456781027,0.9740941635448854,0.789278201259762,2320,4160,1456781204520
production-topology1-1-1456781013,0.9588558595003279,0.7707962988651446,1900,1200,1456781204520
production-topology4-4-1456781038,0.9311683666702038,0.8127293388684373,2400,4200,1456781204520
Running observer at: 1456781215163
production-topology2-2-1456781020,0.9970071972246674,0.7743176697489411,2300,1420,1456781215755
production-topology3-3-1456781027,0.992593453382318,0.7999790040030544,2280,4140,1456781215756
production-topology1-1-1456781013,1.1236678115183725,0.7861385385457197,2400,1640,1456781215756
production-topology4-4-1456781038,1.0719108096912584,0.827975307740368,2080,3760,1456781215756
Running observer at: 1456781226268
production-topology2-2-1456781020,0.9893682434053019,0.7840926958242302,2460,1500,1456781226994
production-topology3-3-1456781027,0.9991503437039151,0.8099375709880974,2080,3660,1456781226994
production-topology1-1-1456781013,0.8801840633737185,0.7900571020802197,2320,1460,1456781226995
production-topology4-4-1456781038,0.9416991878783065,0.8342933010813646,2140,3860,1456781226995
Running observer at: 1456781237588
production-topology2-2-1456781020,1.1449223327062619,0.7997809409060577,1860,1240,1456781238286
production-topology3-3-1456781027,1.0226184709544481,0.820065232891257,2260,4200,1456781238287
production-topology1-1-1456781013,0.9922448979591839,0.7981446139153783,2000,1300,1456781238287
production-topology4-4-1456781038,1.0279494453357714,0.8444857297263335,2440,4360,1456781238287
Running observer at: 1456781248837
production-topology2-2-1456781020,0.890681918350528,0.8035684816329106,2340,1440,1456781249393
production-topology3-3-1456781027,0.9982473613790606,0.8281644205497934,2280,4040,1456781249393
production-topology1-1-1456781013,1.1263406724774825,0.81076753924469,2320,1560,1456781249393
production-topology4-4-1456781038,0.9884890797676678,0.8516858972284002,2260,4080,1456781249394
Running observer at: 1456781259927
production-topology2-2-1456781020,1.179841442987652,0.8186194000871002,2300,1560,1456781260489
production-topology3-3-1456781027,0.9653497735180918,0.8341290011136325,2120,3620,1456781260489
production-topology1-1-1456781013,0.9210906412925751,0.8148535800612784,2320,1420,1456781260489
production-topology4-4-1456781038,1.0209086296133418,0.859744122580064,2000,3720,1456781260489
Running observer at: 1456781271085
production-topology2-2-1456781020,0.9229195980223835,0.8226309461615341,2020,1260,1456781271684
production-topology3-3-1456781027,1.0398319667982587,0.8426999580171586,2220,4120,1456781271685
production-topology1-1-1456781013,1.016824101518299,0.8220668129704577,2200,1380,1456781271685
production-topology4-4-1456781038,0.9792908256419977,0.8651780636283337,2300,4120,1456781271685
Running observer at: 1456781282249
production-topology2-2-1456781020,0.9857014313549292,0.8286705937612895,2320,1480,1456781282795
production-topology3-3-1456781027,1.006565066347593,0.849254562350376,2380,4380,1456781282795
production-topology1-1-1456781013,1.0284257509680714,0.8291826384186514,2040,1420,1456781282796
production-topology4-4-1456781038,0.9700456783180909,0.869737525136584,2280,4080,1456781282796
Running observer at: 1456781293336
production-topology2-2-1456781020,0.9882112205975843,0.8343684732911572,2340,1420,1456781293898
production-topology3-3-1456781027,0.9380299308832549,0.8526689996016406,1980,3440,1456781293898
production-topology1-1-1456781013,0.9416372733069649,0.8329311262482618,2320,1480,1456781293898
production-topology4-4-1456781038,1.0430904456498094,0.8769605634913017,2060,3680,1456781293898
Running observer at: 1456781304554
production-topology2-2-1456781020,1.0246843564026304,0.8409310899501735,1880,1220,1456781305216
production-topology3-3-1456781027,1.0316112667456663,0.8592964909773452,2260,4240,1456781305216
production-topology1-1-1456781013,0.9923034472784367,0.8660079078242098,2140,1360,1456781305216
production-topology4-4-1456781038,1.0679792615512118,0.8846013114136981,2220,4180,1456781305217
Running observer at: 1456781315795
production-topology2-2-1456781020,1.1371538764288152,0.8508051828327949,2400,1600,1456781316345
production-topology3-3-1456781027,0.959474403574011,0.8628742735700833,2440,4340,1456781316345
production-topology1-1-1456781013,0.9840247386102928,0.898808732444553,2240,1420,1456781316345
production-topology4-4-1456781038,1.0133862962383002,0.8895545800607981,2500,4360,1456781316346
Running observer at: 1456781326866
production-topology2-2-1456781020,0.8596546310832026,0.879460337202235,2260,1480,1456781327472
production-topology3-3-1456781027,1.0159844466241894,0.8681539347098799,1860,3360,1456781327473
production-topology1-1-1456781013,1.0305001367858926,0.9331587370040827,2320,1460,1456781327473
production-topology4-4-1456781038,0.9744917682961516,0.8927004018472927,1860,3440,1456781327473
Running observer at: 1456781338154
production-topology2-2-1456781020,0.8772465855485436,0.9087018900538532,2240,1360,1456781338663
production-topology3-3-1456781027,1.0353778763408723,0.8737280660975796,2460,4440,1456781338663
production-topology1-1-1456781013,1.0309832358915239,0.9675248448671334,2240,1500,1456781338664
production-topology4-4-1456781038,0.9906399741305818,0.8961982437145529,2300,4060,1456781338664
Running observer at: 1456781349204
production-topology2-2-1456781020,1.1305294367807002,0.9463862046132099,2080,1380,1456781349719
production-topology3-3-1456781027,1.0317158494799639,0.9081185944135785,2240,4060,1456781349720
production-topology1-1-1456781013,1.039912782866379,1.0021886042960126,2000,1260,1456781349720
production-topology4-4-1456781038,0.9931987766279462,0.8995430896770837,2460,4360,1456781349720
Running observer at: 1456781360334
production-topology2-2-1456781020,1.0737389256128955,0.9821775021336397,2360,1440,1456781360981
production-topology3-3-1456781027,0.9405755607244131,0.9394711131043922,1920,3460,1456781360981
production-topology1-1-1456781013,0.942114070785943,1.0012592225982222,2440,1560,1456781360981
production-topology4-4-1456781038,0.9793128425571791,0.9022020814397536,1980,3640,1456781360981
Running observer at: 1456781371551
production-topology2-2-1456781020,1.0370265639391385,1.0167450542649443,2420,1600,1456781372081
production-topology3-3-1456781027,1.0016271483337191,0.9728586847155162,2440,4380,1456781372081
production-topology1-1-1456781013,1.1497299448556269,1.0118798503897062,2200,1400,1456781372082
production-topology4-4-1456781038,0.9902777789066717,0.9352113407366427,2160,4000,1456781372082
Running observer at: 1456781382626
production-topology2-2-1456781020,0.9420230263157896,1.0073536407388453,1940,1180,1456781383154
production-topology3-3-1456781027,1.081205235392031,1.0069495414897927,2300,4100,1456781383154
production-topology1-1-1456781013,0.8429627634875535,0.9942933736842985,2080,1300,1456781383155
production-topology4-4-1456781038,1.0183270215302613,0.9691555747876514,2400,4360,1456781383155
Running observer at: 1456781393755
production-topology2-2-1456781020,1.0737751317587352,1.0092067068944899,2180,1540,1456781394402
production-topology3-3-1456781027,0.8887240302873098,0.9961156820309036,1960,3540,1456781394402
production-topology1-1-1456781013,1.1266452197401202,1.008710359835512,2240,1520,1456781394403
production-topology4-4-1456781038,1.0475301204819276,1.0040732454703822,2000,3600,1456781394403
Running observer at: 1456781404968
production-topology2-2-1456781020,1.0529059139237409,1.0109519625048136,2380,1540,1456781405527
production-topology3-3-1456781027,0.946261534071091,0.994275827154046,2380,4180,1456781405528
production-topology1-1-1456781013,1.1826699143593677,1.0099599462836617,2260,1500,1456781405528
production-topology4-4-1456781038,0.9169998685971205,1.0023922966358092,2260,3920,1456781405528
Running observer at: 1456781416095
production-topology2-2-1456781020,0.9952846593508385,1.00954286067968,1940,1220,1456781416627
production-topology3-3-1456781027,1.0483778715038086,0.9960705927571396,2300,4180,1456781416627
production-topology1-1-1456781013,0.696272305769038,1.0002906291371512,2120,1300,1456781416627
production-topology4-4-1456781038,1.0246064012309195,1.0001707306105945,2420,4380,1456781416628
Running observer at: 1456781427224
production-topology2-2-1456781020,0.9461616161616161,1.0070640026629436,2340,1360,1456781427860
production-topology3-3-1456781027,1.0163687008434477,0.9954607138165077,2040,3660,1456781427860
production-topology1-1-1456781013,1.1818422860089524,1.0058709829066295,2220,1500,1456781427860
production-topology4-4-1456781038,1.0692571567462883,1.005213253156391,1940,3680,1456781427861
Running observer at: 1456781438405
production-topology2-2-1456781020,1.0733600106817287,1.0116739774358612,2360,1580,1456781438983
production-topology3-3-1456781027,1.0037336296702934,0.9955675894775023,2260,4180,1456781438984
production-topology1-1-1456781013,0.9901157351400621,1.0070662943789386,2360,1500,1456781438984
production-topology4-4-1456781038,0.915102575071898,1.0004051751877248,2240,3840,1456781438984
Running observer at: 1456781449555
production-topology2-2-1456781020,0.8130031084550559,1.0008799422843995,1940,1180,1456781450092
production-topology3-3-1456781027,0.9595563909922782,0.9950503296317244,2280,4060,1456781450092
production-topology1-1-1456781013,1.031577677224736,1.0047162973704982,2180,1340,1456781450092
production-topology4-4-1456781038,1.0024472038430163,1.0010473202149826,2380,4380,1456781450093
Running observer at: 1456781460668
production-topology2-2-1456781020,1.108145743272509,1.0064518004447731,2200,1460,1456781461275
production-topology3-3-1456781027,1.0464227265979966,0.9989864447864292,2220,3920,1456781461275
production-topology1-1-1456781013,1.0365853658536581,1.003993771211817,2100,1400,1456781461275
production-topology4-4-1456781038,1.0554768998337045,1.0046867195538483,2080,3640,1456781461275
Running observer at: 1456781471770
production-topology2-2-1456781020,0.864291824862932,1.004288880238734,2480,1540,1456781472306
production-topology3-3-1456781027,1.0192162129092068,0.9976025339989064,2080,3940,1456781472306
production-topology1-1-1456781013,0.8539339578973446,1.0075788478580183,2280,1480,1456781472306
production-topology4-4-1456781038,1.0138414378096916,1.002926964179545,2100,3920,1456781472306
Running observer at: 1456781482869
production-topology2-2-1456781020,1.1141951961173482,1.0061553377081855,1920,1200,1456781483432
production-topology3-3-1456781027,0.8994084175958399,0.9936100734817089,2360,3980,1456781483432
production-topology1-1-1456781013,1.0527420538152443,1.0038152900891537,2100,1340,1456781483432
production-topology4-4-1456781038,0.9668430062826194,1.0025419069153714,2480,4360,1456781483433
Running observer at: 1456781494036
production-topology2-2-1456781020,1.0520060335374972,1.006771029324279,2260,1480,1456781494691
production-topology3-3-1456781027,1.0556001571626572,0.996793938070388,2240,4240,1456781494691
production-topology1-1-1456781013,0.962774053499206,1.0039454765139508,2240,1340,1456781494691
production-topology4-4-1456781038,1.0268340437850694,1.0038463867443868,2020,3700,1456781494691
Running observer at: 1456781505158
production-topology2-2-1456781020,0.9168025578853903,1.0060280459197586,2420,1500,1456781505714
production-topology3-3-1456781027,0.9817635606874329,0.9961873392058499,2100,3620,1456781505714
production-topology1-1-1456781013,1.0980037684512318,1.0052176868886158,2260,1500,1456781505714
production-topology4-4-1456781038,0.9983773742200708,1.0024308677590061,2200,3940,1456781505714
Running observer at: 1456781516285
production-topology2-2-1456781020,1.1130079988043857,1.0063640657856492,1980,1200,1456781516836
production-topology3-3-1456781027,1.0512568598436958,0.9987953273747914,2260,4100,1456781516836
production-topology1-1-1456781013,1.1370580177398362,1.0109143139634804,2200,1400,1456781516836
production-topology4-4-1456781038,1.0493316797574757,1.004684985059944,2360,4220,1456781516836
Running observer at: 1456781527420
production-topology2-2-1456781020,0.9684556374221008,1.0093938891673406,2280,1500,1456781527992
production-topology3-3-1456781027,1.0145694696511394,0.9988437293180965,2280,4080,1456781527993
production-topology1-1-1456781013,0.9816521618508265,1.011122490327542,2100,1360,1456781527993
production-topology4-4-1456781038,0.9465973458836252,1.0011803767316059,2020,3820,1456781527993
Running observer at: 1456781538462
production-topology2-2-1456781020,0.9334754077930237,1.0068527208929308,2420,1600,1456781538976
production-topology3-3-1456781027,1.00044884450205,0.9997222186833352,2000,3660,1456781538976
production-topology1-1-1456781013,0.9272466340147925,1.0100688494780243,2320,1460,1456781538976
production-topology4-4-1456781038,0.9500984914621086,1.001811380891336,2180,3780,1456781538976
Running observer at: 1456781549520
production-topology2-2-1456781020,1.0197710718002084,1.0076115167121154,1900,1160,1456781550097
production-topology3-3-1456781027,0.9609403155034995,0.9986671140873747,2320,4140,1456781550097
production-topology1-1-1456781013,1.0420713170960758,1.0073489663306145,2180,1420,1456781550097
production-topology4-4-1456781038,1.0408125262660244,1.0007747714438282,2480,4380,1456781550097
Running observer at: 1456781560685
production-topology2-2-1456781020,1.1047436050541657,1.0114573621004108,2340,1540,1456781561273
production-topology3-3-1456781027,1.0725621118012423,1.0011141730239523,2280,4160,1456781561273
production-topology1-1-1456781013,0.9775034819699246,1.010592946950488,2120,1320,1456781561273
production-topology4-4-1456781038,1.0850469281391155,1.0055530294525217,1960,3580,1456781561274
Running observer at: 1456781571753
production-topology2-2-1456781020,0.9893115227149409,1.0062703351007,2400,1500,1456781572290
production-topology3-3-1456781027,0.9288714999298034,0.9979892739897974,1980,3620,1456781572290
production-topology1-1-1456781013,0.9929326408536369,1.0106158717136366,2280,1480,1456781572290
production-topology4-4-1456781038,0.8878501938199264,1.0008830544019935,2140,3800,1456781572290
Running observer at: 1456781582756
production-topology2-2-1456781020,1.0243379259137035,1.010725535352806,1840,1280,1456781583261
production-topology3-3-1456781027,1.0452968054261158,0.9995575887913659,2400,4140,1456781583262
production-topology1-1-1456781013,1.0983369071717184,1.009682412870111,2180,1380,1456781583262
production-topology4-4-1456781038,1.0242176255676358,1.0020740059286593,2480,4420,1456781583262
Running observer at: 1456781593909
production-topology2-2-1456781020,0.9466394547039712,1.00295213574335,2300,1500,1456781594544
production-topology3-3-1456781027,1.0078783555802633,1.0009752081934382,1980,3700,1456781594544
production-topology1-1-1456781013,0.9630304402818379,1.0110804061697531,2140,1380,1456781594544
production-topology4-4-1456781038,0.9920441176470587,1.001111855529783,2000,3680,1456781594545
Running observer at: 1456781605072
production-topology2-2-1456781020,0.9345200760468628,1.0033388183441658,2420,1540,1456781605584
production-topology3-3-1456781027,0.9487945054380491,0.997940626148098,2260,4060,1456781605585
production-topology1-1-1456781013,0.98355415709351,1.0099714080222602,2260,1460,1456781605585
production-topology4-4-1456781038,0.9688792510477207,1.0007648030433072,2240,3960,1456781605585
Running observer at: 1456781616110
production-topology2-2-1456781020,1.126629323427565,1.008036414746587,1900,1220,1456781616687
production-topology3-3-1456781027,1.0070966020591616,0.9979583440051502,2340,4060,1456781616688
production-topology1-1-1456781013,1.043614413017398,1.0104776967572378,2220,1360,1456781616688
production-topology4-4-1456781038,1.0401219830995023,1.0031006798693543,2380,4240,1456781616688
Running observer at: 1456781627180
production-topology2-2-1456781020,0.91536650877177,1.0056082576857266,2280,1440,1456781627801
production-topology3-3-1456781027,1.0481333569343276,1.0016284582068526,1980,3660,1456781627802
production-topology1-1-1456781013,0.9384377591702558,1.010371046286014,2200,1380,1456781627802
production-topology4-4-1456781038,1.052729878600371,1.0034219943010396,2000,3700,1456781627802
Running observer at: 1456781638260
production-topology2-2-1456781020,1.0316720980197307,1.0058411824062965,2280,1420,1456781638809
production-topology3-3-1456781027,0.9991722663657477,1.0005471581941887,2240,3940,1456781638809
production-topology1-1-1456781013,0.9831533652675164,1.010066043552317,2180,1480,1456781638809
production-topology4-4-1456781038,1.017309575869832,1.001733004778327,2140,3980,1456781638809
Running observer at: 1456781649293
production-topology2-2-1456781020,1.006726562678944,1.0014936052813008,2100,1300,1456781649831
production-topology3-3-1456781027,0.9992609016999263,1.001873374798386,2280,4360,1456781649831
production-topology1-1-1456781013,1.0270699024538428,1.0115008823471017,2140,1380,1456781649831
production-topology4-4-1456781038,0.9143204482692593,0.9984308098460256,2420,4260,1456781649831
Running observer at: 1456781660369
production-topology2-2-1456781020,1.0763874227406072,1.008718031669881,2260,1500,1456781661011
production-topology3-3-1456781027,0.9565863756455759,0.9998934390990987,2000,3460,1456781661011
production-topology1-1-1456781013,1.0102424450921852,1.0108256259573116,2200,1440,1456781661011
production-topology4-4-1456781038,1.038406402003924,1.0005612976362848,1980,3480,1456781661011
/var/nimbus/storm/bin/storm rebalance production-topology3 -e spout_head=11
1456781661394
/var/nimbus/storm/bin/storm rebalance production-topology2 -e spout_head=9
Running observer at: 1456781671581
production-topology2-2-1456781020,1.0013383500584918,1.0013383500584918,125360,80160,1456781672215
production-topology3-3-1456781027,0.9988533631430931,0.9988533631430931,124080,223220,1456781672215
production-topology1-1-1456781013,1.0461275142782562,1.0113304352368695,2240,1400,1456781672215
production-topology4-4-1456781038,1.009315646483788,1.0011838200480583,2260,4140,1456781672216
Running observer at: 1456781682683
production-topology2-2-1456781020,1.1111111111111112,1.0562247305848014,60,40,1456781683248
production-topology3-3-1456781027,3.4000000000000004,2.1994266815715466,0,260,1456781683248
production-topology1-1-1456781013,1.0986250929801868,1.0132875122406628,2180,1400,1456781683248
production-topology4-4-1456781038,0.9992777266212782,1.0013864517145028,2380,4320,1456781683248
Running observer at: 1456781693782
production-topology2-2-1456781020,1.0,1.037483153723201,0,0,1456781694449
production-topology3-3-1456781027,2.0,2.132951121047698,0,0,1456781694449
production-topology1-1-1456781013,0.7918631163535211,1.0082791470929156,2180,1300,1456781694449
production-topology4-4-1456781038,0.9936308656368407,1.0018637191504915,1940,3440,1456781694450
Running observer at: 1456781699577
production-topology2-2-1456781020,1.0,1.0281123652924007,0,0,1456781700189
production-topology3-3-1456781027,2.0,2.0997133407857733,0,0,1456781700189
production-topology1-1-1456781013,1.2716578614167422,1.012343410978286,1200,820,1456781700189
production-topology4-4-1456781038,0.8954183836996337,0.998701739310257,1200,2180,1456781700189
Running observer at: 1456781700844
production-topology2-2-1456781020,1.0,1.0224898922339205,0,0,1456781701448
production-topology3-3-1456781027,0.0,1.6797706726286186,111720,0,1456781701449
production-topology1-1-1456781013,3.063973063973064,1.0863770876611363,220,160,1456781701449
production-topology4-4-1456781038,1.2304511278195487,1.0057725428532334,500,840,1456781701449
Running observer at: 1456781704973
production-topology2-2-1456781020,1.004,1.0194082435282672,0,32100,1456781705544
production-topology3-3-1456781027,0.9972977232745479,1.5660251810696069,74840,134120,1456781705545
production-topology1-1-1456781013,0.766913890634821,1.0743860433576262,860,500,1456781705545
production-topology4-4-1456781038,1.244797619047619,1.0123481261387564,560,1140,1456781705545
Running observer at: 1456781715999
production-topology2-2-1456781020,1.004,1.0172070658813719,0,32100,1456781716457
production-topology3-3-1456781027,0.7932481648785996,1.4556284644708914,2000,2920,1456781716457
production-topology1-1-1456781013,0.9106772358243559,1.0653196207397926,2200,1440,1456781716457
production-topology4-4-1456781038,0.973770101172623,1.0142404672246064,2480,4300,1456781716457
Running observer at: 1456781727029
production-topology2-2-1456781020,1.005028600511158,1.0156847577100951,1420,860,1456781727593
production-topology3-3-1456781027,0.9576935443663003,1.3933865994578176,2460,4340,1456781727594
production-topology1-1-1456781013,1.0618552989146477,1.077505720511313,2120,1360,1456781727594
production-topology4-4-1456781038,0.9763494400092279,1.0126319018505499,1880,3500,1456781727594
Running observer at: 1456781738145
production-topology2-2-1456781020,1.0682083724517553,1.021520714903613,1840,1200,1456781738690
production-topology3-3-1456781027,0.9873862737785365,1.3482754521601197,2340,4180,1456781738690
production-topology1-1-1456781013,0.9776814905740188,1.0707003606634815,2300,1460,1456781738690
production-topology4-4-1456781038,0.9994737057988188,1.0103057868189678,2360,4120,1456781738691
Running observer at: 1456781749294
production-topology2-2-1456781020,0.9714742008720921,1.0165160635004609,2080,1380,1456781749826
production-topology3-3-1456781027,1.0341292310664207,1.3168608300507498,2500,4560,1456781749826
production-topology1-1-1456781013,0.9364504209015476,1.0689115168555314,2220,1340,1456781749826
production-topology4-4-1456781038,1.054203763790401,1.0149424931095845,2360,4360,1456781749827
Running observer at: 1456781760375
production-topology2-2-1456781020,1.1251349727737845,1.0263905097980357,2040,1280,1456781760983
production-topology3-3-1456781027,0.9827878777476279,1.286490561659557,2420,4320,1456781760983
production-topology1-1-1456781013,1.150257057691552,1.072867496204425,2060,1460,1456781760983
production-topology4-4-1456781038,0.9362558869701727,1.0127361158804897,1940,3420,1456781760983
Running observer at: 1456781771534
production-topology2-2-1456781020,0.8994184528404705,1.0158095050515719,1840,1240,1456781772095
production-topology3-3-1456781027,1.0592996367574714,1.2675579845843832,2280,4300,1456781772096
production-topology1-1-1456781013,0.9563726583407672,1.0701937392873286,2360,1460,1456781772096
production-topology4-4-1456781038,0.98485633507895,1.0103820970553312,2320,4040,1456781772096
Running observer at: 1456781782618
production-topology2-2-1456781020,1.0103711061941165,1.0153911666779214,2120,1200,1456781783156
production-topology3-3-1456781027,0.9810414877068244,1.24551825405534,2520,4380,1456781783156
production-topology1-1-1456781013,0.9601401510694674,1.0737339457263995,2160,1400,1456781783157
production-topology4-4-1456781038,1.024073679313433,1.0107231717721226,2380,4420,1456781783157
Running observer at: 1456781793634
production-topology2-2-1456781020,0.9224515791031285,1.0087526247082934,1960,1280,1456781794223
production-topology3-3-1456781027,1.0084577996778894,1.2285853644569507,2420,4540,1456781794223
production-topology1-1-1456781013,1.1295163275819755,1.0762930881852906,2160,1380,1456781794223
production-topology4-4-1456781038,0.9273773995237464,1.0094076515468269,1840,3240,1456781794224
Running observer at: 1456781804873
production-topology2-2-1456781020,1.002441801619433,1.008331903169036,1900,1260,1456781805425
production-topology3-3-1456781027,0.9496635030728262,1.209990573698009,2440,4220,1456781805425
production-topology1-1-1456781013,0.9667121741229454,1.0764243588727485,2260,1420,1456781805425
production-topology4-4-1456781038,1.0514274792349658,1.01022743272849,2380,4220,1456781805425
Running observer at: 1456781815873
production-topology2-2-1456781020,1.2624448381812583,1.0242139616073,2080,1300,1456781816425
production-topology3-3-1456781027,1.0458517004561805,1.1997318941203947,2500,4580,1456781816425
production-topology1-1-1456781013,0.9266346786125267,1.0707120558781251,1940,1300,1456781816425
production-topology4-4-1456781038,1.0102192775324235,1.0106221628389018,2300,4140,1456781816425
Running observer at: 1456781826896
production-topology2-2-1456781020,0.8002947922574937,1.0110422457631938,1920,1220,1456781827506
production-topology3-3-1456781027,0.9910846011832659,1.1874585239476225,2360,4260,1456781827507
production-topology1-1-1456781013,0.9297399717798832,1.0638014543461265,2460,1520,1456781827507
production-topology4-4-1456781038,1.0261188170823785,1.0098484007497317,1880,3460,1456781827507
Running observer at: 1456781838173
production-topology2-2-1456781020,0.9115305792901951,1.0055138198480271,2060,1200,1456781838724
production-topology3-3-1456781027,0.9708518937739459,1.1754248222713073,2240,4080,1456781838724
production-topology1-1-1456781013,1.0960019024862366,1.067613112367307,2220,1480,1456781838724
production-topology4-4-1456781038,1.0209592993121377,1.0123271325306822,2400,4460,1456781838724
Running observer at: 1456781849247
production-topology2-2-1456781020,0.9910410712608513,1.0047520962381757,2000,1380,1456781849815
production-topology3-3-1456781027,1.0472125417982312,1.1686768075095664,2620,4760,1456781849815
production-topology1-1-1456781013,0.9761074074074074,1.0692418048137273,2000,1240,1456781849815
production-topology4-4-1456781038,0.9494043803418803,1.0123039954933413,2500,4260,1456781849815
Running observer at: 1456781860287
production-topology2-2-1456781020,1.0789161470873256,1.0084602987806333,1900,1300,1456781860886
production-topology3-3-1456781027,0.9754983984126115,1.1590178870547185,2420,4380,1456781860886
production-topology1-1-1456781013,0.963862099545505,1.066634830895375,2380,1520,1456781860887
production-topology4-4-1456781038,1.0448240733280192,1.012437713728741,1780,3240,1456781860887
Running observer at: 1456781871446
production-topology2-2-1456781020,0.9259355489723207,1.0045305487897611,2020,1200,1456781872004
production-topology3-3-1456781027,1.0054389801567736,1.1517046057738642,2180,3980,1456781872004
production-topology1-1-1456781013,1.1415993810996068,1.072104694199698,2300,1480,1456781872004
production-topology4-4-1456781038,0.9219782244584469,1.0070020902727186,2400,4340,1456781872004
Running observer at: 1456781882533
production-topology2-2-1456781020,0.9857344578498426,1.003676181019765,2100,1260,1456781883113
production-topology3-3-1456781027,0.9609077746854402,1.1430320225425723,2560,4520,1456781883113
production-topology1-1-1456781013,0.8251179823848118,1.066510872250737,1920,1200,1456781883114
production-topology4-4-1456781038,1.0493338769119553,1.0123848797091197,2240,4120,1456781883114
Running observer at: 1456781893589
production-topology2-2-1456781020,1.0223823985781693,1.004489494826652,1880,1280,1456781894182
production-topology3-3-1456781027,0.9762376660309473,1.1357800939985885,2520,4500,1456781894182
production-topology1-1-1456781013,1.0518744745628703,1.0649621244971086,2440,1520,1456781894182
production-topology4-4-1456781038,1.0458928652835808,1.013107387699651,1980,3500,1456781894182
Running observer at: 1456781904746
production-topology2-2-1456781020,1.156032162535391,1.0108037726478496,1900,1280,1456781905335
production-topology3-3-1456781027,1.1048115650404018,1.1344897386253308,2280,4080,1456781905335
production-topology1-1-1456781013,1.002514416214673,1.0662782570282032,2220,1480,1456781905336
production-topology4-4-1456781038,0.9821771079547637,1.0127784873765746,2360,4260,1456781905336
Running observer at: 1456781915827
production-topology2-2-1456781020,0.92108600564226,1.007215061967626,2120,1240,1456781916414
production-topology3-3-1456781027,0.9451802188092824,1.1269173578326888,2540,4520,1456781916414
production-topology1-1-1456781013,1.035274597024837,1.0680022716925808,2080,1300,1456781916414
production-topology4-4-1456781038,1.0695497521894626,1.016134170747966,2280,4220,1456781916414
Running observer at: 1456781926915
production-topology2-2-1456781020,1.1257806870581795,1.0117752783172624,1880,1300,1456781927444
production-topology3-3-1456781027,1.0270872793399628,1.1230777394291225,2560,4500,1456781927444
production-topology1-1-1456781013,1.0314680561611764,1.0675973931307068,2260,1460,1456781927445
production-topology4-4-1456781038,0.9410474059283891,1.0128316848422625,1960,3440,1456781927445
Running observer at: 1456781937960
production-topology2-2-1456781020,0.9372196850544728,1.0090139600482704,2000,1280,1456781938512
production-topology3-3-1456781027,1.08533698767488,1.121679933808595,2100,4040,1456781938512
production-topology1-1-1456781013,0.8861657620021652,1.0658549932251038,2340,1420,1456781938512
production-topology4-4-1456781038,1.0160245292744674,1.0116081731980657,2380,4340,1456781938512
Running observer at: 1456781948975
production-topology2-2-1456781020,0.9470186618115614,1.0067998422541022,2080,1280,1456781949540
production-topology3-3-1456781027,0.9000235115349176,1.1137636330131064,2620,4580,1456781949540
production-topology1-1-1456781013,1.0640598305972269,1.0685518754027608,1900,1340,1456781949540
production-topology4-4-1456781038,1.024007091468868,1.0118314237180337,2080,3800,1456781949540
Running observer at: 1456781960109
production-topology2-2-1456781020,1.1313478757981013,1.0110946020314815,1860,1280,1456781960652
production-topology3-3-1456781027,1.028176084183168,1.1108123382258672,2360,4300,1456781960653
production-topology1-1-1456781013,1.0409372832184791,1.0690141214282487,2320,1460,1456781960653
production-topology4-4-1456781038,0.9952762681632801,1.0145299510478343,2160,3840,1456781960653
Running observer at: 1456781971244
production-topology2-2-1456781020,0.9610805936048793,1.0094274684172615,2040,1220,1456781971774
production-topology3-3-1456781027,0.9726340687383684,1.1062063959096171,2340,4200,1456781971774
production-topology1-1-1456781013,1.0666306865456836,1.0708937294766985,2340,1600,1456781971774
production-topology4-4-1456781038,0.9224024618840546,1.0106631530438388,2420,4340,1456781971774
Running observer at: 1456781982239
production-topology2-2-1456781020,0.9869608613476607,1.0089482187935672,2080,1320,1456781982870
production-topology3-3-1456781027,1.073637047584449,1.1086991853909958,2520,4500,1456781982870
production-topology1-1-1456781013,0.8811514846041055,1.0653945284875603,1980,1220,1456781982870
production-topology4-4-1456781038,1.1406350886324086,1.015040467782126,1920,3420,1456781982870
Running observer at: 1456781993325
production-topology2-2-1456781020,1.0096216282894739,1.0055652360328458,1900,1260,1456781993853
production-topology3-3-1456781027,0.9294702600904539,1.0263481940606778,2480,4400,1456781993853
production-topology1-1-1456781013,1.0779897851452338,1.0647066848930617,2180,1460,1456781993853
production-topology4-4-1456781038,0.9958267860242029,1.0149254364288902,2260,4260,1456781993853
Running observer at: 1456782004406
production-topology2-2-1456781020,0.9768046453303619,1.0047920575438578,1940,1240,1456782005037
production-topology3-3-1456781027,0.9546645684215482,0.9915036796747293,2380,4140,1456782005037
production-topology1-1-1456781013,0.9920184433171446,1.0713785291251825,2520,1500,1456782005037
production-topology4-4-1456781038,0.9253588916937863,1.0126497039641216,2440,4160,1456782005037
Running observer at: 1456782015564
production-topology2-2-1456781020,0.9686599709312186,1.0037473899082316,1980,1280,1456782016204
production-topology3-3-1456781027,1.0493988480431902,0.9598169746095021,2480,4560,1456782016204
production-topology1-1-1456781013,0.9876196048881724,1.0619105872408967,1860,1260,1456782016205
production-topology4-4-1456781038,1.0146566813178954,1.0166243138847304,1900,3520,1456782016205
Running observer at: 1456782026648
production-topology2-2-1456781020,1.034805249788819,1.0049075649011923,2020,1240,1456782027172
production-topology3-3-1456781027,1.0138008826036478,0.993610337362957,2420,4240,1456782027172
production-topology1-1-1456781013,0.959587874279286,0.9917644142511044,2340,1480,1456782027172
production-topology4-4-1456781038,0.9922846215410663,1.0086854303421142,2340,4080,1456782027173
/var/nimbus/storm/bin/storm rebalance production-topology1 -e spout_head=11
1456782027458
/var/nimbus/storm/bin/storm rebalance production-topology4 -e bolt_output_1=9
Running observer at: 1456782037613
production-topology2-2-1456781020,1.029269593626029,1.0057498846887267,1920,1300,1456782038061
production-topology3-3-1456781027,1.0817020187002344,0.9964238138771467,2280,4320,1456782038061
production-topology1-1-1456781013,1.0000251055465108,1.0000251055465108,199480,127980,1456782038062
production-topology4-4-1456781038,0.9996656666217694,0.9996656666217694,194160,349500,1456782038062
Running observer at: 1456782048594
production-topology2-2-1456781020,0.9724614630221036,1.0046986001227967,1840,1200,1456782049202
production-topology3-3-1456781027,0.9137122759635494,1.000439284246645,2460,4260,1456782049202
production-topology1-1-1456781013,0.0,0.5000125527732554,0,20,1456782049203
production-topology4-4-1456781038,0.0,0.4998328333108847,0,0,1456782049203
Running observer at: 1456782059782
production-topology2-2-1456781020,0.9844241966115247,1.0040117866594758,2180,1380,1456782060280
production-topology3-3-1456781027,1.015375982261641,1.0023620321764897,2500,4600,1456782060281
production-topology1-1-1456781013,1.0,0.6666750351821703,0,0,1456782060281
production-topology4-4-1456781038,2.0,0.9998885555405899,0,0,1456782060281
Running observer at: 1456782066175
production-topology2-2-1456781020,1.1202882200046125,1.0057477815779043,1080,740,1456782066712
production-topology3-3-1456781027,1.0148170527365112,1.0032763914750886,1380,2340,1456782066712
production-topology1-1-1456781013,1.0,0.7500062763866278,0,0,1456782066712
production-topology4-4-1456781038,2.0,1.2499164166554424,0,0,1456782066712
Running observer at: 1456782067325
production-topology2-2-1456781020,0.7215007215007214,0.9974153322655254,240,140,1456782067963
production-topology3-3-1456781027,0.9239417989417988,0.9996034770709347,240,460,1456782067963
production-topology1-1-1456781013,1.0,0.8000050211093022,0,0,1456782067964
production-topology4-4-1456781038,2.0,1.3999331333243539,0,0,1456782067964
Running observer at: 1456782070864
production-topology2-2-1456781020,0.9472441809398331,0.9914856392043936,680,340,1456782071280
production-topology3-3-1456781027,0.8953014075887393,0.9966872613989717,800,1400,1456782071281
production-topology1-1-1456781013,0.002249446027223805,0.6670457585956225,180000,160,1456782071281
production-topology4-4-1456781038,0.0,1.1666109444369617,0,0,1456782071281
Running observer at: 1456782081770
production-topology2-2-1456781020,1.0606702023150734,0.9968606975202137,1800,1220,1456782082332
production-topology3-3-1456781027,1.0915857049363733,0.9977634636716018,2360,4380,1456782082332
production-topology1-1-1456781013,0.9942132196271117,0.7137839673144066,121140,77160,1456782082333
production-topology4-4-1456781038,0.0,0.9999522380888243,240,0,1456782082333
Running observer at: 1456782092732
production-topology2-2-1456781020,1.0527167647960654,0.9982722194736121,2000,1260,1456782093270
production-topology3-3-1456781027,0.8902306490337173,0.9947364357158316,2260,3980,1456782093271
production-topology1-1-1456781013,0.8824851323964251,0.734871612949659,2540,1600,1456782093271
production-topology4-4-1456781038,1.2329807543207978,1.0290808026178209,1620,3280,1456782093271
Running observer at: 1456782103743
production-topology2-2-1456781020,0.9154020722715117,0.9980372359125581,2020,1340,1456782104287
production-topology3-3-1456781027,1.0578027587821361,0.9963812676859731,2520,4560,1456782104288
production-topology1-1-1456781013,1.1476106358506042,0.7807315043830974,2140,1440,1456782104288
production-topology4-4-1456781038,1.003202392554462,1.026205423721892,1960,3580,1456782104288
Running observer at: 1456782114913
production-topology2-2-1456781020,1.0005547007640065,0.9979743325507104,1920,1220,1456782115507
production-topology3-3-1456781027,0.9929669842498103,0.9978247170585394,2320,4240,1456782115507
production-topology1-1-1456781013,0.8842929267507146,0.7910876466198591,2680,1620,1456782115507
production-topology4-4-1456781038,0.9733568286162957,1.0209205642113326,2340,4140,1456782115507
Running observer at: 1456782125957
production-topology2-2-1456781020,1.0253218807996847,0.9900702339713248,1980,1200,1456782126562
production-topology3-3-1456781027,1.0258085700522361,0.9971566127117413,2440,4400,1456782126562
production-topology1-1-1456781013,1.056121323170499,0.8151816172153719,2240,1540,1456782126562
production-topology4-4-1456781038,0.9535029190665373,1.0147916873799874,2180,3920,1456782126562
Running observer at: 1456782137033
production-topology2-2-1456781020,1.058165740307516,0.9986659322396587,2040,1280,1456782137605
production-topology3-3-1456781027,1.025900344687288,0.9983171374952086,2520,4520,1456782137606
production-topology1-1-1456781013,1.0842314765448573,0.8376024388261624,2420,1520,1456782137606
production-topology4-4-1456781038,1.0088481338481339,1.0142963912523328,2140,3840,1456782137606
Running observer at: 1456782148071
production-topology2-2-1456781020,1.0406511422136422,1.0029699510037737,1960,1200,1456782148607
production-topology3-3-1456781027,1.0256558376688245,1.000143935625038,2400,4280,1456782148608
production-topology1-1-1456781013,0.8055521251750856,0.8351370300837717,2600,1580,1456782148608
production-topology4-4-1456781038,1.0142623616705797,1.0142937735921982,2300,4160,1456782148608
Running observer at: 1456782159170
production-topology2-2-1456781020,0.8119818516767593,0.9970013103509706,1920,1260,1456782159755
production-topology3-3-1456781027,1.003343542388098,0.9986816356447001,2260,4240,1456782159756
production-topology1-1-1456781013,1.1854606222483566,0.8601601438098135,2340,1520,1456782159756
production-topology4-4-1456781038,0.9245263298062988,1.0078818133217766,1960,3460,1456782159756
Running observer at: 1456782170199
production-topology2-2-1456781020,1.2781544900018615,1.003642588448122,2100,1340,1456782170682
production-topology3-3-1456781027,0.9385953752593186,0.9974515348729237,2620,4460,1456782170682
production-topology1-1-1456781013,0.9863079203865112,0.8685699955815934,2400,1580,1456782170682
production-topology4-4-1456781038,0.9951150772387811,1.0070306975829102,2440,4360,1456782170682
Running observer at: 1456782181268
production-topology2-2-1456781020,0.916378480828109,1.0033240195099813,1900,1260,1456782181746
production-topology3-3-1456781027,1.0273422605049332,0.9981816442178623,2380,4320,1456782181746
production-topology1-1-1456781013,0.9386516663644187,0.87295010000552,2500,1560,1456782181746
production-topology4-4-1456781038,1.0752217079130144,1.0112926357285419,2220,4120,1456782181747
Running observer at: 1456782192324
production-topology2-2-1456781020,0.9425136612021856,1.0018833262883928,2000,1200,1456782192930
production-topology3-3-1456781027,1.002407577292755,0.9995649709714393,2380,4240,1456782192930
production-topology1-1-1456781013,1.023042807406235,0.8817790827937974,2400,1520,1456782192930
production-topology4-4-1456781038,1.041147648407947,1.0130488129449775,1960,3500,1456782192930
Running observer at: 1456782203513
production-topology2-2-1456781020,0.9647771864752998,0.9999631525516305,2120,1360,1456782203999
production-topology3-3-1456781027,1.0497382198316099,1.0020149894314616,2480,4660,1456782203999
production-topology1-1-1456781013,0.9504235718292137,0.8855926655179871,2420,1560,1456782203999
production-topology4-4-1456781038,0.9696242275814276,1.0106363359803359,2420,4340,1456782203999
Running observer at: 1456782214571
production-topology2-2-1456781020,1.1714620647120322,1.000477482624185,1900,1260,1456782215025
production-topology3-3-1456781027,0.9340650893359413,0.9963234402413127,2400,4220,1456782215025
production-topology1-1-1456781013,1.0757270494747624,0.8955997383578174,2500,1620,1456782215025
production-topology4-4-1456781038,0.9556209619997309,1.0077407899813566,2300,4020,1456782215025
Running observer at: 1456782225639
production-topology2-2-1456781020,0.9274450549450549,1.0006894509342783,1960,1240,1456782226198
production-topology3-3-1456781027,1.0804526495935889,1.0008325212674565,2340,4400,1456782226199
production-topology1-1-1456781013,0.9553134003003173,0.8985854214549424,2320,1500,1456782226199
production-topology4-4-1456781038,0.9987119289665847,1.0072893469306181,1940,3460,1456782226199
Running observer at: 1456782236723
production-topology2-2-1456781020,1.0844015473300972,0.9993101462766755,2060,1300,1456782237219
production-topology3-3-1456781027,0.9772847858360934,0.9991724381506607,2360,4300,1456782237219
production-topology1-1-1456781013,0.959254953755099,0.9014744468025688,2400,1560,1456782237219
production-topology4-4-1456781038,1.0022524534703403,1.007049494861081,2280,4200,1456782237219
Running observer at: 1456782247780
production-topology2-2-1456781020,1.1175810642832629,1.0053221922509685,1900,1240,1456782248253
production-topology3-3-1456781027,0.9927015327595464,0.996084589653483,2580,4520,1456782248253
production-topology1-1-1456781013,0.9741371375977912,0.9047772963841698,2500,1680,1456782248253
production-topology4-4-1456781038,1.0449022551656775,1.0087700748749262,2380,4360,1456782248253
Running observer at: 1456782258728
production-topology2-2-1456781020,0.8040222983531674,1.0005556468023553,1880,1200,1456782259282
production-topology3-3-1456781027,0.956303387588451,0.9979605855219341,2240,4000,1456782259282
production-topology1-1-1456781013,1.2201967709348471,0.9184911865820254,2180,1340,1456782259283
production-topology4-4-1456781038,0.8791174086544457,1.0031330024305576,1960,3360,1456782259283
Running observer at: 1456782269795
production-topology2-2-1456781020,1.2090326332374282,1.0031451387169994,1900,1200,1456782270355
production-topology3-3-1456781027,1.1017809363615303,1.000414080594546,2360,4280,1456782270355
production-topology1-1-1456781013,0.922147038691566,0.9186435137532563,2540,1600,1456782270356
production-topology4-4-1456781038,1.051256122684694,1.0051381324411466,2240,4120,1456782270356
Running observer at: 1456782280857
production-topology2-2-1456781020,0.9030963302752294,1.0012123299393445,2240,1400,1456782281392
production-topology3-3-1456781027,0.8794386073054683,0.9973075652134494,2480,4240,1456782281392
production-topology1-1-1456781013,1.0930306695922238,0.925618999986815,2360,1600,1456782281392
production-topology4-4-1456781038,1.0077613515727077,1.005243061206409,2140,3980,1456782281392
Running observer at: 1456782291835
production-topology2-2-1456781020,0.982999918156415,1.0010802984996363,1860,1180,1456782292366
production-topology3-3-1456781027,1.0861715984735358,0.997725383576419,2460,4540,1456782292366
production-topology1-1-1456781013,0.8299409074591317,0.9219390733511349,2360,1480,1456782292366
production-topology4-4-1456781038,1.00096320738717,1.0050784514441307,2140,3840,1456782292366
Running observer at: 1456782302884
production-topology2-2-1456781020,1.0568071820373144,1.002653150291231,1880,1220,1456782303461
production-topology3-3-1456781027,1.0099472883285858,1.0004079511843567,2380,4300,1456782303461
production-topology1-1-1456781013,1.075727632489213,0.9276349459118044,2580,1600,1456782303462
production-topology4-4-1456781038,0.993492947060518,1.0046493586891818,2380,4140,1456782303462
Running observer at: 1456782314017
production-topology2-2-1456781020,1.0075881420158561,1.0036792668474142,2040,1380,1456782314588
production-topology3-3-1456781027,0.9971780769118486,1.0018250681340333,2300,4260,1456782314589
production-topology1-1-1456781013,1.1028404157442089,0.9338922841201045,2280,1480,1456782314589
production-topology4-4-1456781038,1.0341572533691323,1.0057032120706086,2060,3900,1456782314589
Running observer at: 1456782325121
production-topology2-2-1456781020,0.9605966170151715,1.003410488383546,2060,1260,1456782325689
production-topology3-3-1456781027,1.001317337238333,1.0002223511072048,2540,4560,1456782325690
production-topology1-1-1456781013,0.7710348148286793,0.9282765093169518,2440,1480,1456782325690
production-topology4-4-1456781038,0.9815317845945225,1.0048697145714334,2200,3720,1456782325690
Running observer at: 1456782336233
production-topology2-2-1456781020,1.1001526466114884,1.0055887349443018,1920,1300,1456782336816
production-topology3-3-1456781027,0.9889998323396476,0.9993956494317382,2420,4240,1456782336816
production-topology1-1-1456781013,1.1590283441075293,0.9359682371433045,2420,1680,1456782336816
production-topology4-4-1456781038,0.9387917015350412,1.0026671141368868,2360,4180,1456782336816
Running observer at: 1456782347366
production-topology2-2-1456781020,0.987166170837578,1.0041852875180202,2020,1340,1456782347968
production-topology3-3-1456781027,0.9928693407187434,0.9964345601656885,2380,4300,1456782347968
production-topology1-1-1456781013,1.0663185088777662,0.9381780172543462,2440,1560,1456782347968
production-topology4-4-1456781038,1.0934687306844717,1.005793882938977,2100,3960,1456782347968
Running observer at: 1456782358424
production-topology2-2-1456781020,0.8789137885979875,1.0010670317038828,1960,1280,1456782358917
production-topology3-3-1456781027,1.0874301418089345,1.0022251556938682,2480,4620,1456782358917
production-topology1-1-1456781013,0.9757262399987648,0.970702225254305,2420,1500,1456782358917
production-topology4-4-1456781038,0.98240514137049,1.03854072098466,2180,3920,1456782358917
Running observer at: 1456782369486
production-topology2-2-1456781020,1.1275455483093626,1.0058377434271442,1980,1280,1456782369984
production-topology3-3-1456781027,0.9691459985220896,1.000684156235883,2360,4140,1456782369984
production-topology1-1-1456781013,1.01909150757077,0.9713386088399976,2520,1600,1456782369985
production-topology4-4-1456781038,1.0025774970832255,1.0052933042207672,2280,4080,1456782369985
Running observer at: 1456782380613
production-topology2-2-1456781020,1.068445063846007,1.0041096382218575,1920,1360,1456782381223
production-topology3-3-1456781027,0.9956941454267658,1.0000467259922248,2380,4340,1456782381223
production-topology1-1-1456781013,0.8285716332788666,0.965624329949293,2420,1460,1456782381223
production-topology4-4-1456781038,1.0103220963046013,0.972304040764254,2180,3880,1456782381223
Running observer at: 1456782391696
production-topology2-2-1456781020,0.9464984892733307,1.0116095638142777,2020,1200,1456782392199
production-topology3-3-1456781027,1.0273841642079993,1.0034948048344314,2440,4520,1456782392199
production-topology1-1-1456781013,1.0931855224421188,0.9687305140306971,2320,1560,1456782392199
production-topology4-4-1456781038,0.9960482344498207,0.9388389819125816,2180,3860,1456782392200
Running observer at: 1456782402746
production-topology2-2-1456781020,0.9430319508600854,1.011469156144953,1940,1220,1456782403274
production-topology3-3-1456781027,0.9886774103917755,1.0066073382611993,2440,4320,1456782403275
production-topology1-1-1456781013,1.1016245009498877,1.0053763491947858,2540,1540,1456782403275
production-topology4-4-1456781038,1.0359945425577402,0.973372133331173,2260,4180,1456782403275
Running observer at: 1456782413910
production-topology2-2-1456781020,0.9923156038392663,1.0091906695290924,2080,1360,1456782414525
production-topology3-3-1456781027,1.0214548289325958,1.0042696423944064,2400,4240,1456782414525
production-topology1-1-1456781013,0.9935139886050652,1.005353041494051,2340,1600,1456782414525
production-topology4-4-1456781038,0.9461843661567535,1.0049116122030648,2180,3940,1456782414525
Running observer at: 1456782425047
production-topology2-2-1456781020,1.1381020195453184,1.012036844687401,1960,1300,1456782425566
production-topology3-3-1456781027,0.9292744238942171,1.0055711015564233,2500,4500,1456782425566
production-topology1-1-1456781013,0.8953342111805125,1.0057813441201873,2340,1440,1456782425567
production-topology4-4-1456781038,1.0044191919191918,0.9972928934563445,2200,3800,1456782425567
Running observer at: 1456782436192
production-topology2-2-1456781020,0.9316083746584104,1.0125770547669641,1980,1200,1456782436687
production-topology3-3-1456781027,1.049475099980956,1.0052935129297174,2400,4300,1456782436687
production-topology1-1-1456781013,1.02167094017094,1.0015833542641983,2600,1640,1456782436687
production-topology4-4-1456781038,1.0208678551579666,0.9978817422097946,2300,4140,1456782436688
Running observer at: 1456782447227
production-topology2-2-1456781020,1.0369541597562502,1.0137903700667055,1960,1340,1456782447807
production-topology3-3-1456781027,0.9687487125400658,1.004486237206059,2420,4320,1456782447807
production-topology1-1-1456781013,1.1550415705930615,1.0106083090589435,2300,1580,1456782447807
production-topology4-4-1456781038,0.9425854264870352,0.9968560288054858,1920,3500,1456782447807
Running observer at: 1456782458401
production-topology2-2-1456781020,0.9833627997642685,1.0123917340321917,1800,1160,1456782458937
production-topology3-3-1456781027,1.051580180392237,1.0053452908840592,2520,4440,1456782458937
production-topology1-1-1456781013,0.7468411953027548,1.000298971463352,2320,1400,1456782458937
production-topology4-4-1456781038,1.0279195384763087,0.9993365827858117,2260,4120,1456782458938
Running observer at: 1456782469555
production-topology2-2-1456781020,0.9780949363820023,1.0097227072346746,2100,1360,1456782470026
production-topology3-3-1456781027,0.9609617757000677,1.0031806719178185,2420,4420,1456782470026
production-topology1-1-1456781013,1.0995674607920314,1.0008101709382575,2640,1720,1456782470027
production-topology4-4-1456781038,0.9735189970766642,0.9981589448934294,2420,4300,1456782470027
Running observer at: 1456782480558
production-topology2-2-1456781020,1.1617504835589942,1.0137593519461865,1880,1200,1456782481160
production-topology3-3-1456781027,0.9710164828314023,1.0013593600899044,2360,4280,1456782481161
production-topology1-1-1456781013,1.008420348185369,1.0075724450386003,2200,1480,1456782481161
production-topology4-4-1456781038,0.9973469364385104,0.9975950973856939,1900,3420,1456782481161
Running observer at: 1456782491689
production-topology2-2-1456781020,0.7599546215588293,1.0120251109422556,1960,1220,1456782492283
production-topology3-3-1456781027,1.0111407034798792,1.0016192654596303,2280,4040,1456782492283
production-topology1-1-1456781013,1.119101566174764,1.005360476502814,2480,1560,1456782492283
production-topology4-4-1456781038,1.0807020431218408,1.0028009544962118,2300,4180,1456782492283
Running observer at: 1456782502924
production-topology2-2-1456781020,1.0787870282195913,1.0053795288828464,2280,1360,1456782503410
production-topology3-3-1456781027,1.0150596713137516,1.0041680753281115,2680,4780,1456782503410
production-topology1-1-1456781013,0.9271363841327581,1.0033880919610223,2640,1640,1456782503410
production-topology4-4-1456781038,0.9643065583993665,1.0017740038682315,2360,4300,1456782503410
Running observer at: 1456782513987
production-topology2-2-1456781020,1.0160141927853341,1.0087007192814206,1780,1180,1456782514570
production-topology3-3-1456781027,0.914989631094753,1.0004229876811055,2380,4200,1456782514570
production-topology1-1-1456781013,0.9798001342930357,1.0047597075586427,2180,1420,1456782514570
production-topology4-4-1456781038,1.0651095149785315,1.0014369307704152,1940,3480,1456782514570
Running observer at: 1456782525096
production-topology2-2-1456781020,1.1422211710074037,1.015357636274928,1900,1300,1456782525663
production-topology3-3-1456781027,1.138651128874392,1.0049644394004933,2160,4160,1456782525663
production-topology1-1-1456781013,0.9598113480529586,1.0026519922468669,2440,1520,1456782525663
production-topology4-4-1456781038,0.9986558358898783,1.000020537019813,2320,4060,1456782525663
Running observer at: 1456782536097
production-topology2-2-1456781020,1.0318866073405415,1.017594616970436,2140,1400,1456782536613
production-topology3-3-1456781027,0.9849475173081217,1.002804749316377,2700,4740,1456782536613
production-topology1-1-1456781013,1.172409106611972,1.010051510072959,2600,1700,1456782536613
production-topology4-4-1456781038,0.9633680184915423,0.9998119967168169,2380,4380,1456782536613
Running observer at: 1456782547071
production-topology2-2-1456781020,0.9304402157448397,1.0095605553381963,1880,1120,1456782547715
production-topology3-3-1456781027,0.9494669070839912,1.003318143241312,2260,4020,1456782547715
production-topology1-1-1456781013,0.9159836504462237,1.0047267301053409,2220,1440,1456782547715
production-topology4-4-1456781038,0.9640835912245661,1.0000940843576445,1980,3480,1456782547715
Running observer at: 1456782558253
production-topology2-2-1456781020,0.9720322604030739,1.01104679552013,1980,1240,1456782558851
production-topology3-3-1456781027,1.0229244357047702,1.001400536111685,2400,4360,1456782558852
production-topology1-1-1456781013,1.0380993150684934,1.0074862605976134,2400,1500,1456782558852
production-topology4-4-1456781038,1.0436706805165115,1.001592709409309,2260,4080,1456782558852
Running observer at: 1456782569334
production-topology2-2-1456781020,1.1139084451954067,1.0120303587823072,2180,1420,1456782569806
production-topology3-3-1456781027,1.006972572553313,1.0023901290022588,2660,4720,1456782569806
production-topology1-1-1456781013,1.0764137436059116,1.0113915535926403,2740,1800,1456782569806
production-topology4-4-1456781038,0.943354167246514,0.9996294332018479,2440,4260,1456782569806
Running observer at: 1456782580273
production-topology2-2-1456781020,0.8252084577857427,1.0022846052323897,1920,1180,1456782580930
production-topology3-3-1456781027,0.9943825234697763,1.002446162025933,2240,4100,1456782580930
production-topology1-1-1456781013,0.8365041228801215,1.0068037864353847,2300,1300,1456782580930
production-topology4-4-1456781038,1.0187524366471736,0.9987577725845646,1960,3500,1456782580930
Running observer at: 1456782591367
production-topology2-2-1456781020,0.9976384271466242,1.0087384761921716,1820,1220,1456782591901
production-topology3-3-1456781027,0.9858664477901347,1.003431597365989,2460,4240,1456782591901
production-topology1-1-1456781013,1.0702561239444484,1.0018057648690382,2300,1600,1456782591901
production-topology4-4-1456781038,1.0382292990931434,1.0040615022658546,2260,4220,1456782591901
Running observer at: 1456782602512
production-topology2-2-1456781020,1.0084156313050867,1.002051242794427,2160,1360,1456782603043
production-topology3-3-1456781027,0.9623256224433809,0.998783086902051,2380,4260,1456782603043
production-topology1-1-1456781013,1.0032052920071848,1.0045077066462254,2680,1720,1456782603044
production-topology4-4-1456781038,0.9294341267218016,1.0000007690670913,2420,4300,1456782603044
Running observer at: 1456782613574
production-topology2-2-1456781020,1.0524881277276108,1.0070309693761732,1900,1180,1456782614047
production-topology3-3-1456781027,1.0476993244781785,1.0043917774744746,2500,4540,1456782614047
production-topology1-1-1456781013,0.9769753692779898,1.000639196635751,2240,1460,1456782614047
production-topology4-4-1456781038,1.1035760314341005,1.0031945917291378,1920,3460,1456782614047
Running observer at: 1456782624701
production-topology2-2-1456781020,1.023684648349418,1.008387127049273,1900,1300,1456782625179
production-topology3-3-1456781027,1.0041954036659404,1.0016592376475546,2340,4320,1456782625179
production-topology1-1-1456781013,1.03792722441009,1.0075720738674496,2440,1540,1456782625179
production-topology4-4-1456781038,0.9798361669010976,1.0024903570462687,2220,4100,1456782625180
Running observer at: 1456782635769
production-topology2-2-1456781020,1.022496993175207,1.007243454087203,2180,1360,1456782636293
production-topology3-3-1456781027,0.9449507446326111,0.9994926861910223,2380,4260,1456782636293
production-topology1-1-1456781013,0.9946180921691523,1.0048684225234477,2540,1700,1456782636293
production-topology4-4-1456781038,1.011955146773046,1.0031057637033531,2480,4340,1456782636293
Running observer at: 1456782646857
production-topology2-2-1456781020,1.082414745281479,1.0097376741960569,1860,1180,1456782647383
production-topology3-3-1456781027,0.9876686314476633,0.9991757046755493,2540,4480,1456782647383
production-topology1-1-1456781013,0.9720142033178648,1.000507548775903,2020,1260,1456782647383
production-topology4-4-1456781038,1.0145986436299625,1.0024538100453808,1860,3440,1456782647383
Running observer at: 1456782658024
production-topology2-2-1456781020,0.9298755020080322,1.0087136370291523,1940,1220,1456782658545
production-topology3-3-1456781027,1.0350038011023064,1.0002985868043486,2440,4360,1456782658546
production-topology1-1-1456781013,0.9879526558097986,1.0077381434752737,2640,1660,1456782658546
production-topology4-4-1456781038,0.9829957801519953,1.0025026098972964,2360,4100,1456782658546
Running observer at: 1456782669134
production-topology2-2-1456781020,1.0508798009167641,1.0070712088393283,2180,1380,1456782669660
production-topology3-3-1456781027,0.9991960799406701,1.0006384617243829,2300,4200,1456782669660
production-topology1-1-1456781013,1.0531212484993995,1.0042079069550025,2720,1740,1456782669660
production-topology4-4-1456781038,1.009254030714456,1.004851354203277,2260,4280,1456782669661
Running observer at: 1456782680130
production-topology2-2-1456781020,0.9325768749066273,1.0052515656416297,1800,1180,1456782680687
production-topology3-3-1456781027,1.0939992674422756,1.0040094592818336,2220,4220,1456782680687
production-topology1-1-1456781013,1.0535364902595548,1.0037818396677287,1920,1300,1456782680687
production-topology4-4-1456781038,0.9853382125868494,1.001247003600023,1940,3320,1456782680688
Running observer at: 1456782691393
production-topology2-2-1456781020,0.9245515151515152,1.006772823193414,2000,1200,1456782691924
production-topology3-3-1456781027,0.9275954419872365,0.9986816359544437,2700,4780,1456782691924
production-topology1-1-1456781013,0.8901655952426599,1.0009298181758586,2640,1680,1456782691924
production-topology4-4-1456781038,0.9971312959877827,1.0017378754205992,2400,4380,1456782691924
Running observer at: 1456782702440
production-topology2-2-1456781020,1.1170584256000549,1.0064232524364372,2100,1360,1456782702952
production-topology3-3-1456781027,1.0031554647515963,0.9998152848287607,2340,4240,1456782702952
production-topology1-1-1456781013,1.0583437868428487,1.002238227484928,2660,1640,1456782702952
production-topology4-4-1456781038,0.9377264572787529,0.9995761740937836,2420,4180,1456782702952
Running observer at: 1456782713485
production-topology2-2-1456781020,0.9811865165734623,1.0035146341940189,1940,1180,1456782714073
production-topology3-3-1456781027,1.0072039072039072,1.0001989435546654,2340,4040,1456782714074
production-topology1-1-1456781013,0.9309612678427744,1.005651215303725,2000,1340,1456782714074
production-topology4-4-1456781038,1.0457628811460553,1.0007575335884986,1780,3380,1456782714074
Running observer at: 1456782724703
production-topology2-2-1456781020,1.1205574948775439,1.0093166010474928,1860,1260,1456782725195
production-topology3-3-1456781027,1.0390463156072738,1.0005876819346409,2640,4720,1456782725195
production-topology1-1-1456781013,0.965748552686175,1.0014033163118603,2700,1680,1456782725196
production-topology4-4-1456781038,1.013701861552912,1.0013459878252684,2400,4340,1456782725196
Running observer at: 1456782735799
production-topology2-2-1456781020,1.0256638306814718,1.0120709970415391,2180,1380,1456782736349
production-topology3-3-1456781027,0.9251388632717814,0.9984697303639745,2360,4200,1456782736349
production-topology1-1-1456781013,0.9959835954630356,0.9978819527956317,2620,1620,1456782736349
production-topology4-4-1456781038,1.0985399708900168,1.0034308354363444,2360,4380,1456782736349
Running observer at: 1456782746814
production-topology2-2-1456781020,0.8474399074112314,1.0072418071606046,1960,1200,1456782747428
production-topology3-3-1456781027,1.0119994279176199,0.9981545503301419,2240,4140,1456782747428
production-topology1-1-1456781013,1.1360493668823097,1.0026331320715398,1900,1280,1456782747428
production-topology4-4-1456781038,0.9942359326285296,1.0050325543187368,1880,3180,1456782747428
Running observer at: 1456782758033
production-topology2-2-1456781020,0.9951520435391403,1.0024768079603985,1880,1260,1456782758559
production-topology3-3-1456781027,1.0256297534778733,1.0013663946495972,2680,4740,1456782758559
production-topology1-1-1456781013,0.9408573265531327,1.0041505692506272,2720,1780,1456782758559
production-topology4-4-1456781038,0.8724523374502487,1.000633659169772,2420,4280,1456782758559
Running observer at: 1456782769154
production-topology2-2-1456781020,0.9712235062929868,1.0037973123482178,2200,1380,1456782769666
production-topology3-3-1456781027,1.0342324021260045,1.0008583047210988,2320,4280,1456782769667
production-topology1-1-1456781013,1.0494028917300557,1.005074967635931,2500,1580,1456782769667
production-topology4-4-1456781038,1.0743044839900282,1.0024148801308406,2400,4380,1456782769667
Running observer at: 1456782780175
production-topology2-2-1456781020,1.0870077299998022,1.0054657646896694,1800,1060,1456782780792
production-topology3-3-1456781027,0.9814256623675444,1.0012808697153481,2320,4080,1456782780793
production-topology1-1-1456781013,0.941785834928499,0.9979664431137788,2140,1320,1456782780793
production-topology4-4-1456781038,1.0093796549810303,1.0046413544139738,1760,3140,1456782780793
Running observer at: 1456782791337
production-topology2-2-1456781020,0.9519197717415887,1.00441766375558,1940,1280,1456782791838
production-topology3-3-1456781027,0.9682138266145619,0.9985019912560923,2640,4720,1456782791838
production-topology1-1-1456781013,1.071770844789303,1.008797431429997,2600,1740,1456782791839
production-topology4-4-1456781038,1.0042050686012836,1.0038508720848063,2420,4420,1456782791839
Running observer at: 1456782802519
production-topology2-2-1456781020,1.1525856729504145,1.0102340216411936,1960,1300,1456782803036
production-topology3-3-1456781027,1.0217709879030277,1.0005289649961913,2320,4280,1456782803036
production-topology1-1-1456781013,1.0616542864980363,1.0075336589535306,2400,1540,1456782803036
production-topology4-4-1456781038,0.9500707601506466,1.0030692641872725,1960,3480,1456782803036
Running observer at: 1456782813505
production-topology2-2-1456781020,0.8484562856177756,0.9997908817098199,2080,1300,1456782814116
production-topology3-3-1456781027,0.968621591722463,1.00044913529256,2320,4120,1456782814116
production-topology1-1-1456781013,0.9003611184733635,1.003931684629797,2280,1500,1456782814116
production-topology4-4-1456781038,1.1179879602648528,1.0070906316481507,2180,4180,1456782814117
Running observer at: 1456782824702
production-topology2-2-1456781020,1.1098167155079754,1.0114529515081248,1960,1180,1456782825238
production-topology3-3-1456781027,0.9935592762267129,0.9998630877174545,2620,4840,1456782825238
production-topology1-1-1456781013,1.0567424882732177,1.0018530486997457,2640,1700,1456782825238
production-topology4-4-1456781038,0.9770313114725733,1.003634940593175,2480,4300,1456782825238
Running observer at: 1456782835736
production-topology2-2-1456781020,1.1097509671566348,1.0124850828060261,1860,1220,1456782836409
production-topology3-3-1456781027,1.0183838102316365,0.9999738923480505,2340,4260,1456782836409
production-topology1-1-1456781013,1.0562502201401853,1.0061568432333265,2320,1540,1456782836409
production-topology4-4-1456781038,0.9509995791245791,1.0031913746173486,1980,3420,1456782836409
Running observer at: 1456782846849
production-topology2-2-1456781020,0.8808388613843964,1.007979238425995,2100,1320,1456782847199
production-topology3-3-1456781027,1.0442555351347216,1.0042827558160494,2280,4060,1456782847199
production-topology1-1-1456781013,1.0342748954846193,1.0079726686063795,2320,1460,1456782847200
production-topology4-4-1456781038,1.020496897294887,1.0017042873612272,2240,4200,1456782847200
Running observer at: 1456782857684
production-topology2-2-1456781020,1.0347894305865057,1.0043981804119653,1860,1240,1456782858032
production-topology3-3-1456781027,0.9502936534129572,0.9980041733006683,2700,4760,1456782858032
production-topology1-1-1456781013,1.2623610607227493,1.0180576590287058,920,580,1456782858032
production-topology4-4-1456781038,1.0128020931649924,1.002175829270398,2380,4360,1456782858032
Running observer at: 1456782868367
production-topology2-2-1456781020,0.0,0.9700019601672806,120,0,1456782868818
production-topology3-3-1456781027,1.0711290509790299,1.0008768910896986,1540,2940,1456782868818
production-topology1-1-1456781013,1.0,1.0123106888083067,0,0,1456782868818
production-topology4-4-1456781038,0.9564429838686894,1.0019449947829695,1900,3160,1456782868818
