Running observer at: 1456166471870
production-topology1-1-1456166471,0.0,0.0,1456166471965
Running observer at: 1456166478277
production-topology1-1-1456166471,0.0,0.0,1456166478417
production-topology2-2-1456166478,0.0,0.0,1456166478417
Running observer at: 1456166481624
production-topology1-1-1456166471,0.0,0.0,1456166481773
production-topology2-2-1456166478,0.0,0.0,1456166481773
Running observer at: 1456166485253
production-topology1-1-1456166471,0.0,0.0,1456166485429
production-topology2-2-1456166478,0.0,0.0,1456166485429
production-topology3-3-1456166485,0.0,0.0,1456166485429
Running observer at: 1456166491968
production-topology1-1-1456166471,0.0,0.0,1456166492244
production-topology2-2-1456166478,1.0526315789473684,0.2631578947368421,1456166492244
production-topology4-4-1456166491,0.0,0.0,1456166492245
production-topology3-3-1456166485,0.0,0.0,1456166492245
Running observer at: 1456166493168
production-topology1-1-1456166471,0.0,0.0,1456166493408
production-topology2-2-1456166478,0.7447749383233252,0.3594813034541387,1456166493408
production-topology4-4-1456166491,0.0,0.0,1456166493409
production-topology3-3-1456166485,0.0,0.0,1456166493409
Running observer at: 1456166504094
production-topology1-1-1456166471,0.26399999999999996,0.03771428571428571,1456166504401
production-topology2-2-1456166478,1.0509471480900054,0.47472561089344983,1456166504401
production-topology4-4-1456166491,0.0,0.0,1456166504401
production-topology3-3-1456166485,1.003193378063683,0.25079834451592076,1456166504402
Running observer at: 1456166515191
production-topology1-1-1456166471,1.3397569833131757,0.20046962291414697,1456166515480
production-topology2-2-1456166478,1.0412010695946348,0.5556506764221905,1456166515480
production-topology4-4-1456166491,0.5359100877192982,0.13397752192982454,1456166515480
production-topology3-3-1456166485,0.9989669388004633,0.40043206337282927,1456166515481
Running observer at: 1456166526256
production-topology1-1-1456166471,0.8932249679699982,0.27744243903146376,1456166526542
production-topology2-2-1456166478,0.8299388223915153,0.5899366946683561,1456166526543
production-topology4-4-1456166491,1.1489819629354514,0.3369784101309499,1456166526543
production-topology3-3-1456166485,0.9590194024481351,0.49352995321871357,1456166526543
Running observer at: 1456166537286
production-topology1-1-1456166471,1.2013373081229313,0.36983192594061054,1456166537623
production-topology2-2-1456166478,1.148411920859309,0.6519894975784619,1456166537624
production-topology4-4-1456166491,1.036877786184336,0.45362830613984756,1456166537624
production-topology3-3-1456166485,1.0747914819346533,0.5765673144638478,1456166537624
Running observer at: 1456166548189
production-topology1-1-1456166471,1.157458304509658,0.44143432399234217,1456166548458
production-topology2-2-1456166478,0.9593379744559698,0.6827243452662127,1456166548458
production-topology4-4-1456166491,0.9722113211685124,0.5277115940010854,1456166548459
production-topology3-3-1456166485,0.9533142281589485,0.6236606786757354,1456166548459
Running observer at: 1456166559119
production-topology1-1-1456166471,0.8497332304639623,0.47545923286497715,1456166559347
production-topology2-2-1456166478,1.1814194158015836,0.7280602607694283,1456166559347
production-topology4-4-1456166491,0.9784573869622131,0.5840548181212264,1456166559348
production-topology3-3-1456166485,1.028329003273698,0.6686238258532868,1456166559348
Running observer at: 1456166570010
production-topology1-1-1456166471,1.0991874686716792,0.5234383279270312,1456166570252
production-topology2-2-1456166478,0.9647156556892558,0.7477815436794139,1456166570252
production-topology4-4-1456166491,0.9832185351848275,0.6284063422394043,1456166570252
production-topology3-3-1456166485,0.9568817935891258,0.6974496226268707,1456166570252
Running observer at: 1456166580937
production-topology1-1-1456166471,1.0068923245634176,0.5579707562582016,1456166581185
production-topology2-2-1456166478,0.8857918484156108,0.7583977209668137,1456166581185
production-topology4-4-1456166491,0.9974097386178161,0.6653066818772454,1456166581186
production-topology3-3-1456166485,1.0305584481779106,0.7277322431315106,1456166581186
Running observer at: 1456166591770
production-topology1-1-1456166471,0.930120815625252,0.582780760216005,1456166592005
production-topology2-2-1456166478,0.9803558493217893,0.774251872992169,1456166592005
production-topology4-4-1456166491,1.0123112740241726,0.6968525538906024,1456166592006
production-topology3-3-1456166485,0.9613842516239777,0.7472032438392162,1456166592006
Running observer at: 1456166602658
production-topology1-1-1456166471,1.0097970125690587,0.6094692759880709,1456166602818
production-topology2-2-1456166478,1.0720156622101569,0.7941027922733682,1456166602818
production-topology4-4-1456166491,0.9606402434090209,0.7188348613504707,1456166602818
production-topology3-3-1456166485,1.0489169621749408,0.7704119914035027,1456166602819
Running observer at: 1456166613281
production-topology1-1-1456166471,1.0395125193443864,0.6347659373619718,1456166613579
production-topology2-2-1456166478,1.1076484536781823,0.8136993961111691,1456166613579
production-topology4-4-1456166491,1.0936154882648135,0.7476641403438816,1456166613580
production-topology3-3-1456166485,0.9491982566314825,0.783182438919787,1456166613580
Running observer at: 1456166624077
production-topology1-1-1456166471,1.007896857307666,0.6554954329145103,1456166624295
production-topology2-2-1456166478,0.9438566221154695,0.8213557035231868,1456166624295
production-topology4-4-1456166491,0.9948023746912105,0.7653168713686908,1456166624296
production-topology3-3-1456166485,2.0,0.8643036096584679,1456166624296
Running observer at: 1456166634866
production-topology1-1-1456166471,0.9148750099597834,0.6691469896011036,1456166635044
production-topology2-2-1456166478,1.0841720867701028,0.835956613703571,1456166635044
production-topology4-4-1456166491,2.0,0.8476290799441114,1456166635044
production-topology3-3-1456166485,2.0,0.9352846340548137,1456166635045
Running observer at: 1456166637181
production-topology1-1-1456166471,1.2620919540229885,0.6987942378221979,1456166637404
production-topology2-2-1456166478,0.9847342995169084,0.8437870182200624,1456166637404
production-topology4-4-1456166491,2.0,0.9196522624476045,1456166637404
production-topology3-3-1456166485,2.0,0.9979149496986482,1456166637405
Running observer at: 1456166645544
production-topology1-1-1456166471,1.0210278525083083,0.7141386956643936,1456166645755
production-topology2-2-1456166478,0.6217537036563212,0.8326853524918754,1456166645755
production-topology4-4-1456166491,2.0,0.9832021293624512,1456166645756
production-topology3-3-1456166485,2.0,1.0535863413820568,1456166645756
Running observer at: 1456166649147
production-topology1-1-1456166471,1.0324603490672783,0.728607861728161,1456166649350
production-topology2-2-1456166478,1.0,0.8406527166589289,1456166649350
production-topology4-4-1456166491,2.0,1.0396908999534262,1456166649351
production-topology3-3-1456166485,2.0,1.1033975865724748,1456166649351
Running observer at: 1456166656248
production-topology1-1-1456166471,0.9490975837212122,0.7381943713800329,1456166656451
production-topology2-2-1456166478,1.0,0.8478957749926139,1456166656451
production-topology4-4-1456166491,0.9452441090992185,1.0347200162242574,1456166656451
production-topology3-3-1456166485,0.2,1.058227707243851,1456166656452
Running observer at: 1456166666403
production-topology1-1-1456166471,1.0210084033613445,0.749978289379254,1456166666655
production-topology2-2-1456166478,1.0,0.8545090021668481,1456166666655
production-topology4-4-1456166491,0.041666666666666664,0.9850673487463778,1456166666656
production-topology3-3-1456166485,0.9851111455721882,1.054745966211867,1456166666656
Running observer at: 1456166667269
production-topology1-1-1456166471,1.0042265426880812,0.7601482195116072,1456166667437
production-topology2-2-1456166478,0.9947999696703903,0.8603544591461624,1456166667437
production-topology4-4-1456166491,2.0,1.0333974749965502,1456166667437
production-topology3-3-1456166485,1.625,1.0806666041113275,1456166667438
Running observer at: 1456166677997
production-topology1-1-1456166471,0.9055387040269062,0.765740161223734,1456166678302
production-topology2-2-1456166478,0.9947999696703903,0.8657322795671314,1456166678303
production-topology4-4-1456166491,1.1126120926456107,1.036998139435144,1456166678303
production-topology3-3-1456166485,1.0223885455238095,1.0781327754770877,1456166678303
Running observer at: 1456166688871
production-topology1-1-1456166471,1.1407364970535034,0.7796289144026143,1456166689072
production-topology2-2-1456166478,0.9947999696703903,0.8706964214941798,1456166689072
production-topology4-4-1456166491,1.0443231239011752,1.0373166170206236,1456166689073
production-topology3-3-1456166485,0.9415717758350499,1.0724427338253362,1456166689073
Running observer at: 1456166699681
production-topology1-1-1456166471,0.9314194941235857,0.7850500065355062,1456166699983
production-topology2-2-1456166478,0.8798390604610702,0.8710350377522127,1456166699983
production-topology4-4-1456166491,1.0146592958519567,1.036372561971929,1456166699983
production-topology3-3-1456166485,1.0338438432622072,1.070898778202811,1456166699983
Running observer at: 1456166710607
production-topology1-1-1456166471,0.9585348888346422,0.791032243856166,1456166710817
production-topology2-2-1456166478,1.1177022300383848,0.8798445803338618,1456166710817
production-topology4-4-1456166491,0.9735231699517414,1.0338585862911216,1456166710817
production-topology3-3-1456166485,1.0339102090752519,1.0694761409286742,1456166710818
Running observer at: 1456166721366
production-topology1-1-1456166471,1.085106343020799,0.8008347138283204,1456166721613
production-topology2-2-1456166478,0.9206256161492552,0.8812508229481857,1456166721614
production-topology4-4-1456166491,1.0455404868946054,1.0343078901604863,1456166721614
production-topology3-3-1456166485,0.9726750178933745,1.0658909141495891,1456166721614
Running observer at: 1456166732200
production-topology1-1-1456166471,0.9079646718802084,0.831100202890994,1456166732456
production-topology2-2-1456166478,1.043831183419416,0.8866701682972268,1456166732456
production-topology4-4-1456166491,0.8871351263253506,1.0288570470554812,1456166732456
production-topology3-3-1456166485,0.9894901633679327,1.063162315907387,1456166732457
Running observer at: 1456166742982
production-topology1-1-1456166471,1.0587731614047402,0.8663926416044853,1456166743221
production-topology2-2-1456166478,0.9123393555816698,0.9170814801499491,1456166743221
production-topology4-4-1456166491,1.1178639846743295,1.0320358662561544,1456166743221
production-topology3-3-1456166485,0.9544865231446115,1.0594148747776362,1456166743221
Running observer at: 1456166753730
production-topology1-1-1456166471,0.9475086068271836,0.8979762618320581,1456166753970
production-topology2-2-1456166478,1.0648661958414332,0.95257702001133,1456166753971
production-topology4-4-1456166491,0.9548778014143557,1.0293752433305752,1456166753971
production-topology3-3-1456166485,1.0602230411688551,1.0594418136573434,1456166753971
Running observer at: 1456166764673
production-topology1-1-1456166471,1.0449505250639426,0.9328079460008563,1456166764861
production-topology2-2-1456166478,1.036300139120507,0.9871203579820136,1456166764861
production-topology4-4-1456166491,1.0012177468813113,1.0284366601155996,1456166764862
production-topology3-3-1456166485,0.9661130263704107,1.091645581203024,1456166764862
Running observer at: 1456166775359
production-topology1-1-1456166471,1.0139224639627542,0.9666053614662814,1456166775656
production-topology2-2-1456166478,1.0799749507917291,0.988031803710159,1456166775656
production-topology4-4-1456166491,1.069093395826069,1.0640731066431353,1456166775656
production-topology3-3-1456166485,0.9740919373775104,1.1241153124489407,1456166775656
Running observer at: 1456166786211
production-topology1-1-1456166471,0.8259839189478364,0.9941381587645426,1456166786420
production-topology2-2-1456166478,0.9231474060690291,0.9939775526350157,1456166786420
production-topology4-4-1456166491,0.866782545328006,1.0929658581540689,1456166786420
production-topology3-3-1456166485,1.045490477901545,1.1589649950456589,1456166786420
/var/nimbus/storm/bin/storm rebalance production-topology1 -e spout_head=11
1456166786787
/var/nimbus/storm/bin/storm rebalance production-topology2 -e spout_head=9
Running observer at: 1456166797001
production-topology1-1-1456166471,1.000597304167244,1.000597304167244,1456166797219
production-topology2-2-1456166478,1.0055637066818637,1.0055637066818637,1456166797219
production-topology4-4-1456166491,1.0717086181118116,1.128689478757796,1456166797219
production-topology3-3-1456166485,0.983522820893063,1.1583093098066384,1456166797219
Running observer at: 1456166807768
production-topology1-1-1456166471,0.0,0.500298652083622,1456166807977
production-topology2-2-1456166478,2.9166666666666665,1.961115186674265,1456166807977
production-topology4-4-1456166491,1.0013103893391833,1.1442028221451255,1456166807977
production-topology3-3-1456166485,0.9900837289186804,1.158013202810579,1456166807977
Running observer at: 1456166818503
production-topology1-1-1456166471,1.0,0.666865768055748,1456166818706
production-topology2-2-1456166478,1.0,1.6407434577828433,1456166818706
production-topology4-4-1456166491,0.9304694780499991,1.1369190726489438,1456166818706
production-topology3-3-1456166485,0.9587856914688213,1.1580054124446018,1456166818707
Running observer at: 1456166825082
production-topology1-1-1456166471,1.0,0.7501493260418111,1456166825317
production-topology2-2-1456166478,1.0,1.4805575933371324,1456166825318
production-topology4-4-1456166491,1.1005835159259818,1.1390425969736655,1456166825318
production-topology3-3-1456166485,1.0899353422595177,1.158510207788764,1456166825318
Running observer at: 1456166825881
production-topology1-1-1456166471,1.0,0.8001194608334489,1456166826125
production-topology2-2-1456166478,1.0077992054156246,1.3860059157528308,1456166826126
production-topology4-4-1456166491,0.719642857142857,1.1306236481728102,1456166826126
production-topology3-3-1456166485,0.4285714285714286,1.1410187811358463,1456166826126
Running observer at: 1456166829269
production-topology1-1-1456166471,0.0015659955257270694,0.6670272166154952,1456166829452
production-topology2-2-1456166478,1.0077992054156246,1.322971464029963,1456166829453
production-topology4-4-1456166491,1.3792849252032926,1.1439845661141796,1456166829453
production-topology3-3-1456166485,0.9507407220143596,1.1384325050938686,1456166829454
Running observer at: 1456166839922
production-topology1-1-1456166471,0.9717798365486586,0.7105633051773756,1456166840171
production-topology2-2-1456166478,0.061458069312514435,1.1427552647846133,1456166840171
production-topology4-4-1456166491,0.9865485406266459,1.1440955662955734,1456166840171
production-topology3-3-1456166485,1.020856840114985,1.140565006644731,1456166840172
Running observer at: 1456166850688
production-topology1-1-1456166471,1.2064273701556623,0.7725463132996615,1456166850928
production-topology2-2-1456166478,0.9433475804535747,1.1178293042432335,1456166850928
production-topology4-4-1456166491,0.9280186819112067,1.1417825310720198,1456166850929
production-topology3-3-1456166485,1.0717305458768873,1.1419374099013635,1456166850929
Running observer at: 1456166861551
production-topology1-1-1456166471,0.845026140361578,0.7805996274176522,1456166861819
production-topology2-2-1456166478,1.2404695772566434,1.1314560012447235,1456166861819
production-topology4-4-1456166491,1.0892096539361522,1.1443458104024191,1456166861820
production-topology3-3-1456166485,0.9347070397054071,1.1410481695040775,1456166861820
Running observer at: 1456166872345
production-topology1-1-1456166471,1.2828719625774427,0.8308268609336313,1456166872610
production-topology2-2-1456166478,0.8881014438882372,1.107120545509075,1456166872610
production-topology4-4-1456166491,0.9783723605927432,1.14493688097521,1456166872611
production-topology3-3-1456166485,1.0826978783780694,1.1421742000441817,1456166872611
Running observer at: 1456166883166
production-topology1-1-1456166471,0.9371575159439911,0.8404932841163912,1456166883354
production-topology2-2-1456166478,1.0620505112812006,1.1030232696701772,1456166883355
production-topology4-4-1456166491,0.9820126999646648,1.1412167880318718,1456166883355
production-topology3-3-1456166485,0.9650894092550064,1.1427039051316326,1456166883355
Running observer at: 1456166893877
production-topology1-1-1456166471,1.0084291920103166,0.8544879431075517,1456166894082
production-topology2-2-1456166478,0.9394017676767675,1.0893881445040596,1456166894082
production-topology4-4-1456166491,1.0234722660507132,1.1421724510771882,1456166894082
production-topology3-3-1456166485,0.9286843539315652,1.106993383596018,1456166894083
Running observer at: 1456166904635
production-topology1-1-1456166471,0.8517060459628027,0.8542739510194941,1456166904843
production-topology2-2-1456166478,1.131982751056027,1.0926646527003647,1456166904844
production-topology4-4-1456166491,1.013458958034926,1.1092877496783524,1456166904844
production-topology3-3-1456166485,1.0383737126220214,1.074939174016752,1456166904844
Running observer at: 1456166915320
production-topology1-1-1456166471,1.0772755514134824,0.8702026367619219,1456166915556
production-topology2-2-1456166478,0.9093654618473894,1.0795718533537237,1456166915556
production-topology4-4-1456166491,1.0193737118929638,1.0766002067414513,1456166915556
production-topology3-3-1456166485,0.9844098848946073,1.0410861701799057,1456166915556
Running observer at: 1456166926103
production-topology1-1-1456166471,0.9986760904802177,0.878767533676475,1456166926308
production-topology2-2-1456166478,1.0154132326007326,1.075294611970191,1456166926308
production-topology4-4-1456166491,0.9932812593599043,1.0430429153867817,1456166926309
production-topology3-3-1456166485,0.9942337314884879,1.0075606278961886,1456166926309
Running observer at: 1456166936804
production-topology1-1-1456166471,1.125004495981761,0.8941573438205553,1456166937013
production-topology2-2-1456166478,1.0500042974944765,1.073713967315459,1456166937013
production-topology4-4-1456166491,0.9721887867930997,1.0087825416132183,1456166937013
production-topology3-3-1456166485,1.0197250383569327,0.9748847958414196,1456166937013
/var/nimbus/storm/bin/storm rebalance production-topology3 -e spout_head=11
1456166937394
/var/nimbus/storm/bin/storm rebalance production-topology4 -e bolt_output_1=9
Running observer at: 1456166947577
production-topology1-1-1456166471,0.887816944959802,0.8937843791816875,1456166947740
production-topology2-2-1456166478,0.9391803059255527,1.0658002225278176,1456166947740
production-topology3-3-1456166485,0.9987815290079975,0.9987815290079975,1456166947740
production-topology4-4-1456166491,0.9948823178592814,0.9948823178592814,1456166947740
Running observer at: 1456166958360
production-topology1-1-1456166471,1.1881967393166855,0.9101406214114096,1456166958621
production-topology2-2-1456166478,1.0185861590056402,1.0631772189988076,1456166958621
production-topology3-3-1456166485,2.475,1.7368907645039988,1456166958622
production-topology4-4-1456166491,1.388429752066116,1.1916560349626986,1456166958622
Running observer at: 1456166969221
production-topology1-1-1456166471,0.906577478767927,0.9099530875880684,1456166969527
production-topology2-2-1456166478,1.024077434966727,1.061119335628698,1456166969528
production-topology3-3-1456166485,2.0,1.8245938430026658,1456166969528
production-topology4-4-1456166491,2.0,1.4611040233084658,1456166969528
Running observer at: 1456166975841
production-topology1-1-1456166471,1.0867398738563256,0.9187924269014811,1456166976039
production-topology2-2-1456166478,0.9778154681139755,1.056954142252962,1456166976039
production-topology3-3-1456166485,2.0,1.8684453822519993,1456166976039
production-topology4-4-1456166491,2.0,1.5958280174813493,1456166976039
Running observer at: 1456166976619
production-topology1-1-1456166471,2.5,0.9940880256204582,1456166976867
production-topology2-2-1456166478,1.0,1.054242040240916,1456166976868
production-topology3-3-1456166485,2.0,1.8947563058015995,1456166976868
production-topology4-4-1456166491,0.8762010330840749,1.4519026206018943,1456166976868
Running observer at: 1456166980223
production-topology1-1-1456166471,0.757693040254985,0.9833427990129366,1456166980408
production-topology2-2-1456166478,0.8982028903903903,1.0471493516113468,1456166980408
production-topology3-3-1456166485,0.003963685755704174,1.5796242024606169,1456166980409
production-topology4-4-1456166491,0.8762010330840749,1.3559523560155913,1456166980409
Running observer at: 1456166990843
production-topology1-1-1456166471,0.9822272875621816,0.9832942985150778,1456166991022
production-topology2-2-1456166478,1.0779997613440668,1.048490673773639,1456166991022
production-topology3-3-1456166485,0.9867188766140242,1.4949234416253891,1456166991022
production-topology4-4-1456166491,0.43456427918878326,1.2243254878974759,1456166991022
Running observer at: 1456167001517
production-topology1-1-1456166471,0.9980246398921849,0.983908062739124,1456167001704
production-topology2-2-1456166478,0.9622619071695823,1.04489780849847,1456167001705
production-topology3-3-1456166485,0.24166461066718453,1.3382660877556136,1456167001705
production-topology4-4-1456166491,0.9827433277896571,1.1941277178839986,1456167001705
Running observer at: 1456167012207
production-topology1-1-1456166471,0.8954572114102903,0.9803700286859706,1456167012395
production-topology2-2-1456166478,1.0313270970394735,1.0443549800401102,1456167012396
production-topology3-3-1456166485,1.190275313979225,1.321822668447126,1456167012396
production-topology4-4-1456166491,1.0172248915426596,1.1744718482905165,1456167012396
Running observer at: 1456167022953
production-topology1-1-1456166471,1.0722504187814084,0.9839038898434874,1456167023144
production-topology2-2-1456166478,0.9149364330407551,1.039377343617058,1456167023144
production-topology3-3-1456166485,1.081279795010329,1.2977683811034464,1456167023144
production-topology4-4-1456166491,0.9586589771475819,1.152890561176223,1456167023144
Running observer at: 1456167033624
production-topology1-1-1456166471,0.9303313600920656,0.9819197220749162,1456167033845
production-topology2-2-1456166478,1.0928559534229196,1.041358032869127,1456167033845
production-topology3-3-1456166485,0.9732577574862562,1.2682674153200653,1456167033845
production-topology4-4-1456166491,0.9990213764547446,1.1389024534742704,1456167033845
Running observer at: 1456167044372
production-topology1-1-1456166471,1.0790374243035017,0.9853882114402228,1456167044602
production-topology2-2-1456166478,1.1358526643021511,1.0447328411345922,1456167044602
production-topology3-3-1456166485,1.082013208973894,1.2527462314578843,1456167044602
production-topology4-4-1456166491,1.0122314407729531,1.1283465357491609,1456167044602
Running observer at: 1456167055114
production-topology1-1-1456166471,1.081877673469265,0.9887154342688105,1456167055349
production-topology2-2-1456166478,0.9463196685589502,1.0413392834595698,1456167055349
production-topology3-3-1456166485,0.9993364393257507,1.2332531705246434,1456167055350
production-topology4-4-1456166491,1.0500538550658673,1.122324021850446,1456167055350
Running observer at: 1456167065880
production-topology1-1-1456166471,1.0066002102179166,0.989311593467114,1456167066072
production-topology2-2-1456166478,0.9664759206149527,1.038843838031416,1456167066072
production-topology3-3-1456166485,1.0332233718892203,1.2189653277649704,1456167066073
production-topology4-4-1456166491,0.9713706106046506,1.111541635332889,1456167066073
Running observer at: 1456167076673
production-topology1-1-1456166471,0.8632098639519684,0.9847320121266048,1456167076864
production-topology2-2-1456166478,1.0635657698643028,1.0407772401374973,1456167076864
production-topology3-3-1456166485,0.9850026403939733,1.2033678152735705,1456167076864
production-topology4-4-1456166491,0.9869814384374045,1.1032376222065234,1456167076864
Running observer at: 1456167087409
production-topology1-1-1456166471,1.0287780368014847,1.019024613353321,1456167087683
production-topology2-2-1456166478,0.9804902763544531,0.9762380271270901,1456167087683
production-topology3-3-1456166485,0.9963887747499418,1.1904316252408438,1456167087684
production-topology4-4-1456166491,1.0297970250711272,1.098647584885561,1456167087684
Running observer at: 1456167098152
production-topology1-1-1456166471,1.010342824233221,1.0193693741610952,1456167098361
production-topology2-2-1456166478,1.0360722314075084,0.9774404348406738,1456167098361
production-topology3-3-1456166485,1.0210984226785271,1.180470848619531,1456167098361
production-topology4-4-1456166491,0.9445540727917872,1.0895832606447509,1456167098361
Running observer at: 1456167108882
production-topology1-1-1456166471,0.9426706238592252,1.0174583949564027,1456167109153
production-topology2-2-1456166478,0.7847261237857982,0.9702646389668672,1456167109153
production-topology3-3-1456166485,1.0059318538710822,1.1707742378001729,1456167109153
production-topology4-4-1456166491,1.0827724972096333,1.0892048848983553,1456167109153
Running observer at: 1456167119712
production-topology1-1-1456166471,0.9741654326714126,1.0165972427121164,1456167119911
production-topology2-2-1456166478,1.2040782184322851,0.9768072727340892,1456167119912
production-topology3-3-1456166485,0.9690882352941177,1.1601591850366961,1456167119912
production-topology4-4-1456166491,0.9350109689870075,1.0810894156398634,1456167119912
Running observer at: 1456167130389
production-topology1-1-1456166471,1.2237843451987538,1.057337854367884,1456167130600
production-topology2-2-1456166478,1.0221248827982925,0.9772847953135114,1456167130601
production-topology3-3-1456166485,1.0395751153052555,1.154129981550124,1456167130601
production-topology4-4-1456166491,1.0611591281719157,1.080092901266466,1456167130601
Running observer at: 1456167141318
production-topology1-1-1456166471,1.0037940833523005,1.0584049959280053,1456167141520
production-topology2-2-1456166478,0.8709257431093498,1.0042670511067393,1456167141521
production-topology3-3-1456166485,1.0021588667742514,1.146893261798892,1456167141521
production-topology4-4-1456166491,1.0054021608643455,1.0765361993425555,1456167141521
Running observer at: 1456167151997
production-topology1-1-1456166471,1.0166176090958066,1.0520780038926767,1456167152216
production-topology2-2-1456166478,0.9657549441333224,1.0050139632293975,1456167152216
production-topology3-3-1456166485,1.0166542355443937,1.140973306060051,1456167152216
production-topology4-4-1456166491,1.0233597883597885,1.0741190897524298,1456167152216
Running observer at: 1456167162777
production-topology1-1-1456166471,0.9689543123360607,1.0562089429584929,1456167162964
production-topology2-2-1456166478,1.198446931005665,1.003613208354365,1456167162964
production-topology3-3-1456166485,0.9466792530824019,1.1325257385392837,1456167162964
production-topology4-4-1456166491,0.9679693867222832,1.0695038852728582,1456167162964
Running observer at: 1456167173622
production-topology1-1-1456166471,0.8318183669907596,1.0411738231056034,1456167173811
production-topology2-2-1456166478,0.9632202203275038,1.0061171675690073,1456167173812
production-topology3-3-1456166485,0.9398676795123388,1.124498319413161,1456167173812
production-topology4-4-1456166491,1.0349715171739644,1.068065036602071,1456167173812
Running observer at: 1456167184352
production-topology1-1-1456166471,1.1930070385388667,1.0497021405254325,1456167184603
production-topology2-2-1456166478,0.9538935870174929,1.0025119367602169,1456167184604
production-topology3-3-1456166485,1.066935767382816,1.1221958173319473,1456167184604
production-topology4-4-1456166491,1.0188161299832934,1.06609508033732,1456167184604
Running observer at: 1456167195161
production-topology1-1-1456166471,1.013059672169858,1.049856489864084,1456167195365
production-topology2-2-1456166478,0.9924802629548688,1.0042812199361537,1456167195365
production-topology3-3-1456166485,1.039059659293235,1.118998272791997,1456167195365
production-topology4-4-1456166491,0.9417291850284257,1.0613117766715932,1456167195366
Running observer at: 1456167205879
production-topology1-1-1456166471,0.9761203561868198,1.0540036335382177,1456167206076
production-topology2-2-1456166478,0.845960383280331,0.994747141010297,1456167206076
production-topology3-3-1456166485,1.0301875903903794,1.1157089882586038,1456167206077
production-topology4-4-1456166491,1.028768226142259,1.0601064599853214,1456167206077
Running observer at: 1456167216682
production-topology1-1-1456166471,1.025771745052987,1.052286839992868,1456167216872
production-topology2-2-1456166478,1.212534604195097,1.0048527790885537,1456167216872
production-topology3-3-1456166485,0.9124201610340124,1.1084486730005827,1456167216872
production-topology4-4-1456166491,1.0248134381323921,1.0588459949191453,1456167216872
Running observer at: 1456167227408
production-topology1-1-1456166471,0.9142133081865224,1.0494714139164116,1456167227661
production-topology2-2-1456166478,0.9718109353531444,1.003399369180301,1456167227661
production-topology3-3-1456166485,1.0531010011329631,1.1065401325913542,1456167227661
production-topology4-4-1456166491,1.0159058929529945,1.0573653017478988,1456167227661
Running observer at: 1456167238208
production-topology1-1-1456166471,1.0782643610523615,1.0479134094187648,1456167238429
production-topology2-2-1456166478,0.9178880820671866,0.9989954953327246,1456167238429
production-topology3-3-1456166485,1.0305296878723451,1.1040064511007206,1456167238429
production-topology4-4-1456166491,0.928378650291297,1.0530657466993454,1456167238429
Running observer at: 1456167248945
production-topology1-1-1456166471,1.011641081671988,1.0520408806425043,1456167249157
production-topology2-2-1456166478,1.0131958762886597,1.0014626810114948,1456167249157
production-topology3-3-1456166485,1.00593615115836,1.1042449385057327,1456167249157
production-topology4-4-1456166491,1.0042604307265923,1.053378350461589,1456167249157
Running observer at: 1456167259742
production-topology1-1-1456166471,0.9688427844736206,1.0447290821477357,1456167259974
production-topology2-2-1456166478,1.16418067782136,1.0063158316386853,1456167259974
production-topology3-3-1456166485,0.9764710609452063,1.0542939738705728,1456167259975
production-topology4-4-1456166491,0.9759931677199787,1.0396304643167178,1456167259975
Running observer at: 1456167270553
production-topology1-1-1456166471,1.1140514736405147,1.051644881976822,1456167270836
production-topology2-2-1456166478,0.9622954815207599,1.0042564331904864,1456167270836
production-topology3-3-1456166485,1.0133541816124798,1.0214057799243226,1456167270837
production-topology4-4-1456166491,1.0728429322179323,1.008725228723982,1456167270837
Running observer at: 1456167281334
production-topology1-1-1456166471,0.942205848491826,1.0468270811313387,1456167281589
production-topology2-2-1456166478,0.9439944810223716,1.0031290669540998,1456167281589
production-topology3-3-1456166485,0.9434989673439287,0.9861890788357868,1456167281589
production-topology4-4-1456166491,1.02484981416433,0.9762202225294597,1456167281589
Running observer at: 1456167292098
production-topology1-1-1456166471,0.8773954703832753,0.9927402634774476,1456167292296
production-topology2-2-1456166478,1.1045656391518077,1.00661458825916,1456167292296
production-topology3-3-1456166485,1.0263517760975644,0.9537341380390388,1456167292296
production-topology4-4-1456166491,1.018516756466994,0.9809640799755571,1456167292297
Running observer at: 1456167302767
production-topology1-1-1456166471,1.162878501850034,1.006246445530616,1456167303003
production-topology2-2-1456166478,0.9732667406585278,1.0091167166014312,1456167303003
production-topology3-3-1456166485,0.9978584211106059,0.9868639625508688,1456167303003
production-topology4-4-1456166491,1.0103436484005188,0.9854355004861052,1456167303004
Running observer at: 1456167313560
production-topology1-1-1456166471,0.9116154111092982,1.0038927163155198,1456167313763
production-topology2-2-1456166478,0.9051126816974419,1.0033538139465437,1456167313763
production-topology3-3-1456166485,1.039966555989689,0.9886388851967245,1456167313763
production-topology4-4-1456166491,1.0149589790342333,1.0047819904809536,1456167313763
Running observer at: 1456167324214
production-topology1-1-1456166471,1.181147655078136,1.0099968168217184,1456167324495
production-topology2-2-1456166478,1.2227795931745118,1.0120377368133748,1456167324495
production-topology3-3-1456166485,1.0198830409356725,1.0145794995390074,1456167324495
production-topology4-4-1456166491,1.0536309382384639,1.0071449108292472,1456167324495
Running observer at: 1456167335063
production-topology1-1-1456166471,0.9676165390276767,1.0124021277422979,1456167335321
production-topology2-2-1456166478,0.861158815608952,1.0063654607656904,1456167335321
production-topology3-3-1456166485,0.9741981806227987,1.0073769284271266,1456167335322
production-topology4-4-1456166491,0.9078453722677595,1.0034989268534171,1456167335322
Running observer at: 1456167345842
production-topology1-1-1456166471,0.8717419315605641,1.005718511501603,1456167346091
production-topology2-2-1456166478,1.0607916150254681,1.011227300165181,1456167346091
production-topology3-3-1456166485,0.9826825709247838,1.0040903542909416,1456167346091
production-topology4-4-1456166491,1.0400554645216848,1.0062121430992206,1456167346091
Running observer at: 1456167356694
production-topology1-1-1456166471,1.1468791175241828,1.0129367700826737,1456167356925
production-topology2-2-1456166478,1.1040624614674486,1.011600850433332,1456167356925
production-topology3-3-1456166485,1.044672596758158,1.0064708489333383,1456167356926
production-topology4-4-1456166491,1.0182328867823092,1.006852526776806,1456167356926
Running observer at: 1456167367468
production-topology1-1-1456166471,1.1387622496082277,1.0149275975928311,1456167367805
production-topology2-2-1456166478,0.9208931405290444,1.0044355329742287,1456167367805
production-topology3-3-1456166485,0.9874746493155315,1.0033195636113927,1456167367805
production-topology4-4-1456166491,1.015853335649148,1.0069732566060126,1456167367805
Running observer at: 1456167378360
production-topology1-1-1456166471,0.8489182720585875,1.0071622842124752,1456167378561
production-topology2-2-1456166478,1.0002836541762996,1.006234332494807,1456167378561
production-topology3-3-1456166485,0.9884673838510032,1.0029572617622344,1456167378561
production-topology4-4-1456166491,1.0386068730350744,1.0065916905383194,1456167378561
Running observer at: 1456167389149
production-topology1-1-1456166471,0.9439000706214689,1.0050722795592604,1456167389344
production-topology2-2-1456166478,1.0344938279899814,1.0085015960739745,1456167389345
production-topology3-3-1456166485,1.0008664841598014,1.0018786988379202,1456167389345
production-topology4-4-1456166491,0.9985890887816071,1.0074989731442179,1456167389345
Running observer at: 1456167399828
production-topology1-1-1456166471,1.1320962108000365,1.014035157787529,1456167400127
production-topology2-2-1456166478,0.8192993226759117,1.0003593811676947,1456167400128
production-topology3-3-1456166485,1.0448505309044338,1.0038736285216023,1456167400128
production-topology4-4-1456166491,1.0413756371181075,1.0093121131002414,1456167400128
Running observer at: 1456167410668
production-topology1-1-1456166471,0.9211494422993403,1.0104475379707911,1456167410874
production-topology2-2-1456166478,1.0740629275696592,1.003478469541535,1456167410874
production-topology3-3-1456166485,0.9814088618259359,1.0033742980908023,1456167410874
production-topology4-4-1456166491,0.995716875643909,1.0081761081193343,1456167410875
Running observer at: 1456167421347
production-topology1-1-1456166471,1.0355470574835335,1.0112876790791347,1456167421534
production-topology2-2-1456166478,1.0624372743156667,1.0043573043051404,1456167421535
production-topology3-3-1456166485,1.0722537402267132,1.0050794753424086,1456167421535
production-topology4-4-1456166491,0.9710115401483503,1.0090580236978863,1456167421535
Running observer at: 1456167432115
production-topology1-1-1456166471,0.9691978328499773,1.0121719193788268,1456167432317
production-topology2-2-1456166478,1.0088711015573628,1.0118288035641927,1456167432318
production-topology3-3-1456166485,0.9655530511728858,1.0037335152524687,1456167432318
production-topology4-4-1456166491,1.0311471095090203,1.0073371774411994,1456167432318
Running observer at: 1456167442814
production-topology1-1-1456166471,1.0248549146425552,1.0138615687778647,1456167443015
production-topology2-2-1456166478,1.1096812418367337,1.008682237677674,1456167443015
production-topology3-3-1456166485,1.014584276351362,1.0052500499543768,1456167443015
production-topology4-4-1456166491,0.9336046036602588,1.0072902985969745,1456167443016
Running observer at: 1456167453553
production-topology1-1-1456166471,0.9652730899216373,1.005244526935294,1456167453748
production-topology2-2-1456166478,0.9687912087912088,1.0069044485441048,1456167453748
production-topology3-3-1456166485,0.8736610757663389,0.9997195819697463,1456167453748
production-topology4-4-1456166491,1.0482638067300911,1.0068604545489135,1456167453748
Running observer at: 1456167464295
production-topology1-1-1456166471,1.0393918764678098,1.0064311200391447,1456167464515
production-topology2-2-1456166478,0.8419734612069476,1.0059393724806913,1456167464515
production-topology3-3-1456166485,1.0753266177884915,1.0021585070035544,1456167464515
production-topology4-4-1456166491,0.9581792375103046,1.005286357103779,1456167464516
Running observer at: 1456167475102
production-topology1-1-1456166471,0.998410026187804,1.0058242006088778,1456167475349
production-topology2-2-1456166478,1.0236525293335101,1.0078692919873644,1456167475349
production-topology3-3-1456166485,0.9762845318271882,1.0008128502129807,1456167475349
production-topology4-4-1456166491,1.0351542619743572,1.0056795062242645,1456167475349
Running observer at: 1456167485772
production-topology1-1-1456166471,1.084000962100127,1.0096590889343466,1456167486050
production-topology2-2-1456166478,0.13998300097339086,0.9725871609862884,1456167486050
production-topology3-3-1456166485,0.3791649272980928,0.9818957060201704,1456167486050
production-topology4-4-1456166491,0.09293028952471676,0.9765115363176787,1456167486050
Running observer at: 1456167496659
production-topology1-1-1456166471,1.0038558504759119,1.0153936717171852,1456167496842
production-topology2-2-1456166478,0.43906711887668914,0.955115390937928,1456167496842
production-topology3-3-1456166485,0.4509253937706169,0.9655976298287797,1456167496842
production-topology4-4-1456166491,0.15290093048713738,0.9471091834281179,1456167496842
Running observer at: 1456167507436
production-topology1-1-1456166471,0.894621488082947,1.0054474867019878,1456167507612
production-topology2-2-1456166478,0.2539193856554968,0.9317829175591947,1456167507612
production-topology3-3-1456166485,0.3949499827049464,0.9431981036728507,1456167507612
production-topology4-4-1456166491,0.21498624944325662,0.9203148540767834,1456167507613
Running observer at: 1456167518150
production-topology1-1-1456166471,0.9767197810102681,1.004236156996668,1456167518341
production-topology2-2-1456166478,0.22001303882897688,0.9060340100883316,1456167518342
production-topology3-3-1456166485,0.44520669494718673,0.9234030048613158,1456167518342
production-topology4-4-1456166491,0.135538234432529,0.8934418223902536,1456167518342
Running observer at: 1456167528959
production-topology1-1-1456166471,1.1690289738078727,1.0106664442507032,1456167529135
production-topology2-2-1456166478,0.2897102897102898,0.8874923403026636,1456167529135
production-topology3-3-1456166485,0.3895908417740303,0.9020497799074376,1456167529136
production-topology4-4-1456166491,0.1537270227239832,0.864273782276311,1456167529136
/var/nimbus/storm/bin/storm rebalance production-topology3 -e spout_head=12
1456167529421
/var/nimbus/storm/bin/storm rebalance production-topology4 -e bolt_output_1=8
Running observer at: 1456167539582
production-topology1-1-1456166471,0.9010283639969697,1.0065083315488361,1456167539730
production-topology2-2-1456166478,0.18707411216142997,0.8533103239015413,1456167539730
production-topology3-3-1456166485,0.922573343631625,0.922573343631625,1456167539731
production-topology4-4-1456166491,0.9327387543620511,0.9327387543620511,1456167539731
Running observer at: 1456167550286
production-topology1-1-1456166471,1.088070003437981,1.0123035547238848,1456167550458
production-topology2-2-1456166478,1.090704856778728,0.8572734546157275,1456167550458
production-topology3-3-1456166485,0.44047619047619047,0.6815247670539077,1456167550458
production-topology4-4-1456166491,2.3200000000000003,1.6263693771810257,1456167550458
Running observer at: 1456167560968
production-topology1-1-1456166471,0.9044074205364527,1.0065083233733543,1456167561165
production-topology2-2-1456166478,0.9919841367003172,0.8597433231034984,1456167561165
production-topology3-3-1456166485,2.0,1.1210165113692718,1456167561165
production-topology4-4-1456166491,2.0,1.7509129181206837,1456167561165
Running observer at: 1456167567770
production-topology1-1-1456166471,1.0240843334147323,1.0069230984314457,1456167568099
production-topology2-2-1456166478,0.9103175844806006,0.8563140467098967,1456167568099
production-topology3-3-1456166485,2.0,1.340762383526954,1456167568099
production-topology4-4-1456166491,2.0,1.8131846885905127,1456167568100
Running observer at: 1456167568566
production-topology1-1-1456166471,1.2795625427204373,1.0172804237063395,1456167568769
production-topology2-2-1456166478,0.7597402597402598,0.8428326994405265,1456167568769
production-topology3-3-1456166485,2.0,1.4726099068215632,1456167568769
production-topology4-4-1456166491,2.0,1.8505477508724102,1456167568770
Running observer at: 1456167571661
production-topology1-1-1456166471,0.7899651788540678,1.006477547213458,1456167571829
production-topology2-2-1456166478,3.176447138047138,0.9166377546580725,1456167571829
production-topology3-3-1456166485,6.769825918762089E-4,1.2272877527832822,1456167571829
production-topology4-4-1456166491,2.0,1.8754564590603418,1456167571830
Running observer at: 1456167582251
production-topology1-1-1456166471,1.0563074740676688,1.010280934732653,1456167582425
production-topology2-2-1456166478,0.8066640089623549,0.9120600722560719,1456167582425
production-topology3-3-1456166485,0.9987366758616198,1.1946375989373303,1456167582425
production-topology4-4-1456166491,0.0,1.6075341077660072,1456167582425
Running observer at: 1456167592947
production-topology1-1-1456166471,0.9431605243700575,1.012473103198879,1456167593142
production-topology2-2-1456166478,0.8778447707650314,0.9045027099765126,1456167593142
production-topology3-3-1456166485,0.02857142857142857,1.0488793276415926,1456167593142
production-topology4-4-1456166491,0.8902556768665376,1.5178743039035736,1456167593142
Running observer at: 1456167603601
production-topology1-1-1456166471,1.032096457939474,1.0081137017351933,1456167603813
production-topology2-2-1456166478,1.175247988848816,0.9112354182495221,1456167603813
production-topology3-3-1456166485,0.2848157214742282,0.9639833714007744,1456167603813
production-topology4-4-1456166491,1.0728644388734798,1.4684287633446742,1456167603813
Running observer at: 1456167614334
production-topology1-1-1456166471,1.0521521460697585,1.012798259567209,1456167614553
production-topology2-2-1456166478,0.9967977958496496,0.9142915887212624,1456167614553
production-topology3-3-1456166485,0.9777149683396945,0.9653565310946665,1456167614553
production-topology4-4-1456166491,1.0932165509512304,1.4309075421053297,1456167614554
Running observer at: 1456167625125
production-topology1-1-1456166471,0.8904326824628201,1.0031077604800316,1456167625328
production-topology2-2-1456166478,0.9590548254347536,0.9055007631299372,1456167625328
production-topology3-3-1456166485,1.0510702142443695,0.9731486841082758,1456167625328
production-topology4-4-1456166491,0.9323106139700335,1.3855805486384847,1456167625329
Running observer at: 1456167635948
production-topology1-1-1456166471,1.0183708188837854,1.0047995698085683,1456167636196
production-topology2-2-1456166478,1.0856849509264088,0.9129849676405192,1456167636196
production-topology3-3-1456166485,1.0126388101760735,0.9764395279472589,1456167636196
production-topology4-4-1456166491,0.9996105522183567,1.3534163822701404,1456167636196
Running observer at: 1456167646691
production-topology1-1-1456166471,0.9985339174256438,1.0090259693374046,1456167646953
production-topology2-2-1456166478,0.9562501357466064,0.9095002516645572,1456167646953
production-topology3-3-1456166485,0.995321120008837,0.9778919581058418,1456167646953
production-topology4-4-1456166491,1.0515193358958292,1.3301935325490395,1456167646954
Running observer at: 1456167657569
production-topology1-1-1456166471,1.0176227342530046,1.0047174232283653,1456167657764
production-topology2-2-1456166478,0.9216101694915254,0.903418508598693,1456167657764
production-topology3-3-1456166485,1.032254927874476,0.98177502737503,1456167657764
production-topology4-4-1456166491,1.0059087903513375,1.3070303366777751,1456167657764
Running observer at: 1456167668240
production-topology1-1-1456166471,0.9398593192910519,0.9980873255511261,1456167668429
production-topology2-2-1456166478,1.1629886753842575,0.9114883597605336,1456167668429
production-topology3-3-1456166485,0.9731993887342314,0.9812033181323101,1456167668429
production-topology4-4-1456166491,0.9988913021028932,1.2864877343727832,1456167668429
Running observer at: 1456167678941
production-topology1-1-1456166471,1.2048147246586458,1.0099505406377947,1456167679135
production-topology2-2-1456166478,0.9091070443155582,0.9084491394318422,1456167679135
production-topology3-3-1456166485,1.1043963610932543,0.9889028833173691,1456167679135
production-topology4-4-1456166491,0.9786593114961808,1.2672484579429955,1456167679135
Running observer at: 1456167689693
production-topology1-1-1456166471,0.8400849181777975,1.0064900355563389,1456167689885
production-topology2-2-1456166478,1.0856686045827124,0.9101549653182665,1456167689885
production-topology3-3-1456166485,0.9435492840640127,0.98623502453776,1456167689886
production-topology4-4-1456166491,1.0075419376023778,1.251971603805312,1456167689886
Running observer at: 1456167700417
production-topology1-1-1456166471,1.1774182854894857,1.0080007713793206,1456167700626
production-topology2-2-1456166478,0.8889484887906846,0.912476604188759,1456167700627
production-topology3-3-1456166485,1.0187600440136393,0.9880419700641977,1456167700627
production-topology4-4-1456166491,1.0028559458699775,1.2381318450311267,1456167700627
Running observer at: 1456167711191
production-topology1-1-1456166471,0.9214889229951584,1.0080120874025147,1456167711371
production-topology2-2-1456166478,1.0573446608908408,0.9119193286327985,1456167711371
production-topology3-3-1456166485,1.0336913805243269,0.9904445706147309,1456167711371
production-topology4-4-1456166491,0.9808276443253473,1.224589518678191,1456167711371
Running observer at: 1456167721929
production-topology1-1-1456166471,1.032298605001885,1.0079038056531262,1456167722122
production-topology2-2-1456166478,0.910410129015373,0.9068517571227885,1456167722122
production-topology3-3-1456166485,0.9721725363947501,0.9895309689037319,1456167722122
production-topology4-4-1456166491,1.0563116766314369,1.2161756265758534,1456167722122
Running observer at: 1456167732720
production-topology1-1-1456166471,1.1024526475735985,1.0123456328105802,1456167732970
production-topology2-2-1456166478,1.0958427366489054,0.90975081162584,1456167732970
production-topology3-3-1456166485,0.9993047448488488,0.9899963868058803,1456167732970
production-topology4-4-1456166491,1.0231457443944463,1.2069837274243578,1456167732970
Running observer at: 1456167743494
production-topology1-1-1456166471,0.8883066716649107,1.0077940247113255,1456167743725
production-topology2-2-1456166478,0.8643758891116406,0.9015739665350037,1456167743725
production-topology3-3-1456166485,1.012487589682808,0.9910187142093771,1456167743725
production-topology4-4-1456166491,1.031588258888428,1.1990112061272702,1456167743725
Running observer at: 1456167754279
production-topology1-1-1456166471,1.1199030103004077,1.0129483553906178,1456167754504
production-topology2-2-1456166478,0.9935885228210498,0.9024005436693315,1456167754504
production-topology3-3-1456166485,1.0428669135934092,0.9932729837478134,1456167754505
production-topology4-4-1456166491,0.8768734676204006,1.1850052174965366,1456167754505
Running observer at: 1456167765034
production-topology1-1-1456166471,0.9670625974071044,1.0105373794219277,1456167765266
production-topology2-2-1456166478,1.138501955216446,0.9122848268029814,1456167765266
production-topology3-3-1456166485,1.0131451174970834,0.9941009893206996,1456167765266
production-topology4-4-1456166491,1.057558759338538,1.17969494840662,1456167765266
Running observer at: 1456167775763
production-topology1-1-1456166471,0.976208591051614,1.0097973315840547,1456167775968
production-topology2-2-1456166478,0.8035965906880455,0.9049496288481325,1456167775968
production-topology3-3-1456166485,0.9784657551265775,0.9934755799529347,1456167775968
production-topology4-4-1456166491,1.0057627249285828,1.1727376594674985,1456167775969
Running observer at: 1456167786544
production-topology1-1-1456166471,1.0068747353434726,1.007226457358833,1456167786776
production-topology2-2-1456166478,1.2367171351883441,0.9415074333219642,1456167786776
production-topology3-3-1456166485,1.005029869189387,0.9939199756927982,1456167786776
production-topology4-4-1456166491,0.9970806297185295,1.165981619861769,1456167786777
Running observer at: 1456167797258
production-topology1-1-1456166471,0.9743298478881354,1.0062422572725738,1456167797456
production-topology2-2-1456166478,0.9200137758835938,0.9575389885555278,1456167797457
production-topology3-3-1456166485,1.0132163956576865,0.99463465791372,1456167797457
production-topology4-4-1456166491,1.03602581870316,1.1611684420410795,1456167797457
Running observer at: 1456167807998
production-topology1-1-1456166471,1.0149895343683677,1.0102545254820876,1456167808187
production-topology2-2-1456166478,1.071270111386139,0.9847840127465489,1456167808187
production-topology3-3-1456166485,1.0415467200305235,0.9963100887036058,1456167808187
production-topology4-4-1456166491,0.9044375715843003,1.1519994823819089,1456167808187
Running observer at: 1456167818680
production-topology1-1-1456166471,1.0416174064643164,1.0124177796638894,1456167818873
production-topology2-2-1456166478,0.9945673404100027,1.0106024894659167,1456167818874
production-topology3-3-1456166485,0.8900641315236899,0.9926464350077467,1456167818874
production-topology4-4-1456166491,1.0797768442134772,1.1495090465829974,1456167818874
Running observer at: 1456167829443
production-topology1-1-1456166471,0.9388566393952631,1.0047453685168022,1456167829627
production-topology2-2-1456166478,1.0324075205764573,1.0353590638281223,1456167829628
production-topology3-3-1456166485,1.0551994372516806,0.9947315350825445,1456167829628
production-topology4-4-1456166491,0.9875527844350858,1.1441105045114004,1456167829628
Running observer at: 1456167840235
production-topology1-1-1456166471,1.0371318822023048,1.00928215245698,1456167840476
production-topology2-2-1456166478,0.880445390153613,1.058471439761195,1456167840476
production-topology3-3-1456166485,1.0339418187060918,0.9984438175850265,1456167840477
production-topology4-4-1456166491,0.9662398041840651,1.1452272061721342,1456167840477
Running observer at: 1456167851084
production-topology1-1-1456166471,1.0761054004495458,1.0088833323573656,1456167851323
production-topology2-2-1456166478,1.168761133603239,1.0610733156553454,1456167851323
production-topology3-3-1456166485,0.9607641791768142,1.015786750541714,1456167851323
production-topology4-4-1456166491,1.0154861335644172,1.1017434106242814,1456167851323
Running observer at: 1456167861832
production-topology1-1-1456166471,0.9252581821081721,1.0095783577430895,1456167862052
production-topology2-2-1456166478,0.9757338107986431,1.0605316381252896,1456167862053
production-topology3-3-1456166485,0.9988862259907588,0.9824162914080726,1456167862053
production-topology4-4-1456166491,1.0592485117104764,1.0703850276812974,1456167862053
Running observer at: 1456167872675
production-topology1-1-1456166471,1.03044427291151,1.0097903557263155,1456167872927
production-topology2-2-1456166478,0.9526802875415485,1.061943728227321,1456167872928
production-topology3-3-1456166485,1.0122794750449446,0.9494922739095707,1456167872928
production-topology4-4-1456166491,0.9987835428581129,1.0370111457765678,1456167872928
Running observer at: 1456167883515
production-topology1-1-1456166471,1.0994482977987468,1.0037865475622592,1456167883700
production-topology2-2-1456166478,0.9933576273632557,1.0697309738147542,1456167883700
production-topology3-3-1456166485,0.9787975559058328,0.915452192439765,1456167883701
production-topology4-4-1456166491,1.001405913802608,1.0037246762366545,1456167883701
Running observer at: 1456167894168
production-topology1-1-1456166471,0.8997023533717657,1.0074444533795157,1456167894369
production-topology2-2-1456166478,1.10405722790435,1.000651310143328,1456167894370
production-topology3-3-1456166485,1.0671225011743828,0.9510003763925151,1456167894370
production-topology4-4-1456166491,0.9459034969135113,0.9685881261337718,1456167894370
Running observer at: 1456167904867
production-topology1-1-1456166471,1.0815281224459838,1.0082851416587928,1456167905055
production-topology2-2-1456166478,1.0437707730554497,1.0085548689464312,1456167905055
production-topology3-3-1456166485,0.9999367521617533,0.9510403789358529,1456167905055
production-topology4-4-1456166491,1.0561243935556104,1.0037922725856254,1456167905055
Running observer at: 1456167915533
production-topology1-1-1456166471,0.9995113221284795,1.0101635015840738,1456167915719
production-topology2-2-1456166478,0.8259572039725477,1.0068252833866818,1456167915719
production-topology3-3-1456166485,1.0107556850686499,0.9837798541524269,1456167915719
production-topology4-4-1456166491,1.0626348772427783,1.0095382459315003,1456167915719
Running observer at: 1456167926278
production-topology1-1-1456166471,0.9214002290900227,1.006473627289092,1456167926476
production-topology2-2-1456166478,1.1643280042599562,1.0064612839003866,1456167926477
production-topology3-3-1456166485,0.9743552633095784,1.0067645055469387,1456167926477
production-topology4-4-1456166491,0.9402605320340971,1.0051181157035207,1456167926477
Running observer at: 1456167936991
production-topology1-1-1456166471,1.0773551844980414,1.0073137285700349,1456167937214
production-topology2-2-1456166478,0.9636857020721054,1.005357547441135,1456167937214
production-topology3-3-1456166485,0.9499416666666667,1.0058387288245045,1456167937214
production-topology4-4-1456166491,0.9613180293537458,1.0007214983169377,1456167937214
Running observer at: 1456167947802
production-topology1-1-1456166471,0.963951573849879,1.0097643582829368,1456167948007
production-topology2-2-1456166478,0.903324261240685,1.0034998619679993,1456167948007
production-topology3-3-1456166485,1.051093287332827,1.005839497927453,1456167948007
production-topology4-4-1456166491,1.0266326302256283,1.0038655655254578,1456167948008
Running observer at: 1456167958571
production-topology1-1-1456166471,1.0197391548578403,1.009809969482072,1456167958853
production-topology2-2-1456166478,1.0962321938711803,1.003851436732825,1456167958853
production-topology3-3-1456166485,0.963862805991962,1.004213631121316,1456167958853
production-topology4-4-1456166491,0.999381110321798,1.0038579174622393,1456167958853
Running observer at: 1456167969354
production-topology1-1-1456166471,1.0764846897393865,1.012408328559197,1456167969593
production-topology2-2-1456166478,0.9937717389215573,1.005102156838657,1456167969594
production-topology3-3-1456166485,1.1120425870425872,1.0081043466891078,1456167969594
production-topology4-4-1456166491,0.9686510817939293,1.001095642325509,1456167969594
Running observer at: 1456167980125
production-topology1-1-1456166471,0.840508858649956,1.006504532705762,1456167980379
production-topology2-2-1456166478,0.9170011550381488,1.0049485230235442,1456167980379
production-topology3-3-1456166485,0.9975641625421234,1.006947987844696,1456167980379
production-topology4-4-1456166491,1.0408616625669358,1.002260738066029,1456167980379
Running observer at: 1456167991072
production-topology1-1-1456166471,1.0481578809468302,1.0101144847609544,1456167991274
production-topology2-2-1456166478,1.159345869746151,1.0048270961689407,1456167991274
production-topology3-3-1456166485,1.0240963357820192,1.0086445527462888,1456167991275
production-topology4-4-1456166491,1.0361030132645972,1.0035011284380861,1456167991275
Running observer at: 1456168001812
production-topology1-1-1456166471,1.1040111614251655,1.0067543659865053,1456168002023
production-topology2-2-1456166478,0.9601895134818751,1.0065298451411513,1456168002023
production-topology3-3-1456166485,0.9786714589910963,1.004453722676217,1456168002023
production-topology4-4-1456166491,0.993924692463407,1.0040099744703268,1456168002023
Running observer at: 1456168012495
production-topology1-1-1456166471,0.9283018637015013,1.0096949308372953,1456168012670
production-topology2-2-1456166478,0.9323951922106749,1.0014207313954164,1456168012670
production-topology3-3-1456166485,1.0023084839955452,1.0064123626739347,1456168012671
production-topology4-4-1456166491,1.0764125934359652,1.006305662998113,1456168012671
Running observer at: 1456168023195
production-topology1-1-1456166471,0.9896907216494846,1.003437345375962,1456168023379
production-topology2-2-1456166478,1.1413127378851937,1.0098328730319002,1456168023379
production-topology3-3-1456166485,0.9624024578276404,1.0045337764677347,1456168023379
production-topology4-4-1456166491,0.960989405180313,1.004910111641791,1456168023380
Running observer at: 1456168033849
production-topology1-1-1456166471,0.9587743506333655,1.0046801929639022,1456168034045
production-topology2-2-1456166478,0.8354756305246939,1.002437238686362,1456168034045
production-topology3-3-1456166485,1.0000880645476775,1.00341366593518,1456168034045
production-topology4-4-1456166491,1.021341434953278,1.0062605713293888,1456168034045
Running observer at: 1456168044614
production-topology1-1-1456166471,1.0574477807128895,1.0055184988209356,1456168044806
production-topology2-2-1456166478,1.0748657013516312,1.0079190910975706,1456168044806
production-topology3-3-1456166485,1.0017534905792564,1.00439969774133,1456168044807
production-topology4-4-1456166491,0.9658785994146115,1.0032461354221611,1456168044807
Running observer at: 1456168055271
production-topology1-1-1456166471,0.9024730831554068,0.9988525133403292,1456168055511
production-topology2-2-1456166478,1.1074018638067473,1.0083043953361654,1456168055511
production-topology3-3-1456166485,1.0736482872560438,1.00687781582157,1456168055511
production-topology4-4-1456166491,1.0380274946517067,1.0037421937640698,1456168055511
Running observer at: 1456168066063
production-topology1-1-1456166471,1.122935498144319,1.006673474222976,1456168066285
production-topology2-2-1456166478,1.0446891417572572,1.014314837091019,1456168066286
production-topology3-3-1456166485,0.9514119958994036,1.0048419626954568,1456168066286
production-topology4-4-1456166491,0.9699247096360178,1.001686742122323,1456168066286
Running observer at: 1456168076856
production-topology1-1-1456166471,1.0403874625563805,1.0040229559648417,1456168077116
production-topology2-2-1456166478,0.7814924181630526,1.0072449669357526,1456168077116
production-topology3-3-1456166485,0.9661321350723387,1.0022841367447544,1456168077116
production-topology4-4-1456166491,1.0280426539122502,1.0067257149987179,1456168077116
Running observer at: 1456168087687
production-topology1-1-1456166471,0.9912579252359689,1.0048294668924707,1456168087915
production-topology2-2-1456166478,0.9529177963183436,1.001058828305816,1456168087915
production-topology3-3-1456166485,1.0571982916104972,1.003752575881868,1456168087916
production-topology4-4-1456166491,1.0151050275482094,1.005310590605707,1456168087916
Running observer at: 1456168098403
production-topology1-1-1456166471,0.945342743692444,1.0038006053138315,1456168098629
production-topology2-2-1456166478,1.1216512656814177,1.011660650805595,1456168098629
production-topology3-3-1456166485,0.9739717197845277,1.0036027747037997,1456168098629
production-topology4-4-1456166491,0.9778747563352825,1.004380991652597,1456168098629
Running observer at: 1456168109179
production-topology1-1-1456166471,1.0673536748458652,1.0058165699639112,1456168109410
production-topology2-2-1456166478,1.0009593826443905,1.00380205905413,1456168109410
production-topology3-3-1456166485,0.9947812579526589,1.0032611543292422,1456168109410
production-topology4-4-1456166491,0.9652996385102643,1.003321625278988,1456168109411
Running observer at: 1456168119931
production-topology1-1-1456166471,1.15103470396519,1.0117067318331465,1456168120217
production-topology2-2-1456166478,1.0257406022070876,1.0073262865982462,1456168120217
production-topology3-3-1456166485,1.0187781557414728,1.003446546332035,1456168120217
production-topology4-4-1456166491,1.0643393615899792,1.004265410041882,1456168120217
Running observer at: 1456168130709
production-topology1-1-1456166471,0.9773063276167947,1.0104506249414276,1456168130934
production-topology2-2-1456166478,1.1339125778029095,1.0094143688121386,1456168130935
production-topology3-3-1456166485,1.0489042001814677,1.0036917956703997,1456168130935
production-topology4-4-1456166491,1.112568627285228,1.0112031118985796,1456168130935
Running observer at: 1456168141437
production-topology1-1-1456166471,0.8714852524287748,1.0047795531402428,1456168141616
production-topology2-2-1456166478,0.980637795254039,1.0089500506402733,1456168141617
production-topology3-3-1456166485,0.9755499119445021,1.0065413216844268,1456168141617
production-topology4-4-1456166491,0.9290487479767983,1.0061788420240236,1456168141617
Running observer at: 1456168152168
production-topology1-1-1456166471,1.017391304347826,1.007397375305328,1456168152360
production-topology2-2-1456166478,0.952421945815359,1.0062838648149033,1456168152360
production-topology3-3-1456166485,0.9695677435961421,1.003686931895909,1456168152360
production-topology4-4-1456166491,1.0753011985229297,1.0091037891602852,1456168152361
Running observer at: 1456168162898
production-topology1-1-1456166471,0.9546108885489248,1.0046466755168821,1456168163097
production-topology2-2-1456166478,0.9093456827359108,1.00724720790098,1456168163098
production-topology3-3-1456166485,1.0631648657619424,1.0046610334644372,1456168163098
production-topology4-4-1456166491,0.9227616797309527,1.0076545183451815,1456168163098
Running observer at: 1456168173625
production-topology1-1-1456166471,1.0700171085046029,1.0044437324520508,1456168173848
production-topology2-2-1456166478,1.0532478782744898,1.0033967660566883,1456168173848
production-topology3-3-1456166485,0.9487411299212599,1.0042602651559187,1456168173849
production-topology4-4-1456166491,0.9949219997301225,1.0069690472173716,1456168173849
Running observer at: 1456168184507
production-topology1-1-1456166471,0.9759556740903086,1.0061336488514552,1456168184713
production-topology2-2-1456166478,0.9899041699041697,1.0038691113602058,1456168184713
production-topology3-3-1456166485,1.0090560444545889,1.0045992591047128,1456168184713
production-topology4-4-1456166491,1.0186683712983688,1.0056163758703012,1456168184713
Running observer at: 1456168195284
production-topology1-1-1456166471,1.1040771563331528,1.0085880782988432,1456168195544
production-topology2-2-1456166478,1.1132750817994148,1.0092222711688013,1456168195544
production-topology3-3-1456166485,1.001043426956471,1.0042247241684303,1456168195544
production-topology4-4-1456166491,1.042716258182196,1.0070807997144375,1456168195544
Running observer at: 1456168206129
production-topology1-1-1456166471,0.9638121601581812,1.0040668737108245,1456168206316
production-topology2-2-1456166478,0.9580134103263743,1.0080441306009054,1456168206317
production-topology3-3-1456166485,0.9781638944361202,1.0042036021194398,1456168206317
production-topology4-4-1456166491,0.9872364682199576,1.0066084848616823,1456168206317
Running observer at: 1456168216982
production-topology1-1-1456166471,0.8828584616843943,1.0035054106545787,1456168217179
production-topology2-2-1456166478,1.0176040900391645,1.0051623593387324,1456168217179
production-topology3-3-1456166485,1.0562710351774374,1.0038418865862084,1456168217179
production-topology4-4-1456166491,1.0349709007209007,1.0095773983219287,1456168217179
Running observer at: 1456168227652
production-topology1-1-1456166471,1.0254676849400346,1.0016367294043804,1456168227912
production-topology2-2-1456166478,1.0588471782501634,1.0056649061785565,1456168227912
production-topology3-3-1456166485,1.0313446105215953,1.0048888151982032,1456168227912
production-topology4-4-1456166491,0.937678912006243,1.0056292156036164,1456168227912
Running observer at: 1456168238458
production-topology1-1-1456166471,1.084177824651504,1.0044589461551479,1456168238656
production-topology2-2-1456166478,1.0116094887424663,1.0118533156708869,1456168238656
production-topology3-3-1456166485,0.9408005394974593,1.0025569770124971,1456168238656
production-topology4-4-1456166491,1.034205793413709,1.0046815794759807,1456168238657
Running observer at: 1456168249150
production-topology1-1-1456166471,1.1757872922498165,1.0129385149271408,1456168249388
production-topology2-2-1456166478,1.0648545456728824,1.0085375337179845,1456168249388
production-topology3-3-1456166485,1.0762827421778038,1.0059545596414377,1456168249389
production-topology4-4-1456166491,1.0597471071295257,1.008664465312495,1456168249389
Running observer at: 1456168259866
production-topology1-1-1456166471,0.886268380182332,1.0065689547832841,1456168260055
production-topology2-2-1456166478,0.8718342309813951,1.0054758180149608,1456168260055
production-topology3-3-1456166485,0.9641313986921498,1.0064275507089537,1456168260055
production-topology4-4-1456166491,0.903763751710239,1.0067459893910449,1456168260055
Running observer at: 1456168270619
production-topology1-1-1456166471,1.0662479087379633,1.0099788326128867,1456168270871
production-topology2-2-1456166478,1.2185686626966812,1.015983964730161,1456168270871
production-topology3-3-1456166485,1.0120172826776892,1.0051250172204493,1456168270871
production-topology4-4-1456166491,1.0884937852271928,1.008808027891097,1456168270871
Running observer at: 1456168281458
production-topology1-1-1456166471,0.9019532119901816,1.0060526345172982,1456168281699
production-topology2-2-1456166478,0.7041552385149997,1.0029147328849548,1456168281700
production-topology3-3-1456166485,1.038330581376026,1.007607276399918,1456168281700
production-topology4-4-1456166491,0.9497992797474915,1.0071553002052867,1456168281700
Running observer at: 1456168292175
production-topology1-1-1456166471,0.9618840011500563,1.0022326115643205,1456168292377
production-topology2-2-1456166478,1.2335011233171471,1.0109057123648078,1456168292378
production-topology3-3-1456166485,0.966882614494605,1.0027686106483185,1456168292378
production-topology4-4-1456166491,1.0000348125019416,1.0082014245622204,1456168292378
Running observer at: 1456168303083
production-topology1-1-1456166471,1.0155539472067079,1.0080674478495457,1456168303215
production-topology2-2-1456166478,0.9715511357385024,1.0127240450548194,1456168303215
production-topology3-3-1456166485,1.0092752292840061,1.003158979539715,1456168303215
production-topology4-4-1456166491,1.075735935937543,1.009363900341241,1456168303216
Running observer at: 1456168313569
production-topology1-1-1456166471,0.0,0.9731288518179846,1456168313842
production-topology2-2-1456166478,1.035878199474774,1.0086084560457735,1456168313842
production-topology3-3-1456166485,1.0338964461758442,1.0034856498861757,1456168313842
production-topology4-4-1456166491,1.0258340992392614,1.009021603207063,1456168313843
Running observer at: 1456168324337
production-topology1-1-1456166471,1.0,0.9696618131038125,1456168324529
production-topology2-2-1456166478,1.0,1.0099354722630445,1456168324529
production-topology3-3-1456166485,1.0377146118790763,1.0054537549824416,1456168324529
production-topology4-4-1456166491,0.9525968809073724,1.0076440094885284,1456168324530
