Running observer at: 1456816507454
production-topology1-1-1456816507,0.0,0.0,0,0,1456816507939
Running observer at: 1456816508376
production-topology1-1-1456816507,0.0,0.0,0,0,1456816508695
Running observer at: 1456816514427
production-topology2-2-1456816514,0.0,0.0,0,0,1456816514794
production-topology1-1-1456816507,0.0,0.0,0,0,1456816514794
Running observer at: 1456816519167
production-topology2-2-1456816514,0.0,0.0,0,0,1456816519596
production-topology1-1-1456816507,0.0,0.0,160,0,1456816519596
Running observer at: 1456816521655
production-topology3-3-1456816521,0.0,0.0,0,0,1456816522112
production-topology2-2-1456816514,0.0,0.0,0,0,1456816522112
production-topology1-1-1456816507,0.0,0.0,80,20,1456816522112
Running observer at: 1456816528910
production-topology4-4-1456816528,0.0,0.0,0,0,1456816529723
production-topology3-3-1456816521,0.0,0.0,0,0,1456816529723
production-topology2-2-1456816514,0.0,0.0,60,0,1456816529723
production-topology1-1-1456816507,0.32601737540009146,0.054336229233348576,1080,320,1456816529724
Running observer at: 1456816530308
production-topology4-4-1456816528,0.0,0.0,0,0,1456816530787
production-topology3-3-1456816521,0.0,0.0,0,0,1456816530787
production-topology2-2-1456816514,0.0,0.0,120,0,1456816530787
production-topology1-1-1456816507,1.5066964285714284,0.2618162577102171,140,100,1456816530787
Running observer at: 1456816541403
production-topology4-4-1456816528,0.0,0.0,0,0,1456816542017
production-topology3-3-1456816521,0.15625,0.0390625,320,80,1456816542017
production-topology2-2-1456816514,0.9800474729018597,0.1633412454836433,1240,820,1456816542018
production-topology1-1-1456816507,1.242033307976665,0.3843433889935231,2360,1780,1456816542018
Running observer at: 1456816552684
production-topology4-4-1456816528,0.7626642143558726,0.19066605358896815,780,1040,1456816553413
production-topology3-3-1456816521,1.054384215517135,0.242126843103427,2180,4180,1456816553413
production-topology2-2-1456816514,1.0607022305910379,0.2915356719275568,2320,1620,1456816553413
production-topology1-1-1456816507,1.150689534676281,0.4694929607360518,2360,1660,1456816553413
Running observer at: 1456816564077
production-topology4-4-1456816528,1.0419109770643247,0.3609150382840395,2360,4340,1456816564758
production-topology3-3-1456816521,1.0429018455970178,0.37558934351902545,2280,4280,1456816564759
production-topology2-2-1456816514,1.0630541542779395,0.38797548222135464,2440,1540,1456816564759
production-topology1-1-1456816507,0.9933258678611423,0.5218762514485609,1900,1220,1456816564759
Running observer at: 1456816575399
production-topology4-4-1456816528,1.0454475093246538,0.4750037834574752,2360,4280,1456816576055
production-topology3-3-1456816521,0.9952250009147551,0.4641087231469868,2040,3640,1456816576055
production-topology2-2-1456816514,0.9387596401919718,0.4491737219958677,2320,1380,1456816576056
production-topology1-1-1456816507,1.0415505129348794,0.5691193661291353,2360,1500,1456816576056
Running observer at: 1456816586622
production-topology4-4-1456816528,0.9532494282833321,0.543324589861169,1920,3580,1456816587301
production-topology3-3-1456816521,1.0328816494642927,0.53520533893665,2280,4140,1456816587301
production-topology2-2-1456816514,1.087737518896857,0.5130301016859666,1860,1220,1456816587302
production-topology1-1-1456816507,0.9700468911465847,0.6025299932139228,2340,1500,1456816587302
Running observer at: 1456816597877
production-topology4-4-1456816528,0.9939299607404979,0.5996502612210852,2300,4120,1456816598491
production-topology3-3-1456816521,0.9428713363139594,0.5805015608674622,2480,4340,1456816598492
production-topology2-2-1456816514,0.944338456027042,0.5522399520806098,2500,1500,1456816598492
production-topology1-1-1456816507,0.9708638678825828,0.6308633681884351,1960,1220,1456816598492
Running observer at: 1456816609041
production-topology4-4-1456816528,1.0272629657925787,0.6471627839512512,2400,4340,1456816609612
production-topology3-3-1456816521,1.0607554096549605,0.6285269457462119,1780,3440,1456816609612
production-topology2-2-1456816514,1.0377400073207144,0.5926982900172851,2240,1500,1456816609612
production-topology1-1-1456816507,1.1250257270609734,0.6661606795364736,2360,1560,1456816609613
Running observer at: 1456816620256
production-topology4-4-1456816528,1.008795608108108,0.6833260663669368,1900,3380,1456816620849
production-topology3-3-1456816521,0.9323130876774304,0.656143867739959,2440,4100,1456816620849
production-topology2-2-1456816514,1.0356959650588458,0.6267750342512515,1920,1240,1456816620849
production-topology1-1-1456816507,0.9347546747158697,0.6840669458817668,2300,1460,1456816620850
Running observer at: 1456816631391
production-topology4-4-1456816528,0.9586252356453548,0.7083532635740657,2440,4360,1456816631978
production-topology3-3-1456816521,1.0335974553406606,0.687598333373351,2340,4340,1456816631978
production-topology2-2-1456816514,0.8848351648351649,0.645207900721531,2400,1540,1456816631979
production-topology1-1-1456816507,0.8266123866140521,0.6929760359275345,1920,1200,1456816631979
Running observer at: 1456816642508
production-topology4-4-1456816528,1.0583037566398352,0.7375158046628799,2220,4200,1456816643126
production-topology3-3-1456816521,1.0484203876629565,0.7153538760110129,2020,3720,1456816643126
production-topology2-2-1456816514,1.2473006120955419,0.6853474148131317,2280,1520,1456816643127
production-topology1-1-1456816507,1.1163368493385335,0.7178796131870051,2460,1540,1456816643127
Running observer at: 1456816653768
production-topology4-4-1456816528,0.9469370395686183,0.7536251304248598,2000,3500,1456816654317
production-topology3-3-1456816521,0.954994544694307,0.7324710666312482,2260,4080,1456816654317
production-topology2-2-1456816514,0.9669235831146139,0.7029459253319743,2060,1280,1456816654318
production-topology1-1-1456816507,0.9436768899933727,0.7304239063429144,2340,1520,1456816654318
Running observer at: 1456816664850
production-topology4-4-1456816528,1.0398535439503174,0.7740700171052496,2440,4320,1456816665424
production-topology3-3-1456816521,0.9929800384354656,0.749838331418196,2360,4040,1456816665424
production-topology2-2-1456816514,0.8504489688953667,0.7116225749533504,2320,1520,1456816665425
production-topology1-1-1456816507,0.9885476463834671,0.7440093663450488,1980,1320,1456816665425
Running observer at: 1456816676062
production-topology4-4-1456816528,0.9497302737933164,0.785780700884454,2240,4060,1456816676626
production-topology3-3-1456816521,1.0590141386183167,0.7691618193682035,2140,4000,1456816676626
production-topology2-2-1456816514,1.0473207197345131,0.7302724718856372,2220,1440,1456816676626
production-topology1-1-1456816507,1.058065205391642,0.7597121582973785,2260,1460,1456816676627
Running observer at: 1456816687266
production-topology4-4-1456816528,1.0964365395981088,0.8051966908040574,1920,3560,1456816687798
production-topology3-3-1456816521,0.96767306611023,0.7808389515294991,2160,3880,1456816687799
production-topology2-2-1456816514,1.0661705551086083,0.7479513183710567,2260,1460,1456816687799
production-topology1-1-1456816507,0.9938749813792054,0.7708627689203227,2300,1520,1456816687799
Running observer at: 1456816698424
production-topology4-4-1456816528,0.9836654357441191,0.8156948522711198,2420,4220,1456816698931
production-topology3-3-1456816521,1.003452780888391,0.7932063864938821,2300,4080,1456816698932
production-topology2-2-1456816514,0.8108885416452601,0.7510981795347669,2080,1260,1456816698932
production-topology1-1-1456816507,0.9951457488444704,0.7810574498259658,2420,1440,1456816698932
Running observer at: 1456816709650
production-topology4-4-1456816528,0.9367880162670421,0.8224222502708933,2300,4160,1456816710219
production-topology3-3-1456816521,1.0090238281166055,0.8045651992108676,2320,4160,1456816710219
production-topology2-2-1456816514,1.1411981782352154,0.769674369949074,2520,1640,1456816710219
production-topology1-1-1456816507,0.9901532041024405,0.7901485695771169,1840,1200,1456816710220
Running observer at: 1456816720822
production-topology4-4-1456816528,1.0037403897729305,0.8319653102446848,2420,4340,1456816721367
production-topology3-3-1456816521,1.0053507174287066,0.8146044751217595,2020,3700,1456816721367
production-topology2-2-1456816514,0.9370294607816784,0.7772814195323741,2200,1460,1456816721367
production-topology1-1-1456816507,1.0346324411303987,0.8003353975585036,2360,1540,1456816721368
Running observer at: 1456816731937
production-topology4-4-1456816528,1.087033446965131,0.8447187170807071,1880,3480,1456816732444
production-topology3-3-1456816521,1.068925121717565,0.8267149821025122,2200,4080,1456816732445
production-topology2-2-1456816514,1.1141372251402815,0.7919273241240223,1920,1240,1456816732445
production-topology1-1-1456816507,1.1231196833375996,0.8132467689896674,2360,1440,1456816732445
Running observer at: 1456816743107
production-topology4-4-1456816528,0.9724076953565657,0.8507991446176527,2340,4180,1456816743726
production-topology3-3-1456816521,0.9799039575015994,0.8336781173479252,2280,4160,1456816743726
production-topology2-2-1456816514,0.8622151559859802,0.7948559837849372,2400,1560,1456816743726
production-topology1-1-1456816507,0.8651021110037505,0.8152412052209783,1900,1260,1456816743726
Running observer at: 1456816754264
production-topology4-4-1456816528,1.0292065829202102,0.8589085736314054,2360,4360,1456816754814
production-topology3-3-1456816521,0.9425164048703412,0.8384102168054216,2100,3680,1456816754814
production-topology2-2-1456816514,1.1530867447676711,0.8091852142242465,2320,1440,1456816754815
production-topology1-1-1456816507,1.0095876220976,0.8224392206608532,2440,1520,1456816754815
Running observer at: 1456816765332
production-topology4-4-1456816528,0.9684688215922106,0.8636720626731795,2000,3400,1456816765848
production-topology3-3-1456816521,1.0247473935892262,0.8461742658380801,2300,4100,1456816765848
production-topology2-2-1456816514,0.8508172921283512,0.8107864479897889,1920,1160,1456816765848
production-topology1-1-1456816507,0.9813686534079197,0.8281152718303912,2240,1480,1456816765848
Running observer at: 1456816776513
production-topology4-4-1456816528,0.9867787138424468,0.868801506471899,2240,4180,1456816777108
production-topology3-3-1456816521,1.021261572420419,0.8531777581013736,2440,4400,1456816777109
production-topology2-2-1456816514,0.9832018961430724,0.8171722053287994,2380,1580,1456816777109
production-topology1-1-1456816507,1.1219842932266506,0.8382486863612967,1920,1220,1456816777109
Running observer at: 1456816787602
production-topology4-4-1456816528,1.0291896036460288,0.8752170303588642,2420,4360,1456816788118
production-topology3-3-1456816521,0.952796956910881,0.8570092657478932,1980,3480,1456816788118
production-topology2-2-1456816514,1.1935853917888786,0.8306155334166594,2300,1460,1456816788118
production-topology1-1-1456816507,1.0863333533869661,0.8465181752621523,2360,1560,1456816788118
Running observer at: 1456816798732
production-topology4-4-1456816528,1.0185342756713616,0.8807292321016524,1940,3420,1456816799328
production-topology3-3-1456816521,1.01628923662693,0.8629085239285983,2180,4040,1456816799329
production-topology2-2-1456816514,0.993131857537876,0.8362195445932531,1980,1240,1456816799329
production-topology1-1-1456816507,0.8593100550511535,0.8751618437638574,2400,1420,1456816799329
Running observer at: 1456816809930
production-topology4-4-1456816528,1.0063418216961653,0.8853815502347826,2200,4140,1456816810478
production-topology3-3-1456816521,0.9485639619193449,0.8659676467139821,2460,4320,1456816810479
production-topology2-2-1456816514,1.0061726083309985,0.8418846467178446,2340,1520,1456816810479
production-topology1-1-1456816507,1.0026741076618997,0.9085843140192541,1880,1260,1456816810479
Running observer at: 1456816820968
production-topology4-4-1456816528,1.0076958017939885,0.889749916361897,2400,4380,1456816821511
production-topology3-3-1456816521,1.0183453019892919,0.8712220486200273,1940,3540,1456816821512
production-topology2-2-1456816514,0.9744191761236709,0.8743652859219669,2340,1560,1456816821512
production-topology1-1-1456816507,0.9493982414678737,0.9402309220681832,2460,1520,1456816821512
Running observer at: 1456816832057
production-topology4-4-1456816528,0.9408001582166703,0.8915102695293031,1980,3380,1456816832575
production-topology3-3-1456816521,1.1359501891839336,0.8800463199721574,2280,4200,1456816832575
production-topology2-2-1456816514,1.083583471105928,0.9104847349588313,1860,1200,1456816832575
production-topology1-1-1456816507,0.9371104391147177,0.9714679367053404,2180,1400,1456816832575
Running observer at: 1456816843147
production-topology4-4-1456816528,1.0226911268251344,0.8958829647724974,2300,4160,1456816843746
production-topology3-3-1456816521,0.9296132950908749,0.9110334298085199,2320,4220,1456816843746
production-topology2-2-1456816514,1.00087070190395,0.9438470916889629,2380,1560,1456816843746
production-topology1-1-1456816507,1.1285102640808309,1.0090849455080348,1980,1280,1456816843747
Running observer at: 1456816854319
production-topology4-4-1456816528,1.0986840842547214,0.9325057675809881,2340,4440,1456816854824
production-topology3-3-1456816521,1.042511495473168,0.9457838129909588,1960,3480,1456816854825
production-topology2-2-1456816514,0.9694487017670393,0.9761620484145309,2360,1460,1456816854825
production-topology1-1-1456816507,0.9927874361995921,1.0313106142013515,2480,1500,1456816854825
Running observer at: 1456816865419
production-topology4-4-1456816528,0.9079197005743398,0.9627697576001328,2000,3440,1456816865967
production-topology3-3-1456816521,0.9569893557172997,0.9776834581815356,2300,4160,1456816865968
production-topology2-2-1456816514,0.8630752529597313,1.0049312235131886,1920,1240,1456816865968
production-topology1-1-1456816507,0.9723055757538517,1.0134975857740989,2200,1420,1456816865968
Running observer at: 1456816876568
production-topology4-4-1456816528,1.0597614736019199,0.9980951400535302,2320,4100,1456816877225
production-topology3-3-1456816521,1.0148541359489818,1.0063035960465017,2360,4360,1456816877225
production-topology2-2-1456816514,1.153904892961413,1.010726470848507,2360,1580,1456816877226
production-topology1-1-1456816507,0.9380539727977599,1.0033649412681354,1900,1280,1456816877226
Running observer at: 1456816887672
production-topology4-4-1456816528,0.9528292968985632,1.0044339761382866,2360,4320,1456816888212
production-topology3-3-1456816521,1.085019536037978,1.0073247733971964,1920,3500,1456816888213
production-topology2-2-1456816514,0.8590901780294701,1.0040060690964547,2280,1420,1456816888213
production-topology1-1-1456816507,0.9337510549025854,0.9961336586090119,2500,1580,1456816888213
Running observer at: 1456816898748
production-topology4-4-1456816528,0.9467417830979765,1.0012616696727417,1980,3480,1456816899280
production-topology3-3-1456816521,0.9341575201654538,1.0036999625494776,2340,4020,1456816899280
production-topology2-2-1456816514,0.960684994761063,1.0005937637792257,1920,1160,1456816899281
production-topology1-1-1456816507,1.0790931652636482,0.9989925685224289,2220,1380,1456816899281
Running observer at: 1456816909915
production-topology4-4-1456816528,1.0782420317232706,1.0023548204193622,2240,4240,1456816910514
production-topology3-3-1456816521,1.014852789526146,1.0043542221698571,2360,4320,1456816910514
production-topology2-2-1456816514,1.0643969461362852,1.0047816739773694,2480,1620,1456816910515
production-topology1-1-1456816507,1.0272316632972371,0.9985152735345076,1960,1240,1456816910515
Running observer at: 1456816921023
production-topology4-4-1456816528,0.9481633509047337,1.002185284506742,2420,4300,1456816921542
production-topology3-3-1456816521,1.039841522752193,1.0045862179461205,1920,3520,1456816921542
production-topology2-2-1456816514,1.1623268426570998,1.0072679847693775,2200,1400,1456816921542
production-topology1-1-1456816507,0.9479382158178544,0.9977783176902164,2360,1580,1456816921542
Running observer at: 1456816932128
production-topology4-4-1456816528,1.0031343306720408,1.0024920968377935,1960,3440,1456816932658
production-topology3-3-1456816521,0.929611153993319,1.004144211868766,2300,4040,1456816932658
production-topology2-2-1456816514,0.8475340617763427,1.0040411716276876,1960,1280,1456816932658
production-topology1-1-1456816507,1.0454738178876113,1.0002653160237174,2280,1460,1456816932659
Running observer at: 1456816943275
production-topology4-4-1456816528,1.0956603458784353,1.0047720095073223,2300,4100,1456816943890
production-topology3-3-1456816521,0.9978981694415211,1.002048970528318,2420,4320,1456816943891
production-topology2-2-1456816514,0.9085684219874371,0.9997354521165783,2400,1540,1456816943891
production-topology1-1-1456816507,1.1198426604737797,1.0000925471374775,1920,1180,1456816943891
Running observer at: 1456816954382
production-topology4-4-1456816528,1.0018517294555558,1.0045405468855704,2300,4360,1456816954905
production-topology3-3-1456816521,1.102327412993532,1.0077161147055214,1900,3440,1456816954905
production-topology2-2-1456816514,1.171420716289299,1.0042596104909267,2360,1500,1456816954905
production-topology1-1-1456816507,0.9280442526800301,0.9998688664029497,2460,1560,1456816954905
Running observer at: 1456816965463
production-topology4-4-1456816528,0.9342366688145909,1.0037275946578785,1980,3380,1456816965979
production-topology3-3-1456816521,1.0534972900563775,1.0083794425293786,2140,4160,1456816965979
production-topology2-2-1456816514,1.1194058607230502,1.0120786336871894,1840,1220,1456816965979
production-topology1-1-1456816507,1.131745533005482,1.010039971282664,2260,1460,1456816965980
Running observer at: 1456816976561
production-topology4-4-1456816528,1.0179328087167072,1.002381896393774,2240,4160,1456816977116
production-topology3-3-1456816521,0.9616473374889631,1.005487007523579,2460,4340,1456816977116
production-topology2-2-1456816514,0.84952566187081,0.9988194686796985,2480,1500,1456816977116
production-topology1-1-1456816507,0.9497998111236867,1.0044887366755024,1960,1240,1456816977117
Running observer at: 1456816987690
production-topology4-4-1456816528,0.9672356224953166,1.003058515824664,2100,3740,1456816988204
production-topology3-3-1456816521,0.9745115914397453,1.0061375757484268,1980,3360,1456816988204
production-topology2-2-1456816514,1.209782500462311,1.0069147659246218,2280,1500,1456816988204
production-topology1-1-1456816507,0.918884147047569,1.0036623119106423,2420,1500,1456816988204
Running observer at: 1456816998752
production-topology4-4-1456816528,1.060221485301672,1.0037374472030425,2280,4080,1456816999311
production-topology3-3-1456816521,0.9830836180626095,1.0058076950693315,2240,4120,1456816999311
production-topology2-2-1456816514,0.9459379365818552,1.0100977315141713,1840,1240,1456816999312
production-topology1-1-1456816507,1.1485199374471766,1.008994721612766,2200,1480,1456816999312
Running observer at: 1456817009902
production-topology4-4-1456816528,0.9469506016574855,1.0036447914651816,2300,4100,1456817010469
production-topology3-3-1456816521,1.0630667798591582,1.005942783110693,2420,4420,1456817010469
production-topology2-2-1456816514,1.0015013894073244,1.008570420503265,2440,1600,1456817010469
production-topology1-1-1456816507,0.8773892122559421,1.0029721885082425,2020,1180,1456817010469
Running observer at: 1456817021057
production-topology4-4-1456816528,0.9853193713094326,0.9999408858555588,2180,3920,1456817021584
production-topology3-3-1456816521,0.943927029204285,1.0051512485471614,1900,3400,1456817021585
production-topology2-2-1456816514,0.9410678811690726,1.004400331371947,2260,1380,1456817021585
production-topology1-1-1456816507,1.1184301128911016,1.0071240262253058,2340,1480,1456817021585
Running observer at: 1456817032110
production-topology4-4-1456816528,1.046109949181182,1.0020223696367945,2100,3920,1456817032618
production-topology3-3-1456816521,1.0149709470207686,1.0055351874182406,2320,4180,1456817032618
production-topology2-2-1456816514,1.0422477810837845,1.0121123060198978,1920,1280,1456817032619
production-topology1-1-1456816507,1.016137913634999,1.0078237650516568,2320,1500,1456817032619
Running observer at: 1456817043344
production-topology4-4-1456816528,0.975678833406272,1.003318730208102,2380,4100,1456817043896
production-topology3-3-1456816521,1.0388227914304324,1.006528486195368,2380,4360,1456817043896
production-topology2-2-1456816514,0.9980247615594233,1.0073398587973714,2400,1560,1456817043896
production-topology1-1-1456816507,1.1601190719079169,1.013489293978506,1900,1220,1456817043897
Running observer at: 1456817054483
production-topology4-4-1456816528,1.0540056324253837,1.0049942382965171,2380,4380,1456817055044
production-topology3-3-1456816521,0.9101352959484448,1.0033546388126926,2100,3580,1456817055044
production-topology2-2-1456816514,1.028515974168148,1.0103894092435872,2280,1480,1456817055044
production-topology1-1-1456816507,0.8601640979737263,1.0076736825399504,2400,1500,1456817055044
Running observer at: 1456817065511
production-topology4-4-1456816528,0.9512252311110639,1.000467297768048,1920,3420,1456817066053
production-topology3-3-1456816521,1.0229856024248547,1.0018233215029357,2140,4020,1456817066053
production-topology2-2-1456816514,1.0159088076191372,1.007115128659549,1980,1200,1456817066053
production-topology1-1-1456816507,0.9473543095550123,1.0018148367471975,2320,1440,1456817066053
Running observer at: 1456817076624
production-topology4-4-1456816528,1.0605295254452047,1.003404692104336,2280,4120,1456817077193
production-topology3-3-1456816521,1.006330142571458,1.0027041943385977,2500,4300,1456817077193
production-topology2-2-1456816514,0.9179231940435776,1.0089720632614692,2400,1580,1456817077193
production-topology1-1-1456816507,1.1719482534637207,1.0120430414958632,1860,1260,1456817077193
Running observer at: 1456817087743
production-topology4-4-1456816528,0.9327627606038822,1.000189898027125,2000,3640,1456817088291
production-topology3-3-1456816521,1.0509648271758014,1.0063191417487796,1880,3460,1456817088291
production-topology2-2-1456816514,1.0338073707319,1.0049960841269432,2240,1360,1456817088291
production-topology1-1-1456816507,0.9310712856883071,1.0094258302822203,2460,1540,1456817088291
Running observer at: 1456817098815
production-topology4-4-1456816528,1.0202201928138968,1.0019149437345147,2340,4220,1456817099371
production-topology3-3-1456816521,0.9412749096829409,1.00353672561857,2260,4060,1456817099371
production-topology2-2-1456816514,0.9329586506507945,1.0077341294110247,1960,1280,1456817099371
production-topology1-1-1456816507,0.9717962880614268,1.009106751437337,2240,1500,1456817099371
Running observer at: 1456817109947
production-topology4-4-1456816528,0.9778088792889259,1.0016159492493975,2300,4100,1456817110588
production-topology3-3-1456816521,1.0816249636426432,1.005548838659311,2400,4320,1456817110588
production-topology2-2-1456816514,1.0286291051849656,1.009248369712421,2420,1580,1456817110588
production-topology1-1-1456816507,1.113437222804282,1.0088218490899248,1880,1220,1456817110588
Running observer at: 1456817121128
production-topology4-4-1456816528,1.0247125976111753,1.0014667157149022,2140,3820,1456817121659
production-topology3-3-1456816521,0.9416111351387699,1.005175977933574,1920,3540,1456817121659
production-topology2-2-1456816514,1.000569562936392,1.0028145087506717,2280,1440,1456817121659
production-topology1-1-1456816507,1.0747022935058517,1.0084341470938876,2420,1500,1456817121659
Running observer at: 1456817132193
production-topology4-4-1456816528,0.9772007733548395,1.0000889323043514,2180,3920,1456817132727
production-topology3-3-1456816521,1.013261717878191,1.0050750606419494,2320,4080,1456817132727
production-topology2-2-1456816514,1.1253948419857314,1.0072232748989334,1920,1280,1456817132727
production-topology1-1-1456816507,0.9275835874414703,1.0107099315068981,2280,1400,1456817132727
Running observer at: 1456817143277
production-topology4-4-1456816528,1.0301093931033822,1.000881184684592,2300,4080,1456817143844
production-topology3-3-1456816521,1.0458486342810507,1.008317883054006,2380,4360,1456817143844
production-topology2-2-1456816514,1.0241555679343697,1.0078227068857124,2480,1580,1456817143844
production-topology1-1-1456816507,0.9713351016799292,1.0096652979741658,1980,1260,1456817143844
Running observer at: 1456817154399
production-topology4-4-1456816528,0.9739526800349898,0.9997564139592919,2080,3620,1456817155024
production-topology3-3-1456816521,0.9679390800725725,1.006637675656782,1940,3440,1456817155025
production-topology2-2-1456816514,0.8482322174145263,1.003616474928741,2240,1420,1456817155025
production-topology1-1-1456816507,0.9725085317892079,1.0104356409848771,2320,1440,1456817155025
Running observer at: 1456817165566
production-topology4-4-1456816528,0.9938862861276654,1.0015259515563253,2320,4180,1456817166032
production-topology3-3-1456816521,1.083677069852041,1.004895238345719,2260,4180,1456817166033
production-topology2-2-1456816514,1.0489618914527337,1.0024624222736345,1960,1260,1456817166033
production-topology1-1-1456816507,1.0817644737345067,1.01525744213887,2380,1520,1456817166033
Running observer at: 1456817176627
production-topology4-4-1456816528,1.0460652606251712,1.00230508934966,2260,4020,1456817177187
production-topology3-3-1456816521,0.9091754281766273,1.004213976115244,2460,4300,1456817177187
production-topology2-2-1456816514,1.0093916423712341,1.0027464536225439,2300,1480,1456817177187
production-topology1-1-1456816507,0.9085171088116595,1.007924336963231,1980,1300,1456817177187
Running observer at: 1456817187718
production-topology4-4-1456816528,1.0273438818101128,0.999927082601506,1980,3760,1456817188268
production-topology3-3-1456816521,1.0413127528611192,1.004174018028176,1960,3540,1456817188268
production-topology2-2-1456816514,0.9052358094030685,1.0006060238770782,2340,1440,1456817188269
production-topology1-1-1456816507,1.0398937343973964,1.0094945469031578,2220,1500,1456817188269
Running observer at: 1456817198814
production-topology4-4-1456816528,0.982075171205606,1.0023989316225481,2340,4080,1456817199332
production-topology3-3-1456816521,0.9232627589018327,1.003049798134327,2300,4080,1456817199332
production-topology2-2-1456816514,1.138080553707101,1.009772867235324,1940,1280,1456817199332
production-topology1-1-1456816507,0.9030951024314671,1.007187531125745,2520,1500,1456817199332
Running observer at: 1456817209898
production-topology4-4-1456816528,0.9730736686257743,0.9995093381233434,2300,4060,1456817210534
production-topology3-3-1456816521,1.0551510178716486,1.0043930275317492,2360,4300,1456817210534
production-topology2-2-1456816514,1.1362592007753294,1.0091846774957878,2340,1600,1456817210534
production-topology1-1-1456816507,1.092526581496295,1.0123366180823627,1820,1280,1456817210534
Running observer at: 1456817221057
production-topology4-4-1456816528,0.9859982382359627,1.0006149695012565,2120,3720,1456817221633
production-topology3-3-1456816521,0.8955228926310422,0.998076472751518,1960,3360,1456817221633
production-topology2-2-1456816514,0.9274641162343215,1.0114638087692827,2360,1440,1456817221633
production-topology1-1-1456816507,0.999511161078704,1.0145286216215665,2280,1440,1456817221634
/var/nimbus/storm/bin/storm rebalance production-topology3 -e spout_head=11
1456817222014
/var/nimbus/storm/bin/storm rebalance production-topology2 -e spout_head=9
Running observer at: 1456817232188
production-topology4-4-1456816528,1.001187045200177,1.00242981157133,2220,4060,1456817232694
production-topology2-2-1456816514,0.9992556325516418,0.9992556325516418,138540,88860,1456817232694
production-topology3-3-1456816521,1.0001098616940671,1.0001098616940671,137220,247020,1456817232694
production-topology1-1-1456816507,0.9949040697703797,1.0117223184384576,2420,1500,1456817232694
Running observer at: 1456817243240
production-topology4-4-1456816528,1.0253592050674278,1.0006670506828017,2280,4160,1456817243858
production-topology2-2-1456816514,11.25,6.1246278162758205,260,220,1456817243858
production-topology3-3-1456816521,1.306122448979592,1.1531161553368294,140,380,1456817243859
production-topology1-1-1456816507,0.858870917138718,1.006110293566507,1960,1200,1456817243859
Running observer at: 1456817254462
production-topology4-4-1456816528,0.9803690965234005,1.0017405755367572,2020,3680,1456817255066
production-topology2-2-1456816514,1.0,4.41641854418388,0,0,1456817255066
production-topology3-3-1456816521,2.0,1.4354107702245529,0,0,1456817255066
production-topology1-1-1456816507,1.112721712538226,1.0116030767905193,2180,1540,1456817255066
Running observer at: 1456817260619
production-topology4-4-1456816528,0.8895322291155625,0.9979538388182081,1480,2540,1456817261238
production-topology2-2-1456816514,1.0,3.5623139081379103,0,0,1456817261238
production-topology3-3-1456816521,2.0,1.5765580776684147,0,0,1456817261238
production-topology1-1-1456816507,1.1965127372662936,1.0166377074364752,1200,720,1456817261238
Running observer at: 1456817261866
production-topology4-4-1456816528,0.7076719576719577,0.9850208925446591,120,180,1456817262406
production-topology2-2-1456816514,1.0,3.0498511265103283,0,0,1456817262406
production-topology3-3-1456816521,2.0,1.6612464621347318,0,0,1456817262406
production-topology1-1-1456816507,0.9124647282542021,1.0097251096958226,440,280,1456817262406
Running observer at: 1456817265607
production-topology4-4-1456816528,1.2589116138803966,0.9935895553588203,760,1380,1456817266064
production-topology2-2-1456816514,1.0,2.70820927209194,0,0,1456817266064
production-topology3-3-1456816521,0.0023209089649438826,1.384758869939767,123720,140,1456817266065
production-topology1-1-1456816507,0.9530046647763653,1.0105571234323674,780,460,1456817266065
Running observer at: 1456817276555
production-topology4-4-1456816528,1.0681211060424542,0.9980523699330824,2240,4180,1456817277098
production-topology2-2-1456816514,0.008680555555555556,2.3225623125867427,600,40,1456817277098
production-topology3-3-1456816521,0.992193621230302,1.3286781201241291,83920,149640,1456817277098
production-topology1-1-1456816507,0.958243282936881,1.0047737150967473,1940,1220,1456817277098
Running observer at: 1456817287650
production-topology4-4-1456816528,0.9724609917391571,0.9965366427004976,1880,3440,1456817288305
production-topology2-2-1456816514,0.9841277352715322,2.1552579904223412,1620,1120,1456817288305
production-topology3-3-1456816521,0.7370508584386137,1.2547247124134397,1800,2260,1456817288305
production-topology1-1-1456816507,0.9370022280220053,1.0043471289933579,2280,1460,1456817288305
Running observer at: 1456817298762
production-topology4-4-1456816528,0.965914604621011,0.9964926087713539,2440,4300,1456817299307
production-topology2-2-1456816514,1.2250523256218235,2.051901805444506,1900,1460,1456817299307
production-topology3-3-1456816521,1.1013579659957762,1.237683962811477,2280,4740,1456817299307
production-topology1-1-1456816507,1.1032262559420136,1.010491865956506,2440,1600,1456817299307
Running observer at: 1456817309896
production-topology4-4-1456816528,1.055705603792811,0.9963420793877255,2300,4140,1456817310485
production-topology2-2-1456816514,1.0053328722435477,1.9472449121244104,2180,1340,1456817310485
production-topology3-3-1456816521,1.0468786173269158,1.218603428263021,2580,4760,1456817310485
production-topology1-1-1456816507,0.920336430579186,1.0028857490609062,1860,1180,1456817310485
Running observer at: 1456817321037
production-topology4-4-1456816528,0.9861337924041678,0.9976481857459483,1960,3420,1456817321687
production-topology2-2-1456816514,1.0601322004742297,1.866598301974394,1780,1180,1456817321687
production-topology3-3-1456816521,0.9581987881370749,1.1949302791606622,2400,4320,1456817321687
production-topology1-1-1456816507,1.0074106705367936,1.0072197976702681,2340,1560,1456817321687
Running observer at: 1456817332161
production-topology4-4-1456816528,1.038851522844555,0.9994325907971189,2380,4380,1456817332694
production-topology2-2-1456816514,0.9294721743116486,1.7885044580024985,2020,1320,1456817332694
production-topology3-3-1456816521,1.0855854630511996,1.1858182111515403,2340,4460,1456817332694
production-topology1-1-1456816507,1.1274782351169061,1.0075214017444616,2340,1500,1456817332694
Running observer at: 1456817343241
production-topology4-4-1456816528,0.9238140430605652,0.9953560605930984,2300,4100,1456817343786
production-topology2-2-1456816514,0.9396876228055823,1.7232108552950434,2140,1300,1456817343786
production-topology3-3-1456816521,1.021401876480942,1.1731708007922637,2560,4560,1456817343786
production-topology1-1-1456816507,0.8877970941463005,1.0032433744281717,1960,1240,1456817343786
Running observer at: 1456817354346
production-topology4-4-1456816528,1.0749089166309522,0.9986637300339213,1900,3440,1456817355049
production-topology2-2-1456816514,1.226814290762496,1.6877539578284326,1900,1220,1456817355049
production-topology3-3-1456816521,0.9554168086369275,1.1576169442097395,2460,4400,1456817355049
production-topology1-1-1456816507,0.9616260825769437,0.9966269414504726,2280,1440,1456817355049
/var/nimbus/storm/bin/storm rebalance production-topology1 -e spout_head=11
1456817355343
/var/nimbus/storm/bin/storm rebalance production-topology4 -e bolt_output_1=9
Running observer at: 1456817365513
production-topology4-4-1456816528,1.0000470985535064,1.0000470985535064,162220,291740,1456817365985
production-topology2-2-1456816514,0.9194926556932297,1.6365365376860859,1960,1300,1456817365985
production-topology3-3-1456816521,1.0695260256980528,1.1517442163089604,2300,4340,1456817365985
production-topology1-1-1456816507,1.000300142552522,1.000300142552522,167240,106680,1456817365985
Running observer at: 1456817376371
production-topology4-4-1456816528,1.314831573655103,1.1574393361043047,240,540,1456817376952
production-topology2-2-1456816514,1.0174602209410648,1.597844267889522,2140,1400,1456817376952
production-topology3-3-1456816521,0.9783091008972715,1.1409045215957299,2500,4560,1456817376952
production-topology1-1-1456816507,7.333333333333334,4.166816737942928,100,180,1456817376952
Running observer at: 1456817387381
production-topology4-4-1456816528,2.0,1.438292890736203,0,0,1456817388012
production-topology2-2-1456816514,1.146075,1.5712696050724912,1820,1180,1456817388012
production-topology3-3-1456816521,0.9626591276401644,1.1304194984218732,2320,4080,1456817388012
production-topology1-1-1456816507,1.0,3.1112111586286186,0,0,1456817388012
Running observer at: 1456817394513
production-topology4-4-1456816528,2.0,1.5787196680521522,0,0,1456817395178
production-topology2-2-1456816514,0.9640048820504613,1.5375326760157118,1400,920,1456817395178
production-topology3-3-1456816521,1.0183370758059884,1.124192697165435,1700,3060,1456817395178
production-topology1-1-1456816507,1.0,2.583408368971464,0,0,1456817395178
Running observer at: 1456817395753
production-topology4-4-1456816528,2.0,1.6629757344417218,0,0,1456817396339
production-topology2-2-1456816514,1.0,1.5092414825412006,0,0,1456817396339
production-topology3-3-1456816521,1.4619047619047618,1.1419670163622417,120,220,1456817396339
production-topology1-1-1456816507,1.0069971271323563,2.2681261206036423,100120,64140,1456817396339
Running observer at: 1456817398550
production-topology4-4-1456816528,0.0,1.385813112034768,0,0,1456817399029
production-topology2-2-1456816514,0.7458689458689457,1.4710728557075878,540,340,1456817399029
production-topology3-3-1456816521,1.1262305953430483,1.1411801953112821,680,1240,1456817399029
production-topology1-1-1456816507,0.4444444444444444,1.9641791745771096,180,0,1456817399030
Running observer at: 1456817409550
production-topology4-4-1456816528,0.0,1.1878398103155157,0,0,1456817410086
production-topology2-2-1456816514,1.058945808208988,1.4514477582076546,2000,1340,1456817410086
production-topology3-3-1456816521,0.9809696929512983,1.1335511237703304,2460,4480,1456817410086
production-topology1-1-1456816507,0.526463248535117,1.7587911851425393,1840,760,1456817410087
Running observer at: 1456817420611
production-topology4-4-1456816528,0.6141634631692011,1.1161302669222262,980,1000,1456817421150
production-topology2-2-1456816514,0.8678000750201816,1.4249183180627694,2080,1220,1456817421150
production-topology3-3-1456816521,1.0602201380701428,1.1302178971475947,2240,4080,1456817421150
production-topology1-1-1456816507,1.0650324337271253,1.6720713412156125,2200,1420,1456817421150
Running observer at: 1456817431638
production-topology4-4-1456816528,1.1111411008943493,1.115575915141351,2260,4720,1456817432126
production-topology2-2-1456816514,1.1344903292511526,1.412291014201395,1820,1240,1456817432126
production-topology3-3-1456816521,0.928021964423049,1.121426769637832,2580,4540,1456817432126
production-topology1-1-1456816507,0.9425502119927318,1.5910134379686258,2600,1660,1456817432126
Running observer at: 1456817442695
production-topology4-4-1456816528,1.0818069597180169,1.1121990195990175,2020,3760,1456817443322
production-topology2-2-1456816514,0.895477625531433,1.3907571230068132,2060,1280,1456817443322
production-topology3-3-1456816521,1.0289432873055848,1.1175732912073215,2260,4080,1456817443322
production-topology1-1-1456816507,1.015644157598499,1.5334765099316132,2500,1580,1456817443322
Running observer at: 1456817453888
production-topology4-4-1456816528,0.964898519993076,1.0988080650893866,2180,3860,1456817454413
production-topology2-2-1456816514,1.1568650422704876,1.3814014397773602,2080,1380,1456817454414
production-topology3-3-1456816521,0.9336894820955506,1.1102179388428508,2600,4520,1456817454414
production-topology1-1-1456816507,1.043593770921725,1.4889417154761688,2260,1420,1456817454414
Running observer at: 1456817464956
production-topology4-4-1456816528,1.0143959136217116,1.0917737191337469,2480,4300,1456817465498
production-topology2-2-1456816514,0.9031895443159865,1.3630086745673073,1860,1280,1456817465498
production-topology3-3-1456816521,1.055194805194805,1.108101664471772,2400,4520,1456817465498
production-topology1-1-1456816507,0.9800148399836831,1.4465311425184615,2520,1640,1456817465499
Running observer at: 1456817476022
production-topology4-4-1456816528,1.0122232490129681,1.0856544522013793,2040,3740,1456817476677
production-topology2-2-1456816514,0.9023239530149597,1.3459462774727757,2020,1240,1456817476677
production-topology3-3-1456816521,0.9874657975213262,1.1036336693995334,2320,4120,1456817476677
production-topology1-1-1456816507,1.044391566953337,1.415597329013452,2540,1600,1456817476677
Running observer at: 1456817487222
production-topology4-4-1456816528,0.9637724851773691,1.0769485974139499,2120,3920,1456817487769
production-topology2-2-1456816514,1.1072793872361075,1.3374224599643232,2060,1280,1456817487769
production-topology3-3-1456816521,1.0375852204679856,1.1012747962234066,2540,4520,1456817487769
production-topology1-1-1456816507,1.070935873537074,1.3909786536222821,2160,1480,1456817487769
Running observer at: 1456817498308
production-topology4-4-1456816528,0.9981346660783581,1.0716943353249104,2520,4400,1456817498799
production-topology2-2-1456816514,0.9050934571867707,1.3225145633168216,1920,1260,1456817498799
production-topology3-3-1456816521,0.9646606371792597,1.096563963152919,2500,4500,1456817498799
production-topology1-1-1456816507,0.9982042751360639,1.3647936950565343,2540,1660,1456817498799
Running observer at: 1456817509322
production-topology4-4-1456816528,0.989128556566437,1.066533974152506,2000,3660,1456817509834
production-topology2-2-1456816514,1.1427094883867466,1.3165210608191524,2000,1260,1456817509834
production-topology3-3-1456816521,0.9902244494635799,1.0930193126966077,2240,4000,1456817509834
production-topology1-1-1456816507,0.9694838917823185,1.3400868323518957,2560,1580,1456817509834
Running observer at: 1456817520463
production-topology4-4-1456816528,0.9406931108519907,1.0591315704289463,2180,3840,1456817521011
production-topology2-2-1456816514,1.0426899832840428,1.3179688725102323,2020,1340,1456817521011
production-topology3-3-1456816521,1.0110125537751968,1.0933827357659784,2580,4620,1456817521011
production-topology1-1-1456816507,0.9531591796113948,1.3173263821906898,2240,1380,1456817521011
Running observer at: 1456817531595
production-topology4-4-1456816528,1.0555851320681828,1.0589345460755706,2400,4280,1456817532086
production-topology2-2-1456816514,0.9744318181818181,0.975449933116293,1920,1260,1456817532086
production-topology3-3-1456816521,1.0615412358125067,1.085230028660409,2380,4580,1456817532086
production-topology1-1-1456816507,0.9866315420101932,1.2989544466251066,2540,1700,1456817532086
Running observer at: 1456817542531
production-topology4-4-1456816528,1.1157328305858822,1.0619239294708502,2020,3720,1456817543098
production-topology2-2-1456816514,0.8024658739449648,0.9688654622477919,1860,1140,1456817543098
production-topology3-3-1456816521,0.9301492819349962,1.0495683380582421,2240,3660,1456817543098
production-topology1-1-1456816507,1.0318115057524557,1.2848942918423354,2400,1560,1456817543098
Running observer at: 1456817553644
production-topology4-4-1456816528,1.0141080764552115,1.0595331368200684,2120,4060,1456817554149
production-topology2-2-1456816514,1.163028803376309,0.9742997556936689,2120,1340,1456817554149
production-topology3-3-1456816521,0.9739317337634819,1.0153660625170249,2480,4600,1456817554149
production-topology1-1-1456816507,0.9935334028235278,1.270326247391395,2260,1480,1456817554149
Running observer at: 1456817564720
production-topology4-4-1456816528,0.8968655328875995,1.0517870604423318,2500,4240,1456817565208
production-topology2-2-1456816514,1.030509323179589,0.9753167331329885,1960,1300,1456817565208
production-topology3-3-1456816521,1.088078498029823,0.9849686791180189,2580,4840,1456817565208
production-topology1-1-1456816507,0.9823558977209693,1.256613373597565,2600,1620,1456817565209
Running observer at: 1456817575787
production-topology4-4-1456816528,1.1079380961360121,1.0543393802465901,1940,3660,1456817576399
production-topology2-2-1456816514,0.9284754511972315,0.9729325815062296,1880,1180,1456817576399
production-topology3-3-1456816521,0.9636256220093493,1.0170121695528325,2140,3760,1456817576400
production-topology1-1-1456816507,1.0633263148670757,1.2478275982007248,2420,1460,1456817576400
Running observer at: 1456817586854
production-topology4-4-1456816528,0.9586143852306832,1.0501774239415504,2220,3920,1456817587375
production-topology2-2-1456816514,1.052939071420729,1.0077411987017353,2060,1300,1456817587376
production-topology3-3-1456816521,0.9818607848324383,1.0166677416729037,2540,4600,1456817587376
production-topology1-1-1456816507,0.9189747829681685,1.2335296497123527,2400,1560,1456817587376
Running observer at: 1456817597970
production-topology4-4-1456816528,0.9494121051500265,1.0459788689919038,2160,3900,1456817598499
production-topology2-2-1456816514,0.882606699362093,1.0043571641714206,2040,1280,1456817598499
production-topology3-3-1456816521,1.053378229461584,1.0272119873736694,2460,4460,1456817598499
production-topology1-1-1456816507,0.9818976915751106,1.2230449847899676,2320,1520,1456817598499
Running observer at: 1456817608951
production-topology4-4-1456816528,0.997890941300285,1.044055351884239,2280,4060,1456817609503
production-topology2-2-1456816514,1.1902184053697433,1.0031960334963512,1860,1220,1456817609503
production-topology3-3-1456816521,0.9477098501396725,1.0220903835117991,2340,4020,1456817609503
production-topology1-1-1456816507,1.0290225538356945,1.2152840875517967,2280,1400,1456817609503
Running observer at: 1456817620052
production-topology4-4-1456816528,1.0639513463042876,1.0448205824388561,2220,4000,1456817620610
production-topology2-2-1456816514,1.0366151850971028,1.0042387772581365,1900,1260,1456817620610
production-topology3-3-1456816521,1.0591049251392843,1.0224979271055448,2420,4580,1456817620610
production-topology1-1-1456816507,1.0616108315147295,1.2093735777042172,2680,1680,1456817620610
Running observer at: 1456817631161
production-topology4-4-1456816528,0.9571584333612676,1.0415738361767233,2120,3800,1456817631693
production-topology2-2-1456816514,0.9759988901220866,1.0014343335797316,2140,1340,1456817631693
production-topology3-3-1456816521,0.9872412284931522,1.0234660084507474,2540,4460,1456817631693
production-topology1-1-1456816507,0.9764918625678118,1.2007483289954612,2420,1540,1456817631693
Running observer at: 1456817642175
production-topology4-4-1456816528,1.025467961727743,1.040998626374974,2200,4100,1456817642728
production-topology2-2-1456816514,0.9683186579532526,1.002729216367785,1980,1220,1456817642728
production-topology3-3-1456816521,0.9531778686763415,1.0190524219715855,2280,4140,1456817642728
production-topology1-1-1456816507,1.052739007480387,1.1954622817984946,2160,1420,1456817642728
Running observer at: 1456817653303
production-topology4-4-1456816528,1.0034410564800471,1.0397035377579074,2180,3840,1456817653839
production-topology2-2-1456816514,1.2404661308889091,1.0127551666372292,1900,1280,1456817653839
production-topology3-3-1456816521,1.0509797858537355,1.0200383522840117,2480,4500,1456817653839
production-topology1-1-1456816507,0.8495665342080392,1.1835348422264098,2660,1640,1456817653839
Running observer at: 1456817664329
production-topology4-4-1456816528,0.9840135362348232,1.0378472043738047,2080,3720,1456817664874
production-topology2-2-1456816514,0.8800512884909907,1.0011963998948457,2180,1300,1456817664875
production-topology3-3-1456816521,0.9622312196712808,1.02026549931849,2380,4340,1456817664875
production-topology1-1-1456816507,1.116349902534113,1.1812953442366665,2420,1540,1456817664875
Running observer at: 1456817675321
production-topology4-4-1456816528,0.9659886509886509,1.0367119227883095,2200,3940,1456817675908
production-topology2-2-1456816514,0.9645632158095666,1.0026987518987236,1800,1240,1456817675908
production-topology3-3-1456816521,0.9897085152141514,1.0176049156356934,2420,4200,1456817675908
production-topology1-1-1456816507,1.0328352011514845,1.1823798461899655,2240,1440,1456817675908
Running observer at: 1456817686476
production-topology4-4-1456816528,1.113704729825188,1.0300076946606456,2380,4340,1456817686991
production-topology2-2-1456816514,1.0136077374428205,1.0025703357821156,1880,1220,1456817686991
production-topology3-3-1456816521,1.098835236826218,1.0216224534999918,2460,4560,1456817686991
production-topology1-1-1456816507,0.9774626909090908,0.9705174914424907,2500,1580,1456817686991
Running observer at: 1456817697510
production-topology4-4-1456816528,0.903041162122526,0.9934424000647297,2000,3620,1456817698055
production-topology2-2-1456816514,0.9836743178910046,0.9971569797118157,2100,1360,1456817698055
production-topology3-3-1456816521,0.9440377845437679,1.0210017420634452,2320,4020,1456817698055
production-topology1-1-1456816507,1.066567905334409,0.9727364216203044,2520,1660,1456817698055
Running observer at: 1456817708605
production-topology4-4-1456816528,1.0229531972826034,0.9608741733074831,2200,3900,1456817709094
production-topology2-2-1456816514,1.106943515545095,1.0019216008283034,1960,1280,1456817709094
production-topology3-3-1456816521,0.9589211988633262,1.019021212832023,2580,4520,1456817709094
production-topology1-1-1456816507,0.9485591968292986,0.9710217281812811,2200,1400,1456817709094
Running observer at: 1456817719660
production-topology4-4-1456816528,0.9758584401030326,0.9267361213109175,2420,4340,1456817720174
production-topology2-2-1456816514,0.8363013093123315,0.996464977805381,1940,1180,1456817720174
production-topology3-3-1456816521,1.059575191680791,1.0056102271578908,2420,4420,1456817720174
production-topology1-1-1456816507,1.1190185922064437,0.9747557770170839,2540,1620,1456817720174
Running observer at: 1456817730784
production-topology4-4-1456816528,1.1058365856738734,0.96359734083338,2000,3680,1456817731370
production-topology2-2-1456816514,1.0501285459826089,1.0066069644758364,2040,1320,1456817731370
production-topology3-3-1456816521,0.9739634744828538,1.000534656462551,2280,4100,1456817731370
production-topology1-1-1456816507,0.9268824503854501,0.9908370438817842,2500,1640,1456817731370
Running observer at: 1456817741916
production-topology4-4-1456816528,0.9000027699127273,0.9935974331638043,2260,3940,1456817742449
production-topology2-2-1456816514,1.0943491609434914,1.0077870762336534,2020,1220,1456817742449
production-topology3-3-1456816521,1.0048449612403103,1.0013304987388514,2580,4500,1456817742449
production-topology1-1-1456816507,1.0342848865755772,1.0077644318164662,2220,1360,1456817742449
Running observer at: 1456817752999
production-topology4-4-1456816528,1.0906430497825805,1.009480086050917,2360,4360,1456817753514
production-topology2-2-1456816514,0.8766764535327878,1.008082955517407,1860,1300,1456817753514
production-topology3-3-1456816521,0.9946501543510435,0.9991448326148814,2460,4540,1456817753515
production-topology1-1-1456816507,0.9983338501291991,1.0055411456965353,2580,1600,1456817753515
Running observer at: 1456817764084
production-topology4-4-1456816528,0.8576068482437698,1.0010289442958977,2040,3540,1456817764727
production-topology2-2-1456816514,1.099370849530288,1.006912306193378,2100,1300,1456817764727
production-topology3-3-1456816521,0.965142752466438,1.0003821922163276,2160,3700,1456817764727
production-topology1-1-1456816507,0.954613351520568,1.0059432503474632,2380,1500,1456817764728
Running observer at: 1456817775263
production-topology4-4-1456816528,1.1025042898716244,1.0017188553010181,2240,3960,1456817775815
production-topology2-2-1456816514,0.885303058928602,1.0065731539732836,1980,1300,1456817775815
production-topology3-3-1456816521,0.9888247799647751,0.9990449086383008,2560,4800,1456817775816
production-topology1-1-1456816507,0.9872401024474755,1.0049964485090959,2240,1520,1456817775816
Running observer at: 1456817786424
production-topology4-4-1456816528,0.9714235772269076,1.0019363572088122,2420,4340,1456817786998
production-topology2-2-1456816514,1.1737033172781453,1.0071344298068725,1860,1260,1456817786998
production-topology3-3-1456816521,1.0868270460798168,1.0041494941044429,2500,4560,1456817786998
production-topology1-1-1456816507,0.9543837545393907,1.0020227812963511,2620,1600,1456817786998
Running observer at: 1456817797555
production-topology4-4-1456816528,1.0541019826734113,1.0032598928438692,1980,3640,1456817798135
production-topology2-2-1456816514,0.9453235224626185,1.0085388957450936,2120,1320,1456817798136
production-topology3-3-1456816521,0.9835209925566983,1.0017603670165058,2260,4080,1456817798136
production-topology1-1-1456816507,1.0113163521853958,1.0030661650364083,2580,1640,1456817798136
Running observer at: 1456817808607
production-topology4-4-1456816528,0.9662930957052914,1.0017288877336135,2160,3920,1456817809151
production-topology2-2-1456816514,0.8480428449098328,1.006729525474923,2020,1260,1456817809151
production-topology3-3-1456816521,0.9639596420500408,1.0009768285007965,2540,4440,1456817809152
production-topology1-1-1456816507,1.1036215165507217,1.0050404966896542,2160,1480,1456817809152
Running observer at: 1456817819664
production-topology4-4-1456816528,0.9392887386892907,1.0009127628506775,2420,4380,1456817820165
production-topology2-2-1456816514,1.2560348966305406,1.0116880424547372,1820,1220,1456817820165
production-topology3-3-1456816521,1.1124578389422783,1.0034725824499398,2480,4600,1456817820165
production-topology1-1-1456816507,1.0009049773755656,1.0027061334842706,2540,1640,1456817820165
Running observer at: 1456817830598
production-topology4-4-1456816528,1.0481839806415691,1.0025810733361178,2080,3560,1456817831245
production-topology2-2-1456816514,0.9038918004703695,1.0116479872308575,2020,1300,1456817831245
production-topology3-3-1456816521,0.8851581634456251,1.0008224999921518,2220,3760,1456817831245
production-topology1-1-1456816507,1.006532611380751,1.0029837446924268,2340,1500,1456817831245
Running observer at: 1456817841805
production-topology4-4-1456816528,1.016825264292517,1.0035042969269872,2140,4020,1456817842353
production-topology2-2-1456816514,1.0052682232199277,1.0070666117252967,1980,1300,1456817842354
production-topology3-3-1456816521,1.0368947579031613,1.0023781769401379,2380,4540,1456817842354
production-topology1-1-1456816507,0.956704990132886,1.0025577813041124,2520,1460,1456817842354
Running observer at: 1456817852862
production-topology4-4-1456816528,1.0295043883563622,1.0064646728437994,2400,4360,1456817853445
production-topology2-2-1456816514,0.9476466535036466,1.0038985007326167,2000,1240,1456817853446
production-topology3-3-1456816521,1.0118585401830305,1.0024063764870657,2780,4820,1456817853446
production-topology1-1-1456816507,0.9386340776976553,1.0020736112403212,2260,1540,1456817853446
Running observer at: 1456817863888
production-topology4-4-1456816528,0.9678474521949489,1.0035400835146917,2120,3640,1456817864438
production-topology2-2-1456816514,1.0330264381099126,1.0058516547302199,2000,1240,1456817864438
production-topology3-3-1456816521,1.0189144650699653,1.0009854841289811,2020,3860,1456817864438
production-topology1-1-1456816507,1.0519395134779748,1.0042505436225806,2560,1600,1456817864438
Running observer at: 1456817874988
production-topology4-4-1456816528,1.073901750294077,1.0021457141716315,2020,3980,1456817875503
production-topology2-2-1456816514,1.01460894088977,1.0129230902950468,1880,1260,1456817875504
production-topology3-3-1456816521,0.9581739833213121,1.0019196408418583,2600,4500,1456817875504
production-topology1-1-1456816507,0.9814118304858085,1.0025705544470258,2440,1560,1456817875504
Running observer at: 1456817886076
production-topology4-4-1456816528,0.9847952930511179,1.001168621391495,2480,4260,1456817886661
production-topology2-2-1456816514,1.0262325879765397,1.0083632164483878,2060,1300,1456817886661
production-topology3-3-1456816521,1.0694555158908954,1.005103766912772,2480,4620,1456817886662
production-topology1-1-1456816507,1.0576147073762625,1.004706597932117,2320,1540,1456817886662
Running observer at: 1456817897188
production-topology4-4-1456816528,0.9432643657764764,1.0027152491544575,2000,3580,1456817897732
production-topology2-2-1456816514,1.0179994698874584,1.00794622133865,1980,1220,1456817897732
production-topology3-3-1456816521,0.920770359144061,0.9995268289499134,2300,4000,1456817897732
production-topology1-1-1456816507,1.065092433702003,1.0074644824648182,2460,1580,1456817897732
Running observer at: 1456817908325
production-topology4-4-1456816528,1.0264125809409297,0.999997731981288,2240,3980,1456817908845
production-topology2-2-1456816514,1.0187905140304718,1.0109567234330912,1980,1280,1456817908845
production-topology3-3-1456816521,1.0217433390605715,1.001464086184954,2480,4500,1456817908845
production-topology1-1-1456816507,0.9328686814872154,1.0031158946854892,2420,1520,1456817908845
Running observer at: 1456817919412
production-topology4-4-1456816528,0.996980377278696,1.0012765983828882,2360,4340,1456817919937
production-topology2-2-1456816514,0.9480947644989386,1.0074619132023652,2020,1320,1456817919937
production-topology3-3-1456816521,0.9986162205882352,1.0020226007101474,2560,4500,1456817919938
production-topology1-1-1456816507,0.9988882584126231,1.0057796772003045,2440,1540,1456817919938
Running observer at: 1456817930461
production-topology4-4-1456816528,0.9472235848460737,1.00120364770609,2080,3680,1456817930959
production-topology2-2-1456816514,0.8833177132146204,1.0074856136641162,1940,1160,1456817930959
production-topology3-3-1456816521,1.0064478065517943,1.000458253279821,2260,4040,1456817930959
production-topology1-1-1456816507,1.0469465330658803,1.0079479719166635,2480,1620,1456817930959
Running observer at: 1456817941602
production-topology4-4-1456816528,1.0534477571332295,1.0030555415671882,2200,3820,1456817942126
production-topology2-2-1456816514,1.2388669259263354,1.0091072310160025,1960,1320,1456817942126
production-topology3-3-1456816521,0.9938810304,1.001997292621832,2500,4480,1456817942126
production-topology1-1-1456816507,0.8556244115634798,1.0021680338409231,2480,1540,1456817942126
Running observer at: 1456817952688
production-topology4-4-1456816528,1.0112196589031843,1.0012978186538182,2400,4440,1456817953242
production-topology2-2-1456816514,0.9010394274511242,1.0045880390944695,2040,1320,1456817953242
production-topology3-3-1456816521,0.9802476307912309,0.9993687161435633,2580,4560,1456817953242
production-topology1-1-1456816507,1.1038871914253843,1.0035772458379448,2320,1520,1456817953242
Running observer at: 1456817963761
production-topology4-4-1456816528,0.9855613059832924,1.0022445810745522,2080,3700,1456817964301
production-topology2-2-1456816514,1.0353006788885113,1.0065647653866838,1960,1240,1456817964301
production-topology3-3-1456816521,1.0316876624254463,1.0008502639413066,2260,4060,1456817964301
production-topology1-1-1456816507,0.9325928819166514,1.0021139464829063,2560,1560,1456817964302
Running observer at: 1456817974896
production-topology4-4-1456816528,1.0193959311376017,1.0020421800548809,2120,3880,1456817975371
production-topology2-2-1456816514,0.9694385216773275,1.0066020941774863,1940,1240,1456817975371
production-topology3-3-1456816521,0.9706154796446766,1.001431517640251,2400,4580,1456817975371
production-topology1-1-1456816507,1.0926591033875561,1.0034446163464785,2340,1560,1456817975371
Running observer at: 1456817985960
production-topology4-4-1456816528,1.0352293752552568,1.003101790680721,2040,3660,1456817986542
production-topology2-2-1456816514,1.0679799244591996,1.0008525539631625,1900,1280,1456817986542
production-topology3-3-1456816521,1.0355394640730597,1.000916840247562,2380,4000,1456817986542
production-topology1-1-1456816507,0.9908949046395187,1.008155562027528,2420,1500,1456817986542
Running observer at: 1456817997121
production-topology4-4-1456816528,0.9948598956817569,1.0034633359956189,2260,4120,1456817997605
production-topology2-2-1456816514,1.0371918417895432,1.0060905724064475,2120,1340,1456817997605
production-topology3-3-1456816521,0.9676565834398616,1.0010976857065146,2420,4540,1456817997605
production-topology1-1-1456816507,0.9662162853942241,1.0031511081228648,2420,1700,1456817997605
Running observer at: 1456818008212
production-topology4-4-1456816528,1.0472902824455113,1.0061733903775143,2280,4140,1456818008700
production-topology2-2-1456816514,1.042796115584469,1.0086983357322776,1940,1200,1456818008700
production-topology3-3-1456816521,1.0435665430797978,1.002892953302036,2480,4560,1456818008700
production-topology1-1-1456816507,0.960760748740517,1.0007486263758325,2440,1460,1456818008700
Running observer at: 1456818019284
production-topology4-4-1456816528,0.8921663267933148,0.9987887769431186,2140,3600,1456818019910
production-topology2-2-1456816514,0.9838401253918494,1.0077060819972454,2000,1200,1456818019910
production-topology3-3-1456816521,0.957453148527103,0.9981802170253989,2220,3780,1456818019910
production-topology1-1-1456816507,1.0913548576363012,1.0045450319334062,2440,1580,1456818019910
Running observer at: 1456818030556
production-topology4-4-1456816528,1.0089057958376932,1.0023175980669576,2400,4260,1456818031050
production-topology2-2-1456816514,1.0174253912420865,1.0088311177756148,2080,1360,1456818031050
production-topology3-3-1456816521,1.007302335251464,1.0002890353823222,2640,4880,1456818031051
production-topology1-1-1456816507,0.8412456844766214,0.9970342912381465,2460,1580,1456818031051
Running observer at: 1456818041718
production-topology4-4-1456816528,0.9926193915795227,1.0013064712101882,2120,3980,1456818042253
production-topology2-2-1456816514,0.9210920107815481,1.0026360676168298,1900,1220,1456818042253
production-topology3-3-1456816521,1.0815562144329895,1.0043768692346444,2400,4420,1456818042253
production-topology1-1-1456816507,1.3051389417586603,1.0089202827357922,2400,1600,1456818042253
Running observer at: 1456818052863
production-topology4-4-1456816528,1.0220267455250627,1.002845414724256,2460,4400,1456818053370
production-topology2-2-1456816514,0.9938642234027001,1.0078881647531754,2020,1260,1456818053370
production-topology3-3-1456816521,0.9541500441607037,1.0008626976506416,2600,4640,1456818053370
production-topology1-1-1456816507,0.8395724569917022,0.9996054115619674,2440,1540,1456818053370
Running observer at: 1456818063949
production-topology4-4-1456816528,1.0440537754693056,1.0007859877174368,2000,3660,1456818064446
production-topology2-2-1456816514,1.033399251296214,1.0073305215969623,2040,1360,1456818064446
production-topology3-3-1456816521,0.9650088186757755,1.000564209123739,2240,3960,1456818064446
production-topology1-1-1456816507,1.0414686810943243,1.0034249525855963,2520,1660,1456818064446
Running observer at: 1456818075025
production-topology4-4-1456816528,0.993468564146134,1.003901514191884,2140,3820,1456818075573
production-topology2-2-1456816514,1.0745319403602618,1.0066699475775214,1860,1200,1456818075573
production-topology3-3-1456816521,0.9900858307982707,1.0000722381090044,2520,4560,1456818075573
production-topology1-1-1456816507,1.0327859290914847,1.0033749873361268,2340,1460,1456818075573
Running observer at: 1456818086278
production-topology4-4-1456816528,1.041449441521951,1.0022617272498626,2420,4360,1456818086828
production-topology2-2-1456816514,0.9735576923076924,1.0098993222033517,2080,1300,1456818086828
production-topology3-3-1456816521,1.0583145316025324,1.0021943840173873,2440,4480,1456818086828
production-topology1-1-1456816507,1.0486237129745515,1.0050513160976386,2400,1540,1456818086828
Running observer at: 1456818097322
production-topology4-4-1456816528,0.8895305317108508,1.0033258500320987,2120,3680,1456818097780
production-topology2-2-1456816514,1.0690890492328495,1.0088899288601036,2020,1320,1456818097780
production-topology3-3-1456816521,0.9305080270658149,1.0010398931706999,2360,4100,1456818097780
production-topology1-1-1456816507,0.9889089932058683,1.0061945041538152,2520,1640,1456818097780
Running observer at: 1456818108453
production-topology4-4-1456816528,1.1380338789801407,1.0045101696690495,2080,3860,1456818108968
production-topology2-2-1456816514,0.9101465663627827,1.0097180457745765,1920,1160,1456818108969
production-topology3-3-1456816521,1.0633972936424008,1.0035256436266207,2420,4500,1456818108969
production-topology1-1-1456816507,0.9024273605014066,1.003367412755613,2360,1460,1456818108969
Running observer at: 1456818119708
production-topology4-4-1456816528,0.9278902003450338,1.0030590571063203,2440,4380,1456818120220
production-topology2-2-1456816514,0.8730830825796632,0.999697371284627,1980,1260,1456818120220
production-topology3-3-1456816521,0.9755943271535839,0.9998178863290795,2560,4540,1456818120220
production-topology1-1-1456816507,0.9437392263947288,1.0030125951507907,2420,1540,1456818120221
Running observer at: 1456818130718
production-topology4-4-1456816528,1.0519152611676952,1.002986166389463,2060,3720,1456818131223
production-topology2-2-1456816514,0.9521953984307195,0.999926433816897,2040,1280,1456818131223
production-topology3-3-1456816521,1.0157453828663403,1.0008920326727342,2280,4120,1456818131223
production-topology1-1-1456816507,1.218191051837203,1.0099084184725178,2480,1620,1456818131223
Running observer at: 1456818141865
production-topology4-4-1456816528,0.993153148616381,1.0038815014864995,2200,3860,1456818142409
production-topology2-2-1456816514,1.1154642033900444,1.0088404790995706,1920,1240,1456818142409
production-topology3-3-1456816521,1.001747543461829,1.0021516293864603,2520,4440,1456818142409
production-topology1-1-1456816507,0.981108786791169,1.005824660813866,2380,1580,1456818142409
Running observer at: 1456818153100
production-topology4-4-1456816528,0.9973053105920238,1.0058153872165907,2340,4300,1456818153570
production-topology2-2-1456816514,0.9186362145775296,0.9975938563644703,2220,1340,1456818153570
production-topology3-3-1456816521,1.0010488704447302,0.9984379971032088,2560,4820,1456818153570
production-topology1-1-1456816507,1.0265812196045894,1.0066805355548334,2440,1560,1456818153570
Running observer at: 1456818164094
production-topology4-4-1456816528,0.9418712429893539,1.0022716292948501,2040,3660,1456818164619
production-topology2-2-1456816514,1.485037647387268,1.0169653845950335,1860,1320,1456818164619
production-topology3-3-1456816521,0.9687464046821659,1.0012242718110933,2220,3880,1456818164619
production-topology1-1-1456816507,0.9747109046098917,1.0056198119958046,2440,1540,1456818164619
Running observer at: 1456818175272
production-topology4-4-1456816528,1.086389929194227,1.0045904514582404,2220,3940,1456818175808
production-topology2-2-1456816514,0.7217077591820213,1.0075133691271032,1880,1120,1456818175808
production-topology3-3-1456816521,0.9977198438003433,0.9999184413409996,2440,4460,1456818175808
production-topology1-1-1456816507,1.0948007705368155,1.0102230046759357,2320,1520,1456818175809
Running observer at: 1456818186477
production-topology4-4-1456816528,0.9887103330710725,1.0032306496153973,2400,4340,1456818187000
production-topology2-2-1456816514,1.019771415488498,1.0099175278599317,2180,1400,1456818187000
production-topology3-3-1456816521,0.979943077812802,0.9988545925953252,2720,4740,1456818187000
production-topology1-1-1456816507,0.8956058846531743,1.0087887315744533,2520,1660,1456818187000
Running observer at: 1456818197480
production-topology4-4-1456816528,0.975416528762283,1.0034829521676418,2020,3580,1456818197968
production-topology2-2-1456816514,1.0109168560754025,1.009180541792115,1980,1280,1456818197969
production-topology3-3-1456816521,1.006441798941799,0.9984388370577197,2160,3800,1456818197969
production-topology1-1-1456816507,1.0651103812275635,1.0092277604994395,2400,1520,1456818197969
Running observer at: 1456818208595
production-topology4-4-1456816528,1.0381669684086332,1.00229179277146,2180,4040,1456818209155
production-topology2-2-1456816514,0.9083880274071403,1.005639844676027,1800,1140,1456818209155
production-topology3-3-1456816521,1.05952087642144,1.001817066827724,2440,4540,1456818209155
production-topology1-1-1456816507,1.0565076164874552,1.011730953366161,2440,1520,1456818209155
Running observer at: 1456818219846
production-topology4-4-1456816528,0.9169178693848871,1.0000292119825858,2380,4320,1456818220345
production-topology2-2-1456816514,1.0824371816303162,1.007513331131153,2180,1400,1456818220345
production-topology3-3-1456816521,0.9503771436388044,0.9978477877526543,2640,4760,1456818220345
production-topology1-1-1456816507,0.9065082644628099,1.0066940719357125,2520,1620,1456818220345
Running observer at: 1456818230863
production-topology4-4-1456816528,1.0820327062033521,1.0046548233301484,2100,3620,1456818231351
production-topology2-2-1456816514,1.0861324031053445,1.0097844289050826,1940,1320,1456818231351
production-topology3-3-1456816521,0.9865101443286324,1.0000391139254734,2180,3800,1456818231351
production-topology1-1-1456816507,1.0849666540715135,1.0073565459480294,2380,1520,1456818231351
Running observer at: 1456818241855
production-topology4-4-1456816528,0.9756969555498969,1.0029643024837804,2200,3940,1456818242355
production-topology2-2-1456816514,1.0202952671311736,1.0098345873417727,1900,1140,1456818242355
production-topology3-3-1456816521,1.0358405544856035,1.000509021106308,2480,4520,1456818242356
production-topology1-1-1456816507,1.0245505637876364,1.0104126086913767,2280,1540,1456818242356
Running observer at: 1456818252915
production-topology4-4-1456816528,0.9885327576349048,1.002682715162321,2020,3680,1456818253558
production-topology2-2-1456816514,0.9257110917898396,1.009088464918136,1940,1300,1456818253558
production-topology3-3-1456816521,0.9332228891861921,0.9983292433929063,2180,3900,1456818253558
production-topology1-1-1456816507,0.8565982768239012,1.005669609305086,2300,1380,1456818253558
Running observer at: 1456818264023
production-topology4-4-1456816528,1.02904323558494,1.0054100368536163,2180,3920,1456818264592
production-topology2-2-1456816514,1.0179462674335042,1.0135760833920986,2140,1220,1456818264592
production-topology3-3-1456816521,1.0783563813453863,1.000726195886026,2620,4740,1456818264592
production-topology1-1-1456816507,1.0647645928110145,1.0062635446299237,2360,1580,1456818264592
Running observer at: 1456818275040
production-topology4-4-1456816528,0.9854334839118033,1.0031428944129022,2420,4320,1456818275597
production-topology2-2-1456816514,0.851568082654923,1.0006661219497182,1880,1260,1456818275598
production-topology3-3-1456816521,1.0105440034204927,1.0012816283200425,2460,4580,1456818275598
production-topology1-1-1456816507,0.9808441558441559,1.0104375361059463,2640,1720,1456818275598
Running observer at: 1456818286113
production-topology4-4-1456816528,1.057240099009901,1.004676909083126,1920,3640,1456818286793
production-topology2-2-1456816514,1.2896140026388137,1.0136186077893077,1880,1300,1456818286793
production-topology3-3-1456816521,0.8351716827026048,0.996445763383755,2300,3780,1456818286794
production-topology1-1-1456816507,1.0175469992256845,1.0075595296992899,2360,1340,1456818286794
Running observer at: 1456818297311
production-topology4-4-1456816528,0.9995091298840413,1.0051418365464841,2240,4000,1456818297865
production-topology2-2-1456816514,0.8744746024511952,1.0082577385747304,2140,1260,1456818297866
production-topology3-3-1456816521,1.0397982569460198,0.9967161165344406,2580,4740,1456818297866
production-topology1-1-1456816507,1.01545794725588,1.0103216985439307,2340,1560,1456818297866
Running observer at: 1456818308343
production-topology4-4-1456816528,1.0313261222389922,1.0055395095831972,2340,4380,1456818308823
production-topology2-2-1456816514,1.0649552467734287,1.0114416294112674,1920,1360,1456818308823
production-topology3-3-1456816521,1.0422824659477392,0.9991050160778762,2480,4500,1456818308824
production-topology1-1-1456816507,1.093927450430691,1.0103639767787018,2640,1720,1456818308824
Running observer at: 1456818319291
production-topology4-4-1456816528,0.8996038060598188,1.0010186572766826,2120,3600,1456818319893
production-topology2-2-1456816514,1.0069291667811473,1.0094066041553325,1920,1160,1456818319894
production-topology3-3-1456816521,1.0717301966590282,1.0003113738307419,2020,3820,1456818319894
production-topology1-1-1456816507,0.8406143869217149,1.0053546261881083,2280,1320,1456818319894
Running observer at: 1456818330388
production-topology4-4-1456816528,1.061891979568263,1.0032530600728995,2180,4060,1456818330826
production-topology2-2-1456816514,0.9267638466312458,1.0057256709833893,1880,1160,1456818330826
production-topology3-3-1456816521,0.9011309028739463,0.9980938511452113,2660,4580,1456818330826
production-topology1-1-1456816507,1.094159530933439,1.0096194010394153,2220,1540,1456818330826
Running observer at: 1456818341309
production-topology4-4-1456816528,1.0080530405947645,1.001945152011208,2460,4320,1456818341625
production-topology2-2-1456816514,1.0281954363964179,1.0052389816771208,2180,1420,1456818341625
production-topology3-3-1456816521,1.0973973919309916,0.9998882127735844,2560,4720,1456818341625
production-topology1-1-1456816507,1.029224531286239,1.0119015271242728,2180,1460,1456818341625
Running observer at: 1456818352015
production-topology4-4-1456816528,0.9308161748018988,1.0032334802781606,1760,3180,1456818352404
production-topology2-2-1456816514,1.0284778225806452,1.0067269049167473,1000,660,1456818352404
production-topology3-3-1456816521,0.946451849156815,0.9995215027945747,2220,3820,1456818352404
production-topology1-1-1456816507,1.0,1.0088563652030629,0,0,1456818352405
