Running observer at: 1456820288665
production-topology1-1-1456820288,0.0,0.0,0,0,1456820288975
Running observer at: 1456820289399
production-topology1-1-1456820288,0.0,0.0,0,0,1456820289727
Running observer at: 1456820295492
production-topology1-1-1456820288,0.0,0.0,0,0,1456820295858
production-topology2-2-1456820295,0.0,0.0,0,0,1456820295858
Running observer at: 1456820300064
production-topology1-1-1456820288,0.0,0.0,0,0,1456820300514
production-topology2-2-1456820295,0.0,0.0,0,0,1456820300514
Running observer at: 1456820302889
production-topology1-1-1456820288,0.0,0.0,200,0,1456820303565
production-topology2-2-1456820295,0.0,0.0,0,0,1456820303565
production-topology3-3-1456820302,0.0,0.0,0,0,1456820303565
Running observer at: 1456820309948
production-topology1-1-1456820288,0.500963223559187,0.08349387059319784,980,300,1456820310822
production-topology2-2-1456820295,0.11217948717948717,0.028044871794871792,260,20,1456820310822
production-topology3-3-1456820302,0.0,0.0,0,0,1456820310822
production-topology4-4-1456820309,0.0,0.0,0,0,1456820310823
Running observer at: 1456820311497
production-topology1-1-1456820288,0.326530612244898,0.11821340511486929,140,120,1456820312116
production-topology2-2-1456820295,0.0,0.022435897435897433,440,0,1456820312116
production-topology3-3-1456820302,0.0,0.0,0,0,1456820312116
production-topology4-4-1456820309,0.0,0.0,0,0,1456820312117
Running observer at: 1456820322820
production-topology1-1-1456820288,1.1899101883148238,0.2521755030148636,2500,1780,1456820323415
production-topology2-2-1456820295,1.3296242140502235,0.24030061687161844,1860,1460,1456820323415
production-topology3-3-1456820302,0.0,0.0,220,20,1456820323415
production-topology4-4-1456820309,0.0,0.0,0,0,1456820323416
Running observer at: 1456820334034
production-topology1-1-1456820288,1.0870071812578248,0.3449345783751926,2200,1580,1456820334684
production-topology2-2-1456820295,1.0113092413044953,0.35044470607631517,1960,1360,1456820334684
production-topology3-3-1456820302,1.0370030093339038,0.20740060186678075,2180,4300,1456820334685
production-topology4-4-1456820309,0.7965914786967421,0.19914786967418552,760,1000,1456820334685
Running observer at: 1456820345387
production-topology1-1-1456820288,1.0941861778969129,0.4198597383273646,1980,1260,1456820346050
production-topology2-2-1456820295,1.030359160118411,0.4354340128315771,2420,1600,1456820346050
production-topology3-3-1456820302,0.9947203167562249,0.33862055434835475,2180,3900,1456820346050
production-topology4-4-1456820309,1.0202178629820828,0.363361868335765,2320,4540,1456820346051
Running observer at: 1456820356624
production-topology1-1-1456820288,0.8901829242987563,0.4626163915974911,2400,1520,1456820357283
production-topology2-2-1456820295,1.0745001259128681,0.5064413587294984,2280,1440,1456820357283
production-topology3-3-1456820302,0.9981104053801607,0.4328333902100413,2120,3760,1456820357284
production-topology4-4-1456820309,1.004911176572615,0.47028675304190665,2420,4280,1456820357284
Running observer at: 1456820367924
production-topology1-1-1456820288,1.0651851223546376,0.5128304524939199,2320,1440,1456820368559
production-topology2-2-1456820295,1.1136115894686387,0.5671583818034124,1900,1320,1456820368559
production-topology3-3-1456820302,1.0497660068197052,0.5099499672862493,2440,4380,1456820368560
production-topology4-4-1456820309,0.9631443178597195,0.5406949765873085,1960,3520,1456820368560
Running observer at: 1456820379135
production-topology1-1-1456820288,0.9462641847947969,0.5461715088247566,2040,1280,1456820379727
production-topology2-2-1456820295,0.8718578894972622,0.5948583370483078,2400,1500,1456820379727
production-topology3-3-1456820302,0.9997664600172744,0.564374022034141,2300,4360,1456820379727
production-topology4-4-1456820309,1.0660849233960037,0.6063687199383954,2240,4100,1456820379728
Running observer at: 1456820390318
production-topology1-1-1456820288,1.131589767036689,0.5879870986970375,2280,1480,1456820390873
production-topology2-2-1456820295,1.0958848809126551,0.6366105490370034,2260,1440,1456820390873
production-topology3-3-1456820302,1.0945817651941667,0.6173947963501435,1820,3200,1456820390873
production-topology4-4-1456820309,1.041126662277698,0.6546751579760957,2420,4320,1456820390874
Running observer at: 1456820401500
production-topology1-1-1456820288,1.0096621023104626,0.6160987656045992,2400,1540,1456820402147
production-topology2-2-1456820295,0.8665253377528039,0.654296302015142,2080,1380,1456820402147
production-topology3-3-1456820302,0.9522572975604084,0.647836841914713,2380,4360,1456820402148
production-topology4-4-1456820309,0.9605758160869525,0.6852652237871812,2020,3700,1456820402148
Running observer at: 1456820412725
production-topology1-1-1456820288,1.066828456811186,0.6442693713050108,2020,1320,1456820413301
production-topology2-2-1456820295,1.093322956636243,0.685655348773792,2360,1440,1456820413301
production-topology3-3-1456820302,0.9576835807416838,0.6736574034836273,2440,4200,1456820413301
production-topology4-4-1456820309,0.978788747315261,0.7119491804715522,2140,3940,1456820413302
Running observer at: 1456820423979
production-topology1-1-1456820288,1.066354760430947,0.6690979236065365,2140,1380,1456820424633
production-topology2-2-1456820295,0.9743794270844557,0.7049036206611696,2160,1500,1456820424633
production-topology3-3-1456820302,1.119808460274856,0.707976715544491,1940,3620,1456820424634
production-topology4-4-1456820309,1.0104343387514771,0.7368229436615459,2500,4360,1456820424634
Running observer at: 1456820435277
production-topology1-1-1456820288,0.7873023276409162,0.6756648349417798,2380,1480,1456820435794
production-topology2-2-1456820295,1.0851096261158757,0.7286664960020888,2500,1560,1456820435794
production-topology3-3-1456820302,0.939591806618648,0.7245206506212165,2300,4080,1456820435794
production-topology4-4-1456820309,1.0085107540038611,0.7577220059955702,2340,4340,1456820435795
Running observer at: 1456820446289
production-topology1-1-1456820288,1.24457395740498,0.7056074203345798,2260,1520,1456820446822
production-topology2-2-1456820295,0.9413778894677036,0.7411789309118308,1880,1220,1456820446823
production-topology3-3-1456820302,0.9929942064743542,0.7424188876780923,2440,4220,1456820446823
production-topology4-4-1456820309,1.1475138870309112,0.7855642832123803,1940,3440,1456820446823
Running observer at: 1456820457464
production-topology1-1-1456820288,0.9572878667724031,0.7181914426564708,1940,1180,1456820458103
production-topology2-2-1456820295,1.0024652027155156,0.7556948349009245,2460,1540,1456820458103
production-topology3-3-1456820302,1.0636297372589778,0.7624945657768977,1860,3580,1456820458104
production-topology4-4-1456820309,0.928944970611637,0.795122995705664,2280,4100,1456820458104
Running observer at: 1456820468674
production-topology1-1-1456820288,0.9605917322501479,0.7297343135895031,2380,1580,1456820469188
production-topology2-2-1456820295,1.1342438660857603,0.7756184681211791,2240,1480,1456820469188
production-topology3-3-1456820302,0.967374910160754,0.7745463507406539,2320,4160,1456820469188
production-topology4-4-1456820309,0.98583882062631,0.8070427347632043,2420,4360,1456820469189
Running observer at: 1456820479748
production-topology1-1-1456820288,1.0090986579078882,0.7424326928767025,2320,1500,1456820480305
production-topology2-2-1456820295,0.850475013274824,0.7793612953788613,1940,1240,1456820480305
production-topology3-3-1456820302,1.0244534163191605,0.7884300766061264,2400,4280,1456820480305
production-topology4-4-1456820309,0.9651515151515151,0.8163432512566343,2000,3500,1456820480305
Running observer at: 1456820490923
production-topology1-1-1456820288,0.999591836734694,0.7536135252183543,1960,1240,1456820491500
production-topology2-2-1456820295,1.002283007487328,0.7899766150030739,2500,1540,1456820491501
production-topology3-3-1456820302,0.9384829997125541,0.7963275988748858,2060,3660,1456820491501
production-topology4-4-1456820309,1.0565333958225593,0.8296871481769634,2200,4060,1456820491501
Running observer at: 1456820502062
production-topology1-1-1456820288,0.9899267914375781,0.763459911310822,2380,1520,1456820502576
production-topology2-2-1456820295,1.053440054659796,0.8019522258965612,2220,1480,1456820502576
production-topology3-3-1456820302,1.0922262932031879,0.8111225335913008,2120,3900,1456820502577
production-topology4-4-1456820309,0.9890279757662153,0.8380735075237662,2440,4360,1456820502577
Running observer at: 1456820513116
production-topology1-1-1456820288,0.9121666057727439,0.7694081790892988,2380,1460,1456820513676
production-topology2-2-1456820295,0.936153253733594,0.8077870531938235,1840,1240,1456820513676
production-topology3-3-1456820302,1.0415010338400603,0.8220929383650513,2360,4340,1456820513676
production-topology4-4-1456820309,0.9304590811810404,0.8426927862066298,1900,3400,1456820513677
Running observer at: 1456820524334
production-topology1-1-1456820288,1.1065797190155158,0.7823763152403073,1840,1260,1456820524924
production-topology2-2-1456820295,0.8999039918213755,0.8116252589699715,2540,1560,1456820524924
production-topology3-3-1456820302,0.9766484197628814,0.8291181875194981,2060,3700,1456820524924
production-topology4-4-1456820309,0.981963060632332,0.8493247040364251,2260,4140,1456820524924
Running observer at: 1456820535471
production-topology1-1-1456820288,0.9189087879532412,0.7874330734889345,2400,1520,1456820536013
production-topology2-2-1456820295,1.1496783282914114,0.8251473817428291,2200,1460,1456820536014
production-topology3-3-1456820302,0.9636008800610202,0.8349652611082599,2220,3860,1456820536014
production-topology4-4-1456820309,1.1009235774658255,0.8607610164650342,2440,4380,1456820536014
Running observer at: 1456820546523
production-topology1-1-1456820288,1.1076895479550348,0.7988708047198667,2280,1500,1456820547251
production-topology2-2-1456820295,1.1202929883631638,0.8364991358436112,1980,1220,1456820547251
production-topology3-3-1456820302,1.0991288268022064,0.8459720763455078,2340,4380,1456820547251
production-topology4-4-1456820309,1.0616808231979178,0.8694966602360291,1920,3440,1456820547251
Running observer at: 1456820557786
production-topology1-1-1456820288,0.9783431635363706,0.805059506748022,1900,1220,1456820558368
production-topology2-2-1456820295,0.8445161290322581,0.8367960615172648,2420,1540,1456820558368
production-topology3-3-1456820302,0.9740271254031341,0.8510942783078127,2300,4140,1456820558368
production-topology4-4-1456820309,0.9482357778931744,0.8727774568050769,2300,4120,1456820558368
Running observer at: 1456820568881
production-topology1-1-1456820288,0.9821278225761951,0.8109617839422945,2480,1520,1456820569395
production-topology2-2-1456820295,1.1649944258639908,0.848517431672505,2260,1520,1456820569395
production-topology3-3-1456820302,0.9313313414695903,0.8541803191986503,1960,3400,1456820569395
production-topology4-4-1456820309,0.9283567375886523,0.8750006280364198,2400,4360,1456820569395
Running observer at: 1456820579950
production-topology1-1-1456820288,0.9354964539007091,0.842144999072318,2280,1480,1456820580624
production-topology2-2-1456820295,1.0724728500233518,0.8562400323052929,1880,1240,1456820580624
production-topology3-3-1456820302,1.0304603918740232,0.8607092107792197,2400,4360,1456820580625
production-topology4-4-1456820309,1.1620493925812747,0.8860409651342989,1880,3400,1456820580625
Running observer at: 1456820591173
production-topology1-1-1456820288,1.1373922868617314,0.8800580753010424,1960,1420,1456820591737
production-topology2-2-1456820295,0.8834633222404566,0.8571474753031316,2480,1460,1456820591737
production-topology3-3-1456820302,0.9569421599865892,0.86414610182234,2360,4100,1456820591737
production-topology4-4-1456820309,0.9151172559906487,0.887117864795645,2360,4120,1456820591737
Running observer at: 1456820602233
production-topology1-1-1456820288,0.8166337242885556,0.9072791994439943,2300,1400,1456820602753
production-topology2-2-1456820295,1.0781792686286413,0.8930867842574197,2320,1500,1456820602753
production-topology3-3-1456820302,1.0107479224376732,0.8692013370159721,1900,3460,1456820602753
production-topology4-4-1456820309,1.0225244260669448,0.8919538134124771,2420,4420,1456820602753
Running observer at: 1456820613374
production-topology1-1-1456820288,1.076607949771368,0.9431661311030398,2300,1520,1456820613979
production-topology2-2-1456820295,0.9515703430946284,0.9248057956939072,2020,1240,1456820613979
production-topology3-3-1456820302,1.0202310432296127,0.8742356605564268,2280,4360,1456820613979
production-topology4-4-1456820309,1.0130913421910046,0.8961309695772539,1880,3420,1456820613980
Running observer at: 1456820624435
production-topology1-1-1456820288,0.9673726324425692,0.9754118855177921,1920,1160,1456820624974
production-topology2-2-1456820295,1.0438541923068316,0.9596009354374683,2320,1480,1456820624975
production-topology3-3-1456820302,1.0474430318757597,0.9091504282856188,2300,4100,1456820624975
production-topology4-4-1456820309,0.9467608220025922,0.8978186313247652,2260,4080,1456820624975
Running observer at: 1456820635557
production-topology1-1-1456820288,1.063889463819054,0.9941760935264542,2340,1500,1456820636136
production-topology2-2-1456820295,0.960946276570454,0.9878931617505005,2240,1480,1456820636136
production-topology3-3-1456820302,0.9120211606538118,0.9395511336407458,2080,3520,1456820636136
production-topology4-4-1456820309,1.0298170727798848,0.9321458670840947,2460,4340,1456820636137
Running observer at: 1456820646725
production-topology1-1-1456820288,1.0390461223972554,1.0179266105315328,2360,1540,1456820647353
production-topology2-2-1456820295,1.004692831166691,1.02138292278939,1980,1260,1456820647353
production-topology3-3-1456820302,1.0182072829131652,0.9734913764045179,2320,4240,1456820647353
production-topology4-4-1456820309,1.0686837265956157,0.9677686579706152,1900,3520,1456820647353
Running observer at: 1456820657888
production-topology1-1-1456820288,0.8612015748815374,1.0069696567504234,2060,1300,1456820658384
production-topology2-2-1456820295,1.029685068471833,1.0113849512701105,2380,1420,1456820658384
production-topology3-3-1456820302,0.9986457650881371,1.0067795685741225,2400,4340,1456820658384
production-topology4-4-1456820309,0.9486603496614685,0.9993906696259975,2280,4040,1456820658385
Running observer at: 1456820668921
production-topology1-1-1456820288,1.1298867610909253,1.0083989760781933,2300,1400,1456820669480
production-topology2-2-1456820295,1.061483096809184,1.0130574131202668,2240,1500,1456820669480
production-topology3-3-1456820302,0.9842057782287621,1.005019660870618,1820,3240,1456820669480
production-topology4-4-1456820309,0.987148723420449,1.0057425777834545,2380,4280,1456820669480
Running observer at: 1456820680014
production-topology1-1-1456820288,1.0422190215167717,1.0066667375321885,2200,1520,1456820680628
production-topology2-2-1456820295,0.9086705218220488,1.0090011251770548,2060,1380,1456820680628
production-topology3-3-1456820302,1.0703559015579476,1.0075408470306755,2380,4360,1456820680628
production-topology4-4-1456820309,1.0273237650769296,1.0059794411866163,1980,3600,1456820680628
Running observer at: 1456820691162
production-topology1-1-1456820288,0.8504526603557954,1.0053423954007565,2080,1260,1456820691689
production-topology2-2-1456820295,0.9025563477618272,1.0032696659053533,2240,1380,1456820691689
production-topology3-3-1456820302,0.9869594322066899,1.0071691479248932,2400,4360,1456820691690
production-topology4-4-1456820309,0.9967683295269502,1.0057080129517606,2280,4060,1456820691690
Running observer at: 1456820702228
production-topology1-1-1456820288,1.07722904956788,1.005743859641198,2300,1440,1456820702747
production-topology2-2-1456820295,1.0070177161559002,0.9997165367949286,2320,1440,1456820702747
production-topology3-3-1456820302,0.9920889228978853,1.0052465784608324,1820,3300,1456820702747
production-topology4-4-1456820309,1.113524390234982,1.0107206820309362,2380,4340,1456820702748
Running observer at: 1456820713278
production-topology1-1-1456820288,0.977619816340804,1.0067890473593983,2260,1500,1456820713858
production-topology2-2-1456820295,1.171514663170988,1.009705095917386,2020,1340,1456820713858
production-topology3-3-1456820302,1.0653026080879688,1.0074311167298555,2400,4300,1456820713858
production-topology4-4-1456820309,0.8723547943745713,1.004263011063555,1960,3360,1456820713859
Running observer at: 1456820724471
production-topology1-1-1456820288,0.9889163846692803,1.0020332679471513,1900,1160,1456820725017
production-topology2-2-1456820295,0.8940168895921109,1.002976162873368,2260,1500,1456820725017
production-topology3-3-1456820302,1.0435717454459286,1.0057307827382478,2240,4140,1456820725017
production-topology4-4-1456820309,0.983879587380223,1.0023547752336393,2320,4200,1456820725018
Running observer at: 1456820735553
production-topology1-1-1456820288,0.9751521075861252,1.0008829347896735,2500,1600,1456820736180
production-topology2-2-1456820295,1.037493027932388,1.0086750858793543,2320,1400,1456820736181
production-topology3-3-1456820302,0.9128087923999773,1.0044158325662333,1940,3360,1456820736181
production-topology4-4-1456820309,1.0143584537296204,1.0041475298217282,2360,4240,1456820736181
Running observer at: 1456820746755
production-topology1-1-1456820288,1.077760891590679,1.001247349282323,2280,1480,1456820747381
production-topology2-2-1456820295,0.9738068524582483,1.0046912157400878,2060,1340,1456820747381
production-topology3-3-1456820302,0.9802277396460756,1.005167304529713,2400,4360,1456820747381
production-topology4-4-1456820309,1.0971837488457987,1.008094029872746,1900,3460,1456820747381
Running observer at: 1456820757931
production-topology1-1-1456820288,0.9557825884449485,0.9975616102161234,2260,1440,1456820758454
production-topology2-2-1456820295,0.9208337941103197,1.0029063613076166,2240,1460,1456820758454
production-topology3-3-1456820302,1.043882643073596,1.0026364439563378,2380,4320,1456820758454
production-topology4-4-1456820309,0.9885296875440004,1.0073638748324971,2300,4180,1456820758455
Running observer at: 1456820768989
production-topology1-1-1456820288,1.011347165843447,1.005029771489541,2040,1340,1456820769539
production-topology2-2-1456820295,1.1060287129961877,1.003603664203627,2240,1420,1456820769539
production-topology3-3-1456820302,1.0741754344800374,1.0071225648850506,1820,3280,1456820769540
production-topology4-4-1456820309,0.9399649552028075,1.005079014872462,2420,4340,1456820769540
Running observer at: 1456820780027
production-topology1-1-1456820288,1.0550301446227202,0.998711644396799,2280,1480,1456820780622
production-topology2-2-1456820295,0.9256435992226848,1.0030791878621264,2200,1260,1456820780622
production-topology3-3-1456820302,0.9351486704776841,1.0051943803518284,2440,4300,1456820780622
production-topology4-4-1456820309,1.0494537090281773,1.001810342272371,1900,3440,1456820780622
Running observer at: 1456820791096
production-topology1-1-1456820288,0.8288706262567648,0.9944310697129445,2020,1180,1456820791709
production-topology2-2-1456820295,1.1607018869487995,1.008353744003236,2140,1480,1456820791710
production-topology3-3-1456820302,0.9970706397235103,1.0029757437673128,2180,3940,1456820791710
production-topology4-4-1456820309,1.0529456737943734,1.0059436990451287,2240,4120,1456820791710
Running observer at: 1456820802246
production-topology1-1-1456820288,0.9878255017044256,0.995338862028087,2380,1600,1456820802730
production-topology2-2-1456820295,0.9818817547747868,1.0032750069595369,2320,1460,1456820802730
production-topology3-3-1456820302,0.9994328143885086,1.0040443405749044,2040,3720,1456820802730
production-topology4-4-1456820309,0.9280917797040998,1.004018797681055,2480,4280,1456820802731
Running observer at: 1456820813309
production-topology1-1-1456820288,1.146298350679303,0.9999121851204673,2240,1420,1456820813934
production-topology2-2-1456820295,0.98476743687435,1.007751421079521,2080,1340,1456820813934
production-topology3-3-1456820302,0.9932404605818389,1.0030039087169937,2480,4300,1456820813935
production-topology4-4-1456820309,0.9825415218633113,1.0045984645714483,1920,3480,1456820813935
Running observer at: 1456820824423
production-topology1-1-1456820288,1.0595745622831962,1.0019116093054174,1940,1280,1456820824976
production-topology2-2-1456820295,1.0015181494405874,1.0077259258112965,2300,1460,1456820824976
production-topology3-3-1456820302,1.0450343773873185,1.0065556213061524,2040,3900,1456820824976
production-topology4-4-1456820309,0.9944458626972401,1.0025288801339376,2240,4140,1456820824977
Running observer at: 1456820835592
production-topology1-1-1456820288,0.9247007901795535,0.9997374092634833,2400,1520,1456820836134
production-topology2-2-1456820295,1.0268741332423101,1.00684039509738,2280,1460,1456820836134
production-topology3-3-1456820302,0.9371556834483219,1.0013866009809902,2020,3600,1456820836134
production-topology4-4-1456820309,1.0221396404739926,1.0036326022908635,2420,4420,1456820836135
Running observer at: 1456820846676
production-topology1-1-1456820288,0.8087718347584785,0.9962909168963411,2260,1360,1456820847295
production-topology2-2-1456820295,0.9769118458314388,1.008199014833975,1940,1380,1456820847295
production-topology3-3-1456820302,1.0260944328047388,1.0008730476131464,2400,4400,1456820847295
production-topology4-4-1456820309,0.9320759084491583,1.003686496533134,2000,3380,1456820847295
Running observer at: 1456820857755
production-topology1-1-1456820288,1.3528084992887626,1.0044985429054494,1980,1320,1456820858312
production-topology2-2-1456820295,0.9461659469027381,1.009741080003354,2480,1420,1456820858312
production-topology3-3-1456820302,1.0113121804482643,1.002028506302659,2220,3960,1456820858312
production-topology4-4-1456820309,1.0338969066647639,1.005417624734215,2240,4040,1456820858313
Running observer at: 1456820868833
production-topology1-1-1456820288,0.9550981006771099,1.0057048533295783,2300,1480,1456820869319
production-topology2-2-1456820295,1.2392908154735465,1.012728162909425,2180,1540,1456820869319
production-topology3-3-1456820302,0.9371995464852607,1.0011484618501336,2080,3640,1456820869320
production-topology4-4-1456820309,1.012562723948831,1.0024722629503153,2420,4360,1456820869320
Running observer at: 1456820879898
production-topology1-1-1456820288,1.0402709643782335,1.0034575672103514,2360,1460,1456820880483
production-topology2-2-1456820295,0.8695029066878831,1.0043684935202488,2040,1340,1456820880483
production-topology3-3-1456820302,0.9828500486073287,0.9972725025769712,2440,4360,1456820880483
production-topology4-4-1456820309,1.0077490613084918,1.000674537554001,1960,3540,1456820880484
Running observer at: 1456820891036
production-topology1-1-1456820288,1.0677314404022478,1.0064371764392142,1920,1260,1456820891623
production-topology2-2-1456820295,1.002847602847603,1.0096462093140937,2340,1420,1456820891623
production-topology3-3-1456820302,1.0712281813296025,1.00051253777452,2120,3860,1456820891623
production-topology4-4-1456820309,0.9433335505862614,1.000511129977104,2240,4060,1456820891624
Running observer at: 1456820902097
production-topology1-1-1456820288,1.1589650220670573,1.0123317497555762,2380,1580,1456820902593
production-topology2-2-1456820295,1.0225793312253608,1.0048990394928061,2180,1500,1456820902593
production-topology3-3-1456820302,0.9343478293174035,1.0006130873694472,2080,3740,1456820902594
production-topology4-4-1456820309,1.0347438544757281,1.004057367206673,2380,4320,1456820902594
Running observer at: 1456820913105
production-topology1-1-1456820288,0.812539184952978,1.008233174123985,2300,1440,1456820913632
production-topology2-2-1456820295,1.01189098324515,1.0028796439335326,2040,1240,1456820913632
production-topology3-3-1456820302,1.060711391099322,1.0016214540102903,2400,4360,1456820913632
production-topology4-4-1456820309,1.1090593344068786,1.0022910319341933,1780,3380,1456820913632
Running observer at: 1456820924240
production-topology1-1-1456820288,1.2273726567006467,1.0112325197852823,1860,1240,1456820924870
production-topology2-2-1456820295,0.8912198365584766,1.0031381944108,2240,1440,1456820924871
production-topology3-3-1456820302,0.9217073804142402,1.000446961357879,1940,3400,1456820924871
production-topology4-4-1456820309,0.911342744231866,1.0021652148755673,2500,4320,1456820924871
Running observer at: 1456820935399
production-topology1-1-1456820288,1.0038150541172481,1.0174718974462387,2380,1460,1456820935948
production-topology2-2-1456820295,1.0329010400932201,1.0016289201262858,2320,1520,1456820935948
production-topology3-3-1456820302,1.1010046276890653,1.003455518199592,2220,4240,1456820935949
production-topology4-4-1456820309,1.0310476998614768,1.0024493240020516,2400,4320,1456820935949
Running observer at: 1456820946435
production-topology1-1-1456820288,0.9185957446694855,1.0122048239428427,2360,1480,1456820947018
production-topology2-2-1456820295,1.0768889249735845,1.0058062061889177,2120,1360,1456820947019
production-topology3-3-1456820302,0.9751141889889647,1.001951623058237,2460,4200,1456820947019
production-topology4-4-1456820309,0.9364440552201057,0.9998944144363551,1760,3120,1456820947019
Running observer at: 1456820957681
production-topology1-1-1456820288,0.9622896634615383,1.012035391643475,1920,1260,1456820958266
production-topology2-2-1456820295,0.9442090684259231,1.0024847020595542,2180,1340,1456820958266
production-topology3-3-1456820302,0.9439454641868166,0.9985017041352723,1920,3400,1456820958266
production-topology4-4-1456820309,1.0817183209034207,1.0043929977330492,2360,4440,1456820958266
/var/nimbus/storm/bin/storm rebalance production-topology3 -e spout_head=11
1456820958604
/var/nimbus/storm/bin/storm rebalance production-topology4 -e bolt_output_1=9
Running observer at: 1456820968791
production-topology1-1-1456820288,0.9734694163860832,1.0090213900623757,2400,1560,1456820969284
production-topology2-2-1456820295,1.0708326097527088,1.006147579832296,2440,1540,1456820969284
production-topology3-3-1456820302,1.0012881213211,1.0012881213211,128080,230760,1456820969284
production-topology4-4-1456820309,1.0000617196370343,1.0000617196370343,126920,228460,1456820969284
Running observer at: 1456820979776
production-topology1-1-1456820288,0.8973912232657864,1.004299560091327,2280,1420,1456820980334
production-topology2-2-1456820295,0.9617578686681624,1.0047164144156784,2040,1320,1456820980334
production-topology3-3-1456820302,1.3008953168044077,1.1510917190627539,260,560,1456820980335
production-topology4-4-1456820309,2.0,1.500030859818517,0,0,1456820980335
Running observer at: 1456820990924
production-topology1-1-1456820288,1.1471859199776064,1.0138323715945292,1940,1280,1456820991576
production-topology2-2-1456820295,1.0031365206387417,1.003831462821242,2160,1420,1456820991576
production-topology3-3-1456820302,2.0,1.434061146041836,0,0,1456820991577
production-topology4-4-1456820309,2.0,1.6666872398790114,0,0,1456820991577
Running observer at: 1456820997005
production-topology1-1-1456820288,1.0861663536462165,1.0123750246797054,1160,780,1456820997633
production-topology2-2-1456820295,1.1158019119751141,1.0056420899934395,1220,820,1456820997633
production-topology3-3-1456820302,2.0,1.575545859531377,0,0,1456820997633
production-topology4-4-1456820309,2.0,1.7500154299092585,0,0,1456820997633
Running observer at: 1456820998196
production-topology1-1-1456820288,0.6810897435897436,1.0003373820821382,520,340,1456820998775
production-topology2-2-1456820295,0.6253006253006252,0.9961964267760589,240,100,1456820998775
production-topology3-3-1456820302,2.0,1.6604366876251013,0,0,1456820998775
production-topology4-4-1456820309,2.0,1.800012343927407,0,0,1456820998776
Running observer at: 1456821002046
production-topology1-1-1456820288,1.0105029585798817,1.005672392022941,700,440,1456821002618
production-topology2-2-1456820295,1.0874421699012344,1.002359287514039,980,680,1456821002618
production-topology3-3-1456820302,1.7301038062283736E-4,1.3837260747510216,115600,40,1456821002618
production-topology4-4-1456820309,2.0,1.833343619939506,0,0,1456821002618
Running observer at: 1456821013089
production-topology1-1-1456820288,1.0584874775375477,1.005047672955263,2260,1480,1456821013634
production-topology2-2-1456820295,0.9420196659020202,1.0001926858389096,1960,1320,1456821013634
production-topology3-3-1456820302,0.9948777684238015,1.328176316704276,78540,140220,1456821013634
production-topology4-4-1456820309,0.0,1.5714373885195765,240,0,1456821013634
Running observer at: 1456821024193
production-topology1-1-1456820288,1.0179216255948136,1.0063910665970635,1920,1220,1456821024891
production-topology2-2-1456820295,0.959256091302329,0.9931174001099543,2200,1380,1456821024891
production-topology3-3-1456820302,1.0058892315178292,1.28789043105597,2300,4060,1456821024891
production-topology4-4-1456820309,1.1465764424944804,1.5183297702664393,1660,3300,1456821024891
Running observer at: 1456821035413
production-topology1-1-1456820288,0.9687135693668296,1.0057176394203151,2540,1560,1456821035913
production-topology2-2-1456820295,1.138061361645927,1.0012522158450816,2360,1620,1456821035913
production-topology3-3-1456820302,1.00539075939042,1.2565015786486866,2660,4820,1456821035913
production-topology4-4-1456820309,0.9942751826995342,1.4601014827590053,2180,4000,1456821035913
Running observer at: 1456821046410
production-topology1-1-1456820288,0.9310341319664182,1.0042470402329915,2240,1420,1456821046899
production-topology2-2-1456820295,0.9615139975536018,0.9987195814991222,2040,1280,1456821046899
production-topology3-3-1456820302,1.017190414080427,1.2325704621918607,2400,4300,1456821046899
production-topology4-4-1456820309,0.9861134278565471,1.4127026772687596,2200,3960,1456821046900
Running observer at: 1456821057441
production-topology1-1-1456820288,1.2038715419113624,1.0084507285770143,1900,1280,1456821058064
production-topology2-2-1456820295,0.9925146810113373,0.9993431757842249,2160,1400,1456821058064
production-topology3-3-1456820302,0.980729763426226,1.2096758532131666,2240,4080,1456821058064
production-topology4-4-1456820309,1.031369547056046,1.378036029067604,2240,4060,1456821058064
Running observer at: 1456821068680
production-topology1-1-1456820288,0.9667453055659688,1.0088161524810484,2320,1540,1456821069242
production-topology2-2-1456820295,0.9341200527684269,0.9997860510728287,2440,1440,1456821069243
production-topology3-3-1456820302,0.9553021208483392,1.1884780421827643,2380,4240,1456821069243
production-topology4-4-1456820309,0.9153779024269892,1.3394811851808859,1980,3500,1456821069243
Running observer at: 1456821079696
production-topology1-1-1456820288,0.8399844933038838,1.0031040633963964,2360,1500,1456821080186
production-topology2-2-1456820295,1.0203339280376507,0.9969295582408775,2000,1340,1456821080186
production-topology3-3-1456820302,1.0399064518870422,1.1770494583138627,2600,4780,1456821080186
production-topology4-4-1456820309,1.0394606696226592,1.3164026839840992,2420,4320,1456821080186
Running observer at: 1456821090727
production-topology1-1-1456820288,1.1822626229756066,1.007345146008159,1880,1260,1456821091213
production-topology2-2-1456820295,1.0039976553822343,0.9995413601128624,2180,1340,1456821091213
production-topology3-3-1456820302,0.987857929539629,1.1635357776871316,2320,4060,1456821091213
production-topology4-4-1456820309,1.0105924232239254,1.294559093929801,2220,4140,1456821091213
Running observer at: 1456821101828
production-topology1-1-1456820288,1.035625709689349,1.0142369821225785,2500,1620,1456821102499
production-topology2-2-1456820295,1.1135941822885131,0.9979711032908529,2180,1420,1456821102499
production-topology3-3-1456820302,1.072529035761248,1.1574686615587393,2280,4260,1456821102499
production-topology4-4-1456820309,1.0133731834542932,1.275813366564767,2020,3520,1456821102499
Running observer at: 1456821112978
production-topology1-1-1456820288,1.1170314464970212,1.0185438469489985,2160,1420,1456821113451
production-topology2-2-1456820295,0.8972483865341007,0.9951499910161633,2160,1420,1456821113451
production-topology3-3-1456820302,0.976322092928405,1.1461470010193435,2660,4780,1456821113451
production-topology4-4-1456820309,0.9899235745547121,1.2579452545641387,2240,4140,1456821113451
Running observer at: 1456821123836
production-topology1-1-1456820288,0.8208385942760942,1.0076951884022247,2080,1200,1456821124326
production-topology2-2-1456820295,1.066527778944754,0.9978753357518435,2340,1460,1456821124326
production-topology3-3-1456820302,1.0296281849239621,1.1392929530137328,2220,4140,1456821124326
production-topology4-4-1456820309,0.9879628383816431,1.2420639359651684,2440,4320,1456821124326
Running observer at: 1456821134930
production-topology1-1-1456820288,1.012783216753516,1.0061354768845687,2180,1440,1456821135521
production-topology2-2-1456820295,0.995680206360879,0.9976807376491866,2040,1340,1456821135521
production-topology3-3-1456820302,0.9887833691351303,1.1309313094649216,2380,4240,1456821135521
production-topology4-4-1456820309,1.016488679994704,1.2295319773001427,1820,3500,1456821135521
Running observer at: 1456821146155
production-topology1-1-1456820288,1.090807254623044,1.011672359032685,2440,1560,1456821146678
production-topology2-2-1456820295,1.09832735867358,1.0000625118302289,2240,1460,1456821146679
production-topology3-3-1456820302,1.0067408598122487,1.124394970009518,2620,4700,1456821146679
production-topology4-4-1456820309,0.91097159707702,1.2127656414989256,2460,4160,1456821146679
Running observer at: 1456821157166
production-topology1-1-1456820288,0.9012842161393532,1.0147561050787144,1940,1200,1456821157660
production-topology2-2-1456820295,0.8384430233327479,0.995446884413606,2380,1520,1456821157660
production-topology3-3-1456820302,0.9108487665425327,1.1137176598361687,2340,4120,1456821157660
production-topology4-4-1456820309,1.0426906223571675,1.2042618905418379,2360,4380,1456821157660
Running observer at: 1456821168091
production-topology1-1-1456820288,1.1615561940817043,1.008381028238479,2240,1440,1456821168677
production-topology2-2-1456820295,1.1230204786117457,1.0013420354705727,2040,1260,1456821168677
production-topology3-3-1456820302,1.0406883496432628,1.1102400736365063,2340,4260,1456821168678
production-topology4-4-1456820309,0.9848178638698354,1.1938121749860282,1900,3420,1456821168678
Running observer at: 1456821179229
production-topology1-1-1456820288,0.809371294974059,1.0035234680483773,1960,1260,1456821179913
production-topology2-2-1456820295,0.7729503623879458,0.9857973537010527,2140,1340,1456821179914
production-topology3-3-1456820302,0.987485536185651,1.1046603219341948,2420,4300,1456821179914
production-topology4-4-1456820309,1.0186570870050038,1.1858505800777996,2280,4080,1456821179914
Running observer at: 1456821190386
production-topology1-1-1456820288,0.9556481097232552,1.0007027062265448,2340,1500,1456821190876
production-topology2-2-1456820295,1.0790993932021666,0.9927839032515288,2440,1580,1456821190876
production-topology3-3-1456820302,1.0441511435227302,1.102029488090218,2360,4360,1456821190876
production-topology4-4-1456820309,1.0192631447847509,1.1786076481085368,2340,4140,1456821190876
Running observer at: 1456821201334
production-topology1-1-1456820288,1.088668791476601,1.0014006179290231,2340,1440,1456821201835
production-topology2-2-1456820295,1.1889842995351363,0.99898845980778,2020,1340,1456821201835
production-topology3-3-1456820302,0.982123344176772,1.097033398760491,2520,4500,1456821201835
production-topology4-4-1456820309,1.0064770135869945,1.1714355383368058,2020,3680,1456821201835
Running observer at: 1456821212446
production-topology1-1-1456820288,1.1073925183946427,0.999681534473276,2040,1280,1456821213149
production-topology2-2-1456820295,0.8117616218490543,0.9919612028285697,2160,1340,1456821213150
production-topology3-3-1456820302,0.9345049534865241,1.0905322609495323,2300,4060,1456821213150
production-topology4-4-1456820309,1.0116543685277952,1.1650442915444454,2240,4120,1456821213150
/var/nimbus/storm/bin/storm rebalance production-topology1 -e spout_head=11
1456821213441
/var/nimbus/storm/bin/storm rebalance production-topology2 -e spout_head=9
Running observer at: 1456821223611
production-topology1-1-1456820288,1.0005089092570585,1.0005089092570585,182300,116740,1456821224101
production-topology2-2-1456820295,1.0028069710906868,1.0028069710906868,181260,116240,1456821224101
production-topology3-3-1456820302,1.020644554626815,1.0878442722448125,2460,4540,1456821224101
production-topology4-4-1456820309,1.0023364230560488,1.1587862966025841,2320,4220,1456821224101
Running observer at: 1456821234565
production-topology1-1-1456820288,0.6,0.8002544546285293,120,60,1456821235118
production-topology2-2-1456820295,0.2,0.6014034855453434,40,40,1456821235119
production-topology3-3-1456820302,1.0303964656714069,1.0857165757050566,2540,4480,1456821235119
production-topology4-4-1456820309,1.0029816455171872,1.1530157539697916,2020,3600,1456821235119
Running observer at: 1456821245693
production-topology1-1-1456820288,1.0,0.8668363030856862,0,0,1456821246400
production-topology2-2-1456820295,1.0,0.7342689903635623,0,0,1456821246401
production-topology3-3-1456820302,0.9921903290200944,1.0823763526091652,2240,4120,1456821246401
production-topology4-4-1456820309,0.998979860718991,1.1475144720679773,2320,4040,1456821246401
Running observer at: 1456821251949
production-topology1-1-1456820288,1.0,0.9001272273142646,0,0,1456821252628
production-topology2-2-1456820295,1.0,0.8007017427726717,0,0,1456821252628
production-topology3-3-1456820302,1.0180412511631296,1.0801579008351638,1320,2340,1456821252628
production-topology4-4-1456820309,1.0174574743898799,1.143029748010112,1140,2140,1456821252628
Running observer at: 1456821253099
production-topology1-1-1456820288,1.0,0.9201017818514117,0,0,1456821253787
production-topology2-2-1456820295,1.0,0.8405613942181374,0,0,1456821253787
production-topology3-3-1456820302,0.9841139139938245,1.0769564346071192,340,700,1456821253787
production-topology4-4-1456820309,1.2708333333333335,1.147289867520886,120,240,1456821253787
Running observer at: 1456821256839
production-topology1-1-1456820288,0.0010258358662613982,0.7669224575205534,164500,40,1456821257330
production-topology2-2-1456820295,1.0,0.8671344951817811,0,0,1456821257330
production-topology3-3-1456820302,1.0873202565032143,1.0798241724465227,820,1520,1456821257330
production-topology4-4-1456820309,1.076132149692456,1.1498255485227336,960,1820,1456821257330
Running observer at: 1456821267760
production-topology1-1-1456820288,0.9875678590208501,0.798443229163453,111340,70480,1456821268240
production-topology2-2-1456820295,0.25,0.7789724244415267,240,0,1456821268240
production-topology3-3-1456820302,1.008000487650257,1.0700610114747178,2500,4540,1456821268240
production-topology4-4-1456820309,0.9574182053773891,1.115072822035313,2100,3540,1456821268240
Running observer at: 1456821278752
production-topology1-1-1456820288,0.5160624383332912,0.7631456303096827,1740,500,1456821279233
production-topology2-2-1456820295,1.0577423625673288,0.813818666707252,1500,1040,1456821279233
production-topology3-3-1456820302,0.9518346046505386,1.0351221649630693,2340,4000,1456821279233
production-topology4-4-1456820309,1.1032152545506482,1.0851799971870013,2200,4140,1456821279233
Running observer at: 1456821289848
production-topology1-1-1456820288,1.2721541016899005,0.8197021271297069,2460,1980,1456821290518
production-topology2-2-1456820295,1.0344659838781771,0.8383350352817992,1780,1160,1456821290519
production-topology3-3-1456820302,1.0291340863364287,1.0027599678409505,2380,4400,1456821290519
production-topology4-4-1456820309,0.940832673448071,1.0498744196352703,1960,3500,1456821290519
Running observer at: 1456821301062
production-topology1-1-1456820288,1.0967747292111238,0.8474093873378485,2480,1700,1456821301549
production-topology2-2-1456820295,0.9755718609795556,0.8520587178515748,2160,1420,1456821301550
production-topology3-3-1456820302,1.094074301697829,0.9725624445642114,2580,4760,1456821301550
production-topology4-4-1456820309,1.0153749759012916,1.0170535854986467,2300,4140,1456821301550
Running observer at: 1456821312086
production-topology1-1-1456820288,1.017142740798589,0.8628396921979159,2340,1540,1456821312560
production-topology2-2-1456820295,0.951000470089317,0.8610534226004606,2000,1340,1456821312560
production-topology3-3-1456820302,0.8843576050742867,1.0020352643873334,2360,3960,1456821312560
production-topology4-4-1456820309,0.9548575397660477,0.9822155034908483,2420,4280,1456821312560
Running observer at: 1456821323136
production-topology1-1-1456820288,1.0058560331193382,0.8747577206080344,2380,1600,1456821323701
production-topology2-2-1456820295,1.0898395762883875,0.8801189354077877,1740,1240,1456821323701
production-topology3-3-1456820302,1.0266896827112295,1.0030956615302478,2300,4240,1456821323702
production-topology4-4-1456820309,1.028652290876162,1.0165039131867204,1920,3460,1456821323702
Running observer at: 1456821334320
production-topology1-1-1456820288,1.0811844463423081,0.8906366995106707,2500,1720,1456821334862
production-topology2-2-1456820295,0.9674902174902175,0.8868398032602823,2160,1380,1456821334862
production-topology3-3-1456820302,1.038635905694751,1.004187217336145,2620,4800,1456821334862
production-topology4-4-1456820309,0.9694915540707789,1.010601083572597,2340,4180,1456821334862
Running observer at: 1456821345341
production-topology1-1-1456820288,0.9436052041886521,0.8944201641305265,2420,1460,1456821345835
production-topology2-2-1456820295,0.9320539131902125,0.8900693825409917,2060,1240,1456821345835
production-topology3-3-1456820302,0.9495711579983768,1.0023265639564105,2240,4040,1456821345836
production-topology4-4-1456820309,1.0125839368005267,1.0112113753759633,2420,4400,1456821345836
Running observer at: 1456821356283
production-topology1-1-1456820288,1.1202772566621282,0.9094773036326332,2260,1520,1456821356878
production-topology2-2-1456820295,1.293058333237852,0.9169353125874491,1720,1180,1456821356878
production-topology3-3-1456820302,1.0543441647815706,1.0035650223131152,2420,4300,1456821356878
production-topology4-4-1456820309,1.0461618024617174,1.0132129878628022,1820,3400,1456821356879
Running observer at: 1456821367277
production-topology1-1-1456820288,0.9178057930620341,0.9099978342219708,2340,1480,1456821367891
production-topology2-2-1456820295,0.8450966984251856,0.9124453992023076,2140,1280,1456821367892
production-topology3-3-1456820302,0.9238205613205375,1.0016680489095922,2320,4020,1456821367892
production-topology4-4-1456820309,0.9755076606196595,1.0113509249815893,2340,4120,1456821367892
Running observer at: 1456821378403
production-topology1-1-1456820288,0.9473650379504875,0.9121959050295305,2420,1560,1456821378913
production-topology2-2-1456820295,1.1269866434117461,0.925065472391098,1760,1200,1456821378913
production-topology3-3-1456820302,1.0208705909961073,1.0038536645811846,2640,4800,1456821378913
production-topology4-4-1456820309,0.9662577787918534,1.0130469208604183,2280,4140,1456821378913
Running observer at: 1456821389345
production-topology1-1-1456820288,1.0715958113212207,0.9210514553790689,2560,1680,1456821389848
production-topology2-2-1456820295,0.9736136213989952,0.9277625917804256,2080,1280,1456821389848
production-topology3-3-1456820302,1.0337523472667065,1.0036485277605067,2280,4300,1456821389849
production-topology4-4-1456820309,0.9955520906454165,1.0115833015611768,2080,3640,1456821389849
Running observer at: 1456821400424
production-topology1-1-1456820288,0.8033730529561565,0.9148578552515472,2320,1340,1456821401061
production-topology2-2-1456820295,1.0363608917899194,0.9334782917809253,2020,1280,1456821401062
production-topology3-3-1456820302,1.0023233287669338,1.00413070773475,2340,4020,1456821401062
production-topology4-4-1456820309,1.0589918518360102,1.0131966158482464,2300,4160,1456821401062
Running observer at: 1456821411633
production-topology1-1-1456820288,1.1298719496700123,0.9256085599724704,2400,1660,1456821412198
production-topology2-2-1456820295,0.8182017458164232,0.9277144644827002,1800,1120,1456821412198
production-topology3-3-1456820302,0.971219397093242,1.00075371977915,2620,4760,1456821412198
production-topology4-4-1456820309,1.0329012795832018,1.0138475523858765,2300,4160,1456821412198
Running observer at: 1456821422664
production-topology1-1-1456820288,1.0117594338164848,0.9297109825364712,2620,1600,1456821423149
production-topology2-2-1456820295,1.0439027406893446,0.9332472395401594,2140,1460,1456821423149
production-topology3-3-1456820302,1.0323340290526561,1.002620784316625,2400,4300,1456821423150
production-topology4-4-1456820309,0.9431991340063273,1.012290071034264,2060,3580,1456821423150
Running observer at: 1456821433604
production-topology1-1-1456820288,1.0486974055703384,0.9351194563107378,2160,1500,1456821434083
production-topology2-2-1456820295,0.9916394130490099,0.9359014292451072,2100,1220,1456821434083
production-topology3-3-1456820302,1.0140613361982909,1.0021018893591027,2220,4060,1456821434083
production-topology4-4-1456820309,0.9728319359235095,1.011785707618993,2240,4000,1456821434083
Running observer at: 1456821444710
production-topology1-1-1456820288,0.9872533223169672,0.9373861461370956,2440,1600,1456821445347
production-topology2-2-1456820295,1.0265632714393047,0.9398432484709419,1760,1180,1456821445347
production-topology3-3-1456820302,0.9978305472455126,1.0024034619627822,2400,4360,1456821445347
production-topology4-4-1456820309,1.0805755438513145,1.013921936414213,1880,3580,1456821445347
Running observer at: 1456821455812
production-topology1-1-1456820288,1.034285246706489,0.9414236086608203,2640,1620,1456821456342
production-topology2-2-1456820295,0.9295625753128951,0.9394148870893567,2180,1380,1456821456342
production-topology3-3-1456820302,1.0325772633911185,1.003264675415411,2560,4700,1456821456342
production-topology4-4-1456820309,0.9351401607630975,1.014727555203749,2400,4280,1456821456342
Running observer at: 1456821466780
production-topology1-1-1456820288,0.9585367631045729,0.9421081348385704,2260,1400,1456821467263
production-topology2-2-1456820295,1.078949331501029,0.9449962648658236,1980,1320,1456821467264
production-topology3-3-1456820302,0.9868336243578482,1.0057975040092548,2340,4040,1456821467264
production-topology4-4-1456820309,0.9720778663922477,1.012373796671585,2340,4140,1456821467264
Running observer at: 1456821477707
production-topology1-1-1456820288,1.147951615296709,0.950025191779268,2460,1660,1456821478257
production-topology2-2-1456820295,0.9435994705978042,0.9449425420093612,1760,1120,1456821478258
production-topology3-3-1456820302,1.0193913333889955,1.005087603467446,2320,4300,1456821478258
production-topology4-4-1456820309,1.0655903269821385,1.0150662121086618,1820,3520,1456821478258
Running observer at: 1456821488842
production-topology1-1-1456820288,0.9277339990617014,0.9491995920489877,2260,1460,1456821489434
production-topology2-2-1456820295,0.9374643061107939,0.9446655703094143,2020,1280,1456821489434
production-topology3-3-1456820302,0.9413934706425662,1.0035512012826766,2260,4080,1456821489434
production-topology4-4-1456820309,0.9517243005384671,1.0128351192264438,2380,4100,1456821489434
Running observer at: 1456821499904
production-topology1-1-1456820288,0.9219211268369495,0.9482253611485578,2540,1700,1456821500399
production-topology2-2-1456820295,1.0382718828863733,0.9480086529014485,2220,1440,1456821500399
production-topology3-3-1456820302,1.0467000835421887,1.003636165949992,2660,4740,1456821500399
production-topology4-4-1456820309,1.0329858925281408,1.0132925441512233,2400,4340,1456821500399
Running observer at: 1456821510980
production-topology1-1-1456820288,1.043930639577571,0.9515255431633514,2500,1580,1456821511544
production-topology2-2-1456820295,1.1001301132448085,0.9532542204994955,1720,1080,1456821511544
production-topology3-3-1456820302,0.9497291620888972,1.002556359880396,2420,4300,1456821511545
production-topology4-4-1456820309,0.9809592109186832,1.0124419507289462,1980,3440,1456821511545
Running observer at: 1456821522155
production-topology1-1-1456820288,0.9380377999250428,0.9510759517220744,2260,1420,1456821522748
production-topology2-2-1456820295,0.9606289543789545,0.9535000449621441,2060,1280,1456821522748
production-topology3-3-1456820302,1.0087148393991066,1.0050300227441487,2240,4080,1456821522748
production-topology4-4-1456820309,0.9601554133647461,1.010725318890178,2260,4080,1456821522748
Running observer at: 1456821533204
production-topology1-1-1456820288,0.9755917858480746,0.9502453809417748,2500,1620,1456821533696
production-topology2-2-1456820295,0.9655693470048571,0.9522587908259498,2180,1420,1456821533697
production-topology3-3-1456820302,1.0609429618503508,1.0063733029849333,2640,4720,1456821533697
production-topology4-4-1456820309,1.0530240526389532,1.0124149065429413,2420,4320,1456821533697
Running observer at: 1456821544178
production-topology1-1-1456820288,1.148967489294568,0.9685442972515937,2380,1580,1456821544671
production-topology2-2-1456820295,0.9262561878114601,0.976467330419665,1700,1060,1456821544671
production-topology3-3-1456820302,0.9484100437909762,1.0036404222555855,2320,4380,1456821544671
production-topology4-4-1456820309,0.9969182456539407,1.0122127932141667,1900,3440,1456821544671
Running observer at: 1456821555285
production-topology1-1-1456820288,0.8911697176023945,0.9649166211716735,2400,1560,1456821555916
production-topology2-2-1456820295,1.1699290339627655,0.9821316315517573,2120,1340,1456821555917
production-topology3-3-1456820302,1.0209993291365813,1.0046007222594686,2360,4100,1456821555917
production-topology4-4-1456820309,1.0349443745494125,1.0134116103418471,2280,4080,1456821555917
Running observer at: 1456821566502
production-topology1-1-1456820288,0.8979079798705967,0.9615135538340268,2600,1580,1456821566994
production-topology2-2-1456820295,0.8680280513308047,0.9777325665961174,2080,1400,1456821566994
production-topology3-3-1456820302,0.9203145913279456,1.001343166931629,2660,4700,1456821566995
production-topology4-4-1456820309,0.993118524579754,1.012600312014843,2400,4380,1456821566995
Running observer at: 1456821577463
production-topology1-1-1456820288,1.1718293296121036,0.9672411981544303,2260,1580,1456821577944
production-topology2-2-1456820295,1.0471098986635945,0.9793028965515707,1780,1060,1456821577944
production-topology3-3-1456820302,1.0992963783874203,1.0051825824114156,2240,4380,1456821577944
production-topology4-4-1456820309,0.9941401953793081,1.0033772074163756,1900,3420,1456821577944
Running observer at: 1456821588504
production-topology1-1-1456820288,1.0112921398825065,1.0009167416216385,2400,1520,1456821589071
production-topology2-2-1456820295,1.051454418232707,0.9810180438259942,2080,1320,1456821589071
production-topology3-3-1456820302,1.0288245726487575,1.0032327262829337,2360,4000,1456821589071
production-topology4-4-1456820309,1.0541196920531044,1.0026434588283972,2320,4100,1456821589071
Running observer at: 1456821599754
production-topology1-1-1456820288,0.9984520870203692,1.0012795492216222,2460,1500,1456821600273
production-topology2-2-1456820295,0.9576293779285976,1.0046056897569475,1860,1120,1456821600273
production-topology3-3-1456820302,0.9614111460003273,1.001679748227936,2640,4780,1456821600273
production-topology4-4-1456820309,0.9930917237671881,1.003832576108057,2300,4240,1456821600273
Running observer at: 1456821610760
production-topology1-1-1456820288,0.9567511148926134,1.0159691717736,2520,1620,1456821611235
production-topology2-2-1456820295,0.9514745593170947,1.0010634296486063,2060,1340,1456821611235
production-topology3-3-1456820302,1.0496071516692922,1.0049388331285611,2360,4340,1456821611235
production-topology4-4-1456820309,1.008248879716981,1.0006670302802683,2000,3600,1456821611235
Running observer at: 1456821621810
production-topology1-1-1456820288,0.9809536125325599,1.0062624888016887,2340,1540,1456821622284
production-topology2-2-1456820295,1.0735878270910593,1.0023674910890357,2120,1340,1456821622284
production-topology3-3-1456820302,0.9312131454652817,1.0016748017661896,2320,4120,1456821622285
production-topology4-4-1456820309,0.9625141464680187,1.0013897460475998,2380,4080,1456821622285
Running observer at: 1456821632744
production-topology1-1-1456820288,1.0890007211155182,1.0060033551985017,2400,1480,1456821633414
production-topology2-2-1456820295,1.0251529955837262,1.0040201955758414,1660,1040,1456821633414
production-topology3-3-1456820302,0.99114932560563,0.9982439692297829,2360,4260,1456821633414
production-topology4-4-1456820309,0.99428523659453,1.0006867547373741,1840,3520,1456821633414
Running observer at: 1456821643933
production-topology1-1-1456820288,0.8908475959635932,1.0017935170373353,2240,1500,1456821644523
production-topology2-2-1456820295,1.182907391819429,1.0117504263001786,2060,1340,1456821644523
production-topology3-3-1456820302,1.0242380930474295,1.002906652162221,2480,4300,1456821644524
production-topology4-4-1456820309,1.0226836898060032,1.0029476264053727,2340,4140,1456821644524
Running observer at: 1456821654994
production-topology1-1-1456820288,1.00669416741846,1.0018214548473057,2580,1620,1456821655483
production-topology2-2-1456820295,0.8998107444053391,1.0054161319040769,2220,1400,1456821655483
production-topology3-3-1456820302,1.0523025479018493,1.0037604143352417,2380,4480,1456821655484
production-topology4-4-1456820309,1.0095069884829608,1.0023094496589329,2420,4380,1456821655484
Running observer at: 1456821665958
production-topology1-1-1456820288,1.0285215144877031,1.0000660237854857,2420,1620,1456821666593
production-topology2-2-1456820295,0.9012811642848797,1.003209163463899,1720,1100,1456821666593
production-topology3-3-1456820302,0.992477748390403,1.0022218090917634,2440,4360,1456821666593
production-topology4-4-1456820309,1.0335358799669025,1.0044442605221369,1960,3420,1456821666594
Running observer at: 1456821676998
production-topology1-1-1456820288,1.013200726214425,1.002385874519678,2280,1420,1456821677615
production-topology2-2-1456820295,1.1012644909005667,1.008849516054244,2040,1360,1456821677615
production-topology3-3-1456820302,0.9599844667461626,1.0025689193833562,2240,4100,1456821677615
production-topology4-4-1456820309,0.9316443175074807,1.0017462732123688,2300,4060,1456821677616
Running observer at: 1456821688051
production-topology1-1-1456820288,0.9987114615559075,0.9983336813494709,2540,1580,1456821688555
production-topology2-2-1456820295,1.0060897094089936,0.9992838952599489,2120,1340,1456821688555
production-topology3-3-1456820302,0.9670843234918023,0.9996602580070306,2720,4760,1456821688555
production-topology4-4-1456820309,1.0214765118873133,1.000923430193222,2320,4420,1456821688555
Running observer at: 1456821698995
production-topology1-1-1456820288,1.1060551051564005,1.004608658419283,2460,1560,1456821699514
production-topology2-2-1456820295,0.9226877110212215,1.0018702623464835,1740,1100,1456821699514
production-topology3-3-1456820302,1.075070829026,1.004701933597213,2300,4260,1456821699514
production-topology4-4-1456820309,1.0166560779132872,1.0022950441030094,2000,3480,1456821699514
Running observer at: 1456821710144
production-topology1-1-1456820288,0.9548384743201704,1.004857772964939,2300,1500,1456821710819
production-topology2-2-1456820295,0.9117255845896308,0.9946948937190797,2140,1320,1456821710819
production-topology3-3-1456820302,0.99656762041256,1.0038918345777612,2320,4000,1456821710819
production-topology4-4-1456820309,1.0151549547829732,1.00392494996938,2220,4080,1456821710819
Running observer at: 1456821721354
production-topology1-1-1456820288,1.013354704983758,1.0029164027536905,2540,1560,1456821721838
production-topology2-2-1456820295,1.1013458680766783,0.9989526352750023,2060,1360,1456821721838
production-topology3-3-1456820302,1.0249744598736237,1.003599238331325,2600,4920,1456821721838
production-topology4-4-1456820309,0.9686172094976876,1.0030271205977892,2480,4320,1456821721838
Running observer at: 1456821732324
production-topology1-1-1456820288,0.9529640198655316,1.0079027683173363,2440,1620,1456821732817
production-topology2-2-1456820295,0.885151763740771,0.9939123310066974,1740,1040,1456821732817
production-topology3-3-1456820302,1.0086887530797788,1.0038114191417533,2420,4300,1456821732817
production-topology4-4-1456820309,1.0584103259267992,1.0030077364008154,1880,3520,1456821732817
Running observer at: 1456821743482
production-topology1-1-1456820288,1.0396420805787192,1.0048951060142932,2320,1580,1456821743982
production-topology2-2-1456820295,1.1136494758352984,1.0037605886739933,2040,1320,1456821743982
production-topology3-3-1456820302,0.9803902993558166,1.004117115883839,2260,4060,1456821743983
production-topology4-4-1456820309,0.9495121802209211,1.000228099755406,2300,4080,1456821743983
Running observer at: 1456821754624
production-topology1-1-1456820288,1.032905646674333,1.0055999797762216,2480,1600,1456821755114
production-topology2-2-1456820295,0.8611460848315625,0.9976687001454005,2320,1460,1456821755114
production-topology3-3-1456820302,0.9778884286673728,1.0023022625376627,2660,4680,1456821755114
production-topology4-4-1456820309,1.0319234579137797,1.0031855772189882,2380,4320,1456821755114
Running observer at: 1456821765677
production-topology1-1-1456820288,0.9901887461231722,1.0036496911279829,2440,1520,1456821766174
production-topology2-2-1456820295,1.1289350229878168,1.002245220476694,1660,1120,1456821766174
production-topology3-3-1456820302,0.978258455120609,1.0011088331684068,2360,4260,1456821766174
production-topology4-4-1456820309,0.9194961405971405,1.0014077173747757,1820,3220,1456821766174
Running observer at: 1456821776845
production-topology1-1-1456820288,0.9639061368442601,1.002871451612226,2360,1480,1456821777333
production-topology2-2-1456820295,0.9559551378161396,0.9998916160225886,2060,1280,1456821777333
production-topology3-3-1456820302,1.01979716133922,1.0018410536381972,2320,4080,1456821777334
production-topology4-4-1456820309,1.0752004319679087,1.0012285469786624,2480,4300,1456821777334
Running observer at: 1456821787984
production-topology1-1-1456820288,0.9778513806542921,1.0009903227438195,2580,1700,1456821788477
production-topology2-2-1456820295,0.9960102960102959,1.0021065400458353,2160,1420,1456821788477
production-topology3-3-1456820302,0.9942742464291678,1.0005642864061322,2640,4760,1456821788477
production-topology4-4-1456820309,0.9151040876979534,1.0005606778764908,2380,4340,1456821788477
Running observer at: 1456821799038
production-topology1-1-1456820288,1.0003141986363782,1.0023829039282128,2380,1580,1456821799537
production-topology2-2-1456820295,1.1558647685307544,1.0046703879468262,1700,1080,1456821799537
production-topology3-3-1456820302,1.033524777353147,1.002120658172642,2340,4320,1456821799537
production-topology4-4-1456820309,1.0580965127586417,1.0034279660887038,1760,3260,1456821799537
Running observer at: 1456821810151
production-topology1-1-1456820288,0.9799790888066748,0.9967838197118785,2320,1460,1456821810712
production-topology2-2-1456820295,0.8285600508816733,1.0008357406229549,2180,1320,1456821810712
production-topology3-3-1456820302,0.9600980321277257,1.0001442147972663,2280,4040,1456821810712
production-topology4-4-1456820309,0.9984677738430416,1.001190547650734,2440,4280,1456821810712
Running observer at: 1456821821378
production-topology1-1-1456820288,1.1458859659346488,1.0040555519409768,2520,1600,1456821821893
production-topology2-2-1456820295,1.1330444373360629,1.0073550783304641,2100,1460,1456821821894
production-topology3-3-1456820302,0.9646528043542968,1.0009195259209909,2680,4740,1456821821894
production-topology4-4-1456820309,1.0542198727122232,1.0046070667231928,2400,4420,1456821821894
Running observer at: 1456821832460
production-topology1-1-1456820288,0.957978270496715,1.0052574567296355,2480,1660,1456821832962
production-topology2-2-1456820295,1.0143579036552894,1.0065579456894278,1740,1100,1456821832962
production-topology3-3-1456820302,1.0351105672381888,1.0005332087108572,2340,4280,1456821832962
production-topology4-4-1456820309,0.9859318635300206,1.003038599089922,1820,3200,1456821832962
Running observer at: 1456821843611
production-topology1-1-1456820288,0.9752332407546808,1.0029675434355392,2300,1420,1456821844102
production-topology2-2-1456820295,0.9245271156654536,1.0007045124367828,2060,1320,1456821844102
production-topology3-3-1456820302,0.9845509226040199,1.0016939340613613,2260,4080,1456821844102
production-topology4-4-1456820309,0.9460271844484459,1.0018741982075807,2500,4300,1456821844103
Running observer at: 1456821854778
production-topology1-1-1456820288,0.9926191361133788,1.0047869213084837,2580,1640,1456821855280
production-topology2-2-1456820295,0.944299246767144,1.0001601888497225,2140,1340,1456821855280
production-topology3-3-1456820302,1.0524711416091714,1.0031524774683636,2720,4760,1456821855280
production-topology4-4-1456820309,1.0272649572649573,1.0041111830042544,2320,4360,1456821855280
Running observer at: 1456821865867
production-topology1-1-1456820288,1.028947590757318,1.0065654481387918,2440,1620,1456821866461
production-topology2-2-1456820295,0.9781998137203045,1.000581204406904,1760,1140,1456821866461
production-topology3-3-1456820302,1.0173839940055192,1.0017005118735358,2300,4260,1456821866462
production-topology4-4-1456820309,1.0113549971233666,1.0027222144870682,1840,3260,1456821866462
Running observer at: 1456821877056
production-topology1-1-1456820288,0.9523729951894971,1.0000122983352895,2200,1460,1456821877553
production-topology2-2-1456820295,1.209003353973168,1.0100061099456277,2040,1320,1456821877553
production-topology3-3-1456820302,0.9525975843864982,1.0018400965600534,2240,4080,1456821877553
production-topology4-4-1456820309,1.0588087735217653,1.0047852320826625,2320,4260,1456821877553
Running observer at: 1456821888178
production-topology1-1-1456820288,1.0540603838488256,1.0054419872101703,2600,1600,1456821888672
production-topology2-2-1456820295,1.0267268309614717,1.0052327031789179,2160,1380,1456821888672
production-topology3-3-1456820302,0.9931202072517623,1.000910792497226,2620,4700,1456821888672
production-topology4-4-1456820309,0.9155458100642526,1.000805279933157,2520,4380,1456821888672
Running observer at: 1456821899163
production-topology1-1-1456820288,0.9630567607837993,1.0076136132406106,2080,1300,1456821899862
production-topology2-2-1456820295,0.7956017457338305,1.002818492992352,1640,1040,1456821899862
production-topology3-3-1456820302,1.0159799852046687,1.0040996389597836,2240,3900,1456821899862
production-topology4-4-1456820309,1.0707636705413779,1.0033934514652112,1820,3340,1456821899862
Running observer at: 1456821910416
production-topology1-1-1456820288,1.0351520605955462,1.0030577042733921,2640,1720,1456821910898
production-topology2-2-1456820295,1.1730007826527324,1.0070148557919898,2100,1340,1456821910898
production-topology3-3-1456820302,1.037288083277388,1.0020326957894492,2420,4560,1456821910898
production-topology4-4-1456820309,1.0359336241747314,1.0047865657583919,2340,4280,1456821910898
Running observer at: 1456821921436
production-topology1-1-1456820288,1.0911313721057505,1.0057190120141668,2460,1620,1456821921980
production-topology2-2-1456820295,0.9549065743944636,1.003796594330715,2180,1440,1456821921980
production-topology3-3-1456820302,0.9901535295979741,1.0007436610210898,2700,4760,1456821921980
production-topology4-4-1456820309,0.9555516636320679,1.001500964811024,2420,4280,1456821921980
Running observer at: 1456821932421
production-topology1-1-1456820288,0.8830488013729515,1.0018722358259193,2160,1300,1456821933002
production-topology2-2-1456820295,0.9605150002200485,1.0038927817404302,1640,1060,1456821933002
production-topology3-3-1456820302,0.9502210207243934,1.000370656845225,2100,3720,1456821933003
production-topology4-4-1456820309,1.098721232322441,1.0050219484295324,1780,3200,1456821933003
Running observer at: 1456821943678
production-topology1-1-1456820288,1.0880452236424036,1.006248706117579,2660,1720,1456821944162
production-topology2-2-1456820295,1.0636935172310882,1.0076334136708964,2160,1360,1456821944162
production-topology3-3-1456820302,1.0387838153894131,1.000009878969229,2540,4560,1456821944162
production-topology4-4-1456820309,0.9946499300157836,1.004568650106159,2400,4360,1456821944163
Running observer at: 1456821954679
production-topology1-1-1456820288,1.0382002911673007,1.0081569287387369,2380,1560,1456821955206
production-topology2-2-1456820295,0.9281007331176017,1.002783843871781,2140,1320,1456821955207
production-topology3-3-1456820302,0.9511851283877564,1.0006756117333115,2520,4580,1456821955207
production-topology4-4-1456820309,0.9443089630456512,1.003961810658747,2300,4060,1456821955207
Running observer at: 1456821965674
production-topology1-1-1456820288,1.0114463906650193,1.0055717843903869,2220,1480,1456821966311
production-topology2-2-1456820295,1.1001776992848422,1.005284667328485,1620,1100,1456821966311
production-topology3-3-1456820302,0.9949444713643951,1.0008021165919372,2140,3900,1456821966311
production-topology4-4-1456820309,0.9286027039981583,1.0017723929055344,1960,3440,1456821966312
Running observer at: 1456821976990
production-topology1-1-1456820288,0.9082954541376446,1.0061533796628552,2740,1660,1456821977492
production-topology2-2-1456820295,0.8971288353038517,0.9957587154446325,2260,1400,1456821977492
production-topology3-3-1456820302,1.1036005579093815,1.0034475320873357,2560,4800,1456821977492
production-topology4-4-1456820309,1.1348035160626977,1.0055097204474241,2280,4400,1456821977492
Running observer at: 1456821987994
production-topology1-1-1456820288,1.0093967446194712,1.0062434655695556,2280,1520,1456821988538
production-topology2-2-1456820295,1.2400471741020909,1.0070999297678576,2000,1340,1456821988538
production-topology3-3-1456820302,0.9661063762626263,1.0005743263660283,2420,4280,1456821988539
production-topology4-4-1456820309,0.9759344972128481,1.004390637405087,2320,4120,1456821988539
Running observer at: 1456821999007
production-topology1-1-1456820288,1.0965907043510335,1.0085124385650002,2280,1380,1456821999648
production-topology2-2-1456820295,1.0156703837609817,1.0109129037503943,1660,1120,1456821999648
production-topology3-3-1456820302,0.9953330342766774,1.0006695025622372,2240,3960,1456821999648
production-topology4-4-1456820309,0.9350130875344238,1.0011065443240044,2020,3440,1456821999649
Running observer at: 1456822010231
production-topology1-1-1456820288,1.0598057404780095,1.010065939040453,2640,1640,1456822010787
production-topology2-2-1456820295,0.8548515049314146,1.0026991375514225,2220,1360,1456822010788
production-topology3-3-1456820302,1.0232406626423884,1.0027780424254447,2720,4880,1456822010788
production-topology4-4-1456820309,1.0943697123451668,1.0065307241519275,2320,4340,1456822010788
Running observer at: 1456822021312
production-topology1-1-1456820288,0.8791327426071714,1.0060799817421617,2380,1540,1456822021889
production-topology2-2-1456820295,1.0888156981906982,1.0054566705108126,2080,1380,1456822021890
production-topology3-3-1456820302,1.0285832075410068,1.0048280052270848,2300,4260,1456822021890
production-topology4-4-1456820309,0.94958354694663,1.004134291987238,2320,4220,1456822021890
Running observer at: 1456822032354
production-topology1-1-1456820288,1.0459997550691924,1.0040781367392548,2240,1360,1456822033012
production-topology2-2-1456820295,0.9317678878780429,1.0057593430727065,1660,1080,1456822033012
production-topology3-3-1456820302,0.9613555064572976,1.0010374944747946,2280,4020,1456822033012
production-topology4-4-1456820309,0.957062410771319,1.002147836415839,1980,3380,1456822033013
Running observer at: 1456822043605
production-topology1-1-1456820288,0.9478506787330316,1.0038452102196838,2720,1800,1456822044112
production-topology2-2-1456820295,0.9815793571865711,1.0080878021592714,2280,1320,1456822044112
production-topology3-3-1456820302,0.9784719648060625,1.000434305954578,2640,4800,1456822044112
production-topology4-4-1456820309,1.017025511940257,1.0022101883210819,2400,4320,1456822044112
Running observer at: 1456822054674
production-topology1-1-1456820288,0.9273304464257729,1.0009777349344176,2300,1480,1456822055282
production-topology2-2-1456820295,0.9986380795225932,1.0046642092074685,2080,1360,1456822055282
production-topology3-3-1456820302,0.9908289023190785,0.9992961207027599,2460,4280,1456822055282
production-topology4-4-1456820309,1.0032899086622218,1.0033659449598997,2220,4240,1456822055282
Running observer at: 1456822065743
production-topology1-1-1456820288,1.086541019159627,1.0054303015775539,2300,1440,1456822066338
production-topology2-2-1456820295,0.9925262490248521,1.008243358716938,1700,1060,1456822066339
production-topology3-3-1456820302,0.9897630813953253,0.9986652649799447,2220,4100,1456822066339
production-topology4-4-1456820309,1.0978763676853172,1.0046814796851835,1900,3360,1456822066339
Running observer at: 1456822076947
production-topology1-1-1456820288,1.0956156716417913,1.007296087946323,2680,1740,1456822077441
production-topology2-2-1456820295,1.0145131791285638,1.00493881549338,2080,1400,1456822077441
production-topology3-3-1456820302,0.9483922132456981,0.9975986621096073,2720,4760,1456822077441
production-topology4-4-1456820309,0.9425534253383288,1.0044495211890971,2480,4380,1456822077441
Running observer at: 1456822087979
production-topology1-1-1456820288,1.0153424079350006,1.006710646655012,2340,1600,1456822088598
production-topology2-2-1456820295,0.9862432488012903,1.0091087209590375,2060,1340,1456822088598
production-topology3-3-1456820302,1.0809321371291698,1.0010334523916673,2260,4240,1456822088598
production-topology4-4-1456820309,1.0306042559061095,1.0044055477888414,2180,3900,1456822088598
Running observer at: 1456822099067
production-topology1-1-1456820288,0.9141246367423242,1.004175176342317,2200,1400,1456822099662
production-topology2-2-1456820295,1.1371230845279288,1.0093816563437081,1720,1120,1456822099662
production-topology3-3-1456820302,1.0107070955781179,1.0021150737402509,2260,4120,1456822099662
production-topology4-4-1456820309,1.0003016699203957,1.0070990654329501,2000,3700,1456822099662
Running observer at: 1456822110371
production-topology1-1-1456820288,0.9581848986703599,1.0039844684031871,2800,1660,1456822110859
production-topology2-2-1456820295,0.8976098538658164,1.007436813545364,2240,1460,1456822110859
production-topology3-3-1456820302,1.0126714273097739,1.001877549272603,2640,4760,1456822110859
production-topology4-4-1456820309,1.0020802125816362,1.0046617247867409,2360,4280,1456822110859
Running observer at: 1456822121376
production-topology1-1-1456820288,0.8984867239736544,1.001338979847166,2200,1500,1456822121842
production-topology2-2-1456820295,0.9552031187265274,1.0060765743025717,2120,1300,1456822121842
production-topology3-3-1456820302,0.9863472939890955,1.0016133175246005,2400,4320,1456822121842
production-topology4-4-1456820309,0.9992372456183642,1.007466163384088,2200,3940,1456822121842
Running observer at: 1456822132220
production-topology1-1-1456820288,2.25,1.0429951732259533,60,20,1456822132594
production-topology2-2-1456820295,0.9632701281824086,0.9996567529576267,1080,800,1456822132594
production-topology3-3-1456820302,0.9794513061020697,0.999810868482898,2360,4000,1456822132594
production-topology4-4-1456820309,1.0187511897963069,1.0061546526186769,2060,3660,1456822132594
