Running observer at: 1456635198983
production-topology1-1-1456635198,0.0,0.0,0,0,1456635199218
Running observer at: 1456635199926
production-topology1-1-1456635198,0.0,0.0,0,0,1456635200087
Running observer at: 1456635205372
production-topology1-1-1456635198,0.0,0.0,0,0,1456635205678
production-topology2-2-1456635205,0.0,0.0,0,0,1456635205679
Running observer at: 1456635210271
production-topology1-1-1456635198,0.0,0.0,0,0,1456635210496
production-topology2-2-1456635205,0.0,0.0,0,0,1456635210496
Running observer at: 1456635211790
production-topology1-1-1456635198,0.0,0.0,0,0,1456635212097
production-topology2-2-1456635205,0.0,0.0,0,0,1456635212098
production-topology3-3-1456635211,0.0,0.0,0,0,1456635212098
Running observer at: 1456635218204
production-topology1-1-1456635198,0.0,0.0,0,0,1456635218634
production-topology4-4-1456635218,0.0,0.0,0,0,1456635218634
production-topology2-2-1456635205,0.0,0.0,0,0,1456635218634
production-topology3-3-1456635211,0.0,0.0,0,0,1456635218634
Running observer at: 1456635220747
production-topology1-1-1456635198,0.0,0.0,0,0,1456635221166
production-topology4-4-1456635218,0.0,0.0,0,0,1456635221167
production-topology2-2-1456635205,0.0,0.0,0,0,1456635221167
production-topology3-3-1456635211,0.0,0.0,0,0,1456635221167
Running observer at: 1456635231521
production-topology1-1-1456635198,0.0,0.0,0,0,1456635231916
production-topology4-4-1456635218,0.0,0.0,0,0,1456635231916
production-topology2-2-1456635205,0.0,0.0,0,0,1456635231916
production-topology3-3-1456635211,0.0,0.0,0,0,1456635231917
Running observer at: 1456635242269
production-topology1-1-1456635198,0.0,0.0,0,0,1456635242626
production-topology4-4-1456635218,0.0,0.0,0,0,1456635242627
production-topology2-2-1456635205,0.0,0.0,0,0,1456635242627
production-topology3-3-1456635211,0.0,0.0,0,0,1456635242627
Running observer at: 1456635252936
production-topology1-1-1456635198,0.0,0.0,0,0,1456635253302
production-topology4-4-1456635218,0.0,0.0,0,0,1456635253302
production-topology2-2-1456635205,0.0,0.0,0,0,1456635253302
production-topology3-3-1456635211,0.0,0.0,0,0,1456635253303
Running observer at: 1456635263593
production-topology1-1-1456635198,0.0,0.0,0,0,1456635263913
production-topology4-4-1456635218,0.0,0.0,0,0,1456635263913
production-topology2-2-1456635205,0.0,0.0,0,0,1456635263914
production-topology3-3-1456635211,0.0,0.0,0,0,1456635263914
Running observer at: 1456635274200
production-topology1-1-1456635198,0.0,0.0,0,0,1456635274524
production-topology4-4-1456635218,0.0,0.0,0,0,1456635274525
production-topology2-2-1456635205,0.0,0.0,0,0,1456635274525
production-topology3-3-1456635211,0.0,0.0,0,0,1456635274525
Running observer at: 1456635284809
production-topology1-1-1456635198,0.0,0.0,0,0,1456635285111
production-topology4-4-1456635218,0.0,0.0,0,0,1456635285112
production-topology2-2-1456635205,0.0,0.0,0,0,1456635285112
production-topology3-3-1456635211,0.0,0.0,0,0,1456635285112
Running observer at: 1456635295386
production-topology1-1-1456635198,0.0,0.0,0,0,1456635295667
production-topology4-4-1456635218,0.0,0.0,0,0,1456635295668
production-topology2-2-1456635205,0.0,0.0,0,0,1456635295668
production-topology3-3-1456635211,0.0,0.0,0,0,1456635295668
Running observer at: 1456635305894
production-topology1-1-1456635198,0.0,0.0,0,0,1456635306176
production-topology4-4-1456635218,0.0,0.0,0,0,1456635306176
production-topology2-2-1456635205,0.0,0.0,0,0,1456635306176
production-topology3-3-1456635211,0.0,0.0,0,0,1456635306177
Running observer at: 1456635316424
production-topology1-1-1456635198,0.0,0.0,0,0,1456635316695
production-topology4-4-1456635218,0.0,0.0,0,0,1456635316695
production-topology2-2-1456635205,0.0,0.0,0,0,1456635316695
production-topology3-3-1456635211,0.0,0.0,0,0,1456635316696
Running observer at: 1456635326934
production-topology1-1-1456635198,0.0,0.0,0,0,1456635327214
production-topology4-4-1456635218,0.0,0.0,0,0,1456635327214
production-topology2-2-1456635205,0.0,0.0,0,0,1456635327215
production-topology3-3-1456635211,0.0,0.0,0,0,1456635327215
Running observer at: 1456635337458
production-topology1-1-1456635198,0.0,0.0,0,0,1456635337725
production-topology4-4-1456635218,0.0,0.0,0,0,1456635337725
production-topology2-2-1456635205,0.0,0.0,0,0,1456635337726
production-topology3-3-1456635211,0.0,0.0,0,0,1456635337726
Running observer at: 1456635347946
production-topology1-1-1456635198,0.0,0.0,0,0,1456635348220
production-topology4-4-1456635218,0.0,0.0,0,0,1456635348220
production-topology2-2-1456635205,0.0,0.0,0,0,1456635348220
production-topology3-3-1456635211,0.0,0.0,0,0,1456635348221
Running observer at: 1456635358459
production-topology1-1-1456635198,0.0,0.0,0,0,1456635358734
production-topology4-4-1456635218,0.0,0.0,0,0,1456635358735
production-topology2-2-1456635205,0.0,0.0,0,0,1456635358735
production-topology3-3-1456635211,0.0,0.0,0,0,1456635358735
Running observer at: 1456635368953
production-topology1-1-1456635198,0.0,0.0,0,0,1456635369186
production-topology4-4-1456635218,0.0,0.0,0,0,1456635369186
production-topology2-2-1456635205,0.0,0.0,0,0,1456635369186
production-topology3-3-1456635211,0.0,0.0,0,0,1456635369186
Running observer at: 1456635379350
production-topology1-1-1456635198,0.0,0.0,0,0,1456635379578
production-topology4-4-1456635218,0.0,0.0,0,0,1456635379578
production-topology2-2-1456635205,0.0,0.0,0,0,1456635379578
production-topology3-3-1456635211,0.0,0.0,0,0,1456635379578
