Running observer at: 1456799111999
production-topology1-1-1456799111,0.0,0.0,0,0,1456799112286
Running observer at: 1456799112736
production-topology1-1-1456799111,0.0,0.0,0,0,1456799113045
Running observer at: 1456799118861
production-topology1-1-1456799111,0.0,0.0,0,0,1456799119258
production-topology2-2-1456799118,0.0,0.0,0,0,1456799119258
Running observer at: 1456799123420
production-topology1-1-1456799111,0.0,0.0,60,0,1456799123824
production-topology2-2-1456799118,0.0,0.0,0,0,1456799123824
Running observer at: 1456799126143
production-topology1-1-1456799111,0.010465724751439035,0.002093144950287807,260,40,1456799126782
production-topology3-3-1456799125,0.0,0.0,0,0,1456799126782
production-topology2-2-1456799118,0.0,0.0,0,0,1456799126783
Running observer at: 1456799133506
production-topology4-4-1456799133,0.0,0.0,0,0,1456799134153
production-topology1-1-1456799111,0.9114515941204537,0.1536528864786488,1500,780,1456799134154
production-topology3-3-1456799125,0.0,0.0,0,0,1456799134154
production-topology2-2-1456799118,0.0,0.0,80,0,1456799134154
Running observer at: 1456799134786
production-topology4-4-1456799133,0.0,0.0,0,0,1456799135432
production-topology1-1-1456799111,1.0,0.27455961698169895,0,0,1456799135432
production-topology3-3-1456799125,0.0,0.0,0,0,1456799135432
production-topology2-2-1456799118,0.0,0.0,160,0,1456799135432
Running observer at: 1456799146062
production-topology4-4-1456799133,0.0,0.0,0,0,1456799146544
production-topology1-1-1456799111,1.1390648632434577,0.3826227727644188,2520,1780,1456799146545
production-topology3-3-1456799125,0.07211538461538461,0.018028846153846152,640,60,1456799146545
production-topology2-2-1456799118,0.9996355931375699,0.166605932189595,1560,1100,1456799146545
Running observer at: 1456799157217
production-topology4-4-1456799133,0.6766619386473912,0.1691654846618478,800,1220,1456799157933
production-topology1-1-1456799111,1.0841037750128661,0.46056510634757963,2240,1520,1456799157934
production-topology3-3-1456799125,1.1964037021454994,0.2537038173521768,2260,4720,1456799157934
production-topology2-2-1456799118,1.08522465151635,0.2978371778077028,2040,1280,1456799157934
Running observer at: 1456799168538
production-topology4-4-1456799133,1.1419034589263033,0.36371307951473886,2220,4200,1456799169214
production-topology1-1-1456799111,0.92227108682592,0.5067357043954137,1940,1360,1456799169214
production-topology3-3-1456799125,1.0435254482014047,0.38534075582704813,2040,3960,1456799169215
production-topology2-2-1456799118,0.925417668445261,0.3762847391373976,2380,1520,1456799169215
Running observer at: 1456799179819
production-topology4-4-1456799133,0.9717040054726409,0.46504490050772257,2460,4440,1456799180368
production-topology1-1-1456799111,1.0080902921761448,0.552313394193662,2420,1540,1456799180369
production-topology3-3-1456799125,1.0250201920097308,0.47672353242457427,2280,4140,1456799180369
production-topology2-2-1456799118,1.267885375494071,0.4753514765103613,2240,1540,1456799180369
Running observer at: 1456799190874
production-topology4-4-1456799133,0.9742579866167194,0.5377896270947221,1920,3320,1456799191539
production-topology1-1-1456799111,1.0445783392382382,0.5933354729473767,2300,1440,1456799191540
production-topology3-3-1456799125,1.0147828452710725,0.5439809465303865,2240,4100,1456799191540
production-topology2-2-1456799118,0.7932874187603065,0.5071450707353559,2000,1160,1456799191540
Running observer at: 1456799202106
production-topology4-4-1456799133,1.1056373044667818,0.6087705867662296,2300,4260,1456799202701
production-topology1-1-1456799111,0.8714603615204941,0.6147296951453087,1940,1300,1456799202701
production-topology3-3-1456799125,0.9521331175763508,0.589331187757716,2160,3660,1456799202701
production-topology2-2-1456799118,1.0155157927157095,0.553360590915388,2300,1580,1456799202702
Running observer at: 1456799213263
production-topology4-4-1456799133,0.9448986207208538,0.6461181460945212,2440,4260,1456799213741
production-topology1-1-1456799111,1.1454781541173513,0.6526402993575975,2420,1560,1456799213741
production-topology3-3-1456799125,1.044495188268193,0.6348475878087637,2220,4060,1456799213741
production-topology2-2-1456799118,1.167761879212985,0.6045606982735211,2340,1500,1456799213742
Running observer at: 1456799224396
production-topology4-4-1456799133,0.996891070576133,0.6811954385426824,1900,3520,1456799225054
production-topology1-1-1456799111,1.0094255174881708,0.6764259805663023,2260,1460,1456799225055
production-topology3-3-1456799125,0.9845955623628762,0.6666428582227739,2320,4140,1456799225055
production-topology2-2-1456799118,0.9041736251938446,0.6276078464981614,1920,1200,1456799225055
Running observer at: 1456799235650
production-topology4-4-1456799133,0.9285161432994251,0.7036791389751135,2280,4020,1456799236230
production-topology1-1-1456799111,0.8871385586740986,0.6895955166980396,1940,1240,1456799236230
production-topology3-3-1456799125,1.078170635843544,0.7009368396911714,2400,4340,1456799236230
production-topology2-2-1456799118,0.9843740990601395,0.6530911502525883,2460,1560,1456799236231
Running observer at: 1456799246753
production-topology4-4-1456799133,1.1044661318206574,0.7370780550455756,2420,4460,1456799247333
production-topology1-1-1456799111,1.0723120449344707,0.7121082536531238,2300,1540,1456799247333
production-topology3-3-1456799125,0.9466526227090792,0.719838053769472,1880,3440,1456799247334
production-topology2-2-1456799118,1.0097521150232462,0.6768685479039657,2280,1500,1456799247334
Running observer at: 1456799257943
production-topology4-4-1456799133,0.8635898343917281,0.746809730379895,2020,3380,1456799258570
production-topology1-1-1456799111,0.9527293240474228,0.7254760908972515,2280,1460,1456799258570
production-topology3-3-1456799125,0.9043641253412658,0.7330184874531716,2420,4140,1456799258570
production-topology2-2-1456799118,1.0712056005918038,0.7015146136969554,1900,1220,1456799258570
Running observer at: 1456799269030
production-topology4-4-1456799133,1.063424673005683,0.7694250834245941,2240,4140,1456799269650
production-topology1-1-1456799111,1.025714972362413,0.7412781372901548,1900,1200,1456799269650
production-topology3-3-1456799125,1.067294197031039,0.7553035347583628,2420,4380,1456799269651
production-topology2-2-1456799118,0.9236590403116185,0.7145819329095826,2400,1500,1456799269651
Running observer at: 1456799280156
production-topology4-4-1456799133,1.0252433467412227,0.7864796343123693,2320,4340,1456799280679
production-topology1-1-1456799111,1.0602481530813075,0.7572266380797125,2420,1500,1456799280679
production-topology3-3-1456799125,0.982671566820762,0.7695140367622627,1780,3460,1456799280679
production-topology2-2-1456799118,0.9522152543197168,0.7277837840990345,2380,1520,1456799280680
Running observer at: 1456799291333
production-topology4-4-1456799133,0.9333333333333333,0.7956579905011796,2060,3400,1456799291929
production-topology1-1-1456799111,0.9337433661552761,0.7656321965595012,2340,1540,1456799291929
production-topology3-3-1456799125,0.9865245584810801,0.7822793615692519,2340,4160,1456799291930
production-topology2-2-1456799118,1.1094449890578002,0.7478712159389695,1840,1260,1456799291930
Running observer at: 1456799302446
production-topology4-4-1456799133,1.0406155596080164,0.8100672592721699,2160,4280,1456799303019
production-topology1-1-1456799111,1.0625470763492895,0.779128327459037,1880,1260,1456799303019
production-topology3-3-1456799125,1.0712089219958787,0.7983310038151756,2340,4280,1456799303019
production-topology2-2-1456799118,0.9603770333609042,0.7584965068100663,2500,1540,1456799303019
Running observer at: 1456799313511
production-topology4-4-1456799133,0.9959561682573348,0.8203944208824568,2500,4280,1456799314025
production-topology1-1-1456799111,0.8901801121656601,0.7839566659245424,2380,1420,1456799314025
production-topology3-3-1456799125,0.9711393940868929,0.8074261822505292,2020,3400,1456799314025
production-topology2-2-1456799118,1.0128302346632354,0.7706076367078362,2220,1420,1456799314025
Running observer at: 1456799324658
production-topology4-4-1456799133,1.0045205258350103,0.8300852685115386,1940,3460,1456799325333
production-topology1-1-1456799111,1.1059588299024918,0.7973734227569569,2340,1540,1456799325333
production-topology3-3-1456799125,0.9705014749262537,0.8155799468843155,2260,4180,1456799325333
production-topology2-2-1456799118,0.9122026718800914,0.7770437746702115,1980,1220,1456799325334
Running observer at: 1456799335811
production-topology4-4-1456799133,0.9862147120588831,0.8378917406889059,2180,4060,1456799336451
production-topology1-1-1456799111,0.9559252862808043,0.8037154972979108,1940,1200,1456799336451
production-topology3-3-1456799125,1.0157649777516937,0.8251125674018096,2320,4280,1456799336451
production-topology2-2-1456799118,1.053940971523389,0.7890827832290452,2340,1500,1456799336451
Running observer at: 1456799346952
production-topology4-4-1456799133,0.9933724156617323,0.8452955823542785,2440,4320,1456799347481
production-topology1-1-1456799111,1.0367535987888936,0.8126785012014103,2440,1600,1456799347481
production-topology3-3-1456799125,1.049376957241527,0.835306403303615,2060,3560,1456799347481
production-topology2-2-1456799118,0.9289018878192091,0.7949085792536353,2380,1540,1456799347482
Running observer at: 1456799358084
production-topology4-4-1456799133,1.0395418577111557,0.8541249585068639,1920,3540,1456799358721
production-topology1-1-1456799111,1.0978427463055511,0.823240139908971,2240,1440,1456799358721
production-topology3-3-1456799125,0.9806276360615944,0.8416247177713533,2340,4160,1456799358721
production-topology2-2-1456799118,1.2184017457779313,0.8118483059146072,1820,1180,1456799358722
Running observer at: 1456799369472
production-topology4-4-1456799133,0.9831732219154835,0.8597357525681082,2420,4340,1456799369997
production-topology1-1-1456799111,0.8720708812260535,0.8249840949560098,2420,1520,1456799369997
production-topology3-3-1456799125,0.9950929846177672,0.8480192288899538,2360,4300,1456799369998
production-topology2-2-1456799118,1.0488986756930374,0.8209656278291623,2360,1500,1456799369998
Running observer at: 1456799380497
production-topology4-4-1456799133,1.0481186432951937,0.8675850396817367,2300,4160,1456799380970
production-topology1-1-1456799111,1.2010427774153802,0.8379516357304708,1960,1180,1456799380970
production-topology3-3-1456799125,0.9175196664874771,0.8507992463938546,1920,3420,1456799380971
production-topology2-2-1456799118,0.8808245995810156,0.8231826267829346,2380,1540,1456799380971
Running observer at: 1456799391540
production-topology4-4-1456799133,1.011048789599205,0.8733235896784355,1900,3380,1456799392212
production-topology1-1-1456799111,1.0032250433653123,0.8434607493182988,2260,1480,1456799392213
production-topology3-3-1456799125,1.129525974553173,0.861519505169213,2260,4180,1456799392213
production-topology2-2-1456799118,0.9602104791759964,0.8280764786541154,1980,1220,1456799392213
Running observer at: 1456799402771
production-topology4-4-1456799133,1.0257983174883443,0.879188002286509,2300,4360,1456799403288
production-topology1-1-1456799111,0.9610876699484296,0.8754970049832466,2100,1260,1456799403288
production-topology3-3-1456799125,0.960467255655757,0.8651842366687147,2440,4280,1456799403288
production-topology2-2-1456799118,0.9642376819780728,0.832771692561838,2380,1540,1456799403289
Running observer at: 1456799413784
production-topology4-4-1456799133,0.9981314210510535,0.8835933140926031,2400,4100,1456799414301
production-topology1-1-1456799111,0.9765314975035705,0.9080480549000323,2240,1460,1456799414301
production-topology3-3-1456799125,0.9767619539408731,0.8691691551427203,1940,3500,1456799414301
production-topology2-2-1456799118,1.0429717404367762,0.839778360824336,2240,1440,1456799414302
Running observer at: 1456799425000
production-topology4-4-1456799133,0.858499323018715,0.8826971001256786,1900,3360,1456799425702
production-topology1-1-1456799111,0.995605723443955,0.9412349123481641,2320,1480,1456799425702
production-topology3-3-1456799125,0.9613152780074272,0.8723466076552964,2280,4120,1456799425703
production-topology2-2-1456799118,0.9771605255324405,0.872350378342084,1920,1280,1456799425703
Running observer at: 1456799436212
production-topology4-4-1456799133,1.0068301502997095,0.8869775501316797,2460,4380,1456799436657
production-topology1-1-1456799111,1.0059697971464856,0.9747672389197136,2380,1480,1456799436658
production-topology3-3-1456799125,1.0048174557158478,0.8767623025906481,2420,4280,1456799436658
production-topology2-2-1456799118,1.057349415642793,0.9075953588635104,2560,1480,1456799436658
Running observer at: 1456799447149
production-topology4-4-1456799133,1.1667206573456572,0.8963023203721455,2200,4180,1456799447628
production-topology1-1-1456799111,1.0165815618197165,1.0083044334886562,1920,1300,1456799447628
production-topology3-3-1456799125,1.0013903816749163,0.910141981979812,1920,3540,1456799447628
production-topology2-2-1456799118,1.1458314288667468,0.9457897398257352,2120,1540,1456799447628
Running observer at: 1456799458215
production-topology4-4-1456799133,0.9467997615885955,0.9278623124250988,1900,3360,1456799458910
production-topology1-1-1456799111,1.0747415255158619,1.0137474312018364,2240,1440,1456799458911
production-topology3-3-1456799125,1.0247557459905794,0.9443005068461646,2240,4120,1456799458911
production-topology2-2-1456799118,0.9205794205794205,0.976475720511716,2000,1200,1456799458911
Running observer at: 1456799469476
production-topology4-4-1456799133,0.98169492280583,0.9605854765186265,2480,4320,1456799469974
production-topology1-1-1456799111,1.0073332805786601,1.0139918738877918,2460,1500,1456799469974
production-topology3-3-1456799125,1.0201104983446054,0.978304190124318,2400,4380,1456799469974
production-topology2-2-1456799118,0.9746835443037974,1.0089651719885093,2380,1540,1456799469974
Running observer at: 1456799480451
production-topology4-4-1456799133,1.0082542316201062,0.9941939509059633,2240,4120,1456799480955
production-topology1-1-1456799111,0.9624744793793384,1.0081055277589879,1920,1280,1456799480955
production-topology3-3-1456799125,1.0218887720598022,1.0099633030391322,1940,3460,1456799480955
production-topology2-2-1456799118,1.0055705315442587,1.0091630032687322,2280,1480,1456799480956
Running observer at: 1456799491449
production-topology4-4-1456799133,1.1134637711510105,1.0087540119894174,1940,3560,1456799492121
production-topology1-1-1456799111,0.9806672400727433,1.0046576432609837,2360,1460,1456799492121
production-topology3-3-1456799125,0.987533916804933,1.0030009768611132,2260,4080,1456799492122
production-topology2-2-1456799118,1.0689489459914667,1.0086204797512361,1980,1200,1456799492122
Running observer at: 1456799502630
production-topology4-4-1456799133,0.9178542092106352,1.0012857036655616,2240,4120,1456799503201
production-topology1-1-1456799111,0.8997520354423374,1.0039070082148642,1820,1200,1456799503201
production-topology3-3-1456799125,1.0064268859856262,1.001764358120587,2240,4100,1456799503202
production-topology2-2-1456799118,0.8788545640478412,1.0070683762713222,2400,1560,1456799503202
Running observer at: 1456799513683
production-topology4-4-1456799133,1.0730041103794843,1.0046623738291232,2420,4340,1456799514189
production-topology1-1-1456799111,1.1018323431808947,1.007031743248356,2480,1660,1456799514189
production-topology3-3-1456799125,0.9464443328209657,0.9991451628142948,2180,3640,1456799514189
production-topology2-2-1456799118,1.1284532805323206,1.0024206397725972,2260,1500,1456799514189
Running observer at: 1456799524664
production-topology4-4-1456799133,1.0081630934403578,1.0057925440565778,1940,3480,1456799525248
production-topology1-1-1456799111,0.9282268821341544,1.0031533613448864,2260,1420,1456799525248
production-topology3-3-1456799125,1.087095119438875,1.0015555719532219,2200,4140,1456799525248
production-topology2-2-1456799118,0.9227446327659548,1.0067358802394522,2000,1280,1456799525248
Running observer at: 1456799535916
production-topology4-4-1456799133,1.0001345600306908,1.0022757859087084,2180,4040,1456799536501
production-topology1-1-1456799111,0.9904615180066212,1.0071200665610907,1940,1220,1456799536501
production-topology3-3-1456799125,0.9706990383650275,1.002174435979511,2080,3640,1456799536502
production-topology2-2-1456799118,0.9800208552089728,1.0055527156558943,2320,1480,1456799536502
Running observer at: 1456799547071
production-topology4-4-1456799133,0.9764094902073732,1.0033261482249256,2520,4420,1456799547508
production-topology1-1-1456799111,1.0057750944920925,1.0024632979069152,2460,1560,1456799547509
production-topology3-3-1456799125,0.9604765194090684,0.9993738136842067,2240,4160,1456799547509
production-topology2-2-1456799118,1.0594545109279756,1.001942470046394,2260,1500,1456799547509
Running observer at: 1456799557994
production-topology4-4-1456799133,0.9815289204095892,1.0028140765527074,1920,3440,1456799558501
production-topology1-1-1456799111,0.9964412989318421,1.0020304906217044,2240,1480,1456799558501
production-topology3-3-1456799125,1.0599536884150074,1.0018857512192778,2260,4080,1456799558501
production-topology2-2-1456799118,0.998494853112442,1.0050865109770137,2020,1160,1456799558502
Running observer at: 1456799568964
production-topology4-4-1456799133,1.024779738080143,1.0060228630453978,2320,4180,1456799569637
production-topology1-1-1456799111,1.1269958241218372,1.0100257328032956,1920,1240,1456799569637
production-topology3-3-1456799125,0.8999678103916362,0.9959456570375476,1980,3540,1456799569637
production-topology2-2-1456799118,0.9284321749349455,1.0032217801728407,2240,1460,1456799569637
Running observer at: 1456799580126
production-topology4-4-1456799133,0.87019987953965,0.9982139879693643,1940,3380,1456799580748
production-topology1-1-1456799111,0.9184083921143064,1.0048956110426235,2300,1480,1456799580748
production-topology3-3-1456799125,1.131007716121534,1.0020908268179627,2280,4060,1456799580748
production-topology2-2-1456799118,1.0428548127578097,1.0043252034306593,2000,1220,1456799580748
Running observer at: 1456799591159
production-topology4-4-1456799133,1.066397357841208,1.0049742387510137,2440,4340,1456799591621
production-topology1-1-1456799111,1.0753205128205126,1.0089819840017265,2440,1540,1456799591621
production-topology3-3-1456799125,0.9786395607423297,1.0045666746646649,2440,4380,1456799591621
production-topology2-2-1456799118,0.9619793122728545,1.000684327153361,2440,1480,1456799591621
Running observer at: 1456799602095
production-topology4-4-1456799133,1.063055524527931,1.0049619338017552,2200,4180,1456799602707
production-topology1-1-1456799111,0.8238587753883567,1.0022534441025912,1900,1260,1456799602707
production-topology3-3-1456799125,1.0452950398914873,1.0038333694266801,1860,3520,1456799602707
production-topology2-2-1456799118,1.0691170968948747,1.0055329290394697,2200,1420,1456799602707
Running observer at: 1456799613232
production-topology4-4-1456799133,0.9829772671912562,1.003553064483423,1960,3500,1456799613895
production-topology1-1-1456799111,1.3011233575935954,1.0102826175863342,2240,1440,1456799613895
production-topology3-3-1456799125,0.9361681027170361,1.0022832539565558,2320,4080,1456799613895
production-topology2-2-1456799118,0.8869427431141893,1.003357178665952,1960,1280,1456799613895
Running observer at: 1456799624365
production-topology4-4-1456799133,0.9422096762169263,1.0038489425795427,2380,4180,1456799624878
production-topology1-1-1456799111,0.9114567802573982,1.0095397313897383,2360,1580,1456799624878
production-topology3-3-1456799125,0.9975497358752621,1.0026507598696952,2480,4320,1456799624878
production-topology2-2-1456799118,1.1823975259891204,1.0057889298969962,2300,1520,1456799624878
Running observer at: 1456799635363
production-topology4-4-1456799133,1.0537905608075646,1.0042881092861944,2280,4180,1456799635926
production-topology1-1-1456799111,0.9272220935888913,1.0050288986310583,1960,1200,1456799635926
production-topology3-3-1456799125,1.0360698403072568,1.001479457146741,1940,3540,1456799635926
production-topology2-2-1456799118,1.1474692591284383,1.0120253374225805,2320,1480,1456799635926
Running observer at: 1456799646552
production-topology4-4-1456799133,0.9722717306009083,1.00349862803098,1980,3440,1456799647219
production-topology1-1-1456799111,1.0591389086454879,1.0106608585137191,2280,1500,1456799647219
production-topology3-3-1456799125,0.9883908325557501,1.0020545050957028,2200,4000,1456799647220
production-topology2-2-1456799118,0.8585924435618729,1.0068840777192019,1840,1260,1456799647220
Running observer at: 1456799657686
production-topology4-4-1456799133,0.9770791336649011,1.002583914958643,2400,4260,1456799658129
production-topology1-1-1456799111,1.1145219048976467,1.010946294346891,2420,1540,1456799658129
production-topology3-3-1456799125,1.0332235987178375,1.0041452425554227,2500,4440,1456799658129
production-topology2-2-1456799118,1.0030900788147346,1.0099136579503567,2500,1460,1456799658129
Running observer at: 1456799668584
production-topology4-4-1456799133,1.1468213592541336,1.0079374698651515,2220,4120,1456799669119
production-topology1-1-1456799111,0.8746662236384934,1.0082376589254805,1820,1180,1456799669120
production-topology3-3-1456799125,0.9776708440039181,1.0028754380971632,1820,3480,1456799669120
production-topology2-2-1456799118,0.9774724970389947,1.007364708800877,2260,1440,1456799669120
Running observer at: 1456799679696
production-topology4-4-1456799133,0.883606696333969,1.004278612554226,1980,3540,1456799680187
production-topology1-1-1456799111,1.0910071436387228,1.010046110420475,2280,1500,1456799680187
production-topology3-3-1456799125,1.006009361380455,1.0014298515684608,2400,4080,1456799680187
production-topology2-2-1456799118,1.0698610370908788,1.0120633471099323,1920,1140,1456799680187
Running observer at: 1456799690893
production-topology4-4-1456799133,1.0231429977956377,1.0037319838903753,2440,4420,1456799691383
production-topology1-1-1456799111,0.922997344985495,1.004217930376473,2480,1580,1456799691383
production-topology3-3-1456799125,0.9873124283847293,1.001652677979232,2240,4100,1456799691383
production-topology2-2-1456799118,1.1426531167321914,1.0095383928084078,2340,1540,1456799691383
Running observer at: 1456799702008
production-topology4-4-1456799133,1.014528277739048,1.0047771524178275,2260,4060,1456799702499
production-topology1-1-1456799111,1.148315854620656,1.013426096156293,1880,1140,1456799702499
production-topology3-3-1456799125,1.0507050705070506,1.0035064141755417,1980,3740,1456799702499
production-topology2-2-1456799118,0.8437049571416685,1.0026986021900288,2360,1460,1456799702499
Running observer at: 1456799713163
production-topology4-4-1456799133,0.9370810633930562,1.0010758997544231,1960,3420,1456799713657
production-topology1-1-1456799111,0.9692555035339261,1.005699853693578,2340,1580,1456799713657
production-topology3-3-1456799125,1.0137853381310962,1.0067152698969957,2340,4180,1456799713657
production-topology2-2-1456799118,1.0864036720894705,1.0095512379403107,1880,1260,1456799713657
Running observer at: 1456799724335
production-topology4-4-1456799133,1.0265463469789697,1.0015924850004152,2380,4340,1456799724803
production-topology1-1-1456799111,0.9307565613688382,1.0032842376270288,2360,1520,1456799724803
production-topology3-3-1456799125,0.9402140365545855,1.0004048719637093,2400,4200,1456799724804
production-topology2-2-1456799118,1.0317103203557718,1.0119345659796366,2500,1540,1456799724804
Running observer at: 1456799735406
production-topology4-4-1456799133,1.0075046917090895,1.00098269747444,2260,4080,1456799735918
production-topology1-1-1456799111,1.0126600714625764,1.0050033176775004,1960,1180,1456799735918
production-topology3-3-1456799125,0.9801040710131619,1.0010594324756228,1900,3540,1456799735919
production-topology2-2-1456799118,0.8802138387704269,1.0091337712060482,2240,1440,1456799735919
Running observer at: 1456799746568
production-topology4-4-1456799133,0.9979826716668823,1.0009777391616346,1980,3580,1456799747056
production-topology1-1-1456799111,1.1093918178317155,1.0094319950217718,2220,1460,1456799747056
production-topology3-3-1456799125,0.9796836916645383,1.0011568237330783,2400,4080,1456799747057
production-topology2-2-1456799118,1.0645206545744181,1.0098520683439698,1920,1200,1456799747057
Running observer at: 1456799757727
production-topology4-4-1456799133,0.9426841147923328,1.0037838988874215,2480,4320,1456799758223
production-topology1-1-1456799111,0.9743884194293293,1.0087247515546176,2440,1520,1456799758223
production-topology3-3-1456799125,1.0549467795277854,1.004277873783757,2340,4360,1456799758223
production-topology2-2-1456799118,0.933665506485613,1.0084022343757422,2440,1520,1456799758223
Running observer at: 1456799768825
production-topology4-4-1456799133,1.0638855927152795,1.0056857469679408,1920,3600,1456799769296
production-topology1-1-1456799111,0.990819360509372,1.0082197370000474,2000,1280,1456799769296
production-topology3-3-1456799125,0.9517100154003086,1.0025076257732388,1860,3220,1456799769296
production-topology2-2-1456799118,1.246554509200526,1.0147090708276665,2020,1340,1456799769296
Running observer at: 1456799779967
production-topology4-4-1456799133,1.020671480935679,1.000817441087608,2200,4060,1456799780479
production-topology1-1-1456799111,0.9201347404752422,1.0050048429552314,2300,1420,1456799780480
production-topology3-3-1456799125,0.9857191144160892,1.0019852501979445,2400,4360,1456799780480
production-topology2-2-1456799118,0.8882185406878378,1.0061219745550363,2220,1320,1456799780480
Running observer at: 1456799791168
production-topology4-4-1456799133,0.9629592034539887,1.0013560891497877,2500,4280,1456799791656
production-topology1-1-1456799111,0.9457656754600787,1.000705647953372,2380,1540,1456799791656
production-topology3-3-1456799125,1.0889271503540883,1.0041242970100617,2440,4360,1456799791656
production-topology2-2-1456799118,0.9344192356640597,1.0065833017245243,2400,1560,1456799791656
Running observer at: 1456799802244
production-topology4-4-1456799133,0.9894549467021987,1.001614756613,1920,3440,1456799802780
production-topology1-1-1456799111,1.2188456876090477,1.0077560615210515,1900,1280,1456799802780
production-topology3-3-1456799125,0.9343946133188641,1.001267100842537,1940,3500,1456799802780
production-topology2-2-1456799118,1.0582705976363713,1.0093695368356101,1980,1260,1456799802780
Running observer at: 1456799813374
production-topology4-4-1456799133,1.0788905167347336,1.0039692994501543,2220,4140,1456799813856
production-topology1-1-1456799111,0.966992822901797,1.0079066729718003,2320,1380,1456799813856
production-topology3-3-1456799125,1.005893335672733,1.0007339196296345,2260,4160,1456799813856
production-topology2-2-1456799118,1.0376387752301564,1.0104384782918066,2260,1480,1456799813856
Running observer at: 1456799824431
production-topology4-4-1456799133,1.0126095674083537,1.0006074926587327,2400,4400,1456799824912
production-topology1-1-1456799111,0.9443001688890755,1.006694437265678,2420,1520,1456799824913
production-topology3-3-1456799125,1.0324990190942258,1.002232756372611,2420,4360,1456799824913
production-topology2-2-1456799118,0.9821222747529144,1.007544255917188,2460,1580,1456799824913
Running observer at: 1456799835377
production-topology4-4-1456799133,0.9762165255342868,1.0025529032028542,1820,3240,1456799836123
production-topology1-1-1456799111,1.1910783506193638,1.0164053144382454,1800,1180,1456799836123
production-topology3-3-1456799125,0.9769513741669054,1.0012502393119869,1740,3280,1456799836123
production-topology2-2-1456799118,1.0347322500289478,1.012740178783225,1760,1180,1456799836124
Running observer at: 1456799846765
production-topology4-4-1456799133,1.0316830903089302,1.001175535867169,2400,4280,1456799847259
production-topology1-1-1456799111,0.9075668908113692,1.0099297993592613,2340,1560,1456799847259
production-topology3-3-1456799125,0.9887474183121728,1.0026603421616938,2420,4260,1456799847259
production-topology2-2-1456799118,0.9073442152427854,1.0053698766069072,2360,1500,1456799847260
Running observer at: 1456799857826
production-topology4-4-1456799133,0.9238702590131223,0.9983657747195945,2440,4360,1456799858318
production-topology1-1-1456799111,0.9400301272249183,1.0103232408622869,2600,1540,1456799858318
production-topology3-3-1456799125,1.040852373923626,1.0011189173111856,2400,4380,1456799858318
production-topology2-2-1456799118,1.126917222807634,1.0121756296082967,2340,1540,1456799858318
Running observer at: 1456799868774
production-topology4-4-1456799133,1.0792862818652444,1.001004165447413,1820,3380,1456799869415
production-topology1-1-1456799111,1.1160773270014082,1.0145104344954465,1640,1140,1456799869415
production-topology3-3-1456799125,1.0692200873607551,1.0044029522777098,1820,3280,1456799869415
production-topology2-2-1456799118,0.7924930639554245,1.0059247032331784,1980,1100,1456799869415
Running observer at: 1456799879987
production-topology4-4-1456799133,0.9907271719411408,1.0014814215052052,2380,4240,1456799880477
production-topology1-1-1456799111,0.9274848711513504,1.0119007603840884,2440,1500,1456799880477
production-topology3-3-1456799125,0.9185339828143204,1.0030048677245516,2480,4240,1456799880477
production-topology2-2-1456799118,1.1388043367636458,1.0085696974277008,2360,1640,1456799880478
Running observer at: 1456799891007
production-topology4-4-1456799133,1.0071055009338858,1.0023339741893484,2340,4120,1456799891575
production-topology1-1-1456799111,1.145566031193012,1.016871584792794,1900,1280,1456799891576
production-topology3-3-1456799125,0.9879927833282633,1.0006061708883267,2020,3800,1456799891576
production-topology2-2-1456799118,1.0527990269145315,1.0103798365544372,2380,1500,1456799891576
Running observer at: 1456799902049
production-topology4-4-1456799133,1.0175010790086554,1.0020913522202988,1880,3480,1456799902711
production-topology1-1-1456799111,1.0345987783352264,1.0137916832665739,2280,1460,1456799902712
production-topology3-3-1456799125,1.0086446353113019,1.0042287317189824,2220,3860,1456799902712
production-topology2-2-1456799118,0.8757127865056366,1.0086225236067934,1840,1100,1456799902712
Running observer at: 1456799913247
production-topology4-4-1456799133,0.9484856406233384,1.0047008775897552,2420,4360,1456799913739
production-topology1-1-1456799111,0.8911900458070953,1.0128844050563335,2480,1560,1456799913740
production-topology3-3-1456799125,1.0009891487355298,0.9998947794727823,2360,4400,1456799913740
production-topology2-2-1456799118,0.9416052752951147,1.0052475390247035,2420,1640,1456799913740
/var/nimbus/storm/bin/storm rebalance production-topology3 -e spout_head=11
1456799914038
/var/nimbus/storm/bin/storm rebalance production-topology2 -e spout_head=9
Running observer at: 1456799924219
production-topology4-4-1456799133,1.0242889769282504,1.0032972648926566,2340,4220,1456799924796
production-topology1-1-1456799111,1.1238049842751863,1.0145005541048226,1900,1220,1456799924796
production-topology2-2-1456799118,0.9998528253364736,0.9998528253364736,156000,99560,1456799924796
production-topology3-3-1456799125,0.999532991602754,0.999532991602754,154880,278600,1456799924796
Running observer at: 1456799935261
production-topology4-4-1456799133,0.9420610418903143,0.9992641154714028,1860,3380,1456799935782
production-topology1-1-1456799111,1.0149688128863874,1.0208708886880902,2260,1460,1456799935782
production-topology2-2-1456799118,1.0,0.9999264126682368,0,0,1456799935782
production-topology3-3-1456799125,1.6709498614260518,1.3352414265144028,120,320,1456799935782
Running observer at: 1456799946486
production-topology4-4-1456799133,1.052798464821314,1.001591488725738,2440,4380,1456799946990
production-topology1-1-1456799111,1.1375825039103875,1.01541952689865,2340,1560,1456799946990
production-topology2-2-1456799118,1.0,0.9999509417788245,0,0,1456799946990
production-topology3-3-1456799125,2.0,1.5568276176762685,0,0,1456799946990
Running observer at: 1456799952303
production-topology4-4-1456799133,1.1241576491932874,1.0076564211582835,1220,2200,1456799952793
production-topology1-1-1456799111,0.7514943932981368,1.0100874473333414,1300,740,1456799952794
production-topology2-2-1456799118,1.0,0.9999632063341184,0,0,1456799952794
production-topology3-3-1456799125,2.0,1.6676207132572014,0,0,1456799952794
Running observer at: 1456799953299
production-topology4-4-1456799133,2.0,1.0391967357980314,0,0,1456799953890
production-topology1-1-1456799111,1.0,1.012513377547045,0,0,1456799953890
production-topology2-2-1456799118,1.0,0.9999705650672948,0,0,1456799953890
production-topology3-3-1456799125,0.0,1.334096570605761,139580,0,1456799953890
Running observer at: 1456799957498
production-topology4-4-1456799133,0.9100130794107077,1.0371214474250245,1100,1960,1456799958073
production-topology1-1-1456799111,0.8929123631640793,1.0069724926976646,720,440,1456799958073
production-topology2-2-1456799118,0.992734616553918,0.9987645736483985,0,39820,1456799958073
production-topology3-3-1456799125,0.9984713192029486,1.2781590287052924,93220,167340,1456799958073
Running observer at: 1456799968517
production-topology4-4-1456799133,0.9584793388429751,1.0365014542642936,2000,3500,1456799968994
production-topology1-1-1456799111,0.9805628809193887,1.0025071918983894,2300,1480,1456799968995
production-topology2-2-1456799118,0.992734616553918,0.9979031512063299,0,39820,1456799968995
production-topology3-3-1456799125,0.8328819158067475,1.2145480125769288,1860,2840,1456799968995
Running observer at: 1456799979566
production-topology4-4-1456799133,0.9949005956247732,1.0314374288099817,2380,4260,1456799980064
production-topology1-1-1456799111,1.0757194932726846,1.0092089675528626,2420,1580,1456799980064
production-topology2-2-1456799118,0.8025299355096847,0.9734814992442492,1220,620,1456799980065
production-topology3-3-1456799125,1.036860106910527,1.1923370243686287,2600,4660,1456799980065
Running observer at: 1456799990546
production-topology4-4-1456799133,1.0148392018936905,1.0358118456619723,1780,3340,1456799991111
production-topology1-1-1456799111,1.06272858183453,1.008266348826056,1880,1160,1456799991111
production-topology2-2-1456799118,1.1030868070968771,0.9878820890056522,1980,1440,1456799991111
production-topology3-3-1456799125,0.9666597534781565,1.167261772047465,2080,3560,1456799991111
Running observer at: 1456800001708
production-topology4-4-1456799133,0.9607960336878179,1.033733613525045,2400,4320,1456800002215
production-topology1-1-1456799111,0.9932514684952641,1.0106081529430484,2240,1520,1456800002215
production-topology2-2-1456799118,1.016660182875276,0.9907598983926146,1880,1220,1456800002215
production-topology3-3-1456799125,1.0688869887657573,1.1574242937192942,2580,4800,1456800002215
Running observer at: 1456800012743
production-topology4-4-1456799133,1.0155960247799687,1.0337692050930756,2400,4300,1456800013243
production-topology1-1-1456799111,1.0038665459247944,1.0057931759865195,2500,1580,1456800013243
production-topology2-2-1456799118,1.106820200572119,1.0013108349543878,1980,1280,1456800013243
production-topology3-3-1456799125,0.9193231486340692,1.135778735075183,2640,4820,1456800013243
Running observer at: 1456800023696
production-topology4-4-1456799133,1.0703383739053325,1.038211115443485,1880,3260,1456800024356
production-topology1-1-1456799111,0.933362846783034,1.004596754094823,1800,1100,1456800024356
production-topology2-2-1456799118,0.885595853919568,0.9916679198681528,1960,1180,1456800024357
production-topology3-3-1456799125,1.082343833293372,1.1313258265933652,1980,3540,1456800024357
Running observer at: 1456800034963
production-topology4-4-1456799133,0.9369433921021771,1.0352243502809249,2440,4460,1456800035458
production-topology1-1-1456799111,1.0352583897189047,1.0080801483731585,2440,1540,1456800035458
production-topology2-2-1456799118,0.838737026169549,0.9799040049682601,2080,1340,1456800035458
production-topology3-3-1456799125,0.9955356278119689,1.120880426687104,2720,4720,1456800035458
Running observer at: 1456800046006
production-topology4-4-1456799133,1.0429473887755747,1.0364057735164742,2140,4040,1456800046463
production-topology1-1-1456799111,0.9691911691746598,1.0066311849635612,2380,1500,1456800046463
production-topology2-2-1456799118,1.0474273660081315,0.9847271021853938,1980,1280,1456800046463
production-topology3-3-1456799125,0.9488168458053838,1.1085901709098382,2720,4880,1456800046464
Running observer at: 1456800056991
production-topology4-4-1456799133,0.9632674469787913,1.0352485993602045,2040,3500,1456800057504
production-topology1-1-1456799111,0.9179462656961196,1.0002496665590415,1820,1200,1456800057505
production-topology2-2-1456799118,1.1066376366629602,0.9928544711505649,1820,1200,1456800057505
production-topology3-3-1456799125,1.0876150088978078,1.107191826775703,2000,3640,1456800057505
Running observer at: 1456800068226
production-topology4-4-1456799133,1.0338192381895297,1.038286436806778,2440,4340,1456800068792
production-topology1-1-1456799111,1.0450922897668138,1.0026064622369577,2380,1640,1456800068792
production-topology2-2-1456799118,0.8757057088211772,0.9855326735049782,2220,1360,1456800068793
production-topology3-3-1456799125,0.9593109758523293,1.097949273592992,2660,4760,1456800068793
Running observer at: 1456800079343
production-topology4-4-1456799133,0.9431826088487624,1.0342630040112273,2340,4100,1456800079868
production-topology1-1-1456799111,1.002532348862624,1.002996895182066,2180,1420,1456800079868
production-topology2-2-1456799118,1.17737981053148,0.9968177992124194,1880,1360,1456800079868
production-topology3-3-1456799125,0.9973349741313023,1.0920307853893634,2420,4280,1456800079869
Running observer at: 1456800090327
production-topology4-4-1456799133,1.10702061883592,1.0371413086079018,1880,3520,1456800090874
production-topology1-1-1456799111,1.0788205314888972,1.0082864215491878,2000,1360,1456800090875
production-topology2-2-1456799118,1.0363077472969353,0.9990116852171147,1900,1220,1456800090875
production-topology3-3-1456799125,0.9582835414633499,1.0846003829490292,2220,4120,1456800090875
Running observer at: 1456800101357
production-topology4-4-1456799133,0.98711782504629,1.0379465959943122,2440,4300,1456800101890
production-topology1-1-1456799111,0.879812890137151,1.006087995371757,2460,1520,1456800101890
production-topology2-2-1456799118,0.9639842573653723,0.9971681363828124,2040,1260,1456800101890
production-topology3-3-1456799125,1.041080201484511,1.0823098470824757,2660,4760,1456800101890
Running observer at: 1456800112353
production-topology4-4-1456799133,1.0208924465902283,1.0389945126572464,1780,3360,1456800113121
production-topology1-1-1456799111,0.8925780972989622,0.9952124090280873,1860,1140,1456800113121
production-topology2-2-1456799118,0.9528957128591036,0.9949545152066269,1940,1220,1456800113121
production-topology3-3-1456799125,1.0168045521930555,1.0790345823380045,1980,3680,1456800113122
/var/nimbus/storm/bin/storm rebalance production-topology1 -e spout_head=11
1456800113406
/var/nimbus/storm/bin/storm rebalance production-topology4 -e bolt_output_1=9
Running observer at: 1456800123567
production-topology4-4-1456799133,0.9996492693668938,0.9996492693668938,192420,346260,1456800124025
production-topology1-1-1456799111,0.9998680358137002,0.9998680358137002,198000,126920,1456800124025
production-topology2-2-1456799118,1.064250177301154,0.9982543086396997,1900,1260,1456800124025
production-topology3-3-1456799125,0.9768230305331767,1.0741673655853936,2680,4640,1456800124025
Running observer at: 1456800134550
production-topology4-4-1456799133,2.1408279220779214,1.5702385957224076,240,500,1456800135039
production-topology1-1-1456799111,2.571428571428571,1.7856483036211357,100,100,1456800135039
production-topology2-2-1456799118,0.875536926330577,0.9926762458074669,2200,1240,1456800135039
production-topology3-3-1456799125,1.0222962622549019,1.0718095881612804,2560,4800,1456800135039
Running observer at: 1456800145662
production-topology4-4-1456799133,2.0,1.7134923971482718,0,0,1456800146423
production-topology1-1-1456799111,1.0,1.5237655357474236,0,0,1456800146423
production-topology2-2-1456799118,1.0687701907425184,0.9959846781959475,1920,1260,1456800146423
production-topology3-3-1456799125,1.0262804878048781,1.0698300620588281,2040,3640,1456800146423
Running observer at: 1456800152245
production-topology4-4-1456799133,2.0,1.7851192978612038,0,0,1456800152820
production-topology1-1-1456799111,1.0,1.3928241518105677,0,0,1456800152820
production-topology2-2-1456799118,1.1432610388852862,1.0021211932246699,1040,680,1456800152820
production-topology3-3-1456799125,1.00871921182266,1.067283776632321,1480,2620,1456800152820
Running observer at: 1456800153364
production-topology4-4-1456799133,2.0,1.8280954382889631,0,0,1456800153858
production-topology1-1-1456799111,0.0,1.1142593214484542,178260,0,1456800153859
production-topology2-2-1456799118,2.8295068027210886,1.0752166176045266,240,220,1456800153859
production-topology3-3-1456799125,0.9591649084316543,1.0629590219042944,540,960,1456800153859
Running observer at: 1456800156942
production-topology4-4-1456799133,0.0,1.5234128652408028,0,0,1456800157368
production-topology1-1-1456799111,0.9941499042827381,1.0942410852541682,119260,76220,1456800157369
production-topology2-2-1456799118,0.4091680859357627,1.0495993663864973,660,340,1456800157369
production-topology3-3-1456799125,1.1514440196899876,1.066362291049898,640,1160,1456800157369
Running observer at: 1456800167856
production-topology4-4-1456799133,0.0,1.305782455920688,0,0,1456800168325
production-topology1-1-1456799111,0.690716033030621,1.0365946492222329,1980,1000,1456800168325
production-topology2-2-1456799118,1.064610022347499,1.050155316607275,1940,1260,1456800168325
production-topology3-3-1456799125,0.9925680312993928,1.0636291703183978,2660,4740,1456800168326
Running observer at: 1456800178817
production-topology4-4-1456799133,0.8835557945344128,1.2530041232474036,1520,2360,1456800179404
production-topology1-1-1456799111,0.9974857212126985,1.031706033221041,2340,1480,1456800179405
production-topology2-2-1456799118,1.078681394538013,1.0511741051048014,1920,1240,1456800179405
production-topology3-3-1456799125,0.9469160517861266,1.0594608446565308,1960,3660,1456800179405
Running observer at: 1456800189940
production-topology4-4-1456799133,1.1587315853376179,1.242529396812983,2020,4040,1456800190497
production-topology1-1-1456799111,1.1011351909184723,1.039420384076311,2340,1540,1456800190497
production-topology2-2-1456799118,1.0036764705882355,1.049536255638713,2000,1260,1456800190497
production-topology3-3-1456799125,0.9755659622842117,1.056567917678175,2700,4740,1456800190497
Running observer at: 1456800201069
production-topology4-4-1456799133,0.9373929899828783,1.2120157561299725,2440,4360,1456800201552
production-topology1-1-1456799111,0.9764915404903663,1.0331274997177167,2680,1680,1456800201552
production-topology2-2-1456799118,0.9414502393550014,1.0459333884292559,2100,1240,1456800201553
production-topology3-3-1456799125,1.0716832209414646,1.0570717611202847,2540,4640,1456800201553
Running observer at: 1456800212065
production-topology4-4-1456799133,0.996536966149444,1.1924267752226518,2040,3800,1456800212644
production-topology1-1-1456799111,0.9218875481595186,1.0230147768487896,2260,1480,1456800212644
production-topology2-2-1456799118,1.0816822120913965,1.04866103465442,1720,1200,1456800212645
production-topology3-3-1456799125,1.0057774982747953,1.057279911342686,2080,3800,1456800212645
Running observer at: 1456800223332
production-topology4-4-1456799133,1.075990968285096,1.1827237913111888,2200,3880,1456800223887
production-topology1-1-1456799111,0.9544661329462804,1.0173023898569138,2340,1540,1456800223887
production-topology2-2-1456799118,1.0001709667037648,1.0486667335445459,2160,1420,1456800223888
production-topology3-3-1456799125,1.0322848882556426,1.0359910789036724,2640,4900,1456800223888
Running observer at: 1456800234543
production-topology4-4-1456799133,0.9915685779332617,1.1680195441282712,2400,4240,1456800235021
production-topology1-1-1456799111,1.0667287213049217,1.0211044153529143,2680,1680,1456800235021
production-topology2-2-1456799118,1.0305889079473989,1.0496863638094591,2120,1300,1456800235022
production-topology3-3-1456799125,0.9518069737538764,1.0010513113621349,2600,4700,1456800235022
Running observer at: 1456800245544
production-topology4-4-1456799133,0.947432903181724,1.152263355489232,2120,3920,1456800246077
production-topology1-1-1456799111,1.064895118899191,1.024232322749077,2260,1460,1456800246077
production-topology2-2-1456799118,0.9522302968846826,1.0480940403722818,1940,1260,1456800246077
production-topology3-3-1456799125,0.9553706983805668,0.9662303346414873,2080,3600,1456800246077
Running observer at: 1456800256664
production-topology4-4-1456799133,1.0286865734192467,1.144024903351233,2100,3680,1456800257158
production-topology1-1-1456799111,0.9444991086867521,1.018916775144922,2380,1480,1456800257158
production-topology2-2-1456799118,1.0314009661835752,1.0491407392450676,1840,1240,1456800257159
production-topology3-3-1456799125,1.075631125841567,1.002084705502873,2560,4760,1456800257159
Running observer at: 1456800267835
production-topology4-4-1456799133,1.0318943837719297,1.1370167458775267,2400,4380,1456800268324
production-topology1-1-1456799111,0.9728156023078318,1.0160354518426038,2620,1700,1456800268324
production-topology2-2-1456799118,0.9025427332816853,1.046134343135993,2060,1260,1456800268324
production-topology3-3-1456799125,1.0364718427725452,1.0033513896218595,2420,4340,1456800268324
Running observer at: 1456800278809
production-topology4-4-1456799133,0.940866431960165,1.1254784921176817,1980,3480,1456800279313
production-topology1-1-1456799111,0.9947658117413176,1.014784296542528,2320,1460,1456800279313
production-topology2-2-1456799118,1.2214996893746506,1.0537598455633508,1740,1140,1456800279314
production-topology3-3-1456799125,0.9228106061558579,1.0063490126334964,2280,4020,1456800279314
Running observer at: 1456800289908
production-topology4-4-1456799133,0.9731039155504062,1.1170132378639444,2300,4080,1456800290486
production-topology1-1-1456799111,0.9555701078582433,1.0114946193934011,2360,1520,1456800290486
production-topology2-2-1456799118,1.0798312516119526,1.0630032227667594,2180,1440,1456800290486
production-topology3-3-1456799125,1.0412527157454843,1.006495432927995,2620,4760,1456800290486
Running observer at: 1456800301045
production-topology4-4-1456799133,1.0307814500484052,1.112474722715758,2080,3880,1456800301601
production-topology1-1-1456799111,1.1090880587176886,1.0166311161999426,2640,1680,1456800301601
production-topology2-2-1456799118,0.7910206289260432,1.0526010168277318,1840,1100,1456800301601
production-topology3-3-1456799125,1.1499671769104658,1.0126056803757386,2080,3880,1456800301601
Running observer at: 1456800312059
production-topology4-4-1456799133,1.0248673179557772,1.108094352477759,2140,3900,1456800312611
production-topology1-1-1456799111,1.1002344416027279,1.0208112824700817,2240,1480,1456800312611
production-topology2-2-1456799118,1.0924738332189425,1.0551281385058542,1920,1260,1456800312612
production-topology3-3-1456799125,0.8961595973302894,1.006848100661223,2540,4500,1456800312612
Running observer at: 1456800323161
production-topology4-4-1456799133,1.0339519306897977,1.1045637609640466,2300,4220,1456800323643
production-topology1-1-1456799111,0.8496597469046091,1.0126612093479164,2420,1480,1456800323643
production-topology2-2-1456799118,1.027714232196375,1.0524912728933293,2240,1380,1456800323643
production-topology3-3-1456799125,0.9736001652668319,1.0086573345489818,2600,4720,1456800323643
Running observer at: 1456800334155
production-topology4-4-1456799133,0.941601505248564,1.097156385704252,2200,3780,1456800334774
production-topology1-1-1456799111,1.053740779768177,1.0145284625488373,2400,1500,1456800334774
production-topology2-2-1456799118,1.0566196498872453,1.058192066092252,1840,1160,1456800334774
production-topology3-3-1456799125,1.0276553062268252,1.0068343836467635,2000,3660,1456800334774
Running observer at: 1456800345281
production-topology4-4-1456799133,0.9191289868118024,1.089416064013276,2180,3980,1456800345819
production-topology1-1-1456799111,1.0536920763400814,1.016231228365848,2360,1560,1456800345820
production-topology2-2-1456799118,0.8838874559822869,1.059697080419343,1860,1300,1456800345820
production-topology3-3-1456799125,1.001281132608082,1.0070259004733009,2720,4700,1456800345820
Running observer at: 1456800356358
production-topology4-4-1456799133,1.0518016479597145,1.0878487966777108,2140,4060,1456800356798
production-topology1-1-1456799111,1.0696854385494374,1.0184584871234976,2420,1580,1456800356798
production-topology2-2-1456799118,1.0669405593332677,1.0603475201968475,2160,1300,1456800356799
production-topology3-3-1456799125,1.0363882539287073,1.009944947410745,2580,4860,1456800356799
Running observer at: 1456800367221
production-topology4-4-1456799133,1.0215476671218084,1.0851967514954746,2280,3840,1456800367897
production-topology1-1-1456799111,0.7685143719616322,1.008460722517023,2360,1480,1456800367897
production-topology2-2-1456799118,1.0459860586447822,1.0583258009295748,1880,1240,1456800367897
production-topology3-3-1456799125,0.9782378658310922,1.006299042641854,2060,3560,1456800367897
Running observer at: 1456800378467
production-topology4-4-1456799133,1.0220879107974041,1.0827694883917027,1960,3720,1456800379044
production-topology1-1-1456799111,1.1945420705553351,1.0156176974415734,2340,1500,1456800379045
production-topology2-2-1456799118,0.904973493564938,1.059301393754367,1940,1200,1456800379045
production-topology3-3-1456799125,0.9946707540165483,1.0074777019139949,2540,4760,1456800379045
Running observer at: 1456800389496
production-topology4-4-1456799133,0.9907003453313108,1.0793595201302066,2500,4380,1456800389988
production-topology1-1-1456799111,1.082361715343729,1.0180896981046164,2580,1680,1456800389988
production-topology2-2-1456799118,0.9535302104089279,1.0518397404169486,2100,1280,1456800389988
production-topology3-3-1456799125,1.031659544159544,1.0086218542482697,2660,4780,1456800389988
Running observer at: 1456800400447
production-topology4-4-1456799133,0.9879819524200165,1.0760960355691285,2120,3920,1456800400944
production-topology1-1-1456799111,0.7945881845140353,1.010107501190667,2340,1380,1456800400944
production-topology2-2-1456799118,1.2873324940946833,1.0602072319768736,1900,1280,1456800400944
production-topology3-3-1456799125,0.9428549563671622,1.0081075680783969,2000,3700,1456800400945
Running observer at: 1456800411605
production-topology4-4-1456799133,1.0010364335333328,1.0735077734299632,2080,3640,1456800412200
production-topology1-1-1456799111,1.1439278637388592,1.0147219964509495,2320,1620,1456800412200
production-topology2-2-1456799118,0.9449508468692935,1.0595727849603376,2080,1340,1456800412201
production-topology3-3-1456799125,1.0452547452547452,1.0082467195374047,2720,4640,1456800412201
Running observer at: 1456800422739
production-topology4-4-1456799133,1.0376693994079325,1.0723131609625622,2340,4480,1456800423254
production-topology1-1-1456799111,0.9143114538907215,1.0113749783656085,2720,1620,1456800423254
production-topology2-2-1456799118,0.9118958406129887,1.0582061225521338,1840,1200,1456800423254
production-topology3-3-1456799125,0.985939656254111,1.007217889672773,2640,4840,1456800423254
Running observer at: 1456800433715
production-topology4-4-1456799133,1.0439705137389963,1.0737905357749655,2160,3860,1456800434206
production-topology1-1-1456799111,1.0260986893735795,1.0122493334842713,2260,1480,1456800434206
production-topology2-2-1456799118,1.037563081704996,1.0573165526989285,2040,1300,1456800434206
production-topology3-3-1456799125,0.9952646332772439,1.007832609764242,1880,3600,1456800434206
Running observer at: 1456800444812
production-topology4-4-1456799133,0.954412817218,1.0342433656129681,2080,3640,1456800445330
production-topology1-1-1456799111,1.1667323292457126,0.9654261254115093,2180,1480,1456800445330
production-topology2-2-1456799118,0.9338020922654775,1.0592587248967584,1960,1280,1456800445330
production-topology3-3-1456799125,1.0088407510178334,1.0073840927230067,2720,4760,1456800445330
Running observer at: 1456800455981
production-topology4-4-1456799133,1.0011757245364548,1.0009492230975168,2400,4400,1456800456543
production-topology1-1-1456799111,0.9742547728033941,0.9645679511716225,2600,1740,1456800456543
production-topology2-2-1456799118,1.0263113508223414,1.0578434302327526,2060,1240,1456800456543
production-topology3-3-1456799125,1.012701214112306,1.0069314502665874,2420,4260,1456800456543
Running observer at: 1456800466949
production-topology4-4-1456799133,1.0196511902652254,0.9682709294396908,2160,3960,1456800467436
production-topology1-1-1456799111,1.0902554711786696,0.9675764668775781,2380,1400,1456800467437
production-topology2-2-1456799118,1.012326212788863,1.0534789360295387,2040,1300,1456800467437
production-topology3-3-1456799125,0.9820644402339451,1.006042957880297,2200,4060,1456800467437
Running observer at: 1456800478004
production-topology4-4-1456799133,0.9865958581442313,0.9344907913778319,2020,3640,1456800478492
production-topology1-1-1456799111,0.9161838833063126,0.9981159296544553,2440,1540,1456800478493
production-topology2-2-1456799118,0.991455968730227,0.9922105748965101,1880,1380,1456800478493
production-topology3-3-1456799125,0.9504064335173403,1.0057510087164865,2720,4780,1456800478493
Running observer at: 1456800489055
production-topology4-4-1456799133,1.0174587197048444,0.96840608203466,2180,3960,1456800489744
production-topology1-1-1456799111,1.0601652204477934,1.0003164401932905,2320,1520,1456800489744
production-topology2-2-1456799118,0.8976509778637439,1.0084933379607761,1880,1140,1456800489744
production-topology3-3-1456799125,1.1504896887715574,1.005719197685872,1900,3560,1456800489744
Running observer at: 1456800500268
production-topology4-4-1456799133,0.948973463006475,1.0000385308015425,2460,4260,1456800500793
production-topology1-1-1456799111,0.8890272192897404,1.0069268130685944,2620,1580,1456800500793
production-topology2-2-1456799118,1.0974740081822616,1.009588804155268,2140,1360,1456800500793
production-topology3-3-1456799125,0.9616674355222408,1.0046891778266336,2680,4780,1456800500793
Running observer at: 1456800511266
production-topology4-4-1456799133,1.0710565886767465,1.0062885572729536,2040,3740,1456800511726
production-topology1-1-1456799111,1.029455603367277,1.0079924758070804,2320,1560,1456800511726
production-topology2-2-1456799118,1.085616987179487,1.0098199905766507,1920,1280,1456800511726
production-topology3-3-1456799125,0.9106851043693149,1.0034814795794067,2660,4620,1456800511726
Running observer at: 1456800522225
production-topology4-4-1456799133,0.9612220164226675,0.9997049049757887,2120,3900,1456800522853
production-topology1-1-1456799111,0.9469786624773646,1.0028539248590433,2420,1480,1456800522853
production-topology2-2-1456799118,0.8290385366971889,1.0039987261136158,1900,1180,1456800522853
production-topology3-3-1456799125,1.1021811584866157,1.0077019861194867,2040,3780,1456800522853
Running observer at: 1456800533515
production-topology4-4-1456799133,1.044985250737463,1.003291313667608,2160,3880,1456800534052
production-topology1-1-1456799111,1.0604901387045609,1.00565387813285,2540,1640,1456800534052
production-topology2-2-1456799118,1.1818722845895906,1.012012794288102,1900,1240,1456800534052
production-topology3-3-1456799125,0.9862189360936648,1.00485317662456,2600,4720,1456800534052
Running observer at: 1456800544576
production-topology4-4-1456799133,0.9641191548057577,1.002210719956152,2340,4120,1456800545071
production-topology1-1-1456799111,1.0642064181731201,1.0103978404666367,2320,1540,1456800545072
production-topology2-2-1456799118,0.8395047420110169,1.0039402119520893,2300,1440,1456800545072
production-topology3-3-1456799125,1.0594754994621987,1.0066431099974735,2640,4820,1456800545072
Running observer at: 1456800555535
production-topology4-4-1456799133,0.9882064732024668,0.9992845701200643,2100,3920,1456800556083
production-topology1-1-1456799111,0.9594050543447296,1.0105624711799182,2400,1540,1456800556083
production-topology2-2-1456799118,1.1031105655922504,1.007371531915039,1740,1220,1456800556083
production-topology3-3-1456799125,0.9832234901571726,1.0050077300608578,2000,3660,1456800556083
Running observer at: 1456800566729
production-topology4-4-1456799133,1.0307211331470092,1.0005896552938558,2120,3680,1456800567340
production-topology1-1-1456799111,1.025075987841945,1.0091740467311523,2240,1420,1456800567340
production-topology2-2-1456799118,0.9940676607343274,1.0061541570079364,1980,1240,1456800567340
production-topology3-3-1456799125,0.9480076477123912,1.0048810858594748,2640,4780,1456800567340
Running observer at: 1456800577784
production-topology4-4-1456799133,1.088540359168239,1.005293237160073,2340,4400,1456800578281
production-topology1-1-1456799111,0.9919075268992725,1.0067411269978217,2620,1700,1456800578281
production-topology2-2-1456799118,1.105259131765156,1.0112551181706189,2180,1480,1456800578282
production-topology3-3-1456799125,1.005531549814429,1.0065531142406035,2700,4800,1456800578282
Running observer at: 1456800588732
production-topology4-4-1456799133,0.9320974033593872,1.0020735981580775,2220,3960,1456800589264
production-topology1-1-1456799111,0.9261254662983334,1.006128672251541,2280,1420,1456800589264
production-topology2-2-1456799118,1.113385818576505,1.0139879465837165,1800,1160,1456800589264
production-topology3-3-1456799125,1.0695315287973468,1.0063497943391295,2040,3560,1456800589264
Running observer at: 1456800599854
production-topology4-4-1456799133,0.9496117911853825,0.9993308450718593,2100,3580,1456800600461
production-topology1-1-1456799111,1.013438964259599,1.0074827843166,2380,1500,1456800600461
production-topology2-2-1456799118,0.879335844538858,1.0132143836256222,1980,1220,1456800600461
production-topology3-3-1456799125,1.0308374807758032,1.0061619822725716,2640,4740,1456800600461
Running observer at: 1456800611099
production-topology4-4-1456799133,1.0055824574910293,1.001488045922888,2400,4320,1456800611571
production-topology1-1-1456799111,1.1743554008083692,1.0134691039521686,2580,1800,1456800611571
production-topology2-2-1456799118,0.9866263849516586,1.0053852734781892,2160,1420,1456800611571
production-topology3-3-1456799125,0.9980591289070524,1.008670266364278,2360,4580,1456800611571
Running observer at: 1456800622013
production-topology4-4-1456799133,0.9636729361438807,1.0011736799426705,2140,3840,1456800622502
production-topology1-1-1456799111,0.7452149037577673,1.0064572638154858,2400,1340,1456800622503
production-topology2-2-1456799118,1.082074277421523,1.0054600410051748,1840,1180,1456800622503
production-topology3-3-1456799125,0.9345125712575004,1.0051122615480117,2240,3760,1456800622503
Running observer at: 1456800633037
production-topology4-4-1456799133,1.1400030309153364,1.0048143993049017,2020,3820,1456800633582
production-topology1-1-1456799111,1.1597960594461307,1.008147530506434,2320,1500,1456800633582
production-topology2-2-1456799118,0.8931395530551649,1.0088640051428122,1900,1240,1456800633582
production-topology3-3-1456799125,1.0224034235484616,1.000860136435945,2640,4860,1456800633582
Running observer at: 1456800644186
production-topology4-4-1456799133,0.9101659469798162,1.0009910202723697,2280,3780,1456800644830
production-topology1-1-1456799111,0.9682378142733661,1.0037476429287886,2360,1480,1456800644830
production-topology2-2-1456799118,1.0225581609195404,1.006533482732832,1880,1180,1456800644830
production-topology3-3-1456799125,1.0711872586872588,1.0066943918145106,2220,4060,1456800644830
Running observer at: 1456800655310
production-topology4-4-1456799133,1.0552045945541795,1.0016994424011822,2300,4340,1456800655825
production-topology1-1-1456799111,1.026613587847918,1.0096461042935654,2500,1640,1456800655825
production-topology2-2-1456799118,1.0060185831510695,1.0058102944313219,2280,1360,1456800655825
production-topology3-3-1456799125,0.9664532145575289,1.0064561601242006,2460,4300,1456800655825
Running observer at: 1456800666279
production-topology4-4-1456799133,0.9239371088241122,1.001110629187034,2100,3760,1456800666758
production-topology1-1-1456799111,1.0294504711556585,1.008836427339815,2380,1580,1456800666758
production-topology2-2-1456799118,1.1322517517833468,1.0083313644945253,1860,1200,1456800666758
production-topology3-3-1456799125,0.9606740391782513,1.0042234512225814,2620,4780,1456800666758
Running observer at: 1456800677462
production-topology4-4-1456799133,1.1223616662931342,1.0078850518364117,2160,3860,1456800678126
production-topology1-1-1456799111,0.9938871562309568,1.006842930002844,2400,1520,1456800678126
production-topology2-2-1456799118,0.8469303017623077,1.0070994593538591,1900,1220,1456800678126
production-topology3-3-1456799125,0.9768639276023242,1.0034095443890563,1980,3640,1456800678127
Running observer at: 1456800688578
production-topology4-4-1456799133,0.9569452303684249,1.0047231712500355,2400,4360,1456800689077
production-topology1-1-1456799111,0.9455849917829258,1.0027062484439604,2540,1620,1456800689077
production-topology2-2-1456799118,1.1256824770075213,1.0090575232763344,2080,1380,1456800689078
production-topology3-3-1456799125,1.0490136241762293,1.0038303900639736,2660,4720,1456800689078
Running observer at: 1456800699534
production-topology4-4-1456799133,0.9859698485707376,1.0035372439649999,1980,3700,1456800700017
production-topology1-1-1456799111,1.1238767890529515,1.0145516623470043,2400,1540,1456800700017
production-topology2-2-1456799118,0.9828318102925492,1.0069523816645933,1940,1200,1456800700017
production-topology3-3-1456799125,1.0299353677815835,1.00555364012899,2640,4720,1456800700018
Running observer at: 1456800710613
production-topology4-4-1456799133,0.9762671550054728,1.0020098854386021,2220,3860,1456800711239
production-topology1-1-1456799111,0.9378814814814814,1.0059963093778757,2400,1480,1456800711239
production-topology2-2-1456799118,1.0407942209155086,1.0114797392429458,1940,1240,1456800711239
production-topology3-3-1456799125,0.9645406639716614,1.0045493037941604,1980,3700,1456800711240
Running observer at: 1456800721811
production-topology4-4-1456799133,1.0448830627287233,1.003815976018516,2440,4420,1456800722297
production-topology1-1-1456799111,1.0467922339664115,1.004810659998632,2480,1580,1456800722297
production-topology2-2-1456799118,0.9730059090440849,1.012128929197451,2120,1320,1456800722297
production-topology3-3-1456799125,0.9663591341161435,1.0023726234593804,2660,4660,1456800722298
Running observer at: 1456800732768
production-topology4-4-1456799133,0.9498281519449154,1.002544182669346,2020,3660,1456800733250
production-topology1-1-1456799111,0.9860911130798738,1.0111940909508266,2400,1520,1456800733250
production-topology2-2-1456799118,0.8846319191748234,0.998705576700122,2020,1220,1456800733250
production-topology3-3-1456799125,1.0077978380906536,1.0045373861834965,2640,4720,1456800733250
Running observer at: 1456800743720
production-topology4-4-1456799133,1.0322387742975978,1.0035842606948213,2180,3900,1456800744202
production-topology1-1-1456799111,1.0394969247301995,1.0077130596505377,2400,1540,1456800744202
production-topology2-2-1456799118,1.1849766809714866,1.006706437836862,1780,1160,1456800744202
production-topology3-3-1456799125,0.9995182057888328,1.003012834867966,2020,3620,1456800744202
Running observer at: 1456800754891
production-topology4-4-1456799133,0.9949444076791056,1.0021600943038604,2120,3720,1456800755504
production-topology1-1-1456799111,1.0627778668070784,1.012661940081083,2200,1480,1456800755504
production-topology2-2-1456799118,0.8441811321576851,1.004449280888352,2020,1260,1456800755504
production-topology3-3-1456799125,0.9790916557583224,1.0027845681847734,2700,4780,1456800755505
Running observer at: 1456800765966
production-topology4-4-1456799133,1.0589800974352501,1.002660413760402,2380,4380,1456800766543
production-topology1-1-1456799111,1.041488672924987,1.0131749395327967,2640,1600,1456800766543
production-topology2-2-1456799118,0.9979508646456164,1.003128873653039,2160,1380,1456800766543
production-topology3-3-1456799125,1.045990227983264,1.0044754213416407,2320,4360,1456800766544
Running observer at: 1456800777004
production-topology4-4-1456799133,0.912501819100943,1.0012633804898337,2200,3840,1456800777483
production-topology1-1-1456799111,0.9386997674236479,1.0055738541387278,2500,1560,1456800777483
production-topology2-2-1456799118,1.0902311565050884,1.0083431757943595,1860,1200,1456800777483
production-topology3-3-1456799125,1.058683038063092,1.006136830909816,2220,3980,1456800777484
Running observer at: 1456800788163
production-topology4-4-1456799133,1.0628460820765622,1.0033190590745038,2020,3700,1456800788763
production-topology1-1-1456799111,1.0277338516032335,1.0073564900987226,2240,1460,1456800788763
production-topology2-2-1456799118,1.0004545773541482,1.0074812833454199,1840,1260,1456800788763
production-topology3-3-1456799125,0.9565131775825538,1.0042638963588242,2740,4820,1456800788763
Running observer at: 1456800799342
production-topology4-4-1456799133,0.9728242450358356,1.0017581609001907,2380,4340,1456800799873
production-topology1-1-1456799111,1.0255001173677663,1.0051979783050258,2660,1740,1456800799873
production-topology2-2-1456799118,1.0319616977225674,1.0081357995098768,2240,1440,1456800799873
production-topology3-3-1456799125,0.9485554889345864,1.0031469313155124,2400,4200,1456800799873
Running observer at: 1456800810337
production-topology4-4-1456799133,1.0277186236813567,1.0031289197514281,2220,3920,1456800810834
production-topology1-1-1456799111,0.891236687949133,1.0043664051264531,2420,1500,1456800810834
production-topology2-2-1456799118,0.8717145377735458,1.0041444184779873,1840,1200,1456800810834
production-topology3-3-1456799125,1.0156253432115498,1.005320894971986,2340,4080,1456800810834
Running observer at: 1456800821299
production-topology4-4-1456799133,1.0462399180980966,1.0040882930312032,1980,3600,1456800821808
production-topology1-1-1456799111,1.092779286291603,1.0054535406545801,2160,1500,1456800821808
production-topology2-2-1456799118,1.133615171507343,1.0120098915994407,1960,1280,1456800821808
production-topology3-3-1456799125,1.0665830394322755,1.0025240066606764,2520,4840,1456800821808
Running observer at: 1456800832407
production-topology4-4-1456799133,0.8878737627168181,1.0020516363548813,2240,3980,1456800833103
production-topology1-1-1456799111,0.8745450751881345,1.0049708025178596,2400,1540,1456800833103
production-topology2-2-1456799118,1.0530048525569242,1.0105275864119294,1900,1200,1456800833103
production-topology3-3-1456799125,0.9990586212578294,1.0037703795185293,1980,3600,1456800833103
Running observer at: 1456800843568
production-topology4-4-1456799133,1.122279806271901,1.0037590769413864,2340,4360,1456800844002
production-topology1-1-1456799111,0.9845451571254573,1.0034737876431323,2660,1600,1456800844002
production-topology2-2-1456799118,0.940764304134667,1.0056991636437689,2240,1360,1456800844002
production-topology3-3-1456799125,0.9633684353609233,1.005526490551583,2700,4680,1456800844003
Running observer at: 1456800854509
production-topology4-4-1456799133,0.9990670941579245,1.0050205795325617,2040,3780,1456800855069
production-topology1-1-1456799111,1.286868686868687,1.0148034551228429,2220,1480,1456800855069
production-topology2-2-1456799118,1.0845788784952022,1.014217175037036,1840,1260,1456800855070
production-topology3-3-1456799125,1.0203194070891355,1.0027977655050004,2560,4760,1456800855070
Running observer at: 1456800865642
production-topology4-4-1456799133,1.0235885642135643,1.004307356648432,2180,3860,1456800866306
production-topology1-1-1456799111,0.8631378375701393,1.008225045085029,2440,1500,1456800866307
production-topology2-2-1456799118,0.9694117459646483,1.0071351570828713,1860,1120,1456800866307
production-topology3-3-1456799125,1.0458711619843029,1.0047861730346885,1940,3660,1456800866307
Running observer at: 1456800876809
production-topology4-4-1456799133,0.8784737954110069,1.0014525113352737,2480,4260,1456800877301
production-topology1-1-1456799111,1.009937979230699,1.0064160971202816,2640,1640,1456800877301
production-topology2-2-1456799118,0.8941423365580672,1.0089564102344395,2140,1380,1456800877301
production-topology3-3-1456799125,0.9965242229185669,1.0026877971499006,2660,4820,1456800877301
Running observer at: 1456800887750
production-topology4-4-1456799133,1.0179165959971763,1.0024428487617638,2020,3760,1456800888251
production-topology1-1-1456799111,0.8822223380919411,1.0038433399118554,2220,1480,1456800888251
production-topology2-2-1456799118,1.203326351960043,1.0122969364466994,1960,1320,1456800888251
production-topology3-3-1456799125,1.0521846809352509,1.00498650350917,2660,4780,1456800888251
Running observer at: 1456800898741
production-topology4-4-1456799133,1.0976819145998586,1.0046748748101924,2080,3900,1456800899283
production-topology1-1-1456799111,0.9713632808755918,1.0020529163463106,2440,1480,1456800899284
production-topology2-2-1456799118,0.9510541418876178,1.0108631524851424,1860,1160,1456800899284
production-topology3-3-1456799125,0.907361538745734,1.0036316332102815,2060,3500,1456800899284
Running observer at: 1456800909955
production-topology4-4-1456799133,1.0337761317488594,1.0028494005628796,2100,3700,1456800910521
production-topology1-1-1456799111,1.1245370404736832,1.0064739001321241,2520,1700,1456800910521
production-topology2-2-1456799118,0.9851661700788263,1.0068600537622645,2040,1340,1456800910521
production-topology3-3-1456799125,0.9949025144977068,1.0032773320330572,2580,4740,1456800910521
Running observer at: 1456800921001
production-topology4-4-1456799133,0.9663685335738595,1.0039917715700288,2460,4340,1456800921498
production-topology1-1-1456799111,1.0453802547160778,1.0104490597460491,2360,1500,1456800921498
production-topology2-2-1456799118,0.9360024122219244,1.0009472735504452,2080,1320,1456800921498
production-topology3-3-1456799125,0.9984315558179194,1.0009073329337432,2800,4800,1456800921498
Running observer at: 1456800931959
production-topology4-4-1456799133,0.9732402145058704,1.0047793856807117,2140,3840,1456800932525
production-topology1-1-1456799111,0.9372371501880684,1.007908999276998,2400,1580,1456800932525
production-topology2-2-1456799118,1.1135870116692033,1.0087556457881235,1840,1220,1456800932525
production-topology3-3-1456799125,1.000739324739504,0.9999040610658665,1920,3620,1456800932525
Running observer at: 1456800943182
production-topology4-4-1456799133,1.0169773600968899,1.0051592157675737,2120,3680,1456800943601
production-topology1-1-1456799111,0.9690249855761578,1.001064652102591,2440,1540,1456800943601
production-topology2-2-1456799118,0.8858682841503819,1.0053970424280811,1920,1220,1456800943602
production-topology3-3-1456799125,1.1048949210505552,1.0034652541373166,2580,4700,1456800943602
Running observer at: 1456800953974
production-topology4-4-1456799133,1.001971922949813,1.006435848661105,2140,3920,1456800954484
production-topology1-1-1456799111,0.44545454545454544,0.9910726401591503,220,140,1456800954484
production-topology2-2-1456799118,1.0829845576562271,1.005427385102571,1560,1060,1456800954485
production-topology3-3-1456799125,0.887022892073638,1.0018822648311878,2020,3580,1456800954485
Running observer at: 1456800964914
production-topology4-4-1456799133,0.9852196674448572,1.0012764032120889,2340,4300,1456800965398
production-topology1-1-1456799111,1.0,0.9857461048442794,0,0,1456800965398
production-topology2-2-1456799118,1.0,1.0089894000007322,0,0,1456800965398
production-topology3-3-1456799125,1.1492252593293621,1.0061096593572179,1380,2760,1456800965398
