Running observer at: 1456086678372
production-topology1-1-1456086678,0.0,0.0,1456086678470
Running observer at: 1456086684505
production-topology1-1-1456086678,0.0,0.0,1456086684626
production-topology2-2-1456086684,0.0,0.0,1456086684626
Running observer at: 1456086687903
production-topology1-1-1456086678,0.0,0.0,1456086688015
production-topology2-2-1456086684,0.0,0.0,1456086688015
Running observer at: 1456086691005
production-topology1-1-1456086678,0.0,0.0,1456086691186
production-topology3-3-1456086690,0.0,0.0,1456086691186
production-topology2-2-1456086684,0.0,0.0,1456086691187
Running observer at: 1456086697700
production-topology1-1-1456086678,0.0,0.0,1456086697904
production-topology4-4-1456086697,0.0,0.0,1456086697905
production-topology3-3-1456086690,0.0,0.0,1456086697906
production-topology2-2-1456086684,0.0,0.0,1456086697906
Running observer at: 1456086698866
production-topology1-1-1456086678,0.0,0.0,1456086699156
production-topology4-4-1456086697,0.0,0.0,1456086699157
production-topology3-3-1456086690,0.0,0.0,1456086699158
production-topology2-2-1456086684,0.0,0.0,1456086699158
Running observer at: 1456086709901
production-topology1-1-1456086678,0.0,0.0,1456086710143
production-topology4-4-1456086697,0.0,0.0,1456086710143
production-topology3-3-1456086690,0.0,0.0,1456086710143
production-topology2-2-1456086684,0.0,0.0,1456086710143
Running observer at: 1456086720823
production-topology1-1-1456086678,0.9527142857142856,0.1190892857142857,1456086721117
production-topology4-4-1456086697,0.0,0.0,1456086721117
production-topology3-3-1456086690,0.0,0.0,1456086721117
production-topology2-2-1456086684,0.0,0.0,1456086721117
Running observer at: 1456086731729
production-topology1-1-1456086678,0.9747517634817059,0.21416289435511018,1456086731989
production-topology4-4-1456086697,0.0,0.0,1456086731990
production-topology3-3-1456086690,0.0,0.0,1456086731990
production-topology2-2-1456086684,0.0,0.0,1456086731990
Running observer at: 1456086742687
production-topology1-1-1456086678,1.05133273249549,0.2978798781691482,1456086742901
production-topology4-4-1456086697,1.0340021480586081,0.17233369134310136,1456086742902
production-topology3-3-1456086690,0.947268801550085,0.135324114507155,1456086742902
production-topology2-2-1456086684,1.0187677375177373,0.1131964152797486,1456086742902
Running observer at: 1456086753591
production-topology1-1-1456086678,0.9721564496875217,0.35917774830718213,1456086753825
production-topology4-4-1456086697,0.9507438379605136,0.2835351408598745,1456086753826
production-topology3-3-1456086690,0.9620329294202872,0.23866271637129652,1456086753826
production-topology2-2-1456086684,1.0990670455105644,0.2117834783028302,1456086753826
Running observer at: 1456086764491
production-topology1-1-1456086678,0.9756877198243774,0.4105535792669484,1456086764778
production-topology4-4-1456086697,1.0688066229303343,0.381694076118682,1456086764779
production-topology3-3-1456086690,1.0294130371960086,0.32652386312959786,1456086764779
production-topology2-2-1456086684,0.9836677480327036,0.2819547755510005,1456086764779
Running observer at: 1456086775470
production-topology1-1-1456086678,1.2356837051869602,0.47402512741464164,1456086775721
production-topology4-4-1456086697,1.017032898387012,0.45228727859294093,1456086775722
production-topology3-3-1456086690,1.0280511216566004,0.39667658898229813,1456086775722
production-topology2-2-1456086684,1.0437961268116522,0.3454415548227215,1456086775722
Running observer at: 1456086786385
production-topology1-1-1456086678,0.917354923035285,0.5056915413875448,1456086786676
production-topology4-4-1456086697,0.9418422196192481,0.5012427726955717,1456086786677
production-topology3-3-1456086690,1.0370941012985595,0.45489636282923096,1456086786677
production-topology2-2-1456086684,0.8173988465974624,0.38174596188231696,1456086786677
Running observer at: 1456086797336
production-topology1-1-1456086678,0.9408033539426972,0.5346989955578881,1456086797581
production-topology4-4-1456086697,1.0246798320858808,0.5488279599128725,1456086797581
production-topology3-3-1456086690,1.0221504448334193,0.50216753632958,1456086797581
production-topology2-2-1456086684,1.03456303187282,0.4283757525959243,1456086797581
Running observer at: 1456086808113
production-topology1-1-1456086678,1.0165517039494125,0.5648147898323584,1456086808375
production-topology4-4-1456086697,1.0023304386246927,0.5866198331388576,1456086808376
production-topology3-3-1456086690,0.8800730763873469,0.5312371932571005,1456086808376
production-topology2-2-1456086684,1.0026468155500414,0.46666049012619876,1456086808376
Running observer at: 1456086818994
production-topology1-1-1456086678,1.0712746332512952,0.59460654532759,1456086819223
production-topology4-4-1456086697,1.0791787311533754,0.6245089791399743,1456086819224
production-topology3-3-1456086690,1.0744286202531645,0.5700365808996766,1456086819224
production-topology2-2-1456086684,1.0569858831020162,0.5035558271871874,1456086819224
Running observer at: 1456086829819
production-topology1-1-1456086678,0.9787470127181478,0.6159476824048433,1456086830040
production-topology4-4-1456086697,0.9743419053763881,0.6494970452997181,1456086830040
production-topology3-3-1456086690,0.9879080215284126,0.5978946769415923,1456086830040
production-topology2-2-1456086684,0.9668511292611532,0.5308084920150677,1456086830041
Running observer at: 1456086840643
production-topology1-1-1456086678,0.9440786906695624,0.6332177354714075,1456086840842
production-topology4-4-1456086697,0.9491263039136664,0.6694723292073147,1456086840842
production-topology3-3-1456086690,0.9298222918324195,0.6186401528722689,1456086840842
production-topology2-2-1456086684,1.098960351978918,0.5623724842352816,1456086840842
Running observer at: 1456086851442
production-topology1-1-1456086678,1.0957623957486653,0.6563449684852702,1456086851684
production-topology4-4-1456086697,1.0263640501177982,0.69177806176422,1456086851684
production-topology3-3-1456086690,1.1007533120826893,0.6469997504728819,1456086851684
production-topology2-2-1456086684,0.9338930738503902,0.5819261994781821,1456086851685
Running observer at: 1456086862337
production-topology1-1-1456086678,0.9257510550038843,0.6691738297480614,1456086862620
production-topology4-4-1456086697,0.9484504617216793,0.7068764382323058,1456086862621
production-topology3-3-1456086690,1.0641564449656047,0.6701751223891442,1456086862621
production-topology2-2-1456086684,1.0143972581248566,0.6035497524105159,1456086862621
Running observer at: 1456086873175
production-topology1-1-1456086678,0.9975346817794617,0.684099323022216,1456086873422
production-topology4-4-1456086697,1.0109010082871144,0.7237666921242396,1456086873422
production-topology3-3-1456086690,0.9503771400177593,0.6849225970011766,1456086873422
production-topology2-2-1456086684,1.0219692799730677,0.6234744918182564,1456086873423
Running observer at: 1456086883946
production-topology1-1-1456086678,1.0389054284823247,0.699525675433525,1456086884166
production-topology4-4-1456086697,1.0454989971317372,0.7406999713351605,1456086884167
production-topology3-3-1456086690,0.9683777512544072,0.6990953547138381,1456086884167
production-topology2-2-1456086684,1.0426131123063995,0.6425262472949902,1456086884167
Running observer at: 1456086894686
production-topology1-1-1456086678,1.0963797171835161,0.7160612605064413,1456086894889
production-topology4-4-1456086697,1.0053670896107725,0.753933327248941,1456086894889
production-topology3-3-1456086690,1.0397222603104956,0.7153156835517742,1456086894889
production-topology2-2-1456086684,1.000541463659153,0.658092126267345,1456086894890
Running observer at: 1456086905383
production-topology1-1-1456086678,0.899112528727682,0.7233833112352909,1456086905573
production-topology4-4-1456086697,0.9726082418613378,0.7643464184209601,1456086905573
production-topology3-3-1456086690,0.9733249263194756,0.7270433764048515,1456086905573
production-topology2-2-1456086684,0.9290481774529455,0.6693819617334117,1456086905574
Running observer at: 1456086916111
production-topology1-1-1456086678,1.0212128415766901,0.7348382931714986,1456086916360
production-topology4-4-1456086697,1.0103326830596133,0.7755276122681715,1456086916360
production-topology3-3-1456086690,1.110066815912815,0.7436965694269368,1456086916360
production-topology2-2-1456086684,1.1305291513204627,0.6878278493168938,1456086916360
Running observer at: 1456086926889
production-topology1-1-1456086678,1.0139947693749973,0.7451774219197763,1456086927097
production-topology4-4-1456086697,0.9779475940372286,0.7843284810407392,1456086927097
production-topology3-3-1456086690,0.8856738351907394,0.7496122888337621,1456086927097
production-topology2-2-1456086684,0.9527372573202627,0.6980166727016387,1456086927098
Running observer at: 1456086937684
production-topology1-1-1456086678,1.0434235367390445,0.7558290688776073,1456086937944
production-topology4-4-1456086697,1.0108709012500547,0.7937677485494606,1456086937944
production-topology3-3-1456086690,1.107555117616982,0.7639300019850909,1456086937944
production-topology2-2-1456086684,1.076162547130289,0.7120220754582554,1456086937945
Running observer at: 1456086948567
production-topology1-1-1456086678,0.8654544011249461,0.7596092527482052,1456086948788
production-topology4-4-1456086697,1.0369296718108492,0.8034942254799162,1456086948788
production-topology3-3-1456086690,0.9112408050293224,0.7695958021021767,1456086948789
production-topology2-2-1456086684,0.9307925545038945,0.7198353068527424,1456086948789
Running observer at: 1456086959369
production-topology1-1-1456086678,1.0471996101126944,0.7691955979936882,1456086959575
production-topology4-4-1456086697,0.9399861164073979,0.8087439135925116,1456086959575
production-topology3-3-1456086690,1.11459573027471,0.7823735772196779,1456086959575
production-topology2-2-1456086684,1.0831707177941057,0.7323641141265825,1456086959575
Running observer at: 1456086970110
production-topology1-1-1456086678,0.8441723202170963,0.7973346753342582,1456086970340
production-topology4-4-1456086697,1.0063992869875222,0.8160644829775121,1456086970340
production-topology3-3-1456086690,0.9067170539268734,0.7868144156735063,1456086970340
production-topology2-2-1456086684,0.928267577035173,0.7388942295568689,1456086970341
Running observer at: 1456086981001
production-topology1-1-1456086678,1.081127277994184,0.8333722512673976,1456086981211
production-topology4-4-1456086697,1.090383320226934,0.8258615843078486,1456086981211
production-topology3-3-1456086690,1.0665787756800023,0.7964614625702822,1456086981211
production-topology2-2-1456086684,1.0207109167982484,0.772917926783477,1456086981212
Running observer at: 1456086991751
production-topology1-1-1456086678,1.0644447602673222,0.8688537432763083,1456086991990
production-topology4-4-1456086697,0.9944017315763007,0.8316733135240021,1456086991990
production-topology3-3-1456086690,0.9313456891660131,0.8009576034568064,1456086991990
production-topology2-2-1456086684,0.9023910411622275,0.8029976281555514,1456086991991
/var/nimbus/storm/bin/storm rebalance production-topology1 -e spout_head=11
1456086992322
/var/nimbus/storm/bin/storm rebalance production-topology2 -e spout_head=9
Running observer at: 1456087002534
production-topology1-1-1456086678,0.9978305453491872,0.9978305453491872,1456087002704
production-topology4-4-1456086697,0.9352959933148611,0.835127402850364,1456087002705
production-topology3-3-1456086690,1.1009786714123997,0.8376568925038864,1456087002705
production-topology2-2-1456086684,0.9964169557476321,0.9964169557476321,1456087002705
/var/nimbus/storm/bin/storm rebalance production-topology3 -e spout_head=11
1456087003063
/var/nimbus/storm/bin/storm rebalance production-topology4 -e bolt_output_1=9
Running observer at: 1456087013261
production-topology1-1-1456086678,1.0298076923076926,1.01381911882844,1456087013419
production-topology4-4-1456086697,1.001553237374962,1.001553237374962,1456087013419
production-topology3-3-1456086690,0.9995038403302162,0.9995038403302162,1456087013419
production-topology2-2-1456086684,0.0,0.49820847787381606,1456087013419
Running observer at: 1456087024030
production-topology1-1-1456086678,1.0,1.0092127458856266,1456087024289
production-topology4-4-1456086697,1.094387755102041,1.0479704962385015,1456087024289
production-topology3-3-1456086690,3.46640625,2.232955045165108,1456087024289
production-topology2-2-1456086684,1.0,0.6654723185825441,1456087024289
Running observer at: 1456087030790
production-topology1-1-1456086678,1.0,1.0069095594142201,1456087031022
production-topology4-4-1456086697,2.0,1.365313664159001,1456087031022
production-topology3-3-1456086690,2.0,2.1553033634434056,1456087031022
production-topology2-2-1456086684,1.0,0.749104238936908,1456087031022
Running observer at: 1456087031610
production-topology1-1-1456086678,1.0,1.0055276475313761,1456087031902
production-topology4-4-1456086697,2.0,1.5239852481192506,1456087031902
production-topology3-3-1456086690,2.0,2.116477522582554,1456087031902
production-topology2-2-1456086684,1.0,0.7992833911495264,1456087031903
Running observer at: 1456087034923
production-topology1-1-1456086678,0.0231271020727415,0.8417942232882704,1456087035158
production-topology4-4-1456086697,2.0,1.6191881984954004,1456087035159
production-topology3-3-1456086690,2.0,2.093182018066043,1456087035159
production-topology2-2-1456086684,0.9937593453289632,0.8316960501794326,1456087035159
Running observer at: 1456087041809
production-topology1-1-1456086678,0.9951732736777521,0.8637055162010535,1456087042015
production-topology4-4-1456086697,2.0,1.6826568320795003,1456087042015
production-topology3-3-1456086690,2.0,2.0776516817217026,1456087042015
production-topology2-2-1456086684,0.9937593453289632,0.8548479494865084,1456087042016
Running observer at: 1456087042596
production-topology1-1-1456086678,1.0,0.8807423266759218,1456087042804
production-topology4-4-1456086697,2.0,1.7279915703538575,1456087042805
production-topology3-3-1456086690,2.0,2.066558584332888,1456087042805
production-topology2-2-1456086684,0.9937593453289632,0.8722118739668153,1456087042805
Running observer at: 1456087045649
production-topology1-1-1456086678,0.0,0.782882068156375,1456087045834
production-topology4-4-1456086697,0.0,1.5119926240596253,1456087045834
production-topology3-3-1456086690,1.1427682186002097,1.9510847886163032,1456087045834
production-topology2-2-1456086684,0.4968796726644816,0.8305082960443337,1456087045835
Running observer at: 1456087056337
production-topology1-1-1456086678,0.32984131088749374,0.7375779924294867,1456087056521
production-topology4-4-1456086697,0.0,1.3439934436085559,1456087056522
production-topology3-3-1456086690,0.9707710089755173,1.8421610353228826,1456087056522
production-topology2-2-1456086684,1.0417960722508075,0.8516370736649812,1456087056522
Running observer at: 1456087067057
production-topology1-1-1456086678,1.154707573699722,0.7754988634540537,1456087067283
production-topology4-4-1456086697,0.0,1.2095940992477003,1456087067283
production-topology3-3-1456086690,0.15316067947646894,1.673260999738241,1456087067283
production-topology2-2-1456086684,1.110197387334003,0.8751425567258013,1456087067284
Running observer at: 1456087077775
production-topology1-1-1456086678,1.214217891199686,0.8120587824328563,1456087078024
production-topology4-4-1456086697,0.0,1.099630999316091,1456087078025
production-topology3-3-1456086690,0.6682167320465193,1.5818933390389938,1456087078025
production-topology2-2-1456086684,0.8647675586153923,0.8742779735499339,1456087078025
Running observer at: 1456087088562
production-topology1-1-1456086678,0.9123930217299527,0.8197768008403253,1456087088763
production-topology4-4-1456086697,0.031174089068825912,1.0105929234621522,1456087088764
production-topology3-3-1456086690,1.1120824693939182,1.5427424332352375,1456087088764
production-topology2-2-1456086684,0.9781595688642167,0.8822688654971864,1456087088764
Running observer at: 1456087099336
production-topology1-1-1456086678,1.2143333488979642,0.847959411415871,1456087099530
production-topology4-4-1456086697,0.006756756756756759,0.9333747567925065,1456087099530
production-topology3-3-1456086690,1.110960816675836,1.509528462730668,1456087099530
production-topology2-2-1456086684,1.088777645307225,0.8970194926264748,1456087099530
Running observer at: 1456087110039
production-topology1-1-1456086678,1.0424837825566393,0.8609277028252555,1456087110274
production-topology4-4-1456086697,0.15456349206349207,0.877745380740434,1456087110274
production-topology3-3-1456086690,1.0284807549552646,1.475167912175282,1456087110275
production-topology2-2-1456086684,0.8581167714294647,0.8944259778800075,1456087110275
Running observer at: 1456087120739
production-topology1-1-1456086678,0.9309861214117571,0.8653063539869119,1456087120938
production-topology4-4-1456086697,0.036817882971729124,0.8216835475558536,1456087120938
production-topology3-3-1456086690,1.0047435191968523,1.4438062859767202,1456087120939
production-topology2-2-1456086684,1.0997023503907413,0.9072557511619284,1456087120939
Running observer at: 1456087131496
production-topology1-1-1456086678,0.9543689451482068,0.8705453299375764,1456087131699
production-topology4-4-1456086697,0.013427109974424551,0.7711675202070143,1456087131700
production-topology3-3-1456086690,1.074936474936475,1.420751922786705,1456087131700
production-topology2-2-1456086684,0.9984794020914152,0.9126218482754276,1456087131700
Running observer at: 1456087142219
production-topology1-1-1456086678,1.0865627355499456,0.8825462969160413,1456087142416
production-topology4-4-1456086697,0.24908424908424906,0.740456739552734,1456087142417
production-topology3-3-1456086690,1.0528540794206829,1.399110873176939,1456087142417
production-topology2-2-1456086684,0.9648372996600291,0.9155227066856833,1456087142417
Running observer at: 1456087152881
production-topology1-1-1456086678,0.9686375551892431,0.8870774157725255,1456087153104
production-topology4-4-1456086697,0.0,0.6993202540220265,1456087153104
production-topology3-3-1456086690,1.0206175992937498,1.3780834690723174,1456087153104
production-topology2-2-1456086684,0.9281296034570663,0.9161862275683876,1456087153104
Running observer at: 1456087163594
production-topology1-1-1456086678,0.9558270017713735,0.890514895072468,1456087163782
production-topology4-4-1456086697,0.01726973684210526,0.6634228583809779,1456087163782
production-topology3-3-1456086690,1.0052321504109267,1.3584597154585598,1456087163782
production-topology2-2-1456086684,1.0691224196192581,0.9238330371709311,1456087163783
Running observer at: 1456087174343
production-topology1-1-1456086678,1.1653125757272849,0.9036004989131735,1456087174528
production-topology4-4-1456086697,0.150390625,0.6377712467119291,1456087174528
production-topology3-3-1456086690,0.9483568408333423,1.337954571727299,1456087174528
production-topology2-2-1456086684,1.0168839891073584,0.9282640348821897,1456087174529
Running observer at: 1456087185103
production-topology1-1-1456086678,0.8262382890765892,0.9000840348296925,1456087185344
production-topology4-4-1456086697,0.0569023569023569,0.6101108233876638,1456087185344
production-topology3-3-1456086690,1.0580564141879338,1.3246260880349483,1456087185345
production-topology2-2-1456086684,0.8969716539048112,0.9268416539286725,1456087185345
/var/nimbus/storm/bin/storm rebalance production-topology4 -e bolt_output_2=11
1456087185719
/var/nimbus/storm/bin/storm rebalance production-topology3 -e spout_head=10
Running observer at: 1456087195901
production-topology1-1-1456086678,0.9994477267972439,0.9044041953500207,1456087196243
production-topology4-4-1456086697,0.027344035485097146,0.027344035485097146,1456087196243
production-topology3-3-1456086690,0.9740062493028419,0.9740062493028419,1456087196243
production-topology2-2-1456086684,1.0704042752130207,0.9330835070279919,1456087196243
Running observer at: 1456087206703
production-topology1-1-1456086678,1.0327497329044308,0.9097519260814545,1456087206887
production-topology4-4-1456086697,0.0,0.013672017742548573,1456087206887
production-topology3-3-1456086690,1.0,0.9870031246514209,1456087206887
production-topology2-2-1456086684,1.2206714079010945,0.9450663362310379,1456087206887
Running observer at: 1456087217437
production-topology1-1-1456086678,1.0444056807656683,0.9151380762688229,1456087217630
production-topology4-4-1456086697,2.0,0.6757813451616991,1456087217630
production-topology3-3-1456086690,2.0,1.324668749767614,1456087217630
production-topology2-2-1456086684,0.8699601715686271,0.9420620896445415,1456087217630
Running observer at: 1456087224229
production-topology1-1-1456086678,1.204223546751301,0.9262567482104568,1456087224447
production-topology4-4-1456086697,2.0,1.0068360088712742,1456087224447
production-topology3-3-1456086690,2.0,1.4935015623257104,1456087224447
production-topology2-2-1456086684,1.068651189289275,0.9469309011693389,1456087224448
Running observer at: 1456087224988
production-topology1-1-1456086678,0.8181818181818181,0.9222539730242109,1456087225245
production-topology4-4-1456086697,2.0,1.2054688070970194,1456087225245
production-topology3-3-1456086690,0.0,1.1948012498605682,1456087225245
production-topology2-2-1456086684,1.3499999999999999,0.9618593863112153,1456087225245
Running observer at: 1456087228150
production-topology1-1-1456086678,0.9969434889434888,0.9249214557356137,1456087228329
production-topology4-4-1456086697,1.0,1.1712240059141827,1456087228330
production-topology3-3-1456086690,0.9844172137354135,1.159737243839709,1456087228330
production-topology2-2-1456086684,0.6562285714285713,0.9509440000654065,1456087228330
Running observer at: 1456087238822
production-topology1-1-1456086678,0.8022617527236754,0.9206918108041675,1456087239019
production-topology4-4-1456086697,1.0,1.1467634336407282,1456087239019
production-topology3-3-1456086690,0.22303786464315556,1.02592304681163,1456087239019
production-topology2-2-1456086684,1.1380781179610635,0.9573969006824982,1456087239019
Running observer at: 1456087249517
production-topology1-1-1456086678,1.137016332890526,0.9279026282070462,1456087249730
production-topology4-4-1456086697,1.0,1.1284180044356371,1456087249730
production-topology3-3-1456086690,1.059499503057708,1.0301201038423897,1456087249730
production-topology2-2-1456086684,0.8326138693210146,0.9532374663037821,1456087249730
Running observer at: 1456087260270
production-topology1-1-1456086678,0.9756792597991577,0.9271642520220451,1456087260458
production-topology4-4-1456086697,0.033333333333333326,1.0067419298687144,1456087260458
production-topology3-3-1456086690,1.0487535297185206,1.0321904844952932,1456087260458
production-topology2-2-1456086684,1.0964040404040405,0.9565703691256625,1456087260458
Running observer at: 1456087270970
production-topology1-1-1456086678,0.9960514334044163,0.926039043391936,1456087271162
production-topology4-4-1456086697,0.0,0.906067736881843,1456087271162
production-topology3-3-1456086690,1.1172077605431687,1.0406922121000808,1456087271162
production-topology2-2-1456086684,0.8595976623896723,0.9852236245386515,1456087271163
Running observer at: 1456087281698
production-topology1-1-1456086678,0.9497313868057199,0.9243634229521266,1456087281923
production-topology4-4-1456086697,0.0,0.8236979426198573,1456087281923
production-topology3-3-1456086690,0.9890484859206312,1.035997327901949,1456087281923
production-topology2-2-1456086684,1.0387586798627184,0.9865155805340752,1456087281923
Running observer at: 1456087292434
production-topology1-1-1456086678,1.033628954326856,0.9254843880963551,1456087292742
production-topology4-4-1456086697,0.06377551020408162,0.7603710732518759,1456087292742
production-topology3-3-1456086690,1.042204759744736,1.036514613888848,1456087292742
production-topology2-2-1456086684,1.004974600270351,0.986681400543087,1456087292742
Running observer at: 1456087303351
production-topology1-1-1456086678,1.1025727725883474,0.9289034805159666,1456087303529
production-topology4-4-1456086697,0.004304160688665709,0.7022120799777828,1456087303529
production-topology3-3-1456086690,1.031658462364473,1.0361410637715882,1456087303529
production-topology2-2-1456086684,0.9954549556324263,0.986529899064168,1456087303529
Running observer at: 1456087314084
production-topology1-1-1456086678,0.8172039097392009,0.9553727074381819,1456087314368
production-topology4-4-1456086697,0.05913642052565707,0.656278104302631,1456087314368
production-topology3-3-1456086690,1.0503947767992712,1.0371591861307083,1456087314368
production-topology2-2-1456086684,1.3674203223526242,0.9989852649649565,1456087314369
Running observer at: 1456087324840
production-topology1-1-1456086678,1.0906126893755397,0.958554021294775,1456087325025
production-topology4-4-1456086697,0.09126984126984126,0.6186108867671117,1456087325025
production-topology3-3-1456086690,0.9654255319148936,1.0323769425163207,1456087325025
production-topology2-2-1456086684,0.8518053864489684,0.9942534663356235,1456087325025
Running observer at: 1456087335549
production-topology1-1-1456086678,0.8985505089957717,0.955172371594634,1456087335786
production-topology4-4-1456086697,0.021370593692022266,0.5812833684499187,1456087335787
production-topology3-3-1456086690,0.9903129939575104,1.0297479457313952,1456087335787
production-topology2-2-1456086684,1.0637253758013594,0.9965856673513699,1456087335787
Running observer at: 1456087346223
production-topology1-1-1456086678,1.1512191894127377,0.9935463445750586,1456087346399
production-topology4-4-1456086697,0.032432432432432434,0.5489980192724195,1456087346399
production-topology3-3-1456086690,1.0432515094266654,1.0305422730075875,1456087346399
production-topology2-2-1456086684,1.0754289645682833,1.0158706437481633,1456087346400
Running observer at: 1456087356938
production-topology1-1-1456086678,1.024897192559514,1.0167148739641259,1456087357129
production-topology4-4-1456086697,0.06963896669779022,0.5223669607960512,1456087357129
production-topology3-3-1456086690,1.0174115836069997,1.0298127902631105,1456087357129
production-topology2-2-1456086684,0.9237608067171095,1.01193613489704,1456087357129
Running observer at: 1456087367631
production-topology1-1-1456086678,0.9629218717333984,1.0103220172319154,1456087367827
production-topology4-4-1456086697,0.0,0.4948739628594169,1456087367827
production-topology3-3-1456086690,0.9724517364022346,1.0267937874283275,1456087367827
production-topology2-2-1456086684,1.0267857142857142,1.0091557457954303,1456087367828
Running observer at: 1456087378336
production-topology1-1-1456086678,0.9193340247501256,1.00049255501693,1456087378559
production-topology4-4-1456086697,0.024,0.471330264716446,1456087378560
production-topology3-3-1456086690,1.0162325638185732,1.0262657262478396,1456087378560
production-topology2-2-1456086684,1.1594156787645107,1.0189773498004009,1456087378560
Running observer at: 1456087389096
production-topology1-1-1456086678,0.9514677532192963,1.0017950460665748,1456087389294
production-topology4-4-1456086697,0.06612244897959182,0.45203465444326246,1456087389294
production-topology3-3-1456086690,0.9695344046322762,1.0235642347423368,1456087389294
production-topology2-2-1456086684,0.7408731876407835,1.0110678037596197,1456087389294
Running observer at: 1456087399815
production-topology1-1-1456086678,1.034359194608441,0.9957959075902575,1456087400014
production-topology4-4-1456086697,0.12053571428571427,0.4369665207997375,1456087400014
production-topology3-3-1456086690,0.9315634327121048,1.019382380104599,1456087400014
production-topology2-2-1456086684,1.0126227258902112,1.0085293064457193,1456087400014
Running observer at: 1456087410574
production-topology1-1-1456086678,1.21549750017365,1.0015630315108244,1456087410755
production-topology4-4-1456086697,0.02857142857142857,0.419210212441985,1456087410755
production-topology3-3-1456086690,1.08084802217305,1.0220547993249662,1456087410756
production-topology2-2-1456086684,1.1510425308334717,1.0182934984258527,1456087410756
Running observer at: 1456087421398
production-topology1-1-1456086678,0.8716719981864438,0.9995858940699806,1456087421577
production-topology4-4-1456086697,0.017857142857142856,0.40248716787594985,1456087421577
production-topology3-3-1456086690,0.9793429836798752,1.020275140339754,1456087421577
production-topology2-2-1456086684,0.9883524555398396,1.0145818352641562,1456087421577
Running observer at: 1456087432041
production-topology1-1-1456086678,0.9901643737160883,1.0007790750222434,1456087432228
production-topology4-4-1456086697,0.009803921568627449,0.38677983802365695,1456087432228
production-topology3-3-1456086690,1.030816606126951,1.020696798971242,1456087432228
production-topology2-2-1456086684,1.0566359708196462,1.0165203875550972,1456087432229
Running observer at: 1456087442830
production-topology1-1-1456086678,0.9950910770985086,0.9977300197405287,1456087443052
production-topology4-4-1456086697,0.016544117647058824,0.372540002624557,1456087443052
production-topology3-3-1456086690,1.0155838215470654,1.0205001459933891,1456087443052
production-topology2-2-1456086684,0.9272436627252542,1.015267266323938,1456087443052
Running observer at: 1456087453559
production-topology1-1-1456086678,1.0260747531800676,0.9996445930068895,1456087453857
production-topology4-4-1456086697,0.02845528455284553,0.3597961241774566,1456087453857
production-topology3-3-1456086690,0.9555394810444071,1.0180941954397231,1456087453857
production-topology2-2-1456086684,1.2164040971683174,1.0248764161143131,1456087453857
Running observer at: 1456087464382
production-topology1-1-1456086678,1.0131229235880397,1.001554457067445,1456087464580
production-topology4-4-1456086697,0.023739432367149756,0.3477940994699456,1456087464580
production-topology3-3-1456086690,0.985968001146472,1.0169468313578212,1456087464580
production-topology2-2-1456086684,0.8923686142508865,1.0189846226020343,1456087464580
Running observer at: 1456087475092
production-topology1-1-1456086678,0.9211712455430048,0.993416412727969,1456087475285
production-topology4-4-1456086697,0.03815406976744186,0.33711685706641104,1456087475285
production-topology3-3-1456086690,1.0336021649920863,1.0175211532072785,1456087475285
production-topology2-2-1456086684,0.9171741514070314,1.0156609613453567,1456087475286
Running observer at: 1456087485770
production-topology1-1-1456086678,1.043954954615533,1.0006736349126004,1456087485956
production-topology4-4-1456086697,0.015592515592515593,0.32639937901728117,1456087485956
production-topology3-3-1456086690,1.032565085536223,1.0180226176182434,1456087485956
production-topology2-2-1456086684,1.0337102070143827,1.0202189131156756,1456087485957
Running observer at: 1456087496435
production-topology1-1-1456086678,0.9820387977199739,1.0000933372766914,1456087496632
production-topology4-4-1456086697,0.03174913194444444,0.3265462155659261,1456087496632
production-topology3-3-1456086690,1.0273499955422152,1.0198007424928894,1456087496633
production-topology2-2-1456086684,1.0788202300150829,1.0204994449424112,1456087496633
Running observer at: 1456087507091
production-topology1-1-1456086678,1.027007489380587,0.9999019291592298,1456087507338
production-topology4-4-1456086697,0.04246246246246246,0.32796163098134146,1456087507338
production-topology3-3-1456086690,0.9123198728101927,1.0168780715865624,1456087507338
production-topology2-2-1456086684,0.7909452856201731,1.0061752408663804,1456087507338
Running observer at: 1456087517799
production-topology1-1-1456086678,0.8981547606521241,0.9950268984887782,1456087517986
production-topology4-4-1456086697,0.01615646258503401,0.26183351306750935,1456087517987
production-topology3-3-1456086690,1.041722932801376,0.9849355026799418,1456087517987
production-topology2-2-1456086684,1.2299810102714122,1.0181759354898066,1456087517987
Running observer at: 1456087528506
production-topology1-1-1456086678,1.0502038607661814,0.989892908955941,1456087528735
production-topology4-4-1456086697,0.0,0.1951668464008427,1456087528735
production-topology3-3-1456086690,0.9513779250621355,0.9499814335153463,1456087528735
production-topology2-2-1456086684,0.8824332131786109,1.011968669619451,1456087528735
Running observer at: 1456087539260
production-topology1-1-1456086678,0.9787464884239078,0.9952450646306772,1456087539450
production-topology4-4-1456086697,0.012030075187969922,0.1289011822404417,1456087539450
production-topology3-3-1456086690,0.9917467491089874,0.9830396584856459,1456087539450
production-topology2-2-1456086684,1.0602849849113656,1.00231150244983,1456087539450
Running observer at: 1456087549965
production-topology1-1-1456086678,1.1598668730124129,1.0006758440996413,1456087550158
production-topology4-4-1456086697,0.06754298941798942,0.09781928188770801,1456087550158
production-topology3-3-1456086690,1.0519101985733565,0.9852894246469106,1456087550158
production-topology2-2-1456086684,0.9946386624333198,1.013591838816655,1456087550159
Running observer at: 1456087560722
production-topology1-1-1456086678,0.8749997571251511,1.0031004442463574,1456087560962
production-topology4-4-1456086697,0.10833333333333334,0.06809705966548579,1456087560962
production-topology3-3-1456086690,1.0619717602492889,1.0132538878337816,1456087560962
production-topology2-2-1456086684,0.9476066586289317,1.0072427901722505,1456087560963
Running observer at: 1456087571466
production-topology1-1-1456086678,1.0184099055066795,0.9991468966668956,1456087571755
production-topology4-4-1456086697,0.01497564935064935,0.035262914643840786,1456087571755
production-topology3-3-1456086690,0.926647215150681,1.0088254782368808,1456087571755
production-topology2-2-1456086684,1.1300605569437876,1.0171576797596762,1456087571755
Running observer at: 1456087582302
production-topology1-1-1456086678,1.0705427783019406,1.0023090139503217,1456087582473
production-topology4-4-1456086697,0.1164021164021164,0.03803187407946688,1456087582473
production-topology3-3-1456086690,1.101170671758767,1.0105727163048888,1456087582473
production-topology2-2-1456086684,0.9960223262975555,1.0138116226227936,1456087582473
Running observer at: 1456087592950
production-topology1-1-1456086678,0.9762013729977116,1.0016473452700982,1456087593146
production-topology4-4-1456086697,0.0,0.03803187407946688,1456087593146
production-topology3-3-1456086690,0.9169858812833716,1.0038986536628955,1456087593146
production-topology2-2-1456086684,0.8677570126575103,1.0140836009650547,1456087593146
Running observer at: 1456087603706
production-topology1-1-1456086678,1.016447217254927,1.0038712062850719,1456087603898
production-topology4-4-1456086697,0.03213773314203731,0.039103131850868125,1456087603898
production-topology3-3-1456086690,1.1251907768658649,1.0084367300277368,1456087603899
production-topology2-2-1456086684,1.0289439989217601,1.0137564449336895,1456087603899
Running observer at: 1456087614396
production-topology1-1-1456086678,0.9825931535994243,1.0021700129274909,1456087614644
production-topology4-4-1456086697,0.007575757575757576,0.03722980676325733,1456087614644
production-topology3-3-1456086690,0.9468835539973113,1.0052593565028227,1456087614644
production-topology2-2-1456086684,1.093510034483856,1.0167076260741397,1456087614644
Running observer at: 1456087625110
production-topology1-1-1456086678,1.039703637940523,1.0000743751058967,1456087625305
production-topology4-4-1456086697,0.12901785714285713,0.04138692997839703,1456087625305
production-topology3-3-1456086690,0.9434099045139593,1.0023177379078054,1456087625305
production-topology2-2-1456086684,0.8353208034353812,1.0113698210009048,1456087625305
Running observer at: 1456087635819
production-topology1-1-1456086678,0.9544742000362894,1.0046500514491332,1456087636038
production-topology4-4-1456086697,0.03824476650563607,0.040690541511063,1456087636039
production-topology3-3-1456086690,1.1292911979325022,1.0049476186122466,1456087636039
production-topology2-2-1456086684,0.9872498318575159,0.9986974713177346,1456087636039
Running observer at: 1456087646482
production-topology1-1-1456086678,1.0492500917588026,1.0032712981952419,1456087646714
production-topology4-4-1456086697,0.0,0.03764821346873496,1456087646714
production-topology3-3-1456086690,0.8953015707328762,1.0026101532395126,1456087646714
production-topology2-2-1456086684,1.2249328990922228,1.0111350550725098,1456087646715
Running observer at: 1456087657216
production-topology1-1-1456086678,0.9096880926042985,1.003642550982193,1456087657405
production-topology4-4-1456086697,0.027142857142857142,0.03784062225042946,1456087657406
production-topology3-3-1456086690,1.0272302623313498,1.003840728851974,1456087657406
production-topology2-2-1456086684,0.8923512686778045,1.0054225848350578,1456087657406
Running observer at: 1456087668000
production-topology1-1-1456086678,1.1420956236438538,1.0033384321232302,1456087668219
production-topology4-4-1456086697,0.125,0.04092620783601505,1456087668219
production-topology3-3-1456086690,1.0885029319221968,1.005349109601825,1456087668219
production-topology2-2-1456086684,1.0869368328635463,1.0058061804448999,1456087668220
Running observer at: 1456087678744
production-topology1-1-1456086678,0.9069945163212036,0.9994083429152866,1456087679017
production-topology4-4-1456086697,0.024126984126984125,0.03940914175032151,1456087679017
production-topology3-3-1456086690,0.8910232083701931,1.001136163760598,1456087679017
production-topology2-2-1456086684,1.1142140798471056,1.0121546228825664,1456087679017
Running observer at: 1456087689515
production-topology1-1-1456086678,1.0651524962628671,1.0028160303996023,1456087689762
production-topology4-4-1456086697,0.03007518796992481,0.040411648015985666,1456087689762
production-topology3-3-1456086690,1.1506885530814992,1.00707739098324,1456087689763
production-topology2-2-1456086684,0.8707285411697215,1.0069527171120334,1456087689763
Running observer at: 1456087700273
production-topology1-1-1456086678,1.0979566820087439,1.0087701189748894,1456087700455
production-topology4-4-1456086697,0.02059108527131783,0.040298017525029595,1456087700455
production-topology3-3-1456086690,0.9527539838969479,1.0049614383191858,1456087700455
production-topology2-2-1456086684,1.0046674625440675,1.0017944432380186,1456087700455
Running observer at: 1456087710975
production-topology1-1-1456086678,0.8851029116465864,1.0065579575891326,1456087711172
production-topology4-4-1456086697,0.00992063492063492,0.038424623723064356,1456087711172
production-topology3-3-1456086690,1.0175925812995734,1.006563377541429,1456087711172
production-topology2-2-1456086684,0.9695122602417873,1.0094157456580521,1456087711173
Running observer at: 1456087721788
production-topology1-1-1456086678,1.0009262419172262,1.0054435258327588,1456087721981
production-topology4-4-1456086697,0.03531746031746032,0.035584015257455893,1456087721982
production-topology3-3-1456086690,0.9923158452570218,1.008588457959593,1456087721982
production-topology2-2-1456086684,1.0798064877392994,1.011655204386355,1456087721982
Running observer at: 1456087732397
production-topology1-1-1456086678,1.0543589650848766,1.0000722413297995,1456087732604
production-topology4-4-1456086697,0.0377906976744186,0.035891324227555574,1456087732605
production-topology3-3-1456086690,0.9680546730803725,1.0048286796565038,1456087732605
production-topology2-2-1456086684,0.9687300418203196,1.0055781214192498,1456087732605
Running observer at: 1456087743179
production-topology1-1-1456086678,0.9676547991459357,1.0032716680284492,1456087743394
production-topology4-4-1456086697,0.008226867982965545,0.035570315065082986,1456087743394
production-topology3-3-1456086690,1.006653672705037,1.0057390359573428,1456087743394
production-topology2-2-1456086684,0.9765175430403789,1.0051836243359344,1456087743394
Running observer at: 1456087753868
production-topology1-1-1456086678,0.8984797388964147,1.0002155135344601,1456087754121
production-topology4-4-1456086697,0.01661807580174927,0.03579745353952038,1456087754121
production-topology3-3-1456086690,1.012955568958642,1.0051436680517325,1456087754121
production-topology2-2-1456086684,1.0213291263968205,1.0040067295218402,1456087754121
Running observer at: 1456087764650
production-topology1-1-1456086678,1.094042165407731,1.0035138831447676,1456087764837
production-topology4-4-1456086697,0.014005602240896357,0.03571283635931497,1456087764838
production-topology3-3-1456086690,0.9630679227491445,1.0033931380918018,1456087764838
production-topology2-2-1456086684,1.0731759283166784,1.0088711383748878,1456087764838
Running observer at: 1456087775384
production-topology1-1-1456086678,0.9814191731999949,1.0020253638120986,1456087775583
production-topology4-4-1456086697,0.06071428571428572,0.03678813639802964,1456087775583
production-topology3-3-1456086690,1.0488016411979262,1.0065018767635856,1456087775583
production-topology2-2-1456086684,1.0155998919499785,1.00217766486761,1456087775584
Running observer at: 1456087786131
production-topology1-1-1456086678,1.0486291580288256,1.0032089049601247,1456087786322
production-topology4-4-1456086697,0.0,0.035996821985791315,1456087786322
production-topology3-3-1456086690,1.0274766464520115,1.0078854982737704,1456087786323
production-topology2-2-1456086684,1.1147858916381304,1.0095915741138515,1456087786323
Running observer at: 1456087796842
production-topology1-1-1456086678,0.950907816009909,1.0042001239756881,1456087797083
production-topology4-4-1456086697,0.0,0.03472501966020992,1456087797084
production-topology3-3-1456086690,0.9420609832798523,1.0048341255500293,1456087797084
production-topology2-2-1456086684,0.914768331038918,1.009511380101581,1456087797084
Running observer at: 1456087807551
production-topology1-1-1456086678,0.845152330318447,0.997573369832452,1456087807776
production-topology4-4-1456086697,0.01319758672699849,0.03464518869802601,1456087807776
production-topology3-3-1456086690,1.0632468668026813,1.0058568515922446,1456087807776
production-topology2-2-1456086684,1.032763963498048,1.0094798386510366,1456087807776
Running observer at: 1456087818343
production-topology1-1-1456086678,1.19277359602776,1.004597863109378,1456087818526
production-topology4-4-1456086697,0.13333333333333333,0.03803132874432231,1456087818526
production-topology3-3-1456086690,1.0047788108551317,1.0051044787693417,1456087818526
production-topology2-2-1456086684,1.0727015558698727,1.009275882846196,1456087818526
Running observer at: 1456087828998
production-topology1-1-1456086678,1.016878673109573,1.0042602359003443,1456087829251
production-topology4-4-1456086697,0.017578125,0.037201850828906896,1456087829251
production-topology3-3-1456086690,0.9476126582355282,1.0062809049501864,1456087829251
production-topology2-2-1456086684,0.8774012792931056,1.0121577493019607,1456087829251
Running observer at: 1456087839838
production-topology1-1-1456086678,0.9652833409148549,1.0064978552424353,1456087840022
production-topology4-4-1456086697,0.018185142168882007,0.03726947348170183,1456087840022
production-topology3-3-1456086690,1.0422102169479515,1.006297147755072,1456087840023
production-topology2-2-1456086684,1.0349457831325302,1.005656575063998,1456087840023
Running observer at: 1456087850463
production-topology1-1-1456086678,1.1638694152784232,1.01028670705951,1456087850699
production-topology4-4-1456086697,0.003633720930232558,0.03739059751270958,1456087850700
production-topology3-3-1456086690,0.9976367122834124,1.0078391073291146,1456087850700
production-topology2-2-1456086684,1.004723448001496,1.009732916224761,1456087850700
Running observer at: 1456087861224
production-topology1-1-1456086678,0.8356563578473898,1.005517036040293,1456087861429
production-topology4-4-1456086697,0.09472934472934473,0.04014723983075541,1456087861430
production-topology3-3-1456086690,0.9550680282990142,1.0066164833021154,1456087861430
production-topology2-2-1456086684,0.8708812226909798,1.0034194574840813,1456087861430
Running observer at: 1456087871937
production-topology1-1-1456086678,1.1896423248882264,1.00650955110282,1456087872138
production-topology4-4-1456086697,0.02768549280177187,0.03881865661021481,1456087872138
production-topology3-3-1456086690,1.0816784423143595,1.0076087580934823,1456087872138
production-topology2-2-1456086684,1.0272554652613952,1.004506684245017,1456087872139
Running observer at: 1456087882683
production-topology1-1-1456086678,0.9807916410249695,1.010035947232814,1456087882859
production-topology4-4-1456086697,0.013953488372093023,0.03567266177817348,1456087882859
production-topology3-3-1456086690,0.9795280910005562,1.0048606357851912,1456087882859
production-topology2-2-1456086684,1.092570450008613,1.0093388106243397,1456087882860
Running observer at: 1456087893410
production-topology1-1-1456086678,0.9987251328150497,1.0093797881430926,1456087893602
production-topology4-4-1456086697,0.03304347826086957,0.03627492274184748,1456087893602
production-topology3-3-1456086690,0.9708553902973152,1.0063342416234122,1456087893602
production-topology2-2-1456086684,0.9752216412821094,1.004177513435617,1456087893602
Running observer at: 1456087904195
production-topology1-1-1456086678,1.083499528699853,1.009811679823023,1456087904389
production-topology4-4-1456086697,0.0368421052631579,0.03362292237054887,1456087904389
production-topology3-3-1456086690,1.0580627705190817,1.0048973115820894,1456087904389
production-topology2-2-1456086684,0.9026039593334921,1.0010635678701483,1456087904390
Running observer at: 1456087914959
production-topology1-1-1456086678,0.7837301548746864,1.0033959725522554,1456087915287
production-topology4-4-1456086697,0.0,0.03362292237054887,1456087915288
production-topology3-3-1456086690,0.9996890490881418,1.0076540838422485,1456087915288
production-topology2-2-1456086684,1.213447762364571,1.0125865928603834,1456087915288
Running observer at: 1456087925776
production-topology1-1-1456086678,1.145378984248768,1.0076936981187168,1456087925992
production-topology4-4-1456086697,0.01465201465201465,0.03304006508754811,1456087925993
production-topology3-3-1456086690,0.9730007442849549,1.0025810827562183,1456087925993
production-topology2-2-1456086684,0.8634249434069043,1.0070692910098884,1456087925993
Running observer at: 1456087936533
production-topology1-1-1456086678,0.9925965297927251,1.008027143991827,1456087936723
production-topology4-4-1456086697,0.013463718820861677,0.033236330462384917,1456087936724
production-topology3-3-1456086690,1.0221967181961498,1.0050915215628462,1456087936724
production-topology2-2-1456086684,1.1450666129735896,1.0087878436262128,1456087936724
Running observer at: 1456087947316
production-topology1-1-1456086678,1.0618384903008558,1.008764972403838,1456087947504
production-topology4-4-1456086697,0.03163836594069152,0.029990347422312734,1456087947504
production-topology3-3-1456086690,0.9630412679501004,1.005745900344051,1456087947504
production-topology2-2-1456086684,1.0052660782054759,1.0144526861185492,1456087947505
Running observer at: 1456087958032
production-topology1-1-1456086678,1.0238732530693702,1.0110782741716073,1456087958227
production-topology4-4-1456086697,0.046176046176046176,0.030254723411326404,1456087958227
production-topology3-3-1456086690,1.0891282737310772,1.0044071362040035,1456087958227
production-topology2-2-1456086684,1.0111092392932015,1.0152479996997388,1456087958227
Running observer at: 1456087968687
production-topology1-1-1456086678,0.9219156083948175,1.0068337913928078,1456087968913
production-topology4-4-1456086697,0.043089430894308944,0.031691037774470035,1456087968913
production-topology3-3-1456086690,0.9739974588095219,1.0070303324732248,1456087968913
production-topology2-2-1456086684,0.9401635815755487,1.0057556891158497,1456087968914
Running observer at: 1456087979474
production-topology1-1-1456086678,1.0120415982484947,1.0102455749142811,1456087979661
production-topology4-4-1456086697,0.0,0.03078627586970813,1456087979661
production-topology3-3-1456086690,0.9776678025904293,1.005378250481861,1456087979661
production-topology2-2-1456086684,1.171416745408642,1.015057871673544,1456087979661
Running observer at: 1456087990164
production-topology1-1-1456086678,1.0278901806449252,1.0064387268143167,1456087990418
production-topology4-4-1456086697,0.028683410654295312,0.027575722891517978,1456087990418
production-topology3-3-1456086690,1.022767279447039,1.0031870620660224,1456087990418
production-topology2-2-1456086684,0.7729169495005604,1.0045905422281114,1456087990418
Running observer at: 1456088000941
production-topology1-1-1456086678,0.9324910106104368,1.0072886099572913,1456088001127
production-topology4-4-1456086697,0.09095634095634096,0.029803368119163207,1456088001127
production-topology3-3-1456086690,1.0256431691896064,1.0076743940933361,1456088001128
production-topology2-2-1456086684,1.2798965740142212,1.0101132920336817,1456088001128
Running observer at: 1456088011620
production-topology1-1-1456086678,1.0273930438685288,1.0060299615441464,1456088011862
production-topology4-4-1456086697,0.022201665124884366,0.02954091735766186,1456088011863
production-topology3-3-1456086690,1.0058823529411764,1.0028475207553251,1456088011863
production-topology2-2-1456086684,0.8643107516488022,1.0098993657163178,1456088011863
Running observer at: 1456088022395
production-topology1-1-1456086678,0.983261263774585,1.002206780936341,1456088022594
production-topology4-4-1456086697,0.00992063492063492,0.02918523567930576,1456088022594
production-topology3-3-1456086690,1.0114128672990836,1.00480281686873,1456088022594
production-topology2-2-1456086684,1.169391154154586,1.0153901554366684,1456088022594
Running observer at: 1456088033158
production-topology1-1-1456086678,1.0334695289717777,1.007152334847181,1456088033386
production-topology4-4-1456086697,0.03155193236714976,0.029906278927522924,1456088033386
production-topology3-3-1456086690,0.9421183259233981,1.0022870083561906,1456088033386
production-topology2-2-1456086684,0.9897594271830014,1.0160650610013755,1456088033386
Running observer at: 1456088043824
production-topology1-1-1456086678,1.0774117228563975,1.0097018508784865,1456088044017
production-topology4-4-1456086697,0.06140350877192983,0.03077581387600524,1456088044017
production-topology3-3-1456086690,1.0911001915172798,1.0055798198981993,1456088044017
production-topology2-2-1456086684,0.9571096475949451,1.0119751663298973,1456088044017
Running observer at: 1456088054629
production-topology1-1-1456086678,0.9581940413010636,1.0064963534190263,1456088054815
production-topology4-4-1456086697,0.025462962962962958,0.03036488938562338,1456088054815
production-topology3-3-1456086690,0.9376293512398803,1.004565642503516,1456088054815
production-topology2-2-1456086684,0.942430966610154,1.0110985304895583,1456088054816
Running observer at: 1456088065408
production-topology1-1-1456086678,0.9169176704545283,1.0048051157959794,1456088065642
production-topology4-4-1456086697,0.03555555555555556,0.031275845638043046,1456088065642
production-topology3-3-1456086690,1.0116341334432497,1.0047316578614565,1456088065642
production-topology2-2-1456086684,0.9744219654484686,1.0110286779031614,1456088065642
Running observer at: 1456088076147
production-topology1-1-1456086678,1.0028256055463627,1.0082833113509775,1456088076327
production-topology4-4-1456086697,0.033484848484848485,0.03183807139414636,1456088076327
production-topology3-3-1456086690,0.9572970438860946,1.0028763736923716,1456088076327
production-topology2-2-1456086684,1.189377201240231,1.0166302803979417,1456088076327
Running observer at: 1456088086808
production-topology1-1-1456086678,1.2276076108853027,1.0127354928668966,1456088087030
production-topology4-4-1456086697,0.007714285714285714,0.03162836084325933,1456088087030
production-topology3-3-1456086690,1.0878343387240563,1.0070352542248686,1456088087030
production-topology2-2-1456086684,0.9632092497740564,1.012964724446521,1456088087030
Running observer at: 1456088097577
production-topology1-1-1456086678,0.8456566354090318,1.0082100749405312,1456088097757
production-topology4-4-1456086697,0.02990033222591362,0.03060122906031359,1456088097757
production-topology3-3-1456086690,0.9201781363855844,1.0027478040644573,1456088097757
production-topology2-2-1456086684,1.0174004789737237,1.0130247440139792,1456088097758
Running observer at: 1456088108252
production-topology1-1-1456086678,1.0716164357166942,1.008976317530127,1456088108464
production-topology4-4-1456086697,0.011482607227288078,0.03098398263455653,1456088108464
production-topology3-3-1456086690,0.9929527980270556,1.0015970091169586,1456088108464
production-topology2-2-1456086684,0.9781664849287234,1.008470763790332,1456088108465
Running observer at: 1456088119008
production-topology1-1-1456086678,1.0458095852227818,1.0121397098372227,1456088119201
production-topology4-4-1456086697,0.06907894736842106,0.033286614213503894,1456088119202
production-topology3-3-1456086690,0.9770522803873698,1.0027633856872091,1456088119202
production-topology2-2-1456086684,0.8064403084598081,1.004859829704362,1456088119202
Running observer at: 1456088129691
production-topology1-1-1456086678,1.071673352261162,1.0196904105686466,1456088129891
production-topology4-4-1456086697,0.03644501278772379,0.03406152841552808,1456088129892
production-topology3-3-1456086690,1.0532168486999753,1.0024290517504526,1456088129892
production-topology2-2-1456086684,1.3648745519713263,1.015930182653471,1456088129892
Running observer at: 1456088140480
production-topology1-1-1456086678,0.8969585308232915,1.0098299083951643,1456088140677
production-topology4-4-1456086697,0.012612612612612612,0.03003750439150405,1456088140677
production-topology3-3-1456086690,1.0005473571298737,1.0022880032929438,1456088140677
production-topology2-2-1456086684,0.7667924147443903,1.0057332112826216,1456088140677
Running observer at: 1456088151163
production-topology1-1-1456086678,1.076608798678046,1.01182091258078,1456088151359
production-topology4-4-1456086697,0.07291666666666666,0.0318821224470596,1456088151359
production-topology3-3-1456086690,1.0223728813559325,1.0047800107302907,1456088151359
production-topology2-2-1456086684,0.9538339022509664,1.008280965381217,1456088151359
Running observer at: 1456088161881
production-topology1-1-1456086678,0.881701542680859,1.0090348526396467,1456088162068
production-topology4-4-1456086697,0.009936406995230525,0.03160716460793789,1456088162068
production-topology3-3-1456086690,0.9832860376338639,1.0028158714198212,1456088162068
production-topology2-2-1456086684,1.1319523461558536,1.0115145174819946,1456088162068
Running observer at: 1456088172650
production-topology1-1-1456086678,1.0404631405864617,1.0049213101499146,1456088172873
production-topology4-4-1456086697,0.0078125,0.0317464572435968,1456088172873
production-topology3-3-1456086690,0.9558335891800924,1.0014224339830438,1456088172873
production-topology2-2-1456086684,1.0174355004262872,1.0119382525628209,1456088172873
Running observer at: 1456088183329
production-topology1-1-1456086678,1.0892207346014093,1.0133734560417151,1456088183573
production-topology4-4-1456086697,0.056712962962962965,0.030479244518050744,1456088183573
production-topology3-3-1456086690,1.1325061865083974,1.0073370392566898,1456088183573
production-topology2-2-1456086684,1.0843072575500061,1.0190524537247885,1456088183573
Running observer at: 1456088194176
production-topology1-1-1456086678,0.9259894094169252,1.0045850255260051,1456088194355
production-topology4-4-1456086697,0.018950437317784258,0.030188076001917825,1456088194355
production-topology3-3-1456086690,0.9390863240113518,1.0025839686465896,1456088194356
production-topology2-2-1456086684,0.9656162956556412,1.01699781473793,1456088194356
Running observer at: 1456088204938
production-topology1-1-1456086678,1.076472489080656,1.0077743871278613,1456088205164
production-topology4-4-1456086697,0.017361111111111112,0.030301663426551762,1456088205164
production-topology3-3-1456086690,1.0445640693704186,1.0047518345922517,1456088205165
production-topology2-2-1456086684,1.0361702805930129,1.0151178090907433,1456088205165
Running observer at: 1456088215720
production-topology1-1-1456086678,1.05329776546694,1.0095934748829243,1456088215905
production-topology4-4-1456086697,0.02035674292113262,0.029878772248560535,1456088215906
production-topology3-3-1456086690,1.0314194577352476,1.0067706368401828,1456088215906
production-topology2-2-1456086684,0.9480984808800421,1.0142137037440078,1456088215906
Running observer at: 1456088226387
production-topology1-1-1456086678,0.9982628253564246,1.0067522514381433,1456088226576
production-topology4-4-1456086697,0.023767082590612,0.029442938159475674,1456088226576
production-topology3-3-1456086690,0.9921428571428572,1.0045733063943085,1456088226577
production-topology2-2-1456086684,0.980792127350225,1.0168199760112322,1456088226577
Running observer at: 1456088237112
production-topology1-1-1456086678,0.8789290858256376,1.0099255491365084,1456088237293
production-topology4-4-1456086697,0.0,0.029442938159475674,1456088237293
production-topology3-3-1456086690,0.9410972127377428,1.0026202451826285,1456088237293
production-topology2-2-1456086684,1.0750956885843426,1.012208240218558,1456088237293
Running observer at: 1456088247782
production-topology1-1-1456086678,1.1141465376527189,1.0088844675833066,1456088247964
production-topology4-4-1456086697,0.07115839243498817,0.03132648408557479,1456088247965
production-topology3-3-1456086690,1.0609310997126122,1.0055512570302172,1456088247965
production-topology2-2-1456086684,0.8981132075471698,1.0133645156899,1456088247965
Running observer at: 1456088258482
production-topology1-1-1456086678,0.8625428901821767,1.0045493462629553,1456088258668
production-topology4-4-1456086697,0.12477718360071301,0.03503693291156983,1456088258668
production-topology3-3-1456086690,1.018707533480253,1.0054349508730205,1456088258668
production-topology2-2-1456086684,1.00256385217353,1.0086144236632315,1456088258669
Running observer at: 1456088269142
production-topology1-1-1456086678,1.2984901277584204,1.0124377341782074,1456088269371
production-topology4-4-1456086697,0.027777777777777776,0.0349082466394727,1456088269372
production-topology3-3-1456086690,0.9945528255150314,1.0064853361251849,1456088269372
production-topology2-2-1456086684,1.049135328850254,1.0100767320180573,1456088269372
Running observer at: 1456088279926
production-topology1-1-1456086678,0.9220380721236138,1.0090432281466821,1456088280124
production-topology4-4-1456086697,0.01984126984126984,0.03403042076164683,1456088280124
production-topology3-3-1456086690,0.9732224980236204,1.0026218102682698,1456088280124
production-topology2-2-1456086684,1.057210415454709,1.0116134378901074,1456088280125
Running observer at: 1456088290675
production-topology1-1-1456086678,0.986890588626538,1.0112090608210726,1456088290904
production-topology4-4-1456086697,0.02088311688311688,0.03329021029460709,1456088290904
production-topology3-3-1456086690,1.1006580097893384,1.0068438286342638,1456088290904
production-topology2-2-1456086684,0.8507194216499797,1.0086319658925886,1456088290904
Running observer at: 1456088301436
production-topology1-1-1456086678,1.078104913410828,1.013411171326484,1456088301624
production-topology4-4-1456086697,0.1978021978021978,0.03988361688801369,1456088301624
production-topology3-3-1456086690,0.9192124484907989,1.0048953168309427,1456088301624
production-topology2-2-1456086684,1.1092423865441767,1.006559487263773,1456088301624
Running observer at: 1456088312275
production-topology1-1-1456086678,0.8680250572576518,1.0080823338802414,1456088312465
production-topology4-4-1456086697,0.004347826086956522,0.03907243073576906,1456088312465
production-topology3-3-1456086690,1.0281305810570998,1.0050740935512779,1456088312466
production-topology2-2-1456086684,1.0733772097478012,1.0165748292720143,1456088312466
Running observer at: 1456088322990
production-topology1-1-1456086678,1.2333646853398614,1.0181114563712224,1456088323294
production-topology4-4-1456086697,0.0,0.03604055270389103,1456088323294
production-topology3-3-1456086690,1.0025593333573126,1.004304632356868,1456088323295
production-topology2-2-1456086684,1.2432390532802056,1.015352911914214,1456088323295
Running observer at: 1456088333780
production-topology1-1-1456086678,0.9724018108036647,1.0162784152690603,1456088333960
production-topology4-4-1456086697,0.07058823529411766,0.037653438376198806,1456088333960
production-topology3-3-1456086690,0.9565972361361562,1.002661795130034,1456088333961
production-topology2-2-1456086684,0.9269252761934955,1.0174400627323705,1456088333961
Running observer at: 1456088344530
production-topology1-1-1456086678,0.9329656968545857,1.014601896371727,1456088344763
production-topology4-4-1456086697,0.009970238095238095,0.03765509181535224,1456088344763
production-topology3-3-1456086690,1.00652715623362,1.0024989380945186,1456088344763
production-topology2-2-1456086684,0.9695158558672382,1.010777552789459,1456088344763
Running observer at: 1456088355232
production-topology1-1-1456086678,0.9785016261749873,1.0127696329451674,1456088355417
production-topology4-4-1456086697,0.25071225071225073,0.04496043576018894,1456088355417
production-topology3-3-1456086690,0.9874162105699964,1.0040088675827386,1456088355417
production-topology2-2-1456086684,0.9098912813726301,1.0081152812624468,1456088355418
Running observer at: 1456088365900
production-topology1-1-1456086678,1.2426241453416642,1.018276713694676,1456088366138
production-topology4-4-1456086697,0.02473879503954692,0.04373827863577618,1456088366138
production-topology3-3-1456086690,1.0838152615415098,1.0037660365835464,1456088366138
production-topology2-2-1456086684,1.0451543734777864,1.0110501054585412,1456088366138
Running observer at: 1456088376694
production-topology1-1-1456086678,0.8857611187421408,1.0158622829427122,1456088376891
production-topology4-4-1456086697,0.0,0.04288951320367741,1456088376891
production-topology3-3-1456086690,0.8937181602648192,1.0023023302177108,1456088376891
production-topology2-2-1456086684,1.070808305266249,1.015329350080411,1456088376892
Running observer at: 1456088387362
production-topology1-1-1456086678,0.9225644060086206,1.0160505074611819,1456088387557
production-topology4-4-1456086697,0.0496031746031746,0.043357767171931384,1456088387557
production-topology3-3-1456086690,1.1135005358566268,1.0056978769648235,1456088387557
production-topology2-2-1456086684,1.0287413108672667,1.0171399949277045,1456088387557
Running observer at: 1456088398097
production-topology1-1-1456086678,1.0277779891187846,1.0168822535802626,1456088398303
production-topology4-4-1456086697,0.03603603603603604,0.04344280675697097,1456088398303
production-topology3-3-1456086690,1.0048000476629668,1.0072813104240528,1456088398303
production-topology2-2-1456086684,1.106951871657754,1.0143924839416216,1456088398303
Running observer at: 1456088408758
production-topology1-1-1456086678,0.9456985210313895,1.0074852839184656,1456088409020
production-topology4-4-1456086697,0.014148936170212763,0.04365729510550188,1456088409020
production-topology3-3-1456086690,1.0212836587975322,1.005062954426502,1456088409020
production-topology2-2-1456086684,0.9049465645552094,1.0124503944343268,1456088409020
Running observer at: 1456088419537
production-topology1-1-1456086678,1.037466764610908,1.0138789548918614,1456088419794
production-topology4-4-1456086697,0.03843137254901961,0.043941663116272074,1456088419794
production-topology3-3-1456086690,0.9297688627981207,1.0053826453069197,1456088419794
production-topology2-2-1456086684,1.048224188054746,1.0134778514036944,1456088419794
Running observer at: 1456088430255
production-topology1-1-1456086678,0.9911122283671303,1.0111954813135426,1456088430477
production-topology4-4-1456086697,0.025350437242798347,0.04440392411678908,1456088430477
production-topology3-3-1456086690,1.0365936710037762,1.0068373410728102,1456088430477
production-topology2-2-1456086684,0.864145050543582,1.0096771369241895,1456088430477
Running observer at: 1456088440943
production-topology1-1-1456086678,0.9861044417767111,1.0092053098653404,1456088441181
production-topology4-4-1456086697,0.10753676470588235,0.04568585136137112,1456088441181
production-topology3-3-1456086690,1.0236971605392662,1.0083921704112069,1456088441181
production-topology2-2-1456086684,1.2267097360994075,1.0236861178455094,1456088441182
Running observer at: 1456088451807
production-topology1-1-1456086678,1.0644165048861822,1.008963414952841,1456088452005
production-topology4-4-1456086697,0.020505809979494187,0.045154544601096795,1456088452005
production-topology3-3-1456086690,1.000881704945026,1.0066476656193752,1456088452005
production-topology2-2-1456086684,0.8921027946062144,1.0079270592666725,1456088452005
Running observer at: 1456088462464
production-topology1-1-1456086678,0.8469246738021482,1.007295619718803,1456088462765
production-topology4-4-1456086697,0.02702702702702703,0.045635025081577275,1456088462765
production-topology3-3-1456086690,0.9376717221129873,1.0045518111188123,1456088462765
production-topology2-2-1456086684,1.0892102335928808,1.0186743198949553,1456088462766
Running observer at: 1456088473309
production-topology1-1-1456086678,1.001376988984088,1.0047878927290044,1456088473501
production-topology4-4-1456086697,0.021137533027395353,0.04390905396026822,1456088473502
production-topology3-3-1456086690,1.0492743906073068,1.005448528093858,1456088473502
production-topology2-2-1456086684,0.9146850907674596,1.0173693595121718,1456088473502
Running observer at: 1456088484083
production-topology1-1-1456086678,1.234879370358765,1.0165604869849345,1456088484272
production-topology4-4-1456086697,0.0,0.043577840393760545,1456088484272
production-topology3-3-1456086690,0.9570457516886087,1.004573851895683,1456088484272
production-topology2-2-1456086684,1.1704482239150205,1.0186525554374775,1456088484273
Running observer at: 1456088494865
production-topology1-1-1456086678,0.8948400515115518,1.011706384015771,1456088495051
production-topology4-4-1456086697,0.10323529411764706,0.04675860019768211,1456088495051
production-topology3-3-1456086690,1.0315282837752417,1.0070970083821882,1456088495051
production-topology2-2-1456086684,0.901486767766875,1.0147875976821636,1456088495051
Running observer at: 1456088505481
production-topology1-1-1456086678,1.0045124023870622,1.0088827729419594,1456088505623
production-topology4-4-1456086697,0.01393188854489164,0.0453325643837464,1456088505623
production-topology3-3-1456086690,0.9631737540768481,1.001452593967803,1456088505623
production-topology2-2-1456086684,0.974632525951557,1.0111317732955487,1456088505623
Running observer at: 1456088516103
production-topology1-1-1456086678,1.1965503198332612,1.017901469955837,1456088516235
production-topology4-4-1456086697,0.04000000000000001,0.046034216473153595,1456088516235
production-topology3-3-1456086690,1.0070728069779005,1.003718810066688,1456088516235
production-topology2-2-1456086684,1.1399016088368938,1.0169412837349237,1456088516235
Running observer at: 1456088526635
production-topology1-1-1456086678,1.0,1.0153523869864818,1456088526760
production-topology4-4-1456086697,0.04691717957024079,0.04701941875512458,1456088526761
production-topology3-3-1456086690,1.0658234234035662,1.004427455201126,1456088526767
production-topology2-2-1456086684,0.0,0.9824022743818233,1456088526767
Running observer at: 1456088537161
production-topology1-1-1456086678,1.0,1.0135757948042505,1456088537315
production-topology4-4-1456086697,0.0,0.04634086065775349,1456088537315
production-topology3-3-1456086690,2.0,1.036713473276618,1456088537315
production-topology2-2-1456086684,1.0,0.9841323250191553,1456088537316
Running observer at: 1456088547657
production-topology1-1-1456086678,1.0,1.013633700625703,1456088547787
production-topology4-4-1456086697,2.0,0.11221529123806644,1456088547787
production-topology3-3-1456086690,2.0,1.0703087113718561,1456088547787
production-topology2-2-1456086684,1.0,0.9847725874408143,1456088547787
Running observer at: 1456088558030
production-topology1-1-1456086678,1.0,1.0176693977648483,1456088558088
production-topology4-4-1456086697,2.0,0.1788819579047331,1456088558089
production-topology3-3-1456086690,2.0,1.1056054709472647,1456088558089
production-topology2-2-1456086684,1.0,0.9822693978213363,1456088558089
