production-topology1-1-1456629417,0.0,0.0,1456629418139
production-topology1-1-1456629417,0.0,0.0,1456629418498
production-topology2-2-1456629424,0.0,0.0,1456629424522
production-topology1-1-1456629417,0.0,0.0,1456629424523
production-topology2-2-1456629424,0.0,0.0,1456629428998
production-topology1-1-1456629417,0.0,0.0,1456629428999
production-topology3-3-1456629430,0.0,0.0,1456629431038
production-topology2-2-1456629424,0.0,0.0,1456629431038
production-topology1-1-1456629417,0.0,0.0,1456629431038
production-topology4-4-1456629437,0.0,0.0,1456629437694
production-topology3-3-1456629430,0.0,0.0,1456629437694
production-topology2-2-1456629424,0.0,0.0,1456629437694
production-topology1-1-1456629417,0.0,0.0,1456629437694
production-topology4-4-1456629437,0.0,0.0,1456629439701
production-topology3-3-1456629430,0.0,0.0,1456629439702
production-topology2-2-1456629424,0.0,0.0,1456629439702
production-topology1-1-1456629417,0.0,0.0,1456629439702
production-topology4-4-1456629437,0.0,0.0,1456629450456
production-topology3-3-1456629430,0.0,0.0,1456629450456
production-topology2-2-1456629424,0.0,0.0,1456629450456
production-topology1-1-1456629417,0.0,0.0,1456629450456
production-topology4-4-1456629437,0.0,0.0,1456629461129
production-topology3-3-1456629430,0.0,0.0,1456629461130
production-topology2-2-1456629424,0.0,0.0,1456629461130
production-topology1-1-1456629417,0.0,0.0,1456629461130
production-topology4-4-1456629437,0.0,0.0,1456629471809
production-topology3-3-1456629430,0.0,0.0,1456629471809
production-topology2-2-1456629424,0.0,0.0,1456629471809
production-topology1-1-1456629417,0.0,0.0,1456629471810
production-topology4-4-1456629437,0.0,0.0,1456629482462
production-topology3-3-1456629430,0.0,0.0,1456629482463
production-topology2-2-1456629424,0.0,0.0,1456629482463
production-topology1-1-1456629417,0.0,0.0,1456629482463
production-topology4-4-1456629437,0.0,0.0,1456629493075
production-topology3-3-1456629430,0.0,0.0,1456629493075
production-topology2-2-1456629424,0.0,0.0,1456629493076
production-topology1-1-1456629417,0.0,0.0,1456629493076
production-topology4-4-1456629437,0.0,0.0,1456629503683
production-topology3-3-1456629430,0.0,0.0,1456629503684
production-topology2-2-1456629424,0.0,0.0,1456629503684
production-topology1-1-1456629417,0.0,0.0,1456629503684
production-topology4-4-1456629437,0.0,0.0,1456629514217
production-topology3-3-1456629430,0.0,0.0,1456629514217
production-topology2-2-1456629424,0.0,0.0,1456629514217
production-topology1-1-1456629417,0.0,0.0,1456629514217
production-topology4-4-1456629437,0.0,0.0,1456629524719
production-topology3-3-1456629430,0.0,0.0,1456629524720
production-topology2-2-1456629424,0.0,0.0,1456629524720
production-topology1-1-1456629417,0.0,0.0,1456629524720
production-topology4-4-1456629437,0.0,0.0,1456629535256
production-topology3-3-1456629430,0.0,0.0,1456629535256
production-topology2-2-1456629424,0.0,0.0,1456629535256
production-topology1-1-1456629417,0.0,0.0,1456629535257
production-topology4-4-1456629437,0.0,0.0,1456629545781
production-topology3-3-1456629430,0.0,0.0,1456629545781
production-topology2-2-1456629424,0.0,0.0,1456629545781
production-topology1-1-1456629417,0.0,0.0,1456629545782
production-topology4-4-1456629437,0.0,0.0,1456629556286
production-topology3-3-1456629430,0.0,0.0,1456629556287
production-topology2-2-1456629424,0.0,0.0,1456629556287
production-topology1-1-1456629417,0.0,0.0,1456629556287
production-topology4-4-1456629437,0.0,0.0,1456629566806
production-topology3-3-1456629430,0.0,0.0,1456629566807
production-topology2-2-1456629424,0.0,0.0,1456629566807
production-topology1-1-1456629417,0.0,0.0,1456629566807
production-topology4-4-1456629437,0.0,0.0,1456629577333
production-topology3-3-1456629430,0.0,0.0,1456629577333
production-topology2-2-1456629424,0.0,0.0,1456629577334
production-topology1-1-1456629417,0.0,0.0,1456629577334
production-topology4-4-1456629437,0.0,0.0,1456629587848
production-topology3-3-1456629430,0.0,0.0,1456629587848
production-topology2-2-1456629424,0.0,0.0,1456629587848
production-topology1-1-1456629417,0.0,0.0,1456629587849
production-topology4-4-1456629437,0.0,0.0,1456629598362
production-topology3-3-1456629430,0.0,0.0,1456629598362
production-topology2-2-1456629424,0.0,0.0,1456629598363
production-topology1-1-1456629417,0.0,0.0,1456629598363
production-topology4-4-1456629437,0.0,0.0,1456629608866
production-topology3-3-1456629430,0.0,0.0,1456629608867
production-topology2-2-1456629424,0.0,0.0,1456629608867
production-topology1-1-1456629417,0.0,0.0,1456629608867
production-topology4-4-1456629437,0.0,0.0,1456629619349
production-topology3-3-1456629430,0.0,0.0,1456629619350
production-topology2-2-1456629424,0.0,0.0,1456629619350
production-topology1-1-1456629417,0.0,0.0,1456629619350
production-topology4-4-1456629437,0.0,0.0,1456629629800
production-topology3-3-1456629430,0.0,0.0,1456629629801
production-topology2-2-1456629424,0.0,0.0,1456629629801
production-topology1-1-1456629417,0.0,0.0,1456629629801
production-topology4-4-1456629437,0.0,0.0,1456629640209
production-topology3-3-1456629430,0.0,0.0,1456629640209
production-topology2-2-1456629424,0.0,0.0,1456629640209
production-topology1-1-1456629417,0.0,0.0,1456629640210
production-topology4-4-1456629437,0.0,0.0,1456629650634
production-topology3-3-1456629430,0.0,0.0,1456629650634
production-topology2-2-1456629424,0.0,0.0,1456629650634
production-topology1-1-1456629417,0.0,0.0,1456629650635
production-topology4-4-1456629437,0.0,0.0,1456629661064
production-topology3-3-1456629430,0.0,0.0,1456629661064
production-topology2-2-1456629424,0.0,0.0,1456629661065
production-topology1-1-1456629417,0.0,0.0,1456629661065
production-topology4-4-1456629437,0.0,0.0,1456629671505
production-topology3-3-1456629430,0.0,0.0,1456629671506
production-topology2-2-1456629424,0.0,0.0,1456629671506
production-topology1-1-1456629417,0.0,0.0,1456629671506
production-topology4-4-1456629437,0.0,0.0,1456629681921
production-topology3-3-1456629430,0.0,0.0,1456629681921
production-topology2-2-1456629424,0.0,0.0,1456629681921
production-topology1-1-1456629417,0.0,0.0,1456629681922
production-topology4-4-1456629437,0.0,0.0,1456629692350
production-topology3-3-1456629430,0.0,0.0,1456629692350
production-topology2-2-1456629424,0.0,0.0,1456629692350
production-topology1-1-1456629417,0.0,0.0,1456629692351
production-topology4-4-1456629437,0.0,0.0,1456629702762
production-topology3-3-1456629430,0.0,0.0,1456629702762
production-topology2-2-1456629424,0.0,0.0,1456629702763
production-topology1-1-1456629417,0.0,0.0,1456629702763
production-topology4-4-1456629437,0.0,0.0,1456629713182
production-topology3-3-1456629430,0.0,0.0,1456629713183
production-topology2-2-1456629424,0.0,0.0,1456629713183
production-topology1-1-1456629417,0.0,0.0,1456629713183
production-topology4-4-1456629437,0.0,0.0,1456629723576
production-topology3-3-1456629430,0.0,0.0,1456629723576
production-topology2-2-1456629424,0.0,0.0,1456629723577
production-topology1-1-1456629417,0.0,0.0,1456629723577
production-topology4-4-1456629437,0.0,0.0,1456629733965
production-topology3-3-1456629430,0.0,0.0,1456629733965
production-topology2-2-1456629424,0.0,0.0,1456629733966
production-topology1-1-1456629417,0.0,0.0,1456629733966
production-topology4-4-1456629437,0.0,0.0,1456629744362
production-topology3-3-1456629430,0.0,0.0,1456629744362
production-topology2-2-1456629424,0.0,0.0,1456629744362
production-topology1-1-1456629417,0.0,0.0,1456629744363
production-topology4-4-1456629437,0.0,0.0,1456629754681
production-topology3-3-1456629430,0.0,0.0,1456629754681
production-topology2-2-1456629424,0.0,0.0,1456629754682
production-topology1-1-1456629417,0.0,0.0,1456629754682
production-topology4-4-1456629437,0.0,0.0,1456629764986
production-topology3-3-1456629430,0.0,0.0,1456629764986
production-topology2-2-1456629424,0.0,0.0,1456629764986
production-topology1-1-1456629417,0.0,0.0,1456629764986
