production-topology1-1-1456631344,0.0,0.0,1456631345190
production-topology1-1-1456631344,0.0,0.0,1456631346017
production-topology1-1-1456631344,0.0,0.0,1456631351615
production-topology2-2-1456631351,0.0,0.0,1456631351616
production-topology1-1-1456631344,0.0,0.0,1456631356441
production-topology2-2-1456631351,0.0,0.0,1456631356441
production-topology1-1-1456631344,0.0,0.0,1456631358044
production-topology2-2-1456631351,0.0,0.0,1456631358044
production-topology3-3-1456631357,0.0,0.0,1456631358044
production-topology1-1-1456631344,0.0,0.0,1456631364518
production-topology2-2-1456631351,0.0,0.0,1456631364518
production-topology3-3-1456631357,0.0,0.0,1456631364518
production-topology4-4-1456631363,0.0,0.0,1456631364519
production-topology1-1-1456631344,0.0,0.0,1456631367138
production-topology2-2-1456631351,0.0,0.0,1456631367139
production-topology3-3-1456631357,0.0,0.0,1456631367139
production-topology4-4-1456631363,0.0,0.0,1456631367139
production-topology1-1-1456631344,0.0,0.0,1456631377876
production-topology2-2-1456631351,0.0,0.0,1456631377876
production-topology3-3-1456631357,0.0,0.0,1456631377876
production-topology4-4-1456631363,0.0,0.0,1456631377877
production-topology1-1-1456631344,0.0,0.0,1456631388555
production-topology2-2-1456631351,0.0,0.0,1456631388555
production-topology3-3-1456631357,0.0,0.0,1456631388555
production-topology4-4-1456631363,0.0,0.0,1456631388555
production-topology1-1-1456631344,0.0,0.0,1456631399208
production-topology2-2-1456631351,0.0,0.0,1456631399209
production-topology3-3-1456631357,0.0,0.0,1456631399209
production-topology4-4-1456631363,0.0,0.0,1456631399209
production-topology1-1-1456631344,0.0,0.0,1456631409812
production-topology2-2-1456631351,0.0,0.0,1456631409812
production-topology3-3-1456631357,0.0,0.0,1456631409812
production-topology4-4-1456631363,0.0,0.0,1456631409812
production-topology1-1-1456631344,0.0,0.0,1456631420389
production-topology2-2-1456631351,0.0,0.0,1456631420389
production-topology3-3-1456631357,0.0,0.0,1456631420390
production-topology4-4-1456631363,0.0,0.0,1456631420390
production-topology1-1-1456631344,0.0,0.0,1456631430978
production-topology2-2-1456631351,0.0,0.0,1456631430978
production-topology3-3-1456631357,0.0,0.0,1456631430978
production-topology4-4-1456631363,0.0,0.0,1456631430978
production-topology1-1-1456631344,0.0,0.0,1456631441523
production-topology2-2-1456631351,0.0,0.0,1456631441523
production-topology3-3-1456631357,0.0,0.0,1456631441523
production-topology4-4-1456631363,0.0,0.0,1456631441524
production-topology1-1-1456631344,0.0,0.0,1456631452025
production-topology2-2-1456631351,0.0,0.0,1456631452026
production-topology3-3-1456631357,0.0,0.0,1456631452026
production-topology4-4-1456631363,0.0,0.0,1456631452026
production-topology1-1-1456631344,0.0,0.0,1456631462540
production-topology2-2-1456631351,0.0,0.0,1456631462540
production-topology3-3-1456631357,0.0,0.0,1456631462541
production-topology4-4-1456631363,0.0,0.0,1456631462541
production-topology1-1-1456631344,0.0,0.0,1456631473039
production-topology2-2-1456631351,0.0,0.0,1456631473039
production-topology3-3-1456631357,0.0,0.0,1456631473039
production-topology4-4-1456631363,0.0,0.0,1456631473040
production-topology1-1-1456631344,0.0,0.0,1456631483536
production-topology2-2-1456631351,0.0,0.0,1456631483536
production-topology3-3-1456631357,0.0,0.0,1456631483537
production-topology4-4-1456631363,0.0,0.0,1456631483537
production-topology1-1-1456631344,0.0,0.0,1456631494049
production-topology2-2-1456631351,0.0,0.0,1456631494049
production-topology3-3-1456631357,0.0,0.0,1456631494049
production-topology4-4-1456631363,0.0,0.0,1456631494050
production-topology1-1-1456631344,0.0,0.0,1456631504554
production-topology2-2-1456631351,0.0,0.0,1456631504554
production-topology3-3-1456631357,0.0,0.0,1456631504555
production-topology4-4-1456631363,0.0,0.0,1456631504555
production-topology1-1-1456631344,0.0,0.0,1456631515060
production-topology2-2-1456631351,0.0,0.0,1456631515060
production-topology3-3-1456631357,0.0,0.0,1456631515060
production-topology4-4-1456631363,0.0,0.0,1456631515061
production-topology1-1-1456631344,0.0,0.0,1456631525553
production-topology2-2-1456631351,0.0,0.0,1456631525554
production-topology3-3-1456631357,0.0,0.0,1456631525554
production-topology4-4-1456631363,0.0,0.0,1456631525554
production-topology1-1-1456631344,0.0,0.0,1456631536040
production-topology2-2-1456631351,0.0,0.0,1456631536041
production-topology3-3-1456631357,0.0,0.0,1456631536041
production-topology4-4-1456631363,0.0,0.0,1456631536041
production-topology1-1-1456631344,0.0,0.0,1456631546520
production-topology2-2-1456631351,0.0,0.0,1456631546520
production-topology3-3-1456631357,0.0,0.0,1456631546520
production-topology4-4-1456631363,0.0,0.0,1456631546521
production-topology1-1-1456631344,0.0,0.0,1456631556959
production-topology2-2-1456631351,0.0,0.0,1456631556959
production-topology3-3-1456631357,0.0,0.0,1456631556960
production-topology4-4-1456631363,0.0,0.0,1456631556960
production-topology1-1-1456631344,0.0,0.0,1456631567376
production-topology2-2-1456631351,0.0,0.0,1456631567376
production-topology3-3-1456631357,0.0,0.0,1456631567377
production-topology4-4-1456631363,0.0,0.0,1456631567377
production-topology1-1-1456631344,0.0,0.0,1456631577787
production-topology2-2-1456631351,0.0,0.0,1456631577788
production-topology3-3-1456631357,0.0,0.0,1456631577788
production-topology4-4-1456631363,0.0,0.0,1456631577788
production-topology1-1-1456631344,0.0,0.0,1456631588215
production-topology2-2-1456631351,0.0,0.0,1456631588216
production-topology3-3-1456631357,0.0,0.0,1456631588216
production-topology4-4-1456631363,0.0,0.0,1456631588216
production-topology1-1-1456631344,0.0,0.0,1456631598648
production-topology2-2-1456631351,0.0,0.0,1456631598648
production-topology3-3-1456631357,0.0,0.0,1456631598648
production-topology4-4-1456631363,0.0,0.0,1456631598649
production-topology1-1-1456631344,0.0,0.0,1456631609074
production-topology2-2-1456631351,0.0,0.0,1456631609074
production-topology3-3-1456631357,0.0,0.0,1456631609075
production-topology4-4-1456631363,0.0,0.0,1456631609075
production-topology1-1-1456631344,0.0,0.0,1456631619499
production-topology2-2-1456631351,0.0,0.0,1456631619499
production-topology3-3-1456631357,0.0,0.0,1456631619499
production-topology4-4-1456631363,0.0,0.0,1456631619500
production-topology1-1-1456631344,0.0,0.0,1456631629805
production-topology2-2-1456631351,0.0,0.0,1456631629805
production-topology3-3-1456631357,0.0,0.0,1456631629806
production-topology4-4-1456631363,0.0,0.0,1456631629806
production-topology1-1-1456631344,0.0,0.0,1456631640102
production-topology2-2-1456631351,0.0,0.0,1456631640102
production-topology3-3-1456631357,0.0,0.0,1456631640102
production-topology4-4-1456631363,0.0,0.0,1456631640103
