Running observer at: 1456814616582
production-topology1-1-1456814616,0.0,0.0,0,0,1456814616871
Running observer at: 1456814617514
production-topology1-1-1456814616,0.0,0.0,0,0,1456814617879
Running observer at: 1456814623505
production-topology2-2-1456814623,0.0,0.0,0,0,1456814623891
production-topology1-1-1456814616,0.0,0.0,0,0,1456814623892
Running observer at: 1456814628284
production-topology2-2-1456814623,0.0,0.0,0,0,1456814628732
production-topology1-1-1456814616,0.0,0.0,0,0,1456814628732
Running observer at: 1456814630734
production-topology2-2-1456814623,0.0,0.0,0,0,1456814631414
production-topology1-1-1456814616,0.0,0.0,60,0,1456814631414
production-topology3-3-1456814630,0.0,0.0,0,0,1456814631414
Running observer at: 1456814637876
production-topology4-4-1456814637,0.0,0.0,0,0,1456814638674
production-topology2-2-1456814623,0.0,0.0,260,0,1456814638674
production-topology1-1-1456814616,0.3896940418679549,0.06494900697799248,460,140,1456814638674
production-topology3-3-1456814630,0.0,0.0,0,0,1456814638674
Running observer at: 1456814639273
production-topology4-4-1456814637,0.0,0.0,0,0,1456814639846
production-topology2-2-1456814623,0.0,0.0,220,0,1456814639846
production-topology1-1-1456814616,0.888888888888889,0.18265470439383485,120,80,1456814639846
production-topology3-3-1456814630,0.0,0.0,0,0,1456814639846
Running observer at: 1456814650498
production-topology4-4-1456814637,0.0,0.0,0,0,1456814651094
production-topology2-2-1456814623,1.152722249986118,0.19212037499768633,1740,1200,1456814651094
production-topology1-1-1456814616,1.177198293245962,0.3069726530003507,2240,1580,1456814651094
production-topology3-3-1456814630,0.08,0.02,300,40,1456814651094
Running observer at: 1456814661759
production-topology4-4-1456814637,0.7211904033810458,0.18029760084526145,1340,1620,1456814662489
production-topology2-2-1456814623,1.0727661766400696,0.3179269180894554,2320,1680,1456814662489
production-topology1-1-1456814616,1.0838950079456409,0.39329735910538294,2100,1380,1456814662489
production-topology3-3-1456814630,1.0882769810395416,0.23365539620790834,2200,4280,1456814662490
Running observer at: 1456814673159
production-topology4-4-1456814637,1.1317007578538776,0.37057823224698466,2420,4980,1456814673793
production-topology2-2-1456814623,0.9827881968630655,0.40103457793615666,2380,1560,1456814673794
production-topology1-1-1456814616,0.8527990376349222,0.4392475269583368,2320,1400,1456814673794
production-topology3-3-1456814630,1.031108010236451,0.36656416521266544,2180,4000,1456814673794
Running observer at: 1456814684458
production-topology4-4-1456814637,1.0136332678715343,0.4777540715177429,2260,4180,1456814685119
production-topology2-2-1456814623,1.1981312882288928,0.489600879079794,1960,1320,1456814685119
production-topology1-1-1456814616,1.0568387699226305,0.49539218540963625,2200,1500,1456814685119
production-topology3-3-1456814630,1.0017089045324103,0.45729912797262895,2160,3680,1456814685120
Running observer at: 1456814695720
production-topology4-4-1456814637,0.9122309954604115,0.5398222035095527,2040,3560,1456814696362
production-topology2-2-1456814623,0.9136091610075382,0.5320017072725685,2220,1400,1456814696362
production-topology1-1-1456814616,0.9880477398715718,0.5364468149481308,2500,1540,1456814696362
production-topology3-3-1456814630,0.9915185298683431,0.5240765532095932,2260,4180,1456814696363
Running observer at: 1456814707007
production-topology4-4-1456814637,1.0570763407521426,0.6044789706648764,2360,4340,1456814707672
production-topology2-2-1456814623,0.987784038094544,0.5734364646200207,2540,1500,1456814707672
production-topology1-1-1456814616,0.8918285144566301,0.563783868756477,1880,1220,1456814707673
production-topology3-3-1456814630,1.0277185534372824,0.5800367754571142,2320,4260,1456814707673
Running observer at: 1456814718364
production-topology4-4-1456814637,1.0031414009966182,0.6487747962572922,2380,4100,1456814718962
production-topology2-2-1456814623,0.906807649897577,0.6012173967264838,2040,1380,1456814718962
production-topology1-1-1456814616,1.107362797894227,0.6026109351234591,2320,1520,1456814718962
production-topology3-3-1456814630,0.9313155654230627,0.615164654453709,1960,3520,1456814718962
Running observer at: 1456814729439
production-topology4-4-1456814637,0.9418261615737358,0.6780799327889365,2260,4140,1456814730016
production-topology2-2-1456814623,1.0458094501326618,0.635416785450036,2220,1380,1456814730016
production-topology1-1-1456814616,0.9570941812112171,0.6262431515293095,2340,1520,1456814730016
production-topology3-3-1456814630,1.0704229073794291,0.6565517683560472,2340,4120,1456814730017
Running observer at: 1456814740612
production-topology4-4-1456814637,1.1282686992607627,0.7190061842863753,1960,3660,1456814741210
production-topology2-2-1456814623,1.0319611634352068,0.6637413838775482,2320,1380,1456814741211
production-topology1-1-1456814616,1.0381985797036022,0.6519903657902029,2140,1300,1456814741211
production-topology3-3-1456814630,0.9765454636240911,0.6832179096283842,2380,4380,1456814741211
Running observer at: 1456814751939
production-topology4-4-1456814637,0.9977849230970246,0.7422377458539294,2360,4140,1456814752521
production-topology2-2-1456814623,1.1079577574181723,0.6933558087802564,2180,1500,1456814752521
production-topology1-1-1456814616,1.037317967073912,0.6746566952774798,2200,1500,1456814752521
production-topology3-3-1456814630,0.921821123077605,0.701572002970632,2180,3860,1456814752522
Running observer at: 1456814763081
production-topology4-4-1456814637,1.0275061971613613,0.764181472877578,2160,4140,1456814763638
production-topology2-2-1456814623,0.8137000880900187,0.7008773262371166,2140,1220,1456814763638
production-topology1-1-1456814616,1.079287107085504,0.6971361626001479,2300,1480,1456814763638
production-topology3-3-1456814630,1.0807580968119255,0.7286567239592958,2100,3940,1456814763638
Running observer at: 1456814774092
production-topology4-4-1456814637,0.8780080285604261,0.7723119411406386,2180,3560,1456814774666
production-topology2-2-1456814623,1.256158951379363,0.733540951245484,2160,1520,1456814774667
production-topology1-1-1456814616,0.9889567278834437,0.7124951397203214,2080,1360,1456814774667
production-topology3-3-1456814630,0.9850439712536317,0.7457492071122515,2360,4100,1456814774667
Running observer at: 1456814785345
production-topology4-4-1456814637,1.0654357574100952,0.7918535288919357,2220,4120,1456814785913
production-topology2-2-1456814623,0.9268920162367343,0.7442826770783313,2460,1500,1456814785914
production-topology1-1-1456814616,0.9518641023065804,0.7244635878496343,2260,1460,1456814785914
production-topology3-3-1456814630,1.0510042323970756,0.764827646192553,2200,4160,1456814785914
Running observer at: 1456814796512
production-topology4-4-1456814637,1.0057952528837621,0.8052248866414249,2300,4060,1456814797060
production-topology2-2-1456814623,0.9845021722775118,0.756925808404604,2040,1240,1456814797061
production-topology1-1-1456814616,0.9947337958012926,0.7373335977520943,2340,1400,1456814797061
production-topology3-3-1456814630,0.9983485294514866,0.7785641687371961,2100,3740,1456814797061
Running observer at: 1456814807648
production-topology4-4-1456814637,0.9290748248916718,0.8125101771267335,2060,3740,1456814808279
production-topology2-2-1456814623,0.9497254126220438,0.766565788615476,2200,1500,1456814808279
production-topology1-1-1456814616,0.9775352341723743,0.7482518539530161,2380,1580,1456814808280
production-topology3-3-1456814630,1.0042797731656428,0.7911039245387764,2340,4080,1456814808280
Running observer at: 1456814818867
production-topology4-4-1456814637,1.0877474341651978,0.8278011358510926,2300,4140,1456814819415
production-topology2-2-1456814623,0.9954875153859681,0.7774668232235946,2420,1540,1456814819416
production-topology1-1-1456814616,0.9444242353493872,0.7567810879267713,1940,1260,1456814819416
production-topology3-3-1456814630,1.0115314695606388,0.8027053742767692,2240,4160,1456814819416
Running observer at: 1456814829986
production-topology4-4-1456814637,0.9882345039392733,0.8362449973294179,2420,4320,1456814830550
production-topology2-2-1456814623,1.054203339279338,0.7900457557715829,2020,1280,1456814830550
production-topology1-1-1456814616,0.997699122253076,0.766819339357034,2260,1480,1456814830550
production-topology3-3-1456814630,0.9738659784167083,0.8112634044837662,2060,3660,1456814830551
Running observer at: 1456814841140
production-topology4-4-1456814637,1.0100473549341085,0.8449351152096524,1860,3460,1456814841719
production-topology2-2-1456814623,1.0062342405824416,0.7994452551111854,2160,1360,1456814841719
production-topology1-1-1456814616,0.9636106025854149,0.7746909898861692,2400,1480,1456814841719
production-topology3-3-1456814630,0.9993893955542229,0.8202217850109308,2340,4120,1456814841720
Running observer at: 1456814852324
production-topology4-4-1456814637,1.0208638202399507,0.8533126725920475,2300,4120,1456814852843
production-topology2-2-1456814623,1.0276502518602981,0.8089537966423984,2460,1560,1456814852844
production-topology1-1-1456814616,0.9369502252735465,0.7809317297087606,1920,1240,1456814852844
production-topology3-3-1456814630,0.9706931864328971,0.8270613941664746,2260,4120,1456814852844
Running observer at: 1456814863433
production-topology4-4-1456814637,0.9479198082031308,0.8576129969380059,2400,4340,1456814864056
production-topology2-2-1456814623,0.9983502264836092,0.8165296538360468,1980,1320,1456814864056
production-topology1-1-1456814616,1.1022666448580707,0.7928330228624387,2300,1540,1456814864056
production-topology3-3-1456814630,1.0613768159395207,0.8372490212000854,2060,3640,1456814864056
Running observer at: 1456814874824
production-topology4-4-1456814637,1.0502454854978898,0.865988322527566,1940,3460,1456814875420
production-topology2-2-1456814623,0.7619832117335911,0.8144317137551831,2220,1360,1456814875420
production-topology1-1-1456814616,0.9733121240219433,0.7992787050467067,2420,1460,1456814875421
production-topology3-3-1456814630,0.96021623055749,0.8423726549233105,2280,4040,1456814875421
Running observer at: 1456814885983
production-topology4-4-1456814637,0.9120107972735069,0.8679059256419802,2420,4220,1456814886551
production-topology2-2-1456814623,1.18859040837214,0.8282894431854407,2320,1560,1456814886552
production-topology1-1-1456814616,0.971965837089294,0.8052334337378304,2040,1420,1456814886552
production-topology3-3-1456814630,1.0176229459559736,0.849382666564617,2400,4340,1456814886552
Running observer at: 1456814897028
production-topology4-4-1456814637,1.0373001459957982,0.8746816944561329,2300,4180,1456814897628
production-topology2-2-1456814623,1.0363945823706393,0.8357217695849121,2240,1360,1456814897629
production-topology1-1-1456814616,1.108280967005276,0.8153350181800786,2260,1380,1456814897629
production-topology3-3-1456814630,0.9679397349407771,0.8539425538098541,1940,3500,1456814897629
Running observer at: 1456814908220
production-topology4-4-1456814637,1.0577531648278429,0.8817229048550448,2040,3640,1456814908803
production-topology2-2-1456814623,0.9905781922536112,0.8410616462286604,2020,1440,1456814908804
production-topology1-1-1456814616,1.0888206340593756,0.851629039315391,2280,1480,1456814908804
production-topology3-3-1456814630,1.030877321286804,0.8604956933460374,2220,4060,1456814908804
Running observer at: 1456814919344
production-topology4-4-1456814637,0.9124413307167416,0.882860624331404,2340,4060,1456814919909
production-topology2-2-1456814623,0.9193638873441826,0.8436717209325111,2300,1380,1456814919910
production-topology1-1-1456814616,0.9595917735962424,0.883615431768599,2020,1380,1456814919910
production-topology3-3-1456814630,0.9138357804715986,0.8624006964576646,2480,4260,1456814919910
Running observer at: 1456814930464
production-topology4-4-1456814637,1.0282224401176636,0.8880521177523418,2200,4200,1456814931058
production-topology2-2-1456814623,1.2512456782289485,0.8853799102068094,2180,1480,1456814931059
production-topology1-1-1456814616,0.8994996441825392,0.9135987532413504,2340,1440,1456814931059
production-topology3-3-1456814630,1.0346964393186862,0.8683419289701135,1980,3500,1456814931059
Running observer at: 1456814941651
production-topology4-4-1456814637,1.0267420540666445,0.8928345293493867,2160,3820,1456814942249
production-topology2-2-1456814623,0.8284809977182138,0.9129959434640831,2180,1380,1456814942249
production-topology1-1-1456814616,0.9903404323697236,0.9466101009870079,2320,1480,1456814942249
production-topology3-3-1456814630,1.1519696716834562,0.8777961870605584,2160,4140,1456814942250
Running observer at: 1456814952749
production-topology4-4-1456814637,1.0587928725353026,0.8983664741222506,2140,4000,1456814953307
production-topology2-2-1456814623,1.0955666502389165,0.9495148318053803,2360,1440,1456814953307
production-topology1-1-1456814616,1.0777998994469582,0.9825367643019065,2000,1280,1456814953308
production-topology3-3-1456814630,0.9603347820532281,0.9098073464623326,2400,4420,1456814953308
Running observer at: 1456814963921
production-topology4-4-1456814637,0.8769158947179638,0.9275970039461827,2380,4000,1456814964616
production-topology2-2-1456814623,0.8865055827119152,0.9790650178957775,2140,1340,1456814964616
production-topology1-1-1456814616,0.9705126784829208,1.0018973855224054,2240,1460,1456814964616
production-topology3-3-1456814630,0.9627495908346971,0.9418989994901559,2000,3460,1456814964617
Running observer at: 1456814975170
production-topology4-4-1456814637,1.0576763335187125,0.9628528817301398,2280,4100,1456814975736
production-topology2-2-1456814623,1.1309424520433697,1.0167630996305566,2140,1400,1456814975737
production-topology1-1-1456814616,1.0496287534664586,1.0072553810083245,2340,1440,1456814975737
production-topology3-3-1456814630,0.9789811169321687,0.9745317033878947,2280,4020,1456814975737
Running observer at: 1456814986208
production-topology4-4-1456814637,1.0474086573041463,0.9977665036402781,1960,3740,1456814986777
production-topology2-2-1456814623,0.9308813597660479,1.0093684032898875,2300,1360,1456814986777
production-topology1-1-1456814616,1.0432789432104543,1.0027914026738074,2000,1320,1456814986777
production-topology3-3-1456814630,0.9997899159663866,1.005191367253441,2380,4400,1456814986778
Running observer at: 1456814997298
production-topology4-4-1456814637,0.9582658591982851,1.0056690188341861,2360,4000,1456814997950
production-topology2-2-1456814623,0.9408502664908862,1.0049712062849148,2160,1340,1456814997962
production-topology1-1-1456814616,1.004499499304228,1.0001448857190938,2280,1480,1456814997962
production-topology3-3-1456814630,1.0029611844737896,1.002347507367916,2100,3620,1456814997963
Running observer at: 1456815008488
production-topology4-4-1456814637,1.0169605718541597,1.0018443459675288,2280,4220,1456815009074
production-topology2-2-1456814623,1.1735180669167637,1.0113288686200381,2080,1440,1456815009074
production-topology1-1-1456814616,0.958775450984185,1.0036774328307358,2300,1480,1456815009075
production-topology3-3-1456814630,1.0359393978610878,1.0025085536220706,2100,3860,1456815009075
Running observer at: 1456815019613
production-topology4-4-1456814637,1.000167173580103,1.0013954761578145,2000,3700,1456815020205
production-topology2-2-1456814623,0.9691354070357237,1.003695672580266,2380,1440,1456815020205
production-topology1-1-1456814616,0.9923850516477966,1.0015289755549082,2020,1300,1456815020205
production-topology3-3-1456814630,0.9752654648737806,1.0016271056334496,2440,4320,1456815020205
Running observer at: 1456815030876
production-topology4-4-1456814637,1.0529591052846867,1.006086413151957,2220,4060,1456815031430
production-topology2-2-1456814623,1.0359341380275358,1.0077731718142657,2380,1480,1456815031430
production-topology1-1-1456814616,0.998571107063546,1.0018797544613072,2260,1400,1456815031430
production-topology3-3-1456814630,1.0031635373522778,1.0020152725495808,2260,4140,1456815031431
Running observer at: 1456815042098
production-topology4-4-1456814637,0.9721333606613376,1.0032549804822635,2500,4380,1456815042640
production-topology2-2-1456814623,0.9307303351507296,1.0058713817161387,1980,1400,1456815042640
production-topology1-1-1456814616,1.0483814178801714,1.0070981845754254,2280,1480,1456815042640
production-topology3-3-1456814630,1.004793266403055,1.0012510963151064,2100,3740,1456815042640
Running observer at: 1456815053247
production-topology4-4-1456814637,0.9953718811063976,1.0029959964859227,1900,3500,1456815053864
production-topology2-2-1456814623,1.0575869376931468,1.010897357975991,2160,1300,1456815053864
production-topology1-1-1456814616,0.9504325234302518,1.0018671754266262,2420,1600,1456815053864
production-topology3-3-1456814630,0.9357810123873858,1.0013999445472508,2320,4020,1456815053865
Running observer at: 1456815064506
production-topology4-4-1456814637,1.0114718873998654,1.005317520680127,2280,4080,1456815065102
production-topology2-2-1456814623,0.878343357603767,1.0053151548916943,2440,1580,1456815065103
production-topology1-1-1456814616,0.8936551657816927,0.9997525415789753,2100,1280,1456815065103
production-topology3-3-1456814630,1.0821819987876573,1.0017919142608582,2240,4140,1456815065103
Running observer at: 1456815075610
production-topology4-4-1456814637,1.0544036718830285,1.0028553531008693,2360,4300,1456815076159
production-topology2-2-1456814623,1.119709029446995,1.008240083758754,2160,1380,1456815076159
production-topology1-1-1456814616,1.0574708784746594,1.0003949515380108,2240,1420,1456815076159
production-topology3-3-1456814630,1.0172380345511187,1.0031483332917592,2000,3760,1456815076159
Running observer at: 1456815086741
production-topology4-4-1456814637,1.0017771701982228,1.0029884280042427,1940,3520,1456815087287
production-topology2-2-1456814623,1.0730979250091008,1.0070780893451183,2000,1360,1456815087287
production-topology1-1-1456814616,0.9825478876357895,0.9985692822234066,2340,1540,1456815087287
production-topology3-3-1456814630,1.0323310539018502,1.0068319976525675,2280,4100,1456815087287
Running observer at: 1456815097873
production-topology4-4-1456814637,0.9775621118012423,1.0013236251589053,2300,4140,1456815098458
production-topology2-2-1456814623,0.8761552865458548,1.0091599292936462,2420,1460,1456815098458
production-topology1-1-1456814616,0.9455794046174691,0.9941123588078054,2020,1320,1456815098458
production-topology3-3-1456814630,0.9600610212263392,1.0028087617997146,2340,4140,1456815098458
Running observer at: 1456815109024
production-topology4-4-1456814637,0.9873783429360905,1.0049693023047608,2380,4300,1456815109584
production-topology2-2-1456814623,1.029280898439777,1.0015973275289936,2140,1420,1456815109584
production-topology1-1-1456814616,1.064080012956598,0.9966164683102439,2260,1480,1456815109584
production-topology3-3-1456814630,0.9494740362773642,1.0016230973005056,1980,3680,1456815109584
Running observer at: 1456815120164
production-topology4-4-1456814637,1.0045913167659288,1.0029411542832887,1920,3420,1456815120677
production-topology2-2-1456814623,0.9332881328073634,1.001810531414681,2080,1380,1456815120677
production-topology1-1-1456814616,1.0828664719023886,1.0009832139634376,2280,1440,1456815120677
production-topology3-3-1456814630,1.0900685361302642,1.0029252407582787,2380,4160,1456815120678
Running observer at: 1456815131263
production-topology4-4-1456814637,0.965664643913618,1.001603467317617,2340,4140,1456815131808
production-topology2-2-1456814623,1.1060655125171253,1.0058626427560016,2400,1520,1456815131808
production-topology1-1-1456814616,0.9109976528661652,0.9981920091989331,1980,1280,1456815131809
production-topology3-3-1456814630,1.006566484617448,1.003199172597144,2320,4300,1456815131809
Running observer at: 1456815142295
production-topology4-4-1456814637,1.0179561881337147,1.004566179425685,2480,4300,1456815142840
production-topology2-2-1456814623,0.9410073132364429,1.0055720394431484,2180,1380,1456815142840
production-topology1-1-1456814616,1.0001159978075955,0.9989447013201073,2280,1460,1456815142840
production-topology3-3-1456814630,0.930399278941624,1.0007364894563435,1960,3500,1456815142840
Running observer at: 1456815153380
production-topology4-4-1456814637,0.9533785347504645,1.0000872161118608,1840,3380,1456815153956
production-topology2-2-1456814623,1.0383750762763575,1.007001624806161,1960,1300,1456815153956
production-topology1-1-1456814616,0.9424176031003252,0.9988778135784718,2240,1500,1456815153956
production-topology3-3-1456814630,1.0303247184344053,1.0013629310854688,2320,4160,1456815153956
Running observer at: 1456815164575
production-topology4-4-1456814637,1.0622648092140294,1.0025548929543526,2300,4140,1456815165138
production-topology2-2-1456814623,1.0023362430838332,1.0052727215996442,2460,1500,1456815165138
production-topology1-1-1456814616,0.9907419891123417,0.9986459091404474,2180,1200,1456815165139
production-topology3-3-1456814630,0.9800033765127089,1.0015675110220024,2280,4020,1456815165139
Running observer at: 1456815175623
production-topology4-4-1456814637,0.9618417595746116,1.0009480397757027,2380,4340,1456815176226
production-topology2-2-1456814623,0.9960474308300394,1.0049331612745642,2200,1440,1456815176227
production-topology1-1-1456814616,1.0991176750558802,1.0031628115561295,2260,1540,1456815176227
production-topology3-3-1456814630,1.0260684644394984,1.0024568133181782,2020,3660,1456815176227
Running observer at: 1456815186760
production-topology4-4-1456814637,1.0339045035268586,1.0013827292185995,2000,3500,1456815187289
production-topology2-2-1456814623,0.9704705081023759,1.0030271698159667,2040,1360,1456815187289
production-topology1-1-1456814616,0.9325780602376348,1.003017072721599,2280,1440,1456815187289
production-topology3-3-1456814630,0.9717270617188285,1.0024912758277091,2280,4160,1456815187289
Running observer at: 1456815197901
production-topology4-4-1456814637,1.003404066634362,1.0032322044996405,2260,4140,1456815198472
production-topology2-2-1456814623,1.0727777292406855,1.0055080865745358,2360,1480,1456815198472
production-topology1-1-1456814616,1.2298876831579215,1.007271107331594,2020,1320,1456815198472
production-topology3-3-1456814630,1.0182023242151057,1.0010521261035619,2360,4300,1456815198472
Running observer at: 1456815209034
production-topology4-4-1456814637,0.9680800293268035,1.0004933559606044,2420,4220,1456815209634
production-topology2-2-1456814623,0.8662200782442666,1.0089826487915583,2220,1460,1456815209634
production-topology1-1-1456814616,0.9503466602227665,1.0065055918716215,2260,1440,1456815209634
production-topology3-3-1456814630,0.9792710121107847,1.0016872854886716,1980,3460,1456815209635
Running observer at: 1456815220206
production-topology4-4-1456814637,0.9998096581939084,1.0034199846579512,2020,3720,1456815220783
production-topology2-2-1456814623,1.2141447379209238,1.0098344597765179,2140,1360,1456815220784
production-topology1-1-1456814616,0.9314903650652444,1.0051564094708199,2340,1460,1456815220784
production-topology3-3-1456814630,1.0344572750191001,1.0022484297907759,2260,4120,1456815220784
Running observer at: 1456815231362
production-topology4-4-1456814637,1.060711177651037,1.0042003523797924,2120,3900,1456815231894
production-topology2-2-1456814623,0.8178980485054255,1.0025512419810108,2340,1480,1456815231895
production-topology1-1-1456814616,1.096999328331204,1.0047803548483507,1960,1340,1456815231895
production-topology3-3-1456814630,1.0233281452014298,1.0040947101327975,2440,4340,1456815231895
Running observer at: 1456815242385
production-topology4-4-1456814637,1.0075332674050386,1.002526355799032,2400,4340,1456815242929
production-topology2-2-1456814623,1.1066005715851162,1.0064186546253944,2120,1420,1456815242929
production-topology1-1-1456814616,0.9598807940729481,1.0004823601821364,2400,1500,1456815242929
production-topology3-3-1456814630,0.9166154465414685,1.0002859809746196,1900,3460,1456815242929
Running observer at: 1456815253475
production-topology4-4-1456814637,0.911428903216956,1.002492608215706,2000,3440,1456815254046
production-topology2-2-1456814623,1.0547423829658116,1.0109312711461154,2020,1280,1456815254047
production-topology1-1-1456814616,1.0903341922285092,1.004840440803212,2200,1440,1456815254047
production-topology3-3-1456814630,0.9894943954338817,1.0028079348066958,2340,4160,1456815254047
Running observer at: 1456815264596
production-topology4-4-1456814637,1.0414814444416662,1.002934575026506,2220,4200,1456815265197
production-topology2-2-1456814623,0.9755749789855014,1.0017422478380005,2420,1440,1456815265197
production-topology1-1-1456814616,0.8194438654271062,1.0021719148446977,2040,1260,1456815265197
production-topology3-3-1456814630,1.096385790240251,1.0048642465040813,2200,4060,1456815265197
Running observer at: 1456815275708
production-topology4-4-1456814637,1.025954868036655,1.002908335492173,2260,4080,1456815276289
production-topology2-2-1456814623,1.0515806882500163,1.0091789041890606,2100,1460,1456815276289
production-topology1-1-1456814616,1.092393890802196,1.005573696792447,2260,1420,1456815276289
production-topology3-3-1456814630,0.9408065645515452,0.997825476266351,2140,3680,1456815276289
/var/nimbus/storm/bin/storm rebalance production-topology3 -e spout_head=11
1456815276641
/var/nimbus/storm/bin/storm rebalance production-topology2 -e spout_head=9
Running observer at: 1456815286830
production-topology4-4-1456814637,0.9175731032807722,0.9982010098503554,2100,3680,1456815287451
production-topology2-2-1456814623,0.99751833572628,0.99751833572628,128440,82020,1456815287451
production-topology1-1-1456814616,1.073010414779396,1.005414047303528,2360,1520,1456815287452
production-topology3-3-1456814630,0.9993291714876569,0.9993291714876569,126520,227340,1456815287452
Running observer at: 1456815298035
production-topology4-4-1456814637,1.0006638433127353,1.002325941470181,2300,4160,1456815298581
production-topology2-2-1456814623,3.4925882198609464,2.2450532777936134,220,280,1456815298581
production-topology1-1-1456814616,0.9437060512311943,1.004520493061804,2040,1300,1456815298581
production-topology3-3-1456814630,0.8048682087143626,0.9020986901010097,260,480,1456815298582
Running observer at: 1456815309112
production-topology4-4-1456814637,1.0386295720143273,1.0016910494200348,2320,4300,1456815309679
production-topology2-2-1456814623,1.0,1.8300355185290755,0,0,1456815309679
production-topology1-1-1456814616,1.0142532467532466,1.003341309504697,2300,1460,1456815309679
production-topology3-3-1456814630,2.0,1.2680657934006732,0,0,1456815309679
Running observer at: 1456815316043
production-topology4-4-1456814637,0.8632554471063787,0.9955526090801093,1400,2200,1456815316606
production-topology2-2-1456814623,1.0,1.6225266388968067,0,0,1456815316607
production-topology1-1-1456814616,0.8324960480132896,0.996315212998125,1300,840,1456815316607
production-topology3-3-1456814630,2.0,1.4510493450505049,0,0,1456815316607
Running observer at: 1456815317091
production-topology4-4-1456814637,2.209821428571429,1.0372711280592142,80,220,1456815317710
production-topology2-2-1456814623,1.0,1.4980213111174454,0,0,1456815317710
production-topology1-1-1456814616,1.1909774436090224,1.0025311444749514,360,220,1456815317711
production-topology3-3-1456814630,0.0,1.160839476040404,114120,0,1456815317711
Running observer at: 1456815320170
production-topology4-4-1456814637,1.0869678953626636,1.0396047055094975,580,1040,1456815320655
production-topology2-2-1456814623,1.002144846605325,1.4153752336987588,0,32920,1456815320656
production-topology1-1-1456814616,1.0706590523228892,1.0062605978529082,600,460,1456815320656
production-topology3-3-1456814630,0.9941731384792406,1.1330617531135434,76320,136740,1456815320656
Running observer at: 1456815331109
production-topology4-4-1456814637,0.9840696413281478,1.039068121101099,2220,4180,1456815331688
production-topology2-2-1456814623,1.002144846605325,1.3563423212568397,0,32920,1456815331688
production-topology1-1-1456814616,1.0429872226553953,1.0079473368864946,2060,1320,1456815331689
production-topology3-3-1456814630,0.7422031131781182,1.0772248045513397,1980,2600,1456815331689
Running observer at: 1456815342210
production-topology4-4-1456814637,1.0341427793341715,1.0384409102360819,2360,4160,1456815342793
production-topology2-2-1456814623,1.2513211447323795,1.3432146741912823,1180,700,1456815342793
production-topology1-1-1456814616,0.9204115402494599,1.0053420179926917,2220,1380,1456815342793
production-topology3-3-1456814630,0.984624091646415,1.065649715438224,2360,4300,1456815342793
Running observer at: 1456815353350
production-topology4-4-1456814637,1.0179989745677458,1.0399697640329622,1960,3600,1456815353878
production-topology2-2-1456814623,0.9228739280870695,1.2965101468463698,1940,1320,1456815353878
production-topology1-1-1456814616,1.112154713588566,1.0074677945163049,2380,1600,1456815353878
production-topology3-3-1456814630,1.0710324652794807,1.0662477987539194,2340,4280,1456815353878
Running observer at: 1456815364364
production-topology4-4-1456814637,1.0117218725466146,1.0405147637476362,2340,4180,1456815365010
production-topology2-2-1456814623,0.9728417968749999,1.264143311849233,2000,1240,1456815365010
production-topology1-1-1456814616,1.103969300526568,1.0125856870861822,2040,1280,1456815365010
production-topology3-3-1456814630,1.008034693282517,1.060426488206779,2620,4540,1456815365010
Running observer at: 1456815375479
production-topology4-4-1456814637,1.0272271732526344,1.0410399399427286,2240,4040,1456815376079
production-topology2-2-1456814623,0.9881386320531058,1.239051977322312,1920,1260,1456815376079
production-topology1-1-1456814616,0.8501464931114688,1.011135397997175,2160,1440,1456815376079
production-topology3-3-1456814630,1.0091079220428998,1.0557611640100628,2040,3760,1456815376079
Running observer at: 1456815386630
production-topology4-4-1456814637,0.9350652938133515,1.0370619940070727,2100,3680,1456815387264
production-topology2-2-1456814623,1.051125703564728,1.2233914545091802,2100,1300,1456815387264
production-topology1-1-1456814616,1.0706030303589236,1.011573136393317,2380,1460,1456815387264
production-topology3-3-1456814630,1.0129099000734962,1.0521902253486823,2640,4800,1456815387264
Running observer at: 1456815397764
production-topology4-4-1456814637,1.004298314122085,1.037146032137868,2320,4080,1456815398389
production-topology2-2-1456814623,1.0466688804073767,1.2097974103475029,1880,1260,1456815398389
production-topology1-1-1456814616,0.9231268181460806,1.0095924340769933,2060,1300,1456815398389
production-topology3-3-1456814630,0.9186942247361212,1.0419213022246392,2620,4500,1456815398389
Running observer at: 1456815408876
production-topology4-4-1456814637,1.0078792162125494,1.0381566022849116,2240,4100,1456815409499
production-topology2-2-1456814623,0.9186110173544951,1.188998382276574,2020,1260,1456815409499
production-topology1-1-1456814616,1.0697894099873664,1.013732767589323,2220,1380,1456815409499
production-topology3-3-1456814630,1.0648873365794953,1.043561733249986,2040,3860,1456815409499
Running observer at: 1456815420049
production-topology4-4-1456814637,1.0766043214444814,1.0411308015685248,2000,3700,1456815420588
production-topology2-2-1456814623,0.9132798418512704,1.1706171462482202,2080,1280,1456815420588
production-topology1-1-1456814616,1.0225011581292967,1.0123468057617464,2440,1520,1456815420588
production-topology3-3-1456814630,0.9743967282619053,1.0389507329174472,2680,4820,1456815420589
Running observer at: 1456815431090
production-topology4-4-1456814637,1.0008570238019292,1.0410063251363912,2360,4060,1456815431620
production-topology2-2-1456814623,1.246902488509808,1.1753849801395695,1900,1240,1456815431620
production-topology1-1-1456814616,0.988080230174509,1.009187264370817,1820,1240,1456815431620
production-topology3-3-1456814630,1.0762901744719924,1.0412844480146064,2480,4560,1456815431620
Running observer at: 1456815442068
production-topology4-4-1456814637,0.970403970614865,1.0411643026930997,2240,4120,1456815442570
production-topology2-2-1456814623,1.127648674572724,1.1725769621650493,1920,1320,1456815442570
production-topology1-1-1456814616,0.9565548323711298,1.0107058370209827,2360,1440,1456815442570
production-topology3-3-1456814630,0.9342608391804588,1.034988941612598,2180,3820,1456815442570
Running observer at: 1456815453113
production-topology4-4-1456814637,1.1224815336095388,1.0446484808756271,2040,3780,1456815453564
production-topology2-2-1456814623,0.7968381161329585,1.151702581829933,2120,1220,1456815453564
production-topology1-1-1456814616,0.9214055615825714,1.0080821558134818,2480,1580,1456815453565
production-topology3-3-1456814630,1.0330812381472585,1.0348829580867456,2620,4760,1456815453565
Running observer at: 1456815464102
production-topology4-4-1456814637,0.9120217601411151,1.043269921721982,2340,4020,1456815464651
production-topology2-2-1456814623,1.0008228521470734,1.143761543425572,1940,1260,1456815464651
production-topology1-1-1456814616,1.1302637545901746,1.014343694196477,1900,1240,1456815464651
production-topology3-3-1456814630,0.958604554895655,1.0308683052872145,2340,4220,1456815464651
Running observer at: 1456815475319
production-topology4-4-1456814637,1.0046396165040234,1.041349081964982,2260,4220,1456815475813
production-topology2-2-1456814623,1.0993769531999626,1.1415423139142915,1980,1260,1456815475813
production-topology1-1-1456814616,0.9958991147494993,1.014515598384382,2280,1520,1456815475814
production-topology3-3-1456814630,1.0946808803748906,1.0340589340415982,2260,4060,1456815475814
Running observer at: 1456815486380
production-topology4-4-1456814637,0.9701193152247334,1.0416250004866527,1960,3380,1456815486858
production-topology2-2-1456814623,0.9849912165129556,1.1340874997523231,2000,1340,1456815486858
production-topology1-1-1456814616,1.0228821997395305,1.011974415873837,2340,1460,1456815486858
production-topology3-3-1456814630,0.9413911823335295,1.0296461839602618,2680,4680,1456815486858
Running observer at: 1456815497353
production-topology4-4-1456814637,1.0087417686537437,1.0407862426575487,2340,4440,1456815497931
production-topology2-2-1456814623,0.9621155924592113,1.1262705948753635,1840,1100,1456815497931
production-topology1-1-1456814616,1.0277891907233705,1.0151481202233616,1900,1280,1456815497931
production-topology3-3-1456814630,0.9452413304280001,1.0258095997087953,2360,4080,1456815497931
Running observer at: 1456815508580
production-topology4-4-1456814637,0.9776434505728113,1.039927555455497,2080,3540,1456815508993
production-topology2-2-1456814623,0.9797253903486532,1.1198990642437676,1980,1360,1456815508993
production-topology1-1-1456814616,0.9912996378523067,1.007195185379841,2400,1440,1456815508993
production-topology3-3-1456814630,1.043093844521369,1.0265610886136898,2240,4260,1456815508993
Running observer at: 1456815519458
production-topology4-4-1456814637,1.0297266315483622,1.0419824421962154,2120,3920,1456815520017
production-topology2-2-1456814623,0.9886209328688802,1.1144291421031471,2120,1340,1456815520017
production-topology1-1-1456814616,1.0180273694917386,1.0094512090221401,2220,1440,1456815520017
production-topology3-3-1456814630,1.0163224555855088,1.0261344789041822,2580,4620,1456815520017
Running observer at: 1456815530513
production-topology4-4-1456814637,0.9770839330161363,1.0412249180236233,2360,4180,1456815531077
production-topology2-2-1456814623,1.1748152729105112,1.1168445873354418,1740,1160,1456815531077
production-topology1-1-1456814616,1.0265342773584332,1.0126193394319132,1960,1320,1456815531077
production-topology3-3-1456814630,1.0197169811320754,1.025877778993298,2040,3800,1456815531077
Running observer at: 1456815541632
production-topology4-4-1456814637,1.063199814334513,1.041307872579739,2040,3720,1456815542157
production-topology2-2-1456814623,1.0578812918591973,1.1145767682786631,2060,1340,1456815542157
production-topology1-1-1456814616,1.0748066743828308,1.0118795843003006,2280,1480,1456815542157
production-topology3-3-1456814630,1.0309372799196823,1.0260723751827743,2680,4740,1456815542157
Running observer at: 1456815552628
production-topology4-4-1456814637,1.0574842373716247,1.0429729049119585,2220,4100,1456815553175
production-topology2-2-1456814623,0.7744768121110649,1.101980473605789,2180,1340,1456815553175
production-topology1-1-1456814616,0.8735711137159247,1.0090025949550665,2260,1400,1456815553175
production-topology3-3-1456814630,0.9816121417648955,1.024425699871001,2560,4520,1456815553175
Running observer at: 1456815563631
production-topology4-4-1456814637,0.9024338419797309,1.0426730695373845,2340,4240,1456815564255
production-topology2-2-1456814623,1.1441049750584231,1.1034849200862402,1640,1120,1456815564255
production-topology1-1-1456814616,1.0361825643078773,1.0071975406910454,2060,1320,1456815564255
production-topology3-3-1456814630,1.022950418950419,1.0243730112666944,2000,3820,1456815564255
Running observer at: 1456815574827
production-topology4-4-1456814637,1.0187178672490051,1.0419142836309623,1960,3600,1456815575397
production-topology2-2-1456814623,0.9193492457955269,1.0971354140762157,2200,1260,1456815575397
production-topology1-1-1456814616,0.9908008522371226,1.0129094402513794,2400,1620,1456815575398
production-topology3-3-1456814630,0.9946570210977674,1.0233483219505246,2700,4800,1456815575398
Running observer at: 1456815585894
production-topology4-4-1456814637,0.9732039411413931,1.04015591940112,2360,4040,1456815586510
production-topology2-2-1456814623,1.1933460633776076,1.1003424357195954,2060,1400,1456815586510
production-topology1-1-1456814616,0.9543242551011696,1.0083071190613453,2120,1460,1456815586510
production-topology3-3-1456814630,1.005281502954802,1.0227460946506672,2520,4460,1456815586510
Running observer at: 1456815596985
production-topology4-4-1456814637,1.0056538408797677,1.0430919439877535,2280,4120,1456815597542
production-topology2-2-1456814623,1.0148325587426377,1.1009195764868072,1800,1100,1456815597542
production-topology1-1-1456814616,1.0694220824328495,1.008187507983127,2000,1300,1456815597542
production-topology3-3-1456814630,0.9602387470861655,1.0214430805039507,2200,3800,1456815597543
Running observer at: 1456815608093
production-topology4-4-1456814637,1.030714240945948,1.0440936239088605,2040,3680,1456815608674
production-topology2-2-1456814623,0.8977366731017828,1.0144245249281683,2020,1300,1456815608674
production-topology1-1-1456814616,0.9809822476190476,1.009430047862722,2500,1520,1456815608674
production-topology3-3-1456814630,1.0262939276198646,1.0288239378008008,2500,4740,1456815608674
Running observer at: 1456815619195
production-topology4-4-1456814637,0.9646998282493555,1.0416292991166947,2340,4160,1456815619767
production-topology2-2-1456814623,0.8854077955629427,1.0106047847802664,2220,1320,1456815619767
production-topology1-1-1456814616,1.0824397363704004,1.0117029308499608,2160,1380,1456815619767
production-topology3-3-1456814630,1.0169932783286608,0.9960570470784229,2600,4520,1456815619767
Running observer at: 1456815630235
production-topology4-4-1456814637,1.095124838286675,1.0493582788227047,2220,4120,1456815630826
production-topology2-2-1456814623,1.1099769855990056,1.0142706843002331,1740,1080,1456815630826
production-topology1-1-1456814616,0.9519514609530298,1.015684777947952,1980,1240,1456815630826
production-topology3-3-1456814630,0.9181125066173261,0.9599941306323337,2160,3860,1456815630826
Running observer at: 1456815641417
production-topology4-4-1456814637,0.9127910196594737,1.0061239318589728,2120,3660,1456815641909
production-topology2-2-1456814623,0.9663550271114739,1.013149185203949,1960,1360,1456815641909
production-topology1-1-1456814616,0.9626587017958206,1.008074153220845,2440,1580,1456815641910
production-topology3-3-1456814630,1.0660976969257423,0.9955307205298585,2620,4720,1456815641910
Running observer at: 1456815652565
production-topology4-4-1456814637,0.9824877511276373,1.002641260384472,2240,4080,1456815653116
production-topology2-2-1456814623,1.176292003254584,1.018954090425591,2240,1420,1456815653116
production-topology1-1-1456814616,1.130526855356599,1.0100697466553021,2180,1400,1456815653116
production-topology3-3-1456814630,1.040078620477255,0.9970609032631257,2480,4620,1456815653116
Running observer at: 1456815663595
production-topology4-4-1456814637,1.0572391467185285,1.0050802438974848,2320,4140,1456815664181
production-topology2-2-1456814623,1.0548725125755471,1.020711679291265,1660,1120,1456815664181
production-topology1-1-1456814616,0.9887318853512277,1.0082612354118299,1980,1300,1456815664181
production-topology3-3-1456814630,0.8772860120517931,1.0015636665589147,2160,3720,1456815664182
Running observer at: 1456815674816
production-topology4-4-1456814637,0.9457068262354131,1.002132378794193,2060,3740,1456815675329
production-topology2-2-1456814623,0.8623113833856995,1.0077446872463756,2080,1260,1456815675329
production-topology1-1-1456814616,0.9369079685746352,1.0088111163560023,2400,1560,1456815675329
production-topology3-3-1456814630,1.0529655332289003,1.0038417146116645,2620,4780,1456815675329
Running observer at: 1456815685936
production-topology4-4-1456814637,1.038843838632748,1.0028272075963598,2180,4020,1456815686446
production-topology2-2-1456814623,1.167680744149157,1.0159049144484453,2240,1460,1456815686446
production-topology1-1-1456814616,1.1546392800854135,1.010227268572564,2300,1540,1456815686446
production-topology3-3-1456814630,0.981508797387295,1.0008575923485916,2560,4520,1456815686446
Running observer at: 1456815696941
production-topology4-4-1456814637,1.0061769969729295,1.00264237841057,2320,4180,1456815697526
production-topology2-2-1456814623,0.8344722047703987,1.0112925947116254,1740,1080,1456815697526
production-topology1-1-1456814616,0.9776922034746177,1.0060180320041654,1980,1240,1456815697526
production-topology3-3-1456814630,1.0036399094390216,1.0007110995538084,2080,3780,1456815697527
Running observer at: 1456815708204
production-topology4-4-1456814637,1.0364059628487394,1.0029483380637736,2080,3720,1456815708703
production-topology2-2-1456814623,1.0789423563787042,1.0143193855224786,2040,1360,1456815708703
production-topology1-1-1456814616,0.9435317440666681,1.009130873702672,2380,1540,1456815708703
production-topology3-3-1456814630,0.9755126978783133,0.9995912587483222,2660,4780,1456815708703
Running observer at: 1456815719245
production-topology4-4-1456814637,0.9852330354272198,1.0046205961175694,2300,4120,1456815719793
production-topology2-2-1456814623,0.7946627172490766,1.0057706193119567,2040,1280,1456815719793
production-topology1-1-1456814616,1.0058176531059653,1.0069713611275735,1960,1300,1456815719793
production-topology3-3-1456814630,1.0484787160013918,1.0007768859459187,2520,4580,1456815719793
Running observer at: 1456815730378
production-topology4-4-1456814637,0.9237997920723648,1.0019373120492452,2280,4040,1456815730952
production-topology2-2-1456814623,1.151470608507017,1.0092640102486115,1860,1180,1456815730952
production-topology1-1-1456814616,0.9851280741730181,1.0090380696618046,2200,1360,1456815730952
production-topology3-3-1456814630,0.9814883113607616,1.00287002216674,2040,3740,1456815730952
Running observer at: 1456815741536
production-topology4-4-1456814637,1.1411023940508978,1.0063780846438568,2060,3720,1456815741996
production-topology2-2-1456814623,0.9583500117961622,1.010588643396667,2040,1340,1456815741996
production-topology1-1-1456814616,1.0018120611773949,1.0067721580348057,2400,1540,1456815741996
production-topology3-3-1456814630,1.0669794692299337,1.0029397599217547,2680,4820,1456815741996
Running observer at: 1456815752612
production-topology4-4-1456814637,0.9244624821188607,1.0013066899996697,2380,4140,1456815753107
production-topology2-2-1456814623,0.9964975360370962,1.0133625665361947,2180,1380,1456815753107
production-topology1-1-1456814616,1.0524473997114,1.0077703660875426,1980,1280,1456815753107
production-topology3-3-1456814630,0.9821503381411216,1.003198213584395,2580,4440,1456815753107
Running observer at: 1456815763712
production-topology4-4-1456814637,0.971870010331549,1.0003404562173237,2240,4100,1456815764290
production-topology2-2-1456814623,1.1616199068924318,1.0105198138156155,1740,1140,1456815764290
production-topology1-1-1456814616,0.9390593429779132,1.0061363365143225,2320,1400,1456815764290
production-topology3-3-1456814630,0.967460834213389,0.9995705689091082,2060,3860,1456815764291
Running observer at: 1456815774907
production-topology4-4-1456814637,1.0691785404472864,1.0036329418784042,2060,3700,1456815775422
production-topology2-2-1456814623,0.9308381088701919,1.003959461625531,2060,1300,1456815775422
production-topology1-1-1456814616,1.0877089927102113,1.0105081418589588,2300,1560,1456815775422
production-topology3-3-1456814630,0.9977235824079731,1.0016859936833586,2620,4860,1456815775423
Running observer at: 1456815786077
production-topology4-4-1456814637,1.0176549345229606,1.0001387219088513,2260,4040,1456815786625
production-topology2-2-1456814623,1.0513438207465027,1.012442985112649,2140,1480,1456815786626
production-topology1-1-1456814616,0.9743077700122099,1.0122715488066134,2360,1480,1456815786626
production-topology3-3-1456814630,0.9692995010504202,0.9995599357801306,2520,4440,1456815786626
Running observer at: 1456815797211
production-topology4-4-1456814637,0.9231224111906087,1.0005087436105013,2280,4200,1456815797833
production-topology2-2-1456814623,0.8884141962778017,1.008696029917007,1820,1040,1456815797833
production-topology1-1-1456814616,0.9366380406502474,1.0058173583419492,1880,1280,1456815797834
production-topology3-3-1456814630,1.0139652014652014,1.0014052906657822,2100,3780,1456815797834
Running observer at: 1456815808355
production-topology4-4-1456814637,1.0979834995838456,1.0036202063798287,2040,3660,1456815808845
production-topology2-2-1456814623,1.1939571156846551,1.01184870199983,2000,1300,1456815808846
production-topology1-1-1456814616,1.1084207617435031,1.009568079908416,2380,1560,1456815808846
production-topology3-3-1456814630,0.9498088286409454,0.9965762222746507,2740,4780,1456815808846
Running observer at: 1456815819418
production-topology4-4-1456814637,0.9515942983586263,1.003002705817625,2320,4160,1456815819881
production-topology2-2-1456814623,0.9950402232407062,1.012183668890755,2080,1420,1456815819881
production-topology1-1-1456814616,0.9578153790257701,1.0073991858846238,2340,1460,1456815819882
production-topology3-3-1456814630,1.0406185349296226,0.9998838006945204,2480,4620,1456815819882
Running observer at: 1456815830515
production-topology4-4-1456814637,0.9689934188083613,1.001677760822779,2260,4060,1456815831167
production-topology2-2-1456814623,0.8620636991678434,1.0088486057810426,1860,1060,1456815831167
production-topology1-1-1456814616,0.8025351097296084,0.9998907165181651,1880,1260,1456815831168
production-topology3-3-1456814630,0.9452352409519742,0.9998835977119863,2220,3780,1456815831168
/var/nimbus/storm/bin/storm rebalance production-topology1 -e spout_head=11
1456815831534
/var/nimbus/storm/bin/storm rebalance production-topology4 -e bolt_output_1=9
Running observer at: 1456815841704
production-topology4-4-1456814637,0.9993208432231127,0.9993208432231127,235480,423600,1456815842157
production-topology2-2-1456814623,1.0301776446301343,1.0105303475904255,2020,1400,1456815842157
production-topology1-1-1456814616,1.0008649617430683,1.0008649617430683,239260,153640,1456815842157
production-topology3-3-1456814630,1.0767989527490294,1.0010071013195752,2560,4860,1456815842157
Running observer at: 1456815852631
production-topology4-4-1456814637,1.1389026198714778,1.069111731547295,340,580,1456815853218
production-topology2-2-1456814623,1.0146314319401626,1.011397364226135,2080,1340,1456815853218
production-topology1-1-1456814616,0.6410256410256409,0.8209453013843546,260,200,1456815853219
production-topology3-3-1456814630,1.0147074690031612,1.000953268433497,2340,4280,1456815853219
Running observer at: 1456815863716
production-topology4-4-1456814637,2.0,1.3794078210315301,0,0,1456815864336
production-topology2-2-1456814623,0.9989184808146112,1.0055341378229383,1640,1080,1456815864336
production-topology1-1-1456814616,1.0,0.8806302009229031,0,0,1456815864336
production-topology3-3-1456814630,0.9632221366582441,0.999070106951036,2280,4080,1456815864336
Running observer at: 1456815870759
production-topology4-4-1456814637,2.0,1.5345558657736476,0,0,1456815871334
production-topology2-2-1456814623,0.8094299913556375,0.9972524278061531,1620,1040,1456815871334
production-topology1-1-1456814616,1.0,0.9104726506921773,0,0,1456815871334
production-topology3-3-1456814630,0.9706004270954103,0.9970588785235602,1760,3020,1456815871335
Running observer at: 1456815871938
production-topology4-4-1456814637,2.0,1.627644692618918,0,0,1456815872398
production-topology2-2-1456814623,1.0,1.0047698674024508,0,0,1456815872398
production-topology1-1-1456814616,1.0,0.9283781205537419,0,0,1456815872398
production-topology3-3-1456814630,1.0833333333333335,1.0004495849091746,260,500,1456815872398
Running observer at: 1456815874886
production-topology4-4-1456814637,2.0,1.689703910515765,0,0,1456815875318
production-topology2-2-1456814623,1.869889538661469,1.0289626861892192,660,320,1456815875318
production-topology1-1-1456814616,0.0,0.773648433794785,215660,60,1456815875318
production-topology3-3-1456814630,1.127488344988345,1.0039341824437722,600,1220,1456815875318
Running observer at: 1456815885773
production-topology4-4-1456814637,0.11554621848739495,1.4648242402259979,560,140,1456815886331
production-topology2-2-1456814623,1.0142612189680498,1.032126418628303,1880,1300,1456815886331
production-topology1-1-1456814616,0.9965170073755591,0.8054868014491812,145060,92640,1456815886332
production-topology3-3-1456814630,0.9896947582197819,1.0037687736811725,2320,4020,1456815886332
Running observer at: 1456815896790
production-topology4-4-1456814637,1.044039870598136,1.4122261940225151,1640,3100,1456815897313
production-topology2-2-1456814623,1.1847412118673117,1.0318395902446265,1820,1200,1456815897313
production-topology1-1-1456814616,0.9056408913169562,0.8180060626826531,2260,1340,1456815897313
production-topology3-3-1456814630,1.0471560832424962,1.0051645930240956,2340,4300,1456815897313
Running observer at: 1456815907852
production-topology4-4-1456814637,1.1228973499829054,1.3800785446847808,2440,4740,1456815908385
production-topology2-2-1456814623,0.9678294357027959,1.0302728194766317,2100,1360,1456815908386
production-topology1-1-1456814616,0.959108956840097,0.8336841620334803,2520,1620,1456815908386
production-topology3-3-1456814630,0.9160881103792893,1.0036929051338663,2540,4500,1456815908386
Running observer at: 1456815918867
production-topology4-4-1456814637,1.162812397006936,1.3583519299169962,1920,3920,1456815919456
production-topology2-2-1456814623,0.9300427881297446,1.0313496899775638,2000,1240,1456815919456
production-topology1-1-1456814616,1.1502158257866082,0.8653373284087931,2160,1340,1456815919457
production-topology3-3-1456814630,1.0374754795275398,1.004065623530789,2360,4280,1456815919457
Running observer at: 1456815929886
production-topology4-4-1456814637,0.909841081751778,1.317578216447431,2260,3820,1456815930364
production-topology2-2-1456814623,0.9046422668240849,1.0319908390196018,1780,1140,1456815930364
production-topology1-1-1456814616,0.8853178499210008,0.8671537394553575,2600,1640,1456815930365
production-topology3-3-1456814630,0.9250996411079233,1.0010025022900977,2460,4220,1456815930365
Running observer at: 1456815940976
production-topology4-4-1456814637,1.042024367776854,1.294615395724883,2380,4340,1456815941516
production-topology2-2-1456814623,1.2742193254234269,1.0374655836804159,2140,1400,1456815941516
production-topology1-1-1456814616,1.0224603034238833,0.8800959531194014,2540,1600,1456815941516
production-topology3-3-1456814630,1.1024147563750901,1.0071459106153564,2480,4620,1456815941516
Running observer at: 1456815952012
production-topology4-4-1456814637,0.9975040926692036,1.2717606801052155,2020,3760,1456815952577
production-topology2-2-1456814623,0.856512774142032,1.0338041752481013,1960,1220,1456815952578
production-topology1-1-1456814616,1.0600151408331215,0.8939358906358413,2140,1320,1456815952578
production-topology3-3-1456814630,0.9901274660808002,1.0046135695871916,2200,4000,1456815952578
Running observer at: 1456815963172
production-topology4-4-1456814637,0.9426933020683019,1.248255867388293,2220,3820,1456815963645
production-topology2-2-1456814623,0.9650997569801532,1.02676443370562,1860,1180,1456815963645
production-topology1-1-1456814616,1.064712852304578,0.906134245040751,2600,1700,1456815963645
production-topology3-3-1456814630,1.0330213815789473,1.0043783282905816,2500,4520,1456815963646
Running observer at: 1456815974243
production-topology4-4-1456814637,1.0539896798609338,1.2353047882198025,2440,4440,1456815974693
production-topology2-2-1456814623,1.1050759163966712,1.0284378804996577,2160,1360,1456815974693
production-topology1-1-1456814616,1.0093328102016623,0.9130141493848118,2580,1700,1456815974694
production-topology3-3-1456814630,0.9875271705442386,1.0080530335736628,2560,4460,1456815974694
Running observer at: 1456815985224
production-topology4-4-1456814637,1.0238789582066228,1.2220906738439787,1980,3740,1456815985790
production-topology2-2-1456814623,0.8612559468030848,1.028402699280237,1900,1160,1456815985790
production-topology1-1-1456814616,0.897590397560237,0.9120501648957758,2100,1320,1456815985791
production-topology3-3-1456814630,0.9691089241322886,1.0052578132704426,2140,3820,1456815985791
Running observer at: 1456815996426
production-topology4-4-1456814637,0.9086713943950786,1.2036542456411023,2200,3800,1456815996916
production-topology2-2-1456814623,0.9838314898860868,1.0222743908048013,1940,1260,1456815996916
production-topology1-1-1456814616,1.0126125754638253,0.9179656008115434,2540,1720,1456815996916
production-topology3-3-1456814630,0.9906208241520205,1.0055615474959336,2660,4920,1456815996916
Running observer at: 1456816007521
production-topology4-4-1456814637,1.0935867242463992,1.1975393833413965,2120,4000,1456816007935
production-topology2-2-1456814623,0.9479261441008661,1.0260561887824835,2160,1360,1456816007936
production-topology1-1-1456814616,1.0573106250155497,0.9257069910450993,2540,1620,1456816007936
production-topology3-3-1456814630,0.9871652255548775,1.0050123913664624,2560,4420,1456816007936
Running observer at: 1456816018519
production-topology4-4-1456814637,0.9076175906018076,1.1822803416182601,2320,3760,1456816019095
production-topology2-2-1456814623,1.1700512820512823,1.0290931529715694,1820,1260,1456816019096
production-topology1-1-1456814616,1.0619441604059718,0.9328773683798821,2200,1420,1456816019096
production-topology3-3-1456814630,1.0503167877345083,1.0075058610283354,2080,3880,1456816019096
Running observer at: 1456816029592
production-topology4-4-1456814637,1.074751760624614,1.1769039125685778,2220,4160,1456816030066
production-topology2-2-1456814623,1.0100975702257313,1.0362743147374578,2020,1220,1456816030066
production-topology1-1-1456814616,0.9519734440112635,0.9338321721614511,2620,1640,1456816030066
production-topology3-3-1456814630,1.0017469179773189,1.005948134427533,2600,4760,1456816030066
Running observer at: 1456816040552
production-topology4-4-1456814637,1.0790115663150026,1.1722423722707886,2020,3700,1456816041121
production-topology2-2-1456814623,1.258276209677419,1.039834501443138,1920,1340,1456816041121
production-topology1-1-1456814616,0.9108039358381868,0.9327355894793908,2220,1460,1456816041122
production-topology3-3-1456814630,0.9256754768200619,1.0040877066095097,2340,3980,1456816041122
Running observer at: 1456816051708
production-topology4-4-1456814637,0.890913960366128,1.1594547171842131,2220,3840,1456816052225
production-topology2-2-1456814623,0.703129775129941,1.0313271602209306,1800,1040,1456816052225
production-topology1-1-1456814616,1.091320790770627,0.9399440077199016,2320,1460,1456816052225
production-topology3-3-1456814630,1.0008831865071453,1.0018844971854166,2340,4280,1456816052225
Running observer at: 1456816062899
production-topology4-4-1456814637,1.0857168626493834,1.1562487235087857,2260,4340,1456816063347
production-topology2-2-1456814623,0.9852003055951714,1.0309505858728665,2140,1400,1456816063347
production-topology1-1-1456814616,1.0288739723679075,0.9438105279219888,2740,1740,1456816063347
production-topology3-3-1456814630,0.9996607725284328,1.0024681783316605,2700,4800,1456816063348
Running observer at: 1456816073811
production-topology4-4-1456814637,0.9977557286681035,1.1496448487237574,2120,3800,1456816074402
production-topology2-2-1456814623,1.2064250446873328,1.03244409046603,1980,1340,1456816074402
production-topology1-1-1456814616,0.9680986010387657,0.9448225309685211,2200,1440,1456816074402
production-topology3-3-1456814630,1.051974003554024,1.0052852839763482,2220,4080,1456816074402
Running observer at: 1456816084855
production-topology4-4-1456814637,0.9314787050918986,1.140918202978483,2160,3760,1456816085471
production-topology2-2-1456814623,0.923340218109716,1.0321941607740142,1780,1080,1456816085472
production-topology1-1-1456814616,1.0716353167656347,0.9498950424004056,2420,1520,1456816085472
production-topology3-3-1456814630,1.0334923672145075,1.0064775768032326,2360,4300,1456816085472
Running observer at: 1456816096086
production-topology4-4-1456814637,1.0720814284452742,1.1382706347272058,2420,4320,1456816096600
production-topology2-2-1456814623,0.9887885798412115,1.030108986077171,2080,1360,1456816096600
production-topology1-1-1456814616,0.9043893730967132,0.9481448243502636,2680,1660,1456816096600
production-topology3-3-1456814630,0.9547550542915975,1.005992761911272,2640,4720,1456816096601
Running observer at: 1456816107131
production-topology4-4-1456814637,1.036640711709212,1.134506563504317,2000,3760,1456816107700
production-topology2-2-1456814623,0.9902611612551988,1.0335038849097509,2140,1320,1456816107700
production-topology1-1-1456814616,1.0721612986376523,0.9527380271016483,2220,1520,1456816107701
production-topology3-3-1456814630,1.1059611186389644,1.0090592924837307,2240,4160,1456816107701
Running observer at: 1456816118169
production-topology4-4-1456814637,0.9254721285720483,1.1270410479710218,2180,3860,1456816118739
production-topology2-2-1456814623,1.1775974499150046,1.0329585627174294,1720,1060,1456816118739
production-topology1-1-1456814616,0.9909533928465203,0.9541028615925367,2400,1440,1456816118739
production-topology3-3-1456814630,0.9356791311654209,1.00858830256788,2340,4180,1456816118739
Running observer at: 1456816129315
production-topology4-4-1456814637,0.9653788344606136,1.1214664888844559,2460,4300,1456816129831
production-topology2-2-1456814623,0.9094673360231276,1.03010613314351,2180,1460,1456816129831
production-topology1-1-1456814616,1.0560769208701806,0.9576192084641795,2440,1680,1456816129831
production-topology3-3-1456814630,1.0274789915966387,1.0081503177901139,2500,4600,1456816129831
Running observer at: 1456816140374
production-topology4-4-1456814637,1.064571828474827,1.1195700002041349,2020,3740,1456816140985
production-topology2-2-1456814623,1.0790945609339853,1.0373404952023815,1920,1200,1456816140986
production-topology1-1-1456814616,0.9965775504944817,0.9589178198651896,2160,1320,1456816140986
production-topology3-3-1456814630,1.0322075290479762,1.0110493940599805,2420,4260,1456816140986
Running observer at: 1456816151465
production-topology4-4-1456814637,1.061561417019638,1.1216446859973523,2120,3940,1456816152099
production-topology2-2-1456814623,0.9448718671114318,1.0344969692850914,1860,1240,1456816152099
production-topology1-1-1456814616,1.0152851487138703,0.9593984927642164,2660,1720,1456816152099
production-topology3-3-1456814630,0.9414127829357549,1.0065365217328714,2400,4380,1456816152099
Running observer at: 1456816162550
production-topology4-4-1456814637,0.9232199285914762,1.1144552629546858,2480,4240,1456816163047
production-topology2-2-1456814623,1.1157219895231714,1.0378666545378583,2140,1320,1456816163047
production-topology1-1-1456814616,0.9435833485179786,0.9694837496806276,2520,1500,1456816163047
production-topology3-3-1456814630,1.0028690057380114,1.0061419062906998,2540,4420,1456816163048
Running observer at: 1456816173503
production-topology4-4-1456814637,1.0415665064102564,1.0825074798350276,2020,3660,1456816174052
production-topology2-2-1456814623,0.8666356068161671,1.0334572254045769,1880,1260,1456816174052
production-topology1-1-1456814616,1.0434674919544422,0.970932666079109,2060,1460,1456816174052
production-topology3-3-1456814630,1.0043890404058538,1.00751413641562,2280,4080,1456816174052
Running observer at: 1456816184641
production-topology4-4-1456814637,0.9954714199997221,1.0490231938350183,2160,3940,1456816185150
production-topology2-2-1456814623,0.9396753819444447,1.0377987384242036,2000,1260,1456816185151
production-topology1-1-1456814616,0.920488916969636,0.9682822966447637,2660,1640,1456816185151
production-topology3-3-1456814630,0.9956599028346247,1.0083494522735938,2440,4440,1456816185151
Running observer at: 1456816195743
production-topology4-4-1456814637,1.0189554207902107,1.0163217078613584,2420,4340,1456816196283
production-topology2-2-1456814623,1.08877801701268,1.0407580056579595,2120,1420,1456816196283
production-topology1-1-1456814616,1.1804554639401719,0.9742974787761028,2500,1740,1456816196283
production-topology3-3-1456814630,0.9924376183501984,1.0053195951074894,2580,4600,1456816196284
Running observer at: 1456816206785
production-topology4-4-1456814637,1.001074114925029,0.9830241783588595,2020,3780,1456816207388
production-topology2-2-1456814623,0.9384093383235196,1.0097086656466945,1900,1220,1456816207388
production-topology1-1-1456814616,0.8653008278888561,1.0031408397057313,2200,1360,1456816207388
production-topology3-3-1456814630,1.0677287218360707,1.0033276076690802,2200,4100,1456816207388
Running observer at: 1456816217942
production-topology4-4-1456814637,1.0331836378063677,1.0136120923361587,2180,3780,1456816218605
production-topology2-2-1456814623,1.0800253110776645,1.0119008020503486,1880,1180,1456816218605
production-topology1-1-1456814616,1.1502471087027422,1.0082651764166375,2580,1700,1456816218605
production-topology3-3-1456814630,0.9429667352494895,1.001770006903404,2520,4480,1456816218605
Running observer at: 1456816229126
production-topology4-4-1456814637,0.9319916524604985,1.0098771517315706,2420,4280,1456816229656
production-topology2-2-1456814623,0.9536999809881036,1.0041994276877082,2180,1380,1456816229656
production-topology1-1-1456814616,0.8248038182338019,1.0055706073138657,2640,1580,1456816229656
production-topology3-3-1456814630,0.9853158379653972,0.9997086653941671,2520,4480,1456816229656
Running observer at: 1456816240117
production-topology4-4-1456814637,1.096498323302435,1.008997184175555,2000,3800,1456816240733
production-topology2-2-1456814623,1.1122195858498705,1.0090124326926109,1920,1200,1456816240734
production-topology1-1-1456814616,1.031445282239322,1.0079818181605065,2040,1320,1456816240734
production-topology3-3-1456814630,0.9887887490009628,1.0021320200148895,2320,4140,1456816240734
Running observer at: 1456816251313
production-topology4-4-1456814637,0.9514509832679007,1.0019518037175872,2180,3840,1456816251831
production-topology2-2-1456814623,0.8863536093363115,1.0075561267328297,1840,1180,1456816251831
production-topology1-1-1456814616,1.0003543551436656,1.0029864358057419,2600,1760,1456816251832
production-topology3-3-1456814630,1.0272947501569138,1.0017926623692022,2460,4520,1456816251832
Running observer at: 1456816262462
production-topology4-4-1456814637,0.8967359612466201,1.0015149663674152,2040,3700,1456816262969
production-topology2-2-1456814623,1.067573666473768,1.0129871733878193,2200,1400,1456816262969
production-topology1-1-1456814616,1.0147341752872014,1.0073003133179486,2560,1600,1456816262970
production-topology3-3-1456814630,0.9860745996258613,1.0038251609864668,2560,4520,1456816262970
Running observer at: 1456816273463
production-topology4-4-1456814637,1.1231267022050206,1.0042183775150206,2420,4420,1456816274042
production-topology2-2-1456814623,0.8578696104466378,0.9991088495552595,2000,1180,1456816274042
production-topology1-1-1456814616,1.1648736405233295,1.0120474245545965,2060,1380,1456816274042
production-topology3-3-1456814630,1.081308865481521,1.0031216312900144,2180,4060,1456816274042
Running observer at: 1456816284497
production-topology4-4-1456814637,0.9569767131460665,1.0028674648642495,2160,3840,1456816284953
production-topology2-2-1456814623,1.134880598491971,1.0083877770335907,1800,1260,1456816284953
production-topology1-1-1456814616,0.8858626739666023,1.0062423423257125,2680,1640,1456816284953
production-topology3-3-1456814630,0.9560065843760632,1.0019842685665232,2620,4520,1456816284953
Running observer at: 1456816295513
production-topology4-4-1456814637,1.0160359392625828,1.0053122194373922,2100,3760,1456816296065
production-topology2-2-1456814623,1.059001870053063,1.0115178474693545,2160,1400,1456816296066
production-topology1-1-1456814616,1.0291513254786449,1.0050569580981816,2520,1620,1456816296066
production-topology3-3-1456814630,0.9503813229107881,0.9992295999442512,2320,4100,1456816296066
Running observer at: 1456816306641
production-topology4-4-1456814637,0.9580475426130808,1.0021141481957971,2300,4020,1456816307170
production-topology2-2-1456814623,1.0367904072364502,1.0092416638306803,1840,1240,1456816307170
production-topology1-1-1456814616,0.9680561609453767,1.0036810697896388,2140,1360,1456816307170
production-topology3-3-1456814630,1.0620929345087042,1.0017151254097334,2300,4200,1456816307170
Running observer at: 1456816317768
production-topology4-4-1456814637,1.010928216710611,1.0016824568125966,2280,4120,1456816318236
production-topology2-2-1456814623,0.8476293398330992,1.0087874435983477,2000,1080,1456816318236
production-topology1-1-1456814616,0.9885972518779932,1.0067146316002307,2700,1660,1456816318236
production-topology3-3-1456814630,0.9347261761144738,1.0005690338091398,2660,4720,1456816318236
Running observer at: 1456816328749
production-topology4-4-1456814637,1.050407025867386,1.0064069778616735,1980,3600,1456816329324
production-topology2-2-1456814623,0.8758008089030723,1.0051864208989136,2140,1500,1456816329325
production-topology1-1-1456814616,1.0065695007024362,1.006513195774851,2540,1660,1456816329325
production-topology3-3-1456814630,1.10294211498138,1.004313076836785,2200,4120,1456816329325
Running observer at: 1456816339953
production-topology4-4-1456814637,0.9946173223945256,1.0031079977999444,2440,4460,1456816340457
production-topology2-2-1456814623,1.0760227874765107,1.0094563090114355,1880,1220,1456816340457
production-topology1-1-1456814616,1.0408094812164579,1.0059631576482146,2080,1360,1456816340457
production-topology3-3-1456814630,0.9806586579018703,1.0040961912483515,2400,4300,1456816340457
Running observer at: 1456816351081
production-topology4-4-1456814637,0.9802793824215962,1.005530057527271,2200,3820,1456816351568
production-topology2-2-1456814623,1.0492989749718074,1.0054312321087862,1840,1120,1456816351568
production-topology1-1-1456814616,0.9522983774884651,1.002308298217631,2660,1660,1456816351568
production-topology3-3-1456814630,0.929483906053871,1.0000684285256634,2740,4760,1456816351568
Running observer at: 1456816362167
production-topology4-4-1456814637,1.0516967374362332,1.0047615567543249,2000,3700,1456816362714
production-topology2-2-1456814623,1.0265875478156514,1.0059808980284501,2140,1440,1456816362714
production-topology1-1-1456814616,0.9252475919142584,1.0014174364810642,2500,1620,1456816362715
production-topology3-3-1456814630,1.0026364929942784,1.0000980810262285,2180,4080,1456816362715
Running observer at: 1456816373277
production-topology4-4-1456814637,1.0113506045982747,1.0025061913637672,2440,4400,1456816373765
production-topology2-2-1456814623,0.9257195399612634,0.9948956757045784,2020,1220,1456816373765
production-topology1-1-1456814616,0.9566073855507592,1.0029442181381496,2120,1320,1456816373765
production-topology3-3-1456814630,1.1012153652498706,1.0059494106405558,2320,4300,1456816373765
Running observer at: 1456816384404
production-topology4-4-1456814637,0.9424089909931168,1.0042226923846669,2160,3820,1456816384884
production-topology2-2-1456814623,1.0597471405815604,1.0067829212196324,1840,1220,1456816384884
production-topology1-1-1456814616,1.1464360649550376,1.0047813939442967,2680,1720,1456816384884
production-topology3-3-1456814630,0.9520731134841698,1.0043224082064564,2760,4700,1456816384884
Running observer at: 1456816395541
production-topology4-4-1456814637,1.0494886904838672,1.0030150866458163,2080,3680,1456816396083
production-topology2-2-1456814623,0.9696906287476625,1.006265931991382,2180,1340,1456816396083
production-topology1-1-1456814616,1.0047524547236473,1.0039773433561547,2520,1680,1456816396083
production-topology3-3-1456814630,0.9221310946585465,1.0017380856107936,2320,4160,1456816396083
Running observer at: 1456816406642
production-topology4-4-1456814637,0.9440672085240079,1.0012254693076796,2420,4360,1456816407150
production-topology2-2-1456814623,0.867234404939323,0.9949595773331151,1940,1240,1456816407150
production-topology1-1-1456814616,0.9434425112768113,1.0031554736974226,2160,1380,1456816407150
production-topology3-3-1456814630,1.1433591679245039,1.004784257756476,2340,4280,1456816407150
Running observer at: 1456816417780
production-topology4-4-1456814637,1.0233835447498238,1.0042889639629438,2180,3840,1456816418272
production-topology2-2-1456814623,1.3120167729750634,1.0079154624952933,1780,1240,1456816418273
production-topology1-1-1456814616,1.039276547111247,1.0020768480422764,2640,1720,1456816418273
production-topology3-3-1456814630,0.9784525414185612,1.0029495968966113,2560,4780,1456816418273
Running observer at: 1456816428927
production-topology4-4-1456814637,1.1253814246535412,1.0060656305032194,1960,3740,1456816429497
production-topology2-2-1456814623,0.8513689055571082,1.0033348066858232,2280,1400,1456816429497
production-topology1-1-1456814616,1.0325107265240303,1.006347559823187,2420,1660,1456816429498
production-topology3-3-1456814630,0.9546823737683379,1.0029471742125027,2360,4040,1456816429498
Running observer at: 1456816439969
production-topology4-4-1456814637,0.8784374687724479,1.0007921890719937,2500,4280,1456816440431
production-topology2-2-1456814623,1.188743337974099,1.0099508792431198,1860,1260,1456816440432
production-topology1-1-1456814616,0.9890029834177477,1.0035756159825235,2120,1300,1456816440432
production-topology3-3-1456814630,0.9994805385517594,0.9993978215429292,2300,4220,1456816440432
Running observer at: 1456816450776
production-topology4-4-1456814637,1.0589307833164765,1.005240810896808,2040,3920,1456816451173
production-topology2-2-1456814623,0.9186221700780586,1.0013183699152217,1820,1140,1456816451173
production-topology1-1-1456814616,0.9714555460212942,1.002925687755016,2100,1320,1456816451173
production-topology3-3-1456814630,1.0198094589737565,1.002202165803207,2480,4560,1456816451174
Running observer at: 1456816461497
production-topology4-4-1456814637,1.1220699499783926,1.010463848080734,2120,3720,1456816461829
production-topology2-2-1456814623,1.370165842827775,1.01667498680871,900,640,1456816461830
production-topology1-1-1456814616,1.0,1.0010564570593432,0,0,1456816461830
production-topology3-3-1456814630,1.006433618769145,1.0015006533756237,2280,4100,1456816461830
