Running observer at: 1456551876795
production-topology1-1-1456551876,0.0,0.0,0,0,1456551877098
Running observer at: 1456551877518
production-topology1-1-1456551876,0.0,0.0,0,0,1456551877834
Running observer at: 1456551883731
production-topology1-1-1456551876,0.0,0.0,0,0,1456551884093
production-topology2-2-1456551883,0.0,0.0,0,0,1456551884093
Running observer at: 1456551888259
production-topology1-1-1456551876,0.0,0.0,0,0,1456551888674
production-topology2-2-1456551883,0.0,0.0,0,0,1456551888675
Running observer at: 1456551890589
production-topology1-1-1456551876,0.0,0.0,80,0,1456551891028
production-topology2-2-1456551883,0.0,0.0,0,0,1456551891028
production-topology3-3-1456551890,0.0,0.0,0,0,1456551891029
Running observer at: 1456551898054
production-topology1-1-1456551876,0.5419624746450304,0.09032707910750508,580,0,1456551898607
production-topology4-4-1456551897,0.0,0.0,0,0,1456551898607
production-topology2-2-1456551883,0.0,0.0,80,0,1456551898607
production-topology3-3-1456551890,0.0,0.0,0,0,1456551898607
Running observer at: 1456551899168
production-topology1-1-1456551876,0.75,0.18456606780643292,120,0,1456551899743
production-topology4-4-1456551897,0.0,0.0,0,0,1456551899744
production-topology2-2-1456551883,0.0,0.0,0,0,1456551899744
production-topology3-3-1456551890,0.0,0.0,0,0,1456551899744
Running observer at: 1456551910357
production-topology1-1-1456551876,1.1500812309909594,0.3052554632044987,2200,0,1456551910928
production-topology4-4-1456551897,0.0,0.0,0,0,1456551910928
production-topology2-2-1456551883,1.0055794063478671,0.1675965677246445,1420,0,1456551910928
production-topology3-3-1456551890,0.15625,0.0390625,320,0,1456551910928
Running observer at: 1456551921595
production-topology1-1-1456551876,1.0121444652313156,0.3837986856519228,1900,0,1456551922356
production-topology4-4-1456551897,0.7769389728940139,0.19423474322350348,760,0,1456551922356
production-topology2-2-1456551883,1.0511296337992222,0.2938155771638699,2140,0,1456551922357
production-topology3-3-1456551890,1.0797712634816987,0.24720425269633975,2180,0,1456551922357
Running observer at: 1456551933030
production-topology1-1-1456551876,0.9463464154892726,0.4400534586356578,2500,0,1456551933644
production-topology4-4-1456551897,1.0616666418200875,0.3677211229428203,2300,0,1456551933644
production-topology2-2-1456551883,0.9563456058295552,0.37663183074708056,2420,0,1456551933645
production-topology3-3-1456551890,1.0837721247310275,0.3866322313687877,2380,0,1456551933645
Running observer at: 1456551944290
production-topology1-1-1456551876,1.0063422822876655,0.4915342607858403,2400,0,1456551944829
production-topology4-4-1456551897,1.0290782205163955,0.47794730587174944,2400,0,1456551944829
production-topology2-2-1456551883,0.9534897332736183,0.4407271532500292,2280,0,1456551944830
production-topology3-3-1456551890,0.8634287418067801,0.45474601857421515,2020,0,1456551944830
Running observer at: 1456551955373
production-topology1-1-1456551876,1.1218757784357973,0.5440627205900034,2060,0,1456551955996
production-topology4-4-1456551897,1.0643601060386403,0.5617205630384482,1900,0,1456551955996
production-topology2-2-1456551883,1.0335400062391817,0.5000084385489445,1900,0,1456551955997
production-topology3-3-1456551890,1.0558046824272052,0.529878351555839,2300,0,1456551955997
Running observer at: 1456551966586
production-topology1-1-1456551876,0.9472083565221113,0.5750739233540116,2160,0,1456551967154
production-topology4-4-1456551897,0.8834090733198185,0.6019316268236194,2380,0,1456551967154
production-topology2-2-1456551883,1.05290190733076,0.5502714811654732,2420,0,1456551967154
production-topology3-3-1456551890,1.0944580972922144,0.5926094344154362,2280,0,1456551967155
Running observer at: 1456551977774
production-topology1-1-1456551876,0.9330493286549072,0.6006435951612185,2480,0,1456551978413
production-topology4-4-1456551897,1.05030323616179,0.6517506945278606,2400,0,1456551978413
production-topology2-2-1456551883,0.9579843212293515,0.5842475511707964,2280,0,1456551978413
production-topology3-3-1456551890,0.9379747085081889,0.6271459618247115,2020,0,1456551978413
Running observer at: 1456551988946
production-topology1-1-1456551876,1.0997739751369495,0.6339189538262672,2240,0,1456551989623
production-topology4-4-1456551897,0.978797751122707,0.6844554001873453,2000,0,1456551989624
production-topology2-2-1456551883,0.9773940400623258,0.6144895887778371,1880,0,1456551989624
production-topology3-3-1456551890,0.9561739244495546,0.6570575947906063,2280,0,1456551989624
Running observer at: 1456552000180
production-topology1-1-1456551876,0.9890893844602916,0.6561171057408937,1840,0,1456552000743
production-topology4-4-1456551897,1.037930790960452,0.7165895266212641,2360,0,1456552000744
production-topology2-2-1456551883,1.1170891230715694,0.6503895555131036,2420,0,1456552000744
production-topology3-3-1456551890,0.976228734277216,0.6836551897478239,2400,0,1456552000744
Running observer at: 1456552011269
production-topology1-1-1456551876,0.9527082216344175,0.6735636419699245,2460,0,1456552011880
production-topology4-4-1456551897,0.9342351498254082,0.7347266618882761,2260,0,1456552011881
production-topology2-2-1456551883,0.8912862134948265,0.6664493327118851,2300,0,1456552011881
production-topology3-3-1456551890,1.1035425644533967,0.7159542185713295,1900,0,1456552011881
Running observer at: 1456552022489
production-topology1-1-1456551876,0.9854975322919548,0.6908933025433706,2240,0,1456552023004
production-topology4-4-1456551897,1.1346957234684507,0.7654935127790587,2000,0,1456552023004
production-topology2-2-1456551883,1.043315355786189,0.6900034591540292,2000,0,1456552023005
production-topology3-3-1456551890,0.9038982590111051,0.7293787928884564,2300,0,1456552023005
Running observer at: 1456552033529
production-topology1-1-1456551876,1.0933803654928735,0.7120768321722918,2000,0,1456552034117
production-topology4-4-1456551897,0.9678919468837011,0.7799505437865333,2300,0,1456552034117
production-topology2-2-1456551883,1.0923000490859598,0.7136679644441427,2300,0,1456552034117
production-topology3-3-1456551890,1.0484996665145392,0.7506535177968618,2340,0,1456552034118
Running observer at: 1456552044624
production-topology1-1-1456551876,0.9732008704926287,0.7251330340883086,2420,0,1456552045239
production-topology4-4-1456551897,0.9445810891531206,0.7909259134776391,2280,0,1456552045240
production-topology2-2-1456551883,0.8779855159880305,0.722796717307692,2320,0,1456552045240
production-topology3-3-1456551890,1.0550917520269882,0.7696809074362447,1940,0,1456552045240
Running observer at: 1456552055807
production-topology1-1-1456551876,0.9811873679323814,0.737326097604693,2240,0,1456552056505
production-topology4-4-1456551897,1.0817807814809584,0.8091043427278465,1900,0,1456552056505
production-topology2-2-1456551883,0.9820401046207498,0.7364411061136424,1900,0,1456552056506
production-topology3-3-1456551890,0.9927641435886249,0.7828034507393259,2320,0,1456552056506
Running observer at: 1456552067015
production-topology1-1-1456551876,1.220664351417165,0.7592960182325328,1880,0,1456552067570
production-topology4-4-1456551897,0.9429431138217177,0.8169772116157212,2440,0,1456552067570
production-topology2-2-1456551883,1.036757697492707,0.7514569356825956,2500,0,1456552067570
production-topology3-3-1456551890,1.0087150690704663,0.7953540962021671,2400,0,1456552067571
Running observer at: 1456552078045
production-topology1-1-1456551876,0.8442725715801744,0.762990650986778,2360,0,1456552078640
production-topology4-4-1456551897,1.0953871112628564,0.8324444282627843,2200,0,1456552078640
production-topology2-2-1456551883,1.109371169089048,0.7685004706067124,2220,0,1456552078640
production-topology3-3-1456551890,1.0038304097034083,0.806326533754864,1940,0,1456552078641
Running observer at: 1456552089474
production-topology1-1-1456551876,1.0315752640644842,0.7741816765316824,2360,0,1456552089985
production-topology4-4-1456551897,0.9978645789938299,0.841150751985471,2460,0,1456552089985
production-topology2-2-1456551883,0.9225143646445793,0.7755011021538883,2160,0,1456552089985
production-topology3-3-1456551890,1.0099335025373313,0.8165068821939874,2480,0,1456552089985
Running observer at: 1456552100488
production-topology1-1-1456551876,1.0934762186239946,0.7869534582153749,1960,0,1456552101077
production-topology4-4-1456551897,0.9377538819988531,0.8459809084861399,2020,0,1456552101077
production-topology2-2-1456551883,0.9552544586662046,0.7833164654805107,2220,0,1456552101077
production-topology3-3-1456551890,0.9354341235526984,0.8221700841634499,2240,0,1456552101077
Running observer at: 1456552111735
production-topology1-1-1456551876,0.9813265666465782,0.7944293470011904,2300,0,1456552112302
production-topology4-4-1456551897,1.0169087506808394,0.8541203295430305,2260,0,1456552112302
production-topology2-2-1456551883,1.0575016523463319,0.7947408482665866,2380,0,1456552112302
production-topology3-3-1456551890,1.0072346466855344,0.8305821097326356,2020,0,1456552112303
Running observer at: 1456552122916
production-topology1-1-1456551876,0.9450397315546774,0.8000075093920602,2300,0,1456552123463
production-topology4-4-1456551897,1.0520567911072476,0.8631174414323131,2380,0,1456552123463
production-topology2-2-1456551883,0.9812593964573068,0.8022015901942154,2240,0,1456552123463
production-topology3-3-1456551890,1.056880647647146,0.8404211765984838,2260,0,1456552123463
Running observer at: 1456552133970
production-topology1-1-1456551876,0.9515954892367435,0.8054213658150847,2040,0,1456552134520
production-topology4-4-1456551897,0.9622027290448343,0.8674254974154662,1900,0,1456552134520
production-topology2-2-1456551883,1.0693101275136243,0.8124749954757312,2000,0,1456552134521
production-topology3-3-1456551890,0.9162623900600306,0.8435812271593816,2320,0,1456552134521
Running observer at: 1456552145252
production-topology1-1-1456551876,1.1130624953801567,0.8160296806276733,2240,0,1456552145812
production-topology4-4-1456551897,0.9347458608708661,0.8702305125594411,2280,0,1456552145812
production-topology2-2-1456551883,1.0555078768799129,0.8214762133055156,2300,0,1456552145812
production-topology3-3-1456551890,0.9972955319639698,0.8497297993515651,2160,0,1456552145813
Running observer at: 1456552156345
production-topology1-1-1456551876,0.9478489743460614,0.820423657084953,2340,0,1456552156915
production-topology4-4-1456551897,1.012048683361927,0.8759032393915405,2460,0,1456552156915
production-topology2-2-1456551883,0.969948634823644,0.8267787997883059,2320,0,1456552156915
production-topology3-3-1456551890,1.0042482278323592,0.8556728158315957,2140,0,1456552156916
Running observer at: 1456552167503
production-topology1-1-1456551876,0.9828124161117612,0.8531840709553451,2180,0,1456552168133
production-topology4-4-1456551897,1.0367799197241223,0.8820908040197166,1940,0,1456552168133
production-topology2-2-1456551883,0.9204649094956502,0.8300093552954557,1900,0,1456552168133
production-topology3-3-1456551890,0.9927355775244835,0.8607492144128138,2360,0,1456552168134
Running observer at: 1456552178707
production-topology1-1-1456551876,1.0966836966179165,0.8897401941759423,2080,0,1456552179259
production-topology4-4-1456551897,0.9566778889049029,0.8848532886450939,2200,0,1456552179259
production-topology2-2-1456551883,1.0106284396111385,0.8360299914393118,2460,0,1456552179259
production-topology3-3-1456551890,0.9868498969193307,0.865252810216618,2400,0,1456552179260
Running observer at: 1456552189833
production-topology1-1-1456551876,1.0733861160499982,0.9255197313776089,2420,0,1456552190332
production-topology4-4-1456551897,1.0828044936085632,0.8919229745366464,2440,0,1456552190332
production-topology2-2-1456551883,1.0252267621370306,0.8702042168438795,2280,0,1456552190332
production-topology3-3-1456551890,1.1073667073667073,0.873601565290759,1840,0,1456552190332
Running observer at: 1456552200919
production-topology1-1-1456551876,0.9341004689841899,0.956656413677082,2320,0,1456552201505
production-topology4-4-1456551897,0.9650749614576858,0.8944454568442685,1860,0,1456552201505
production-topology2-2-1456551883,1.1706713343818935,0.9092265946566093,1880,0,1456552201505
production-topology3-3-1456551890,0.973741820384141,0.8769395737938718,2420,0,1456552201505
Running observer at: 1456552212083
production-topology1-1-1456551876,0.9082849793676359,0.9869325796560031,1940,0,1456552212617
production-topology4-4-1456551897,0.9736947225372055,0.897087099034033,2360,0,1456552212617
production-topology2-2-1456551883,0.8012008061514244,0.9359332881949901,2540,0,1456552212617
production-topology3-3-1456551890,1.0165008692694273,0.9108229361028528,2280,0,1456552212617
Running observer at: 1456552223200
production-topology1-1-1456551876,0.9740196162731373,1.0013344843769398,2340,0,1456552223702
production-topology4-4-1456551897,0.9656600494163756,0.9292757673479122,2380,0,1456552223702
production-topology2-2-1456551883,1.1144195590289658,0.973080606829289,2160,0,1456552223702
production-topology3-3-1456551890,0.98421502618184,0.9436301036422474,1920,0,1456552223702
Running observer at: 1456552234311
production-topology1-1-1456551876,1.0591824007286812,1.0116405644012292,2320,0,1456552234900
production-topology4-4-1456551897,1.1432267798636735,0.9673833266767013,1860,0,1456552234900
production-topology2-2-1456551883,0.9509099802291647,1.0047776061702611,2000,0,1456552234900
production-topology3-3-1456551890,0.9506960758462759,0.9753199728371234,2320,0,1456552234901
Running observer at: 1456552245457
production-topology1-1-1456551876,0.99123969193311,1.0063458464326345,1900,0,1456552246106
production-topology4-4-1456551897,0.9824189648336681,1.0001306255044902,2380,0,1456552246106
production-topology2-2-1456551883,0.9415740343789681,1.0026440937712977,2380,0,1456552246106
production-topology3-3-1456551890,1.0969167606841441,1.006675531526595,2360,0,1456552246106
Running observer at: 1456552256610
production-topology1-1-1456551876,1.0016528114883816,1.0059961246412032,2400,0,1456552257123
production-topology4-4-1456551897,0.9667752286699995,1.006458500697023,2360,0,1456552257123
production-topology2-2-1456551883,1.0548306776653182,1.0027674619001676,2360,0,1456552257123
production-topology3-3-1456551890,0.9325511530147629,1.0017681945110302,1940,0,1456552257124
Running observer at: 1456552267662
production-topology1-1-1456551876,0.9344297226401569,1.0055989015462328,2400,0,1456552268258
production-topology4-4-1456551897,0.9473147580146428,1.0026467712368416,1980,0,1456552268258
production-topology2-2-1456551883,1.0438966506554832,1.0056858300610318,1820,0,1456552268259
production-topology3-3-1456551890,0.9960385596546308,0.998843742341817,2260,0,1456552268259
Running observer at: 1456552278827
production-topology1-1-1456551876,1.0761886250871933,1.0079271129728837,1880,0,1456552279364
production-topology4-4-1456551897,1.049701054397316,1.0033341990328724,2300,0,1456552279365
production-topology2-2-1456551883,0.9738429667031391,1.006364271175349,2420,0,1456552279365
production-topology3-3-1456551890,1.0218389457807326,1.004124082474282,2460,0,1456552279365
Running observer at: 1456552289907
production-topology1-1-1456551876,1.0032120098049888,1.0039716540185235,2400,0,1456552290421
production-topology4-4-1456551897,0.9757764988801165,1.0003814121275882,2380,0,1456552290421
production-topology2-2-1456551883,0.9698338405953414,1.0042407323205547,2300,0,1456552290421
production-topology3-3-1456551890,0.9661674746788108,1.0011361755493355,1900,0,1456552290421
Running observer at: 1456552301029
production-topology1-1-1456551876,0.9490122453637733,1.0040317836465789,2220,0,1456552301638
production-topology4-4-1456551897,1.0502526268750065,1.0059428639127614,1820,0,1456552301638
production-topology2-2-1456551883,1.074580921470874,1.004963366125225,1900,0,1456552301639
production-topology3-3-1456551890,1.0704806827202082,1.0003369283969354,2300,0,1456552301639
Running observer at: 1456552312191
production-topology1-1-1456551876,1.042100429659402,1.0076668203467287,1980,0,1456552312744
production-topology4-4-1456551897,0.9663479401603546,1.0031443540460467,2320,0,1456552312744
production-topology2-2-1456551883,1.0087336530240512,1.0066550105183818,2400,0,1456552312744
production-topology3-3-1456551890,0.9556295370414885,1.0009254226813786,2400,0,1456552312745
Running observer at: 1456552323299
production-topology1-1-1456551876,1.0058463001560782,1.0045358978473664,2460,0,1456552323808
production-topology4-4-1456551897,0.9734356568036913,1.0029656175687462,2480,0,1456552323808
production-topology2-2-1456551883,0.9684367266022933,1.0063564334030475,2240,0,1456552323808
production-topology3-3-1456551890,1.0210946446153946,1.0030894466869067,1880,0,1456552323809
Running observer at: 1456552334402
production-topology1-1-1456551876,0.9690999004927132,1.0038695817151138,2200,0,1456552334967
production-topology4-4-1456551897,1.0389321471852102,1.0029989961095713,1920,0,1456552334967
production-topology2-2-1456551883,0.9326731965907223,1.0002092358536858,1940,0,1456552334967
production-topology3-3-1456551890,0.9303778553857698,1.0015610840571918,2400,0,1456552334968
Running observer at: 1456552345580
production-topology1-1-1456551876,0.9603753181293168,1.004125151598277,1920,0,1456552346107
production-topology4-4-1456551897,1.070665242637752,1.0075466658699828,2180,0,1456552346107
production-topology2-2-1456551883,1.068245918487979,1.0061078926867908,2440,0,1456552346107
production-topology3-3-1456551890,1.0419095464272665,0.9995066501229876,2380,0,1456552346107
Running observer at: 1456552356584
production-topology1-1-1456551876,1.1319264915935596,1.0090061169083304,2420,0,1456552357147
production-topology4-4-1456551897,1.0285777032480725,1.0040093985293035,2500,0,1456552357147
production-topology2-2-1456551883,0.9340176526451037,1.0024646359154212,2260,0,1456552357147
production-topology3-3-1456551890,0.9990158578850424,1.0026772367521188,1880,0,1456552357148
Running observer at: 1456552367772
production-topology1-1-1456551876,0.967428633251418,1.0048077258336152,2340,0,1456552368339
production-topology4-4-1456551897,0.9216852226720648,1.0024691743889156,1900,0,1456552368339
production-topology2-2-1456551883,1.0708418071182655,1.0017493611831647,1920,0,1456552368339
production-topology3-3-1456551890,1.0146665443680276,1.0015494660139017,2280,0,1456552368339
Running observer at: 1456552378939
production-topology1-1-1456551876,0.9230885435733415,1.0031373149363056,2000,0,1456552379492
production-topology4-4-1456551897,0.9773236574960711,1.0035605933336806,2280,0,1456552379492
production-topology2-2-1456551883,1.0623610351740476,1.0078952118226987,2360,0,1456552379492
production-topology3-3-1456551890,1.031809935128945,1.0007734054506334,2360,0,1456552379492
Running observer at: 1456552389979
production-topology1-1-1456551876,0.9909403363618512,1.0034624138839547,2280,0,1456552390469
production-topology4-4-1456551897,1.0058146610686176,1.0010283893199359,2400,0,1456552390469
production-topology2-2-1456551883,0.9046255689515699,1.0053147273003926,2360,0,1456552390469
production-topology3-3-1456551890,0.9189390131551465,0.9983125677695175,2020,0,1456552390469
Running observer at: 1456552401029
production-topology1-1-1456551876,1.0331090778395569,0.997210571431368,2280,0,1456552401652
production-topology4-4-1456551897,1.012440268950907,1.0033449611575755,2000,0,1456552401653
production-topology2-2-1456551883,1.056199100082469,1.0059627740533847,1940,0,1456552401653
production-topology3-3-1456551890,1.0421426541283498,0.9994268206047802,2260,0,1456552401653
Running observer at: 1456552412248
production-topology1-1-1456551876,1.0141334393761574,1.0028726003579007,2080,0,1456552412786
production-topology4-4-1456551897,0.9532714210310576,0.9986077714831825,2280,0,1456552412786
production-topology2-2-1456551883,0.9693552670970512,1.001295577320318,2380,0,1456552412786
production-topology3-3-1456551890,1.0079450001437322,0.9995639736194575,2380,0,1456552412786
Running observer at: 1456552423275
production-topology1-1-1456551876,0.9646724683484313,1.0006425071673655,2240,0,1456552423759
production-topology4-4-1456551897,1.1152466297909092,1.0025205065097518,2380,0,1456552423759
production-topology2-2-1456551883,0.9640064979060095,1.0026786484290324,2320,0,1456552423759
production-topology3-3-1456551890,0.8985825651912667,0.995852275707922,1920,0,1456552423759
Running observer at: 1456552434295
production-topology1-1-1456551876,1.0618092734360545,0.9995869423277676,2260,0,1456552434898
production-topology4-4-1456551897,0.9497665275159473,1.0029209280269884,1940,0,1456552434898
production-topology2-2-1456551883,1.037962962962963,1.0054355985722578,1860,0,1456552434899
production-topology3-3-1456551890,1.1187952464810231,1.0019643131388662,2280,0,1456552434899
Running observer at: 1456552445496
production-topology1-1-1456551876,1.1108963784432484,1.0039059360543232,1860,0,1456552446057
production-topology4-4-1456551897,0.9659979518532151,1.0012239013994009,2280,0,1456552446057
production-topology2-2-1456551883,1.061139513968344,1.0055568606263248,2580,0,1456552446057
production-topology3-3-1456551890,0.9439015792791442,0.9998532108919865,2440,0,1456552446057
Running observer at: 1456552456545
production-topology1-1-1456551876,0.9129299909076346,1.0028356113660886,2460,0,1456552457059
production-topology4-4-1456551897,0.9977387385962613,0.9994132996490347,2360,0,1456552457059
production-topology2-2-1456551883,0.8331624852234574,1.0006202969185298,2160,0,1456552457059
production-topology3-3-1456551890,1.0374215342204613,0.9992045737777636,1860,0,1456552457059
Running observer at: 1456552467534
production-topology1-1-1456551876,0.8598146472289756,0.9997762499658297,2320,0,1456552468127
production-topology4-4-1456551897,0.9778815745021285,0.9999359278309445,1880,0,1456552468128
production-topology2-2-1456551883,1.092652916439888,1.0013983898827388,1980,0,1456552468128
production-topology3-3-1456551890,0.9896001729538655,1.0016491665408915,2320,0,1456552468128
Running observer at: 1456552478738
production-topology1-1-1456551876,1.213019165511638,1.0031081389702121,1820,0,1456552479277
production-topology4-4-1456551897,1.0059002505041121,1.0023077408187193,2380,0,1456552479277
production-topology2-2-1456551883,0.912626863132586,0.9966356894244944,2300,0,1456552479278
production-topology3-3-1456551890,1.0078935163098715,1.0020024326857548,2260,0,1456552479278
Running observer at: 1456552489772
production-topology1-1-1456551876,0.9801985970742926,1.00418645972782,2360,0,1456552490312
production-topology4-4-1456551897,1.0350604769283747,1.0030748006042676,2400,0,1456552490312
production-topology2-2-1456551883,1.0053980346897116,0.9978173360866968,2380,0,1456552490312
production-topology3-3-1456551890,1.0465374248944526,1.0034120725878244,1880,0,1456552490312
Running observer at: 1456552500782
production-topology1-1-1456551876,0.9990317481624066,1.0047271041295083,2380,0,1456552501381
production-topology4-4-1456551897,0.9764070515950214,1.0010623716666307,1900,0,1456552501381
production-topology2-2-1456551883,1.2183060109289616,1.0077453728011405,1800,0,1456552501381
production-topology3-3-1456551890,0.9442103417056125,1.0017945647271957,2460,0,1456552501381
Running observer at: 1456552511939
production-topology1-1-1456551876,0.9552428431339773,1.0000124090133768,1980,0,1456552512614
production-topology4-4-1456551897,1.0034620846291933,1.0026218448574407,2340,0,1456552512615
production-topology2-2-1456551883,0.9806783082617816,1.0067470350894954,2440,0,1456552512615
production-topology3-3-1456551890,1.0808556781922805,1.0049280907696272,2040,0,1456552512615
Running observer at: 1456552523103
production-topology1-1-1456551876,0.9691612641195905,0.9965382472823631,2240,0,1456552523683
production-topology4-4-1456551897,1.0055053725760996,1.000045207489692,2360,0,1456552523683
production-topology2-2-1456551883,1.0000351719748979,1.005907315417424,2400,0,1456552523683
production-topology3-3-1456551890,0.9699396039757485,1.000347187323262,2220,0,1456552523684
/var/nimbus/storm/bin/storm rebalance production-topology1 -e spout_head=11
1456552523970
/var/nimbus/storm/bin/storm rebalance production-topology2 -e spout_head=9
Running observer at: 1456552534158
production-topology1-1-1456551876,0.9977145910250744,0.9977145910250744,126740,0,1456552534633
production-topology4-4-1456551897,1.0278349816245365,1.0021372081619202,1900,0,1456552534633
production-topology2-2-1456551883,0.9991932296421768,0.9991932296421768,125160,0,1456552534633
production-topology3-3-1456551890,0.9365594403445598,0.9991077746552759,2400,0,1456552534633
/var/nimbus/storm/bin/storm rebalance production-topology3 -e spout_head=11
1456552535051
/var/nimbus/storm/bin/storm rebalance production-topology4 -e bolt_output_1=9
Running observer at: 1456552545241
production-topology1-1-1456551876,0.1875,0.5926072955125372,40,0,1456552545783
production-topology4-4-1456551897,0.999699449119563,0.999699449119563,124580,0,1456552545784
production-topology2-2-1456551883,2.49169921875,1.7454462241960884,160,0,1456552545784
production-topology3-3-1456551890,0.9989886489013853,0.9989886489013853,126020,0,1456552545784
Running observer at: 1456552556461
production-topology1-1-1456551876,1.0,0.7284048636750248,0,0,1456552557020
production-topology4-4-1456551897,0.8090277777777778,0.9043636134486703,120,0,1456552557020
production-topology2-2-1456551883,1.0,1.496964149464059,0,0,1456552557020
production-topology3-3-1456551890,0.8834876543209876,0.9412381516111865,160,0,1456552557020
Running observer at: 1456552562444
production-topology1-1-1456551876,1.0,0.7963036477562686,0,0,1456552562978
production-topology4-4-1456551897,2.0,1.2695757422991136,0,0,1456552562979
production-topology2-2-1456551883,1.0,1.3727231120980443,0,0,1456552562979
production-topology3-3-1456551890,2.0,1.294158767740791,0,0,1456552562979
Running observer at: 1456552563523
production-topology1-1-1456551876,1.0,0.8370429182050149,0,0,1456552564197
production-topology4-4-1456551897,2.0,1.4521818067243353,0,0,1456552564197
production-topology2-2-1456551883,1.0,1.2981784896784354,0,0,1456552564198
production-topology3-3-1456551890,2.0,1.4706190758055933,0,0,1456552564198
Running observer at: 1456552567481
production-topology1-1-1456551876,0.004407906244533847,0.6982704162116015,114340,0,1456552568036
production-topology4-4-1456551897,2.0,1.5617454453794681,0,0,1456552568036
production-topology2-2-1456551883,1.0032567230905738,1.2490248619137918,0,0,1456552568036
production-topology3-3-1456551890,2.0,1.5764952606444746,0,0,1456552568036
Running observer at: 1456552573335
production-topology1-1-1456551876,0.9896450623663369,0.739895365662278,77040,0,1456552573822
production-topology4-4-1456551897,2.0,1.634787871149557,0,0,1456552573822
production-topology2-2-1456551883,1.0032567230905738,1.2139151277961893,0,0,1456552573822
production-topology3-3-1456551890,2.0,1.6470793838703954,0,0,1456552573822
Running observer at: 1456552574355
production-topology1-1-1456551876,1.0,0.7724084449544932,0,0,1456552574911
production-topology4-4-1456551897,2.0,1.686961032413906,0,0,1456552574911
production-topology2-2-1456551883,1.0032567230905738,1.1875828272079874,0,0,1456552574911
production-topology3-3-1456551890,0.0,1.4117823290317675,113580,0,1456552574911
Running observer at: 1456552578574
production-topology1-1-1456551876,0.02686880466472303,0.6895707071445187,500,0,1456552579031
production-topology4-4-1456551897,0.0,1.4760909033621676,0,0,1456552579032
production-topology2-2-1456551883,76.2475109548836,9.527574841394166,220,0,1456552579032
production-topology3-3-1456551890,0.9974685354544981,1.3599931048346088,76020,0,1456552579032
Running observer at: 1456552589522
production-topology1-1-1456551876,0.9797032534087394,0.7185839617709407,2520,0,1456552590038
production-topology4-4-1456551897,0.0,1.3120808029885935,160,0,1456552590038
production-topology2-2-1456551883,1.2807882965816406,8.702896186912914,1520,0,1456552590038
production-topology3-3-1456551890,0.2386831355918991,1.2354031082520853,1540,0,1456552590038
Running observer at: 1456552600534
production-topology1-1-1456551876,1.024370047789179,0.7463826968635079,2340,0,1456552601109
production-topology4-4-1456551897,0.8647336612625144,1.2673460888159855,1320,0,1456552601109
production-topology2-2-1456551883,0.8707099146326198,7.990879253069251,1780,0,1456552601109
production-topology3-3-1456551890,0.988465214594247,1.2107093188863014,2160,0,1456552601109
Running observer at: 1456552611596
production-topology1-1-1456551876,0.9763663167299529,0.765547998519045,2420,0,1456552612218
production-topology4-4-1456551897,1.1544852380599657,1.2570860114745293,2040,0,1456552612218
production-topology2-2-1456551883,0.9904080589123229,7.407506653556173,2020,0,1456552612219
production-topology3-3-1456551890,1.0023260237603706,1.1917653829657624,2360,0,1456552612219
Running observer at: 1456552622755
production-topology1-1-1456551876,1.089728036799465,0.7904849245406158,2400,0,1456552623272
production-topology4-4-1456551897,0.9977551878858879,1.235475109508809,2300,0,1456552623272
production-topology2-2-1456551883,1.0738446035834583,6.9203018804813485,2100,0,1456552623272
production-topology3-3-1456551890,1.075355569354989,1.1820645651648647,2480,0,1456552623272
Running observer at: 1456552633813
production-topology1-1-1456551876,0.9387227414729953,0.8010733400357858,2420,0,1456552634427
production-topology4-4-1456551897,0.9921281285344198,1.2167561109723175,2060,0,1456552634427
production-topology2-2-1456551883,1.0517548548317777,6.501119950077808,1760,0,1456552634428
production-topology3-3-1456551890,1.0119354495734538,1.1689777101193715,2420,0,1456552634428
Running observer at: 1456552644906
production-topology1-1-1456551876,0.9823952997822464,0.8131614706855498,2460,0,1456552645441
production-topology4-4-1456551897,1.0142296702791418,1.2022899366370907,2280,0,1456552645442
production-topology2-2-1456551883,0.9663461538461537,6.132135030329031,2100,0,1456552645442
production-topology3-3-1456551890,0.9867214882214936,1.1559594085552374,2360,0,1456552645442
Running observer at: 1456552656008
production-topology1-1-1456551876,1.0478643206037892,0.8278303988054397,2320,0,1456552656521
production-topology4-4-1456551897,0.954508797161252,1.1857711940053683,2360,0,1456552656521
production-topology2-2-1456551883,0.9825785730286312,5.810287751747756,2120,0,1456552656521
production-topology3-3-1456551890,1.0766057720078623,1.1506691661187458,2480,0,1456552656521
Running observer at: 1456552667104
production-topology1-1-1456551876,0.9835269694944099,0.8369890206106733,2600,0,1456552667722
production-topology4-4-1456551897,0.9782858088737358,1.1728033574346413,2080,0,1456552667722
production-topology2-2-1456551883,0.8855662151258473,5.520598249593526,1820,0,1456552667722
production-topology3-3-1456551890,0.9703258664616172,1.1393977098901753,2500,0,1456552667722
Running observer at: 1456552678113
production-topology1-1-1456551876,0.9672193028332068,0.8442240362897029,2360,0,1456552678646
production-topology4-4-1456551897,1.0214730620364856,1.1639015753523967,2240,0,1456552678646
production-topology2-2-1456551883,1.1561212711267477,5.278127306345372,1980,0,1456552678647
production-topology3-3-1456551890,1.0923101566546278,1.1366278538174959,2240,0,1456552678647
Running observer at: 1456552689209
production-topology1-1-1456551876,0.9528113717442536,0.8499391592083634,2320,0,1456552689700
production-topology4-4-1456551897,1.0376677489177486,1.1568885849949162,2300,0,1456552689701
production-topology2-2-1456551883,0.853151989761787,5.045233868630446,2220,0,1456552689701
production-topology3-3-1456551890,0.943865435280345,1.125918830565432,2520,0,1456552689701
Running observer at: 1456552700267
production-topology1-1-1456551876,1.0945088906545386,0.8621676457806722,2380,0,1456552700911
production-topology4-4-1456551897,1.0307571964401228,1.1502500908604536,2000,0,1456552700912
production-topology2-2-1456551883,1.1644383440238657,4.851194092400117,1740,0,1456552700912
production-topology3-3-1456551890,1.0448101474944944,1.1216499525090668,2440,0,1456552700912
Running observer at: 1456552711411
production-topology1-1-1456551876,0.9374359889823807,0.865751852599801,2600,0,1456552711967
production-topology4-4-1456551897,0.9192016379122471,1.1386976682130432,2420,0,1456552711967
production-topology2-2-1456551883,1.065235164360529,4.670910333922042,1960,0,1456552711968
production-topology3-3-1456551890,0.9944931773879142,1.1152921137530092,2280,0,1456552711968
Running observer at: 1456552722494
production-topology1-1-1456551876,1.1104416103401447,0.8768741143152713,2320,0,1456552723069
production-topology4-4-1456551897,1.0406227181327106,1.1340274324949322,2220,0,1456552723070
production-topology2-2-1456551883,0.9452980530677451,4.5015643211559375,2220,0,1456552723070
production-topology3-3-1456551890,0.9808122001268423,1.1088883083422392,2620,0,1456552723070
Running observer at: 1456552733633
production-topology1-1-1456551876,0.9433161397556269,0.8797628980300694,2380,0,1456552734127
production-topology4-4-1456551897,0.9969771282410649,1.1277978732106655,2100,0,1456552734127
production-topology2-2-1456551883,1.1113663840613448,4.354164410847477,1740,0,1456552734128
production-topology3-3-1456551890,1.0191960682024108,1.1048113883358834,2420,0,1456552734128
Running observer at: 1456552744668
production-topology1-1-1456551876,1.0867209483132643,0.8883861501252025,2540,0,1456552745236
production-topology4-4-1456551897,0.9928462070269961,1.1219304094635494,2260,0,1456552745236
production-topology2-2-1456551883,0.9528367932370883,4.212442426780377,2000,0,1456552745236
production-topology3-3-1456551890,0.965844112085942,1.0987693328467556,2160,0,1456552745237
Running observer at: 1456552755713
production-topology1-1-1456551876,0.9853115142480793,0.8922631646901175,2380,0,1456552756250
production-topology4-4-1456551897,0.9583444585429,1.115114328175189,2260,0,1456552756250
production-topology2-2-1456551883,0.9710254553448091,4.082785747922954,2240,0,1456552756250
production-topology3-3-1456551890,0.9904726803853714,1.0942569723275313,2620,0,1456552756250
Running observer at: 1456552766725
production-topology1-1-1456551876,0.9036559549811621,0.8927013489320808,2240,0,1456552767255
production-topology4-4-1456551897,1.0747635169160654,1.113500295724824,1980,0,1456552767255
production-topology2-2-1456551883,0.9539784516308868,3.962447005757875,1740,0,1456552767256
production-topology3-3-1456551890,1.069936542344315,1.0932841551282027,2300,0,1456552767256
Running observer at: 1456552777897
production-topology1-1-1456551876,1.118358564000803,0.9010590235642556,2460,0,1456552778420
production-topology4-4-1456551897,1.0244953416149067,1.110077028259058,2260,0,1456552778420
production-topology2-2-1456551883,1.192319410654601,3.859849687420717,2060,0,1456552778420
production-topology3-3-1456551890,0.9706452059112183,1.088567272466011,2380,0,1456552778420
Running observer at: 1456552788995
production-topology1-1-1456551876,0.9375934035031336,0.9023638228477869,2480,0,1456552789483
production-topology4-4-1456551897,0.9190677966101695,1.103002612272062,2400,0,1456552789483
production-topology2-2-1456551883,0.8621950972549892,3.752790594914798,2140,0,1456552789483
production-topology3-3-1456551890,1.0150578669698493,1.085844701892079,2640,0,1456552789483
Running observer at: 1456552800007
production-topology1-1-1456551876,0.973431102407491,0.9048144186946734,2320,0,1456552800581
production-topology4-4-1456551897,1.0889928119757277,1.1025022622614786,1980,0,1456552800582
production-topology2-2-1456551883,0.9415491062848357,3.6558512332379025,1720,0,1456552800582
production-topology3-3-1456551890,0.9822041953966917,1.0821432552315293,2200,0,1456552800582
Running observer at: 1456552811234
production-topology1-1-1456551876,1.1598656338891753,0.9133161258678234,2500,0,1456552811783
production-topology4-4-1456551897,0.9875441097915525,1.0985381880383778,2300,0,1456552811783
production-topology2-2-1456551883,1.1590539939913547,3.572624658596351,2000,0,1456552811783
production-topology3-3-1456551890,0.9971328056574935,1.0792118604186316,2440,0,1456552811783
Running observer at: 1456552822333
production-topology1-1-1456551876,0.9332109793549256,0.9111660054788185,2480,0,1456552822826
production-topology4-4-1456551897,0.9766429976855118,1.0944750150266154,2320,0,1456552822826
production-topology2-2-1456551883,0.9056705137121788,3.5695072347320176,2240,0,1456552822826
production-topology3-3-1456551890,1.0833323938197124,1.079349211532001,2560,0,1456552822826
Running observer at: 1456552833273
production-topology1-1-1456551876,0.8811165514324436,0.9342865571932334,2300,0,1456552833840
production-topology4-4-1456551897,1.0266965867828612,1.0953749196153921,2000,0,1456552833840
production-topology2-2-1456551883,0.985900465838621,3.519313942968305,1780,0,1456552833840
production-topology3-3-1456551890,0.901463180937681,1.0760983625998775,2360,0,1456552833840
Running observer at: 1456552844450
production-topology1-1-1456551876,1.0144444444444445,0.9347680386747148,2580,0,1456552845001
production-topology4-4-1456551897,0.9103805341485215,1.0987533448277502,2280,0,1456552845001
production-topology2-2-1456551883,1.15070346002624,3.5243373916358465,2040,0,1456552845002
production-topology3-3-1456551890,1.0793555649798656,1.0826272929551735,2340,0,1456552845002
Running observer at: 1456552855554
production-topology1-1-1456551876,1.1402156989974812,0.9394418953079641,2360,0,1456552856072
production-topology4-4-1456551897,1.0187732215403837,1.0660457855457632,2360,0,1456552856073
production-topology2-2-1456551883,0.9763699961134862,3.5235497248396297,2020,0,1456552856073
production-topology3-3-1456551890,0.9759281813411851,1.0484915656665466,2500,0,1456552856073
Running observer at: 1456552866576
production-topology1-1-1456551876,1.0583643580800322,0.9413873739106318,2280,0,1456552867040
production-topology4-4-1456551897,0.9123224205507118,1.029789866230787,2080,0,1456552867040
production-topology2-2-1456551883,0.9021408365670659,3.5202877527251983,1820,0,1456552867040
production-topology3-3-1456551890,0.9314258523131904,1.0128724274103196,2360,0,1456552867040
Running observer at: 1456552877710
production-topology1-1-1456551876,0.8382861833105336,0.9691833164794984,2600,0,1456552878186
production-topology4-4-1456551897,1.0616313965765585,0.9985109127833386,2120,0,1456552878187
production-topology2-2-1456551883,0.9955951531611972,3.5200323670608857,2180,0,1456552878187
production-topology3-3-1456551890,1.1550262595996388,0.9847066360636407,2460,0,1456552878187
Running observer at: 1456552888772
production-topology1-1-1456551876,1.1157408542890523,0.973386509543589,2340,0,1456552889325
production-topology4-4-1456551897,0.9938463006086815,0.9649724561369616,2160,0,1456552889325
production-topology2-2-1456551883,1.034167035309403,3.521062710801514,1920,0,1456552889326
production-topology3-3-1456551890,1.0237034737807513,0.9521634185229992,2420,0,1456552889326
Running observer at: 1456552899896
production-topology1-1-1456551876,0.9928233164343624,0.9731472867580676,2400,0,1456552900569
production-topology4-4-1456551897,1.0564106994626372,0.9335194794523828,2240,0,1456552900569
production-topology2-2-1456551883,0.9606142106522287,3.5196412937202353,1840,0,1456552900570
production-topology3-3-1456551890,0.917261063626261,0.9827387873105412,2440,0,1456552900570
Running observer at: 1456552911143
production-topology1-1-1456551876,0.9219440465057768,1.0029831281527695,2580,0,1456552911670
production-topology4-4-1456551897,1.0122641509433963,0.9672616178171627,2160,0,1456552911670
production-topology2-2-1456551883,0.970170165863876,1.010396600752911,2120,0,1456552911670
production-topology3-3-1456551890,0.9848241094876958,0.982317306444981,2420,0,1456552911670
Running observer at: 1456552922234
production-topology1-1-1456551876,1.226210606289548,1.011200039915463,2360,0,1456552922733
production-topology4-4-1456551897,0.9925032818903687,1.0003450605468416,2400,0,1456552922733
production-topology2-2-1456551883,1.0451599241879617,1.0025423216731217,2140,0,1456552922733
production-topology3-3-1456551890,1.0310470066162665,1.0087294354791265,2400,0,1456552922733
Running observer at: 1456552933168
production-topology1-1-1456551876,0.8383722326610955,1.005000112744527,2420,0,1456552933642
production-topology4-4-1456551897,0.9893564241070331,1.004499152641659,1900,0,1456552933643
production-topology2-2-1456551883,0.9372964385012578,1.004761872468743,1660,0,1456552933643
production-topology3-3-1456551890,1.0081334666374289,1.009385043880566,2500,0,1456552933643
Running observer at: 1456552944206
production-topology1-1-1456551876,1.1443120875088792,1.0105983051038245,2460,0,1456552944746
production-topology4-4-1456551897,1.0012150969597777,0.9993901479383195,2340,0,1456552944746
production-topology2-2-1456551883,1.212547641525823,1.0121665252225263,2120,0,1456552944747
production-topology3-3-1456551890,1.0060921427394487,1.0095105811798686,2340,0,1456552944747
Running observer at: 1456552955173
production-topology1-1-1456551876,0.9482905106495181,1.0058837208988263,2140,0,1456552955767
production-topology4-4-1456551897,0.9436682844256701,0.9975872511563123,2100,0,1456552955767
production-topology2-2-1456551883,0.9316487370813077,1.007426663005788,1760,0,1456552955767
production-topology3-3-1456551890,0.9293497718725753,1.0046437212637882,2500,0,1456552955767
Running observer at: 1456552966282
production-topology1-1-1456551876,1.0205403272101035,1.0086109737567297,2560,0,1456552966849
production-topology4-4-1456551897,1.0323406629356393,0.9989276689696861,2260,0,1456552966849
production-topology2-2-1456551883,0.9757426669191374,1.0048929234087,2080,0,1456552966849
production-topology3-3-1456551890,1.0234408519877107,1.0050272346775968,2140,0,1456552966849
Running observer at: 1456552977324
production-topology1-1-1456551876,0.8813851865220278,1.005243969981389,2580,0,1456552977804
production-topology4-4-1456551897,0.9828442545109211,0.9978814884440788,2280,0,1456552977805
production-topology2-2-1456551883,0.9606547710583625,1.0047032106491072,2080,0,1456552977805
production-topology3-3-1456551890,0.9864101056820229,1.0050168552596144,2740,0,1456552977805
Running observer at: 1456552988334
production-topology1-1-1456551876,1.206057951247329,1.0105170910028403,2060,0,1456552989023
production-topology4-4-1456551897,1.089824700607966,1.0023920185589692,2040,0,1456552989023
production-topology2-2-1456551883,0.9455470182662555,1.0034688254903612,1820,0,1456552989023
production-topology3-3-1456551890,1.053481582696867,1.004246048949248,2060,0,1456552989023
Running observer at: 1456552999481
production-topology1-1-1456551876,0.9102158094839786,1.0080733856691595,2740,0,1456553000033
production-topology4-4-1456551897,0.9787802840434419,1.002408501064626,2280,0,1456553000033
production-topology2-2-1456551883,1.1308981314044606,1.0116465560329815,2000,0,1456553000033
production-topology3-3-1456551890,0.9672742909741067,1.0041443297663308,2500,0,1456553000033
Running observer at: 1456553010499
production-topology1-1-1456551876,1.082238855152286,1.011907370746462,2280,0,1456553010994
production-topology4-4-1456551897,0.9387392837591086,0.9996507084553802,2300,0,1456553010994
production-topology2-2-1456551883,0.8950048606244208,1.0029426756829039,2160,0,1456553010994
production-topology3-3-1456551890,0.9289583674310975,0.9986992701255464,2660,0,1456553010994
Running observer at: 1456553021464
production-topology1-1-1456551876,1.0664645128797081,1.0156958087843106,2280,0,1456553022081
production-topology4-4-1456551897,1.0358190326047265,0.9995890845782793,2020,0,1456553022081
production-topology2-2-1456551883,1.1967410786483335,1.0143956453124556,1780,0,1456553022081
production-topology3-3-1456551890,1.2147946950782205,1.0077302454521422,2140,0,1456553022081
Running observer at: 1456553032734
production-topology1-1-1456551876,0.8647715068403892,1.0080378959905056,2540,0,1456553033296
production-topology4-4-1456551897,0.9648284958768829,0.9973914612261715,2340,0,1456553033297
production-topology2-2-1456551883,0.9884979743229422,1.0085309663224247,2040,0,1456553033297
production-topology3-3-1456551890,0.9559318990797232,1.0047676371716499,2420,0,1456553033297
Running observer at: 1456553043788
production-topology1-1-1456551876,1.132357674142837,1.0145352854958543,2480,0,1456553044270
production-topology4-4-1456551897,1.065986653452057,1.0022842950774986,2240,0,1456553044270
production-topology2-2-1456551883,0.9853489543965736,1.0058680926569596,2180,0,1456553044270
production-topology3-3-1456551890,0.9463149194425904,1.003161695240139,2640,0,1456553044270
Running observer at: 1456553054736
production-topology1-1-1456551876,1.009828063339488,1.0111815005958324,2260,0,1456553055220
production-topology4-4-1456551897,0.972484443111564,1.0000130192434602,2040,0,1456553055221
production-topology2-2-1456551883,0.9629866430454478,1.006457712322883,1820,0,1456553055221
production-topology3-3-1456551890,0.9670759388501684,1.00270381986425,2320,0,1456553055221
Running observer at: 1456553065885
production-topology1-1-1456551876,0.8828465358383841,1.0091658471319245,2520,0,1456553066416
production-topology4-4-1456551897,1.0273424723424722,1.0010251973801738,2100,0,1456553066416
production-topology2-2-1456551883,1.0161500998584707,1.0032838361827874,1980,0,1456553066416
production-topology3-3-1456551890,1.0942259288831568,1.0052048152202748,2360,0,1456553066416
Running observer at: 1456553076995
production-topology1-1-1456551876,1.0439939221994636,1.0077416129281311,2480,0,1456553077523
production-topology4-4-1456551897,1.0370732346459093,1.0024994316341376,2420,0,1456553077523
production-topology2-2-1456551883,0.8274613457445095,0.9991046545997014,2180,0,1456553077524
production-topology3-3-1456551890,0.9563774592900807,1.0048892601270794,2700,0,1456553077524
Running observer at: 1456553088004
production-topology1-1-1456551876,0.9077568449023605,1.0051564572832736,2280,0,1456553088542
production-topology4-4-1456551897,0.9211409334783551,1.001259314131986,2120,0,1456553088542
production-topology2-2-1456551883,1.1747330681849486,1.0058949083610396,1760,0,1456553088542
production-topology3-3-1456551890,1.102794742254913,1.0086333288560643,2160,0,1456553088542
Running observer at: 1456553099198
production-topology1-1-1456551876,1.1399348845479584,1.0130324216021669,2540,0,1456553099613
production-topology4-4-1456551897,1.0374266392924034,1.0000147515445306,2180,0,1456553099613
production-topology2-2-1456551883,0.9607393055278806,1.006120270157606,2040,0,1456553099613
production-topology3-3-1456551890,0.9171135366763976,1.0035392286671336,2440,0,1456553099613
Running observer at: 1456553110163
production-topology1-1-1456551876,0.9435669609500142,1.0072060348338074,2260,0,1456553110747
production-topology4-4-1456551897,0.9781279269028064,0.9984691710541274,2060,0,1456553110747
production-topology2-2-1456551883,1.0535737742568378,1.0014954156110139,1960,0,1456553110748
production-topology3-3-1456551890,1.0650026084609108,1.00668447541879,2420,0,1456553110748
Running observer at: 1456553121245
production-topology1-1-1456551876,1.0866388964477842,1.0121742179319624,2500,0,1456553121728
production-topology4-4-1456551897,1.0211906320003412,1.001873265567133,2240,0,1456553121728
production-topology2-2-1456551883,0.9946515124779749,1.0059106294517801,1980,0,1456553121728
production-topology3-3-1456551890,0.9421794422607381,1.0042551945951528,2240,0,1456553121728
Running observer at: 1456553132248
production-topology1-1-1456551876,0.9168714539658991,1.0102888963172427,2540,0,1456553132781
production-topology4-4-1456551897,0.9980894144000645,0.9988431523146108,2340,0,1456553132781
production-topology2-2-1456551883,1.1219609820559187,1.0119243586441493,2020,0,1456553132781
production-topology3-3-1456551890,0.9893385826771653,1.0044930075045024,2600,0,1456553132782
Running observer at: 1456553143252
production-topology1-1-1456551876,0.9743354035140007,1.0041045553047367,2100,0,1456553143918
production-topology4-4-1456551897,0.9888164207776302,0.9988855626808134,2040,0,1456553143918
production-topology2-2-1456551883,0.8595236174837251,1.0019400127605615,1800,0,1456553143918
production-topology3-3-1456551890,1.0559479842595656,1.0064535134579045,2280,0,1456553143918
Running observer at: 1456553154380
production-topology1-1-1456551876,0.9150221627796753,1.0034982614188952,2660,0,1456553154944
production-topology4-4-1456551897,0.9834128694581281,0.999111225073234,2240,0,1456553154944
production-topology2-2-1456551883,1.0166561142545034,1.005639532778639,1980,0,1456553154944
production-topology3-3-1456551890,0.9648975264086825,1.0025056845442035,2380,0,1456553154944
Running observer at: 1456553165400
production-topology1-1-1456551876,1.015066122824151,1.0079632471319522,2600,0,1456553165897
production-topology4-4-1456551897,1.0353551304530266,0.9993998431955728,2360,0,1456553165897
production-topology2-2-1456551883,0.986170850495457,1.0056485456005335,2180,0,1456553165897
production-topology3-3-1456551890,1.026396035532848,1.006670113030709,2620,0,1456553165898
Running observer at: 1456553176429
production-topology1-1-1456551876,1.0608206708169303,1.009509121344368,2080,0,1456553177152
production-topology4-4-1456551897,1.0017202250212582,1.0024444995579975,1980,0,1456553177152
production-topology2-2-1456551883,1.0746003916565883,1.0031117766548785,1740,0,1456553177152
production-topology3-3-1456551890,0.9738652575390803,1.0031537694493495,2280,0,1456553177152
Running observer at: 1456553187622
production-topology1-1-1456551876,0.9688011345041998,1.0037953025279256,2660,0,1456553188206
production-topology4-4-1456551897,0.9831643033232953,1.0012575356174278,2320,0,1456553188206
production-topology2-2-1456551883,0.9822553142814584,1.0033079539271441,2020,0,1456553188207
production-topology3-3-1456551890,1.0767200472639298,1.006513498313441,2400,0,1456553188207
Running observer at: 1456553198672
production-topology1-1-1456551876,0.9469997011051219,1.0000831472954284,2580,0,1456553199129
production-topology4-4-1456551897,1.0295278980784532,1.0051643848683525,2340,0,1456553199129
production-topology2-2-1456551883,0.9646691962266774,1.0053922325824647,2220,0,1456553199129
production-topology3-3-1456551890,0.9803931512782766,1.0081457416122772,2660,0,1456553199129
Running observer at: 1456553209581
production-topology1-1-1456551876,1.117844816651645,1.0094017684067988,2080,0,1456553210249
production-topology4-4-1456551897,0.8413724932301314,0.9978224214234716,2040,0,1456553210249
production-topology2-2-1456551883,1.2171158933716462,1.0127762572561463,1660,0,1456553210249
production-topology3-3-1456551890,1.0114583598511229,1.0033601449539935,2200,0,1456553210249
Running observer at: 1456553220878
production-topology1-1-1456551876,0.9750612002131099,1.0047124466042674,2560,0,1456553221415
production-topology4-4-1456551897,1.1355867266955144,1.0025471022930328,2200,0,1456553221415
production-topology2-2-1456551883,0.8540264524960842,1.0067715711623688,2100,0,1456553221415
production-topology3-3-1456551890,0.9703886422249575,1.0015829839021335,2400,0,1456553221415
Running observer at: 1456553231925
production-topology1-1-1456551876,1.0741458232883316,1.0074231968327332,2560,0,1456553232403
production-topology4-4-1456551897,1.0087747492107244,1.0009592372846357,2320,0,1456553232403
production-topology2-2-1456551883,0.9461050176409417,1.0062879313953261,2200,0,1456553232404
production-topology3-3-1456551890,1.04127915197469,1.0057169201804146,2640,0,1456553232404
Running observer at: 1456553242876
production-topology1-1-1456551876,0.870281392164157,1.0057011083546792,2140,0,1456553243359
production-topology4-4-1456551897,1.0398925887376458,1.0018801852111108,2120,0,1456553243359
production-topology2-2-1456551883,1.148920620756696,1.0122462798917533,1760,0,1456553243359
production-topology3-3-1456551890,0.9492196632486323,1.0045301053057791,2300,0,1456553243359
Running observer at: 1456553254044
production-topology1-1-1456551876,1.1021437003230583,1.0015655448224627,2580,0,1456553254535
production-topology4-4-1456551897,0.9439381729008776,1.0002613482447942,2200,0,1456553254535
production-topology2-2-1456551883,1.0469012302979719,1.0123043234287536,2040,0,1456553254535
production-topology3-3-1456551890,0.9403492044461559,1.0015068452334424,2420,0,1456553254535
Running observer at: 1456553265152
production-topology1-1-1456551876,0.8606493609589584,1.0023081157657248,2600,0,1456553265661
production-topology4-4-1456551897,0.9567489079185348,0.9991744310385111,2380,0,1456553265661
production-topology2-2-1456551883,0.997632232154638,1.0143155165505329,2120,0,1456553265662
production-topology3-3-1456551890,1.0592020417720833,1.0032091310712643,2580,0,1456553265662
Running observer at: 1456553276163
production-topology1-1-1456551876,1.0632581785116455,0.9996063187991505,2120,0,1456553276662
production-topology4-4-1456551897,0.9672672052585843,0.9980428346484711,2120,0,1456553276663
production-topology2-2-1456551883,1.0009081999798795,1.0072608684990014,1740,0,1456553276663
production-topology3-3-1456551890,1.0305213177616697,1.004023436905338,2300,0,1456553276663
Running observer at: 1456553287292
production-topology1-1-1456551876,0.9903746315500416,1.0010091228291678,2540,0,1456553287810
production-topology4-4-1456551897,1.121624677917728,1.0039747144315396,2080,0,1456553287810
production-topology2-2-1456551883,0.8974471584301307,1.0061208158772956,2140,0,1456553287810
production-topology3-3-1456551890,1.0340036504131223,1.0075118995233563,2360,0,1456553287811
Running observer at: 1456553298429
production-topology1-1-1456551876,1.0312527610989621,1.0013662039587965,2300,0,1456553298941
production-topology4-4-1456551897,0.9774753327776824,1.002145870092941,2240,0,1456553298941
production-topology2-2-1456551883,1.0212060222456647,1.0076362610548464,2020,0,1456553298941
production-topology3-3-1456551890,1.0016616585365854,1.0067859264083185,2480,0,1456553298941
Running observer at: 1456553309431
production-topology1-1-1456551876,1.0529043332475672,1.0070835088496477,2420,0,1456553309905
production-topology4-4-1456551897,1.0494040753556324,1.0043645307877649,2040,0,1456553309905
production-topology2-2-1456551883,1.1012059193803116,1.012321299332245,1660,0,1456553309905
production-topology3-3-1456551890,1.0359073312408609,1.0084358339269466,2200,0,1456553309905
Running observer at: 1456553320605
production-topology1-1-1456551876,0.9512513855506004,0.9985899566597567,2600,0,1456553321052
production-topology4-4-1456551897,0.9350341803305551,0.9992048467785178,2300,0,1456553321052
production-topology2-2-1456551883,0.9726649320173664,1.013225229790615,2120,0,1456553321052
production-topology3-3-1456551890,0.9156402427258522,1.0038411225945798,2620,0,1456553321053
Running observer at: 1456553331625
production-topology1-1-1456551876,1.1448211793803953,1.0064101356563038,2040,0,1456553332219
production-topology4-4-1456551897,0.9497756835638593,0.9982380267625317,2100,0,1456553332220
production-topology2-2-1456551883,0.9483584544746141,1.0071405738929537,1860,0,1456553332220
production-topology3-3-1456551890,1.0052132985502857,1.005105756180452,2500,0,1456553332220
Running observer at: 1456553342666
production-topology1-1-1456551876,0.9131820804512798,1.000774909832937,2680,0,1456553343250
production-topology4-4-1456551897,1.1511209485347416,1.0053174155883862,2240,0,1456553343250
production-topology2-2-1456551883,0.9639963996399641,1.0094402918601386,2020,0,1456553343250
production-topology3-3-1456551890,0.9526710660854094,1.0058961794689292,2140,0,1456553343250
Running observer at: 1456553353701
production-topology1-1-1456551876,0.9979683248287405,0.9984917035645715,2580,0,1456553354183
production-topology4-4-1456551897,0.9001311711953447,1.00079448687474,2340,0,1456553354184
production-topology2-2-1456551883,1.0330393576411738,1.0039835678265665,2240,0,1456553354184
production-topology3-3-1456551890,1.050790300658797,1.000429366321615,2680,0,1456553354184
Running observer at: 1456553364662
production-topology1-1-1456551876,1.0865500426728023,1.005884321425652,2100,0,1456553365347
production-topology4-4-1456551897,1.1060871040723983,1.0055031071479241,2000,0,1456553365347
production-topology2-2-1456551883,0.9912349761192462,1.0040748012197764,1680,0,1456553365347
production-topology3-3-1456551890,1.0305449096438806,1.0029164666737533,2180,0,1456553365347
Running observer at: 1456553375824
production-topology1-1-1456551876,1.0063121230482779,1.0016828030558333,2640,0,1456553376394
production-topology4-4-1456551897,0.9600665812191496,1.0019724380734938,2360,0,1456553376394
production-topology2-2-1456551883,0.9972730051128855,1.0044722695769868,2060,0,1456553376394
production-topology3-3-1456551890,0.9978501696989395,1.004634308348965,2420,0,1456553376394
Running observer at: 1456553386846
production-topology1-1-1456551876,0.8965666578605291,0.9979074228732013,2520,0,1456553387340
production-topology4-4-1456551897,1.005023923444976,1.0030570874179408,2280,0,1456553387340
production-topology2-2-1456551883,1.0044651978683834,1.0058548880710847,2240,0,1456553387340
production-topology3-3-1456551890,0.9731794092773411,1.0048377573632041,2660,0,1456553387341
Running observer at: 1456553397804
production-topology1-1-1456551876,1.0536739295738873,1.0036016693310514,2080,0,1456553398483
production-topology4-4-1456551897,0.9844277268972569,1.0016265959031003,2040,0,1456553398483
production-topology2-2-1456551883,1.0397690586024861,1.0066421866958852,1680,0,1456553398483
production-topology3-3-1456551890,0.9980780183412346,1.001632827011807,2220,0,1456553398483
Running observer at: 1456553409101
production-topology1-1-1456551876,1.021117787219156,1.0028391314983744,2620,0,1456553409596
production-topology4-4-1456551897,1.0469731814228602,1.0019565941289987,2140,0,1456553409596
production-topology2-2-1456551883,0.8607158959856702,1.007750671703924,2100,0,1456553409596
production-topology3-3-1456551890,0.9822453910199227,1.0024950914028017,2380,0,1456553409596
Running observer at: 1456553420216
production-topology1-1-1456551876,1.0053845336084055,1.0060933877885758,2500,0,1456553420756
production-topology4-4-1456551897,0.9304857931686483,1.0022680894520084,2460,0,1456553420756
production-topology2-2-1456551883,0.9994700947689951,1.0019085725900587,2160,0,1456553420756
production-topology3-3-1456551890,1.0296372353742713,1.0000565078401134,2660,0,1456553420756
Running observer at: 1456553431217
production-topology1-1-1456551876,1.0369065831273032,1.0026591110745542,2200,0,1456553431949
production-topology4-4-1456551897,0.9742739928585329,1.000163001237546,2060,0,1456553431949
production-topology2-2-1456551883,1.1826881487889271,1.009306867365427,1720,0,1456553431949
production-topology3-3-1456551890,1.0974252661752661,1.0060668988234092,2220,0,1456553431949
Running observer at: 1456553442502
production-topology1-1-1456551876,0.9540800845825763,1.0030095485289732,2520,0,1456553442986
production-topology4-4-1456551897,1.0462518736226818,1.0024337994615418,2080,0,1456553442986
production-topology2-2-1456551883,0.8627942791572778,1.0029475508621084,2140,0,1456553442986
production-topology3-3-1456551890,0.9087205460322473,1.0008574967424535,2400,0,1456553442986
Running observer at: 1456553453559
production-topology1-1-1456551876,0.9950032461637497,0.9999550268528385,2600,0,1456553454057
production-topology4-4-1456551897,1.0308041737549454,1.002754250853362,2420,0,1456553454058
production-topology2-2-1456551883,1.0845726213256766,1.005944921157032,2140,0,1456553454058
production-topology3-3-1456551890,0.9772104556991088,1.0020251971903993,2680,0,1456553454058
Running observer at: 1456553464574
production-topology1-1-1456551876,1.1502656013330426,1.0077348317650765,2020,0,1456553465188
production-topology4-4-1456551897,0.9635889339240268,1.001604234837494,2060,0,1456553465189
production-topology2-2-1456551883,1.0944917348178609,1.0050292795824298,1660,0,1456553465189
production-topology3-3-1456551890,1.0310047853896698,1.0034140706141494,2260,0,1456553465189
Running observer at: 1456553475751
production-topology1-1-1456551876,0.8919685619503014,1.00498927037962,2760,0,1456553476285
production-topology4-4-1456551897,0.9934389227793683,1.001758318237552,2220,0,1456553476285
production-topology2-2-1456551883,1.1895453451347247,1.0160300038374632,1980,0,1456553476285
production-topology3-3-1456551890,1.0324228715902697,1.0026299001918397,2340,0,1456553476285
Running observer at: 1456553486829
production-topology1-1-1456551876,0.9646032086969785,1.0066419719101969,2580,0,1456553487326
production-topology4-4-1456551897,1.066322536102302,1.0045219737923579,2400,0,1456553487326
production-topology2-2-1456551883,0.7674932350576447,1.0077245745309014,2300,0,1456553487326
production-topology3-3-1456551890,1.007056171091953,1.0040351883479486,2680,0,1456553487326
Running observer at: 1456553497863
production-topology1-1-1456551876,1.060745559072408,1.0081646197851388,2040,0,1456553498524
production-topology4-4-1456551897,0.963610351538033,1.002130481161858,1860,0,1456553498524
production-topology2-2-1456551883,1.110771538881195,1.011877930810426,1560,0,1456553498524
production-topology3-3-1456551890,1.0819509198734045,1.0058870178259671,1940,0,1456553498525
Running observer at: 1456553509134
production-topology1-1-1456551876,1.086451470628482,1.0090189797788571,2700,0,1456553509638
production-topology4-4-1456551897,0.9998202242885608,1.0020671478041014,2300,0,1456553509638
production-topology2-2-1456551883,0.8472324458248801,1.0042989992827023,2140,0,1456553509638
production-topology3-3-1456551890,0.9349094778940682,1.0045884918378003,2740,0,1456553509638
Running observer at: 1456553520159
production-topology1-1-1456551876,0.9055847004792612,1.0069117653113593,2500,0,1456553520711
production-topology4-4-1456551897,0.9929566572958572,1.002393559603187,2420,0,1456553520711
production-topology2-2-1456551883,1.0785472350544618,1.0075087299751357,2200,0,1456553520711
production-topology3-3-1456551890,0.9823906310740819,1.0014441779648053,2580,0,1456553520711
Running observer at: 1456553531232
production-topology1-1-1456551876,1.0631975319843934,1.0107850263406681,2060,0,1456553531912
production-topology4-4-1456551897,1.0551593750623143,1.0032479421693155,1940,0,1456553531913
production-topology2-2-1456551883,1.0139831571821254,1.009152528673651,1680,0,1456553531913
production-topology3-3-1456551890,1.0471188985104911,1.0036683695392123,2040,0,1456553531913
Running observer at: 1456553542516
production-topology1-1-1456551876,1.0127754125888364,1.007282712871908,2660,0,1456553542998
production-topology4-4-1456551897,0.9713423831070891,1.0075802718318807,2340,0,1456553542998
production-topology2-2-1456551883,1.0156900605068369,1.002438334244824,2120,0,1456553542998
production-topology3-3-1456551890,1.0012939126191398,1.0033295546314795,2660,0,1456553542998
Running observer at: 1456553553543
production-topology1-1-1456551876,0.9393134452607758,1.0060911210401635,2540,0,1456553553977
production-topology4-4-1456551897,1.0151603185993925,1.0035660582286767,2320,0,1456553553977
production-topology2-2-1456551883,1.0659406190022018,1.0095021397950277,2200,0,1456553553977
production-topology3-3-1456551890,0.96136535030459,1.003028778234134,2700,0,1456553553977
Running observer at: 1456553564452
production-topology1-1-1456551876,1.0480791350356569,1.0052222314317412,2060,0,1456553564967
production-topology4-4-1456551897,0.9240312114406442,1.0007412736363408,1980,0,1456553564967
production-topology2-2-1456551883,0.9872196803129774,1.0108726285507623,1600,0,1456553564967
production-topology3-3-1456551890,1.0324550399100472,1.0027346411653124,1900,0,1456553564968
Running observer at: 1456553575620
production-topology1-1-1456551876,0.9751470584092803,1.008717753639912,2680,0,1456553576116
production-topology4-4-1456551897,1.0611332523961736,1.0014492957582914,2280,0,1456553576116
production-topology2-2-1456551883,0.9762870583164429,1.0051181764694206,2140,0,1456553576116
production-topology3-3-1456551890,0.9936696236596931,1.0042163065123477,2700,0,1456553576116
Running observer at: 1456553586668
production-topology1-1-1456551876,1.0084465167697132,1.0055945141881335,2220,0,1456553587218
production-topology4-4-1456551897,1.0098860733967805,1.0036475591081553,2140,0,1456553587218
production-topology2-2-1456551883,1.1641848116927123,1.0090276291825788,2180,0,1456553587218
production-topology3-3-1456551890,1.0237130855942735,1.0069951025506185,2420,0,1456553587218
Running observer at: 1456553597735
production-topology1-1-1456551876,1.1171082391786142,1.014143143462122,2380,0,1456553598265
production-topology4-4-1456551897,0.8953884610964258,1.0016022108807516,2200,0,1456553598265
production-topology2-2-1456551883,0.9881426427144859,1.0087113095345737,1600,0,1456553598265
production-topology3-3-1456551890,0.987958489614686,1.0046203174787052,2180,0,1456553598265
Running observer at: 1456553608849
production-topology1-1-1456551876,0.9071764349078778,1.0089404186753297,2640,0,1456553609394
production-topology4-4-1456551897,1.0292793108278468,1.0036692810663939,2360,0,1456553609394
production-topology2-2-1456551883,0.951706430134628,1.007071250539732,2260,0,1456553609395
production-topology3-3-1456551890,1.018038392723543,1.0042042199774344,2660,0,1456553609395
Running observer at: 1456553619976
production-topology1-1-1456551876,0.9115117986913319,1.0063116575800395,2060,0,1456553620540
production-topology4-4-1456551897,1.0478524053746745,1.0012102053149585,1920,0,1456553620540
production-topology2-2-1456551883,1.0300487764801203,1.0114913044747316,1960,0,1456553620540
production-topology3-3-1456551890,1.0108180376516114,1.0034313662187173,2460,0,1456553620540
Running observer at: 1456553631011
production-topology1-1-1456551876,1.1163261533484785,1.00914743732169,2540,0,1456553631546
production-topology4-4-1456551897,0.9747698606978599,1.0011200229122976,2340,0,1456553631546
production-topology2-2-1456551883,0.9472645860624161,1.00902658993529,1720,0,1456553631546
production-topology3-3-1456551890,1.0484612396680353,1.0049913522564322,2080,0,1456553631546
Running observer at: 1456553642093
production-topology1-1-1456551876,0.9769143351500096,1.0066144373851047,2660,0,1456553642604
production-topology4-4-1456551897,0.9874299979563135,0.9990542203323206,2220,0,1456553642604
production-topology2-2-1456551883,0.871800688618441,1.0013797489098943,2200,0,1456553642604
production-topology3-3-1456551890,0.9416860476378751,1.0018506428029996,2760,0,1456553642604
Running observer at: 1456553653123
production-topology1-1-1456551876,1.0121790651744569,1.0086453600392333,2020,0,1456553653774
production-topology4-4-1456551897,1.0175854503831925,1.001805929334075,2120,0,1456553653774
production-topology2-2-1456551883,0.975527943589836,1.0014751826289767,1760,0,1456553653774
production-topology3-3-1456551890,0.9993872851448027,1.0046422108836313,2320,0,1456553653774
Running observer at: 1456553664293
production-topology1-1-1456551876,0.9308233750633987,1.0015120998953335,2640,0,1456553664831
production-topology4-4-1456551897,1.027325763653463,1.0043909320037285,2260,0,1456553664831
production-topology2-2-1456551883,1.1790137178174052,1.0091636914070696,2020,0,1456553664832
production-topology3-3-1456551890,0.9416563024043263,1.0025236443454326,2300,0,1456553664832
Running observer at: 1456553675384
production-topology1-1-1456551876,1.057082889180859,1.0063087935196529,2600,0,1456553675874
production-topology4-4-1456551897,0.9616122695136798,0.9980739760363596,2320,0,1456553675874
production-topology2-2-1456551883,0.9215397946197387,1.0077484712397289,2180,0,1456553675874
production-topology3-3-1456551890,1.0004699445540932,1.0041169402943888,2640,0,1456553675874
Running observer at: 1456553686459
production-topology1-1-1456551876,1.0125170611538332,1.0067937513971559,2000,0,1456553687146
production-topology4-4-1456551897,1.0573689083820663,1.003315233942584,2000,0,1456553687146
production-topology2-2-1456551883,1.0924485944660292,1.0097287791338907,1760,0,1456553687146
production-topology3-3-1456551890,1.0436026469031574,1.0038773518358675,2380,0,1456553687146
Running observer at: 1456553697666
production-topology1-1-1456551876,0.9728769346584648,1.003004647796678,2660,0,1456553698204
production-topology4-4-1456551897,0.9936931191558116,0.9995687677786975,2340,0,1456553698204
production-topology2-2-1456551883,0.9554138160487367,1.0085347404648737,2100,0,1456553698205
production-topology3-3-1456551890,0.99839744771884,1.0028057697716997,2260,0,1456553698205
Running observer at: 1456553708771
production-topology1-1-1456551876,0.9821977488116237,1.002200835322123,2480,0,1456553709222
production-topology4-4-1456551897,0.9670399382309878,0.9998012130124256,2260,0,1456553709222
production-topology2-2-1456551883,0.9831350733305484,1.008063476072129,2120,0,1456553709223
production-topology3-3-1456551890,1.023790643800539,1.0036704522417528,2640,0,1456553709223
Running observer at: 1456553719601
production-topology1-1-1456551876,1.0,1.0056486133934386,0,0,1456553720170
production-topology4-4-1456551897,0.995601153429436,0.9994871206785743,1940,0,1456553720170
production-topology2-2-1456551883,1.0030491727941175,1.00801627523632,1200,0,1456553720170
production-topology3-3-1456551890,0.9631379688640018,1.0033357375613081,2140,0,1456553720170
