Running observer at: 1456642908976
production-topology1-1-1456642908,0.0,0.0,0,0,1456642909213
Running observer at: 1456642915345
production-topology1-1-1456642908,0.0,0.0,0,0,1456642915675
production-topology2-2-1456642915,0.0,0.0,0,0,1456642915675
Running observer at: 1456642918634
production-topology1-1-1456642908,0.0,0.0,0,0,1456642918865
production-topology2-2-1456642915,0.0,0.0,0,0,1456642918865
Running observer at: 1456642921769
production-topology3-3-1456642921,0.0,0.0,0,0,1456642922129
production-topology1-1-1456642908,0.0,0.0,0,0,1456642922130
production-topology2-2-1456642915,0.0,0.0,0,0,1456642922130
Running observer at: 1456642928395
production-topology4-4-1456642928,0.0,0.0,0,0,1456642928833
production-topology3-3-1456642921,0.0,0.0,0,0,1456642928834
production-topology1-1-1456642908,0.0,0.0,0,0,1456642928834
production-topology2-2-1456642915,0.0,0.0,0,0,1456642928834
Running observer at: 1456642929214
production-topology4-4-1456642928,0.0,0.0,0,0,1456642929650
production-topology3-3-1456642921,0.0,0.0,0,0,1456642929651
production-topology1-1-1456642908,0.0,0.0,0,0,1456642929651
production-topology2-2-1456642915,0.0,0.0,0,0,1456642929651
Running observer at: 1456642940003
production-topology4-4-1456642928,0.0,0.0,0,0,1456642940396
production-topology3-3-1456642921,0.0,0.0,0,0,1456642940396
production-topology1-1-1456642908,0.0,0.0,0,0,1456642940397
production-topology2-2-1456642915,0.0,0.0,0,0,1456642940397
Running observer at: 1456642950722
production-topology4-4-1456642928,0.0,0.0,0,0,1456642951079
production-topology3-3-1456642921,0.0,0.0,0,0,1456642951079
production-topology1-1-1456642908,0.0,0.0,0,0,1456642951080
production-topology2-2-1456642915,0.0,0.0,0,0,1456642951080
Running observer at: 1456642961383
production-topology4-4-1456642928,0.0,0.0,0,0,1456642961742
production-topology3-3-1456642921,0.0,0.0,0,0,1456642961742
production-topology1-1-1456642908,0.0,0.0,0,0,1456642961742
production-topology2-2-1456642915,0.0,0.0,0,0,1456642961743
Running observer at: 1456642972044
production-topology4-4-1456642928,0.0,0.0,0,0,1456642972370
production-topology3-3-1456642921,0.0,0.0,0,0,1456642972370
production-topology1-1-1456642908,0.0,0.0,0,0,1456642972370
production-topology2-2-1456642915,0.0,0.0,0,0,1456642972371
Running observer at: 1456642982651
production-topology4-4-1456642928,0.0,0.0,0,0,1456642982979
production-topology3-3-1456642921,0.0,0.0,0,0,1456642982979
production-topology1-1-1456642908,0.0,0.0,0,0,1456642982979
production-topology2-2-1456642915,0.0,0.0,0,0,1456642982980
Running observer at: 1456642993266
production-topology4-4-1456642928,0.0,0.0,0,0,1456642993579
production-topology3-3-1456642921,0.0,0.0,0,0,1456642993580
production-topology1-1-1456642908,0.0,0.0,0,0,1456642993580
production-topology2-2-1456642915,0.0,0.0,0,0,1456642993580
Running observer at: 1456643003842
production-topology4-4-1456642928,0.0,0.0,0,0,1456643004145
production-topology3-3-1456642921,0.0,0.0,0,0,1456643004146
production-topology1-1-1456642908,0.0,0.0,0,0,1456643004146
production-topology2-2-1456642915,0.0,0.0,0,0,1456643004146
Running observer at: 1456643014384
production-topology4-4-1456642928,0.0,0.0,0,0,1456643014667
production-topology3-3-1456642921,0.0,0.0,0,0,1456643014667
production-topology1-1-1456642908,0.0,0.0,0,0,1456643014667
production-topology2-2-1456642915,0.0,0.0,0,0,1456643014668
Running observer at: 1456643024911
production-topology4-4-1456642928,0.0,0.0,0,0,1456643025190
production-topology3-3-1456642921,0.0,0.0,0,0,1456643025190
production-topology1-1-1456642908,0.0,0.0,0,0,1456643025190
production-topology2-2-1456642915,0.0,0.0,0,0,1456643025191
Running observer at: 1456643035425
production-topology4-4-1456642928,0.0,0.0,0,0,1456643035704
production-topology3-3-1456642921,0.0,0.0,0,0,1456643035705
production-topology1-1-1456642908,0.0,0.0,0,0,1456643035705
production-topology2-2-1456642915,0.0,0.0,0,0,1456643035706
Running observer at: 1456643045953
production-topology4-4-1456642928,0.0,0.0,0,0,1456643046230
production-topology3-3-1456642921,0.0,0.0,0,0,1456643046230
production-topology1-1-1456642908,0.0,0.0,0,0,1456643046230
production-topology2-2-1456642915,0.0,0.0,0,0,1456643046230
Running observer at: 1456643056454
production-topology4-4-1456642928,0.0,0.0,0,0,1456643056712
production-topology3-3-1456642921,0.0,0.0,0,0,1456643056712
production-topology1-1-1456642908,0.0,0.0,0,0,1456643056712
production-topology2-2-1456642915,0.0,0.0,0,0,1456643056712
Running observer at: 1456643066950
production-topology4-4-1456642928,0.0,0.0,0,0,1456643067223
production-topology3-3-1456642921,0.0,0.0,0,0,1456643067223
production-topology1-1-1456642908,0.0,0.0,0,0,1456643067223
production-topology2-2-1456642915,0.0,0.0,0,0,1456643067224
Running observer at: 1456643077459
production-topology4-4-1456642928,0.0,0.0,0,0,1456643077736
production-topology3-3-1456642921,0.0,0.0,0,0,1456643077737
production-topology1-1-1456642908,0.0,0.0,0,0,1456643077737
production-topology2-2-1456642915,0.0,0.0,0,0,1456643077737
Running observer at: 1456643087973
production-topology4-4-1456642928,0.0,0.0,0,0,1456643088241
production-topology3-3-1456642921,0.0,0.0,0,0,1456643088241
production-topology1-1-1456642908,0.0,0.0,0,0,1456643088242
production-topology2-2-1456642915,0.0,0.0,0,0,1456643088242
Running observer at: 1456643098472
production-topology4-4-1456642928,0.0,0.0,0,0,1456643098738
production-topology3-3-1456642921,0.0,0.0,0,0,1456643098739
production-topology1-1-1456642908,0.0,0.0,0,0,1456643098739
production-topology2-2-1456642915,0.0,0.0,0,0,1456643098739
Running observer at: 1456643108965
production-topology4-4-1456642928,0.0,0.0,0,0,1456643109225
production-topology3-3-1456642921,0.0,0.0,0,0,1456643109225
production-topology1-1-1456642908,0.0,0.0,0,0,1456643109225
production-topology2-2-1456642915,0.0,0.0,0,0,1456643109226
Running observer at: 1456643119442
production-topology4-4-1456642928,0.0,0.0,0,0,1456643119687
production-topology3-3-1456642921,0.0,0.0,0,0,1456643119687
production-topology1-1-1456642908,0.0,0.0,0,0,1456643119688
production-topology2-2-1456642915,0.0,0.0,0,0,1456643119688
Running observer at: 1456643129866
production-topology4-4-1456642928,0.0,0.0,0,0,1456643130107
production-topology3-3-1456642921,0.0,0.0,0,0,1456643130107
production-topology1-1-1456642908,0.0,0.0,0,0,1456643130107
production-topology2-2-1456642915,0.0,0.0,0,0,1456643130108
Running observer at: 1456643140322
production-topology4-4-1456642928,0.0,0.0,0,0,1456643140555
production-topology3-3-1456642921,0.0,0.0,0,0,1456643140556
production-topology1-1-1456642908,0.0,0.0,0,0,1456643140556
production-topology2-2-1456642915,0.0,0.0,0,0,1456643140556
Running observer at: 1456643150746
production-topology4-4-1456642928,0.0,0.0,0,0,1456643150967
production-topology3-3-1456642921,0.0,0.0,0,0,1456643150967
production-topology1-1-1456642908,0.0,0.0,0,0,1456643150967
production-topology2-2-1456642915,0.0,0.0,0,0,1456643150968
Running observer at: 1456643161173
production-topology4-4-1456642928,0.0,0.0,0,0,1456643161406
production-topology3-3-1456642921,0.0,0.0,0,0,1456643161406
production-topology1-1-1456642908,0.0,0.0,0,0,1456643161407
production-topology2-2-1456642915,0.0,0.0,0,0,1456643161407
Running observer at: 1456643171604
production-topology4-4-1456642928,0.0,0.0,0,0,1456643171822
production-topology3-3-1456642921,0.0,0.0,0,0,1456643171823
production-topology1-1-1456642908,0.0,0.0,0,0,1456643171823
production-topology2-2-1456642915,0.0,0.0,0,0,1456643171823
Running observer at: 1456643182024
production-topology4-4-1456642928,0.0,0.0,0,0,1456643182240
production-topology3-3-1456642921,0.0,0.0,0,0,1456643182240
production-topology1-1-1456642908,0.0,0.0,0,0,1456643182240
production-topology2-2-1456642915,0.0,0.0,0,0,1456643182241
Running observer at: 1456643192435
production-topology4-4-1456642928,0.0,0.0,0,0,1456643192670
production-topology3-3-1456642921,0.0,0.0,0,0,1456643192670
production-topology1-1-1456642908,0.0,0.0,0,0,1456643192671
production-topology2-2-1456642915,0.0,0.0,0,0,1456643192671
Running observer at: 1456643202870
production-topology4-4-1456642928,0.0,0.0,0,0,1456643203094
production-topology3-3-1456642921,0.0,0.0,0,0,1456643203094
production-topology1-1-1456642908,0.0,0.0,0,0,1456643203095
production-topology2-2-1456642915,0.0,0.0,0,0,1456643203095
Running observer at: 1456643213295
production-topology4-4-1456642928,0.0,0.0,0,0,1456643213507
production-topology3-3-1456642921,0.0,0.0,0,0,1456643213507
production-topology1-1-1456642908,0.0,0.0,0,0,1456643213507
production-topology2-2-1456642915,0.0,0.0,0,0,1456643213508
Running observer at: 1456643223700
production-topology4-4-1456642928,0.0,0.0,0,0,1456643223909
production-topology3-3-1456642921,0.0,0.0,0,0,1456643223909
production-topology1-1-1456642908,0.0,0.0,0,0,1456643223909
production-topology2-2-1456642915,0.0,0.0,0,0,1456643223910
Running observer at: 1456643234102
production-topology4-4-1456642928,0.0,0.0,0,0,1456643234326
production-topology3-3-1456642921,0.0,0.0,0,0,1456643234326
production-topology1-1-1456642908,0.0,0.0,0,0,1456643234327
production-topology2-2-1456642915,0.0,0.0,0,0,1456643234327
Running observer at: 1456643244527
production-topology4-4-1456642928,0.0,0.0,0,0,1456643244735
production-topology3-3-1456642921,0.0,0.0,0,0,1456643244735
production-topology1-1-1456642908,0.0,0.0,0,0,1456643244736
production-topology2-2-1456642915,0.0,0.0,0,0,1456643244736
Running observer at: 1456643254898
production-topology4-4-1456642928,0.0,0.0,0,0,1456643255106
production-topology3-3-1456642921,0.0,0.0,0,0,1456643255107
production-topology1-1-1456642908,0.0,0.0,0,0,1456643255107
production-topology2-2-1456642915,0.0,0.0,0,0,1456643255107
Running observer at: 1456643265303
production-topology4-4-1456642928,0.0,0.0,0,0,1456643265531
production-topology3-3-1456642921,0.0,0.0,0,0,1456643265531
production-topology1-1-1456642908,0.0,0.0,0,0,1456643265531
production-topology2-2-1456642915,0.0,0.0,0,0,1456643265532
Running observer at: 1456643275723
production-topology4-4-1456642928,0.0,0.0,0,0,1456643275938
production-topology3-3-1456642921,0.0,0.0,0,0,1456643275938
production-topology1-1-1456642908,0.0,0.0,0,0,1456643275938
production-topology2-2-1456642915,0.0,0.0,0,0,1456643275939
Running observer at: 1456643286128
production-topology4-4-1456642928,0.0,0.0,0,0,1456643286351
production-topology3-3-1456642921,0.0,0.0,0,0,1456643286351
production-topology1-1-1456642908,0.0,0.0,0,0,1456643286351
production-topology2-2-1456642915,0.0,0.0,0,0,1456643286352
Running observer at: 1456643296531
production-topology4-4-1456642928,0.0,0.0,0,0,1456643296751
production-topology3-3-1456642921,0.0,0.0,0,0,1456643296751
production-topology1-1-1456642908,0.0,0.0,0,0,1456643296752
production-topology2-2-1456642915,0.0,0.0,0,0,1456643296752
Running observer at: 1456643306943
production-topology4-4-1456642928,0.0,0.0,0,0,1456643307165
production-topology3-3-1456642921,0.0,0.0,0,0,1456643307166
production-topology1-1-1456642908,0.0,0.0,0,0,1456643307166
production-topology2-2-1456642915,0.0,0.0,0,0,1456643307166
Running observer at: 1456643317356
production-topology4-4-1456642928,0.0,0.0,0,0,1456643317573
production-topology3-3-1456642921,0.0,0.0,0,0,1456643317573
production-topology1-1-1456642908,0.0,0.0,0,0,1456643317574
production-topology2-2-1456642915,0.0,0.0,0,0,1456643317574
Running observer at: 1456643327733
production-topology4-4-1456642928,0.0,0.0,0,0,1456643327939
production-topology3-3-1456642921,0.0,0.0,0,0,1456643327939
production-topology1-1-1456642908,0.0,0.0,0,0,1456643327939
production-topology2-2-1456642915,0.0,0.0,0,0,1456643327940
Running observer at: 1456643338127
production-topology4-4-1456642928,0.0,0.0,0,0,1456643338332
production-topology3-3-1456642921,0.0,0.0,0,0,1456643338333
production-topology1-1-1456642908,0.0,0.0,0,0,1456643338333
production-topology2-2-1456642915,0.0,0.0,0,0,1456643338333
Running observer at: 1456643348515
production-topology4-4-1456642928,0.0,0.0,0,0,1456643348728
production-topology3-3-1456642921,0.0,0.0,0,0,1456643348728
production-topology1-1-1456642908,0.0,0.0,0,0,1456643348728
production-topology2-2-1456642915,0.0,0.0,0,0,1456643348729
Running observer at: 1456643358922
production-topology4-4-1456642928,0.0,0.0,0,0,1456643359135
production-topology3-3-1456642921,0.0,0.0,0,0,1456643359135
production-topology1-1-1456642908,0.0,0.0,0,0,1456643359136
production-topology2-2-1456642915,0.0,0.0,0,0,1456643359136
Running observer at: 1456643369327
production-topology4-4-1456642928,0.0,0.0,0,0,1456643369538
production-topology3-3-1456642921,0.0,0.0,0,0,1456643369538
production-topology1-1-1456642908,0.0,0.0,0,0,1456643369539
production-topology2-2-1456642915,0.0,0.0,0,0,1456643369539
Running observer at: 1456643379732
production-topology4-4-1456642928,0.0,0.0,0,0,1456643379942
production-topology3-3-1456642921,0.0,0.0,0,0,1456643379942
production-topology1-1-1456642908,0.0,0.0,0,0,1456643379943
production-topology2-2-1456642915,0.0,0.0,0,0,1456643379943
Running observer at: 1456643390127
production-topology4-4-1456642928,0.0,0.0,0,0,1456643390343
production-topology3-3-1456642921,0.0,0.0,0,0,1456643390344
production-topology1-1-1456642908,0.0,0.0,0,0,1456643390344
production-topology2-2-1456642915,0.0,0.0,0,0,1456643390344
Running observer at: 1456643400524
production-topology4-4-1456642928,0.0,0.0,0,0,1456643400721
production-topology3-3-1456642921,0.0,0.0,0,0,1456643400721
production-topology1-1-1456642908,0.0,0.0,0,0,1456643400721
production-topology2-2-1456642915,0.0,0.0,0,0,1456643400721
Running observer at: 1456643410900
production-topology4-4-1456642928,0.0,0.0,0,0,1456643411114
production-topology3-3-1456642921,0.0,0.0,0,0,1456643411114
production-topology1-1-1456642908,0.0,0.0,0,0,1456643411115
production-topology2-2-1456642915,0.0,0.0,0,0,1456643411115
Running observer at: 1456643421289
production-topology4-4-1456642928,0.0,0.0,0,0,1456643421509
production-topology3-3-1456642921,0.0,0.0,0,0,1456643421510
production-topology1-1-1456642908,0.0,0.0,0,0,1456643421510
production-topology2-2-1456642915,0.0,0.0,0,0,1456643421510
Running observer at: 1456643431696
production-topology4-4-1456642928,0.0,0.0,0,0,1456643431905
production-topology3-3-1456642921,0.0,0.0,0,0,1456643431905
production-topology1-1-1456642908,0.0,0.0,0,0,1456643431906
production-topology2-2-1456642915,0.0,0.0,0,0,1456643431906
Running observer at: 1456643442085
production-topology4-4-1456642928,0.0,0.0,0,0,1456643442290
production-topology3-3-1456642921,0.0,0.0,0,0,1456643442291
production-topology1-1-1456642908,0.0,0.0,0,0,1456643442291
production-topology2-2-1456642915,0.0,0.0,0,0,1456643442291
Running observer at: 1456643452465
production-topology4-4-1456642928,0.0,0.0,0,0,1456643452678
production-topology3-3-1456642921,0.0,0.0,0,0,1456643452679
production-topology1-1-1456642908,0.0,0.0,0,0,1456643452679
production-topology2-2-1456642915,0.0,0.0,0,0,1456643452679
Running observer at: 1456643462862
production-topology4-4-1456642928,0.0,0.0,0,0,1456643463063
production-topology3-3-1456642921,0.0,0.0,0,0,1456643463063
production-topology1-1-1456642908,0.0,0.0,0,0,1456643463063
production-topology2-2-1456642915,0.0,0.0,0,0,1456643463063
Running observer at: 1456643473239
production-topology4-4-1456642928,0.0,0.0,0,0,1456643473453
production-topology3-3-1456642921,0.0,0.0,0,0,1456643473453
production-topology1-1-1456642908,0.0,0.0,0,0,1456643473454
production-topology2-2-1456642915,0.0,0.0,0,0,1456643473454
Running observer at: 1456643483634
production-topology4-4-1456642928,0.0,0.0,0,0,1456643483847
production-topology3-3-1456642921,0.0,0.0,0,0,1456643483848
production-topology1-1-1456642908,0.0,0.0,0,0,1456643483848
production-topology2-2-1456642915,0.0,0.0,0,0,1456643483848
Running observer at: 1456643494031
production-topology4-4-1456642928,0.0,0.0,0,0,1456643494155
production-topology3-3-1456642921,0.0,0.0,0,0,1456643494155
production-topology1-1-1456642908,0.0,0.0,0,0,1456643494155
production-topology2-2-1456642915,0.0,0.0,0,0,1456643494155
Running observer at: 1456643504301
production-topology4-4-1456642928,0.0,0.0,0,0,1456643504449
production-topology3-3-1456642921,0.0,0.0,0,0,1456643504449
production-topology1-1-1456642908,0.0,0.0,0,0,1456643504449
production-topology2-2-1456642915,0.0,0.0,0,0,1456643504449
