production-topology1-1-1456627490,0.0,0.0,1456627490907
production-topology1-1-1456627490,0.0,0.0,1456627492175
production-topology1-1-1456627490,0.0,0.0,1456627497220
production-topology2-2-1456627496,0.0,0.0,1456627497220
production-topology1-1-1456627490,0.0,0.0,1456627502649
production-topology2-2-1456627496,0.0,0.0,1456627502649
production-topology3-3-1456627503,0.0,0.0,1456627503711
production-topology1-1-1456627490,0.0,0.0,1456627503712
production-topology2-2-1456627496,0.0,0.0,1456627503712
production-topology3-3-1456627503,0.0,0.0,1456627510258
production-topology1-1-1456627490,0.0,0.0,1456627510258
production-topology2-2-1456627496,0.0,0.0,1456627510258
production-topology4-4-1456627509,0.0,0.0,1456627510259
production-topology3-3-1456627503,0.0,0.0,1456627513368
production-topology1-1-1456627490,0.0,0.0,1456627513368
production-topology2-2-1456627496,0.0,0.0,1456627513369
production-topology4-4-1456627509,0.0,0.0,1456627513369
production-topology3-3-1456627503,0.0,0.0,1456627524141
production-topology1-1-1456627490,0.0,0.0,1456627524142
production-topology2-2-1456627496,0.0,0.0,1456627524142
production-topology4-4-1456627509,0.0,0.0,1456627524142
production-topology3-3-1456627503,0.0,0.0,1456627534851
production-topology1-1-1456627490,0.0,0.0,1456627534851
production-topology2-2-1456627496,0.0,0.0,1456627534851
production-topology4-4-1456627509,0.0,0.0,1456627534852
production-topology3-3-1456627503,0.0,0.0,1456627545507
production-topology1-1-1456627490,0.0,0.0,1456627545507
production-topology2-2-1456627496,0.0,0.0,1456627545508
production-topology4-4-1456627509,0.0,0.0,1456627545508
production-topology3-3-1456627503,0.0,0.0,1456627556165
production-topology1-1-1456627490,0.0,0.0,1456627556166
production-topology2-2-1456627496,0.0,0.0,1456627556166
production-topology4-4-1456627509,0.0,0.0,1456627556166
production-topology3-3-1456627503,0.0,0.0,1456627566782
production-topology1-1-1456627490,0.0,0.0,1456627566783
production-topology2-2-1456627496,0.0,0.0,1456627566783
production-topology4-4-1456627509,0.0,0.0,1456627566783
production-topology3-3-1456627503,0.0,0.0,1456627577375
production-topology1-1-1456627490,0.0,0.0,1456627577375
production-topology2-2-1456627496,0.0,0.0,1456627577375
production-topology4-4-1456627509,0.0,0.0,1456627577375
production-topology3-3-1456627503,0.0,0.0,1456627587917
production-topology1-1-1456627490,0.0,0.0,1456627587917
production-topology2-2-1456627496,0.0,0.0,1456627587917
production-topology4-4-1456627509,0.0,0.0,1456627587918
production-topology3-3-1456627503,0.0,0.0,1456627598449
production-topology1-1-1456627490,0.0,0.0,1456627598449
production-topology2-2-1456627496,0.0,0.0,1456627598449
production-topology4-4-1456627509,0.0,0.0,1456627598449
production-topology3-3-1456627503,0.0,0.0,1456627608970
production-topology1-1-1456627490,0.0,0.0,1456627608970
production-topology2-2-1456627496,0.0,0.0,1456627608971
production-topology4-4-1456627509,0.0,0.0,1456627608971
production-topology3-3-1456627503,0.0,0.0,1456627619505
production-topology1-1-1456627490,0.0,0.0,1456627619505
production-topology2-2-1456627496,0.0,0.0,1456627619506
production-topology4-4-1456627509,0.0,0.0,1456627619506
production-topology3-3-1456627503,0.0,0.0,1456627630019
production-topology1-1-1456627490,0.0,0.0,1456627630019
production-topology2-2-1456627496,0.0,0.0,1456627630019
production-topology4-4-1456627509,0.0,0.0,1456627630020
production-topology3-3-1456627503,0.0,0.0,1456627640537
production-topology1-1-1456627490,0.0,0.0,1456627640538
production-topology2-2-1456627496,0.0,0.0,1456627640538
production-topology4-4-1456627509,0.0,0.0,1456627640538
production-topology3-3-1456627503,0.0,0.0,1456627651042
production-topology1-1-1456627490,0.0,0.0,1456627651042
production-topology2-2-1456627496,0.0,0.0,1456627651043
production-topology4-4-1456627509,0.0,0.0,1456627651043
production-topology3-3-1456627503,0.0,0.0,1456627661545
production-topology1-1-1456627490,0.0,0.0,1456627661545
production-topology2-2-1456627496,0.0,0.0,1456627661545
production-topology4-4-1456627509,0.0,0.0,1456627661546
production-topology3-3-1456627503,0.0,0.0,1456627672056
production-topology1-1-1456627490,0.0,0.0,1456627672056
production-topology2-2-1456627496,0.0,0.0,1456627672057
production-topology4-4-1456627509,0.0,0.0,1456627672057
production-topology3-3-1456627503,0.0,0.0,1456627682557
production-topology1-1-1456627490,0.0,0.0,1456627682557
production-topology2-2-1456627496,0.0,0.0,1456627682558
production-topology4-4-1456627509,0.0,0.0,1456627682558
production-topology3-3-1456627503,0.0,0.0,1456627693048
production-topology1-1-1456627490,0.0,0.0,1456627693049
production-topology2-2-1456627496,0.0,0.0,1456627693049
production-topology4-4-1456627509,0.0,0.0,1456627693049
production-topology3-3-1456627503,0.0,0.0,1456627703464
production-topology1-1-1456627490,0.0,0.0,1456627703464
production-topology2-2-1456627496,0.0,0.0,1456627703465
production-topology4-4-1456627509,0.0,0.0,1456627703465
production-topology3-3-1456627503,0.0,0.0,1456627713875
production-topology1-1-1456627490,0.0,0.0,1456627713876
production-topology2-2-1456627496,0.0,0.0,1456627713876
production-topology4-4-1456627509,0.0,0.0,1456627713876
production-topology3-3-1456627503,0.0,0.0,1456627724312
production-topology1-1-1456627490,0.0,0.0,1456627724312
production-topology2-2-1456627496,0.0,0.0,1456627724313
production-topology4-4-1456627509,0.0,0.0,1456627724313
production-topology3-3-1456627503,0.0,0.0,1456627734729
production-topology1-1-1456627490,0.0,0.0,1456627734730
production-topology2-2-1456627496,0.0,0.0,1456627734730
production-topology4-4-1456627509,0.0,0.0,1456627734730
production-topology3-3-1456627503,0.0,0.0,1456627745157
production-topology1-1-1456627490,0.0,0.0,1456627745158
production-topology2-2-1456627496,0.0,0.0,1456627745158
production-topology4-4-1456627509,0.0,0.0,1456627745158
production-topology3-3-1456627503,0.0,0.0,1456627755598
production-topology1-1-1456627490,0.0,0.0,1456627755599
production-topology2-2-1456627496,0.0,0.0,1456627755599
production-topology4-4-1456627509,0.0,0.0,1456627755599
production-topology3-3-1456627503,0.0,0.0,1456627766025
production-topology1-1-1456627490,0.0,0.0,1456627766025
production-topology2-2-1456627496,0.0,0.0,1456627766025
production-topology4-4-1456627509,0.0,0.0,1456627766026
production-topology3-3-1456627503,0.0,0.0,1456627776458
production-topology1-1-1456627490,0.0,0.0,1456627776458
production-topology2-2-1456627496,0.0,0.0,1456627776458
production-topology4-4-1456627509,0.0,0.0,1456627776459
production-topology3-3-1456627503,0.0,0.0,1456627786891
production-topology1-1-1456627490,0.0,0.0,1456627786892
production-topology2-2-1456627496,0.0,0.0,1456627786892
production-topology4-4-1456627509,0.0,0.0,1456627786893
production-topology3-3-1456627503,0.0,0.0,1456627797309
production-topology1-1-1456627490,0.0,0.0,1456627797309
production-topology2-2-1456627496,0.0,0.0,1456627797309
production-topology4-4-1456627509,0.0,0.0,1456627797310
production-topology3-3-1456627503,0.0,0.0,1456627807729
production-topology1-1-1456627490,0.0,0.0,1456627807729
production-topology2-2-1456627496,0.0,0.0,1456627807729
production-topology4-4-1456627509,0.0,0.0,1456627807730
production-topology3-3-1456627503,0.0,0.0,1456627818142
production-topology1-1-1456627490,0.0,0.0,1456627818142
production-topology2-2-1456627496,0.0,0.0,1456627818143
production-topology4-4-1456627509,0.0,0.0,1456627818143
production-topology3-3-1456627503,0.0,0.0,1456627828554
production-topology1-1-1456627490,0.0,0.0,1456627828555
production-topology2-2-1456627496,0.0,0.0,1456627828555
production-topology4-4-1456627509,0.0,0.0,1456627828555
production-topology3-3-1456627503,0.0,0.0,1456627838960
production-topology1-1-1456627490,0.0,0.0,1456627838961
production-topology2-2-1456627496,0.0,0.0,1456627838961
production-topology4-4-1456627509,0.0,0.0,1456627838961
production-topology3-3-1456627503,0.0,0.0,1456627849382
production-topology1-1-1456627490,0.0,0.0,1456627849382
production-topology2-2-1456627496,0.0,0.0,1456627849382
production-topology4-4-1456627509,0.0,0.0,1456627849383
production-topology3-3-1456627503,0.0,0.0,1456627859791
production-topology1-1-1456627490,0.0,0.0,1456627859791
production-topology2-2-1456627496,0.0,0.0,1456627859791
production-topology4-4-1456627509,0.0,0.0,1456627859792
production-topology3-3-1456627503,0.0,0.0,1456627870202
production-topology1-1-1456627490,0.0,0.0,1456627870203
production-topology2-2-1456627496,0.0,0.0,1456627870203
production-topology4-4-1456627509,0.0,0.0,1456627870203
production-topology3-3-1456627503,0.0,0.0,1456627880617
production-topology1-1-1456627490,0.0,0.0,1456627880617
production-topology2-2-1456627496,0.0,0.0,1456627880618
production-topology4-4-1456627509,0.0,0.0,1456627880618
production-topology3-3-1456627503,0.0,0.0,1456627890948
production-topology1-1-1456627490,0.0,0.0,1456627890948
production-topology2-2-1456627496,0.0,0.0,1456627890949
production-topology4-4-1456627509,0.0,0.0,1456627890949
production-topology3-3-1456627503,0.0,0.0,1456627901247
production-topology1-1-1456627490,0.0,0.0,1456627901248
production-topology2-2-1456627496,0.0,0.0,1456627901248
production-topology4-4-1456627509,0.0,0.0,1456627901248
