Running observer at: 1456627490684
production-topology1-1-1456627490,0.0,0.0,0,0,1456627490907
Running observer at: 1456627492019
production-topology1-1-1456627490,0.0,0.0,0,0,1456627492175
Running observer at: 1456627496909
production-topology1-1-1456627490,0.0,0.0,0,0,1456627497220
production-topology2-2-1456627496,0.0,0.0,0,0,1456627497220
Running observer at: 1456627502392
production-topology1-1-1456627490,0.0,0.0,0,0,1456627502649
production-topology2-2-1456627496,0.0,0.0,0,0,1456627502649
Running observer at: 1456627503381
production-topology3-3-1456627503,0.0,0.0,0,0,1456627503711
production-topology1-1-1456627490,0.0,0.0,0,0,1456627503712
production-topology2-2-1456627496,0.0,0.0,0,0,1456627503712
Running observer at: 1456627509795
production-topology3-3-1456627503,0.0,0.0,0,0,1456627510258
production-topology1-1-1456627490,0.0,0.0,0,0,1456627510258
production-topology2-2-1456627496,0.0,0.0,0,0,1456627510258
production-topology4-4-1456627509,0.0,0.0,0,0,1456627510259
Running observer at: 1456627512914
production-topology3-3-1456627503,0.0,0.0,0,0,1456627513368
production-topology1-1-1456627490,0.0,0.0,0,0,1456627513368
production-topology2-2-1456627496,0.0,0.0,0,0,1456627513368
production-topology4-4-1456627509,0.0,0.0,0,0,1456627513369
Running observer at: 1456627523738
production-topology3-3-1456627503,0.0,0.0,0,0,1456627524141
production-topology1-1-1456627490,0.0,0.0,0,0,1456627524142
production-topology2-2-1456627496,0.0,0.0,0,0,1456627524142
production-topology4-4-1456627509,0.0,0.0,0,0,1456627524142
Running observer at: 1456627534491
production-topology3-3-1456627503,0.0,0.0,0,0,1456627534851
production-topology1-1-1456627490,0.0,0.0,0,0,1456627534851
production-topology2-2-1456627496,0.0,0.0,0,0,1456627534851
production-topology4-4-1456627509,0.0,0.0,0,0,1456627534851
Running observer at: 1456627545149
production-topology3-3-1456627503,0.0,0.0,0,0,1456627545507
production-topology1-1-1456627490,0.0,0.0,0,0,1456627545507
production-topology2-2-1456627496,0.0,0.0,0,0,1456627545507
production-topology4-4-1456627509,0.0,0.0,0,0,1456627545508
Running observer at: 1456627555818
production-topology3-3-1456627503,0.0,0.0,0,0,1456627556165
production-topology1-1-1456627490,0.0,0.0,0,0,1456627556166
production-topology2-2-1456627496,0.0,0.0,0,0,1456627556166
production-topology4-4-1456627509,0.0,0.0,0,0,1456627556166
Running observer at: 1456627566443
production-topology3-3-1456627503,0.0,0.0,0,0,1456627566782
production-topology1-1-1456627490,0.0,0.0,0,0,1456627566783
production-topology2-2-1456627496,0.0,0.0,0,0,1456627566783
production-topology4-4-1456627509,0.0,0.0,0,0,1456627566783
Running observer at: 1456627577061
production-topology3-3-1456627503,0.0,0.0,0,0,1456627577374
production-topology1-1-1456627490,0.0,0.0,0,0,1456627577375
production-topology2-2-1456627496,0.0,0.0,0,0,1456627577375
production-topology4-4-1456627509,0.0,0.0,0,0,1456627577375
Running observer at: 1456627587644
production-topology3-3-1456627503,0.0,0.0,0,0,1456627587916
production-topology1-1-1456627490,0.0,0.0,0,0,1456627587917
production-topology2-2-1456627496,0.0,0.0,0,0,1456627587917
production-topology4-4-1456627509,0.0,0.0,0,0,1456627587917
Running observer at: 1456627598166
production-topology3-3-1456627503,0.0,0.0,0,0,1456627598448
production-topology1-1-1456627490,0.0,0.0,0,0,1456627598449
production-topology2-2-1456627496,0.0,0.0,0,0,1456627598449
production-topology4-4-1456627509,0.0,0.0,0,0,1456627598449
Running observer at: 1456627608699
production-topology3-3-1456627503,0.0,0.0,0,0,1456627608970
production-topology1-1-1456627490,0.0,0.0,0,0,1456627608970
production-topology2-2-1456627496,0.0,0.0,0,0,1456627608971
production-topology4-4-1456627509,0.0,0.0,0,0,1456627608971
Running observer at: 1456627619214
production-topology3-3-1456627503,0.0,0.0,0,0,1456627619505
production-topology1-1-1456627490,0.0,0.0,0,0,1456627619505
production-topology2-2-1456627496,0.0,0.0,0,0,1456627619506
production-topology4-4-1456627509,0.0,0.0,0,0,1456627619506
Running observer at: 1456627629746
production-topology3-3-1456627503,0.0,0.0,0,0,1456627630018
production-topology1-1-1456627490,0.0,0.0,0,0,1456627630019
production-topology2-2-1456627496,0.0,0.0,0,0,1456627630019
production-topology4-4-1456627509,0.0,0.0,0,0,1456627630019
Running observer at: 1456627640260
production-topology3-3-1456627503,0.0,0.0,0,0,1456627640537
production-topology1-1-1456627490,0.0,0.0,0,0,1456627640537
production-topology2-2-1456627496,0.0,0.0,0,0,1456627640538
production-topology4-4-1456627509,0.0,0.0,0,0,1456627640538
Running observer at: 1456627650771
production-topology3-3-1456627503,0.0,0.0,0,0,1456627651042
production-topology1-1-1456627490,0.0,0.0,0,0,1456627651042
production-topology2-2-1456627496,0.0,0.0,0,0,1456627651042
production-topology4-4-1456627509,0.0,0.0,0,0,1456627651043
Running observer at: 1456627661272
production-topology3-3-1456627503,0.0,0.0,0,0,1456627661545
production-topology1-1-1456627490,0.0,0.0,0,0,1456627661545
production-topology2-2-1456627496,0.0,0.0,0,0,1456627661545
production-topology4-4-1456627509,0.0,0.0,0,0,1456627661546
Running observer at: 1456627671788
production-topology3-3-1456627503,0.0,0.0,0,0,1456627672056
production-topology1-1-1456627490,0.0,0.0,0,0,1456627672056
production-topology2-2-1456627496,0.0,0.0,0,0,1456627672057
production-topology4-4-1456627509,0.0,0.0,0,0,1456627672057
Running observer at: 1456627682286
production-topology3-3-1456627503,0.0,0.0,0,0,1456627682557
production-topology1-1-1456627490,0.0,0.0,0,0,1456627682557
production-topology2-2-1456627496,0.0,0.0,0,0,1456627682558
production-topology4-4-1456627509,0.0,0.0,0,0,1456627682558
Running observer at: 1456627692788
production-topology3-3-1456627503,0.0,0.0,0,0,1456627693048
production-topology1-1-1456627490,0.0,0.0,0,0,1456627693048
production-topology2-2-1456627496,0.0,0.0,0,0,1456627693049
production-topology4-4-1456627509,0.0,0.0,0,0,1456627693049
Running observer at: 1456627703272
production-topology3-3-1456627503,0.0,0.0,0,0,1456627703464
production-topology1-1-1456627490,0.0,0.0,0,0,1456627703464
production-topology2-2-1456627496,0.0,0.0,0,0,1456627703465
production-topology4-4-1456627509,0.0,0.0,0,0,1456627703465
Running observer at: 1456627713650
production-topology3-3-1456627503,0.0,0.0,0,0,1456627713875
production-topology1-1-1456627490,0.0,0.0,0,0,1456627713876
production-topology2-2-1456627496,0.0,0.0,0,0,1456627713876
production-topology4-4-1456627509,0.0,0.0,0,0,1456627713876
Running observer at: 1456627724075
production-topology3-3-1456627503,0.0,0.0,0,0,1456627724312
production-topology1-1-1456627490,0.0,0.0,0,0,1456627724312
production-topology2-2-1456627496,0.0,0.0,0,0,1456627724312
production-topology4-4-1456627509,0.0,0.0,0,0,1456627724313
Running observer at: 1456627734501
production-topology3-3-1456627503,0.0,0.0,0,0,1456627734729
production-topology1-1-1456627490,0.0,0.0,0,0,1456627734730
production-topology2-2-1456627496,0.0,0.0,0,0,1456627734730
production-topology4-4-1456627509,0.0,0.0,0,0,1456627734730
Running observer at: 1456627744931
production-topology3-3-1456627503,0.0,0.0,0,0,1456627745157
production-topology1-1-1456627490,0.0,0.0,0,0,1456627745158
production-topology2-2-1456627496,0.0,0.0,0,0,1456627745158
production-topology4-4-1456627509,0.0,0.0,0,0,1456627745158
Running observer at: 1456627755365
production-topology3-3-1456627503,0.0,0.0,0,0,1456627755598
production-topology1-1-1456627490,0.0,0.0,0,0,1456627755599
production-topology2-2-1456627496,0.0,0.0,0,0,1456627755599
production-topology4-4-1456627509,0.0,0.0,0,0,1456627755599
Running observer at: 1456627765801
production-topology3-3-1456627503,0.0,0.0,0,0,1456627766025
production-topology1-1-1456627490,0.0,0.0,0,0,1456627766025
production-topology2-2-1456627496,0.0,0.0,0,0,1456627766025
production-topology4-4-1456627509,0.0,0.0,0,0,1456627766026
Running observer at: 1456627776229
production-topology3-3-1456627503,0.0,0.0,0,0,1456627776458
production-topology1-1-1456627490,0.0,0.0,0,0,1456627776458
production-topology2-2-1456627496,0.0,0.0,0,0,1456627776458
production-topology4-4-1456627509,0.0,0.0,0,0,1456627776459
Running observer at: 1456627786670
production-topology3-3-1456627503,0.0,0.0,0,0,1456627786891
production-topology1-1-1456627490,0.0,0.0,0,0,1456627786892
production-topology2-2-1456627496,0.0,0.0,0,0,1456627786892
production-topology4-4-1456627509,0.0,0.0,0,0,1456627786892
Running observer at: 1456627797086
production-topology3-3-1456627503,0.0,0.0,0,0,1456627797308
production-topology1-1-1456627490,0.0,0.0,0,0,1456627797309
production-topology2-2-1456627496,0.0,0.0,0,0,1456627797309
production-topology4-4-1456627509,0.0,0.0,0,0,1456627797309
Running observer at: 1456627807509
production-topology3-3-1456627503,0.0,0.0,0,0,1456627807728
production-topology1-1-1456627490,0.0,0.0,0,0,1456627807729
production-topology2-2-1456627496,0.0,0.0,0,0,1456627807729
production-topology4-4-1456627509,0.0,0.0,0,0,1456627807729
Running observer at: 1456627817920
production-topology3-3-1456627503,0.0,0.0,0,0,1456627818142
production-topology1-1-1456627490,0.0,0.0,0,0,1456627818142
production-topology2-2-1456627496,0.0,0.0,0,0,1456627818143
production-topology4-4-1456627509,0.0,0.0,0,0,1456627818143
Running observer at: 1456627828340
production-topology3-3-1456627503,0.0,0.0,0,0,1456627828554
production-topology1-1-1456627490,0.0,0.0,0,0,1456627828554
production-topology2-2-1456627496,0.0,0.0,0,0,1456627828555
production-topology4-4-1456627509,0.0,0.0,0,0,1456627828555
Running observer at: 1456627838742
production-topology3-3-1456627503,0.0,0.0,0,0,1456627838960
production-topology1-1-1456627490,0.0,0.0,0,0,1456627838960
production-topology2-2-1456627496,0.0,0.0,0,0,1456627838961
production-topology4-4-1456627509,0.0,0.0,0,0,1456627838961
Running observer at: 1456627849158
production-topology3-3-1456627503,0.0,0.0,0,0,1456627849382
production-topology1-1-1456627490,0.0,0.0,0,0,1456627849382
production-topology2-2-1456627496,0.0,0.0,0,0,1456627849382
production-topology4-4-1456627509,0.0,0.0,0,0,1456627849383
Running observer at: 1456627859576
production-topology3-3-1456627503,0.0,0.0,0,0,1456627859790
production-topology1-1-1456627490,0.0,0.0,0,0,1456627859791
production-topology2-2-1456627496,0.0,0.0,0,0,1456627859791
production-topology4-4-1456627509,0.0,0.0,0,0,1456627859791
Running observer at: 1456627869978
production-topology3-3-1456627503,0.0,0.0,0,0,1456627870202
production-topology1-1-1456627490,0.0,0.0,0,0,1456627870203
production-topology2-2-1456627496,0.0,0.0,0,0,1456627870203
production-topology4-4-1456627509,0.0,0.0,0,0,1456627870203
Running observer at: 1456627880395
production-topology3-3-1456627503,0.0,0.0,0,0,1456627880617
production-topology1-1-1456627490,0.0,0.0,0,0,1456627880617
production-topology2-2-1456627496,0.0,0.0,0,0,1456627880618
production-topology4-4-1456627509,0.0,0.0,0,0,1456627880618
Running observer at: 1456627890804
production-topology3-3-1456627503,0.0,0.0,0,0,1456627890948
production-topology1-1-1456627490,0.0,0.0,0,0,1456627890948
production-topology2-2-1456627496,0.0,0.0,0,0,1456627890949
production-topology4-4-1456627509,0.0,0.0,0,0,1456627890949
Running observer at: 1456627901092
production-topology3-3-1456627503,0.0,0.0,0,0,1456627901247
production-topology1-1-1456627490,0.0,0.0,0,0,1456627901247
production-topology2-2-1456627496,0.0,0.0,0,0,1456627901248
production-topology4-4-1456627509,0.0,0.0,0,0,1456627901248
