Running observer at: 1456784800399
production-topology1-1-1456784799,0.0,0.0,0,0,1456784800701
Running observer at: 1456784801106
production-topology1-1-1456784799,0.0,0.0,0,0,1456784801440
Running observer at: 1456784807308
production-topology2-2-1456784806,0.0,0.0,0,0,1456784807684
production-topology1-1-1456784799,0.0,0.0,0,0,1456784807684
Running observer at: 1456784811845
production-topology2-2-1456784806,0.0,0.0,0,0,1456784812260
production-topology1-1-1456784799,0.0,0.0,0,0,1456784812260
Running observer at: 1456784814176
production-topology2-2-1456784806,0.0,0.0,0,0,1456784814695
production-topology3-3-1456784813,0.0,0.0,0,0,1456784814695
production-topology1-1-1456784799,0.49454545454545457,0.09890909090909092,400,200,1456784814695
Running observer at: 1456784821610
production-topology2-2-1456784806,0.0,0.0,80,0,1456784822257
production-topology3-3-1456784813,0.0,0.0,0,0,1456784822257
production-topology1-1-1456784799,1.33334051244499,0.3046476611650741,1720,1080,1456784822258
production-topology4-4-1456784821,0.0,0.0,0,0,1456784822258
Running observer at: 1456784822940
production-topology2-2-1456784806,0.0,0.0,0,0,1456784823591
production-topology3-3-1456784813,0.0,0.0,0,0,1456784823591
production-topology1-1-1456784799,1.1904761904761905,0.431194593923805,120,80,1456784823591
production-topology4-4-1456784821,0.0,0.0,0,0,1456784823591
Running observer at: 1456784834231
production-topology2-2-1456784806,0.9454178575973848,0.15756964293289746,1640,1040,1456784834823
production-topology3-3-1456784813,0.175,0.04375,320,80,1456784834823
production-topology1-1-1456784799,0.8328641535724158,0.4814032888798814,2460,1540,1456784834823
production-topology4-4-1456784821,0.0,0.0,0,0,1456784834823
Running observer at: 1456784845423
production-topology2-2-1456784806,1.2077689668778362,0.30759811778217444,1960,1300,1456784846157
production-topology3-3-1456784813,1.0904540336439252,0.25309080672878503,2120,4200,1456784846157
production-topology1-1-1456784799,0.9828872748980199,0.5371237317707857,1840,1160,1456784846158
production-topology4-4-1456784821,0.8640911172161171,0.21602277930402927,780,1120,1456784846158
Running observer at: 1456784856870
production-topology2-2-1456784806,0.9660929478763955,0.3899099715439521,2300,1460,1456784857522
production-topology3-3-1456784813,1.0819365997077561,0.3912317722252802,2440,4380,1456784857522
production-topology1-1-1456784799,1.0679843007506242,0.5902097886687695,2320,1600,1456784857523
production-topology4-4-1456784821,1.0555855639059974,0.38393533622442294,2300,4340,1456784857523
Running observer at: 1456784868258
production-topology2-2-1456784806,0.9514930785742403,0.4523080945473175,2340,1540,1456784868851
production-topology3-3-1456784813,0.9426980240729115,0.47001266534637043,1940,3520,1456784868852
production-topology1-1-1456784799,1.0475293596383035,0.6317842951205453,2420,1540,1456784868852
production-topology4-4-1456784821,1.0026068488144992,0.48704725498943563,2460,4280,1456784868852
Running observer at: 1456784879488
production-topology2-2-1456784806,0.9492186188639447,0.5019991469789803,1960,1240,1456784880072
production-topology3-3-1456784813,0.9987053417180776,0.5360992498928339,2300,4000,1456784880072
production-topology1-1-1456784799,1.0058359047009604,0.66295526258558,2340,1480,1456784880072
production-topology4-4-1456784821,1.0656835525585526,0.5697095832135952,2080,4000,1456784880073
Running observer at: 1456784890619
production-topology2-2-1456784806,1.0168625872236097,0.5488049142739466,2480,1560,1456784891211
production-topology3-3-1456784813,0.9740099067696764,0.5847559895458164,2460,4360,1456784891211
production-topology1-1-1456784799,0.9309329842663175,0.6835689334840982,1860,1220,1456784891211
production-topology4-4-1456784821,0.8894997770383157,0.6096833574416853,2260,3880,1456784891212
Running observer at: 1456784901907
production-topology2-2-1456784806,1.016962910042358,0.5878180805879809,2280,1440,1456784902494
production-topology3-3-1456784813,1.068578618467106,0.6331382524379453,1840,3480,1456784902494
production-topology1-1-1456784799,1.094519804666305,0.7129225671399702,2400,1640,1456784902494
production-topology4-4-1456784821,0.9680780682804975,0.6495049919793312,2280,4100,1456784902495
Running observer at: 1456784913143
production-topology2-2-1456784806,0.9800560082180639,0.6179902288672181,2220,1400,1456784913791
production-topology3-3-1456784813,0.9124963325356751,0.658534441537739,2340,4180,1456784913791
production-topology1-1-1456784799,0.9631376862824005,0.7296035750827988,2260,1360,1456784913791
production-topology4-4-1456784821,1.0758332068245884,0.6921378134638569,2420,4360,1456784913792
Running observer at: 1456784924243
production-topology2-2-1456784806,1.0581493211460762,0.6494301640299938,2080,1420,1456784924854
production-topology3-3-1456784813,1.0574699181765959,0.691779064590977,2360,4360,1456784924854
production-topology1-1-1456784799,0.9052749140893471,0.7405830337707081,1940,1180,1456784924855
production-topology4-4-1456784821,0.99131392821779,0.7193356420778508,1920,3420,1456784924855
Running observer at: 1456784935493
production-topology2-2-1456784806,0.9655508589791125,0.6705048770266017,2280,1440,1456784936071
production-topology3-3-1456784813,1.004709262589035,0.7158506182831353,2220,3900,1456784936071
production-topology1-1-1456784799,1.0438827766214032,0.7584241951148667,2440,1580,1456784936071
production-topology4-4-1456784821,0.9529257103068861,0.7388014810969371,2260,4060,1456784936072
Running observer at: 1456784946633
production-topology2-2-1456784806,0.9738424085682309,0.6894634727479535,2460,1520,1456784947167
production-topology3-3-1456784813,0.9815114438785936,0.7348263915399539,2040,3680,1456784947167
production-topology1-1-1456784799,1.0968860256201491,0.7772276301429379,2240,1420,1456784947168
production-topology4-4-1456784821,1.1131131058529786,0.767594683001248,2420,4400,1456784947168
Running observer at: 1456784957687
production-topology2-2-1456784806,0.9686612046920018,0.7058868687446622,1920,1220,1456784958323
production-topology3-3-1456784813,1.0382458316108583,0.7550543542113475,2460,4380,1456784958324
production-topology1-1-1456784799,0.9662530117433389,0.7871763344376959,1960,1300,1456784958324
production-topology4-4-1456784821,0.98870514354067,0.7833882873254925,1920,3460,1456784958324
Running observer at: 1456784969044
production-topology2-2-1456784806,1.0317204182173598,0.7239887326042564,2320,1400,1456784969607
production-topology3-3-1456784813,0.9373659845335265,0.7664488311064837,2180,3840,1456784969607
production-topology1-1-1456784799,0.9598873668123761,0.7958118860564298,2420,1500,1456784969608
production-topology4-4-1456784821,1.0198615635295762,0.7991531724057647,2300,4080,1456784969608
Running observer at: 1456784980190
production-topology2-2-1456784806,1.017225161669606,0.7394222288708537,2340,1560,1456784980711
production-topology3-3-1456784813,1.0619512919784668,0.7838313288048356,2080,3880,1456784980712
production-topology1-1-1456784799,1.1351406112927158,0.8119703967819674,2380,1520,1456784980712
production-topology4-4-1456784821,0.972585479128021,0.8099926915759057,2440,4360,1456784980712
Running observer at: 1456784991208
production-topology2-2-1456784806,1.0290661719233147,0.7539044260234768,1900,1280,1456784991792
production-topology3-3-1456784813,0.9088761759471142,0.7907782647571844,2300,4060,1456784991793
production-topology1-1-1456784799,0.8299317815709909,0.8127868233632867,1940,1240,1456784991793
production-topology4-4-1456784821,1.0439519684952534,0.8237550019829262,1920,3460,1456784991793
Running observer at: 1456785002445
production-topology2-2-1456784806,0.8982507090931442,0.7607780585506039,2380,1480,1456785002987
production-topology3-3-1456784813,1.052342291180272,0.8045447924636627,2140,4000,1456785002987
production-topology1-1-1456784799,1.2623583977750643,0.832333413555103,2240,1440,1456785002987
production-topology4-4-1456784821,0.9535172805835284,0.8309640174607373,2320,4180,1456785002987
Running observer at: 1456785013553
production-topology2-2-1456784806,1.077968428987589,0.775195802661376,2420,1620,1456785014072
production-topology3-3-1456784813,1.061694192417307,0.817402262461345,2160,3860,1456785014072
production-topology1-1-1456784799,0.8083246215530643,0.8313330472216848,2420,1520,1456785014072
production-topology4-4-1456784821,0.9683892294829916,0.8381969233566454,2440,4220,1456785014072
Running observer at: 1456785024665
production-topology2-2-1456784806,1.1425346757261654,0.7911670580120189,1880,1240,1456785025500
production-topology3-3-1456784813,1.0134352373290425,0.8267371660264734,2280,4100,1456785025500
production-topology1-1-1456784799,0.9744267761760473,0.8370567963798594,1960,1240,1456785025500
production-topology4-4-1456784821,0.970917266872776,0.844832940532452,1860,3460,1456785025500
Running observer at: 1456785036010
production-topology2-2-1456784806,0.8700490216771851,0.7944538064980676,2300,1480,1456785036517
production-topology3-3-1456784813,0.9939309729070596,0.8343368845210454,2340,4140,1456785036517
production-topology1-1-1456784799,1.0180806098876893,0.8440192507455452,2220,1480,1456785036517
production-topology4-4-1456784821,1.068421052631579,0.8554799934895533,2280,4160,1456785036517
Running observer at: 1456785047066
production-topology2-2-1456784806,0.9970078388498255,0.8025559677921379,2360,1520,1456785047580
production-topology3-3-1456784813,1.0215335793724347,0.8424758712537145,1960,3700,1456785047581
production-topology1-1-1456784799,1.0670168657540415,0.8522784216717858,2520,1540,1456785047581
production-topology4-4-1456784821,1.0575218337213173,0.864663713500088,2420,4320,1456785047581
Running observer at: 1456785058116
production-topology2-2-1456784806,0.98603252544042,0.8096127584709181,2000,1160,1456785058778
production-topology3-3-1456784813,0.9858345169902247,0.8484491481594024,2280,4060,1456785058778
production-topology1-1-1456784799,1.0642043713296274,0.8598472055881372,2100,1320,1456785058778
production-topology4-4-1456784821,0.9478085388014851,0.8682787059044965,1940,3440,1456785058778
Running observer at: 1456785069335
production-topology2-2-1456784806,0.9951319244442689,0.8164838386921532,2280,1520,1456785069836
production-topology3-3-1456784813,0.987756678209688,0.8540214493614138,2420,4300,1456785069837
production-topology1-1-1456784799,0.8443681518874142,0.8593134451156985,2080,1360,1456785069837
production-topology4-4-1456784821,0.9886635645266091,0.8732947416804179,2280,4080,1456785069837
Running observer at: 1456785080376
production-topology2-2-1456784806,1.0091856926421183,0.8233660477617948,2380,1440,1456785080943
production-topology3-3-1456784813,1.0124248099095237,0.860113886305572,1960,3480,1456785080943
production-topology1-1-1456784799,1.1245878206278588,0.8681559242994372,2380,1600,1456785080943
production-topology4-4-1456784821,0.9990198811066217,0.8783237472574661,2440,4300,1456785080943
Running observer at: 1456785091499
production-topology2-2-1456784806,1.0616346219654247,0.8315822054929545,1920,1220,1456785092190
production-topology3-3-1456784813,0.9833703778701149,0.8646789415487033,2280,4100,1456785092191
production-topology1-1-1456784799,0.9928359269759341,0.9012504551986351,2060,1320,1456785092191
production-topology4-4-1456784821,0.9911967093882421,0.8826650150317266,1900,3500,1456785092191
Running observer at: 1456785102723
production-topology2-2-1456784806,0.8574902277093182,0.8324458062334998,2420,1580,1456785103315
production-topology3-3-1456784813,1.1053990699727128,0.8732760889924178,2360,4400,1456785103316
production-topology1-1-1456784799,0.9134597107485821,0.9316991122235879,2160,1380,1456785103316
production-topology4-4-1456784821,1.0200983892968591,0.8877551400045093,2320,4080,1456785103316
Running observer at: 1456785113828
production-topology2-2-1456784806,1.120521966771967,0.8697965384592321,2300,1420,1456785114367
production-topology3-3-1456784813,0.9711887350264101,0.876652387131521,1920,3440,1456785114367
production-topology1-1-1456784799,1.0726115989273883,0.9674528321878342,2420,1600,1456785114368
production-topology4-4-1456784821,0.990375225180375,0.8914201430465045,2360,4380,1456785114368
Running observer at: 1456785124928
production-topology2-2-1456784806,0.9618147911118611,0.9018570314962943,1940,1280,1456785125590
production-topology3-3-1456784813,0.9582582288401253,0.8793725818551412,2320,4100,1456785125590
production-topology1-1-1456784799,0.9828089716113096,1.0002131312415445,2040,1260,1456785125590
production-topology4-4-1456784821,0.9796856620192582,0.8944637816317719,1920,3440,1456785125591
Running observer at: 1456785136083
production-topology2-2-1456784806,1.0356461434328443,0.9363785696107224,2360,1480,1456785136635
production-topology3-3-1456784813,0.9678374160736587,0.9116338290575965,2440,4340,1456785136635
production-topology1-1-1456784799,1.05808786766821,1.0189978783456362,2180,1380,1456785136635
production-topology4-4-1456784821,1.0361344659068419,0.8991861377742741,2420,4420,1456785136635
Running observer at: 1456785147133
production-topology2-2-1456784806,0.937760763464446,0.9676372617262039,2260,1480,1456785147677
production-topology3-3-1456784813,0.9959855597929506,0.9448333477173615,1880,3460,1456785147677
production-topology1-1-1456784799,0.9193578054640524,1.005198454779605,2400,1460,1456785147677
production-topology4-4-1456784821,0.9721302606705802,0.9315904797966269,2280,4060,1456785147678
Running observer at: 1456785158252
production-topology2-2-1456784806,1.15609139708716,1.0061736416291092,1940,1240,1456785158936
production-topology3-3-1456784813,1.0575632740945689,0.9800854568538472,2300,4220,1456785158936
production-topology1-1-1456784799,1.2263151202864124,1.006393085773279,2000,1260,1456785158937
production-topology4-4-1456784821,0.9289555376070806,0.9625556643835296,1980,3500,1456785158937
Running observer at: 1456785169419
production-topology2-2-1456784806,0.9101124622751909,1.0049967951183694,2460,1480,1456785169986
production-topology3-3-1456784813,0.9654127249333196,1.0064325476849576,2400,4300,1456785169987
production-topology1-1-1456784799,0.9812156566565124,1.0113381358760822,2160,1380,1456785169987
production-topology4-4-1456784821,1.0742861132163548,0.9983652014907415,2340,4280,1456785169987
Running observer at: 1456785180448
production-topology2-2-1456784806,0.9720751377046911,0.9971403341459314,2260,1480,1456785181082
production-topology3-3-1456784813,0.9912603563526808,1.0031260917752496,1940,3420,1456785181082
production-topology1-1-1456784799,0.9618564430424065,1.0106371081475618,2340,1620,1456785181082
production-topology4-4-1456784821,0.9848046638688517,1.0023889863791657,2320,4100,1456785181082
Running observer at: 1456785191580
production-topology2-2-1456784806,0.8974558389466969,0.9948524305149413,1960,1220,1456785192278
production-topology3-3-1456784813,1.032077679457054,1.0014641277668928,2240,4140,1456785192278
production-topology1-1-1456784799,1.0525911048447243,1.010124001617365,2100,1340,1456785192279
production-topology4-4-1456784821,0.943167384404487,0.9986417137291154,1900,3540,1456785192279
Running observer at: 1456785202795
production-topology2-2-1456784806,1.145421973675918,1.0013167270183305,2340,1480,1456785203326
production-topology3-3-1456784813,0.9719170044293525,1.002438093778774,2380,4320,1456785203327
production-topology1-1-1456784799,0.9357676062307693,1.0063986098371138,2140,1340,1456785203327
production-topology4-4-1456784821,1.0957108408095402,1.0017451801289503,2380,4280,1456785203327
Running observer at: 1456785213814
production-topology2-2-1456784806,0.9530662032725744,1.0014449798319516,2360,1480,1456785214351
production-topology3-3-1456784813,1.0152609970239148,1.0029899489556353,1960,3540,1456785214351
production-topology1-1-1456784799,1.1003787366876208,1.0095500375700024,2400,1580,1456785214352
production-topology4-4-1456784821,0.995358268062318,0.9994010039790757,2340,4220,1456785214352
Running observer at: 1456785224885
production-topology2-2-1456784806,1.0188048547345252,1.0015097220823155,1840,1200,1456785225513
production-topology3-3-1456784813,0.9755681274513918,1.003041889645026,2300,4080,1456785225513
production-topology1-1-1456784799,0.8508983509611213,1.0068822164598292,2080,1240,1456785225514
production-topology4-4-1456784821,1.001169358286753,1.0031233233540235,1920,3400,1456785225514
Running observer at: 1456785236046
production-topology2-2-1456784806,0.9787765293383273,1.0002368427255144,2340,1440,1456785236594
production-topology3-3-1456784813,1.0779123078909985,1.0033530126258223,2400,4420,1456785236594
production-topology1-1-1456784799,1.0749133157988877,1.0062286668309153,2120,1400,1456785236594
production-topology4-4-1456784821,0.9807183412678043,1.0035446657869338,2300,4100,1456785236594
Running observer at: 1456785247072
production-topology2-2-1456784806,1.0992876271156773,1.0042112300221016,2400,1560,1456785247634
production-topology3-3-1456784813,0.8879974180882702,1.0025363821442423,1980,3380,1456785247634
production-topology1-1-1456784799,1.0020078920234745,1.0075243403556178,2520,1540,1456785247634
production-topology4-4-1456784821,1.03109554750853,1.0020534104763987,2340,4400,1456785247634
Running observer at: 1456785258155
production-topology2-2-1456784806,0.9401422805429047,1.0002776620019957,1860,1140,1456785258864
production-topology3-3-1456784813,1.0564377976496386,1.0025019781266769,2160,4100,1456785258864
production-topology1-1-1456784799,1.0278770182068018,1.0116110771595328,1920,1300,1456785258864
production-topology4-4-1456784821,0.909590943517846,0.9993293109864004,1980,3440,1456785258865
Running observer at: 1456785269363
production-topology2-2-1456784806,0.9697166224224871,1.0004165207834417,2280,1500,1456785269990
production-topology3-3-1456784813,0.9925023656026224,1.0020950815604632,2400,4320,1456785269990
production-topology1-1-1456784799,1.0053264323455655,1.0103258656836716,2220,1400,1456785269991
production-topology4-4-1456784821,1.0759584125409813,1.0034304010608703,2220,4140,1456785269991
Running observer at: 1456785280466
production-topology2-2-1456784806,1.0375449866112003,1.0025399400515407,2460,1480,1456785280990
production-topology3-3-1456784813,0.9780967198332867,1.0019812574256197,1960,3440,1456785280990
production-topology1-1-1456784799,0.9725696006397759,1.0061819848509925,2340,1580,1456785280990
production-topology4-4-1456784821,0.9793842275251377,0.9989727717832757,2480,4320,1456785280991
Running observer at: 1456785291521
production-topology2-2-1456784806,0.9572649572649573,1.0021600651373057,1900,1240,1456785292199
production-topology3-3-1456784813,1.0048047648039204,1.0008665551987217,2320,4180,1456785292199
production-topology1-1-1456784799,0.9991096595230639,1.00727720644365,2060,1340,1456785292199
production-topology4-4-1456784821,0.9935092411570906,0.9991329083704897,1860,3440,1456785292199
Running observer at: 1456785302688
production-topology2-2-1456784806,1.0162782001744983,1.001645324535877,2300,1440,1456785303231
production-topology3-3-1456784813,1.030615899409236,1.0039748856945787,2360,4180,1456785303231
production-topology1-1-1456784799,0.9517905016180161,1.0070073109371713,2160,1340,1456785303231
production-topology4-4-1456784821,1.0419410935257325,0.9998688927036948,2260,4140,1456785303231
Running observer at: 1456785313718
production-topology2-2-1456784806,1.0867750309910154,1.0039636535132574,2380,1560,1456785314255
production-topology3-3-1456784813,1.0424553633151157,1.0033250214058005,1920,3560,1456785314255
production-topology1-1-1456784799,0.9839015569179199,1.0019660091246783,2420,1560,1456785314255
production-topology4-4-1456784821,0.9655605361090984,0.9996347279363975,2400,4240,1456785314255
Running observer at: 1456785324733
production-topology2-2-1456784806,0.891758447728597,0.9993867293734335,1980,1200,1456785325419
production-topology3-3-1456784813,0.9730647660221015,1.0054646410749666,2300,4180,1456785325419
production-topology1-1-1456784799,0.9943619180649375,1.0074470136744764,2040,1300,1456785325419
production-topology4-4-1456784821,0.942484395910769,0.9962524755169146,1940,3440,1456785325419
Running observer at: 1456785335902
production-topology2-2-1456784806,1.0785514542689874,1.005396754212628,2280,1440,1456785336454
production-topology3-3-1456784813,1.0269328885205489,1.0046176609863091,2280,4060,1456785336455
production-topology1-1-1456784799,1.0649164497288985,1.0008656154062707,2140,1360,1456785336455
production-topology4-4-1456784821,1.0151594243040836,0.9983072136409332,2360,4100,1456785336455
Running observer at: 1456785346933
production-topology2-2-1456784806,1.0941393359919946,1.0059357844461083,2400,1500,1456785347560
production-topology3-3-1456784813,0.9083581492507355,0.9995064595474237,2120,3640,1456785347561
production-topology1-1-1456784799,0.9774495467779797,1.006503112913768,2440,1520,1456785347561
production-topology4-4-1456784821,0.9749948482305806,0.9985274009325196,2420,4420,1456785347561
Running observer at: 1456785358085
production-topology2-2-1456784806,0.8862638536459619,0.9973934237101013,1940,1220,1456785358753
production-topology3-3-1456784813,1.1548629214267363,1.0042207156840133,2100,4160,1456785358753
production-topology1-1-1456784799,0.9754460881500686,1.006537089979569,2060,1240,1456785358754
production-topology4-4-1456784821,1.1139039021219324,1.0032936221074913,1920,3480,1456785358754
Running observer at: 1456785369303
production-topology2-2-1456784806,0.9781007884764592,1.0009951492700773,2160,1420,1456785369885
production-topology3-3-1456784813,0.9461905673400672,1.0026293688317802,2500,4400,1456785369885
production-topology1-1-1456784799,1.1231498215135796,1.0100393970337653,2200,1440,1456785369885
production-topology4-4-1456784821,1.0303831604993108,1.002025692369749,2240,4100,1456785369885
Running observer at: 1456785380356
production-topology2-2-1456784806,0.953565848727139,0.9995470829326544,2440,1520,1456785380856
production-topology3-3-1456784813,1.0078258595690697,1.002172444838335,1940,3380,1456785380857
production-topology1-1-1456784799,0.9087888163942291,1.0047651287217716,2280,1480,1456785380857
production-topology4-4-1456784821,0.9870698037812323,0.9996772913717462,2440,4300,1456785380857
Running observer at: 1456785391408
production-topology2-2-1456784806,1.1068634446178722,1.0035747802385695,1920,1300,1456785392127
production-topology3-3-1456784813,0.9388252407622022,1.0006054689640673,2320,4080,1456785392127
production-topology1-1-1456784799,1.0583902322491683,1.0045713240857561,2080,1280,1456785392127
production-topology4-4-1456784821,0.9834339086867467,1.000864803701255,1860,3480,1456785392127
Running observer at: 1456785402625
production-topology2-2-1456784806,1.0293167344481073,1.0047142739053638,2280,1460,1456785403212
production-topology3-3-1456784813,1.033127316561821,1.0021178235758048,2260,4120,1456785403212
production-topology1-1-1456784799,1.0545627366381702,1.0115778102441146,2160,1420,1456785403212
production-topology4-4-1456784821,0.981671664167916,1.000631740355965,2260,4080,1456785403212
Running observer at: 1456785413677
production-topology2-2-1456784806,0.9171184410362603,1.001645365518502,2420,1520,1456785414202
production-topology3-3-1456784813,0.9440371217231251,0.9998382339695918,2140,3660,1456785414203
production-topology1-1-1456784799,0.8813489529616185,1.0034698479885733,2460,1520,1456785414203
production-topology4-4-1456784821,1.004212489393364,1.0008048272988566,2420,4320,1456785414203
Running observer at: 1456785424753
production-topology2-2-1456784806,1.3394353790366722,1.01090539075421,1940,1220,1456785425509
production-topology3-3-1456784813,1.0601230535584816,1.0023966564925373,2180,4080,1456785425509
production-topology1-1-1456784799,0.9909290819131391,1.0034062864864801,1980,1320,1456785425509
production-topology4-4-1456784821,1.0119047619047619,1.001495095716074,1960,3500,1456785425509
Running observer at: 1456785436017
production-topology2-2-1456784806,0.8628847096457963,1.0110852068187595,2240,1480,1456785436575
production-topology3-3-1456784813,1.0477706028289766,1.000475707587746,2340,4360,1456785436575
production-topology1-1-1456784799,1.2087361219100854,1.013248833525197,2240,1400,1456785436575
production-topology4-4-1456784821,0.9770517577223325,1.000060207996923,2260,4040,1456785436575
Running observer at: 1456785447059
production-topology2-2-1456784806,0.9924760153897232,1.0068170084393513,2400,1500,1456785447534
production-topology3-3-1456784813,0.9939402603679786,1.0012340917657983,1980,3500,1456785447534
production-topology1-1-1456784799,0.85540161310555,1.006008500664469,2340,1480,1456785447534
production-topology4-4-1456784821,1.0168061393516377,1.0009412384692984,2400,4340,1456785447535
Running observer at: 1456785458079
production-topology2-2-1456784806,0.9170199467796982,1.0053238469616126,1960,1180,1456785458766
production-topology3-3-1456784813,0.9420613841969341,1.0006941969443583,2280,4080,1456785458766
production-topology1-1-1456784799,1.110950138428967,1.0102798728917242,2060,1320,1456785458766
production-topology4-4-1456784821,1.0417433015022879,1.003009826452066,1900,3440,1456785458766
Running observer at: 1456785469309
production-topology2-2-1456784806,1.0717050107731114,1.0065258092062883,2280,1540,1456785469892
production-topology3-3-1456784813,1.1165851471093795,1.005652454645549,2280,4080,1456785469892
production-topology1-1-1456784799,0.9100398983009599,1.0053449405794825,2140,1400,1456785469892
production-topology4-4-1456784821,0.9607666256157635,1.0004975651090302,2320,4120,1456785469892
Running observer at: 1456785480373
production-topology2-2-1456784806,1.0277707246986747,1.0095261412474292,2340,1520,1456785480873
production-topology3-3-1456784813,0.9995399992540279,1.0057709359609184,2000,3760,1456785480874
production-topology1-1-1456784799,1.1189983087291266,1.0119996240216516,2440,1500,1456785480874
production-topology4-4-1456784821,1.0578553364505088,1.0033550676350278,2400,4360,1456785480874
Running observer at: 1456785491404
production-topology2-2-1456784806,1.0651169439767292,1.0064936594770815,2040,1300,1456785491961
production-topology3-3-1456784813,0.9815393821372385,1.0032368062290073,2300,4100,1456785491962
production-topology1-1-1456784799,0.988684029338629,1.0040785876567255,2060,1280,1456785491962
production-topology4-4-1456784821,0.9691102244099261,1.0046935571951225,1880,3500,1456785491962
Running observer at: 1456785502607
production-topology2-2-1456784806,0.9812722394416954,1.0088656520492985,2220,1420,1456785503182
production-topology3-3-1456784813,0.9462160864493905,1.0025969182795431,2340,4060,1456785503183
production-topology1-1-1456784799,1.0842384592701666,1.0075126810771808,2100,1440,1456785503183
production-topology4-4-1456784821,1.026431439488073,1.00309840140418,2320,4120,1456785503183
Running observer at: 1456785513735
production-topology2-2-1456784806,0.9546232353272839,1.0082839219700515,2420,1500,1456785514234
production-topology3-3-1456784813,1.0060871817394301,1.0030911457924347,2080,3740,1456785514234
production-topology1-1-1456784799,0.8250791962642778,1.0029534395179096,2460,1580,1456785514234
production-topology4-4-1456784821,0.964359530823474,1.002416896969334,2420,4300,1456785514235
Running observer at: 1456785524848
production-topology2-2-1456784806,1.0392645428763916,1.013010878767708,1880,1260,1456785525556
production-topology3-3-1456784813,1.0156155784820602,1.0025424090932684,2260,4160,1456785525556
production-topology1-1-1456784799,1.066924180327869,1.0034312087006811,2060,1240,1456785525557
production-topology4-4-1456784821,0.9175330660213786,1.001562419689897,2000,3480,1456785525557
Running observer at: 1456785536057
production-topology2-2-1456784806,0.9693065312370118,1.0071403640197445,2300,1400,1456785536589
production-topology3-3-1456784813,1.0218548208422984,1.0042070029737,2420,4200,1456785536589
production-topology1-1-1456784799,0.9181942149557887,1.0028454289915152,2140,1380,1456785536589
production-topology4-4-1456784821,1.0841372399724172,1.0011766329953262,2200,4160,1456785536590
Running observer at: 1456785547083
production-topology2-2-1456784806,1.0805646303630436,1.011390311589427,2340,1500,1456785547596
production-topology3-3-1456784813,0.9754603161734872,1.002880313612019,1940,3500,1456785547596
production-topology1-1-1456784799,1.1152374666231777,1.0033407199893671,2400,1600,1456785547596
production-topology4-4-1456784821,1.0367378199487478,1.0025559513915405,2380,4340,1456785547596
Running observer at: 1456785558068
production-topology2-2-1456784806,0.9789738256709956,1.0100626106206425,1940,1240,1456785558582
production-topology3-3-1456784813,1.0674708669355433,1.0059437382614906,2260,4180,1456785558582
production-topology1-1-1456784799,0.9384386492838976,1.0062587299334598,2020,1280,1456785558582
production-topology4-4-1456784821,0.9136240750465434,0.9996377752835335,2040,3440,1456785558583
Running observer at: 1456785569309
production-topology2-2-1456784806,1.070463608014565,1.013118846576517,2360,1520,1456785569886
production-topology3-3-1456784813,0.9231395671127813,1.000784646902217,1960,3480,1456785569886
production-topology1-1-1456784799,1.0256423427733026,1.0046163641659402,2200,1400,1456785569886
production-topology4-4-1456784821,1.0231852788499514,1.001053339869605,2200,4040,1456785569886
Running observer at: 1456785580385
production-topology2-2-1456784806,0.93608874208446,1.007678883742143,2320,1480,1456785580872
production-topology3-3-1456784813,0.9983131268881316,1.0044618371955454,2320,4120,1456785580872
production-topology1-1-1456784799,1.0213510758994673,1.0052611369618065,2380,1560,1456785580872
production-topology4-4-1456784821,0.9463427440860215,0.9982282464221882,2420,4380,1456785580872
Running observer at: 1456785591391
production-topology2-2-1456784806,1.0035090978831538,1.009791110986818,2020,1200,1456785591883
production-topology3-3-1456784813,1.0500856740513065,1.0042500997422679,2380,4260,1456785591883
production-topology1-1-1456784799,0.9428200276996738,1.0024259039449024,2060,1300,1456785591883
production-topology4-4-1456784821,1.0926937054069814,1.0043316718184925,1940,3540,1456785591884
Running observer at: 1456785602578
production-topology2-2-1456784806,0.9008772421471936,1.0074964649776414,2260,1420,1456785603199
production-topology3-3-1456784813,0.9386839654310278,1.0024561530698815,1960,3460,1456785603200
production-topology1-1-1456784799,1.1732872989484804,1.008024599498333,2180,1400,1456785603200
production-topology4-4-1456784821,0.9562714294265721,1.0003421057146789,2280,4060,1456785603200
Running observer at: 1456785613670
production-topology2-2-1456784806,1.051401691893327,1.0079583551537126,2420,1560,1456785614201
production-topology3-3-1456784813,0.9661643298847429,1.0020584067382634,2280,4160,1456785614201
production-topology1-1-1456784799,0.8494583333333333,1.0039208905881183,2400,1480,1456785614201
production-topology4-4-1456784821,0.9584527353718693,0.9996443893095698,2420,4300,1456785614201
Running observer at: 1456785624659
production-topology2-2-1456784806,1.0464184457993824,1.0109301381048599,1920,1220,1456785625166
production-topology3-3-1456784813,1.0204989206122939,1.0025815452652092,2420,4320,1456785625167
production-topology1-1-1456784799,1.052896216017121,1.0057137758045867,2080,1300,1456785625167
production-topology4-4-1456784821,1.0934751353075112,1.0029765857812505,1980,3560,1456785625167
Running observer at: 1456785635797
production-topology2-2-1456784806,0.9180968914548935,1.0076574278142065,2340,1460,1456785636398
production-topology3-3-1456784813,1.0199963659171274,1.002227560815472,1920,3440,1456785636398
production-topology1-1-1456784799,0.9552882970275337,1.005830368984904,2180,1380,1456785636399
production-topology4-4-1456784821,1.0191821034517665,1.002217952778785,2180,4040,1456785636399
Running observer at: 1456785646955
production-topology2-2-1456784806,1.0637247730052188,1.0068890858813466,2340,1540,1456785647472
production-topology3-3-1456784813,1.007067360601614,1.001047960725022,2240,4120,1456785647473
production-topology1-1-1456784799,1.0954680417406484,1.0095492518123284,2340,1540,1456785647473
production-topology4-4-1456784821,0.9838342037910799,1.0028270750348511,2480,4460,1456785647473
Running observer at: 1456785657940
production-topology2-2-1456784806,1.0128083859979313,1.0109240838236577,1880,1160,1456785658496
production-topology3-3-1456784813,0.9349938995288891,0.9997789318419147,2460,4280,1456785658497
production-topology1-1-1456784799,0.9515430206747026,1.0081219552326537,2040,1360,1456785658497
production-topology4-4-1456784821,0.9465478659352422,1.0029625240356668,1920,3380,1456785658497
/var/nimbus/storm/bin/storm rebalance production-topology3 -e spout_head=11
1456785659002
/var/nimbus/storm/bin/storm rebalance production-topology2 -e spout_head=9
Running observer at: 1456785669175
production-topology2-2-1456784806,0.9994375704196633,0.9994375704196633,167120,106340,1456785669718
production-topology3-3-1456784813,0.999140291305505,0.999140291305505,165660,298020,1456785669718
production-topology1-1-1456784799,1.0649381784408194,1.0081226795230511,2140,1320,1456785669718
production-topology4-4-1456784821,1.034743182686912,1.0036153159817611,2280,4160,1456785669718
Running observer at: 1456785680338
production-topology2-2-1456784806,0.75,0.8747187852098317,40,40,1456785680846
production-topology3-3-1456784813,3.8552614795918365,2.427200885448671,200,440,1456785680846
production-topology1-1-1456784799,0.9283115117686063,1.0064847450227385,2480,1580,1456785680846
production-topology4-4-1456784821,0.9517908752109574,1.0028418502144403,2440,4360,1456785680846
Running observer at: 1456785691299
production-topology2-2-1456784806,1.0,0.9164791901398878,0,0,1456785691788
production-topology3-3-1456784813,2.0,2.2848005902991138,0,0,1456785691788
production-topology1-1-1456784799,1.0199038325246688,1.0079666698352254,2000,1320,1456785691788
production-topology4-4-1456784821,0.9806810904209255,0.9984010898244068,1880,3340,1456785691788
Running observer at: 1456785697295
production-topology2-2-1456784806,1.0,0.9373593926049159,0,0,1456785697794
production-topology3-3-1456784813,2.0,2.2136004427243354,0,0,1456785697794
production-topology1-1-1456784799,0.900960920781052,1.000560373144141,1300,740,1456785697794
production-topology4-4-1456784821,1.1179112878832234,1.0013186940705374,1240,2260,1456785697794
Running observer at: 1456785698451
production-topology2-2-1456784806,0.9959978761049958,0.9490870893049319,0,21260,1456785698903
production-topology3-3-1456784813,2.0,2.1708803541794683,0,0,1456785698903
production-topology1-1-1456784799,3.819444444444444,1.0975822274124816,180,200,1456785698903
production-topology4-4-1456784821,1.1386823035850497,1.006372444063998,480,860,1456785698903
Running observer at: 1456785702332
production-topology2-2-1456784806,1.0,0.9575725744207766,0,0,1456785702976
production-topology3-3-1456784813,8.568750836792072E-4,1.80920977433017,149380,180,1456785702976
production-topology1-1-1456784799,0.909026836541068,1.0926034475555446,680,460,1456785702977
production-topology4-4-1456784821,0.9296889253785805,1.0045809446203924,580,1080,1456785702977
Running observer at: 1456785713500
production-topology2-2-1456784806,0.0,0.8207764923606656,460,0,1456785714094
production-topology3-3-1456784813,0.9927018826522068,1.6925657898047468,101060,180300,1456785714094
production-topology1-1-1456784799,0.9692514737598849,1.0897597387929352,2140,1280,1456785714094
production-topology4-4-1456784821,0.9599001818078535,1.0038552285417237,2100,3680,1456785714094
Running observer at: 1456785724595
production-topology2-2-1456784806,1.1852798568795277,0.8663394129255234,1780,1360,1456785725133
production-topology3-3-1456784813,0.8031057057696401,1.5813832793003586,2240,3060,1456785725133
production-topology1-1-1456784799,1.0540538987446217,1.0955165703190353,2400,1560,1456785725133
production-topology4-4-1456784821,1.0174806329804398,1.0042974999946261,2320,4100,1456785725133
Running observer at: 1456785735664
production-topology2-2-1456784806,1.077121998396515,0.889759700200078,1960,1340,1456785736148
production-topology3-3-1456784813,1.0897925636195946,1.5267620886691626,2240,4440,1456785736148
production-topology1-1-1456784799,0.95347280924204,1.0942680278966652,2160,1380,1456785736148
production-topology4-4-1456784821,0.9561820143624107,1.002440075076548,2320,3960,1456785736148
Running observer at: 1456785746810
production-topology2-2-1456784806,0.8792087908871425,0.8887046092687845,1840,1060,1456785747449
production-topology3-3-1456784813,0.9950228684972031,1.4735881666519668,2480,4460,1456785747450
production-topology1-1-1456784799,0.9482218536944905,1.0855842189561455,2000,1260,1456785747450
production-topology4-4-1456784821,1.0517967565332125,1.0049315750369106,1960,3740,1456785747450
Running observer at: 1456785758031
production-topology2-2-1456784806,0.9786241577690419,0.8968791136778989,2080,1400,1456785758522
production-topology3-3-1456784813,1.015688064779002,1.4319608846635155,2620,4860,1456785758522
production-topology1-1-1456784799,1.0479439214514936,1.0920022959010103,2420,1520,1456785758522
production-topology4-4-1456784821,1.0381773399014778,1.005643948388572,2320,4140,1456785758523
Running observer at: 1456785769024
production-topology2-2-1456784806,1.2831199213424058,0.929065847649941,1820,1180,1456785769585
production-topology3-3-1456784813,1.042883683963637,1.3995377846051922,2240,4220,1456785769585
production-topology1-1-1456784799,1.0065694571185768,1.0885229398573308,2220,1420,1456785769585
production-topology4-4-1456784821,0.9951237247288034,1.0040899624961226,2300,4160,1456785769585
Running observer at: 1456785780236
production-topology2-2-1456784806,0.8913599577276135,0.9261653945789928,2080,1400,1456785780882
production-topology3-3-1456784813,0.9725549646271351,1.366692952299188,2360,4280,1456785780883
production-topology1-1-1456784799,0.9748879491529715,1.0906845415523978,2020,1320,1456785780883
production-topology4-4-1456784821,0.989509207508823,1.0050480485592246,2020,3660,1456785780883
Running observer at: 1456785791405
production-topology2-2-1456784806,1.1345756191463199,0.9410518391909448,2000,1280,1456785791910
production-topology3-3-1456784813,1.0882119827906211,1.3468014544771474,2660,5020,1456785791910
production-topology1-1-1456784799,1.0164561773975127,1.0872664705080106,2360,1480,1456785791911
production-topology4-4-1456784821,1.0030625492132939,1.0032216223179842,2320,4100,1456785791911
Running observer at: 1456785802458
production-topology2-2-1456784806,0.9480495336138915,0.9415183521524746,1880,1200,1456785802989
production-topology3-3-1456784813,1.0272318445632664,1.3254968138162222,2180,4080,1456785802989
production-topology1-1-1456784799,0.9254397325713565,1.085158327282435,2240,1360,1456785802989
production-topology4-4-1456784821,0.9486290019301495,1.0025389149019917,2320,4160,1456785802989
Running observer at: 1456785813455
production-topology2-2-1456784806,1.0006120272089811,0.9452117068435062,2060,1320,1456785814111
production-topology3-3-1456784813,0.9293280349756857,1.3007362651386887,2500,4220,1456785814111
production-topology1-1-1456784799,1.0538537036168478,1.084145502093991,2060,1360,1456785814112
production-topology4-4-1456784821,0.9748713039352508,1.0008202437168974,2040,3620,1456785814112
Running observer at: 1456785824642
production-topology2-2-1456784806,0.9710547184773989,0.946731883998441,1940,1240,1456785825234
production-topology3-3-1456784813,1.0619430469863849,1.2866896052473766,2420,4560,1456785825234
production-topology1-1-1456784799,1.0191575103606845,1.0906147792305378,2360,1540,1456785825234
production-topology4-4-1456784821,0.9953524295100472,1.0018533403397831,2180,4020,1456785825234
Running observer at: 1456785835786
production-topology2-2-1456784806,1.048398806243013,0.9523800463453617,1940,1300,1456785836336
production-topology3-3-1456784813,1.0301486365165538,1.2724373292067754,2360,4320,1456785836336
production-topology1-1-1456784799,0.9119852031381231,1.0854501466575466,2220,1380,1456785836336
production-topology4-4-1456784821,1.0727724451849705,1.007027986311903,2400,4260,1456785836336
Running observer at: 1456785846869
production-topology2-2-1456784806,1.204731643217395,0.9656617093386267,2120,1340,1456785847427
production-topology3-3-1456784813,0.9354126049691194,1.2546991858258463,2440,4260,1456785847427
production-topology1-1-1456784799,1.1545572882601776,1.0933289157676926,2080,1340,1456785847427
production-topology4-4-1456784821,0.9529253389034351,1.0026542562762701,2080,3700,1456785847427
Running observer at: 1456785857980
production-topology2-2-1456784806,0.7817255630666706,0.956464902025029,1960,1220,1456785858549
production-topology3-3-1456784813,1.025133367543803,1.243220894911744,2500,4500,1456785858549
production-topology1-1-1456784799,1.0869499058380416,1.092385997074855,2360,1480,1456785858549
production-topology4-4-1456784821,0.970542115621011,1.000447732798679,2100,3900,1456785858549
Running observer at: 1456785869036
production-topology2-2-1456784806,1.147705070910747,0.9655715767338726,1840,1260,1456785869561
production-topology3-3-1456784813,0.9317143032196795,1.2283872476883122,2280,4100,1456785869561
production-topology1-1-1456784799,0.9712612490390268,1.093480083733359,2160,1420,1456785869561
production-topology4-4-1456784821,1.0013730492196877,1.0033726986044504,2400,4320,1456785869561
Running observer at: 1456785880058
production-topology2-2-1456784806,0.9976789457921532,0.9670310026001581,2120,1360,1456785880679
production-topology3-3-1456784813,1.0361994847256786,1.2196514402809198,2520,4520,1456785880680
production-topology1-1-1456784799,0.9490466538559407,1.0909268941027805,2020,1300,1456785880680
production-topology4-4-1456784821,1.0276344023323614,1.0035210027205308,2000,3620,1456785880680
Running observer at: 1456785891227
production-topology2-2-1456784806,0.9411833610394696,0.9659071920975195,1900,1080,1456785891767
production-topology3-3-1456784813,1.090239119989509,1.214024817659554,2440,4520,1456785891768
production-topology1-1-1456784799,1.0945134055539576,1.0933656384245969,2440,1580,1456785891768
production-topology4-4-1456784821,0.9751896471536611,1.0044825661561185,2300,4060,1456785891768
Running observer at: 1456785902111
production-topology2-2-1456784806,0.9932844606164385,0.9670479116191412,1920,1320,1456785902670
production-topology3-3-1456784813,0.958689592044769,1.2033858499256047,2180,3760,1456785902671
production-topology1-1-1456784799,1.0007483198053984,1.095296581494788,2140,1360,1456785902671
production-topology4-4-1456784821,0.9947356010962303,1.001217296012427,2400,4400,1456785902671
Running observer at: 1456785913136
production-topology2-2-1456784806,1.1339098365919136,0.9737223886180522,2080,1380,1456785913663
production-topology3-3-1456784813,0.9821736735632016,1.1945373628711087,2600,4780,1456785913663
production-topology1-1-1456784799,0.9160726809207153,1.086722760893862,2100,1300,1456785913663
production-topology4-4-1456784821,0.9783330803738967,1.0019526843773376,1940,3420,1456785913663
Running observer at: 1456785924280
production-topology2-2-1456784806,0.8530224877163652,0.9690800847372181,2000,1220,1456785924917
production-topology3-3-1456784813,1.0284447583176397,1.1881491857728983,2400,4340,1456785924917
production-topology1-1-1456784799,1.0042240458682872,1.0918816179783606,2060,1420,1456785924917
production-topology4-4-1456784821,1.0969359933409946,1.0065687929763087,2280,4180,1456785924917
Running observer at: 1456785935436
production-topology2-2-1456784806,1.0479038895341197,0.9719994849148811,1900,1240,1456785935973
production-topology3-3-1456784813,0.9913165539656006,1.180859088298554,2280,4080,1456785935973
production-topology1-1-1456784799,0.9826785949457261,1.089541030609314,2460,1520,1456785935974
production-topology4-4-1456784821,0.9961803042027573,1.0033256319394834,2400,4320,1456785935974
Running observer at: 1456785946417
production-topology2-2-1456784806,1.1356242661133364,0.9778432271005402,2120,1400,1456785946920
production-topology3-3-1456784813,0.9633389867180286,1.1730905132421068,2640,4740,1456785946921
production-topology1-1-1456784799,0.9052854912078215,1.0878742704153237,2020,1260,1456785946921
production-topology4-4-1456784821,0.9403658346036585,1.00069842297788,2000,3520,1456785946921
Running observer at: 1456785957404
production-topology2-2-1456784806,0.8474908536585366,0.9733483176715056,2000,1240,1456785958004
production-topology3-3-1456784813,1.0078841654251343,1.1673937426277283,2240,3940,1456785958004
production-topology1-1-1456784799,1.339658245024447,1.096013943858117,2220,1480,1456785958004
production-topology4-4-1456784821,0.9939611234138283,1.0010359869653047,2280,4040,1456785958004
Running observer at: 1456785968541
production-topology2-2-1456784806,0.9530415263748596,0.9726714246282842,1760,1220,1456785969165
production-topology3-3-1456784813,1.033379580024817,1.1629266038742978,2380,4380,1456785969165
production-topology1-1-1456784799,0.8593827856058601,1.0929419360224888,1940,1280,1456785969165
production-topology4-4-1456784821,1.0639650356857373,1.0049498926236544,1980,3660,1456785969166
Running observer at: 1456785979667
production-topology2-2-1456784806,1.0559138177459075,0.9745539662058256,2200,1340,1456785980144
production-topology3-3-1456784813,0.9982861008415753,1.1628981308588335,2680,4900,1456785980144
production-topology1-1-1456784799,1.033183525395647,1.09188344758765,2480,1520,1456785980144
production-topology4-4-1456784821,0.906094441879743,1.0006616012634155,2320,4180,1456785980144
Running observer at: 1456785990636
production-topology2-2-1456784806,1.0119380323084028,0.9832852339494391,1920,1260,1456785991198
production-topology3-3-1456784813,1.014110386760822,1.068193094431133,2240,4000,1456785991199
production-topology1-1-1456784799,0.9361981742528509,1.0921463363371244,2140,1460,1456785991199
production-topology4-4-1456784821,1.0186001018805797,1.0028885754857364,2260,4140,1456785991199
Running observer at: 1456786001808
production-topology2-2-1456784806,1.0084892265537426,0.983568208167897,1860,1180,1456786002433
production-topology3-3-1456784813,0.9523409358997161,1.0332711256277902,2340,4280,1456786002433
production-topology1-1-1456784799,1.098086378157133,1.09475242119154,2120,1280,1456786002433
production-topology4-4-1456784821,1.007060339144234,1.0037678837765134,2020,3680,1456786002433
Running observer at: 1456786012992
production-topology2-2-1456784806,0.8784304656182547,0.9795158903551722,2240,1400,1456786013477
production-topology3-3-1456784813,1.0410202915802031,1.0013051353471303,2620,4720,1456786013477
production-topology1-1-1456784799,0.9197192852956805,1.0953777000086944,2340,1540,1456786013477
production-topology4-4-1456784821,0.9805956292572492,0.9991906951556475,2380,4120,1456786013477
Running observer at: 1456786024065
production-topology2-2-1456784806,1.1911951362092585,0.986022465691981,1900,1200,1456786024608
production-topology3-3-1456784813,1.001162900062048,0.9680105653491987,2300,4080,1456786024608
production-topology1-1-1456784799,1.1241925650211786,1.0055359706945854,2180,1400,1456786024608
production-topology4-4-1456784821,1.063871508648849,0.9966970019911074,2240,4140,1456786024608
Running observer at: 1456786035117
production-topology2-2-1456784806,0.8593418388072888,0.9813338603188906,1860,1220,1456786035753
production-topology3-3-1456784813,1.0067429364755518,1.0015401007289277,2360,4340,1456786035753
production-topology1-1-1456784799,1.1189863396819528,1.0125346207992816,2040,1320,1456786035753
production-topology4-4-1456784821,0.9931705638111888,0.9988130566055278,2080,3660,1456786035753
Running observer at: 1456786046301
production-topology2-2-1456784806,1.0105660260191884,1.01501939451953,2140,1380,1456786046783
production-topology3-3-1456784813,1.0338792587929257,1.0029126799336183,2640,4800,1456786046783
production-topology1-1-1456784799,0.8774457148941148,1.0094744288370894,2420,1480,1456786046783
production-topology4-4-1456784821,0.9798461597190409,0.9994779225359007,2220,4180,1456786046783
Running observer at: 1456786057248
production-topology2-2-1456784806,1.0885099921921224,1.0117937323632833,1900,1300,1456786057806
production-topology3-3-1456784813,0.9731024860633891,1.0085792392767432,2280,4060,1456786057806
production-topology1-1-1456784799,1.1275307364325047,1.0119236567600187,2180,1460,1456786057806
production-topology4-4-1456784821,1.0113544814696602,0.9992737174855413,2280,4060,1456786057806
Running observer at: 1456786068381
production-topology2-2-1456784806,1.0034530939533486,1.0093381022151777,1820,1100,1456786068982
production-topology3-3-1456784813,0.9734002193949465,1.0046994944692549,2380,4240,1456786068982
production-topology1-1-1456784799,0.9378934817717174,1.0114043458443411,2020,1300,1456786068983
production-topology4-4-1456784821,1.018293249146324,1.0013440919783385,1920,3500,1456786068983
Running observer at: 1456786079552
production-topology2-2-1456784806,0.9617117191350983,1.0120881998234428,2180,1320,1456786080029
production-topology3-3-1456784813,1.0580593528775788,1.0068007106152674,2580,4780,1456786080029
production-topology1-1-1456784799,0.9487781538102462,1.011422889181533,2420,1540,1456786080029
production-topology4-4-1456784821,0.9524403698320916,0.9980322124216345,2360,4120,1456786080030
Running observer at: 1456786090536
production-topology2-2-1456784806,0.9340157631680123,1.010601253336742,2040,1380,1456786091098
production-topology3-3-1456784813,0.9857768552168418,1.0058036702965287,2280,4020,1456786091098
production-topology1-1-1456784799,1.0668967537821894,1.0120546502592227,2160,1360,1456786091098
production-topology4-4-1456784821,1.0066541117029557,0.9969814381483507,2380,4300,1456786091098
Running observer at: 1456786101619
production-topology2-2-1456784806,1.0438186851901974,1.0026245454650016,1840,1120,1456786102265
production-topology3-3-1456784813,0.9638088738672036,1.0031678432933144,2440,4320,1456786102265
production-topology1-1-1456784799,0.9670652421004775,1.010737843091953,2000,1340,1456786102265
production-topology4-4-1456784821,1.0879868614271242,1.0000768760382948,1840,3520,1456786102266
Running observer at: 1456786112843
production-topology2-2-1456784806,1.045083651909401,1.0077486686043944,2120,1400,1456786113358
production-topology3-3-1456784813,1.010318882330445,1.0044266405500912,2560,4700,1456786113358
production-topology1-1-1456784799,0.9193889073290475,1.0088878750311554,2480,1520,1456786113358
production-topology4-4-1456784821,0.9851204670563002,0.9999305846898773,2240,4060,1456786113358
Running observer at: 1456786123860
production-topology2-2-1456784806,1.0893400477073947,1.0062408162230967,1940,1280,1456786124360
production-topology3-3-1456784813,1.0254638815867518,1.0023350371766289,2260,4100,1456786124360
production-topology1-1-1456784799,1.1294673496650542,1.0126549141067402,2060,1420,1456786124360
production-topology4-4-1456784821,1.0142875024491451,1.000304749797739,2440,4340,1456786124361
Running observer at: 1456786134996
production-topology2-2-1456784806,0.8238047507871121,1.0020993234622042,1820,1100,1456786135692
production-topology3-3-1456784813,0.934372499924071,0.9992397256886557,2420,4240,1456786135692
production-topology1-1-1456784799,0.9864095135412964,1.0146872401390716,2080,1360,1456786135692
production-topology4-4-1456784821,1.0035778092527992,1.002136376708494,2020,3460,1456786135692
Running observer at: 1456786146236
production-topology2-2-1456784806,1.1584226277373388,1.0073596768131494,2140,1400,1456786146761
production-topology3-3-1456784813,1.078513777604065,1.0042125837762683,2640,4840,1456786146761
production-topology1-1-1456784799,0.9216083333333333,1.0102790611296208,2480,1500,1456786146761
production-topology4-4-1456784821,0.9370629829107782,1.0008760993410113,2280,4040,1456786146761
Running observer at: 1456786157223
production-topology2-2-1456784806,1.0387293717783443,1.0096154985898476,2020,1300,1456786157727
production-topology3-3-1456784813,0.9771031462087705,1.0013845870836813,2140,3820,1456786157727
production-topology1-1-1456784799,1.0057352569722005,1.0098316526833382,2120,1380,1456786157727
production-topology4-4-1456784821,1.0294707588567185,1.0020133769859005,2420,4400,1456786157727
Running observer at: 1456786168356
production-topology2-2-1456784806,0.8171281861068932,1.0019064779186435,1840,1160,1456786168974
production-topology3-3-1456784813,0.9983008112273145,1.0003229929073734,2480,4520,1456786168974
production-topology1-1-1456784799,1.1198688841295164,1.0167611087163846,2020,1360,1456786168974
production-topology4-4-1456784821,1.0663003682816248,1.0017976410891223,1780,3500,1456786168974
Running observer at: 1456786179568
production-topology2-2-1456784806,1.0897269814091315,0.9980729891917015,2140,1420,1456786180035
production-topology3-3-1456784813,0.9846071650865221,1.0019628115779533,2720,4680,1456786180036
production-topology1-1-1456784799,0.932295081967213,1.009352368506619,2440,1440,1456786180036
production-topology4-4-1456784821,0.9827697275781557,1.0027924540449462,2400,4160,1456786180036
Running observer at: 1456786190511
production-topology2-2-1456784806,1.0400275762589624,1.006683056298111,1920,1240,1456786191016
production-topology3-3-1456784813,0.996042633109465,1.000993120430142,2020,3800,1456786191016
production-topology1-1-1456784799,0.8798995388669303,1.002450689607582,2140,1420,1456786191016
production-topology4-4-1456784821,0.9656160211685529,1.0026282508965312,2460,4340,1456786191017
Running observer at: 1456786201640
production-topology2-2-1456784806,1.0149276584533817,1.0022571425495324,1800,1140,1456786202168
production-topology3-3-1456784813,0.9720164983190644,1.002336526933455,2600,4620,1456786202168
production-topology1-1-1456784799,1.140429317517925,1.0080896252235452,2200,1340,1456786202168
production-topology4-4-1456784821,1.0228460523976826,1.003344017669131,1840,3380,1456786202168
Running observer at: 1456786212878
production-topology2-2-1456784806,0.9891289481242077,1.0019721426272674,2140,1300,1456786213349
production-topology3-3-1456784813,1.0283170993141497,1.0020737807530706,2660,4760,1456786213349
production-topology1-1-1456784799,1.0890939215363225,1.0127578674795579,2340,1600,1456786213349
production-topology4-4-1456784821,1.0282240896275983,1.0033636739123053,2220,4120,1456786213349
Running observer at: 1456786223830
production-topology2-2-1456784806,0.954851776959398,1.002427756491265,1980,1240,1456786224345
production-topology3-3-1456784813,1.1001638827559994,1.0024046061786203,2000,3780,1456786224345
production-topology1-1-1456784799,0.9164373701432953,1.006821999632536,2180,1440,1456786224346
production-topology4-4-1456784821,0.9871498269819792,1.0037623465732495,2460,4280,1456786224346
Running observer at: 1456786234910
production-topology2-2-1456784806,1.079482506146247,1.005301024675592,1820,1220,1456786235439
production-topology3-3-1456784813,0.94245627958883,1.0018634957634225,2640,4560,1456786235439
production-topology1-1-1456784799,0.9424564977433281,1.0048789388971338,1960,1240,1456786235439
production-topology4-4-1456784821,1.0139487908961593,1.0044027862332472,2000,3520,1456786235440
Running observer at: 1456786246157
production-topology2-2-1456784806,1.042734752921042,1.0022618552198963,2140,1400,1456786246696
production-topology3-3-1456784813,1.0116666978502067,1.0028465965729891,2360,4280,1456786246696
production-topology1-1-1456784799,1.0226764835992452,1.008432398986418,2440,1540,1456786246696
production-topology4-4-1456784821,0.9712029350071298,1.0041651147210215,2200,4040,1456786246697
Running observer at: 1456786257203
production-topology2-2-1456784806,1.0108292024334808,1.0075220790438002,1920,1240,1456786257705
production-topology3-3-1456784813,0.9691767903389218,1.0008709976403651,2400,4240,1456786257705
production-topology1-1-1456784799,0.9909318927262205,1.0079893272150158,2100,1400,1456786257705
production-topology4-4-1456784821,1.017660447429777,1.001522596523981,2480,4400,1456786257705
Running observer at: 1456786268255
production-topology2-2-1456784806,0.9082000059373851,1.0028652829239089,1880,1160,1456786268758
production-topology3-3-1456784813,1.0799571620404578,1.0038256845761937,2460,4600,1456786268759
production-topology1-1-1456784799,1.169972070232748,1.0142324430579164,2000,1280,1456786268759
production-topology4-4-1456784821,1.0785646071607342,1.0042687399559134,1880,3500,1456786268759
Running observer at: 1456786279480
production-topology2-2-1456784806,1.0606917271645955,1.0003675316256178,2100,1320,1456786279998
production-topology3-3-1456784813,0.988001795217784,1.0046477781928522,2300,4280,1456786279998
production-topology1-1-1456784799,0.8847849492709803,1.0135490916600216,2500,1600,1456786279999
production-topology4-4-1456784821,0.9892074109465414,1.005896792500676,2300,4020,1456786279999
Running observer at: 1456786290530
production-topology2-2-1456784806,1.0132979292918476,1.0058944341467282,2040,1300,1456786291074
production-topology3-3-1456784813,0.9905096106062665,1.0040686263655567,2480,4360,1456786291075
production-topology1-1-1456784799,0.9996633280026933,1.0022159277592966,2180,1320,1456786291075
production-topology4-4-1456784821,0.9735744673691586,1.005217237299187,2480,4380,1456786291075
Running observer at: 1456786301628
production-topology2-2-1456784806,0.9181326731416238,1.0047308057056203,1840,1220,1456786302134
production-topology3-3-1456784813,0.9307068209947251,1.0006462010645536,2500,4360,1456786302134
production-topology1-1-1456784799,1.077072812236799,1.009472261980328,2040,1340,1456786302134
production-topology4-4-1456784821,0.9669783344424494,1.001984347257744,1900,3460,1456786302134
Running observer at: 1456786312854
production-topology2-2-1456784806,1.1191652322162564,1.0068391861879653,1900,1260,1456786313435
production-topology3-3-1456784813,1.076919873288781,1.0032673268127938,2340,4380,1456786313435
production-topology1-1-1456784799,0.942678990132034,1.0064554441382074,2360,1520,1456786313435
production-topology4-4-1456784821,1.0147035415299896,1.005604650579419,2200,4120,1456786313435
Running observer at: 1456786323941
production-topology2-2-1456784806,1.0775710838659192,1.0090269545732158,2200,1420,1456786324451
production-topology3-3-1456784813,0.9725259543602232,1.0018811790661073,2440,4320,1456786324451
production-topology1-1-1456784799,1.0520315091210615,1.0103165553004814,2140,1400,1456786324451
production-topology4-4-1456784821,1.0060642409702782,1.0051867885490757,2460,4380,1456786324451
Running observer at: 1456786335012
production-topology2-2-1456784806,0.8273454296899272,1.0029888280110886,1900,1180,1456786335500
production-topology3-3-1456784813,0.9122864976960403,1.0005460311259848,2560,4420,1456786335501
production-topology1-1-1456784799,0.9331714981850728,1.004819392634746,2080,1320,1456786335501
production-topology4-4-1456784821,1.0804460827462956,1.0076329800024777,1860,3560,1456786335501
Running observer at: 1456786346272
production-topology2-2-1456784806,1.2160849509068696,1.014243977520709,1860,1300,1456786346871
production-topology3-3-1456784813,1.0747450524431206,1.0016701898214153,2300,4280,1456786346872
production-topology1-1-1456784799,0.9912917447470514,1.007205141283125,2380,1520,1456786346872
production-topology4-4-1456784821,0.9240260256339294,1.005747326548367,2400,4000,1456786346872
Running observer at: 1456786357384
production-topology2-2-1456784806,0.9250764525993884,1.0053733547337136,2180,1380,1456786357889
production-topology3-3-1456784813,0.9602659938622301,1.0003069596147547,2460,4320,1456786357890
production-topology1-1-1456784799,1.0327645591670296,1.0041575410879868,2200,1420,1456786357890
production-topology4-4-1456784821,0.9896195652173913,1.0032722617673184,2420,4380,1456786357890
Running observer at: 1456786368466
production-topology2-2-1456784806,1.034788153485711,1.0112215652229941,1880,1140,1456786368962
production-topology3-3-1456784813,1.0460446366397698,1.0016170162868954,2540,4640,1456786368962
production-topology1-1-1456784799,0.9438001023366878,0.9983179998431446,2080,1240,1456786368962
production-topology4-4-1456784821,0.9599940830741047,1.0021663790760824,1900,3440,1456786368962
/var/nimbus/storm/bin/storm rebalance production-topology1 -e spout_head=11
1456786369489
/var/nimbus/storm/bin/storm rebalance production-topology4 -e bolt_output_1=9
Running observer at: 1456786379664
production-topology2-2-1456784806,1.1289223792104979,1.0151667769960377,1900,1260,1456786380242
production-topology3-3-1456784813,0.9840450521677839,0.9999558760660571,2480,4340,1456786380242
production-topology1-1-1456784799,1.000731442701563,1.000731442701563,311020,198920,1456786380242
production-topology4-4-1456784821,0.9991901471502189,0.9991901471502189,305360,549280,1456786380242
Running observer at: 1456786390770
production-topology2-2-1456784806,0.7747818051832684,1.0047091707624094,2220,1260,1456786391279
production-topology3-3-1456784813,0.9811039524693855,1.0002225916129237,2280,4120,1456786391279
production-topology1-1-1456784799,2.9629629629629624,1.9818472028322627,0,80,1456786391279
production-topology4-4-1456784821,1.8888888888888888,1.444039518019554,60,140,1456786391279
Running observer at: 1456786401866
production-topology2-2-1456784806,1.0515243227282793,1.0063115450549072,1860,1260,1456786402317
production-topology3-3-1456784813,0.9895903834449178,1.0007622637479228,2500,4520,1456786402318
production-topology1-1-1456784799,1.0,1.6545648018881751,0,0,1456786402318
production-topology4-4-1456784821,2.0,1.6293596786797027,0,0,1456786402318
Running observer at: 1456786408023
production-topology2-2-1456784806,1.0940219990435198,1.0107218877185213,1080,720,1456786408492
production-topology3-3-1456784813,1.1012100464657841,1.0022006202008629,1400,2460,1456786408492
production-topology1-1-1456784799,1.0,1.4909236014161313,0,0,1456786408492
production-topology4-4-1456784821,2.0,1.722019759009777,0,0,1456786408492
Running observer at: 1456786409204
production-topology2-2-1456784806,0.9803921568627452,1.0122677675083456,340,200,1456786409593
production-topology3-3-1456784813,0.7013574660633484,0.9927199738957465,260,520,1456786409593
production-topology1-1-1456784799,1.0,1.3927388811329051,0,0,1456786409593
production-topology4-4-1456784821,2.0,1.7776158072078219,0,0,1456786409593
Running observer at: 1456786412979
production-topology2-2-1456784806,1.2133383723859914,1.0179184237482053,480,380,1456786413453
production-topology3-3-1456784813,1.1687241200828158,0.9995504821029335,840,1620,1456786413453
production-topology1-1-1456784799,4.970229599119121E-4,1.160698571437406,280240,220,1456786413454
production-topology4-4-1456784821,2.0,1.8146798393398516,0,0,1456786413454
Running observer at: 1456786423912
production-topology2-2-1456784806,1.0106747560787632,1.0167714605538507,1940,1280,1456786424486
production-topology3-3-1456784813,1.0474588981890385,1.0007884826315534,2140,3800,1456786424486
production-topology1-1-1456784799,0.9963070732836881,1.1372140717011607,187820,119780,1456786424486
production-topology4-4-1456784821,0.01111111111111111,1.5570271638786028,480,40,1456786424486
Running observer at: 1456786434918
production-topology2-2-1456784806,0.881000654265607,1.0098268141057913,2100,1360,1456786435420
production-topology3-3-1456784813,0.9348839026628338,0.9977691500007563,2680,4800,1456786435420
production-topology1-1-1456784799,1.0004026423403585,1.1201126430310604,2640,1720,1456786435420
production-topology4-4-1456784821,1.1478431660264985,1.5058791641470899,1700,3420,1456786435420
Running observer at: 1456786445876
production-topology2-2-1456784806,1.2558347275766288,1.0242278133321085,1980,1220,1456786446569
production-topology3-3-1456784813,1.052844448659251,1.0017182149585955,2140,4080,1456786446569
production-topology1-1-1456784799,1.1167503688571108,1.1197390570117325,2160,1480,1456786446569
production-topology4-4-1456784821,1.0653933008516028,1.4569362904475913,2100,3960,1456786446569
Running observer at: 1456786457119
production-topology2-2-1456784806,0.8897808952437232,1.0152730889156545,1860,1160,1456786457692
production-topology3-3-1456784813,1.0033390976046856,0.9992123922919495,2420,4320,1456786457693
production-topology1-1-1456784799,0.9553068285691432,1.1032958341674735,2480,1480,1456786457693
production-topology4-4-1456784821,1.1073227772821888,1.4219749391310512,2360,4480,1456786457693
Running observer at: 1456786468181
production-topology2-2-1456784806,1.0223739258254185,1.0147279073838904,2180,1360,1456786468648
production-topology3-3-1456784813,0.9679191028168079,0.9989062575122174,2700,4700,1456786468648
production-topology1-1-1456784799,0.9264648967279044,1.0872202944002398,2700,1700,1456786468648
production-topology4-4-1456784821,0.9384292870984485,1.3780162434917236,2180,3920,1456786468648
Running observer at: 1456786479109
production-topology2-2-1456784806,1.0034059559754898,1.0209371663795104,1780,1180,1456786479588
production-topology3-3-1456784813,1.062516604613744,1.0010467839584318,2200,4080,1456786479588
production-topology1-1-1456784799,1.0273383731037269,1.0822301342921972,2180,1460,1456786479588
production-topology4-4-1456784821,0.951958889940717,1.3425114640291398,2100,3620,1456786479588
Running observer at: 1456786490229
production-topology2-2-1456784806,1.122547327132932,1.022031177903637,1900,1220,1456786490793
production-topology3-3-1456784813,0.9858083017717993,1.0010868218479412,2400,4340,1456786490793
production-topology1-1-1456784799,1.0289015269269572,1.0781279337256402,2420,1620,1456786490793
production-topology4-4-1456784821,1.0707829694694988,1.3216092721399366,2240,4160,1456786490793
Running observer at: 1456786501376
production-topology2-2-1456784806,0.9124906070774595,1.0177799455975869,2240,1380,1456786501911
production-topology3-3-1456784813,1.047253205343705,1.0027938409224157,2600,4700,1456786501911
production-topology1-1-1456784799,1.0260855049116326,1.0744106173817827,2460,1620,1456786501911
production-topology4-4-1456784821,0.9650310502621922,1.2961393991486692,2180,3900,1456786501911
Running observer at: 1456786512390
production-topology2-2-1456784806,1.0046221584924067,1.017436428932221,1920,1220,1456786512872
production-topology3-3-1456784813,0.9175086780358348,1.0009769135796414,2280,4060,1456786512872
production-topology1-1-1456784799,1.0063546286406215,1.0698735514657052,2420,1440,1456786512872
production-topology4-4-1456784821,1.0285203931210507,1.278298132080161,2200,3960,1456786512872
Running observer at: 1456786523336
production-topology2-2-1456784806,1.0465339270526748,1.0193499282298368,1820,1200,1456786523874
production-topology3-3-1456784813,1.0150548920408073,1.0005348400038632,2480,4240,1456786523874
production-topology1-1-1456784799,1.0236576086035178,1.0669850550368185,2360,1660,1456786523874
production-topology4-4-1456784821,1.0294192557043023,1.2627432023066698,2140,3840,1456786523874
Running observer at: 1456786534456
production-topology2-2-1456784806,0.9418629742852006,1.0189169681406967,2100,1360,1456786535084
production-topology3-3-1456784813,0.9811359158544745,0.9965672411071457,2140,4140,1456786535084
production-topology1-1-1456784799,0.7819347118147854,1.0502173877884635,2320,1340,1456786535084
production-topology4-4-1456784821,0.9446958464584091,1.2440345343155956,2060,3740,1456786535084
Running observer at: 1456786545551
production-topology2-2-1456784806,0.9149915871662901,1.0134339375080315,2040,1280,1456786546043
production-topology3-3-1456784813,1.0135225851809366,0.9989361179602159,2540,4500,1456786546043
production-topology1-1-1456784799,1.1083503004324697,1.053446994046464,2720,1720,1456786546043
production-topology4-4-1456784821,0.9786357518703646,1.2292901575130828,2480,4240,1456786546043
Running observer at: 1456786556489
production-topology2-2-1456784806,1.2372139821048915,1.0199165784808264,1820,1240,1456786557002
production-topology3-3-1456784813,0.9827556434338441,0.9979724161463372,2520,4420,1456786557003
production-topology1-1-1456784799,0.989504485998215,1.0500815988860297,2260,1500,1456786557003
production-topology4-4-1456784821,1.112567886233617,1.2231468800773213,2120,3960,1456786557003
Running observer at: 1456786567609
production-topology2-2-1456784806,1.0442192272178419,1.0210295793069717,1820,1280,1456786568301
production-topology3-3-1456784813,0.9644192214118701,0.9978138305154355,2260,4120,1456786568301
production-topology1-1-1456784799,1.1953195688428546,1.057343497383871,2280,1380,1456786568301
production-topology4-4-1456784821,0.9907820014965911,1.2115286361482849,2040,3660,1456786568301
Running observer at: 1456786578807
production-topology2-2-1456784806,0.9226459023235635,1.021511109186511,2240,1340,1456786579343
production-topology3-3-1456784813,1.069884546101464,0.9974780766508023,2380,4260,1456786579343
production-topology1-1-1456784799,0.8655837474213833,1.0482120807189905,2660,1660,1456786579343
production-topology4-4-1456784821,1.0054672357038879,1.2017161885080756,2420,4380,1456786579343
Running observer at: 1456786589807
production-topology2-2-1456784806,1.1597430532786583,1.0248128200569797,1740,1160,1456786590282
production-topology3-3-1456784813,0.9938449991688139,0.9976728501158367,2640,4800,1456786590282
production-topology1-1-1456784799,0.9720708459694174,1.0447511155031008,2380,1520,1456786590282
production-topology4-4-1456784821,0.9830250735483295,1.1917756832826325,2160,3860,1456786590282
Running observer at: 1456786600848
production-topology2-2-1456784806,0.9162738303031848,1.0215786834240244,2080,1240,1456786601486
production-topology3-3-1456784813,0.9876564302269428,0.9975777441031926,2260,4040,1456786601486
production-topology1-1-1456784799,1.175564199409963,1.0504386408903557,2220,1520,1456786601486
production-topology4-4-1456784821,1.0131191604370184,1.1840080083763014,1940,3640,1456786601486
Running observer at: 1456786612122
production-topology2-2-1456784806,0.8874973824332899,1.0205575070670796,2160,1400,1456786612665
production-topology3-3-1456784813,0.9908768600818936,0.9995834120727648,2380,4340,1456786612665
production-topology1-1-1456784799,0.9146224981678842,1.044779634943586,2540,1540,1456786612666
production-topology4-4-1456784821,0.9795420026071091,1.1754885914692517,2560,4380,1456786612666
Running observer at: 1456786623080
production-topology2-2-1456784806,1.121918335338264,1.0206492771711464,1860,1120,1456786623423
production-topology3-3-1456784813,0.9787598147652403,0.99631141012198,2720,4700,1456786623423
production-topology1-1-1456784799,0.9391532003249978,1.0405545775588425,2660,1620,1456786623423
production-topology4-4-1456784821,1.031131810083456,1.1697143202138198,2180,3940,1456786623424
Running observer at: 1456786633755
production-topology2-2-1456784806,0.8442530144765561,1.012872008191501,1860,1280,1456786634073
production-topology3-3-1456784813,1.0439886645371486,0.998693500461211,2220,4200,1456786634073
production-topology1-1-1456784799,1.1228592702903946,1.0437201426639022,1920,1280,1456786634073
production-topology4-4-1456784821,0.9785037557823371,1.162360067735686,1960,3600,1456786634073
Running observer at: 1456786644432
production-topology2-2-1456784806,1.405281725235201,1.0321365513763439,1180,780,1456786644822
production-topology3-3-1456784813,0.9777496936274509,1.0008756069922582,2380,4120,1456786644822
production-topology1-1-1456784799,0.0,1.0050638410837576,0,20,1456786644822
production-topology4-4-1456784821,1.0031822353127304,1.1564645924607617,2160,3860,1456786644822
