Running observer at: 1456623636519
production-topology1-1-1456623636,0.0,0.0,0,0,1456623636742
Running observer at: 1456623636919
production-topology1-1-1456623636,0.0,0.0,0,0,1456623637078
Running observer at: 1456623642864
production-topology1-1-1456623636,0.0,0.0,0,0,1456623643170
production-topology2-2-1456623642,0.0,0.0,0,0,1456623643171
Running observer at: 1456623647262
production-topology1-1-1456623636,0.0,0.0,0,0,1456623647519
production-topology2-2-1456623642,0.0,0.0,0,0,1456623647519
Running observer at: 1456623649320
production-topology1-1-1456623636,0.0,0.0,0,0,1456623649680
production-topology3-3-1456623649,0.0,0.0,0,0,1456623649680
production-topology2-2-1456623642,0.0,0.0,0,0,1456623649681
Running observer at: 1456623655752
production-topology4-4-1456623655,0.0,0.0,0,0,1456623656181
production-topology1-1-1456623636,0.0,0.0,0,0,1456623656181
production-topology3-3-1456623649,0.0,0.0,0,0,1456623656181
production-topology2-2-1456623642,0.0,0.0,0,0,1456623656182
Running observer at: 1456623657800
production-topology4-4-1456623655,0.0,0.0,0,0,1456623658200
production-topology1-1-1456623636,0.0,0.0,0,0,1456623658201
production-topology3-3-1456623649,0.0,0.0,0,0,1456623658201
production-topology2-2-1456623642,0.0,0.0,0,0,1456623658201
Running observer at: 1456623668544
production-topology4-4-1456623655,0.0,0.0,0,0,1456623668926
production-topology1-1-1456623636,0.0,0.0,0,0,1456623668926
production-topology3-3-1456623649,0.0,0.0,0,0,1456623668926
production-topology2-2-1456623642,0.0,0.0,0,0,1456623668927
Running observer at: 1456623679266
production-topology4-4-1456623655,0.0,0.0,0,0,1456623679612
production-topology1-1-1456623636,0.0,0.0,0,0,1456623679612
production-topology3-3-1456623649,0.0,0.0,0,0,1456623679612
production-topology2-2-1456623642,0.0,0.0,0,0,1456623679612
Running observer at: 1456623689892
production-topology4-4-1456623655,0.0,0.0,0,0,1456623690247
production-topology1-1-1456623636,0.0,0.0,0,0,1456623690248
production-topology3-3-1456623649,0.0,0.0,0,0,1456623690248
production-topology2-2-1456623642,0.0,0.0,0,0,1456623690248
Running observer at: 1456623700545
production-topology4-4-1456623655,0.0,0.0,0,0,1456623700892
production-topology1-1-1456623636,0.0,0.0,0,0,1456623700892
production-topology3-3-1456623649,0.0,0.0,0,0,1456623700892
production-topology2-2-1456623642,0.0,0.0,0,0,1456623700893
Running observer at: 1456623711163
production-topology4-4-1456623655,0.0,0.0,0,0,1456623711483
production-topology1-1-1456623636,0.0,0.0,0,0,1456623711484
production-topology3-3-1456623649,0.0,0.0,0,0,1456623711484
production-topology2-2-1456623642,0.0,0.0,0,0,1456623711484
Running observer at: 1456623721761
production-topology4-4-1456623655,0.0,0.0,0,0,1456623722048
production-topology1-1-1456623636,0.0,0.0,0,0,1456623722048
production-topology3-3-1456623649,0.0,0.0,0,0,1456623722049
production-topology2-2-1456623642,0.0,0.0,0,0,1456623722049
Running observer at: 1456623732299
production-topology4-4-1456623655,0.0,0.0,0,0,1456623732545
production-topology1-1-1456623636,0.0,0.0,0,0,1456623732545
production-topology3-3-1456623649,0.0,0.0,0,0,1456623732545
production-topology2-2-1456623642,0.0,0.0,0,0,1456623732545
Running observer at: 1456623742775
production-topology4-4-1456623655,0.0,0.0,0,0,1456623743061
production-topology1-1-1456623636,0.0,0.0,0,0,1456623743061
production-topology3-3-1456623649,0.0,0.0,0,0,1456623743062
production-topology2-2-1456623642,0.0,0.0,0,0,1456623743062
Running observer at: 1456623753307
production-topology4-4-1456623655,0.0,0.0,0,0,1456623753577
production-topology1-1-1456623636,0.0,0.0,0,0,1456623753577
production-topology3-3-1456623649,0.0,0.0,0,0,1456623753577
production-topology2-2-1456623642,0.0,0.0,0,0,1456623753578
Running observer at: 1456623763817
production-topology4-4-1456623655,0.0,0.0,0,0,1456623764095
production-topology1-1-1456623636,0.0,0.0,0,0,1456623764096
production-topology3-3-1456623649,0.0,0.0,0,0,1456623764096
production-topology2-2-1456623642,0.0,0.0,0,0,1456623764096
Running observer at: 1456623774341
production-topology4-4-1456623655,0.0,0.0,0,0,1456623774611
production-topology1-1-1456623636,0.0,0.0,0,0,1456623774611
production-topology3-3-1456623649,0.0,0.0,0,0,1456623774611
production-topology2-2-1456623642,0.0,0.0,0,0,1456623774612
Running observer at: 1456623784836
production-topology4-4-1456623655,0.0,0.0,0,0,1456623785113
production-topology1-1-1456623636,0.0,0.0,0,0,1456623785114
production-topology3-3-1456623649,0.0,0.0,0,0,1456623785114
production-topology2-2-1456623642,0.0,0.0,0,0,1456623785114
Running observer at: 1456623795340
production-topology4-4-1456623655,0.0,0.0,0,0,1456623795621
production-topology1-1-1456623636,0.0,0.0,0,0,1456623795621
production-topology3-3-1456623649,0.0,0.0,0,0,1456623795621
production-topology2-2-1456623642,0.0,0.0,0,0,1456623795622
Running observer at: 1456623805856
production-topology4-4-1456623655,0.0,0.0,0,0,1456623806137
production-topology1-1-1456623636,0.0,0.0,0,0,1456623806137
production-topology3-3-1456623649,0.0,0.0,0,0,1456623806138
production-topology2-2-1456623642,0.0,0.0,0,0,1456623806138
Running observer at: 1456623816369
production-topology4-4-1456623655,0.0,0.0,0,0,1456623816642
production-topology1-1-1456623636,0.0,0.0,0,0,1456623816642
production-topology3-3-1456623649,0.0,0.0,0,0,1456623816643
production-topology2-2-1456623642,0.0,0.0,0,0,1456623816643
Running observer at: 1456623826867
production-topology4-4-1456623655,0.0,0.0,0,0,1456623827132
production-topology1-1-1456623636,0.0,0.0,0,0,1456623827132
production-topology3-3-1456623649,0.0,0.0,0,0,1456623827133
production-topology2-2-1456623642,0.0,0.0,0,0,1456623827133
Running observer at: 1456623837355
production-topology4-4-1456623655,0.0,0.0,0,0,1456623837616
production-topology1-1-1456623636,0.0,0.0,0,0,1456623837616
production-topology3-3-1456623649,0.0,0.0,0,0,1456623837616
production-topology2-2-1456623642,0.0,0.0,0,0,1456623837617
Running observer at: 1456623847802
production-topology4-4-1456623655,0.0,0.0,0,0,1456623848001
production-topology1-1-1456623636,0.0,0.0,0,0,1456623848001
production-topology3-3-1456623649,0.0,0.0,0,0,1456623848001
production-topology2-2-1456623642,0.0,0.0,0,0,1456623848001
Running observer at: 1456623858171
production-topology4-4-1456623655,0.0,0.0,0,0,1456623858394
production-topology1-1-1456623636,0.0,0.0,0,0,1456623858395
production-topology3-3-1456623649,0.0,0.0,0,0,1456623858395
production-topology2-2-1456623642,0.0,0.0,0,0,1456623858395
Running observer at: 1456623868593
production-topology4-4-1456623655,0.0,0.0,0,0,1456623868812
production-topology1-1-1456623636,0.0,0.0,0,0,1456623868812
production-topology3-3-1456623649,0.0,0.0,0,0,1456623868813
production-topology2-2-1456623642,0.0,0.0,0,0,1456623868813
Running observer at: 1456623879007
production-topology4-4-1456623655,0.0,0.0,0,0,1456623879228
production-topology1-1-1456623636,0.0,0.0,0,0,1456623879229
production-topology3-3-1456623649,0.0,0.0,0,0,1456623879229
production-topology2-2-1456623642,0.0,0.0,0,0,1456623879229
Running observer at: 1456623889432
production-topology4-4-1456623655,0.0,0.0,0,0,1456623889653
production-topology1-1-1456623636,0.0,0.0,0,0,1456623889653
production-topology3-3-1456623649,0.0,0.0,0,0,1456623889654
production-topology2-2-1456623642,0.0,0.0,0,0,1456623889654
Running observer at: 1456623899855
production-topology4-4-1456623655,0.0,0.0,0,0,1456623900082
production-topology1-1-1456623636,0.0,0.0,0,0,1456623900082
production-topology3-3-1456623649,0.0,0.0,0,0,1456623900082
production-topology2-2-1456623642,0.0,0.0,0,0,1456623900083
Running observer at: 1456623910276
production-topology4-4-1456623655,0.0,0.0,0,0,1456623910499
production-topology1-1-1456623636,0.0,0.0,0,0,1456623910499
production-topology3-3-1456623649,0.0,0.0,0,0,1456623910500
production-topology2-2-1456623642,0.0,0.0,0,0,1456623910500
Running observer at: 1456623920691
production-topology4-4-1456623655,0.0,0.0,0,0,1456623920904
production-topology1-1-1456623636,0.0,0.0,0,0,1456623920904
production-topology3-3-1456623649,0.0,0.0,0,0,1456623920905
production-topology2-2-1456623642,0.0,0.0,0,0,1456623920905
Running observer at: 1456623931102
production-topology4-4-1456623655,0.0,0.0,0,0,1456623931316
production-topology1-1-1456623636,0.0,0.0,0,0,1456623931316
production-topology3-3-1456623649,0.0,0.0,0,0,1456623931317
production-topology2-2-1456623642,0.0,0.0,0,0,1456623931317
Running observer at: 1456623941512
production-topology4-4-1456623655,0.0,0.0,0,0,1456623941726
production-topology1-1-1456623636,0.0,0.0,0,0,1456623941726
production-topology3-3-1456623649,0.0,0.0,0,0,1456623941726
production-topology2-2-1456623642,0.0,0.0,0,0,1456623941726
Running observer at: 1456623951916
production-topology4-4-1456623655,0.0,0.0,0,0,1456623952133
production-topology1-1-1456623636,0.0,0.0,0,0,1456623952133
production-topology3-3-1456623649,0.0,0.0,0,0,1456623952133
production-topology2-2-1456623642,0.0,0.0,0,0,1456623952134
Running observer at: 1456623962320
production-topology4-4-1456623655,0.0,0.0,0,0,1456623962535
production-topology1-1-1456623636,0.0,0.0,0,0,1456623962535
production-topology3-3-1456623649,0.0,0.0,0,0,1456623962536
production-topology2-2-1456623642,0.0,0.0,0,0,1456623962536
Running observer at: 1456623972732
production-topology4-4-1456623655,0.0,0.0,0,0,1456623972920
production-topology1-1-1456623636,0.0,0.0,0,0,1456623972920
production-topology3-3-1456623649,0.0,0.0,0,0,1456623972921
production-topology2-2-1456623642,0.0,0.0,0,0,1456623972921
Running observer at: 1456623983081
production-topology4-4-1456623655,0.0,0.0,0,0,1456623983293
production-topology1-1-1456623636,0.0,0.0,0,0,1456623983293
production-topology3-3-1456623649,0.0,0.0,0,0,1456623983293
production-topology2-2-1456623642,0.0,0.0,0,0,1456623983294
Running observer at: 1456623993480
production-topology4-4-1456623655,0.0,0.0,0,0,1456623993699
production-topology1-1-1456623636,0.0,0.0,0,0,1456623993699
production-topology3-3-1456623649,0.0,0.0,0,0,1456623993699
production-topology2-2-1456623642,0.0,0.0,0,0,1456623993700
Running observer at: 1456624003882
production-topology4-4-1456623655,0.0,0.0,0,0,1456624004096
production-topology1-1-1456623636,0.0,0.0,0,0,1456624004097
production-topology3-3-1456623649,0.0,0.0,0,0,1456624004097
production-topology2-2-1456623642,0.0,0.0,0,0,1456624004097
Running observer at: 1456624014282
production-topology4-4-1456623655,0.0,0.0,0,0,1456624014493
production-topology1-1-1456623636,0.0,0.0,0,0,1456624014493
production-topology3-3-1456623649,0.0,0.0,0,0,1456624014494
production-topology2-2-1456623642,0.0,0.0,0,0,1456624014494
Running observer at: 1456624024660
production-topology4-4-1456623655,0.0,0.0,0,0,1456624024872
production-topology1-1-1456623636,0.0,0.0,0,0,1456624024872
production-topology3-3-1456623649,0.0,0.0,0,0,1456624024872
production-topology2-2-1456623642,0.0,0.0,0,0,1456624024873
Running observer at: 1456624035054
production-topology4-4-1456623655,0.0,0.0,0,0,1456624035270
production-topology1-1-1456623636,0.0,0.0,0,0,1456624035271
production-topology3-3-1456623649,0.0,0.0,0,0,1456624035271
production-topology2-2-1456623642,0.0,0.0,0,0,1456624035271
Running observer at: 1456624045464
production-topology4-4-1456623655,0.0,0.0,0,0,1456624045684
production-topology1-1-1456623636,0.0,0.0,0,0,1456624045684
production-topology3-3-1456623649,0.0,0.0,0,0,1456624045684
production-topology2-2-1456623642,0.0,0.0,0,0,1456624045685
Running observer at: 1456624055872
production-topology4-4-1456623655,0.0,0.0,0,0,1456624056077
production-topology1-1-1456623636,0.0,0.0,0,0,1456624056077
production-topology3-3-1456623649,0.0,0.0,0,0,1456624056077
production-topology2-2-1456623642,0.0,0.0,0,0,1456624056077
Running observer at: 1456624066260
production-topology4-4-1456623655,0.0,0.0,0,0,1456624066474
production-topology1-1-1456623636,0.0,0.0,0,0,1456624066474
production-topology3-3-1456623649,0.0,0.0,0,0,1456624066475
production-topology2-2-1456623642,0.0,0.0,0,0,1456624066475
Running observer at: 1456624076670
production-topology4-4-1456623655,0.0,0.0,0,0,1456624076884
production-topology1-1-1456623636,0.0,0.0,0,0,1456624076884
production-topology3-3-1456623649,0.0,0.0,0,0,1456624076884
production-topology2-2-1456623642,0.0,0.0,0,0,1456624076884
Running observer at: 1456624087072
production-topology4-4-1456623655,0.0,0.0,0,0,1456624087288
production-topology1-1-1456623636,0.0,0.0,0,0,1456624087288
production-topology3-3-1456623649,0.0,0.0,0,0,1456624087289
production-topology2-2-1456623642,0.0,0.0,0,0,1456624087289
Running observer at: 1456624097471
production-topology4-4-1456623655,0.0,0.0,0,0,1456624097686
production-topology1-1-1456623636,0.0,0.0,0,0,1456624097686
production-topology3-3-1456623649,0.0,0.0,0,0,1456624097686
production-topology2-2-1456623642,0.0,0.0,0,0,1456624097687
Running observer at: 1456624107872
production-topology4-4-1456623655,0.0,0.0,0,0,1456624108093
production-topology1-1-1456623636,0.0,0.0,0,0,1456624108093
production-topology3-3-1456623649,0.0,0.0,0,0,1456624108093
production-topology2-2-1456623642,0.0,0.0,0,0,1456624108094
Running observer at: 1456624118268
production-topology4-4-1456623655,0.0,0.0,0,0,1456624118465
production-topology1-1-1456623636,0.0,0.0,0,0,1456624118465
production-topology3-3-1456623649,0.0,0.0,0,0,1456624118465
production-topology2-2-1456623642,0.0,0.0,0,0,1456624118466
Running observer at: 1456624128647
production-topology4-4-1456623655,0.0,0.0,0,0,1456624128842
production-topology1-1-1456623636,0.0,0.0,0,0,1456624128842
production-topology3-3-1456623649,0.0,0.0,0,0,1456624128842
production-topology2-2-1456623642,0.0,0.0,0,0,1456624128843
Running observer at: 1456624139004
production-topology4-4-1456623655,0.0,0.0,0,0,1456624139141
production-topology1-1-1456623636,0.0,0.0,0,0,1456624139141
production-topology3-3-1456623649,0.0,0.0,0,0,1456624139141
production-topology2-2-1456623642,0.0,0.0,0,0,1456624139141
Running observer at: 1456624149274
production-topology4-4-1456623655,0.0,0.0,0,0,1456624149413
production-topology1-1-1456623636,0.0,0.0,0,0,1456624149413
production-topology3-3-1456623649,0.0,0.0,0,0,1456624149414
production-topology2-2-1456623642,0.0,0.0,0,0,1456624149414
