Running observer at: 1456790472526
production-topology1-1-1456790472,0.0,0.0,0,0,1456790473000
Running observer at: 1456790473414
production-topology1-1-1456790472,0.0,0.0,0,0,1456790473736
Running observer at: 1456790479782
production-topology1-1-1456790472,0.0,0.0,0,0,1456790480151
production-topology2-2-1456790479,0.0,0.0,0,0,1456790480152
Running observer at: 1456790484147
production-topology1-1-1456790472,0.0,0.0,0,0,1456790484588
production-topology2-2-1456790479,0.0,0.0,0,0,1456790484588
Running observer at: 1456790486753
production-topology1-1-1456790472,0.0,0.0,60,0,1456790487257
production-topology3-3-1456790486,0.0,0.0,0,0,1456790487258
production-topology2-2-1456790479,0.0,0.0,0,0,1456790487258
Running observer at: 1456790493728
production-topology1-1-1456790472,0.24280936454849497,0.04046822742474916,520,160,1456790494537
production-topology4-4-1456790493,0.0,0.0,0,0,1456790494537
production-topology3-3-1456790486,0.0,0.0,0,0,1456790494537
production-topology2-2-1456790479,0.0,0.0,60,0,1456790494537
Running observer at: 1456790495085
production-topology1-1-1456790472,1.09375,0.19093705207835643,120,100,1456790495577
production-topology4-4-1456790493,0.0,0.0,0,0,1456790495577
production-topology3-3-1456790486,0.0,0.0,0,0,1456790495577
production-topology2-2-1456790479,0.0,0.0,0,0,1456790495577
Running observer at: 1456790506159
production-topology1-1-1456790472,1.2461183311821893,0.3228347119663355,2280,1640,1456790506871
production-topology4-4-1456790493,0.0,0.0,0,0,1456790506871
production-topology3-3-1456790486,0.14759199134199136,0.03689799783549784,800,200,1456790506872
production-topology2-2-1456790479,0.9046973933334582,0.1507828988889097,1140,640,1456790506872
Running observer at: 1456790517509
production-topology1-1-1456790472,0.9212841703029038,0.3893290962259542,1960,1160,1456790518248
production-topology4-4-1456790493,0.6719901490699454,0.16799753726748634,760,1080,1456790518249
production-topology3-3-1456790486,1.1397632256299226,0.2574710433943828,1980,4300,1456790518249
production-topology2-2-1456790479,1.033649524061343,0.27690670248497157,2440,1620,1456790518249
Running observer at: 1456790528971
production-topology1-1-1456790472,1.0129020428607203,0.4516863908894308,2400,1580,1456790529711
production-topology4-4-1456790493,1.0899851522477633,0.3523950602635417,2300,4420,1456790529711
production-topology3-3-1456790486,1.1321659013125238,0.40325351971407297,2380,4600,1456790529712
production-topology2-2-1456790479,1.140996259080637,0.3849178970594298,2280,1560,1456790529712
Running observer at: 1456790540415
production-topology1-1-1456790472,1.0271081625146135,0.5039974610371747,2260,1480,1456790541025
production-topology4-4-1456790493,0.9853278968956568,0.4578838663688942,2380,4300,1456790541025
production-topology3-3-1456790486,1.0037738517566916,0.4890421385773042,2300,4260,1456790541025
production-topology2-2-1456790479,0.9305663928953528,0.44554550770786566,2360,1520,1456790541025
Running observer at: 1456790551652
production-topology1-1-1456790472,0.9843458487572712,0.5440264933471827,2480,1580,1456790552338
production-topology4-4-1456790493,0.8947100629609099,0.5202876087391822,2100,3660,1456790552338
production-topology3-3-1456790486,1.0868910001276633,0.5637732462710991,2160,3880,1456790552339
production-topology2-2-1456790479,0.9606896378753522,0.4970599207246143,2000,1240,1456790552339
Running observer at: 1456790562963
production-topology1-1-1456790472,1.0198176318394896,0.5806258116927447,1900,1180,1456790563588
production-topology4-4-1456790493,1.120986946109345,0.5953750259104525,2340,4100,1456790563588
production-topology3-3-1456790486,0.9272652880347458,0.6041612509115043,2280,4160,1456790563589
production-topology2-2-1456790479,0.9102914241391222,0.5346264210350241,2240,1460,1456790563589
Running observer at: 1456790574262
production-topology1-1-1456790472,0.9981581404491622,0.6104495494610603,2380,1480,1456790574797
production-topology4-4-1456790493,1.0287454222841586,0.6435272921741977,2240,4160,1456790574797
production-topology3-3-1456790486,1.0204437418203791,0.6457895000023918,2160,3900,1456790574798
production-topology2-2-1456790479,1.0784043327836514,0.5799412470140763,2500,1540,1456790574798
Running observer at: 1456790585500
production-topology1-1-1456790472,1.0446778813970137,0.6393981049234572,2300,1500,1456790586070
production-topology4-4-1456790493,0.996790687920579,0.6788536317488358,2400,4280,1456790586070
production-topology3-3-1456790486,0.9937314364236864,0.6774205851316004,2440,4400,1456790586071
production-topology2-2-1456790479,0.9395797990343207,0.6076057510156336,1940,1240,1456790586071
Running observer at: 1456790596653
production-topology1-1-1456790472,0.9213500613464903,0.6570201021998968,2260,1420,1456790597216
production-topology4-4-1456790493,0.9947819195262617,0.7075743851831473,1880,3500,1456790597216
production-topology3-3-1456790486,1.0418789721674337,0.7077921173845865,1980,3700,1456790597217
production-topology2-2-1456790479,1.0760262644188112,0.6410643591158606,2300,1580,1456790597217
Running observer at: 1456790607830
production-topology1-1-1456790472,1.0659058605653868,0.681072205633161,2120,1340,1456790608491
production-topology4-4-1456790493,0.9317491414673773,0.7262556148734998,2320,4140,1456790608491
production-topology3-3-1456790486,0.9449010314826294,0.7260312646228975,2180,3860,1456790608492
production-topology2-2-1456790479,1.0269795204913854,0.6667920365408956,2300,1400,1456790608492
Running observer at: 1456790619147
production-topology1-1-1456790472,0.9506623844789917,0.6960494377912627,2240,1500,1456790619680
production-topology4-4-1456790493,1.1196806144731952,0.7565190763811687,2380,4380,1456790619680
production-topology3-3-1456790486,1.0244494117025371,0.7473468465571574,2440,4380,1456790619680
production-topology2-2-1456790479,0.8141277111662291,0.6760005162049789,2260,1360,1456790619680
Running observer at: 1456790630129
production-topology1-1-1456790472,0.9298244837130081,0.7083533875766177,2400,1460,1456790630810
production-topology4-4-1456790493,0.9521163283021542,0.770490308661239,1960,3440,1456790630810
production-topology3-3-1456790486,1.0402259551036381,0.7668721204602562,2020,3700,1456790630810
production-topology2-2-1456790479,1.0601712651934483,0.6985987955572418,2100,1440,1456790630811
Running observer at: 1456790641423
production-topology1-1-1456790472,1.2167176901155599,0.7337716027035648,1960,1260,1456790641992
production-topology4-4-1456790493,0.9725967451164843,0.7839640710915887,2320,4100,1456790641992
production-topology3-3-1456790486,0.9496878600326877,0.7782981041835332,2320,4080,1456790641993
production-topology2-2-1456790479,1.0820919918225154,0.7199039731275348,2320,1480,1456790641993
Running observer at: 1456790652623
production-topology1-1-1456790472,1.0984588844163312,0.751137663737506,2400,1580,1456790653121
production-topology4-4-1456790493,0.979700485873555,0.7961975970154616,2380,4300,1456790653121
production-topology3-3-1456790486,0.9751805506719797,0.7898794245652064,2320,4100,1456790653121
production-topology2-2-1456790479,1.0610150220322483,0.737857186227783,2440,1520,1456790653121
Running observer at: 1456790663715
production-topology1-1-1456790472,0.8652098831946211,0.7563227646219204,2300,1500,1456790664385
production-topology4-4-1456790493,1.0596668120973678,0.8116957861379266,1980,3760,1456790664385
production-topology3-3-1456790486,1.0666862560414134,0.8052575818694402,1940,3720,1456790664385
production-topology2-2-1456790479,0.9581230276940483,0.7488704783010962,1880,1260,1456790664385
Running observer at: 1456790675016
production-topology1-1-1456790472,0.9314912350916511,0.7639387850771261,1860,1140,1456790675774
production-topology4-4-1456790493,0.9629077318017807,0.8200964497859186,2280,3920,1456790675775
production-topology3-3-1456790486,0.9701709206602845,0.8139372312794846,2480,4280,1456790675775
production-topology2-2-1456790479,0.9317131280909975,0.7575772711482344,2320,1460,1456790675775
Running observer at: 1456790686282
production-topology1-1-1456790472,1.0342705813849322,0.7752026099232846,2440,1580,1456790686863
production-topology4-4-1456790493,1.00910079549061,0.8300440469282707,2320,4300,1456790686864
production-topology3-3-1456790486,1.0232911931371311,0.824404929372367,2160,3940,1456790686864
production-topology2-2-1456790479,1.190640041804788,0.7772619425417141,2420,1540,1456790686864
Running observer at: 1456790697450
production-topology1-1-1456790472,1.1212415838393999,0.7890441688799292,2280,1480,1456790698081
production-topology4-4-1456790493,0.9820962152727091,0.8376466553454927,2060,3720,1456790698082
production-topology3-3-1456790486,0.9379262267152899,0.8298107054363157,2200,3760,1456790698082
production-topology2-2-1456790479,0.8530809526265127,0.7805584212410532,1920,1220,1456790698082
Running observer at: 1456790708705
production-topology1-1-1456790472,0.9287904283425421,0.7944190250131066,2160,1340,1456790709276
production-topology4-4-1456790493,1.030431079958526,0.8468268660413514,2320,4020,1456790709276
production-topology3-3-1456790486,1.0175568348952606,0.8383446204117223,2280,4100,1456790709276
production-topology2-2-1456790479,0.9791603410711573,0.7888335012339742,2380,1580,1456790709276
Running observer at: 1456790719888
production-topology1-1-1456790472,0.9809928035810985,0.8013291649600693,2160,1380,1456790720401
production-topology4-4-1456790493,0.9578280215450253,0.8518723731097002,2300,4120,1456790720401
production-topology3-3-1456790486,1.0464811849160633,0.8473940362597372,2040,4040,1456790720401
production-topology2-2-1456790479,1.0527185133367358,0.7993889017180846,2320,1420,1456790720401
Running observer at: 1456790731025
production-topology1-1-1456790472,0.9529916226759584,0.8067456813070654,2340,1360,1456790731584
production-topology4-4-1456790493,1.1040456055293655,0.862836426693164,2400,4420,1456790731585
production-topology3-3-1456790486,1.0283438388589121,0.8549336113680361,2360,4080,1456790731585
production-topology2-2-1456790479,0.8182123742817413,0.8001128814320715,2040,1320,1456790731585
Running observer at: 1456790742100
production-topology1-1-1456790472,0.9772142299542769,0.8126239071224866,2280,1580,1456790742602
production-topology4-4-1456790493,0.9383127589947026,0.8659812738723947,1900,3380,1456790742602
production-topology3-3-1456790486,0.9948389586999352,0.8605298252613122,2260,3960,1456790742602
production-topology2-2-1456790479,1.2956266720171221,0.8184652440463326,2260,1540,1456790742602
Running observer at: 1456790753205
production-topology1-1-1456790472,1.21332262004203,0.8259805308864714,2040,1260,1456790753738
production-topology4-4-1456790493,0.974250688397877,0.870312050453414,2360,4100,1456790753738
production-topology3-3-1456790486,0.9389162134968886,0.8635446863472959,2180,3760,1456790753739
production-topology2-2-1456790479,0.9145250802490621,0.8218959524821444,2340,1400,1456790753739
Running observer at: 1456790764441
production-topology1-1-1456790472,0.9434091529788147,0.8574275026524318,2220,1460,1456790764993
production-topology4-4-1456790493,1.0337813100357793,0.8765993296681203,2360,4360,1456790764993
production-topology3-3-1456790486,1.0273345603942663,0.8696109779786652,2460,4400,1456790764993
production-topology2-2-1456790479,1.135887149617765,0.8327232351419934,2000,1360,1456790764993
Running observer at: 1456790775483
production-topology1-1-1456790472,0.9590891840607211,0.8893971421211226,2380,1560,1456790776023
production-topology4-4-1456790493,1.0369151808297545,0.8825369537852178,1880,3400,1456790776024
production-topology3-3-1456790486,1.0228513301918716,0.8750838477005655,1940,3700,1456790776024
production-topology2-2-1456790479,0.921690762566086,0.8356888193894633,2280,1480,1456790776024
Running observer at: 1456790786630
production-topology1-1-1456790472,1.0765070331690516,0.9252807098934244,2040,1320,1456790787205
production-topology4-4-1456790493,0.9582161810997011,0.8852397833321637,2340,4240,1456790787206
production-topology3-3-1456790486,0.9416045602125147,0.8773776653733912,2200,3880,1456790787206
production-topology2-2-1456790479,1.1118151671292602,0.8727493249604386,2280,1380,1456790787206
Running observer at: 1456790797883
production-topology1-1-1456790472,0.9884602456283114,0.9582293847477014,2200,1460,1456790798388
production-topology4-4-1456790493,1.016493296749097,0.8897657665534372,2360,4200,1456790798388
production-topology3-3-1456790486,1.0796028989376576,0.8841185064922001,2360,4380,1456790798389
production-topology2-2-1456790479,0.8984786587193969,0.9026986135844185,2380,1400,1456790798389
Running observer at: 1456790808839
production-topology1-1-1456790472,0.9492533289981999,0.9898711623809747,2320,1480,1456790809404
production-topology4-4-1456790493,0.953571764492817,0.8918926331514165,2000,3520,1456790809404
production-topology3-3-1456790486,0.9009122241273209,0.9141489139631108,2100,3700,1456790809404
production-topology2-2-1456790479,0.9736854518419358,0.935154795312483,2020,1320,1456790809405
Running observer at: 1456790820015
production-topology1-1-1456790472,1.1246651130668905,1.0192663539982543,1920,1240,1456790820566
production-topology4-4-1456790493,1.0202169666113425,0.9258998653717947,2300,4140,1456790820566
production-topology3-3-1456790486,1.0803367936640278,0.9501601404185784,2120,3820,1456790820567
production-topology2-2-1456790479,0.9247822030354791,0.9659808687469991,2220,1500,1456790820567
Running observer at: 1456790831199
production-topology1-1-1456790472,0.9172460100931565,1.0133828876680262,2360,1520,1456790831745
production-topology4-4-1456790493,1.000002289072531,0.9592332750075456,2380,4340,1456790831745
production-topology3-3-1456790486,1.0340656799259944,0.9846289964161116,2440,4320,1456790831746
production-topology2-2-1456790479,1.238661526595969,1.007269586300198,2320,1480,1456790831746
Running observer at: 1456790842218
production-topology1-1-1456790472,0.9587310710052187,1.003803312328794,2400,1520,1456790842834
production-topology4-4-1456790493,1.0019191063085762,0.9926305785511649,1920,3460,1456790842834
production-topology3-3-1456790486,0.9102939979191285,1.0100523966353494,2000,3680,1456790842834
production-topology2-2-1456790479,0.8463150556314794,1.0053235083767986,2100,1260,1456790842834
Running observer at: 1456790853415
production-topology1-1-1456790472,1.1765455193384293,1.0123120239633117,1840,1220,1456790853883
production-topology4-4-1456790493,0.9661935038027165,1.0024373570422573,2320,4120,1456790853883
production-topology3-3-1456790486,1.073624478200371,1.0078477717210312,2240,4100,1456790853883
production-topology2-2-1456790479,1.1069135732048507,1.0077656433482487,2180,1460,1456790853883
Running observer at: 1456790864540
production-topology1-1-1456790472,0.9636833974896596,1.010671402450943,2300,1480,1456790865098
production-topology4-4-1456790493,1.017088377723971,1.000007464558131,2400,4340,1456790865098
production-topology3-3-1456790486,0.9638666418327435,1.0022377964050384,2360,4120,1456790865099
production-topology2-2-1456790479,0.8812774961397137,0.999108351250218,2340,1440,1456790865099
Running observer at: 1456790875583
production-topology1-1-1456790472,1.0110126032154667,1.0101348838076378,2420,1460,1456790876117
production-topology4-4-1456790493,0.9573144036290537,0.999073681449244,1920,3460,1456790876118
production-topology3-3-1456790486,1.0093569796540094,1.0024239006682825,2060,3700,1456790876118
production-topology2-2-1456790479,1.2908270602986442,1.0111170401636609,1940,1300,1456790876118
Running observer at: 1456790886750
production-topology1-1-1456790472,0.9241192411924118,1.0081273302221425,1940,1220,1456790887227
production-topology4-4-1456790493,1.057569145393108,1.0045023175303174,2300,4140,1456790887227
production-topology3-3-1456790486,0.9662160765595413,0.9984014032160116,2320,4140,1456790887228
production-topology2-2-1456790479,0.7347457409746572,1.0035855769336377,2400,1480,1456790887228
Running observer at: 1456790897856
production-topology1-1-1456790472,1.1145045909077174,1.0112835621910832,2280,1540,1456790898371
production-topology4-4-1456790493,1.008349669271975,1.0007477416357384,2360,4340,1456790898371
production-topology3-3-1456790486,1.0844852806302483,1.0036420696358617,2160,4160,1456790898372
production-topology2-2-1456790479,1.0708923352102806,1.0089389406360096,2220,1360,1456790898372
Running observer at: 1456790908841
production-topology1-1-1456790472,0.9197711170700488,1.0086706614117795,2340,1480,1456790909423
production-topology4-4-1456790493,0.9818574514689804,0.9991848092752326,1980,3500,1456790909423
production-topology3-3-1456790486,0.9963821203165046,1.0028400155857324,2120,3700,1456790909423
production-topology2-2-1456790479,1.0363154599408562,1.0075359782079165,2100,1440,1456790909423
Running observer at: 1456790920010
production-topology1-1-1456790472,1.0418865690542143,1.0085776176670196,2000,1240,1456790920526
production-topology4-4-1456790493,0.9701754204724379,0.9982976336936277,2240,4060,1456790920526
production-topology3-3-1456790486,0.9825619504214365,1.0024676993856576,2160,3920,1456790920526
production-topology2-2-1456790479,1.1391745529734756,1.0141891366725548,2200,1480,1456790920526
Running observer at: 1456790931215
production-topology1-1-1456790472,0.9504642948138883,1.0095480921159328,2460,1460,1456790931684
production-topology4-4-1456790493,1.0272038693668977,0.9993783653549821,2420,4320,1456790931684
production-topology3-3-1456790486,1.0558592678626646,1.002933709242165,2360,4320,1456790931684
production-topology2-2-1456790479,0.8204854834531159,1.005671110640365,2280,1320,1456790931684
Running observer at: 1456790942138
production-topology1-1-1456790472,0.8757153556345484,1.003208408618238,2260,1460,1456790942750
production-topology4-4-1456790493,1.0347017180535543,1.0028101179078548,1900,3480,1456790942750
production-topology3-3-1456790486,0.941553868683952,1.002822137148876,2040,3680,1456790942751
production-topology2-2-1456790479,1.0679598065312723,1.007037120175028,2160,1420,1456790942751
Running observer at: 1456790953223
production-topology1-1-1456790472,1.0630816556617495,1.0069557176576633,1880,1260,1456790953727
production-topology4-4-1456790493,0.95340151289464,0.9972674811885696,2340,4080,1456790953727
production-topology3-3-1456790486,0.9759105801966281,1.001204176098679,2200,3800,1456790953727
production-topology2-2-1456790479,1.057916197044436,1.0151634030376349,2260,1460,1456790953727
Running observer at: 1456790964352
production-topology1-1-1456790472,1.048589979358362,1.0109145675125084,2320,1520,1456790964978
production-topology4-4-1456790493,1.069064512578728,1.0011657539977887,2240,4120,1456790964978
production-topology3-3-1456790486,1.0247551575676574,1.0006884828474794,2080,3880,1456790964978
production-topology2-2-1456790479,1.063724944910586,1.015281859028206,1840,1300,1456790964978
Running observer at: 1456790975512
production-topology1-1-1456790472,1.0101517358182102,1.0040290357025967,2380,1580,1456790976055
production-topology4-4-1456790493,0.988342828762315,1.0016906234526497,2060,3700,1456790976055
production-topology3-3-1456790486,0.9695450680746068,1.00135038978221,2360,4220,1456790976055
production-topology2-2-1456790479,0.8968754953465728,1.0091079758123416,2600,1560,1456790976055
Running observer at: 1456790986573
production-topology1-1-1456790472,1.0274400861342443,1.0016617424265273,1920,1160,1456790987061
production-topology4-4-1456790493,0.9831833915700876,1.0018067203092007,2260,4140,1456790987061
production-topology3-3-1456790486,1.0492284270285164,1.003818652327428,2220,3820,1456790987061
production-topology2-2-1456790479,0.989880691958697,1.0067368314765563,2260,1420,1456790987061
Running observer at: 1456790997548
production-topology1-1-1456790472,1.0262048385925668,1.0070282409397922,2320,1460,1456790998180
production-topology4-4-1456790493,1.0033429483467637,0.9999292581841804,2140,3900,1456790998180
production-topology3-3-1456790486,0.9561445060928246,1.0001339273291416,2140,3880,1456790998181
production-topology2-2-1456790479,1.0546490689193049,1.0099543661840649,1860,1300,1456790998181
Running observer at: 1456791008741
production-topology1-1-1456790472,0.9493184992305017,1.0076224830777538,1880,1260,1456791009323
production-topology4-4-1456790493,1.02026979219962,1.0018413268641086,2060,3660,1456791009323
production-topology3-3-1456790486,0.954363817974657,0.9996070239062873,2280,4200,1456791009324
production-topology2-2-1456790479,0.9866297699146979,1.0117849209115215,2360,1420,1456791009324
Running observer at: 1456791019774
production-topology1-1-1456790472,1.0830286241920593,1.0092477511713247,2420,1540,1456791020245
production-topology4-4-1456790493,0.987486842105263,1.0011208617512637,2500,4380,1456791020245
production-topology3-3-1456790486,1.0568273455411705,1.0007248956530885,2180,3820,1456791020245
production-topology2-2-1456790479,0.9868400756695646,1.004991588707014,2360,1520,1456791020245
Running observer at: 1456791030771
production-topology1-1-1456790472,1.1108373089155634,1.0089009420071968,2280,1540,1456791031428
production-topology4-4-1456790493,1.0088954959273366,1.002014171106418,2180,3860,1456791031428
production-topology3-3-1456790486,1.0085059095880404,1.003077551748847,2120,3880,1456791031429
production-topology2-2-1456790479,0.9096507961124897,1.0068772501565466,1880,1240,1456791031429
Running observer at: 1456791041906
production-topology1-1-1456790472,0.8961705804076353,1.0078136137427,1920,1160,1456791042483
production-topology4-4-1456790493,1.1167353262300996,1.0048909793154703,1980,3700,1456791042483
production-topology3-3-1456790486,1.008808776150403,1.0027859497906852,2240,3880,1456791042483
production-topology2-2-1456790479,1.1582412843055565,1.0128466149310267,2300,1440,1456791042483
Running observer at: 1456791053075
production-topology1-1-1456790472,0.956577911294224,1.0069997839998042,2440,1580,1456791053607
production-topology4-4-1456790493,0.9323106822335301,1.0040404013384205,2440,4380,1456791053607
production-topology3-3-1456790486,1.0071119637491317,1.0014736424184543,2260,4140,1456791053607
production-topology2-2-1456790479,0.8925711126056943,1.007508368239992,2420,1600,1456791053607
Running observer at: 1456791064077
production-topology1-1-1456790472,1.000715849252137,1.0085905915523437,2280,1460,1456791064774
production-topology4-4-1456790493,0.9776748263663575,0.9998280420329871,2140,3820,1456791064774
production-topology3-3-1456790486,0.9867114302767868,1.0000858954657166,2220,3880,1456791064774
production-topology2-2-1456790479,1.0518705057062312,1.0152969726208083,1960,1180,1456791064774
Running observer at: 1456791075233
production-topology1-1-1456790472,1.1229749631811485,1.013449282659906,1940,1260,1456791075834
production-topology4-4-1456790493,1.0172477951905896,1.0024592099061835,2100,3700,1456791075834
production-topology3-3-1456790486,0.9530311333408679,0.998692301287081,2080,3900,1456791075834
production-topology2-2-1456790479,1.0874743369233448,1.0083585614510158,2220,1500,1456791075834
Running observer at: 1456791086390
production-topology1-1-1456790472,0.9352945541360174,1.004181680463039,2400,1540,1456791086889
production-topology4-4-1456790493,0.9710689505702963,1.0023531519785973,2400,4300,1456791086889
production-topology3-3-1456790486,1.0102027793150317,1.0010685201476859,2340,4140,1456791086889
production-topology2-2-1456790479,1.0336345088895365,1.0123288757390316,2380,1560,1456791086889
Running observer at: 1456791097380
production-topology1-1-1456790472,1.1288175942631844,1.0103619618391848,2200,1440,1456791097965
production-topology4-4-1456790493,1.0640135194506721,1.003360892292427,2120,3920,1456791097965
production-topology3-3-1456790486,1.0400462368628256,1.0014922426966377,2140,3940,1456791097965
production-topology2-2-1456790479,0.8092327517842982,1.0014403958112494,1980,1240,1456791097965
Running observer at: 1456791108578
production-topology1-1-1456790472,0.8523952711249789,1.00680549807466,1960,1200,1456791109158
production-topology4-4-1456790493,0.9166514632798952,0.9993521017074316,2060,3660,1456791109158
production-topology3-3-1456790486,1.0428624655190561,1.0021592805408774,2040,3900,1456791109158
production-topology2-2-1456790479,1.189854564229324,1.010379189200024,2280,1460,1456791109158
Running observer at: 1456791119752
production-topology1-1-1456790472,1.0774185882485345,1.006835883243976,2420,1520,1456791120255
production-topology4-4-1456790493,1.0447365462067415,1.0022361138776663,2380,4340,1456791120255
production-topology3-3-1456790486,0.96513948030582,1.0029437778773207,2460,4120,1456791120255
production-topology2-2-1456790479,0.9909916557108743,1.0063517388194112,2440,1520,1456791120255
Running observer at: 1456791130758
production-topology1-1-1456790472,1.0049118101697503,1.0073842687286907,2380,1500,1456791131256
production-topology4-4-1456790493,1.053754952256358,1.0034781690612418,2180,3960,1456791131256
production-topology3-3-1456790486,1.0478953049109552,1.0018868580764306,2040,3860,1456791131256
production-topology2-2-1456790479,0.8797797423353252,1.0057284416066088,1840,1220,1456791131256
Running observer at: 1456791141927
production-topology1-1-1456790472,0.8928547769353239,1.0055043169932616,1880,1180,1456791142490
production-topology4-4-1456790493,0.9996541457668637,1.0050142484370435,1960,3680,1456791142490
production-topology3-3-1456790486,0.9780482583747057,1.0044580592180103,2260,3940,1456791142490
production-topology2-2-1456790479,1.1486260218654585,1.0115597939407261,2340,1400,1456791142490
Running observer at: 1456791153079
production-topology1-1-1456790472,0.9407172995780592,0.9993727232103005,2440,1560,1456791153606
production-topology4-4-1456790493,0.9779111797289499,1.0036040555409635,2500,4260,1456791153607
production-topology3-3-1456790486,0.9860060134894012,1.001313699878856,2280,4160,1456791153607
production-topology2-2-1456790479,1.0792464744792472,1.016708602988852,2380,1540,1456791153607
/var/nimbus/storm/bin/storm rebalance production-topology1 -e spout_head=11
1456791153926
/var/nimbus/storm/bin/storm rebalance production-topology2 -e spout_head=9
Running observer at: 1456791164088
production-topology1-1-1456790472,1.0008445525736402,1.0008445525736402,133480,85340,1456791164430
production-topology4-4-1456790493,0.9877498415397606,1.0031956406232045,2180,3940,1456791164430
production-topology3-3-1456790486,0.9525493800440299,0.9985964898827907,2200,3920,1456791164430
production-topology2-2-1456790479,0.9997628890495831,0.9997628890495831,131880,84360,1456791164430
/var/nimbus/storm/bin/storm rebalance production-topology3 -e spout_head=11
1456791164654
/var/nimbus/storm/bin/storm rebalance production-topology4 -e bolt_output_1=9
Running observer at: 1456791174878
production-topology1-1-1456790472,1.768573662496673,1.3847091075351567,520,360,1456791175343
production-topology3-3-1456790486,0.9993825858126799,0.9993825858126799,133400,240040,1456791175343
production-topology4-4-1456790493,0.9981351206253086,0.9981351206253086,131340,236140,1456791175343
production-topology2-2-1456790479,0.9909677419354838,0.9953653154925335,760,500,1456791175343
Running observer at: 1456791185828
production-topology1-1-1456790472,1.0,1.256472738356771,0,0,1456791186445
production-topology3-3-1456790486,1.3194444444444444,1.1594135151285623,60,160,1456791186446
production-topology4-4-1456790493,1.8022820800598576,1.400208600342583,120,440,1456791186446
production-topology2-2-1456790479,1.0,0.9969102103283557,0,0,1456791186446
Running observer at: 1456791194825
production-topology1-1-1456790472,1.0,1.1923545537675784,0,0,1456791195475
production-topology3-3-1456790486,2.0,1.4396090100857082,0,0,1456791195475
production-topology4-4-1456790493,2.0,1.6001390668950553,0,0,1456791195475
production-topology2-2-1456790479,1.0,0.9976826577462667,0,0,1456791195475
Running observer at: 1456791196044
production-topology1-1-1456790472,1.0,1.1538836430140627,0,0,1456791196555
production-topology3-3-1456790486,2.0,1.5797067575642811,0,0,1456791196555
production-topology4-4-1456790493,2.0,1.7001043001712914,0,0,1456791196555
production-topology2-2-1456790479,1.0,0.9981461261970134,0,0,1456791196555
Running observer at: 1456791197136
production-topology1-1-1456790472,0.0,0.9615697025117189,120600,0,1456791197727
production-topology3-3-1456790486,2.0,1.663765406051425,0,0,1456791197727
production-topology4-4-1456790493,2.0,1.760083440137033,0,0,1456791197727
production-topology2-2-1456790479,1.0,0.9984551051641778,0,0,1456791197727
Running observer at: 1456791203240
production-topology1-1-1456790472,1.0036898492630486,0.9675868663333375,81020,51720,1456791203790
production-topology3-3-1456790486,2.0,1.7198045050428543,0,0,1456791203791
production-topology4-4-1456790493,2.0,1.8000695334475276,0,0,1456791203791
production-topology2-2-1456790479,1.0,0.9986758044264381,0,0,1456791203791
Running observer at: 1456791204343
production-topology1-1-1456790472,1.0,0.9716385080416703,0,0,1456791204880
production-topology3-3-1456790486,0.0,1.4741181471795894,120020,0,1456791204880
production-topology4-4-1456790493,2.0,1.8286310286693095,0,0,1456791204881
production-topology2-2-1456790479,1.0,0.9988413288731334,0,0,1456791204881
Running observer at: 1456791208096
production-topology1-1-1456790472,0.11076923076923077,0.8759863661225104,500,0,1456791208516
production-topology3-3-1456790486,1.1453882929645265,1.4330269154027064,93320,192420,1456791208516
production-topology4-4-1456790493,0.0,1.6000521500856457,0,0,1456791208516
production-topology2-2-1456790479,0.0,0.8878589589983408,160,0,1456791208517
Running observer at: 1456791219063
production-topology1-1-1456790472,0.820937167168495,0.8704814462271088,2180,1260,1456791219541
production-topology3-3-1456790486,0.9925776582222077,1.3840881090493178,81120,144980,1456791219541
production-topology4-4-1456790493,0.0,1.4222685778539073,0,0,1456791219541
production-topology2-2-1456790479,1.0689832879334462,0.9059713918918513,1020,660,1456791219541
Running observer at: 1456791230121
production-topology1-1-1456790472,0.9911002204489318,0.8814467893381835,2160,1380,1456791230745
production-topology3-3-1456790486,0.8188839295731545,1.3275676911017014,1780,2460,1456791230745
production-topology4-4-1456790493,0.6533108015930619,1.3453728002278227,1020,1360,1456791230746
production-topology2-2-1456790479,1.0706493516267337,0.9209421155041134,2060,1420,1456791230746
Running observer at: 1456791241213
production-topology1-1-1456790472,0.9170271249177314,0.884411817303146,2660,1620,1456791241739
production-topology3-3-1456790486,1.044221100858839,1.3018089101705321,2580,4920,1456791241739
production-topology4-4-1456790493,1.0690491190385503,1.3202524655742527,2340,4480,1456791241739
production-topology2-2-1456790479,0.9473800205147342,0.9231452742549985,1880,1200,1456791241740
Running observer at: 1456791252205
production-topology1-1-1456790472,1.1411339744225242,0.9041596755430982,2500,1720,1456791252700
production-topology3-3-1456790486,1.0189387674822048,1.2782363982798381,2340,4480,1456791252700
production-topology4-4-1456790493,1.0584502760990175,1.2984356164513164,2280,4140,1456791252700
production-topology2-2-1456790479,0.9693842509531286,0.9267021186163931,2080,1300,1456791252701
Running observer at: 1456791263169
production-topology1-1-1456790472,1.0434005862043145,0.9141054548760421,2120,1320,1456791263868
production-topology3-3-1456790486,0.9689518901026299,1.2544452822662069,2420,4220,1456791263868
production-topology4-4-1456790493,1.0814975167890353,1.2817480703234485,2000,3740,1456791263868
production-topology2-2-1456790479,0.921065711591552,0.9262995181146187,1720,1080,1456791263868
Running observer at: 1456791274370
production-topology1-1-1456790472,0.992987154604085,0.9193642348579117,2420,1620,1456791275037
production-topology3-3-1456790486,1.031227844058927,1.2385011795371155,2440,4560,1456791275037
production-topology4-4-1456790493,0.8928899016714259,1.2539724868483042,2220,3900,1456791275038
production-topology2-2-1456790479,0.9784529143619468,0.9297764111977739,2160,1440,1456791275038
Running observer at: 1456791285512
production-topology1-1-1456790472,1.014866010138971,0.925333095812978,2740,1720,1456791285993
production-topology3-3-1456790486,1.0892905061710305,1.22855380131271,2460,4520,1456791285994
production-topology4-4-1456790493,1.0263695212752348,1.2387989558100996,2420,4300,1456791285994
production-topology2-2-1456790479,1.0620397052450508,0.9380428670757287,2020,1300,1456791285994
Running observer at: 1456791296512
production-topology1-1-1456790472,0.87024381639422,0.9220925499648157,2120,1300,1456791297089
production-topology3-3-1456790486,0.9743604424896708,1.21266671638627,2460,4460,1456791297089
production-topology4-4-1456790493,1.0208394282461715,1.2251764853373541,2040,3740,1456791297089
production-topology2-2-1456790479,1.2115683079191404,0.954132598890047,1740,1180,1456791297089
Running observer at: 1456791307665
production-topology1-1-1456790472,1.0066147779064158,0.9267882292949046,2620,1680,1456791308250
production-topology3-3-1456790486,1.034780648418121,1.2022028300352026,2240,3980,1456791308250
production-topology4-4-1456790493,0.9966392095558763,1.211733116173738,2160,3880,1456791308250
production-topology2-2-1456790479,0.9034370363595714,0.9513161787494648,2100,1380,1456791308250
Running observer at: 1456791318737
production-topology1-1-1456790472,1.2018598057276149,0.9412656806861,2580,1680,1456791319211
production-topology3-3-1456790486,0.9630620814302351,1.188917232890482,2600,4800,1456791319211
production-topology4-4-1456790493,0.9892537581263171,1.19937315183777,2380,4260,1456791319211
production-topology2-2-1456790479,0.9195201811842123,0.9496427051933989,2140,1360,1456791319211
Running observer at: 1456791329654
production-topology1-1-1456790472,0.8851281023381677,0.9384588017687033,2120,1340,1456791330149
production-topology3-3-1456790486,0.9700244641322904,1.1773965608505772,2360,4280,1456791330149
production-topology4-4-1456790493,1.0669854404534302,1.1924053775543837,2040,3700,1456791330149
production-topology2-2-1456790479,1.0596951502103498,0.9551453274442464,1780,1080,1456791330149
Running observer at: 1456791340736
production-topology1-1-1456790472,1.0447267542213885,0.9435191804569265,2500,1620,1456791341219
production-topology3-3-1456790486,1.0371549142182976,1.1703844785189632,2340,4120,1456791341219
production-topology4-4-1456790493,1.0003152117254603,1.1828008692629375,2140,3820,1456791341219
production-topology2-2-1456790479,1.0364077224314727,0.959014965300781,1940,1260,1456791341219
Running observer at: 1456791351904
production-topology1-1-1456790472,0.9590603237323468,0.9442255960603547,2280,1420,1456791352372
production-topology3-3-1456790486,1.0274241855882003,1.1635768455222602,2580,4720,1456791352372
production-topology4-4-1456790493,1.0635161721747088,1.1771206455920695,2100,3840,1456791352372
production-topology2-2-1456790479,0.8840175450849953,0.9556059916546089,2260,1380,1456791352372
Running observer at: 1456791362852
production-topology1-1-1456790472,1.0269440372533156,0.9478220500252661,2480,1660,1456791363416
production-topology3-3-1456790486,0.9636515509586203,1.1544893321330039,2380,4260,1456791363416
production-topology4-4-1456790493,0.871454779991901,1.1632267426102436,2400,4260,1456791363416
production-topology2-2-1456790479,1.1573190506972022,0.9643761246564608,1700,1160,1456791363417
Running observer at: 1456791373977
production-topology1-1-1456790472,0.9999405583678478,0.9499936545395403,2460,1580,1456791374523
production-topology3-3-1456790486,1.0640542030388283,1.1505573699984744,2200,4120,1456791374524
production-topology4-4-1456790493,1.1479442459566893,1.1625622862340022,2200,3860,1456791374524
production-topology2-2-1456790479,1.024185650466745,0.9668681882318894,2060,1340,1456791374524
Running observer at: 1456791385229
production-topology1-1-1456790472,0.9105668775641049,0.9484165834605228,2380,1460,1456791385775
production-topology3-3-1456790486,0.984002929465398,1.1436176016429296,2600,4560,1456791385775
production-topology4-4-1456790493,0.9024038837427999,1.1517223527968687,1980,3780,1456791385775
production-topology2-2-1456790479,1.0634945054945055,0.970733240922394,2080,1360,1456791385775
Running observer at: 1456791396274
production-topology1-1-1456790472,1.1463395224457258,0.9560290041907229,2420,1640,1456791396751
production-topology3-3-1456790486,1.0318511995227992,1.1391469455581242,2400,4220,1456791396752
production-topology4-4-1456790493,0.9673998838700386,1.1443494540397954,2360,4100,1456791396752
production-topology2-2-1456790479,1.001524986249445,0.9719175388195883,1800,1100,1456791396752
Running observer at: 1456791407348
production-topology1-1-1456790472,0.9144744786016012,0.9544899476874221,2540,1580,1456791407849
production-topology3-3-1456790486,1.0287578289121257,1.1349012103025091,2300,4340,1456791407850
production-topology4-4-1456790493,1.0380972084980238,1.1402628292112658,2240,4160,1456791407850
production-topology2-2-1456790479,0.9760708403747994,0.9720713648031146,2080,1300,1456791407850
Running observer at: 1456791418425
production-topology1-1-1456790472,1.0875098974213164,0.9592406601779183,2280,1500,1456791418971
production-topology3-3-1456790486,0.9739670621941197,1.1289406862984945,2660,4560,1456791418972
production-topology4-4-1456790493,0.9703853220010836,1.1339710696849625,2120,3640,1456791418972
production-topology2-2-1456790479,0.9150035735884325,0.9700332294025903,2160,1440,1456791418972
Running observer at: 1456791429484
production-topology1-1-1456790472,1.0129299028804313,0.9610920133745566,2460,1580,1456791430010
production-topology3-3-1456790486,0.9928376140117783,1.1240798622882548,2360,4340,1456791430010
production-topology4-4-1456790493,1.070207927324049,1.1316938146006443,2240,4200,1456791430010
production-topology2-2-1456790479,1.0359478684877075,0.9723061479917322,1760,1080,1456791430010
Running observer at: 1456791440545
production-topology1-1-1456790472,0.9297287522603979,0.9600465713374181,2520,1600,1456791441095
production-topology3-3-1456790486,0.977151743205271,1.1190133754233242,2360,4340,1456791441095
production-topology4-4-1456790493,0.9461214536297962,1.1252947676706149,2320,4040,1456791441095
production-topology2-2-1456790479,1.136464622071963,0.9777780971277399,2040,1340,1456791441095
Running observer at: 1456791451596
production-topology1-1-1456790472,0.9295083268147242,0.9576686971454542,2160,1300,1456791452204
production-topology3-3-1456790486,0.9983127273856087,1.1149900204887337,2360,4280,1456791452205
production-topology4-4-1456790493,1.0154224763944941,1.1216323579614107,2040,3640,1456791452205
production-topology2-2-1456790479,0.8741971291866028,0.9735925717989738,1900,1260,1456791452205
Running observer at: 1456791462659
production-topology1-1-1456790472,1.2278795196531744,0.9396455590506709,2700,1760,1456791463209
production-topology3-3-1456790486,0.9998391248391247,1.1150052384562819,2220,3940,1456791463209
production-topology4-4-1456790493,1.0424989219513996,1.1231111513389471,2160,3880,1456791463209
production-topology2-2-1456790479,1.1384883147366014,0.978509924225678,2020,1180,1456791463210
Running observer at: 1456791473788
production-topology1-1-1456790472,0.9241341513579677,0.9371166974292698,2460,1620,1456791474268
production-topology3-3-1456790486,0.9972652527883519,1.1042659320677457,2720,4760,1456791474268
production-topology4-4-1456790493,0.953800298062593,1.094828425272372,2420,4320,1456791474268
production-topology2-2-1456790479,1.0188429793097644,0.9791380235360034,2000,1360,1456791474268
Running observer at: 1456791484827
production-topology1-1-1456790472,1.0909230064260254,0.9401474643101372,2100,1360,1456791485488
production-topology3-3-1456790486,0.9934399566278125,1.070713930622006,2380,4320,1456791485488
production-topology4-4-1456790493,1.0631324169199075,1.0635995058363688,2080,3740,1456791485488
production-topology2-2-1456790479,0.9876959064327485,0.9787278870837617,1820,1120,1456791485489
Running observer at: 1456791495936
production-topology1-1-1456790472,0.9232805057258542,0.9375901478343323,2680,1680,1456791496507
production-topology3-3-1456790486,1.0278739751462584,1.0383097297935477,2200,4060,1456791496507
production-topology4-4-1456790493,0.9144773574630973,1.0274154177518053,2140,3820,1456791496507
production-topology2-2-1456790479,1.05638665132336,0.9806074421278737,2020,1360,1456791496507
Running observer at: 1456791506974
production-topology1-1-1456790472,1.057178969005304,0.9728294468011758,2560,1620,1456791507445
production-topology3-3-1456790486,1.026277861571979,1.0058523251792806,2640,4680,1456791507445
production-topology4-4-1456790493,1.0537722285228104,0.995874492035899,2380,4340,1456791507445
production-topology2-2-1456790479,0.8638588204819314,0.9760694028106047,2140,1300,1456791507445
Running observer at: 1456791517905
production-topology1-1-1456790472,1.0358188206742052,0.973900412514881,2120,1340,1456791518451
production-topology3-3-1456790486,0.9868092907791299,0.9720793015385849,2400,4320,1456791518452
production-topology4-4-1456790493,0.9685869171980281,0.9614940559424999,2100,3700,1456791518452
production-topology2-2-1456790479,1.291907560524582,0.9857996548280908,1720,1020,1456791518452
Running observer at: 1456791529084
production-topology1-1-1456790472,0.9315987817186404,0.9716203719055023,2540,1560,1456791529549
production-topology3-3-1456790486,0.9484631212673772,1.0036947389141642,2260,4100,1456791529549
production-topology4-4-1456790493,1.0383253080685253,0.9294382328781174,2140,3860,1456791529549
production-topology2-2-1456790479,0.8114306967517976,0.9795140113864842,2160,1460,1456791529549
Running observer at: 1456791540122
production-topology1-1-1456790472,1.0139058434387238,1.0017249256611522,2620,1780,1456791540616
production-topology3-3-1456790486,1.035761250425581,1.0000405041628662,2580,4700,1456791540616
production-topology4-4-1456790493,1.0260328326682884,0.9636393273003937,2380,4400,1456791540616
production-topology2-2-1456790479,1.1762138078484616,1.0187211383147663,2080,1320,1456791540616
Running observer at: 1456791551070
production-topology1-1-1456790472,0.9324450124748721,1.0054418538380314,2060,1260,1456791551661
production-topology3-3-1456790486,0.9999785893012463,1.0002872018655007,2460,4420,1456791551662
production-topology4-4-1456790493,0.9762734055347293,0.9961817741515514,2060,3620,1456791551662
production-topology2-2-1456790479,0.957926194940541,1.0150192352150027,1680,1060,1456791551662
Running observer at: 1456791562261
production-topology1-1-1456790472,1.0845514020909557,1.0085568932260989,2560,1620,1456791562835
production-topology3-3-1456790486,0.9836228470543615,1.0057784991148744,2220,3980,1456791562835
production-topology4-4-1456790493,1.0282214345287741,1.0086787952494085,2180,3920,1456791562835
production-topology2-2-1456790479,1.0384468109951719,1.0139458171939506,2260,1400,1456791562835
Running observer at: 1456791573433
production-topology1-1-1456790472,1.0156320886837484,1.0118437253516328,2600,1740,1456791573920
production-topology3-3-1456790486,0.9900558533295166,1.0039729908638968,2700,4820,1456791573921
production-topology4-4-1456790493,0.9878145269066285,1.0059709755116777,2400,4340,1456791573921
production-topology2-2-1456790479,0.8898752529521758,1.0120289916085319,2100,1240,1456791573921
Running observer at: 1456791584542
production-topology1-1-1456790472,0.9445515083555275,1.005290976482733,2140,1280,1456791585084
production-topology3-3-1456790486,0.9966785719718185,1.003230984346884,2480,4300,1456791585084
production-topology4-4-1456790493,0.9848517016963618,1.0035176896982558,2100,3760,1456791585085
production-topology2-2-1456790479,1.0104682235174345,1.0133984573606754,1660,1160,1456791585085
Running observer at: 1456791595754
production-topology1-1-1456790472,1.0280880428316477,1.0047805583703107,2500,1600,1456791596236
production-topology3-3-1456790486,1.0509222578787547,1.0059633299394213,2160,4020,1456791596236
production-topology4-4-1456790493,1.054452773473927,1.0026161982544188,2120,3880,1456791596237
production-topology2-2-1456790479,1.067200554763386,1.0182696187997364,2180,1380,1456791596237
Running observer at: 1456791606859
production-topology1-1-1456790472,1.0037121909620217,1.005138059582242,2760,1760,1456791607353
production-topology3-3-1456790486,1.0173747596513647,1.005501560459169,2700,4780,1456791607353
production-topology4-4-1456790493,0.9534426800463333,1.004634624200249,2420,4340,1456791607353
production-topology2-2-1456790479,0.920414767848887,1.0163350139159677,2060,1340,1456791607353
Running observer at: 1456791617883
production-topology1-1-1456790472,1.129520344985425,1.0089598707437906,2060,1340,1456791618473
production-topology3-3-1456790486,0.9526665024792391,1.000947427002776,2260,4000,1456791618473
production-topology4-4-1456790493,0.9807935354068584,1.0031154246713032,1880,3200,1456791618473
production-topology2-2-1456790479,1.0989654456038693,1.0175658719279286,1740,1080,1456791618473
Running observer at: 1456791629088
production-topology1-1-1456790472,0.8891788411659727,1.0095910382361821,2500,1520,1456791629577
production-topology3-3-1456790486,1.0213265742252364,1.002512964727295,2360,4320,1456791629577
production-topology4-4-1456790493,1.0529387643521049,1.0041854025415011,2360,4440,1456791629578
production-topology2-2-1456790479,0.8279030233721183,1.0047770291096945,2120,1400,1456791629578
Running observer at: 1456791640215
production-topology1-1-1456790472,1.228759234732864,1.0169958534637304,2640,1820,1456791640695
production-topology3-3-1456790486,0.9564660090524726,0.9999024767484401,2680,4860,1456791640695
production-topology4-4-1456790493,0.9973120704048528,1.004207831236467,2420,4280,1456791640695
production-topology2-2-1456790479,1.080900742855628,1.0106924859928965,2120,1300,1456791640695
Running observer at: 1456791651358
production-topology1-1-1456790472,0.7672212262293282,1.0025079008137876,2160,1320,1456791651918
production-topology3-3-1456790486,1.0350668514473709,1.0023026357490112,2360,4280,1456791651918
production-topology4-4-1456790493,1.0027565806365835,1.0046579253201426,1940,3460,1456791651918
production-topology2-2-1456790479,1.123853147881117,1.0175035848827934,1660,1160,1456791651918
Running observer at: 1456791662485
production-topology1-1-1456790472,1.0092174683544304,1.0066442130143296,2540,1520,1456791663044
production-topology3-3-1456790486,1.0160228271139813,1.0038359145150675,2300,4080,1456791663044
production-topology4-4-1456790493,0.9799816732659408,1.0017577997472262,2340,4160,1456791663044
production-topology2-2-1456790479,0.9774714419810782,1.0147627946084843,2180,1360,1456791663044
Running observer at: 1456791673693
production-topology1-1-1456790472,1.1047642558059223,1.0086454630671475,2340,1640,1456791674188
production-topology3-3-1456790486,0.9760070824245639,1.0017976534552764,2560,4800,1456791674188
production-topology4-4-1456790493,1.0346497858402621,1.0029022855510528,2100,3860,1456791674188
production-topology2-2-1456790479,0.9531035976286512,1.01198599044839,2120,1280,1456791674188
Running observer at: 1456791684749
production-topology1-1-1456790472,0.8772741583878386,1.005919257555664,2380,1480,1456791685297
production-topology3-3-1456790486,1.0095379775067275,1.0012014465192272,2400,4040,1456791685298
production-topology4-4-1456790493,1.0249287966816767,1.0016160397012852,2040,3640,1456791685298
production-topology2-2-1456790479,1.1296238713838211,1.0201728679916844,1680,1140,1456791685298
Running observer at: 1456791695843
production-topology1-1-1456790472,1.0980152790679103,1.0082882989494837,2600,1580,1456791696389
production-topology3-3-1456790486,1.0334623605901139,1.0035284735069439,2240,4300,1456791696390
production-topology4-4-1456790493,0.9995769761402369,1.0058867795728963,2400,4460,1456791696390
production-topology2-2-1456790479,1.0597735431700326,1.016921351074112,2180,1420,1456791696390
Running observer at: 1456791706905
production-topology1-1-1456790472,0.8420372417571821,1.0030248550624614,2400,1460,1456791707472
production-topology3-3-1456790486,0.9420602592741393,0.9994620087147875,2520,4560,1456791707472
production-topology4-4-1456790493,0.9526075270107671,0.9993755556080324,2180,3680,1456791707472
production-topology2-2-1456790479,0.8785186165630373,1.0120657832773217,2040,1300,1456791707473
Running observer at: 1456791717949
production-topology1-1-1456790472,1.1837612999833622,1.01213133580977,2340,1620,1456791718528
production-topology3-3-1456790486,1.0861148968145113,1.002865740959758,2300,4100,1456791718528
production-topology4-4-1456790493,1.0160636093517867,1.0031642131283318,2100,3860,1456791718528
production-topology2-2-1456790479,0.8741266900810015,1.0057535227635384,1700,1140,1456791718528
Running observer at: 1456791728984
production-topology1-1-1456790472,0.9196847894628835,1.0045761780436753,2540,1580,1456791729463
production-topology3-3-1456790486,1.048310688989691,1.0034143906086543,2500,4520,1456791729463
production-topology4-4-1456790493,1.0221240450930975,1.0049883518357672,2420,4400,1456791729463
production-topology2-2-1456790479,1.0316183588180343,1.0067566351824913,2200,1380,1456791729463
Running observer at: 1456791739919
production-topology1-1-1456790472,0.9158101225164041,1.0046206995075022,2240,1400,1456791740585
production-topology3-3-1456790486,0.9911460770906502,1.0021606655479385,2360,4260,1456791740585
production-topology4-4-1456790493,1.0490754210819386,1.0053542922552308,2020,3700,1456791740585
production-topology2-2-1456790479,1.103801798524747,1.0110143337874895,2080,1360,1456791740585
Running observer at: 1456791751042
production-topology1-1-1456790472,1.087939296725018,1.0046350128176254,2380,1600,1456791751660
production-topology3-3-1456790486,0.9666024810793409,1.0019151795107792,2280,4080,1456791751660
production-topology4-4-1456790493,0.9163171994672152,1.003552021504102,2180,3840,1456791751660
production-topology2-2-1456790479,1.0962319828324991,1.0170552807622917,1740,1180,1456791751661
Running observer at: 1456791762303
production-topology1-1-1456790472,0.9354707824813403,1.0020530421376557,2660,1600,1456791762793
production-topology3-3-1456790486,0.9714374846463703,1.0012018418652657,2600,4740,1456791762793
production-topology4-4-1456790493,1.0348942834477046,1.0023749000415572,2420,4360,1456791762794
production-topology2-2-1456790479,0.8536855918000157,1.0109798715393685,2140,1340,1456791762794
Running observer at: 1456791773255
production-topology1-1-1456790472,1.0651560144165928,1.0065672842095288,2200,1500,1456791773858
production-topology3-3-1456790486,0.94192073814484,1.0000274750299178,2440,4340,1456791773869
production-topology4-4-1456790493,1.0658955005988933,1.0063673682738605,2060,3680,1456791773869
production-topology2-2-1456790479,1.1516257148649922,1.0114852412991362,2080,1260,1456791773869
Running observer at: 1456791784417
production-topology1-1-1456790472,1.0574633412708359,1.0108324513580658,2520,1620,1456791784944
production-topology3-3-1456790486,1.055896962051615,1.001946949518785,2320,4080,1456791784944
production-topology4-4-1456790493,0.901253273644324,1.0025617281821881,2260,3900,1456791784944
production-topology2-2-1456790479,0.9041060864916379,1.0124822065426373,1700,1200,1456791784945
Running observer at: 1456791795530
production-topology1-1-1456790472,1.0114761346554835,1.0036190051914762,2580,1680,1456791796022
production-topology3-3-1456790486,1.0265170038506535,1.0028362121525025,2540,4760,1456791796023
production-topology4-4-1456790493,1.0457151570404823,1.0026689360184908,2380,4360,1456791796023
production-topology2-2-1456790479,1.024639543080752,1.0086872474874424,2200,1340,1456791796023
Running observer at: 1456791806487
production-topology1-1-1456790472,1.084105076932929,1.0089513693773084,2240,1460,1456791807025
production-topology3-3-1456790486,0.9912677256628161,1.0026362945816512,2460,4300,1456791807025
production-topology4-4-1456790493,1.0010845945473619,1.00424507923465,1940,3740,1456791807025
production-topology2-2-1456790479,1.0542344256812186,1.0098669623664909,1960,1340,1456791807026
Running observer at: 1456791817602
production-topology1-1-1456790472,1.0130044092202934,1.006354082803784,2300,1540,1456791818059
production-topology3-3-1456790486,0.9864390433840222,1.002402930806858,2200,4020,1456791818059
production-topology4-4-1456790493,0.9385672177920406,1.0000929059303878,2220,3780,1456791818059
production-topology2-2-1456790479,1.0390854635800522,1.0115799476047345,1780,1060,1456791818060
Running observer at: 1456791828737
production-topology1-1-1456790472,1.0102632258187219,1.0092535068068795,2720,1680,1456791829227
production-topology3-3-1456790486,1.0250402421246672,1.0023084730394718,2680,4800,1456791829228
production-topology4-4-1456790493,1.0548440448109182,1.0047717955086484,2380,4320,1456791829228
production-topology2-2-1456790479,0.9476295132550574,1.0079547096691244,2200,1400,1456791829228
Running observer at: 1456791839835
production-topology1-1-1456790472,0.8729971935395153,1.003114114291353,2240,1460,1456791840329
production-topology3-3-1456790486,1.0229854297325969,1.0021987253114923,2400,4280,1456791840329
production-topology4-4-1456790493,0.9826914019553756,1.0024024346230673,2080,3720,1456791840329
production-topology2-2-1456790479,0.9301275187007698,1.0101636662764188,2080,1340,1456791840330
Running observer at: 1456791850970
production-topology1-1-1456790472,1.1095164849342698,1.0055707031000223,2340,1480,1456791851509
production-topology3-3-1456790486,0.9715647513025722,1.0016905739956072,2260,4140,1456791851509
production-topology4-4-1456790493,1.0070308294473014,1.0036838983647096,2160,3900,1456791851509
production-topology2-2-1456790479,0.9756548899525637,0.9996219105906848,1740,1100,1456791851509
Running observer at: 1456791862101
production-topology1-1-1456790472,0.9119861635514157,1.0049169491611145,2660,1740,1456791862603
production-topology3-3-1456790486,0.988134979848995,1.003012969281661,2640,4720,1456791862603
production-topology4-4-1456790493,0.9955918012797098,1.002259448138416,2460,4320,1456791862603
production-topology2-2-1456790479,1.1238573056875951,1.0100361308885448,2120,1340,1456791862603
Running observer at: 1456791873234
production-topology1-1-1456790472,1.193498633635725,1.0109033755010146,2100,1320,1456791873702
production-topology3-3-1456790486,1.012711917671508,1.0022446581898588,2340,4120,1456791873702
production-topology4-4-1456790493,0.9735244435220529,1.000509168500208,1780,3300,1456791873702
production-topology2-2-1456790479,0.9776791764315125,1.0034183098413132,1660,1040,1456791873702
Running observer at: 1456791884401
production-topology1-1-1456790472,0.9806791405293602,1.0125111797694974,2600,1620,1456791884838
production-topology3-3-1456790486,0.9908708510477431,1.0019410669147417,2320,4300,1456791884838
production-topology4-4-1456790493,1.0181723183976226,1.001905798928971,2440,4340,1456791884838
production-topology2-2-1456790479,0.924867865473765,1.0023163655257539,2120,1400,1456791884838
Running observer at: 1456791895385
production-topology1-1-1456790472,0.9806884798442155,1.0090490823612728,2620,1700,1456791895871
production-topology3-3-1456790486,1.0499687013973138,1.00415259539284,2640,4820,1456791895871
production-topology4-4-1456790493,0.9662926453528912,0.9998415059564415,2440,4320,1456791895871
production-topology2-2-1456790479,1.0318306010928964,1.002095825195678,2160,1320,1456791895871
Running observer at: 1456791906316
production-topology1-1-1456790472,0.9643057068506414,1.0073382029668356,2160,1320,1456791906996
production-topology3-3-1456790486,1.025136977438427,1.0053219661964705,1940,3520,1456791906996
production-topology4-4-1456790493,0.9667594627594627,0.9991396704848694,1820,3260,1456791906996
production-topology2-2-1456790479,0.9951747924206942,1.0056058098446288,1700,1080,1456791906996
Running observer at: 1456791917549
production-topology1-1-1456790472,1.0277425552222568,1.0101112378623938,2520,1660,1456791918024
production-topology3-3-1456790486,1.0142408473738755,1.005907375376539,2740,4880,1456791918024
production-topology4-4-1456790493,1.0575445488181665,1.0015627653889296,2360,4320,1456791918024
production-topology2-2-1456790479,1.0120069353964833,1.005657100240597,2200,1380,1456791918025
Running observer at: 1456791928508
production-topology1-1-1456790472,0.9957334371216052,1.0090327510053922,2400,1560,1456791929090
production-topology3-3-1456790486,0.9804235577323918,1.0035574187049938,2380,4280,1456791929090
production-topology4-4-1456790493,1.0134905979925757,1.0001973595395512,1980,3700,1456791929090
production-topology2-2-1456790479,1.0968944954128441,1.0066468982622454,2000,1360,1456791929090
Running observer at: 1456791939550
production-topology1-1-1456790472,0.8755893322319814,1.0047619890477244,2320,1500,1456791940047
production-topology3-3-1456790486,0.992678042066629,1.0027341947855024,2300,3980,1456791940047
production-topology4-4-1456790493,0.941710318629756,0.9998062808256651,2240,3940,1456791940047
production-topology2-2-1456790479,0.8464214289327517,1.0041804536317076,1820,1100,1456791940048
Running observer at: 1456791950689
production-topology1-1-1456790472,0.9649050370798666,0.9992748121175389,2640,1620,1456791951248
production-topology3-3-1456790486,0.9610838662044038,1.0030147735763413,2640,4800,1456791951249
production-topology4-4-1456790493,1.0453962839741644,1.0019597057779088,2400,4240,1456791951249
production-topology2-2-1456790479,0.970093071836061,0.9998847078394473,2160,1320,1456791951249
Running observer at: 1456791961769
production-topology1-1-1456790472,1.2040309002211118,1.0097698807527102,2320,1580,1456791962399
production-topology3-3-1456790486,1.0360325798857861,1.0035049737650263,2460,4360,1456791962399
production-topology4-4-1456790493,1.0089318285453717,1.0004928079176842,2040,3780,1456791962399
production-topology2-2-1456790479,1.0463931128836896,1.0071677108231663,2060,1320,1456791962399
Running observer at: 1456791972857
production-topology1-1-1456790472,1.0126535427129002,1.0025663576853778,2400,1480,1456791973343
production-topology3-3-1456790486,0.9994576528848278,1.0049380285594383,2180,4040,1456791973344
production-topology4-4-1456790493,1.0434707869830668,1.0020314318036248,2140,3860,1456791973344
production-topology2-2-1456790479,1.0465140538974214,1.0060214878578928,1740,1140,1456791973344
Running observer at: 1456791983998
production-topology1-1-1456790472,0.9584972163763997,1.0089422240236139,2540,1620,1456791984495
production-topology3-3-1456790486,0.9687145035781225,1.0027262836304633,2740,4740,1456791984496
production-topology4-4-1456790493,0.9031161501089843,0.9987100841193715,2500,4380,1456791984496
production-topology2-2-1456790479,0.969106094948303,1.0008632527601322,2140,1360,1456791984496
Running observer at: 1456791995088
production-topology1-1-1456790472,1.0010983324294607,1.0086715861594482,2360,1420,1456791995713
production-topology3-3-1456790486,1.0215107479191743,1.0029092143239697,2340,4260,1456791995714
production-topology4-4-1456790493,0.9889716710338676,0.9990097507116358,2040,3680,1456791995714
production-topology2-2-1456790479,1.0391337641226808,1.002918663498186,2060,1300,1456791995714
Running observer at: 1456792006181
production-topology1-1-1456790472,0.9784954221878018,1.0044626250388442,2340,1620,1456792006738
production-topology3-3-1456790486,0.9855625341757694,1.0032277293823433,2240,4080,1456792006739
production-topology4-4-1456790493,1.0941816393823336,1.000994145829705,2120,3900,1456792006739
production-topology2-2-1456790479,1.0422843208001467,1.0058913542705692,1760,1120,1456792006739
Running observer at: 1456792017416
production-topology1-1-1456790472,1.0824855423987778,1.0113030045058755,2640,1620,1456792017886
production-topology3-3-1456790486,1.0194424962203916,1.0035578800061322,2760,4860,1456792017886
production-topology4-4-1456790493,0.9685791692662026,0.9991158249158558,2420,4360,1456792017886
production-topology2-2-1456790479,1.0099823836934803,1.0019033046808912,2300,1440,1456792017887
Running observer at: 1456792028542
production-topology1-1-1456790472,0.987354461507578,1.0076143105871977,2400,1540,1456792029175
production-topology3-3-1456790486,1.0575724960891544,1.0043615511894335,2280,4240,1456792029176
production-topology4-4-1456790493,1.0027064667443837,0.9992201412693275,2060,3640,1456792029176
production-topology2-2-1456790479,1.060417854418346,1.0019247817225017,1960,1360,1456792029176
Running observer at: 1456792039626
production-topology1-1-1456790472,0.9713320750455,1.011924138363475,2300,1500,1456792040090
production-topology3-3-1456790486,0.9769310677648502,1.0055239114724572,2200,4060,1456792040090
production-topology4-4-1456790493,0.9716854689222203,0.9998560726663759,2100,3940,1456792040090
production-topology2-2-1456790479,0.9340958605664489,1.0037773565226153,1720,1120,1456792040090
Running observer at: 1456792050613
production-topology1-1-1456790472,0.9686740163277844,1.0047545622416225,2600,1640,1456792051106
production-topology3-3-1456790486,0.9910210000508345,1.002354114913668,2640,4760,1456792051106
production-topology4-4-1456790493,1.050472685773009,1.0010030418804168,2440,4280,1456792051107
production-topology2-2-1456790479,0.9349082827763128,1.0058034096124588,2160,1360,1456792051107
Running observer at: 1456792061536
production-topology1-1-1456790472,1.0113385968184234,1.0078096891534736,2080,1300,1456792062259
production-topology3-3-1456790486,1.0226900269844623,1.001500092846827,2180,3620,1456792062260
production-topology4-4-1456790493,1.0060097150441876,1.0004658975454528,1840,3220,1456792062260
production-topology2-2-1456790479,0.8651249051745621,1.000253627824343,1720,1140,1456792062260
Running observer at: 1456792072854
production-topology1-1-1456790472,1.0670669144763454,1.0128515822188051,2540,1620,1456792073368
production-topology3-3-1456790486,1.0003452796338248,1.0018067329315994,2540,4820,1456792073368
production-topology4-4-1456790493,0.9212956559556582,0.9962065720412435,2480,4340,1456792073368
production-topology2-2-1456790479,1.0699218416463216,0.9991242959283958,2100,1340,1456792073368
Running observer at: 1456792083843
production-topology1-1-1456790472,1.0123339892849523,1.0103314053041363,2620,1600,1456792084318
production-topology3-3-1456790486,0.9880722930589498,1.0025223933309197,2620,4780,1456792084318
production-topology4-4-1456790493,1.1338817159604657,1.0034587225910185,2360,4380,1456792084318
production-topology2-2-1456790479,1.1511149488924164,1.000953728130393,2200,1360,1456792084318
Running observer at: 1456792094786
production-topology1-1-1456790472,1.003848972193297,1.0126106782945348,2120,1400,1456792095455
production-topology3-3-1456790486,1.0662417615938344,1.0056825358958352,1960,3460,1456792095455
production-topology4-4-1456790493,0.9310528076839806,0.999997340065561,1840,3260,1456792095456
production-topology2-2-1456790479,0.9089943481547168,1.0027973533422163,1600,1100,1456792095456
Running observer at: 1456792106043
production-topology1-1-1456790472,0.9672118005451338,1.0093458711654861,2520,1580,1456792106530
production-topology3-3-1456790486,0.9034767190169447,1.0044010685915719,2740,4760,1456792106530
production-topology4-4-1456790493,0.9408401276362401,0.9958288276334725,2420,4340,1456792106530
production-topology2-2-1456790479,0.9191114953396878,0.9950468793580396,2140,1300,1456792106530
Running observer at: 1456792117105
production-topology1-1-1456790472,0.9617768595041323,1.0061563217732625,2660,1680,1456792117587
production-topology3-3-1456790486,1.0314870063511368,1.0035874034015562,2660,4860,1456792117588
production-topology4-4-1456790493,1.0530741439306448,1.0008895233096833,2200,4080,1456792117588
production-topology2-2-1456790479,1.0698831977211378,1.0005727830656896,2120,1340,1456792117588
Running observer at: 1456792128046
production-topology1-1-1456790472,0.9684566654427084,1.0047223394661702,2060,1380,1456792128687
production-topology3-3-1456790486,0.9848117011956296,1.0021972266463886,1980,3560,1456792128687
production-topology4-4-1456790493,0.9992422532871137,0.9993404265179043,2020,3500,1456792128687
production-topology2-2-1456790479,1.0489057270455306,1.0013816558645154,1700,1140,1456792128687
Running observer at: 1456792139294
production-topology1-1-1456790472,0.9501122747054032,1.0002559127252526,2540,1600,1456792139787
production-topology3-3-1456790486,0.9873976562955413,1.002068224334146,2660,4760,1456792139787
production-topology4-4-1456790493,0.9689276757345439,0.9982685292241436,2300,4220,1456792139787
production-topology2-2-1456790479,0.8923985806960604,0.9959871276983435,2160,1360,1456792139787
Running observer at: 1456792150292
production-topology1-1-1456790472,1.0042744656917886,0.9999649146076357,2540,1600,1456792150824
production-topology3-3-1456790486,1.0523274871930397,1.0042645057944466,2640,4760,1456792150824
production-topology4-4-1456790493,1.0942416827522203,1.0034576780561497,2140,3800,1456792150824
production-topology2-2-1456790479,1.009093346770942,0.9949873904713733,2060,1300,1456792150824
Running observer at: 1456792161282
production-topology1-1-1456790472,1.0675479779260355,1.0018744063445462,2280,1420,1456792161852
production-topology3-3-1456790486,0.8503049651829852,0.9984399965630574,2020,3620,1456792161852
production-topology4-4-1456790493,0.9774648576941547,1.000878371818924,2160,3920,1456792161852
production-topology2-2-1456790479,1.1418982387475536,1.0014630146544565,1800,1180,1456792161852
Running observer at: 1456792172547
production-topology1-1-1456790472,0.9503287247249057,1.0044521240507258,2560,1620,1456792173052
production-topology3-3-1456790486,1.1184268317477866,1.0016213766302302,2600,4740,1456792173052
production-topology4-4-1456790493,1.0405486290693409,1.0028069460560565,2400,4240,1456792173052
production-topology2-2-1456790479,0.9751683060404032,1.0029643742324443,2040,1380,1456792173053
Running observer at: 1456792183546
production-topology1-1-1456790472,0.9395068407092002,0.9987851359098902,2320,1500,1456792184146
production-topology3-3-1456790486,0.9819391328636758,1.0019671893489337,2540,4520,1456792184146
production-topology4-4-1456790493,0.886272756477692,0.9987816769570692,2040,3720,1456792184146
production-topology2-2-1456790479,1.0625093067425648,1.0058595214587776,2120,1320,1456792184147
Running observer at: 1456792194613
production-topology1-1-1456790472,1.0421581654717709,1.003124202640569,2360,1540,1456792195072
production-topology3-3-1456790486,0.983201957265444,1.0018027552628153,2040,3800,1456792195072
production-topology4-4-1456790493,1.0322971340906124,1.000005188050766,2200,3960,1456792195072
production-topology2-2-1456790479,0.9508841916823966,1.0000937509919376,1720,1120,1456792195072
Running observer at: 1456792205754
production-topology1-1-1456790472,1.002809303852018,0.9967678916477786,2540,1580,1456792206163
production-topology3-3-1456790486,1.051544973192897,1.0030971904468615,2720,4780,1456792206163
production-topology4-4-1456790493,0.9587806347024316,0.9995137277567786,2420,4360,1456792206163
production-topology2-2-1456790479,0.9613064303484968,0.9995479927891707,2260,1380,1456792206163
Running observer at: 1456792216712
production-topology1-1-1456790472,1.0754970403403448,0.9999284883081447,2280,1460,1456792217368
production-topology3-3-1456790486,0.9515274544862611,1.0017857438948121,2380,4300,1456792217369
production-topology4-4-1456790493,1.107094942377354,1.0024778152227698,1800,3260,1456792217369
production-topology2-2-1456790479,1.080883878975319,1.0047485265725558,1680,1080,1456792217369
Running observer at: 1456792227825
production-topology1-1-1456790472,0.9550140273225475,0.9990726732240891,2440,1580,1456792228394
production-topology3-3-1456790486,0.9998645195674589,1.0001156045004835,2260,4080,1456792228394
production-topology4-4-1456790493,0.9773984304465588,1.0028480080592255,2400,4240,1456792228394
production-topology2-2-1456790479,1.0193251173847668,1.0043316771156179,2020,1320,1456792228394
Running observer at: 1456792239024
production-topology1-1-1456790472,1.0508518111611889,1.001957543367774,2480,1620,1456792239488
production-topology3-3-1456790486,1.0166179522435017,0.9998316369939858,2640,4720,1456792239488
production-topology4-4-1456790493,1.0420803556280607,1.0053587044881787,2400,4520,1456792239489
production-topology2-2-1456790479,0.9959168866381168,1.0043564135895322,2240,1400,1456792239489
Running observer at: 1456792250104
production-topology1-1-1456790472,0.9796751920645727,1.0003552979291848,2240,1460,1456792250712
production-topology3-3-1456790486,1.0012020706333078,0.9993970111026338,2400,4380,1456792250712
production-topology4-4-1456790493,0.9809883790499117,1.0028068321625703,1760,3120,1456792250713
production-topology2-2-1456790479,1.0238410178886368,1.004750883005937,1680,1160,1456792250713
Running observer at: 1456792261178
production-topology1-1-1456790472,1.002271460039672,1.0005732320264535,2660,1600,1456792261666
production-topology3-3-1456790486,0.9701229743903999,0.9990536583245674,2220,3940,1456792261666
production-topology4-4-1456790493,0.9040640324150814,0.999159279976654,2500,4340,1456792261667
production-topology2-2-1456790479,0.9309090909090909,0.9992180361891454,2100,1260,1456792261667
Running observer at: 1456792272137
production-topology1-1-1456790472,0.996423317679619,1.0046010315413747,2520,1600,1456792272640
production-topology3-3-1456790486,0.9999717338458929,0.9992967813838761,2660,4900,1456792272640
production-topology4-4-1456790493,1.1567858917902663,1.0063284657486709,2300,4440,1456792272640
production-topology2-2-1456790479,1.0457857498573326,1.0058635135532983,2160,1440,1456792272640
Running observer at: 1456792283135
production-topology1-1-1456790472,0.9798446229998513,1.0050990177387076,2000,1340,1456792283904
production-topology3-3-1456790486,1.0310805460558807,1.001630004045592,1960,3600,1456792283904
production-topology4-4-1456790493,1.024140353584237,1.0056199347356733,1800,3320,1456792283904
production-topology2-2-1456790479,0.9391919254508929,1.0048334753404593,1660,1020,1456792283904
Running observer at: 1456792294381
production-topology1-1-1456790472,0.908044198715852,0.9952327943551988,2560,1580,1456792294843
production-topology3-3-1456790486,0.9976222706285971,1.000349660403686,2680,4780,1456792294843
production-topology4-4-1456790493,0.9043799407374628,1.002134871808743,2500,4220,1456792294843
production-topology2-2-1456790479,1.0885131314936114,1.00623747596079,2060,1380,1456792294843
Running observer at: 1456792305255
production-topology1-1-1456790472,1.0799511131439599,0.9974760467029007,2660,1680,1456792305595
production-topology3-3-1456790486,0.9952482133263598,1.000209345751737,2660,4640,1456792305596
production-topology4-4-1456790493,1.0735139246201046,1.0031363097299777,2280,4320,1456792305596
production-topology2-2-1456790479,1.027469457078183,1.0056026560668154,2180,1320,1456792305596
