Running observer at: 1456778591880
production-topology1-1-1456778591,0.0,0.0,0,0,1456778592162
Running observer at: 1456778592776
production-topology1-1-1456778591,0.0,0.0,0,0,1456778593120
Running observer at: 1456778598880
production-topology1-1-1456778591,0.0,0.0,0,0,1456778599225
production-topology2-2-1456778598,0.0,0.0,0,0,1456778599225
Running observer at: 1456778603407
production-topology1-1-1456778591,0.0,0.0,0,0,1456778603736
production-topology2-2-1456778598,0.0,0.0,0,0,1456778603736
Running observer at: 1456778605962
production-topology1-1-1456778591,0.0,0.0,160,0,1456778606465
production-topology3-3-1456778605,0.0,0.0,0,0,1456778606465
production-topology2-2-1456778598,0.0,0.0,0,0,1456778606465
Running observer at: 1456778613298
production-topology1-1-1456778591,0.09129967776584315,0.015216612960973859,560,100,1456778613953
production-topology4-4-1456778612,0.0,0.0,0,0,1456778613954
production-topology3-3-1456778605,0.0,0.0,0,0,1456778613954
production-topology2-2-1456778598,0.0,0.0,80,0,1456778613954
Running observer at: 1456778614589
production-topology1-1-1456778591,2.776763888888889,0.40972336666496173,300,260,1456778615173
production-topology4-4-1456778612,0.0,0.0,0,0,1456778615173
production-topology3-3-1456778605,0.0,0.0,0,0,1456778615174
production-topology2-2-1456778598,0.0,0.0,0,0,1456778615174
Running observer at: 1456778625823
production-topology1-1-1456778591,1.160673397245945,0.5035921204875846,2180,1600,1456778626430
production-topology4-4-1456778612,0.0,0.0,0,0,1456778626430
production-topology3-3-1456778605,0.07488479262672812,0.01872119815668203,620,20,1456778626430
production-topology2-2-1456778598,0.852979253089052,0.14216320884817532,1140,620,1456778626431
Running observer at: 1456778637070
production-topology1-1-1456778591,1.2268795603648701,0.5839573915850608,2100,1380,1456778637721
production-topology4-4-1456778612,0.7381720430107528,0.1845430107526882,720,1080,1456778637721
production-topology3-3-1456778605,1.2631658890716166,0.26761013633966896,1980,4340,1456778637721
production-topology2-2-1456778598,1.0456814944075272,0.27123724964236845,2380,1640,1456778637721
Running observer at: 1456778648392
production-topology1-1-1456778591,0.8372909724020836,0.6092907496667631,2340,1540,1456778649058
production-topology4-4-1456778612,1.0327640200546255,0.3541872126130757,2300,4320,1456778649058
production-topology3-3-1456778605,1.0239473442056313,0.39366633765066267,2000,3860,1456778649059
production-topology2-2-1456778598,1.0111601853328887,0.36372761660368347,2300,1500,1456778649059
Running observer at: 1456778659698
production-topology1-1-1456778591,1.0437717926750911,0.6487890263038838,2320,1460,1456778660296
production-topology4-4-1456778612,1.0278841838163082,0.4664700411469478,2420,4380,1456778660296
production-topology3-3-1456778605,1.0180834346383667,0.4828687800774775,2460,4300,1456778660296
production-topology2-2-1456778598,0.9984118612630443,0.43424808823250133,2320,1420,1456778660297
Running observer at: 1456778670829
production-topology1-1-1456778591,0.9968069666182873,0.6777905213300842,2120,1360,1456778671424
production-topology4-4-1456778612,1.0131578947368423,0.5445683059455042,1940,3540,1456778671424
production-topology3-3-1456778605,1.0245470665330352,0.5505785658844222,2180,3960,1456778671425
production-topology2-2-1456778598,1.1270087751648645,0.5035241569257376,1980,1300,1456778671425
Running observer at: 1456778682137
production-topology1-1-1456778591,0.9740266806579805,0.7005779182014608,2220,1480,1456778682745
production-topology4-4-1456778612,1.0118776183393494,0.6029819699947349,2360,4300,1456778682746
production-topology3-3-1456778605,1.0494929155084862,0.6060134936204293,2220,4080,1456778682746
production-topology2-2-1456778598,0.864150592705795,0.5363083783602883,2400,1400,1456778682746
Running observer at: 1456778693359
production-topology1-1-1456778591,1.033292348434692,0.7243432346466916,2320,1440,1456778693898
production-topology4-4-1456778612,0.9959864603481626,0.6466491355895602,2340,4100,1456778693898
production-topology3-3-1456778605,0.9587870093584097,0.6412908451942274,2220,3920,1456778693898
production-topology2-2-1456778598,1.0556288693617493,0.5795850859437434,2380,1580,1456778693899
Running observer at: 1456778704524
production-topology1-1-1456778591,0.8393600142918305,0.7320110199563675,2300,1500,1456778705186
production-topology4-4-1456778612,1.0425510403574918,0.6862393260663533,1860,3480,1456778705186
production-topology3-3-1456778605,0.9663342343166904,0.6708402442053604,2280,4140,1456778705187
production-topology2-2-1456778598,1.054364989848861,0.6161066170133679,1920,1260,1456778705187
Running observer at: 1456778715728
production-topology1-1-1456778591,1.1618917774130355,0.7588785672974093,1980,1300,1456778716298
production-topology4-4-1456778612,0.9365859268073196,0.7089981079518958,2500,4380,1456778716298
production-topology3-3-1456778605,0.9957956415637932,0.6979198606518965,2140,3900,1456778716299
production-topology2-2-1456778598,0.9371818801166628,0.6390405643778889,2340,1460,1456778716299
Running observer at: 1456778726858
production-topology1-1-1456778591,1.0740423173066211,0.7774176114155982,2300,1440,1456778727402
production-topology4-4-1456778612,0.9878737431599885,0.7322377442192368,2320,4040,1456778727402
production-topology3-3-1456778605,0.9819755335492293,0.7197702970286144,2160,3880,1456778727402
production-topology2-2-1456778598,1.1168149758251191,0.6708921918077043,2400,1540,1456778727402
Running observer at: 1456778738012
production-topology1-1-1456778591,0.9303422756706753,0.7859134260964358,2240,1500,1456778738640
production-topology4-4-1456778612,1.0498292769798145,0.7566678621238966,1920,3480,1456778738641
production-topology3-3-1456778605,1.0201626331302434,0.741226892464445,2280,4120,1456778738641
production-topology2-2-1456778598,1.0266089926235311,0.6931244918586935,1880,1260,1456778738641
Running observer at: 1456778749130
production-topology1-1-1456778591,1.0047802839153197,0.7974327344026929,2100,1320,1456778749684
production-topology4-4-1456778612,1.0020960736190774,0.7741984486592666,2360,4420,1456778749684
production-topology3-3-1456778605,1.0321846338732805,0.760624075225034,2180,3840,1456778749684
production-topology2-2-1456778598,0.9200170959701751,0.7064711156299571,2280,1520,1456778749685
Running observer at: 1456778760298
production-topology1-1-1456778591,1.0152289275576944,0.808322544060443,2300,1500,1456778760868
production-topology4-4-1456778612,0.9718260766106726,0.7873736238560269,2300,4080,1456778760868
production-topology3-3-1456778605,1.01824907096652,0.7767256374588769,2080,3980,1456778760869
production-topology2-2-1456778598,1.0421225659898445,0.7251184184277286,2380,1560,1456778760869
Running observer at: 1456778771471
production-topology1-1-1456778591,0.906890756302521,0.8130162684529229,2300,1420,1456778772059
production-topology4-4-1456778612,0.981107575096767,0.7994819958085732,2080,3680,1456778772059
production-topology3-3-1456778605,0.9414416715116016,0.7864148159325666,2420,4140,1456778772060
production-topology2-2-1456778598,0.8974069946489491,0.7341862382288454,1900,1200,1456778772060
Running observer at: 1456778782682
production-topology1-1-1456778591,1.060205667852996,0.8242521502438354,2160,1440,1456778783285
production-topology4-4-1456778612,1.029643537523972,0.8130209100271261,2240,4120,1456778783285
production-topology3-3-1456778605,1.0279506709383277,0.7998334745439978,2240,4140,1456778783285
production-topology2-2-1456778598,0.997474237636865,0.7473506381992465,2360,1480,1456778783285
Running observer at: 1456778793807
production-topology1-1-1456778591,0.9996464640124969,0.8318779899729075,2280,1460,1456778794381
production-topology4-4-1456778612,1.0680160450479501,0.8271873064171718,2240,4140,1456778794381
production-topology3-3-1456778605,1.0623106901492214,0.8136480648390095,2080,3680,1456778794381
production-topology2-2-1456778598,1.0528435661040638,0.7618979204804283,2360,1560,1456778794381
Running observer at: 1456778804856
production-topology1-1-1456778591,0.9244901553309148,0.8357368301961579,2200,1400,1456778805482
production-topology4-4-1456778612,0.9285855304066659,0.8325240550481978,2140,3780,1456778805482
production-topology3-3-1456778605,0.988907814115194,0.8224110523028187,2280,4060,1456778805482
production-topology2-2-1456778598,1.0562020081407126,0.7752753790104413,1980,1300,1456778805482
Running observer at: 1456778816104
production-topology1-1-1456778591,1.0381666170070263,0.8438340216685926,2140,1340,1456778816625
production-topology4-4-1456778612,1.0726092690471642,0.844528315748146,2240,3880,1456778816625
production-topology3-3-1456778605,0.9682947382464793,0.829357894490612,2240,4120,1456778816626
production-topology2-2-1456778598,0.95086825505017,0.7829098518817339,2380,1460,1456778816626
Running observer at: 1456778827231
production-topology1-1-1456778591,1.0717300842238422,0.8525992548437944,2300,1480,1456778827771
production-topology4-4-1456778612,0.958942562067562,0.8499766131919279,2280,4120,1456778827771
production-topology3-3-1456778605,1.0009670457484403,0.8371583104568768,2060,3680,1456778827771
production-topology2-2-1456778598,1.0803314063619027,0.795302416651741,2220,1560,1456778827771
Running observer at: 1456778838358
production-topology1-1-1456778591,0.9671312571160371,0.8568411808538775,2180,1460,1456778838949
production-topology4-4-1456778612,0.9495794959929313,0.8545040169556098,2360,4140,1456778838950
production-topology3-3-1456778605,0.9144387968385763,0.8405183316039073,2520,4340,1456778838950
production-topology2-2-1456778598,0.8480934900461896,0.7974140595875189,2040,1180,1456778838950
Running observer at: 1456778849459
production-topology1-1-1456778591,0.9639070129101567,0.8606649605701732,2160,1420,1456778849986
production-topology4-4-1456778612,1.0367708224109609,0.8624286606710598,2040,3700,1456778849987
production-topology3-3-1456778605,1.1426730400898224,0.8531081111241537,2060,3860,1456778849987
production-topology2-2-1456778598,1.196927007902893,0.8127799422150332,2340,1480,1456778849987
Running observer at: 1456778860499
production-topology1-1-1456778591,0.9602680100167599,0.8640995484821243,2320,1380,1456778861053
production-topology4-4-1456778612,0.9593904510111269,0.8664687352685627,2280,4080,1456778861054
production-topology3-3-1456778605,0.9426685695836955,0.8566905294625354,2080,3720,1456778861054
production-topology2-2-1456778598,1.0019438402038738,0.8197860125109163,2340,1480,1456778861054
Running observer at: 1456778871673
production-topology1-1-1456778591,1.1240351386522585,0.8727640681544621,2060,1400,1456778872466
production-topology4-4-1456778612,1.026951246545841,0.8728880357196539,2260,4000,1456778872466
production-topology3-3-1456778605,1.0100532117478567,0.862589094165817,2240,4100,1456778872466
production-topology2-2-1456778598,0.9656667662097841,0.8249960394287329,1900,1300,1456778872466
Running observer at: 1456778882943
production-topology1-1-1456778591,0.9305133637487197,0.9037811802794194,2240,1360,1456778883555
production-topology4-4-1456778612,1.0697888041358206,0.8804611421971988,2040,3820,1456778883556
production-topology3-3-1456778605,1.0289173298772134,0.868749399192165,2280,4120,1456778883556
production-topology2-2-1456778598,0.9787324100294025,0.8302972935873767,2420,1580,1456778883556
Running observer at: 1456778894181
production-topology1-1-1456778591,0.9312820638008604,0.9348239157394481,2240,1500,1456778894733
production-topology4-4-1456778612,0.9127198799060339,0.8816559102604891,2320,4020,1456778894734
production-topology3-3-1456778605,1.0235579193009314,0.8742782749103352,2220,3940,1456778894734
production-topology2-2-1456778598,0.9377281776312247,0.8338783230555049,2280,1420,1456778894734
Running observer at: 1456778905305
production-topology1-1-1456778591,1.075869149577015,0.9706862207253486,2340,1440,1456778905851
production-topology4-4-1456778612,1.1349646311493564,0.8907026502922343,2360,4380,1456778905851
production-topology3-3-1456778605,0.9042765259351317,0.8753126973594662,2320,4020,1456778905852
production-topology2-2-1456778598,0.9272047454607113,0.8647851479041953,2340,1460,1456778905852
Running observer at: 1456778916389
production-topology1-1-1456778591,1.1451065074116558,1.0088564376390705,2100,1400,1456778916935
production-topology4-4-1456778612,0.9673526000308222,0.893345752007358,1940,3480,1456778916936
production-topology3-3-1456778605,1.051037483266399,0.8811701902230306,2160,4000,1456778916936
production-topology2-2-1456778598,1.03230836853491,0.8991954268553589,1900,1300,1456778916936
Running observer at: 1456778927494
production-topology1-1-1456778591,0.7842070584372707,1.0349966729203128,2240,1360,1456778928075
production-topology4-4-1456778612,0.9465735087957311,0.8951200105669703,2340,4060,1456778928075
production-topology3-3-1456778605,1.001879549214316,0.914566175196841,2060,3900,1456778928076
production-topology2-2-1456778598,1.096698021854922,0.9357520275838563,2340,1460,1456778928076
Running observer at: 1456778938666
production-topology1-1-1456778591,1.0706628033816974,1.0676421104408411,2280,1460,1456778939159
production-topology4-4-1456778612,1.0659821459939245,0.9306527487667678,2300,4320,1456778939159
production-topology3-3-1456778605,0.970199349206856,0.9469061535037362,2360,4100,1456778939159
production-topology2-2-1456778598,1.0397265394201791,0.9704095788978624,2240,1540,1456778939160
Running observer at: 1456778949660
production-topology1-1-1456778591,1.099798602219377,1.0117432675518576,2160,1360,1456778950253
production-topology4-4-1456778612,0.9921279383355968,0.9637236800446211,1960,3420,1456778950253
production-topology3-3-1456778605,1.0119159080724562,0.9806366837728181,2180,3780,1456778950253
production-topology2-2-1456778598,0.9767653054460755,1.0029684224127315,2080,1240,1456778950253
Running observer at: 1456778960869
production-topology1-1-1456778591,0.8410159790293543,1.0010880202779713,2120,1340,1456778961449
production-topology4-4-1456778612,0.9558033064725923,0.9955837902603741,2300,4120,1456778961449
production-topology3-3-1456778605,1.0260084697510934,1.0123408063436303,2180,3920,1456778961449
production-topology2-2-1456778598,1.0451766989222304,1.009375003940504,2300,1500,1456778961450
Running observer at: 1456778971920
production-topology1-1-1456778591,1.0496839443742096,0.9951814997449493,2260,1500,1456778972443
production-topology4-4-1456778612,1.0869776531965223,1.0072106439332331,2360,4420,1456778972443
production-topology3-3-1456778605,1.0044410628354292,1.003716645469091,2240,4160,1456778972443
production-topology2-2-1456778598,0.9583913266427371,1.0064653316816776,2300,1400,1456778972444
Running observer at: 1456778982930
production-topology1-1-1456778591,1.1718498714895702,1.0063334630478655,2200,1460,1456778983486
production-topology4-4-1456778612,0.9937403990364937,1.005909856565962,1940,3300,1456778983486
production-topology3-3-1456778605,0.9439765656527159,1.0010509528506604,2200,3860,1456778983487
production-topology2-2-1456778598,1.0394861755552283,1.0074095313557556,2060,1300,1456778983487
Running observer at: 1456778994150
production-topology1-1-1456778591,0.9979544295582032,1.0048062176106358,2160,1420,1456778994774
production-topology4-4-1456778612,0.9555568041177345,1.003498943909343,2240,4160,1456778994774
production-topology3-3-1456778605,0.9607598754437494,0.999140167544173,2280,3840,1456778994774
production-topology2-2-1456778598,0.9852410635725891,1.0069705047660737,2260,1360,1456778994774
Running observer at: 1456779005258
production-topology1-1-1456778591,0.9153086323671271,1.0020896064689306,2300,1400,1456779005784
production-topology4-4-1456778612,1.0372963193885179,1.0043035580643989,2400,4240,1456779005784
production-topology3-3-1456778605,1.0698277417027415,1.0006495233831632,2160,4160,1456779005785
production-topology2-2-1456778598,0.8986468100154368,0.9993584392610928,2280,1520,1456779005785
Running observer at: 1456779016274
production-topology1-1-1456778591,0.9105273752012883,0.9999729629537075,2180,1320,1456779016829
production-topology4-4-1456778612,0.9029986147162596,1.0006742579436292,2020,3440,1456779016829
production-topology3-3-1456778605,1.0532532904785303,1.000774869215498,2180,3860,1456779016829
production-topology2-2-1456778598,1.0951658576051782,1.0070589480910723,2060,1300,1456779016829
Running observer at: 1456779027441
production-topology1-1-1456778591,1.2191917236441432,1.0061696087940226,2100,1420,1456779028009
production-topology4-4-1456778612,1.0538842164591522,1.002604183147329,2260,4260,1456779028009
production-topology3-3-1456778605,0.976641951657916,1.001370033958815,2160,3800,1456779028010
production-topology2-2-1456778598,0.9279785927142249,1.002803938869488,2320,1420,1456779028010
Running observer at: 1456779038528
production-topology1-1-1456778591,0.965146110826327,1.0103624786785057,2360,1500,1456779039045
production-topology4-4-1456778612,1.0428300208444847,1.0026134824968953,2360,4300,1456779039045
production-topology3-3-1456778605,1.0125933232845812,1.002912003591078,2280,4140,1456779039045
production-topology2-2-1456778598,1.0975249288971074,1.0042426035044296,2320,1500,1456779039045
Running observer at: 1456779049515
production-topology1-1-1456778591,0.9491808686091262,1.0032721150517088,2140,1400,1456779050074
production-topology4-4-1456778612,0.9645899974825164,1.0035469515194018,2020,3500,1456779050074
production-topology3-3-1456778605,1.0472233239528836,1.0046262596707143,2160,3960,1456779050074
production-topology2-2-1456778598,0.8507470083621685,1.0013614411126133,2000,1300,1456779050074
Running observer at: 1456779060648
production-topology1-1-1456778591,0.9791749732926204,1.0001098702512423,2160,1380,1456779061248
production-topology4-4-1456778612,0.9490642997073927,1.002253303404315,2240,4000,1456779061248
production-topology3-3-1456778605,0.9692441549307597,1.004201880383432,2020,3580,1456779061248
production-topology2-2-1456778598,1.1598683962560192,1.0027965551269769,2300,1480,1456779061249
Running observer at: 1456779071893
production-topology1-1-1456778591,0.9628283477061259,1.0011927393190905,2280,1440,1456779072425
production-topology4-4-1456778612,1.0611167649126352,1.002629553002076,2360,4480,1456779072425
production-topology3-3-1456778605,0.947286017546652,1.001772659863979,2440,4340,1456779072426
production-topology2-2-1456778598,0.9624020491367429,1.000656323677417,2320,1460,1456779072426
Running observer at: 1456779082883
production-topology1-1-1456778591,1.084101779719237,1.003836789179221,2140,1440,1456779083438
production-topology4-4-1456778612,0.9323877281359165,1.0003059414859705,1960,3460,1456779083439
production-topology3-3-1456778605,1.0062902191275627,1.0009095127057883,2160,3980,1456779083439
production-topology2-2-1456778598,0.961405397024897,1.0020359337125744,2020,1380,1456779083439
Running observer at: 1456779093927
production-topology1-1-1456778591,1.0480881128768453,1.004932095356526,2120,1360,1456779094483
production-topology4-4-1456778612,1.0777205006199142,1.003835755619612,2240,4080,1456779094483
production-topology3-3-1456778605,1.0117013293328765,1.0006912546513336,2040,3660,1456779094483
production-topology2-2-1456778598,0.998372026936893,1.0005775824108094,2260,1480,1456779094483
Running observer at: 1456779105191
production-topology1-1-1456778591,0.8988382256748073,1.0046636776689357,2320,1440,1456779105727
production-topology4-4-1456778612,0.9602599951586344,1.003140836288341,2260,4000,1456779105727
production-topology3-3-1456778605,1.0186406715372769,1.0032645546521894,2400,4340,1456779105727
production-topology2-2-1456778598,0.9811074340631863,1.0033675970579508,2260,1400,1456779105727
Running observer at: 1456779116192
production-topology1-1-1456778591,1.1882498301567037,1.0089318164123926,2160,1440,1456779116759
production-topology4-4-1456778612,0.9614406040845018,1.0008674051736919,2120,3760,1456779116759
production-topology3-3-1456778605,0.9970682298673841,1.0022351399498246,2100,3880,1456779116759
production-topology2-2-1456778598,1.1917872772062017,1.0098446983769285,2000,1380,1456779116760
Running observer at: 1456779127238
production-topology1-1-1456778591,0.8307775668902254,1.0033028531749835,2280,1380,1456779127792
production-topology4-4-1456778612,1.0292324594283448,0.9995746189863718,2280,4120,1456779127792
production-topology3-3-1456778605,1.037087985355312,1.0013943831233612,1980,3640,1456779127792
production-topology2-2-1456778598,0.9667073560633547,1.0069734913755717,2320,1460,1456779127792
Running observer at: 1456779138391
production-topology1-1-1456778591,1.0370174101061103,1.00705376166749,2160,1300,1456779139076
production-topology4-4-1456778612,1.0315943147830207,1.0030082451322504,2260,4200,1456779139076
production-topology3-3-1456778605,0.9338967749031031,0.9995606818162915,2420,4120,1456779139076
production-topology2-2-1456778598,0.9351632184293475,1.0029388650518594,2000,1220,1456779139076
Running observer at: 1456779149605
production-topology1-1-1456778591,0.9965447966720957,1.0056663676563258,2180,1480,1456779150182
production-topology4-4-1456778612,0.9125611624951921,0.9976733082471845,2100,3600,1456779150182
production-topology3-3-1456778605,1.0040313076420846,1.0007519007961452,2240,4180,1456779150182
production-topology2-2-1456778598,0.979301336413836,1.0038866344306483,2440,1520,1456779150182
Running observer at: 1456779160755
production-topology1-1-1456778591,1.0238988623892182,1.0040719935951716,2140,1360,1456779161269
production-topology4-4-1456778612,1.0408094982357128,1.0004022061194562,2200,4140,1456779161269
production-topology3-3-1456778605,0.9937742184492038,1.0005121398861705,2080,3660,1456779161270
production-topology2-2-1456778598,1.0521602456601586,1.0029475957405902,2120,1380,1456779161270
Running observer at: 1456779171875
production-topology1-1-1456778591,1.1489509213647142,1.0101326490701275,2340,1520,1456779172410
production-topology4-4-1456778612,1.030936336984613,1.003114100819179,2260,4120,1456779172411
production-topology3-3-1456778605,0.9957264948443312,1.0032217298196957,2280,4100,1456779172411
production-topology2-2-1456778598,1.0994631670534991,1.0113265849741673,2360,1460,1456779172411
Running observer at: 1456779182932
production-topology1-1-1456778591,0.8933624120144186,1.007781162373603,2160,1380,1456779183503
production-topology4-4-1456778612,1.0213523981087262,1.0026001533424378,2080,3740,1456779183504
production-topology3-3-1456778605,1.001826557685041,0.9985268470728695,2320,4140,1456779183504
production-topology2-2-1456778598,0.9058128601234733,1.0016227800481865,2000,1300,1456779183504
Running observer at: 1456779194046
production-topology1-1-1456778591,0.8849004761418057,1.005268911244438,2280,1420,1456779194592
production-topology4-4-1456778612,0.969458499876048,1.0029357549712683,2300,4100,1456779194592
production-topology3-3-1456778605,1.033197471290832,1.0015444771297743,1980,3580,1456779194592
production-topology2-2-1456778598,1.09219960469316,1.0046313055311626,2260,1400,1456779194592
Running observer at: 1456779205239
production-topology1-1-1456778591,1.1282386515856724,1.0054090283422183,2120,1460,1456779205743
production-topology4-4-1456778612,1.034648757680693,1.0031923386757635,2300,4140,1456779205743
production-topology3-3-1456778605,1.0012805870204642,1.0012520563055278,2320,4140,1456779205743
production-topology2-2-1456778598,0.9210481223273816,1.0031440174017492,2240,1420,1456779205743
Running observer at: 1456779216350
production-topology1-1-1456778591,0.9582572486441652,1.0063338245053997,2220,1360,1456779216916
production-topology4-4-1456778612,1.0126538136829577,1.0012878389940014,2040,3680,1456779216917
production-topology3-3-1456778605,1.0121267720430638,1.0006923710443896,2360,4140,1456779216917
production-topology2-2-1456778598,1.0086112164976002,1.0041399776173559,2100,1380,1456779216917
Running observer at: 1456779227603
production-topology1-1-1456778591,0.9375631998164289,1.0065431957059185,2140,1400,1456779228143
production-topology4-4-1456778612,0.9806963290834257,1.0035537206332477,2320,4060,1456779228143
production-topology3-3-1456778605,0.9473803283348234,0.9981531180121858,2120,3940,1456779228143
production-topology2-2-1456778598,0.9972091656874267,1.006122677219229,2320,1400,1456779228143
/var/nimbus/storm/bin/storm rebalance production-topology3 -e spout_head=11
1456779228530
/var/nimbus/storm/bin/storm rebalance production-topology2 -e spout_head=9
Running observer at: 1456779238765
production-topology1-1-1456778591,1.0968071561650126,1.007241129258852,2420,1520,1456779239229
production-topology4-4-1456778612,0.964505223402772,0.9978717403750281,2400,4320,1456779239230
production-topology2-2-1456778598,1.0004388082608673,1.0004388082608673,123180,78720,1456779239230
production-topology3-3-1456778605,0.9987695918923424,0.9987695918923424,121860,219220,1456779239230
Running observer at: 1456779249726
production-topology1-1-1456778591,1.0010930624287917,1.0024406810927564,2120,1360,1456779250291
production-topology4-4-1456778612,1.0208423607088846,0.9996547323976301,1940,3560,1456779250291
production-topology2-2-1456778598,0.0,0.5002194041304336,40,60,1456779250291
production-topology3-3-1456778605,0.3455357142857143,0.6721526530890283,100,120,1456779250292
Running observer at: 1456779260959
production-topology1-1-1456778591,1.0510432242200831,1.0113352199521835,2140,1340,1456779261478
production-topology4-4-1456778612,0.9866442928957022,1.0009904252009625,2260,4100,1456779261478
production-topology2-2-1456778598,1.0,0.6668129360869557,0,0,1456779261478
production-topology3-3-1456778605,2.0,1.1147684353926854,0,0,1456779261478
Running observer at: 1456779267258
production-topology1-1-1456778591,0.898914217900349,1.005610267102805,1120,820,1456779267863
production-topology4-4-1456778612,0.9571614583333333,0.9973630689456097,1280,2160,1456779267863
production-topology2-2-1456778598,1.0,0.7501097020652168,0,0,1456779267863
production-topology3-3-1456778605,2.0,1.3360763265445141,0,0,1456779267863
Running observer at: 1456779268460
production-topology1-1-1456778591,1.0811174089068827,1.0049875606590555,380,240,1456779269089
production-topology4-4-1456778612,1.2116883116883117,1.0046817480573667,220,420,1456779269089
production-topology2-2-1456778598,1.0,0.8000877616521734,0,0,1456779269089
production-topology3-3-1456778605,1.1366617106503276,1.2961934033656768,85580,175460,1456779269089
Running observer at: 1456779272088
production-topology1-1-1456778591,0.9213495195607412,1.0076653453434352,880,540,1456779272554
production-topology4-4-1456778612,1.1717047368421052,1.011878462403017,800,1700,1456779272555
production-topology2-2-1456778598,0.9986104715974635,0.8331748799763884,0,31500,1456779272555
production-topology3-3-1456778605,0.9916278306159813,1.2454324745740608,73740,131640,1456779272555
Running observer at: 1456779283022
production-topology1-1-1456778591,1.0985351746282024,1.0092937196852347,2020,1320,1456779283574
production-topology4-4-1456778612,0.9556040120141047,1.00749934103027,2020,3520,1456779283575
production-topology2-2-1456778598,0.9986104715974635,0.8568085359222563,0,31500,1456779283575
production-topology3-3-1456778605,0.7387420371956186,1.1730481263771406,1740,2640,1456779283575
Running observer at: 1456779294199
production-topology1-1-1456778591,0.876319318416313,0.9994427012494594,2100,1360,1456779294781
production-topology4-4-1456778612,1.0024094030695079,1.0077883078313705,2280,4200,1456779294781
production-topology2-2-1456778598,0.8623931905171376,0.8575066177466164,1380,820,1456779294781
production-topology3-3-1456778605,1.041045354292285,1.1565477798665336,2500,4580,1456779294781
/var/nimbus/storm/bin/storm rebalance production-topology1 -e spout_head=11
1456779295127
/var/nimbus/storm/bin/storm rebalance production-topology4 -e bolt_output_1=9
Running observer at: 1456779305309
production-topology1-1-1456778591,0.9986973723551069,0.9986973723551069,137980,88560,1456779305857
production-topology4-4-1456778612,1.0003381814427175,1.0003381814427175,133380,240040,1456779305857
production-topology2-2-1456778598,1.0855986403042726,0.8828501758085783,1840,1240,1456779305858
production-topology3-3-1456778605,1.0158961704099578,1.1409198232602473,2380,4180,1456779305858
Running observer at: 1456779316414
production-topology1-1-1456778591,2.0533333333333337,1.5260153528442202,240,160,1456779316927
production-topology4-4-1456778612,0.3252314814814815,0.6627848314620994,80,100,1456779316927
production-topology2-2-1456778598,1.0838565141509966,0.90295080964282,2040,1340,1456779316928
production-topology3-3-1456778605,1.0001061432639364,1.1268384552606163,2460,4420,1456779316928
Running observer at: 1456779327500
production-topology1-1-1456778591,1.0,1.3506769018961469,0,0,1456779328034
production-topology4-4-1456778612,2.0,1.1085232209747329,0,0,1456779328034
production-topology2-2-1456778598,0.9461541949813765,0.9068783901281434,2000,1240,1456779328034
production-topology3-3-1456778605,1.0308730039515688,1.1181143233234303,2480,4480,1456779328035
Running observer at: 1456779333719
production-topology1-1-1456778591,1.0,1.26300767642211,0,0,1456779334226
production-topology4-4-1456778612,2.0,1.3313924157310497,0,0,1456779334226
production-topology2-2-1456778598,1.1718868688914774,0.9289624300250878,1120,720,1456779334226
production-topology3-3-1456778605,0.9504102470702921,1.1041389836356688,1360,2280,1456779334227
Running observer at: 1456779334850
production-topology1-1-1456778591,1.0,1.210406141137688,0,0,1456779335432
production-topology4-4-1456778612,2.0,1.4651139325848397,0,0,1456779335433
production-topology2-2-1456778598,1.0850694444444446,0.9409706619034999,120,40,1456779335433
production-topology3-3-1456778605,0.8977777777777777,1.0882650447235234,100,280,1456779335433
Running observer at: 1456779338514
production-topology1-1-1456778591,1.657569814384923E-4,1.0086994104449798,124660,60,1456779339143
production-topology4-4-1456778612,2.0,1.5542616104873666,0,0,1456779339144
production-topology2-2-1456778598,1.0711069962047053,0.950266114353586,820,480,1456779339144
production-topology3-3-1456778605,1.360156271859873,1.107685846661834,760,1520,1456779339144
Running observer at: 1456779349589
production-topology1-1-1456778591,0.9872671058331353,1.0056376526432877,84460,53500,1456779350119
production-topology4-4-1456778612,0.0,1.3322242375606,220,0,1456779350119
production-topology2-2-1456778598,0.9614835539695438,0.9510139436613164,1900,1280,1456779350119
production-topology3-3-1456778605,0.9756389155321782,1.098882717919857,2500,4520,1456779350119
Running observer at: 1456779360609
production-topology1-1-1456778591,0.6859369861854078,0.9656750693360527,2040,740,1456779361092
production-topology4-4-1456778612,1.1508963463167894,1.3095582511551236,1580,3180,1456779361092
production-topology2-2-1456778598,0.9376397289359047,0.9501780552409782,2040,1320,1456779361092
production-topology3-3-1456778605,0.9249656139478841,1.0880128989216087,2580,4480,1456779361092
Running observer at: 1456779371554
production-topology1-1-1456778591,1.1444030351212457,0.9855337322010741,2280,1800,1456779372215
production-topology4-4-1456778612,0.919234783689266,1.2661889769922505,2020,3560,1456779372215
production-topology2-2-1456778598,0.9495928759440111,0.9501436329293919,1800,1080,1456779372215
production-topology3-3-1456778605,1.0242401098181968,1.084261558386114,2240,4040,1456779372215
Running observer at: 1456779382752
production-topology1-1-1456778591,0.9805421693747995,0.9850345759184467,2560,1740,1456779383252
production-topology4-4-1456778612,1.0783247171135346,1.247402551004379,2340,4360,1456779383252
production-topology2-2-1456778598,1.0842924853666884,0.9575963469536861,2100,1400,1456779383252
production-topology3-3-1456778605,0.9751279257842214,1.07819857879712,2520,4580,1456779383252
Running observer at: 1456779393862
production-topology1-1-1456778591,1.0881497985864161,0.9944086870700803,2440,1680,1456779394408
production-topology4-4-1456778612,0.9327119270757886,1.2187943124654161,2420,4140,1456779394408
production-topology2-2-1456778598,0.9656163067074917,0.9580184500986233,1980,1260,1456779394408
production-topology3-3-1456778605,1.0921691299801708,1.078933870964649,2500,4520,1456779394408
Running observer at: 1456779404949
production-topology1-1-1456778591,1.0414973497680033,0.9983327422949072,2280,1400,1456779405606
production-topology4-4-1456778612,1.126473520224749,1.2111009131120272,1820,3500,1456779405606
production-topology2-2-1456778598,0.9159105198134072,0.9559130535843625,1840,1200,1456779405606
production-topology3-3-1456778605,1.0061527416790574,1.0752948145003693,2280,4060,1456779405606
Running observer at: 1456779416107
production-topology1-1-1456778591,0.9849063304449027,0.9972999413833683,2540,1640,1456779416609
production-topology4-4-1456778612,0.9799861345530467,1.1933228532228748,2460,4320,1456779416609
production-topology2-2-1456778598,1.1166436571032585,0.963566891847167,2160,1420,1456779416610
production-topology3-3-1456778605,0.9006590930925186,1.066978827766662,2540,4540,1456779416610
Running observer at: 1456779427134
production-topology1-1-1456778591,1.0492458563283087,1.0010103638794354,2420,1660,1456779427666
production-topology4-4-1456778612,0.9748610206809216,1.1777184366127353,2300,4140,1456779427666
production-topology2-2-1456778598,1.1031525359982806,0.9699116938540358,1920,1180,1456779427666
production-topology3-3-1456778605,1.1428182242199982,1.0704260730599955,2340,4280,1456779427666
Running observer at: 1456779438240
production-topology1-1-1456778591,0.9615530722895864,0.9983798777734455,2340,1420,1456779438806
production-topology4-4-1456778612,1.0264932765637291,1.167636759276135,1900,3420,1456779438806
production-topology2-2-1456778598,0.9430159274874442,0.9687423127076622,1880,1200,1456779438806
production-topology3-3-1456778605,0.9380940921620983,1.0646725086731303,2400,4260,1456779438807
Running observer at: 1456779449416
production-topology1-1-1456778591,0.9619914410473435,0.9961056004780642,2520,1600,1456779449915
production-topology4-4-1456778612,0.9522981970588273,1.1541780991375532,2420,4280,1456779449915
production-topology2-2-1456778598,0.9585643030643431,0.968318228972524,2200,1440,1456779449915
production-topology3-3-1456778605,0.9770434471544716,1.0610212977765197,2500,4420,1456779449915
Running observer at: 1456779460500
production-topology1-1-1456778591,1.0403760519393708,0.9987097446816705,2460,1580,1456779460999
production-topology4-4-1456778612,1.0411771437290205,1.1475309841135217,2240,4180,1456779460999
production-topology2-2-1456778598,1.0724335591453882,0.9724828421794385,1960,1260,1456779460999
production-topology3-3-1456778605,0.9477223505325584,1.0564893398867612,2460,4340,1456779460999
Running observer at: 1456779471540
production-topology1-1-1456778591,0.9881241179422885,0.9981216543072604,2240,1480,1456779472079
production-topology4-4-1456778612,1.0334783357739685,1.1411947258724355,1900,3520,1456779472079
production-topology2-2-1456778598,1.0382207594759159,0.9750112236139183,1800,1160,1456779472079
production-topology3-3-1456778605,1.169265746601034,1.0608268939911563,2280,4340,1456779472079
Running observer at: 1456779482630
production-topology1-1-1456778591,1.004007201166181,0.9984314199314142,2560,1620,1456779483089
production-topology4-4-1456778612,0.9580609371379769,1.131556105412727,2360,4040,1456779483089
production-topology2-2-1456778598,1.1129031237192848,0.9801183310252283,2160,1400,1456779483089
production-topology3-3-1456778605,0.9526133374098149,1.0568189844881437,2480,4520,1456779483089
Running observer at: 1456779493645
production-topology1-1-1456778591,1.0245466796494644,0.9997371829173167,2500,1620,1456779494244
production-topology4-4-1456778612,1.0643131133566508,1.1281939558099232,2400,4400,1456779494244
production-topology2-2-1456778598,0.8878700839593459,0.9768237507728753,1860,1140,1456779494244
production-topology3-3-1456778605,0.957237740132477,1.0532625114754413,2280,4040,1456779494244
Running observer at: 1456779504767
production-topology1-1-1456778591,1.0426416720534368,1.0017802538285605,2140,1440,1456779505337
production-topology4-4-1456778612,0.9179128592425807,1.1181805702590975,1900,3460,1456779505337
production-topology2-2-1456778598,0.9801719045122853,0.9769392043500964,1940,1200,1456779505338
production-topology3-3-1456778605,1.093639884088651,1.0546548346690003,2400,4400,1456779505338
Running observer at: 1456779515925
production-topology1-1-1456778591,0.9331611923798723,0.998661205580893,2620,1640,1456779516405
production-topology4-4-1456778612,0.981146890409348,1.1119517666295633,2280,4160,1456779516406
production-topology2-2-1456778598,1.0642628142845083,0.9798499913479101,2220,1420,1456779516406
production-topology3-3-1456778605,0.9527258653495578,1.0512572023583522,2620,4640,1456779516406
Running observer at: 1456779526987
production-topology1-1-1456778591,1.0538908284744481,1.0010624935327868,2400,1540,1456779527558
production-topology4-4-1456778612,1.0509307741587806,1.1092986800003988,2200,3860,1456779527559
production-topology2-2-1456778598,0.9672736398032499,0.9787444857326562,1800,1160,1456779527559
production-topology3-3-1456778605,1.000548193225539,1.0513164890694588,2280,4160,1456779527559
Running observer at: 1456779538069
production-topology1-1-1456778591,0.931269426763633,0.998154449084072,2260,1420,1456779538624
production-topology4-4-1456778612,1.0815827530277424,1.1081438497098715,2120,3980,1456779538624
production-topology2-2-1456778598,0.8709900753486279,1.0077774882442772,2000,1200,1456779538624
production-topology3-3-1456778605,1.0214605317983192,1.0738473163198787,2420,4340,1456779538625
Running observer at: 1456779549180
production-topology1-1-1456778591,1.0310775168236042,0.9994713717936533,2660,1660,1456779549669
production-topology4-4-1456778612,0.9893444372738442,1.1033918732124304,2240,4080,1456779549669
production-topology2-2-1456778598,1.0579750496427918,1.009709989899037,2100,1380,1456779549670
production-topology3-3-1456778605,0.9610275998593524,1.0392149029818571,2640,4720,1456779549670
Running observer at: 1456779560260
production-topology1-1-1456778591,1.1928901569948043,1.0069105558398515,2220,1520,1456779560857
production-topology4-4-1456778612,0.9258193495225484,1.0965621607628195,2260,3840,1456779560857
production-topology2-2-1456778598,1.0008371245910763,1.0097378940520727,1840,1200,1456779560857
production-topology3-3-1456778605,1.024844063195274,1.0067097050883664,2060,3760,1456779560857
Running observer at: 1456779571287
production-topology1-1-1456778591,0.7779785519746498,0.9984315927337327,2420,1480,1456779571874
production-topology4-4-1456778612,0.9685537960037345,1.0918211102161868,2180,3880,1456779571874
production-topology2-2-1456778598,0.9718213058419244,1.0087986042468036,1940,1200,1456779571874
production-topology3-3-1456778605,0.9800562366221259,1.0014895226207599,2660,4620,1456779571874
Running observer at: 1456779582354
production-topology1-1-1456778591,1.038239191835524,0.9998532927016538,2640,1680,1456779582893
production-topology4-4-1456778612,1.1028130179536555,1.0922136783496676,2240,4220,1456779582893
production-topology2-2-1456778598,1.0425971090623214,1.0102648254956323,2040,1360,1456779582893
production-topology3-3-1456778605,1.084155064540087,1.0045737637515633,2300,4580,1456779582893
Running observer at: 1456779593365
production-topology1-1-1456778591,1.0237475487671637,1.0006772325659818,2280,1420,1456779593960
production-topology4-4-1456778612,0.8664164790271457,1.0844275680282014,2020,3380,1456779593960
production-topology2-2-1456778598,1.1765369195931965,1.0161957070954901,1960,1240,1456779593960
production-topology3-3-1456778605,1.0387890013245265,1.0145753292225268,2320,4060,1456779593960
Running observer at: 1456779604479
production-topology1-1-1456778591,1.0247026695832746,1.0014780804665582,2380,1540,1456779604974
production-topology4-4-1456778612,1.1277617640803344,1.0858720412299392,2300,4340,1456779604975
production-topology2-2-1456778598,0.8139421186233774,1.014580671365698,2060,1240,1456779604975
production-topology3-3-1456778605,0.8824900678987884,1.0092901530094103,2520,4360,1456779604975
Running observer at: 1456779615540
production-topology1-1-1456778591,0.9680769930709693,1.0004574011570868,2660,1680,1456779616121
production-topology4-4-1456778612,0.9820548102281849,1.0852625955227881,2280,4120,1456779616121
production-topology2-2-1456778598,0.9466003454279177,1.0099473948698194,1940,1280,1456779616121
production-topology3-3-1456778605,1.1144567999192487,1.012575507326387,2460,4680,1456779616121
Running observer at: 1456779626570
production-topology1-1-1456778591,1.1415898517191623,0.9700659517699477,2160,1460,1456779627244
production-topology4-4-1456778612,0.9976688515841837,1.1076771745262117,1880,3380,1456779627244
production-topology2-2-1456778598,0.9854538098211849,1.0066673047254924,2000,1200,1456779627245
production-topology3-3-1456778605,0.9981816606803973,1.0125113579069354,2180,4000,1456779627245
Running observer at: 1456779637712
production-topology1-1-1456778591,1.0464128781477098,0.9716130477082047,2440,1480,1456779638189
production-topology4-4-1456778612,1.0217042444806774,1.0750673160089008,2480,4440,1456779638189
production-topology2-2-1456778598,1.1082614198635459,1.0120708788882313,1940,1220,1456779638189
production-topology3-3-1456778605,0.967039712200191,1.010383581515223,2580,4560,1456779638189
Running observer at: 1456779648744
production-topology1-1-1456778591,0.8839080774307522,0.9677433169558964,2580,1700,1456779649305
production-topology4-4-1456778612,0.948942912091253,1.040032079745276,2360,4060,1456779649305
production-topology2-2-1456778598,1.0863622005026907,1.0092200566086051,2000,1300,1456779649306
production-topology3-3-1456778605,1.0512062674508986,1.013743448861243,2620,4500,1456779649306
Running observer at: 1456779659796
production-topology1-1-1456778591,1.0394579286537098,0.9690585812443534,2240,1480,1456779660424
production-topology4-4-1456778612,1.034949957250464,1.007863744986958,1860,3480,1456779660425
production-topology2-2-1456778598,0.8090242156745795,1.000018548982943,2020,1220,1456779660425
production-topology3-3-1456778605,0.9919435756195271,1.0168823087893013,2160,4060,1456779660425
Running observer at: 1456779670885
production-topology1-1-1456778591,0.9251305831885523,0.9998907421179238,2480,1460,1456779671366
production-topology4-4-1456778612,0.9779310081421817,0.9737947785916976,2380,4240,1456779671366
production-topology2-2-1456778598,1.2631920091015993,1.0064213827461728,1880,1300,1456779671366
production-topology3-3-1456778605,1.012403510119794,1.0052905500646319,2520,4480,1456779671366
Running observer at: 1456779681977
production-topology1-1-1456778591,1.0658518025404464,1.0025102320081676,2640,1780,1456779682470
production-topology4-4-1456778612,1.0670397537245364,1.0093627703825154,2300,4200,1456779682470
production-topology2-2-1456778598,0.8588372975546269,1.0029998408656755,2120,1220,1456779682470
production-topology3-3-1456778605,0.9848299514071519,1.0055969179271311,2520,4560,1456779682471
Running observer at: 1456779693038
production-topology1-1-1456778591,0.9272341824530377,1.0105534718837552,1980,1240,1456779693674
production-topology4-4-1456778612,0.9991276870539161,1.004303815073753,1920,3380,1456779693674
production-topology2-2-1456778598,1.0349310718421938,1.0062428856292185,1740,1140,1456779693674
production-topology3-3-1456778605,1.0783035585955547,1.01070818274872,2200,4060,1456779693674
Running observer at: 1456779704329
production-topology1-1-1456778591,1.0309285569539044,1.006770989278177,2680,1700,1456779704830
production-topology4-4-1456778612,0.9681974543303087,1.0059359040951212,2440,4400,1456779704830
production-topology2-2-1456778598,1.0490584599745123,1.0095584050969018,2180,1420,1456779704831
production-topology3-3-1456778605,0.9612126873636127,1.0086072686669008,2520,4560,1456779704831
Running observer at: 1456779715436
production-topology1-1-1456778591,0.9210126643995076,1.0047866724456676,2640,1680,1456779715904
production-topology4-4-1456778612,1.0587244717211544,1.0052825625820418,2240,4120,1456779715904
production-topology2-2-1456778598,1.1849439572571465,1.0129134541599172,2080,1340,1456779715904
production-topology3-3-1456778605,1.0181263603741941,1.0100405498198997,2620,4620,1456779715904
Running observer at: 1456779726491
production-topology1-1-1456778591,1.3409212015466285,1.0132123858776747,1900,1280,1456779727032
production-topology4-4-1456778612,1.0078271547221211,1.0077864035035864,1860,3480,1456779727033
production-topology2-2-1456778598,0.7938357571526435,1.0071874358414221,1820,1180,1456779727033
production-topology3-3-1456778605,0.9349945590043158,1.004801397454038,2120,3940,1456779727033
Running observer at: 1456779737624
production-topology1-1-1456778591,0.8707065676727596,1.0075193598078331,2700,1660,1456779738109
production-topology4-4-1456778612,0.9695930811892786,1.0025570555357373,2420,4340,1456779738109
production-topology2-2-1456778598,1.0698836873978663,1.0123198747609041,2060,1360,1456779738109
production-topology3-3-1456778605,1.0515969156223481,1.0063162032521475,2580,4540,1456779738109
Running observer at: 1456779748626
production-topology1-1-1456778591,1.0254366398222199,1.0088703701204105,2720,1720,1456779749127
production-topology4-4-1456778612,0.9824561403508771,1.0026393890623317,2280,4120,1456779749127
production-topology2-2-1456778598,1.0159095300198038,1.0089620705247888,2080,1240,1456779749127
production-topology3-3-1456778605,0.945273504161863,1.0078033502877923,2540,4480,1456779749127
Running observer at: 1456779759632
production-topology1-1-1456778591,0.8128737297451425,1.0009912992343049,1960,1220,1456779760289
production-topology4-4-1456778612,1.100723818576641,1.0068348156588554,1860,3440,1456779760289
production-topology2-2-1456778598,1.1310470017682226,1.0098918860504535,1680,1140,1456779760289
production-topology3-3-1456778605,0.9729949551956025,1.0021425746536459,2160,3880,1456779760289
Running observer at: 1456779770873
production-topology1-1-1456778591,1.1146310898169585,1.0060938998185507,2620,1780,1456779771368
production-topology4-4-1456778612,0.9464171049651198,1.004165609938902,2460,4320,1456779771368
production-topology2-2-1456778598,0.9403118511582461,1.0098017501728136,2200,1380,1456779771368
production-topology3-3-1456778605,1.0702921751971703,1.0065491774214814,2580,4780,1456779771368
Running observer at: 1456779781909
production-topology1-1-1456778591,1.0716714577866957,1.0097499003765291,2480,1580,1456779782423
production-topology4-4-1456778612,0.9916435879816782,1.0054771229696637,2340,4140,1456779782424
production-topology2-2-1456778598,1.0189982035929772,1.0118162135237683,2060,1320,1456779782424
production-topology3-3-1456778605,1.0261342261342261,1.0081855367208066,2220,4100,1456779782424
Running observer at: 1456779792955
production-topology1-1-1456778591,1.0135339041276887,1.00885516211614,2100,1340,1456779793534
production-topology4-4-1456778612,1.0146719911676034,1.0045936178842831,1920,3440,1456779793534
production-topology2-2-1456778598,0.9384882471960632,1.0073513697921241,1720,1080,1456779793534
production-topology3-3-1456778605,0.9359881769542235,1.0077943976015287,2400,4180,1456779793534
Running observer at: 1456779804233
production-topology1-1-1456778591,0.9411159536334741,1.007288223305846,2680,1700,1456779804719
production-topology4-4-1456778612,0.9705287234536857,1.002495297473607,2400,4320,1456779804719
production-topology2-2-1456778598,1.1464030577137212,1.010957446400051,2140,1380,1456779804719
production-topology3-3-1456778605,1.0344226261446496,1.0032996269196492,2700,4860,1456779804719
Running observer at: 1456779815239
production-topology1-1-1456778591,1.055899199963123,1.0090179565990771,2400,1600,1456779815757
production-topology4-4-1456778612,1.0230351004770868,1.004661102918244,2180,3940,1456779815757
production-topology2-2-1456778598,0.8549549549549549,1.0023591741079065,1960,1120,1456779815757
production-topology3-3-1456778605,0.9514490810826425,1.0032608183754104,2140,3780,1456779815757
Running observer at: 1456779826304
production-topology1-1-1456778591,0.9655755032295344,1.0070522507184128,2260,1340,1456779826914
production-topology4-4-1456778612,1.0323591801083654,1.0035959718099678,2040,3660,1456779826914
production-topology2-2-1456778598,0.9910953570911196,1.0058000165456322,1820,1220,1456779826914
production-topology3-3-1456778605,1.0191238227674004,1.0053236877965745,2480,4580,1456779826914
Running observer at: 1456779837433
production-topology1-1-1456778591,0.9784944188873584,1.00491400894621,2680,1660,1456779837957
production-topology4-4-1456778612,1.029903046299901,1.0073289780452117,2300,4140,1456779837957
production-topology2-2-1456778598,0.9258645897646978,1.0039897727207128,2260,1380,1456779837957
production-topology3-3-1456778605,0.9652143585193551,1.0010428369442645,2680,4740,1456779837957
Running observer at: 1456779848449
production-topology1-1-1456778591,0.9667707753187607,1.0060343283775066,2420,1620,1456779849033
production-topology4-4-1456778612,0.8783593729238259,1.0039027274623609,2340,4080,1456779849033
production-topology2-2-1456778598,0.9703167308858709,1.000858236607425,1820,1180,1456779849033
production-topology3-3-1456778605,0.9884661902144034,1.0022341811064261,2140,3780,1456779849034
Running observer at: 1456779859501
production-topology1-1-1456778591,0.9839578936509129,1.0037032305500553,2220,1400,1456779859980
production-topology4-4-1456778612,1.0755804742851234,1.004724384133239,2020,3740,1456779859980
production-topology2-2-1456778598,0.997312830762757,1.0018595429727417,1960,1220,1456779859980
production-topology3-3-1456778605,1.0287289294003867,1.0031735389789211,2500,4560,1456779859981
Running observer at: 1456779870578
production-topology1-1-1456778591,0.9672932534470627,1.0049040247728362,2560,1640,1456779871176
production-topology4-4-1456778612,1.0018390449673102,1.0020662605312247,2260,4120,1456779871176
production-topology2-2-1456778598,1.2193840600399286,1.0134726757957853,2000,1340,1456779871176
production-topology3-3-1456778605,0.9895543689774426,1.0021100002182253,2640,4580,1456779871176
Running observer at: 1456779881726
production-topology1-1-1456778591,1.1685820063597552,1.0094875077573748,2380,1580,1456779882335
production-topology4-4-1456778612,0.974193850078026,1.0015612409580306,2260,3840,1456779882335
production-topology2-2-1456778598,0.8865504922644162,1.0077585238831728,2000,1220,1456779882336
production-topology3-3-1456778605,1.0367245078266834,1.004633230483803,2140,4000,1456779882336
Running observer at: 1456779892804
production-topology1-1-1456778591,0.9578798007543158,1.0016538292160253,2280,1480,1456779893301
production-topology4-4-1456778612,1.0317904753005402,1.0050936118172968,2100,3920,1456779893301
production-topology2-2-1456778598,1.087169017181267,1.010636253636179,1980,1340,1456779893301
production-topology3-3-1456778605,1.0142998421712854,1.00428175644967,2540,4520,1456779893301
Running observer at: 1456779903907
production-topology1-1-1456778591,0.968473243667042,1.0080036522724383,2700,1700,1456779904436
production-topology4-4-1456778612,0.9773741140321301,1.0053876224182434,2320,4180,1456779904436
production-topology2-2-1456778598,0.9665252239509664,1.0104597175731471,2020,1260,1456779904437
production-topology3-3-1456778605,1.0658800195412113,1.0071425492136394,2460,4540,1456779904437
Running observer at: 1456779914900
production-topology1-1-1456778591,1.015556473035187,1.0072475616457603,2000,1260,1456779915633
production-topology4-4-1456778612,1.0342871532899234,1.0031034269294525,1940,3520,1456779915633
production-topology2-2-1456778598,0.9483405400256596,1.0073178319385918,1740,1100,1456779915633
production-topology3-3-1456778605,0.9296447369364926,1.0019922049601862,2280,4040,1456779915633
Running observer at: 1456779926110
production-topology1-1-1456778591,1.0533526850507984,1.0082343995218814,2600,1680,1456779926589
production-topology4-4-1456778612,1.0185671294261054,1.0081751152760847,2340,4260,1456779926589
production-topology2-2-1456778598,0.9690928181509808,1.0004030285571845,2160,1360,1456779926589
production-topology3-3-1456778605,0.9829122178953306,1.0001296455125464,2500,4540,1456779926589
Running observer at: 1456779937043
production-topology1-1-1456778591,1.0108407890014133,1.0077723368358193,2720,1760,1456779937512
production-topology4-4-1456778612,0.9702948203052555,1.0029262171502487,2260,4200,1456779937512
production-topology2-2-1456778598,1.1503673724489796,1.0116172036847044,2000,1320,1456779937512
production-topology3-3-1456778605,1.028957270443981,1.0050118855973862,2560,4700,1456779937512
Running observer at: 1456779948070
production-topology1-1-1456778591,0.9526430133777709,1.007257870846046,1940,1240,1456779948876
production-topology4-4-1456778612,1.0276767896944057,1.0044469497991226,1940,3400,1456779948876
production-topology2-2-1456778598,0.794361394989249,1.0065425720034156,1800,1080,1456779948876
production-topology3-3-1456778605,0.9543556337844867,0.9996751800595608,2280,3960,1456779948876
Running observer at: 1456779959335
production-topology1-1-1456778591,0.909845070240844,0.9995330447967687,2680,1680,1456779959864
production-topology4-4-1456778612,0.9926531087013091,1.0042797583696934,2440,4360,1456779959864
production-topology2-2-1456778598,1.0879006741636104,1.0099574674814962,2160,1360,1456779959864
production-topology3-3-1456778605,1.0381842370489822,1.001008599271847,2500,4500,1456779959864
Running observer at: 1456779970314
production-topology1-1-1456778591,1.1190311671570752,1.0019536544304144,2580,1700,1456779970796
production-topology4-4-1456778612,0.9987633970132929,1.003515063454114,2260,4020,1456779970796
production-topology2-2-1456778598,1.0121699563837465,1.0067544186988362,2080,1400,1456779970796
production-topology3-3-1456778605,0.984729557270976,1.0015982607742064,2520,4660,1456779970796
Running observer at: 1456779981354
production-topology1-1-1456778591,0.8070985116938341,0.9993933355725171,2000,1240,1456779981990
production-topology4-4-1456778612,0.9614356793149135,1.0039314890282358,1940,3480,1456779981991
production-topology2-2-1456778598,1.0314302387373808,1.0049233533066595,1760,1120,1456779981991
production-topology3-3-1456778605,0.9676115216163167,0.9988117692463871,2300,3940,1456779981991
Running observer at: 1456779992546
production-topology1-1-1456778591,1.1065283303995697,1.0016290156307126,2720,1700,1456779993048
production-topology4-4-1456778612,0.9976274750050114,1.0026874062867208,2460,4320,1456779993049
production-topology2-2-1456778598,0.9798909324470717,1.010618910532409,2080,1340,1456779993049
production-topology3-3-1456778605,1.1004376897758155,1.0024282397182636,2420,4560,1456779993049
Running observer at: 1456780003587
production-topology1-1-1456778591,1.0181524553267267,1.004729744701985,2600,1740,1456780004053
production-topology4-4-1456778612,1.0232909869060434,1.0041994055788497,2240,4140,1456780004053
production-topology2-2-1456778598,1.0394673442635751,1.003161421704475,2120,1360,1456780004053
production-topology3-3-1456778605,0.9292983502285828,0.9996580677218897,2540,4580,1456780004053
Running observer at: 1456780014502
production-topology1-1-1456778591,0.98349527877407,1.0019845272431056,2020,1280,1456780015026
production-topology4-4-1456778612,0.9575866408934707,1.0005509684844809,2000,3480,1456780015026
production-topology2-2-1456778598,0.8805418851196127,1.0038849079566412,1660,1140,1456780015026
production-topology3-3-1456778605,0.9670014801647355,0.9990637853471426,2300,4000,1456780015026
Running observer at: 1456780025648
production-topology1-1-1456778591,1.0157711932540576,1.004935760936473,2600,1620,1456780026176
production-topology4-4-1456778612,1.0192213183394092,1.0012207561939972,2240,4020,1456780026177
production-topology2-2-1456778598,1.1665851535403466,1.00827337734658,2220,1400,1456780026177
production-topology3-3-1456778605,1.0075750379233503,0.9967061679914022,2440,4320,1456780026177
Running observer at: 1456780036850
production-topology1-1-1456778591,0.9423036986594212,1.0019815989933236,2720,1660,1456780037346
production-topology4-4-1456778612,1.0409579729629992,1.003646106815087,2400,4420,1456780037346
production-topology2-2-1456778598,1.1033224845542806,1.0100821781659053,2000,1360,1456780037346
production-topology3-3-1456778605,1.0431646618618946,0.9994379004746782,2140,4100,1456780037346
Running observer at: 1456780047872
production-topology1-1-1456778591,1.1030400300146948,1.0080491778471632,1960,1240,1456780048373
production-topology4-4-1456778612,0.9552494699178373,1.0001969400883097,1960,3360,1456780048373
production-topology2-2-1456778598,0.8690608369784487,0.9995527408232819,1780,1080,1456780048373
production-topology3-3-1456778605,1.045237675588281,1.0003416109818144,2680,4820,1456780048374
Running observer at: 1456780059003
production-topology1-1-1456778591,0.9298894899893649,0.9943481207952545,2700,1740,1456780059529
production-topology4-4-1456778612,1.015414285397838,1.000449844444167,2240,4120,1456780059529
production-topology2-2-1456778598,0.9630835844213816,1.0051943350655734,2200,1420,1456780059529
production-topology3-3-1456778605,1.0121758260613785,1.0029143198837167,2380,4240,1456780059529
Running observer at: 1456780070085
production-topology1-1-1456778591,1.11367661005808,1.0024471222080984,2380,1680,1456780070627
production-topology4-4-1456778612,0.9771128798674724,1.000700504400107,2440,4400,1456780070627
production-topology2-2-1456778598,0.9923814319720347,1.0026109265513792,2040,1280,1456780070627
production-topology3-3-1456778605,0.9833293063379133,1.0006387329075688,2220,4040,1456780070628
Running observer at: 1456780081124
production-topology1-1-1456778591,1.0118585431481837,1.0019945189856305,2200,1300,1456780081627
production-topology4-4-1456778612,0.9402085443650878,0.9992922512005806,1920,3440,1456780081627
production-topology2-2-1456778598,1.1215404159455011,1.0061319560822357,1740,1100,1456780081627
production-topology3-3-1456778605,1.0594481938109102,1.0044445558958703,2480,4560,1456780081627
Running observer at: 1456780092342
production-topology1-1-1456778591,0.9641812100158457,1.0070381016613206,2680,1640,1456780092854
production-topology4-4-1456778612,1.0355398120033783,0.9971194509814718,2340,4180,1456780092855
production-topology2-2-1456778598,0.9863627259881513,1.0013091468895665,2080,1440,1456780092855
production-topology3-3-1456778605,0.8822102040099798,1.001418397523016,2640,4420,1456780092855
Running observer at: 1456780103408
production-topology1-1-1456778591,0.9415316037967523,1.0012681187939803,2440,1620,1456780103964
production-topology4-4-1456778612,0.9734466056830962,0.9980204343387377,2220,4000,1456780103964
production-topology2-2-1456778598,0.9683833801629058,1.0022448645230553,2120,1280,1456780103964
production-topology3-3-1456778605,1.0798232241676142,1.0017360991553643,2140,4120,1456780103964
Running observer at: 1456780114471
production-topology1-1-1456778591,1.0185842430986976,0.9994985449710468,2120,1440,1456780115063
production-topology4-4-1456778612,1.0814562040835343,1.0010141882087995,2060,3800,1456780115063
production-topology2-2-1456778598,0.879340775002864,0.9975896169033848,1740,1100,1456780115063
production-topology3-3-1456778605,0.9787744632393334,1.0001574403922013,2580,4580,1456780115063
Running observer at: 1456780125724
production-topology1-1-1456778591,1.074151220560183,1.0015191221854634,2760,1660,1456780126278
production-topology4-4-1456778612,0.9815760842099712,0.9999109913102119,2300,4060,1456780126278
production-topology2-2-1456778598,0.9997308673783363,0.9996310375761273,2140,1400,1456780126278
production-topology3-3-1456778605,0.9501966321205222,1.0006310555644111,2640,4520,1456780126278
Running observer at: 1456780136799
production-topology1-1-1456778591,1.0080789087804582,1.0037512206903627,2600,1680,1456780137340
production-topology4-4-1456778612,1.0311521789805342,1.0019317731611068,2380,4400,1456780137340
production-topology2-2-1456778598,1.1703060462426085,1.0004278038604233,2040,1280,1456780137340
production-topology3-3-1456778605,1.1274666583151849,1.003732523303429,2120,4100,1456780137341
Running observer at: 1456780147816
production-topology1-1-1456778591,1.0833307543520307,1.0046656058366596,2000,1300,1456780148313
production-topology4-4-1456778612,0.9853368579996962,1.000675165078527,1940,3480,1456780148313
production-topology2-2-1456778598,1.0252589754505466,1.0061046045436097,1740,1120,1456780148313
production-topology3-3-1456778605,0.9989823086957259,1.0053169642238653,2500,4620,1456780148313
Running observer at: 1456780158944
production-topology1-1-1456778591,0.9590819420894746,1.004449153798658,2640,1660,1456780159463
production-topology4-4-1456778612,0.9936481305688971,0.9993847967605447,2340,4080,1456780159463
production-topology2-2-1456778598,0.9595311935482355,1.0050524657588469,2120,1380,1456780159463
production-topology3-3-1456778605,0.9756459898949059,1.0038677031281156,2540,4500,1456780159463
Running observer at: 1456780170085
production-topology1-1-1456778591,1.1161056054838678,1.0090361933518746,2320,1600,1456780170646
production-topology4-4-1456778612,0.9651757045132726,0.9972272187009903,2320,4120,1456780170646
production-topology2-2-1456778598,0.9054611839562335,1.0043723522318981,2220,1340,1456780170646
production-topology3-3-1456778605,0.9807065069349811,1.0043841080753029,2260,3880,1456780170646
Running observer at: 1456780181160
production-topology1-1-1456778591,1.0023258597985396,1.010221362834534,2240,1360,1456780181642
production-topology4-4-1456778612,0.9858215749375663,1.0008092921014484,1940,3740,1456780181642
production-topology2-2-1456778598,1.194141763397428,1.01183318664895,1680,1060,1456780181642
production-topology3-3-1456778605,1.0203028818232944,1.0054453311289329,2460,4600,1456780181642
Running observer at: 1456780192259
production-topology1-1-1456778591,0.9067515184783446,1.0076478169954484,2720,1680,1456780192801
production-topology4-4-1456778612,1.028799594999973,0.9992499294586101,2340,4200,1456780192801
production-topology2-2-1456778598,1.0233123696990805,1.0126998379468275,2140,1280,1456780192801
production-topology3-3-1456778605,0.9516344494938,1.0028755151320465,2680,4500,1456780192801
Running observer at: 1456780203420
production-topology1-1-1456778591,1.0407283729269383,1.0100956543114443,2300,1580,1456780204051
production-topology4-4-1456778612,1.024890350877193,1.0000183063222727,1920,3400,1456780204051
production-topology2-2-1456778598,0.8376952237886478,0.9999768767384514,1960,1260,1456780204051
production-topology3-3-1456778605,1.1338421235022529,1.0076851069495403,2180,4080,1456780204051
Running observer at: 1456780214517
production-topology1-1-1456778591,0.9154636529549721,1.0016583758646183,2280,1440,1456780215011
production-topology4-4-1456778612,0.9556389678171284,0.9993998102469097,2460,4280,1456780215012
production-topology2-2-1456778598,1.1424638151233295,1.0085073208337485,1840,1240,1456780215012
production-topology3-3-1456778605,0.9687808387908559,1.0054203179816794,2500,4480,1456780215012
Running observer at: 1456780225607
production-topology1-1-1456778591,1.0253086190931395,1.003906003142579,2700,1660,1456780226094
production-topology4-4-1456778612,1.0396860449190182,0.9996629959008589,2260,4220,1456780226095
production-topology2-2-1456778598,0.9317581395445194,1.003326958245857,2160,1280,1456780226095
production-topology3-3-1456778605,0.9812339336217133,1.004318121030027,2540,4540,1456780226095
Running observer at: 1456780236725
production-topology1-1-1456778591,1.1477116990496194,1.0098806183219984,2220,1460,1456780237344
production-topology4-4-1456778612,0.9831440512596754,0.999855327141777,1940,3360,1456780237345
production-topology2-2-1456778598,0.9303713527851457,1.0021218292069962,1860,1180,1456780237345
production-topology3-3-1456778605,0.9609883142206526,1.000821730852675,2200,4040,1456780237345
Running observer at: 1456780247877
production-topology1-1-1456778591,0.9336347918606197,1.0071498956161795,2360,1560,1456780248412
production-topology4-4-1456778612,1.0274613622721607,0.9996278007745184,2360,4340,1456780248412
production-topology2-2-1456778598,1.0716038823308116,1.0062306072838347,2000,1240,1456780248412
production-topology3-3-1456778605,0.9768662638100469,1.0023957817484601,2580,4520,1456780248412
Running observer at: 1456780259017
production-topology1-1-1456778591,0.9826283482747449,1.0047924177236445,2680,1680,1456780259524
production-topology4-4-1456778612,0.9374594753905099,0.9969242123066652,2300,4120,1456780259524
production-topology2-2-1456778598,0.9435507862622716,1.0053792062208777,2180,1380,1456780259524
production-topology3-3-1456778605,1.0332862731602073,1.0040749169239558,2500,4580,1456780259524
Running observer at: 1456780270119
production-topology1-1-1456778591,0.8955033344247116,1.000947835904421,2400,1540,1456780270759
production-topology4-4-1456778612,1.0421440790209937,0.9993191875971897,2060,3720,1456780270759
production-topology2-2-1456778598,1.0593587606837604,1.002345585828704,1880,1240,1456780270759
production-topology3-3-1456778605,0.972506494251284,1.0021932243841993,2300,4180,1456780270759
Running observer at: 1456780281234
production-topology1-1-1456778591,1.1170266604413746,1.0064272908065413,2280,1420,1456780281840
production-topology4-4-1456778612,0.9952717114710581,0.9982390183230782,2300,4060,1456780281840
production-topology2-2-1456778598,0.9829655155088098,1.0086323898460228,1840,1140,1456780281840
production-topology3-3-1456778605,1.0859122492658426,1.0065784449002444,2440,4420,1456780281841
Running observer at: 1456780292460
production-topology1-1-1456778591,0.9900648796324787,1.009101284452929,2600,1680,1456780292954
production-topology4-4-1456778612,1.012092709377132,0.9988870050122721,2260,4160,1456780292954
production-topology2-2-1456778598,1.1169027783651206,1.0095991266527398,2140,1460,1456780292954
production-topology3-3-1456778605,0.9189021609778341,1.0026023756978728,2560,4560,1456780292954
Running observer at: 1456780303560
production-topology1-1-1456778591,0.9535561087592934,1.003585449173003,2380,1520,1456780304197
production-topology4-4-1456778612,1.0107614672881944,0.9992869406881023,2160,3820,1456780304197
production-topology2-2-1456778598,0.9279653968982398,1.0067923080032226,2020,1240,1456780304197
production-topology3-3-1456778605,1.0716882258521387,1.0055009979839116,2300,4020,1456780304197
Running observer at: 1456780314673
production-topology1-1-1456778591,1.0684926205586234,1.0122985861351625,2320,1400,1456780315201
production-topology4-4-1456778612,0.9911750236274952,1.0002782521651883,2220,4080,1456780315201
production-topology2-2-1456778598,0.9948922591640305,1.0055743753507775,1800,1200,1456780315201
production-topology3-3-1456778605,0.9959875660436404,1.0064468661314891,2520,4580,1456780315201
Running observer at: 1456780325783
production-topology1-1-1456778591,0.9727757191677687,1.0078401657607692,2620,1660,1456780326287
production-topology4-4-1456778612,1.0058672117495646,1.0005529100566735,2220,4080,1456780326287
production-topology2-2-1456778598,1.0415285178832228,1.0076289615319824,2160,1420,1456780326287
production-topology3-3-1456778605,0.9571446929086673,1.001670432902584,2480,4480,1456780326287
Running observer at: 1456780336926
production-topology1-1-1456778591,1.1264748232361221,1.011450911357749,2240,1560,1456780337555
production-topology4-4-1456778612,1.0240600308154262,1.0005785448536528,2220,3860,1456780337555
production-topology2-2-1456778598,1.0276500862412645,1.0072350529312388,1960,1200,1456780337556
production-topology3-3-1456778605,1.0010340453911881,1.0040616227413375,2220,4060,1456780337556
Running observer at: 1456780347996
production-topology1-1-1456778591,0.9075043453123537,1.0089178802423584,2340,1520,1456780348506
production-topology4-4-1456778612,1.0143867957865882,1.00247188335009,2140,3980,1456780348506
production-topology2-2-1456778598,0.919067487438607,1.0085192396752054,1880,1240,1456780348506
production-topology3-3-1456778605,0.9932876410594886,1.004937828104496,2560,4620,1456780348506
Running observer at: 1456780359032
production-topology1-1-1456778591,0.9125215008136345,1.0054762238276778,2660,1640,1456780359527
production-topology4-4-1456778612,0.9846472926992084,1.0013194158287502,2280,4140,1456780359527
production-topology2-2-1456778598,1.0013357622923382,1.0030109266336051,2160,1340,1456780359528
production-topology3-3-1456778605,0.9742638911224686,1.0038274565444667,2500,4460,1456780359528
Running observer at: 1456780370010
production-topology1-1-1456778591,1.0504998770589133,1.0090827631076609,2260,1460,1456780370690
production-topology4-4-1456778612,1.062602164388719,1.002040888876274,1920,3500,1456780370690
production-topology2-2-1456778598,1.049739255786238,1.0012248190080038,1640,1020,1456780370690
production-topology3-3-1456778605,1.0071464961118908,1.0026268510194667,2280,3980,1456780370690
Running observer at: 1456780381182
production-topology1-1-1456778591,1.1009250722295578,1.009012264514823,2380,1540,1456780381737
production-topology4-4-1456778612,0.9464509161442702,1.0017476037504882,2340,4040,1456780381737
production-topology2-2-1456778598,1.107152527718289,1.0091612086993318,2120,1420,1456780381737
production-topology3-3-1456778605,1.005903,1.0013156951665239,2500,4620,1456780381737
Running observer at: 1456780392245
production-topology1-1-1456778591,1.0575470245235201,1.0132675156659616,2680,1680,1456780392717
production-topology4-4-1456778612,1.0364796587680565,1.0024497828628287,2380,4300,1456780392717
production-topology2-2-1456778598,0.8432386549551797,1.0051663777171251,2220,1360,1456780392717
production-topology3-3-1456778605,0.9758046022568192,1.0001033210397052,2520,4540,1456780392718
Running observer at: 1456780403205
production-topology1-1-1456778591,0.8922317163746875,1.0058860192098484,2060,1320,1456780403889
production-topology4-4-1456778612,1.0031414969673256,1.003317403432824,1860,3440,1456780403889
production-topology2-2-1456778598,1.0417703770078321,1.006812675884985,1560,1000,1456780403889
production-topology3-3-1456778605,1.0599809426315987,1.002658375582828,2220,4100,1456780403889
Running observer at: 1456780414431
production-topology1-1-1456778591,1.0312559743564464,1.006532600250124,2600,1580,1456780414809
production-topology4-4-1456778612,0.9336767115290572,1.003099675671623,2380,4080,1456780414809
production-topology2-2-1456778598,1.0733789619978686,1.0052072940867305,2200,1360,1456780414809
production-topology3-3-1456778605,1.0145460325161986,1.001161636873004,2540,4500,1456780414809
Running observer at: 1456780425179
production-topology1-1-1456778591,1.0798789634185826,1.010389192030215,2100,1440,1456780425584
production-topology4-4-1456778612,1.0504995720310328,1.0035983343392116,2420,4320,1456780425584
production-topology2-2-1456778598,0.9879316987066541,1.0052595931773471,2120,1380,1456780425584
production-topology3-3-1456778605,0.9799515066810665,1.0044196802953735,2120,3840,1456780425585
Running observer at: 1456780435905
production-topology1-1-1456778591,2.0,1.0456714719036566,40,20,1456780436312
production-topology4-4-1456778612,0.9855608722790437,1.0040021432257433,1800,3280,1456780436312
production-topology2-2-1456778598,1.3211531381241461,1.0170185851093885,960,660,1456780436312
production-topology3-3-1456778605,0.9819536745806277,1.0011573619758074,2560,4620,1456780436312
