Running observer at: 1456818398214
production-topology1-1-1456818397,0.0,0.0,0,0,1456818398511
Running observer at: 1456818400038
production-topology1-1-1456818397,0.0,0.0,0,0,1456818400361
Running observer at: 1456818405108
production-topology1-1-1456818397,0.0,0.0,0,0,1456818405464
production-topology2-2-1456818404,0.0,0.0,0,0,1456818405465
Running observer at: 1456818410941
production-topology1-1-1456818397,0.0,0.0,140,0,1456818411361
production-topology2-2-1456818404,0.0,0.0,0,0,1456818411361
Running observer at: 1456818411955
production-topology3-3-1456818411,0.0,0.0,0,0,1456818412344
production-topology1-1-1456818397,0.0,0.0,0,0,1456818412344
production-topology2-2-1456818404,0.0,0.0,0,0,1456818412345
Running observer at: 1456818419215
production-topology3-3-1456818411,0.0,0.0,0,0,1456818420011
production-topology1-1-1456818397,0.4088558500323206,0.06814264167205343,780,260,1456818420011
production-topology2-2-1456818404,0.0,0.0,140,20,1456818420012
production-topology4-4-1456818418,0.0,0.0,0,0,1456818420012
Running observer at: 1456818421828
production-topology3-3-1456818411,0.0,0.0,0,0,1456818422441
production-topology1-1-1456818397,1.8585650634522815,0.3239172733549432,360,300,1456818422442
production-topology2-2-1456818404,0.0,0.0,260,0,1456818422442
production-topology4-4-1456818418,0.0,0.0,0,0,1456818422442
Running observer at: 1456818433128
production-topology3-3-1456818411,0.8984225269054991,0.22460563172637477,680,880,1456818433698
production-topology1-1-1456818397,0.9819040495375813,0.40616562037777293,2220,1580,1456818433698
production-topology2-2-1456818404,1.0287110196956712,0.1714518366159452,1640,1140,1456818433698
production-topology4-4-1456818418,0.0,0.0,0,0,1456818433698
Running observer at: 1456818444294
production-topology3-3-1456818411,1.0471774020620839,0.3891199857935166,2060,3920,1456818444956
production-topology1-1-1456818397,1.299898768070064,0.5054693034546942,2280,1540,1456818444956
production-topology2-2-1456818404,1.0180733409839904,0.2923977658113803,2340,1720,1456818444956
production-topology4-4-1456818418,0.9645787677078,0.24114469192695,1260,2180,1456818444957
Running observer at: 1456818455658
production-topology3-3-1456818411,1.0458992853729452,0.498583202390088,2080,3880,1456818456376
production-topology1-1-1456818397,0.9169952172132134,0.5466218948305461,2400,1580,1456818456376
production-topology2-2-1456818404,1.024257353366628,0.3838802142557862,2100,1280,1456818456377
production-topology4-4-1456818418,1.0559584905026411,0.4041074516420882,2020,3700,1456818456377
Running observer at: 1456818466994
production-topology3-3-1456818411,0.993581856371299,0.5692972958159753,2440,4380,1456818467639
production-topology1-1-1456818397,0.9327457736411158,0.5817240656315069,1880,1240,1456818467640
production-topology2-2-1456818404,1.085713270381124,0.4618616649363793,2360,1540,1456818467640
production-topology4-4-1456818418,0.925238272031319,0.49096258837362666,2320,4160,1456818467640
Running observer at: 1456818478284
production-topology3-3-1456818411,0.9699392770571279,0.6193775434711194,2160,3680,1456818478866
production-topology1-1-1456818397,1.1419387106310233,0.6284086193814666,2420,1660,1456818478866
production-topology2-2-1456818404,0.8465331537739689,0.5003288138201383,2340,1440,1456818478867
production-topology4-4-1456818418,1.095563650828331,0.5773341687242988,2280,4200,1456818478867
Running observer at: 1456818489548
production-topology3-3-1456818411,1.0085333914832708,0.6626170821391362,2160,4120,1456818490140
production-topology1-1-1456818397,0.867203785862171,0.6467774783415208,2300,1420,1456818490140
production-topology2-2-1456818404,1.1113026498360281,0.5558718898215828,2120,1400,1456818490140
production-topology4-4-1456818418,0.9298411202686504,0.6213975376673427,2320,4020,1456818490141
Running observer at: 1456818500717
production-topology3-3-1456818411,0.9654941388221526,0.6929047878074378,2440,4080,1456818501283
production-topology1-1-1456818397,0.9584692324418349,0.6690411750629719,1920,1180,1456818501284
production-topology2-2-1456818404,0.9739569132678838,0.5907123084421079,2200,1340,1456818501284
production-topology4-4-1456818418,1.048372783524825,0.6688392316515075,2000,3600,1456818501284
Running observer at: 1456818511895
production-topology3-3-1456818411,1.0742900878151591,0.7275761787172307,1920,3700,1456818512489
production-topology1-1-1456818397,1.0975698269570087,0.6976097518559077,2440,1560,1456818512489
production-topology2-2-1456818404,1.14378212496171,0.6332561404820771,2240,1480,1456818512489
production-topology4-4-1456818418,0.9902828047785176,0.7009835889642084,2260,4180,1456818512490
Running observer at: 1456818523176
production-topology3-3-1456818411,0.921783814745111,0.7437601483862206,2420,4360,1456818523694
production-topology1-1-1456818397,0.9822987377521979,0.7154028134744258,2220,1500,1456818523695
production-topology2-2-1456818404,0.9609968556568167,0.6566661915659872,2160,1400,1456818523695
production-topology4-4-1456818418,1.0111817947314243,0.729183425852137,2440,4340,1456818523695
Running observer at: 1456818534365
production-topology3-3-1456818411,1.0374448763949893,0.7663512813099721,2200,3900,1456818534969
production-topology1-1-1456818397,0.9560996675575257,0.7295614519499023,2320,1440,1456818534970
production-topology2-2-1456818404,1.0136933864811104,0.6804680045603286,2220,1340,1456818534970
production-topology4-4-1456818418,0.9431794196772036,0.7470164253375593,1980,3480,1456818534970
Running observer at: 1456818545565
production-topology3-3-1456818411,1.0262493718771442,0.7849154306361986,2360,4340,1456818546109
production-topology1-1-1456818397,1.0876472395409775,0.7494551068160731,2080,1320,1456818546109
production-topology2-2-1456818404,0.9902955472215665,0.6998322259766561,2240,1420,1456818546109
production-topology4-4-1456818418,0.9976517680708965,0.7662960670862776,2260,4060,1456818546109
Running observer at: 1456818556657
production-topology3-3-1456818411,1.0425926545197441,0.802093912228435,2080,3680,1456818557174
production-topology1-1-1456818397,1.0279611586194717,0.7641133200688837,2340,1440,1456818557174
production-topology2-2-1456818404,0.814137042852109,0.7065560387340356,2300,1460,1456818557174
production-topology4-4-1456818418,1.0265727908403521,0.7848872616401401,2460,4280,1456818557174
Running observer at: 1456818567794
production-topology3-3-1456818411,0.9496093178049327,0.8113136250769661,2240,3920,1456818568416
production-topology1-1-1456818397,0.9926286161803041,0.7755390848744547,2300,1480,1456818568417
production-topology2-2-1456818404,1.0433595694513091,0.7252673459961064,2020,1300,1456818568417
production-topology4-4-1456818418,0.962124030446476,0.7967030462272292,1940,3460,1456818568417
Running observer at: 1456818579033
production-topology3-3-1456818411,0.9909502749578818,0.8218804868346671,2360,4280,1456818579544
production-topology1-1-1456818397,1.130284397279005,0.792431718798481,1960,1260,1456818579544
production-topology2-2-1456818404,1.013771572628309,0.7404517789767486,2460,1560,1456818579545
production-topology4-4-1456818418,1.0188114573334839,0.8105848219213702,2280,4080,1456818579545
Running observer at: 1456818590125
production-topology3-3-1456818411,1.0667839882356371,0.8354862369124987,1980,3680,1456818590677
production-topology1-1-1456818397,0.9106860222259702,0.7978069144088213,2400,1480,1456818590677
production-topology2-2-1456818404,1.0272259963579822,0.7547904898458103,2100,1340,1456818590677
production-topology4-4-1456818418,1.042320846628346,0.8242163527864864,2380,4440,1456818590677
Running observer at: 1456818601281
production-topology3-3-1456818411,1.005346007738457,0.8444262248507071,2200,3920,1456818601856
production-topology1-1-1456818397,0.9509040610516999,0.8044633120889465,2320,1520,1456818601856
production-topology2-2-1456818404,1.002913494911666,0.7666058710394226,2100,1300,1456818601856
production-topology4-4-1456818418,0.9850941452435511,0.83315400792299,1900,3400,1456818601857
Running observer at: 1456818612579
production-topology3-3-1456818411,0.961441471989656,0.8502769872076545,2400,4380,1456818613088
production-topology1-1-1456818397,1.0681626478382409,0.8154507844118338,1860,1200,1456818613088
production-topology2-2-1456818404,1.1060513745037046,0.7820352121059808,2300,1600,1456818613088
production-topology4-4-1456818418,0.9908667695955111,0.8414546795899648,2340,4060,1456818613089
Running observer at: 1456818623707
production-topology3-3-1456818411,0.9349826622435834,0.854310590780794,2080,3620,1456818624233
production-topology1-1-1456818397,0.9174536664845967,0.8195308996947444,2480,1500,1456818624233
production-topology2-2-1456818404,0.9862142695634973,0.7909125624302206,2300,1420,1456818624233
production-topology4-4-1456818418,0.9905487945982612,0.8489093853403796,2340,4320,1456818624234
Running observer at: 1456818634806
production-topology3-3-1456818411,1.1293806964717747,0.8668137774031113,2120,3880,1456818635437
production-topology1-1-1456818397,1.150976227916986,0.8322787969340613,2180,1420,1456818635438
production-topology2-2-1456818404,0.9792228390166534,0.7987588239546554,1940,1300,1456818635438
production-topology4-4-1456818418,1.0286803702312404,0.8574699084304205,2200,4000,1456818635438
Running observer at: 1456818646013
production-topology3-3-1456818411,0.942827700026756,0.8701187305606611,2360,4380,1456818646599
production-topology1-1-1456818397,0.9694256895510642,0.8373583114754317,2000,1220,1456818646599
production-topology2-2-1456818404,0.942355363179855,0.8045026855236632,2440,1500,1456818646599
production-topology4-4-1456818418,0.9794502544329466,0.8630144696123536,2020,3640,1456818646600
Running observer at: 1456818657245
production-topology3-3-1456818411,1.056272652669505,0.877875143981863,2060,3680,1456818657832
production-topology1-1-1456818397,0.8657789445530528,0.8383733340853468,2400,1540,1456818657833
production-topology2-2-1456818404,1.0740194213718697,0.8148687138255173,2260,1480,1456818657833
production-topology4-4-1456818418,0.9184803122297924,0.8654260279870248,2440,4240,1456818657833
Running observer at: 1456818668362
production-topology3-3-1456818411,0.970059192133653,0.8815625059079346,2380,4020,1456818668941
production-topology1-1-1456818397,1.2199055994453272,0.8515296190977598,2240,1520,1456818668941
production-topology2-2-1456818404,0.9795414858837171,0.8209677053832285,2200,1420,1456818668941
production-topology4-4-1456818418,1.0649177905698792,0.8737381847613105,2300,4180,1456818668941
Running observer at: 1456818679394
production-topology3-3-1456818411,0.9534633840514884,0.8843279242980713,2320,4120,1456818680001
production-topology1-1-1456818397,0.7915908178230034,0.849531659055268,1980,1180,1456818680002
production-topology2-2-1456818404,1.136640916762714,0.8322417486467816,2160,1400,1456818680002
production-topology4-4-1456818418,1.0248367215077654,0.8797821262311686,1960,3400,1456818680002
Running observer at: 1456818690602
production-topology3-3-1456818411,1.135057028527408,0.8936141874176764,1920,3780,1456818691239
production-topology1-1-1456818397,1.12989913769356,0.8871949636450532,2400,1600,1456818691240
production-topology2-2-1456818404,0.8538942167974426,0.832988385479563,2240,1440,1456818691240
production-topology4-4-1456818418,0.9398848623531173,0.8820937699281667,2340,4340,1456818691240
Running observer at: 1456818701764
production-topology3-3-1456818411,0.9083487598583924,0.894140422147702,2320,3980,1456818702313
production-topology1-1-1456818397,0.8846028119640323,0.9166817240438544,2320,1420,1456818702314
production-topology2-2-1456818404,1.0255006340181647,0.8394054604308497,2220,1380,1456818702314
production-topology4-4-1456818418,1.0310071253590658,0.8876090793885703,2440,4340,1456818702314
Running observer at: 1456818712810
production-topology3-3-1456818411,1.0591842219510204,0.8998315876581613,2300,4280,1456818713394
production-topology1-1-1456818397,1.1386581911108729,0.9546369970808836,1900,1240,1456818713395
production-topology2-2-1456818404,1.0568200095572207,0.8746327940827571,2100,1380,1456818713395
production-topology4-4-1456818418,1.0283897137345415,0.8926369591866407,1780,3260,1456818713395
Running observer at: 1456818724011
production-topology3-3-1456818411,1.0157572205409573,0.9036957754209212,1980,3540,1456818724579
production-topology1-1-1456818397,1.042755087725463,0.9893955000050656,2380,1580,1456818724580
production-topology2-2-1456818404,1.077601957367353,0.9105528593283355,2220,1460,1456818724580
production-topology4-4-1456818418,0.9424080635437163,0.8943532041644708,2460,4320,1456818724580
Running observer at: 1456818735028
production-topology3-3-1456818411,0.9523914185866683,0.9354421560404768,2200,3940,1456818735579
production-topology1-1-1456818397,0.8363658265329849,1.0172743608894985,2340,1400,1456818735589
production-topology2-2-1456818404,0.967037701055997,0.9427874493635354,2020,1320,1456818735589
production-topology4-4-1456818418,1.0020375178706584,0.8979426812880104,2220,4080,1456818735590
Running observer at: 1456818746071
production-topology3-3-1456818411,1.05792980703501,0.9707064829416437,2420,4360,1456818746621
production-topology1-1-1456818397,1.1017059534119116,1.0403693643354848,1940,1260,1456818746621
production-topology2-2-1456818404,1.0049663064655383,0.97628632624572,2260,1440,1456818746621
production-topology4-4-1456818418,0.9787973160399763,0.9305692584893429,1980,3480,1456818746621
Running observer at: 1456818757166
production-topology3-3-1456818411,0.9840247678128079,1.003507308535404,2040,3640,1456818757733
production-topology1-1-1456818397,0.9922542010824704,1.0114923355898242,2360,1520,1456818757733
production-topology2-2-1456818404,1.0219208844444037,1.0103503557272002,2380,1420,1456818757733
production-topology4-4-1456818418,1.0612422260413923,0.9659439993573894,2380,4360,1456818757733
Running observer at: 1456818768260
production-topology3-3-1456818411,0.9774949489670633,1.0061430559374562,2240,3980,1456818768903
production-topology1-1-1456818397,0.9884577508169734,1.0117107922991375,2320,1540,1456818768903
production-topology2-2-1456818404,1.0070436571493655,1.0096281103089901,2000,1320,1456818768904
production-topology4-4-1456818418,0.9546255854120305,0.9977648522044571,2300,4040,1456818768904
Running observer at: 1456818779387
production-topology3-3-1456818411,0.9664277844288085,1.003451402016347,2320,4260,1456818779929
production-topology1-1-1456818397,1.1254637846874163,1.0058962928530493,1960,1220,1456818779929
production-topology2-2-1456818404,1.1107166642258903,1.0127162210837202,2260,1500,1456818779929
production-topology4-4-1456818418,1.0700602287798486,1.0012809009068588,1900,3440,1456818779930
Running observer at: 1456818790511
production-topology3-3-1456818411,1.0561894161523846,1.0037944063756616,2120,3680,1456818791074
production-topology1-1-1456818397,1.0309014389844466,1.0096931669120903,2320,1500,1456818791075
production-topology2-2-1456818404,0.7726630628210724,1.0043297447322017,2320,1480,1456818791075
production-topology4-4-1456818418,0.9712778588332913,0.9984582131845471,2460,4460,1456818791075
Running observer at: 1456818801573
production-topology3-3-1456818411,0.957090160054354,1.0025780164984301,2120,3860,1456818802199
production-topology1-1-1456818397,1.0143258947000455,1.0124125042807215,2240,1400,1456818802200
production-topology2-2-1456818404,1.0591382258521065,1.0034439099145678,2140,1240,1456818802200
production-topology4-4-1456818418,1.0177671226496217,1.0015425082051572,2280,4120,1456818802200
Running observer at: 1456818812681
production-topology3-3-1456818411,0.9848470849850847,1.003074943429362,2460,4340,1456818813269
production-topology1-1-1456818397,0.9972758675223674,1.0075904095104329,2000,1240,1456818813269
production-topology2-2-1456818404,0.9223024812260253,1.0059695541629696,2260,1500,1456818813270
production-topology4-4-1456818418,1.0030659490620426,0.9984592514796141,1920,3500,1456818813270
Running observer at: 1456818823832
production-topology3-3-1456818411,1.0594979748601427,1.0047737628752575,2020,3620,1456818824430
production-topology1-1-1456818397,0.8743897073174107,1.0078299402256077,2360,1560,1456818824430
production-topology2-2-1456818404,1.207228106316756,1.009167069378994,2220,1440,1456818824431
production-topology4-4-1456818418,0.9738931867553384,0.999927653695837,2360,4160,1456818824431
Running observer at: 1456818834930
production-topology3-3-1456818411,0.9595199292097107,1.0045746225548429,2180,3940,1456818835514
production-topology1-1-1456818397,1.1879443018947837,1.0154791092073725,2260,1420,1456818835514
production-topology2-2-1456818404,0.9373215305539693,1.0079458899551965,2040,1240,1456818835514
production-topology4-4-1456818418,1.0107946026986507,0.9986750476682978,2300,4180,1456818835514
Running observer at: 1456818845984
production-topology3-3-1456818411,1.0264825079669895,1.0029810365599041,2360,4260,1456818846554
production-topology1-1-1456818397,0.8406349935107396,1.0069146147591637,1940,1260,1456818846555
production-topology2-2-1456818404,0.9175599977358345,1.0004051523810007,2280,1500,1456818846555
production-topology4-4-1456818418,1.0080062403495598,0.9992658288539993,1960,3420,1456818846555
Running observer at: 1456818857105
production-topology3-3-1456818411,1.1218389350652564,1.0096495405705754,2040,3680,1456818857630
production-topology1-1-1456818397,1.0607701869401909,1.0095303297320966,2440,1500,1456818857630
production-topology2-2-1456818404,1.0812019427413893,1.0044119886171532,2320,1420,1456818857630
production-topology4-4-1456818418,0.9443945632280775,0.9970395878038878,2440,4320,1456818857630
Running observer at: 1456818868230
production-topology3-3-1456818411,0.890421709715188,1.0047487683479155,2220,3920,1456818868870
production-topology1-1-1456818397,0.9312753623188406,1.008702852890807,2320,1520,1456818868870
production-topology2-2-1456818404,1.0249535527341074,1.004787327492253,2120,1440,1456818868870
production-topology4-4-1456818418,1.0716590799843173,1.0013222431474584,2200,4160,1456818868870
Running observer at: 1456818879342
production-topology3-3-1456818411,1.1323993284918659,1.0082871002350728,2300,4380,1456818879923
production-topology1-1-1456818397,1.0571636017025343,1.0076867316295257,1860,1200,1456818879923
production-topology2-2-1456818404,0.9972754797062895,1.0050199919084106,2160,1440,1456818879923
production-topology4-4-1456818418,0.9640149790852697,1.0002010168479374,1940,3480,1456818879923
Running observer at: 1456818890568
production-topology3-3-1456818411,0.9491145591523922,1.0051711637228278,2160,3640,1456818891101
production-topology1-1-1456818397,1.0622169171025606,1.0088285902456284,2340,1600,1456818891101
production-topology2-2-1456818404,0.9037157944624864,1.008005950295423,2300,1420,1456818891101
production-topology4-4-1456818418,1.0591184398574727,1.0012858718151747,2400,4380,1456818891101
Running observer at: 1456818901650
production-topology3-3-1456818411,0.977428939616462,1.0060984844498786,2060,3860,1456818902231
production-topology1-1-1456818397,1.0373967945604663,1.0103208628583005,2320,1440,1456818902231
production-topology2-2-1456818404,1.185675134837122,1.0127498024749504,2180,1440,1456818902231
production-topology4-4-1456818418,0.986390903816533,1.0020947675941765,2300,4160,1456818902231
Running observer at: 1456818912707
production-topology3-3-1456818411,0.967388496112221,1.00531309182169,2460,4260,1456818913308
production-topology1-1-1456818397,0.9819967266775776,1.0053779405049197,1940,1200,1456818913308
production-topology2-2-1456818404,0.855318269337267,1.0074680256985824,2160,1360,1456818913308
production-topology4-4-1456818418,0.9633157274763059,1.0002449099322708,1900,3380,1456818913308
Running observer at: 1456818923875
production-topology3-3-1456818411,1.096481821721691,1.0063030196045584,2020,3760,1456818924398
production-topology1-1-1456818397,0.9107621886310411,1.0053804793850887,2380,1520,1456818924398
production-topology2-2-1456818404,1.057540930328751,1.008478523497608,2220,1480,1456818924398
production-topology4-4-1456818418,1.0565357235024202,1.0007187391614063,2340,4400,1456818924398
Running observer at: 1456818934936
production-topology3-3-1456818411,0.9219140272729758,1.0035219535890425,2220,3960,1456818935502
production-topology1-1-1456818397,1.1419516586503282,1.0117487326383765,2320,1500,1456818935502
production-topology2-2-1456818404,0.9504971773628051,1.0067313129126458,2220,1360,1456818935502
production-topology4-4-1456818418,0.96101898690734,0.9999162338835326,2300,4140,1456818935503
Running observer at: 1456818945981
production-topology3-3-1456818411,1.0329455196739588,1.005905421845186,2300,4320,1456818946596
production-topology1-1-1456818397,0.9239946866320492,1.0069431339315034,1900,1240,1456818946596
production-topology2-2-1456818404,1.1827883360520632,1.0092892116309244,2160,1360,1456818946596
production-topology4-4-1456818418,1.050575839046993,1.0019065361985822,2000,3360,1456818946596
Running observer at: 1456818957169
production-topology3-3-1456818411,0.9810988169269574,1.0074426270012984,2100,3580,1456818957700
production-topology1-1-1456818397,0.9908047225843836,1.0093881691348294,2400,1520,1456818957700
production-topology2-2-1456818404,0.8726616129951553,1.0055041230786463,2320,1440,1456818957700
production-topology4-4-1456818418,0.9596071168850817,1.000875146941476,2340,4380,1456818957701
Running observer at: 1456818968243
production-topology3-3-1456818411,1.0785525650390513,1.0057483559535407,2220,4020,1456818968925
production-topology1-1-1456818397,0.9588595485646497,1.0029842798230848,2300,1460,1456818968925
production-topology2-2-1456818404,1.0858000210405225,1.0090566958127754,2120,1380,1456818968925
production-topology4-4-1456818418,0.9497797689153102,0.9982451268976117,2280,4100,1456818968925
Running observer at: 1456818979410
production-topology3-3-1456818411,0.9192077124104774,1.0049610230329982,2380,4280,1456818980002
production-topology1-1-1456818397,1.1851907303720566,1.0101764478504511,1940,1300,1456818980002
production-topology2-2-1456818404,1.0767672279329512,1.0135370913045452,2140,1260,1456818980002
production-topology4-4-1456818418,1.1682411468741287,1.0045381566456513,1880,3460,1456818980002
Running observer at: 1456818990576
production-topology3-3-1456818411,1.0360453433423171,1.0042867793887587,2060,3640,1456818991081
production-topology1-1-1456818397,0.9389335519329894,1.0126149347631157,2440,1500,1456818991081
production-topology2-2-1456818404,0.9154645360386169,1.0082519284601035,2320,1540,1456818991082
production-topology4-4-1456818418,0.8893811414069108,1.0035681842848885,2540,4360,1456818991082
Running observer at: 1456819001606
production-topology3-3-1456818411,1.0263393398391791,1.006162784312276,2120,3900,1456819002223
production-topology1-1-1456818397,0.9281079581646632,1.0028883467204268,2280,1440,1456819002223
production-topology2-2-1456818404,0.9709835957483421,1.007966665455591,2100,1380,1456819002223
production-topology4-4-1456818418,1.012897582669239,1.0018341773548671,2220,4120,1456819002223
Running observer at: 1456819012702
production-topology3-3-1456818411,0.9591334894613581,1.0063517878259385,2400,4300,1456819013297
production-topology1-1-1456818397,1.0290542529459137,1.0108037945578574,1840,1280,1456819013297
production-topology2-2-1456818404,0.891087113612571,0.9997815386839193,2200,1320,1456819013297
production-topology4-4-1456818418,1.019652460002004,1.0016613686380085,1920,3500,1456819013297
Running observer at: 1456819023808
production-topology3-3-1456818411,1.030718597005895,1.0028738401085546,2080,3820,1456819024357
production-topology1-1-1456818397,0.9701834943496127,1.0054799397797258,2520,1540,1456819024358
production-topology2-2-1456818404,1.213095521204915,1.0117549154975018,2260,1540,1456819024358
production-topology4-4-1456818418,0.9576736415186917,1.0022543279435276,2460,4340,1456819024358
Running observer at: 1456819034921
production-topology3-3-1456818411,0.9470660029652644,1.0041644148787838,2220,3860,1456819035497
production-topology1-1-1456818397,1.0667651033259773,1.0115520161584572,2260,1460,1456819035498
production-topology2-2-1456818404,0.9004309698248455,1.0075859266910578,2200,1320,1456819035498
production-topology4-4-1456818418,1.0999402470563968,1.004552098666772,2200,4100,1456819035498
Running observer at: 1456819046017
production-topology3-3-1456818411,1.0312708184120911,1.0032339680941529,2380,4280,1456819046657
production-topology1-1-1456818397,0.9930271111697141,1.0066976468270854,1920,1220,1456819046657
production-topology2-2-1456818404,1.0696274029720494,1.0080128398048855,2120,1400,1456819046657
production-topology4-4-1456818418,0.9594818363858363,1.0022551694218154,2000,3440,1456819046657
Running observer at: 1456819057265
production-topology3-3-1456818411,0.9858308271968248,1.0022364216493485,2060,3700,1456819057814
production-topology1-1-1456818397,1.0371313040741887,1.006510187372043,2380,1560,1456819057814
production-topology2-2-1456818404,1.0034864597158717,1.0055423232165028,2300,1440,1456819057814
production-topology4-4-1456818418,1.016075240813564,1.0047107419974768,2360,4320,1456819057815
Running observer at: 1456819068394
production-topology3-3-1456818411,1.0169506202144682,1.0043883950369417,2140,4020,1456819069017
production-topology1-1-1456818397,1.0873800161000107,1.014877327024277,2260,1480,1456819069017
production-topology2-2-1456818404,0.9742673401027193,1.005783311184727,2180,1380,1456819069017
production-topology4-4-1456818418,0.9654273620118022,1.003490403468848,2340,4160,1456819069018
Running observer at: 1456819079490
production-topology3-3-1456818411,1.0094266822602098,1.002771624211115,2400,4260,1456819080114
production-topology1-1-1456818397,0.9167181265471956,1.0087110661287866,2140,1340,1456819080114
production-topology2-2-1456818404,1.0248808632562134,1.0064471297444162,2100,1340,1456819080114
production-topology4-4-1456818418,1.0349525848016217,1.0053622457609033,1900,3500,1456819080114
Running observer at: 1456819090617
production-topology3-3-1456818411,0.9943120042629847,1.0031145320927874,2100,3700,1456819091136
production-topology1-1-1456818397,1.001466087050816,1.009018128994398,2200,1440,1456819091137
production-topology2-2-1456818404,1.1693418940609952,1.0113611633983026,2340,1500,1456819091137
production-topology4-4-1456818418,1.034828689155747,1.0044817945313818,2360,4400,1456819091137
Running observer at: 1456819101704
production-topology3-3-1456818411,0.9954181062225089,1.0037119706679691,2100,3900,1456819102304
production-topology1-1-1456818397,1.0758399524318198,1.0119308690482263,2260,1480,1456819102304
production-topology2-2-1456818404,0.7869370389899121,1.0040242761263207,2200,1380,1456819102305
production-topology4-4-1456818418,0.9546012485735704,1.004480983303433,2320,4000,1456819102305
Running observer at: 1456819112796
production-topology3-3-1456818411,0.9839277357540865,1.0042953023788117,2460,4360,1456819113406
production-topology1-1-1456818397,0.834052161591053,1.0022171482783475,2100,1280,1456819113406
production-topology2-2-1456818404,1.0150721227425774,1.0008361247435436,2160,1420,1456819113406
production-topology4-4-1456818418,1.081022027610334,1.0048463765977826,1880,3560,1456819113406
Running observer at: 1456819123944
production-topology3-3-1456818411,0.9742851314984144,1.0015651595570128,2040,3640,1456819124514
production-topology1-1-1456818397,1.2046725241786618,1.0080095177848216,2300,1460,1456819124514
production-topology2-2-1456818404,1.1260076928054188,1.0126142790763553,2240,1400,1456819124514
production-topology4-4-1456818418,0.973383665735965,1.0049165701612048,2440,4240,1456819124514
Running observer at: 1456819135088
production-topology3-3-1456818411,1.0307838719063858,1.0040216166187472,2180,3960,1456819135678
production-topology1-1-1456818397,0.8739521706802966,1.0033303936508298,2260,1440,1456819135678
production-topology2-2-1456818404,0.9108743416035082,1.007672149601402,2240,1460,1456819135678
production-topology4-4-1456818418,1.070348571563774,1.0066692851250099,2280,4060,1456819135678
Running observer at: 1456819146219
production-topology3-3-1456818411,0.9734663064913937,1.003642257335624,2400,4340,1456819146810
production-topology1-1-1456818397,0.997259903250905,1.0033298615084478,2040,1280,1456819146810
production-topology2-2-1456818404,0.968269183242923,1.0092043730019653,2080,1360,1456819146810
production-topology4-4-1456818418,0.8965278495025093,1.0031180151396921,1960,3560,1456819146810
Running observer at: 1456819157322
production-topology3-3-1456818411,1.0611327341761723,1.003696749312825,2020,3700,1456819157831
production-topology1-1-1456818397,1.078518971376114,1.0101341703104045,2280,1500,1456819157831
production-topology2-2-1456818404,1.0199631396459707,1.0029622074462723,2360,1480,1456819157831
production-topology4-4-1456818418,1.029067377921483,1.0049571548452303,2360,4340,1456819157832
Running observer at: 1456819168398
production-topology3-3-1456818411,0.9750518739134825,1.0042144808029507,2160,3860,1456819169005
production-topology1-1-1456818397,1.0077464288726228,1.0041275745429992,2320,1440,1456819169005
production-topology2-2-1456818404,1.127004645484639,1.0092849779439612,2100,1380,1456819169005
production-topology4-4-1456818418,1.0532517388978064,1.0063723927185355,2340,4120,1456819169005
Running observer at: 1456819179512
production-topology3-3-1456818411,1.0322460754614848,1.004406599719434,2440,4300,1456819180134
production-topology1-1-1456818397,0.9070955688919276,1.0063429270557054,2040,1280,1456819180134
production-topology2-2-1456818404,0.9002674891791084,1.0087085609920703,2160,1360,1456819180135
production-topology4-4-1456818418,1.049348259187176,1.0077504600131226,1860,3440,1456819180135
Running observer at: 1456819190654
production-topology3-3-1456818411,0.9411061422853876,0.9983821732934384,2060,3700,1456819191163
production-topology1-1-1456818397,1.0204178494660978,1.0049978491399023,2300,1540,1456819191164
production-topology2-2-1456818404,0.9177234864349202,1.003259279115188,2300,1460,1456819191164
production-topology4-4-1456818418,0.9283029932859017,1.0072140743483835,2460,4380,1456819191164
/var/nimbus/storm/bin/storm rebalance production-topology3 -e spout_head=11
1456819191585
/var/nimbus/storm/bin/storm rebalance production-topology4 -e bolt_output_1=9
Running observer at: 1456819201770
production-topology3-3-1456818411,1.0002301168934167,1.0002301168934167,152940,275020,1456819202355
production-topology1-1-1456818397,0.931243001119821,1.0049967704332683,2280,1440,1456819202356
production-topology2-2-1456818404,1.094765032661998,1.0055863284461177,2180,1400,1456819202356
production-topology4-4-1456818418,1.0002313153818432,1.0002313153818432,151400,272480,1456819202356
Running observer at: 1456819212881
production-topology3-3-1456818411,1.407595127410468,1.2039126221519423,220,460,1456819213543
production-topology1-1-1456818397,1.085099657114872,1.0059279722803462,2040,1400,1456819213544
production-topology2-2-1456818404,0.927193541201149,1.0032502638292795,2180,1280,1456819213544
production-topology4-4-1456818418,0.28148148148148144,0.6408563984316623,60,60,1456819213544
Running observer at: 1456819224064
production-topology3-3-1456818411,2.0,1.4692750814346283,0,0,1456819224601
production-topology1-1-1456818397,1.0017731621647779,1.0039131804490868,2300,1420,1456819224602
production-topology2-2-1456818404,1.0785365172461947,1.0090776212554031,2340,1500,1456819224602
production-topology4-4-1456818418,2.0,1.0939042656211082,0,0,1456819224602
Running observer at: 1456819229719
production-topology3-3-1456818411,2.0,1.6019563110759711,0,0,1456819230301
production-topology1-1-1456818397,1.1125513412098778,1.0064183320040672,1200,840,1456819230301
production-topology2-2-1456818404,1.0105954676952749,1.003241632350675,1020,720,1456819230301
production-topology4-4-1456818418,2.0,1.320428199215831,0,0,1456819230301
Running observer at: 1456819230905
production-topology3-3-1456818411,2.0,1.681565048860777,0,0,1456819231509
production-topology1-1-1456818397,1.0,1.0070184411148146,0,0,1456819231509
production-topology2-2-1456818404,1.0,1.0080643567060994,0,0,1456819231509
production-topology4-4-1456818418,0.0,1.056342559372665,0,0,1456819231509
Running observer at: 1456819235201
production-topology3-3-1456818411,0.0015185061172894314,1.4015572917368624,138080,300,1456819235735
production-topology1-1-1456818397,0.9247159090909092,1.0074835651301435,1080,620,1456819235735
production-topology2-2-1456818404,0.918491415705038,1.003429372885309,1200,700,1456819235735
production-topology4-4-1456818418,0.0,0.8802854661438874,0,0,1456819235735
Running observer at: 1456819246223
production-topology3-3-1456818411,0.9905287764782654,1.3428389324142056,93480,166620,1456819246833
production-topology1-1-1456818397,0.867690333581977,0.9983415209611983,2060,1320,1456819246833
production-topology2-2-1456818404,1.0699585541332013,1.0074114187776555,2020,1340,1456819246834
production-topology4-4-1456818418,0.016666666666666666,0.7569113519328559,440,40,1456819246834
/var/nimbus/storm/bin/storm rebalance production-topology1 -e spout_head=11
1456819247200
/var/nimbus/storm/bin/storm rebalance production-topology2 -e spout_head=9
Running observer at: 1456819257394
production-topology3-3-1456818411,1.065752231864634,1.3082030948455092,2540,4620,1456819257885
production-topology1-1-1456818397,0.9995176803328938,0.9995176803328938,167060,106940,1456819257885
production-topology2-2-1456818404,0.9991986375003259,0.9991986375003259,165540,105680,1456819257886
production-topology4-4-1456818418,1.0724644681283877,0.7963554914572973,1960,3940,1456819257886
Running observer at: 1456819268413
production-topology3-3-1456818411,0.9869881060948495,1.2725125405398805,2280,4100,1456819268989
production-topology1-1-1456818397,10.0,5.499758840166447,60,120,1456819268989
production-topology2-2-1456818404,0.1111111111111111,0.5551548743057185,80,40,1456819268990
production-topology4-4-1456818418,1.1121903616835391,0.8314482548157687,2120,4220,1456819268990
Running observer at: 1456819279567
production-topology3-3-1456818411,0.9919330621583675,1.2444545927017292,2360,4220,1456819280100
production-topology1-1-1456818397,1.0,3.999839226777631,0,0,1456819280100
production-topology2-2-1456818404,1.0,0.7034365828704789,0,0,1456819280100
production-topology4-4-1456818418,0.9625227732125259,0.8445557066554443,2140,3720,1456819280100
Running observer at: 1456819285513
production-topology3-3-1456818411,1.0836765254337717,1.2298384047682784,1280,2540,1456819286061
production-topology1-1-1456818397,1.0,3.2498794200832233,0,0,1456819286061
production-topology2-2-1456818404,1.0,0.7775774371528592,0,0,1456819286061
production-topology4-4-1456818418,0.9897473358777581,0.8577549456756547,1240,2180,1456819286061
Running observer at: 1456819286644
production-topology3-3-1456818411,0.4675,1.166310204370922,300,420,1456819287231
production-topology1-1-1456818397,0.0,2.5999035360665785,150460,0,1456819287231
production-topology2-2-1456818404,1.0,0.8220619497222874,0,0,1456819287232
production-topology4-4-1456818418,1.0533662280701754,0.874055885875198,320,660,1456819287232
Running observer at: 1456819290690
production-topology3-3-1456818411,1.13812020821717,1.1641417431283256,1100,1860,1456819291226
production-topology1-1-1456818397,1.1416428543599846,2.3568600891154796,117060,85640,1456819291226
production-topology2-2-1456818404,0.9961943399307693,0.8510840147570343,0,42280,1456819291226
production-topology4-4-1456818418,1.202564207877301,0.8993257567984367,660,1300,1456819291226
Running observer at: 1456819301766
production-topology3-3-1456818411,0.9792621515972524,1.1509360580189631,2140,3800,1456819302335
production-topology1-1-1456818397,0.9953013362384975,2.1623516958473394,102280,65140,1456819302335
production-topology2-2-1456818404,0.9961943399307693,0.8718140612104249,0,42280,1456819302335
production-topology4-4-1456818418,0.9547887394098666,0.903287398413539,2340,4080,1456819302335
Running observer at: 1456819312939
production-topology3-3-1456818411,1.013390001673814,1.1417663209292863,2480,4540,1456819313462
production-topology1-1-1456818397,1.0316183653237707,2.0210100295318933,2520,1660,1456819313462
production-topology2-2-1456818404,0.8071212938393684,0.8637274652890429,1520,900,1456819313462
production-topology4-4-1456818418,1.0005573515596682,0.9097720619566142,2060,3760,1456819313463
Running observer at: 1456819324043
production-topology3-3-1456818411,1.0186226078292997,1.1340698388605372,2600,4860,1456819324528
production-topology1-1-1456818397,0.9062067353715738,1.8971429968474132,2580,1640,1456819324528
production-topology2-2-1456818404,1.130091712315555,0.8933234927364331,1760,1220,1456819324529
production-topology4-4-1456818418,1.0353078003385985,0.9176180456054882,2260,4060,1456819324529
Running observer at: 1456819334982
production-topology3-3-1456818411,0.9728292499370754,1.1245850983356276,2120,3780,1456819335563
production-topology1-1-1456818397,0.9490610513082423,1.8023348022934962,2080,1260,1456819335564
production-topology2-2-1456818404,0.9169236958766664,0.8956835130504566,2060,1240,1456819335564
production-topology4-4-1456818418,0.9735422918355363,0.9209077071484323,2020,3660,1456819335564
Running observer at: 1456819346180
production-topology3-3-1456818411,0.9802121141983725,1.1165643769946691,2580,4600,1456819346738
production-topology1-1-1456818397,1.0884905345102125,1.7374398688586523,2600,1720,1456819346738
production-topology2-2-1456818404,0.9533378494332294,0.9009248163579813,1980,1280,1456819346739
production-topology4-4-1456818418,1.006729072084675,0.9256755607560012,2260,4180,1456819346739
Running observer at: 1456819357369
production-topology3-3-1456818411,0.9896366778098701,1.1098839717744164,2640,4760,1456819357911
production-topology1-1-1456818397,0.9603325065190792,1.6726809219970213,2580,1640,1456819357911
production-topology2-2-1456818404,1.0538851615781473,0.9136715117929951,1940,1180,1456819357912
production-topology4-4-1456818418,1.0026622716273563,0.9297274929071253,2300,4120,1456819357912
Running observer at: 1456819368409
production-topology3-3-1456818411,1.08014390313931,1.108396968342661,2160,3840,1456819368966
production-topology1-1-1456818397,0.9872110673631618,1.6199524716405707,2260,1440,1456819368966
production-topology2-2-1456818404,1.2419112281598528,0.938920720744292,2020,1360,1456819368967
production-topology4-4-1456818418,1.0421379182632644,0.9353480141749323,2280,4040,1456819368967
Running observer at: 1456819379493
production-topology3-3-1456818411,0.9434896449994328,1.1005442386596502,2500,4480,1456819380070
production-topology1-1-1456818397,1.1541272203695971,1.5866792394069296,2500,1640,1456819380070
production-topology2-2-1456818404,0.8509847138286526,0.9326395773931748,1940,1260,1456819380070
production-topology4-4-1456818418,1.0347880489652592,0.9400832539268527,1940,3740,1456819380071
Running observer at: 1456819390527
production-topology3-3-1456818411,1.0226639851485149,1.0970042271364167,2560,4620,1456819391126
production-topology1-1-1456818397,0.9840908216244963,1.5465066782214338,2240,1380,1456819391126
production-topology2-2-1456818404,0.9526653666414834,0.9339746300097287,2040,1240,1456819391126
production-topology4-4-1456818418,0.9102770647471683,0.938728427145958,2320,3920,1456819391126
Running observer at: 1456819401608
production-topology3-3-1456818411,1.045386942322075,1.0947599973618802,2100,4080,1456819402131
production-topology1-1-1456818397,0.8839204192200871,1.5050950370338496,2580,1640,1456819402131
production-topology2-2-1456818404,0.9911876936489378,0.9375504464871792,2060,1400,1456819402131
production-topology4-4-1456818418,1.0503785251964863,0.9435827792351114,2160,3880,1456819402131
Running observer at: 1456819412722
production-topology3-3-1456818411,1.0009975755829497,1.090853229787758,2520,4460,1456819413278
production-topology1-1-1456818397,1.1494266015395147,1.4841733643577122,2460,1640,1456819413278
production-topology2-2-1456818404,1.014623507403512,0.9420841559528458,1940,1220,1456819413278
production-topology4-4-1456818418,1.0014936523097113,0.9459957322798864,2280,4100,1456819413279
Running observer at: 1456819423802
production-topology3-3-1456818411,0.9320705636925932,1.0845019231439514,2620,4420,1456819424376
production-topology1-1-1456818397,0.9858491398713117,1.4564886852195789,2280,1360,1456819424376
production-topology2-2-1456818404,1.0038110336081165,0.9455134269336942,1900,1280,1456819424377
production-topology4-4-1456818418,1.0706779430521176,0.9509830207107757,2140,3880,1456819424377
Running observer at: 1456819434905
production-topology3-3-1456818411,1.0248054639931183,1.082205905484304,2280,4160,1456819435482
production-topology1-1-1456818397,0.9985856406568382,1.4323885249794346,2500,1640,1456819435482
production-topology2-2-1456818404,0.912126033593945,0.9437561957052863,2140,1340,1456819435482
production-topology4-4-1456818418,0.950254791080479,0.9509550118788412,2120,3900,1456819435482
Running observer at: 1456819446089
production-topology3-3-1456818411,1.0597985496563134,1.0813760034166007,2460,4480,1456819446644
production-topology1-1-1456818397,1.0399691370524415,1.412767555583085,2480,1700,1456819446644
production-topology2-2-1456818404,1.2136360823387329,0.9572501900369588,1860,1260,1456819446645
production-topology4-4-1456818418,1.015895350988338,0.9533602096236373,2320,4120,1456819446645
Running observer at: 1456819457165
production-topology3-3-1456818411,0.9875147414588576,1.0780238154895385,2520,4600,1456819457733
production-topology1-1-1456818397,0.8861231561231561,1.3876892508468979,2220,1400,1456819457733
production-topology2-2-1456818404,0.87753478820722,0.953454218521257,1960,1180,1456819457733
production-topology4-4-1456818418,0.9958561544774355,0.9548779219398444,2180,3940,1456819457733
Running observer at: 1456819468292
production-topology3-3-1456818411,0.9412429423586078,1.0733072336574374,2220,3960,1456819468854
production-topology1-1-1456818397,1.100197003492894,1.3746214214217158,2520,1580,1456819468854
production-topology2-2-1456818404,1.0347416497761506,0.9571491017601158,2040,1360,1456819468854
production-topology4-4-1456818418,1.0019692080415596,0.9565017593916277,2200,3900,1456819468854
Running observer at: 1456819479284
production-topology3-3-1456818411,0.9965615018128515,1.0707490425959512,2620,4600,1456819479776
production-topology1-1-1456818397,0.9538360053499828,1.3563264033316407,2400,1460,1456819479776
production-topology2-2-1456818404,1.032112637913791,0.9604083859407104,1940,1200,1456819479776
production-topology4-4-1456818418,1.0042705447830103,0.9580940522380071,2240,4180,1456819479777
Running observer at: 1456819490371
production-topology3-3-1456818411,0.9834329321544328,1.0701891364379852,2200,4120,1456819491064
production-topology1-1-1456818397,1.0806592259556227,1.3448402709409732,2200,1440,1456819491064
production-topology2-2-1456818404,0.982925764611075,0.9613466100519755,2060,1300,1456819491064
production-topology4-4-1456818418,0.9488999694361362,0.9563830073731502,2160,3800,1456819491064
Running observer at: 1456819501592
production-topology3-3-1456818411,1.0881269934059499,1.0595401986378346,2440,4480,1456819502153
production-topology1-1-1456818397,0.930830834988841,1.3282798935028879,2720,1700,1456819502153
production-topology2-2-1456818404,0.9934276807940461,0.9626298528816584,2000,1240,1456819502153
production-topology4-4-1456818418,1.0449198167139104,0.981830951880898,2200,3920,1456819502154
Running observer at: 1456819512622
production-topology3-3-1456818411,1.0172650382333952,1.0267823665789477,2580,4560,1456819513123
production-topology1-1-1456818397,0.9874788113240724,1.3151721595729335,2300,1560,1456819513123
production-topology2-2-1456818404,1.0250250951951234,0.9650296698937146,1840,1220,1456819513123
production-topology4-4-1456818418,1.0030962068480767,0.9486008254425004,2280,4160,1456819513123
Running observer at: 1456819523701
production-topology3-3-1456818411,0.9691759546107374,0.9924215650659725,2220,4020,1456819524326
production-topology1-1-1456818397,0.9440138967193382,1.3014255572450226,2300,1440,1456819524326
production-topology2-2-1456818404,1.0002993950432695,0.9663359560103649,2080,1320,1456819524326
production-topology4-4-1456818418,1.0803794731248375,0.9179468078799949,2140,3840,1456819524327
Running observer at: 1456819534884
production-topology3-3-1456818411,1.0086328818299504,0.9593759944603041,2500,4560,1456819535422
production-topology1-1-1456818397,1.1149563243587424,1.2947659417847983,2540,1700,1456819535423
production-topology2-2-1456818404,0.9236259379003233,0.9648105982207206,2040,1300,1456819535423
production-topology4-4-1456818418,0.8628515986544747,0.9467085278351441,2200,3880,1456819535423
Running observer at: 1456819545913
production-topology3-3-1456818411,1.0051366189857838,0.9928299315559207,2580,4460,1456819546388
production-topology1-1-1456818397,0.9858988031757316,1.2841153507982788,2520,1500,1456819546389
production-topology2-2-1456818404,1.165305422100206,0.9717242128372545,1880,1300,1456819546389
production-topology4-4-1456818418,1.0349686787426573,0.9812074837932327,2280,4120,1456819546389
Running observer at: 1456819556971
production-topology3-3-1456818411,1.0157603681478715,0.993670984611574,2220,4160,1456819557624
production-topology1-1-1456818397,1.0364463461808597,1.2758597173110315,2160,1360,1456819557624
production-topology2-2-1456818404,0.8755989939959933,0.9685200388758791,2120,1220,1456819557624
production-topology4-4-1456818418,0.9812533539867258,1.013360373370568,2240,3980,1456819557625
Running observer at: 1456819568152
production-topology3-3-1456818411,0.961138264128696,0.9901838523537093,2500,4560,1456819568681
production-topology1-1-1456818397,0.9091340067059095,1.272846928190132,2620,1680,1456819568681
production-topology2-2-1456818404,1.1896440388771623,0.9748682189217738,1900,1260,1456819568681
production-topology4-4-1456818418,1.0115449438510749,1.011329722561324,2100,3760,1456819568681
Running observer at: 1456819579156
production-topology3-3-1456818411,1.0784623579801673,0.99323299408322,2520,4460,1456819579681
production-topology1-1-1456818397,0.9985843954616519,0.972799741372187,2480,1560,1456819579681
production-topology2-2-1456818404,0.8295560302089202,0.9988163828917006,2040,1320,1456819579681
production-topology4-4-1456818418,1.033856601845526,1.0087185972333903,2120,3880,1456819579681
Running observer at: 1456819590168
production-topology3-3-1456818411,0.9289580520664039,0.9911338270801545,2300,4120,1456819590867
production-topology1-1-1456818397,0.8987090832611603,0.9694233774808924,2280,1460,1456819590867
production-topology2-2-1456818404,1.139513985970951,1.0034668490907321,1920,1260,1456819590867
production-topology4-4-1456818418,0.960047333835784,1.0086360825874991,2340,4140,1456819590867
Running observer at: 1456819601382
production-topology3-3-1456818411,1.0522417546653122,0.9900860013878725,2360,4280,1456819601925
production-topology1-1-1456818397,1.1983434663847032,0.9760348263603825,2500,1600,1456819601925
production-topology2-2-1456818404,0.9674347662693827,1.0023813412997116,1940,1220,1456819601925
production-topology4-4-1456818418,1.0089862278244632,1.0092773789857226,2060,3720,1456819601925
Running observer at: 1456819612430
production-topology3-3-1456818411,1.0143504504333536,1.008314349735651,2620,4740,1456819612974
production-topology1-1-1456818397,1.0079270974836418,1.009632396276504,2440,1640,1456819612974
production-topology2-2-1456818404,1.0161611762221519,1.0029200471737831,2020,1380,1456819612974
production-topology4-4-1456818418,0.9983704040960968,1.0074441848532532,2280,4080,1456819612974
Running observer at: 1456819623488
production-topology3-3-1456818411,0.9465071721529417,1.00192724853351,2340,4040,1456819623948
production-topology1-1-1456818397,0.9403236600402738,1.0029217564658468,2260,1460,1456819623948
production-topology2-2-1456818404,0.9313997608397545,1.0007602278707493,2000,1260,1456819623948
production-topology4-4-1456818418,1.027987218958351,1.0016249518892881,2300,4140,1456819623948
Running observer at: 1456819634599
production-topology3-3-1456818411,1.060393417084423,1.0046316240497493,2300,4400,1456819635209
production-topology1-1-1456818397,1.044749727229977,1.004570036165563,2540,1640,1456819635209
production-topology2-2-1456818404,0.8973842075892858,0.9974665567927,1940,1220,1456819635209
production-topology4-4-1456818418,0.9463753070534565,1.0013445041440745,2080,3660,1456819635209
Running observer at: 1456819645701
production-topology3-3-1456818411,0.9729024052668984,1.003282037502852,2660,4640,1456819646148
production-topology1-1-1456818397,0.9478458049886622,1.001777617487726,2520,1520,1456819646148
production-topology2-2-1456818404,1.105339149252722,1.0074071519731451,2000,1280,1456819646149
production-topology4-4-1456818418,1.0849512987012986,1.0041576357154622,2200,4180,1456819646149
Running observer at: 1456819656640
production-topology3-3-1456818411,1.0096745969751288,1.0029837704743794,2240,4100,1456819657120
production-topology1-1-1456818397,1.0368581805824004,1.00613266566142,2200,1460,1456819657121
production-topology2-2-1456818404,1.1284829659638265,1.0073535270947542,1920,1240,1456819657121
production-topology4-4-1456818418,0.9429754758248408,1.0010798915650037,2340,4100,1456819657121
Running observer at: 1456819667638
production-topology3-3-1456818411,0.9593759680524312,1.0025353277448914,2400,4280,1456819668173
production-topology1-1-1456818397,1.000380497719377,1.0078433138751246,2620,1600,1456819668173
production-topology2-2-1456818404,0.9667763803919919,1.0090152832452648,2000,1260,1456819668173
production-topology4-4-1456818418,1.060392207423669,1.0039748887512745,2000,3740,1456819668173
Running observer at: 1456819678574
production-topology3-3-1456818411,1.0374052039691652,1.0044417640705847,2280,4020,1456819679188
production-topology1-1-1456818397,0.921220385926934,1.002267642255682,2140,1400,1456819679188
production-topology2-2-1456818404,1.0700232115109785,1.0129047953145232,1840,1180,1456819679189
production-topology4-4-1456818418,0.9692777480658867,1.0027265112839818,2180,3860,1456819679189
Running observer at: 1456819689718
production-topology3-3-1456818411,0.9653220762976862,1.0036312773535117,2480,4460,1456819690248
production-topology1-1-1456818397,0.9882749483637513,1.0031990569838378,2560,1580,1456819690248
production-topology2-2-1456818404,0.9542448704406172,1.0095834522766056,2080,1320,1456819690248
production-topology4-4-1456818418,0.9565638732954413,1.0011898980062512,2380,4120,1456819690248
Running observer at: 1456819700715
production-topology3-3-1456818411,1.0705495074294213,1.0033114641631822,2440,4580,1456819701322
production-topology1-1-1456818397,1.0930142550731623,1.0067258299075044,2420,1620,1456819701322
production-topology2-2-1456818404,0.9719236281736283,1.0005838656103982,1920,1220,1456819701323
production-topology4-4-1456818418,1.0461220281238772,1.0013227016682718,2100,4000,1456819701323
Running observer at: 1456819711883
production-topology3-3-1456818411,1.0127270378291289,1.0056193772575053,2340,4060,1456819712481
production-topology1-1-1456818397,0.9566531014481741,1.0001433592767903,2200,1320,1456819712481
production-topology2-2-1456818404,1.0202816051511054,1.0062270953211465,2000,1260,1456819712481
production-topology4-4-1456818418,1.0809958785366827,1.0028629626539858,2120,3920,1456819712481
Running observer at: 1456819722984
production-topology3-3-1456818411,1.0036657341029502,1.0049861022226532,2480,4480,1456819723535
production-topology1-1-1456818397,1.0601629502572898,1.0026790968978834,2640,1680,1456819723535
production-topology2-2-1456818404,0.9470930898226465,1.0060413527605188,2060,1380,1456819723535
production-topology4-4-1456818418,0.8678833999626814,1.001449840494503,2240,3760,1456819723536
Running observer at: 1456819733982
production-topology3-3-1456818411,0.9879231507960493,1.003070642505119,2480,4560,1456819734507
production-topology1-1-1456818397,1.061529632708649,1.0085994040141688,2500,1620,1456819734507
production-topology2-2-1456818404,0.9431348675240588,1.0044395918896896,1880,1200,1456819734507
production-topology4-4-1456818418,1.0007197292780519,0.999794547297222,2180,3920,1456819734507
Running observer at: 1456819745057
production-topology3-3-1456818411,0.9606760253815142,1.0017265908317377,2260,4000,1456819745721
production-topology1-1-1456818397,0.857166052268288,0.9988573857051278,2120,1340,1456819745721
production-topology2-2-1456818404,0.9817182034589973,1.0033427484248723,1960,1320,1456819745721
production-topology4-4-1456818418,0.9673899208806329,0.998657756249586,2300,4140,1456819745721
Running observer at: 1456819756246
production-topology3-3-1456818411,1.0319286770955451,1.005055194611836,2620,4540,1456819756803
production-topology1-1-1456818397,1.0656716005534268,1.0015181343945316,2660,1740,1456819756803
production-topology2-2-1456818404,1.0049954054202324,1.0033822274852762,2060,1340,1456819756803
production-topology4-4-1456818418,1.1039602707713243,0.9997671671735595,2080,3840,1456819756803
Running observer at: 1456819767297
production-topology3-3-1456818411,1.0488107481668627,1.0058553707509608,2380,4660,1456819767818
production-topology1-1-1456818397,0.8219785968038734,0.9956312329327661,2640,1580,1456819767818
production-topology2-2-1456818404,1.1178527966689775,1.0102397862544439,1900,1220,1456819767819
production-topology4-4-1456818418,0.9983501947787662,1.0013703472968356,2200,3960,1456819767819
Running observer at: 1456819778343
production-topology3-3-1456818411,0.9627119065846196,1.0026191493152377,2340,4020,1456819778983
production-topology1-1-1456818397,1.2413905174401754,1.0023452789456906,2040,1360,1456819778983
production-topology2-2-1456818404,1.0244719698963847,1.003934315839699,2020,1260,1456819778984
production-topology4-4-1456818418,1.0097303092736394,1.0011648459063458,2300,4180,1456819778984
Running observer at: 1456819789582
production-topology3-3-1456818411,1.0361960240476495,1.004241858734864,2460,4560,1456819790176
production-topology1-1-1456818397,0.9500413881827124,1.0044758866810093,2720,1700,1456819790176
production-topology2-2-1456818404,0.9068237711710659,1.0049106152718272,2020,1280,1456819790176
production-topology4-4-1456818418,0.9502732519321166,0.9996454158215017,2180,3820,1456819790177
Running observer at: 1456819800650
production-topology3-3-1456818411,0.9483167974462309,1.0044776539044518,2580,4500,1456819801181
production-topology1-1-1456818397,0.9518674943852465,0.9995315697107543,2460,1620,1456819801182
production-topology2-2-1456818404,1.0319499849139022,1.0048175597764188,1940,1240,1456819801182
production-topology4-4-1456818418,0.9909507851096635,0.9992781350571053,2200,4000,1456819801182
Running observer at: 1456819811710
production-topology3-3-1456818411,1.017155557478218,1.0051641224266306,2240,3980,1456819812204
production-topology1-1-1456818397,1.0246241757458239,1.0018911753906157,2100,1400,1456819812204
production-topology2-2-1456818404,1.0605629280821918,1.0057659027820323,2000,1240,1456819812204
production-topology4-4-1456818418,0.976785495694352,0.9983619667541499,2340,4060,1456819812204
Running observer at: 1456819822886
production-topology3-3-1456818411,0.9564672171171829,1.0042652652587223,2520,4580,1456819823404
production-topology1-1-1456818397,1.0869729246629443,1.0021016320141931,2540,1560,1456819823404
production-topology2-2-1456818404,0.8603640155515151,1.0016805111467135,2020,1320,1456819823405
production-topology4-4-1456818418,1.0378862169676564,1.0013281750052008,2040,3840,1456819823405
Running observer at: 1456819833947
production-topology3-3-1456818411,1.072810257492208,1.003754707394931,2500,4660,1456819834463
production-topology1-1-1456818397,0.9670013208953258,1.0033073148777425,2660,1700,1456819834463
production-topology2-2-1456818404,1.1681715373961221,1.007505306366783,2000,1260,1456819834463
production-topology4-4-1456818418,0.929394283308324,0.9974773238916812,2300,3860,1456819834463
Running observer at: 1456819844930
production-topology3-3-1456818411,0.9545997426784465,1.0016658642097658,2340,3960,1456819845416
production-topology1-1-1456818397,0.9646186088479768,1.0025453081285394,2140,1400,1456819845416
production-topology2-2-1456818404,0.8614050606992012,1.0020513052169187,1960,1260,1456819845417
production-topology4-4-1456818418,1.0742493451045854,0.9998490951668981,2260,4120,1456819845417
Running observer at: 1456819856006
production-topology3-3-1456818411,0.9655081512256181,1.0015436040969286,2280,4240,1456819856535
production-topology1-1-1456818397,1.0209475094385578,1.0051097618858467,2520,1600,1456819856535
production-topology2-2-1456818404,1.1925669691289282,1.0084602243531073,1920,1240,1456819856535
production-topology4-4-1456818418,0.9713011876317881,0.9962131523171297,2060,3720,1456819856535
Running observer at: 1456819867211
production-topology3-3-1456818411,1.0189558990015573,1.0018877046693155,2660,4680,1456819867731
production-topology1-1-1456818397,0.923960243540719,0.9987432258585792,2520,1620,1456819867732
production-topology2-2-1456818404,0.9125801768781723,1.0080920323190357,2060,1300,1456819867732
production-topology4-4-1456818418,1.040457316460885,1.0021333429106767,2220,4080,1456819867732
Running observer at: 1456819878279
production-topology3-3-1456818411,0.9971833417759924,1.0016225954289892,2340,4220,1456819878779
production-topology1-1-1456818397,1.1408433279746704,1.0039080433518772,2200,1500,1456819878779
production-topology2-2-1456818404,1.0119068013256445,1.0029787449598837,2020,1220,1456819878779
production-topology4-4-1456818418,1.0076596626822705,1.0012230423753306,2280,4200,1456819878780
Running observer at: 1456819889407
production-topology3-3-1456818411,0.9887414066101602,1.0007219633777322,2300,4200,1456819889974
production-topology1-1-1456818397,0.9175629753895782,0.9999452643255012,2520,1540,1456819889974
production-topology2-2-1456818404,1.0151471125730993,1.0076303489124538,1900,1320,1456819889974
production-topology4-4-1456818418,0.9827867371143266,1.0012741551462505,1980,3600,1456819889974
Running observer at: 1456819900598
production-topology3-3-1456818411,0.9802628746397113,1.001359450394766,2640,4800,1456819901131
production-topology1-1-1456818397,0.9443375449865011,1.0011187156015209,2580,1640,1456819901131
production-topology2-2-1456818404,0.9797608795815043,1.0006342436025988,2040,1280,1456819901131
production-topology4-4-1456818418,0.9329255714852409,0.9986535094007227,2420,4100,1456819901131
Running observer at: 1456819911590
production-topology3-3-1456818411,0.9939620420506747,0.9985427731971162,2300,4080,1456819912105
production-topology1-1-1456818397,1.1525247278705877,1.0062500600151523,2140,1400,1456819912106
production-topology2-2-1456818404,0.9013668926875594,1.0030279390185535,2000,1240,1456819912106
production-topology4-4-1456818418,1.042153046012353,0.998930057539617,2180,4140,1456819912106
Running observer at: 1456819922680
production-topology3-3-1456818411,1.0290424516499708,1.0018789198499016,2360,4320,1456819923239
production-topology1-1-1456818397,1.0420688502673796,1.0110287189153595,2540,1640,1456819923239
production-topology2-2-1456818404,1.0526114528472674,1.0001311879144306,1860,1260,1456819923239
production-topology4-4-1456818418,1.0454157228796044,1.0017756705077443,2040,3640,1456819923239
Running observer at: 1456819933949
production-topology3-3-1456818411,0.9692044025247881,0.9991110081118842,2440,4260,1456819934481
production-topology1-1-1456818397,0.9306842166979362,1.0021067439258007,2600,1600,1456819934481
production-topology2-2-1456818404,1.0063475399105788,1.001428280369137,2160,1320,1456819934481
production-topology4-4-1456818418,0.9787650109500673,1.0007682966119311,2340,4120,1456819934482
Running observer at: 1456819944963
production-topology3-3-1456818411,0.9554236822051523,0.9971467825042776,2580,4420,1456819945467
production-topology1-1-1456818397,0.9341257105851074,0.9996466976958496,2240,1400,1456819945467
production-topology2-2-1456818404,0.8908670191766828,0.9972518084676214,1960,1240,1456819945467
production-topology4-4-1456818418,0.9482468011031949,0.9990975098455009,2300,4120,1456819945468
Running observer at: 1456819956139
production-topology3-3-1456818411,1.169285488286131,1.0045727263753839,2240,4440,1456819956700
production-topology1-1-1456818397,1.0537692494435664,1.0034282173426259,2440,1680,1456819956700
production-topology2-2-1456818404,1.120031589287536,1.0035395360825474,1980,1280,1456819956700
production-topology4-4-1456818418,0.999793776446454,0.9981577284284378,2120,3640,1456819956700
Running observer at: 1456819967381
production-topology3-3-1456818411,0.9685919846928597,1.0015126786289985,2680,4720,1456819967907
production-topology1-1-1456818397,1.0649151361466997,1.00410039763985,2640,1580,1456819967907
production-topology2-2-1456818404,0.9447960199004974,1.0051199298262545,2000,1300,1456819967907
production-topology4-4-1456818418,1.044862165795744,1.0014406237198472,2200,4140,1456819967907
Running observer at: 1456819978418
production-topology3-3-1456818411,0.9810557075489067,1.001784455371732,2240,4060,1456819978921
production-topology1-1-1456818397,1.0328178433493553,1.0069327989185397,2220,1580,1456819978921
production-topology2-2-1456818404,1.0312575968039377,1.0026505447446283,1980,1220,1456819978921
production-topology4-4-1456818418,1.0627683620797832,1.0007011924991303,2280,4100,1456819978921
Running observer at: 1456819989498
production-topology3-3-1456818411,1.0026488584096402,1.0015502640862157,2400,4200,1456819990070
production-topology1-1-1456818397,0.958475634723629,1.004320047389914,2500,1500,1456819990070
production-topology2-2-1456818404,0.9352987537559723,0.9962110710043663,1920,1260,1456819990070
production-topology4-4-1456818418,0.878349627327587,0.9985469975492217,2120,3640,1456819990070
Running observer at: 1456820000718
production-topology3-3-1456818411,1.0095417926165196,1.003222458238352,2600,4800,1456820001244
production-topology1-1-1456818397,1.0330577536462515,1.0054092892541433,2520,1680,1456820001244
production-topology2-2-1456818404,1.0595920688523053,0.9993049272863768,2060,1340,1456820001244
production-topology4-4-1456818418,1.1136925260019694,1.0003236748351652,2180,4200,1456820001244
Running observer at: 1456820011745
production-topology3-3-1456818411,0.9649316181714498,1.0008066720450948,2300,4040,1456820012226
production-topology1-1-1456818397,0.9740781993238016,1.007171216367372,2220,1340,1456820012226
production-topology2-2-1456818404,1.1085748766417047,1.0005899827907343,1980,1220,1456820012226
production-topology4-4-1456818418,0.911228451735308,0.9983886982908124,2360,4040,1456820012226
Running observer at: 1456820022795
production-topology3-3-1456818411,1.030187671716837,1.0029688585590666,2340,4340,1456820023348
production-topology1-1-1456818397,1.068207515796475,1.0098356352817963,2480,1660,1456820023348
production-topology2-2-1456818404,0.9548428952684272,1.0006099169516613,1880,1180,1456820023348
production-topology4-4-1456818418,1.0387494371248123,1.001128217085125,2020,3620,1456820023349
Running observer at: 1456820033988
production-topology3-3-1456818411,0.9925558312655087,1.0003690693536027,2520,4520,1456820034542
production-topology1-1-1456818397,0.8821563174163168,1.0028070373599014,2500,1580,1456820034543
production-topology2-2-1456818404,0.9604240271454552,1.000226596917389,2080,1360,1456820034543
production-topology4-4-1456818418,1.0240017741839742,1.0003908752871282,2180,3880,1456820034543
Running observer at: 1456820045023
production-topology3-3-1456818411,0.9819384283018993,0.9993427823693619,2440,4280,1456820045535
production-topology1-1-1456818397,1.0611972437221526,1.0062918421023672,2320,1420,1456820045535
production-topology2-2-1456818404,1.0440500725443265,1.0010188791638295,2020,1220,1456820045535
production-topology4-4-1456818418,0.9822286006963379,0.9970986326924499,2380,4520,1456820045535
Running observer at: 1456820056051
production-topology3-3-1456818411,0.981840148913154,0.9986152628630353,2380,4340,1456820056693
production-topology1-1-1456818397,1.0757820576635906,1.0068124790159105,2540,1620,1456820056693
production-topology2-2-1456818404,1.0166572963602665,1.0033376860484169,1980,1240,1456820056693
production-topology4-4-1456818418,0.993597188662548,1.001289092315779,2060,3620,1456820056693
Running observer at: 1456820067309
production-topology3-3-1456818411,1.0066175419501133,0.9992384092348375,2520,4460,1456820067836
production-topology1-1-1456818397,0.8619632682132682,1.0001602668660647,2520,1560,1456820067837
production-topology2-2-1456818404,0.9482291524822429,1.003507495547023,2020,1340,1456820067837
production-topology4-4-1456818418,1.0229425828144776,1.0020298541003263,2220,3940,1456820067837
Running observer at: 1456820078365
production-topology3-3-1456818411,1.022652481763373,1.0013042911142327,2180,4100,1456820078885
production-topology1-1-1456818397,1.266000615122082,1.0137880856278576,2240,1460,1456820078885
production-topology2-2-1456818404,0.9143923343528559,1.0012632999101514,1940,1160,1456820078885
production-topology4-4-1456818418,0.9865451388888888,1.002668361367268,2400,4300,1456820078885
Running observer at: 1456820089408
production-topology3-3-1456818411,1.0315449577744658,1.0012915004701968,2560,4540,1456820089958
production-topology1-1-1456818397,0.9041988691491852,1.0084056612477164,2480,1560,1456820089959
production-topology2-2-1456818404,1.12106081650597,1.0051321469463428,1920,1300,1456820089959
production-topology4-4-1456818418,0.9621802805280528,0.9979423616924924,2020,3760,1456820089959
Running observer at: 1456820100563
production-topology3-3-1456818411,0.9544385560817448,0.998145760734026,2420,4220,1456820101134
production-topology1-1-1456818397,1.080569114704526,1.0170253451777382,2380,1520,1456820101134
production-topology2-2-1456818404,1.1828286527082386,1.0072980088143182,2100,1420,1456820101134
production-topology4-4-1456818418,1.0583753122280402,0.9999431989408015,2160,3900,1456820101135
Running observer at: 1456820111751
production-topology3-3-1456818411,1.0015099131882574,0.999439027620814,2560,4480,1456820112249
production-topology1-1-1456818397,0.8951962230199145,1.0054855353637295,2420,1580,1456820112249
production-topology2-2-1456818404,0.8462116016128362,1.0013559965382,1920,1200,1456820112249
production-topology4-4-1456818418,1.0223059909053476,1.000362388328525,2380,4260,1456820112249
Running observer at: 1456820122811
production-topology3-3-1456818411,1.0499596822813047,0.9998978162286025,2280,4320,1456820123378
production-topology1-1-1456818397,1.0542144892185183,1.0089579720649229,2460,1620,1456820123378
production-topology2-2-1456818404,1.0840876925785952,1.0072647939184511,1900,1300,1456820123378
production-topology4-4-1456818418,0.9670977613435582,1.0009232053089065,2060,3680,1456820123378
Running observer at: 1456820133985
production-topology3-3-1456818411,0.919772965412224,0.9989463551608023,2460,4280,1456820134482
production-topology1-1-1456818397,0.9837969482118301,1.0100222871924758,2620,1520,1456820134482
production-topology2-2-1456818404,0.9243582116871825,1.0036784014775602,2080,1280,1456820134482
production-topology4-4-1456818418,0.9543310063883006,0.9997025460181945,2140,3860,1456820134482
Running observer at: 1456820145109
production-topology3-3-1456818411,1.0136997600398523,0.9988311619128568,2300,4300,1456820145617
production-topology1-1-1456818397,1.0429483387915826,1.0106330926273344,2180,1460,1456820145617
production-topology2-2-1456818404,0.9661288204405738,1.0005305978895065,2000,1260,1456820145617
production-topology4-4-1456818418,1.0419219144850385,1.001873759977884,2420,4380,1456820145618
Running observer at: 1456820156176
production-topology3-3-1456818411,1.0475564876090382,1.001867470929252,2560,4520,1456820156781
production-topology1-1-1456818397,0.9599383519114804,1.006398606868952,2500,1560,1456820156781
production-topology2-2-1456818404,1.0148110121066198,1.0056788311080098,1920,1220,1456820156781
production-topology4-4-1456818418,1.005598436061568,1.0007975006143477,2040,3700,1456820156782
Running observer at: 1456820167351
production-topology3-3-1456818411,1.0104542695481098,0.999788937997782,2360,4280,1456820167914
production-topology1-1-1456818397,1.016106257874031,1.0080354381015757,2560,1600,1456820167914
production-topology2-2-1456818404,1.0092257040658221,1.0003806366636667,2080,1380,1456820167914
production-topology4-4-1456818418,1.002208479720162,1.0032246404947425,2180,3960,1456820167914
Running observer at: 1456820178420
production-topology3-3-1456818411,0.9570163571946031,0.9998694918149873,2460,4280,1456820178942
production-topology1-1-1456818397,1.0898905228838665,1.0122111685694388,2180,1500,1456820178942
production-topology2-2-1456818404,0.9217326012106124,1.0023915546807138,1940,1240,1456820178942
production-topology4-4-1456818418,1.0395751737847532,1.0020688347840814,2420,4360,1456820178942
Running observer at: 1456820189547
production-topology3-3-1456818411,0.984528021855209,1.0005034875026404,2460,4520,1456820190141
production-topology1-1-1456818397,0.9211985796767436,1.008886204244045,2640,1640,1456820190142
production-topology2-2-1456818404,1.2749299523757167,1.0051369874556066,2020,1260,1456820190142
production-topology4-4-1456818418,0.9083333434626639,0.9999699066451107,2060,3620,1456820190142
Running observer at: 1456820200773
production-topology3-3-1456818411,0.9792821374743184,0.9991810287850657,2580,4580,1456820201322
production-topology1-1-1456818397,1.0089009287925694,1.0117175604191069,2500,1580,1456820201322
production-topology2-2-1456818404,0.8740634202779644,1.003853095568933,1940,1260,1456820201322
production-topology4-4-1456818418,1.01766551107618,0.9992101797989538,2120,3960,1456820201322
Running observer at: 1456820211882
production-topology3-3-1456818411,1.0073524422702054,0.9995199988015393,2340,4220,1456820212314
production-topology1-1-1456818397,1.039599560011719,1.0083427681536752,2260,1500,1456820212314
production-topology2-2-1456818404,1.0432920227322602,1.0048992696158203,2020,1200,1456820212314
production-topology4-4-1456818418,1.0249818373841202,0.9997875856223488,2460,4260,1456820212314
Running observer at: 1456820222826
production-topology3-3-1456818411,1.0295386298563747,1.0008799062430798,2360,4360,1456820223200
production-topology1-1-1456818397,0.9468115972940335,1.009317722217157,2540,1540,1456820223200
production-topology2-2-1456818404,1.0064442222077488,1.0046091732703086,1880,1260,1456820223200
production-topology4-4-1456818418,1.0653465304970138,1.002539578735105,1880,3560,1456820223200
Running observer at: 1456820233678
production-topology3-3-1456818411,0.997787270313134,1.0014640527655272,2260,4040,1456820234087
production-topology1-1-1456818397,1.0303464610751703,1.0121846860867791,1480,1080,1456820234087
production-topology2-2-1456818404,0.8874741668819427,1.0015329495136567,2000,1300,1456820234087
production-topology4-4-1456818418,0.8902302323275932,1.0011164007631834,2340,4140,1456820234087
Running observer at: 1456820244433
production-topology3-3-1456818411,1.040147296547628,1.0030035612487591,2360,4280,1456820244879
production-topology1-1-1456818397,1.0,1.007100528491093,0,0,1456820244879
production-topology2-2-1456818404,0.9577187690739608,1.0034113453932034,660,480,1456820244879
production-topology4-4-1456818418,1.0716040387611192,1.0020981005214757,2060,3760,1456820244880
