Running observer at: 1456115633042
production-topology1-1-1456115632,0.0,0.0,1456115633133
Running observer at: 1456115639604
production-topology2-2-1456115639,0.0,0.0,1456115639743
production-topology1-1-1456115632,0.0,0.0,1456115639743
Running observer at: 1456115642837
production-topology2-2-1456115639,0.0,0.0,1456115643032
production-topology1-1-1456115632,0.0,0.0,1456115643033
Running observer at: 1456115647282
production-topology2-2-1456115639,0.0,0.0,1456115647475
production-topology3-3-1456115646,0.0,0.0,1456115647475
production-topology1-1-1456115632,0.0,0.0,1456115647475
Running observer at: 1456115653511
production-topology2-2-1456115639,0.0,0.0,1456115653707
production-topology3-3-1456115646,0.0,0.0,1456115653707
production-topology1-1-1456115632,0.0,0.0,1456115653708
Running observer at: 1456115654502
production-topology2-2-1456115639,0.0,0.0,1456115654707
production-topology3-3-1456115646,0.0,0.0,1456115654708
production-topology4-4-1456115654,0.0,0.0,1456115654708
production-topology1-1-1456115632,0.0,0.0,1456115654708
Running observer at: 1456115664342
production-topology2-2-1456115639,0.9875395623971736,0.1645899270661956,1456115664608
production-topology3-3-1456115646,0.0,0.0,1456115664609
production-topology4-4-1456115654,0.0,0.0,1456115664609
production-topology1-1-1456115632,0.0784313725490196,0.011204481792717087,1456115664609
Running observer at: 1456115675260
production-topology2-2-1456115639,1.211435133915754,0.31413924233041823,1456115675549
production-topology3-3-1456115646,0.9105512791692951,0.18211025583385904,1456115675549
production-topology4-4-1456115654,0.0,0.0,1456115675550
production-topology1-1-1456115632,1.3874096845997277,0.1832301321435934,1456115675550
Running observer at: 1456115686291
production-topology2-2-1456115639,0.9517037287537919,0.39383480313333996,1456115686588
production-topology3-3-1456115646,1.0783322011856504,0.3314805800591576,1456115686589
production-topology4-4-1456115654,0.6946239489255683,0.17365598723139208,1456115686589
production-topology1-1-1456115632,0.9512154790166846,0.2685618373517146,1456115686589
Running observer at: 1456115697334
production-topology2-2-1456115639,1.0242198056079417,0.4638775811860735,1456115697639
production-topology3-3-1456115646,1.0118201013986403,0.42867194025051225,1456115697639
production-topology4-4-1456115654,0.9525690718781912,0.3294386041607519,1456115697639
production-topology1-1-1456115632,0.984443797364714,0.3401500333530146,1456115697640
Running observer at: 1456115708220
production-topology2-2-1456115639,0.9873421095345084,0.516224034020917,1456115708495
production-topology3-3-1456115646,1.0200357260365678,0.5025924134737692,1456115708496
production-topology4-4-1456115654,1.0607565894607789,0.45132493504408977,1456115708496
production-topology1-1-1456115632,1.0334187064416955,0.40317445817925834,1456115708496
Running observer at: 1456115719208
production-topology2-2-1456115639,1.0174664294783575,0.561791524517048,1456115719448
production-topology3-3-1456115646,1.0337883672547064,0.5616141861160955,1456115719448
production-topology4-4-1456115654,0.9617088284905899,0.5242369198221611,1456115719448
production-topology1-1-1456115632,1.018064130822387,0.45441526423285233,1456115719448
Running observer at: 1456115730158
production-topology2-2-1456115639,1.0243271995702505,0.6003361641048148,1456115730380
production-topology3-3-1456115646,0.8746294709955824,0.5929157146040442,1456115730380
production-topology4-4-1456115654,1.060712811269123,0.5912964062530315,1456115730380
production-topology1-1-1456115632,0.9371026038751934,0.49154505958995554,1456115730381
Running observer at: 1456115741047
production-topology2-2-1456115639,1.027026843234307,0.6331585240378528,1456115741224
production-topology3-3-1456115646,1.118359886462291,0.6406833665911575,1456115741224
production-topology4-4-1456115654,1.0466953108952568,0.6418962845466121,1456115741224
production-topology1-1-1456115632,1.0381210328654158,0.5305862005382027,1456115741225
Running observer at: 1456115751769
production-topology2-2-1456115639,0.999522144979904,0.6593273541051421,1456115752043
production-topology3-3-1456115646,1.0095734425580818,0.6714242062550678,1456115752043
production-topology4-4-1456115654,1.0269680553480667,0.6804034616267576,1456115752043
production-topology1-1-1456115632,0.9827657679451092,0.5607315050319965,1456115752043
Running observer at: 1456115762637
production-topology2-2-1456115639,0.8395733189592713,0.671343751762084,1456115762892
production-topology3-3-1456115646,0.9648862637646693,0.6939982106788833,1456115762893
production-topology4-4-1456115654,0.9748687207359763,0.7071730306366866,1456115762893
production-topology1-1-1456115632,1.0651174049866863,0.5922556237791646,1456115762893
Running observer at: 1456115773462
production-topology2-2-1456115639,1.038116007180556,0.6942670177257385,1456115773735
production-topology3-3-1456115646,1.0386437187408062,0.7186157469690206,1456115773735
production-topology4-4-1456115654,0.9277709856935599,0.7255561935580926,1456115773736
production-topology1-1-1456115632,0.9968704282870392,0.6160564946325691,1456115773736
Running observer at: 1456115784263
production-topology2-2-1456115639,1.0377725814345533,0.7144732273556689,1456115784465
production-topology3-3-1456115646,0.9540669104622593,0.7343124912019032,1456115784465
production-topology4-4-1456115654,1.0189214490127299,0.7481227516699878,1456115784465
production-topology1-1-1456115632,0.8831016350965845,0.6308923357694588,1456115784465
Running observer at: 1456115795043
production-topology2-2-1456115639,1.0434424631673984,0.732749296011876,1456115795319
production-topology3-3-1456115646,1.0426615269644555,0.7535843059370627,1456115795319
production-topology4-4-1456115654,1.0188660896625499,0.7674615615265994,1456115795319
production-topology1-1-1456115632,0.9706469769412333,0.6487741589890259,1456115795320
Running observer at: 1456115805904
production-topology2-2-1456115639,1.022072783307004,0.7479768479747776,1456115806115
production-topology3-3-1456115646,1.0031659170626637,0.7682655771797451,1456115806116
production-topology4-4-1456115654,0.9555627084395089,0.78000163798746,1456115806116
production-topology1-1-1456115632,1.0452586317965011,0.6685983826293997,1456115806116
Running observer at: 1456115816781
production-topology2-2-1456115639,0.9386516675998029,0.7575105889560289,1456115816991
production-topology3-3-1456115646,0.9972642179779379,0.7809877238907558,1456115816991
production-topology4-4-1456115654,0.9829017424277404,0.7926828945149775,1456115816991
production-topology1-1-1456115632,1.01179028317155,0.6849408540837878,1456115816992
Running observer at: 1456115827596
production-topology2-2-1456115639,1.0377027067109477,0.7708530707538821,1456115827836
production-topology3-3-1456115646,0.9517812867023359,0.7899768587755758,1456115827837
production-topology4-4-1456115654,1.0421004388521247,0.8073545147701038,1456115827837
production-topology1-1-1456115632,1.0291576793828436,0.700587073415563,1456115827837
Running observer at: 1456115838430
production-topology2-2-1456115639,0.9600879427257414,0.7794546558435121,1456115838654
production-topology3-3-1456115646,1.0080036855278365,0.8008782001131888,1456115838654
production-topology4-4-1456115654,0.9724071105069376,0.8165241034221501,1456115838655
production-topology1-1-1456115632,0.9169210547491919,0.7099928986909382,1456115838655
Running observer at: 1456115849168
production-topology2-2-1456115639,1.0011275252259162,0.7890926066862253,1456115849419
production-topology3-3-1456115646,1.0823164130237855,0.8142800197755982,1456115849419
production-topology4-4-1456115654,1.0719158042565995,0.8299657718871212,1456115849420
production-topology1-1-1456115632,1.0379290703777004,0.7236569058445532,1456115849420
Running observer at: 1456115860018
production-topology2-2-1456115639,0.8979155290092742,0.7936268951163523,1456115860266
production-topology3-3-1456115646,0.9660935325834878,0.8211806339941387,1456115860266
production-topology4-4-1456115654,0.9343193003329787,0.835183448309414,1456115860266
production-topology1-1-1456115632,0.9755547781276203,0.7337328207358759,1456115860266
Running observer at: 1456115870884
production-topology2-2-1456115639,1.131614578538771,0.807146402453249,1456115871125
production-topology3-3-1456115646,1.0084632056893914,0.829323354502628,1456115871125
production-topology4-4-1456115654,0.9946734083931562,0.8427782083134018,1456115871125
production-topology1-1-1456115632,1.0610566336037337,0.7463221981538705,1456115871125
Running observer at: 1456115881751
production-topology2-2-1456115639,1.0125540477306945,0.8150466965023816,1456115881949
production-topology3-3-1456115646,0.9300384857906983,0.8335198183062976,1456115881950
production-topology4-4-1456115654,1.0312847387632864,0.8513466869702147,1456115881950
production-topology1-1-1456115632,1.0184742565694944,0.7564019040211157,1456115881950
Running observer at: 1456115892562
production-topology2-2-1456115639,1.0357531108208102,0.8232210081438048,1456115892744
production-topology3-3-1456115646,1.0440945373653427,0.8419428070686594,1456115892744
production-topology4-4-1456115654,1.0929921719730569,0.8618530124051208,1456115892745
production-topology1-1-1456115632,0.9836131215151604,0.7645165903601887,1456115892745
Running observer at: 1456115903334
production-topology2-2-1456115639,0.89944558504379,0.8259433144616615,1456115903576
production-topology3-3-1456115646,1.0320824894196248,0.8492558717744658,1456115903576
production-topology4-4-1456115654,0.940820247124595,0.8651433138517656,1456115903576
production-topology1-1-1456115632,1.0624374626958506,0.7747897238890047,1456115903576
Running observer at: 1456115914164
production-topology2-2-1456115639,1.0336610097226613,0.8331059936085924,1456115914363
production-topology3-3-1456115646,1.05649451930298,0.8569313772384848,1456115914364
production-topology4-4-1456115654,0.9776985020673727,0.8696455213803899,1456115914364
production-topology1-1-1456115632,1.0263197442400598,0.7831740579007065,1456115914364
Running observer at: 1456115924900
production-topology2-2-1456115639,1.02585011027592,0.8395307974975033,1456115925151
production-topology3-3-1456115646,0.9575784806324286,0.8605259166454113,1456115925151
production-topology4-4-1456115654,0.9777718252070748,0.8738042253737238,1456115925152
production-topology1-1-1456115632,1.0236741644474414,0.8172965300489545,1456115925152
Running observer at: 1456115935653
production-topology2-2-1456115639,1.057446174988548,0.8747790033304549,1456115935904
production-topology3-3-1456115646,1.0117955401667018,0.8657421105599387,1456115935904
production-topology4-4-1456115654,1.0374328310366445,0.8798645441019801,1456115935904
production-topology1-1-1456115632,1.0651381028682998,0.8528011334778979,1456115935905
Running observer at: 1456115946454
production-topology2-2-1456115639,0.8880079730350162,0.9043792690982888,1456115946649
production-topology3-3-1456115646,0.9771570842727131,0.8694559430170311,1456115946649
production-topology4-4-1456115654,1.0103857073012406,0.8845260142162393,1456115946650
production-topology1-1-1456115632,0.8583686209884303,0.8814134208441788,1456115946650
/var/nimbus/storm/bin/storm rebalance production-topology1 -e spout_head=11
1456115947026
/var/nimbus/storm/bin/storm rebalance production-topology2 -e spout_head=9
Running observer at: 1456115957242
production-topology2-2-1456115639,1.0003995619025061,1.0003995619025061,1456115957429
production-topology3-3-1456115646,0.9549329800575648,0.9012870423522832,1456115957429
production-topology4-4-1456115654,1.0333210067994751,0.8896568760294544,1456115957429
production-topology1-1-1456115632,1.0021646505985276,1.0021646505985276,1456115957430
/var/nimbus/storm/bin/storm rebalance production-topology3 -e spout_head=11
1456115957799
/var/nimbus/storm/bin/storm rebalance production-topology4 -e bolt_output_1=9
Running observer at: 1456115968015
production-topology2-2-1456115639,0.8838383838383839,0.942118972870445,1456115968234
production-topology3-3-1456115646,1.0010062830631372,1.0010062830631372,1456115968234
production-topology4-4-1456115654,1.0009361591522448,1.0009361591522448,1456115968234
production-topology1-1-1456115632,9.333333333333332,5.167748991965929,1456115968235
Running observer at: 1456115978826
production-topology2-2-1456115639,1.0,0.9614126485802966,1456115979036
production-topology3-3-1456115646,0.9178030303030302,0.9594046566830837,1456115979036
production-topology4-4-1456115654,1.5519999999999998,1.2764680795761223,1456115979036
production-topology1-1-1456115632,1.0,3.7784993279772863,1456115979037
Running observer at: 1456115985394
production-topology2-2-1456115639,1.0,0.9710594864352224,1456115985605
production-topology3-3-1456115646,2.0,1.3062697711220557,1456115985605
production-topology4-4-1456115654,2.0,1.5176453863840813,1456115985605
production-topology1-1-1456115632,1.0,3.0838744959829647,1456115985606
Running observer at: 1456115986178
production-topology2-2-1456115639,1.0,0.9768475891481779,1456115986414
production-topology3-3-1456115646,2.0,1.4797023283415418,1456115986415
production-topology4-4-1456115654,2.0,1.638234039788061,1456115986415
production-topology1-1-1456115632,1.158537537980018,2.6988071043823756,1456115986415
Running observer at: 1456115989601
production-topology2-2-1456115639,0.9904559621697725,0.9791156513184437,1456115989837
production-topology3-3-1456115646,2.0,1.5837618626732335,1456115989837
production-topology4-4-1456115654,2.0,1.710587231830449,1456115989837
production-topology1-1-1456115632,1.0155030253304822,2.418256424540393,1456115989837
Running observer at: 1456115996103
production-topology2-2-1456115639,0.9904559621697725,0.9807356957257763,1456115996301
production-topology3-3-1456115646,2.0,1.653134885561028,1456115996301
production-topology4-4-1456115654,2.0,1.7588226931920408,1456115996301
production-topology1-1-1456115632,0.134453781512605,2.091998904107852,1456115996301
Running observer at: 1456115996891
production-topology2-2-1456115639,0.9904559621697725,0.9819507290312758,1456115997110
production-topology3-3-1456115646,2.0,1.7026870447665954,1456115997110
production-topology4-4-1456115654,2.0,1.7932765941646063,1456115997110
production-topology1-1-1456115632,1.0,1.9554990410943704,1456115997110
Running observer at: 1456116000308
production-topology2-2-1456115639,0.9904559621697725,0.9828957549355533,1456116000506
production-topology3-3-1456115646,2.0,1.739851164170771,1456116000506
production-topology4-4-1456115654,2.0,1.8191170198940305,1456116000507
production-topology1-1-1456115632,0.803845122278302,1.8275374945592517,1456116000507
Running observer at: 1456116010918
production-topology2-2-1456115639,0.07772727272727273,0.8923789067147252,1456116011132
production-topology3-3-1456115646,2.0,1.7687565903740188,1456116011132
production-topology4-4-1456115654,2.0,1.839215128794694,1456116011132
production-topology1-1-1456115632,1.1529324385537445,1.760076988958701,1456116011133
Running observer at: 1456116021570
production-topology2-2-1456115639,0.16907536907536905,0.8266240396566019,1456116021758
production-topology3-3-1456115646,0.1260146103896104,1.6044823923755778,1456116021758
production-topology4-4-1456115654,0.0,1.6552936159152245,1456116021758
production-topology1-1-1456115632,0.8223962798125068,1.6748332881272285,1456116021758
Running observer at: 1456116032319
production-topology2-2-1456115639,0.0,0.7577387030185517,1456116032510
production-topology3-3-1456115646,0.1442609318629583,1.4717349868744307,1456116032510
production-topology4-4-1456115654,0.6824052157364965,1.5668492158989766,1456116032510
production-topology1-1-1456115632,1.092362320363248,1.6262940408135635,1456116032511
Running observer at: 1456116043132
production-topology2-2-1456115639,0.014899957428693062,0.700597261050101,1456116043409
production-topology3-3-1456115646,0.18813444619896233,1.364768275151475,1456116043410
production-topology4-4-1456115654,1.175492030232732,1.5342361170934564,1456116043410
production-topology1-1-1456115632,0.9314141500659309,1.572841741525284,1456116043410
Running observer at: 1456116053884
production-topology2-2-1456115639,0.04825523429710868,0.654001401996316,1456116054066
production-topology3-3-1456115646,0.2500797797884253,1.2790230062773942,1456116054066
production-topology4-4-1456115654,1.0669228147459338,1.4982889399898007,1456116054067
production-topology1-1-1456115632,1.108638622974963,1.5396843759145467,1456116054067
Running observer at: 1456116064554
production-topology2-2-1456115639,0.04322981366459628,0.6132832961075345,1456116064764
production-topology3-3-1456115646,0.6663137626467317,1.2352580603037755,1456116064764
production-topology4-4-1456115654,0.9679453782285885,1.460407257006857,1456116064765
production-topology1-1-1456115632,0.9101636480834643,1.4977163273924745,1456116064765
Running observer at: 1456116075340
production-topology2-2-1456115639,0.1873722461957756,0.5866638554880496,1456116075529
production-topology3-3-1456115646,0.4909814785735699,1.1856396215217617,1456116075529
production-topology4-4-1456115654,1.0272969941967647,1.4315332394861842,1456116075529
production-topology1-1-1456115632,1.0139866752632707,1.4674832241343994,1456116075529
Running observer at: 1456116086006
production-topology2-2-1456115639,0.0,0.5521542169299289,1456116086253
production-topology3-3-1456115646,0.4735362689181891,1.1411331619840384,1456116086253
production-topology4-4-1456115654,1.0788624783872274,1.4094913169174992,1456116086253
production-topology1-1-1456115632,1.0859649722667368,1.445040974024537,1456116086254
Running observer at: 1456116096775
production-topology2-2-1456115639,0.0,0.5214789826560441,1456116096983
production-topology3-3-1456115646,0.42344689688406606,1.0989163228605106,1456116096983
production-topology4-4-1456115654,1.004160674436251,1.385648337948014,1456116096983
production-topology1-1-1456115632,0.9418619343389532,1.4170865829308932,1456116096984
Running observer at: 1456116107549
production-topology2-2-1456115639,0.11768018018018017,0.5002264141046828,1456116107707
production-topology3-3-1456115646,0.42906622565526026,1.06170242857133,1456116107707
production-topology4-4-1456115654,0.9514499098609178,1.3615262030542865,1456116107707
production-topology1-1-1456115632,1.0280386774085808,1.3966103773770875,1456116107707
Running observer at: 1456116118195
production-topology2-2-1456115639,0.43685281065088755,0.497057733931993,1456116118384
production-topology3-3-1456115646,0.4355333947440694,1.028746163633053,1456116118384
production-topology4-4-1456115654,0.9464348867249148,1.33967929166853,1456116118385
production-topology1-1-1456115632,0.989801007209977,1.3762699088687318,1456116118385
Running observer at: 1456116128899
production-topology2-2-1456115639,0.014708152129504373,0.4740887062271126,1456116129125
production-topology3-3-1456115646,0.45766956186956187,1.0001923335448786,1456116129125
production-topology4-4-1456115654,1.12105544103459,1.328748099136833,1456116129126
production-topology1-1-1456115632,0.9272629339659081,1.35488862434955,1456116129126
/var/nimbus/storm/bin/storm rebalance production-topology2 -e bolt_output_sink=11
1456116129477
/var/nimbus/storm/bin/storm rebalance production-topology1 -e spout_head=10
Running observer at: 1456116139656
production-topology2-2-1456115639,0.04701714584006907,0.04701714584006907,1456116139814
production-topology3-3-1456115646,0.37591881633732316,0.9704650232016615,1456116139814
production-topology4-4-1456115654,1.0130896942146497,1.313716746521491,1456116139814
production-topology1-1-1456115632,0.9912011858453236,0.9912011858453236,1456116139815
Running observer at: 1456116150339
production-topology2-2-1456115639,0.0,0.023508572920034537,1456116150543
production-topology3-3-1456115646,0.3940684695573875,0.9442651798541946,1456116150543
production-topology4-4-1456115654,0.9768862138085761,1.298406267761813,1456116150544
production-topology1-1-1456115632,2.03125,1.5112255929226617,1456116150544
Running observer at: 1456116161109
production-topology2-2-1456115639,1.0,0.349005715280023,1456116161323
production-topology3-3-1456115646,0.46870411590705213,0.9235886118564928,1456116161323
production-topology4-4-1456115654,0.9866377934807387,1.284851116706114,1456116161323
production-topology1-1-1456115632,1.0,1.3408170619484412,1456116161323
Running observer at: 1456116168045
production-topology2-2-1456115639,1.0,0.5117542864600173,1456116168235
production-topology3-3-1456115646,0.33663990379168546,0.8991324156871258,1456116168235
production-topology4-4-1456115654,0.9231568150229728,1.26978052080265,1456116168236
production-topology1-1-1456115632,1.0,1.2556127964613308,1456116168236
Running observer at: 1456116168814
production-topology2-2-1456115639,1.0,0.6094034291680138,1456116169015
production-topology3-3-1456115646,0.3288888888888889,0.8763226746151963,1456116169015
production-topology4-4-1456115654,1.9444444444444446,1.2967670777483218,1456116169016
production-topology1-1-1456115632,0.0,1.0044902371690647,1456116169016
Running observer at: 1456116171770
production-topology2-2-1456115639,0.11528822055137841,0.5270508943985747,1456116171976
production-topology3-3-1456115646,0.8309542091302526,0.8745777336350061,1456116171976
production-topology4-4-1456115654,1.5528845101258892,1.3066177482243821,1456116171976
production-topology1-1-1456115632,1.0191342246317274,1.0069309017461752,1456116171977
Running observer at: 1456116182404
production-topology2-2-1456115639,0.11528822055137841,0.4682276552775466,1456116182601
production-topology3-3-1456115646,0.36144370746834353,0.8555727697029075,1456116182602
production-topology4-4-1456115654,0.9068801114638052,1.291812650566583,1456116182602
production-topology1-1-1456115632,0.47534165181224014,0.9309895803270416,1456116182602
Running observer at: 1456116193163
production-topology2-2-1456115639,0.16000000000000003,0.4296991983678533,1456116193351
production-topology3-3-1456115646,0.4362412788130354,0.8405966450282693,1456116193351
production-topology4-4-1456115654,1.0278837628014135,1.2823866188606843,1456116193351
production-topology1-1-1456115632,1.1659371794575797,0.9603580302183589,1456116193351
Running observer at: 1456116203869
production-topology2-2-1456115639,0.05606312292358805,0.38818407887404605,1456116204058
production-topology3-3-1456115646,0.3728576064709599,0.824467712664224,1456116204058
production-topology4-4-1456115654,0.9538239065354981,1.2710568701598157,1456116204058
production-topology1-1-1456115632,0.9980595968150944,0.9645470931735516,1456116204058
Running observer at: 1456116214649
production-topology2-2-1456115639,0.05801600776133882,0.35516727176277535,1456116214901
production-topology3-3-1456115646,0.45148374997219504,0.812034913907823,1456116214901
production-topology4-4-1456115654,1.0303950834279425,1.2630348106020866,1456116214901
production-topology1-1-1456115632,1.0049522925816707,0.9685876131143635,1456116214901
Running observer at: 1456116225382
production-topology2-2-1456115639,0.04533858998144712,0.3270010279644728,1456116225616
production-topology3-3-1456115646,0.36785350245742743,0.7909298212209659,1456116225616
production-topology4-4-1456115654,1.0378629301411337,1.2642657029683828,1456116225616
production-topology1-1-1456115632,0.8347255528274053,0.9564183349064582,1456116225616
Running observer at: 1456116236218
production-topology2-2-1456115639,0.024262295081967207,0.30177280022426395,1456116236412
production-topology3-3-1456115646,0.4447385041210365,0.7751610036815663,1456116236412
production-topology4-4-1456115654,0.9699205730554299,1.2448630554035636,1456116236413
production-topology1-1-1456115632,1.2347457627118648,0.9796122872235755,1456116236413
Running observer at: 1456116246989
production-topology2-2-1456115639,0.11576227390180878,0.28746429819945973,1456116247223
production-topology3-3-1456115646,0.3905652657047746,0.7215131792050589,1456116247223
production-topology4-4-1456115654,1.0228742099249337,1.2122921957343948,1456116247223
production-topology1-1-1456115632,0.9090383325721079,0.974183521481155,1456116247223
Running observer at: 1456116257732
production-topology2-2-1456115639,0.0,0.26693113404235547,1456116257909
production-topology3-3-1456115646,0.41764841349468784,0.6687681263215485,1456116257909
production-topology4-4-1456115654,0.9525866879703002,1.1773784186667384,1456116257909
production-topology1-1-1456115632,1.062288903822154,0.9804767630769405,1456116257909
Running observer at: 1456116268482
production-topology2-2-1456115639,0.04640127656000673,0.2522291435435322,1456116268729
production-topology3-3-1456115646,0.42273113445671306,0.6161924974701056,1456116268729
production-topology4-4-1456115654,1.0353359143931748,1.1452229491465107,1456116268730
production-topology1-1-1456115632,0.8254172864804695,0.9701394646371758,1456116268730
Running observer at: 1456116279221
production-topology2-2-1456115639,0.0,0.23646482207206146,1456116279397
production-topology3-3-1456115646,0.3836366184237976,0.5623137180842319,1456116279397
production-topology4-4-1456115654,0.9632149769591982,1.110663448378484,1456116279397
production-topology1-1-1456115632,1.006524479827064,0.9724135280865438,1456116279398
Running observer at: 1456116289866
production-topology2-2-1456115639,0.021871472343170453,0.2238416838527149,1456116290048
production-topology3-3-1456115646,0.1576054841264682,0.5009005675551144,1456116290048
production-topology4-4-1456115654,0.3790996428905232,1.0566334364748347,1456116290048
production-topology1-1-1456115632,0.2394233005193396,0.9292964558767083,1456116290048
Running observer at: 1456116300619
production-topology2-2-1456115639,0.1659812661909098,0.22062721620483686,1456116300821
production-topology3-3-1456115646,0.1705150531286895,0.4399177359927373,1456116300821
production-topology4-4-1456115654,0.39222325927274937,1.003040878450593,1456116300822
production-topology1-1-1456115632,0.29968997482018783,0.8943183180402349,1456116300822
Running observer at: 1456116311393
production-topology2-2-1456115639,0.05919348871624121,0.21213070423175287,1456116311570
production-topology3-3-1456115646,0.11058058146343375,0.37693708870818515,1456116311570
production-topology4-4-1456115654,0.43980198747729227,0.9510342780331694,1456116311570
production-topology1-1-1456115632,0.2724978590113719,0.8615909254597686,1456116311571
Running observer at: 1456116322112
production-topology2-2-1456115639,0.025961538461538456,0.20282224594324214,1456116322290
production-topology3-3-1456115646,0.18600080764571275,0.37893662861672195,1456116322290
production-topology4-4-1456115654,0.3584352242910662,0.9629821188428717,1456116322290
production-topology1-1-1456115632,0.15810026968652394,0.8264163926711063,1456116322290
Running observer at: 1456116332824
production-topology2-2-1456115639,0.0845057834990293,0.1971881286839939,1456116333002
production-topology3-3-1456115646,0.34322900035426573,0.38556889756643214,1456116333002
production-topology4-4-1456115654,0.4102678214055969,0.953910872365175,1456116333002
production-topology1-1-1456115632,0.35288044751640113,0.8038670619494537,1456116333003
Running observer at: 1456116343619
production-topology2-2-1456115639,0.036702428006775825,0.18989332410775672,1456116343812
production-topology3-3-1456115646,0.08148605207428736,0.3820139510956097,1456116343812
production-topology4-4-1456115654,0.40751298312127293,0.928311570794793,1456116343812
production-topology1-1-1456115632,0.3918970939515602,0.7851411543131858,1456116343813
/var/nimbus/storm/bin/storm rebalance production-topology1 -e bolt_output_sink=11
1456116344210
/var/nimbus/storm/bin/storm rebalance production-topology4 -e bolt_output_1=8
Running observer at: 1456116354405
production-topology2-2-1456115639,0.014000000000000002,0.1822457882769847,1456116354540
production-topology3-3-1456115646,0.14267732949173656,0.3784338694190534,1456116354540
production-topology4-4-1456115654,0.8345956878085075,0.8345956878085075,1456116354540
production-topology1-1-1456115632,0.8653244222603302,0.8653244222603302,1456116354541
Running observer at: 1456116365001
production-topology2-2-1456115639,0.2749980902910396,0.18611046752757032,1456116365234
production-topology3-3-1456115646,0.34926179306020533,0.3678654704328359,1456116365234
production-topology4-4-1456115654,0.23148148148148145,0.5330385846449944,1456116365234
production-topology1-1-1456115632,0.0,0.4326622111301651,1456116365234
Running observer at: 1456116375781
production-topology2-2-1456115639,0.3695271006284489,0.19344713285160547,1456116375985
production-topology3-3-1456115646,0.40876608108076873,0.36512495718307586,1456116375986
production-topology4-4-1456115654,2.0,1.022025723096663,1456116375986
production-topology1-1-1456115632,1.0,0.62177480742011,1456116375986
Running observer at: 1456116382703
production-topology2-2-1456115639,0.10627733470542834,0.19009444830752173,1456116382906
production-topology3-3-1456115646,0.403782917849414,0.36279984548078337,1456116382907
production-topology4-4-1456115654,2.0,1.2665192923224973,1456116382907
production-topology1-1-1456115632,1.0,0.7163311055650825,1456116382907
Running observer at: 1456116383539
production-topology2-2-1456115639,1.0,0.22009095022205796,1456116383726
production-topology3-3-1456115646,0.382051282051282,0.36141999165302396,1456116383727
production-topology4-4-1456115654,2.0,1.4132154338579979,1456116383727
production-topology1-1-1456115632,0.8274715954672943,0.7385592035455248,1456116383727
Running observer at: 1456116386501
production-topology2-2-1456115639,1.7653846153846153,0.27528000969214933,1456116386668
production-topology3-3-1456115646,0.29960317460317465,0.3571045566179543,1456116386668
production-topology4-4-1456115654,0.0,1.177679528214998,1456116386668
production-topology1-1-1456115632,0.4002477635452348,0.6821739635454764,1456116386668
Running observer at: 1456116397199
production-topology2-2-1456115639,0.24697802506288177,0.2743040791876918,1456116397362
production-topology3-3-1456115646,0.44050734316317347,0.3572703548985911,1456116397362
production-topology4-4-1456115654,0.0,1.0094395956128557,1456116397362
production-topology1-1-1456115632,11.503267973856207,2.228044536447009,1456116397362
Running observer at: 1456116407791
production-topology2-2-1456115639,0.21240619359741622,0.2722408163346826,1456116407971
production-topology3-3-1456115646,0.4218663666717025,0.35607691505866246,1456116407971
production-topology4-4-1456115654,0.0,0.8832596461612486,1456116407971
production-topology1-1-1456115632,1.1009532927555457,2.0871581309855762,1456116407971
Running observer at: 1456116418535
production-topology2-2-1456115639,0.3063088290662651,0.2808838724422225,1456116418751
production-topology3-3-1456115646,0.37394914715365113,0.3560112594192067,1456116418751
production-topology4-4-1456115654,0.8556930916214085,0.880196695656822,1456116418751
production-topology1-1-1456115632,1.0326172085709013,1.9699869173839457,1456116418751
Running observer at: 1456116429241
production-topology2-2-1456115639,0.21420366648762715,0.2880239946584767,1456116429440
production-topology3-3-1456115646,0.4804140764080095,0.35888944631422753,1456116429441
production-topology4-4-1456115654,0.9966520902139515,0.8918422351125349,1456116429441
production-topology1-1-1456115632,0.9805964136200074,1.8710478670075517,1456116429441
Running observer at: 1456116439974
production-topology2-2-1456115639,0.290791704708491,0.2643837181487597,1456116440212
production-topology3-3-1456115646,0.38154039160578046,0.3559839888375184,1456116440212
production-topology4-4-1456115654,1.123077136946503,0.9128635898247137,1456116440212
production-topology1-1-1456115632,1.2958537395605594,1.818757491785098,1456116440212
Running observer at: 1456116450734
production-topology2-2-1456115639,0.34635475811946403,0.24259554341940853,1456116450952
production-topology3-3-1456115646,0.43405271895947006,0.35923108267644455,1456116450952
production-topology4-4-1456115654,0.9905473978209169,0.919337240491064,1456116450953
production-topology1-1-1456115632,0.815620644517067,1.7351627545127621,1456116450953
Running observer at: 1456116461505
production-topology2-2-1456115639,0.2203265765765766,0.21660642930529442,1456116461681
production-topology3-3-1456115646,0.4285920514612188,0.36255452142885564,1456116461681
production-topology4-4-1456115654,1.024826007209926,0.9274517610078996,1456116461681
production-topology1-1-1456115632,0.9749175295919643,1.6766823525957775,1456116461682
Running observer at: 1456116472222
production-topology2-2-1456115639,0.30712789385404216,0.22300108508204988,1456116472457
production-topology3-3-1456115646,0.40697613969078916,0.3484219191142069,1456116472457
production-topology4-4-1456115654,1.0040436238598003,0.932922608354464,1456116472457
production-topology1-1-1456115632,1.0153764257194902,1.629446214961757,1456116472457
Running observer at: 1456116482927
production-topology2-2-1456115639,0.23850610131887096,0.2271083477742996,1456116483144
production-topology3-3-1456115646,0.37997187483010275,0.3490395246929322,1456116483145
production-topology4-4-1456115654,0.9662705639432891,0.9351458053937188,1456116483145
production-topology1-1-1456115632,1.066727104100198,1.5919316075709866,1456116483145
Running observer at: 1456116493718
production-topology2-2-1456115639,0.20369967511504508,0.22856500361146778,1456116493905
production-topology3-3-1456115646,0.4001271756565874,0.34783572125438394,1456116493905
production-topology4-4-1456115654,1.0156204099985011,0.9401754681815178,1456116493905
production-topology1-1-1456115632,0.9849801739093127,1.553997142967132,1456116493905
Running observer at: 1456116504391
production-topology2-2-1456115639,0.21353528640063935,0.23381407572736948,1456116504581
production-topology3-3-1456115646,0.43718620494868604,0.3499800078703081,1456116504581
production-topology4-4-1456115654,1.0083286365589972,0.9441844780860753,1456116504581
production-topology1-1-1456115632,0.9413238942960374,1.5179575401041263,1456116504581
Running observer at: 1456116515113
production-topology2-2-1456115639,0.34603667057152065,0.24341476448770888,1456116515374
production-topology3-3-1456115646,0.42775023191094624,0.3491888906015998,1456116515374
production-topology4-4-1456115654,0.987447281809082,0.9465879671817979,1456116515374
production-topology1-1-1456115632,1.0756501182033096,1.493384905554081,1456116515374
Running observer at: 1456116525893
production-topology2-2-1456115639,0.3706320245219676,0.2542578789723929,1456116526138
production-topology3-3-1456115646,0.3534970179212078,0.3487103411170592,1456116526138
production-topology4-4-1456115654,1.027739857017247,0.9508591192784004,1456116526138
production-topology1-1-1456115632,1.2406347548094632,1.4800822660412063,1456116526139
/var/nimbus/storm/bin/storm rebalance production-topology3 -e bolt_output_2=11
1456116526427
/var/nimbus/storm/bin/storm rebalance production-topology1 -e spout_head=9
Running observer at: 1456116536597
production-topology2-2-1456115639,0.3196548793156951,0.2641042984468505,1456116536745
production-topology3-3-1456115646,0.3602194426508112,0.3602194426508112,1456116536745
production-topology4-4-1456115654,1.0178265043192303,0.9542074885304419,1456116536746
production-topology1-1-1456115632,1.012085603225281,1.012085603225281,1456116536746
Running observer at: 1456116547336
production-topology2-2-1456115639,0.14769476599268905,0.26516871484987986,1456116547575
production-topology3-3-1456115646,0.16190476190476188,0.26106210227778653,1456116547575
production-topology4-4-1456115654,0.9975542151164696,0.9562716183678719,1456116547575
production-topology1-1-1456115632,3.9375,2.4747928016126406,1456116547576
Running observer at: 1456116558143
production-topology2-2-1456115639,0.34432966980011764,0.2766463705098837,1456116558332
production-topology3-3-1456115646,2.0,0.8407080681851911,1456116558332
production-topology4-4-1456115654,0.9773281514448693,0.9572287335077353,1456116558332
production-topology1-1-1456115632,1.0,1.9831952010750937,1456116558333
Running observer at: 1456116564773
production-topology2-2-1456115639,0.15454545454545457,0.280251176442732,1456116564986
production-topology3-3-1456115646,2.0,1.1305310511388933,1456116564987
production-topology4-4-1456115654,1.0919298836958156,0.9630853052550432,1456116564987
production-topology1-1-1456115632,1.0,1.7373964008063203,1456116564987
Running observer at: 1456116565540
production-topology2-2-1456115639,0.2222222222222222,0.28765858385013937,1456116565809
production-topology3-3-1456115646,2.0,1.3044248409111145,1456116565809
production-topology4-4-1456115654,0.9238095238095239,0.9614488143614799,1456116565809
production-topology1-1-1456115632,1.0,1.5899171206450562,1456116565810
Running observer at: 1456116568847
production-topology2-2-1456115639,0.3733333333333334,0.2993739792164781,1456116569011
production-topology3-3-1456115646,1.2233109518584584,1.2909058594023386,1456116569011
production-topology4-4-1456115654,0.7400936289825177,0.9525946069463214,1456116569012
production-topology1-1-1456115632,1.145957779747734,1.5159238971621694,1456116569012
Running observer at: 1456116579517
production-topology2-2-1456115639,0.25627972651605235,0.3023839278939829,1456116579762
production-topology3-3-1456115646,1.2233109518584584,1.2812494440389273,1456116579762
production-topology4-4-1456115654,0.994550564801508,0.9542082976330593,1456116579762
production-topology1-1-1456115632,3.720642142038097E-4,1.299416492455317,1456116579763
Running observer at: 1456116590206
production-topology2-2-1456115639,0.27465994743835076,0.3095661431847199,1456116590440
production-topology3-3-1456115646,0.15789473684210525,1.1408301056393244,1456116590440
production-topology4-4-1456115654,1.0184457992812654,0.9565874643607707,1456116590441
production-topology1-1-1456115632,1.0583859035394625,1.2692876688408354,1456116590441
Running observer at: 1456116600896
production-topology2-2-1456115639,0.2868832248057148,0.31826353272952584,1456116601175
production-topology3-3-1456115646,1.0259983787027382,1.1280710248685926,1456116601175
production-topology4-4-1456115654,1.0167002027025027,0.9587343478729754,1456116601175
production-topology1-1-1456115632,0.9589600740168922,1.2348068249715083,1456116601175
Running observer at: 1456116611651
production-topology2-2-1456115639,0.19173375855432487,0.32183779856470235,1456116611876
production-topology3-3-1456115646,1.0985878459772838,1.1251227069794616,1456116611876
production-topology4-4-1456115654,1.1105609567729442,0.9639697481798708,1456116611876
production-topology1-1-1456115632,0.8350755692165962,1.1948336993960171,1456116611876
Running observer at: 1456116622417
production-topology2-2-1456115639,0.2188993428912783,0.3279110290608524,1456116622632
production-topology3-3-1456115646,1.0154339538013009,1.1151510021450834,1456116622633
production-topology4-4-1456115654,0.8995357052585968,0.9618219467491617,1456116622633
production-topology1-1-1456115632,1.2460441345073103,1.1994891934970437,1456116622633
Running observer at: 1456116633181
production-topology2-2-1456115639,0.36341728855721395,0.3395582720127595,1456116633419
production-topology3-3-1456115646,0.9846356711107207,1.1042747245588866,1456116633420
production-topology4-4-1456115654,1.0600194283123867,0.9693360714326246,1456116633420
production-topology1-1-1456115632,0.7971846237408651,1.1659638126840288,1456116633420
Running observer at: 1456116643915
production-topology2-2-1456115639,0.2591510204081633,0.339030036349997,1456116644178
production-topology3-3-1456115646,1.011024168054827,1.097101604827805,1456116644178
production-topology4-4-1456115654,0.9458186743070465,0.9931473111934767,1456116644178
production-topology1-1-1456115632,1.053513587317042,1.1573137953481067,1456116644178
Running observer at: 1456116654730
production-topology2-2-1456115639,0.235630290394803,0.33456680934220884,1456116654925
production-topology3-3-1456115646,0.9850172632918972,1.0890955804323832,1456116654926
production-topology4-4-1456115654,1.084875699876274,0.962643167856019,1456116654926
production-topology1-1-1456115632,1.0481361706702474,1.1495153935854023,1456116654926
Running observer at: 1456116665424
production-topology2-2-1456115639,0.4176547796339463,0.34494605750649276,1456116665671
production-topology3-3-1456115646,1.0153901072873701,1.0841818822227156,1456116665671
production-topology4-4-1456115654,0.9709572394342831,0.9283417425038285,1456116665672
production-topology1-1-1456115632,0.98062291766812,1.138255895190917,1456116665672
Running observer at: 1456116676200
production-topology2-2-1456115639,0.15605715107440735,0.31681462920897296,1456116676400
production-topology3-3-1456115646,1.0821312941162369,1.0840537204660607,1456116676400
production-topology4-4-1456115654,0.8921159427176396,0.8914122739277499,1456116676400
production-topology1-1-1456115632,1.076234028803802,1.1343795285417224,1456116676400
Running observer at: 1456116686886
production-topology2-2-1456115639,0.247703732655853,0.2662252664513476,1456116687071
production-topology3-3-1456115646,0.9422005559936594,1.0757094166735666,1456116687072
production-topology4-4-1456115654,1.0428099937658752,0.9261726070532791,1456116687072
production-topology1-1-1456115632,1.0048190693351986,1.1267583250589857,1456116687072
Running observer at: 1456116697562
production-topology2-2-1456115639,0.27135364635364634,0.2670377871610397,1456116697758
production-topology3-3-1456115646,0.9877537475529259,1.0708229906113087,1456116697759
production-topology4-4-1456115654,1.0050420026760987,0.9596740071424823,1456116697759
production-topology1-1-1456115632,0.9243747377050557,1.1155147924282118,1456116697759
Running observer at: 1456116708218
production-topology2-2-1456115639,0.2443104374044855,0.26810126195460876,1456116708421
production-topology3-3-1456115646,0.964046156242558,1.0652031572234797,1456116708421
production-topology4-4-1456115654,1.0794362204815637,0.9956552144918678,1456116708421
production-topology1-1-1456115632,0.9650492941699307,1.107595555677776,1456116708422
/var/nimbus/storm/bin/storm rebalance production-topology2 -e bolt_output_sink=12
1456116708713
/var/nimbus/storm/bin/storm rebalance production-topology3 -e spout_head=10
Running observer at: 1456116718901
production-topology2-2-1456115639,0.2102343544585541,0.2102343544585541,1456116719070
production-topology3-3-1456115646,1.0044154461917274,1.0044154461917274,1456116719071
production-topology4-4-1456115654,1.0294782397468354,1.0014480527627154,1456116719071
production-topology1-1-1456115632,1.0609819241982505,1.1052648741037996,1456116719071
Running observer at: 1456116729583
production-topology2-2-1456115639,0.42857142857142855,0.31940289151499135,1456116729795
production-topology3-3-1456115646,0.5573192239858906,0.780867335088809,1456116729795
production-topology4-4-1456115654,1.0176020227071496,1.002146383845822,1456116729795
production-topology1-1-1456115632,1.0588667502710054,1.1030554396355714,1456116729796
Running observer at: 1456116740257
production-topology2-2-1456115639,1.0,0.5462685943433275,1456116740448
production-topology3-3-1456115646,2.0,1.1872448900592059,1456116740448
production-topology4-4-1456115654,0.9725286052984228,0.9971280994575527,1456116740449
production-topology1-1-1456115632,0.8911726322608818,1.093424402936722,1456116740449
Running observer at: 1456116747615
production-topology2-2-1456115639,1.0,0.6597014457574957,1456116747773
production-topology3-3-1456115646,2.0,1.3904336675444045,1456116747773
production-topology4-4-1456115654,0.9568592215226372,0.99600516024761,1456116747773
production-topology1-1-1456115632,1.3623372499206097,1.1051162658490647,1456116747774
Running observer at: 1456116748289
production-topology2-2-1456115639,1.0,0.7277611566059965,1456116748593
production-topology3-3-1456115646,2.0,1.5123469340355236,1456116748593
production-topology4-4-1456115654,1.7986111111111116,1.021797997044316,1456116748593
production-topology1-1-1456115632,1.3333333333333333,1.114625310327576,1456116748593
Running observer at: 1456116750977
production-topology2-2-1456115639,0.17852341016388384,0.6362215321989778,1456116751152
production-topology3-3-1456115646,0.004266211604095563,1.261000146963619,1456116751152
production-topology4-4-1456115654,0.9077620967741935,1.0185886128081292,1456116751152
production-topology1-1-1456115632,0.8876357560568088,1.1055457281567453,1456116751153
Running observer at: 1456116761677
production-topology2-2-1456115639,1468.8192094643707,210.3766483796521,1456116761847
production-topology3-3-1456115646,1.0324772802204212,1.228354023143162,1456116761848
production-topology4-4-1456115654,0.9722462479838987,1.0187878022761496,1456116761848
production-topology1-1-1456115632,0.9249993037593669,1.0986016349106924,1456116761848
Running observer at: 1456116772292
production-topology2-2-1456115639,1.263129032898771,184.23745846130794,1456116772470
production-topology3-3-1456115646,0.35537523784238234,1.1192316749805646,1456116772471
production-topology4-4-1456115654,1.049064886459009,1.0199026181581667,1456116772471
production-topology1-1-1456115632,0.8747007969361604,1.090309011282006,1456116772471
Running observer at: 1456116783016
production-topology2-2-1456115639,0.9495965007250594,163.8721404656876,1456116783252
production-topology3-3-1456115646,1.2330379734800467,1.1318768192582849,1456116783252
production-topology4-4-1456115654,1.030567649747591,1.0206439185977865,1456116783252
production-topology1-1-1456115632,1.0905719150196167,1.0903184007012063,1456116783252
Running observer at: 1456116793777
production-topology2-2-1456115639,0.9334495394662122,147.57827137306546,1456116793978
production-topology3-3-1456115646,1.0733974788286553,1.1260288852153217,1456116793978
production-topology4-4-1456115654,0.9846269791698454,1.0205499085098118,1456116793978
production-topology1-1-1456115632,1.1475246259171699,1.0922910291569292,1456116793978
Running observer at: 1456116804524
production-topology2-2-1456115639,1.1224977516357229,134.26411013475368,1456116804779
production-topology3-3-1456115646,1.0550176486968563,1.1195733182590977,1456116804779
production-topology4-4-1456115654,1.0287927776462231,1.020585005864111,1456116804779
production-topology1-1-1456115632,0.8810775828427998,1.0852505809464583,1456116804779
Running observer at: 1456116815340
production-topology2-2-1456115639,0.9330865576951411,123.15319150333214,1456116815528
production-topology3-3-1456115646,0.987510668674784,1.1085680974604049,1456116815528
production-topology4-4-1456115654,0.9541304304213936,1.01846180340085,1456116815528
production-topology1-1-1456115632,1.034836396529748,1.0860089407232738,1456116815529
Running observer at: 1456116826128
production-topology2-2-1456115639,1.0612089819329842,113.7615005401476,1456116826318
production-topology3-3-1456115646,1.0469136007045496,1.1038254438638004,1456116826318
production-topology4-4-1456115654,0.9974991258595715,1.0184599670922867,1456116826318
production-topology1-1-1456115632,1.0435771754583911,0.9895448465718869,1456116826318
Running observer at: 1456116836902
production-topology2-2-1456115639,1.0458699092482746,105.71038406651192,1456116837126
production-topology3-3-1456115646,1.017667754352169,1.0976713231843982,1456116837127
production-topology4-4-1456115654,1.0003931847968546,1.0192288015373527,1456116837127
production-topology1-1-1456115632,0.995664440370342,0.9894003279175649,1456116837127
Running observer at: 1456116847661
production-topology2-2-1456115639,0.943275214974583,98.7259101430761,1456116847861
production-topology3-3-1456115646,1.0221066050013525,1.0926336753055286,1456116847861
production-topology4-4-1456115654,1.0564011274291647,1.0180445096617978,1456116847861
production-topology1-1-1456115632,1.1704485473037183,0.9950819461610222,1456116847862
Running observer at: 1456116858458
production-topology2-2-1456115639,1.026185567010309,92.61967735707199,1456116858649
production-topology3-3-1456115646,0.9133538379897075,1.0814286854732897,1456116858649
production-topology4-4-1456115654,0.9385558738706957,1.018536054663837,1456116858649
production-topology1-1-1456115632,0.8633381298921107,0.9905265504907592,1456116858650
Running observer at: 1456116869277
production-topology2-2-1456115639,0.9475515351863915,87.22719936754932,1456116869456
production-topology3-3-1456115646,1.0436313686313685,1.0792053138943534,1456116869457
production-topology4-4-1456115654,0.9856734781848169,1.026722049637247,1456116869457
production-topology1-1-1456115632,1.0033229514020785,0.9857720562125706,1456116869457
Running observer at: 1456116880029
production-topology2-2-1456115639,1.199371942199251,82.44787562169653,1456116880228
production-topology3-3-1456115646,1.0500564460050992,1.0775859323449504,1456116880228
production-topology4-4-1456115654,1.1105375736849692,1.0305882832666955,1456116880228
production-topology1-1-1456115632,0.924517415988952,1.0165769012717287,1456116880228
Running observer at: 1456116890769
production-topology2-2-1456115639,0.7879401151628924,78.14998427924739,1456116890990
production-topology3-3-1456115646,0.912588090966794,1.0689018354303106,1456116890990
production-topology4-4-1456115654,1.0024451526746605,1.0300549283798088,1456116890990
production-topology1-1-1456115632,1.0231444099378884,1.015402184818343,1456116890991
Running observer at: 1456116901459
production-topology2-2-1456115639,1.3111872445754023,74.30804442751379,1456116901647
production-topology3-3-1456115646,1.0474340122559935,1.0678284442715946,1456116901648
production-topology4-4-1456115654,0.9225563233207164,1.0269167990670824,1456116901648
production-topology1-1-1456115632,1.2139563299647094,1.0239020600166036,1456116901648
Running observer at: 1456116912213
production-topology2-2-1456115639,0.975391736843339,70.81601334700568,1456116912399
production-topology3-3-1456115646,1.0122230133539367,1.065180566608849,1456116912400
production-topology4-4-1456115654,1.1051895043731776,1.026737750653757,1456116912400
production-topology1-1-1456115632,0.9050999273100204,1.0262362052863845,1456116912400
Running observer at: 1456116922948
production-topology2-2-1456115639,0.9303557274277616,67.63939254611577,1456116923143
production-topology3-3-1456115646,0.997798608011374,1.0621177503089638,1456116923143
production-topology4-4-1456115654,0.8422452838031441,1.0248280699385752,1456116923143
production-topology1-1-1456115632,0.9588814336527831,1.0166641152579003,1456116923143
Running observer at: 1456116933639
production-topology2-2-1456115639,0.9540727078985087,64.74003081401938,1456116933827
production-topology3-3-1456115646,0.9693117481171587,1.0580827067354068,1456116933827
production-topology4-4-1456115654,1.100674912586908,1.026183252747726,1456116933827
production-topology1-1-1456115632,1.0582617516854298,1.0253666861893858,1456116933827
Running observer at: 1456116944346
production-topology2-2-1456115639,1.0432562347401466,62.08599853988273,1456116944538
production-topology3-3-1456115646,1.0915809186330823,1.0594784655644767,1456116944538
production-topology4-4-1456115654,0.9596000635174263,1.026642632388072,1456116944538
production-topology1-1-1456115632,0.9378560036454775,1.0215114334003335,1456116944538
Running observer at: 1456116955146
production-topology2-2-1456115639,0.9215855099115368,59.63942201868388,1456116955376
production-topology3-3-1456115646,0.9155676196723384,1.0537220317287912,1456116955376
production-topology4-4-1456115654,1.018109249851915,1.0244170840539266,1456116955376
production-topology1-1-1456115632,1.0815636792708425,1.02262568368702,1456116955376
Running observer at: 1456116965903
production-topology2-2-1456115639,1.0496638562677454,57.385969781667875,1456116966179
production-topology3-3-1456115646,1.010452345438495,1.0520578130253182,1456116966179
production-topology4-4-1456115654,0.9545850483959539,1.023871344352649,1456116966179
production-topology1-1-1456115632,0.9504000080707807,1.0216182533671085,1456116966180
Running observer at: 1456116976820
production-topology2-2-1456115639,0.9676346318566302,55.29640181315634,1456116977038
production-topology3-3-1456115646,1.0353099965168928,1.0514375235250062,1456116977039
production-topology4-4-1456115654,1.0095937390812244,1.0277872708981017,1456116977039
production-topology1-1-1456115632,1.0216431442036438,1.0197985572137702,1456116977039
Running observer at: 1456116987500
production-topology2-2-1456115639,1.119876532475437,53.361525910274885,1456116987696
production-topology3-3-1456115646,0.9771849976770296,1.048785647601864,1456116987696
production-topology4-4-1456115654,1.0806309587732659,1.0290479697316812,1456116987697
production-topology1-1-1456115632,0.9861565078046579,1.0191764718294187,1456116987697
Running observer at: 1456116998267
production-topology2-2-1456115639,1.0691104396555633,51.5583391699087,1456116998461
production-topology3-3-1456115646,0.959312700075957,1.0457003735492467,1456116998461
production-topology4-4-1456115654,0.9338814272147605,1.0266759505496368,1456116998461
production-topology1-1-1456115632,0.9896620824863088,1.0213527166554606,1456116998462
Running observer at: 1456117008921
production-topology2-2-1456115639,0.9032540398365608,49.86983633223963,1456117009146
production-topology3-3-1456115646,1.0215309843736458,1.0448947272433933,1456117009146
production-topology4-4-1456115654,1.004967598071062,1.0241936631359534,1456117009146
production-topology1-1-1456115632,0.9658685523343374,1.0213800252609408,1456117009146
Running observer at: 1456117019587
production-topology2-2-1456115639,0.9151607074320416,49.89333387733874,1456117019783
production-topology3-3-1456115646,1.016402875936374,1.0452943082348816,1456117019783
production-topology4-4-1456115654,1.0179307432432434,1.0238087465858337,1456117019783
production-topology1-1-1456115632,1.097058927124793,1.0225825920251588,1456117019783
Running observer at: 1456117030243
production-topology2-2-1456115639,0.9603383988629892,49.911059443015134,1456117030469
production-topology3-3-1456115646,1.0266595266843759,1.0609389849914976,1456117030469
production-topology4-4-1456115654,1.0195499790179967,1.023873678462862,1456117030469
production-topology1-1-1456115632,0.8941446219500196,1.0170918544144594,1456117030469
Running observer at: 1456117040932
production-topology2-2-1456115639,0.8853348219193299,49.907237270412445,1456117041139
production-topology3-3-1456115646,0.982265658123949,1.0270145069289627,1456117041139
production-topology4-4-1456115654,0.9997171945701357,1.024779964771919,1456117041139
production-topology1-1-1456115632,0.9124196306076029,1.0178000876926834,1456117041139
Running observer at: 1456117051630
production-topology2-2-1456115639,1.353234944207032,49.91901176855268,1456117051827
production-topology3-3-1456115646,0.998988123677565,0.9936474443848817,1456117051827
production-topology4-4-1456115654,0.9821698760766715,1.0256236532570535,1456117051827
production-topology1-1-1456115632,1.251001974983542,1.0140889118614478,1456117051827
Running observer at: 1456117062294
production-topology2-2-1456115639,0.9308614957603852,49.916707151744696,1456117062485
production-topology3-3-1456115646,0.9866786347517731,0.9598700655432741,1456117062485
production-topology4-4-1456115654,1.0359078898225955,1.0002002125474363,1456117062485
production-topology1-1-1456115632,0.8341997694162038,0.9974511263975434,1456117062485
Running observer at: 1456117073108
production-topology2-2-1456115639,1.0179781822923546,49.94468897748231,1456117073303
production-topology3-3-1456115646,0.9556494831768949,0.9915828412623674,1456117073303
production-topology4-4-1456115654,0.9757171353505356,1.002465380499981,1456117073303
production-topology1-1-1456115632,1.138135482803352,1.0058011172890948,1456117073304
Running observer at: 1456117083783
production-topology2-2-1456115639,1.0111113531002087,1.0177523737732854,1456117083962
production-topology3-3-1456115646,1.0625174273896874,0.992584179501343,1456117083962
production-topology4-4-1456115654,1.0190213811254543,1.0040245516046995,1456117083963
production-topology1-1-1456115632,1.097262088997626,1.01154321013037,1456117083963
Running observer at: 1456117094558
production-topology2-2-1456115639,1.002246000135953,1.0090562726811916,1456117094746
production-topology3-3-1456115646,1.0162530397505671,1.0146134395649493,1456117094746
production-topology4-4-1456115654,1.0413299914054577,1.0037667217695811,1456117094746
production-topology1-1-1456115632,0.7690480785144559,1.0080214528496465,1456117094746
Running observer at: 1456117105331
production-topology2-2-1456115639,0.8760852213421748,1.006605896701762,1456117105629
production-topology3-3-1456115646,1.0048942742110905,1.0070086495893174,1456117105629
production-topology4-4-1456115654,0.9516341121940406,1.0011356038511294,1456117105629
production-topology1-1-1456115632,1.152433940438559,1.0100835203636114,1456117105630
Running observer at: 1456117116140
production-topology2-2-1456115639,1.098120469731098,1.0120949277105915,1456117116414
production-topology3-3-1456115646,1.00937693080238,1.0048746313217747,1456117116414
production-topology4-4-1456115654,1.0059829227467012,1.0018474686370245,1456117116414
production-topology1-1-1456115632,1.0277674383979751,1.0060916141129719,1456117116414
Running observer at: 1456117126987
production-topology2-2-1456115639,1.0113815580923944,1.0083910545924806,1456117127184
production-topology3-3-1456115646,1.0185922014263067,1.0036604497460897,1456117127184
production-topology4-4-1456115654,1.0064939636089318,1.0011041748357814,1456117127184
production-topology1-1-1456115632,0.9391676284880169,1.0080279489678123,1456117127185
Running observer at: 1456117137777
production-topology2-2-1456115639,0.9783894350386482,1.0099011505039308,1456117137980
production-topology3-3-1456115646,0.9986583978446762,1.0040320407184193,1456117137980
production-topology4-4-1456115654,1.0730647959481232,1.0050686536866724,1456117137980
production-topology1-1-1456115632,1.0155831921712866,1.007386175489197,1456117137980
Running observer at: 1456117148484
production-topology2-2-1456115639,0.8396755764129769,1.0025167036532638,1456117148670
production-topology3-3-1456115646,1.0089284789545718,1.00276586999342,1456117148671
production-topology4-4-1456115654,0.9647062905914335,1.0039755591777346,1456117148671
production-topology1-1-1456115632,1.1523212204788167,1.0110109769898779,1456117148671
Running observer at: 1456117159125
production-topology2-2-1456115639,1.1238177805800755,1.0051149660309906,1456117159317
production-topology3-3-1456115646,0.9453132302655934,1.0003540525238677,1456117159317
production-topology4-4-1456115654,0.932813561878099,1.0017229050804426,1456117159317
production-topology1-1-1456115632,0.8831558208455922,1.0072606896723861,1456117159317
Running observer at: 1456117169778
production-topology2-2-1456115639,0.9430660120021822,1.0051079925985773,1456117169950
production-topology3-3-1456115646,0.9577199577677988,0.9982078309494159,1456117169950
production-topology4-4-1456115654,1.0164008675126948,1.000389563083227,1456117169950
production-topology1-1-1456115632,0.9650532120607325,1.0004141784976202,1456117169950
Running observer at: 1456117180456
production-topology2-2-1456115639,1.1287618083670712,1.0085272006438024,1456117180653
production-topology3-3-1456115646,1.0941121854389446,1.004233109197724,1456117180653
production-topology4-4-1456115654,0.9980584701143305,1.0023729829580146,1456117180653
production-topology1-1-1456115632,1.076259980405841,1.0075115735147444,1456117180653
Running observer at: 1456117191127
production-topology2-2-1456115639,0.9070464744054862,1.0071770319511058,1456117191317
production-topology3-3-1456115646,0.9596666113032977,1.0014342839534547,1456117191317
production-topology4-4-1456115654,0.9667338211066596,1.0017416610554095,1456117191317
production-topology1-1-1456115632,0.9169411121131718,1.004632178871781,1456117191317
Running observer at: 1456117201800
production-topology2-2-1456115639,1.231291681650864,1.0082410232661594,1456117202052
production-topology3-3-1456115646,1.1217408066392598,1.00382376264126,1456117202052
production-topology4-4-1456115654,1.064051316897797,1.0001921191625036,1456117202053
production-topology1-1-1456115632,1.0781220183283875,1.0097523322830952,1456117202053
Running observer at: 1456117212518
production-topology2-2-1456115639,0.8322880218305054,1.0097192868217466,1456117212700
production-topology3-3-1456115646,0.9304042704375579,1.0044176352902854,1456117212700
production-topology4-4-1456115654,0.949194542445165,0.9984170988215209,1456117212701
production-topology1-1-1456115632,0.9786060730806563,1.0082677210545208,1456117212701
Running observer at: 1456117223237
production-topology2-2-1456115639,1.001012783160174,0.9993801381079057,1456117223420
production-topology3-3-1456115646,0.9511006137294971,1.001206522006069,1456117223420
production-topology4-4-1456115654,1.0177928568932029,1.0015916499406035,1456117223420
production-topology1-1-1456115632,1.0844893448936253,1.0039521548854846,1456117223421
Running observer at: 1456117233926
production-topology2-2-1456115639,1.0015403457068648,1.0002517584033563,1456117234117
production-topology3-3-1456115646,1.052172696636253,1.0025381781154794,1456117234117
production-topology4-4-1456115654,1.0220097919650024,0.9988189928603309,1456117234117
production-topology1-1-1456115632,1.051790247527663,1.0088418322260728,1456117234117
Running observer at: 1456117244662
production-topology2-2-1456115639,0.9960831232146259,1.002442671596252,1456117244857
production-topology3-3-1456115646,1.0125146887459644,1.0030287141399659,1456117244857
production-topology4-4-1456115654,1.0417339503650178,1.00546861507906,1456117244857
production-topology1-1-1456115632,0.9264154444482312,1.0077596325859208,1456117244858
Running observer at: 1456117255446
production-topology2-2-1456115639,1.136636589402846,1.0085281343130632,1456117255699
production-topology3-3-1456115646,0.9515699095295787,1.0024373195203797,1456117255699
production-topology4-4-1456115654,0.9985334476843911,1.0020638995823095,1456117255699
production-topology1-1-1456115632,0.8926182749280905,1.0022381833606764,1456117255699
Running observer at: 1456117266255
production-topology2-2-1456115639,1.053255805617367,1.008861453342304,1456117266594
production-topology3-3-1456115646,1.0714275522038659,1.0017655406394061,1456117266594
production-topology4-4-1456115654,0.9501553837914705,1.0017490769247777,1456117266594
production-topology1-1-1456115632,1.1724748364080342,1.0100588111194282,1456117266594
Running observer at: 1456117277179
production-topology2-2-1456115639,0.9232712214532709,1.0089176437270284,1456117277373
production-topology3-3-1456115646,1.01605752316769,1.005115204089251,1456117277373
production-topology4-4-1456115654,0.9967599048461542,1.0010374320912525,1456117277373
production-topology1-1-1456115632,0.8623357936048182,1.0027512149305606,1456117277373
Running observer at: 1456117287981
production-topology2-2-1456115639,1.1769385283737783,1.0131601327972295,1456117288165
production-topology3-3-1456115646,0.9627980267002703,1.0035267267979766,1456117288165
production-topology4-4-1456115654,1.0721884520873144,1.0049575455476312,1456117288165
production-topology1-1-1456115632,0.9975383376961884,1.0043224925847407,1456117288165
Running observer at: 1456117298627
production-topology2-2-1456115639,0.9642018597242475,1.0130457070594834,1456117298819
production-topology3-3-1456115646,1.018984865360539,1.0029825557594318,1456117298819
production-topology4-4-1456115654,1.0162909818186323,1.0051807869722114,1456117298819
production-topology1-1-1456115632,1.0885233263420444,1.0065518319893543,1456117298819
Running observer at: 1456117309325
production-topology2-2-1456115639,0.9332562703315531,1.0068250316546874,1456117309521
production-topology3-3-1456115646,1.0135593566852936,1.0041950343930408,1456117309522
production-topology4-4-1456115654,0.9418001897939606,1.000553094672901,1456117309522
production-topology1-1-1456115632,0.9844707065627358,1.0064956386146233,1456117309522
Running observer at: 1456117320042
production-topology2-2-1456115639,0.9876644659156819,1.004110165863358,1456117320227
production-topology3-3-1456115646,0.9749320021067756,1.0047156777940678,1456117320227
production-topology4-4-1456115654,1.0177132291542408,1.0033474880708837,1456117320227
production-topology1-1-1456115632,1.0299742163252394,1.0078393764092544,1456117320227
Running observer at: 1456117330702
production-topology2-2-1456115639,0.8443161385371293,1.002145569153377,1456117330898
production-topology3-3-1456115646,0.9869220219435737,1.0035620457130654,1456117330898
production-topology4-4-1456115654,0.942173581327884,1.0012543541794445,1456117330898
production-topology1-1-1456115632,0.869041304366691,1.0046118014769996,1456117330898
Running observer at: 1456117341352
production-topology2-2-1456115639,1.1570051635111873,1.0102070510226817,1456117341546
production-topology3-3-1456115646,1.03302203104287,1.0041160175499486,1456117341546
production-topology4-4-1456115654,1.057806125078237,1.0025835335739441,1456117341547
production-topology1-1-1456115632,1.150028192628468,1.0063774436604556,1456117341547
Running observer at: 1456117352037
production-topology2-2-1456115639,0.9642642401892012,1.0103379124002223,1456117352217
production-topology3-3-1456115646,1.0198433029476348,1.003888810092057,1456117352217
production-topology4-4-1456115654,1.0389285907663162,1.0032294872988883,1456117352217
production-topology1-1-1456115632,0.9604011814895316,1.0085859956451058,1456117352217
Running observer at: 1456117362668
production-topology2-2-1456115639,1.044944102289463,1.0156582217458934,1456117362862
production-topology3-3-1456115646,0.9720436855830445,1.003548077674027,1456117362862
production-topology4-4-1456115654,0.9720830916392257,1.0023083505345245,1456117362862
production-topology1-1-1456115632,1.173002593738014,1.0172720944161198,1456117362862
Running observer at: 1456117373367
production-topology2-2-1456115639,1.0260977118119974,1.0047536473327257,1456117373560
production-topology3-3-1456115646,1.0808316305470393,1.006276194569676,1456117373560
production-topology4-4-1456115654,1.003319621331319,1.003013342043013,1456117373560
production-topology1-1-1456115632,0.9582413821315586,1.0075134079877202,1456117373560
Running observer at: 1456117384109
production-topology2-2-1456115639,0.9400951732352384,1.0050614365818873,1456117384341
production-topology3-3-1456115646,0.9951042118827997,1.0065570471407104,1456117384341
production-topology4-4-1456115654,0.9533699368965206,1.000262076945477,1456117384342
production-topology1-1-1456115632,0.9100874065016521,1.0100429958905683,1456117384342
Running observer at: 1456117394811
production-topology2-2-1456115639,0.9338898505651417,1.0022584921909803,1456117394997
production-topology3-3-1456115646,0.9688704519920491,1.0069977461012156,1456117394997
production-topology4-4-1456115654,0.9722496500586388,1.0001464941024139,1456117394998
production-topology1-1-1456115632,0.9685192001804673,1.004389119803139,1456117394998
Running observer at: 1456117405568
production-topology2-2-1456115639,1.0918243134982561,1.0049489242042486,1456117405775
production-topology3-3-1456115646,0.9588580891114553,1.0035424348252746,1456117405776
production-topology4-4-1456115654,1.063977380952381,1.001645027429978,1456117405776
production-topology1-1-1456115632,1.0604447776111943,1.0031618760902579,1456117405776
Running observer at: 1456117416388
production-topology2-2-1456115639,1.0146344614004215,1.0053618729130642,1456117416607
production-topology3-3-1456115646,0.9789930555555556,1.0023004353521077,1456117416607
production-topology4-4-1456115654,1.0097241727712323,1.0005915001421706,1456117416607
production-topology1-1-1456115632,0.9821776257231865,1.0102661943305489,1456117416608
Running observer at: 1456117427189
production-topology2-2-1456115639,0.8748193344206275,1.005319676682346,1456117427427
production-topology3-3-1456115646,1.0197809768255444,1.0027966587725894,1456117427428
production-topology4-4-1456115654,1.0324988861997135,1.0032869926090264,1456117427428
production-topology1-1-1456115632,0.9649145870025939,1.0040155492160168,1456117427428
Running observer at: 1456117438005
production-topology2-2-1456115639,1.0746588065291143,1.0045376212422799,1456117438248
production-topology3-3-1456115646,0.9564727158112694,1.0010331849395526,1456117438248
production-topology4-4-1456115654,0.960584660231554,1.0017737171918548,1456117438248
production-topology1-1-1456115632,1.0024805102763996,1.0031726516119641,1456117438249
Running observer at: 1456117448761
production-topology2-2-1456115639,0.9441695742166015,1.0022972217797534,1456117449047
production-topology3-3-1456115646,1.0913276035173198,1.0034576983425862,1456117449047
production-topology4-4-1456115654,1.0305112093794229,1.0025742920508711,1456117449047
production-topology1-1-1456115632,0.9724761757091075,1.004282936519334,1456117449047
Running observer at: 1456117459466
production-topology2-2-1456115639,1.0573785758992549,1.0049301931417736,1456117459593
production-topology3-3-1456115646,0.964400374002119,1.0023157642145009,1456117459593
production-topology4-4-1456115654,0.948504666952751,0.9984222877510255,1456117459593
production-topology1-1-1456115632,1.1106301586773066,1.007451168736201,1456117459593
Running observer at: 1456117469967
production-topology2-2-1456115639,1.0132889262517413,1.0107173048030658,1456117470152
production-topology3-3-1456115646,1.020988733480008,1.002717772698682,1456117470152
production-topology4-4-1456115654,1.0699319486341548,1.001929809685783,1456117470152
production-topology1-1-1456115632,0.9431257883270266,1.000477987664475,1456117470152
Running observer at: 1456117480535
production-topology2-2-1456115639,0.695430346051464,0.996437723652112,1456117480693
production-topology3-3-1456115646,1.0382355263148701,1.0058151825669912,1456117480693
production-topology4-4-1456115654,1.0215921556877547,1.0048890961461048,1456117480693
production-topology1-1-1456115632,1.0,1.0043727936362885,1456117480693
