Running observer at: 1456595055379
production-topology1-1-1456595055,0.0,0.0,0,0,1456595055687
Running observer at: 1456595056236
production-topology1-1-1456595055,0.0,0.0,0,0,1456595056564
Running observer at: 1456595062273
production-topology1-1-1456595055,0.0,0.0,0,0,1456595062626
production-topology2-2-1456595062,0.0,0.0,0,0,1456595062626
Running observer at: 1456595066867
production-topology1-1-1456595055,0.0,0.0,0,0,1456595067187
production-topology2-2-1456595062,0.0,0.0,0,0,1456595067187
Running observer at: 1456595069364
production-topology3-3-1456595068,0.0,0.0,0,0,1456595069875
production-topology1-1-1456595055,0.0,0.0,0,0,1456595069875
production-topology2-2-1456595062,0.0,0.0,0,0,1456595069875
Running observer at: 1456595076459
production-topology3-3-1456595068,0.0,0.0,0,0,1456595077000
production-topology4-4-1456595076,0.0,0.0,0,0,1456595077000
production-topology1-1-1456595055,0.0,0.0,0,0,1456595077001
production-topology2-2-1456595062,0.0,0.0,0,0,1456595077001
Running observer at: 1456595077568
production-topology3-3-1456595068,0.0,0.0,0,0,1456595078114
production-topology4-4-1456595076,0.0,0.0,0,0,1456595078115
production-topology1-1-1456595055,0.0,0.0,0,0,1456595078115
production-topology2-2-1456595062,0.0,0.0,0,0,1456595078115
Running observer at: 1456595088637
production-topology3-3-1456595068,0.0,0.0,0,0,1456595089219
production-topology4-4-1456595076,0.0,0.0,0,0,1456595089219
production-topology1-1-1456595055,0.0,0.0,0,0,1456595089220
production-topology2-2-1456595062,0.0,0.0,0,0,1456595089220
Running observer at: 1456595099716
production-topology3-3-1456595068,0.0,0.0,0,0,1456595100244
production-topology4-4-1456595076,0.0,0.0,0,0,1456595100245
production-topology1-1-1456595055,0.0,0.0,0,0,1456595100245
production-topology2-2-1456595062,0.0,0.0,0,0,1456595100245
Running observer at: 1456595110826
production-topology3-3-1456595068,0.0,0.0,0,0,1456595111359
production-topology4-4-1456595076,0.0,0.0,0,0,1456595111359
production-topology1-1-1456595055,0.0,0.0,0,0,1456595111359
production-topology2-2-1456595062,0.0,0.0,0,0,1456595111360
Running observer at: 1456595121824
production-topology3-3-1456595068,0.0,0.0,0,0,1456595122307
production-topology4-4-1456595076,0.0,0.0,0,0,1456595122307
production-topology1-1-1456595055,0.0,0.0,0,0,1456595122307
production-topology2-2-1456595062,0.0,0.0,0,0,1456595122307
Running observer at: 1456595132780
production-topology3-3-1456595068,0.0,0.0,0,0,1456595133260
production-topology4-4-1456595076,0.0,0.0,0,0,1456595133260
production-topology1-1-1456595055,0.0,0.0,0,0,1456595133260
production-topology2-2-1456595062,0.0,0.0,0,0,1456595133260
Running observer at: 1456595143758
production-topology3-3-1456595068,0.0,0.0,0,0,1456595144204
production-topology4-4-1456595076,0.0,0.0,0,0,1456595144204
production-topology1-1-1456595055,0.0,0.0,0,0,1456595144204
production-topology2-2-1456595062,0.0,0.0,0,0,1456595144204
Running observer at: 1456595154584
production-topology3-3-1456595068,0.0,0.0,0,0,1456595155072
production-topology4-4-1456595076,0.0,0.0,0,0,1456595155072
production-topology1-1-1456595055,0.0,0.0,0,0,1456595155073
production-topology2-2-1456595062,0.0,0.0,0,0,1456595155073
Running observer at: 1456595165498
production-topology3-3-1456595068,0.0,0.0,0,0,1456595165917
production-topology4-4-1456595076,0.0,0.0,0,0,1456595165918
production-topology1-1-1456595055,0.0,0.0,0,0,1456595165918
production-topology2-2-1456595062,0.0,0.0,0,0,1456595165918
Running observer at: 1456595176360
production-topology3-3-1456595068,0.0,0.0,0,0,1456595176781
production-topology4-4-1456595076,0.0,0.0,0,0,1456595176782
production-topology1-1-1456595055,0.0,0.0,0,0,1456595176782
production-topology2-2-1456595062,0.0,0.0,0,0,1456595176782
Running observer at: 1456595187239
production-topology3-3-1456595068,0.0,0.0,80,0,1456595187659
production-topology4-4-1456595076,0.0,0.0,80,0,1456595187659
production-topology1-1-1456595055,0.0,0.0,0,0,1456595187659
production-topology2-2-1456595062,0.0,0.0,60,0,1456595187660
Running observer at: 1456595198214
production-topology3-3-1456595068,0.8628051802604739,0.06162894144717671,1780,0,1456595198667
production-topology4-4-1456595076,0.9159401910149902,0.07045693777038387,2140,0,1456595198667
production-topology1-1-1456595055,0.08796444770238694,0.004886913761243719,1460,0,1456595198668
production-topology2-2-1456595062,0.8557088366179275,0.05348180228862047,1700,0,1456595198668
Running observer at: 1456595209150
production-topology3-3-1456595068,1.0868313005588577,0.12997576538795544,2280,0,1456595209689
production-topology4-4-1456595076,1.084139561461693,0.1428628394626202,1900,0,1456595209689
production-topology1-1-1456595055,0.09143686502177067,0.009442174353903031,1060,0,1456595209689
production-topology2-2-1456595062,1.2182789495355997,0.12199928153844276,2040,0,1456595209689
Running observer at: 1456595220177
production-topology3-3-1456595068,1.0041284490600364,0.1846103081174605,1940,0,1456595220721
production-topology4-4-1456595076,0.9841310284064354,0.1989473853922079,2360,0,1456595220721
production-topology1-1-1456595055,0.0,0.00897006563620788,1400,0,1456595220721
production-topology2-2-1456595062,0.9540836470072214,0.1682261907311527,2160,0,1456595220722
Running observer at: 1456595231244
production-topology3-3-1456595068,1.029054181665805,0.23428347714971604,2340,0,1456595231818
production-topology4-4-1456595076,0.9964053481151484,0.2487885080623917,2360,0,1456595231818
production-topology1-1-1456595055,0.014122951496688867,0.009215441153373641,1440,0,1456595231818
production-topology2-2-1456595062,1.1502451468253523,0.2199113989466369,2180,0,1456595231818
Running observer at: 1456595242339
production-topology3-3-1456595068,1.034010713799582,0.2787127680747086,2200,0,1456595242962
production-topology4-4-1456595076,1.0480218514103585,0.29580223414168383,1780,0,1456595242962
production-topology1-1-1456595055,0.07149422268907563,0.012046294859541916,1120,0,1456595242963
production-topology2-2-1456595062,0.9294082690723966,0.25538624245292485,2280,0,1456595242963
Running observer at: 1456595253509
production-topology3-3-1456595068,1.0108978965939577,0.3172488274704585,1960,0,1456595254039
production-topology4-4-1456595076,1.0061417794644092,0.3352655422151686,2420,0,1456595254039
production-topology1-1-1456595055,0.07786820646872927,0.014908117103419627,1420,0,1456595254040
production-topology2-2-1456595062,0.9459919868200871,0.2882722302799326,2080,0,1456595254040
Running observer at: 1456595264574
production-topology3-3-1456595068,0.9642565602240896,0.3495992141081401,2500,0,1456595265102
production-topology4-4-1456595076,0.9783850457958225,0.36911393714046614,2340,0,1456595265102
production-topology1-1-1456595055,0.04655647382920111,0.016226798633660524,1440,0,1456595265102
production-topology2-2-1456595062,1.0632118181193306,0.3234967569999052,2240,0,1456595265102
Running observer at: 1456595275526
production-topology3-3-1456595068,1.0606731413873247,0.3834598773119108,2120,0,1456595276181
production-topology4-4-1456595076,1.038385015181638,0.4025774910425247,1860,0,1456595276181
production-topology1-1-1456595055,0.07317801672640382,0.018504847357370256,1080,0,1456595276181
production-topology2-2-1456595062,0.9076741185531864,0.34889577271961314,1980,0,1456595276182
Running observer at: 1456595286711
production-topology3-3-1456595068,0.9942788358581157,0.4112243754276474,2060,0,1456595287265
production-topology4-4-1456595076,1.0088989770521022,0.4314499427572665,2360,0,1456595287265
production-topology1-1-1456595055,0.04184308841843088,0.019402472013564896,1460,0,1456595287266
production-topology2-2-1456595062,1.1017930171909014,0.38026649123925016,2440,0,1456595287266
Running observer at: 1456595297786
production-topology3-3-1456595068,0.9843539116502298,0.43614305091558575,2400,0,1456595298334
production-topology4-4-1456595076,1.0146880153516515,0.4579607642388295,2380,0,1456595298334
production-topology1-1-1456595055,0.033452359773299106,0.019922838226888385,1460,0,1456595298335
production-topology2-2-1456595062,1.060822653864537,0.40748873774426164,2080,0,1456595298335
Running observer at: 1456595308831
production-topology3-3-1456595068,0.9653342343477381,0.4581926835585921,2180,0,1456595309551
production-topology4-4-1456595076,0.9257327798685762,0.478298677961862,1860,0,1456595309551
production-topology1-1-1456595055,0.816619199845006,0.048376279713249724,1440,0,1456595309551
production-topology2-2-1456595062,0.9561782762691853,0.4285921815336818,2080,0,1456595309552
Running observer at: 1456595320136
production-topology3-3-1456595068,1.0622608699802294,0.48235541101545765,2060,0,1456595320721
production-topology4-4-1456595076,1.0023722409592597,0.5001350764200868,2420,0,1456595320721
production-topology1-1-1456595055,1.6595351550470483,0.10393348231096693,2360,0,1456595320722
production-topology2-2-1456595062,1.1116840305197686,0.4538918796442776,2460,0,1456595320722
Running observer at: 1456595331241
production-topology3-3-1456595068,0.9546538954564876,0.5005207373401126,2380,0,1456595331766
production-topology4-4-1456595076,1.0774670028527258,0.5232283534773924,2360,0,1456595331766
production-topology1-1-1456595055,1.425673224022281,0.14799147370134408,2160,0,1456595331766
production-topology2-2-1456595062,0.9564622461794963,0.47184082130624966,2260,0,1456595331767
Running observer at: 1456595342252
production-topology3-3-1456595068,0.9831554404842222,0.5183960967158204,2180,0,1456595342919
production-topology4-4-1456595076,0.9701481481481482,0.5404175763493446,1840,0,1456595342920
production-topology1-1-1456595055,1.0771527264773522,0.18389656458392248,2060,0,1456595342920
production-topology2-2-1456595062,0.8144886363636362,0.4836562632047803,1940,0,1456595342920
Running observer at: 1456595353501
production-topology3-3-1456595068,1.0148739741699038,0.5361274494820376,2040,0,1456595354120
production-topology4-4-1456595076,0.9714757314371187,0.5563826932044473,2400,0,1456595354120
production-topology1-1-1456595055,1.2381888078543928,0.22516952484573557,2320,0,1456595354120
production-topology2-2-1456595062,1.0288374498900814,0.5018289694276237,2380,0,1456595354121
Running observer at: 1456595364641
production-topology3-3-1456595068,0.9556742746208817,0.550594581383377,2380,0,1456595365159
production-topology4-4-1456595076,1.0366388290853532,0.5735346980573368,2380,0,1456595365159
production-topology1-1-1456595055,0.873180978622877,0.25427555746649816,2180,0,1456595365159
production-topology2-2-1456595062,1.0218913049984535,0.5358920129275722,2400,0,1456595365159
Running observer at: 1456595375636
production-topology3-3-1456595068,1.1222310933365631,0.5696491317818165,2160,0,1456595376423
production-topology4-4-1456595076,0.9090401431418231,0.5851038513361122,1840,0,1456595376423
production-topology1-1-1456595055,0.40990209709015607,0.2679389607028366,2140,0,1456595376423
production-topology2-2-1456595062,1.0175740395567983,0.5698111475794654,1760,0,1456595376423
Running observer at: 1456595386878
production-topology3-3-1456595068,0.9455685366152494,0.6011680830023248,2080,0,1456595387403
production-topology4-4-1456595076,1.0097554371683923,0.5992589041971883,2360,0,1456595387403
production-topology1-1-1456595055,0.3108768019240076,0.27830152076697023,2200,0,1456595387403
production-topology2-2-1456595062,1.1441197955568574,0.6079484740980273,2440,0,1456595387403
Running observer at: 1456595397962
production-topology3-3-1456595068,0.9890277297883083,0.6341356739952685,2400,0,1456595398475
production-topology4-4-1456595076,1.0152090278260064,0.6330992051247218,2520,0,1456595398475
production-topology1-1-1456595055,0.37708919748660596,0.29087116068319047,2300,0,1456595398475
production-topology2-2-1456595062,0.8600452442508121,0.6366166489063878,2380,0,1456595398475
Running observer at: 1456595408971
production-topology3-3-1456595068,1.1056470213534335,0.6709905747070496,2140,0,1456595409619
production-topology4-4-1456595076,0.9766688196825928,0.6656548324474749,1740,0,1456595409620
production-topology1-1-1456595055,1.300612782501453,0.33422492009990556,2020,0,1456595409620
production-topology2-2-1456595062,1.0806107531539333,0.6726370073448522,1840,0,1456595409620
Running observer at: 1456595420123
production-topology3-3-1456595068,0.9554908703633802,0.702840270385829,2020,0,1456595420672
production-topology4-4-1456595076,0.9978560391547922,0.6989167004193014,2400,0,1456595420672
production-topology1-1-1456595055,1.878563198981394,0.3968436933992854,2400,0,1456595420673
production-topology2-2-1456595062,0.9854658272355035,0.7054858682527024,2360,0,1456595420673
Running observer at: 1456595431133
production-topology3-3-1456595068,1.0092995390572612,0.7364835883544043,2420,0,1456595431647
production-topology4-4-1456595076,1.0100778101530759,0.7325859607577372,2360,0,1456595431647
production-topology1-1-1456595055,1.1593306317359209,0.4354880477904828,2280,0,1456595431647
production-topology2-2-1456595062,0.9881414022718371,0.738423914995097,2360,0,1456595431647
Running observer at: 1456595442132
production-topology3-3-1456595068,0.9997435159811587,0.7698083722204428,2240,0,1456595442752
production-topology4-4-1456595076,0.8957948247017793,0.7624457882477965,1920,0,1456595442753
production-topology1-1-1456595055,1.3937079657118676,0.4819449799808783,1940,0,1456595442753
production-topology2-2-1456595062,0.9383287927102361,0.7697015414187715,1920,0,1456595442753
Running observer at: 1456595453379
production-topology3-3-1456595068,0.9430630783745437,0.801243808166261,1980,0,1456595453989
production-topology4-4-1456595076,1.1902945575014336,0.8021222734978443,2220,0,1456595453989
production-topology1-1-1456595055,1.579082842240737,0.5345810747222363,2280,0,1456595453989
production-topology2-2-1456595062,1.0615315317629102,0.8050859258108685,2380,0,1456595453989
Running observer at: 1456595464485
production-topology3-3-1456595068,1.0651245597592118,0.8367479601582347,2420,0,1456595465028
production-topology4-4-1456595076,0.9389248294346978,0.8334197678123342,2520,0,1456595465028
production-topology1-1-1456595055,1.5635829278950577,0.5867005056520715,2300,0,1456595465028
production-topology2-2-1456595062,1.127211189581117,0.8426596321302391,2240,0,1456595465028
Running observer at: 1456595475521
production-topology3-3-1456595068,1.036952903706376,0.8713130569484472,2160,0,1456595476109
production-topology4-4-1456595076,1.01031097983213,0.8670968004734052,1740,0,1456595476109
production-topology1-1-1456595055,0.9705379928619186,0.6190517720808021,1980,0,1456595476109
production-topology2-2-1456595062,0.8240247976556382,0.870127125385427,1960,0,1456595476109
Running observer at: 1456595486727
production-topology3-3-1456595068,0.9338044169739156,0.9024398708475778,2100,0,1456595487273
production-topology4-4-1456595076,0.9581799980445139,0.8990361337415557,2440,0,1456595487274
production-topology1-1-1456595055,0.9950486221969146,0.6522200594873659,2480,0,1456595487274
production-topology2-2-1456595062,1.066958133918238,0.905692396516035,2380,0,1456595487274
Running observer at: 1456595497788
production-topology3-3-1456595068,1.0358648550490996,0.9369686993492145,2380,0,1456595498291
production-topology4-4-1456595076,1.0603432994930508,0.9343809103913241,2420,0,1456595498291
production-topology1-1-1456595055,0.9585120819891207,0.6841704622203366,2220,0,1456595498291
production-topology2-2-1456595062,1.092590433833453,0.9421120776438168,2460,0,1456595498291
Running observer at: 1456595508769
production-topology3-3-1456595068,0.9048915015270156,0.9671317494001149,2200,0,1456595509361
production-topology4-4-1456595076,0.9738447200548896,0.9668424010598203,1780,0,1456595509361
production-topology1-1-1456595055,1.0994147647098926,0.7208176210439997,1940,0,1456595509362
production-topology2-2-1456595062,0.9684946902617182,0.974395233985874,1760,0,1456595509362
Running observer at: 1456595519966
production-topology3-3-1456595068,1.0504239479656146,1.0021458809989687,1980,0,1456595520474
production-topology4-4-1456595076,1.0268946983354836,1.0010722243376697,2460,0,1456595520474
production-topology1-1-1456595055,1.1297267385680931,0.7584751789962694,2380,0,1456595520474
production-topology2-2-1456595062,0.9266217372114284,1.005282625226255,2400,0,1456595520475
Running observer at: 1456595531045
production-topology3-3-1456595068,0.9432245125285506,1.0048265254079047,2480,0,1456595531568
production-topology4-4-1456595076,0.9562695444493587,1.0024165361188155,2380,0,1456595531568
production-topology1-1-1456595055,0.9775452651096916,0.7881278729098462,2280,0,1456595531568
production-topology2-2-1456595062,1.1174776662502777,1.0140082528806664,2360,0,1456595531568
Running observer at: 1456595542044
production-topology3-3-1456595068,1.1017535585056493,1.005323934006131,2140,0,1456595542622
production-topology4-4-1456595076,0.9870491143952178,0.9991801878832661,1880,0,1456595542622
production-topology1-1-1456595055,1.0199363202247587,0.8190778547499458,1920,0,1456595542622
production-topology2-2-1456595062,0.9672217460714191,1.0056396794318605,1780,0,1456595542622
Running observer at: 1456595553358
production-topology3-3-1456595068,1.0077573145880554,1.0054448961903983,2060,0,1456595553863
production-topology4-4-1456595076,0.9821312653061602,0.9991135291132572,2340,0,1456595553863
production-topology1-1-1456595055,1.089253109926377,0.8553862917474917,2400,0,1456595553863
production-topology2-2-1456595062,0.9190670836928387,1.0044724606547144,2500,0,1456595553864
Running observer at: 1456595564438
production-topology3-3-1456595068,0.9943291791668887,1.0042873961071013,2320,0,1456595564923
production-topology4-4-1456595076,1.0238356869211878,1.0000278737401251,2420,0,1456595564924
production-topology1-1-1456595055,1.067923516247741,0.8905129772391935,2320,0,1456595564924
production-topology2-2-1456595062,1.01611132484447,1.0000013332553517,2340,0,1456595564924
Running observer at: 1456595575455
production-topology3-3-1456595068,0.9033556513731669,0.999932227359554,2260,0,1456595576084
production-topology4-4-1456595076,1.095017060793563,1.0015943807195653,1820,0,1456595576084
production-topology1-1-1456595055,0.9313894550872182,0.9191761516524649,1920,0,1456595576084
production-topology2-2-1456595062,1.0871894536900766,1.0052607060759409,1820,0,1456595576085
Running observer at: 1456595586724
production-topology3-3-1456595068,1.1049052537136657,1.0030658059302113,1960,0,1456595587227
production-topology4-4-1456595076,0.9577412152980003,0.9999810285806849,2400,0,1456595587227
production-topology1-1-1456595055,1.1495024880494482,0.9548972943718222,2320,0,1456595587227
production-topology2-2-1456595062,0.9023020928614855,1.0038043762773208,2440,0,1456595587228
Running observer at: 1456595597819
production-topology3-3-1456595068,1.0165768304225724,1.0048098149368272,2500,0,1456595598298
production-topology4-4-1456595076,1.016085561698956,1.0012377124441225,2360,0,1456595598298
production-topology1-1-1456595055,0.9727748884052677,0.9857712415243577,2300,0,1456595598299
production-topology2-2-1456595062,1.0829157058839156,1.0044611725361403,2380,0,1456595598299
Running observer at: 1456595608780
production-topology3-3-1456595068,0.9496810796777573,1.0011100795465082,2160,0,1456595609354
production-topology4-4-1456595076,1.000725561329542,0.9999823973157194,1860,0,1456595609354
production-topology1-1-1456595055,1.0845083531108943,1.019482252737174,1920,0,1456595609354
production-topology2-2-1456595062,0.9135437792160985,1.0046568278915708,1780,0,1456595609354
Running observer at: 1456595619991
production-topology3-3-1456595068,0.9945867132765989,1.0011203421271244,1960,0,1456595620495
production-topology4-4-1456595076,0.9825284146308314,0.9991033785683437,2420,0,1456595620495
production-topology1-1-1456595055,1.018337066069429,1.0520320519922073,2400,0,1456595620495
production-topology2-2-1456595062,1.0810039239057159,1.0039638581153978,2480,0,1456595620495
Running observer at: 1456595631120
production-topology3-3-1456595068,1.0877986446647032,1.0045684998942734,2420,0,1456595631622
production-topology4-4-1456595076,0.923248235428051,0.9960553859042237,2420,0,1456595631622
production-topology1-1-1456595055,0.9730543056771075,1.0833521168556677,2300,0,1456595631622
production-topology2-2-1456595062,0.9171871923469862,0.9991760093981462,2400,0,1456595631623
Running observer at: 1456595642130
production-topology3-3-1456595068,0.9169143791993914,1.002954504722662,2220,0,1456595642785
production-topology4-4-1456595076,1.0555826169607854,1.0003837138072973,1780,0,1456595642785
production-topology1-1-1456595055,1.009507357956328,1.0897817221260448,2020,0,1456595642785
production-topology2-2-1456595062,1.0735314161101266,1.0030877807261775,1740,0,1456595642785
Running observer at: 1456595653419
production-topology3-3-1456595068,0.9935414634146341,1.000663857837142,2000,0,1456595653919
production-topology4-4-1456595076,1.0242413923648162,1.001112685520816,2440,0,1456595653919
production-topology1-1-1456595055,1.0297257291877633,1.068788074597402,2280,0,1456595653919
production-topology2-2-1456595062,1.0044672117290094,0.9995138867664857,2420,0,1456595653919
Running observer at: 1456595664527
production-topology3-3-1456595068,1.0347806987934636,1.0033347512817081,2480,0,1456595665026
production-topology4-4-1456595076,0.9509913052175784,0.9968968289329775,2360,0,1456595665026
production-topology1-1-1456595055,0.8827902197841351,1.0506919744561305,2460,0,1456595665026
production-topology2-2-1456595062,1.0649842191187608,1.003131285864461,2460,0,1456595665026
Running observer at: 1456595675544
production-topology3-3-1456595068,0.9995333555781531,1.0038806817848391,2120,0,1456595676125
production-topology4-4-1456595076,1.0313289054283827,0.9989361875089855,1840,0,1456595676125
production-topology1-1-1456595055,1.0200217612078308,1.0487876089471466,1980,0,1456595676125
production-topology2-2-1456595062,1.0103916862274462,1.009661387526588,2020,0,1456595676125
Running observer at: 1456595686749
production-topology3-3-1456595068,0.9546226937557201,1.0018723057710328,2040,0,1456595687240
production-topology4-4-1456595076,1.0132327017707277,1.0003280865201056,2380,0,1456595687240
production-topology1-1-1456595055,1.1681138874121326,1.046451778265738,2280,0,1456595687240
production-topology2-2-1456595062,0.9762951191109663,1.0079099765006174,2180,0,1456595687240
Running observer at: 1456595697871
production-topology3-3-1456595068,1.0638539438553511,1.0054782947455152,2460,0,1456595698384
production-topology4-4-1456595076,0.994241793594641,0.9989148520037485,2480,0,1456595698384
production-topology1-1-1456595055,0.8112401632525263,1.0443870844200598,2380,0,1456595698384
production-topology2-2-1456595062,1.1350998670065058,1.0116835952342191,2340,0,1456595698384
Running observer at: 1456595708899
production-topology3-3-1456595068,0.9786518748540396,1.0006923207960976,2120,0,1456595709472
production-topology4-4-1456595076,1.0355448370649192,1.0031316751345183,1760,0,1456595709472
production-topology1-1-1456595055,1.255637602027207,1.0725782679179614,1880,0,1456595709472
production-topology2-2-1456595062,0.7920995266381496,1.004167778136931,2060,0,1456595709472
Running observer at: 1456595720077
production-topology3-3-1456595068,1.0184945417618685,1.0031231876343183,2080,0,1456595720575
production-topology4-4-1456595076,0.9990535565434842,1.0027749457803548,2360,0,1456595720576
production-topology1-1-1456595055,0.9609702843321078,1.0942480506648982,2340,0,1456595720576
production-topology2-2-1456595062,1.265401615191531,1.0082105054580868,2200,0,1456595720576
Running observer at: 1456595731228
production-topology3-3-1456595068,0.9796015556760338,1.0028089818305757,2400,0,1456595731707
production-topology4-4-1456595076,1.0296251210170277,1.0032554822200555,2440,0,1456595731707
production-topology1-1-1456595055,1.1587634126061546,1.1203038578355495,2340,0,1456595731707
production-topology2-2-1456595062,0.8677586121612552,1.0084676177217682,2380,0,1456595731707
Running observer at: 1456595742234
production-topology3-3-1456595068,0.966339347109512,0.9981653926891116,2180,0,1456595742820
production-topology4-4-1456595076,0.9026241134751772,1.000787325346475,1820,0,1456595742820
production-topology1-1-1456595055,0.8189113394910084,1.1042471430685348,1940,0,1456595742820
production-topology2-2-1456595062,0.9714492042128179,1.0048288994237309,2000,0,1456595742821
/var/nimbus/storm/bin/storm rebalance production-topology3 -e spout_head=11
1456595743268
/var/nimbus/storm/bin/storm rebalance production-topology2 -e spout_head=9
Running observer at: 1456595753448
production-topology3-3-1456595068,1.0003588143803408,1.0003588143803408,111940,0,1456595753917
production-topology4-4-1456595076,0.993419278986607,1.0006394333408688,2340,0,1456595753917
production-topology1-1-1456595055,1.0711946513082875,1.077334858146098,2340,0,1456595753917
production-topology2-2-1456595062,1.0013711871668376,1.0013711871668376,111640,0,1456595753917
Running observer at: 1456595764462
production-topology3-3-1456595068,1.7645943430003577,1.3824765786903492,300,0,1456595764960
production-topology4-4-1456595076,1.0065918151279003,1.0005232335066963,2360,0,1456595764960
production-topology1-1-1456595055,0.9557212386166393,1.0705478783754552,2180,0,1456595764960
production-topology2-2-1456595062,1.6923076923076923,1.346839439737265,260,0,1456595764960
Running observer at: 1456595775431
production-topology3-3-1456595068,2.0,1.5883177191268996,0,0,1456595776061
production-topology4-4-1456595076,0.9919285545808857,1.0037276911693334,1840,0,1456595776061
production-topology1-1-1456595055,1.0189008114472557,1.0580543065666348,1980,0,1456595776061
production-topology2-2-1456595062,1.0,1.2312262931581766,0,0,1456595776062
Running observer at: 1456595782366
production-topology3-3-1456595068,2.0,1.6912382893451747,0,0,1456595783026
production-topology4-4-1456595076,1.0960752086012002,1.000587046205992,1380,0,1456595783027
production-topology1-1-1456595055,0.9955444227005871,1.0386030259152965,1400,0,1456595783027
production-topology2-2-1456595062,1.0,1.1734197198686325,0,0,1456595783027
Running observer at: 1456595783560
production-topology3-3-1456595068,2.0,1.7529906314761399,0,0,1456595784110
production-topology4-4-1456595076,1.021170568561873,1.0033285708435646,460,0,1456595784111
production-topology1-1-1456595055,1.8569958847736627,1.04838345781125,360,0,1456595784111
production-topology2-2-1456595062,1.0,1.138735775894906,0,0,1456595784111
Running observer at: 1456595786749
production-topology3-3-1456595068,0.0,1.4608255262301164,101120,0,1456595787218
production-topology4-4-1456595076,1.1593842665271237,1.0082976804000645,560,0,1456595787218
production-topology1-1-1456595055,0.6185478689226815,1.0366504536799424,660,0,1456595787218
production-topology2-2-1456595062,1.0,1.1156131465790884,0,0,1456595787218
Running observer at: 1456595797729
production-topology3-3-1456595068,0.9873185119162846,1.3931816670424264,69000,0,1456595798197
production-topology4-4-1456595076,0.891542388054016,1.0060764267337146,2200,0,1456595798198
production-topology1-1-1456595055,1.1161045354607246,1.0406856507887359,2360,0,1456595798198
production-topology2-2-1456595062,0.0,0.9562398399249329,340,0,1456595798198
Running observer at: 1456595808682
production-topology3-3-1456595068,0.6445594262295082,1.2996038869408115,1600,0,1456595809233
production-topology4-4-1456595076,1.0639272362039645,1.006195891290745,2080,0,1456595809233
production-topology1-1-1456595055,0.9885999474651957,1.0416885796379385,1880,0,1456595809233
production-topology2-2-1456595062,1.148216800084551,0.9802369599448851,1460,0,1456595809234
Running observer at: 1456595819815
production-topology3-3-1456595068,1.2012607848665873,1.288676875599231,2400,0,1456595820309
production-topology4-4-1456595076,0.9701065055825516,1.006071284141667,2380,0,1456595820309
production-topology1-1-1456595055,1.0178710457566331,1.0389704556728299,2360,0,1456595820310
production-topology2-2-1456595062,0.9924237068457639,0.9815910429338717,1840,0,1456595820310
Running observer at: 1456595830939
production-topology3-3-1456595068,1.014297885188765,1.2612389765581846,2580,0,1456595831496
production-topology4-4-1456595076,0.9927726190476192,1.0049338814987383,2000,0,1456595831496
production-topology1-1-1456595055,0.9233460309307767,1.0320910987515861,2100,0,1456595831496
production-topology2-2-1456595062,0.961113580497351,0.9795432966902196,2000,0,1456595831496
Running observer at: 1456595841981
production-topology3-3-1456595068,1.0420771685556365,1.2413151758306802,2040,0,1456595842619
production-topology4-4-1456595076,0.9963238354312471,1.006269024531468,2220,0,1456595842619
production-topology1-1-1456595055,1.0214356453434832,1.0335541114260456,2080,0,1456595842619
production-topology2-2-1456595062,1.1705531504634807,0.9969078288514251,1780,0,1456595842620
Running observer at: 1456595853214
production-topology3-3-1456595068,1.1025554832359663,1.229751868114454,2540,0,1456595853723
production-topology4-4-1456595076,1.0672525152727208,1.0089424712273847,2320,0,1456595853724
production-topology1-1-1456595055,0.9338409422768248,1.030684265494448,2560,0,1456595853724
production-topology2-2-1456595062,0.9404089550293344,0.9921995893662509,2140,0,1456595853724
Running observer at: 1456595864195
production-topology3-3-1456595068,1.0372221469232854,1.2149418895612871,2480,0,1456595864871
production-topology4-4-1456595076,0.9647995102540556,1.0083647460589813,1980,0,1456595864871
production-topology1-1-1456595055,1.1014184673487568,1.031089777408527,1940,0,1456595864872
production-topology2-2-1456595062,1.1401083217835968,1.0035771841675851,1980,0,1456595864872
Running observer at: 1456595875335
production-topology3-3-1456595068,0.938452730239816,1.1951926638954677,2260,0,1456595875898
production-topology4-4-1456595076,1.052860608522713,1.0093322434456988,2220,0,1456595875898
production-topology1-1-1456595055,0.8956210243796655,1.0253463610129243,2220,0,1456595875898
production-topology2-2-1456595062,0.9193077909105623,0.9975579417920836,1880,0,1456595875898
Running observer at: 1456595886374
production-topology3-3-1456595068,1.0287918145241002,1.1840992739373768,2500,0,1456595886917
production-topology4-4-1456595076,1.0068833023948733,1.0063944514990757,2440,0,1456595886917
production-topology1-1-1456595055,1.138688670574618,1.0322563348625045,2360,0,1456595886917
production-topology2-2-1456595062,0.916107103218646,0.9921278858871877,2120,0,1456595886917
Running observer at: 1456595897388
production-topology3-3-1456595068,0.966181183635417,1.1704793932935043,2520,0,1456595898051
production-topology4-4-1456595076,0.9388223204264872,1.0057638216700253,2000,0,1456595898051
production-topology1-1-1456595055,0.9872453226896044,1.0268477626838428,2080,0,1456595898051
production-topology2-2-1456595062,1.0755014944002177,0.9973387364192521,2020,0,1456595898051
Running observer at: 1456595908581
production-topology3-3-1456595068,1.0569116042573719,1.1637989351149083,2320,0,1456595909194
production-topology4-4-1456595076,0.996512641673932,1.0051113910025247,2280,0,1456595909194
production-topology1-1-1456595055,0.9651262331797065,1.0265928075096575,2080,0,1456595909194
production-topology2-2-1456595062,0.9875445404945346,0.99676260724721,1780,0,1456595909194
Running observer at: 1456595919656
production-topology3-3-1456595068,1.0063444656286968,1.1550514645878964,2440,0,1456595920183
production-topology4-4-1456595076,0.9754638183796929,1.0042693329041963,2440,0,1456595920183
production-topology1-1-1456595055,0.9677350078025732,1.0227003626660467,2480,0,1456595920183
production-topology2-2-1456595062,1.0448164213587434,0.9994322635867395,2240,0,1456595920183
Running observer at: 1456595930651
production-topology3-3-1456595068,1.02566747887684,1.1482417811294199,2400,0,1456595931322
production-topology4-4-1456595076,1.021311682695322,1.005562108506346,1900,0,1456595931322
production-topology1-1-1456595055,0.9699767352828577,1.021088351639828,2020,0,1456595931322
production-topology2-2-1456595062,1.1793555925559323,1.008901912479855,1960,0,1456595931322
Running observer at: 1456595941856
production-topology3-3-1456595068,0.9407806112207808,1.1378687226339879,2360,0,1456595942498
production-topology4-4-1456595076,1.0135877055030549,1.0085734241755129,2280,0,1456595942498
production-topology1-1-1456595055,0.9113040416397602,1.0190300095052496,2140,0,1456595942498
production-topology2-2-1456595062,0.759108833237771,0.9964122585177508,1780,0,1456595942498
Running observer at: 1456595952960
production-topology3-3-1456595068,1.0233399522881423,1.1324149716651382,2500,0,1456595953407
production-topology4-4-1456595076,1.0023079569806543,1.006797602176175,2360,0,1456595953407
production-topology1-1-1456595055,1.126452657371931,1.0229281861524362,2480,0,1456595953407
production-topology2-2-1456595062,1.115384383353772,1.0020775977956564,2180,0,1456595953407
Running observer at: 1456595963873
production-topology3-3-1456595068,0.9891777985995719,1.1259041910712488,2440,0,1456595964453
production-topology4-4-1456595076,0.9807173305973624,1.00534680011726,1980,0,1456595964453
production-topology1-1-1456595055,1.0335349311649509,1.0230551595516757,1960,0,1456595964453
production-topology2-2-1456595062,0.8121153945190939,0.9934429521921764,1980,0,1456595964453
Running observer at: 1456595975065
production-topology3-3-1456595068,1.0167528286405332,1.1211584796612177,2320,0,1456595975561
production-topology4-4-1456595076,1.0886403476920719,1.0099351015330764,2240,0,1456595975561
production-topology1-1-1456595055,1.1320877540681833,1.031365077361144,2160,0,1456595975562
production-topology2-2-1456595062,1.343918987858382,1.0086810406994027,1760,0,1456595975562
Running observer at: 1456595986176
production-topology3-3-1456595068,1.0525154372785637,1.118298352895274,2580,0,1456595986699
production-topology4-4-1456595076,0.9851716787416764,1.008396527310186,2380,0,1456595986699
production-topology1-1-1456595055,0.8941189228212151,1.02716831608159,2520,0,1456595986699
production-topology2-2-1456595062,0.8849235481155897,1.0035244785084105,2200,0,1456595986699
Running observer at: 1456595997168
production-topology3-3-1456595068,0.9414701057228202,1.1112252230083757,2340,0,1456595997680
production-topology4-4-1456595076,1.060195035460993,1.009961938433195,1920,0,1456595997680
production-topology1-1-1456595055,1.2326643292348556,1.0293199974756808,1980,0,1456595997680
production-topology2-2-1456595062,1.0606513020572965,1.005809551450366,1960,0,1456595997680
Running observer at: 1456596008339
production-topology3-3-1456595068,1.0433075529542921,1.1086130049293725,2340,0,1456596008900
production-topology4-4-1456595076,0.9732381047503749,1.0092618154717194,2300,0,1456596008900
production-topology1-1-1456595055,0.8014590380827097,1.0289939599700204,2180,0,1456596008901
production-topology2-2-1456595062,0.9324553324737521,1.0029882353358808,1780,0,1456596008901
Running observer at: 1456596019495
production-topology3-3-1456595068,0.9817354122243642,1.103913834829187,2520,0,1456596019983
production-topology4-4-1456595076,1.0182014207274752,1.0086837015938046,2420,0,1456596019983
production-topology1-1-1456595055,1.2320885487901294,1.0282089915287846,2420,0,1456596019983
production-topology2-2-1456595062,1.1167079505470883,1.0072000766399996,2160,0,1456596019984
Running observer at: 1456596030524
production-topology3-3-1456595068,1.0126937694647316,1.100655975351885,2360,0,1456596031043
production-topology4-4-1456595076,0.9631782937317557,1.00748785950008,1920,0,1456596031043
production-topology1-1-1456595055,0.7850433394217136,1.0223447600317712,2040,0,1456596031043
production-topology2-2-1456595062,0.8400414228308701,1.001230124718245,2020,0,1456596031043
Running observer at: 1456596041694
production-topology3-3-1456595068,1.01342293071263,1.0976479393298417,2340,0,1456596042186
production-topology4-4-1456595076,0.9907850508194378,1.0061931904934938,2380,0,1456596042186
production-topology1-1-1456595055,0.9676001050361039,1.0159726497794364,2200,0,1456596042186
production-topology2-2-1456595062,1.0521316804860779,1.0029853507792048,1820,0,1456596042186
Running observer at: 1456596052828
production-topology3-3-1456595068,0.9653775760353833,1.0932389272200267,2600,0,1456596053353
production-topology4-4-1456595076,1.0187556150759614,1.0100642405468532,2340,0,1456596053353
production-topology1-1-1456595055,0.957148786055198,1.0205805646649095,2420,0,1456596053353
production-topology2-2-1456595062,1.0231716788195193,1.0036582283805486,2180,0,1456596053353
Running observer at: 1456596063838
production-topology3-3-1456595068,1.0750479630667482,1.0957285655095734,2300,0,1456596064382
production-topology4-4-1456595076,0.9997243213296401,1.0102744086249544,1900,0,1456596064382
production-topology1-1-1456595055,1.1019924098671725,1.0216071566168725,2020,0,1456596064382
production-topology2-2-1456595062,1.095457537853851,1.0067944400701156,1920,0,1456596064383
Running observer at: 1456596075015
production-topology3-3-1456595068,0.8850812949916238,1.066411463909282,2400,0,1456596075496
production-topology4-4-1456595076,1.0270705070327715,1.0109570316884502,2320,0,1456596075496
production-topology1-1-1456595055,1.0036086726401394,1.023203404417656,2160,0,1456596075496
production-topology2-2-1456595062,0.9882827079610882,0.9833269405918954,1840,0,1456596075496
Running observer at: 1456596086128
production-topology3-3-1456595068,1.008832047477716,1.0333725321585396,2500,0,1456596086653
production-topology4-4-1456595076,1.0167971863705354,1.0117859860814384,2240,0,1456596086653
production-topology1-1-1456595055,1.027839008120801,1.0235013443067738,2420,0,1456596086653
production-topology2-2-1456595062,0.9033405256196552,0.9801049581125505,2200,0,1456596086653
Running observer at: 1456596097182
production-topology3-3-1456595068,1.0477350585804421,1.0016303674445541,2440,0,1456596097689
production-topology4-4-1456595076,0.9471708877313859,1.0068225087191112,2040,0,1456596097689
production-topology1-1-1456595055,0.9074562381832475,1.0205650714895291,2080,0,1456596097689
production-topology2-2-1456595062,0.9198000654593576,0.9774316269611958,1960,0,1456596097689
Running observer at: 1456596108383
production-topology3-3-1456595068,1.027721481373403,0.9692210834903342,2260,0,1456596108922
production-topology4-4-1456595076,1.0100962790993349,1.0064533657370267,2380,0,1456596108922
production-topology1-1-1456595055,1.0262324104079794,0.9928729556773397,2200,0,1456596108922
production-topology2-2-1456595062,1.0018442666633152,0.9774931025166399,1780,0,1456596108922
/var/nimbus/storm/bin/storm rebalance production-topology1 -e spout_head=11
1456596109320
/var/nimbus/storm/bin/storm rebalance production-topology4 -e bolt_output_1=9
Running observer at: 1456596119543
production-topology3-3-1456595068,1.0096794115156857,1.0028770638741904,2540,0,1456596120052
production-topology1-1-1456595055,0.9601111350681084,0.9601111350681084,175800,0,1456596120053
production-topology4-4-1456595076,0.9994328023961245,0.9994328023961245,184960,0,1456596120053
production-topology2-2-1456595062,1.0214979278278513,0.9782097001109017,2220,0,1456596120053
Running observer at: 1456596130571
production-topology3-3-1456595068,1.0067453669436652,1.0035246257084363,2360,0,1456596131109
production-topology1-1-1456595055,0.0,0.4800555675340542,0,0,1456596131109
production-topology4-4-1456595076,2.0,1.4997164011980622,0,0,1456596131110
production-topology2-2-1456595062,1.198564640055469,1.0181618547794173,1880,0,1456596131110
Running observer at: 1456596141753
production-topology3-3-1456595068,0.9829403697455317,1.0148039904923039,2420,0,1456596142263
production-topology1-1-1456595055,1.0,0.6533703783560362,0,0,1456596142263
production-topology4-4-1456595076,2.0,1.666477600798708,0,0,1456596142263
production-topology2-2-1456595062,0.9972704045618822,1.013130308261995,1860,0,1456596142264
Running observer at: 1456596147592
production-topology3-3-1456595068,0.9587542087542087,1.0067204379552244,1320,0,1456596148079
production-topology1-1-1456595055,1.0,0.740027783767027,0,0,1456596148079
production-topology4-4-1456595076,2.0,1.749858200599031,0,0,1456596148079
production-topology2-2-1456595062,0.9886195582315731,1.0130035033081883,1020,0,1456596148079
Running observer at: 1456596148735
production-topology3-3-1456595068,1.0641025641025643,1.0083805939190176,280,0,1456596149245
production-topology1-1-1456595055,0.0,0.5920222270136216,157300,0,1456596149246
production-topology4-4-1456595076,2.0,1.7998865604792251,0,0,1456596149246
production-topology2-2-1456595062,0.6705484598046579,1.0033179992850987,440,0,1456596149246
Running observer at: 1456596152897
production-topology3-3-1456595068,1.0710660571125687,1.0093468902042486,860,0,1456596153415
production-topology1-1-1456595055,0.9714941063901429,0.6552675402430418,139040,0,1456596153415
production-topology4-4-1456595076,0.0,1.4999054670660208,0,0,1456596153415
production-topology2-2-1456595062,0.8496140866500641,0.9926200304913182,660,0,1456596153415
Running observer at: 1456596163871
production-topology3-3-1456595068,0.9809401511997089,1.00529304580304,2440,0,1456596164364
production-topology1-1-1456595055,0.9888817120213965,0.7029267076399497,103880,0,1456596164364
production-topology4-4-1456595076,0.0,1.2856332574851608,0,0,1456596164364
production-topology2-2-1456595062,0.9997833452257738,0.9945991768311992,2100,0,1456596164364
Running observer at: 1456596174894
production-topology3-3-1456595068,0.9514064610515602,1.0024325229406492,2380,0,1456596175426
production-topology1-1-1456595055,1.041138825223575,0.7452032223379028,2540,0,1456596175427
production-topology4-4-1456595076,0.8625799175367375,1.232751589991608,1700,0,1456596175427
production-topology2-2-1456595062,1.0145281025848627,0.9904131695245748,1720,0,1456596175427
Running observer at: 1456596185988
production-topology3-3-1456595068,1.0782395422098685,1.007092083339651,2360,0,1456596186588
production-topology1-1-1456595055,1.026206838601527,0.7764258463671944,2440,0,1456596186589
production-topology4-4-1456595076,1.107939341515212,1.2188835623831196,1980,0,1456596186589
production-topology2-2-1456595062,1.023695234243457,0.9938927509690048,1980,0,1456596186589
Running observer at: 1456596197150
production-topology3-3-1456595068,0.8737830032845211,1.0019251229649986,2440,0,1456596197666
production-topology1-1-1456595055,0.8939230012690571,0.7881755618573807,2120,0,1456596197667
production-topology4-4-1456595076,0.9496874374837866,1.1919639498931862,2300,0,1456596197667
production-topology2-2-1456595062,0.9904061710290084,0.9963693865626835,2200,0,1456596197667
Running observer at: 1456596208247
production-topology3-3-1456595068,1.0636903028809903,1.0051754269398507,2480,0,1456596208737
production-topology1-1-1456595055,0.9602842510328853,0.8038218063278811,2740,0,1456596208737
production-topology4-4-1456595076,0.974644827058596,1.1722076659991325,2200,0,1456596208737
production-topology2-2-1456595062,0.9118959749797814,0.9909158692486689,1740,0,1456596208737
Running observer at: 1456596219282
production-topology3-3-1456595068,1.021437865915702,1.0039929689951284,2340,0,1456596219897
production-topology1-1-1456595055,1.0179791846356945,0.8216682545201989,2360,0,1456596219898
production-topology4-4-1456595076,0.938107670507736,1.1526993330415163,2200,0,1456596219898
production-topology2-2-1456595062,1.1302023804408543,0.9956711305802131,2040,0,1456596219898
Running observer at: 1456596230340
production-topology3-3-1456595068,1.0112151857501241,1.0041553263325094,2440,0,1456596230856
production-topology1-1-1456595055,1.019295618957001,0.8368703594768759,2260,0,1456596230856
production-topology4-4-1456595076,1.092365394735249,1.1480582608641112,2280,0,1456596230856
production-topology2-2-1456595062,0.960668492727904,0.9928661996258515,2100,0,1456596230856
Running observer at: 1456596241342
production-topology3-3-1456595068,0.9250149040520612,1.000800240505017,2520,0,1456596241845
production-topology1-1-1456595055,0.973026927715177,0.8465958286367545,2600,0,1456596241846
production-topology4-4-1456595076,0.9874315178859168,1.1365849220799544,2140,0,1456596241846
production-topology2-2-1456595062,1.163459389823061,0.9923363262014225,1840,0,1456596241846
Running observer at: 1456596252534
production-topology3-3-1456595068,1.1281213962126881,1.0070449333380804,2380,0,1456596253072
production-topology1-1-1456595055,1.1683855171253206,0.8680484745359923,2180,0,1456596253072
production-topology4-4-1456595076,1.0312795032356155,1.1295645608236653,2120,0,1456596253072
production-topology2-2-1456595062,0.8801496307811894,0.9963710194528698,2000,0,1456596253072
Running observer at: 1456596263660
production-topology3-3-1456595068,0.9378086659865321,1.0041938904613599,2460,0,1456596264143
production-topology1-1-1456595055,0.9634584918935813,0.8740116006208416,2440,0,1456596264144
production-topology4-4-1456595076,0.981937341759721,1.1203378596321687,2340,0,1456596264144
production-topology2-2-1456595062,0.9639929361464821,0.9913246378792935,2120,0,1456596264144
Running observer at: 1456596274606
production-topology3-3-1456595068,1.000166454187602,1.004560178980961,2280,0,1456596275103
production-topology1-1-1456595055,0.922108593404376,0.8768408354904613,2600,0,1456596275103
production-topology4-4-1456595076,1.0366506005978855,1.1154150796889755,2020,0,1456596275103
production-topology2-2-1456595062,1.1090453130404705,1.0012223018300062,1860,0,1456596275103
Running observer at: 1456596285624
production-topology3-3-1456595068,1.0391600660784253,1.0053070868955574,2420,0,1456596286221
production-topology1-1-1456595055,1.151611466704117,0.8921058705578866,2200,0,1456596286221
production-topology4-4-1456595076,1.0015228807799326,1.1090877353051398,2300,0,1456596286221
production-topology2-2-1456595062,0.8966662423555514,0.9863138769799118,1920,0,1456596286222
Running observer at: 1456596296739
production-topology3-3-1456595068,1.1000511386243057,1.006891610273749,2240,0,1456596297362
production-topology1-1-1456595055,1.0855678451925013,0.902288079749182,2460,0,1456596297362
production-topology4-4-1456595076,1.0215537267512227,1.1044806822233546,2180,0,1456596297362
production-topology2-2-1456595062,1.1135260644011244,0.9939339608560964,1880,0,1456596297362
Running observer at: 1456596307842
production-topology3-3-1456595068,0.8410814344749642,1.003545321232154,2700,0,1456596308398
production-topology1-1-1456595055,0.9571887440216843,0.9050331129628072,2680,0,1456596308399
production-topology4-4-1456595076,0.9374865524616256,1.0961309757352682,2140,0,1456596308399
production-topology2-2-1456595062,1.0955650958836687,0.9950977539836422,2160,0,1456596308399
Running observer at: 1456596318867
production-topology3-3-1456595068,1.0605589606194898,1.0041203681543271,2320,0,1456596319441
production-topology1-1-1456595055,0.9814223871496607,0.9086706974478954,2120,0,1456596319441
production-topology4-4-1456595076,0.9718125978561967,1.090211052979122,2300,0,1456596319441
production-topology2-2-1456595062,0.898780209648455,0.9939752498894656,1980,0,1456596319441
Running observer at: 1456596329991
production-topology3-3-1456595068,0.9516916569373691,1.0031189096447606,2400,0,1456596330560
production-topology1-1-1456595055,1.0889977886677553,0.9168673834124345,2520,0,1456596330560
production-topology4-4-1456595076,1.0491047326514447,1.0883425838733183,2260,0,1456596330560
production-topology2-2-1456595062,0.9883568706048634,0.9896968805580582,1800,0,1456596330560
Running observer at: 1456596341099
production-topology3-3-1456595068,1.0878501591756815,1.0056241226351255,2500,0,1456596341605
production-topology1-1-1456595055,0.8904110213326405,0.9157171068002694,2700,0,1456596341605
production-topology4-4-1456595076,0.9273803990517049,1.081344228011509,2080,0,1456596341605
production-topology2-2-1456595062,1.082550963731206,0.9977805319214025,2160,0,1456596341605
Running observer at: 1456596352076
production-topology3-3-1456595068,0.9971213676164349,1.0050807371985857,2420,0,1456596352639
production-topology1-1-1456595055,1.0171269073072404,0.9199425151547266,2060,0,1456596352639
production-topology4-4-1456595076,1.0989670182487399,1.0820785109380604,2120,0,1456596352639
production-topology2-2-1456595062,0.8214752677704625,0.9900919848308818,1960,0,1456596352640
Running observer at: 1456596363211
production-topology3-3-1456595068,0.8863260624696503,1.0024456867463944,2360,0,1456596363755
production-topology1-1-1456595055,1.0335572078755242,0.9244871028635585,2620,0,1456596363755
production-topology4-4-1456595076,0.9660438947405928,1.0774371262901616,2320,0,1456596363755
production-topology2-2-1456595062,1.1386352872309289,0.9939407717779289,1800,0,1456596363755
Running observer at: 1456596374297
production-topology3-3-1456595068,1.0773277628751925,1.0025216800733427,2520,0,1456596374798
production-topology1-1-1456595055,0.9223251602824216,0.9244039512258225,2440,0,1456596374799
production-topology4-4-1456595076,1.0052679158260185,1.0746613874261561,2120,0,1456596374799
production-topology2-2-1456595062,1.006515138820732,0.9909760251434917,2160,0,1456596374799
Running observer at: 1456596385281
production-topology3-3-1456595068,1.0087373588248323,1.006643548867783,2480,0,1456596385796
production-topology1-1-1456595055,1.0567424366114062,0.9293053766104736,2300,0,1456596385796
production-topology4-4-1456595076,0.9697149493898842,1.0707744823137018,2160,0,1456596385797
production-topology2-2-1456595062,0.9003805934301442,0.9880459546591268,1980,0,1456596385797
Running observer at: 1456596396349
production-topology3-3-1456595068,0.9834210368498835,1.0057965151801886,2260,0,1456596396920
production-topology1-1-1456595055,0.9629218677762368,0.9305059655806796,2520,0,1456596396920
production-topology4-4-1456595076,1.0222837744799667,1.0690426713196397,2300,0,1456596396921
production-topology2-2-1456595062,1.1415625700239564,0.9959866894726035,1740,0,1456596396921
Running observer at: 1456596407461
production-topology3-3-1456595068,0.9873792536328543,1.003784655015269,2380,0,1456596407995
production-topology1-1-1456595055,1.0023063367227052,0.9329818404476459,2420,0,1456596407995
production-topology4-4-1456595076,1.0802114515997472,1.0694278016741263,2040,0,1456596407996
production-topology2-2-1456595062,1.0259773795382947,0.9995259332752348,2180,0,1456596407996
Running observer at: 1456596418511
production-topology3-3-1456595068,1.033742881996866,1.0039853683693842,2420,0,1456596419037
production-topology1-1-1456595055,1.077166544147676,0.9377879972376469,2120,0,1456596419037
production-topology4-4-1456595076,0.8720236292240671,1.0628476625924577,2260,0,1456596419037
production-topology2-2-1456595062,0.8726908063573369,0.9952208179317021,2040,0,1456596419038
Running observer at: 1456596429646
production-topology3-3-1456595068,0.9874706183548688,1.0032450752640238,2480,0,1456596430207
production-topology1-1-1456595055,0.9599375638030953,0.9377822115288131,2780,0,1456596430207
production-topology4-4-1456595076,1.0405666554025514,1.064218791026005,2280,0,1456596430207
production-topology2-2-1456595062,1.0738838123650059,0.9969670140829405,1760,0,1456596430207
Running observer at: 1456596440818
production-topology3-3-1456595068,1.0648631029986961,1.0051823331325247,2360,0,1456596441332
production-topology1-1-1456595055,1.0564173777645158,0.9729961241209637,2360,0,1456596441332
production-topology4-4-1456595076,0.9521568202363357,1.0292906850338828,2080,0,1456596441333
production-topology2-2-1456595062,1.0177006615144388,0.9909382147982396,2140,0,1456596441333
Running observer at: 1456596451812
production-topology3-3-1456595068,0.9840856908626738,1.0052205105030962,2420,0,1456596452379
production-topology1-1-1456595055,1.0438489768239658,0.9744577566817625,2120,0,1456596452379
production-topology4-4-1456595076,1.0358303058946792,0.9971516952303721,2240,0,1456596452379
production-topology2-2-1456595062,0.9855698271755083,0.9905481955520271,2000,0,1456596452379
Running observer at: 1456596462818
production-topology3-3-1456595068,0.9201405511960742,1.0039333885844917,2580,0,1456596463400
production-topology1-1-1456595055,0.8834035454605895,0.9705712081971155,2660,0,1456596463400
production-topology4-4-1456595076,1.010774013722127,0.9641774956877763,2220,0,1456596463401
production-topology2-2-1456595062,1.1796479582120412,0.9969158088847093,1780,0,1456596463401
Running observer at: 1456596474092
production-topology3-3-1456595068,1.0283731325360441,1.0027424075322744,2320,0,1456596474610
production-topology1-1-1456595055,1.0718339100346024,1.006299005198269,2240,0,1456596474610
production-topology4-4-1456595076,1.0472888078748512,0.9324204559502713,2160,0,1456596474610
production-topology2-2-1456595062,1.0023318819944562,1.007975256291036,2200,0,1456596474610
Running observer at: 1456596485113
production-topology3-3-1456595068,1.0380010830797952,1.0016402417311818,2420,0,1456596485621
production-topology1-1-1456595055,1.153446695855819,1.0123640915137915,2440,0,1456596485622
production-topology4-4-1456595076,0.9376770773966039,0.9636763585301581,2280,0,1456596485622
production-topology2-2-1456595062,1.0419249827631216,1.0143856194948044,1960,0,1456596485622
Running observer at: 1456596496105
production-topology3-3-1456595068,0.9928263993197919,1.0020364500018513,2480,0,1456596496708
production-topology1-1-1456595055,0.9176405362986932,1.0099893856563682,2560,0,1456596496708
production-topology4-4-1456595076,1.0419165196942974,0.9984069091866347,2100,0,1456596496708
production-topology2-2-1456595062,0.9733156917312372,1.01350336437832,1860,0,1456596496708
Running observer at: 1456596507237
production-topology3-3-1456595068,1.037401552470244,1.0049029530491407,2300,0,1456596507882
production-topology1-1-1456595055,0.9683845600791156,1.0075642434848862,2220,0,1456596507882
production-topology4-4-1456595076,0.9708312708312709,1.0020152876297859,2200,0,1456596507882
production-topology2-2-1456595062,1.0162682950521809,1.0135613707938973,1960,0,1456596507883
Running observer at: 1456596518441
production-topology3-3-1456595068,0.9571830944881891,1.000867738125085,2560,0,1456596518970
production-topology1-1-1456595055,1.056066551276592,1.0085595672407217,2440,0,1456596518970
production-topology4-4-1456595076,1.049695296376742,1.0000738194585037,2240,0,1456596518970
production-topology2-2-1456595062,0.938997233281598,1.0107381040951688,2180,0,1456596518970
Running observer at: 1456596529476
production-topology3-3-1456595068,1.0042603399627565,1.005216982681026,2240,0,1456596530059
production-topology1-1-1456595055,0.9988682702829763,1.012057742874519,2660,0,1456596530059
production-topology4-4-1456595076,0.9523753277462319,1.000163415800585,2140,0,1456596530059
production-topology2-2-1456595062,1.0025520620661497,1.0111429671297403,1820,0,1456596530059
Running observer at: 1456596540508
production-topology3-3-1456595068,1.0231341337470239,1.0038651103765606,2460,0,1456596541119
production-topology1-1-1456595055,0.8984103082964522,1.009995278116638,2140,0,1456596541119
production-topology4-4-1456595076,1.013535407535988,1.001459768483165,2260,0,1456596541119
production-topology2-2-1456595062,1.0283965402875894,1.0150263193066669,1940,0,1456596541119
Running observer at: 1456596551567
production-topology3-3-1456595068,0.986582586338684,1.0027032677239933,2340,0,1456596552130
production-topology1-1-1456595055,1.0326457044701256,1.010484162111119,2540,0,1456596552130
production-topology4-4-1456595076,0.9972145797577573,1.0034299987914987,2300,0,1456596552130
production-topology2-2-1456595062,1.0365534486418857,1.0119046882467015,2180,0,1456596552130
Running observer at: 1456596562652
production-topology3-3-1456595068,1.0029074934404343,1.0024263446470036,2640,0,1456596563294
production-topology1-1-1456595055,1.0930586118387977,1.0129429285405123,2660,0,1456596563294
production-topology4-4-1456595076,0.9278016233206674,0.9979445397443459,2040,0,1456596563294
production-topology2-2-1456595062,0.9380817996095288,1.011151798476089,1840,0,1456596563294
Running observer at: 1456596573768
production-topology3-3-1456595068,0.9114569118414997,1.0019744115733185,2420,0,1456596574412
production-topology1-1-1456595055,0.9048008239928496,1.0106687250831015,2120,0,1456596574412
production-topology4-4-1456595076,1.07778023169401,1.0009561635379491,2300,0,1456596574412
production-topology2-2-1456595062,1.0877704304905242,1.0086288331650044,1940,0,1456596574412
Running observer at: 1456596584942
production-topology3-3-1456595068,1.1671151084093179,1.0032742019798728,2220,0,1456596585482
production-topology1-1-1456595055,0.9776432540660185,1.0043106496477914,2480,0,1456596585482
production-topology4-4-1456595076,0.9764416570072155,0.9991282353303357,2340,0,1456596585482
production-topology2-2-1456595062,0.8712224058892738,1.0083312590019406,2160,0,1456596585482
Running observer at: 1456596595946
production-topology3-3-1456595068,0.9292594592400933,1.002989228421658,2520,0,1456596596486
production-topology1-1-1456595055,1.1219335565845239,1.0095931518041563,2640,0,1456596596486
production-topology4-4-1456595076,1.026742986723899,1.0006217568291418,2060,0,1456596596486
production-topology2-2-1456595062,1.108539527746651,1.0131494787219462,1780,0,1456596596486
Running observer at: 1456596607061
production-topology3-3-1456595068,1.0158575642528387,1.0035122654238327,2440,0,1456596607705
production-topology1-1-1456595055,0.8237441850062622,1.0063143381908857,2120,0,1456596607705
production-topology4-4-1456595076,1.0328688063063063,1.0004956970194225,2240,0,1456596607705
production-topology2-2-1456595062,1.1202798015984827,1.0135239616738798,1940,0,1456596607705
Running observer at: 1456596618233
production-topology3-3-1456595068,0.9930059313830939,1.0019737942673217,2340,0,1456596618742
production-topology1-1-1456595055,1.0697521895836124,1.0035856956202023,2500,0,1456596618742
production-topology4-4-1456595076,0.9839965356019658,0.9999114855134903,2260,0,1456596618743
production-topology2-2-1456595062,0.7638422719677749,1.0090964959942874,2260,0,1456596618743
Running observer at: 1456596629267
production-topology3-3-1456595068,1.0322033734442468,0.9997122020946532,2540,0,1456596629827
production-topology1-1-1456595055,1.107387408088235,1.0043130143833936,2720,0,1456596629827
production-topology4-4-1456595076,0.9450660255775789,0.9973618954743692,2080,0,1456596629827
production-topology2-2-1456595062,1.153755542320164,1.0104374785915886,1840,0,1456596629827
Running observer at: 1456596640407
production-topology3-3-1456595068,0.9616260869565216,1.0037303571773717,2400,0,1456596641032
production-topology1-1-1456595055,0.8769787216560527,1.0016393469712057,2080,0,1456596641032
production-topology4-4-1456595076,1.0205608592267004,1.000131039033205,2280,0,1456596641032
production-topology2-2-1456595062,1.1543973285153355,1.0123985530126443,1900,0,1456596641032
Running observer at: 1456596651552
production-topology3-3-1456595068,1.0337240182775136,1.0028358590993056,2360,0,1456596652145
production-topology1-1-1456595055,1.0028316267253097,1.002352988290394,2540,0,1456596652145
production-topology4-4-1456595076,0.9738866047694867,1.0002001725969811,2240,0,1456596652146
production-topology2-2-1456595062,0.9320862415433292,1.0135087540758068,2120,0,1456596652146
Running observer at: 1456596662717
production-topology3-3-1456595068,1.0171437891895392,1.0050175968410449,2540,0,1456596663285
production-topology1-1-1456595055,0.9876502662133555,0.9989747375419138,2620,0,1456596663286
production-topology4-4-1456595076,1.0522457701156154,1.000304873845787,2040,0,1456596663286
production-topology2-2-1456595062,1.011749454372405,1.014288506868058,1840,0,1456596663286
Running observer at: 1456596673819
production-topology3-3-1456595068,0.9812116460587382,1.0014629797371466,2360,0,1456596674421
production-topology1-1-1456595055,0.9337623701827525,1.000419782503584,2140,0,1456596674421
production-topology4-4-1456595076,0.9389087535915762,1.000689152330449,2440,0,1456596674421
production-topology2-2-1456595062,1.1424393731848108,1.0162847871831782,1980,0,1456596674422
Running observer at: 1456596684891
production-topology3-3-1456595068,0.9264554178328668,0.9991074480776945,2420,0,1456596685366
production-topology1-1-1456595055,1.0962871287128713,1.0030584565504386,2560,0,1456596685366
production-topology4-4-1456595076,1.0442087782471372,0.998863877663729,2200,0,1456596685366
production-topology2-2-1456595062,0.8905890250790472,1.0185885790934643,2180,0,1456596685366
Running observer at: 1456596695907
production-topology3-3-1456595068,1.0577229443393656,1.0048206774733517,2340,0,1456596696447
production-topology1-1-1456595055,1.0116800839307571,1.002329219085613,2600,0,1456596696447
production-topology4-4-1456595076,1.0639973958333333,1.0021289943668203,1920,0,1456596696447
production-topology2-2-1456595062,1.056395175699821,1.0158472420424274,1840,0,1456596696448
Running observer at: 1456596707029
production-topology3-3-1456595068,1.0103369670526883,1.0025876509459348,2460,0,1456596707649
production-topology1-1-1456595055,0.9325150782279769,1.0026688830171313,2180,0,1456596707649
production-topology4-4-1456595076,0.9096856881815742,0.9989429201120058,2380,0,1456596707649
production-topology2-2-1456595062,0.9329299277025014,1.01339440167182,1940,0,1456596707649
Running observer at: 1456596718127
production-topology3-3-1456595068,0.9867940970665985,1.0018562088873268,2420,0,1456596718659
production-topology1-1-1456595055,0.9803381088378045,1.0001220720913446,2560,0,1456596718660
production-topology4-4-1456595076,1.0093438341401426,1.0002638829370143,2280,0,1456596718660
production-topology2-2-1456595062,1.018358819023704,1.0173270091916051,2160,0,1456596718660
Running observer at: 1456596729192
production-topology3-3-1456595068,1.047537428599009,1.003993421945631,2420,0,1456596729745
production-topology1-1-1456595055,1.0280970252988602,1.0022945773420986,2500,0,1456596729745
production-topology4-4-1456595076,1.0842564775958115,1.0023296397075425,2060,0,1456596729745
production-topology2-2-1456595062,0.9595478147745242,1.0112598506832908,1900,0,1456596729745
Running observer at: 1456596740328
production-topology3-3-1456595068,0.9863633619753971,1.0039595588903825,2520,0,1456596740848
production-topology1-1-1456595055,0.9498474693393708,1.0005459484293209,2180,0,1456596740848
production-topology4-4-1456595076,1.0318409755187914,1.000717290504844,2220,0,1456596740848
production-topology2-2-1456595062,1.108647457947196,1.0140155199635874,1880,0,1456596740849
Running observer at: 1456596751450
production-topology3-3-1456595068,0.9710404420203236,1.001869477557831,2420,0,1456596751942
production-topology1-1-1456595055,1.1174318084764256,1.0018881239069457,2440,0,1456596751942
production-topology4-4-1456595076,0.9488815696695206,1.0032792218530258,2340,0,1456596751942
production-topology2-2-1456595062,0.993235987380315,1.0180336926643536,2180,0,1456596751943
Running observer at: 1456596762473
production-topology3-3-1456595068,0.9736832838920009,1.001409899742402,2360,0,1456596763036
production-topology1-1-1456595055,0.9218924966022828,1.0006199550002521,2720,0,1456596763036
production-topology4-4-1456595076,1.031294089527568,1.0029701363238597,2040,0,1456596763036
production-topology2-2-1456595062,1.0796498427014254,1.0182258936755673,1760,0,1456596763037
Running observer at: 1456596773666
production-topology3-3-1456595068,0.9624048591423661,0.9979946249471909,2540,0,1456596774167
production-topology1-1-1456595055,1.062785225101349,1.0008322165781465,2120,0,1456596774167
production-topology4-4-1456595076,0.931371204495731,1.0022772824658395,2220,0,1456596774167
production-topology2-2-1456595062,0.8155773855594869,1.0114884511437359,2040,0,1456596774167
Running observer at: 1456596784767
production-topology3-3-1456595068,1.0792179895988683,1.0011657015717308,2300,0,1456596785251
production-topology1-1-1456595055,0.9951354098169761,0.9992084310112468,2520,0,1456596785251
production-topology4-4-1456595076,1.0625455506981683,1.0031677906259557,2400,0,1456596785251
production-topology2-2-1456595062,1.0463090433678668,1.013513091683481,2220,0,1456596785251
Running observer at: 1456596795747
production-topology3-3-1456595068,1.034088274689609,1.0049639590215151,2380,0,1456596796271
production-topology1-1-1456595055,0.9333195791533425,1.0008722988010053,2640,0,1456596796271
production-topology4-4-1456595076,0.9535816215160694,1.0012613775524204,2000,0,1456596796271
production-topology2-2-1456595062,0.9522828282828286,1.0059342540191738,1760,0,1456596796271
Running observer at: 1456596806915
production-topology3-3-1456595068,0.9901080299530279,1.0036884556020813,2540,0,1456596807396
production-topology1-1-1456595055,1.0312380817155842,0.9995191045237045,2080,0,1456596807396
production-topology4-4-1456595076,1.0813399504021586,1.002396415636664,2160,0,1456596807396
production-topology2-2-1456595062,1.0283332354732877,1.0068009658018018,1980,0,1456596807397
Running observer at: 1456596817992
production-topology3-3-1456595068,0.9714323613135776,1.0014694982098742,2500,0,1456596818532
production-topology1-1-1456595055,1.134704663962456,0.9988943701272592,2600,0,1456596818532
production-topology4-4-1456595076,0.9706254171442421,1.0034946936282518,2360,0,1456596818532
production-topology2-2-1456595062,1.2817557558877057,1.0147953249059543,2180,0,1456596818532
Running observer at: 1456596829119
production-topology3-3-1456595068,1.0040326320296602,1.001843039300203,2320,0,1456596829593
production-topology1-1-1456595055,0.8870666520778747,0.997875240653232,2620,0,1456596829593
production-topology4-4-1456595076,0.9713869916287942,1.0011437093594016,2120,0,1456596829593
production-topology2-2-1456595062,0.7951593872743556,1.0088567814240583,1800,0,1456596829594
Running observer at: 1456596840234
production-topology3-3-1456595068,1.031644196805903,1.001651127444725,2380,0,1456596840738
production-topology1-1-1456595055,1.0928454558976648,1.0020239371805169,1980,0,1456596840738
production-topology4-4-1456595076,1.0169839931864475,1.0026821334379075,2140,0,1456596840738
production-topology2-2-1456595062,0.9813663532019524,1.007693383362384,2040,0,1456596840738
Running observer at: 1456596851343
production-topology3-3-1456595068,0.96701471611475,1.0019788481656104,2500,0,1456596851848
production-topology1-1-1456595055,0.960399531842119,0.9988350365327011,2620,0,1456596851849
production-topology4-4-1456595076,1.1012191111262317,1.0043995939295571,2380,0,1456596851849
production-topology2-2-1456595062,0.9580803435968182,1.008329487039558,2140,0,1456596851849
Running observer at: 1456596862428
production-topology3-3-1456595068,0.9880930724368957,1.001439939248082,2460,0,1456596862924
production-topology1-1-1456595055,0.9709778838586957,0.997905356985225,2720,0,1456596862924
production-topology4-4-1456595076,0.908393709787438,1.0029335399975972,2100,0,1456596862924
production-topology2-2-1456595062,1.2673989987926433,1.0171577182637743,1720,0,1456596862924
Running observer at: 1456596873681
production-topology3-3-1456595068,0.9980317333257571,1.0006031925673728,2340,0,1456596874117
production-topology1-1-1456595055,1.075885032969425,1.003821181140991,1940,0,1456596874117
production-topology4-4-1456595076,0.976347917617179,1.0016939570003036,2120,0,1456596874117
production-topology2-2-1456595062,0.8309685217316328,1.0105767843119093,2020,0,1456596874117
Running observer at: 1456596884658
production-topology3-3-1456595068,1.017181963213193,1.0016231717965232,2420,0,1456596885061
production-topology1-1-1456595055,0.9367832692794136,1.0006257666346337,2720,0,1456596885061
production-topology4-4-1456595076,0.9895830154236798,1.001439571522501,2440,0,1456596885061
production-topology2-2-1456595062,1.0142840102582455,1.0098344696991213,2160,0,1456596885062
Running observer at: 1456596895478
production-topology3-3-1456595068,0.9471983624777917,0.9997662007644351,2320,0,1456596895982
production-topology1-1-1456595055,1.2527975425464306,1.0059503976582216,560,0,1456596895982
production-topology4-4-1456595076,1.0488097168568251,1.005473174640373,1900,0,1456596895982
production-topology2-2-1456595062,1.0246246279076838,1.012719230642393,1580,0,1456596895982
Running observer at: 1456596906326
production-topology3-3-1456595068,1.1341801009607555,1.0071903070684103,1660,0,1456596906667
production-topology1-1-1456595055,1.0,1.0091237035251264,0,0,1456596906668
production-topology4-4-1456595076,0.9924620621018989,1.0026292356539694,2300,0,1456596906668
production-topology2-2-1456595062,1.7999999999999998,1.036460216292709,100,0,1456596906668
