Running observer at: 1456121103705
production-topology1-1-1456121103,0.0,0.0,1456121103868
Running observer at: 1456121104080
production-topology1-1-1456121103,0.0,0.0,1456121104157
Running observer at: 1456121109920
production-topology2-2-1456121109,0.0,0.0,1456121110062
production-topology1-1-1456121103,0.0,0.0,1456121110063
Running observer at: 1456121114681
production-topology2-2-1456121109,0.0,0.0,1456121114806
production-topology1-1-1456121103,0.0,0.0,1456121114807
Running observer at: 1456121116409
production-topology2-2-1456121109,0.0,0.0,1456121116576
production-topology3-3-1456121116,0.0,0.0,1456121116577
production-topology1-1-1456121103,0.0,0.0,1456121116577
Running observer at: 1456121123049
production-topology2-2-1456121109,0.0,0.0,1456121123235
production-topology3-3-1456121116,0.0,0.0,1456121123236
production-topology1-1-1456121103,0.0,0.0,1456121123236
production-topology4-4-1456121122,0.0,0.0,1456121123236
Running observer at: 1456121125472
production-topology2-2-1456121109,0.0,0.0,1456121125687
production-topology3-3-1456121116,0.0,0.0,1456121125688
production-topology1-1-1456121103,0.0,0.0,1456121125688
production-topology4-4-1456121122,0.0,0.0,1456121125689
Running observer at: 1456121136273
production-topology2-2-1456121109,0.0,0.0,1456121136490
production-topology3-3-1456121116,0.0,0.0,1456121136490
production-topology1-1-1456121103,0.0,0.0,1456121136490
production-topology4-4-1456121122,0.0,0.0,1456121136490
Running observer at: 1456121147091
production-topology2-2-1456121109,0.0,0.0,1456121147333
production-topology3-3-1456121116,0.0,0.0,1456121147333
production-topology1-1-1456121103,0.0,0.0,1456121147333
production-topology4-4-1456121122,0.0,0.0,1456121147334
Running observer at: 1456121157905
production-topology2-2-1456121109,0.0,0.0,1456121158096
production-topology3-3-1456121116,0.0,0.0,1456121158096
production-topology1-1-1456121103,0.8478490012726166,0.08478490012726167,1456121158096
production-topology4-4-1456121122,0.0,0.0,1456121158097
Running observer at: 1456121168552
production-topology2-2-1456121109,0.0,0.0,1456121168735
production-topology3-3-1456121116,0.0,0.0,1456121168736
production-topology1-1-1456121103,1.2015057846379475,0.18630498053732403,1456121168736
production-topology4-4-1456121122,0.0,0.0,1456121168736
Running observer at: 1456121179207
production-topology2-2-1456121109,0.0,0.0,1456121179433
production-topology3-3-1456121116,0.0,0.0,1456121179433
production-topology1-1-1456121103,1.779411764705882,0.3190638792180372,1456121179433
production-topology4-4-1456121122,0.0,0.0,1456121179434
Running observer at: 1456121189874
production-topology2-2-1456121109,0.0,0.0,1456121190023
production-topology3-3-1456121116,0.0,0.0,1456121190023
production-topology1-1-1456121103,1.0,0.37144358081664974,1456121190024
production-topology4-4-1456121122,0.0,0.0,1456121190024
Running observer at: 1456121195696
production-topology2-2-1456121109,0.0,0.0,1456121195880
production-topology3-3-1456121116,0.0,0.0,1456121195880
production-topology1-1-1456121103,1.0,0.41634046790117474,1456121195880
production-topology4-4-1456121122,0.0,0.0,1456121195881
Running observer at: 1456121200481
production-topology2-2-1456121109,0.0,0.0,1456121200633
production-topology3-3-1456121116,0.0,0.0,1456121200633
production-topology1-1-1456121103,0.0,0.3885844367077631,1456121200633
production-topology4-4-1456121122,0.0,0.0,1456121200633
Running observer at: 1456121211014
production-topology2-2-1456121109,0.0,0.0,1456121211152
production-topology3-3-1456121116,0.0,0.0,1456121211152
production-topology1-1-1456121103,1.0,0.4267979094135279,1456121211152
production-topology4-4-1456121122,0.0,0.0,1456121211153
Running observer at: 1456121221586
production-topology2-2-1456121109,0.0,0.0,1456121221734
production-topology3-3-1456121116,0.0,0.0,1456121221734
production-topology1-1-1456121103,1.0,0.4605156794480263,1456121221735
production-topology4-4-1456121122,0.0,0.0,1456121221735
Running observer at: 1456121232143
production-topology2-2-1456121109,0.0,0.0,1456121232306
production-topology3-3-1456121116,0.0,0.0,1456121232307
production-topology1-1-1456121103,1.0,0.4904870305898026,1456121232307
production-topology4-4-1456121122,0.0,0.0,1456121232307
Running observer at: 1456121242700
production-topology2-2-1456121109,0.0,0.0,1456121242847
production-topology3-3-1456121116,0.0,0.0,1456121242847
production-topology1-1-1456121103,1.0,0.5173035026640235,1456121242848
production-topology4-4-1456121122,0.0,0.0,1456121242848
Running observer at: 1456121253267
production-topology2-2-1456121109,0.0,0.0,1456121253482
production-topology3-3-1456121116,0.36339285714285713,0.02271205357142857,1456121253483
production-topology1-1-1456121103,1.0,0.5414383275308223,1456121253483
production-topology4-4-1456121122,0.1272727272727273,0.008484848484848486,1456121253483
Running observer at: 1456121264084
production-topology2-2-1456121109,0.7390561224489797,0.038897690655209455,1456121264317
production-topology3-3-1456121116,0.8126081410021511,0.06917652930264753,1456121264317
production-topology1-1-1456121103,0.9696035080300427,0.5618271456498328,1456121264317
production-topology4-4-1456121122,0.8911359359862879,0.06365054145368845,1456121264317
Running observer at: 1456121274936
production-topology2-2-1456121109,1.2709449271687503,0.10050005248088649,1456121275140
production-topology3-3-1456121116,1.1161930573971892,0.12734411419678873,1456121275141
production-topology1-1-1456121103,0.9923895339987698,0.5813981633020572,1456121275141
production-topology4-4-1456121122,1.1018499176691998,0.12472109299577736,1456121275141
Running observer at: 1456121285628
production-topology2-2-1456121109,0.9740597675649196,0.14209813415155473,1456121285990
production-topology3-3-1456121116,0.9968995653840371,0.17311019057506496,1456121285990
production-topology1-1-1456121103,1.1336743458437317,0.6054101712386517,1456121285990
production-topology4-4-1456121122,1.0462585501554573,0.17591761839353737,1456121285991
Running observer at: 1456121296544
production-topology2-2-1456121109,1.0199884378760784,0.18200223886630582,1456121296768
production-topology3-3-1456121116,1.13956715474339,0.22143303878348122,1456121296768
production-topology1-1-1456121103,0.8974175162098579,0.6175771439457853,1456121296768
production-topology4-4-1456121122,0.9807386563899108,0.2182766203933465,1456121296769
Running observer at: 1456121307374
production-topology2-2-1456121109,0.9738116659556235,0.21642873569627616,1456121307635
production-topology3-3-1456121116,0.9502405287428755,0.2561381573529762,1456121307635
production-topology1-1-1456121103,1.0464678178963893,0.6347327709038094,1456121307635
production-topology4-4-1456121122,0.9236949540759063,0.2535475370774745,1456121307635
Running observer at: 1456121318249
production-topology2-2-1456121109,0.8755582131202342,0.2438924639222744,1456121318437
production-topology3-3-1456121116,1.0675699697901466,0.29302142155466576,1456121318437
production-topology1-1-1456121103,1.0512176996599676,0.6507514220098156,1456121318438
production-topology4-4-1456121122,1.1316723324282774,0.2953630035227508,1456121318438
Running observer at: 1456121328943
production-topology2-2-1456121109,0.9310086396264332,0.27137711095044076,1456121329182
production-topology3-3-1456121116,0.9840058184318621,0.32306422141889163,1456121329182
production-topology1-1-1456121103,1.0128429739845664,0.6641622202311026,1456121329182
production-topology4-4-1456121122,1.0184481585631349,0.328230510570041,1456121329182
Running observer at: 1456121339787
production-topology2-2-1456121109,1.2127599431515845,0.30758414295817704,1456121340000
production-topology3-3-1456121116,0.97009684473602,0.3500239140571053,1456121340000
production-topology1-1-1456121103,1.0099777227922568,0.676512773894001,1456121340000
production-topology4-4-1456121122,0.9417768595041323,0.35490643878456674,1456121340001
Running observer at: 1456121350639
production-topology2-2-1456121109,0.9126121870571563,0.329992589035917,1456121350885
production-topology3-3-1456121116,1.0047816157579217,0.376214222125138,1456121350885
production-topology1-1-1456121103,1.0210538684623702,0.6883935012929103,1456121350886
production-topology4-4-1456121122,1.023044164169164,0.38274551067559165,1456121350886
Running observer at: 1456121361426
production-topology2-2-1456121109,1.147288463496589,0.35918172740951243,1456121361643
production-topology3-3-1456121116,0.9847079640894074,0.39961782758530223,1456121361647
production-topology1-1-1456121103,0.9708447834187237,0.6978085440304373,1456121361647
production-topology4-4-1456121122,0.9871958904300356,0.40692352586576935,1456121361648
Running observer at: 1456121372340
production-topology2-2-1456121109,0.9370796376875403,0.37910924155703063,1456121372603
production-topology3-3-1456121116,1.0017752552658907,0.4219199545364351,1456121372603
production-topology1-1-1456121103,1.028380077035285,0.7320878799316135,1456121372604
production-topology4-4-1456121122,1.0186400416128671,0.4304510841637347,1456121372604
Running observer at: 1456121383162
production-topology2-2-1456121109,1.125051760607617,0.40397399219205016,1456121383403
production-topology3-3-1456121116,0.9331241474175671,0.4401772471393327,1456121383403
production-topology1-1-1456121103,0.939701272358473,0.7634112556768959,1456121383403
production-topology4-4-1456121122,0.9328305449386007,0.44905773085910006,1456121383404
Running observer at: 1456121393967
production-topology2-2-1456121109,0.8171878548680801,0.4312135873543195,1456121394183
production-topology3-3-1456121116,1.0901573859687157,0.4625903553748287,1456121394183
production-topology1-1-1456121103,0.9175746938725301,0.7939970788059802,1456121394184
production-topology4-4-1456121122,1.0123924888007947,0.46917682935701777,1456121394184
Running observer at: 1456121404696
production-topology2-2-1456121109,1.0417329149723513,0.46593801785339795,1456121404915
production-topology3-3-1456121116,0.9781456830519819,0.4797755329640671,1456121404915
production-topology1-1-1456121103,1.0411612346956032,0.8287024532958338,1456121404916
production-topology4-4-1456121122,1.024903216165352,0.4883398082124776,1456121404916
Running observer at: 1456121415518
production-topology2-2-1456121109,1.0253244697689143,0.5001155001790284,1456121415744
production-topology3-3-1456121116,0.9586076694155341,0.5117291219445849,1456121415744
production-topology1-1-1456121103,1.1444070573147624,0.8668493552063258,1456121415744
production-topology4-4-1456121122,1.031915160527546,0.5064589866229798,1456121415744
Running observer at: 1456121426242
production-topology2-2-1456121109,1.1025455884018576,0.5368670197924236,1456121426503
production-topology3-3-1456121116,1.065273055995294,0.5472382238110947,1456121426503
production-topology1-1-1456121103,0.8521669949023629,0.8952549217030712,1456121426504
production-topology4-4-1456121122,0.9587911826984639,0.5384186927129286,1456121426504
Running observer at: 1456121437049
production-topology2-2-1456121109,0.8324306256228683,0.564614707313186,1456121437306
production-topology3-3-1456121116,0.9565374902846417,0.5791228068205828,1456121437307
production-topology1-1-1456121103,1.0165867601929948,0.9291411470428377,1456121437307
production-topology4-4-1456121122,1.0404653189102393,0.5731008700099366,1456121437307
Running observer at: 1456121447930
production-topology2-2-1456121109,1.1120351525540024,0.6016825457316527,1456121448130
production-topology3-3-1456121116,1.0393518401531407,0.6137678681590208,1456121448130
production-topology1-1-1456121103,1.154294518971782,0.9676176310085637,1456121448130
production-topology4-4-1456121122,0.9562784665993802,0.6049768188965826,1456121448131
Running observer at: 1456121458704
production-topology2-2-1456121109,0.9793276436325477,0.6343268005194044,1456121458954
production-topology3-3-1456121116,0.9067503091483813,0.6439928784639669,1456121458954
production-topology1-1-1456121103,0.8715827863040899,0.9966703905520333,1456121458954
production-topology4-4-1456121122,1.037954263813543,0.639575294357034,1456121458955
Running observer at: 1456121469684
production-topology2-2-1456121109,1.0516413012919767,0.6693815105624702,1456121469898
production-topology3-3-1456121116,1.0251120320076852,0.6781632795308897,1456121469899
production-topology1-1-1456121103,1.1500682320800661,1.0067443649122816,1456121469899
production-topology4-4-1456121122,0.9795252808307094,0.672226137051391,1456121469899
/var/nimbus/storm/bin/storm rebalance production-topology3 -e spout_head=11
1456121470203
/var/nimbus/storm/bin/storm rebalance production-topology1 -e spout_head=9
Running observer at: 1456121480386
production-topology2-2-1456121109,0.9502324938999126,0.7010559270258006,1456121480599
production-topology3-3-1456121116,0.9985099355675597,0.9985099355675597,1456121480600
production-topology1-1-1456121103,1.0043023732489538,1.0043023732489538,1456121480600
production-topology4-4-1456121122,1.0409325368509041,0.7069238882797545,1456121480600
Running observer at: 1456121491152
production-topology2-2-1456121109,0.9582118143043656,0.7329963208359461,1456121491342
production-topology3-3-1456121116,1.950358126721763,1.4744340311446613,1456121491342
production-topology1-1-1456121103,1.3524936601859683,1.178398016717461,1456121491342
production-topology4-4-1456121122,1.0343187295443181,0.7414011792645651,1456121491343
Running observer at: 1456121501879
production-topology2-2-1456121109,1.0681842712063976,0.7686024632094928,1456121502132
production-topology3-3-1456121116,2.0,1.6496226874297744,1456121502132
production-topology1-1-1456121103,1.0,1.118932011144974,1456121502132
production-topology4-4-1456121122,0.9844732681941986,0.7742169548710383,1456121502132
Running observer at: 1456121509423
production-topology2-2-1456121109,0.815948583396309,0.7958007493227031,1456121509658
production-topology3-3-1456121116,2.0,1.7372170155723308,1456121509658
production-topology1-1-1456121103,1.0,1.0891990083587304,1456121509658
production-topology4-4-1456121122,0.982716100399642,0.806974158217693,1456121509658
Running observer at: 1456121510211
production-topology2-2-1456121109,4.8999999999999995,0.9591340826560363,1456121510483
production-topology3-3-1456121116,0.0,1.3897736124578646,1456121510483
production-topology1-1-1456121103,1.0,1.0713592066869844,1456121510483
production-topology4-4-1456121122,2.0,0.8736408248843597,1456121510483
Running observer at: 1456121512724
production-topology2-2-1456121109,0.8668718434343435,0.9880298107705144,1456121512909
production-topology3-3-1456121116,1.0047085637821713,1.325596104345249,1456121512909
production-topology1-1-1456121103,0.9947845491480201,1.0585967637638236,1456121512909
production-topology4-4-1456121122,1.210178887608555,0.9139801211379782,1456121512910
Running observer at: 1456121523445
production-topology2-2-1456121109,0.9691523073876013,1.0203348876834346,1456121523682
production-topology3-3-1456121116,0.24809750927397986,1.171667733620782,1456121523682
production-topology1-1-1456121103,0.9947845491480201,1.0494807331044231,1456121523683
production-topology4-4-1456121122,0.9076674967883063,0.9442357043642551,1456121523683
Running observer at: 1456121534187
production-topology2-2-1456121109,0.8708484674699716,1.0493631699324335,1456121534372
production-topology3-3-1456121116,0.9263212868576836,1.1409994277753948,1456121534372
production-topology1-1-1456121103,0.9947845491480201,1.042643710109873,1456121534372
production-topology4-4-1456121122,1.0476370720664199,0.9791569400998024,1456121534373
Running observer at: 1456121544966
production-topology2-2-1456121109,1.093662713930222,1.0858185937301077,1456121545193
production-topology3-3-1456121116,1.0471858644971654,1.1305756985222581,1456121545193
production-topology1-1-1456121103,0.3463203463203463,0.9652744474665922,1456121545193
production-topology4-4-1456121122,0.9713221292924724,1.0115343444095515,1456121545193
Running observer at: 1456121555697
production-topology2-2-1456121109,1.1409802007449479,1.1238512670882728,1456121555907
production-topology3-3-1456121116,1.0980194490024358,1.127320073570276,1456121555907
production-topology1-1-1456121103,1.235719023711286,0.9923189050910617,1456121555908
production-topology4-4-1456121122,0.9519584014579308,1.0390238668823915,1456121555908
Running observer at: 1456121566467
production-topology2-2-1456121109,0.9805390491459789,1.1319006979781725,1456121566655
production-topology3-3-1456121116,1.02410488872225,1.1179368749477283,1456121566656
production-topology1-1-1456121103,0.9030603087365828,0.9842044872406546,1456121566656
production-topology4-4-1456121122,1.1041350192377388,1.0461238363241063,1456121566656
Running observer at: 1456121577150
production-topology2-2-1456121109,0.9470725793719874,1.121104953051614,1456121577461
production-topology3-3-1456121116,1.0238713133332293,1.11009807814652,1456121577461
production-topology1-1-1456121103,1.0483870967741935,0.9895530380351162,1456121577462
production-topology4-4-1456121122,0.956623222123022,1.0412829464725673,1456121577462
Running observer at: 1456121587943
production-topology2-2-1456121109,1.0371284211794245,1.1232072415054306,1456121588169
production-topology3-3-1456121116,1.0251432276725887,1.1035630896485253,1456121588169
production-topology1-1-1456121103,1.0357617774366747,0.9931075564506207,1456121588169
production-topology4-4-1456121122,0.9564313501560464,1.038288706472587,1456121588170
Running observer at: 1456121598703
production-topology2-2-1456121109,1.002087126339672,1.1226105311208838,1456121598968
production-topology3-3-1456121116,1.0049453898225957,1.0965189682323875,1456121598968
production-topology1-1-1456121103,1.0502490341200017,0.9971890905698622,1456121598968
production-topology4-4-1456121122,1.0259868034733757,1.0397969780420355,1456121598969
Running observer at: 1456121609424
production-topology2-2-1456121109,0.8945574357923187,1.1199687234487736,1456121609619
production-topology3-3-1456121116,1.0687510219236183,1.0946677718118027,1456121609620
production-topology1-1-1456121103,1.0494104617420417,1.0006705153146742,1456121609620
production-topology4-4-1456121122,1.0214527246452119,1.0430555703943458,1456121609620
Running observer at: 1456121620132
production-topology2-2-1456121109,0.9500504071238002,1.1224517965822256,1456121620357
production-topology3-3-1456121116,0.9379041297138405,1.08487004418068,1456121620357
production-topology1-1-1456121103,0.9467110208969176,0.9972980469135644,1456121620357
production-topology4-4-1456121122,0.9708932553702458,1.0376962678257449,1456121620358
Running observer at: 1456121630901
production-topology2-2-1456121109,1.177381535313484,1.1306642264384608,1456121631159
production-topology3-3-1456121116,0.9772286649305939,1.0785381983424396,1456121631159
production-topology1-1-1456121103,1.0680854553948083,1.0014620121183435,1456121631159
production-topology4-4-1456121122,1.0021986397748592,1.037154617199469,1456121631159
Running observer at: 1456121641706
production-topology2-2-1456121109,0.9647886310261434,1.1223985160342795,1456121641907
production-topology3-3-1456121116,1.093675835253925,1.0793791781708555,1456121641907
production-topology1-1-1456121103,0.8817783916722713,0.9948129220935615,1456121641907
production-topology4-4-1456121122,1.0093621262003354,1.0394074594226759,1456121641907
Running observer at: 1456121652478
production-topology2-2-1456121109,0.9610205801401528,1.1240121291370457,1456121652702
production-topology3-3-1456121116,1.0032603352522393,1.075372923280402,1456121652702
production-topology1-1-1456121103,1.0200888946354678,0.9961432364378724,1456121652702
production-topology4-4-1456121122,0.972224714099946,1.037713477753702,1456121652702
/var/nimbus/storm/bin/storm rebalance production-topology1 -e bolt_output_sink=11
1456121653006
/var/nimbus/storm/bin/storm rebalance production-topology4 -e bolt_output_1=9
Running observer at: 1456121663215
production-topology2-2-1456121109,0.9891435986159167,1.1187406336410235,1456121663361
production-topology3-3-1456121116,1.01462208693001,1.0723353814628824,1456121663361
production-topology1-1-1456121103,1.0109882016566916,1.0109882016566916,1456121663361
production-topology4-4-1456121122,0.9984884332743302,0.9984884332743302,1456121663361
Running observer at: 1456121673833
production-topology2-2-1456121109,1.0879173923323728,1.1237685587958512,1456121674094
production-topology3-3-1456121116,1.0215198394252447,1.0699155937468046,1456121674094
production-topology1-1-1456121103,0.6000000000000001,0.8054941008283458,1456121674094
production-topology4-4-1456121122,0.5,0.7492442166371651,1456121674095
Running observer at: 1456121684707
production-topology2-2-1456121109,1.0199676200755532,1.1202657541114494,1456121684911
production-topology3-3-1456121116,0.9823240860923333,1.065934161580692,1456121684911
production-topology1-1-1456121103,1.0,0.8703294005522305,1456121684911
production-topology4-4-1456121122,2.0,1.1661628110914435,1456121684911
Running observer at: 1456121691279
production-topology2-2-1456121109,0.8356209245583565,1.1208801897677916,1456121691490
production-topology3-3-1456121116,1.0225321852920162,1.0640471191333583,1456121691490
production-topology1-1-1456121103,1.0,0.9027470504141729,1456121691490
production-topology4-4-1456121122,2.0,1.3746221083185826,1456121691490
Running observer at: 1456121692106
production-topology2-2-1456121109,1.4720512543641795,1.1352241344141862,1456121692365
production-topology3-3-1456121116,1.2517006802721087,1.0718660175141397,1456121692365
production-topology1-1-1456121103,1.0,0.9221976403313384,1456121692366
production-topology4-4-1456121122,2.0,1.4996976866548661,1456121692366
Running observer at: 1456121695414
production-topology2-2-1456121109,1.2199702746577745,1.1417123279104815,1456121695565
production-topology3-3-1456121116,0.8230078337757696,1.0619116901646048,1456121695565
production-topology1-1-1456121103,1.0059559347465101,0.9361573560672003,1456121695565
production-topology4-4-1456121122,2.0,1.5830814055457216,1456121695565
Running observer at: 1456121706030
production-topology2-2-1456121109,0.8702376723914974,1.1339687307101358,1456121706203
production-topology3-3-1456121116,1.0628739463333476,1.0619487000172487,1456121706203
production-topology1-1-1456121103,1.0,0.945277733771886,1456121706203
production-topology4-4-1456121122,2.0,1.6426412047534757,1456121706203
Running observer at: 1456121716634
production-topology2-2-1456121109,1.2047101550227033,1.146378048356797,1456121716813
production-topology3-3-1456121116,0.9176337580244063,1.0566037021656618,1456121716813
production-topology1-1-1456121103,1.0,0.9521180170504002,1456121716813
production-topology4-4-1456121122,0.794295154502479,1.536597948472101,1456121716814
Running observer at: 1456121727245
production-topology2-2-1456121109,0.9138293765099447,1.1397711891553286,1456121727439
production-topology3-3-1456121116,1.0684986555145217,1.0570285219281212,1456121727439
production-topology1-1-1456121103,0.6037151702786379,0.9134065896313156,1456121727439
production-topology4-4-1456121122,1.086239728056791,1.4865581462037332,1456121727439
Running observer at: 1456121737980
production-topology2-2-1456121109,1.0001245843061037,1.1404644205111139,1456121738186
production-topology3-3-1456121116,1.0088531857560794,1.0553673034394302,1456121738186
production-topology1-1-1456121103,0.9518918440342247,0.9172551150716066,1456121738186
production-topology4-4-1456121122,0.9966434577677225,1.4375666773601323,1456121738186
Running observer at: 1456121748689
production-topology2-2-1456121109,1.017075386566509,1.1393122233535982,1456121748891
production-topology3-3-1456121116,0.9626742218092519,1.0522775340517574,1456121748891
production-topology1-1-1456121103,1.148969312544606,0.9383200421146065,1456121748892
production-topology4-4-1456121122,1.0188188218434013,1.3994986904949749,1456121748892
Running observer at: 1456121759377
production-topology2-2-1456121109,1.1107280321197028,1.144662074627591,1456121759552
production-topology3-3-1456121116,1.0536564525475742,1.0541157512844246,1456121759552
production-topology1-1-1456121103,1.036408878562109,0.9464941118185651,1456121759552
production-topology4-4-1456121122,0.9166168864325702,1.3592585401564412,1456121759552
Running observer at: 1456121770026
production-topology2-2-1456121109,1.0066341800796705,1.1462761534867678,1456121770222
production-topology3-3-1456121116,1.0067571238045807,1.0226623845205185,1456121770222
production-topology1-1-1456121103,0.9708120278534353,0.9483647207443244,1456121770222
production-topology4-4-1456121122,1.1016100794641135,1.3394394277954929,1456121770222
Running observer at: 1456121780723
production-topology2-2-1456121109,0.9489888567262783,1.1423029730040974,1456121780904
production-topology3-3-1456121116,0.9416744756744351,0.9873848670429998,1456121780904
production-topology1-1-1456121103,1.092927427986224,0.9586906284044601,1456121780904
production-topology4-4-1456121122,0.9780715247802707,1.3136274347229768,1456121780904
Running observer at: 1456121791452
production-topology2-2-1456121109,0.9421409139257366,1.1465093840217448,1456121791659
production-topology3-3-1456121116,1.0299147582699597,0.9550486923186651,1456121791659
production-topology1-1-1456121103,0.919849644375183,0.956101229469175,1456121791659
production-topology4-4-1456121122,1.0762537256415992,1.2978025207842185,1456121791659
Running observer at: 1456121802083
production-topology2-2-1456121109,0.977713638225002,1.0157665052959117,1456121802298
production-topology3-3-1456121116,0.9836573172543924,0.9878372695604781,1456121802306
production-topology1-1-1456121103,1.163545514894014,0.9690664973082275,1456121802306
production-topology4-4-1456121122,0.9186767379731946,1.2741071593585294,1456121802306
Running observer at: 1456121812924
production-topology2-2-1456121109,1.0291314588118985,1.0211751591418303,1456121813093
production-topology3-3-1456121116,1.0171087810778305,0.9882506101370002,1456121813093
production-topology1-1-1456121103,0.8577069010184133,0.9625159328205913,1456121813093
production-topology4-4-1456121122,1.0638982761779032,1.2617419309361395,1456121813093
Running observer at: 1456121823536
production-topology2-2-1456121109,1.079860506586896,1.0248654324484734,1456121823738
production-topology3-3-1456121116,1.0331337678176016,1.0144184854217877,1456121823739
production-topology1-1-1456121103,0.9617873439709327,0.962475455662277,1456121823739
production-topology4-4-1456121122,0.9368545197658169,1.243692630315566,1456121823739
Running observer at: 1456121834311
production-topology2-2-1456121109,0.9402513109620952,1.0271788605648777,1456121834485
production-topology3-3-1456121116,0.9464039796089185,1.0150879085134956,1456121834486
production-topology1-1-1456121103,1.2727595056392247,0.978806195134748,1456121834486
production-topology4-4-1456121122,1.0270249595233776,1.2322890686949244,1456121834486
Running observer at: 1456121845061
production-topology2-2-1456121109,0.9430651307432872,1.0221589411253131,1456121845257
production-topology3-3-1456121116,1.0639303859997384,1.015646059230248,1456121845257
production-topology1-1-1456121103,0.8395897996006504,0.971845375358043,1456121845258
production-topology4-4-1456121122,0.9347525845628826,1.2174122444883224,1456121845258
Running observer at: 1456121855838
production-topology2-2-1456121109,1.1496815267455527,1.0224489853253333,1456121856035
production-topology3-3-1456121116,0.9311298950671767,1.0100830740990727,1456121856035
production-topology1-1-1456121103,0.9854806607891836,0.9724946746642877,1456121856036
production-topology4-4-1456121122,1.0047576061010641,1.2072858331365484,1456121856036
Running observer at: 1456121866640
production-topology2-2-1456121109,0.9273188946975355,1.0206749801770518,1456121866837
production-topology3-3-1456121116,1.0307639811104585,1.0103050438453463,1456121866837
production-topology1-1-1456121103,1.1394701919150674,0.9800844709029595,1456121866837
production-topology4-4-1456121122,1.023622044026146,1.1989374790860756,1456121866837
Running observer at: 1456121877329
production-topology2-2-1456121109,1.0479485530075814,1.0240375126315715,1456121877581
production-topology3-3-1456121116,0.9867682606647474,1.0090682754230635,1456121877581
production-topology1-1-1456121103,0.7367456896551725,0.9695045238921862,1456121877581
production-topology4-4-1456121122,0.9308484187031232,1.187281432982469,1456121877581
Running observer at: 1456121888179
production-topology2-2-1456121109,0.9074356386153074,1.0197144198794346,1456121888372
production-topology3-3-1456121116,1.0126409437566872,1.0086515326258667,1456121888372
production-topology1-1-1456121103,1.1431374311047204,0.9767392283593751,1456121888372
production-topology4-4-1456121122,1.1120254043833269,1.1841457651241714,1456121888372
Running observer at: 1456121898934
production-topology2-2-1456121109,1.2220944226423256,1.0270479964228563,1456121899131
production-topology3-3-1456121116,0.9565789562571986,1.0070393181736867,1456121899131
production-topology1-1-1456121103,1.0974628250836476,0.9815681722283459,1456121899132
production-topology4-4-1456121122,0.9977380952380953,1.1766894583287284,1456121899132
Running observer at: 1456121909678
production-topology2-2-1456121109,0.8136175073984218,1.0243499988097264,1456121909863
production-topology3-3-1456121116,1.0131058448070767,1.0051844789364686,1456121909863
production-topology1-1-1456121103,0.978443256090315,0.9814479831461139,1456121909863
production-topology4-4-1456121122,0.9423592057611686,1.167676756306899,1456121909863
Running observer at: 1456121920382
production-topology2-2-1456121109,0.9635243171219191,1.024799129142997,1456121920620
production-topology3-3-1456121116,1.0448854037283235,1.0087505214036183,1456121920620
production-topology1-1-1456121103,1.0942758662339986,0.9856267936308505,1456121920620
production-topology4-4-1456121122,1.0534841151650536,1.1634473992275716,1456121920620
Running observer at: 1456121931203
production-topology2-2-1456121109,1.014010928789247,1.0193534422588557,1456121931390
production-topology3-3-1456121116,0.9586330403251001,1.0081306672501018,1456121931390
production-topology1-1-1456121103,0.7790744408811755,0.9782499238897906,1456121931390
production-topology4-4-1456121122,1.0068730891518443,1.1578554595820099,1456121931391
Running observer at: 1456121941948
production-topology2-2-1456121109,0.9713138120378493,1.0195709482925792,1456121942225
production-topology3-3-1456121116,1.0138221302794856,1.0054688770842872,1456121942225
production-topology1-1-1456121103,1.241337537633834,0.9873219105706198,1456121942226
production-topology4-4-1456121122,1.0346668070975418,1.1536075750135801,1456121942226
Running observer at: 1456121952752
production-topology2-2-1456121109,1.0500200271547242,1.0225375965263983,1456121953024
production-topology3-3-1456121116,1.0143977429478324,1.0058401240074735,1456121953024
production-topology1-1-1456121103,1.0288649454599534,0.9887066784002643,1456121953024
production-topology4-4-1456121122,0.9399509493216834,1.146485687490517,1456121953025
Running observer at: 1456121963662
production-topology2-2-1456121109,0.9940566665181348,1.0227013654564723,1456121963854
production-topology3-3-1456121116,1.063735749077935,1.007477246079071,1456121963854
production-topology1-1-1456121103,0.8623647010114153,0.9837525617120882,1456121963854
production-topology4-4-1456121122,1.0242740157777996,1.1473452069072991,1456121963855
Running observer at: 1456121974362
production-topology2-2-1456121109,0.9635592428873013,1.018556093808303,1456121974601
production-topology3-3-1456121116,0.9165960902979755,1.0039797877748289,1456121974601
production-topology1-1-1456121103,0.8441066011844576,0.9918894484182368,1456121974602
production-topology4-4-1456121122,0.9414105308568235,1.162058891269193,1456121974602
Running observer at: 1456121985089
production-topology2-2-1456121109,0.957046785313452,1.0164587326495662,1456121985291
production-topology3-3-1456121116,1.0292770707398853,1.0055448872630803,1456121985291
production-topology1-1-1456121103,1.14640561723494,0.9967696356594015,1456121985291
production-topology4-4-1456121122,1.1080428198622227,1.1323269852646005,1456121985291
Running observer at: 1456121995892
production-topology2-2-1456121109,0.9979491821775293,1.0218696745702052,1456121996137
production-topology3-3-1456121116,1.0177929292923518,1.0053869120630916,1456121996137
production-topology1-1-1456121103,1.1037003340124505,1.0002263134598166,1456121996137
production-topology4-4-1456121122,0.9250680059799612,1.0964959187972663,1456121996137
Running observer at: 1456122006619
production-topology2-2-1456121109,1.0466875880856452,1.007690885694254,1456122006840
production-topology3-3-1456121116,0.9619057256569183,0.9957270802425852,1456122006840
production-topology1-1-1456121103,0.9113746164440537,0.9972721340079519,1456122006840
production-topology4-4-1456121122,0.9937266466631545,1.0629534736860378,1456122006841
Running observer at: 1456122017382
production-topology2-2-1456121109,0.9822049886343601,0.9997653761601403,1456122017569
production-topology3-3-1456121116,1.007353543371292,1.0018719372291025,1456122017569
production-topology1-1-1456121103,1.0101445479995497,0.9974117544497196,1456122017570
production-topology4-4-1456121122,0.9724860982391104,1.0287030102940082,1456122017570
Running observer at: 1456122028118
production-topology2-2-1456121109,0.940829871777533,1.0021184494730082,1456122028335
production-topology3-3-1456121116,1.0800350936569525,1.0024439754732228,1456122028335
production-topology1-1-1456121103,0.878382031158175,0.9933578221549924,1456122028335
production-topology4-4-1456121122,1.0528430142105032,0.9971311107676916,1456122028336
Running observer at: 1456122038907
production-topology2-2-1456121109,1.0996875,0.9986176943055848,1456122039131
production-topology3-3-1456121116,1.0005373719857145,1.005207429271933,1456122039131
production-topology1-1-1456121103,1.1524217644613677,0.998438547637038,1456122039131
production-topology4-4-1456121122,0.9721122587501898,1.0030583475759487,1456122039131
Running observer at: 1456122049707
production-topology2-2-1456121109,1.0346774526164468,1.0026459635091347,1456122049949
production-topology3-3-1456121116,0.9927176552531348,1.0026813959298868,1456122049949
production-topology1-1-1456121103,1.0404872898081015,1.01299761828802,1456122049950
production-topology4-4-1456121122,1.0608814040055696,1.0022130701075744,1456122049950
Running observer at: 1456122060597
production-topology2-2-1456121109,0.9449638213010686,1.0008072714089669,1456122060821
production-topology3-3-1456121116,0.9759267261753014,1.0015838472771943,1456122060821
production-topology1-1-1456121103,1.0882204430591524,1.0175419049221843,1456122060821
production-topology4-4-1456121122,0.9092359690065068,0.9992994871488674,1456122060821
Running observer at: 1456122071255
production-topology2-2-1456121109,1.099686398545797,1.0035609718082765,1456122071484
production-topology3-3-1456121116,0.966379068359341,1.0017073421621974,1456122071484
production-topology1-1-1456121103,0.7657706355003654,1.0047686156873763,1456122071484
production-topology4-4-1456121122,1.0508600439434044,1.0003675278855342,1456122071484
Running observer at: 1456122082048
production-topology2-2-1456121109,0.8450508760049315,0.9947050666044508,1456122082253
production-topology3-3-1456121116,1.0302460949012673,1.0009269969073205,1456122082254
production-topology1-1-1456121103,1.1267467842506442,1.0077798792103274,1456122082254
production-topology4-4-1456121122,1.0024590097232084,1.003228931995222,1456122082254
Running observer at: 1456122092763
production-topology2-2-1456121109,1.0300472272303258,0.9954855015094728,1456122093038
production-topology3-3-1456121116,0.9869299221357063,1.0002660901850244,1456122093038
production-topology1-1-1456121103,0.9458529874213837,1.0069479111959256,1456122093038
production-topology4-4-1456121122,1.0198981153771487,1.0005051998589898,1456122093039
Running observer at: 1456122103539
production-topology2-2-1456121109,1.248088062092644,1.005455475021685,1456122103723
production-topology3-3-1456121116,1.052850881612625,1.0039719703829642,1456122103723
production-topology1-1-1456121103,0.962599345488546,1.0026036417793365,1456122103723
production-topology4-4-1456121122,1.0626747709309439,1.0033253080640123,1456122103723
Running observer at: 1456122114311
production-topology2-2-1456121109,0.8211522832362921,1.0014225206653702,1456122114502
production-topology3-3-1456121116,0.9165757870192299,1.0001940046746065,1456122114503
production-topology1-1-1456121103,1.250490006555834,1.013624987185358,1456122114503
production-topology4-4-1456121122,0.9356182764875336,0.9986374597588769,1456122114503
Running observer at: 1456122125015
production-topology2-2-1456121109,1.142007483100413,1.006898982161217,1456122125246
production-topology3-3-1456121116,1.1140926248057683,1.0045418482596524,1456122125246
production-topology1-1-1456121103,0.8506888302260353,1.0031964310297588,1456122125246
production-topology4-4-1456121122,0.9700281239937749,1.0003491726262295,1456122125247
Running observer at: 1456122135682
production-topology2-2-1456121109,0.8807002066550679,1.0019512737559897,1456122135867
production-topology3-3-1456121116,0.9267294250792599,1.0015292030597,1456122135867
production-topology1-1-1456121103,1.1399388354889413,1.0126041621787762,1456122135867
production-topology4-4-1456121122,0.9923616919258811,0.9979646198178288,1456122135867
Running observer at: 1456122146447
production-topology2-2-1456121109,1.0623363072232095,1.0013671337772,1456122146658
production-topology3-3-1456121116,1.0840284604091672,1.0032256928127523,1456122146658
production-topology1-1-1456121103,0.8615215851475374,1.0092619702179964,1456122146658
production-topology4-4-1456121122,1.011282900828593,1.0004455658532545,1456122146659
Running observer at: 1456122157117
production-topology2-2-1456121109,1.1004975015938574,1.0067086734649255,1456122157346
production-topology3-3-1456121116,0.9880762680220192,1.004614769093189,1456122157346
production-topology1-1-1456121103,0.9270147540854917,0.9977371451662053,1456122157346
production-topology4-4-1456121122,1.0132389800622124,0.999986033204549,1456122157346
Running observer at: 1456122167901
production-topology2-2-1456121109,0.8418199147790987,1.0033338329327857,1456122168098
production-topology3-3-1456121116,0.9643291438355641,1.0012947276877164,1456122168098
production-topology1-1-1456121103,1.1302898470960254,1.0074271467493845,1456122168098
production-topology4-4-1456121122,0.9534876808585371,1.0006105364144042,1456122168098
Running observer at: 1456122178769
production-topology2-2-1456121109,1.148726222571561,1.0033019894603192,1456122179007
production-topology3-3-1456121116,1.025038546686276,1.0044250160750197,1456122179007
production-topology1-1-1456121103,1.2017347002903727,1.0146356147327575,1456122179007
production-topology4-4-1456121122,1.0487552633560728,1.0020771249895712,1456122179007
Running observer at: 1456122189505
production-topology2-2-1456121109,0.9081727405394902,1.0026637843217179,1456122189763
production-topology3-3-1456121116,0.9857976263815978,1.0029261375840577,1456122189763
production-topology1-1-1456121103,0.8244067506674166,1.0041335000245026,1456122189764
production-topology4-4-1456121122,0.9684582679225537,1.0002383324527846,1456122189764
Running observer at: 1456122200316
production-topology2-2-1456121109,1.0977270327602924,1.0043230669801415,1456122200515
production-topology3-3-1456121116,1.0394221560963222,1.0046812674317769,1456122200515
production-topology1-1-1456121103,0.9373699542238867,1.0108209755101263,1456122200516
production-topology4-4-1456121122,0.9856093624576854,1.0020636972446035,1456122200516
Running observer at: 1456122211061
production-topology2-2-1456121109,0.9554674482480723,1.0059241273012338,1456122211309
production-topology3-3-1456121116,0.9834727406213378,1.0037089939939317,1456122211310
production-topology1-1-1456121103,0.9924389706696902,1.0057976934956252,1456122211310
production-topology4-4-1456121122,1.010150751080304,0.9986678754678361,1456122211310
Running observer at: 1456122221768
production-topology2-2-1456121109,1.1348321076383876,1.003015383467769,1456122221963
production-topology3-3-1456121116,0.9355066094059996,1.0030065824322252,1456122221963
production-topology1-1-1456121103,1.0648604589416377,1.0047109479575582,1456122221963
production-topology4-4-1456121122,1.0041742070287032,0.998882412527523,1456122221964
Running observer at: 1456122232517
production-topology2-2-1456121109,0.8422813621909068,1.0039708452941853,1456122232708
production-topology3-3-1456121116,1.0555748645634884,1.0044222164241057,1456122232708
production-topology1-1-1456121103,0.7866592798477563,0.9983181487494729,1456122232708
production-topology4-4-1456121122,1.0610424227079638,1.002838519759083,1456122232708
Running observer at: 1456122243182
production-topology2-2-1456121109,1.0260052559026427,1.0060535432535427,1456122243370
production-topology3-3-1456121116,1.0077071956867354,1.0031829428227192,1456122243370
production-topology1-1-1456121103,1.2342071027383343,1.0029825232996175,1456122243370
production-topology4-4-1456121122,1.0246990937411498,1.0018790190449527,1456122243370
Running observer at: 1456122253908
production-topology2-2-1456121109,0.9793247054750583,1.0048973358097366,1456122254155
production-topology3-3-1456121116,0.9024374443349041,1.0013097562897129,1456122254155
production-topology1-1-1456121103,1.110877395971628,1.0140426218026326,1456122254155
production-topology4-4-1456121122,0.9031022798007098,0.9984199920665815,1456122254156
Running observer at: 1456122264700
production-topology2-2-1456121109,1.0828824594742197,1.0086162907242822,1456122264914
production-topology3-3-1456121116,1.0907686231143185,1.0038746393842073,1456122264914
production-topology1-1-1456121103,0.8563379008012211,1.0012093005748788,1456122264914
production-topology4-4-1456121122,0.9382022217705108,0.9952045058890137,1456122264914
Running observer at: 1456122275382
production-topology2-2-1456121109,1.087966516631467,1.0098811737068403,1456122275647
production-topology3-3-1456121116,0.9295971739622997,1.0010479537513561,1456122275647
production-topology1-1-1456121103,1.0429237600718995,1.0016779277286105,1456122275647
production-topology4-4-1456121122,1.0847843684849368,1.0000322865277886,1456122275647
Running observer at: 1456122286197
production-topology2-2-1456121109,0.9143683006142357,1.0072248948433769,1456122286393
production-topology3-3-1456121116,1.0705239334892893,1.001274226565068,1456122286393
production-topology1-1-1456121103,1.1527463549522374,1.0113573161933045,1456122286393
production-topology4-4-1456121122,0.9969247648015042,0.999120644828579,1456122286394
Running observer at: 1456122297027
production-topology2-2-1456121109,1.0419610479146657,1.0098382883442891,1456122297286
production-topology3-3-1456121116,0.9906058914728681,1.0037412199375644,1456122297286
production-topology1-1-1456121103,0.9915946164355351,1.0162735833683405,1456122297286
production-topology4-4-1456121122,0.9437316192363208,0.9991980144412287,1456122297286
Running observer at: 1456122307749
production-topology2-2-1456121109,1.0740823906237498,1.0137394751879656,1456122308038
production-topology3-3-1456121116,1.012211249388407,1.0031723592258486,1456122308038
production-topology1-1-1456121103,0.7503868946694898,1.0030729592828256,1456122308038
production-topology4-4-1456121122,1.0479726567224976,0.9971956756699046,1456122308038
Running observer at: 1456122318595
production-topology2-2-1456121109,0.9805612338605104,1.0131598769107317,1456122318784
production-topology3-3-1456121116,1.006327159038206,1.0027901668840438,1456122318784
production-topology1-1-1456121103,1.242437486568942,1.0076975310347085,1456122318785
production-topology4-4-1456121122,0.9514594850948509,0.9980753916404009,1456122318785
Running observer at: 1456122329401
production-topology2-2-1456121109,0.9162808447518669,1.0088129854662724,1456122329581
production-topology3-3-1456121116,0.9887153106195727,1.0036838197161322,1456122329581
production-topology1-1-1456121103,0.8941782268247381,1.007124318047398,1456122329582
production-topology4-4-1456121122,0.9944712752525253,0.99810021259338,1456122329582
Running observer at: 1456122340047
production-topology2-2-1456121109,0.9902923687848891,1.0090825648046233,1456122340237
production-topology3-3-1456121116,0.9597686953687575,1.0020976581160477,1456122340237
production-topology1-1-1456121103,0.9407882292092442,1.0048124407543877,1456122340237
production-topology4-4-1456121122,0.9929204489983423,0.9987813576186878,1456122340237
Running observer at: 1456122350844
production-topology2-2-1456121109,1.1311231154697228,1.0154256729276963,1456122351035
production-topology3-3-1456121116,0.9928680757910511,0.999192090853851,1456122351035
production-topology1-1-1456121103,1.1019692218449448,1.0122653471106136,1456122351035
production-topology4-4-1456121122,1.145944788131599,1.0018847500827244,1456122351036
Running observer at: 1456122361503
production-topology2-2-1456121109,1.007171726571921,1.012341813813427,1456122361708
production-topology3-3-1456121116,1.0922248142094122,1.0022483389279742,1456122361708
production-topology1-1-1456121103,0.9118503486882298,1.0042462999181756,1456122361708
production-topology4-4-1456121122,0.9638968622962123,1.0016109035342582,1456122361708
Running observer at: 1456122372209
production-topology2-2-1456121109,0.876654740608229,1.0070743900798196,1456122372403
production-topology3-3-1456121116,0.9193465764303905,0.9998026363005493,1456122372404
production-topology1-1-1456121103,1.087742424242424,1.0058214710659863,1456122372404
production-topology4-4-1456121122,0.9623873354573517,0.9983277679159845,1456122372404
Running observer at: 1456122382936
production-topology2-2-1456121109,1.0301115104216858,1.0099126463838404,1456122383173
production-topology3-3-1456121116,1.0327176475588915,1.0016956670133357,1456122383173
production-topology1-1-1456121103,0.9302020238826685,1.00055419042677,1456122383173
production-topology4-4-1456121122,1.016753628922575,1.0019116899131868,1456122383173
Running observer at: 1456122393645
production-topology2-2-1456121109,1.0509221724866793,1.0082871721818698,1456122393847
production-topology3-3-1456121116,1.02741895966252,1.003730330056775,1456122393847
production-topology1-1-1456121103,0.8209796911231467,1.0023944922808627,1456122393847
production-topology4-4-1456121122,1.0078484111875716,1.0004779688213257,1456122393847
Running observer at: 1456122404485
production-topology2-2-1456121109,0.9567227839787334,1.01200956911433,1456122404683
production-topology3-3-1456121116,0.9596475739476625,1.0013770460249882,1456122404683
production-topology1-1-1456121103,1.4125282701686477,1.011920541811463,1456122404684
production-topology4-4-1456121122,0.9632201540985326,0.9991700069671697,1456122404684
Running observer at: 1456122415357
production-topology2-2-1456121109,1.0972458427815568,1.0142495229660375,1456122415593
production-topology3-3-1456121116,1.0315110636514084,1.0028630840755117,1456122415593
production-topology1-1-1456121103,0.8963752017522633,1.0102712822891589,1456122415594
production-topology4-4-1456121122,1.069386602803164,1.0008196232147037,1456122415594
Running observer at: 1456122426134
production-topology2-2-1456121109,1.0831853492199996,1.0087527658702828,1456122426476
production-topology3-3-1456121116,0.9951941650834173,1.0009411935245383,1456122426476
production-topology1-1-1456121103,1.006068333508419,1.011720248556488,1456122426476
production-topology4-4-1456121122,0.9905713728071972,0.9984161766105787,1456122426476
Running observer at: 1456122436934
production-topology2-2-1456121109,0.8277518061496865,1.008972749967396,1456122437125
production-topology3-3-1456121116,0.9401558453927403,1.0017271954703217,1456122437125
production-topology1-1-1456121103,0.8668297397461346,0.9989315729961645,1456122437125
production-topology4-4-1456121122,1.0128344677148775,1.0009900496514903,1456122437126
Running observer at: 1456122447692
production-topology2-2-1456121109,1.0343300365928971,1.0053835017504786,1456122447886
production-topology3-3-1456121116,1.0264243494146004,0.9988049196239497,1456122447886
production-topology1-1-1456121103,0.953496305111215,1.0023584888256705,1456122447887
production-topology4-4-1456121122,0.9371902972559105,0.9998954554268946,1456122447887
Running observer at: 1456122458336
production-topology2-2-1456121109,0.9688949844848906,1.0083233276781394,1456122458522
production-topology3-3-1456121116,1.0514194368780836,1.002961253350577,1456122458522
production-topology1-1-1456121103,1.5810142397709244,1.0170610023017366,1456122458522
production-topology4-4-1456121122,1.0355614973262033,1.0013354489402386,1456122458522
Running observer at: 1456122469037
production-topology2-2-1456121109,1.1638797299480739,1.011708108435635,1456122469224
production-topology3-3-1456121116,1.039189035193113,1.0014666058433752,1456122469224
production-topology1-1-1456121103,0.7731613863947913,1.0141156623433119,1456122469224
production-topology4-4-1456121122,1.0782303874382912,1.0035670318272287,1456122469224
Running observer at: 1456122479798
production-topology2-2-1456121109,1.1401630627437076,1.0130302938072966,1456122479978
production-topology3-3-1456121116,0.8877153006799765,0.9981212402653071,1456122479978
production-topology1-1-1456121103,1.064175333860992,1.0186876816691617,1456122479979
production-topology4-4-1456121122,0.9029750179107139,0.9998915664221788,1456122479979
Running observer at: 1456122490484
production-topology2-2-1456121109,0.839489947249557,1.0129526282229786,1456122490683
production-topology3-3-1456121116,1.0851807328073986,1.0021496265643681,1456122490683
production-topology1-1-1456121103,0.9827932238751814,1.0137711275618002,1456122490683
production-topology4-4-1456121122,0.9891939061708828,1.0010817739325903,1456122490683
Running observer at: 1456122501211
production-topology2-2-1456121109,1.0291903314890418,1.0089680985202278,1456122501464
production-topology3-3-1456121116,0.9290461921072682,0.9989498814117345,1456122501465
production-topology1-1-1456121103,1.1713579728973817,1.0127585699820338,1456122501465
production-topology4-4-1456121122,0.9747450108746256,0.998614765516542,1456122501465
Running observer at: 1456122511933
production-topology2-2-1456121109,0.9745421494834995,1.0111804121516947,1456122512130
production-topology3-3-1456121116,1.0935129504318768,1.0025403922134104,1456122512130
production-topology1-1-1456121103,0.9357233014829998,1.0164691216758865,1456122512130
production-topology4-4-1456121122,1.167528734606025,1.0052504477393245,1456122512131
Running observer at: 1456122522770
production-topology2-2-1456121109,0.9835455567084902,1.007374362949968,1456122522949
production-topology3-3-1456121116,0.9811045893443773,1.000596473321679,1456122522950
production-topology1-1-1456121103,1.0482376213403,1.020164710579767,1456122522950
production-topology4-4-1456121122,0.8690364238168089,1.001364683117962,1456122522950
Running observer at: 1456122533610
production-topology2-2-1456121109,1.0242004847916177,1.0096654641680862,1456122533838
production-topology3-3-1456121116,1.017296785085678,1.0017239414704904,1456122533838
production-topology1-1-1456121103,0.8952078645545692,1.016923673709263,1456122533838
production-topology4-4-1456121122,1.02760989010989,1.0019466544189481,1456122533838
Running observer at: 1456122544318
production-topology2-2-1456121109,1.1053776829661903,1.0086836500123464,1456122544546
production-topology3-3-1456121116,1.0389666929477315,1.0051726109218815,1456122544547
production-topology1-1-1456121103,1.00950228624446,1.0150784012860237,1456122544547
production-topology4-4-1456121122,1.1074837165312434,1.0053903047356993,1456122544547
Running observer at: 1456122555171
production-topology2-2-1456121109,0.8620825827704214,1.0093436906983302,1456122555354
production-topology3-3-1456121116,0.9252879123696968,1.0008297125154217,1456122555354
production-topology1-1-1456121103,1.05861401695901,1.0241435591897323,1456122555354
production-topology4-4-1456121122,0.9039633252847388,1.000154334821592,1456122555354
Running observer at: 1456122565886
production-topology2-2-1456121109,0.9837916498163435,1.0079365704954535,1456122566148
production-topology3-3-1456121116,0.9608696350474042,0.9992684604941109,1456122566149
production-topology1-1-1456121103,1.054111487221031,1.018140372005822,1456122566149
production-topology4-4-1456121122,1.0615031953734873,1.0013811382093365,1456122566149
Running observer at: 1456122576600
production-topology2-2-1456121109,1.069346582624462,1.0109372997337671,1456122576779
production-topology3-3-1456121116,1.092864181534765,1.0056160184007727,1456122576779
production-topology1-1-1456121103,0.9708833474184924,1.0134739037207177,1456122576779
production-topology4-4-1456121122,0.9887138720575439,1.0042348579512312,1456122576780
Running observer at: 1456122587322
production-topology2-2-1456121109,0.9515468279965965,1.0065594453511797,1456122587506
production-topology3-3-1456121116,0.9366994440861037,1.0004803790998322,1456122587506
production-topology1-1-1456121103,0.9437918502782705,1.0163890353699525,1456122587507
production-topology4-4-1456121122,1.016176674668245,1.0068340063811556,1456122587507
Running observer at: 1456122597971
production-topology2-2-1456121109,1.0279954273477083,1.0045604090417208,1456122598155
production-topology3-3-1456121116,1.00775237768481,1.003085552557249,1456122598155
production-topology1-1-1456121103,0.9935231624412283,1.0147423487822633,1456122598155
production-topology4-4-1456121122,0.9782887510142759,1.003284152465467,1456122598155
Running observer at: 1456122608733
production-topology2-2-1456121109,1.0810937925838051,1.0101179254407064,1456122608924
production-topology3-3-1456121116,0.9936755823986194,1.0005239408542268,1456122608924
production-topology1-1-1456121103,1.0689297713115098,1.0119484626609059,1456122608924
production-topology4-4-1456121122,1.041985156083821,1.0047861655082106,1456122608925
Running observer at: 1456122619367
production-topology2-2-1456121109,0.9467829041470098,1.0069453206484513,1456122619608
production-topology3-3-1456121116,1.0183362154542357,1.001448284986939,1456122619608
production-topology1-1-1456121103,0.8358486737613959,1.0067569312384346,1456122619608
production-topology4-4-1456121122,1.0707554101721006,1.009020291872737,1456122619608
Running observer at: 1456122630096
production-topology2-2-1456121109,0.9589788908387208,1.0031085373222839,1456122630298
production-topology3-3-1456121116,0.9024645597431129,0.9977900619987626,1456122630298
production-topology1-1-1456121103,1.259825813056146,1.02373822851799,1456122630298
production-topology4-4-1456121122,0.8363922067016747,1.001967610205376,1456122630298
Running observer at: 1456122640875
production-topology2-2-1456121109,1.0120635577994725,1.0041586147869157,1456122641095
production-topology3-3-1456121116,1.04480759242914,0.9990727431117938,1456122641095
production-topology1-1-1456121103,0.7891196508109622,1.008627633992724,1456122641096
production-topology4-4-1456121122,1.0727844913425733,1.0060117770803,1456122641096
Running observer at: 1456122651564
production-topology2-2-1456121109,1.071952861952862,1.0093476820269491,1456122651856
production-topology3-3-1456121116,0.9740856169430694,0.9985850866559102,1456122651856
production-topology1-1-1456121103,1.0059005691329095,1.012351712069663,1456122651857
production-topology4-4-1456121122,0.9956581396776041,1.006051339227803,1456122651857
Running observer at: 1456122662422
production-topology2-2-1456121109,0.8909440289648621,1.0060360706996148,1456122662611
production-topology3-3-1456121116,1.0645889447395713,1.0020790949682707,1456122662611
production-topology1-1-1456121103,0.9745869065505662,1.0134783346477072,1456122662611
production-topology4-4-1456121122,1.0084707611632902,1.0065696829666346,1456122662611
Running observer at: 1456122673323
production-topology2-2-1456121109,1.077575906197189,1.0042511637238638,1456122673512
production-topology3-3-1456121116,1.0224202915183238,1.0030641688258466,1456122673512
production-topology1-1-1456121103,1.0967795998349836,1.0133053472473752,1456122673512
production-topology4-4-1456121122,1.0067538416075648,1.0019299847491667,1456122673512
Running observer at: 1456122683979
production-topology2-2-1456121109,0.9914742820802519,1.0037279155741414,1456122684304
production-topology3-3-1456121116,0.9749040663608024,0.999153477230893,1456122684305
production-topology1-1-1456121103,0.8467187219340045,1.0111342930222342,1456122684305
production-topology4-4-1456121122,1.0457689086770392,1.0046590529618609,1456122684305
Running observer at: 1456122694771
production-topology2-2-1456121109,1.0430215780055505,1.009273476820719,1456122694963
production-topology3-3-1456121116,1.018256943165273,1.0024504894553892,1456122694963
production-topology1-1-1456121103,1.110751368076621,1.0119012578167075,1456122694963
production-topology4-4-1456121122,0.9329558463874148,1.0036780033261963,1456122694964
Running observer at: 1456122705552
production-topology2-2-1456121109,1.0154203986196784,1.0087837730939853,1456122705742
production-topology3-3-1456121116,0.9767997172383477,1.0005865584447042,1456122705742
production-topology1-1-1456121103,0.974828181265025,1.0133887963961195,1456122705742
production-topology4-4-1456121122,1.0685890449049862,1.00540585052561,1456122705742
Running observer at: 1456122716228
production-topology2-2-1456121109,0.8610257985257986,1.0024538939619558,1456122716416
production-topology3-3-1456121116,1.0546604061089226,1.0014946066595845,1456122716416
production-topology1-1-1456121103,1.0607258220111653,1.0213803340923868,1456122716416
production-topology4-4-1456121122,0.9844107030591585,1.0046245935879963,1456122716417
Running observer at: 1456122726939
production-topology2-2-1456121109,1.2458604321257094,1.0120918155668552,1456122727128
production-topology3-3-1456121116,0.9329636318730512,1.000605141923764,1456122727128
production-topology1-1-1456121103,1.0427529048218702,1.0090544885808275,1456122727128
production-topology4-4-1456121122,1.0489893942611739,1.0074835682600842,1456122727128
Running observer at: 1456122737681
production-topology2-2-1456121109,0.9487985907194704,1.007143573831452,1456122737874
production-topology3-3-1456121116,1.1012501951224372,1.002929779639465,1456122737874
production-topology1-1-1456121103,1.0216325407095925,1.0132297332127385,1456122737875
production-topology4-4-1456121122,0.930868636482618,1.002866302716066,1456122737875
Running observer at: 1456122748360
production-topology2-2-1456121109,0.8879908399003165,1.0006370901874626,1456122748555
production-topology3-3-1456121116,0.958599986501089,1.0017099736867205,1456122748556
production-topology1-1-1456121103,1.0459837440238011,1.0145602468965846,1456122748556
production-topology4-4-1456121122,1.070825641763768,1.0055414450146185,1456122748556
Running observer at: 1456122759002
production-topology2-2-1456121109,1.1002937500859136,1.0097218216520036,1456122759200
production-topology3-3-1456121116,1.0656807361161655,1.0058941367108347,1456122759200
production-topology1-1-1456121103,0.7984371500203454,1.0122804939057248,1456122759200
production-topology4-4-1456121122,0.9367442811029332,1.0030051054608868,1456122759200
Running observer at: 1456122769716
production-topology2-2-1456121109,0.9406586642043708,1.006599442572386,1456122769907
production-topology3-3-1456121116,1.0264064099082475,1.0058935387272896,1456122769907
production-topology1-1-1456121103,1.0253805227473693,1.0146766344935967,1456122769908
production-topology4-4-1456121122,1.1061402682614805,1.0086367711610726,1456122769908
Running observer at: 1456122780390
production-topology2-2-1456121109,0.992668741268385,1.0073919011318357,1456122780637
production-topology3-3-1456121116,1.0088938793155602,1.004476020141872,1456122780637
production-topology1-1-1456121103,0.965505891329451,0.9941596895455475,1456122780637
production-topology4-4-1456121122,1.0022627884841748,1.0075268141996716,1456122780638
Running observer at: 1456122791104
production-topology2-2-1456121109,1.0225703579874912,1.0026815887331497,1456122791309
production-topology3-3-1456121116,0.995360988060958,1.003015085237467,1456122791309
production-topology1-1-1456121103,1.14117429496583,1.0064267864979153,1456122791309
production-topology4-4-1456121122,0.9332866573729031,1.0026953565308252,1456122791309
Running observer at: 1456122801980
production-topology2-2-1456121109,0.9553855335480341,0.9965223377599607,1456122802170
production-topology3-3-1456121116,0.9606693147305989,1.0054468857058212,1456122802170
production-topology1-1-1456121103,1.0305721935261067,1.005306681820086,1456122802170
production-topology4-4-1456121122,0.9052006994113924,1.0027695459141812,1456122802170
Running observer at: 1456122812798
production-topology2-2-1456121109,0.9778381994439244,1.0011339461664395,1456122813051
production-topology3-3-1456121116,1.0440816840339744,1.0040769174133735,1456122813051
production-topology1-1-1456121103,0.8855166572557875,1.0020641295994395,1456122813051
production-topology4-4-1456121122,1.0662412611405323,1.0053377910798362,1456122813051
Running observer at: 1456122823506
production-topology2-2-1456121109,0.9910577257164509,0.9998628593073531,1456122823767
production-topology3-3-1456121116,1.0420915002376177,1.0078450943510517,1456122823767
production-topology1-1-1456121103,0.9800078169409727,0.9956857910675592,1456122823767
production-topology4-4-1456121122,1.0223604362379872,1.0069249719252817,1456122823767
Running observer at: 1456122834323
production-topology2-2-1456121109,1.0325313904129876,1.0017958340050028,1456122834512
production-topology3-3-1456121116,0.9968582483733996,1.0046232709491025,1456122834513
production-topology1-1-1456121103,1.0778682018132968,1.0004239544119025,1456122834513
production-topology4-4-1456121122,1.024761232766774,1.0021660551973066,1456122834513
Running observer at: 1456122845117
production-topology2-2-1456121109,0.9993000516962504,1.0023209838379281,1456122845359
production-topology3-3-1456121116,1.0004002643015069,1.0052664601143404,1456122845360
production-topology1-1-1456121103,1.0171702840833667,0.999388376503338,1456122845360
production-topology4-4-1456121122,0.9788592684483873,1.005826816685026,1456122845360
Running observer at: 1456122855852
production-topology2-2-1456121109,0.8853931313988986,0.9976940720581707,1456122856069
production-topology3-3-1456121116,0.9565355928894979,1.0032410870411343,1456122856069
production-topology1-1-1456121103,0.8676463194507942,0.9984696583332121,1456122856069
production-topology4-4-1456121122,0.9470297219911328,1.0031408110810673,1456122856069
Running observer at: 1456122866535
production-topology2-2-1456121109,1.08734243697479,0.9970928971917908,1456122866738
production-topology3-3-1456121116,1.0010824656541382,1.0019782794646814,1456122866738
production-topology1-1-1456121103,1.1943346873838072,1.0046307383711903,1456122866738
production-topology4-4-1456121122,1.02823890073431,1.0004993172211696,1456122866738
Running observer at: 1456122877227
production-topology2-2-1456121109,1.0183557375590369,1.0023020023514113,1456122877423
production-topology3-3-1456121116,1.0194576901029264,1.0051172720557888,1456122877424
production-topology1-1-1456121103,1.0351901290741945,1.003849942108363,1456122877424
production-topology4-4-1456121122,1.0153175930644294,1.0042111261471593,1456122877424
Running observer at: 1456122887903
production-topology2-2-1456121109,1.1646232796471991,1.0083297233457733,1456122888082
production-topology3-3-1456121116,1.018634240357261,1.0070427588994508,1456122888083
production-topology1-1-1456121103,0.9681019190453152,1.000982956502506,1456122888083
production-topology4-4-1456121122,1.016746485946575,1.0027192358329287,1456122888083
Running observer at: 1456122898637
production-topology2-2-1456121109,0.8963101865283287,1.002561843475902,1456122898837
production-topology3-3-1456121116,0.9551079616208875,1.0024508849023215,1456122898837
production-topology1-1-1456121103,1.1155764966740578,1.0058060614776916,1456122898837
production-topology4-4-1456121122,1.0656051951995402,1.0052822799376622,1456122898838
Running observer at: 1456122909282
production-topology2-2-1456121109,1.089009600424999,1.0071439358901821,1456122909463
production-topology3-3-1456121116,0.9746277679021241,1.0037151623628557,1456122909463
production-topology1-1-1456121103,0.8870406162464984,1.0039143536766324,1456122909463
production-topology4-4-1456121122,0.935597675552917,1.0025963133004845,1456122909463
Running observer at: 1456122919938
production-topology2-2-1456121109,1.0439789699495499,1.0076767206435768,1456122920138
production-topology3-3-1456121116,1.0052815393801675,1.0036328010860343,1456122920139
production-topology1-1-1456121103,0.9256115362955487,1.0016506328051098,1456122920139
production-topology4-4-1456121122,0.9900447436808824,1.002988179722705,1456122920139
Running observer at: 1456122930616
production-topology2-2-1456121109,0.9324716546611284,1.0027226493794876,1456122930760
production-topology3-3-1456121116,1.0131786851375155,1.004282904510664,1456122930761
production-topology1-1-1456121103,1.141301642608263,1.0040630285150016,1456122930761
production-topology4-4-1456121122,1.0656255295909938,1.0037761921729438,1456122930761
Running observer at: 1456122941146
production-topology2-2-1456121109,1.111305968344837,1.0082067515194153,1456122941337
production-topology3-3-1456121116,1.034872303366253,1.0048341074410645,1456122941337
production-topology1-1-1456121103,0.7889728506787329,1.0025005010789128,1456122941337
production-topology4-4-1456121122,0.9627732509352714,1.0001767868650495,1456122941337
Running observer at: 1456122951657
production-topology2-2-1456121109,0.2222222222222222,0.9836481958988653,1456122951778
production-topology3-3-1456121116,1.1560613599568013,1.013287334114854,1456122951778
production-topology1-1-1456121103,1.0,0.9938396406437079,1456122951779
production-topology4-4-1456121122,1.0221437657305035,1.0063685054993439,1456122951779
